9.9056 	WARNING 	User requested fullscreen with size [2880 1800], but screen is actually [1440, 900]. Using actual size
10.6924 	INFO 	Successfully set darwin thread to realtime
11.7531 	INFO 	#[ PsychoPy3 RuntimeInfoStart ]
  #[[ PsychoPy ]] #---------
    psychopyVersion: 3.2.0
    psychopyHaveExtRush: True
  #[[ Experiment ]] #---------
    experimentRunTime: 2019_09_19 18:39 (Year_Month_Day Hour:Min)
    experimentRunTime.epoch: 1568932746
    experimentScript: duration_judgments_using_space_bar.py
    experimentScript.digestSHA1: 27942394933d0944afab0c21d4782b119bf9855f
    experimentScript.directory: /Volumes/My Passport/Github/spatio_temporal_information_processing/Time_Subjective_Expansion/Jon_Ian_collaboration
  #[[ System ]] #---------
    systemHaveInternetAccess: True
    systemHostName: pbs-jf-aldi.local
    systemLocale: en_US.UTF-8
    systemMemFreeRAM: 6370.94140625
    systemMemTotalRAM: 16384.0
    systemPlatform: darwin 10.14.6 x86_64
    systemRavailable: R version 3.4.1 (2017-06-30) -- Single Candle
    systemRebooted: Sep 16 14:05
    systemSec.OpenSSLVersion: OpenSSL 1.0.2r  26 Feb 2019
    systemSec.pythonSSL: True
    systemTimeNumpySD1000000_sec: 0.0021
    systemUser: supadhy6
    systemUserID: 1903061739
    systemUserProcCount: 367
    systemUserProcFlagged: KeyNote 'Google Chrome' Dropbox Skype Safari iTunes mdworker
    systemUsersCount: 1
  #[[ Window ]] #---------
    windowWinType: pyglet
    windowUnits: deg
    windowSize_pix: [2880 1800]
    windowScreen: 0
    windowRgb: [255. 255. 255.]
    windowRefreshTimeSD_ms: 0.620
    windowRefreshTimeMedian_ms: 16.722
    windowRefreshTimeAvg_ms: 16.661
    windowPos_pix: [0.0, 0.0]
    windowMonitor.name: testmonitor
    windowMonitor.getWidth_cm: 52.0
    windowMonitor.getDistance_cm: 65.0
    windowMonitor.currentCalibName: 2019_01_28 08:48
    windowIsFullScr: True
  #[[ Python ]] #---------
    pythonVersion: 3.6.0
  #[[ OpenGL ]] #---------
#[ PsychoPy3 RuntimeInfoEnd ]

11.8243 	EXP 	Created text = TextStim(__class__=<class 'psychopy.visual.text.TextStim'>, alignHoriz='center', alignVert='center', antialias=True, autoLog=True, bold=False, color='black', colorSpace='named', contrast=1.0, depth=-1.0, flipHoriz=False, flipVert=False, font='Arial', fontFiles=[], height=0.35, italic=False, languageStyle='LTR', name='text', opacity=1.0, ori=0, pos=array([0., 0.]), rgb=array([0., 0., 0.]), text=str(...), units='deg', win=Window(...), wrapWidth=20)
11.9137 	EXP 	text: text = "Welcome! Thank you for agreeing to participate in this study.\n\nIn this study, you will judging the duration of items displayed on the screen.\n\nIn a given trial, an item appears on the screen and disappears after some time.\n\nOnce the item disappears, you will need to press and hold the SPACE BAR for as long as you thought the stimulus has appeared.\n\nThe experiment will advance to the next trial once you release the space bar.\n\nThe items can appear anywhere on the horizontal axis of the screen.\n\nYou will need to make the duration judgments while fixating at the center of the screen, and using your peripheral vision (whenever applicable).\n\nIf you're feeling uncomfortable, you can press ESC key any time to stop the experiment.\n\nPress any key when you are ready to begin the experiment.\n\n"
11.9137 	EXP 	text: autoDraw = True
13.9464 	DATA 	Keypress: space
13.9481 	EXP 	text: autoDraw = False
15.9329 	EXP 	text: autoDraw = True
15.9329 	EXP 	text: text = 'Press SPACE exactly when you think the stimulus is going to disappear'
17.2379 	DATA 	Keypress: space
17.4346 	EXP 	text: autoDraw = False
18.2079 	EXP 	text: text = 'Space duration : 0.11'
19.9395 	EXP 	text: autoDraw = False
21.7232 	EXP 	text: autoDraw = True
21.7232 	EXP 	text: text = 'Press SPACE exactly when you think the stimulus is going to disappear'
23.2244 	EXP 	text: autoDraw = False
24.4421 	DATA 	Keypress: space
24.4432 	EXP 	text: text = 'Space duration : 0.14'
25.7291 	EXP 	text: autoDraw = False
27.5147 	EXP 	text: autoDraw = True
27.5147 	EXP 	text: text = 'Press SPACE exactly when you think the stimulus is going to disappear'
29.0171 	EXP 	text: autoDraw = False
31.3243 	DATA 	Keypress: space
31.5222 	EXP 	text: autoDraw = False
33.3034 	EXP 	text: autoDraw = True
33.3034 	EXP 	text: text = 'Press SPACE exactly when you think the stimulus is going to disappear'
34.6073 	DATA 	Keypress: escape
34.8053 	EXP 	text: autoDraw = False
35.3594 	DATA 	Keypress: escape
35.3621 	DATA 	Keypress: escape
35.3757 	DATA 	Keypress: escape
35.9766 	EXP 	window1: mouseVisible = True
