53.1366 	WARNING 	User requested fullscreen with size [2880 1800], but screen is actually [1440, 900]. Using actual size
54.0640 	INFO 	Successfully set darwin thread to realtime
55.1278 	INFO 	#[ PsychoPy3 RuntimeInfoStart ]
  #[[ PsychoPy ]] #---------
    psychopyVersion: 3.2.0
    psychopyHaveExtRush: True
  #[[ Experiment ]] #---------
    experimentRunTime: 2019_09_23 13:49 (Year_Month_Day Hour:Min)
    experimentRunTime.epoch: 1569260972
    experimentScript: duration_judgments_using_space_bar.py
    experimentScript.digestSHA1: 731007068b6bf89d1cb2555e98d3654938de47e6
    experimentScript.directory: /Volumes/My Passport/Github/spatio_temporal_information_processing/Time_Subjective_Expansion/Jon_Ian_collaboration
  #[[ System ]] #---------
    systemHaveInternetAccess: True
    systemHostName: pbs-jf-aldi.local
    systemLocale: en_US.UTF-8
    systemMemFreeRAM: 7414.78125
    systemMemTotalRAM: 16384.0
    systemPlatform: darwin 10.14.6 x86_64
    systemRavailable: R version 3.4.1 (2017-06-30) -- Single Candle
    systemRebooted: Sep 23 12:26
    systemSec.OpenSSLVersion: OpenSSL 1.0.2r  26 Feb 2019
    systemSec.pythonSSL: True
    systemTimeNumpySD1000000_sec: 0.0026
    systemUser: supadhy6
    systemUserID: 1903061739
    systemUserProcCount: 261
    systemUserProcFlagged: Safari mdworker 'Google Chrome' iTunes Dropbox
    systemUsersCount: 1
  #[[ Window ]] #---------
    windowWinType: pyglet
    windowUnits: deg
    windowSize_pix: [2880 1800]
    windowScreen: 0
    windowRgb: [255. 255. 255.]
    windowRefreshTimeSD_ms: 0.981
    windowRefreshTimeMedian_ms: 16.737
    windowRefreshTimeAvg_ms: 16.651
    windowPos_pix: [0.0, 0.0]
    windowMonitor.name: testmonitor
    windowMonitor.getWidth_cm: 52.0
    windowMonitor.getDistance_cm: 65.0
    windowMonitor.currentCalibName: 2019_01_28 08:48
    windowIsFullScr: True
  #[[ Python ]] #---------
    pythonVersion: 3.6.0
  #[[ OpenGL ]] #---------
#[ PsychoPy3 RuntimeInfoEnd ]

