9.9854 	WARNING 	User requested fullscreen with size [2880 1800], but screen is actually [1440, 900]. Using actual size
11.2707 	INFO 	Successfully set darwin thread to realtime
12.3396 	INFO 	#[ PsychoPy3 RuntimeInfoStart ]
  #[[ PsychoPy ]] #---------
    psychopyVersion: 3.2.0
    psychopyHaveExtRush: True
  #[[ Experiment ]] #---------
    experimentRunTime: 2019_09_22 16:20 (Year_Month_Day Hour:Min)
    experimentRunTime.epoch: 1569183638
    experimentScript: duration_judgments_using_space_bar.py
    experimentScript.digestSHA1: b6ee48fa0e4ee9e4d5511b911f1beb6724543d8b
    experimentScript.directory: /Volumes/My Passport/Github/spatio_temporal_information_processing/Time_Subjective_Expansion/Jon_Ian_collaboration
  #[[ System ]] #---------
    systemHaveInternetAccess: True
    systemHostName: pbs-jf-aldi.hsd1.md.comcast.net
    systemLocale: en_US.UTF-8
    systemMemFreeRAM: 5839.8203125
    systemMemTotalRAM: 16384.0
    systemPlatform: darwin 10.14.6 x86_64
    systemRavailable: R version 3.4.1 (2017-06-30) -- Single Candle
    systemRebooted: Sep 16 14:05
    systemSec.OpenSSLVersion: OpenSSL 1.0.2r  26 Feb 2019
    systemSec.pythonSSL: True
    systemTimeNumpySD1000000_sec: 0.0031
    systemUser: supadhy6
    systemUserID: 1903061739
    systemUserProcCount: 358
    systemUserProcFlagged: iTunes Safari 'Google Chrome' Skype KeyNote Dropbox mdworker
    systemUsersCount: 1
  #[[ Window ]] #---------
    windowWinType: pyglet
    windowUnits: deg
    windowSize_pix: [2880 1800]
    windowScreen: 0
    windowRgb: [255. 255. 255.]
    windowRefreshTimeSD_ms: 0.653
    windowRefreshTimeMedian_ms: 16.630
    windowRefreshTimeAvg_ms: 16.668
    windowPos_pix: [0.0, 0.0]
    windowMonitor.name: testmonitor
    windowMonitor.getWidth_cm: 52.0
    windowMonitor.getDistance_cm: 65.0
    windowMonitor.currentCalibName: 2019_01_28 08:48
    windowIsFullScr: True
  #[[ Python ]] #---------
    pythonVersion: 3.6.0
  #[[ OpenGL ]] #---------
#[ PsychoPy3 RuntimeInfoEnd ]

