12.6416 	WARNING 	User requested fullscreen with size [2880 1800], but screen is actually [1440, 900]. Using actual size
13.4599 	INFO 	Successfully set darwin thread to realtime
14.5253 	INFO 	#[ PsychoPy3 RuntimeInfoStart ]
  #[[ PsychoPy ]] #---------
    psychopyVersion: 3.2.0
    psychopyHaveExtRush: True
  #[[ Experiment ]] #---------
    experimentRunTime: 2019_09_19 21:59 (Year_Month_Day Hour:Min)
    experimentRunTime.epoch: 1568944741
    experimentScript: duration_judgments_using_space_bar.py
    experimentScript.digestSHA1: 9b837c54f3eccb39d625e5be03fd80ba7036dc04
    experimentScript.directory: /Volumes/My Passport/Github/spatio_temporal_information_processing/Time_Subjective_Expansion/Jon_Ian_collaboration
  #[[ System ]] #---------
    systemHaveInternetAccess: True
    systemHostName: pbs-jf-aldi.hsd1.md.comcast.net
    systemLocale: en_US.UTF-8
    systemMemFreeRAM: 6245.32421875
    systemMemTotalRAM: 16384.0
    systemPlatform: darwin 10.14.6 x86_64
    systemRavailable: R version 3.4.1 (2017-06-30) -- Single Candle
    systemRebooted: Sep 16 14:05
    systemSec.OpenSSLVersion: OpenSSL 1.0.2r  26 Feb 2019
    systemSec.pythonSSL: True
    systemTimeNumpySD1000000_sec: 0.0022
    systemUser: supadhy6
    systemUserID: 1903061739
    systemUserProcCount: 379
    systemUserProcFlagged: Safari Dropbox KeyNote mdworker Skype 'Google Chrome' iTunes
    systemUsersCount: 1
  #[[ Window ]] #---------
    windowWinType: pyglet
    windowUnits: deg
    windowSize_pix: [2880 1800]
    windowScreen: 0
    windowRgb: [255. 255. 255.]
    windowRefreshTimeSD_ms: 0.697
    windowRefreshTimeMedian_ms: 16.670
    windowRefreshTimeAvg_ms: 16.674
    windowPos_pix: [0.0, 0.0]
    windowMonitor.name: testmonitor
    windowMonitor.getWidth_cm: 52.0
    windowMonitor.getDistance_cm: 65.0
    windowMonitor.currentCalibName: 2019_01_28 08:48
    windowIsFullScr: True
  #[[ Python ]] #---------
    pythonVersion: 3.6.0
  #[[ OpenGL ]] #---------
#[ PsychoPy3 RuntimeInfoEnd ]

14.6018 	EXP 	Created text = TextStim(__class__=<class 'psychopy.visual.text.TextStim'>, alignHoriz='center', alignVert='center', antialias=True, autoLog=True, bold=False, color='black', colorSpace='named', contrast=1.0, depth=-1.0, flipHoriz=False, flipVert=False, font='Arial', fontFiles=[], height=0.35, italic=False, languageStyle='LTR', name='text', opacity=1.0, ori=0, pos=array([0., 0.]), rgb=array([0., 0., 0.]), text=str(...), units='deg', win=Window(...), wrapWidth=20)
14.6968 	EXP 	text: text = "Welcome! Thank you for agreeing to participate in this study.\n\nIn this study, you will judging the duration of items displayed on the screen.\n\nIn a given trial, an item appears on the screen and disappears after some time.\n\nOnce the item disappears, you will need to press and hold the SPACE BAR for as long as you thought the stimulus has appeared.\n\nThe experiment will advance to the next trial once you release the space bar.\n\nThe items can appear anywhere on the horizontal axis of the screen.\n\nYou will need to make the duration judgments while fixating at the center of the screen, and using your peripheral vision (whenever applicable).\n\nIf you're feeling uncomfortable, you can press ESC key any time to stop the experiment.\n\nPress right arrow you are ready to begin the experiment.\n\n"
14.6968 	EXP 	text: autoDraw = True
18.1374 	DATA 	Keypress: space
19.3587 	DATA 	Keypress: right
19.3597 	EXP 	text: autoDraw = False
19.3878 	EXP 	text: text = 'Press right arrow to advance'
19.3878 	EXP 	text: autoDraw = True
20.5599 	DATA 	Keypress: right
20.5609 	EXP 	text: autoDraw = False
23.0421 	EXP 	text: autoDraw = True
23.0421 	EXP 	text: text = 'Get ready to Press [SPACE] exactly when you think the stimulus is going to disappear'
24.0446 	EXP 	text: autoDraw = False
24.7962 	DATA 	No keypress (maxWait exceeded)
24.8061 	DATA 	Keypress: space
24.8068 	EXP 	text: autoDraw = True
24.8068 	EXP 	text: text = 'Your response exceeded the true time.'
26.5144 	EXP 	text: autoDraw = False
26.5144 	EXP 	text: text = 'Press right arrow to advance'
26.5144 	EXP 	text: autoDraw = True
27.9290 	DATA 	Keypress: right
27.9300 	EXP 	text: autoDraw = False
30.2256 	EXP 	text: autoDraw = True
30.2256 	EXP 	text: text = 'Get ready to Press [SPACE] exactly when you think the stimulus is going to disappear'
31.2281 	EXP 	text: autoDraw = False
31.8368 	DATA 	Keypress: space
31.8471 	EXP 	text: autoDraw = True
31.8471 	EXP 	text: text = 'You gained 9 points.\n\n Total: 9'
33.5556 	EXP 	text: autoDraw = False
33.5556 	EXP 	text: text = 'Press right arrow to advance'
33.5556 	EXP 	text: autoDraw = True
38.2486 	DATA 	Keypress: right
38.2504 	EXP 	text: autoDraw = False
40.5427 	DATA 	Keypress: space
40.5435 	EXP 	text: autoDraw = True
40.5435 	EXP 	text: text = 'Get ready to Press [SPACE] exactly when you think the stimulus is going to disappear'
41.5460 	EXP 	text: autoDraw = False
42.2252 	DATA 	Keypress: space
42.2400 	EXP 	text: autoDraw = True
42.2400 	EXP 	text: text = 'You gained 9 points.\n\n Total: 18'
43.9483 	EXP 	text: autoDraw = False
43.9483 	EXP 	text: text = 'Press right arrow to advance'
43.9483 	EXP 	text: autoDraw = True
67.5625 	DATA 	Keypress: escape
67.8310 	DATA 	Keypress: escape
67.9849 	DATA 	Keypress: escape
68.2695 	DATA 	Keypress: escape
68.4871 	DATA 	Keypress: escape
68.7292 	DATA 	Keypress: right
68.7336 	EXP 	text: autoDraw = False
69.5452 	DATA 	Keypress: escape
69.5493 	DATA 	Keypress: escape
69.5509 	DATA 	Keypress: escape
69.7351 	DATA 	Keypress: escape
70.2959 	DATA 	Keypress: escape
70.2978 	DATA 	Keypress: escape
70.4437 	DATA 	Keypress: escape
70.7991 	DATA 	Keypress: escape
70.9150 	DATA 	Keypress: escape
71.0304 	EXP 	text: autoDraw = True
71.0304 	EXP 	text: text = 'Get ready to Press [SPACE] exactly when you think the stimulus is going to disappear'
71.8347 	DATA 	Keypress: escape
71.8381 	DATA 	Keypress: escape
71.8398 	DATA 	Keypress: escape
71.9617 	DATA 	Keypress: escape
72.0330 	EXP 	text: autoDraw = False
72.2813 	DATA 	Keypress: escape
72.6991 	EXP 	window1: mouseVisible = True
