10.7629 	WARNING 	User requested fullscreen with size [2880 1800], but screen is actually [1440, 900]. Using actual size
11.5770 	INFO 	Successfully set darwin thread to realtime
12.6446 	INFO 	#[ PsychoPy3 RuntimeInfoStart ]
  #[[ PsychoPy ]] #---------
    psychopyVersion: 3.2.0
    psychopyHaveExtRush: True
  #[[ Experiment ]] #---------
    experimentRunTime: 2019_09_19 22:08 (Year_Month_Day Hour:Min)
    experimentRunTime.epoch: 1568945290
    experimentScript: duration_judgments_using_space_bar.py
    experimentScript.digestSHA1: ebbb5ca0187e6ef65da215629e2935bd68034d67
    experimentScript.directory: /Volumes/My Passport/Github/spatio_temporal_information_processing/Time_Subjective_Expansion/Jon_Ian_collaboration
  #[[ System ]] #---------
    systemHaveInternetAccess: True
    systemHostName: pbs-jf-aldi.hsd1.md.comcast.net
    systemLocale: en_US.UTF-8
    systemMemFreeRAM: 6153.62109375
    systemMemTotalRAM: 16384.0
    systemPlatform: darwin 10.14.6 x86_64
    systemRavailable: R version 3.4.1 (2017-06-30) -- Single Candle
    systemRebooted: Sep 16 14:05
    systemSec.OpenSSLVersion: OpenSSL 1.0.2r  26 Feb 2019
    systemSec.pythonSSL: True
    systemTimeNumpySD1000000_sec: 0.0028
    systemUser: supadhy6
    systemUserID: 1903061739
    systemUserProcCount: 383
    systemUserProcFlagged: KeyNote iTunes mdworker Safari Skype 'Google Chrome' Dropbox
    systemUsersCount: 1
  #[[ Window ]] #---------
    windowWinType: pyglet
    windowUnits: deg
    windowSize_pix: [2880 1800]
    windowScreen: 0
    windowRgb: [255. 255. 255.]
    windowRefreshTimeSD_ms: 0.717
    windowRefreshTimeMedian_ms: 16.715
    windowRefreshTimeAvg_ms: 16.677
    windowPos_pix: [0.0, 0.0]
    windowMonitor.name: testmonitor
    windowMonitor.getWidth_cm: 52.0
    windowMonitor.getDistance_cm: 65.0
    windowMonitor.currentCalibName: 2019_01_28 08:48
    windowIsFullScr: True
  #[[ Python ]] #---------
    pythonVersion: 3.6.0
  #[[ OpenGL ]] #---------
#[ PsychoPy3 RuntimeInfoEnd ]

12.7258 	EXP 	Created text = TextStim(__class__=<class 'psychopy.visual.text.TextStim'>, alignHoriz='center', alignVert='center', antialias=True, autoLog=True, bold=False, color='black', colorSpace='named', contrast=1.0, depth=-1.0, flipHoriz=False, flipVert=False, font='Arial', fontFiles=[], height=0.35, italic=False, languageStyle='LTR', name='text', opacity=1.0, ori=0, pos=array([0., 0.]), rgb=array([0., 0., 0.]), text=str(...), units='deg', win=Window(...), wrapWidth=20)
12.8231 	EXP 	text: text = "Welcome! Thank you for agreeing to participate in this study.\n\nIn this study, you will judging the duration of items displayed on the screen.\n\nIn a given trial, an item appears on the screen and disappears after some time.\n\nOnce the item disappears, you will need to press and hold the SPACE BAR for as long as you thought the stimulus has appeared.\n\nThe experiment will advance to the next trial once you release the space bar.\n\nThe items can appear anywhere on the horizontal axis of the screen.\n\nYou will need to make the duration judgments while fixating at the center of the screen, and using your peripheral vision (whenever applicable).\n\nIf you're feeling uncomfortable, you can press ESC key any time to stop the experiment.\n\nPress right arrow you are ready to begin the experiment.\n\n"
12.8231 	EXP 	text: autoDraw = True
30.6646 	DATA 	Keypress: right
30.6654 	EXP 	text: autoDraw = False
30.6979 	EXP 	text: text = 'Press right arrow to advance'
30.6979 	EXP 	text: autoDraw = True
36.0261 	DATA 	Keypress: right
36.0274 	EXP 	text: autoDraw = False
38.5012 	EXP 	text: autoDraw = True
38.5012 	EXP 	text: text = 'Get ready to Press [SPACE] exactly when you think the stimulus is going to disappear'
39.5037 	EXP 	text: autoDraw = False
40.2553 	DATA 	No keypress (maxWait exceeded)
40.2614 	EXP 	text: autoDraw = True
40.2614 	EXP 	text: text = 'Your response exceeded the true time.'
40.7674 	DATA 	Keypress: space
40.7694 	DATA 	Keypress: escape
40.7710 	DATA 	Keypress: escape
41.7671 	DATA 	Keypress: escape
41.7696 	DATA 	Keypress: escape
41.7714 	DATA 	Keypress: escape
41.7731 	DATA 	Keypress: escape
41.9693 	EXP 	text: autoDraw = False
41.9693 	EXP 	text: text = 'Press right arrow to advance'
41.9693 	EXP 	text: autoDraw = True
42.0019 	DATA 	Keypress: escape
43.2181 	DATA 	Keypress: right
43.2192 	EXP 	text: autoDraw = False
44.0352 	DATA 	Keypress: escape
44.0372 	DATA 	Keypress: escape
44.0389 	DATA 	Keypress: escape
44.7886 	DATA 	Keypress: escape
44.7915 	DATA 	Keypress: escape
44.8026 	DATA 	Keypress: escape
45.2907 	DATA 	Keypress: escape
45.5181 	EXP 	text: autoDraw = True
45.5181 	EXP 	text: text = 'Get ready to Press [SPACE] exactly when you think the stimulus is going to disappear'
46.3225 	DATA 	Keypress: escape
46.3253 	DATA 	Keypress: escape
46.3282 	DATA 	Keypress: escape
46.4199 	DATA 	Keypress: escape
46.5207 	EXP 	text: autoDraw = False
46.6216 	DATA 	Keypress: escape
47.0142 	EXP 	window1: mouseVisible = True
