10.0923 	WARNING 	User requested fullscreen with size [2880 1800], but screen is actually [1440, 900]. Using actual size
11.0836 	INFO 	Successfully set darwin thread to realtime
12.2052 	INFO 	#[ PsychoPy3 RuntimeInfoStart ]
  #[[ PsychoPy ]] #---------
    psychopyVersion: 3.2.0
    psychopyHaveExtRush: True
  #[[ Experiment ]] #---------
    experimentRunTime: 2019_09_04 13:47 (Year_Month_Day Hour:Min)
    experimentRunTime.epoch: 1567619240
    experimentScript: Kanai_replication_study.py
    experimentScript.digestSHA1: 18ce08543be2726f0e625765d834990245098736
    experimentScript.directory: /Volumes/My Passport/Github/spatio_temporal_information_processing/Time_Subjective_Expansion/kanai_replication_study
  #[[ System ]] #---------
    systemHaveInternetAccess: True
    systemHostName: pbs-jf-aldi.local
    systemLocale: C
    systemMemFreeRAM: 6203.5234375
    systemMemTotalRAM: 16384.0
    systemPlatform: darwin 10.14.6 x86_64
    systemRavailable: R version 3.4.1 (2017-06-30) -- Single Candle
    systemRebooted: Aug 29 17:36
    systemSec.OpenSSLVersion: OpenSSL 1.1.1a  20 Nov 2018
    systemSec.pythonSSL: True
    systemTimeNumpySD1000000_sec: 0.0030
    systemUser: supadhy6
    systemUserID: 1903061739
    systemUserProcCount: 320
    systemUserProcFlagged: Dropbox Safari 'Google Chrome' mdworker iTunes KeyNote
    systemUsersCount: 1
  #[[ Window ]] #---------
    windowWinType: pyglet
    windowUnits: deg
    windowSize_pix: [2880 1800]
    windowScreen: 0
    windowRgb: [255. 255. 255.]
    windowRefreshTimeSD_ms: 8.796
    windowRefreshTimeMedian_ms: 16.663
    windowRefreshTimeAvg_ms: 17.780
    windowPos_pix: [0.0, 0.0]
    windowMonitor.name: testmonitor
    windowMonitor.getWidth_cm: 52.0
    windowMonitor.getDistance_cm: 65.0
    windowMonitor.currentCalibName: 2019_01_28 08:48
    windowIsFullScr: True
  #[[ Python ]] #---------
    pythonVersion: 3.6.0
  #[[ OpenGL ]] #---------
#[ PsychoPy3 RuntimeInfoEnd ]

12.2984 	EXP 	Created text = TextStim(__class__=<class 'psychopy.visual.text.TextStim'>, alignHoriz='center', alignVert='center', antialias=True, autoLog=True, bold=False, color='black', colorSpace='named', contrast=1.0, depth=-1.0, flipHoriz=False, flipVert=False, font='Arial', fontFiles=[], height=0.5, italic=False, languageStyle='LTR', name='text', opacity=1.0, ori=0, pos=array([ 0., -5.]), rgb=array([0., 0., 0.]), text=str(...), units='deg', win=Window(...), wrapWidth=30)
12.3008 	EXP 	Created unnamed DotStim = DotStim(__class__=<class 'psychopy.visual.dot.DotStim'>, autoLog=True, coherence=1.0, color=array([0., 0., 0.]), colorSpace='rgb', contrast=1.0, depth=0, dir=0, dotLife=12000, dotSize=12.0, element=None, fieldPos=array([0., 0.]), fieldShape='square', fieldSize=array([8., 8.]), nDots=200, name='unnamed DotStim', noiseDots='direction', opacity=1.0, rgb=array([0., 0., 0.]), signalDots='same', speed=0.0, units='deg', win=Window(...))
12.4035 	EXP 	text: text = "Welcome! Thank you for agreeing to participate in this study.\n\nIn this study, you will judge the duration of the items presented on the screen.\n\nThe task is simple: You will see black disks appear, stay for a bit, and disappear on the screen. The black disks will all last for exactly the same amount of time. .\n\nOccasionally, you will see things other than a black disk appear and disappear — these might be spinning or differently colored things.\n\nAll you need to do is judge whether that oddball — the thing that is not a black disk — lasted longer or shorter on the screen than than the black disks.\n\nThese disks might appear at different locations on the screen, and move in circular orbits.\n\nYou will maintain fixation at the center of the screen while making the duration judgments.\n\nIf you're feeling uncomfortable, you can press ESC key any time to stop the experiment.\n\nPress any key when you are ready to begin the experiment.\n\n"
12.4035 	EXP 	text: autoDraw = True
13.3020 	DATA 	Keypress: space
13.3034 	EXP 	text: autoDraw = False
13.3161 	EXP 	text: text = 'Please fixate on the red dot while the stimuli appear on the screen. Press any key to begin the experiment.'
13.3161 	EXP 	text: autoDraw = True
13.7061 	DATA 	Keypress: space
13.7072 	EXP 	text: autoDraw = False
13.7411 	EXP 	text: text = 'Please press l if the 1st stimulus lasted for shorter duration, s if the 2nd stimulus lasted for shorter duration'
13.7411 	EXP 	unnamed DotStim: speed = 0.0
13.7411 	EXP 	unnamed DotStim: dotLife = 12000
13.7411 	EXP 	unnamed DotStim: autoDraw = True
15.1400 	EXP 	unnamed DotStim: speed = 0.0001
15.1400 	EXP 	unnamed DotStim: dotLife = 9
15.6233 	EXP 	unnamed DotStim: dir = 180.0
15.6365 	EXP 	unnamed DotStim: dir = 360.0
15.6533 	EXP 	unnamed DotStim: dir = 540.0
15.6699 	EXP 	unnamed DotStim: dir = 720.0
15.6864 	EXP 	unnamed DotStim: dir = 900.0
15.7032 	EXP 	unnamed DotStim: dir = 1080.0
15.7192 	EXP 	unnamed DotStim: dir = 1260.0
15.7365 	EXP 	unnamed DotStim: dir = 1440.0
15.7533 	EXP 	unnamed DotStim: dir = 1620.0
15.7699 	EXP 	unnamed DotStim: dir = 1800.0
15.7866 	EXP 	unnamed DotStim: dir = 1980.0
15.8030 	EXP 	unnamed DotStim: dir = 2160.0
15.8190 	EXP 	unnamed DotStim: dir = 2340.0
15.8366 	EXP 	unnamed DotStim: dir = 2520.0
15.8530 	EXP 	unnamed DotStim: dir = 2700.0
15.8696 	EXP 	unnamed DotStim: dir = 2880.0
15.8867 	EXP 	unnamed DotStim: dir = 3060.0
15.9034 	EXP 	unnamed DotStim: dir = 3240.0
15.9199 	EXP 	unnamed DotStim: dir = 3420.0
15.9356 	EXP 	unnamed DotStim: dir = 3600.0
15.9532 	EXP 	unnamed DotStim: dir = 3780.0
15.9699 	EXP 	unnamed DotStim: dir = 3960.0
15.9871 	EXP 	unnamed DotStim: dir = 4140.0
16.0028 	EXP 	unnamed DotStim: dir = 4320.0
16.0199 	EXP 	unnamed DotStim: dir = 4500.0
16.0366 	EXP 	unnamed DotStim: dir = 4680.0
16.0528 	EXP 	unnamed DotStim: dir = 4860.0
16.0700 	EXP 	unnamed DotStim: dir = 5040.0
16.0859 	EXP 	unnamed DotStim: dir = 5220.0
16.1031 	EXP 	unnamed DotStim: dir = 5400.0
16.1200 	EXP 	unnamed DotStim: dir = 5580.0
16.1364 	EXP 	unnamed DotStim: dir = 5760.0
16.1523 	EXP 	unnamed DotStim: dir = 5940.0
16.1701 	EXP 	unnamed DotStim: dir = 6120.0
16.1866 	EXP 	unnamed DotStim: dir = 6300.0
16.2033 	EXP 	unnamed DotStim: dir = 6480.0
16.2199 	EXP 	unnamed DotStim: dir = 6660.0
16.2367 	EXP 	unnamed DotStim: autoDraw = False
16.2532 	EXP 	text: autoDraw = True
16.2697 	EXP 	text: autoDraw = True
16.2866 	EXP 	text: autoDraw = True
16.3029 	EXP 	text: autoDraw = True
16.3198 	EXP 	text: autoDraw = True
16.3366 	EXP 	text: autoDraw = True
16.3517 	EXP 	text: autoDraw = True
16.3694 	EXP 	text: autoDraw = True
16.3864 	EXP 	text: autoDraw = True
16.4030 	EXP 	text: autoDraw = True
16.4201 	EXP 	text: autoDraw = True
16.4367 	EXP 	text: autoDraw = True
16.4530 	EXP 	text: autoDraw = True
16.4694 	EXP 	text: autoDraw = True
16.4868 	EXP 	text: autoDraw = True
16.5033 	EXP 	text: autoDraw = True
16.5201 	EXP 	text: autoDraw = True
16.5366 	EXP 	text: autoDraw = True
16.5533 	EXP 	text: autoDraw = True
16.5698 	EXP 	text: autoDraw = True
16.5867 	EXP 	text: autoDraw = True
16.6033 	EXP 	text: autoDraw = True
16.6199 	EXP 	text: autoDraw = True
16.6365 	EXP 	text: autoDraw = True
16.6530 	EXP 	text: autoDraw = True
16.6699 	EXP 	text: autoDraw = True
16.6856 	EXP 	text: autoDraw = True
16.7033 	EXP 	text: autoDraw = True
16.7198 	EXP 	text: autoDraw = True
16.7366 	EXP 	text: autoDraw = True
16.7534 	EXP 	text: autoDraw = True
16.7699 	EXP 	text: autoDraw = True
16.7867 	EXP 	text: autoDraw = True
16.8019 	EXP 	text: autoDraw = True
16.8197 	EXP 	text: autoDraw = True
16.8366 	EXP 	text: autoDraw = True
16.8532 	EXP 	text: autoDraw = True
16.8699 	EXP 	text: autoDraw = True
16.8866 	EXP 	text: autoDraw = True
16.9022 	EXP 	text: autoDraw = True
16.9194 	EXP 	text: autoDraw = True
16.9366 	EXP 	text: autoDraw = True
16.9533 	EXP 	text: autoDraw = True
16.9699 	EXP 	text: autoDraw = True
16.9861 	EXP 	text: autoDraw = True
17.0033 	EXP 	text: autoDraw = True
17.0199 	EXP 	text: autoDraw = True
17.0368 	EXP 	text: autoDraw = True
17.0532 	EXP 	text: autoDraw = True
17.0697 	EXP 	text: autoDraw = True
17.0866 	EXP 	text: autoDraw = True
17.1032 	EXP 	text: autoDraw = True
17.1198 	EXP 	text: autoDraw = True
17.1361 	EXP 	text: autoDraw = True
17.1528 	EXP 	text: autoDraw = True
17.1699 	EXP 	text: autoDraw = True
17.1867 	EXP 	text: autoDraw = True
17.2034 	EXP 	text: autoDraw = True
17.2194 	EXP 	text: autoDraw = True
17.2366 	EXP 	text: autoDraw = True
17.2517 	EXP 	text: autoDraw = True
17.2700 	EXP 	text: autoDraw = True
17.2865 	EXP 	text: autoDraw = True
17.3033 	EXP 	text: autoDraw = True
17.3198 	EXP 	text: autoDraw = True
17.3365 	EXP 	text: autoDraw = True
17.3533 	EXP 	text: autoDraw = True
17.3700 	EXP 	text: autoDraw = True
17.3865 	EXP 	text: autoDraw = True
17.4032 	EXP 	text: autoDraw = True
17.4195 	EXP 	text: autoDraw = True
17.4354 	EXP 	text: autoDraw = True
17.4530 	EXP 	text: autoDraw = True
17.4699 	EXP 	text: autoDraw = True
17.4866 	EXP 	text: autoDraw = True
17.5034 	EXP 	text: autoDraw = True
17.5199 	EXP 	text: autoDraw = True
17.5360 	EXP 	text: autoDraw = True
17.5532 	EXP 	text: autoDraw = True
17.5700 	EXP 	text: autoDraw = True
17.5862 	EXP 	text: autoDraw = True
17.6028 	EXP 	text: autoDraw = True
17.6200 	EXP 	text: autoDraw = True
17.6364 	EXP 	text: autoDraw = True
17.6532 	EXP 	text: autoDraw = True
17.6699 	EXP 	text: autoDraw = True
17.6866 	EXP 	text: autoDraw = True
17.7031 	EXP 	text: autoDraw = True
17.7200 	EXP 	text: autoDraw = True
17.7366 	EXP 	text: autoDraw = True
17.7537 	EXP 	text: autoDraw = True
17.7697 	EXP 	text: autoDraw = True
17.7866 	EXP 	text: autoDraw = True
17.8034 	EXP 	text: autoDraw = True
17.8199 	EXP 	text: autoDraw = True
17.8366 	EXP 	text: autoDraw = True
17.8533 	EXP 	text: autoDraw = True
17.8696 	EXP 	text: autoDraw = True
17.8865 	EXP 	text: autoDraw = True
17.9033 	EXP 	text: autoDraw = True
17.9190 	EXP 	text: autoDraw = True
17.9359 	EXP 	text: autoDraw = True
17.9533 	EXP 	text: autoDraw = True
17.9687 	EXP 	text: autoDraw = True
17.9865 	EXP 	text: autoDraw = True
18.0033 	EXP 	text: autoDraw = True
18.0201 	EXP 	text: autoDraw = True
18.0359 	EXP 	text: autoDraw = True
18.0535 	EXP 	text: autoDraw = True
18.0699 	EXP 	text: autoDraw = True
18.0860 	EXP 	text: autoDraw = True
18.1030 	EXP 	text: autoDraw = True
18.1199 	EXP 	text: autoDraw = True
18.1364 	EXP 	text: autoDraw = True
18.1533 	EXP 	text: autoDraw = True
18.1699 	EXP 	text: autoDraw = True
18.1861 	EXP 	text: autoDraw = True
18.2030 	EXP 	text: autoDraw = True
18.2200 	EXP 	text: autoDraw = True
18.2366 	EXP 	text: autoDraw = True
18.2533 	EXP 	text: autoDraw = True
18.2699 	EXP 	text: autoDraw = True
18.2866 	EXP 	text: autoDraw = True
18.3030 	EXP 	text: autoDraw = True
18.3201 	EXP 	text: autoDraw = True
18.3366 	EXP 	text: autoDraw = True
18.3534 	EXP 	text: autoDraw = True
18.3702 	EXP 	text: autoDraw = True
18.3850 	EXP 	text: autoDraw = True
18.4020 	EXP 	text: autoDraw = True
18.4199 	EXP 	text: autoDraw = True
18.4366 	EXP 	text: autoDraw = True
18.4526 	EXP 	text: autoDraw = True
18.4697 	EXP 	text: autoDraw = True
18.4866 	EXP 	text: autoDraw = True
18.5032 	EXP 	text: autoDraw = True
18.5199 	EXP 	text: autoDraw = True
18.5368 	EXP 	text: autoDraw = True
18.5531 	EXP 	text: autoDraw = True
18.5699 	EXP 	text: autoDraw = True
18.5867 	EXP 	text: autoDraw = True
18.6023 	EXP 	text: autoDraw = True
18.6199 	EXP 	text: autoDraw = True
18.6377 	EXP 	text: autoDraw = True
18.6520 	EXP 	text: autoDraw = True
18.6692 	EXP 	text: autoDraw = True
18.6861 	EXP 	text: autoDraw = True
18.7027 	EXP 	text: autoDraw = True
18.7182 	EXP 	text: autoDraw = True
18.7358 	EXP 	text: autoDraw = True
18.7525 	EXP 	text: autoDraw = True
18.7692 	EXP 	text: autoDraw = True
18.7864 	EXP 	text: autoDraw = True
18.8026 	EXP 	text: autoDraw = True
18.8193 	EXP 	text: autoDraw = True
18.8353 	EXP 	text: autoDraw = True
18.8526 	EXP 	text: autoDraw = True
18.8692 	EXP 	text: autoDraw = True
18.8860 	EXP 	text: autoDraw = True
18.9026 	EXP 	text: autoDraw = True
18.9191 	EXP 	text: autoDraw = True
18.9354 	EXP 	text: autoDraw = True
18.9525 	EXP 	text: autoDraw = True
18.9691 	EXP 	text: autoDraw = True
18.9858 	EXP 	text: autoDraw = True
19.0030 	EXP 	text: autoDraw = True
19.0097 	DATA 	Keypress: space
19.0193 	EXP 	text: autoDraw = True
19.0370 	EXP 	text: autoDraw = True
19.0534 	EXP 	text: autoDraw = True
19.0680 	EXP 	text: autoDraw = True
19.0859 	EXP 	text: autoDraw = True
19.1025 	EXP 	text: autoDraw = True
19.1190 	EXP 	text: autoDraw = True
19.1361 	EXP 	text: autoDraw = True
19.1525 	EXP 	text: autoDraw = True
19.1693 	EXP 	text: autoDraw = True
19.1862 	EXP 	text: autoDraw = True
19.2027 	EXP 	text: autoDraw = True
19.2193 	EXP 	text: autoDraw = True
19.2359 	EXP 	text: autoDraw = True
19.2525 	EXP 	text: autoDraw = True
19.2688 	EXP 	text: autoDraw = True
19.2850 	EXP 	text: autoDraw = True
19.3027 	EXP 	text: autoDraw = True
19.3191 	EXP 	text: autoDraw = True
19.3358 	EXP 	text: autoDraw = True
19.3527 	EXP 	text: autoDraw = True
19.3690 	EXP 	text: autoDraw = True
19.3860 	EXP 	text: autoDraw = True
19.4027 	EXP 	text: autoDraw = True
19.4193 	EXP 	text: autoDraw = True
19.4361 	EXP 	text: autoDraw = True
19.4525 	EXP 	text: autoDraw = True
19.4692 	EXP 	text: autoDraw = True
19.4857 	EXP 	text: autoDraw = True
19.5024 	EXP 	text: autoDraw = True
19.5188 	EXP 	text: autoDraw = True
19.5356 	EXP 	text: autoDraw = True
19.5522 	EXP 	text: autoDraw = True
19.5689 	EXP 	text: autoDraw = True
19.5858 	EXP 	text: autoDraw = True
19.6014 	EXP 	text: autoDraw = True
19.6183 	EXP 	text: autoDraw = True
19.6349 	EXP 	text: autoDraw = True
19.6529 	EXP 	text: autoDraw = True
19.6687 	EXP 	text: autoDraw = True
19.6853 	EXP 	text: autoDraw = True
19.7022 	EXP 	text: autoDraw = True
19.7194 	EXP 	text: autoDraw = True
19.7359 	EXP 	text: autoDraw = True
19.7512 	EXP 	text: autoDraw = True
19.7688 	EXP 	text: autoDraw = True
19.7856 	EXP 	text: autoDraw = True
19.8020 	EXP 	text: autoDraw = True
19.8189 	EXP 	text: autoDraw = True
19.8359 	EXP 	text: autoDraw = True
19.8527 	EXP 	text: autoDraw = True
19.8693 	EXP 	text: autoDraw = True
19.8861 	EXP 	text: autoDraw = True
19.9025 	EXP 	text: autoDraw = True
19.9188 	EXP 	text: autoDraw = True
19.9357 	EXP 	text: autoDraw = True
19.9523 	EXP 	text: autoDraw = True
19.9686 	EXP 	text: autoDraw = True
19.9856 	EXP 	text: autoDraw = True
20.0026 	EXP 	text: autoDraw = True
20.0188 	EXP 	text: autoDraw = True
20.0358 	EXP 	text: autoDraw = True
20.0524 	EXP 	text: autoDraw = True
20.0693 	EXP 	text: autoDraw = True
20.0861 	EXP 	text: autoDraw = True
20.1022 	EXP 	text: autoDraw = True
20.1192 	EXP 	text: autoDraw = True
20.1358 	EXP 	text: autoDraw = True
20.1525 	EXP 	text: autoDraw = True
20.1694 	EXP 	text: autoDraw = True
20.1859 	EXP 	text: autoDraw = True
20.2031 	EXP 	text: autoDraw = True
20.2076 	DATA 	Keypress: l
20.2204 	EXP 	text: autoDraw = False
22.0436 	EXP 	unnamed DotStim: speed = 0.0001
22.0436 	EXP 	unnamed DotStim: dotLife = 9
22.0436 	EXP 	unnamed DotStim: autoDraw = True
22.0480 	EXP 	unnamed DotStim: speed = 0.0001
22.0480 	EXP 	unnamed DotStim: dotLife = 9
22.5301 	EXP 	unnamed DotStim: dir = 6840.0
22.5348 	EXP 	unnamed DotStim: dir = 7020.0
22.5532 	EXP 	unnamed DotStim: dir = 7200.0
22.5681 	EXP 	unnamed DotStim: dir = 7380.0
22.5865 	EXP 	unnamed DotStim: dir = 7560.0
22.6031 	EXP 	unnamed DotStim: dir = 7740.0
22.6198 	EXP 	unnamed DotStim: dir = 7920.0
22.6363 	EXP 	unnamed DotStim: dir = 8100.0
22.6532 	EXP 	unnamed DotStim: dir = 8280.0
22.6697 	EXP 	unnamed DotStim: dir = 8460.0
22.6865 	EXP 	unnamed DotStim: dir = 8640.0
22.7031 	EXP 	unnamed DotStim: dir = 8820.0
22.7207 	EXP 	unnamed DotStim: dir = 9000.0
22.7364 	EXP 	unnamed DotStim: dir = 9180.0
22.7532 	EXP 	unnamed DotStim: dir = 9360.0
22.7700 	EXP 	unnamed DotStim: dir = 9540.0
22.7851 	EXP 	unnamed DotStim: dir = 9720.0
22.8026 	EXP 	unnamed DotStim: dir = 9900.0
22.8198 	EXP 	unnamed DotStim: dir = 10080.0
22.8358 	EXP 	unnamed DotStim: dir = 10260.0
22.8533 	EXP 	unnamed DotStim: dir = 10440.0
22.8696 	EXP 	unnamed DotStim: dir = 10620.0
22.8863 	EXP 	unnamed DotStim: dir = 10800.0
22.9019 	EXP 	unnamed DotStim: dir = 10980.0
22.9192 	EXP 	unnamed DotStim: dir = 11160.0
22.9364 	EXP 	unnamed DotStim: dir = 11340.0
22.9525 	EXP 	unnamed DotStim: dir = 11520.0
22.9696 	EXP 	unnamed DotStim: dir = 11700.0
22.9864 	EXP 	unnamed DotStim: dir = 11880.0
23.0029 	EXP 	unnamed DotStim: dir = 12060.0
23.0198 	EXP 	unnamed DotStim: dir = 12240.0
23.0360 	EXP 	unnamed DotStim: dir = 12420.0
23.0534 	EXP 	unnamed DotStim: dir = 12600.0
23.0691 	EXP 	unnamed DotStim: dir = 12780.0
23.0865 	EXP 	unnamed DotStim: autoDraw = False
23.1018 	EXP 	text: autoDraw = True
23.1195 	EXP 	text: autoDraw = True
23.1362 	EXP 	text: autoDraw = True
23.1526 	EXP 	text: autoDraw = True
23.1696 	EXP 	text: autoDraw = True
23.1866 	EXP 	text: autoDraw = True
23.2026 	EXP 	text: autoDraw = True
23.2196 	EXP 	text: autoDraw = True
23.2363 	EXP 	text: autoDraw = True
23.2532 	EXP 	text: autoDraw = True
23.2689 	EXP 	text: autoDraw = True
23.2858 	EXP 	text: autoDraw = True
23.3028 	EXP 	text: autoDraw = True
23.3198 	EXP 	text: autoDraw = True
23.3364 	EXP 	text: autoDraw = True
23.3528 	EXP 	text: autoDraw = True
23.3697 	EXP 	text: autoDraw = True
23.3862 	EXP 	text: autoDraw = True
23.4033 	EXP 	text: autoDraw = True
23.4188 	EXP 	text: autoDraw = True
23.4363 	EXP 	text: autoDraw = True
23.4528 	EXP 	text: autoDraw = True
23.4696 	EXP 	text: autoDraw = True
23.4864 	EXP 	text: autoDraw = True
23.5030 	EXP 	text: autoDraw = True
23.5192 	EXP 	text: autoDraw = True
23.5357 	EXP 	text: autoDraw = True
23.5525 	EXP 	text: autoDraw = True
23.5700 	EXP 	text: autoDraw = True
23.5866 	EXP 	text: autoDraw = True
23.6031 	EXP 	text: autoDraw = True
23.6197 	EXP 	text: autoDraw = True
23.6350 	EXP 	text: autoDraw = True
23.6532 	EXP 	text: autoDraw = True
23.6693 	EXP 	text: autoDraw = True
23.6850 	EXP 	text: autoDraw = True
23.7030 	EXP 	text: autoDraw = True
23.7199 	EXP 	text: autoDraw = True
23.7362 	EXP 	text: autoDraw = True
23.7533 	EXP 	text: autoDraw = True
23.7696 	EXP 	text: autoDraw = True
23.7867 	EXP 	text: autoDraw = True
23.8029 	EXP 	text: autoDraw = True
23.8199 	EXP 	text: autoDraw = True
23.8374 	EXP 	text: autoDraw = True
23.8532 	EXP 	text: autoDraw = True
23.8695 	EXP 	text: autoDraw = True
23.8857 	EXP 	text: autoDraw = True
23.9032 	EXP 	text: autoDraw = True
23.9197 	EXP 	text: autoDraw = True
23.9359 	EXP 	text: autoDraw = True
23.9523 	EXP 	text: autoDraw = True
23.9697 	EXP 	text: autoDraw = True
23.9859 	EXP 	text: autoDraw = True
24.0033 	EXP 	text: autoDraw = True
24.0187 	EXP 	text: autoDraw = True
24.0346 	EXP 	text: autoDraw = True
24.0525 	EXP 	text: autoDraw = True
24.0695 	EXP 	text: autoDraw = True
24.0857 	EXP 	text: autoDraw = True
24.1028 	EXP 	text: autoDraw = True
24.1193 	EXP 	text: autoDraw = True
24.1352 	EXP 	text: autoDraw = True
24.1526 	EXP 	text: autoDraw = True
24.1687 	EXP 	text: autoDraw = True
24.1862 	EXP 	text: autoDraw = True
24.2027 	EXP 	text: autoDraw = True
24.2191 	EXP 	text: autoDraw = True
24.2364 	EXP 	text: autoDraw = True
24.2519 	EXP 	text: autoDraw = True
24.2693 	EXP 	text: autoDraw = True
24.2863 	EXP 	text: autoDraw = True
24.3028 	EXP 	text: autoDraw = True
24.3193 	EXP 	text: autoDraw = True
24.3358 	EXP 	text: autoDraw = True
24.3529 	EXP 	text: autoDraw = True
24.3694 	EXP 	text: autoDraw = True
24.3853 	EXP 	text: autoDraw = True
24.4032 	EXP 	text: autoDraw = True
24.4194 	EXP 	text: autoDraw = True
24.4365 	EXP 	text: autoDraw = True
24.4529 	EXP 	text: autoDraw = True
24.4689 	EXP 	text: autoDraw = True
24.4857 	EXP 	text: autoDraw = True
24.5016 	EXP 	text: autoDraw = True
24.5198 	EXP 	text: autoDraw = True
24.5363 	EXP 	text: autoDraw = True
24.5529 	EXP 	text: autoDraw = True
24.5689 	EXP 	text: autoDraw = True
24.5863 	EXP 	text: autoDraw = True
24.6025 	EXP 	text: autoDraw = True
24.6196 	EXP 	text: autoDraw = True
24.6360 	EXP 	text: autoDraw = True
24.6532 	EXP 	text: autoDraw = True
24.6697 	EXP 	text: autoDraw = True
24.6863 	EXP 	text: autoDraw = True
24.7024 	EXP 	text: autoDraw = True
24.7195 	EXP 	text: autoDraw = True
24.7357 	EXP 	text: autoDraw = True
24.7533 	EXP 	text: autoDraw = True
24.7697 	EXP 	text: autoDraw = True
24.7861 	EXP 	text: autoDraw = True
24.8032 	EXP 	text: autoDraw = True
24.8190 	EXP 	text: autoDraw = True
24.8365 	EXP 	text: autoDraw = True
24.8529 	EXP 	text: autoDraw = True
24.8689 	EXP 	text: autoDraw = True
24.8865 	EXP 	text: autoDraw = True
24.9030 	EXP 	text: autoDraw = True
24.9192 	EXP 	text: autoDraw = True
24.9349 	EXP 	text: autoDraw = True
24.9524 	EXP 	text: autoDraw = True
24.9699 	EXP 	text: autoDraw = True
24.9863 	EXP 	text: autoDraw = True
25.0031 	EXP 	text: autoDraw = True
25.0195 	EXP 	text: autoDraw = True
25.0355 	EXP 	text: autoDraw = True
25.0530 	EXP 	text: autoDraw = True
25.0702 	EXP 	text: autoDraw = True
25.0865 	EXP 	text: autoDraw = True
25.1031 	EXP 	text: autoDraw = True
25.1199 	EXP 	text: autoDraw = True
25.1362 	EXP 	text: autoDraw = True
25.1525 	EXP 	text: autoDraw = True
25.1700 	EXP 	text: autoDraw = True
25.1864 	EXP 	text: autoDraw = True
25.2021 	EXP 	text: autoDraw = True
25.2191 	EXP 	text: autoDraw = True
25.2372 	EXP 	text: autoDraw = True
25.2525 	EXP 	text: autoDraw = True
25.2687 	EXP 	text: autoDraw = True
25.2862 	EXP 	text: autoDraw = True
25.3020 	EXP 	text: autoDraw = True
25.3194 	EXP 	text: autoDraw = True
25.3362 	EXP 	text: autoDraw = True
25.3531 	EXP 	text: autoDraw = True
25.3680 	EXP 	text: autoDraw = True
25.3865 	EXP 	text: autoDraw = True
25.4029 	EXP 	text: autoDraw = True
25.4187 	EXP 	text: autoDraw = True
25.4365 	EXP 	text: autoDraw = True
25.4528 	EXP 	text: autoDraw = True
25.4691 	EXP 	text: autoDraw = True
25.4870 	EXP 	text: autoDraw = True
25.5026 	EXP 	text: autoDraw = True
25.5196 	EXP 	text: autoDraw = True
25.5359 	EXP 	text: autoDraw = True
25.5520 	EXP 	text: autoDraw = True
25.5701 	EXP 	text: autoDraw = True
25.5858 	EXP 	text: autoDraw = True
25.6029 	EXP 	text: autoDraw = True
25.6193 	EXP 	text: autoDraw = True
25.6356 	EXP 	text: autoDraw = True
25.6532 	EXP 	text: autoDraw = True
25.6690 	EXP 	text: autoDraw = True
25.6859 	EXP 	text: autoDraw = True
25.7031 	EXP 	text: autoDraw = True
25.7193 	EXP 	text: autoDraw = True
25.7353 	EXP 	text: autoDraw = True
25.7526 	EXP 	text: autoDraw = True
25.7696 	EXP 	text: autoDraw = True
25.7865 	EXP 	text: autoDraw = True
25.8028 	EXP 	text: autoDraw = True
25.8200 	EXP 	text: autoDraw = True
25.8363 	EXP 	text: autoDraw = True
25.8525 	EXP 	text: autoDraw = True
25.8693 	EXP 	text: autoDraw = True
25.8865 	EXP 	text: autoDraw = True
25.9022 	EXP 	text: autoDraw = True
25.9198 	EXP 	text: autoDraw = True
25.9362 	EXP 	text: autoDraw = True
25.9520 	EXP 	text: autoDraw = True
25.9688 	EXP 	text: autoDraw = True
25.9865 	EXP 	text: autoDraw = True
26.0030 	EXP 	text: autoDraw = True
26.0198 	EXP 	text: autoDraw = True
26.0359 	EXP 	text: autoDraw = True
26.0521 	EXP 	text: autoDraw = True
26.0684 	EXP 	text: autoDraw = True
26.0858 	EXP 	text: autoDraw = True
26.1031 	EXP 	text: autoDraw = True
26.1192 	EXP 	text: autoDraw = True
26.1365 	EXP 	text: autoDraw = True
26.1528 	EXP 	text: autoDraw = True
26.1687 	EXP 	text: autoDraw = True
26.1856 	EXP 	text: autoDraw = True
26.2033 	EXP 	text: autoDraw = True
26.2197 	EXP 	text: autoDraw = True
26.2353 	EXP 	text: autoDraw = True
26.2525 	EXP 	text: autoDraw = True
26.2695 	EXP 	text: autoDraw = True
26.2860 	EXP 	text: autoDraw = True
26.3023 	EXP 	text: autoDraw = True
26.3200 	EXP 	text: autoDraw = True
26.3348 	EXP 	text: autoDraw = True
26.3523 	EXP 	text: autoDraw = True
26.3699 	EXP 	text: autoDraw = True
26.3862 	EXP 	text: autoDraw = True
26.4025 	EXP 	text: autoDraw = True
26.4185 	EXP 	text: autoDraw = True
26.4361 	EXP 	text: autoDraw = True
26.4532 	EXP 	text: autoDraw = True
26.4697 	EXP 	text: autoDraw = True
26.4866 	EXP 	text: autoDraw = True
26.5020 	EXP 	text: autoDraw = True
26.5194 	EXP 	text: autoDraw = True
26.5353 	EXP 	text: autoDraw = True
26.5513 	EXP 	text: autoDraw = True
26.5697 	EXP 	text: autoDraw = True
26.5861 	EXP 	text: autoDraw = True
26.6030 	EXP 	text: autoDraw = True
26.6188 	EXP 	text: autoDraw = True
26.6396 	EXP 	text: autoDraw = True
26.6517 	EXP 	text: autoDraw = True
26.6692 	EXP 	text: autoDraw = True
26.6853 	EXP 	text: autoDraw = True
26.7013 	EXP 	text: autoDraw = True
26.7191 	EXP 	text: autoDraw = True
26.7345 	EXP 	text: autoDraw = True
26.7516 	EXP 	text: autoDraw = True
26.7684 	EXP 	text: autoDraw = True
26.7860 	EXP 	text: autoDraw = True
26.8016 	EXP 	text: autoDraw = True
26.8193 	EXP 	text: autoDraw = True
26.8348 	EXP 	text: autoDraw = True
26.8525 	EXP 	text: autoDraw = True
26.8687 	EXP 	text: autoDraw = True
26.8853 	EXP 	text: autoDraw = True
26.9018 	EXP 	text: autoDraw = True
26.9193 	EXP 	text: autoDraw = True
26.9358 	EXP 	text: autoDraw = True
26.9529 	EXP 	text: autoDraw = True
26.9679 	EXP 	text: autoDraw = True
26.9850 	EXP 	text: autoDraw = True
27.0026 	EXP 	text: autoDraw = True
27.0185 	EXP 	text: autoDraw = True
27.0359 	EXP 	text: autoDraw = True
27.0515 	EXP 	text: autoDraw = True
27.0689 	EXP 	text: autoDraw = True
27.0852 	EXP 	text: autoDraw = True
27.0892 	DATA 	Keypress: escape
27.1022 	EXP 	text: autoDraw = False
27.5484 	EXP 	window1: mouseVisible = True
