10.6110 	WARNING 	User requested fullscreen with size [2880 1800], but screen is actually [1440, 900]. Using actual size
11.3900 	INFO 	Successfully set darwin thread to realtime
12.4579 	INFO 	#[ PsychoPy3 RuntimeInfoStart ]
  #[[ PsychoPy ]] #---------
    psychopyVersion: 3.2.0
    psychopyHaveExtRush: True
  #[[ Experiment ]] #---------
    experimentRunTime: 2019_09_19 12:24 (Year_Month_Day Hour:Min)
    experimentRunTime.epoch: 1568910265
    experimentScript: Kanai_replication_study.py
    experimentScript.digestSHA1: 129a3d237a7de148fb079017a1ff238cd8176edf
    experimentScript.directory: /Volumes/My Passport/Github/spatio_temporal_information_processing/Time_Subjective_Expansion/kanai_replication_study
  #[[ System ]] #---------
    systemHaveInternetAccess: True
    systemHostName: pbs-jf-aldi.local
    systemLocale: C
    systemMemFreeRAM: 7918.80859375
    systemMemTotalRAM: 16384.0
    systemPlatform: darwin 10.14.6 x86_64
    systemRavailable: R version 3.4.1 (2017-06-30) -- Single Candle
    systemRebooted: Sep 16 14:05
    systemSec.OpenSSLVersion: OpenSSL 1.1.1a  20 Nov 2018
    systemSec.pythonSSL: True
    systemTimeNumpySD1000000_sec: 0.0027
    systemUser: supadhy6
    systemUserID: 1903061739
    systemUserProcCount: 364
    systemUserProcFlagged: iTunes Skype Dropbox Safari mdworker 'Google Chrome' KeyNote
    systemUsersCount: 1
  #[[ Window ]] #---------
    windowWinType: pyglet
    windowUnits: deg
    windowSize_pix: [2880 1800]
    windowScreen: 0
    windowRgb: [255. 255. 255.]
    windowRefreshTimeSD_ms: 0.893
    windowRefreshTimeMedian_ms: 16.567
    windowRefreshTimeAvg_ms: 16.677
    windowPos_pix: [0.0, 0.0]
    windowMonitor.name: testmonitor
    windowMonitor.getWidth_cm: 52.0
    windowMonitor.getDistance_cm: 65.0
    windowMonitor.currentCalibName: 2019_01_28 08:48
    windowIsFullScr: True
  #[[ Python ]] #---------
    pythonVersion: 3.6.0
  #[[ OpenGL ]] #---------
#[ PsychoPy3 RuntimeInfoEnd ]

12.5362 	EXP 	Created text = TextStim(__class__=<class 'psychopy.visual.text.TextStim'>, alignHoriz='center', alignVert='center', antialias=True, autoLog=True, bold=False, color='black', colorSpace='named', contrast=1.0, depth=-1.0, flipHoriz=False, flipVert=False, font='Arial', fontFiles=[], height=0.5, italic=False, languageStyle='LTR', name='text', opacity=1.0, ori=0, pos=array([0., 0.]), rgb=array([0., 0., 0.]), text=str(...), units='deg', win=Window(...), wrapWidth=30)
12.5402 	EXP 	Created unnamed DotStim = DotStim(__class__=<class 'psychopy.visual.dot.DotStim'>, autoLog=True, coherence=1.0, color=array([0., 0., 0.]), colorSpace='rgb', contrast=1.0, depth=0, dir=0, dotLife=13, dotSize=12.0, element=None, fieldPos=array([0., 0.]), fieldShape='square', fieldSize=array([8., 8.]), nDots=200, name='unnamed DotStim', noiseDots='direction', opacity=1.0, rgb=array([0., 0., 0.]), signalDots='same', speed=0.1, units='deg', win=Window(...))
12.6077 	EXP 	text: text = "Welcome! Thank you for agreeing to participate in this study.\n\nIn this study, you will judge the duration of the items presented on the screen.\n\nThe task is simple: You will see a field of dots that moves either to the left / right .\n\nAfter an interval, the direction of motion changes for the remainder of the trial.\n\nAll you need to do is judge whether the first interval lasted longer than the second.\n\nIf you're feeling uncomfortable, you can press ESC key any time to stop the experiment.\n\nPress any key when you are ready to begin the experiment.\n\n"
12.6077 	EXP 	text: autoDraw = True
27.1219 	DATA 	Keypress: space
27.1237 	EXP 	text: autoDraw = False
27.1422 	EXP 	text: text = 'Please fixate on the red dot while the stimuli appear on the screen. Press any key to begin the experiment.'
27.1422 	EXP 	text: autoDraw = True
31.2027 	DATA 	Keypress: space
31.2040 	EXP 	text: autoDraw = False
31.2467 	EXP 	text: text = 'Please press l if the 1st stimulus lasted for longer duration, s if the 2nd stimulus lasted for shorter duration'
31.2467 	EXP 	unnamed DotStim: dir = 180.0
31.2467 	EXP 	unnamed DotStim: speed = 0.0
31.2467 	EXP 	unnamed DotStim: dotLife = 12000
33.1046 	EXP 	unnamed DotStim: speed = 0.1
33.1046 	EXP 	unnamed DotStim: dotLife = 9
33.6066 	EXP 	unnamed DotStim: dir = 360.0
34.1073 	EXP 	text: autoDraw = True
34.1232 	EXP 	text: autoDraw = True
34.1403 	EXP 	text: autoDraw = True
34.1567 	EXP 	text: autoDraw = True
34.1734 	EXP 	text: autoDraw = True
34.1901 	EXP 	text: autoDraw = True
34.2067 	EXP 	text: autoDraw = True
34.2236 	EXP 	text: autoDraw = True
34.2397 	EXP 	text: autoDraw = True
34.2569 	EXP 	text: autoDraw = True
34.2733 	EXP 	text: autoDraw = True
34.2901 	EXP 	text: autoDraw = True
34.3067 	EXP 	text: autoDraw = True
34.3234 	EXP 	text: autoDraw = True
34.3396 	EXP 	text: autoDraw = True
34.3570 	EXP 	text: autoDraw = True
34.3731 	EXP 	text: autoDraw = True
34.3897 	EXP 	text: autoDraw = True
34.4070 	EXP 	text: autoDraw = True
34.4234 	EXP 	text: autoDraw = True
34.4400 	EXP 	text: autoDraw = True
34.4568 	EXP 	text: autoDraw = True
34.4739 	EXP 	text: autoDraw = True
34.4902 	EXP 	text: autoDraw = True
34.5068 	EXP 	text: autoDraw = True
34.5233 	EXP 	text: autoDraw = True
34.5403 	EXP 	text: autoDraw = True
34.5567 	EXP 	text: autoDraw = True
34.5735 	EXP 	text: autoDraw = True
34.5905 	EXP 	text: autoDraw = True
34.6067 	EXP 	text: autoDraw = True
34.6238 	EXP 	text: autoDraw = True
34.6401 	EXP 	text: autoDraw = True
34.6568 	EXP 	text: autoDraw = True
34.6736 	EXP 	text: autoDraw = True
34.6897 	EXP 	text: autoDraw = True
34.7074 	EXP 	text: autoDraw = True
34.7239 	EXP 	text: autoDraw = True
34.7393 	EXP 	text: autoDraw = True
34.7561 	EXP 	text: autoDraw = True
34.7732 	EXP 	text: autoDraw = True
34.7906 	EXP 	text: autoDraw = True
34.8069 	EXP 	text: autoDraw = True
34.8234 	EXP 	text: autoDraw = True
34.8396 	EXP 	text: autoDraw = True
34.8569 	EXP 	text: autoDraw = True
34.8736 	EXP 	text: autoDraw = True
34.8896 	EXP 	text: autoDraw = True
34.9067 	EXP 	text: autoDraw = True
34.9238 	EXP 	text: autoDraw = True
34.9400 	EXP 	text: autoDraw = True
34.9567 	EXP 	text: autoDraw = True
34.9735 	EXP 	text: autoDraw = True
34.9902 	EXP 	text: autoDraw = True
35.0067 	EXP 	text: autoDraw = True
35.0234 	EXP 	text: autoDraw = True
35.0404 	EXP 	text: autoDraw = True
35.0567 	EXP 	text: autoDraw = True
35.0730 	EXP 	text: autoDraw = True
35.0902 	EXP 	text: autoDraw = True
35.1071 	EXP 	text: autoDraw = True
35.1234 	EXP 	text: autoDraw = True
35.1400 	EXP 	text: autoDraw = True
35.1570 	EXP 	text: autoDraw = True
35.1724 	EXP 	text: autoDraw = True
35.1901 	EXP 	text: autoDraw = True
35.2063 	EXP 	text: autoDraw = True
35.2236 	EXP 	text: autoDraw = True
35.2401 	EXP 	text: autoDraw = True
35.2566 	EXP 	text: autoDraw = True
35.2739 	EXP 	text: autoDraw = True
35.2900 	EXP 	text: autoDraw = True
35.3070 	EXP 	text: autoDraw = True
35.3227 	EXP 	text: autoDraw = True
35.3401 	EXP 	text: autoDraw = True
35.3568 	EXP 	text: autoDraw = True
35.3733 	EXP 	text: autoDraw = True
35.3896 	EXP 	text: autoDraw = True
35.4070 	EXP 	text: autoDraw = True
35.4234 	EXP 	text: autoDraw = True
35.4401 	EXP 	text: autoDraw = True
35.4567 	EXP 	text: autoDraw = True
35.4732 	EXP 	text: autoDraw = True
35.4902 	EXP 	text: autoDraw = True
35.5063 	EXP 	text: autoDraw = True
35.5228 	EXP 	text: autoDraw = True
35.5392 	EXP 	text: autoDraw = True
35.5565 	EXP 	text: autoDraw = True
35.5724 	EXP 	text: autoDraw = True
35.5890 	EXP 	text: autoDraw = True
35.6067 	EXP 	text: autoDraw = True
35.6226 	EXP 	text: autoDraw = True
35.6403 	EXP 	text: autoDraw = True
35.6570 	EXP 	text: autoDraw = True
35.6733 	EXP 	text: autoDraw = True
35.6898 	EXP 	text: autoDraw = True
35.7069 	EXP 	text: autoDraw = True
35.7237 	EXP 	text: autoDraw = True
35.7401 	EXP 	text: autoDraw = True
35.7560 	EXP 	text: autoDraw = True
35.7734 	EXP 	text: autoDraw = True
35.7900 	EXP 	text: autoDraw = True
35.8067 	EXP 	text: autoDraw = True
35.8236 	EXP 	text: autoDraw = True
35.8400 	EXP 	text: autoDraw = True
35.8566 	EXP 	text: autoDraw = True
35.8728 	EXP 	text: autoDraw = True
35.8899 	EXP 	text: autoDraw = True
35.9068 	EXP 	text: autoDraw = True
35.9233 	EXP 	text: autoDraw = True
35.9400 	EXP 	text: autoDraw = True
35.9570 	EXP 	text: autoDraw = True
35.9735 	EXP 	text: autoDraw = True
35.9903 	EXP 	text: autoDraw = True
36.0065 	EXP 	text: autoDraw = True
36.0239 	EXP 	text: autoDraw = True
36.0403 	EXP 	text: autoDraw = True
36.0569 	EXP 	text: autoDraw = True
36.0734 	EXP 	text: autoDraw = True
36.0906 	EXP 	text: autoDraw = True
36.1066 	EXP 	text: autoDraw = True
36.1248 	EXP 	text: autoDraw = True
36.1403 	EXP 	text: autoDraw = True
36.1567 	EXP 	text: autoDraw = True
36.1734 	EXP 	text: autoDraw = True
36.1891 	EXP 	text: autoDraw = True
36.2069 	EXP 	text: autoDraw = True
36.2234 	EXP 	text: autoDraw = True
36.2400 	EXP 	text: autoDraw = True
36.2567 	EXP 	text: autoDraw = True
36.2731 	EXP 	text: autoDraw = True
36.2899 	EXP 	text: autoDraw = True
36.3053 	EXP 	text: autoDraw = True
36.3237 	EXP 	text: autoDraw = True
36.3400 	EXP 	text: autoDraw = True
36.3567 	EXP 	text: autoDraw = True
36.3735 	EXP 	text: autoDraw = True
36.3937 	EXP 	text: autoDraw = True
36.4055 	EXP 	text: autoDraw = True
36.4230 	EXP 	text: autoDraw = True
36.4398 	EXP 	text: autoDraw = True
36.4564 	EXP 	text: autoDraw = True
36.4730 	EXP 	text: autoDraw = True
36.4896 	EXP 	text: autoDraw = True
36.5063 	EXP 	text: autoDraw = True
36.5244 	EXP 	text: autoDraw = True
36.5403 	EXP 	text: autoDraw = True
36.5567 	EXP 	text: autoDraw = True
36.5735 	EXP 	text: autoDraw = True
36.5899 	EXP 	text: autoDraw = True
36.6069 	EXP 	text: autoDraw = True
36.6231 	EXP 	text: autoDraw = True
36.6402 	EXP 	text: autoDraw = True
36.6570 	EXP 	text: autoDraw = True
36.6733 	EXP 	text: autoDraw = True
36.6898 	EXP 	text: autoDraw = True
36.7070 	EXP 	text: autoDraw = True
36.7233 	EXP 	text: autoDraw = True
36.7390 	EXP 	text: autoDraw = True
36.7555 	EXP 	text: autoDraw = True
36.7723 	EXP 	text: autoDraw = True
36.7901 	EXP 	text: autoDraw = True
36.8068 	EXP 	text: autoDraw = True
36.8242 	EXP 	text: autoDraw = True
36.8401 	EXP 	text: autoDraw = True
36.8569 	EXP 	text: autoDraw = True
36.8735 	EXP 	text: autoDraw = True
36.8901 	EXP 	text: autoDraw = True
36.9068 	EXP 	text: autoDraw = True
36.9230 	EXP 	text: autoDraw = True
36.9400 	EXP 	text: autoDraw = True
36.9563 	EXP 	text: autoDraw = True
36.9736 	EXP 	text: autoDraw = True
36.9900 	EXP 	text: autoDraw = True
37.0067 	EXP 	text: autoDraw = True
37.0234 	EXP 	text: autoDraw = True
37.0400 	EXP 	text: autoDraw = True
37.0563 	EXP 	text: autoDraw = True
37.0736 	EXP 	text: autoDraw = True
37.0902 	EXP 	text: autoDraw = True
37.1068 	EXP 	text: autoDraw = True
37.1233 	EXP 	text: autoDraw = True
37.1400 	EXP 	text: autoDraw = True
37.1568 	EXP 	text: autoDraw = True
37.1731 	EXP 	text: autoDraw = True
37.1901 	EXP 	text: autoDraw = True
37.2059 	EXP 	text: autoDraw = True
37.2229 	EXP 	text: autoDraw = True
37.2401 	EXP 	text: autoDraw = True
37.2568 	EXP 	text: autoDraw = True
37.2734 	EXP 	text: autoDraw = True
37.2899 	EXP 	text: autoDraw = True
37.3059 	EXP 	text: autoDraw = True
37.3234 	EXP 	text: autoDraw = True
37.3401 	EXP 	text: autoDraw = True
37.3569 	EXP 	text: autoDraw = True
37.3736 	EXP 	text: autoDraw = True
37.3893 	EXP 	text: autoDraw = True
37.4066 	EXP 	text: autoDraw = True
37.4237 	EXP 	text: autoDraw = True
37.4402 	EXP 	text: autoDraw = True
37.4569 	EXP 	text: autoDraw = True
37.4734 	EXP 	text: autoDraw = True
37.4900 	EXP 	text: autoDraw = True
37.5067 	EXP 	text: autoDraw = True
37.5234 	EXP 	text: autoDraw = True
37.5397 	EXP 	text: autoDraw = True
37.5570 	EXP 	text: autoDraw = True
37.5735 	EXP 	text: autoDraw = True
37.5903 	EXP 	text: autoDraw = True
37.6057 	EXP 	text: autoDraw = True
37.6236 	EXP 	text: autoDraw = True
37.6400 	EXP 	text: autoDraw = True
37.6562 	EXP 	text: autoDraw = True
37.6734 	EXP 	text: autoDraw = True
37.6904 	EXP 	text: autoDraw = True
37.7069 	EXP 	text: autoDraw = True
37.7234 	EXP 	text: autoDraw = True
37.7401 	EXP 	text: autoDraw = True
37.7570 	EXP 	text: autoDraw = True
37.7735 	EXP 	text: autoDraw = True
37.7903 	EXP 	text: autoDraw = True
37.8069 	EXP 	text: autoDraw = True
37.8227 	EXP 	text: autoDraw = True
37.8400 	EXP 	text: autoDraw = True
37.8567 	EXP 	text: autoDraw = True
37.8736 	EXP 	text: autoDraw = True
37.8900 	EXP 	text: autoDraw = True
37.9068 	EXP 	text: autoDraw = True
37.9236 	EXP 	text: autoDraw = True
37.9400 	EXP 	text: autoDraw = True
37.9570 	EXP 	text: autoDraw = True
37.9730 	EXP 	text: autoDraw = True
37.9902 	EXP 	text: autoDraw = True
38.0068 	EXP 	text: autoDraw = True
38.0237 	EXP 	text: autoDraw = True
38.0396 	EXP 	text: autoDraw = True
38.0569 	EXP 	text: autoDraw = True
38.0733 	EXP 	text: autoDraw = True
38.0901 	EXP 	text: autoDraw = True
38.1064 	EXP 	text: autoDraw = True
38.1235 	EXP 	text: autoDraw = True
38.1401 	EXP 	text: autoDraw = True
38.1567 	EXP 	text: autoDraw = True
38.1733 	EXP 	text: autoDraw = True
38.1900 	EXP 	text: autoDraw = True
38.2072 	EXP 	text: autoDraw = True
38.2234 	EXP 	text: autoDraw = True
38.2404 	EXP 	text: autoDraw = True
38.2564 	EXP 	text: autoDraw = True
38.2734 	EXP 	text: autoDraw = True
38.2900 	EXP 	text: autoDraw = True
38.3067 	EXP 	text: autoDraw = True
38.3231 	EXP 	text: autoDraw = True
38.3401 	EXP 	text: autoDraw = True
38.3566 	EXP 	text: autoDraw = True
38.3733 	EXP 	text: autoDraw = True
38.3900 	EXP 	text: autoDraw = True
38.4066 	EXP 	text: autoDraw = True
38.4237 	EXP 	text: autoDraw = True
38.4403 	EXP 	text: autoDraw = True
38.4567 	EXP 	text: autoDraw = True
38.4723 	EXP 	text: autoDraw = True
38.4900 	EXP 	text: autoDraw = True
38.5070 	EXP 	text: autoDraw = True
38.5244 	EXP 	text: autoDraw = True
38.5403 	EXP 	text: autoDraw = True
38.5566 	EXP 	text: autoDraw = True
38.5730 	EXP 	text: autoDraw = True
38.5903 	EXP 	text: autoDraw = True
38.6067 	EXP 	text: autoDraw = True
38.6231 	EXP 	text: autoDraw = True
38.6402 	EXP 	text: autoDraw = True
38.6569 	EXP 	text: autoDraw = True
38.6733 	EXP 	text: autoDraw = True
38.6897 	EXP 	text: autoDraw = True
38.7067 	EXP 	text: autoDraw = True
38.7233 	EXP 	text: autoDraw = True
38.7400 	EXP 	text: autoDraw = True
38.7567 	EXP 	text: autoDraw = True
38.7735 	EXP 	text: autoDraw = True
38.7890 	EXP 	text: autoDraw = True
38.8067 	EXP 	text: autoDraw = True
38.8234 	EXP 	text: autoDraw = True
38.8401 	EXP 	text: autoDraw = True
38.8569 	EXP 	text: autoDraw = True
38.8733 	EXP 	text: autoDraw = True
38.8902 	EXP 	text: autoDraw = True
38.9062 	EXP 	text: autoDraw = True
38.9232 	EXP 	text: autoDraw = True
38.9403 	EXP 	text: autoDraw = True
38.9571 	EXP 	text: autoDraw = True
38.9734 	EXP 	text: autoDraw = True
38.9921 	EXP 	text: autoDraw = True
39.0061 	EXP 	text: autoDraw = True
39.0236 	EXP 	text: autoDraw = True
39.0400 	EXP 	text: autoDraw = True
39.0571 	EXP 	text: autoDraw = True
39.0735 	EXP 	text: autoDraw = True
39.0903 	EXP 	text: autoDraw = True
39.1069 	EXP 	text: autoDraw = True
39.1225 	EXP 	text: autoDraw = True
39.1402 	EXP 	text: autoDraw = True
39.1575 	EXP 	text: autoDraw = True
39.1734 	EXP 	text: autoDraw = True
39.1892 	EXP 	text: autoDraw = True
39.2063 	EXP 	text: autoDraw = True
39.2235 	EXP 	text: autoDraw = True
39.2399 	EXP 	text: autoDraw = True
39.2448 	DATA 	Keypress: l
39.2559 	EXP 	text: autoDraw = False
39.2728 	EXP 	unnamed DotStim: dir = 180.0
39.2728 	EXP 	unnamed DotStim: speed = 0.0
39.2728 	EXP 	unnamed DotStim: dotLife = 12000
40.4360 	EXP 	unnamed DotStim: speed = 0.1
40.4360 	EXP 	unnamed DotStim: dotLife = 9
40.9394 	EXP 	unnamed DotStim: dir = 360.0
41.4902 	EXP 	text: autoDraw = True
41.5060 	EXP 	text: autoDraw = True
41.5236 	EXP 	text: autoDraw = True
41.5398 	EXP 	text: autoDraw = True
41.5570 	EXP 	text: autoDraw = True
41.5734 	EXP 	text: autoDraw = True
41.5904 	EXP 	text: autoDraw = True
41.6066 	EXP 	text: autoDraw = True
41.6230 	EXP 	text: autoDraw = True
41.6402 	EXP 	text: autoDraw = True
41.6566 	EXP 	text: autoDraw = True
41.6733 	EXP 	text: autoDraw = True
41.6904 	EXP 	text: autoDraw = True
41.7069 	EXP 	text: autoDraw = True
41.7222 	EXP 	text: autoDraw = True
41.7391 	EXP 	text: autoDraw = True
41.7569 	EXP 	text: autoDraw = True
41.7733 	EXP 	text: autoDraw = True
41.7902 	EXP 	text: autoDraw = True
41.8069 	EXP 	text: autoDraw = True
41.8223 	EXP 	text: autoDraw = True
41.8399 	EXP 	text: autoDraw = True
41.8569 	EXP 	text: autoDraw = True
41.8736 	EXP 	text: autoDraw = True
41.8910 	EXP 	text: autoDraw = True
41.9071 	EXP 	text: autoDraw = True
41.9235 	EXP 	text: autoDraw = True
41.9400 	EXP 	text: autoDraw = True
41.9570 	EXP 	text: autoDraw = True
41.9735 	EXP 	text: autoDraw = True
41.9902 	EXP 	text: autoDraw = True
42.0067 	EXP 	text: autoDraw = True
42.0236 	EXP 	text: autoDraw = True
42.0395 	EXP 	text: autoDraw = True
42.0560 	EXP 	text: autoDraw = True
42.0733 	EXP 	text: autoDraw = True
42.0893 	EXP 	text: autoDraw = True
42.1069 	EXP 	text: autoDraw = True
42.1235 	EXP 	text: autoDraw = True
42.1404 	EXP 	text: autoDraw = True
42.1562 	EXP 	text: autoDraw = True
42.1734 	EXP 	text: autoDraw = True
42.1902 	EXP 	text: autoDraw = True
42.2071 	EXP 	text: autoDraw = True
42.2237 	EXP 	text: autoDraw = True
42.2402 	EXP 	text: autoDraw = True
42.2560 	EXP 	text: autoDraw = True
42.2732 	EXP 	text: autoDraw = True
42.2901 	EXP 	text: autoDraw = True
42.3068 	EXP 	text: autoDraw = True
42.3236 	EXP 	text: autoDraw = True
42.3399 	EXP 	text: autoDraw = True
42.3564 	EXP 	text: autoDraw = True
42.3734 	EXP 	text: autoDraw = True
42.3903 	EXP 	text: autoDraw = True
42.4068 	EXP 	text: autoDraw = True
42.4233 	EXP 	text: autoDraw = True
42.4406 	EXP 	text: autoDraw = True
42.4569 	EXP 	text: autoDraw = True
42.4724 	EXP 	text: autoDraw = True
42.4908 	EXP 	text: autoDraw = True
42.5066 	EXP 	text: autoDraw = True
42.5235 	EXP 	text: autoDraw = True
42.5396 	EXP 	text: autoDraw = True
42.5570 	EXP 	text: autoDraw = True
42.5733 	EXP 	text: autoDraw = True
42.5902 	EXP 	text: autoDraw = True
42.6070 	EXP 	text: autoDraw = True
42.6233 	EXP 	text: autoDraw = True
42.6402 	EXP 	text: autoDraw = True
42.6569 	EXP 	text: autoDraw = True
42.6735 	EXP 	text: autoDraw = True
42.6893 	EXP 	text: autoDraw = True
42.7066 	EXP 	text: autoDraw = True
42.7235 	EXP 	text: autoDraw = True
42.7400 	EXP 	text: autoDraw = True
42.7560 	EXP 	text: autoDraw = True
42.7736 	EXP 	text: autoDraw = True
42.7902 	EXP 	text: autoDraw = True
42.8069 	EXP 	text: autoDraw = True
42.8233 	EXP 	text: autoDraw = True
42.8408 	EXP 	text: autoDraw = True
42.8565 	EXP 	text: autoDraw = True
42.8742 	EXP 	text: autoDraw = True
42.8890 	EXP 	text: autoDraw = True
42.8935 	DATA 	Keypress: escape
42.9060 	EXP 	text: autoDraw = False
43.2992 	EXP 	window1: mouseVisible = True
