22.1856 	WARNING 	User requested fullscreen with size [2880 1800], but screen is actually [1440, 900]. Using actual size
23.1262 	INFO 	Successfully set darwin thread to realtime
24.1971 	INFO 	#[ PsychoPy3 RuntimeInfoStart ]
  #[[ PsychoPy ]] #---------
    psychopyVersion: 3.2.0
    psychopyHaveExtRush: True
  #[[ Experiment ]] #---------
    experimentRunTime: 2019_09_05 12:04 (Year_Month_Day Hour:Min)
    experimentRunTime.epoch: 1567699455
    experimentScript: Kanai_replication_study.py
    experimentScript.digestSHA1: 833511f2bb0e21d394d3f7b718b5f0af60d5293d
    experimentScript.directory: /Volumes/My Passport/Github/spatio_temporal_information_processing/Time_Subjective_Expansion/kanai_replication_study
  #[[ System ]] #---------
    systemHaveInternetAccess: True
    systemHostName: pbs-jf-aldi.local
    systemLocale: C
    systemMemFreeRAM: 6314.31640625
    systemMemTotalRAM: 16384.0
    systemPlatform: darwin 10.14.6 x86_64
    systemRavailable: R version 3.4.1 (2017-06-30) -- Single Candle
    systemRebooted: Aug 29 17:36
    systemSec.OpenSSLVersion: OpenSSL 1.1.1a  20 Nov 2018
    systemSec.pythonSSL: True
    systemTimeNumpySD1000000_sec: 0.0028
    systemUser: supadhy6
    systemUserID: 1903061739
    systemUserProcCount: 347
    systemUserProcFlagged: KeyNote iTunes 'Google Chrome' mdworker Safari Dropbox
    systemUsersCount: 1
  #[[ Window ]] #---------
    windowWinType: pyglet
    windowUnits: deg
    windowSize_pix: [2880 1800]
    windowScreen: 0
    windowRgb: [255. 255. 255.]
    windowRefreshTimeSD_ms: 0.753
    windowRefreshTimeMedian_ms: 16.741
    windowRefreshTimeAvg_ms: 16.655
    windowPos_pix: [0.0, 0.0]
    windowMonitor.name: testmonitor
    windowMonitor.getWidth_cm: 52.0
    windowMonitor.getDistance_cm: 65.0
    windowMonitor.currentCalibName: 2019_01_28 08:48
    windowIsFullScr: True
  #[[ Python ]] #---------
    pythonVersion: 3.6.0
  #[[ OpenGL ]] #---------
#[ PsychoPy3 RuntimeInfoEnd ]

24.2918 	EXP 	Created text = TextStim(__class__=<class 'psychopy.visual.text.TextStim'>, alignHoriz='center', alignVert='center', antialias=True, autoLog=True, bold=False, color='black', colorSpace='named', contrast=1.0, depth=-1.0, flipHoriz=False, flipVert=False, font='Arial', fontFiles=[], height=0.5, italic=False, languageStyle='LTR', name='text', opacity=1.0, ori=0, pos=array([ 0., -5.]), rgb=array([0., 0., 0.]), text=str(...), units='deg', win=Window(...), wrapWidth=30)
24.2981 	EXP 	Created unnamed DotStim = DotStim(__class__=<class 'psychopy.visual.dot.DotStim'>, autoLog=True, coherence=1.0, color=array([0., 0., 0.]), colorSpace='rgb', contrast=1.0, depth=0, dir=0, dotLife=13, dotSize=12.0, element=None, fieldPos=array([0., 0.]), fieldShape='square', fieldSize=array([8., 8.]), nDots=200, name='unnamed DotStim', noiseDots='direction', opacity=1.0, rgb=array([0., 0., 0.]), signalDots='same', speed=0.1, units='deg', win=Window(...))
24.3737 	EXP 	text: text = "Welcome! Thank you for agreeing to participate in this study.\n\nIn this study, you will judge the duration of the items presented on the screen.\n\nThe task is simple: You will see a field of dots that moves either to the left / right .\n\nAfter an interval, the direction of motion changes for the remainder of the trial.\n\nAll you need to do is judge whether the first interval lasted longer than the second.\n\nIf you're feeling uncomfortable, you can press ESC key any time to stop the experiment.\n\nPress any key when you are ready to begin the experiment.\n\n"
24.3737 	EXP 	text: autoDraw = True
26.9608 	DATA 	Keypress: space
26.9622 	EXP 	text: autoDraw = False
26.9795 	EXP 	text: text = 'Please fixate on the red dot while the stimuli appear on the screen. Press any key to begin the experiment.'
26.9795 	EXP 	text: autoDraw = True
28.7315 	DATA 	Keypress: space
28.7328 	EXP 	text: autoDraw = False
28.7710 	EXP 	text: text = 'Please press l if the 1st stimulus lasted for shorter duration, s if the 2nd stimulus lasted for shorter duration'
28.7710 	EXP 	unnamed DotStim: dir = 0.0
28.7710 	EXP 	unnamed DotStim: speed = 0.0
28.7710 	EXP 	unnamed DotStim: dotLife = 12000
30.6000 	EXP 	unnamed DotStim: speed = 0.1
30.6000 	EXP 	unnamed DotStim: dotLife = 9
31.0960 	EXP 	unnamed DotStim: dir = 180.0
31.7626 	EXP 	text: autoDraw = True
31.7796 	EXP 	text: autoDraw = True
31.7964 	EXP 	text: autoDraw = True
31.8136 	EXP 	text: autoDraw = True
31.8301 	EXP 	text: autoDraw = True
31.8467 	EXP 	text: autoDraw = True
31.8637 	EXP 	text: autoDraw = True
31.8803 	EXP 	text: autoDraw = True
31.8968 	EXP 	text: autoDraw = True
31.9135 	EXP 	text: autoDraw = True
31.9297 	EXP 	text: autoDraw = True
31.9467 	EXP 	text: autoDraw = True
31.9634 	EXP 	text: autoDraw = True
31.9794 	EXP 	text: autoDraw = True
31.9967 	EXP 	text: autoDraw = True
32.0134 	EXP 	text: autoDraw = True
32.0300 	EXP 	text: autoDraw = True
32.0467 	EXP 	text: autoDraw = True
32.0637 	EXP 	text: autoDraw = True
32.0791 	EXP 	text: autoDraw = True
32.0967 	EXP 	text: autoDraw = True
32.1134 	EXP 	text: autoDraw = True
32.1298 	EXP 	text: autoDraw = True
32.1458 	EXP 	text: autoDraw = True
32.1629 	EXP 	text: autoDraw = True
32.1789 	EXP 	text: autoDraw = True
32.1966 	EXP 	text: autoDraw = True
32.2136 	EXP 	text: autoDraw = True
32.2306 	EXP 	text: autoDraw = True
32.2465 	EXP 	text: autoDraw = True
32.2634 	EXP 	text: autoDraw = True
32.2803 	EXP 	text: autoDraw = True
32.2967 	EXP 	text: autoDraw = True
32.3131 	EXP 	text: autoDraw = True
32.3303 	EXP 	text: autoDraw = True
32.3468 	EXP 	text: autoDraw = True
32.3634 	EXP 	text: autoDraw = True
32.3800 	EXP 	text: autoDraw = True
32.3959 	EXP 	text: autoDraw = True
32.4135 	EXP 	text: autoDraw = True
32.4301 	EXP 	text: autoDraw = True
32.4468 	EXP 	text: autoDraw = True
32.4626 	EXP 	text: autoDraw = True
32.4800 	EXP 	text: autoDraw = True
32.4959 	EXP 	text: autoDraw = True
32.5128 	EXP 	text: autoDraw = True
32.5304 	EXP 	text: autoDraw = True
32.5467 	EXP 	text: autoDraw = True
32.5634 	EXP 	text: autoDraw = True
32.5799 	EXP 	text: autoDraw = True
32.5958 	EXP 	text: autoDraw = True
32.6124 	EXP 	text: autoDraw = True
32.6303 	EXP 	text: autoDraw = True
32.6465 	EXP 	text: autoDraw = True
32.6631 	EXP 	text: autoDraw = True
32.6800 	EXP 	text: autoDraw = True
32.6967 	EXP 	text: autoDraw = True
32.7134 	EXP 	text: autoDraw = True
32.7303 	EXP 	text: autoDraw = True
32.7467 	EXP 	text: autoDraw = True
32.7634 	EXP 	text: autoDraw = True
32.7800 	EXP 	text: autoDraw = True
32.7967 	EXP 	text: autoDraw = True
32.8136 	EXP 	text: autoDraw = True
32.8294 	EXP 	text: autoDraw = True
32.8465 	EXP 	text: autoDraw = True
32.8634 	EXP 	text: autoDraw = True
32.8803 	EXP 	text: autoDraw = True
32.8958 	EXP 	text: autoDraw = True
32.9132 	EXP 	text: autoDraw = True
32.9301 	EXP 	text: autoDraw = True
32.9471 	EXP 	text: autoDraw = True
32.9635 	EXP 	text: autoDraw = True
32.9797 	EXP 	text: autoDraw = True
32.9958 	EXP 	text: autoDraw = True
33.0134 	EXP 	text: autoDraw = True
33.0300 	EXP 	text: autoDraw = True
33.0459 	EXP 	text: autoDraw = True
33.0637 	EXP 	text: autoDraw = True
33.0801 	EXP 	text: autoDraw = True
33.0970 	EXP 	text: autoDraw = True
33.1133 	EXP 	text: autoDraw = True
33.1294 	EXP 	text: autoDraw = True
33.1470 	EXP 	text: autoDraw = True
33.1637 	EXP 	text: autoDraw = True
33.1792 	EXP 	text: autoDraw = True
33.1971 	EXP 	text: autoDraw = True
33.2130 	EXP 	text: autoDraw = True
33.2300 	EXP 	text: autoDraw = True
33.2467 	EXP 	text: autoDraw = True
33.2634 	EXP 	text: autoDraw = True
33.2790 	EXP 	text: autoDraw = True
33.2956 	EXP 	text: autoDraw = True
33.3134 	EXP 	text: autoDraw = True
33.3300 	EXP 	text: autoDraw = True
33.3465 	EXP 	text: autoDraw = True
33.3630 	EXP 	text: autoDraw = True
33.3800 	EXP 	text: autoDraw = True
33.3957 	EXP 	text: autoDraw = True
33.4123 	EXP 	text: autoDraw = True
33.4300 	EXP 	text: autoDraw = True
33.4456 	EXP 	text: autoDraw = True
33.4630 	EXP 	text: autoDraw = True
33.4798 	EXP 	text: autoDraw = True
33.4967 	EXP 	text: autoDraw = True
33.5118 	EXP 	text: autoDraw = True
33.5294 	EXP 	text: autoDraw = True
33.5465 	EXP 	text: autoDraw = True
33.5634 	EXP 	text: autoDraw = True
33.5797 	EXP 	text: autoDraw = True
33.5969 	EXP 	text: autoDraw = True
33.6140 	EXP 	text: autoDraw = True
33.6301 	EXP 	text: autoDraw = True
33.6465 	EXP 	text: autoDraw = True
33.6634 	EXP 	text: autoDraw = True
33.6800 	EXP 	text: autoDraw = True
33.6952 	EXP 	text: autoDraw = True
33.7132 	EXP 	text: autoDraw = True
33.7293 	EXP 	text: autoDraw = True
33.7452 	EXP 	text: autoDraw = True
33.7628 	EXP 	text: autoDraw = True
33.7796 	EXP 	text: autoDraw = True
33.7967 	EXP 	text: autoDraw = True
33.8132 	EXP 	text: autoDraw = True
33.8300 	EXP 	text: autoDraw = True
33.8467 	EXP 	text: autoDraw = True
33.8634 	EXP 	text: autoDraw = True
33.8800 	EXP 	text: autoDraw = True
33.8967 	EXP 	text: autoDraw = True
33.9123 	EXP 	text: autoDraw = True
33.9303 	EXP 	text: autoDraw = True
33.9464 	EXP 	text: autoDraw = True
33.9631 	EXP 	text: autoDraw = True
33.9798 	EXP 	text: autoDraw = True
33.9964 	EXP 	text: autoDraw = True
34.0133 	EXP 	text: autoDraw = True
34.0295 	EXP 	text: autoDraw = True
34.0465 	EXP 	text: autoDraw = True
34.0635 	EXP 	text: autoDraw = True
34.0800 	EXP 	text: autoDraw = True
34.0966 	EXP 	text: autoDraw = True
34.1133 	EXP 	text: autoDraw = True
34.1295 	EXP 	text: autoDraw = True
34.1467 	EXP 	text: autoDraw = True
34.1631 	EXP 	text: autoDraw = True
34.1789 	EXP 	text: autoDraw = True
34.1957 	EXP 	text: autoDraw = True
34.2134 	EXP 	text: autoDraw = True
34.2300 	EXP 	text: autoDraw = True
34.2467 	EXP 	text: autoDraw = True
34.2634 	EXP 	text: autoDraw = True
34.2800 	EXP 	text: autoDraw = True
34.2967 	EXP 	text: autoDraw = True
34.3134 	EXP 	text: autoDraw = True
34.3301 	EXP 	text: autoDraw = True
34.3467 	EXP 	text: autoDraw = True
34.3634 	EXP 	text: autoDraw = True
34.3800 	EXP 	text: autoDraw = True
34.3967 	EXP 	text: autoDraw = True
34.4136 	EXP 	text: autoDraw = True
34.4303 	EXP 	text: autoDraw = True
34.4461 	EXP 	text: autoDraw = True
34.4634 	EXP 	text: autoDraw = True
34.4803 	EXP 	text: autoDraw = True
34.4949 	EXP 	text: autoDraw = True
34.5134 	EXP 	text: autoDraw = True
34.5300 	EXP 	text: autoDraw = True
34.5465 	EXP 	text: autoDraw = True
34.5624 	EXP 	text: autoDraw = True
34.5788 	EXP 	text: autoDraw = True
34.5967 	EXP 	text: autoDraw = True
34.6133 	EXP 	text: autoDraw = True
34.6288 	EXP 	text: autoDraw = True
34.6457 	EXP 	text: autoDraw = True
34.6623 	EXP 	text: autoDraw = True
34.6801 	EXP 	text: autoDraw = True
34.6967 	EXP 	text: autoDraw = True
34.7136 	EXP 	text: autoDraw = True
34.7303 	EXP 	text: autoDraw = True
34.7467 	EXP 	text: autoDraw = True
34.7637 	EXP 	text: autoDraw = True
34.7800 	EXP 	text: autoDraw = True
34.7967 	EXP 	text: autoDraw = True
34.8133 	EXP 	text: autoDraw = True
34.8300 	EXP 	text: autoDraw = True
34.8466 	EXP 	text: autoDraw = True
34.8636 	EXP 	text: autoDraw = True
34.8795 	EXP 	text: autoDraw = True
34.8967 	EXP 	text: autoDraw = True
34.9133 	EXP 	text: autoDraw = True
34.9300 	EXP 	text: autoDraw = True
34.9466 	EXP 	text: autoDraw = True
34.9622 	EXP 	text: autoDraw = True
34.9791 	EXP 	text: autoDraw = True
34.9958 	EXP 	text: autoDraw = True
35.0128 	EXP 	text: autoDraw = True
35.0300 	EXP 	text: autoDraw = True
35.0466 	EXP 	text: autoDraw = True
35.0639 	EXP 	text: autoDraw = True
35.0794 	EXP 	text: autoDraw = True
35.0963 	EXP 	text: autoDraw = True
35.1133 	EXP 	text: autoDraw = True
35.1301 	EXP 	text: autoDraw = True
35.1465 	EXP 	text: autoDraw = True
35.1634 	EXP 	text: autoDraw = True
35.1803 	EXP 	text: autoDraw = True
35.1959 	EXP 	text: autoDraw = True
35.2125 	EXP 	text: autoDraw = True
35.2296 	EXP 	text: autoDraw = True
35.2464 	EXP 	text: autoDraw = True
35.2634 	EXP 	text: autoDraw = True
35.2800 	EXP 	text: autoDraw = True
35.2967 	EXP 	text: autoDraw = True
35.3128 	EXP 	text: autoDraw = True
35.3300 	EXP 	text: autoDraw = True
35.3466 	EXP 	text: autoDraw = True
35.3633 	EXP 	text: autoDraw = True
35.3800 	EXP 	text: autoDraw = True
35.3970 	EXP 	text: autoDraw = True
35.4133 	EXP 	text: autoDraw = True
35.4289 	EXP 	text: autoDraw = True
35.4456 	EXP 	text: autoDraw = True
35.4633 	EXP 	text: autoDraw = True
35.4803 	EXP 	text: autoDraw = True
35.4970 	EXP 	text: autoDraw = True
35.5131 	EXP 	text: autoDraw = True
35.5291 	EXP 	text: autoDraw = True
35.5461 	EXP 	text: autoDraw = True
35.5630 	EXP 	text: autoDraw = True
35.5797 	EXP 	text: autoDraw = True
35.5970 	EXP 	text: autoDraw = True
35.6122 	EXP 	text: autoDraw = True
35.6303 	EXP 	text: autoDraw = True
35.6469 	EXP 	text: autoDraw = True
35.6636 	EXP 	text: autoDraw = True
35.6797 	EXP 	text: autoDraw = True
35.6970 	EXP 	text: autoDraw = True
35.7136 	EXP 	text: autoDraw = True
35.7300 	EXP 	text: autoDraw = True
35.7458 	EXP 	text: autoDraw = True
35.7633 	EXP 	text: autoDraw = True
35.7800 	EXP 	text: autoDraw = True
35.7970 	EXP 	text: autoDraw = True
35.8133 	EXP 	text: autoDraw = True
35.8300 	EXP 	text: autoDraw = True
35.8466 	EXP 	text: autoDraw = True
35.8633 	EXP 	text: autoDraw = True
35.8800 	EXP 	text: autoDraw = True
35.8956 	EXP 	text: autoDraw = True
35.9123 	EXP 	text: autoDraw = True
35.9300 	EXP 	text: autoDraw = True
35.9460 	EXP 	text: autoDraw = True
35.9617 	EXP 	text: autoDraw = True
35.9799 	EXP 	text: autoDraw = True
35.9969 	EXP 	text: autoDraw = True
36.0136 	EXP 	text: autoDraw = True
36.0303 	EXP 	text: autoDraw = True
36.0466 	EXP 	text: autoDraw = True
36.0629 	EXP 	text: autoDraw = True
36.0794 	EXP 	text: autoDraw = True
36.0967 	EXP 	text: autoDraw = True
36.1133 	EXP 	text: autoDraw = True
36.1297 	EXP 	text: autoDraw = True
36.1469 	EXP 	text: autoDraw = True
36.1636 	EXP 	text: autoDraw = True
36.1799 	EXP 	text: autoDraw = True
36.1967 	EXP 	text: autoDraw = True
36.2133 	EXP 	text: autoDraw = True
36.2300 	EXP 	text: autoDraw = True
36.2461 	EXP 	text: autoDraw = True
36.2626 	EXP 	text: autoDraw = True
36.2799 	EXP 	text: autoDraw = True
36.2967 	EXP 	text: autoDraw = True
36.3133 	EXP 	text: autoDraw = True
36.3304 	EXP 	text: autoDraw = True
36.3455 	EXP 	text: autoDraw = True
36.3621 	EXP 	text: autoDraw = True
36.3800 	EXP 	text: autoDraw = True
36.3960 	EXP 	text: autoDraw = True
36.4133 	EXP 	text: autoDraw = True
36.4300 	EXP 	text: autoDraw = True
36.4470 	EXP 	text: autoDraw = True
36.4633 	EXP 	text: autoDraw = True
36.4789 	EXP 	text: autoDraw = True
36.4964 	EXP 	text: autoDraw = True
36.5128 	EXP 	text: autoDraw = True
36.5300 	EXP 	text: autoDraw = True
36.5470 	EXP 	text: autoDraw = True
36.5633 	EXP 	text: autoDraw = True
36.5800 	EXP 	text: autoDraw = True
36.5960 	EXP 	text: autoDraw = True
36.6125 	EXP 	text: autoDraw = True
36.6307 	EXP 	text: autoDraw = True
36.6505 	EXP 	text: autoDraw = True
36.6640 	EXP 	text: autoDraw = True
36.6808 	EXP 	text: autoDraw = True
36.6975 	EXP 	text: autoDraw = True
36.7139 	EXP 	text: autoDraw = True
36.7450 	EXP 	text: autoDraw = True
36.7688 	EXP 	text: autoDraw = True
36.7837 	EXP 	text: autoDraw = True
36.7971 	EXP 	text: autoDraw = True
36.8137 	EXP 	text: autoDraw = True
36.8323 	EXP 	text: autoDraw = True
36.8486 	EXP 	text: autoDraw = True
36.8623 	EXP 	text: autoDraw = True
36.8830 	EXP 	text: autoDraw = True
36.8998 	EXP 	text: autoDraw = True
36.9157 	EXP 	text: autoDraw = True
36.9308 	EXP 	text: autoDraw = True
36.9485 	EXP 	text: autoDraw = True
36.9662 	EXP 	text: autoDraw = True
36.9795 	EXP 	text: autoDraw = True
36.9995 	EXP 	text: autoDraw = True
37.0184 	EXP 	text: autoDraw = True
37.0330 	EXP 	text: autoDraw = True
37.0491 	EXP 	text: autoDraw = True
37.0654 	EXP 	text: autoDraw = True
37.0818 	EXP 	text: autoDraw = True
37.0991 	EXP 	text: autoDraw = True
37.1143 	EXP 	text: autoDraw = True
37.1457 	EXP 	text: autoDraw = True
37.1663 	EXP 	text: autoDraw = True
37.1806 	EXP 	text: autoDraw = True
37.1993 	EXP 	text: autoDraw = True
37.2159 	EXP 	text: autoDraw = True
37.2323 	EXP 	text: autoDraw = True
37.2485 	EXP 	text: autoDraw = True
37.2672 	EXP 	text: autoDraw = True
37.2823 	EXP 	text: autoDraw = True
37.2978 	EXP 	text: autoDraw = True
37.3135 	EXP 	text: autoDraw = True
37.3329 	EXP 	text: autoDraw = True
37.3491 	EXP 	text: autoDraw = True
37.3647 	EXP 	text: autoDraw = True
37.3814 	EXP 	text: autoDraw = True
37.3990 	EXP 	text: autoDraw = True
37.4133 	EXP 	text: autoDraw = True
37.4327 	EXP 	text: autoDraw = True
37.4478 	EXP 	text: autoDraw = True
37.4638 	EXP 	text: autoDraw = True
37.4804 	EXP 	text: autoDraw = True
37.4971 	EXP 	text: autoDraw = True
37.5181 	EXP 	text: autoDraw = True
37.5336 	EXP 	text: autoDraw = True
37.5499 	EXP 	text: autoDraw = True
37.5657 	EXP 	text: autoDraw = True
37.5810 	EXP 	text: autoDraw = True
37.5988 	EXP 	text: autoDraw = True
37.6141 	EXP 	text: autoDraw = True
37.6328 	EXP 	text: autoDraw = True
37.6467 	EXP 	text: autoDraw = True
37.6647 	EXP 	text: autoDraw = True
37.6819 	EXP 	text: autoDraw = True
37.6846 	DATA 	Keypress: s
37.6981 	EXP 	text: autoDraw = False
37.7144 	EXP 	unnamed DotStim: dir = 180.0
37.7144 	EXP 	unnamed DotStim: speed = 0.0
37.7144 	EXP 	unnamed DotStim: dotLife = 12000
39.6007 	EXP 	unnamed DotStim: speed = 0.1
39.6007 	EXP 	unnamed DotStim: dotLife = 9
40.0971 	EXP 	unnamed DotStim: dir = 360.0
40.8157 	EXP 	text: autoDraw = True
40.8329 	EXP 	text: autoDraw = True
40.8498 	EXP 	text: autoDraw = True
40.8643 	EXP 	text: autoDraw = True
40.8804 	EXP 	text: autoDraw = True
40.8967 	EXP 	text: autoDraw = True
40.9155 	EXP 	text: autoDraw = True
40.9319 	EXP 	text: autoDraw = True
40.9474 	EXP 	text: autoDraw = True
40.9624 	EXP 	text: autoDraw = True
40.9833 	EXP 	text: autoDraw = True
40.9970 	EXP 	text: autoDraw = True
41.0150 	EXP 	text: autoDraw = True
41.0330 	EXP 	text: autoDraw = True
41.0487 	EXP 	text: autoDraw = True
41.0781 	EXP 	text: autoDraw = True
41.0981 	EXP 	text: autoDraw = True
41.1136 	EXP 	text: autoDraw = True
41.1318 	EXP 	text: autoDraw = True
41.1481 	EXP 	text: autoDraw = True
41.1662 	EXP 	text: autoDraw = True
41.1820 	EXP 	text: autoDraw = True
41.1985 	EXP 	text: autoDraw = True
41.2155 	EXP 	text: autoDraw = True
41.2317 	EXP 	text: autoDraw = True
41.2620 	EXP 	text: autoDraw = True
41.2840 	EXP 	text: autoDraw = True
41.2995 	EXP 	text: autoDraw = True
41.3143 	EXP 	text: autoDraw = True
41.3324 	EXP 	text: autoDraw = True
41.3491 	EXP 	text: autoDraw = True
41.3659 	EXP 	text: autoDraw = True
41.3812 	EXP 	text: autoDraw = True
41.3967 	EXP 	text: autoDraw = True
41.4142 	EXP 	text: autoDraw = True
41.4326 	EXP 	text: autoDraw = True
41.4473 	EXP 	text: autoDraw = True
41.4666 	EXP 	text: autoDraw = True
41.4821 	EXP 	text: autoDraw = True
41.4990 	EXP 	text: autoDraw = True
41.5154 	EXP 	text: autoDraw = True
41.5328 	EXP 	text: autoDraw = True
41.5489 	EXP 	text: autoDraw = True
41.5659 	EXP 	text: autoDraw = True
41.5822 	EXP 	text: autoDraw = True
41.5992 	EXP 	text: autoDraw = True
41.6157 	EXP 	text: autoDraw = True
41.6297 	EXP 	text: autoDraw = True
41.6504 	EXP 	text: autoDraw = True
41.6659 	EXP 	text: autoDraw = True
41.6804 	EXP 	text: autoDraw = True
41.6970 	EXP 	text: autoDraw = True
41.7161 	EXP 	text: autoDraw = True
41.7323 	EXP 	text: autoDraw = True
41.7491 	EXP 	text: autoDraw = True
41.7660 	EXP 	text: autoDraw = True
41.7799 	EXP 	text: autoDraw = True
41.8116 	EXP 	text: autoDraw = True
41.8305 	EXP 	text: autoDraw = True
41.8460 	EXP 	text: autoDraw = True
41.8653 	EXP 	text: autoDraw = True
41.8808 	EXP 	text: autoDraw = True
41.8986 	EXP 	text: autoDraw = True
41.9147 	EXP 	text: autoDraw = True
41.9329 	EXP 	text: autoDraw = True
41.9471 	EXP 	text: autoDraw = True
41.9657 	EXP 	text: autoDraw = True
41.9820 	EXP 	text: autoDraw = True
42.0116 	EXP 	text: autoDraw = True
42.0330 	EXP 	text: autoDraw = True
42.0471 	EXP 	text: autoDraw = True
42.0664 	EXP 	text: autoDraw = True
42.0801 	EXP 	text: autoDraw = True
42.0985 	EXP 	text: autoDraw = True
42.1161 	EXP 	text: autoDraw = True
42.1305 	EXP 	text: autoDraw = True
42.1467 	EXP 	text: autoDraw = True
42.1662 	EXP 	text: autoDraw = True
42.1826 	EXP 	text: autoDraw = True
42.1988 	EXP 	text: autoDraw = True
42.2154 	EXP 	text: autoDraw = True
42.2321 	EXP 	text: autoDraw = True
42.2614 	EXP 	text: autoDraw = True
42.2823 	EXP 	text: autoDraw = True
42.2987 	EXP 	text: autoDraw = True
42.3159 	EXP 	text: autoDraw = True
42.3326 	EXP 	text: autoDraw = True
42.3492 	EXP 	text: autoDraw = True
42.3657 	EXP 	text: autoDraw = True
42.3810 	EXP 	text: autoDraw = True
42.3992 	EXP 	text: autoDraw = True
42.4157 	EXP 	text: autoDraw = True
42.4308 	EXP 	text: autoDraw = True
42.4485 	EXP 	text: autoDraw = True
42.4651 	EXP 	text: autoDraw = True
42.4811 	EXP 	text: autoDraw = True
42.4995 	EXP 	text: autoDraw = True
42.5123 	EXP 	text: autoDraw = True
42.5327 	EXP 	text: autoDraw = True
42.5486 	EXP 	text: autoDraw = True
42.5640 	EXP 	text: autoDraw = True
42.5803 	EXP 	text: autoDraw = True
42.5967 	EXP 	text: autoDraw = True
42.6155 	EXP 	text: autoDraw = True
42.6327 	EXP 	text: autoDraw = True
42.6459 	EXP 	text: autoDraw = True
42.6667 	EXP 	text: autoDraw = True
42.6810 	EXP 	text: autoDraw = True
42.6990 	EXP 	text: autoDraw = True
42.7162 	EXP 	text: autoDraw = True
42.7320 	EXP 	text: autoDraw = True
42.7616 	EXP 	text: autoDraw = True
42.7829 	EXP 	text: autoDraw = True
42.7981 	EXP 	text: autoDraw = True
42.8160 	EXP 	text: autoDraw = True
42.8321 	EXP 	text: autoDraw = True
42.8491 	EXP 	text: autoDraw = True
42.8660 	EXP 	text: autoDraw = True
42.8802 	EXP 	text: autoDraw = True
42.8982 	EXP 	text: autoDraw = True
42.9158 	EXP 	text: autoDraw = True
42.9322 	EXP 	text: autoDraw = True
42.9482 	EXP 	text: autoDraw = True
42.9642 	EXP 	text: autoDraw = True
42.9821 	EXP 	text: autoDraw = True
42.9991 	EXP 	text: autoDraw = True
43.0164 	EXP 	text: autoDraw = True
43.0303 	EXP 	text: autoDraw = True
43.0473 	EXP 	text: autoDraw = True
43.0655 	EXP 	text: autoDraw = True
43.0822 	EXP 	text: autoDraw = True
43.0991 	EXP 	text: autoDraw = True
43.1151 	EXP 	text: autoDraw = True
43.1289 	EXP 	text: autoDraw = True
43.1496 	EXP 	text: autoDraw = True
43.1622 	EXP 	text: autoDraw = True
43.1802 	EXP 	text: autoDraw = True
43.1966 	EXP 	text: autoDraw = True
43.2132 	EXP 	text: autoDraw = True
43.2302 	EXP 	text: autoDraw = True
43.2466 	EXP 	text: autoDraw = True
43.2634 	EXP 	text: autoDraw = True
43.2799 	EXP 	text: autoDraw = True
43.2966 	EXP 	text: autoDraw = True
43.3121 	EXP 	text: autoDraw = True
43.3292 	EXP 	text: autoDraw = True
43.3457 	EXP 	text: autoDraw = True
43.3621 	EXP 	text: autoDraw = True
43.3787 	EXP 	text: autoDraw = True
43.3965 	EXP 	text: autoDraw = True
43.4132 	EXP 	text: autoDraw = True
43.4302 	EXP 	text: autoDraw = True
43.4464 	EXP 	text: autoDraw = True
43.4629 	EXP 	text: autoDraw = True
43.4795 	EXP 	text: autoDraw = True
43.4968 	EXP 	text: autoDraw = True
43.5132 	EXP 	text: autoDraw = True
43.5296 	EXP 	text: autoDraw = True
43.5459 	EXP 	text: autoDraw = True
43.5630 	EXP 	text: autoDraw = True
43.5799 	EXP 	text: autoDraw = True
43.5966 	EXP 	text: autoDraw = True
43.6126 	EXP 	text: autoDraw = True
43.6302 	EXP 	text: autoDraw = True
43.6468 	EXP 	text: autoDraw = True
43.6632 	EXP 	text: autoDraw = True
43.6802 	EXP 	text: autoDraw = True
43.6956 	EXP 	text: autoDraw = True
43.7121 	EXP 	text: autoDraw = True
43.7299 	EXP 	text: autoDraw = True
43.7463 	EXP 	text: autoDraw = True
43.7624 	EXP 	text: autoDraw = True
43.7796 	EXP 	text: autoDraw = True
43.7962 	EXP 	text: autoDraw = True
43.8120 	EXP 	text: autoDraw = True
43.8289 	EXP 	text: autoDraw = True
43.8466 	EXP 	text: autoDraw = True
43.8630 	EXP 	text: autoDraw = True
43.8802 	EXP 	text: autoDraw = True
43.8959 	EXP 	text: autoDraw = True
43.9132 	EXP 	text: autoDraw = True
43.9281 	EXP 	text: autoDraw = True
43.9466 	EXP 	text: autoDraw = True
43.9632 	EXP 	text: autoDraw = True
43.9799 	EXP 	text: autoDraw = True
43.9961 	EXP 	text: autoDraw = True
44.0129 	EXP 	text: autoDraw = True
44.0297 	EXP 	text: autoDraw = True
44.0466 	EXP 	text: autoDraw = True
44.0633 	EXP 	text: autoDraw = True
44.0798 	EXP 	text: autoDraw = True
44.0968 	EXP 	text: autoDraw = True
44.1129 	EXP 	text: autoDraw = True
44.1297 	EXP 	text: autoDraw = True
44.1462 	EXP 	text: autoDraw = True
44.1620 	EXP 	text: autoDraw = True
44.1792 	EXP 	text: autoDraw = True
44.1964 	EXP 	text: autoDraw = True
44.2132 	EXP 	text: autoDraw = True
44.2301 	EXP 	text: autoDraw = True
44.2466 	EXP 	text: autoDraw = True
44.2632 	EXP 	text: autoDraw = True
44.2803 	EXP 	text: autoDraw = True
44.2958 	EXP 	text: autoDraw = True
44.3134 	EXP 	text: autoDraw = True
44.3297 	EXP 	text: autoDraw = True
44.3466 	EXP 	text: autoDraw = True
44.3625 	EXP 	text: autoDraw = True
44.3797 	EXP 	text: autoDraw = True
44.3964 	EXP 	text: autoDraw = True
44.4132 	EXP 	text: autoDraw = True
44.4298 	EXP 	text: autoDraw = True
44.4457 	EXP 	text: autoDraw = True
44.4631 	EXP 	text: autoDraw = True
44.4799 	EXP 	text: autoDraw = True
44.4965 	EXP 	text: autoDraw = True
44.5115 	EXP 	text: autoDraw = True
44.5307 	EXP 	text: autoDraw = True
44.5466 	EXP 	text: autoDraw = True
44.5632 	EXP 	text: autoDraw = True
44.5799 	EXP 	text: autoDraw = True
44.5965 	EXP 	text: autoDraw = True
44.6128 	EXP 	text: autoDraw = True
44.6299 	EXP 	text: autoDraw = True
44.6468 	EXP 	text: autoDraw = True
44.6627 	EXP 	text: autoDraw = True
44.6796 	EXP 	text: autoDraw = True
44.6954 	EXP 	text: autoDraw = True
44.7135 	EXP 	text: autoDraw = True
44.7286 	EXP 	text: autoDraw = True
44.7480 	EXP 	text: autoDraw = True
44.7618 	EXP 	text: autoDraw = True
44.7798 	EXP 	text: autoDraw = True
44.7957 	EXP 	text: autoDraw = True
44.8130 	EXP 	text: autoDraw = True
44.8293 	EXP 	text: autoDraw = True
44.8463 	EXP 	text: autoDraw = True
44.8632 	EXP 	text: autoDraw = True
44.8799 	EXP 	text: autoDraw = True
44.8968 	EXP 	text: autoDraw = True
44.9130 	EXP 	text: autoDraw = True
44.9296 	EXP 	text: autoDraw = True
44.9454 	EXP 	text: autoDraw = True
44.9624 	EXP 	text: autoDraw = True
44.9787 	EXP 	text: autoDraw = True
44.9962 	EXP 	text: autoDraw = True
45.0132 	EXP 	text: autoDraw = True
45.0298 	EXP 	text: autoDraw = True
45.0454 	EXP 	text: autoDraw = True
45.0629 	EXP 	text: autoDraw = True
45.0791 	EXP 	text: autoDraw = True
45.0959 	EXP 	text: autoDraw = True
45.1132 	EXP 	text: autoDraw = True
45.1291 	EXP 	text: autoDraw = True
45.1462 	EXP 	text: autoDraw = True
45.1635 	EXP 	text: autoDraw = True
45.1799 	EXP 	text: autoDraw = True
45.1968 	EXP 	text: autoDraw = True
45.2132 	EXP 	text: autoDraw = True
45.2298 	EXP 	text: autoDraw = True
45.2465 	EXP 	text: autoDraw = True
45.2632 	EXP 	text: autoDraw = True
45.2799 	EXP 	text: autoDraw = True
45.2968 	EXP 	text: autoDraw = True
45.3130 	EXP 	text: autoDraw = True
45.3298 	EXP 	text: autoDraw = True
45.3468 	EXP 	text: autoDraw = True
45.3622 	EXP 	text: autoDraw = True
45.3798 	EXP 	text: autoDraw = True
45.3962 	EXP 	text: autoDraw = True
45.4121 	EXP 	text: autoDraw = True
45.4295 	EXP 	text: autoDraw = True
45.4465 	EXP 	text: autoDraw = True
45.4632 	EXP 	text: autoDraw = True
45.4798 	EXP 	text: autoDraw = True
45.4963 	EXP 	text: autoDraw = True
45.5135 	EXP 	text: autoDraw = True
45.5298 	EXP 	text: autoDraw = True
45.5472 	EXP 	text: autoDraw = True
45.5629 	EXP 	text: autoDraw = True
45.5801 	EXP 	text: autoDraw = True
45.5963 	EXP 	text: autoDraw = True
45.6132 	EXP 	text: autoDraw = True
45.6299 	EXP 	text: autoDraw = True
45.6466 	EXP 	text: autoDraw = True
45.6635 	EXP 	text: autoDraw = True
45.6793 	EXP 	text: autoDraw = True
45.6960 	EXP 	text: autoDraw = True
45.7129 	EXP 	text: autoDraw = True
45.7300 	EXP 	text: autoDraw = True
45.7465 	EXP 	text: autoDraw = True
45.7632 	EXP 	text: autoDraw = True
45.7799 	EXP 	text: autoDraw = True
45.7965 	EXP 	text: autoDraw = True
45.8132 	EXP 	text: autoDraw = True
45.8298 	EXP 	text: autoDraw = True
45.8465 	EXP 	text: autoDraw = True
45.8617 	EXP 	text: autoDraw = True
45.8790 	EXP 	text: autoDraw = True
45.8967 	EXP 	text: autoDraw = True
45.9129 	EXP 	text: autoDraw = True
45.9293 	EXP 	text: autoDraw = True
45.9466 	EXP 	text: autoDraw = True
45.9632 	EXP 	text: autoDraw = True
45.9799 	EXP 	text: autoDraw = True
45.9965 	EXP 	text: autoDraw = True
46.0132 	EXP 	text: autoDraw = True
46.0284 	EXP 	text: autoDraw = True
46.0465 	EXP 	text: autoDraw = True
46.0632 	EXP 	text: autoDraw = True
46.0802 	EXP 	text: autoDraw = True
46.0954 	EXP 	text: autoDraw = True
46.1129 	EXP 	text: autoDraw = True
46.1298 	EXP 	text: autoDraw = True
46.1465 	EXP 	text: autoDraw = True
46.1631 	EXP 	text: autoDraw = True
46.1790 	EXP 	text: autoDraw = True
46.1952 	EXP 	text: autoDraw = True
46.2121 	EXP 	text: autoDraw = True
46.2299 	EXP 	text: autoDraw = True
46.2461 	EXP 	text: autoDraw = True
46.2630 	EXP 	text: autoDraw = True
46.2796 	EXP 	text: autoDraw = True
46.2961 	EXP 	text: autoDraw = True
46.3135 	EXP 	text: autoDraw = True
46.3289 	EXP 	text: autoDraw = True
46.3458 	EXP 	text: autoDraw = True
46.3634 	EXP 	text: autoDraw = True
46.3795 	EXP 	text: autoDraw = True
46.3962 	EXP 	text: autoDraw = True
46.4129 	EXP 	text: autoDraw = True
46.4298 	EXP 	text: autoDraw = True
46.4461 	EXP 	text: autoDraw = True
46.4631 	EXP 	text: autoDraw = True
46.4801 	EXP 	text: autoDraw = True
46.4965 	EXP 	text: autoDraw = True
46.5132 	EXP 	text: autoDraw = True
46.5299 	EXP 	text: autoDraw = True
46.5454 	EXP 	text: autoDraw = True
46.5631 	EXP 	text: autoDraw = True
46.5801 	EXP 	text: autoDraw = True
46.5964 	EXP 	text: autoDraw = True
46.6129 	EXP 	text: autoDraw = True
46.6298 	EXP 	text: autoDraw = True
46.6461 	EXP 	text: autoDraw = True
46.6621 	EXP 	text: autoDraw = True
46.6790 	EXP 	text: autoDraw = True
46.6955 	EXP 	text: autoDraw = True
46.7135 	EXP 	text: autoDraw = True
46.7296 	EXP 	text: autoDraw = True
46.7460 	EXP 	text: autoDraw = True
46.7632 	EXP 	text: autoDraw = True
46.7799 	EXP 	text: autoDraw = True
46.7966 	EXP 	text: autoDraw = True
46.8135 	EXP 	text: autoDraw = True
46.8302 	EXP 	text: autoDraw = True
46.8462 	EXP 	text: autoDraw = True
46.8631 	EXP 	text: autoDraw = True
46.8789 	EXP 	text: autoDraw = True
46.8965 	EXP 	text: autoDraw = True
46.9132 	EXP 	text: autoDraw = True
46.9299 	EXP 	text: autoDraw = True
46.9462 	EXP 	text: autoDraw = True
46.9634 	EXP 	text: autoDraw = True
46.9795 	EXP 	text: autoDraw = True
46.9963 	EXP 	text: autoDraw = True
47.0132 	EXP 	text: autoDraw = True
47.0300 	EXP 	text: autoDraw = True
47.0468 	EXP 	text: autoDraw = True
47.0631 	EXP 	text: autoDraw = True
47.0782 	EXP 	text: autoDraw = True
47.0958 	EXP 	text: autoDraw = True
47.1129 	EXP 	text: autoDraw = True
47.1298 	EXP 	text: autoDraw = True
47.1457 	EXP 	text: autoDraw = True
47.1622 	EXP 	text: autoDraw = True
47.1802 	EXP 	text: autoDraw = True
47.1960 	EXP 	text: autoDraw = True
47.2132 	EXP 	text: autoDraw = True
47.2298 	EXP 	text: autoDraw = True
47.2469 	EXP 	text: autoDraw = True
47.2631 	EXP 	text: autoDraw = True
47.2798 	EXP 	text: autoDraw = True
47.2962 	EXP 	text: autoDraw = True
47.3128 	EXP 	text: autoDraw = True
47.3297 	EXP 	text: autoDraw = True
47.3465 	EXP 	text: autoDraw = True
47.3635 	EXP 	text: autoDraw = True
47.3799 	EXP 	text: autoDraw = True
47.3965 	EXP 	text: autoDraw = True
47.4129 	EXP 	text: autoDraw = True
47.4292 	EXP 	text: autoDraw = True
47.4453 	EXP 	text: autoDraw = True
47.4629 	EXP 	text: autoDraw = True
47.4802 	EXP 	text: autoDraw = True
47.4964 	EXP 	text: autoDraw = True
47.5132 	EXP 	text: autoDraw = True
47.5298 	EXP 	text: autoDraw = True
47.5451 	EXP 	text: autoDraw = True
47.5619 	EXP 	text: autoDraw = True
47.5799 	EXP 	text: autoDraw = True
47.5961 	EXP 	text: autoDraw = True
47.6126 	EXP 	text: autoDraw = True
47.6297 	EXP 	text: autoDraw = True
47.6470 	EXP 	text: autoDraw = True
47.6626 	EXP 	text: autoDraw = True
47.6799 	EXP 	text: autoDraw = True
47.6968 	EXP 	text: autoDraw = True
47.7135 	EXP 	text: autoDraw = True
47.7297 	EXP 	text: autoDraw = True
47.7465 	EXP 	text: autoDraw = True
47.7632 	EXP 	text: autoDraw = True
47.7790 	EXP 	text: autoDraw = True
47.7961 	EXP 	text: autoDraw = True
47.8129 	EXP 	text: autoDraw = True
47.8298 	EXP 	text: autoDraw = True
47.8461 	EXP 	text: autoDraw = True
47.8629 	EXP 	text: autoDraw = True
47.8796 	EXP 	text: autoDraw = True
47.8953 	EXP 	text: autoDraw = True
47.9123 	EXP 	text: autoDraw = True
47.9300 	EXP 	text: autoDraw = True
47.9465 	EXP 	text: autoDraw = True
47.9635 	EXP 	text: autoDraw = True
47.9798 	EXP 	text: autoDraw = True
47.9954 	EXP 	text: autoDraw = True
48.0132 	EXP 	text: autoDraw = True
48.0298 	EXP 	text: autoDraw = True
48.0466 	EXP 	text: autoDraw = True
48.0630 	EXP 	text: autoDraw = True
48.0798 	EXP 	text: autoDraw = True
48.0968 	EXP 	text: autoDraw = True
48.1132 	EXP 	text: autoDraw = True
48.1291 	EXP 	text: autoDraw = True
48.1467 	EXP 	text: autoDraw = True
48.1635 	EXP 	text: autoDraw = True
48.1785 	EXP 	text: autoDraw = True
48.1959 	EXP 	text: autoDraw = True
48.2126 	EXP 	text: autoDraw = True
48.2286 	EXP 	text: autoDraw = True
48.2454 	EXP 	text: autoDraw = True
48.2628 	EXP 	text: autoDraw = True
48.2804 	EXP 	text: autoDraw = True
48.2962 	EXP 	text: autoDraw = True
48.3126 	EXP 	text: autoDraw = True
48.3288 	EXP 	text: autoDraw = True
48.3462 	EXP 	text: autoDraw = True
48.3624 	EXP 	text: autoDraw = True
48.3796 	EXP 	text: autoDraw = True
48.3959 	EXP 	text: autoDraw = True
48.4135 	EXP 	text: autoDraw = True
48.4301 	EXP 	text: autoDraw = True
48.4462 	EXP 	text: autoDraw = True
48.4629 	EXP 	text: autoDraw = True
48.4798 	EXP 	text: autoDraw = True
48.4961 	EXP 	text: autoDraw = True
48.5134 	EXP 	text: autoDraw = True
48.5299 	EXP 	text: autoDraw = True
48.5466 	EXP 	text: autoDraw = True
48.5635 	EXP 	text: autoDraw = True
48.5798 	EXP 	text: autoDraw = True
48.5956 	EXP 	text: autoDraw = True
48.6127 	EXP 	text: autoDraw = True
48.6298 	EXP 	text: autoDraw = True
48.6462 	EXP 	text: autoDraw = True
48.6629 	EXP 	text: autoDraw = True
48.6798 	EXP 	text: autoDraw = True
48.6966 	EXP 	text: autoDraw = True
48.7126 	EXP 	text: autoDraw = True
48.7298 	EXP 	text: autoDraw = True
48.7465 	EXP 	text: autoDraw = True
48.7631 	EXP 	text: autoDraw = True
48.7798 	EXP 	text: autoDraw = True
48.7965 	EXP 	text: autoDraw = True
48.8132 	EXP 	text: autoDraw = True
48.8294 	EXP 	text: autoDraw = True
48.8458 	EXP 	text: autoDraw = True
48.8628 	EXP 	text: autoDraw = True
48.8799 	EXP 	text: autoDraw = True
48.8965 	EXP 	text: autoDraw = True
48.9132 	EXP 	text: autoDraw = True
48.9294 	EXP 	text: autoDraw = True
48.9466 	EXP 	text: autoDraw = True
48.9631 	EXP 	text: autoDraw = True
48.9798 	EXP 	text: autoDraw = True
48.9964 	EXP 	text: autoDraw = True
49.0121 	EXP 	text: autoDraw = True
49.0287 	EXP 	text: autoDraw = True
49.0461 	EXP 	text: autoDraw = True
49.0628 	EXP 	text: autoDraw = True
49.0798 	EXP 	text: autoDraw = True
49.0964 	EXP 	text: autoDraw = True
49.1129 	EXP 	text: autoDraw = True
49.1286 	EXP 	text: autoDraw = True
49.1454 	EXP 	text: autoDraw = True
49.1632 	EXP 	text: autoDraw = True
49.1794 	EXP 	text: autoDraw = True
49.1964 	EXP 	text: autoDraw = True
49.2132 	EXP 	text: autoDraw = True
49.2298 	EXP 	text: autoDraw = True
49.2455 	EXP 	text: autoDraw = True
49.2630 	EXP 	text: autoDraw = True
49.2798 	EXP 	text: autoDraw = True
49.2964 	EXP 	text: autoDraw = True
49.3132 	EXP 	text: autoDraw = True
49.3298 	EXP 	text: autoDraw = True
49.3471 	EXP 	text: autoDraw = True
49.3625 	EXP 	text: autoDraw = True
49.3798 	EXP 	text: autoDraw = True
49.3964 	EXP 	text: autoDraw = True
49.4132 	EXP 	text: autoDraw = True
49.4299 	EXP 	text: autoDraw = True
49.4465 	EXP 	text: autoDraw = True
49.4623 	EXP 	text: autoDraw = True
49.4786 	EXP 	text: autoDraw = True
49.4968 	EXP 	text: autoDraw = True
49.5134 	EXP 	text: autoDraw = True
49.5297 	EXP 	text: autoDraw = True
49.5468 	EXP 	text: autoDraw = True
49.5637 	EXP 	text: autoDraw = True
49.5798 	EXP 	text: autoDraw = True
49.5967 	EXP 	text: autoDraw = True
49.6134 	EXP 	text: autoDraw = True
49.6293 	EXP 	text: autoDraw = True
49.6465 	EXP 	text: autoDraw = True
49.6629 	EXP 	text: autoDraw = True
49.6790 	EXP 	text: autoDraw = True
49.6955 	EXP 	text: autoDraw = True
49.7132 	EXP 	text: autoDraw = True
49.7300 	EXP 	text: autoDraw = True
49.7459 	EXP 	text: autoDraw = True
49.7622 	EXP 	text: autoDraw = True
49.7802 	EXP 	text: autoDraw = True
49.7966 	EXP 	text: autoDraw = True
49.8123 	EXP 	text: autoDraw = True
49.8298 	EXP 	text: autoDraw = True
49.8465 	EXP 	text: autoDraw = True
49.8631 	EXP 	text: autoDraw = True
49.8799 	EXP 	text: autoDraw = True
49.8960 	EXP 	text: autoDraw = True
49.9120 	EXP 	text: autoDraw = True
49.9288 	EXP 	text: autoDraw = True
49.9461 	EXP 	text: autoDraw = True
49.9631 	EXP 	text: autoDraw = True
49.9798 	EXP 	text: autoDraw = True
49.9964 	EXP 	text: autoDraw = True
50.0131 	EXP 	text: autoDraw = True
50.0301 	EXP 	text: autoDraw = True
50.0465 	EXP 	text: autoDraw = True
50.0631 	EXP 	text: autoDraw = True
50.0798 	EXP 	text: autoDraw = True
50.0960 	EXP 	text: autoDraw = True
50.0999 	DATA 	Keypress: l
50.1128 	EXP 	text: autoDraw = False
50.1297 	EXP 	unnamed DotStim: dir = 0.0
50.1297 	EXP 	unnamed DotStim: speed = 0.0
50.1297 	EXP 	unnamed DotStim: dotLife = 12000
51.7705 	EXP 	unnamed DotStim: speed = 0.1
51.7705 	EXP 	unnamed DotStim: dotLife = 9
52.2798 	EXP 	unnamed DotStim: dir = 180.0
52.7635 	EXP 	text: autoDraw = True
52.7802 	EXP 	text: autoDraw = True
52.7967 	EXP 	text: autoDraw = True
52.8137 	EXP 	text: autoDraw = True
52.8299 	EXP 	text: autoDraw = True
52.8469 	EXP 	text: autoDraw = True
52.8641 	EXP 	text: autoDraw = True
52.8801 	EXP 	text: autoDraw = True
52.8966 	EXP 	text: autoDraw = True
52.9132 	EXP 	text: autoDraw = True
52.9301 	EXP 	text: autoDraw = True
52.9468 	EXP 	text: autoDraw = True
52.9635 	EXP 	text: autoDraw = True
52.9802 	EXP 	text: autoDraw = True
52.9969 	EXP 	text: autoDraw = True
53.0137 	EXP 	text: autoDraw = True
53.0293 	EXP 	text: autoDraw = True
53.0467 	EXP 	text: autoDraw = True
53.0635 	EXP 	text: autoDraw = True
53.0801 	EXP 	text: autoDraw = True
53.0969 	EXP 	text: autoDraw = True
53.1135 	EXP 	text: autoDraw = True
53.1293 	EXP 	text: autoDraw = True
53.1469 	EXP 	text: autoDraw = True
53.1635 	EXP 	text: autoDraw = True
53.1798 	EXP 	text: autoDraw = True
53.1965 	EXP 	text: autoDraw = True
53.2124 	EXP 	text: autoDraw = True
53.2290 	EXP 	text: autoDraw = True
53.2464 	EXP 	text: autoDraw = True
53.2635 	EXP 	text: autoDraw = True
53.2802 	EXP 	text: autoDraw = True
53.2964 	EXP 	text: autoDraw = True
53.3135 	EXP 	text: autoDraw = True
53.3293 	EXP 	text: autoDraw = True
53.3462 	EXP 	text: autoDraw = True
53.3623 	EXP 	text: autoDraw = True
53.3802 	EXP 	text: autoDraw = True
53.3966 	EXP 	text: autoDraw = True
53.4134 	EXP 	text: autoDraw = True
53.4301 	EXP 	text: autoDraw = True
53.4468 	EXP 	text: autoDraw = True
53.4633 	EXP 	text: autoDraw = True
53.4801 	EXP 	text: autoDraw = True
53.4965 	EXP 	text: autoDraw = True
53.5136 	EXP 	text: autoDraw = True
53.5302 	EXP 	text: autoDraw = True
53.5475 	EXP 	text: autoDraw = True
53.5629 	EXP 	text: autoDraw = True
53.5802 	EXP 	text: autoDraw = True
53.5968 	EXP 	text: autoDraw = True
53.6133 	EXP 	text: autoDraw = True
53.6302 	EXP 	text: autoDraw = True
53.6471 	EXP 	text: autoDraw = True
53.6622 	EXP 	text: autoDraw = True
53.6792 	EXP 	text: autoDraw = True
53.6967 	EXP 	text: autoDraw = True
53.7136 	EXP 	text: autoDraw = True
53.7299 	EXP 	text: autoDraw = True
53.7469 	EXP 	text: autoDraw = True
53.7627 	EXP 	text: autoDraw = True
53.7791 	EXP 	text: autoDraw = True
53.7957 	EXP 	text: autoDraw = True
53.8136 	EXP 	text: autoDraw = True
53.8299 	EXP 	text: autoDraw = True
53.8468 	EXP 	text: autoDraw = True
53.8634 	EXP 	text: autoDraw = True
53.8797 	EXP 	text: autoDraw = True
53.8963 	EXP 	text: autoDraw = True
53.9133 	EXP 	text: autoDraw = True
53.9302 	EXP 	text: autoDraw = True
53.9470 	EXP 	text: autoDraw = True
53.9630 	EXP 	text: autoDraw = True
53.9801 	EXP 	text: autoDraw = True
53.9968 	EXP 	text: autoDraw = True
54.0134 	EXP 	text: autoDraw = True
54.0192 	DATA 	Keypress: s
54.0296 	EXP 	text: autoDraw = False
54.0468 	EXP 	unnamed DotStim: dir = 0.0
54.0468 	EXP 	unnamed DotStim: speed = 0.0
54.0468 	EXP 	unnamed DotStim: dotLife = 12000
55.2686 	EXP 	unnamed DotStim: speed = 0.1
55.2686 	EXP 	unnamed DotStim: dotLife = 9
55.7634 	EXP 	unnamed DotStim: dir = 180.0
56.3798 	EXP 	text: autoDraw = True
56.3968 	EXP 	text: autoDraw = True
56.4135 	EXP 	text: autoDraw = True
56.4301 	EXP 	text: autoDraw = True
56.4462 	EXP 	text: autoDraw = True
56.4633 	EXP 	text: autoDraw = True
56.4801 	EXP 	text: autoDraw = True
56.4967 	EXP 	text: autoDraw = True
56.5126 	EXP 	text: autoDraw = True
56.5299 	EXP 	text: autoDraw = True
56.5457 	EXP 	text: autoDraw = True
56.5633 	EXP 	text: autoDraw = True
56.5791 	EXP 	text: autoDraw = True
56.5966 	EXP 	text: autoDraw = True
56.6125 	EXP 	text: autoDraw = True
56.6289 	EXP 	text: autoDraw = True
56.6471 	EXP 	text: autoDraw = True
56.6630 	EXP 	text: autoDraw = True
56.6802 	EXP 	text: autoDraw = True
56.6968 	EXP 	text: autoDraw = True
56.7131 	EXP 	text: autoDraw = True
56.7291 	EXP 	text: autoDraw = True
56.7455 	EXP 	text: autoDraw = True
56.7633 	EXP 	text: autoDraw = True
56.7797 	EXP 	text: autoDraw = True
56.7968 	EXP 	text: autoDraw = True
56.8135 	EXP 	text: autoDraw = True
56.8301 	EXP 	text: autoDraw = True
56.8466 	EXP 	text: autoDraw = True
56.8638 	EXP 	text: autoDraw = True
56.8795 	EXP 	text: autoDraw = True
56.8967 	EXP 	text: autoDraw = True
56.9133 	EXP 	text: autoDraw = True
56.9301 	EXP 	text: autoDraw = True
56.9468 	EXP 	text: autoDraw = True
56.9634 	EXP 	text: autoDraw = True
56.9801 	EXP 	text: autoDraw = True
56.9966 	EXP 	text: autoDraw = True
57.0134 	EXP 	text: autoDraw = True
57.0297 	EXP 	text: autoDraw = True
57.0469 	EXP 	text: autoDraw = True
57.0632 	EXP 	text: autoDraw = True
57.0803 	EXP 	text: autoDraw = True
57.0963 	EXP 	text: autoDraw = True
57.1127 	EXP 	text: autoDraw = True
57.1301 	EXP 	text: autoDraw = True
57.1468 	EXP 	text: autoDraw = True
57.1637 	EXP 	text: autoDraw = True
57.1799 	EXP 	text: autoDraw = True
57.1970 	EXP 	text: autoDraw = True
57.2128 	EXP 	text: autoDraw = True
57.2302 	EXP 	text: autoDraw = True
57.2463 	EXP 	text: autoDraw = True
57.2634 	EXP 	text: autoDraw = True
57.2801 	EXP 	text: autoDraw = True
57.2969 	EXP 	text: autoDraw = True
57.3137 	EXP 	text: autoDraw = True
57.3301 	EXP 	text: autoDraw = True
57.3466 	EXP 	text: autoDraw = True
57.3630 	EXP 	text: autoDraw = True
57.3802 	EXP 	text: autoDraw = True
57.3960 	EXP 	text: autoDraw = True
57.4124 	EXP 	text: autoDraw = True
57.4299 	EXP 	text: autoDraw = True
57.4469 	EXP 	text: autoDraw = True
57.4634 	EXP 	text: autoDraw = True
57.4800 	EXP 	text: autoDraw = True
57.4956 	EXP 	text: autoDraw = True
57.5126 	EXP 	text: autoDraw = True
57.5292 	EXP 	text: autoDraw = True
57.5468 	EXP 	text: autoDraw = True
57.5626 	EXP 	text: autoDraw = True
57.5797 	EXP 	text: autoDraw = True
57.5968 	EXP 	text: autoDraw = True
57.6135 	EXP 	text: autoDraw = True
57.6295 	EXP 	text: autoDraw = True
57.6462 	EXP 	text: autoDraw = True
57.6634 	EXP 	text: autoDraw = True
57.6795 	EXP 	text: autoDraw = True
57.6966 	EXP 	text: autoDraw = True
57.7136 	EXP 	text: autoDraw = True
57.7299 	EXP 	text: autoDraw = True
57.7467 	EXP 	text: autoDraw = True
57.7632 	EXP 	text: autoDraw = True
57.7800 	EXP 	text: autoDraw = True
57.7967 	EXP 	text: autoDraw = True
57.8132 	EXP 	text: autoDraw = True
57.8301 	EXP 	text: autoDraw = True
57.8460 	EXP 	text: autoDraw = True
57.8625 	EXP 	text: autoDraw = True
57.8795 	EXP 	text: autoDraw = True
57.8967 	EXP 	text: autoDraw = True
57.9135 	EXP 	text: autoDraw = True
57.9301 	EXP 	text: autoDraw = True
57.9465 	EXP 	text: autoDraw = True
57.9634 	EXP 	text: autoDraw = True
57.9798 	EXP 	text: autoDraw = True
57.9967 	EXP 	text: autoDraw = True
58.0135 	EXP 	text: autoDraw = True
58.0300 	EXP 	text: autoDraw = True
58.0468 	EXP 	text: autoDraw = True
58.0627 	EXP 	text: autoDraw = True
58.0788 	EXP 	text: autoDraw = True
58.0951 	EXP 	text: autoDraw = True
58.1135 	EXP 	text: autoDraw = True
58.1299 	EXP 	text: autoDraw = True
58.1465 	EXP 	text: autoDraw = True
58.1629 	EXP 	text: autoDraw = True
58.1802 	EXP 	text: autoDraw = True
58.1876 	DATA 	Keypress: l
58.1967 	EXP 	text: autoDraw = True
58.2133 	EXP 	text: autoDraw = False
58.2300 	EXP 	unnamed DotStim: dir = 0.0
58.2300 	EXP 	unnamed DotStim: speed = 0.0
58.2300 	EXP 	unnamed DotStim: dotLife = 12000
59.6730 	EXP 	unnamed DotStim: speed = 0.1
59.6730 	EXP 	unnamed DotStim: dotLife = 9
60.1794 	EXP 	unnamed DotStim: dir = 180.0
60.6132 	EXP 	text: autoDraw = True
60.6306 	EXP 	text: autoDraw = True
60.6463 	EXP 	text: autoDraw = True
60.6634 	EXP 	text: autoDraw = True
60.6804 	EXP 	text: autoDraw = True
60.6965 	EXP 	text: autoDraw = True
60.7127 	EXP 	text: autoDraw = True
60.7301 	EXP 	text: autoDraw = True
60.7465 	EXP 	text: autoDraw = True
60.7637 	EXP 	text: autoDraw = True
60.7788 	EXP 	text: autoDraw = True
60.7962 	EXP 	text: autoDraw = True
60.8123 	EXP 	text: autoDraw = True
60.8285 	EXP 	text: autoDraw = True
60.8465 	EXP 	text: autoDraw = True
60.8620 	EXP 	text: autoDraw = True
60.8790 	EXP 	text: autoDraw = True
60.8967 	EXP 	text: autoDraw = True
60.9123 	EXP 	text: autoDraw = True
60.9288 	EXP 	text: autoDraw = True
60.9466 	EXP 	text: autoDraw = True
60.9634 	EXP 	text: autoDraw = True
60.9800 	EXP 	text: autoDraw = True
60.9968 	EXP 	text: autoDraw = True
61.0134 	EXP 	text: autoDraw = True
61.0311 	EXP 	text: autoDraw = True
61.0467 	EXP 	text: autoDraw = True
61.0632 	EXP 	text: autoDraw = True
61.0795 	EXP 	text: autoDraw = True
61.0968 	EXP 	text: autoDraw = True
61.1132 	EXP 	text: autoDraw = True
61.1301 	EXP 	text: autoDraw = True
61.1471 	EXP 	text: autoDraw = True
61.1634 	EXP 	text: autoDraw = True
61.1798 	EXP 	text: autoDraw = True
61.1970 	EXP 	text: autoDraw = True
61.2128 	EXP 	text: autoDraw = True
61.2291 	EXP 	text: autoDraw = True
61.2467 	EXP 	text: autoDraw = True
61.2632 	EXP 	text: autoDraw = True
61.2800 	EXP 	text: autoDraw = True
61.2957 	EXP 	text: autoDraw = True
61.3127 	EXP 	text: autoDraw = True
61.3294 	EXP 	text: autoDraw = True
61.3465 	EXP 	text: autoDraw = True
61.3634 	EXP 	text: autoDraw = True
61.3803 	EXP 	text: autoDraw = True
61.3964 	EXP 	text: autoDraw = True
61.4136 	EXP 	text: autoDraw = True
61.4292 	EXP 	text: autoDraw = True
61.4463 	EXP 	text: autoDraw = True
61.4633 	EXP 	text: autoDraw = True
61.4795 	EXP 	text: autoDraw = True
61.4968 	EXP 	text: autoDraw = True
61.5140 	EXP 	text: autoDraw = True
61.5204 	DATA 	Keypress: s
61.5301 	EXP 	text: autoDraw = True
61.5467 	EXP 	text: autoDraw = False
61.5632 	EXP 	unnamed DotStim: dir = 180.0
61.5632 	EXP 	unnamed DotStim: speed = 0.0
61.5632 	EXP 	unnamed DotStim: dotLife = 12000
62.8060 	EXP 	unnamed DotStim: speed = 0.1
62.8060 	EXP 	unnamed DotStim: dotLife = 9
63.3122 	EXP 	unnamed DotStim: dir = 360.0
63.8624 	EXP 	text: autoDraw = True
63.8796 	EXP 	text: autoDraw = True
63.8969 	EXP 	text: autoDraw = True
63.9134 	EXP 	text: autoDraw = True
63.9304 	EXP 	text: autoDraw = True
63.9468 	EXP 	text: autoDraw = True
63.9634 	EXP 	text: autoDraw = True
63.9800 	EXP 	text: autoDraw = True
63.9968 	EXP 	text: autoDraw = True
64.0134 	EXP 	text: autoDraw = True
64.0302 	EXP 	text: autoDraw = True
64.0465 	EXP 	text: autoDraw = True
64.0631 	EXP 	text: autoDraw = True
64.0798 	EXP 	text: autoDraw = True
64.0966 	EXP 	text: autoDraw = True
64.1134 	EXP 	text: autoDraw = True
64.1299 	EXP 	text: autoDraw = True
64.1473 	EXP 	text: autoDraw = True
64.1634 	EXP 	text: autoDraw = True
64.1790 	EXP 	text: autoDraw = True
64.1958 	EXP 	text: autoDraw = True
64.2121 	EXP 	text: autoDraw = True
64.2291 	EXP 	text: autoDraw = True
64.2465 	EXP 	text: autoDraw = True
64.2632 	EXP 	text: autoDraw = True
64.2801 	EXP 	text: autoDraw = True
64.2964 	EXP 	text: autoDraw = True
64.3134 	EXP 	text: autoDraw = True
64.3300 	EXP 	text: autoDraw = True
64.3464 	EXP 	text: autoDraw = True
64.3633 	EXP 	text: autoDraw = True
64.3799 	EXP 	text: autoDraw = True
64.3966 	EXP 	text: autoDraw = True
64.4125 	EXP 	text: autoDraw = True
64.4294 	EXP 	text: autoDraw = True
64.4462 	EXP 	text: autoDraw = True
64.4633 	EXP 	text: autoDraw = True
64.4798 	EXP 	text: autoDraw = True
64.4966 	EXP 	text: autoDraw = True
64.5130 	EXP 	text: autoDraw = True
64.5300 	EXP 	text: autoDraw = True
64.5467 	EXP 	text: autoDraw = True
64.5631 	EXP 	text: autoDraw = True
64.5784 	EXP 	text: autoDraw = True
64.5965 	EXP 	text: autoDraw = True
64.6134 	EXP 	text: autoDraw = True
64.6300 	EXP 	text: autoDraw = True
64.6465 	EXP 	text: autoDraw = True
64.6624 	EXP 	text: autoDraw = True
64.6788 	EXP 	text: autoDraw = True
64.6966 	EXP 	text: autoDraw = True
64.7131 	EXP 	text: autoDraw = True
64.7291 	EXP 	text: autoDraw = True
64.7351 	DATA 	Keypress: l
64.7469 	EXP 	text: autoDraw = True
64.7634 	EXP 	text: autoDraw = False
64.7801 	EXP 	unnamed DotStim: dir = 180.0
64.7801 	EXP 	unnamed DotStim: speed = 0.0
64.7801 	EXP 	unnamed DotStim: dotLife = 12000
66.6826 	EXP 	unnamed DotStim: speed = 0.1
66.6826 	EXP 	unnamed DotStim: dotLife = 9
67.1801 	EXP 	unnamed DotStim: dir = 360.0
67.6300 	EXP 	text: autoDraw = True
67.6464 	EXP 	text: autoDraw = True
67.6634 	EXP 	text: autoDraw = True
67.6800 	EXP 	text: autoDraw = True
67.6972 	EXP 	text: autoDraw = True
67.7137 	EXP 	text: autoDraw = True
67.7282 	EXP 	text: autoDraw = True
67.7468 	EXP 	text: autoDraw = True
67.7627 	EXP 	text: autoDraw = True
67.7790 	EXP 	text: autoDraw = True
67.7966 	EXP 	text: autoDraw = True
67.8127 	EXP 	text: autoDraw = True
67.8299 	EXP 	text: autoDraw = True
67.8455 	EXP 	text: autoDraw = True
67.8632 	EXP 	text: autoDraw = True
67.8800 	EXP 	text: autoDraw = True
67.8967 	EXP 	text: autoDraw = True
67.9140 	EXP 	text: autoDraw = True
67.9309 	EXP 	text: autoDraw = True
67.9459 	EXP 	text: autoDraw = True
67.9623 	EXP 	text: autoDraw = True
67.9794 	EXP 	text: autoDraw = True
67.9965 	EXP 	text: autoDraw = True
68.0130 	EXP 	text: autoDraw = True
68.0300 	EXP 	text: autoDraw = True
68.0459 	EXP 	text: autoDraw = True
68.0634 	EXP 	text: autoDraw = True
68.0798 	EXP 	text: autoDraw = True
68.0967 	EXP 	text: autoDraw = True
68.1122 	EXP 	text: autoDraw = True
68.1295 	EXP 	text: autoDraw = True
68.1468 	EXP 	text: autoDraw = True
68.1633 	EXP 	text: autoDraw = True
68.1806 	EXP 	text: autoDraw = True
68.1966 	EXP 	text: autoDraw = True
68.2132 	EXP 	text: autoDraw = True
68.2304 	EXP 	text: autoDraw = True
68.2465 	EXP 	text: autoDraw = True
68.2633 	EXP 	text: autoDraw = True
68.2801 	EXP 	text: autoDraw = True
68.2965 	EXP 	text: autoDraw = True
68.3132 	EXP 	text: autoDraw = True
68.3296 	EXP 	text: autoDraw = True
68.3464 	EXP 	text: autoDraw = True
68.3630 	EXP 	text: autoDraw = True
68.3795 	EXP 	text: autoDraw = True
68.3969 	EXP 	text: autoDraw = True
68.4124 	EXP 	text: autoDraw = True
68.4293 	EXP 	text: autoDraw = True
68.4464 	EXP 	text: autoDraw = True
68.4635 	EXP 	text: autoDraw = True
68.4804 	EXP 	text: autoDraw = True
68.4967 	EXP 	text: autoDraw = True
68.5133 	EXP 	text: autoDraw = True
68.5300 	EXP 	text: autoDraw = True
68.5466 	EXP 	text: autoDraw = True
68.5628 	EXP 	text: autoDraw = True
68.5796 	EXP 	text: autoDraw = True
68.5972 	EXP 	text: autoDraw = True
68.6126 	EXP 	text: autoDraw = True
68.6293 	EXP 	text: autoDraw = True
68.6466 	EXP 	text: autoDraw = True
68.6631 	EXP 	text: autoDraw = True
68.6790 	EXP 	text: autoDraw = True
68.6954 	EXP 	text: autoDraw = True
68.7129 	EXP 	text: autoDraw = True
68.7289 	EXP 	text: autoDraw = True
68.7465 	EXP 	text: autoDraw = True
68.7623 	EXP 	text: autoDraw = True
68.7797 	EXP 	text: autoDraw = True
68.7966 	EXP 	text: autoDraw = True
68.8130 	EXP 	text: autoDraw = True
68.8311 	EXP 	text: autoDraw = True
68.8484 	EXP 	text: autoDraw = True
68.8783 	EXP 	text: autoDraw = True
68.8995 	EXP 	text: autoDraw = True
68.9142 	EXP 	text: autoDraw = True
68.9321 	EXP 	text: autoDraw = True
68.9495 	EXP 	text: autoDraw = True
68.9657 	EXP 	text: autoDraw = True
68.9820 	EXP 	text: autoDraw = True
68.9997 	EXP 	text: autoDraw = True
69.0158 	EXP 	text: autoDraw = True
69.0326 	EXP 	text: autoDraw = True
69.0498 	EXP 	text: autoDraw = True
69.0654 	EXP 	text: autoDraw = True
69.0833 	EXP 	text: autoDraw = True
69.0973 	EXP 	text: autoDraw = True
69.1149 	EXP 	text: autoDraw = True
69.1290 	EXP 	text: autoDraw = True
69.1490 	EXP 	text: autoDraw = True
69.1660 	EXP 	text: autoDraw = True
69.1821 	EXP 	text: autoDraw = True
69.1974 	EXP 	text: autoDraw = True
69.2143 	EXP 	text: autoDraw = True
69.2317 	EXP 	text: autoDraw = True
69.2475 	EXP 	text: autoDraw = True
69.2650 	EXP 	text: autoDraw = True
69.2829 	EXP 	text: autoDraw = True
69.2992 	EXP 	text: autoDraw = True
69.3144 	EXP 	text: autoDraw = True
69.3314 	EXP 	text: autoDraw = True
69.3494 	EXP 	text: autoDraw = True
69.3787 	EXP 	text: autoDraw = True
69.3990 	EXP 	text: autoDraw = True
69.4284 	EXP 	text: autoDraw = True
69.4479 	EXP 	text: autoDraw = True
69.4655 	EXP 	text: autoDraw = True
69.4830 	EXP 	text: autoDraw = True
69.4989 	EXP 	text: autoDraw = True
69.5158 	EXP 	text: autoDraw = True
69.5320 	EXP 	text: autoDraw = True
69.5486 	EXP 	text: autoDraw = True
69.5519 	DATA 	Keypress: s
69.5642 	EXP 	text: autoDraw = False
69.5790 	EXP 	unnamed DotStim: dir = 180.0
69.5790 	EXP 	unnamed DotStim: speed = 0.0
69.5790 	EXP 	unnamed DotStim: dotLife = 12000
71.2048 	EXP 	unnamed DotStim: speed = 0.1
71.2048 	EXP 	unnamed DotStim: dotLife = 9
71.7125 	EXP 	unnamed DotStim: dir = 360.0
72.2130 	EXP 	text: autoDraw = True
72.2300 	EXP 	text: autoDraw = True
72.2456 	EXP 	text: autoDraw = True
72.2632 	EXP 	text: autoDraw = True
72.2795 	EXP 	text: autoDraw = True
72.2966 	EXP 	text: autoDraw = True
72.3120 	EXP 	text: autoDraw = True
72.3298 	EXP 	text: autoDraw = True
72.3458 	EXP 	text: autoDraw = True
72.3632 	EXP 	text: autoDraw = True
72.3799 	EXP 	text: autoDraw = True
72.3966 	EXP 	text: autoDraw = True
72.4131 	EXP 	text: autoDraw = True
72.4297 	EXP 	text: autoDraw = True
72.4467 	EXP 	text: autoDraw = True
72.4631 	EXP 	text: autoDraw = True
72.4798 	EXP 	text: autoDraw = True
72.4963 	EXP 	text: autoDraw = True
72.5133 	EXP 	text: autoDraw = True
72.5285 	EXP 	text: autoDraw = True
72.5457 	EXP 	text: autoDraw = True
72.5623 	EXP 	text: autoDraw = True
72.5788 	EXP 	text: autoDraw = True
72.5953 	EXP 	text: autoDraw = True
72.6122 	EXP 	text: autoDraw = True
72.6298 	EXP 	text: autoDraw = True
72.6465 	EXP 	text: autoDraw = True
72.6626 	EXP 	text: autoDraw = True
72.6797 	EXP 	text: autoDraw = True
72.6961 	EXP 	text: autoDraw = True
72.7133 	EXP 	text: autoDraw = True
72.7304 	EXP 	text: autoDraw = True
72.7467 	EXP 	text: autoDraw = True
72.7627 	EXP 	text: autoDraw = True
72.7799 	EXP 	text: autoDraw = True
72.7965 	EXP 	text: autoDraw = True
72.8124 	EXP 	text: autoDraw = True
72.8287 	EXP 	text: autoDraw = True
72.8464 	EXP 	text: autoDraw = True
72.8625 	EXP 	text: autoDraw = True
72.8793 	EXP 	text: autoDraw = True
72.8965 	EXP 	text: autoDraw = True
72.9128 	EXP 	text: autoDraw = True
72.9297 	EXP 	text: autoDraw = True
72.9465 	EXP 	text: autoDraw = True
72.9626 	EXP 	text: autoDraw = True
72.9800 	EXP 	text: autoDraw = True
72.9969 	EXP 	text: autoDraw = True
73.0134 	EXP 	text: autoDraw = True
73.0302 	EXP 	text: autoDraw = True
73.0457 	EXP 	text: autoDraw = True
73.0622 	EXP 	text: autoDraw = True
73.0791 	EXP 	text: autoDraw = True
73.0956 	EXP 	text: autoDraw = True
73.1132 	EXP 	text: autoDraw = True
73.1299 	EXP 	text: autoDraw = True
73.1464 	EXP 	text: autoDraw = True
73.1632 	EXP 	text: autoDraw = True
73.1796 	EXP 	text: autoDraw = True
73.1966 	EXP 	text: autoDraw = True
73.2132 	EXP 	text: autoDraw = True
73.2300 	EXP 	text: autoDraw = True
73.2460 	EXP 	text: autoDraw = True
73.2632 	EXP 	text: autoDraw = True
73.2786 	EXP 	text: autoDraw = True
73.2829 	DATA 	Keypress: s
73.2961 	EXP 	text: autoDraw = False
73.3126 	EXP 	unnamed DotStim: dir = 180.0
73.3126 	EXP 	unnamed DotStim: speed = 0.0
73.3126 	EXP 	unnamed DotStim: dotLife = 12000
75.2030 	EXP 	unnamed DotStim: speed = 0.1
75.2030 	EXP 	unnamed DotStim: dotLife = 9
75.7131 	EXP 	unnamed DotStim: dir = 360.0
76.1963 	EXP 	text: autoDraw = True
76.2135 	EXP 	text: autoDraw = True
76.2297 	EXP 	text: autoDraw = True
76.2466 	EXP 	text: autoDraw = True
76.2632 	EXP 	text: autoDraw = True
76.2792 	EXP 	text: autoDraw = True
76.2965 	EXP 	text: autoDraw = True
76.3129 	EXP 	text: autoDraw = True
76.3294 	EXP 	text: autoDraw = True
76.3454 	EXP 	text: autoDraw = True
76.3630 	EXP 	text: autoDraw = True
76.3795 	EXP 	text: autoDraw = True
76.3965 	EXP 	text: autoDraw = True
76.4132 	EXP 	text: autoDraw = True
76.4291 	EXP 	text: autoDraw = True
76.4465 	EXP 	text: autoDraw = True
76.4635 	EXP 	text: autoDraw = True
76.4797 	EXP 	text: autoDraw = True
76.4969 	EXP 	text: autoDraw = True
76.5120 	EXP 	text: autoDraw = True
76.5301 	EXP 	text: autoDraw = True
76.5465 	EXP 	text: autoDraw = True
76.5626 	EXP 	text: autoDraw = True
76.5798 	EXP 	text: autoDraw = True
76.5962 	EXP 	text: autoDraw = True
76.6131 	EXP 	text: autoDraw = True
76.6297 	EXP 	text: autoDraw = True
76.6465 	EXP 	text: autoDraw = True
76.6626 	EXP 	text: autoDraw = True
76.6799 	EXP 	text: autoDraw = True
76.6965 	EXP 	text: autoDraw = True
76.7129 	EXP 	text: autoDraw = True
76.7302 	EXP 	text: autoDraw = True
76.7461 	EXP 	text: autoDraw = True
76.7628 	EXP 	text: autoDraw = True
76.7796 	EXP 	text: autoDraw = True
76.7957 	EXP 	text: autoDraw = True
76.8122 	EXP 	text: autoDraw = True
76.8297 	EXP 	text: autoDraw = True
76.8465 	EXP 	text: autoDraw = True
76.8634 	EXP 	text: autoDraw = True
76.8796 	EXP 	text: autoDraw = True
76.8963 	EXP 	text: autoDraw = True
76.9134 	EXP 	text: autoDraw = True
76.9299 	EXP 	text: autoDraw = True
76.9465 	EXP 	text: autoDraw = True
76.9631 	EXP 	text: autoDraw = True
76.9788 	EXP 	text: autoDraw = True
76.9966 	EXP 	text: autoDraw = True
77.0129 	EXP 	text: autoDraw = True
77.0287 	EXP 	text: autoDraw = True
77.0460 	EXP 	text: autoDraw = True
77.0626 	EXP 	text: autoDraw = True
77.0798 	EXP 	text: autoDraw = True
77.0972 	EXP 	text: autoDraw = True
77.1124 	EXP 	text: autoDraw = True
77.1168 	DATA 	Keypress: s
77.1292 	EXP 	text: autoDraw = False
77.1460 	EXP 	unnamed DotStim: dir = 0.0
77.1460 	EXP 	unnamed DotStim: speed = 0.0
77.1460 	EXP 	unnamed DotStim: dotLife = 12000
78.5428 	EXP 	unnamed DotStim: speed = 0.1
78.5428 	EXP 	unnamed DotStim: dotLife = 9
79.0465 	EXP 	unnamed DotStim: dir = 180.0
79.6462 	EXP 	text: autoDraw = True
79.6632 	EXP 	text: autoDraw = True
79.6798 	EXP 	text: autoDraw = True
79.6963 	EXP 	text: autoDraw = True
79.7127 	EXP 	text: autoDraw = True
79.7287 	EXP 	text: autoDraw = True
79.7455 	EXP 	text: autoDraw = True
79.7633 	EXP 	text: autoDraw = True
79.7791 	EXP 	text: autoDraw = True
79.7966 	EXP 	text: autoDraw = True
79.8131 	EXP 	text: autoDraw = True
79.8296 	EXP 	text: autoDraw = True
79.8465 	EXP 	text: autoDraw = True
79.8625 	EXP 	text: autoDraw = True
79.8799 	EXP 	text: autoDraw = True
79.8960 	EXP 	text: autoDraw = True
79.9131 	EXP 	text: autoDraw = True
79.9296 	EXP 	text: autoDraw = True
79.9465 	EXP 	text: autoDraw = True
79.9619 	EXP 	text: autoDraw = True
79.9799 	EXP 	text: autoDraw = True
79.9963 	EXP 	text: autoDraw = True
80.0131 	EXP 	text: autoDraw = True
80.0297 	EXP 	text: autoDraw = True
80.0465 	EXP 	text: autoDraw = True
80.0620 	EXP 	text: autoDraw = True
80.0785 	EXP 	text: autoDraw = True
80.0958 	EXP 	text: autoDraw = True
80.1131 	EXP 	text: autoDraw = True
80.1296 	EXP 	text: autoDraw = True
80.1465 	EXP 	text: autoDraw = True
80.1632 	EXP 	text: autoDraw = True
80.1801 	EXP 	text: autoDraw = True
80.1963 	EXP 	text: autoDraw = True
80.2130 	EXP 	text: autoDraw = True
80.2298 	EXP 	text: autoDraw = True
80.2460 	EXP 	text: autoDraw = True
80.2630 	EXP 	text: autoDraw = True
80.2786 	EXP 	text: autoDraw = True
80.2965 	EXP 	text: autoDraw = True
80.3121 	EXP 	text: autoDraw = True
80.3299 	EXP 	text: autoDraw = True
80.3466 	EXP 	text: autoDraw = True
80.3632 	EXP 	text: autoDraw = True
80.3796 	EXP 	text: autoDraw = True
80.3953 	EXP 	text: autoDraw = True
80.4119 	EXP 	text: autoDraw = True
80.4294 	EXP 	text: autoDraw = True
80.4463 	EXP 	text: autoDraw = True
80.4631 	EXP 	text: autoDraw = True
80.4796 	EXP 	text: autoDraw = True
80.4959 	EXP 	text: autoDraw = True
80.5125 	EXP 	text: autoDraw = True
80.5285 	EXP 	text: autoDraw = True
80.5466 	EXP 	text: autoDraw = True
80.5629 	EXP 	text: autoDraw = True
80.5789 	EXP 	text: autoDraw = True
80.5964 	EXP 	text: autoDraw = True
80.6121 	EXP 	text: autoDraw = True
80.6285 	EXP 	text: autoDraw = True
80.6465 	EXP 	text: autoDraw = True
80.6631 	EXP 	text: autoDraw = True
80.6792 	EXP 	text: autoDraw = True
80.6958 	EXP 	text: autoDraw = True
80.7126 	EXP 	text: autoDraw = True
80.7298 	EXP 	text: autoDraw = True
80.7462 	EXP 	text: autoDraw = True
80.7633 	EXP 	text: autoDraw = True
80.7798 	EXP 	text: autoDraw = True
80.7963 	EXP 	text: autoDraw = True
80.8131 	EXP 	text: autoDraw = True
80.8290 	EXP 	text: autoDraw = True
80.8461 	EXP 	text: autoDraw = True
80.8615 	EXP 	text: autoDraw = True
80.8793 	EXP 	text: autoDraw = True
80.8965 	EXP 	text: autoDraw = True
80.9132 	EXP 	text: autoDraw = True
80.9300 	EXP 	text: autoDraw = True
80.9464 	EXP 	text: autoDraw = True
80.9633 	EXP 	text: autoDraw = True
80.9796 	EXP 	text: autoDraw = True
80.9954 	EXP 	text: autoDraw = True
81.0134 	EXP 	text: autoDraw = True
81.0288 	EXP 	text: autoDraw = True
81.0460 	EXP 	text: autoDraw = True
81.0627 	EXP 	text: autoDraw = True
81.0798 	EXP 	text: autoDraw = True
81.0965 	EXP 	text: autoDraw = True
81.1131 	EXP 	text: autoDraw = True
81.1297 	EXP 	text: autoDraw = True
81.1463 	EXP 	text: autoDraw = True
81.1629 	EXP 	text: autoDraw = True
81.1798 	EXP 	text: autoDraw = True
81.1966 	EXP 	text: autoDraw = True
81.2120 	EXP 	text: autoDraw = True
81.2298 	EXP 	text: autoDraw = True
81.2465 	EXP 	text: autoDraw = True
81.2625 	EXP 	text: autoDraw = True
81.2796 	EXP 	text: autoDraw = True
81.2965 	EXP 	text: autoDraw = True
81.3132 	EXP 	text: autoDraw = True
81.3295 	EXP 	text: autoDraw = True
81.3465 	EXP 	text: autoDraw = True
81.3631 	EXP 	text: autoDraw = True
81.3796 	EXP 	text: autoDraw = True
81.3962 	EXP 	text: autoDraw = True
81.4119 	EXP 	text: autoDraw = True
81.4297 	EXP 	text: autoDraw = True
81.4453 	EXP 	text: autoDraw = True
81.4629 	EXP 	text: autoDraw = True
81.4794 	EXP 	text: autoDraw = True
81.4966 	EXP 	text: autoDraw = True
81.5130 	EXP 	text: autoDraw = True
81.5298 	EXP 	text: autoDraw = True
81.5461 	EXP 	text: autoDraw = True
81.5631 	EXP 	text: autoDraw = True
81.5791 	EXP 	text: autoDraw = True
81.5963 	EXP 	text: autoDraw = True
81.6126 	EXP 	text: autoDraw = True
81.6294 	EXP 	text: autoDraw = True
81.6452 	EXP 	text: autoDraw = True
81.6621 	EXP 	text: autoDraw = True
81.6787 	EXP 	text: autoDraw = True
81.6949 	EXP 	text: autoDraw = True
81.6985 	DATA 	Keypress: l
81.7131 	EXP 	text: autoDraw = False
81.7296 	EXP 	unnamed DotStim: dir = 0.0
81.7296 	EXP 	unnamed DotStim: speed = 0.0
81.7296 	EXP 	unnamed DotStim: dotLife = 12000
82.9559 	EXP 	unnamed DotStim: speed = 0.1
82.9559 	EXP 	unnamed DotStim: dotLife = 9
83.4621 	EXP 	unnamed DotStim: dir = 180.0
84.1622 	EXP 	text: autoDraw = True
84.1788 	EXP 	text: autoDraw = True
84.1957 	EXP 	text: autoDraw = True
84.2119 	EXP 	text: autoDraw = True
84.2289 	EXP 	text: autoDraw = True
84.2459 	EXP 	text: autoDraw = True
84.2620 	EXP 	text: autoDraw = True
84.2796 	EXP 	text: autoDraw = True
84.2949 	EXP 	text: autoDraw = True
84.3127 	EXP 	text: autoDraw = True
84.3286 	EXP 	text: autoDraw = True
84.3458 	EXP 	text: autoDraw = True
84.3616 	EXP 	text: autoDraw = True
84.3790 	EXP 	text: autoDraw = True
84.3952 	EXP 	text: autoDraw = True
84.4123 	EXP 	text: autoDraw = True
84.4289 	EXP 	text: autoDraw = True
84.4455 	EXP 	text: autoDraw = True
84.4623 	EXP 	text: autoDraw = True
84.4790 	EXP 	text: autoDraw = True
84.4953 	EXP 	text: autoDraw = True
84.5114 	EXP 	text: autoDraw = True
84.5288 	EXP 	text: autoDraw = True
84.5449 	EXP 	text: autoDraw = True
84.5622 	EXP 	text: autoDraw = True
84.5784 	EXP 	text: autoDraw = True
84.5943 	EXP 	text: autoDraw = True
84.6123 	EXP 	text: autoDraw = True
84.6293 	EXP 	text: autoDraw = True
84.6458 	EXP 	text: autoDraw = True
84.6626 	EXP 	text: autoDraw = True
84.6793 	EXP 	text: autoDraw = True
84.6958 	EXP 	text: autoDraw = True
84.7127 	EXP 	text: autoDraw = True
84.7285 	EXP 	text: autoDraw = True
84.7457 	EXP 	text: autoDraw = True
84.7622 	EXP 	text: autoDraw = True
84.7789 	EXP 	text: autoDraw = True
84.7952 	EXP 	text: autoDraw = True
84.8113 	EXP 	text: autoDraw = True
84.8285 	EXP 	text: autoDraw = True
84.8448 	EXP 	text: autoDraw = True
84.8624 	EXP 	text: autoDraw = True
84.8791 	EXP 	text: autoDraw = True
84.8951 	EXP 	text: autoDraw = True
84.9112 	EXP 	text: autoDraw = True
84.9281 	EXP 	text: autoDraw = True
84.9457 	EXP 	text: autoDraw = True
84.9625 	EXP 	text: autoDraw = True
84.9790 	EXP 	text: autoDraw = True
84.9957 	EXP 	text: autoDraw = True
85.0119 	EXP 	text: autoDraw = True
85.0293 	EXP 	text: autoDraw = True
85.0460 	EXP 	text: autoDraw = True
85.0626 	EXP 	text: autoDraw = True
85.0793 	EXP 	text: autoDraw = True
85.0959 	EXP 	text: autoDraw = True
85.1127 	EXP 	text: autoDraw = True
85.1291 	EXP 	text: autoDraw = True
85.1450 	EXP 	text: autoDraw = True
85.1619 	EXP 	text: autoDraw = True
85.1785 	EXP 	text: autoDraw = True
85.1952 	EXP 	text: autoDraw = True
85.2123 	EXP 	text: autoDraw = True
85.2289 	EXP 	text: autoDraw = True
85.2451 	EXP 	text: autoDraw = True
85.2617 	EXP 	text: autoDraw = True
85.2780 	EXP 	text: autoDraw = True
85.2958 	EXP 	text: autoDraw = True
85.3124 	EXP 	text: autoDraw = True
85.3286 	EXP 	text: autoDraw = True
85.3447 	EXP 	text: autoDraw = True
85.3622 	EXP 	text: autoDraw = True
85.3784 	EXP 	text: autoDraw = True
85.3957 	EXP 	text: autoDraw = True
85.4116 	EXP 	text: autoDraw = True
85.4286 	EXP 	text: autoDraw = True
85.4452 	EXP 	text: autoDraw = True
85.4615 	EXP 	text: autoDraw = True
85.4790 	EXP 	text: autoDraw = True
85.4952 	EXP 	text: autoDraw = True
85.5117 	EXP 	text: autoDraw = True
85.5289 	EXP 	text: autoDraw = True
85.5457 	EXP 	text: autoDraw = True
85.5496 	DATA 	Keypress: s
85.5621 	EXP 	text: autoDraw = False
85.5782 	EXP 	unnamed DotStim: dir = 0.0
85.5782 	EXP 	unnamed DotStim: speed = 0.0
85.5782 	EXP 	unnamed DotStim: dotLife = 12000
87.1592 	EXP 	unnamed DotStim: speed = 0.1
87.1592 	EXP 	unnamed DotStim: dotLife = 9
87.6621 	EXP 	unnamed DotStim: dir = 180.0
88.3125 	EXP 	text: autoDraw = True
88.3286 	EXP 	text: autoDraw = True
88.3447 	EXP 	text: autoDraw = True
88.3631 	EXP 	text: autoDraw = True
88.3792 	EXP 	text: autoDraw = True
88.3958 	EXP 	text: autoDraw = True
88.4133 	EXP 	text: autoDraw = True
88.4288 	EXP 	text: autoDraw = True
88.4465 	EXP 	text: autoDraw = True
88.4625 	EXP 	text: autoDraw = True
88.4794 	EXP 	text: autoDraw = True
88.4954 	EXP 	text: autoDraw = True
88.5137 	EXP 	text: autoDraw = True
88.5293 	EXP 	text: autoDraw = True
88.5466 	EXP 	text: autoDraw = True
88.5620 	EXP 	text: autoDraw = True
88.5798 	EXP 	text: autoDraw = True
88.5959 	EXP 	text: autoDraw = True
88.6128 	EXP 	text: autoDraw = True
88.6295 	EXP 	text: autoDraw = True
88.6459 	EXP 	text: autoDraw = True
88.6627 	EXP 	text: autoDraw = True
88.6796 	EXP 	text: autoDraw = True
88.6955 	EXP 	text: autoDraw = True
88.7131 	EXP 	text: autoDraw = True
88.7293 	EXP 	text: autoDraw = True
88.7461 	EXP 	text: autoDraw = True
88.7626 	EXP 	text: autoDraw = True
88.7783 	EXP 	text: autoDraw = True
88.7951 	EXP 	text: autoDraw = True
88.8127 	EXP 	text: autoDraw = True
88.8292 	EXP 	text: autoDraw = True
88.8465 	EXP 	text: autoDraw = True
88.8619 	EXP 	text: autoDraw = True
88.8798 	EXP 	text: autoDraw = True
88.8951 	EXP 	text: autoDraw = True
88.9121 	EXP 	text: autoDraw = True
88.9297 	EXP 	text: autoDraw = True
88.9464 	EXP 	text: autoDraw = True
88.9628 	EXP 	text: autoDraw = True
88.9795 	EXP 	text: autoDraw = True
88.9966 	EXP 	text: autoDraw = True
89.0116 	EXP 	text: autoDraw = True
89.0290 	EXP 	text: autoDraw = True
89.0461 	EXP 	text: autoDraw = True
89.0630 	EXP 	text: autoDraw = True
89.0797 	EXP 	text: autoDraw = True
89.0957 	EXP 	text: autoDraw = True
89.1122 	EXP 	text: autoDraw = True
89.1285 	EXP 	text: autoDraw = True
89.1463 	EXP 	text: autoDraw = True
89.1634 	EXP 	text: autoDraw = True
89.1791 	EXP 	text: autoDraw = True
89.1967 	EXP 	text: autoDraw = True
89.2133 	EXP 	text: autoDraw = True
89.2288 	EXP 	text: autoDraw = True
89.2451 	EXP 	text: autoDraw = True
89.2624 	EXP 	text: autoDraw = True
89.2794 	EXP 	text: autoDraw = True
89.2958 	EXP 	text: autoDraw = True
89.3132 	EXP 	text: autoDraw = True
89.3297 	EXP 	text: autoDraw = True
89.3464 	EXP 	text: autoDraw = True
89.3623 	EXP 	text: autoDraw = True
89.3660 	DATA 	Keypress: s
89.3793 	EXP 	text: autoDraw = False
89.3964 	EXP 	unnamed DotStim: dir = 0.0
89.3964 	EXP 	unnamed DotStim: speed = 0.0
89.3964 	EXP 	unnamed DotStim: dotLife = 12000
90.5895 	EXP 	unnamed DotStim: speed = 0.1
90.5895 	EXP 	unnamed DotStim: dotLife = 9
91.0960 	EXP 	unnamed DotStim: dir = 180.0
91.6951 	EXP 	text: autoDraw = True
91.7128 	EXP 	text: autoDraw = True
91.7292 	EXP 	text: autoDraw = True
91.7464 	EXP 	text: autoDraw = True
91.7622 	EXP 	text: autoDraw = True
91.7795 	EXP 	text: autoDraw = True
91.7959 	EXP 	text: autoDraw = True
91.8136 	EXP 	text: autoDraw = True
91.8295 	EXP 	text: autoDraw = True
91.8458 	EXP 	text: autoDraw = True
91.8626 	EXP 	text: autoDraw = True
91.8794 	EXP 	text: autoDraw = True
91.8960 	EXP 	text: autoDraw = True
91.9144 	EXP 	text: autoDraw = True
91.9278 	EXP 	text: autoDraw = True
91.9459 	EXP 	text: autoDraw = True
91.9625 	EXP 	text: autoDraw = True
91.9796 	EXP 	text: autoDraw = True
91.9964 	EXP 	text: autoDraw = True
92.0126 	EXP 	text: autoDraw = True
92.0298 	EXP 	text: autoDraw = True
92.0454 	EXP 	text: autoDraw = True
92.0618 	EXP 	text: autoDraw = True
92.0799 	EXP 	text: autoDraw = True
92.0961 	EXP 	text: autoDraw = True
92.1129 	EXP 	text: autoDraw = True
92.1296 	EXP 	text: autoDraw = True
92.1464 	EXP 	text: autoDraw = True
92.1617 	EXP 	text: autoDraw = True
92.1791 	EXP 	text: autoDraw = True
92.1962 	EXP 	text: autoDraw = True
92.2130 	EXP 	text: autoDraw = True
92.2291 	EXP 	text: autoDraw = True
92.2463 	EXP 	text: autoDraw = True
92.2625 	EXP 	text: autoDraw = True
92.2796 	EXP 	text: autoDraw = True
92.2960 	EXP 	text: autoDraw = True
92.3129 	EXP 	text: autoDraw = True
92.3298 	EXP 	text: autoDraw = True
92.3463 	EXP 	text: autoDraw = True
92.3629 	EXP 	text: autoDraw = True
92.3796 	EXP 	text: autoDraw = True
92.3948 	EXP 	text: autoDraw = True
92.4123 	EXP 	text: autoDraw = True
92.4297 	EXP 	text: autoDraw = True
92.4465 	EXP 	text: autoDraw = True
92.4632 	EXP 	text: autoDraw = True
92.4787 	EXP 	text: autoDraw = True
92.4959 	EXP 	text: autoDraw = True
92.5123 	EXP 	text: autoDraw = True
92.5166 	DATA 	Keypress: l
92.5296 	EXP 	text: autoDraw = False
92.5466 	EXP 	unnamed DotStim: dir = 180.0
92.5466 	EXP 	unnamed DotStim: speed = 0.0
92.5466 	EXP 	unnamed DotStim: dotLife = 12000
94.0589 	EXP 	unnamed DotStim: speed = 0.1
94.0589 	EXP 	unnamed DotStim: dotLife = 9
94.5626 	EXP 	unnamed DotStim: dir = 360.0
95.2796 	EXP 	text: autoDraw = True
95.2963 	EXP 	text: autoDraw = True
95.3122 	EXP 	text: autoDraw = True
95.3296 	EXP 	text: autoDraw = True
95.3464 	EXP 	text: autoDraw = True
95.3624 	EXP 	text: autoDraw = True
95.3778 	EXP 	text: autoDraw = True
95.3952 	EXP 	text: autoDraw = True
95.4129 	EXP 	text: autoDraw = True
95.4295 	EXP 	text: autoDraw = True
95.4462 	EXP 	text: autoDraw = True
95.4626 	EXP 	text: autoDraw = True
95.4796 	EXP 	text: autoDraw = True
95.4960 	EXP 	text: autoDraw = True
95.5119 	EXP 	text: autoDraw = True
95.5297 	EXP 	text: autoDraw = True
95.5452 	EXP 	text: autoDraw = True
95.5627 	EXP 	text: autoDraw = True
95.5794 	EXP 	text: autoDraw = True
95.5967 	EXP 	text: autoDraw = True
95.6125 	EXP 	text: autoDraw = True
95.6293 	EXP 	text: autoDraw = True
95.6462 	EXP 	text: autoDraw = True
95.6628 	EXP 	text: autoDraw = True
95.6785 	EXP 	text: autoDraw = True
95.6957 	EXP 	text: autoDraw = True
95.7131 	EXP 	text: autoDraw = True
95.7292 	EXP 	text: autoDraw = True
95.7460 	EXP 	text: autoDraw = True
95.7621 	EXP 	text: autoDraw = True
95.7791 	EXP 	text: autoDraw = True
95.7962 	EXP 	text: autoDraw = True
95.8129 	EXP 	text: autoDraw = True
95.8283 	EXP 	text: autoDraw = True
95.8460 	EXP 	text: autoDraw = True
95.8632 	EXP 	text: autoDraw = True
95.8796 	EXP 	text: autoDraw = True
95.8954 	EXP 	text: autoDraw = True
95.9129 	EXP 	text: autoDraw = True
95.9292 	EXP 	text: autoDraw = True
95.9463 	EXP 	text: autoDraw = True
95.9626 	EXP 	text: autoDraw = True
95.9788 	EXP 	text: autoDraw = True
95.9964 	EXP 	text: autoDraw = True
96.0132 	EXP 	text: autoDraw = True
96.0293 	EXP 	text: autoDraw = True
96.0455 	EXP 	text: autoDraw = True
96.0632 	EXP 	text: autoDraw = True
96.0794 	EXP 	text: autoDraw = True
96.0967 	EXP 	text: autoDraw = True
96.1120 	EXP 	text: autoDraw = True
96.1284 	EXP 	text: autoDraw = True
96.1458 	EXP 	text: autoDraw = True
96.1630 	EXP 	text: autoDraw = True
96.1796 	EXP 	text: autoDraw = True
96.1960 	EXP 	text: autoDraw = True
96.2128 	EXP 	text: autoDraw = True
96.2296 	EXP 	text: autoDraw = True
96.2463 	EXP 	text: autoDraw = True
96.2620 	EXP 	text: autoDraw = True
96.2791 	EXP 	text: autoDraw = True
96.2962 	EXP 	text: autoDraw = True
96.3128 	EXP 	text: autoDraw = True
96.3293 	EXP 	text: autoDraw = True
96.3460 	EXP 	text: autoDraw = True
96.3622 	EXP 	text: autoDraw = True
96.3787 	EXP 	text: autoDraw = True
96.3952 	EXP 	text: autoDraw = True
96.4126 	EXP 	text: autoDraw = True
96.4291 	EXP 	text: autoDraw = True
96.4457 	EXP 	text: autoDraw = True
96.4618 	EXP 	text: autoDraw = True
96.4786 	EXP 	text: autoDraw = True
96.4963 	EXP 	text: autoDraw = True
96.5128 	EXP 	text: autoDraw = True
96.5298 	EXP 	text: autoDraw = True
96.5460 	EXP 	text: autoDraw = True
96.5625 	EXP 	text: autoDraw = True
96.5786 	EXP 	text: autoDraw = True
96.5956 	EXP 	text: autoDraw = True
96.6130 	EXP 	text: autoDraw = True
96.6296 	EXP 	text: autoDraw = True
96.6460 	EXP 	text: autoDraw = True
96.6624 	EXP 	text: autoDraw = True
96.6793 	EXP 	text: autoDraw = True
96.6970 	EXP 	text: autoDraw = True
96.7132 	EXP 	text: autoDraw = True
96.7291 	EXP 	text: autoDraw = True
96.7459 	EXP 	text: autoDraw = True
96.7623 	EXP 	text: autoDraw = True
96.7788 	EXP 	text: autoDraw = True
96.7964 	EXP 	text: autoDraw = True
96.8117 	EXP 	text: autoDraw = True
96.8298 	EXP 	text: autoDraw = True
96.8462 	EXP 	text: autoDraw = True
96.8629 	EXP 	text: autoDraw = True
96.8793 	EXP 	text: autoDraw = True
96.8951 	EXP 	text: autoDraw = True
96.9130 	EXP 	text: autoDraw = True
96.9293 	EXP 	text: autoDraw = True
96.9450 	EXP 	text: autoDraw = True
96.9629 	EXP 	text: autoDraw = True
96.9794 	EXP 	text: autoDraw = True
96.9953 	EXP 	text: autoDraw = True
97.0128 	EXP 	text: autoDraw = True
97.0296 	EXP 	text: autoDraw = True
97.0460 	EXP 	text: autoDraw = True
97.0628 	EXP 	text: autoDraw = True
97.0794 	EXP 	text: autoDraw = True
97.0954 	EXP 	text: autoDraw = True
97.1128 	EXP 	text: autoDraw = True
97.1297 	EXP 	text: autoDraw = True
97.1463 	EXP 	text: autoDraw = True
97.1627 	EXP 	text: autoDraw = True
97.1788 	EXP 	text: autoDraw = True
97.1965 	EXP 	text: autoDraw = True
97.2121 	EXP 	text: autoDraw = True
97.2290 	EXP 	text: autoDraw = True
97.2462 	EXP 	text: autoDraw = True
97.2615 	EXP 	text: autoDraw = True
97.2791 	EXP 	text: autoDraw = True
97.2964 	EXP 	text: autoDraw = True
97.3136 	EXP 	text: autoDraw = True
97.3292 	EXP 	text: autoDraw = True
97.3456 	EXP 	text: autoDraw = True
97.3615 	EXP 	text: autoDraw = True
97.3787 	EXP 	text: autoDraw = True
97.3949 	EXP 	text: autoDraw = True
97.4128 	EXP 	text: autoDraw = True
97.4299 	EXP 	text: autoDraw = True
97.4453 	EXP 	text: autoDraw = True
97.4623 	EXP 	text: autoDraw = True
97.4779 	EXP 	text: autoDraw = True
97.4954 	EXP 	text: autoDraw = True
97.5121 	EXP 	text: autoDraw = True
97.5288 	EXP 	text: autoDraw = True
97.5450 	EXP 	text: autoDraw = True
97.5624 	EXP 	text: autoDraw = True
97.5788 	EXP 	text: autoDraw = True
97.5954 	EXP 	text: autoDraw = True
97.6122 	EXP 	text: autoDraw = True
97.6287 	EXP 	text: autoDraw = True
97.6452 	EXP 	text: autoDraw = True
97.6621 	EXP 	text: autoDraw = True
97.6789 	EXP 	text: autoDraw = True
97.6946 	EXP 	text: autoDraw = True
97.7116 	EXP 	text: autoDraw = True
97.7288 	EXP 	text: autoDraw = True
97.7457 	EXP 	text: autoDraw = True
97.7624 	EXP 	text: autoDraw = True
97.7789 	EXP 	text: autoDraw = True
97.7948 	EXP 	text: autoDraw = True
97.8122 	EXP 	text: autoDraw = True
97.8287 	EXP 	text: autoDraw = True
97.8461 	EXP 	text: autoDraw = True
97.8627 	EXP 	text: autoDraw = True
97.8791 	EXP 	text: autoDraw = True
97.8957 	EXP 	text: autoDraw = True
97.9120 	EXP 	text: autoDraw = True
97.9285 	EXP 	text: autoDraw = True
97.9455 	EXP 	text: autoDraw = True
97.9621 	EXP 	text: autoDraw = True
97.9783 	EXP 	text: autoDraw = True
97.9954 	EXP 	text: autoDraw = True
98.0122 	EXP 	text: autoDraw = True
98.0291 	EXP 	text: autoDraw = True
98.0456 	EXP 	text: autoDraw = True
98.0624 	EXP 	text: autoDraw = True
98.0791 	EXP 	text: autoDraw = True
98.0956 	EXP 	text: autoDraw = True
98.1129 	EXP 	text: autoDraw = True
98.1284 	EXP 	text: autoDraw = True
98.1451 	EXP 	text: autoDraw = True
98.1615 	EXP 	text: autoDraw = True
98.1783 	EXP 	text: autoDraw = True
98.1960 	EXP 	text: autoDraw = True
98.2122 	EXP 	text: autoDraw = True
98.2283 	EXP 	text: autoDraw = True
98.2458 	EXP 	text: autoDraw = True
98.2624 	EXP 	text: autoDraw = True
98.2791 	EXP 	text: autoDraw = True
98.2954 	EXP 	text: autoDraw = True
98.3121 	EXP 	text: autoDraw = True
98.3287 	EXP 	text: autoDraw = True
98.3455 	EXP 	text: autoDraw = True
98.3621 	EXP 	text: autoDraw = True
98.3792 	EXP 	text: autoDraw = True
98.3953 	EXP 	text: autoDraw = True
98.4122 	EXP 	text: autoDraw = True
98.4287 	EXP 	text: autoDraw = True
98.4454 	EXP 	text: autoDraw = True
98.4615 	EXP 	text: autoDraw = True
98.4791 	EXP 	text: autoDraw = True
98.4958 	EXP 	text: autoDraw = True
98.5122 	EXP 	text: autoDraw = True
98.5282 	EXP 	text: autoDraw = True
98.5458 	EXP 	text: autoDraw = True
98.5622 	EXP 	text: autoDraw = True
98.5793 	EXP 	text: autoDraw = True
98.5960 	EXP 	text: autoDraw = True
98.6117 	EXP 	text: autoDraw = True
98.6278 	EXP 	text: autoDraw = True
98.6456 	EXP 	text: autoDraw = True
98.6621 	EXP 	text: autoDraw = True
98.6788 	EXP 	text: autoDraw = True
98.6953 	EXP 	text: autoDraw = True
98.7120 	EXP 	text: autoDraw = True
98.7285 	EXP 	text: autoDraw = True
98.7453 	EXP 	text: autoDraw = True
98.7624 	EXP 	text: autoDraw = True
98.7788 	EXP 	text: autoDraw = True
98.7953 	EXP 	text: autoDraw = True
98.8122 	EXP 	text: autoDraw = True
98.8291 	EXP 	text: autoDraw = True
98.8456 	EXP 	text: autoDraw = True
98.8624 	EXP 	text: autoDraw = True
98.8791 	EXP 	text: autoDraw = True
98.8954 	EXP 	text: autoDraw = True
98.9119 	EXP 	text: autoDraw = True
98.9282 	EXP 	text: autoDraw = True
98.9442 	EXP 	text: autoDraw = True
98.9614 	EXP 	text: autoDraw = True
98.9781 	EXP 	text: autoDraw = True
98.9961 	EXP 	text: autoDraw = True
99.0124 	EXP 	text: autoDraw = True
99.0290 	EXP 	text: autoDraw = True
99.0455 	EXP 	text: autoDraw = True
99.0621 	EXP 	text: autoDraw = True
99.0788 	EXP 	text: autoDraw = True
99.0953 	EXP 	text: autoDraw = True
99.1123 	EXP 	text: autoDraw = True
99.1291 	EXP 	text: autoDraw = True
99.1458 	EXP 	text: autoDraw = True
99.1623 	EXP 	text: autoDraw = True
99.1787 	EXP 	text: autoDraw = True
99.1954 	EXP 	text: autoDraw = True
99.2122 	EXP 	text: autoDraw = True
99.2286 	EXP 	text: autoDraw = True
99.2458 	EXP 	text: autoDraw = True
99.2621 	EXP 	text: autoDraw = True
99.2783 	EXP 	text: autoDraw = True
99.2957 	EXP 	text: autoDraw = True
99.3125 	EXP 	text: autoDraw = True
99.3287 	EXP 	text: autoDraw = True
99.3455 	EXP 	text: autoDraw = True
99.3621 	EXP 	text: autoDraw = True
99.3783 	EXP 	text: autoDraw = True
99.3954 	EXP 	text: autoDraw = True
99.4113 	EXP 	text: autoDraw = True
99.4294 	EXP 	text: autoDraw = True
99.4449 	EXP 	text: autoDraw = True
99.4622 	EXP 	text: autoDraw = True
99.4787 	EXP 	text: autoDraw = True
99.4956 	EXP 	text: autoDraw = True
99.5118 	EXP 	text: autoDraw = True
99.5287 	EXP 	text: autoDraw = True
99.5461 	EXP 	text: autoDraw = True
99.5624 	EXP 	text: autoDraw = True
99.5784 	EXP 	text: autoDraw = True
99.5954 	EXP 	text: autoDraw = True
99.6123 	EXP 	text: autoDraw = True
99.6289 	EXP 	text: autoDraw = True
99.6455 	EXP 	text: autoDraw = True
99.6627 	EXP 	text: autoDraw = True
99.6788 	EXP 	text: autoDraw = True
99.6953 	EXP 	text: autoDraw = True
99.7120 	EXP 	text: autoDraw = True
99.7287 	EXP 	text: autoDraw = True
99.7455 	EXP 	text: autoDraw = True
99.7621 	EXP 	text: autoDraw = True
99.7788 	EXP 	text: autoDraw = True
99.7954 	EXP 	text: autoDraw = True
99.8121 	EXP 	text: autoDraw = True
99.8290 	EXP 	text: autoDraw = True
99.8464 	EXP 	text: autoDraw = True
99.8617 	EXP 	text: autoDraw = True
99.8781 	EXP 	text: autoDraw = True
99.8956 	EXP 	text: autoDraw = True
99.9125 	EXP 	text: autoDraw = True
99.9290 	EXP 	text: autoDraw = True
99.9458 	EXP 	text: autoDraw = True
99.9621 	EXP 	text: autoDraw = True
99.9787 	EXP 	text: autoDraw = True
99.9954 	EXP 	text: autoDraw = True
100.0121 	EXP 	text: autoDraw = True
100.0282 	EXP 	text: autoDraw = True
100.0458 	EXP 	text: autoDraw = True
100.0624 	EXP 	text: autoDraw = True
100.0788 	EXP 	text: autoDraw = True
100.0953 	EXP 	text: autoDraw = True
100.1121 	EXP 	text: autoDraw = True
100.1287 	EXP 	text: autoDraw = True
100.1457 	EXP 	text: autoDraw = True
100.1629 	EXP 	text: autoDraw = True
100.1788 	EXP 	text: autoDraw = True
100.1953 	EXP 	text: autoDraw = True
100.2124 	EXP 	text: autoDraw = True
100.2285 	EXP 	text: autoDraw = True
100.2455 	EXP 	text: autoDraw = True
100.2620 	EXP 	text: autoDraw = True
100.2788 	EXP 	text: autoDraw = True
100.2954 	EXP 	text: autoDraw = True
100.3113 	EXP 	text: autoDraw = True
100.3283 	EXP 	text: autoDraw = True
100.3457 	EXP 	text: autoDraw = True
100.3622 	EXP 	text: autoDraw = True
100.3791 	EXP 	text: autoDraw = True
100.3961 	EXP 	text: autoDraw = True
100.4118 	EXP 	text: autoDraw = True
100.4290 	EXP 	text: autoDraw = True
100.4448 	EXP 	text: autoDraw = True
100.4627 	EXP 	text: autoDraw = True
100.4786 	EXP 	text: autoDraw = True
100.4962 	EXP 	text: autoDraw = True
100.5147 	EXP 	text: autoDraw = True
100.5287 	EXP 	text: autoDraw = True
100.5451 	EXP 	text: autoDraw = True
100.5624 	EXP 	text: autoDraw = True
100.5791 	EXP 	text: autoDraw = True
100.5948 	EXP 	text: autoDraw = True
100.6124 	EXP 	text: autoDraw = True
100.6285 	EXP 	text: autoDraw = True
100.6448 	EXP 	text: autoDraw = True
100.6615 	EXP 	text: autoDraw = True
100.6791 	EXP 	text: autoDraw = True
100.6958 	EXP 	text: autoDraw = True
100.7125 	EXP 	text: autoDraw = True
100.7291 	EXP 	text: autoDraw = True
100.7463 	EXP 	text: autoDraw = True
100.7614 	EXP 	text: autoDraw = True
100.7778 	EXP 	text: autoDraw = True
100.7957 	EXP 	text: autoDraw = True
100.8124 	EXP 	text: autoDraw = True
100.8292 	EXP 	text: autoDraw = True
100.8456 	EXP 	text: autoDraw = True
100.8623 	EXP 	text: autoDraw = True
100.8789 	EXP 	text: autoDraw = True
100.8957 	EXP 	text: autoDraw = True
100.9122 	EXP 	text: autoDraw = True
100.9287 	EXP 	text: autoDraw = True
100.9454 	EXP 	text: autoDraw = True
100.9620 	EXP 	text: autoDraw = True
100.9781 	EXP 	text: autoDraw = True
100.9957 	EXP 	text: autoDraw = True
101.0124 	EXP 	text: autoDraw = True
101.0288 	EXP 	text: autoDraw = True
101.0455 	EXP 	text: autoDraw = True
101.0620 	EXP 	text: autoDraw = True
101.0784 	EXP 	text: autoDraw = True
101.0961 	EXP 	text: autoDraw = True
101.1123 	EXP 	text: autoDraw = True
101.1294 	EXP 	text: autoDraw = True
101.1450 	EXP 	text: autoDraw = True
101.1613 	EXP 	text: autoDraw = True
101.1790 	EXP 	text: autoDraw = True
101.1957 	EXP 	text: autoDraw = True
101.2124 	EXP 	text: autoDraw = True
101.2292 	EXP 	text: autoDraw = True
101.2457 	EXP 	text: autoDraw = True
101.2624 	EXP 	text: autoDraw = True
101.2780 	EXP 	text: autoDraw = True
101.2952 	EXP 	text: autoDraw = True
101.3123 	EXP 	text: autoDraw = True
101.3293 	EXP 	text: autoDraw = True
101.3449 	EXP 	text: autoDraw = True
101.3618 	EXP 	text: autoDraw = True
101.3791 	EXP 	text: autoDraw = True
101.3961 	EXP 	text: autoDraw = True
101.4124 	EXP 	text: autoDraw = True
101.4281 	EXP 	text: autoDraw = True
101.4458 	EXP 	text: autoDraw = True
101.4615 	EXP 	text: autoDraw = True
101.4780 	EXP 	text: autoDraw = True
101.4957 	EXP 	text: autoDraw = True
101.5117 	EXP 	text: autoDraw = True
101.5284 	EXP 	text: autoDraw = True
101.5451 	EXP 	text: autoDraw = True
101.5610 	EXP 	text: autoDraw = True
101.5781 	EXP 	text: autoDraw = True
101.5949 	EXP 	text: autoDraw = True
101.6124 	EXP 	text: autoDraw = True
101.6291 	EXP 	text: autoDraw = True
101.6458 	EXP 	text: autoDraw = True
101.6625 	EXP 	text: autoDraw = True
101.6785 	EXP 	text: autoDraw = True
101.6957 	EXP 	text: autoDraw = True
101.7124 	EXP 	text: autoDraw = True
101.7289 	EXP 	text: autoDraw = True
101.7455 	EXP 	text: autoDraw = True
101.7627 	EXP 	text: autoDraw = True
101.7783 	EXP 	text: autoDraw = True
101.7945 	EXP 	text: autoDraw = True
101.8121 	EXP 	text: autoDraw = True
101.8286 	EXP 	text: autoDraw = True
101.8451 	EXP 	text: autoDraw = True
101.8621 	EXP 	text: autoDraw = True
101.8785 	EXP 	text: autoDraw = True
101.8946 	EXP 	text: autoDraw = True
101.9118 	EXP 	text: autoDraw = True
101.9289 	EXP 	text: autoDraw = True
101.9455 	EXP 	text: autoDraw = True
101.9622 	EXP 	text: autoDraw = True
101.9791 	EXP 	text: autoDraw = True
101.9960 	EXP 	text: autoDraw = True
102.0119 	EXP 	text: autoDraw = True
102.0294 	EXP 	text: autoDraw = True
102.0458 	EXP 	text: autoDraw = True
102.0624 	EXP 	text: autoDraw = True
102.0786 	EXP 	text: autoDraw = True
102.0950 	EXP 	text: autoDraw = True
102.1127 	EXP 	text: autoDraw = True
102.1290 	EXP 	text: autoDraw = True
102.1458 	EXP 	text: autoDraw = True
102.1623 	EXP 	text: autoDraw = True
102.1791 	EXP 	text: autoDraw = True
102.1951 	EXP 	text: autoDraw = True
102.2124 	EXP 	text: autoDraw = True
102.2285 	EXP 	text: autoDraw = True
102.2453 	EXP 	text: autoDraw = True
102.2624 	EXP 	text: autoDraw = True
102.2792 	EXP 	text: autoDraw = True
102.2958 	EXP 	text: autoDraw = True
102.3124 	EXP 	text: autoDraw = True
102.3281 	EXP 	text: autoDraw = True
102.3451 	EXP 	text: autoDraw = True
102.3613 	EXP 	text: autoDraw = True
102.3786 	EXP 	text: autoDraw = True
102.3957 	EXP 	text: autoDraw = True
102.4124 	EXP 	text: autoDraw = True
102.4287 	EXP 	text: autoDraw = True
102.4453 	EXP 	text: autoDraw = True
102.4621 	EXP 	text: autoDraw = True
102.4780 	EXP 	text: autoDraw = True
102.4958 	EXP 	text: autoDraw = True
102.5124 	EXP 	text: autoDraw = True
102.5294 	EXP 	text: autoDraw = True
102.5458 	EXP 	text: autoDraw = True
102.5624 	EXP 	text: autoDraw = True
102.5793 	EXP 	text: autoDraw = True
102.5957 	EXP 	text: autoDraw = True
102.6121 	EXP 	text: autoDraw = True
102.6288 	EXP 	text: autoDraw = True
102.6450 	EXP 	text: autoDraw = True
102.6627 	EXP 	text: autoDraw = True
102.6794 	EXP 	text: autoDraw = True
102.6957 	EXP 	text: autoDraw = True
102.7127 	EXP 	text: autoDraw = True
102.7286 	EXP 	text: autoDraw = True
102.7461 	EXP 	text: autoDraw = True
102.7624 	EXP 	text: autoDraw = True
102.7790 	EXP 	text: autoDraw = True
102.7946 	EXP 	text: autoDraw = True
102.8114 	EXP 	text: autoDraw = True
102.8291 	EXP 	text: autoDraw = True
102.8456 	EXP 	text: autoDraw = True
102.8627 	EXP 	text: autoDraw = True
102.8791 	EXP 	text: autoDraw = True
102.8961 	EXP 	text: autoDraw = True
102.9123 	EXP 	text: autoDraw = True
102.9291 	EXP 	text: autoDraw = True
102.9458 	EXP 	text: autoDraw = True
102.9628 	EXP 	text: autoDraw = True
102.9784 	EXP 	text: autoDraw = True
102.9960 	EXP 	text: autoDraw = True
103.0124 	EXP 	text: autoDraw = True
103.0285 	EXP 	text: autoDraw = True
103.0449 	EXP 	text: autoDraw = True
103.0624 	EXP 	text: autoDraw = True
103.0790 	EXP 	text: autoDraw = True
103.0951 	EXP 	text: autoDraw = True
103.1126 	EXP 	text: autoDraw = True
103.1287 	EXP 	text: autoDraw = True
103.1446 	EXP 	text: autoDraw = True
103.1619 	EXP 	text: autoDraw = True
103.1787 	EXP 	text: autoDraw = True
103.1958 	EXP 	text: autoDraw = True
103.2131 	EXP 	text: autoDraw = True
103.2280 	EXP 	text: autoDraw = True
103.2450 	EXP 	text: autoDraw = True
103.2620 	EXP 	text: autoDraw = True
103.2788 	EXP 	text: autoDraw = True
103.2948 	EXP 	text: autoDraw = True
103.3121 	EXP 	text: autoDraw = True
103.3296 	EXP 	text: autoDraw = True
103.3448 	EXP 	text: autoDraw = True
103.3616 	EXP 	text: autoDraw = True
103.3781 	EXP 	text: autoDraw = True
103.3957 	EXP 	text: autoDraw = True
103.4128 	EXP 	text: autoDraw = True
103.4278 	EXP 	text: autoDraw = True
103.4452 	EXP 	text: autoDraw = True
103.4620 	EXP 	text: autoDraw = True
103.4788 	EXP 	text: autoDraw = True
103.4953 	EXP 	text: autoDraw = True
103.5116 	EXP 	text: autoDraw = True
103.5296 	EXP 	text: autoDraw = True
103.5457 	EXP 	text: autoDraw = True
103.5620 	EXP 	text: autoDraw = True
103.5788 	EXP 	text: autoDraw = True
103.5947 	EXP 	text: autoDraw = True
103.6118 	EXP 	text: autoDraw = True
103.6291 	EXP 	text: autoDraw = True
103.6454 	EXP 	text: autoDraw = True
103.6615 	EXP 	text: autoDraw = True
103.6785 	EXP 	text: autoDraw = True
103.6946 	EXP 	text: autoDraw = True
103.7119 	EXP 	text: autoDraw = True
103.7285 	EXP 	text: autoDraw = True
103.7454 	EXP 	text: autoDraw = True
103.7624 	EXP 	text: autoDraw = True
103.7787 	EXP 	text: autoDraw = True
103.7957 	EXP 	text: autoDraw = True
103.8124 	EXP 	text: autoDraw = True
103.8289 	EXP 	text: autoDraw = True
103.8457 	EXP 	text: autoDraw = True
103.8623 	EXP 	text: autoDraw = True
103.8790 	EXP 	text: autoDraw = True
103.8957 	EXP 	text: autoDraw = True
103.9124 	EXP 	text: autoDraw = True
103.9285 	EXP 	text: autoDraw = True
103.9447 	EXP 	text: autoDraw = True
103.9618 	EXP 	text: autoDraw = True
103.9792 	EXP 	text: autoDraw = True
103.9957 	EXP 	text: autoDraw = True
104.0124 	EXP 	text: autoDraw = True
104.0287 	EXP 	text: autoDraw = True
104.0448 	EXP 	text: autoDraw = True
104.0630 	EXP 	text: autoDraw = True
104.0661 	DATA 	Keypress: escape
104.0785 	EXP 	text: autoDraw = False
104.4441 	EXP 	window1: mouseVisible = True
