9.7892 	WARNING 	User requested fullscreen with size [2880 1800], but screen is actually [1440, 900]. Using actual size
10.6999 	INFO 	Successfully set darwin thread to realtime
11.7538 	INFO 	#[ PsychoPy3 RuntimeInfoStart ]
  #[[ PsychoPy ]] #---------
    psychopyVersion: 3.2.0
    psychopyHaveExtRush: True
  #[[ Experiment ]] #---------
    experimentRunTime: 2019_09_19 12:46 (Year_Month_Day Hour:Min)
    experimentRunTime.epoch: 1568911570
    experimentScript: Kanai_replication_study.py
    experimentScript.digestSHA1: 478e8173e6bb3792db2d405016e7cecb830ebb78
    experimentScript.directory: /Volumes/My Passport/Github/spatio_temporal_information_processing/Time_Subjective_Expansion/kanai_replication_study
  #[[ System ]] #---------
    systemHaveInternetAccess: True
    systemHostName: pbs-jf-aldi.local
    systemLocale: C
    systemMemFreeRAM: 7613.02734375
    systemMemTotalRAM: 16384.0
    systemPlatform: darwin 10.14.6 x86_64
    systemRavailable: R version 3.4.1 (2017-06-30) -- Single Candle
    systemRebooted: Sep 16 14:05
    systemSec.OpenSSLVersion: OpenSSL 1.1.1a  20 Nov 2018
    systemSec.pythonSSL: True
    systemTimeNumpySD1000000_sec: 0.0027
    systemUser: supadhy6
    systemUserID: 1903061739
    systemUserProcCount: 358
    systemUserProcFlagged: KeyNote iTunes mdworker Safari Dropbox Skype 'Google Chrome'
    systemUsersCount: 1
  #[[ Window ]] #---------
    windowWinType: pyglet
    windowUnits: deg
    windowSize_pix: [2880 1800]
    windowScreen: 0
    windowRgb: [255. 255. 255.]
    windowRefreshTimeSD_ms: 1.705
    windowRefreshTimeMedian_ms: 16.672
    windowRefreshTimeAvg_ms: 16.476
    windowPos_pix: [0.0, 0.0]
    windowMonitor.name: testmonitor
    windowMonitor.getWidth_cm: 52.0
    windowMonitor.getDistance_cm: 65.0
    windowMonitor.currentCalibName: 2019_01_28 08:48
    windowIsFullScr: True
  #[[ Python ]] #---------
    pythonVersion: 3.6.0
  #[[ OpenGL ]] #---------
#[ PsychoPy3 RuntimeInfoEnd ]

11.8314 	EXP 	Created text = TextStim(__class__=<class 'psychopy.visual.text.TextStim'>, alignHoriz='center', alignVert='center', antialias=True, autoLog=True, bold=False, color='black', colorSpace='named', contrast=1.0, depth=-1.0, flipHoriz=False, flipVert=False, font='Arial', fontFiles=[], height=0.5, italic=False, languageStyle='LTR', name='text', opacity=1.0, ori=0, pos=array([0., 0.]), rgb=array([0., 0., 0.]), text=str(...), units='deg', win=Window(...), wrapWidth=30)
11.8354 	EXP 	Created unnamed DotStim = DotStim(__class__=<class 'psychopy.visual.dot.DotStim'>, autoLog=True, coherence=1.0, color=array([0., 0., 0.]), colorSpace='rgb', contrast=1.0, depth=0, dir=0, dotLife=13, dotSize=12.0, element=None, fieldPos=array([0., 0.]), fieldShape='square', fieldSize=array([8., 8.]), nDots=200, name='unnamed DotStim', noiseDots='direction', opacity=1.0, rgb=array([0., 0., 0.]), signalDots='same', speed=0.1, units='deg', win=Window(...))
11.9085 	EXP 	text: text = "Welcome! Thank you for agreeing to participate in this study.\n\nIn this study, you will judge the duration of the items presented on the screen.\n\nThe task is simple: You will see a field of dots that moves either to the left / right .\n\nAfter an interval, the direction of motion changes for the remainder of the trial.\n\nAll you need to do is judge whether the second interval lasted longer/shorter than the first.\n\nYou will indicate your judgment by typing [S]/ [L] keys.\n\nIf you're feeling uncomfortable, you can press ESC key any time to stop the experiment.\n\nPress any key when you are ready to begin the experiment.\n\n"
11.9085 	EXP 	text: autoDraw = True
14.3855 	DATA 	Keypress: space
14.3868 	EXP 	text: autoDraw = False
14.3990 	EXP 	text: text = 'Press any key to begin the experiment.'
14.3990 	EXP 	text: autoDraw = True
15.1465 	DATA 	Keypress: space
15.1475 	EXP 	text: autoDraw = False
15.1659 	EXP 	text: text = 'Please press [L] for long, \n [S] for short'
15.1659 	EXP 	unnamed DotStim: dir = 0.0
15.1659 	EXP 	unnamed DotStim: speed = 0.0
15.1659 	EXP 	unnamed DotStim: dotLife = 12000
16.7169 	EXP 	unnamed DotStim: speed = 0.1
16.7169 	EXP 	unnamed DotStim: dotLife = 9
17.2147 	EXP 	unnamed DotStim: dir = 180.0
17.8165 	EXP 	text: autoDraw = True
17.8326 	EXP 	text: autoDraw = True
17.8499 	EXP 	text: autoDraw = True
17.8663 	EXP 	text: autoDraw = True
17.8830 	EXP 	text: autoDraw = True
17.8999 	EXP 	text: autoDraw = True
17.9158 	EXP 	text: autoDraw = True
17.9330 	EXP 	text: autoDraw = True
17.9498 	EXP 	text: autoDraw = True
17.9657 	EXP 	text: autoDraw = True
17.9833 	EXP 	text: autoDraw = True
17.9999 	EXP 	text: autoDraw = True
18.0159 	EXP 	text: autoDraw = True
18.0331 	EXP 	text: autoDraw = True
18.0499 	EXP 	text: autoDraw = True
18.0665 	EXP 	text: autoDraw = True
18.0833 	EXP 	text: autoDraw = True
18.0997 	EXP 	text: autoDraw = True
18.1164 	EXP 	text: autoDraw = True
18.1338 	EXP 	text: autoDraw = True
18.1500 	EXP 	text: autoDraw = True
18.1665 	EXP 	text: autoDraw = True
18.1832 	EXP 	text: autoDraw = True
18.2001 	EXP 	text: autoDraw = True
18.2165 	EXP 	text: autoDraw = True
18.2329 	EXP 	text: autoDraw = True
18.2500 	EXP 	text: autoDraw = True
18.2665 	EXP 	text: autoDraw = True
18.2822 	EXP 	text: autoDraw = True
18.2985 	EXP 	text: autoDraw = True
18.3164 	EXP 	text: autoDraw = True
18.3327 	EXP 	text: autoDraw = True
18.3494 	EXP 	text: autoDraw = True
18.3664 	EXP 	text: autoDraw = True
18.3838 	EXP 	text: autoDraw = True
18.3995 	EXP 	text: autoDraw = True
18.4162 	EXP 	text: autoDraw = True
18.4332 	EXP 	text: autoDraw = True
18.4498 	EXP 	text: autoDraw = True
18.4666 	EXP 	text: autoDraw = True
18.4832 	EXP 	text: autoDraw = True
18.4995 	EXP 	text: autoDraw = True
18.5156 	EXP 	text: autoDraw = True
18.5321 	EXP 	text: autoDraw = True
18.5496 	EXP 	text: autoDraw = True
18.5660 	EXP 	text: autoDraw = True
18.5835 	EXP 	text: autoDraw = True
18.5997 	EXP 	text: autoDraw = True
18.6165 	EXP 	text: autoDraw = True
18.6331 	EXP 	text: autoDraw = True
18.6499 	EXP 	text: autoDraw = True
18.6668 	EXP 	text: autoDraw = True
18.6822 	EXP 	text: autoDraw = True
18.6991 	EXP 	text: autoDraw = True
18.7167 	EXP 	text: autoDraw = True
18.7332 	EXP 	text: autoDraw = True
18.7492 	EXP 	text: autoDraw = True
18.7665 	EXP 	text: autoDraw = True
18.7817 	EXP 	text: autoDraw = True
18.7991 	EXP 	text: autoDraw = True
18.8168 	EXP 	text: autoDraw = True
18.8330 	EXP 	text: autoDraw = True
18.8499 	EXP 	text: autoDraw = True
18.8665 	EXP 	text: autoDraw = True
18.8821 	EXP 	text: autoDraw = True
18.8991 	EXP 	text: autoDraw = True
18.9164 	EXP 	text: autoDraw = True
18.9324 	EXP 	text: autoDraw = True
18.9492 	EXP 	text: autoDraw = True
18.9662 	EXP 	text: autoDraw = True
18.9832 	EXP 	text: autoDraw = True
18.9998 	EXP 	text: autoDraw = True
19.0165 	EXP 	text: autoDraw = True
19.0324 	EXP 	text: autoDraw = True
19.0499 	EXP 	text: autoDraw = True
19.0667 	EXP 	text: autoDraw = True
19.0830 	EXP 	text: autoDraw = True
19.0993 	EXP 	text: autoDraw = True
19.1156 	EXP 	text: autoDraw = True
19.1351 	EXP 	text: autoDraw = True
19.1488 	EXP 	text: autoDraw = True
19.1662 	EXP 	text: autoDraw = True
19.1824 	EXP 	text: autoDraw = True
19.1990 	EXP 	text: autoDraw = True
19.2156 	EXP 	text: autoDraw = True
19.2328 	EXP 	text: autoDraw = True
19.2489 	EXP 	text: autoDraw = True
19.2659 	EXP 	text: autoDraw = True
19.2824 	EXP 	text: autoDraw = True
19.2988 	EXP 	text: autoDraw = True
19.3151 	EXP 	text: autoDraw = True
19.3310 	EXP 	text: autoDraw = True
19.3488 	EXP 	text: autoDraw = True
19.3648 	EXP 	text: autoDraw = True
19.3816 	EXP 	text: autoDraw = True
19.3987 	EXP 	text: autoDraw = True
19.4156 	EXP 	text: autoDraw = True
19.4326 	EXP 	text: autoDraw = True
19.4484 	EXP 	text: autoDraw = True
19.4663 	EXP 	text: autoDraw = True
19.4828 	EXP 	text: autoDraw = True
19.4996 	EXP 	text: autoDraw = True
19.5158 	EXP 	text: autoDraw = True
19.5323 	EXP 	text: autoDraw = True
19.5495 	EXP 	text: autoDraw = True
19.5653 	EXP 	text: autoDraw = True
19.5828 	EXP 	text: autoDraw = True
19.5996 	EXP 	text: autoDraw = True
19.6159 	EXP 	text: autoDraw = True
19.6317 	EXP 	text: autoDraw = True
19.6482 	EXP 	text: autoDraw = True
19.6676 	EXP 	text: autoDraw = True
19.6819 	EXP 	text: autoDraw = True
19.6983 	EXP 	text: autoDraw = True
19.7169 	EXP 	text: autoDraw = True
19.7230 	DATA 	Keypress: l
19.7323 	EXP 	text: autoDraw = True
19.7514 	EXP 	text: autoDraw = False
19.7653 	EXP 	unnamed DotStim: dir = 0.0
19.7653 	EXP 	unnamed DotStim: speed = 0.0
19.7653 	EXP 	unnamed DotStim: dotLife = 12000
21.3511 	EXP 	unnamed DotStim: speed = 0.1
21.3511 	EXP 	unnamed DotStim: dotLife = 9
21.8486 	EXP 	unnamed DotStim: dir = 180.0
22.2992 	EXP 	text: autoDraw = True
22.3153 	EXP 	text: autoDraw = True
22.3317 	EXP 	text: autoDraw = True
22.3487 	EXP 	text: autoDraw = True
22.3652 	EXP 	text: autoDraw = True
22.3810 	EXP 	text: autoDraw = True
22.3981 	EXP 	text: autoDraw = True
22.4148 	EXP 	text: autoDraw = True
22.4317 	EXP 	text: autoDraw = True
22.4482 	EXP 	text: autoDraw = True
22.4653 	EXP 	text: autoDraw = True
22.4816 	EXP 	text: autoDraw = True
22.4989 	EXP 	text: autoDraw = True
22.5163 	EXP 	text: autoDraw = True
22.5328 	EXP 	text: autoDraw = True
22.5489 	EXP 	text: autoDraw = True
22.5659 	EXP 	text: autoDraw = True
22.5827 	EXP 	text: autoDraw = True
22.5988 	EXP 	text: autoDraw = True
22.6150 	EXP 	text: autoDraw = True
22.6312 	EXP 	text: autoDraw = True
22.6484 	EXP 	text: autoDraw = True
22.6649 	EXP 	text: autoDraw = True
22.6816 	EXP 	text: autoDraw = True
22.6983 	EXP 	text: autoDraw = True
22.7147 	EXP 	text: autoDraw = True
22.7319 	EXP 	text: autoDraw = True
22.7498 	EXP 	text: autoDraw = True
22.7662 	EXP 	text: autoDraw = True
22.7825 	EXP 	text: autoDraw = True
22.7993 	EXP 	text: autoDraw = True
22.8144 	EXP 	text: autoDraw = True
22.8326 	EXP 	text: autoDraw = True
22.8483 	EXP 	text: autoDraw = True
22.8651 	EXP 	text: autoDraw = True
22.8825 	EXP 	text: autoDraw = True
22.8993 	EXP 	text: autoDraw = True
22.9160 	EXP 	text: autoDraw = True
22.9332 	EXP 	text: autoDraw = True
22.9489 	EXP 	text: autoDraw = True
22.9653 	EXP 	text: autoDraw = True
22.9827 	EXP 	text: autoDraw = True
23.0001 	EXP 	text: autoDraw = True
23.0160 	EXP 	text: autoDraw = True
23.0326 	EXP 	text: autoDraw = True
23.0482 	EXP 	text: autoDraw = True
23.0662 	EXP 	text: autoDraw = True
23.0816 	EXP 	text: autoDraw = True
23.0995 	EXP 	text: autoDraw = True
23.1157 	EXP 	text: autoDraw = True
23.1327 	EXP 	text: autoDraw = True
23.1485 	EXP 	text: autoDraw = True
23.1662 	EXP 	text: autoDraw = True
23.1821 	EXP 	text: autoDraw = True
23.1983 	EXP 	text: autoDraw = True
23.2160 	EXP 	text: autoDraw = True
23.2326 	EXP 	text: autoDraw = True
23.2494 	EXP 	text: autoDraw = True
23.2649 	EXP 	text: autoDraw = True
23.2821 	EXP 	text: autoDraw = True
23.2987 	EXP 	text: autoDraw = True
23.3159 	EXP 	text: autoDraw = True
23.3325 	EXP 	text: autoDraw = True
23.3492 	EXP 	text: autoDraw = True
23.3665 	EXP 	text: autoDraw = True
23.3831 	EXP 	text: autoDraw = True
23.3995 	EXP 	text: autoDraw = True
23.4159 	EXP 	text: autoDraw = True
23.4328 	EXP 	text: autoDraw = True
23.4492 	EXP 	text: autoDraw = True
23.4662 	EXP 	text: autoDraw = True
23.4828 	EXP 	text: autoDraw = True
23.4995 	EXP 	text: autoDraw = True
23.5155 	EXP 	text: autoDraw = True
23.5328 	EXP 	text: autoDraw = True
23.5494 	EXP 	text: autoDraw = True
23.5662 	EXP 	text: autoDraw = True
23.5829 	EXP 	text: autoDraw = True
23.5995 	EXP 	text: autoDraw = True
23.6157 	EXP 	text: autoDraw = True
23.6313 	EXP 	text: autoDraw = True
23.6353 	DATA 	Keypress: l
23.6489 	EXP 	text: autoDraw = False
23.6658 	EXP 	unnamed DotStim: dir = 0.0
23.6658 	EXP 	unnamed DotStim: speed = 0.0
23.6658 	EXP 	unnamed DotStim: dotLife = 12000
25.0639 	EXP 	unnamed DotStim: speed = 0.1
25.0639 	EXP 	unnamed DotStim: dotLife = 9
25.5664 	EXP 	unnamed DotStim: dir = 180.0
26.0665 	EXP 	text: autoDraw = True
26.0827 	EXP 	text: autoDraw = True
26.0995 	EXP 	text: autoDraw = True
26.1162 	EXP 	text: autoDraw = True
26.1325 	EXP 	text: autoDraw = True
26.1497 	EXP 	text: autoDraw = True
26.1662 	EXP 	text: autoDraw = True
26.1832 	EXP 	text: autoDraw = True
26.1997 	EXP 	text: autoDraw = True
26.2164 	EXP 	text: autoDraw = True
26.2331 	EXP 	text: autoDraw = True
26.2497 	EXP 	text: autoDraw = True
26.2664 	EXP 	text: autoDraw = True
26.2830 	EXP 	text: autoDraw = True
26.2995 	EXP 	text: autoDraw = True
26.3158 	EXP 	text: autoDraw = True
26.3331 	EXP 	text: autoDraw = True
26.3498 	EXP 	text: autoDraw = True
26.3665 	EXP 	text: autoDraw = True
26.3830 	EXP 	text: autoDraw = True
26.4000 	EXP 	text: autoDraw = True
26.4158 	EXP 	text: autoDraw = True
26.4322 	EXP 	text: autoDraw = True
26.4493 	EXP 	text: autoDraw = True
26.4666 	EXP 	text: autoDraw = True
26.4829 	EXP 	text: autoDraw = True
26.4996 	EXP 	text: autoDraw = True
26.5162 	EXP 	text: autoDraw = True
26.5320 	EXP 	text: autoDraw = True
26.5486 	EXP 	text: autoDraw = True
26.5664 	EXP 	text: autoDraw = True
26.5829 	EXP 	text: autoDraw = True
26.5998 	EXP 	text: autoDraw = True
26.6164 	EXP 	text: autoDraw = True
26.6332 	EXP 	text: autoDraw = True
26.6498 	EXP 	text: autoDraw = True
26.6662 	EXP 	text: autoDraw = True
26.6831 	EXP 	text: autoDraw = True
26.6996 	EXP 	text: autoDraw = True
26.7156 	EXP 	text: autoDraw = True
26.7324 	EXP 	text: autoDraw = True
26.7492 	EXP 	text: autoDraw = True
26.7663 	EXP 	text: autoDraw = True
26.7829 	EXP 	text: autoDraw = True
26.8000 	EXP 	text: autoDraw = True
26.8165 	EXP 	text: autoDraw = True
26.8330 	EXP 	text: autoDraw = True
26.8496 	EXP 	text: autoDraw = True
26.8657 	EXP 	text: autoDraw = True
26.8829 	EXP 	text: autoDraw = True
26.8998 	EXP 	text: autoDraw = True
26.9163 	EXP 	text: autoDraw = True
26.9332 	EXP 	text: autoDraw = True
26.9496 	EXP 	text: autoDraw = True
26.9659 	EXP 	text: autoDraw = True
26.9830 	EXP 	text: autoDraw = True
26.9995 	EXP 	text: autoDraw = True
27.0154 	EXP 	text: autoDraw = True
27.0331 	EXP 	text: autoDraw = True
27.0495 	EXP 	text: autoDraw = True
27.0659 	EXP 	text: autoDraw = True
27.0833 	EXP 	text: autoDraw = True
27.0997 	EXP 	text: autoDraw = True
27.1160 	EXP 	text: autoDraw = True
27.1204 	DATA 	Keypress: s
27.1330 	EXP 	text: autoDraw = False
27.1498 	EXP 	unnamed DotStim: dir = 0.0
27.1498 	EXP 	unnamed DotStim: speed = 0.0
27.1498 	EXP 	unnamed DotStim: dotLife = 12000
28.5245 	EXP 	unnamed DotStim: speed = 0.1
28.5245 	EXP 	unnamed DotStim: dotLife = 9
29.0316 	EXP 	unnamed DotStim: dir = 180.0
29.4661 	EXP 	text: autoDraw = True
29.4830 	EXP 	text: autoDraw = True
29.4997 	EXP 	text: autoDraw = True
29.5163 	EXP 	text: autoDraw = True
29.5331 	EXP 	text: autoDraw = True
29.5498 	EXP 	text: autoDraw = True
29.5652 	EXP 	text: autoDraw = True
29.5831 	EXP 	text: autoDraw = True
29.5997 	EXP 	text: autoDraw = True
29.6164 	EXP 	text: autoDraw = True
29.6331 	EXP 	text: autoDraw = True
29.6489 	EXP 	text: autoDraw = True
29.6668 	EXP 	text: autoDraw = True
29.6830 	EXP 	text: autoDraw = True
29.6993 	EXP 	text: autoDraw = True
29.7159 	EXP 	text: autoDraw = True
29.7331 	EXP 	text: autoDraw = True
29.7495 	EXP 	text: autoDraw = True
29.7666 	EXP 	text: autoDraw = True
29.7831 	EXP 	text: autoDraw = True
29.8000 	EXP 	text: autoDraw = True
29.8153 	EXP 	text: autoDraw = True
29.8328 	EXP 	text: autoDraw = True
29.8495 	EXP 	text: autoDraw = True
29.8652 	EXP 	text: autoDraw = True
29.8830 	EXP 	text: autoDraw = True
29.8997 	EXP 	text: autoDraw = True
29.9164 	EXP 	text: autoDraw = True
29.9325 	EXP 	text: autoDraw = True
29.9496 	EXP 	text: autoDraw = True
29.9664 	EXP 	text: autoDraw = True
29.9828 	EXP 	text: autoDraw = True
29.9995 	EXP 	text: autoDraw = True
30.0163 	EXP 	text: autoDraw = True
30.0330 	EXP 	text: autoDraw = True
30.0506 	EXP 	text: autoDraw = True
30.0664 	EXP 	text: autoDraw = True
30.0818 	EXP 	text: autoDraw = True
30.0997 	EXP 	text: autoDraw = True
30.1164 	EXP 	text: autoDraw = True
30.1331 	EXP 	text: autoDraw = True
30.1491 	EXP 	text: autoDraw = True
30.1656 	EXP 	text: autoDraw = True
30.1831 	EXP 	text: autoDraw = True
30.1997 	EXP 	text: autoDraw = True
30.2164 	EXP 	text: autoDraw = True
30.2332 	EXP 	text: autoDraw = True
30.2495 	EXP 	text: autoDraw = True
30.2664 	EXP 	text: autoDraw = True
30.2836 	EXP 	text: autoDraw = True
30.2978 	EXP 	text: autoDraw = True
30.3163 	EXP 	text: autoDraw = True
30.3332 	EXP 	text: autoDraw = True
30.3497 	EXP 	text: autoDraw = True
30.3663 	EXP 	text: autoDraw = True
30.3844 	EXP 	text: autoDraw = True
30.3997 	EXP 	text: autoDraw = True
30.4162 	EXP 	text: autoDraw = True
30.4328 	EXP 	text: autoDraw = True
30.4500 	EXP 	text: autoDraw = True
30.4664 	EXP 	text: autoDraw = True
30.4828 	EXP 	text: autoDraw = True
30.4988 	EXP 	text: autoDraw = True
30.5167 	EXP 	text: autoDraw = True
30.5226 	DATA 	Keypress: l
30.5332 	EXP 	text: autoDraw = True
30.5498 	EXP 	text: autoDraw = False
30.5663 	EXP 	unnamed DotStim: dir = 0.0
30.5663 	EXP 	unnamed DotStim: speed = 0.0
30.5663 	EXP 	unnamed DotStim: dotLife = 12000
32.4288 	EXP 	unnamed DotStim: speed = 0.1
32.4288 	EXP 	unnamed DotStim: dotLife = 9
32.9330 	EXP 	unnamed DotStim: dir = 180.0
33.5332 	EXP 	text: autoDraw = True
33.5486 	EXP 	text: autoDraw = True
33.5665 	EXP 	text: autoDraw = True
33.5828 	EXP 	text: autoDraw = True
33.5996 	EXP 	text: autoDraw = True
33.6164 	EXP 	text: autoDraw = True
33.6330 	EXP 	text: autoDraw = True
33.6497 	EXP 	text: autoDraw = True
33.6657 	EXP 	text: autoDraw = True
33.6830 	EXP 	text: autoDraw = True
33.6996 	EXP 	text: autoDraw = True
33.7162 	EXP 	text: autoDraw = True
33.7330 	EXP 	text: autoDraw = True
33.7504 	EXP 	text: autoDraw = True
33.7660 	EXP 	text: autoDraw = True
33.7820 	EXP 	text: autoDraw = True
33.7988 	EXP 	text: autoDraw = True
33.8154 	EXP 	text: autoDraw = True
33.8327 	EXP 	text: autoDraw = True
33.8483 	EXP 	text: autoDraw = True
33.8650 	EXP 	text: autoDraw = True
33.8821 	EXP 	text: autoDraw = True
33.8988 	EXP 	text: autoDraw = True
33.9155 	EXP 	text: autoDraw = True
33.9325 	EXP 	text: autoDraw = True
33.9498 	EXP 	text: autoDraw = True
33.9657 	EXP 	text: autoDraw = True
33.9824 	EXP 	text: autoDraw = True
33.9992 	EXP 	text: autoDraw = True
34.0161 	EXP 	text: autoDraw = True
34.0421 	EXP 	text: autoDraw = True
34.0524 	EXP 	text: autoDraw = True
34.0656 	EXP 	text: autoDraw = True
34.0824 	EXP 	text: autoDraw = True
34.0988 	EXP 	text: autoDraw = True
34.1154 	EXP 	text: autoDraw = True
34.1324 	EXP 	text: autoDraw = True
34.1498 	EXP 	text: autoDraw = True
34.1657 	EXP 	text: autoDraw = True
34.1815 	EXP 	text: autoDraw = True
34.2015 	EXP 	text: autoDraw = True
34.2155 	EXP 	text: autoDraw = True
34.2327 	EXP 	text: autoDraw = True
34.2490 	EXP 	text: autoDraw = True
34.2680 	EXP 	text: autoDraw = True
34.2825 	EXP 	text: autoDraw = True
34.3009 	EXP 	text: autoDraw = True
34.3155 	EXP 	text: autoDraw = True
34.3326 	EXP 	text: autoDraw = True
34.3488 	EXP 	text: autoDraw = True
34.3653 	EXP 	text: autoDraw = True
34.3818 	EXP 	text: autoDraw = True
34.3987 	EXP 	text: autoDraw = True
34.4156 	EXP 	text: autoDraw = True
34.4325 	EXP 	text: autoDraw = True
34.4492 	EXP 	text: autoDraw = True
34.4654 	EXP 	text: autoDraw = True
34.4813 	EXP 	text: autoDraw = True
34.4997 	EXP 	text: autoDraw = True
34.5158 	EXP 	text: autoDraw = True
34.5318 	EXP 	text: autoDraw = True
34.5481 	EXP 	text: autoDraw = True
34.5655 	EXP 	text: autoDraw = True
34.5834 	EXP 	text: autoDraw = True
34.5981 	EXP 	text: autoDraw = True
34.6150 	EXP 	text: autoDraw = True
34.6316 	EXP 	text: autoDraw = True
34.6478 	EXP 	text: autoDraw = True
34.6653 	EXP 	text: autoDraw = True
34.6815 	EXP 	text: autoDraw = True
34.6980 	EXP 	text: autoDraw = True
34.7008 	DATA 	Keypress: s
34.7161 	EXP 	text: autoDraw = False
34.7329 	EXP 	unnamed DotStim: dir = 0.0
34.7329 	EXP 	unnamed DotStim: speed = 0.0
34.7329 	EXP 	unnamed DotStim: dotLife = 12000
36.5496 	EXP 	unnamed DotStim: speed = 0.1
36.5496 	EXP 	unnamed DotStim: dotLife = 9
37.0488 	EXP 	unnamed DotStim: dir = 180.0
37.7158 	EXP 	text: autoDraw = True
37.7324 	EXP 	text: autoDraw = True
37.7495 	EXP 	text: autoDraw = True
37.7659 	EXP 	text: autoDraw = True
37.7830 	EXP 	text: autoDraw = True
37.7997 	EXP 	text: autoDraw = True
37.8163 	EXP 	text: autoDraw = True
37.8324 	EXP 	text: autoDraw = True
37.8502 	EXP 	text: autoDraw = True
37.8664 	EXP 	text: autoDraw = True
37.8830 	EXP 	text: autoDraw = True
37.8996 	EXP 	text: autoDraw = True
37.9163 	EXP 	text: autoDraw = True
37.9326 	EXP 	text: autoDraw = True
37.9482 	EXP 	text: autoDraw = True
37.9663 	EXP 	text: autoDraw = True
37.9830 	EXP 	text: autoDraw = True
37.9992 	EXP 	text: autoDraw = True
38.0163 	EXP 	text: autoDraw = True
38.0323 	EXP 	text: autoDraw = True
38.0492 	EXP 	text: autoDraw = True
38.0647 	EXP 	text: autoDraw = True
38.0830 	EXP 	text: autoDraw = True
38.0994 	EXP 	text: autoDraw = True
38.1160 	EXP 	text: autoDraw = True
38.1329 	EXP 	text: autoDraw = True
38.1492 	EXP 	text: autoDraw = True
38.1662 	EXP 	text: autoDraw = True
38.1824 	EXP 	text: autoDraw = True
38.1996 	EXP 	text: autoDraw = True
38.2164 	EXP 	text: autoDraw = True
38.2329 	EXP 	text: autoDraw = True
38.2564 	EXP 	text: autoDraw = True
38.2692 	EXP 	text: autoDraw = True
38.2881 	EXP 	text: autoDraw = True
38.2984 	EXP 	text: autoDraw = True
38.3165 	EXP 	text: autoDraw = True
38.3330 	EXP 	text: autoDraw = True
38.3496 	EXP 	text: autoDraw = True
38.3664 	EXP 	text: autoDraw = True
38.3834 	EXP 	text: autoDraw = True
38.3995 	EXP 	text: autoDraw = True
38.4163 	EXP 	text: autoDraw = True
38.4329 	EXP 	text: autoDraw = True
38.4500 	EXP 	text: autoDraw = True
38.4663 	EXP 	text: autoDraw = True
38.4820 	EXP 	text: autoDraw = True
38.4996 	EXP 	text: autoDraw = True
38.5166 	EXP 	text: autoDraw = True
38.5330 	EXP 	text: autoDraw = True
38.5494 	EXP 	text: autoDraw = True
38.5661 	EXP 	text: autoDraw = True
38.5832 	EXP 	text: autoDraw = True
38.5995 	EXP 	text: autoDraw = True
38.6158 	EXP 	text: autoDraw = True
38.6324 	EXP 	text: autoDraw = True
38.6497 	EXP 	text: autoDraw = True
38.6663 	EXP 	text: autoDraw = True
38.6830 	EXP 	text: autoDraw = True
38.6983 	EXP 	text: autoDraw = True
38.7158 	EXP 	text: autoDraw = True
38.7324 	EXP 	text: autoDraw = True
38.7493 	EXP 	text: autoDraw = True
38.7660 	EXP 	text: autoDraw = True
38.7830 	EXP 	text: autoDraw = True
38.7997 	EXP 	text: autoDraw = True
38.8163 	EXP 	text: autoDraw = True
38.8330 	EXP 	text: autoDraw = True
38.8496 	EXP 	text: autoDraw = True
38.8662 	EXP 	text: autoDraw = True
38.8830 	EXP 	text: autoDraw = True
38.8996 	EXP 	text: autoDraw = True
38.9150 	EXP 	text: autoDraw = True
38.9329 	EXP 	text: autoDraw = True
38.9497 	EXP 	text: autoDraw = True
38.9663 	EXP 	text: autoDraw = True
38.9829 	EXP 	text: autoDraw = True
38.9995 	EXP 	text: autoDraw = True
39.0163 	EXP 	text: autoDraw = True
39.0326 	EXP 	text: autoDraw = True
39.0496 	EXP 	text: autoDraw = True
39.0657 	EXP 	text: autoDraw = True
39.0822 	EXP 	text: autoDraw = True
39.0995 	EXP 	text: autoDraw = True
39.1161 	EXP 	text: autoDraw = True
39.1321 	EXP 	text: autoDraw = True
39.1496 	EXP 	text: autoDraw = True
39.1662 	EXP 	text: autoDraw = True
39.1831 	EXP 	text: autoDraw = True
39.1996 	EXP 	text: autoDraw = True
39.2163 	EXP 	text: autoDraw = True
39.2327 	EXP 	text: autoDraw = True
39.2493 	EXP 	text: autoDraw = True
39.2665 	EXP 	text: autoDraw = True
39.2830 	EXP 	text: autoDraw = True
39.2991 	EXP 	text: autoDraw = True
39.3165 	EXP 	text: autoDraw = True
39.3329 	EXP 	text: autoDraw = True
39.3492 	EXP 	text: autoDraw = True
39.3660 	EXP 	text: autoDraw = True
39.3830 	EXP 	text: autoDraw = True
39.3994 	EXP 	text: autoDraw = True
39.4166 	EXP 	text: autoDraw = True
39.4333 	EXP 	text: autoDraw = True
39.4497 	EXP 	text: autoDraw = True
39.4662 	EXP 	text: autoDraw = True
39.4828 	EXP 	text: autoDraw = True
39.4997 	EXP 	text: autoDraw = True
39.5154 	EXP 	text: autoDraw = True
39.5320 	EXP 	text: autoDraw = True
39.5496 	EXP 	text: autoDraw = True
39.5663 	EXP 	text: autoDraw = True
39.5827 	EXP 	text: autoDraw = True
39.5996 	EXP 	text: autoDraw = True
39.6163 	EXP 	text: autoDraw = True
39.6328 	EXP 	text: autoDraw = True
39.6502 	EXP 	text: autoDraw = True
39.6664 	EXP 	text: autoDraw = True
39.6824 	EXP 	text: autoDraw = True
39.6997 	EXP 	text: autoDraw = True
39.7163 	EXP 	text: autoDraw = True
39.7329 	EXP 	text: autoDraw = True
39.7497 	EXP 	text: autoDraw = True
39.7663 	EXP 	text: autoDraw = True
39.7826 	EXP 	text: autoDraw = True
39.7996 	EXP 	text: autoDraw = True
39.8163 	EXP 	text: autoDraw = True
39.8329 	EXP 	text: autoDraw = True
39.8497 	EXP 	text: autoDraw = True
39.8661 	EXP 	text: autoDraw = True
39.8824 	EXP 	text: autoDraw = True
39.8989 	EXP 	text: autoDraw = True
39.9163 	EXP 	text: autoDraw = True
39.9329 	EXP 	text: autoDraw = True
39.9500 	EXP 	text: autoDraw = True
39.9654 	EXP 	text: autoDraw = True
39.9821 	EXP 	text: autoDraw = True
39.9991 	EXP 	text: autoDraw = True
40.0162 	EXP 	text: autoDraw = True
40.0330 	EXP 	text: autoDraw = True
40.0497 	EXP 	text: autoDraw = True
40.0663 	EXP 	text: autoDraw = True
40.0830 	EXP 	text: autoDraw = True
40.0999 	EXP 	text: autoDraw = True
40.1156 	EXP 	text: autoDraw = True
40.1331 	EXP 	text: autoDraw = True
40.1496 	EXP 	text: autoDraw = True
40.1662 	EXP 	text: autoDraw = True
40.1827 	EXP 	text: autoDraw = True
40.1997 	EXP 	text: autoDraw = True
40.2162 	EXP 	text: autoDraw = True
40.2329 	EXP 	text: autoDraw = True
40.2497 	EXP 	text: autoDraw = True
40.2663 	EXP 	text: autoDraw = True
40.2840 	EXP 	text: autoDraw = True
40.2997 	EXP 	text: autoDraw = True
40.3159 	EXP 	text: autoDraw = True
40.3330 	EXP 	text: autoDraw = True
40.3492 	EXP 	text: autoDraw = True
40.3662 	EXP 	text: autoDraw = True
40.3829 	EXP 	text: autoDraw = True
40.3995 	EXP 	text: autoDraw = True
40.4164 	EXP 	text: autoDraw = True
40.4323 	EXP 	text: autoDraw = True
40.4501 	EXP 	text: autoDraw = True
40.4662 	EXP 	text: autoDraw = True
40.4828 	EXP 	text: autoDraw = True
40.4994 	EXP 	text: autoDraw = True
40.5160 	EXP 	text: autoDraw = True
40.5327 	EXP 	text: autoDraw = True
40.5504 	EXP 	text: autoDraw = True
40.5665 	EXP 	text: autoDraw = True
40.5829 	EXP 	text: autoDraw = True
40.5996 	EXP 	text: autoDraw = True
40.6165 	EXP 	text: autoDraw = True
40.6329 	EXP 	text: autoDraw = True
40.6499 	EXP 	text: autoDraw = True
40.6666 	EXP 	text: autoDraw = True
40.6830 	EXP 	text: autoDraw = True
40.6996 	EXP 	text: autoDraw = True
40.7164 	EXP 	text: autoDraw = True
40.7329 	EXP 	text: autoDraw = True
40.7496 	EXP 	text: autoDraw = True
40.7648 	EXP 	text: autoDraw = True
40.7822 	EXP 	text: autoDraw = True
40.7996 	EXP 	text: autoDraw = True
40.8163 	EXP 	text: autoDraw = True
40.8329 	EXP 	text: autoDraw = True
40.8496 	EXP 	text: autoDraw = True
40.8666 	EXP 	text: autoDraw = True
40.8830 	EXP 	text: autoDraw = True
40.8995 	EXP 	text: autoDraw = True
40.9161 	EXP 	text: autoDraw = True
40.9330 	EXP 	text: autoDraw = True
40.9497 	EXP 	text: autoDraw = True
40.9663 	EXP 	text: autoDraw = True
40.9821 	EXP 	text: autoDraw = True
40.9997 	EXP 	text: autoDraw = True
41.0159 	EXP 	text: autoDraw = True
41.0331 	EXP 	text: autoDraw = True
41.0497 	EXP 	text: autoDraw = True
41.0663 	EXP 	text: autoDraw = True
41.0830 	EXP 	text: autoDraw = True
41.0996 	EXP 	text: autoDraw = True
41.1168 	EXP 	text: autoDraw = True
41.1330 	EXP 	text: autoDraw = True
41.1494 	EXP 	text: autoDraw = True
41.1662 	EXP 	text: autoDraw = True
41.1827 	EXP 	text: autoDraw = True
41.1992 	EXP 	text: autoDraw = True
41.2156 	EXP 	text: autoDraw = True
41.2320 	EXP 	text: autoDraw = True
41.2495 	EXP 	text: autoDraw = True
41.2662 	EXP 	text: autoDraw = True
41.2830 	EXP 	text: autoDraw = True
41.2996 	EXP 	text: autoDraw = True
41.3149 	EXP 	text: autoDraw = True
41.3330 	EXP 	text: autoDraw = True
41.3493 	EXP 	text: autoDraw = True
41.3662 	EXP 	text: autoDraw = True
41.3828 	EXP 	text: autoDraw = True
41.3990 	EXP 	text: autoDraw = True
41.4166 	EXP 	text: autoDraw = True
41.4329 	EXP 	text: autoDraw = True
41.4496 	EXP 	text: autoDraw = True
41.4656 	EXP 	text: autoDraw = True
41.4830 	EXP 	text: autoDraw = True
41.4995 	EXP 	text: autoDraw = True
41.5161 	EXP 	text: autoDraw = True
41.5326 	EXP 	text: autoDraw = True
41.5496 	EXP 	text: autoDraw = True
41.5666 	EXP 	text: autoDraw = True
41.5829 	EXP 	text: autoDraw = True
41.5992 	EXP 	text: autoDraw = True
41.6163 	EXP 	text: autoDraw = True
41.6324 	EXP 	text: autoDraw = True
41.6497 	EXP 	text: autoDraw = True
41.6665 	EXP 	text: autoDraw = True
41.6818 	EXP 	text: autoDraw = True
41.6994 	EXP 	text: autoDraw = True
41.7163 	EXP 	text: autoDraw = True
41.7330 	EXP 	text: autoDraw = True
41.7500 	EXP 	text: autoDraw = True
41.7662 	EXP 	text: autoDraw = True
41.7836 	EXP 	text: autoDraw = True
41.7995 	EXP 	text: autoDraw = True
41.8163 	EXP 	text: autoDraw = True
41.8330 	EXP 	text: autoDraw = True
41.8496 	EXP 	text: autoDraw = True
41.8661 	EXP 	text: autoDraw = True
41.8830 	EXP 	text: autoDraw = True
41.8994 	EXP 	text: autoDraw = True
41.9163 	EXP 	text: autoDraw = True
41.9331 	EXP 	text: autoDraw = True
41.9496 	EXP 	text: autoDraw = True
41.9661 	EXP 	text: autoDraw = True
41.9830 	EXP 	text: autoDraw = True
41.9994 	EXP 	text: autoDraw = True
42.0158 	EXP 	text: autoDraw = True
42.0329 	EXP 	text: autoDraw = True
42.0496 	EXP 	text: autoDraw = True
42.0654 	EXP 	text: autoDraw = True
42.0830 	EXP 	text: autoDraw = True
42.0996 	EXP 	text: autoDraw = True
42.1166 	EXP 	text: autoDraw = True
42.1329 	EXP 	text: autoDraw = True
42.1497 	EXP 	text: autoDraw = True
42.1659 	EXP 	text: autoDraw = True
42.1833 	EXP 	text: autoDraw = True
42.1996 	EXP 	text: autoDraw = True
42.2161 	EXP 	text: autoDraw = True
42.2322 	EXP 	text: autoDraw = True
42.2496 	EXP 	text: autoDraw = True
42.2662 	EXP 	text: autoDraw = True
42.2827 	EXP 	text: autoDraw = True
42.2996 	EXP 	text: autoDraw = True
42.3163 	EXP 	text: autoDraw = True
42.3327 	EXP 	text: autoDraw = True
42.3491 	EXP 	text: autoDraw = True
42.3662 	EXP 	text: autoDraw = True
42.3831 	EXP 	text: autoDraw = True
42.3995 	EXP 	text: autoDraw = True
42.4163 	EXP 	text: autoDraw = True
42.4329 	EXP 	text: autoDraw = True
42.4492 	EXP 	text: autoDraw = True
42.4663 	EXP 	text: autoDraw = True
42.4829 	EXP 	text: autoDraw = True
42.4983 	EXP 	text: autoDraw = True
42.5153 	EXP 	text: autoDraw = True
42.5330 	EXP 	text: autoDraw = True
42.5494 	EXP 	text: autoDraw = True
42.5661 	EXP 	text: autoDraw = True
42.5829 	EXP 	text: autoDraw = True
42.5994 	EXP 	text: autoDraw = True
42.6162 	EXP 	text: autoDraw = True
42.6327 	EXP 	text: autoDraw = True
42.6496 	EXP 	text: autoDraw = True
42.6662 	EXP 	text: autoDraw = True
42.6827 	EXP 	text: autoDraw = True
42.6996 	EXP 	text: autoDraw = True
42.7150 	EXP 	text: autoDraw = True
42.7329 	EXP 	text: autoDraw = True
42.7496 	EXP 	text: autoDraw = True
42.7660 	EXP 	text: autoDraw = True
42.7829 	EXP 	text: autoDraw = True
42.7991 	EXP 	text: autoDraw = True
42.8157 	EXP 	text: autoDraw = True
42.8328 	EXP 	text: autoDraw = True
42.8496 	EXP 	text: autoDraw = True
42.8662 	EXP 	text: autoDraw = True
42.8824 	EXP 	text: autoDraw = True
42.8995 	EXP 	text: autoDraw = True
42.9170 	EXP 	text: autoDraw = True
42.9356 	EXP 	text: autoDraw = True
42.9532 	EXP 	text: autoDraw = True
42.9698 	EXP 	text: autoDraw = True
42.9859 	EXP 	text: autoDraw = True
43.0042 	EXP 	text: autoDraw = True
43.0189 	EXP 	text: autoDraw = True
43.0352 	EXP 	text: autoDraw = True
43.0523 	EXP 	text: autoDraw = True
43.0661 	EXP 	text: autoDraw = True
43.0849 	EXP 	text: autoDraw = True
43.1020 	EXP 	text: autoDraw = True
43.1198 	EXP 	text: autoDraw = True
43.1362 	EXP 	text: autoDraw = True
43.1512 	EXP 	text: autoDraw = True
43.1699 	EXP 	text: autoDraw = True
43.1861 	EXP 	text: autoDraw = True
43.2026 	EXP 	text: autoDraw = True
43.2192 	EXP 	text: autoDraw = True
43.2351 	EXP 	text: autoDraw = True
43.2521 	EXP 	text: autoDraw = True
43.2670 	EXP 	text: autoDraw = True
43.2981 	EXP 	text: autoDraw = True
43.3197 	EXP 	text: autoDraw = True
43.3321 	EXP 	text: autoDraw = True
43.3519 	EXP 	text: autoDraw = True
43.3671 	EXP 	text: autoDraw = True
43.3857 	EXP 	text: autoDraw = True
43.4026 	EXP 	text: autoDraw = True
43.4197 	EXP 	text: autoDraw = True
43.4341 	EXP 	text: autoDraw = True
43.4526 	EXP 	text: autoDraw = True
43.4693 	EXP 	text: autoDraw = True
43.4839 	EXP 	text: autoDraw = True
43.5021 	EXP 	text: autoDraw = True
43.5152 	EXP 	text: autoDraw = True
43.5360 	EXP 	text: autoDraw = True
43.5525 	EXP 	text: autoDraw = True
43.5681 	EXP 	text: autoDraw = True
43.5858 	EXP 	text: autoDraw = True
43.6023 	EXP 	text: autoDraw = True
43.6171 	EXP 	text: autoDraw = True
43.6358 	EXP 	text: autoDraw = True
43.6524 	EXP 	text: autoDraw = True
43.6681 	EXP 	text: autoDraw = True
43.6721 	DATA 	Keypress: escape
43.6848 	EXP 	text: autoDraw = False
44.1004 	EXP 	window1: mouseVisible = True
