9.8276 	WARNING 	User requested fullscreen with size [2880 1800], but screen is actually [1440, 900]. Using actual size
10.7998 	INFO 	Successfully set darwin thread to realtime
11.8550 	INFO 	#[ PsychoPy3 RuntimeInfoStart ]
  #[[ PsychoPy ]] #---------
    psychopyVersion: 3.2.0
    psychopyHaveExtRush: True
  #[[ Experiment ]] #---------
    experimentRunTime: 2019_09_04 13:48 (Year_Month_Day Hour:Min)
    experimentRunTime.epoch: 1567619301
    experimentScript: Kanai_replication_study.py
    experimentScript.digestSHA1: 1245a52f1b9bdafbecf99846ff89c19442e146e6
    experimentScript.directory: /Volumes/My Passport/Github/spatio_temporal_information_processing/Time_Subjective_Expansion/kanai_replication_study
  #[[ System ]] #---------
    systemHaveInternetAccess: True
    systemHostName: pbs-jf-aldi.local
    systemLocale: C
    systemMemFreeRAM: 6200.3984375
    systemMemTotalRAM: 16384.0
    systemPlatform: darwin 10.14.6 x86_64
    systemRavailable: R version 3.4.1 (2017-06-30) -- Single Candle
    systemRebooted: Aug 29 17:36
    systemSec.OpenSSLVersion: OpenSSL 1.1.1a  20 Nov 2018
    systemSec.pythonSSL: True
    systemTimeNumpySD1000000_sec: 0.0020
    systemUser: supadhy6
    systemUserID: 1903061739
    systemUserProcCount: 320
    systemUserProcFlagged: KeyNote mdworker Dropbox Safari iTunes 'Google Chrome'
    systemUsersCount: 1
  #[[ Window ]] #---------
    windowWinType: pyglet
    windowUnits: deg
    windowSize_pix: [2880 1800]
    windowScreen: 0
    windowRgb: [255. 255. 255.]
    windowRefreshTimeSD_ms: 0.703
    windowRefreshTimeMedian_ms: 16.717
    windowRefreshTimeAvg_ms: 16.678
    windowPos_pix: [0.0, 0.0]
    windowMonitor.name: testmonitor
    windowMonitor.getWidth_cm: 52.0
    windowMonitor.getDistance_cm: 65.0
    windowMonitor.currentCalibName: 2019_01_28 08:48
    windowIsFullScr: True
  #[[ Python ]] #---------
    pythonVersion: 3.6.0
  #[[ OpenGL ]] #---------
#[ PsychoPy3 RuntimeInfoEnd ]

11.9478 	EXP 	Created text = TextStim(__class__=<class 'psychopy.visual.text.TextStim'>, alignHoriz='center', alignVert='center', antialias=True, autoLog=True, bold=False, color='black', colorSpace='named', contrast=1.0, depth=-1.0, flipHoriz=False, flipVert=False, font='Arial', fontFiles=[], height=0.5, italic=False, languageStyle='LTR', name='text', opacity=1.0, ori=0, pos=array([ 0., -5.]), rgb=array([0., 0., 0.]), text=str(...), units='deg', win=Window(...), wrapWidth=30)
11.9504 	EXP 	Created unnamed DotStim = DotStim(__class__=<class 'psychopy.visual.dot.DotStim'>, autoLog=True, coherence=1.0, color=array([0., 0., 0.]), colorSpace='rgb', contrast=1.0, depth=0, dir=0, dotLife=12000, dotSize=12.0, element=None, fieldPos=array([0., 0.]), fieldShape='square', fieldSize=array([8., 8.]), nDots=200, name='unnamed DotStim', noiseDots='direction', opacity=1.0, rgb=array([0., 0., 0.]), signalDots='same', speed=0.0, units='deg', win=Window(...))
12.0494 	EXP 	text: text = "Welcome! Thank you for agreeing to participate in this study.\n\nIn this study, you will judge the duration of the items presented on the screen.\n\nThe task is simple: You will see black disks appear, stay for a bit, and disappear on the screen. The black disks will all last for exactly the same amount of time. .\n\nOccasionally, you will see things other than a black disk appear and disappear — these might be spinning or differently colored things.\n\nAll you need to do is judge whether that oddball — the thing that is not a black disk — lasted longer or shorter on the screen than than the black disks.\n\nThese disks might appear at different locations on the screen, and move in circular orbits.\n\nYou will maintain fixation at the center of the screen while making the duration judgments.\n\nIf you're feeling uncomfortable, you can press ESC key any time to stop the experiment.\n\nPress any key when you are ready to begin the experiment.\n\n"
12.0494 	EXP 	text: autoDraw = True
12.8160 	DATA 	Keypress: space
12.8177 	EXP 	text: autoDraw = False
12.8297 	EXP 	text: text = 'Please fixate on the red dot while the stimuli appear on the screen. Press any key to begin the experiment.'
12.8297 	EXP 	text: autoDraw = True
13.3884 	DATA 	Keypress: space
13.3893 	EXP 	text: autoDraw = False
13.4240 	EXP 	text: text = 'Please press l if the 1st stimulus lasted for shorter duration, s if the 2nd stimulus lasted for shorter duration'
13.4240 	EXP 	unnamed DotStim: speed = 0.0
13.4240 	EXP 	unnamed DotStim: dotLife = 12000
13.4240 	EXP 	unnamed DotStim: autoDraw = True
14.8322 	EXP 	unnamed DotStim: speed = 0.0001
14.8322 	EXP 	unnamed DotStim: dotLife = 9
15.3371 	EXP 	unnamed DotStim: dir = 180.0
15.3702 	EXP 	unnamed DotStim: dir = 360.0
15.4032 	EXP 	unnamed DotStim: dir = 540.0
15.4371 	EXP 	unnamed DotStim: dir = 720.0
15.4703 	EXP 	unnamed DotStim: dir = 900.0
15.5033 	EXP 	unnamed DotStim: dir = 1080.0
15.5367 	EXP 	unnamed DotStim: dir = 1260.0
15.5702 	EXP 	unnamed DotStim: dir = 1440.0
15.6038 	EXP 	unnamed DotStim: dir = 1620.0
15.6369 	EXP 	unnamed DotStim: dir = 1800.0
15.6703 	EXP 	unnamed DotStim: dir = 1980.0
15.7034 	EXP 	unnamed DotStim: dir = 2160.0
15.7363 	EXP 	unnamed DotStim: dir = 2340.0
15.7706 	EXP 	unnamed DotStim: dir = 2520.0
15.8039 	EXP 	unnamed DotStim: dir = 2700.0
15.8374 	EXP 	unnamed DotStim: dir = 2880.0
15.8702 	EXP 	unnamed DotStim: dir = 3060.0
15.9037 	EXP 	unnamed DotStim: dir = 3240.0
15.9202 	EXP 	unnamed DotStim: autoDraw = False
15.9370 	EXP 	text: autoDraw = True
15.9525 	EXP 	text: autoDraw = True
15.9702 	EXP 	text: autoDraw = True
15.9867 	EXP 	text: autoDraw = True
16.0036 	EXP 	text: autoDraw = True
16.0204 	EXP 	text: autoDraw = True
16.0369 	EXP 	text: autoDraw = True
16.0537 	EXP 	text: autoDraw = True
16.0703 	EXP 	text: autoDraw = True
16.0859 	EXP 	text: autoDraw = True
16.1039 	EXP 	text: autoDraw = True
16.1202 	EXP 	text: autoDraw = True
16.1369 	EXP 	text: autoDraw = True
16.1531 	EXP 	text: autoDraw = True
16.1698 	EXP 	text: autoDraw = True
16.1871 	EXP 	text: autoDraw = True
16.2026 	EXP 	text: autoDraw = True
16.2204 	EXP 	text: autoDraw = True
16.2371 	EXP 	text: autoDraw = True
16.2525 	EXP 	text: autoDraw = True
16.2702 	EXP 	text: autoDraw = True
16.2871 	EXP 	text: autoDraw = True
16.3037 	EXP 	text: autoDraw = True
16.3196 	EXP 	text: autoDraw = True
16.3372 	EXP 	text: autoDraw = True
16.3536 	EXP 	text: autoDraw = True
16.3702 	EXP 	text: autoDraw = True
16.3868 	EXP 	text: autoDraw = True
16.4038 	EXP 	text: autoDraw = True
16.4202 	EXP 	text: autoDraw = True
16.4370 	EXP 	text: autoDraw = True
16.4536 	EXP 	text: autoDraw = True
16.4703 	EXP 	text: autoDraw = True
16.4861 	EXP 	text: autoDraw = True
16.5036 	EXP 	text: autoDraw = True
16.5202 	EXP 	text: autoDraw = True
16.5363 	EXP 	text: autoDraw = True
16.5538 	EXP 	text: autoDraw = True
16.5702 	EXP 	text: autoDraw = True
16.5869 	EXP 	text: autoDraw = True
16.6038 	EXP 	text: autoDraw = True
16.6202 	EXP 	text: autoDraw = True
16.6369 	EXP 	text: autoDraw = True
16.6535 	EXP 	text: autoDraw = True
16.6702 	EXP 	text: autoDraw = True
16.6870 	EXP 	text: autoDraw = True
16.7030 	EXP 	text: autoDraw = True
16.7202 	EXP 	text: autoDraw = True
16.7371 	EXP 	text: autoDraw = True
16.7538 	EXP 	text: autoDraw = True
16.7701 	EXP 	text: autoDraw = True
16.7870 	EXP 	text: autoDraw = True
16.8038 	EXP 	text: autoDraw = True
16.8250 	EXP 	text: autoDraw = True
16.8375 	EXP 	text: autoDraw = True
16.8538 	EXP 	text: autoDraw = True
16.8697 	EXP 	text: autoDraw = True
16.8864 	EXP 	text: autoDraw = True
16.9037 	EXP 	text: autoDraw = True
16.9197 	EXP 	text: autoDraw = True
16.9371 	EXP 	text: autoDraw = True
16.9536 	EXP 	text: autoDraw = True
16.9703 	EXP 	text: autoDraw = True
16.9865 	EXP 	text: autoDraw = True
17.0029 	EXP 	text: autoDraw = True
17.0205 	EXP 	text: autoDraw = True
17.0363 	EXP 	text: autoDraw = True
17.0538 	EXP 	text: autoDraw = True
17.0702 	EXP 	text: autoDraw = True
17.0868 	EXP 	text: autoDraw = True
17.1038 	EXP 	text: autoDraw = True
17.1203 	EXP 	text: autoDraw = True
17.1364 	EXP 	text: autoDraw = True
17.1542 	EXP 	text: autoDraw = True
17.1695 	EXP 	text: autoDraw = True
17.1871 	EXP 	text: autoDraw = True
17.2038 	EXP 	text: autoDraw = True
17.2207 	EXP 	text: autoDraw = True
17.2369 	EXP 	text: autoDraw = True
17.2537 	EXP 	text: autoDraw = True
17.2705 	EXP 	text: autoDraw = True
17.2871 	EXP 	text: autoDraw = True
17.3031 	EXP 	text: autoDraw = True
17.3203 	EXP 	text: autoDraw = True
17.3367 	EXP 	text: autoDraw = True
17.3530 	EXP 	text: autoDraw = True
17.3698 	EXP 	text: autoDraw = True
17.3869 	EXP 	text: autoDraw = True
17.3925 	DATA 	Keypress: l
17.4030 	EXP 	text: autoDraw = False
17.4218 	EXP 	unnamed DotStim: speed = 0.0
17.4218 	EXP 	unnamed DotStim: dotLife = 12000
17.4218 	EXP 	unnamed DotStim: autoDraw = True
19.1681 	EXP 	unnamed DotStim: speed = 0.0001
19.1681 	EXP 	unnamed DotStim: dotLife = 9
19.6704 	EXP 	unnamed DotStim: dir = 3420.0
19.7038 	EXP 	unnamed DotStim: dir = 3600.0
19.7365 	EXP 	unnamed DotStim: dir = 3780.0
19.7705 	EXP 	unnamed DotStim: dir = 3960.0
19.8041 	EXP 	unnamed DotStim: dir = 4140.0
19.8372 	EXP 	unnamed DotStim: dir = 4320.0
19.8702 	EXP 	unnamed DotStim: dir = 4500.0
19.9032 	EXP 	unnamed DotStim: dir = 4680.0
19.9373 	EXP 	unnamed DotStim: dir = 4860.0
19.9704 	EXP 	unnamed DotStim: dir = 5040.0
20.0024 	EXP 	unnamed DotStim: dir = 5220.0
20.0371 	EXP 	unnamed DotStim: dir = 5400.0
20.0692 	EXP 	unnamed DotStim: dir = 5580.0
20.1037 	EXP 	unnamed DotStim: dir = 5760.0
20.1365 	EXP 	unnamed DotStim: dir = 5940.0
20.1708 	EXP 	unnamed DotStim: dir = 6120.0
20.2035 	EXP 	unnamed DotStim: dir = 6300.0
20.2371 	EXP 	unnamed DotStim: dir = 6480.0
20.2693 	EXP 	unnamed DotStim: dir = 6660.0
20.3038 	EXP 	unnamed DotStim: dir = 6840.0
20.3204 	EXP 	unnamed DotStim: autoDraw = False
20.3369 	EXP 	text: autoDraw = True
20.3528 	EXP 	text: autoDraw = True
20.3700 	EXP 	text: autoDraw = True
20.3858 	EXP 	text: autoDraw = True
20.4037 	EXP 	text: autoDraw = True
20.4201 	EXP 	text: autoDraw = True
20.4373 	EXP 	text: autoDraw = True
20.4533 	EXP 	text: autoDraw = True
20.4704 	EXP 	text: autoDraw = True
20.4870 	EXP 	text: autoDraw = True
20.5036 	EXP 	text: autoDraw = True
20.5204 	EXP 	text: autoDraw = True
20.5368 	EXP 	text: autoDraw = True
20.5535 	EXP 	text: autoDraw = True
20.5704 	EXP 	text: autoDraw = True
20.5871 	EXP 	text: autoDraw = True
20.6035 	EXP 	text: autoDraw = True
20.6201 	EXP 	text: autoDraw = True
20.6368 	EXP 	text: autoDraw = True
20.6535 	EXP 	text: autoDraw = True
20.6694 	EXP 	text: autoDraw = True
20.6869 	EXP 	text: autoDraw = True
20.7034 	EXP 	text: autoDraw = True
20.7196 	EXP 	text: autoDraw = True
20.7370 	EXP 	text: autoDraw = True
20.7535 	EXP 	text: autoDraw = True
20.7703 	EXP 	text: autoDraw = True
20.7870 	EXP 	text: autoDraw = True
20.8035 	EXP 	text: autoDraw = True
20.8199 	EXP 	text: autoDraw = True
20.8370 	EXP 	text: autoDraw = True
20.8535 	EXP 	text: autoDraw = True
20.8702 	EXP 	text: autoDraw = True
20.8861 	EXP 	text: autoDraw = True
20.9037 	EXP 	text: autoDraw = True
20.9204 	EXP 	text: autoDraw = True
20.9370 	EXP 	text: autoDraw = True
20.9534 	EXP 	text: autoDraw = True
20.9701 	EXP 	text: autoDraw = True
20.9869 	EXP 	text: autoDraw = True
21.0031 	EXP 	text: autoDraw = True
21.0204 	EXP 	text: autoDraw = True
21.0371 	EXP 	text: autoDraw = True
21.0533 	EXP 	text: autoDraw = True
21.0698 	EXP 	text: autoDraw = True
21.0871 	EXP 	text: autoDraw = True
21.1032 	EXP 	text: autoDraw = True
21.1204 	EXP 	text: autoDraw = True
21.1368 	EXP 	text: autoDraw = True
21.1534 	EXP 	text: autoDraw = True
21.1704 	EXP 	text: autoDraw = True
21.1867 	EXP 	text: autoDraw = True
21.2035 	EXP 	text: autoDraw = True
21.2199 	EXP 	text: autoDraw = True
21.2358 	EXP 	text: autoDraw = True
21.2535 	EXP 	text: autoDraw = True
21.2702 	EXP 	text: autoDraw = True
21.2868 	EXP 	text: autoDraw = True
21.3035 	EXP 	text: autoDraw = True
21.3195 	EXP 	text: autoDraw = True
21.3371 	EXP 	text: autoDraw = True
21.3536 	EXP 	text: autoDraw = True
21.3702 	EXP 	text: autoDraw = True
21.3863 	EXP 	text: autoDraw = True
21.4025 	EXP 	text: autoDraw = True
21.4204 	EXP 	text: autoDraw = True
21.4363 	EXP 	text: autoDraw = True
21.4536 	EXP 	text: autoDraw = True
21.4702 	EXP 	text: autoDraw = True
21.4870 	EXP 	text: autoDraw = True
21.5037 	EXP 	text: autoDraw = True
21.5202 	EXP 	text: autoDraw = True
21.5364 	EXP 	text: autoDraw = True
21.5537 	EXP 	text: autoDraw = True
21.5704 	EXP 	text: autoDraw = True
21.5868 	EXP 	text: autoDraw = True
21.6037 	EXP 	text: autoDraw = True
21.6201 	EXP 	text: autoDraw = True
21.6368 	EXP 	text: autoDraw = True
21.6535 	EXP 	text: autoDraw = True
21.6702 	EXP 	text: autoDraw = True
21.6868 	EXP 	text: autoDraw = True
21.7035 	EXP 	text: autoDraw = True
21.7202 	EXP 	text: autoDraw = True
21.7368 	EXP 	text: autoDraw = True
21.7531 	EXP 	text: autoDraw = True
21.7704 	EXP 	text: autoDraw = True
21.7868 	EXP 	text: autoDraw = True
21.8034 	EXP 	text: autoDraw = True
21.8201 	EXP 	text: autoDraw = True
21.8370 	EXP 	text: autoDraw = True
21.8523 	EXP 	text: autoDraw = True
21.8704 	EXP 	text: autoDraw = True
21.8869 	EXP 	text: autoDraw = True
21.9035 	EXP 	text: autoDraw = True
21.9201 	EXP 	text: autoDraw = True
21.9372 	EXP 	text: autoDraw = True
21.9534 	EXP 	text: autoDraw = True
21.9694 	EXP 	text: autoDraw = True
21.9864 	EXP 	text: autoDraw = True
22.0039 	EXP 	text: autoDraw = True
22.0202 	EXP 	text: autoDraw = True
22.0370 	EXP 	text: autoDraw = True
22.0537 	EXP 	text: autoDraw = True
22.0696 	EXP 	text: autoDraw = True
22.0868 	EXP 	text: autoDraw = True
22.1035 	EXP 	text: autoDraw = True
22.1202 	EXP 	text: autoDraw = True
22.1371 	EXP 	text: autoDraw = True
22.1536 	EXP 	text: autoDraw = True
22.1704 	EXP 	text: autoDraw = True
22.1868 	EXP 	text: autoDraw = True
22.2035 	EXP 	text: autoDraw = True
22.2201 	EXP 	text: autoDraw = True
22.2368 	EXP 	text: autoDraw = True
22.2537 	EXP 	text: autoDraw = True
22.2704 	EXP 	text: autoDraw = True
22.2864 	EXP 	text: autoDraw = True
22.3027 	EXP 	text: autoDraw = True
22.3201 	EXP 	text: autoDraw = True
22.3368 	EXP 	text: autoDraw = True
22.3537 	EXP 	text: autoDraw = True
22.3702 	EXP 	text: autoDraw = True
22.3869 	EXP 	text: autoDraw = True
22.4037 	EXP 	text: autoDraw = True
22.4201 	EXP 	text: autoDraw = True
22.4368 	EXP 	text: autoDraw = True
22.4535 	EXP 	text: autoDraw = True
22.4704 	EXP 	text: autoDraw = True
22.4870 	EXP 	text: autoDraw = True
22.5026 	EXP 	text: autoDraw = True
22.5204 	EXP 	text: autoDraw = True
22.5367 	EXP 	text: autoDraw = True
22.5530 	EXP 	text: autoDraw = True
22.5706 	EXP 	text: autoDraw = True
22.5871 	EXP 	text: autoDraw = True
22.6034 	EXP 	text: autoDraw = True
22.6204 	EXP 	text: autoDraw = True
22.6370 	EXP 	text: autoDraw = True
22.6540 	EXP 	text: autoDraw = True
22.6704 	EXP 	text: autoDraw = True
22.6870 	EXP 	text: autoDraw = True
22.7037 	EXP 	text: autoDraw = True
22.7202 	EXP 	text: autoDraw = True
22.7371 	EXP 	text: autoDraw = True
22.7527 	EXP 	text: autoDraw = True
22.7703 	EXP 	text: autoDraw = True
22.7871 	EXP 	text: autoDraw = True
22.8038 	EXP 	text: autoDraw = True
22.8201 	EXP 	text: autoDraw = True
22.8368 	EXP 	text: autoDraw = True
22.8527 	EXP 	text: autoDraw = True
22.8703 	EXP 	text: autoDraw = True
22.8868 	EXP 	text: autoDraw = True
22.9035 	EXP 	text: autoDraw = True
22.9204 	EXP 	text: autoDraw = True
22.9366 	EXP 	text: autoDraw = True
22.9536 	EXP 	text: autoDraw = True
22.9703 	EXP 	text: autoDraw = True
22.9870 	EXP 	text: autoDraw = True
23.0037 	EXP 	text: autoDraw = True
23.0202 	EXP 	text: autoDraw = True
23.0360 	EXP 	text: autoDraw = True
23.0536 	EXP 	text: autoDraw = True
23.0702 	EXP 	text: autoDraw = True
23.0868 	EXP 	text: autoDraw = True
23.1038 	EXP 	text: autoDraw = True
23.1203 	EXP 	text: autoDraw = True
23.1364 	EXP 	text: autoDraw = True
23.1534 	EXP 	text: autoDraw = True
23.1683 	EXP 	text: autoDraw = True
23.1863 	EXP 	text: autoDraw = True
23.2022 	EXP 	text: autoDraw = True
23.2203 	EXP 	text: autoDraw = True
23.2364 	EXP 	text: autoDraw = True
23.2531 	EXP 	text: autoDraw = True
23.2696 	EXP 	text: autoDraw = True
23.2865 	EXP 	text: autoDraw = True
23.3032 	EXP 	text: autoDraw = True
23.3196 	EXP 	text: autoDraw = True
23.3365 	EXP 	text: autoDraw = True
23.3526 	EXP 	text: autoDraw = True
23.3696 	EXP 	text: autoDraw = True
23.3865 	EXP 	text: autoDraw = True
23.4031 	EXP 	text: autoDraw = True
23.4193 	EXP 	text: autoDraw = True
23.4359 	EXP 	text: autoDraw = True
23.4532 	EXP 	text: autoDraw = True
23.4697 	EXP 	text: autoDraw = True
23.4863 	EXP 	text: autoDraw = True
23.5021 	EXP 	text: autoDraw = True
23.5198 	EXP 	text: autoDraw = True
23.5361 	EXP 	text: autoDraw = True
23.5524 	EXP 	text: autoDraw = True
23.5692 	EXP 	text: autoDraw = True
23.5863 	EXP 	text: autoDraw = True
23.6029 	EXP 	text: autoDraw = True
23.6198 	EXP 	text: autoDraw = True
23.6364 	EXP 	text: autoDraw = True
23.6526 	EXP 	text: autoDraw = True
23.6699 	EXP 	text: autoDraw = True
23.6859 	EXP 	text: autoDraw = True
23.7033 	EXP 	text: autoDraw = True
23.7195 	EXP 	text: autoDraw = True
23.7365 	EXP 	text: autoDraw = True
23.7529 	EXP 	text: autoDraw = True
23.7697 	EXP 	text: autoDraw = True
23.7863 	EXP 	text: autoDraw = True
23.8032 	EXP 	text: autoDraw = True
23.8194 	EXP 	text: autoDraw = True
23.8364 	EXP 	text: autoDraw = True
23.8532 	EXP 	text: autoDraw = True
23.8696 	EXP 	text: autoDraw = True
23.8859 	EXP 	text: autoDraw = True
23.9031 	EXP 	text: autoDraw = True
23.9196 	EXP 	text: autoDraw = True
23.9365 	EXP 	text: autoDraw = True
23.9531 	EXP 	text: autoDraw = True
23.9687 	EXP 	text: autoDraw = True
23.9864 	EXP 	text: autoDraw = True
24.0026 	EXP 	text: autoDraw = True
24.0198 	EXP 	text: autoDraw = True
24.0362 	EXP 	text: autoDraw = True
24.0529 	EXP 	text: autoDraw = True
24.0696 	EXP 	text: autoDraw = True
24.0865 	EXP 	text: autoDraw = True
24.1029 	EXP 	text: autoDraw = True
24.1196 	EXP 	text: autoDraw = True
24.1361 	EXP 	text: autoDraw = True
24.1530 	EXP 	text: autoDraw = True
24.1693 	EXP 	text: autoDraw = True
24.1867 	EXP 	text: autoDraw = True
24.2029 	EXP 	text: autoDraw = True
24.2197 	EXP 	text: autoDraw = True
24.2364 	EXP 	text: autoDraw = True
24.2529 	EXP 	text: autoDraw = True
24.2700 	EXP 	text: autoDraw = True
24.2863 	EXP 	text: autoDraw = True
24.3029 	EXP 	text: autoDraw = True
24.3199 	EXP 	text: autoDraw = True
24.3354 	EXP 	text: autoDraw = True
24.3531 	EXP 	text: autoDraw = True
24.3698 	EXP 	text: autoDraw = True
24.3862 	EXP 	text: autoDraw = True
24.4030 	EXP 	text: autoDraw = True
24.4197 	EXP 	text: autoDraw = True
24.4358 	EXP 	text: autoDraw = True
24.4527 	EXP 	text: autoDraw = True
24.4698 	EXP 	text: autoDraw = True
24.4866 	EXP 	text: autoDraw = True
24.5029 	EXP 	text: autoDraw = True
24.5197 	EXP 	text: autoDraw = True
24.5362 	EXP 	text: autoDraw = True
24.5531 	EXP 	text: autoDraw = True
24.5698 	EXP 	text: autoDraw = True
24.5863 	EXP 	text: autoDraw = True
24.6031 	EXP 	text: autoDraw = True
24.6197 	EXP 	text: autoDraw = True
24.6359 	EXP 	text: autoDraw = True
24.6528 	EXP 	text: autoDraw = True
24.6697 	EXP 	text: autoDraw = True
24.6864 	EXP 	text: autoDraw = True
24.7030 	EXP 	text: autoDraw = True
24.7196 	EXP 	text: autoDraw = True
24.7362 	EXP 	text: autoDraw = True
24.7529 	EXP 	text: autoDraw = True
24.7691 	EXP 	text: autoDraw = True
24.7865 	EXP 	text: autoDraw = True
24.8030 	EXP 	text: autoDraw = True
24.8196 	EXP 	text: autoDraw = True
24.8363 	EXP 	text: autoDraw = True
24.8529 	EXP 	text: autoDraw = True
24.8693 	EXP 	text: autoDraw = True
24.8864 	EXP 	text: autoDraw = True
24.9030 	EXP 	text: autoDraw = True
24.9197 	EXP 	text: autoDraw = True
24.9362 	EXP 	text: autoDraw = True
24.9536 	EXP 	text: autoDraw = True
24.9698 	EXP 	text: autoDraw = True
24.9865 	EXP 	text: autoDraw = True
25.0031 	EXP 	text: autoDraw = True
25.0196 	EXP 	text: autoDraw = True
25.0362 	EXP 	text: autoDraw = True
25.0530 	EXP 	text: autoDraw = True
25.0698 	EXP 	text: autoDraw = True
25.0859 	EXP 	text: autoDraw = True
25.1030 	EXP 	text: autoDraw = True
25.1188 	EXP 	text: autoDraw = True
25.1363 	EXP 	text: autoDraw = True
25.1529 	EXP 	text: autoDraw = True
25.1697 	EXP 	text: autoDraw = True
25.1859 	EXP 	text: autoDraw = True
25.2040 	EXP 	text: autoDraw = True
25.2199 	EXP 	text: autoDraw = True
25.2369 	EXP 	text: autoDraw = True
25.2529 	EXP 	text: autoDraw = True
25.2699 	EXP 	text: autoDraw = True
25.2865 	EXP 	text: autoDraw = True
25.3029 	EXP 	text: autoDraw = True
25.3195 	EXP 	text: autoDraw = True
25.3366 	EXP 	text: autoDraw = True
25.3531 	EXP 	text: autoDraw = True
25.3696 	EXP 	text: autoDraw = True
25.3864 	EXP 	text: autoDraw = True
25.4026 	EXP 	text: autoDraw = True
25.4195 	EXP 	text: autoDraw = True
25.4364 	EXP 	text: autoDraw = True
25.4527 	EXP 	text: autoDraw = True
25.4693 	EXP 	text: autoDraw = True
25.4865 	EXP 	text: autoDraw = True
25.5029 	EXP 	text: autoDraw = True
25.5191 	EXP 	text: autoDraw = True
25.5363 	EXP 	text: autoDraw = True
25.5528 	EXP 	text: autoDraw = True
25.5692 	EXP 	text: autoDraw = True
25.5859 	EXP 	text: autoDraw = True
25.6032 	EXP 	text: autoDraw = True
25.6197 	EXP 	text: autoDraw = True
25.6362 	EXP 	text: autoDraw = True
25.6529 	EXP 	text: autoDraw = True
25.6698 	EXP 	text: autoDraw = True
25.6855 	EXP 	text: autoDraw = True
25.7029 	EXP 	text: autoDraw = True
25.7200 	EXP 	text: autoDraw = True
25.7355 	EXP 	text: autoDraw = True
25.7527 	EXP 	text: autoDraw = True
25.7696 	EXP 	text: autoDraw = True
25.7863 	EXP 	text: autoDraw = True
25.8029 	EXP 	text: autoDraw = True
25.8196 	EXP 	text: autoDraw = True
25.8364 	EXP 	text: autoDraw = True
25.8529 	EXP 	text: autoDraw = True
25.8695 	EXP 	text: autoDraw = True
25.8862 	EXP 	text: autoDraw = True
25.9025 	EXP 	text: autoDraw = True
25.9189 	EXP 	text: autoDraw = True
25.9362 	EXP 	text: autoDraw = True
25.9526 	EXP 	text: autoDraw = True
25.9697 	EXP 	text: autoDraw = True
25.9862 	EXP 	text: autoDraw = True
26.0031 	EXP 	text: autoDraw = True
26.0187 	EXP 	text: autoDraw = True
26.0359 	EXP 	text: autoDraw = True
26.0529 	EXP 	text: autoDraw = True
26.0697 	EXP 	text: autoDraw = True
26.0864 	EXP 	text: autoDraw = True
26.1029 	EXP 	text: autoDraw = True
26.1196 	EXP 	text: autoDraw = True
26.1362 	EXP 	text: autoDraw = True
26.1531 	EXP 	text: autoDraw = True
26.1696 	EXP 	text: autoDraw = True
26.1863 	EXP 	text: autoDraw = True
26.2030 	EXP 	text: autoDraw = True
26.2207 	EXP 	text: autoDraw = True
26.2361 	EXP 	text: autoDraw = True
26.2526 	EXP 	text: autoDraw = True
26.2693 	EXP 	text: autoDraw = True
26.2861 	EXP 	text: autoDraw = True
26.3028 	EXP 	text: autoDraw = True
26.3195 	EXP 	text: autoDraw = True
26.3360 	EXP 	text: autoDraw = True
26.3534 	EXP 	text: autoDraw = True
26.3690 	EXP 	text: autoDraw = True
26.3856 	EXP 	text: autoDraw = True
26.4029 	EXP 	text: autoDraw = True
26.4196 	EXP 	text: autoDraw = True
26.4364 	EXP 	text: autoDraw = True
26.4532 	EXP 	text: autoDraw = True
26.4698 	EXP 	text: autoDraw = True
26.4862 	EXP 	text: autoDraw = True
26.5030 	EXP 	text: autoDraw = True
26.5197 	EXP 	text: autoDraw = True
26.5364 	EXP 	text: autoDraw = True
26.5530 	EXP 	text: autoDraw = True
26.5696 	EXP 	text: autoDraw = True
26.5864 	EXP 	text: autoDraw = True
26.6031 	EXP 	text: autoDraw = True
26.6196 	EXP 	text: autoDraw = True
26.6365 	EXP 	text: autoDraw = True
26.6531 	EXP 	text: autoDraw = True
26.6696 	EXP 	text: autoDraw = True
26.6862 	EXP 	text: autoDraw = True
26.7023 	EXP 	text: autoDraw = True
26.7182 	EXP 	text: autoDraw = True
26.7355 	EXP 	text: autoDraw = True
26.7531 	EXP 	text: autoDraw = True
26.7697 	EXP 	text: autoDraw = True
26.7863 	EXP 	text: autoDraw = True
26.8026 	EXP 	text: autoDraw = True
26.8196 	EXP 	text: autoDraw = True
26.8357 	EXP 	text: autoDraw = True
26.8529 	EXP 	text: autoDraw = True
26.8697 	EXP 	text: autoDraw = True
26.8863 	EXP 	text: autoDraw = True
26.9030 	EXP 	text: autoDraw = True
26.9197 	EXP 	text: autoDraw = True
26.9364 	EXP 	text: autoDraw = True
26.9529 	EXP 	text: autoDraw = True
26.9694 	EXP 	text: autoDraw = True
26.9861 	EXP 	text: autoDraw = True
27.0026 	EXP 	text: autoDraw = True
27.0199 	EXP 	text: autoDraw = True
27.0364 	EXP 	text: autoDraw = True
27.0528 	EXP 	text: autoDraw = True
27.0697 	EXP 	text: autoDraw = True
27.0862 	EXP 	text: autoDraw = True
27.1031 	EXP 	text: autoDraw = True
27.1196 	EXP 	text: autoDraw = True
27.1362 	EXP 	text: autoDraw = True
27.1524 	EXP 	text: autoDraw = True
27.1690 	EXP 	text: autoDraw = True
27.1864 	EXP 	text: autoDraw = True
27.2029 	EXP 	text: autoDraw = True
27.2201 	EXP 	text: autoDraw = True
27.2362 	EXP 	text: autoDraw = True
27.2530 	EXP 	text: autoDraw = True
27.2697 	EXP 	text: autoDraw = True
27.2864 	EXP 	text: autoDraw = True
27.3027 	EXP 	text: autoDraw = True
27.3198 	EXP 	text: autoDraw = True
27.3361 	EXP 	text: autoDraw = True
27.3527 	EXP 	text: autoDraw = True
27.3692 	EXP 	text: autoDraw = True
27.3864 	EXP 	text: autoDraw = True
27.4032 	EXP 	text: autoDraw = True
27.4198 	EXP 	text: autoDraw = True
27.4362 	EXP 	text: autoDraw = True
27.4528 	EXP 	text: autoDraw = True
27.4704 	EXP 	text: autoDraw = True
27.4862 	EXP 	text: autoDraw = True
27.5028 	EXP 	text: autoDraw = True
27.5197 	EXP 	text: autoDraw = True
27.5363 	EXP 	text: autoDraw = True
27.5529 	EXP 	text: autoDraw = True
27.5696 	EXP 	text: autoDraw = True
27.5866 	EXP 	text: autoDraw = True
27.6026 	EXP 	text: autoDraw = True
27.6191 	EXP 	text: autoDraw = True
27.6362 	EXP 	text: autoDraw = True
27.6529 	EXP 	text: autoDraw = True
27.6695 	EXP 	text: autoDraw = True
27.6860 	EXP 	text: autoDraw = True
27.7031 	EXP 	text: autoDraw = True
27.7194 	EXP 	text: autoDraw = True
27.7363 	EXP 	text: autoDraw = True
27.7528 	EXP 	text: autoDraw = True
27.7696 	EXP 	text: autoDraw = True
27.7857 	EXP 	text: autoDraw = True
27.8031 	EXP 	text: autoDraw = True
27.8195 	EXP 	text: autoDraw = True
27.8364 	EXP 	text: autoDraw = True
27.8523 	EXP 	text: autoDraw = True
27.8697 	EXP 	text: autoDraw = True
27.8864 	EXP 	text: autoDraw = True
27.9031 	EXP 	text: autoDraw = True
27.9195 	EXP 	text: autoDraw = True
27.9367 	EXP 	text: autoDraw = True
27.9528 	EXP 	text: autoDraw = True
27.9694 	EXP 	text: autoDraw = True
27.9862 	EXP 	text: autoDraw = True
28.0029 	EXP 	text: autoDraw = True
28.0194 	EXP 	text: autoDraw = True
28.0366 	EXP 	text: autoDraw = True
28.0530 	EXP 	text: autoDraw = True
28.0690 	EXP 	text: autoDraw = True
28.0862 	EXP 	text: autoDraw = True
28.1029 	EXP 	text: autoDraw = True
28.1189 	EXP 	text: autoDraw = True
28.1363 	EXP 	text: autoDraw = True
28.1530 	EXP 	text: autoDraw = True
28.1695 	EXP 	text: autoDraw = True
28.1865 	EXP 	text: autoDraw = True
28.2023 	EXP 	text: autoDraw = True
28.2191 	EXP 	text: autoDraw = True
28.2368 	EXP 	text: autoDraw = True
28.2530 	EXP 	text: autoDraw = True
28.2696 	EXP 	text: autoDraw = True
28.2863 	EXP 	text: autoDraw = True
28.3025 	EXP 	text: autoDraw = True
28.3196 	EXP 	text: autoDraw = True
28.3356 	EXP 	text: autoDraw = True
28.3529 	EXP 	text: autoDraw = True
28.3695 	EXP 	text: autoDraw = True
28.3862 	EXP 	text: autoDraw = True
28.4018 	EXP 	text: autoDraw = True
28.4196 	EXP 	text: autoDraw = True
28.4358 	EXP 	text: autoDraw = True
28.4531 	EXP 	text: autoDraw = True
28.4697 	EXP 	text: autoDraw = True
28.4864 	EXP 	text: autoDraw = True
28.5025 	EXP 	text: autoDraw = True
28.5195 	EXP 	text: autoDraw = True
28.5364 	EXP 	text: autoDraw = True
28.5531 	EXP 	text: autoDraw = True
28.5696 	EXP 	text: autoDraw = True
28.5859 	EXP 	text: autoDraw = True
28.6032 	EXP 	text: autoDraw = True
28.6196 	EXP 	text: autoDraw = True
28.6362 	EXP 	text: autoDraw = True
28.6527 	EXP 	text: autoDraw = True
28.6692 	EXP 	text: autoDraw = True
28.6864 	EXP 	text: autoDraw = True
28.7026 	EXP 	text: autoDraw = True
28.7195 	EXP 	text: autoDraw = True
28.7354 	EXP 	text: autoDraw = True
28.7527 	EXP 	text: autoDraw = True
28.7695 	EXP 	text: autoDraw = True
28.7864 	EXP 	text: autoDraw = True
28.8030 	EXP 	text: autoDraw = True
28.8195 	EXP 	text: autoDraw = True
28.8348 	EXP 	text: autoDraw = True
28.8531 	EXP 	text: autoDraw = True
28.8694 	EXP 	text: autoDraw = True
28.8861 	EXP 	text: autoDraw = True
28.9023 	EXP 	text: autoDraw = True
28.9197 	EXP 	text: autoDraw = True
28.9360 	EXP 	text: autoDraw = True
28.9520 	EXP 	text: autoDraw = True
28.9696 	EXP 	text: autoDraw = True
28.9868 	EXP 	text: autoDraw = True
29.0033 	EXP 	text: autoDraw = True
29.0198 	EXP 	text: autoDraw = True
29.0363 	EXP 	text: autoDraw = True
29.0530 	EXP 	text: autoDraw = True
29.0695 	EXP 	text: autoDraw = True
29.0859 	EXP 	text: autoDraw = True
29.1028 	EXP 	text: autoDraw = True
29.1193 	EXP 	text: autoDraw = True
29.1359 	EXP 	text: autoDraw = True
29.1521 	EXP 	text: autoDraw = True
29.1695 	EXP 	text: autoDraw = True
29.1853 	EXP 	text: autoDraw = True
29.2016 	EXP 	text: autoDraw = True
29.2198 	EXP 	text: autoDraw = True
29.2362 	EXP 	text: autoDraw = True
29.2530 	EXP 	text: autoDraw = True
29.2695 	EXP 	text: autoDraw = True
29.2862 	EXP 	text: autoDraw = True
29.3022 	EXP 	text: autoDraw = True
29.3192 	EXP 	text: autoDraw = True
29.3354 	EXP 	text: autoDraw = True
29.3523 	EXP 	text: autoDraw = True
29.3697 	EXP 	text: autoDraw = True
29.3862 	EXP 	text: autoDraw = True
29.4030 	EXP 	text: autoDraw = True
29.4198 	EXP 	text: autoDraw = True
29.4351 	EXP 	text: autoDraw = True
29.4523 	EXP 	text: autoDraw = True
29.4686 	EXP 	text: autoDraw = True
29.4858 	EXP 	text: autoDraw = True
29.5029 	EXP 	text: autoDraw = True
29.5190 	EXP 	text: autoDraw = True
29.5356 	EXP 	text: autoDraw = True
29.5529 	EXP 	text: autoDraw = True
29.5690 	EXP 	text: autoDraw = True
29.5853 	EXP 	text: autoDraw = True
29.6027 	EXP 	text: autoDraw = True
29.6184 	EXP 	text: autoDraw = True
29.6355 	EXP 	text: autoDraw = True
29.6522 	EXP 	text: autoDraw = True
29.6698 	EXP 	text: autoDraw = True
29.6851 	EXP 	text: autoDraw = True
29.7021 	EXP 	text: autoDraw = True
29.7188 	EXP 	text: autoDraw = True
29.7356 	EXP 	text: autoDraw = True
29.7531 	EXP 	text: autoDraw = True
29.7689 	EXP 	text: autoDraw = True
29.7854 	EXP 	text: autoDraw = True
29.8022 	EXP 	text: autoDraw = True
29.8187 	EXP 	text: autoDraw = True
29.8361 	EXP 	text: autoDraw = True
29.8535 	EXP 	text: autoDraw = True
29.8697 	EXP 	text: autoDraw = True
29.8856 	EXP 	text: autoDraw = True
29.9032 	EXP 	text: autoDraw = True
29.9193 	EXP 	text: autoDraw = True
29.9351 	EXP 	text: autoDraw = True
29.9519 	EXP 	text: autoDraw = True
29.9696 	EXP 	text: autoDraw = True
29.9857 	EXP 	text: autoDraw = True
30.0019 	EXP 	text: autoDraw = True
30.0188 	EXP 	text: autoDraw = True
30.0354 	EXP 	text: autoDraw = True
30.0526 	EXP 	text: autoDraw = True
30.0698 	EXP 	text: autoDraw = True
30.0861 	EXP 	text: autoDraw = True
30.1021 	EXP 	text: autoDraw = True
30.1191 	EXP 	text: autoDraw = True
30.1352 	EXP 	text: autoDraw = True
30.1531 	EXP 	text: autoDraw = True
30.1687 	EXP 	text: autoDraw = True
30.1857 	EXP 	text: autoDraw = True
30.2022 	EXP 	text: autoDraw = True
30.2187 	EXP 	text: autoDraw = True
30.2364 	EXP 	text: autoDraw = True
30.2531 	EXP 	text: autoDraw = True
30.2694 	EXP 	text: autoDraw = True
30.2862 	EXP 	text: autoDraw = True
30.3024 	EXP 	text: autoDraw = True
30.3191 	EXP 	text: autoDraw = True
30.3355 	EXP 	text: autoDraw = True
30.3531 	EXP 	text: autoDraw = True
30.3684 	EXP 	text: autoDraw = True
30.3860 	EXP 	text: autoDraw = True
30.4019 	EXP 	text: autoDraw = True
30.4192 	EXP 	text: autoDraw = True
30.4361 	EXP 	text: autoDraw = True
30.4524 	EXP 	text: autoDraw = True
30.4692 	EXP 	text: autoDraw = True
30.4854 	EXP 	text: autoDraw = True
30.5030 	EXP 	text: autoDraw = True
30.5191 	EXP 	text: autoDraw = True
30.5364 	EXP 	text: autoDraw = True
30.5530 	EXP 	text: autoDraw = True
30.5693 	EXP 	text: autoDraw = True
30.5856 	EXP 	text: autoDraw = True
30.6023 	EXP 	text: autoDraw = True
30.6187 	EXP 	text: autoDraw = True
30.6357 	EXP 	text: autoDraw = True
30.6533 	EXP 	text: autoDraw = True
30.6697 	EXP 	text: autoDraw = True
30.6863 	EXP 	text: autoDraw = True
30.7032 	EXP 	text: autoDraw = True
30.7198 	EXP 	text: autoDraw = True
30.7365 	EXP 	text: autoDraw = True
30.7521 	EXP 	text: autoDraw = True
30.7683 	EXP 	text: autoDraw = True
30.7856 	EXP 	text: autoDraw = True
30.8023 	EXP 	text: autoDraw = True
30.8198 	EXP 	text: autoDraw = True
30.8363 	EXP 	text: autoDraw = True
30.8528 	EXP 	text: autoDraw = True
30.8693 	EXP 	text: autoDraw = True
30.8848 	EXP 	text: autoDraw = True
30.9022 	EXP 	text: autoDraw = True
30.9182 	EXP 	text: autoDraw = True
30.9353 	EXP 	text: autoDraw = True
30.9531 	EXP 	text: autoDraw = True
30.9697 	EXP 	text: autoDraw = True
30.9857 	EXP 	text: autoDraw = True
31.0022 	EXP 	text: autoDraw = True
31.0195 	EXP 	text: autoDraw = True
31.0363 	EXP 	text: autoDraw = True
31.0530 	EXP 	text: autoDraw = True
31.0696 	EXP 	text: autoDraw = True
31.0856 	EXP 	text: autoDraw = True
31.1026 	EXP 	text: autoDraw = True
31.1188 	EXP 	text: autoDraw = True
31.1351 	EXP 	text: autoDraw = True
31.1518 	EXP 	text: autoDraw = True
31.1695 	EXP 	text: autoDraw = True
31.1864 	EXP 	text: autoDraw = True
31.2021 	EXP 	text: autoDraw = True
31.2190 	EXP 	text: autoDraw = True
31.2348 	EXP 	text: autoDraw = True
31.2530 	EXP 	text: autoDraw = True
31.2698 	EXP 	text: autoDraw = True
31.2862 	EXP 	text: autoDraw = True
31.3029 	EXP 	text: autoDraw = True
31.3192 	EXP 	text: autoDraw = True
31.3356 	EXP 	text: autoDraw = True
31.3525 	EXP 	text: autoDraw = True
31.3694 	EXP 	text: autoDraw = True
31.3863 	EXP 	text: autoDraw = True
31.4028 	EXP 	text: autoDraw = True
31.4194 	EXP 	text: autoDraw = True
31.4364 	EXP 	text: autoDraw = True
31.4525 	EXP 	text: autoDraw = True
31.4684 	EXP 	text: autoDraw = True
31.4854 	EXP 	text: autoDraw = True
31.5015 	EXP 	text: autoDraw = True
31.5185 	EXP 	text: autoDraw = True
31.5352 	EXP 	text: autoDraw = True
31.5522 	EXP 	text: autoDraw = True
31.5688 	EXP 	text: autoDraw = True
31.5851 	EXP 	text: autoDraw = True
31.6017 	EXP 	text: autoDraw = True
31.6187 	EXP 	text: autoDraw = True
31.6362 	EXP 	text: autoDraw = True
31.6530 	EXP 	text: autoDraw = True
31.6684 	EXP 	text: autoDraw = True
31.6862 	EXP 	text: autoDraw = True
31.7020 	EXP 	text: autoDraw = True
31.7191 	EXP 	text: autoDraw = True
31.7352 	EXP 	text: autoDraw = True
31.7525 	EXP 	text: autoDraw = True
31.7691 	EXP 	text: autoDraw = True
31.7861 	EXP 	text: autoDraw = True
31.8029 	EXP 	text: autoDraw = True
31.8195 	EXP 	text: autoDraw = True
31.8358 	EXP 	text: autoDraw = True
31.8523 	EXP 	text: autoDraw = True
31.8686 	EXP 	text: autoDraw = True
31.8859 	EXP 	text: autoDraw = True
31.9030 	EXP 	text: autoDraw = True
31.9196 	EXP 	text: autoDraw = True
31.9349 	EXP 	text: autoDraw = True
31.9522 	EXP 	text: autoDraw = True
31.9685 	EXP 	text: autoDraw = True
31.9858 	EXP 	text: autoDraw = True
32.0025 	EXP 	text: autoDraw = True
32.0191 	EXP 	text: autoDraw = True
32.0354 	EXP 	text: autoDraw = True
32.0520 	EXP 	text: autoDraw = True
32.0682 	EXP 	text: autoDraw = True
32.0861 	EXP 	text: autoDraw = True
32.1030 	EXP 	text: autoDraw = True
32.1197 	EXP 	text: autoDraw = True
32.1352 	EXP 	text: autoDraw = True
32.1524 	EXP 	text: autoDraw = True
32.1688 	EXP 	text: autoDraw = True
32.1859 	EXP 	text: autoDraw = True
32.2026 	EXP 	text: autoDraw = True
32.2187 	EXP 	text: autoDraw = True
32.2349 	EXP 	text: autoDraw = True
32.2523 	EXP 	text: autoDraw = True
32.2686 	EXP 	text: autoDraw = True
32.2859 	EXP 	text: autoDraw = True
32.3025 	EXP 	text: autoDraw = True
32.3195 	EXP 	text: autoDraw = True
32.3354 	EXP 	text: autoDraw = True
32.3530 	EXP 	text: autoDraw = True
32.3687 	EXP 	text: autoDraw = True
32.3852 	EXP 	text: autoDraw = True
32.4013 	EXP 	text: autoDraw = True
32.4193 	EXP 	text: autoDraw = True
32.4362 	EXP 	text: autoDraw = True
32.4524 	EXP 	text: autoDraw = True
32.4687 	EXP 	text: autoDraw = True
32.4854 	EXP 	text: autoDraw = True
32.5019 	EXP 	text: autoDraw = True
32.5196 	EXP 	text: autoDraw = True
32.5365 	EXP 	text: autoDraw = True
32.5520 	EXP 	text: autoDraw = True
32.5687 	EXP 	text: autoDraw = True
32.5853 	EXP 	text: autoDraw = True
32.6016 	EXP 	text: autoDraw = True
32.6188 	EXP 	text: autoDraw = True
32.6348 	EXP 	text: autoDraw = True
32.6524 	EXP 	text: autoDraw = True
32.6686 	EXP 	text: autoDraw = True
32.6855 	EXP 	text: autoDraw = True
32.7028 	EXP 	text: autoDraw = True
32.7197 	EXP 	text: autoDraw = True
32.7361 	EXP 	text: autoDraw = True
32.7513 	EXP 	text: autoDraw = True
32.7690 	EXP 	text: autoDraw = True
32.7855 	EXP 	text: autoDraw = True
32.8023 	EXP 	text: autoDraw = True
32.8192 	EXP 	text: autoDraw = True
32.8361 	EXP 	text: autoDraw = True
32.8518 	EXP 	text: autoDraw = True
32.8686 	EXP 	text: autoDraw = True
32.8850 	EXP 	text: autoDraw = True
32.9013 	EXP 	text: autoDraw = True
32.9196 	EXP 	text: autoDraw = True
32.9363 	EXP 	text: autoDraw = True
32.9517 	EXP 	text: autoDraw = True
32.9689 	EXP 	text: autoDraw = True
32.9851 	EXP 	text: autoDraw = True
33.0026 	EXP 	text: autoDraw = True
33.0183 	EXP 	text: autoDraw = True
33.0355 	EXP 	text: autoDraw = True
33.0526 	EXP 	text: autoDraw = True
33.0686 	EXP 	text: autoDraw = True
33.0857 	EXP 	text: autoDraw = True
33.1022 	EXP 	text: autoDraw = True
33.1188 	EXP 	text: autoDraw = True
33.1364 	EXP 	text: autoDraw = True
33.1532 	EXP 	text: autoDraw = True
33.1684 	EXP 	text: autoDraw = True
33.1850 	EXP 	text: autoDraw = True
33.2019 	EXP 	text: autoDraw = True
33.2187 	EXP 	text: autoDraw = True
33.2352 	EXP 	text: autoDraw = True
33.2515 	EXP 	text: autoDraw = True
33.2693 	EXP 	text: autoDraw = True
33.2847 	EXP 	text: autoDraw = True
33.3018 	EXP 	text: autoDraw = True
33.3187 	EXP 	text: autoDraw = True
33.3362 	EXP 	text: autoDraw = True
33.3534 	EXP 	text: autoDraw = True
33.3684 	EXP 	text: autoDraw = True
33.3857 	EXP 	text: autoDraw = True
33.4018 	EXP 	text: autoDraw = True
33.4200 	EXP 	text: autoDraw = True
33.4363 	EXP 	text: autoDraw = True
33.4520 	EXP 	text: autoDraw = True
33.4689 	EXP 	text: autoDraw = True
33.4854 	EXP 	text: autoDraw = True
33.5023 	EXP 	text: autoDraw = True
33.5188 	EXP 	text: autoDraw = True
33.5355 	EXP 	text: autoDraw = True
33.5527 	EXP 	text: autoDraw = True
33.5689 	EXP 	text: autoDraw = True
33.5859 	EXP 	text: autoDraw = True
33.6015 	EXP 	text: autoDraw = True
33.6182 	EXP 	text: autoDraw = True
33.6359 	EXP 	text: autoDraw = True
33.6528 	EXP 	text: autoDraw = True
33.6696 	EXP 	text: autoDraw = True
33.6860 	EXP 	text: autoDraw = True
33.7026 	EXP 	text: autoDraw = True
33.7190 	EXP 	text: autoDraw = True
33.7353 	EXP 	text: autoDraw = True
33.7521 	EXP 	text: autoDraw = True
33.7687 	EXP 	text: autoDraw = True
33.7857 	EXP 	text: autoDraw = True
33.8013 	EXP 	text: autoDraw = True
33.8187 	EXP 	text: autoDraw = True
33.8361 	EXP 	text: autoDraw = True
33.8527 	EXP 	text: autoDraw = True
33.8682 	EXP 	text: autoDraw = True
33.8859 	EXP 	text: autoDraw = True
33.9022 	EXP 	text: autoDraw = True
33.9188 	EXP 	text: autoDraw = True
33.9353 	EXP 	text: autoDraw = True
33.9525 	EXP 	text: autoDraw = True
33.9684 	EXP 	text: autoDraw = True
33.9848 	EXP 	text: autoDraw = True
34.0018 	EXP 	text: autoDraw = True
34.0187 	EXP 	text: autoDraw = True
34.0347 	EXP 	text: autoDraw = True
34.0529 	EXP 	text: autoDraw = True
34.0698 	EXP 	text: autoDraw = True
34.0863 	EXP 	text: autoDraw = True
34.1028 	EXP 	text: autoDraw = True
34.1190 	EXP 	text: autoDraw = True
34.1356 	EXP 	text: autoDraw = True
34.1529 	EXP 	text: autoDraw = True
34.1690 	EXP 	text: autoDraw = True
34.1849 	EXP 	text: autoDraw = True
34.2030 	EXP 	text: autoDraw = True
34.2190 	EXP 	text: autoDraw = True
34.2357 	EXP 	text: autoDraw = True
34.2528 	EXP 	text: autoDraw = True
34.2696 	EXP 	text: autoDraw = True
34.2864 	EXP 	text: autoDraw = True
34.3031 	EXP 	text: autoDraw = True
34.3197 	EXP 	text: autoDraw = True
34.3363 	EXP 	text: autoDraw = True
34.3532 	EXP 	text: autoDraw = True
34.3697 	EXP 	text: autoDraw = True
34.3863 	EXP 	text: autoDraw = True
34.4031 	EXP 	text: autoDraw = True
34.4197 	EXP 	text: autoDraw = True
34.4361 	EXP 	text: autoDraw = True
34.4532 	EXP 	text: autoDraw = True
34.4697 	EXP 	text: autoDraw = True
34.4861 	EXP 	text: autoDraw = True
34.5014 	EXP 	text: autoDraw = True
34.5199 	EXP 	text: autoDraw = True
34.5358 	EXP 	text: autoDraw = True
34.5519 	EXP 	text: autoDraw = True
34.5681 	EXP 	text: autoDraw = True
34.5858 	EXP 	text: autoDraw = True
34.6033 	EXP 	text: autoDraw = True
34.6192 	EXP 	text: autoDraw = True
34.6359 	EXP 	text: autoDraw = True
34.6519 	EXP 	text: autoDraw = True
34.6703 	EXP 	text: autoDraw = True
34.6860 	EXP 	text: autoDraw = True
34.7027 	EXP 	text: autoDraw = True
34.7199 	EXP 	text: autoDraw = True
34.7348 	EXP 	text: autoDraw = True
34.7528 	EXP 	text: autoDraw = True
34.7697 	EXP 	text: autoDraw = True
34.7847 	EXP 	text: autoDraw = True
34.8026 	EXP 	text: autoDraw = True
34.8191 	EXP 	text: autoDraw = True
34.8357 	EXP 	text: autoDraw = True
34.8524 	EXP 	text: autoDraw = True
34.8681 	EXP 	text: autoDraw = True
34.8858 	EXP 	text: autoDraw = True
34.9028 	EXP 	text: autoDraw = True
34.9195 	EXP 	text: autoDraw = True
34.9363 	EXP 	text: autoDraw = True
34.9514 	EXP 	text: autoDraw = True
34.9697 	EXP 	text: autoDraw = True
34.9847 	EXP 	text: autoDraw = True
35.0023 	EXP 	text: autoDraw = True
35.0193 	EXP 	text: autoDraw = True
35.0360 	EXP 	text: autoDraw = True
35.0528 	EXP 	text: autoDraw = True
35.0697 	EXP 	text: autoDraw = True
35.0841 	EXP 	text: autoDraw = True
35.1028 	EXP 	text: autoDraw = True
35.1192 	EXP 	text: autoDraw = True
35.1358 	EXP 	text: autoDraw = True
35.1526 	EXP 	text: autoDraw = True
35.1693 	EXP 	text: autoDraw = True
35.1850 	EXP 	text: autoDraw = True
35.2029 	EXP 	text: autoDraw = True
35.2200 	EXP 	text: autoDraw = True
35.2366 	EXP 	text: autoDraw = True
35.2515 	EXP 	text: autoDraw = True
35.2684 	EXP 	text: autoDraw = True
35.2861 	EXP 	text: autoDraw = True
35.3020 	EXP 	text: autoDraw = True
35.3201 	EXP 	text: autoDraw = True
35.3349 	EXP 	text: autoDraw = True
35.3527 	EXP 	text: autoDraw = True
35.3693 	EXP 	text: autoDraw = True
35.3848 	EXP 	text: autoDraw = True
35.4018 	EXP 	text: autoDraw = True
35.4198 	EXP 	text: autoDraw = True
35.4366 	EXP 	text: autoDraw = True
35.4532 	EXP 	text: autoDraw = True
35.4698 	EXP 	text: autoDraw = True
35.4847 	EXP 	text: autoDraw = True
35.5018 	EXP 	text: autoDraw = True
35.5186 	EXP 	text: autoDraw = True
35.5365 	EXP 	text: autoDraw = True
35.5517 	EXP 	text: autoDraw = True
35.5688 	EXP 	text: autoDraw = True
35.5852 	EXP 	text: autoDraw = True
35.6033 	EXP 	text: autoDraw = True
35.6180 	EXP 	text: autoDraw = True
35.6347 	EXP 	text: autoDraw = True
35.6515 	EXP 	text: autoDraw = True
35.6687 	EXP 	text: autoDraw = True
35.6866 	EXP 	text: autoDraw = True
35.7017 	EXP 	text: autoDraw = True
35.7188 	EXP 	text: autoDraw = True
35.7353 	EXP 	text: autoDraw = True
35.7532 	EXP 	text: autoDraw = True
35.7699 	EXP 	text: autoDraw = True
35.7848 	EXP 	text: autoDraw = True
35.8016 	EXP 	text: autoDraw = True
35.8190 	EXP 	text: autoDraw = True
35.8347 	EXP 	text: autoDraw = True
35.8515 	EXP 	text: autoDraw = True
35.8681 	EXP 	text: autoDraw = True
35.8849 	EXP 	text: autoDraw = True
35.9019 	EXP 	text: autoDraw = True
35.9190 	EXP 	text: autoDraw = True
35.9348 	EXP 	text: autoDraw = True
35.9517 	EXP 	text: autoDraw = True
35.9689 	EXP 	text: autoDraw = True
35.9848 	EXP 	text: autoDraw = True
36.0018 	EXP 	text: autoDraw = True
36.0196 	EXP 	text: autoDraw = True
36.0363 	EXP 	text: autoDraw = True
36.0522 	EXP 	text: autoDraw = True
36.0681 	EXP 	text: autoDraw = True
36.0858 	EXP 	text: autoDraw = True
36.1015 	EXP 	text: autoDraw = True
36.1186 	EXP 	text: autoDraw = True
36.1365 	EXP 	text: autoDraw = True
36.1522 	EXP 	text: autoDraw = True
36.1696 	EXP 	text: autoDraw = True
36.1853 	EXP 	text: autoDraw = True
36.2031 	EXP 	text: autoDraw = True
36.2187 	EXP 	text: autoDraw = True
36.2363 	EXP 	text: autoDraw = True
36.2520 	EXP 	text: autoDraw = True
36.2685 	EXP 	text: autoDraw = True
36.2866 	EXP 	text: autoDraw = True
36.3014 	EXP 	text: autoDraw = True
36.3181 	EXP 	text: autoDraw = True
36.3349 	EXP 	text: autoDraw = True
36.3515 	EXP 	text: autoDraw = True
36.3682 	EXP 	text: autoDraw = True
36.3848 	EXP 	text: autoDraw = True
36.4017 	EXP 	text: autoDraw = True
36.4188 	EXP 	text: autoDraw = True
36.4347 	EXP 	text: autoDraw = True
36.4514 	EXP 	text: autoDraw = True
36.4682 	EXP 	text: autoDraw = True
36.4848 	EXP 	text: autoDraw = True
36.5016 	EXP 	text: autoDraw = True
36.5184 	EXP 	text: autoDraw = True
36.5341 	EXP 	text: autoDraw = True
36.5510 	EXP 	text: autoDraw = True
36.5691 	EXP 	text: autoDraw = True
36.5847 	EXP 	text: autoDraw = True
36.6016 	EXP 	text: autoDraw = True
36.6192 	EXP 	text: autoDraw = True
36.6349 	EXP 	text: autoDraw = True
36.6514 	EXP 	text: autoDraw = True
36.6684 	EXP 	text: autoDraw = True
36.6848 	EXP 	text: autoDraw = True
36.7008 	EXP 	text: autoDraw = True
36.7192 	EXP 	text: autoDraw = True
36.7357 	EXP 	text: autoDraw = True
36.7515 	EXP 	text: autoDraw = True
36.7682 	EXP 	text: autoDraw = True
36.7859 	EXP 	text: autoDraw = True
36.8021 	EXP 	text: autoDraw = True
36.8193 	EXP 	text: autoDraw = True
36.8361 	EXP 	text: autoDraw = True
36.8527 	EXP 	text: autoDraw = True
36.8685 	EXP 	text: autoDraw = True
36.8850 	EXP 	text: autoDraw = True
36.9016 	EXP 	text: autoDraw = True
36.9194 	EXP 	text: autoDraw = True
36.9349 	EXP 	text: autoDraw = True
36.9529 	EXP 	text: autoDraw = True
36.9690 	EXP 	text: autoDraw = True
36.9859 	EXP 	text: autoDraw = True
37.0029 	EXP 	text: autoDraw = True
37.0196 	EXP 	text: autoDraw = True
37.0358 	EXP 	text: autoDraw = True
37.0528 	EXP 	text: autoDraw = True
37.0694 	EXP 	text: autoDraw = True
37.0862 	EXP 	text: autoDraw = True
37.1028 	EXP 	text: autoDraw = True
37.1194 	EXP 	text: autoDraw = True
37.1358 	EXP 	text: autoDraw = True
37.1527 	EXP 	text: autoDraw = True
37.1696 	EXP 	text: autoDraw = True
37.1861 	EXP 	text: autoDraw = True
37.2028 	EXP 	text: autoDraw = True
37.2191 	EXP 	text: autoDraw = True
37.2354 	EXP 	text: autoDraw = True
37.2526 	EXP 	text: autoDraw = True
37.2693 	EXP 	text: autoDraw = True
37.2858 	EXP 	text: autoDraw = True
37.3031 	EXP 	text: autoDraw = True
37.3191 	EXP 	text: autoDraw = True
37.3361 	EXP 	text: autoDraw = True
37.3525 	EXP 	text: autoDraw = True
37.3693 	EXP 	text: autoDraw = True
37.3863 	EXP 	text: autoDraw = True
37.4031 	EXP 	text: autoDraw = True
37.4193 	EXP 	text: autoDraw = True
37.4351 	EXP 	text: autoDraw = True
37.4523 	EXP 	text: autoDraw = True
37.4693 	EXP 	text: autoDraw = True
37.4861 	EXP 	text: autoDraw = True
37.5029 	EXP 	text: autoDraw = True
37.5196 	EXP 	text: autoDraw = True
37.5361 	EXP 	text: autoDraw = True
37.5530 	EXP 	text: autoDraw = True
37.5696 	EXP 	text: autoDraw = True
37.5863 	EXP 	text: autoDraw = True
37.6025 	EXP 	text: autoDraw = True
37.6196 	EXP 	text: autoDraw = True
37.6363 	EXP 	text: autoDraw = True
37.6530 	EXP 	text: autoDraw = True
37.6689 	EXP 	text: autoDraw = True
37.6861 	EXP 	text: autoDraw = True
37.7027 	EXP 	text: autoDraw = True
37.7193 	EXP 	text: autoDraw = True
37.7360 	EXP 	text: autoDraw = True
37.7528 	EXP 	text: autoDraw = True
37.7692 	EXP 	text: autoDraw = True
37.7857 	EXP 	text: autoDraw = True
37.8027 	EXP 	text: autoDraw = True
37.8194 	EXP 	text: autoDraw = True
37.8361 	EXP 	text: autoDraw = True
37.8530 	EXP 	text: autoDraw = True
37.8696 	EXP 	text: autoDraw = True
37.8861 	EXP 	text: autoDraw = True
37.9031 	EXP 	text: autoDraw = True
37.9197 	EXP 	text: autoDraw = True
37.9357 	EXP 	text: autoDraw = True
37.9529 	EXP 	text: autoDraw = True
37.9696 	EXP 	text: autoDraw = True
37.9859 	EXP 	text: autoDraw = True
38.0027 	EXP 	text: autoDraw = True
38.0192 	EXP 	text: autoDraw = True
38.0363 	EXP 	text: autoDraw = True
38.0530 	EXP 	text: autoDraw = True
38.0696 	EXP 	text: autoDraw = True
38.0863 	EXP 	text: autoDraw = True
38.1019 	EXP 	text: autoDraw = True
38.1187 	EXP 	text: autoDraw = True
38.1357 	EXP 	text: autoDraw = True
38.1527 	EXP 	text: autoDraw = True
38.1695 	EXP 	text: autoDraw = True
38.1862 	EXP 	text: autoDraw = True
38.2031 	EXP 	text: autoDraw = True
38.2187 	EXP 	text: autoDraw = True
38.2360 	EXP 	text: autoDraw = True
38.2531 	EXP 	text: autoDraw = True
38.2690 	EXP 	text: autoDraw = True
38.2860 	EXP 	text: autoDraw = True
38.3031 	EXP 	text: autoDraw = True
38.3188 	EXP 	text: autoDraw = True
38.3355 	EXP 	text: autoDraw = True
38.3529 	EXP 	text: autoDraw = True
38.3696 	EXP 	text: autoDraw = True
38.3861 	EXP 	text: autoDraw = True
38.4028 	EXP 	text: autoDraw = True
38.4196 	EXP 	text: autoDraw = True
38.4362 	EXP 	text: autoDraw = True
38.4530 	EXP 	text: autoDraw = True
38.4697 	EXP 	text: autoDraw = True
38.4863 	EXP 	text: autoDraw = True
38.5029 	EXP 	text: autoDraw = True
38.5193 	EXP 	text: autoDraw = True
38.5355 	EXP 	text: autoDraw = True
38.5528 	EXP 	text: autoDraw = True
38.5686 	EXP 	text: autoDraw = True
38.5863 	EXP 	text: autoDraw = True
38.6026 	EXP 	text: autoDraw = True
38.6195 	EXP 	text: autoDraw = True
38.6363 	EXP 	text: autoDraw = True
38.6528 	EXP 	text: autoDraw = True
38.6694 	EXP 	text: autoDraw = True
38.6861 	EXP 	text: autoDraw = True
38.7026 	EXP 	text: autoDraw = True
38.7196 	EXP 	text: autoDraw = True
38.7360 	EXP 	text: autoDraw = True
38.7521 	EXP 	text: autoDraw = True
38.7691 	EXP 	text: autoDraw = True
38.7861 	EXP 	text: autoDraw = True
38.8031 	EXP 	text: autoDraw = True
38.8194 	EXP 	text: autoDraw = True
38.8361 	EXP 	text: autoDraw = True
38.8531 	EXP 	text: autoDraw = True
38.8687 	EXP 	text: autoDraw = True
38.8861 	EXP 	text: autoDraw = True
38.9015 	EXP 	text: autoDraw = True
38.9191 	EXP 	text: autoDraw = True
38.9361 	EXP 	text: autoDraw = True
38.9527 	EXP 	text: autoDraw = True
38.9688 	EXP 	text: autoDraw = True
38.9858 	EXP 	text: autoDraw = True
39.0024 	EXP 	text: autoDraw = True
39.0193 	EXP 	text: autoDraw = True
39.0362 	EXP 	text: autoDraw = True
39.0530 	EXP 	text: autoDraw = True
39.0697 	EXP 	text: autoDraw = True
39.0853 	EXP 	text: autoDraw = True
39.1017 	EXP 	text: autoDraw = True
39.1190 	EXP 	text: autoDraw = True
39.1361 	EXP 	text: autoDraw = True
39.1529 	EXP 	text: autoDraw = True
39.1696 	EXP 	text: autoDraw = True
39.1847 	EXP 	text: autoDraw = True
39.2029 	EXP 	text: autoDraw = True
39.2196 	EXP 	text: autoDraw = True
39.2362 	EXP 	text: autoDraw = True
39.2529 	EXP 	text: autoDraw = True
39.2696 	EXP 	text: autoDraw = True
39.2862 	EXP 	text: autoDraw = True
39.3024 	EXP 	text: autoDraw = True
39.3187 	EXP 	text: autoDraw = True
39.3363 	EXP 	text: autoDraw = True
39.3530 	EXP 	text: autoDraw = True
39.3696 	EXP 	text: autoDraw = True
39.3857 	EXP 	text: autoDraw = True
39.4023 	EXP 	text: autoDraw = True
39.4185 	EXP 	text: autoDraw = True
39.4362 	EXP 	text: autoDraw = True
39.4529 	EXP 	text: autoDraw = True
39.4696 	EXP 	text: autoDraw = True
39.4863 	EXP 	text: autoDraw = True
39.5019 	EXP 	text: autoDraw = True
39.5195 	EXP 	text: autoDraw = True
39.5361 	EXP 	text: autoDraw = True
39.5528 	EXP 	text: autoDraw = True
39.5696 	EXP 	text: autoDraw = True
39.5858 	EXP 	text: autoDraw = True
39.6027 	EXP 	text: autoDraw = True
39.6191 	EXP 	text: autoDraw = True
39.6360 	EXP 	text: autoDraw = True
39.6529 	EXP 	text: autoDraw = True
39.6696 	EXP 	text: autoDraw = True
39.6858 	EXP 	text: autoDraw = True
39.7028 	EXP 	text: autoDraw = True
39.7194 	EXP 	text: autoDraw = True
39.7362 	EXP 	text: autoDraw = True
39.7530 	EXP 	text: autoDraw = True
39.7689 	EXP 	text: autoDraw = True
39.7859 	EXP 	text: autoDraw = True
39.8024 	EXP 	text: autoDraw = True
39.8195 	EXP 	text: autoDraw = True
39.8357 	EXP 	text: autoDraw = True
39.8527 	EXP 	text: autoDraw = True
39.8697 	EXP 	text: autoDraw = True
39.8852 	EXP 	text: autoDraw = True
39.9025 	EXP 	text: autoDraw = True
39.9195 	EXP 	text: autoDraw = True
39.9362 	EXP 	text: autoDraw = True
39.9528 	EXP 	text: autoDraw = True
39.9696 	EXP 	text: autoDraw = True
39.9865 	EXP 	text: autoDraw = True
40.0024 	EXP 	text: autoDraw = True
40.0193 	EXP 	text: autoDraw = True
40.0360 	EXP 	text: autoDraw = True
40.0527 	EXP 	text: autoDraw = True
40.0696 	EXP 	text: autoDraw = True
40.0864 	EXP 	text: autoDraw = True
40.1025 	EXP 	text: autoDraw = True
40.1183 	EXP 	text: autoDraw = True
40.1350 	EXP 	text: autoDraw = True
40.1519 	EXP 	text: autoDraw = True
40.1693 	EXP 	text: autoDraw = True
40.1862 	EXP 	text: autoDraw = True
40.2030 	EXP 	text: autoDraw = True
40.2190 	EXP 	text: autoDraw = True
40.2360 	EXP 	text: autoDraw = True
40.2527 	EXP 	text: autoDraw = True
40.2696 	EXP 	text: autoDraw = True
40.2859 	EXP 	text: autoDraw = True
40.3029 	EXP 	text: autoDraw = True
40.3199 	EXP 	text: autoDraw = True
40.3361 	EXP 	text: autoDraw = True
40.3521 	EXP 	text: autoDraw = True
40.3690 	EXP 	text: autoDraw = True
40.3858 	EXP 	text: autoDraw = True
40.4026 	EXP 	text: autoDraw = True
40.4195 	EXP 	text: autoDraw = True
40.4356 	EXP 	text: autoDraw = True
40.4528 	EXP 	text: autoDraw = True
40.4696 	EXP 	text: autoDraw = True
40.4861 	EXP 	text: autoDraw = True
40.5025 	EXP 	text: autoDraw = True
40.5194 	EXP 	text: autoDraw = True
40.5359 	EXP 	text: autoDraw = True
40.5526 	EXP 	text: autoDraw = True
40.5692 	EXP 	text: autoDraw = True
40.5851 	EXP 	text: autoDraw = True
40.6029 	EXP 	text: autoDraw = True
40.6196 	EXP 	text: autoDraw = True
40.6361 	EXP 	text: autoDraw = True
40.6530 	EXP 	text: autoDraw = True
40.6697 	EXP 	text: autoDraw = True
40.6862 	EXP 	text: autoDraw = True
40.7030 	EXP 	text: autoDraw = True
40.7198 	EXP 	text: autoDraw = True
40.7358 	EXP 	text: autoDraw = True
40.7528 	EXP 	text: autoDraw = True
40.7696 	EXP 	text: autoDraw = True
40.7863 	EXP 	text: autoDraw = True
40.8018 	EXP 	text: autoDraw = True
40.8193 	EXP 	text: autoDraw = True
40.8360 	EXP 	text: autoDraw = True
40.8528 	EXP 	text: autoDraw = True
40.8695 	EXP 	text: autoDraw = True
40.8860 	EXP 	text: autoDraw = True
40.9028 	EXP 	text: autoDraw = True
40.9197 	EXP 	text: autoDraw = True
40.9357 	EXP 	text: autoDraw = True
40.9524 	EXP 	text: autoDraw = True
40.9691 	EXP 	text: autoDraw = True
40.9861 	EXP 	text: autoDraw = True
41.0031 	EXP 	text: autoDraw = True
41.0197 	EXP 	text: autoDraw = True
41.0355 	EXP 	text: autoDraw = True
41.0528 	EXP 	text: autoDraw = True
41.0696 	EXP 	text: autoDraw = True
41.0865 	EXP 	text: autoDraw = True
41.1025 	EXP 	text: autoDraw = True
41.1192 	EXP 	text: autoDraw = True
41.1354 	EXP 	text: autoDraw = True
41.1529 	EXP 	text: autoDraw = True
41.1696 	EXP 	text: autoDraw = True
41.1858 	EXP 	text: autoDraw = True
41.2030 	EXP 	text: autoDraw = True
41.2198 	EXP 	text: autoDraw = True
41.2363 	EXP 	text: autoDraw = True
41.2529 	EXP 	text: autoDraw = True
41.2692 	EXP 	text: autoDraw = True
41.2861 	EXP 	text: autoDraw = True
41.3029 	EXP 	text: autoDraw = True
41.3197 	EXP 	text: autoDraw = True
41.3357 	EXP 	text: autoDraw = True
41.3527 	EXP 	text: autoDraw = True
41.3691 	EXP 	text: autoDraw = True
41.3854 	EXP 	text: autoDraw = True
41.4025 	EXP 	text: autoDraw = True
41.4180 	EXP 	text: autoDraw = True
41.4363 	EXP 	text: autoDraw = True
41.4526 	EXP 	text: autoDraw = True
41.4694 	EXP 	text: autoDraw = True
41.4851 	EXP 	text: autoDraw = True
41.5027 	EXP 	text: autoDraw = True
41.5193 	EXP 	text: autoDraw = True
41.5359 	EXP 	text: autoDraw = True
41.5524 	EXP 	text: autoDraw = True
41.5690 	EXP 	text: autoDraw = True
41.5863 	EXP 	text: autoDraw = True
41.6029 	EXP 	text: autoDraw = True
41.6194 	EXP 	text: autoDraw = True
41.6363 	EXP 	text: autoDraw = True
41.6531 	EXP 	text: autoDraw = True
41.6685 	EXP 	text: autoDraw = True
41.6863 	EXP 	text: autoDraw = True
41.7025 	EXP 	text: autoDraw = True
41.7196 	EXP 	text: autoDraw = True
41.7362 	EXP 	text: autoDraw = True
41.7529 	EXP 	text: autoDraw = True
41.7696 	EXP 	text: autoDraw = True
41.7861 	EXP 	text: autoDraw = True
41.8030 	EXP 	text: autoDraw = True
41.8191 	EXP 	text: autoDraw = True
41.8353 	EXP 	text: autoDraw = True
41.8528 	EXP 	text: autoDraw = True
41.8696 	EXP 	text: autoDraw = True
41.8856 	EXP 	text: autoDraw = True
41.9029 	EXP 	text: autoDraw = True
41.9190 	EXP 	text: autoDraw = True
41.9363 	EXP 	text: autoDraw = True
41.9531 	EXP 	text: autoDraw = True
41.9695 	EXP 	text: autoDraw = True
41.9864 	EXP 	text: autoDraw = True
42.0029 	EXP 	text: autoDraw = True
42.0197 	EXP 	text: autoDraw = True
42.0363 	EXP 	text: autoDraw = True
42.0529 	EXP 	text: autoDraw = True
42.0698 	EXP 	text: autoDraw = True
42.0857 	EXP 	text: autoDraw = True
42.1016 	EXP 	text: autoDraw = True
42.1192 	EXP 	text: autoDraw = True
42.1363 	EXP 	text: autoDraw = True
42.1529 	EXP 	text: autoDraw = True
42.1696 	EXP 	text: autoDraw = True
42.1862 	EXP 	text: autoDraw = True
42.2023 	EXP 	text: autoDraw = True
42.2199 	EXP 	text: autoDraw = True
42.2357 	EXP 	text: autoDraw = True
42.2528 	EXP 	text: autoDraw = True
42.2696 	EXP 	text: autoDraw = True
42.2854 	EXP 	text: autoDraw = True
42.3027 	EXP 	text: autoDraw = True
42.3190 	EXP 	text: autoDraw = True
42.3365 	EXP 	text: autoDraw = True
42.3524 	EXP 	text: autoDraw = True
42.3691 	EXP 	text: autoDraw = True
42.3860 	EXP 	text: autoDraw = True
42.4029 	EXP 	text: autoDraw = True
42.4195 	EXP 	text: autoDraw = True
42.4360 	EXP 	text: autoDraw = True
42.4527 	EXP 	text: autoDraw = True
42.4689 	EXP 	text: autoDraw = True
42.4862 	EXP 	text: autoDraw = True
42.5028 	EXP 	text: autoDraw = True
42.5194 	EXP 	text: autoDraw = True
42.5355 	EXP 	text: autoDraw = True
42.5523 	EXP 	text: autoDraw = True
42.5695 	EXP 	text: autoDraw = True
42.5862 	EXP 	text: autoDraw = True
42.6028 	EXP 	text: autoDraw = True
42.6193 	EXP 	text: autoDraw = True
42.6360 	EXP 	text: autoDraw = True
42.6528 	EXP 	text: autoDraw = True
42.6696 	EXP 	text: autoDraw = True
42.6860 	EXP 	text: autoDraw = True
42.7028 	EXP 	text: autoDraw = True
42.7191 	EXP 	text: autoDraw = True
42.7352 	EXP 	text: autoDraw = True
42.7528 	EXP 	text: autoDraw = True
42.7697 	EXP 	text: autoDraw = True
42.7861 	EXP 	text: autoDraw = True
42.8027 	EXP 	text: autoDraw = True
42.8195 	EXP 	text: autoDraw = True
42.8360 	EXP 	text: autoDraw = True
42.8524 	EXP 	text: autoDraw = True
42.8690 	EXP 	text: autoDraw = True
42.8852 	EXP 	text: autoDraw = True
42.9029 	EXP 	text: autoDraw = True
42.9196 	EXP 	text: autoDraw = True
42.9361 	EXP 	text: autoDraw = True
42.9531 	EXP 	text: autoDraw = True
42.9691 	EXP 	text: autoDraw = True
42.9866 	EXP 	text: autoDraw = True
43.0027 	EXP 	text: autoDraw = True
43.0194 	EXP 	text: autoDraw = True
43.0360 	EXP 	text: autoDraw = True
43.0530 	EXP 	text: autoDraw = True
43.0686 	EXP 	text: autoDraw = True
43.0862 	EXP 	text: autoDraw = True
43.1029 	EXP 	text: autoDraw = True
43.1191 	EXP 	text: autoDraw = True
43.1360 	EXP 	text: autoDraw = True
43.1528 	EXP 	text: autoDraw = True
43.1695 	EXP 	text: autoDraw = True
43.1859 	EXP 	text: autoDraw = True
43.2027 	EXP 	text: autoDraw = True
43.2194 	EXP 	text: autoDraw = True
43.2363 	EXP 	text: autoDraw = True
43.2529 	EXP 	text: autoDraw = True
43.2696 	EXP 	text: autoDraw = True
43.2859 	EXP 	text: autoDraw = True
43.3025 	EXP 	text: autoDraw = True
43.3191 	EXP 	text: autoDraw = True
43.3361 	EXP 	text: autoDraw = True
43.3527 	EXP 	text: autoDraw = True
43.3695 	EXP 	text: autoDraw = True
43.3861 	EXP 	text: autoDraw = True
43.4023 	EXP 	text: autoDraw = True
43.4179 	EXP 	text: autoDraw = True
43.4362 	EXP 	text: autoDraw = True
43.4528 	EXP 	text: autoDraw = True
43.4694 	EXP 	text: autoDraw = True
43.4860 	EXP 	text: autoDraw = True
43.5028 	EXP 	text: autoDraw = True
43.5190 	EXP 	text: autoDraw = True
43.5359 	EXP 	text: autoDraw = True
43.5528 	EXP 	text: autoDraw = True
43.5698 	EXP 	text: autoDraw = True
43.5850 	EXP 	text: autoDraw = True
43.6028 	EXP 	text: autoDraw = True
43.6194 	EXP 	text: autoDraw = True
43.6361 	EXP 	text: autoDraw = True
43.6527 	EXP 	text: autoDraw = True
43.6692 	EXP 	text: autoDraw = True
43.6863 	EXP 	text: autoDraw = True
43.7030 	EXP 	text: autoDraw = True
43.7189 	EXP 	text: autoDraw = True
43.7359 	EXP 	text: autoDraw = True
43.7527 	EXP 	text: autoDraw = True
43.7695 	EXP 	text: autoDraw = True
43.7861 	EXP 	text: autoDraw = True
43.8028 	EXP 	text: autoDraw = True
43.8196 	EXP 	text: autoDraw = True
43.8362 	EXP 	text: autoDraw = True
43.8527 	EXP 	text: autoDraw = True
43.8682 	EXP 	text: autoDraw = True
43.8862 	EXP 	text: autoDraw = True
43.9025 	EXP 	text: autoDraw = True
43.9194 	EXP 	text: autoDraw = True
43.9361 	EXP 	text: autoDraw = True
43.9528 	EXP 	text: autoDraw = True
43.9698 	EXP 	text: autoDraw = True
43.9854 	EXP 	text: autoDraw = True
44.0029 	EXP 	text: autoDraw = True
44.0194 	EXP 	text: autoDraw = True
44.0359 	EXP 	text: autoDraw = True
44.0526 	EXP 	text: autoDraw = True
44.0695 	EXP 	text: autoDraw = True
44.0860 	EXP 	text: autoDraw = True
44.1028 	EXP 	text: autoDraw = True
44.1193 	EXP 	text: autoDraw = True
44.1360 	EXP 	text: autoDraw = True
44.1522 	EXP 	text: autoDraw = True
44.1690 	EXP 	text: autoDraw = True
44.1860 	EXP 	text: autoDraw = True
44.2025 	EXP 	text: autoDraw = True
44.2195 	EXP 	text: autoDraw = True
44.2360 	EXP 	text: autoDraw = True
44.2526 	EXP 	text: autoDraw = True
44.2694 	EXP 	text: autoDraw = True
44.2863 	EXP 	text: autoDraw = True
44.3029 	EXP 	text: autoDraw = True
44.3184 	EXP 	text: autoDraw = True
44.3362 	EXP 	text: autoDraw = True
44.3530 	EXP 	text: autoDraw = True
44.3696 	EXP 	text: autoDraw = True
44.3861 	EXP 	text: autoDraw = True
44.4031 	EXP 	text: autoDraw = True
44.4196 	EXP 	text: autoDraw = True
44.4361 	EXP 	text: autoDraw = True
44.4527 	EXP 	text: autoDraw = True
44.4693 	EXP 	text: autoDraw = True
44.4860 	EXP 	text: autoDraw = True
44.5027 	EXP 	text: autoDraw = True
44.5196 	EXP 	text: autoDraw = True
44.5362 	EXP 	text: autoDraw = True
44.5528 	EXP 	text: autoDraw = True
44.5689 	EXP 	text: autoDraw = True
44.5863 	EXP 	text: autoDraw = True
44.6029 	EXP 	text: autoDraw = True
44.6197 	EXP 	text: autoDraw = True
44.6356 	EXP 	text: autoDraw = True
44.6528 	EXP 	text: autoDraw = True
44.6696 	EXP 	text: autoDraw = True
44.6856 	EXP 	text: autoDraw = True
44.7025 	EXP 	text: autoDraw = True
44.7189 	EXP 	text: autoDraw = True
44.7359 	EXP 	text: autoDraw = True
44.7531 	EXP 	text: autoDraw = True
44.7678 	EXP 	text: autoDraw = True
44.7854 	EXP 	text: autoDraw = True
44.8021 	EXP 	text: autoDraw = True
44.8189 	EXP 	text: autoDraw = True
44.8362 	EXP 	text: autoDraw = True
44.8528 	EXP 	text: autoDraw = True
44.8696 	EXP 	text: autoDraw = True
44.8862 	EXP 	text: autoDraw = True
44.9028 	EXP 	text: autoDraw = True
44.9196 	EXP 	text: autoDraw = True
44.9354 	EXP 	text: autoDraw = True
44.9525 	EXP 	text: autoDraw = True
44.9695 	EXP 	text: autoDraw = True
44.9863 	EXP 	text: autoDraw = True
45.0026 	EXP 	text: autoDraw = True
45.0194 	EXP 	text: autoDraw = True
45.0362 	EXP 	text: autoDraw = True
45.0519 	EXP 	text: autoDraw = True
45.0695 	EXP 	text: autoDraw = True
45.0858 	EXP 	text: autoDraw = True
45.1030 	EXP 	text: autoDraw = True
45.1191 	EXP 	text: autoDraw = True
45.1363 	EXP 	text: autoDraw = True
45.1521 	EXP 	text: autoDraw = True
45.1689 	EXP 	text: autoDraw = True
45.1860 	EXP 	text: autoDraw = True
45.2019 	EXP 	text: autoDraw = True
45.2182 	EXP 	text: autoDraw = True
45.2360 	EXP 	text: autoDraw = True
45.2522 	EXP 	text: autoDraw = True
45.2691 	EXP 	text: autoDraw = True
45.2863 	EXP 	text: autoDraw = True
45.3020 	EXP 	text: autoDraw = True
45.3189 	EXP 	text: autoDraw = True
45.3356 	EXP 	text: autoDraw = True
45.3525 	EXP 	text: autoDraw = True
45.3692 	EXP 	text: autoDraw = True
45.3862 	EXP 	text: autoDraw = True
45.4021 	EXP 	text: autoDraw = True
45.4185 	EXP 	text: autoDraw = True
45.4358 	EXP 	text: autoDraw = True
45.4519 	EXP 	text: autoDraw = True
45.4696 	EXP 	text: autoDraw = True
45.4854 	EXP 	text: autoDraw = True
45.5022 	EXP 	text: autoDraw = True
45.5190 	EXP 	text: autoDraw = True
45.5359 	EXP 	text: autoDraw = True
45.5520 	EXP 	text: autoDraw = True
45.5689 	EXP 	text: autoDraw = True
45.5861 	EXP 	text: autoDraw = True
45.6030 	EXP 	text: autoDraw = True
45.6196 	EXP 	text: autoDraw = True
45.6363 	EXP 	text: autoDraw = True
45.6521 	EXP 	text: autoDraw = True
45.6692 	EXP 	text: autoDraw = True
45.6858 	EXP 	text: autoDraw = True
45.7028 	EXP 	text: autoDraw = True
45.7196 	EXP 	text: autoDraw = True
45.7362 	EXP 	text: autoDraw = True
45.7529 	EXP 	text: autoDraw = True
45.7695 	EXP 	text: autoDraw = True
45.7860 	EXP 	text: autoDraw = True
45.8029 	EXP 	text: autoDraw = True
45.8189 	EXP 	text: autoDraw = True
45.8358 	EXP 	text: autoDraw = True
45.8527 	EXP 	text: autoDraw = True
45.8693 	EXP 	text: autoDraw = True
45.8862 	EXP 	text: autoDraw = True
45.9011 	EXP 	text: autoDraw = True
45.9189 	EXP 	text: autoDraw = True
45.9360 	EXP 	text: autoDraw = True
45.9529 	EXP 	text: autoDraw = True
45.9694 	EXP 	text: autoDraw = True
45.9856 	EXP 	text: autoDraw = True
46.0029 	EXP 	text: autoDraw = True
46.0196 	EXP 	text: autoDraw = True
46.0362 	EXP 	text: autoDraw = True
46.0524 	EXP 	text: autoDraw = True
46.0691 	EXP 	text: autoDraw = True
46.0856 	EXP 	text: autoDraw = True
46.1025 	EXP 	text: autoDraw = True
46.1189 	EXP 	text: autoDraw = True
46.1358 	EXP 	text: autoDraw = True
46.1529 	EXP 	text: autoDraw = True
46.1693 	EXP 	text: autoDraw = True
46.1862 	EXP 	text: autoDraw = True
46.2029 	EXP 	text: autoDraw = True
46.2196 	EXP 	text: autoDraw = True
46.2346 	EXP 	text: autoDraw = True
46.2527 	EXP 	text: autoDraw = True
46.2696 	EXP 	text: autoDraw = True
46.2856 	EXP 	text: autoDraw = True
46.3018 	EXP 	text: autoDraw = True
46.3193 	EXP 	text: autoDraw = True
46.3362 	EXP 	text: autoDraw = True
46.3513 	EXP 	text: autoDraw = True
46.3693 	EXP 	text: autoDraw = True
46.3862 	EXP 	text: autoDraw = True
46.4033 	EXP 	text: autoDraw = True
46.4192 	EXP 	text: autoDraw = True
46.4360 	EXP 	text: autoDraw = True
46.4529 	EXP 	text: autoDraw = True
46.4697 	EXP 	text: autoDraw = True
46.4856 	EXP 	text: autoDraw = True
46.5027 	EXP 	text: autoDraw = True
46.5183 	EXP 	text: autoDraw = True
46.5363 	EXP 	text: autoDraw = True
46.5529 	EXP 	text: autoDraw = True
46.5694 	EXP 	text: autoDraw = True
46.5859 	EXP 	text: autoDraw = True
46.6029 	EXP 	text: autoDraw = True
46.6187 	EXP 	text: autoDraw = True
46.6363 	EXP 	text: autoDraw = True
46.6522 	EXP 	text: autoDraw = True
46.6691 	EXP 	text: autoDraw = True
46.6860 	EXP 	text: autoDraw = True
46.7027 	EXP 	text: autoDraw = True
46.7184 	EXP 	text: autoDraw = True
46.7355 	EXP 	text: autoDraw = True
46.7523 	EXP 	text: autoDraw = True
46.7690 	EXP 	text: autoDraw = True
46.7860 	EXP 	text: autoDraw = True
46.8027 	EXP 	text: autoDraw = True
46.8196 	EXP 	text: autoDraw = True
46.8359 	EXP 	text: autoDraw = True
46.8528 	EXP 	text: autoDraw = True
46.8687 	EXP 	text: autoDraw = True
46.8856 	EXP 	text: autoDraw = True
46.9023 	EXP 	text: autoDraw = True
46.9194 	EXP 	text: autoDraw = True
46.9362 	EXP 	text: autoDraw = True
46.9523 	EXP 	text: autoDraw = True
46.9694 	EXP 	text: autoDraw = True
46.9861 	EXP 	text: autoDraw = True
47.0027 	EXP 	text: autoDraw = True
47.0186 	EXP 	text: autoDraw = True
47.0358 	EXP 	text: autoDraw = True
47.0525 	EXP 	text: autoDraw = True
47.0696 	EXP 	text: autoDraw = True
47.0853 	EXP 	text: autoDraw = True
47.1024 	EXP 	text: autoDraw = True
47.1190 	EXP 	text: autoDraw = True
47.1349 	EXP 	text: autoDraw = True
47.1524 	EXP 	text: autoDraw = True
47.1683 	EXP 	text: autoDraw = True
47.1858 	EXP 	text: autoDraw = True
47.2028 	EXP 	text: autoDraw = True
47.2193 	EXP 	text: autoDraw = True
47.2353 	EXP 	text: autoDraw = True
47.2524 	EXP 	text: autoDraw = True
47.2690 	EXP 	text: autoDraw = True
47.2858 	EXP 	text: autoDraw = True
47.3026 	EXP 	text: autoDraw = True
47.3188 	EXP 	text: autoDraw = True
47.3356 	EXP 	text: autoDraw = True
47.3526 	EXP 	text: autoDraw = True
47.3698 	EXP 	text: autoDraw = True
47.3846 	EXP 	text: autoDraw = True
47.4022 	EXP 	text: autoDraw = True
47.4189 	EXP 	text: autoDraw = True
47.4359 	EXP 	text: autoDraw = True
47.4527 	EXP 	text: autoDraw = True
47.4693 	EXP 	text: autoDraw = True
47.4849 	EXP 	text: autoDraw = True
47.5028 	EXP 	text: autoDraw = True
47.5189 	EXP 	text: autoDraw = True
47.5354 	EXP 	text: autoDraw = True
47.5526 	EXP 	text: autoDraw = True
47.5695 	EXP 	text: autoDraw = True
47.5855 	EXP 	text: autoDraw = True
47.6024 	EXP 	text: autoDraw = True
47.6191 	EXP 	text: autoDraw = True
47.6363 	EXP 	text: autoDraw = True
47.6524 	EXP 	text: autoDraw = True
47.6694 	EXP 	text: autoDraw = True
47.6861 	EXP 	text: autoDraw = True
47.7018 	EXP 	text: autoDraw = True
47.7195 	EXP 	text: autoDraw = True
47.7363 	EXP 	text: autoDraw = True
47.7523 	EXP 	text: autoDraw = True
47.7688 	EXP 	text: autoDraw = True
47.7858 	EXP 	text: autoDraw = True
47.8025 	EXP 	text: autoDraw = True
47.8194 	EXP 	text: autoDraw = True
47.8363 	EXP 	text: autoDraw = True
47.8523 	EXP 	text: autoDraw = True
47.8689 	EXP 	text: autoDraw = True
47.8860 	EXP 	text: autoDraw = True
47.9030 	EXP 	text: autoDraw = True
47.9182 	EXP 	text: autoDraw = True
47.9356 	EXP 	text: autoDraw = True
47.9526 	EXP 	text: autoDraw = True
47.9691 	EXP 	text: autoDraw = True
47.9860 	EXP 	text: autoDraw = True
48.0028 	EXP 	text: autoDraw = True
48.0195 	EXP 	text: autoDraw = True
48.0362 	EXP 	text: autoDraw = True
48.0529 	EXP 	text: autoDraw = True
48.0693 	EXP 	text: autoDraw = True
48.0862 	EXP 	text: autoDraw = True
48.1023 	EXP 	text: autoDraw = True
48.1190 	EXP 	text: autoDraw = True
48.1350 	EXP 	text: autoDraw = True
48.1524 	EXP 	text: autoDraw = True
48.1691 	EXP 	text: autoDraw = True
48.1860 	EXP 	text: autoDraw = True
48.2028 	EXP 	text: autoDraw = True
48.2193 	EXP 	text: autoDraw = True
48.2357 	EXP 	text: autoDraw = True
48.2529 	EXP 	text: autoDraw = True
48.2686 	EXP 	text: autoDraw = True
48.2854 	EXP 	text: autoDraw = True
48.3027 	EXP 	text: autoDraw = True
48.3191 	EXP 	text: autoDraw = True
48.3361 	EXP 	text: autoDraw = True
48.3522 	EXP 	text: autoDraw = True
48.3689 	EXP 	text: autoDraw = True
48.3849 	EXP 	text: autoDraw = True
48.4023 	EXP 	text: autoDraw = True
48.4191 	EXP 	text: autoDraw = True
48.4360 	EXP 	text: autoDraw = True
48.4526 	EXP 	text: autoDraw = True
48.4694 	EXP 	text: autoDraw = True
48.4862 	EXP 	text: autoDraw = True
48.5020 	EXP 	text: autoDraw = True
48.5189 	EXP 	text: autoDraw = True
48.5360 	EXP 	text: autoDraw = True
48.5529 	EXP 	text: autoDraw = True
48.5682 	EXP 	text: autoDraw = True
48.5860 	EXP 	text: autoDraw = True
48.6030 	EXP 	text: autoDraw = True
48.6194 	EXP 	text: autoDraw = True
48.6362 	EXP 	text: autoDraw = True
48.6528 	EXP 	text: autoDraw = True
48.6697 	EXP 	text: autoDraw = True
48.6854 	EXP 	text: autoDraw = True
48.7026 	EXP 	text: autoDraw = True
48.7182 	EXP 	text: autoDraw = True
48.7357 	EXP 	text: autoDraw = True
48.7523 	EXP 	text: autoDraw = True
48.7688 	EXP 	text: autoDraw = True
48.7858 	EXP 	text: autoDraw = True
48.8030 	EXP 	text: autoDraw = True
48.8190 	EXP 	text: autoDraw = True
48.8353 	EXP 	text: autoDraw = True
48.8529 	EXP 	text: autoDraw = True
48.8691 	EXP 	text: autoDraw = True
48.8860 	EXP 	text: autoDraw = True
48.9029 	EXP 	text: autoDraw = True
48.9190 	EXP 	text: autoDraw = True
48.9361 	EXP 	text: autoDraw = True
48.9529 	EXP 	text: autoDraw = True
48.9695 	EXP 	text: autoDraw = True
48.9860 	EXP 	text: autoDraw = True
49.0022 	EXP 	text: autoDraw = True
49.0194 	EXP 	text: autoDraw = True
49.0357 	EXP 	text: autoDraw = True
49.0526 	EXP 	text: autoDraw = True
49.0695 	EXP 	text: autoDraw = True
49.0862 	EXP 	text: autoDraw = True
49.1026 	EXP 	text: autoDraw = True
49.1195 	EXP 	text: autoDraw = True
49.1361 	EXP 	text: autoDraw = True
49.1528 	EXP 	text: autoDraw = True
49.1684 	EXP 	text: autoDraw = True
49.1855 	EXP 	text: autoDraw = True
49.2030 	EXP 	text: autoDraw = True
49.2186 	EXP 	text: autoDraw = True
49.2362 	EXP 	text: autoDraw = True
49.2529 	EXP 	text: autoDraw = True
49.2686 	EXP 	text: autoDraw = True
49.2861 	EXP 	text: autoDraw = True
49.3028 	EXP 	text: autoDraw = True
49.3192 	EXP 	text: autoDraw = True
49.3362 	EXP 	text: autoDraw = True
49.3528 	EXP 	text: autoDraw = True
49.3695 	EXP 	text: autoDraw = True
49.3864 	EXP 	text: autoDraw = True
49.4030 	EXP 	text: autoDraw = True
49.4195 	EXP 	text: autoDraw = True
49.4349 	EXP 	text: autoDraw = True
49.4518 	EXP 	text: autoDraw = True
49.4695 	EXP 	text: autoDraw = True
49.4883 	EXP 	text: autoDraw = True
49.5017 	EXP 	text: autoDraw = True
49.5181 	EXP 	text: autoDraw = True
49.5364 	EXP 	text: autoDraw = True
49.5522 	EXP 	text: autoDraw = True
49.5692 	EXP 	text: autoDraw = True
49.5862 	EXP 	text: autoDraw = True
49.6030 	EXP 	text: autoDraw = True
49.6188 	EXP 	text: autoDraw = True
49.6364 	EXP 	text: autoDraw = True
49.6520 	EXP 	text: autoDraw = True
49.6690 	EXP 	text: autoDraw = True
49.6856 	EXP 	text: autoDraw = True
49.7022 	EXP 	text: autoDraw = True
49.7191 	EXP 	text: autoDraw = True
49.7353 	EXP 	text: autoDraw = True
49.7518 	EXP 	text: autoDraw = True
49.7690 	EXP 	text: autoDraw = True
49.7862 	EXP 	text: autoDraw = True
49.8024 	EXP 	text: autoDraw = True
49.8196 	EXP 	text: autoDraw = True
49.8364 	EXP 	text: autoDraw = True
49.8522 	EXP 	text: autoDraw = True
49.8692 	EXP 	text: autoDraw = True
49.8862 	EXP 	text: autoDraw = True
49.9027 	EXP 	text: autoDraw = True
49.9189 	EXP 	text: autoDraw = True
49.9354 	EXP 	text: autoDraw = True
49.9534 	EXP 	text: autoDraw = True
49.9681 	EXP 	text: autoDraw = True
49.9855 	EXP 	text: autoDraw = True
50.0018 	EXP 	text: autoDraw = True
50.0189 	EXP 	text: autoDraw = True
50.0350 	EXP 	text: autoDraw = True
50.0513 	EXP 	text: autoDraw = True
50.0681 	EXP 	text: autoDraw = True
50.0852 	EXP 	text: autoDraw = True
50.1019 	EXP 	text: autoDraw = True
50.1185 	EXP 	text: autoDraw = True
50.1358 	EXP 	text: autoDraw = True
50.1533 	EXP 	text: autoDraw = True
50.1693 	EXP 	text: autoDraw = True
50.1856 	EXP 	text: autoDraw = True
50.2022 	EXP 	text: autoDraw = True
50.2191 	EXP 	text: autoDraw = True
50.2360 	EXP 	text: autoDraw = True
50.2526 	EXP 	text: autoDraw = True
50.2697 	EXP 	text: autoDraw = True
50.2853 	EXP 	text: autoDraw = True
50.3025 	EXP 	text: autoDraw = True
50.3190 	EXP 	text: autoDraw = True
50.3364 	EXP 	text: autoDraw = True
50.3524 	EXP 	text: autoDraw = True
50.3691 	EXP 	text: autoDraw = True
50.3860 	EXP 	text: autoDraw = True
50.4017 	EXP 	text: autoDraw = True
50.4187 	EXP 	text: autoDraw = True
50.4359 	EXP 	text: autoDraw = True
50.4527 	EXP 	text: autoDraw = True
50.4686 	EXP 	text: autoDraw = True
50.4856 	EXP 	text: autoDraw = True
50.5023 	EXP 	text: autoDraw = True
50.5192 	EXP 	text: autoDraw = True
50.5366 	EXP 	text: autoDraw = True
50.5533 	EXP 	text: autoDraw = True
50.5691 	EXP 	text: autoDraw = True
50.5859 	EXP 	text: autoDraw = True
50.6029 	EXP 	text: autoDraw = True
50.6186 	EXP 	text: autoDraw = True
50.6361 	EXP 	text: autoDraw = True
50.6527 	EXP 	text: autoDraw = True
50.6695 	EXP 	text: autoDraw = True
50.6851 	EXP 	text: autoDraw = True
50.7029 	EXP 	text: autoDraw = True
50.7183 	EXP 	text: autoDraw = True
50.7351 	EXP 	text: autoDraw = True
50.7517 	EXP 	text: autoDraw = True
50.7694 	EXP 	text: autoDraw = True
50.7851 	EXP 	text: autoDraw = True
50.8021 	EXP 	text: autoDraw = True
50.8190 	EXP 	text: autoDraw = True
50.8345 	EXP 	text: autoDraw = True
50.8523 	EXP 	text: autoDraw = True
50.8684 	EXP 	text: autoDraw = True
50.8861 	EXP 	text: autoDraw = True
50.9021 	EXP 	text: autoDraw = True
50.9189 	EXP 	text: autoDraw = True
50.9354 	EXP 	text: autoDraw = True
50.9518 	EXP 	text: autoDraw = True
50.9695 	EXP 	text: autoDraw = True
50.9858 	EXP 	text: autoDraw = True
51.0029 	EXP 	text: autoDraw = True
51.0188 	EXP 	text: autoDraw = True
51.0357 	EXP 	text: autoDraw = True
51.0520 	EXP 	text: autoDraw = True
51.0689 	EXP 	text: autoDraw = True
51.0855 	EXP 	text: autoDraw = True
51.1026 	EXP 	text: autoDraw = True
51.1190 	EXP 	text: autoDraw = True
51.1357 	EXP 	text: autoDraw = True
51.1516 	EXP 	text: autoDraw = True
51.1696 	EXP 	text: autoDraw = True
51.1853 	EXP 	text: autoDraw = True
51.2017 	EXP 	text: autoDraw = True
51.2190 	EXP 	text: autoDraw = True
51.2358 	EXP 	text: autoDraw = True
51.2526 	EXP 	text: autoDraw = True
51.2688 	EXP 	text: autoDraw = True
51.2846 	EXP 	text: autoDraw = True
51.3025 	EXP 	text: autoDraw = True
51.3189 	EXP 	text: autoDraw = True
51.3359 	EXP 	text: autoDraw = True
51.3526 	EXP 	text: autoDraw = True
51.3687 	EXP 	text: autoDraw = True
51.3857 	EXP 	text: autoDraw = True
51.4026 	EXP 	text: autoDraw = True
51.4184 	EXP 	text: autoDraw = True
51.4354 	EXP 	text: autoDraw = True
51.4520 	EXP 	text: autoDraw = True
51.4688 	EXP 	text: autoDraw = True
51.4856 	EXP 	text: autoDraw = True
51.5024 	EXP 	text: autoDraw = True
51.5190 	EXP 	text: autoDraw = True
51.5356 	EXP 	text: autoDraw = True
51.5524 	EXP 	text: autoDraw = True
51.5683 	EXP 	text: autoDraw = True
51.5855 	EXP 	text: autoDraw = True
51.6027 	EXP 	text: autoDraw = True
51.6196 	EXP 	text: autoDraw = True
51.6351 	EXP 	text: autoDraw = True
51.6526 	EXP 	text: autoDraw = True
51.6690 	EXP 	text: autoDraw = True
51.6856 	EXP 	text: autoDraw = True
51.7027 	EXP 	text: autoDraw = True
51.7195 	EXP 	text: autoDraw = True
51.7356 	EXP 	text: autoDraw = True
51.7526 	EXP 	text: autoDraw = True
51.7691 	EXP 	text: autoDraw = True
51.7860 	EXP 	text: autoDraw = True
51.8020 	EXP 	text: autoDraw = True
51.8190 	EXP 	text: autoDraw = True
51.8359 	EXP 	text: autoDraw = True
51.8527 	EXP 	text: autoDraw = True
51.8697 	EXP 	text: autoDraw = True
51.8855 	EXP 	text: autoDraw = True
51.9015 	EXP 	text: autoDraw = True
51.9190 	EXP 	text: autoDraw = True
51.9357 	EXP 	text: autoDraw = True
51.9526 	EXP 	text: autoDraw = True
51.9685 	EXP 	text: autoDraw = True
51.9856 	EXP 	text: autoDraw = True
52.0025 	EXP 	text: autoDraw = True
52.0191 	EXP 	text: autoDraw = True
52.0359 	EXP 	text: autoDraw = True
52.0526 	EXP 	text: autoDraw = True
52.0693 	EXP 	text: autoDraw = True
52.0861 	EXP 	text: autoDraw = True
52.1028 	EXP 	text: autoDraw = True
52.1188 	EXP 	text: autoDraw = True
52.1355 	EXP 	text: autoDraw = True
52.1525 	EXP 	text: autoDraw = True
52.1691 	EXP 	text: autoDraw = True
52.1859 	EXP 	text: autoDraw = True
52.2028 	EXP 	text: autoDraw = True
52.2185 	EXP 	text: autoDraw = True
52.2358 	EXP 	text: autoDraw = True
52.2525 	EXP 	text: autoDraw = True
52.2695 	EXP 	text: autoDraw = True
52.2860 	EXP 	text: autoDraw = True
52.3028 	EXP 	text: autoDraw = True
52.3189 	EXP 	text: autoDraw = True
52.3346 	EXP 	text: autoDraw = True
52.3523 	EXP 	text: autoDraw = True
52.3687 	EXP 	text: autoDraw = True
52.3856 	EXP 	text: autoDraw = True
52.4026 	EXP 	text: autoDraw = True
52.4194 	EXP 	text: autoDraw = True
52.4360 	EXP 	text: autoDraw = True
52.4529 	EXP 	text: autoDraw = True
52.4685 	EXP 	text: autoDraw = True
52.4852 	EXP 	text: autoDraw = True
52.5020 	EXP 	text: autoDraw = True
52.5189 	EXP 	text: autoDraw = True
52.5356 	EXP 	text: autoDraw = True
52.5516 	EXP 	text: autoDraw = True
52.5692 	EXP 	text: autoDraw = True
52.5859 	EXP 	text: autoDraw = True
52.6029 	EXP 	text: autoDraw = True
52.6197 	EXP 	text: autoDraw = True
52.6356 	EXP 	text: autoDraw = True
52.6527 	EXP 	text: autoDraw = True
52.6693 	EXP 	text: autoDraw = True
52.6860 	EXP 	text: autoDraw = True
52.7026 	EXP 	text: autoDraw = True
52.7192 	EXP 	text: autoDraw = True
52.7361 	EXP 	text: autoDraw = True
52.7529 	EXP 	text: autoDraw = True
52.7694 	EXP 	text: autoDraw = True
52.7844 	EXP 	text: autoDraw = True
52.8024 	EXP 	text: autoDraw = True
52.8191 	EXP 	text: autoDraw = True
52.8360 	EXP 	text: autoDraw = True
52.8526 	EXP 	text: autoDraw = True
52.8693 	EXP 	text: autoDraw = True
52.8861 	EXP 	text: autoDraw = True
52.9026 	EXP 	text: autoDraw = True
52.9190 	EXP 	text: autoDraw = True
52.9351 	EXP 	text: autoDraw = True
52.9518 	EXP 	text: autoDraw = True
52.9695 	EXP 	text: autoDraw = True
52.9855 	EXP 	text: autoDraw = True
53.0026 	EXP 	text: autoDraw = True
53.0178 	EXP 	text: autoDraw = True
53.0359 	EXP 	text: autoDraw = True
53.0529 	EXP 	text: autoDraw = True
53.0682 	EXP 	text: autoDraw = True
53.0858 	EXP 	text: autoDraw = True
53.1028 	EXP 	text: autoDraw = True
53.1197 	EXP 	text: autoDraw = True
53.1361 	EXP 	text: autoDraw = True
53.1529 	EXP 	text: autoDraw = True
53.1695 	EXP 	text: autoDraw = True
53.1857 	EXP 	text: autoDraw = True
53.2025 	EXP 	text: autoDraw = True
53.2189 	EXP 	text: autoDraw = True
53.2345 	EXP 	text: autoDraw = True
53.2523 	EXP 	text: autoDraw = True
53.2693 	EXP 	text: autoDraw = True
53.2862 	EXP 	text: autoDraw = True
53.3027 	EXP 	text: autoDraw = True
53.3195 	EXP 	text: autoDraw = True
53.3367 	EXP 	text: autoDraw = True
53.3528 	EXP 	text: autoDraw = True
53.3696 	EXP 	text: autoDraw = True
53.3861 	EXP 	text: autoDraw = True
53.4032 	EXP 	text: autoDraw = True
53.4198 	EXP 	text: autoDraw = True
53.4351 	EXP 	text: autoDraw = True
53.4529 	EXP 	text: autoDraw = True
53.4699 	EXP 	text: autoDraw = True
53.4861 	EXP 	text: autoDraw = True
53.5030 	EXP 	text: autoDraw = True
53.5192 	EXP 	text: autoDraw = True
53.5361 	EXP 	text: autoDraw = True
53.5528 	EXP 	text: autoDraw = True
53.5687 	EXP 	text: autoDraw = True
53.5851 	EXP 	text: autoDraw = True
53.6030 	EXP 	text: autoDraw = True
53.6185 	EXP 	text: autoDraw = True
53.6363 	EXP 	text: autoDraw = True
53.6521 	EXP 	text: autoDraw = True
53.6693 	EXP 	text: autoDraw = True
53.6848 	EXP 	text: autoDraw = True
53.7028 	EXP 	text: autoDraw = True
53.7197 	EXP 	text: autoDraw = True
53.7362 	EXP 	text: autoDraw = True
53.7531 	EXP 	text: autoDraw = True
53.7687 	EXP 	text: autoDraw = True
53.7862 	EXP 	text: autoDraw = True
53.8029 	EXP 	text: autoDraw = True
53.8196 	EXP 	text: autoDraw = True
53.8362 	EXP 	text: autoDraw = True
53.8532 	EXP 	text: autoDraw = True
53.8685 	EXP 	text: autoDraw = True
53.8864 	EXP 	text: autoDraw = True
53.9028 	EXP 	text: autoDraw = True
53.9198 	EXP 	text: autoDraw = True
53.9355 	EXP 	text: autoDraw = True
53.9518 	EXP 	text: autoDraw = True
53.9697 	EXP 	text: autoDraw = True
53.9854 	EXP 	text: autoDraw = True
54.0018 	EXP 	text: autoDraw = True
54.0198 	EXP 	text: autoDraw = True
54.0365 	EXP 	text: autoDraw = True
54.0522 	EXP 	text: autoDraw = True
54.0683 	EXP 	text: autoDraw = True
54.0861 	EXP 	text: autoDraw = True
54.1031 	EXP 	text: autoDraw = True
54.1179 	EXP 	text: autoDraw = True
54.1352 	EXP 	text: autoDraw = True
54.1531 	EXP 	text: autoDraw = True
54.1692 	EXP 	text: autoDraw = True
54.1859 	EXP 	text: autoDraw = True
54.2020 	EXP 	text: autoDraw = True
54.2179 	EXP 	text: autoDraw = True
54.2356 	EXP 	text: autoDraw = True
54.2523 	EXP 	text: autoDraw = True
54.2688 	EXP 	text: autoDraw = True
54.2854 	EXP 	text: autoDraw = True
54.3013 	EXP 	text: autoDraw = True
54.3187 	EXP 	text: autoDraw = True
54.3346 	EXP 	text: autoDraw = True
54.3529 	EXP 	text: autoDraw = True
54.3691 	EXP 	text: autoDraw = True
54.3856 	EXP 	text: autoDraw = True
54.4022 	EXP 	text: autoDraw = True
54.4189 	EXP 	text: autoDraw = True
54.4346 	EXP 	text: autoDraw = True
54.4521 	EXP 	text: autoDraw = True
54.4691 	EXP 	text: autoDraw = True
54.4846 	EXP 	text: autoDraw = True
54.5028 	EXP 	text: autoDraw = True
54.5195 	EXP 	text: autoDraw = True
54.5360 	EXP 	text: autoDraw = True
54.5527 	EXP 	text: autoDraw = True
54.5695 	EXP 	text: autoDraw = True
54.5858 	EXP 	text: autoDraw = True
54.6029 	EXP 	text: autoDraw = True
54.6196 	EXP 	text: autoDraw = True
54.6356 	EXP 	text: autoDraw = True
54.6515 	EXP 	text: autoDraw = True
54.6695 	EXP 	text: autoDraw = True
54.6862 	EXP 	text: autoDraw = True
54.7019 	EXP 	text: autoDraw = True
54.7196 	EXP 	text: autoDraw = True
54.7359 	EXP 	text: autoDraw = True
54.7524 	EXP 	text: autoDraw = True
54.7688 	EXP 	text: autoDraw = True
54.7865 	EXP 	text: autoDraw = True
54.8023 	EXP 	text: autoDraw = True
54.8181 	EXP 	text: autoDraw = True
54.8357 	EXP 	text: autoDraw = True
54.8523 	EXP 	text: autoDraw = True
54.8697 	EXP 	text: autoDraw = True
54.8863 	EXP 	text: autoDraw = True
54.9027 	EXP 	text: autoDraw = True
54.9183 	EXP 	text: autoDraw = True
54.9347 	EXP 	text: autoDraw = True
54.9526 	EXP 	text: autoDraw = True
54.9693 	EXP 	text: autoDraw = True
54.9862 	EXP 	text: autoDraw = True
55.0028 	EXP 	text: autoDraw = True
55.0188 	EXP 	text: autoDraw = True
55.0364 	EXP 	text: autoDraw = True
55.0522 	EXP 	text: autoDraw = True
55.0698 	EXP 	text: autoDraw = True
55.0864 	EXP 	text: autoDraw = True
55.1027 	EXP 	text: autoDraw = True
55.1182 	EXP 	text: autoDraw = True
55.1366 	EXP 	text: autoDraw = True
55.1530 	EXP 	text: autoDraw = True
55.1698 	EXP 	text: autoDraw = True
55.1863 	EXP 	text: autoDraw = True
55.2030 	EXP 	text: autoDraw = True
55.2192 	EXP 	text: autoDraw = True
55.2361 	EXP 	text: autoDraw = True
55.2526 	EXP 	text: autoDraw = True
55.2678 	EXP 	text: autoDraw = True
55.2865 	EXP 	text: autoDraw = True
55.3032 	EXP 	text: autoDraw = True
55.3197 	EXP 	text: autoDraw = True
55.3359 	EXP 	text: autoDraw = True
55.3527 	EXP 	text: autoDraw = True
55.3700 	EXP 	text: autoDraw = True
55.3865 	EXP 	text: autoDraw = True
55.4030 	EXP 	text: autoDraw = True
55.4197 	EXP 	text: autoDraw = True
55.4363 	EXP 	text: autoDraw = True
55.4522 	EXP 	text: autoDraw = True
55.4697 	EXP 	text: autoDraw = True
55.4863 	EXP 	text: autoDraw = True
55.5041 	EXP 	text: autoDraw = True
55.5058 	DATA 	Keypress: lcommand
55.5193 	EXP 	text: autoDraw = True
55.5392 	EXP 	text: autoDraw = True
55.5535 	EXP 	text: autoDraw = True
55.5679 	EXP 	text: autoDraw = True
55.5859 	EXP 	text: autoDraw = True
55.6024 	EXP 	text: autoDraw = True
55.6194 	EXP 	text: autoDraw = True
55.6362 	EXP 	text: autoDraw = True
55.6528 	EXP 	text: autoDraw = True
55.6678 	EXP 	text: autoDraw = True
55.6852 	EXP 	text: autoDraw = True
55.6871 	DATA 	Keypress: loption
55.7019 	EXP 	text: autoDraw = True
55.7182 	EXP 	text: autoDraw = True
55.7360 	EXP 	text: autoDraw = True
55.7527 	EXP 	text: autoDraw = True
55.7687 	EXP 	text: autoDraw = True
55.7860 	EXP 	text: autoDraw = True
55.8028 	EXP 	text: autoDraw = True
55.8190 	EXP 	text: autoDraw = True
55.8359 	EXP 	text: autoDraw = True
55.8528 	EXP 	text: autoDraw = True
55.8690 	EXP 	text: autoDraw = True
55.8858 	EXP 	text: autoDraw = True
55.9028 	EXP 	text: autoDraw = True
55.9194 	EXP 	text: autoDraw = True
55.9360 	EXP 	text: autoDraw = True
55.9528 	EXP 	text: autoDraw = True
55.9691 	EXP 	text: autoDraw = True
55.9857 	EXP 	text: autoDraw = True
56.0023 	EXP 	text: autoDraw = True
56.0189 	EXP 	text: autoDraw = True
56.0358 	EXP 	text: autoDraw = True
56.0512 	EXP 	text: autoDraw = True
56.0691 	EXP 	text: autoDraw = True
56.0858 	EXP 	text: autoDraw = True
56.1018 	EXP 	text: autoDraw = True
56.1192 	EXP 	text: autoDraw = True
56.1362 	EXP 	text: autoDraw = True
56.1529 	EXP 	text: autoDraw = True
56.1685 	EXP 	text: autoDraw = True
56.1855 	EXP 	text: autoDraw = True
56.2016 	EXP 	text: autoDraw = True
56.2185 	EXP 	text: autoDraw = True
56.2365 	EXP 	text: autoDraw = True
56.2541 	EXP 	text: autoDraw = True
56.2715 	EXP 	text: autoDraw = True
56.2877 	EXP 	text: autoDraw = True
56.3046 	EXP 	text: autoDraw = True
56.3211 	EXP 	text: autoDraw = True
56.3370 	EXP 	text: autoDraw = True
56.3537 	EXP 	text: autoDraw = True
56.3700 	EXP 	text: autoDraw = True
56.3882 	EXP 	text: autoDraw = True
56.4022 	EXP 	text: autoDraw = True
56.4201 	EXP 	text: autoDraw = True
56.4372 	EXP 	text: autoDraw = True
56.4524 	EXP 	text: autoDraw = True
56.4709 	EXP 	text: autoDraw = True
56.4743 	DATA 	Keypress: escape
56.4856 	EXP 	text: autoDraw = False
56.9678 	EXP 	window1: mouseVisible = True
