11.1885 	ERROR 	Screen apparently NOT the desired resolution of 2560x1440 pixels!!
19.4333 	INFO 	Successfully set darwin thread to realtime
20.4874 	INFO 	#[ PsychoPy3 RuntimeInfoStart ]
  #[[ PsychoPy ]] #---------
    psychopyVersion: 3.2.3
    psychopyHaveExtRush: True
  #[[ Experiment ]] #---------
    experimentRunTime: 2019_09_26 15:41 (Year_Month_Day Hour:Min)
    experimentRunTime.epoch: 1569526863
    experimentScript: eccentricity_dependent_duration_reproduction_using_spacebar.py
    experimentScript.digestSHA1: 51ff73734820acc741d36f63904c371657d2b6cb
    experimentScript.directory: /Users/vsg/Documents/GitHub/spatio_temporal_information_processing/Time_Subjective_Expansion/Eccentricity_duration_interaction
  #[[ System ]] #---------
    systemHaveInternetAccess: True
    systemHostName: pbs-jf-imac.local
    systemLocale: C
    systemMemFreeRAM: 1455.78125
    systemMemTotalRAM: 8192.0
    systemPlatform: darwin 10.13.6 x86_64
    systemPyoVersion: -
    systemRebooted: Aug 10 05:24
    systemSec.OpenSSLVersion: LibreSSL 2.2.7
    systemSec.pythonSSL: True
    systemTimeNumpySD1000000_sec: 0.0041
    systemUser: vsg
    systemUserID: 502
    systemUsersCount: 2
  #[[ Window ]] #---------
    windowWinType: pyglet
    windowUnits: deg
    windowSize_pix: [5120 2880]
    windowScreen: 0
    windowRgb: [255. 255. 255.]
    windowRefreshTimeSD_ms: 0.464
    windowRefreshTimeMedian_ms: 16.660
    windowRefreshTimeAvg_ms: 16.654
    windowPos_pix: [0.0, 0.0]
    windowMonitor.name: testmonitor
    windowMonitor.getWidth_cm: 52.0
    windowMonitor.getDistance_cm: 65.0
    windowMonitor.currentCalibName: 2019_09_24 14:26
    windowIsFullScr: True
  #[[ Python ]] #---------
    pythonVersion: 3.6.1
  #[[ OpenGL ]] #---------
#[ PsychoPy3 RuntimeInfoEnd ]

20.5680 	EXP 	Created text = TextStim(__class__=<class 'psychopy.visual.text.TextStim'>, alignHoriz='center', alignVert='center', antialias=True, autoLog=True, bold=False, color='black', colorSpace='named', contrast=1.0, depth=-1.0, flipHoriz=False, flipVert=False, font='Arial', fontFiles=[], height=0.5, italic=False, languageStyle='LTR', name='text', opacity=1.0, ori=0, pos=array([0., 0.]), rgb=array([0., 0., 0.]), text=str(...), units='deg', win=Window(...), wrapWidth=35)
20.5741 	EXP 	Created text = TextStim(__class__=<class 'psychopy.visual.text.TextStim'>, alignHoriz='center', alignVert='center', antialias=True, autoLog=True, bold=False, color='black', colorSpace='named', contrast=1.0, depth=-1.0, flipHoriz=False, flipVert=False, font='Arial', fontFiles=[], height=0.5, italic=False, languageStyle='LTR', name='text', opacity=1.0, ori=0, pos=array([5., 5.]), rgb=array([0., 0., 0.]), text='Total points : 0', units='deg', win=Window(...), wrapWidth=35)
20.6534 	EXP 	text: text = 'Welcome! Thank you for agreeing to participate in this study.\n\nIn this study, we want to examine your ability to perceive duration — how long something lasts.\n\nThe task is simple. In each trial, you will see a black disc appear on the screen and then disappear.\n\nOnce the item disappears, you will need to press and hold the SPACE BAR for as long as you thought the stimulus has appeared.\n\nThe experiment will be self paced, and should last approximately for not more than 30 minutes.\n\nThe items can appear anywhere on the horizontal axis of the screen.\n\nYou will need to make the duration judgments while fixating at the center of the screen, and using your peripheral vision (whenever applicable).\n\nPress any key to continue to the next page. \n\n'
20.6534 	EXP 	text: autoDraw = True
64.8805 	DATA 	Keypress: space
64.8814 	EXP 	text: autoDraw = False
64.9369 	EXP 	text: text = "We really want you to be as accurate as you can. So a game will be played to make it more fun. We want you to hold down the space bar for as long as you saw the disc last! The closer you get to the right answer, the more points we will award you in that trial. So you need to be as accurate as possible to earn the max. Each trial will be for 10 points. There are about 240 trials. If you collect a total of 1900 points by the end, we will double the credit you get for the experiment.\n\nIf you're feeling uncomfortable, you can press ESC key any time to stop the experiment.\n\nPress any key you are ready to do some practice trials.\n\n"
64.9369 	EXP 	text: autoDraw = True
114.3030 	DATA 	Keypress: space
114.3040 	EXP 	text: autoDraw = False
114.3226 	EXP 	text: autoDraw = True
116.9810 	EXP 	text: text = 'Press and hold [SPACE] to report the duration of the stimulus'
116.9810 	EXP 	text: autoDraw = True
121.1032 	DATA 	Keypress: space
121.1104 	EXP 	text: autoDraw = False
122.6936 	WARNING 	Stopping key buffers but this could be dangerous ifother keyboards rely on the same.
122.7245 	EXP 	text: text = 'You earned 3.2 out of 10 points in this round.\n\n Press [SPACE] to advance'
122.7245 	EXP 	text: autoDraw = True
128.2391 	DATA 	Keypress: space
128.2463 	EXP 	text: autoDraw = False
128.2603 	EXP 	text: text = 'Total points : 3.2'
130.9287 	EXP 	text: text = 'Press and hold [SPACE] to report the duration of the stimulus'
130.9287 	EXP 	text: autoDraw = True
131.5429 	DATA 	Keypress: space
131.5503 	EXP 	text: autoDraw = False
133.7576 	WARNING 	Stopping key buffers but this could be dangerous ifother keyboards rely on the same.
133.7792 	EXP 	text: text = 'You earned 1.9 out of 10 points in this round.\n\n Press [SPACE] to advance'
133.7792 	EXP 	text: autoDraw = True
145.0391 	DATA 	Keypress: space
145.0447 	EXP 	text: autoDraw = False
145.0656 	EXP 	text: text = 'Total points : 5.1'
147.3596 	EXP 	text: text = 'Press and hold [SPACE] to report the duration of the stimulus'
147.3596 	EXP 	text: autoDraw = True
147.8310 	DATA 	Keypress: space
147.8383 	EXP 	text: autoDraw = False
148.9735 	WARNING 	Stopping key buffers but this could be dangerous ifother keyboards rely on the same.
149.0009 	EXP 	text: text = 'You earned 5.5 out of 10 points in this round.\n\n Press [SPACE] to advance'
149.0009 	EXP 	text: autoDraw = True
150.7671 	DATA 	Keypress: space
150.7744 	EXP 	text: autoDraw = False
150.7948 	EXP 	text: text = 'Total points : 10.6'
150.7948 	EXP 	text: text = 'Total points : 0'
150.7948 	EXP 	text: text = 'Great! Press any key to start the experiment'
150.7948 	EXP 	text: autoDraw = True
191.0150 	DATA 	Keypress: space
191.0224 	EXP 	text: autoDraw = False
193.3430 	DATA 	Keypress: space
193.3978 	EXP 	text: text = 'Press and hold [SPACE] to report the duration of the stimulus'
193.3978 	EXP 	text: autoDraw = True
195.7109 	DATA 	Keypress: space
195.7181 	EXP 	text: autoDraw = False
196.1415 	WARNING 	Stopping key buffers but this could be dangerous ifother keyboards rely on the same.
196.1653 	EXP 	text: text = 'You earned 5.5 out of 10 points in this round.\n\n Press [SPACE] to advance'
196.1653 	EXP 	text: autoDraw = True
199.7830 	DATA 	Keypress: space
199.7902 	EXP 	text: autoDraw = False
199.7988 	EXP 	text: text = 'Total points : 5.5'
202.4702 	DATA 	Keypress: space
202.4708 	EXP 	text: text = 'Press and hold [SPACE] to report the duration of the stimulus'
202.4708 	EXP 	text: autoDraw = True
204.5189 	DATA 	Keypress: space
204.5263 	EXP 	text: autoDraw = False
204.5402 	WARNING 	Stopping key buffers but this could be dangerous ifother keyboards rely on the same.
204.5746 	EXP 	text: text = 'You earned 8.1 out of 10 points in this round.\n\n Press [SPACE] to advance'
204.5746 	EXP 	text: autoDraw = True
208.7109 	DATA 	Keypress: space
208.7179 	EXP 	text: autoDraw = False
208.7366 	EXP 	text: text = 'Total points : 13.6'
211.0304 	EXP 	text: text = 'Press and hold [SPACE] to report the duration of the stimulus'
211.0304 	EXP 	text: autoDraw = True
211.9430 	DATA 	Keypress: space
211.9493 	EXP 	text: autoDraw = False
212.6374 	WARNING 	Stopping key buffers but this could be dangerous ifother keyboards rely on the same.
212.6577 	EXP 	text: text = 'You earned 0.0 out of 10 points in this round.\n\n Press [SPACE] to advance'
212.6577 	EXP 	text: autoDraw = True
216.1990 	DATA 	Keypress: space
216.2063 	EXP 	text: autoDraw = False
216.2209 	EXP 	text: text = 'Total points : 13.6'
218.4870 	DATA 	Keypress: space
218.5145 	EXP 	text: text = 'Press and hold [SPACE] to report the duration of the stimulus'
218.5145 	EXP 	text: autoDraw = True
221.6709 	DATA 	Keypress: space
221.6782 	EXP 	text: autoDraw = False
221.6950 	WARNING 	Stopping key buffers but this could be dangerous ifother keyboards rely on the same.
221.7236 	EXP 	text: text = 'You earned 0.0 out of 10 points in this round.\n\n Press [SPACE] to advance'
221.7236 	EXP 	text: autoDraw = True
226.6625 	DATA 	Keypress: escape
228.3901 	DATA 	Mouse: Left button down, pos=(417,774)
228.5019 	DATA 	Mouse:  Left button up, pos=(414,773)
229.2947 	DATA 	Keypress: escape
230.5989 	DATA 	Keypress: space
230.6053 	EXP 	text: autoDraw = False
230.6257 	EXP 	text: text = 'Total points : 13.6'
231.4285 	DATA 	Keypress: escape
231.5747 	DATA 	Keypress: escape
232.7703 	DATA 	Keypress: space
232.9947 	EXP 	text: text = 'Press and hold [SPACE] to report the duration of the stimulus'
232.9947 	EXP 	text: autoDraw = True
233.2946 	DATA 	Keypress: escape
234.3827 	DATA 	Keypress: escape
235.8854 	DATA 	Keypress: numlock
236.6167 	DATA 	Keypress: numlock
237.2629 	DATA 	Keypress: space
237.2702 	EXP 	text: autoDraw = False
237.5493 	EXP 	window1: mouseVisible = True
