11.1096 	WARNING 	User requested fullscreen with size [2880 1800], but screen is actually [1440, 900]. Using actual size
12.1183 	INFO 	Successfully set darwin thread to realtime
13.1752 	INFO 	#[ PsychoPy3 RuntimeInfoStart ]
  #[[ PsychoPy ]] #---------
    psychopyVersion: 3.0.2
    psychopyHaveExtRush: True
  #[[ Experiment ]] #---------
    experimentRunTime: 2019_06_04 09:13 (Year_Month_Day Hour:Min)
    experimentRunTime.epoch: 1559653982
    experimentScript: TSE_2004_replication_2.py
    experimentScript.digestSHA1: d74a0ba11833f792fe086b1c8ce035b3f884fe48
    experimentScript.directory: /Volumes/My Passport/Github/spatio_temporal_information_processing/Time_Subjective_Expansion
  #[[ System ]] #---------
    systemHaveInternetAccess: True
    systemHostName: pbs-jf-aldi.local
    systemLocale: C
    systemMemFreeRAM: 7149.796875
    systemMemTotalRAM: 16384.0
    systemPlatform: darwin 10.14.5 x86_64
    systemRavailable: R version 3.4.1 (2017-06-30) -- Single Candle
    systemRebooted: May 29 13:01
    systemSec.OpenSSLVersion: OpenSSL 1.1.1a  20 Nov 2018
    systemSec.pythonSSL: True
    systemTimeNumpySD1000000_sec: 0.0019
    systemUser: supadhy6
    systemUserID: 1903061739
    systemUserProcCount: 318
    systemUserProcFlagged: Pages KeyNote 'Google Chrome' Safari Dropbox mdworker iTunes
    systemUsersCount: 1
  #[[ Window ]] #---------
    windowWinType: pyglet
    windowUnits: deg
    windowSize_pix: [2880 1800]
    windowScreen: 0
    windowRgb: [255. 255. 255.]
    windowRefreshTimeSD_ms: 1.206
    windowRefreshTimeMedian_ms: 16.613
    windowRefreshTimeAvg_ms: 16.668
    windowPos_pix: [0.0, 0.0]
    windowMonitor.name: testmonitor
    windowMonitor.getWidth_cm: 52.0
    windowMonitor.getDistance_cm: 65.0
    windowMonitor.currentCalibName: 2019_01_28 08:48
    windowIsFullScr: True
  #[[ Python ]] #---------
    pythonVersion: 3.6.0
  #[[ OpenGL ]] #---------
#[ PsychoPy3 RuntimeInfoEnd ]

13.2682 	EXP 	Created text = TextStim(__class__=<class 'psychopy.visual.text.TextStim'>, alignHoriz='center', alignVert='center', antialias=True, autoLog=True, bold=False, color='black', colorSpace='named', contrast=1.0, depth=-1.0, flipHoriz=False, flipVert=False, font='Arial', fontFiles=[], height=0.5, italic=False, languageStyle='LTR', name='text', opacity=1.0, ori=0, pos=array([ 0., -5.]), rgb=array([0., 0., 0.]), text=str(...), units='deg', win=Window(...), wrapWidth=30)
33.7765 	EXP 	text: autoDraw = True
35.8376 	EXP 	text: autoDraw = True
37.9355 	EXP 	text: autoDraw = True
39.9701 	EXP 	text: autoDraw = True
39.9856 	EXP 	text: autoDraw = True
40.0025 	EXP 	text: autoDraw = True
40.0198 	EXP 	text: autoDraw = True
40.0367 	EXP 	text: autoDraw = True
40.0536 	EXP 	text: autoDraw = True
40.0695 	EXP 	text: autoDraw = True
40.0869 	EXP 	text: autoDraw = True
40.1034 	EXP 	text: autoDraw = True
40.1200 	EXP 	text: autoDraw = True
40.1361 	EXP 	text: autoDraw = True
40.1526 	EXP 	text: autoDraw = True
40.1698 	EXP 	text: autoDraw = True
40.1867 	EXP 	text: autoDraw = True
40.2035 	EXP 	text: autoDraw = True
40.2204 	EXP 	text: autoDraw = True
40.2357 	EXP 	text: autoDraw = True
40.2534 	EXP 	text: autoDraw = True
40.2690 	EXP 	text: autoDraw = True
40.2868 	EXP 	text: autoDraw = True
40.3035 	EXP 	text: autoDraw = True
40.3201 	EXP 	text: autoDraw = True
40.3368 	EXP 	text: autoDraw = True
40.3534 	EXP 	text: autoDraw = True
40.3702 	EXP 	text: autoDraw = True
40.3862 	EXP 	text: autoDraw = True
40.4034 	EXP 	text: autoDraw = True
40.4203 	EXP 	text: autoDraw = True
40.4359 	EXP 	text: autoDraw = True
40.4526 	EXP 	text: autoDraw = True
40.4692 	EXP 	text: autoDraw = True
40.4871 	EXP 	text: autoDraw = True
40.5035 	EXP 	text: autoDraw = True
40.5201 	EXP 	text: autoDraw = True
40.5369 	EXP 	text: autoDraw = True
40.5522 	EXP 	text: autoDraw = True
40.5701 	EXP 	text: autoDraw = True
40.5871 	EXP 	text: autoDraw = True
40.6033 	EXP 	text: autoDraw = True
40.6202 	EXP 	text: autoDraw = True
40.6370 	EXP 	text: autoDraw = True
40.6533 	EXP 	text: autoDraw = True
40.6702 	EXP 	text: autoDraw = True
40.6862 	EXP 	text: autoDraw = True
40.7026 	EXP 	text: autoDraw = True
40.7200 	EXP 	text: autoDraw = True
40.7369 	EXP 	text: autoDraw = True
40.7531 	EXP 	text: autoDraw = True
40.7696 	EXP 	text: autoDraw = True
40.7867 	EXP 	text: autoDraw = True
40.8035 	EXP 	text: autoDraw = True
40.8201 	EXP 	text: autoDraw = True
40.8367 	EXP 	text: autoDraw = True
40.8535 	EXP 	text: autoDraw = True
40.8701 	EXP 	text: autoDraw = True
40.8857 	EXP 	text: autoDraw = True
40.9024 	EXP 	text: autoDraw = True
40.9192 	EXP 	text: autoDraw = True
40.9357 	EXP 	text: autoDraw = True
40.9534 	EXP 	text: autoDraw = True
40.9700 	EXP 	text: autoDraw = True
40.9865 	EXP 	text: autoDraw = True
41.0031 	EXP 	text: autoDraw = True
41.0199 	EXP 	text: autoDraw = True
41.0363 	EXP 	text: autoDraw = True
41.0534 	EXP 	text: autoDraw = True
41.0702 	EXP 	text: autoDraw = True
41.0868 	EXP 	text: autoDraw = True
41.1035 	EXP 	text: autoDraw = True
41.1201 	EXP 	text: autoDraw = True
41.1367 	EXP 	text: autoDraw = True
41.1536 	EXP 	text: autoDraw = True
41.1702 	EXP 	text: autoDraw = True
41.1868 	EXP 	text: autoDraw = True
41.2025 	EXP 	text: autoDraw = True
41.2197 	EXP 	text: autoDraw = True
41.2360 	EXP 	text: autoDraw = True
41.2533 	EXP 	text: autoDraw = True
41.2702 	EXP 	text: autoDraw = True
41.2857 	EXP 	text: autoDraw = True
41.3035 	EXP 	text: autoDraw = True
41.3201 	EXP 	text: autoDraw = True
41.3367 	EXP 	text: autoDraw = True
41.3516 	EXP 	text: autoDraw = True
41.3688 	EXP 	text: autoDraw = True
41.3864 	EXP 	text: autoDraw = True
41.4033 	EXP 	text: autoDraw = True
41.4203 	EXP 	text: autoDraw = True
41.4367 	EXP 	text: autoDraw = True
41.4529 	EXP 	text: autoDraw = True
41.4701 	EXP 	text: autoDraw = True
41.4869 	EXP 	text: autoDraw = True
41.5035 	EXP 	text: autoDraw = True
41.5201 	EXP 	text: autoDraw = True
41.5367 	EXP 	text: autoDraw = True
41.5535 	EXP 	text: autoDraw = True
41.5701 	EXP 	text: autoDraw = True
41.5867 	EXP 	text: autoDraw = True
41.6035 	EXP 	text: autoDraw = True
41.6201 	EXP 	text: autoDraw = True
41.6368 	EXP 	text: autoDraw = True
41.6535 	EXP 	text: autoDraw = True
41.6697 	EXP 	text: autoDraw = True
41.6866 	EXP 	text: autoDraw = True
41.7025 	EXP 	text: autoDraw = True
41.7185 	EXP 	text: autoDraw = True
41.7348 	DATA 	Keypress: l
41.7374 	EXP 	text: autoDraw = False
62.3828 	EXP 	text: autoDraw = True
64.4092 	EXP 	text: autoDraw = True
66.4965 	EXP 	text: autoDraw = True
68.6048 	EXP 	text: autoDraw = True
68.6200 	EXP 	text: autoDraw = True
68.6363 	EXP 	text: autoDraw = True
68.6532 	EXP 	text: autoDraw = True
68.6698 	EXP 	text: autoDraw = True
68.6865 	EXP 	text: autoDraw = True
68.7031 	EXP 	text: autoDraw = True
68.7197 	EXP 	text: autoDraw = True
68.7365 	EXP 	text: autoDraw = True
68.7531 	EXP 	text: autoDraw = True
68.7698 	EXP 	text: autoDraw = True
68.7866 	EXP 	text: autoDraw = True
68.8033 	EXP 	text: autoDraw = True
68.8197 	EXP 	text: autoDraw = True
68.8364 	EXP 	text: autoDraw = True
68.8530 	EXP 	text: autoDraw = True
68.8689 	EXP 	text: autoDraw = True
68.8866 	EXP 	text: autoDraw = True
68.9030 	EXP 	text: autoDraw = True
68.9199 	EXP 	text: autoDraw = True
68.9365 	EXP 	text: autoDraw = True
68.9532 	EXP 	text: autoDraw = True
68.9698 	EXP 	text: autoDraw = True
68.9865 	EXP 	text: autoDraw = True
69.0027 	EXP 	text: autoDraw = True
69.0198 	EXP 	text: autoDraw = True
69.0364 	EXP 	text: autoDraw = True
69.0530 	EXP 	text: autoDraw = True
69.0693 	EXP 	text: autoDraw = True
69.0864 	EXP 	text: autoDraw = True
69.1032 	EXP 	text: autoDraw = True
69.1200 	EXP 	text: autoDraw = True
69.1363 	EXP 	text: autoDraw = True
69.1529 	EXP 	text: autoDraw = True
69.1698 	EXP 	text: autoDraw = True
69.1864 	EXP 	text: autoDraw = True
69.2021 	EXP 	text: autoDraw = True
69.2197 	EXP 	text: autoDraw = True
69.2364 	EXP 	text: autoDraw = True
69.2532 	EXP 	text: autoDraw = True
69.2693 	EXP 	text: autoDraw = True
69.2866 	EXP 	text: autoDraw = True
69.3033 	EXP 	text: autoDraw = True
69.3197 	EXP 	text: autoDraw = True
69.3364 	EXP 	text: autoDraw = True
69.3521 	EXP 	text: autoDraw = True
69.3687 	EXP 	text: autoDraw = True
69.3859 	EXP 	text: autoDraw = True
69.4030 	EXP 	text: autoDraw = True
69.4198 	EXP 	text: autoDraw = True
69.4365 	EXP 	text: autoDraw = True
69.4532 	EXP 	text: autoDraw = True
69.4712 	EXP 	text: autoDraw = True
69.4859 	EXP 	text: autoDraw = True
69.5031 	EXP 	text: autoDraw = True
69.5186 	EXP 	text: autoDraw = True
69.5365 	EXP 	text: autoDraw = True
69.5533 	EXP 	text: autoDraw = True
69.5697 	EXP 	text: autoDraw = True
69.5865 	EXP 	text: autoDraw = True
69.6028 	EXP 	text: autoDraw = True
69.6198 	EXP 	text: autoDraw = True
69.6365 	EXP 	text: autoDraw = True
69.6532 	EXP 	text: autoDraw = True
69.6699 	EXP 	text: autoDraw = True
69.6865 	EXP 	text: autoDraw = True
69.7028 	EXP 	text: autoDraw = True
69.7197 	EXP 	text: autoDraw = True
69.7365 	EXP 	text: autoDraw = True
69.7532 	EXP 	text: autoDraw = True
69.7701 	EXP 	text: autoDraw = True
69.7864 	EXP 	text: autoDraw = True
69.8023 	EXP 	text: autoDraw = True
69.8200 	EXP 	text: autoDraw = True
69.8351 	EXP 	text: autoDraw = True
69.8521 	EXP 	text: autoDraw = True
69.8699 	EXP 	text: autoDraw = True
69.8865 	EXP 	text: autoDraw = True
69.9033 	EXP 	text: autoDraw = True
69.9187 	EXP 	text: autoDraw = True
69.9364 	EXP 	text: autoDraw = True
69.9531 	EXP 	text: autoDraw = True
69.9698 	EXP 	text: autoDraw = True
69.9864 	EXP 	text: autoDraw = True
70.0031 	EXP 	text: autoDraw = True
70.0198 	EXP 	text: autoDraw = True
70.0365 	EXP 	text: autoDraw = True
70.0532 	EXP 	text: autoDraw = True
70.0699 	EXP 	text: autoDraw = True
70.0871 	EXP 	text: autoDraw = True
70.1015 	EXP 	text: autoDraw = True
70.1194 	EXP 	text: autoDraw = True
70.1361 	EXP 	text: autoDraw = True
70.1530 	EXP 	text: autoDraw = True
70.1698 	EXP 	text: autoDraw = True
70.1865 	EXP 	text: autoDraw = True
70.2033 	EXP 	text: autoDraw = True
70.2195 	EXP 	text: autoDraw = True
70.2366 	EXP 	text: autoDraw = True
70.2517 	EXP 	text: autoDraw = True
70.2689 	EXP 	text: autoDraw = True
70.2862 	EXP 	text: autoDraw = True
70.3031 	EXP 	text: autoDraw = True
70.3204 	EXP 	text: autoDraw = True
70.3362 	EXP 	text: autoDraw = True
70.3527 	EXP 	text: autoDraw = True
70.3698 	EXP 	text: autoDraw = True
70.3863 	EXP 	text: autoDraw = True
70.4032 	EXP 	text: autoDraw = True
70.4198 	EXP 	text: autoDraw = True
70.4367 	EXP 	text: autoDraw = True
70.4527 	EXP 	text: autoDraw = True
70.4699 	EXP 	text: autoDraw = True
70.4866 	EXP 	text: autoDraw = True
70.5029 	EXP 	text: autoDraw = True
70.5199 	EXP 	text: autoDraw = True
70.5365 	EXP 	text: autoDraw = True
70.5529 	EXP 	text: autoDraw = True
70.5697 	EXP 	text: autoDraw = True
70.5864 	EXP 	text: autoDraw = True
70.6032 	EXP 	text: autoDraw = True
70.6200 	EXP 	text: autoDraw = True
70.6354 	EXP 	text: autoDraw = True
70.6530 	EXP 	text: autoDraw = True
70.6695 	EXP 	text: autoDraw = True
70.6865 	EXP 	text: autoDraw = True
70.7030 	EXP 	text: autoDraw = True
70.7188 	EXP 	text: autoDraw = True
70.7356 	EXP 	text: autoDraw = True
70.7532 	EXP 	text: autoDraw = True
70.7703 	EXP 	text: autoDraw = True
70.7859 	EXP 	text: autoDraw = True
70.8030 	EXP 	text: autoDraw = True
70.8198 	EXP 	text: autoDraw = True
70.8364 	EXP 	text: autoDraw = True
70.8530 	EXP 	text: autoDraw = True
70.8697 	EXP 	text: autoDraw = True
70.8860 	EXP 	text: autoDraw = True
70.9032 	EXP 	text: autoDraw = True
70.9198 	EXP 	text: autoDraw = True
70.9365 	EXP 	text: autoDraw = True
70.9532 	EXP 	text: autoDraw = True
70.9698 	EXP 	text: autoDraw = True
70.9865 	EXP 	text: autoDraw = True
71.0027 	EXP 	text: autoDraw = True
71.0198 	EXP 	text: autoDraw = True
71.0364 	EXP 	text: autoDraw = True
71.0522 	EXP 	text: autoDraw = True
71.0688 	EXP 	text: autoDraw = True
71.0865 	EXP 	text: autoDraw = True
71.1033 	EXP 	text: autoDraw = True
71.1199 	EXP 	text: autoDraw = True
71.1366 	EXP 	text: autoDraw = True
71.1531 	EXP 	text: autoDraw = True
71.1698 	EXP 	text: autoDraw = True
71.1864 	EXP 	text: autoDraw = True
71.2025 	EXP 	text: autoDraw = True
71.2190 	EXP 	text: autoDraw = True
71.2364 	EXP 	text: autoDraw = True
71.2532 	EXP 	text: autoDraw = True
71.2699 	EXP 	text: autoDraw = True
71.2865 	EXP 	text: autoDraw = True
71.3026 	EXP 	text: autoDraw = True
71.3198 	EXP 	text: autoDraw = True
71.3366 	EXP 	text: autoDraw = True
71.3532 	EXP 	text: autoDraw = True
71.3699 	EXP 	text: autoDraw = True
71.3865 	EXP 	text: autoDraw = True
71.4020 	EXP 	text: autoDraw = True
71.4195 	EXP 	text: autoDraw = True
71.4363 	EXP 	text: autoDraw = True
71.4531 	EXP 	text: autoDraw = True
71.4698 	EXP 	text: autoDraw = True
71.4865 	EXP 	text: autoDraw = True
71.5022 	EXP 	text: autoDraw = True
71.5190 	EXP 	text: autoDraw = True
71.5364 	EXP 	text: autoDraw = True
71.5530 	EXP 	text: autoDraw = True
71.5698 	EXP 	text: autoDraw = True
71.5864 	EXP 	text: autoDraw = True
71.6032 	EXP 	text: autoDraw = True
71.6186 	EXP 	text: autoDraw = True
71.6366 	EXP 	text: autoDraw = True
71.6530 	EXP 	text: autoDraw = True
71.6689 	EXP 	text: autoDraw = True
71.6858 	EXP 	text: autoDraw = True
71.7030 	EXP 	text: autoDraw = True
71.7198 	EXP 	text: autoDraw = True
71.7364 	EXP 	text: autoDraw = True
71.7531 	EXP 	text: autoDraw = True
71.7698 	EXP 	text: autoDraw = True
71.7864 	EXP 	text: autoDraw = True
71.8031 	EXP 	text: autoDraw = True
71.8202 	EXP 	text: autoDraw = True
71.8354 	EXP 	text: autoDraw = True
71.8522 	EXP 	text: autoDraw = True
71.8695 	EXP 	text: autoDraw = True
71.8863 	EXP 	text: autoDraw = True
71.9032 	EXP 	text: autoDraw = True
71.9200 	EXP 	text: autoDraw = True
71.9361 	EXP 	text: autoDraw = True
71.9532 	EXP 	text: autoDraw = True
71.9694 	EXP 	text: autoDraw = True
71.9865 	EXP 	text: autoDraw = True
72.0032 	EXP 	text: autoDraw = True
72.0199 	EXP 	text: autoDraw = True
72.0365 	EXP 	text: autoDraw = True
72.0532 	EXP 	text: autoDraw = True
72.0698 	EXP 	text: autoDraw = True
72.0865 	EXP 	text: autoDraw = True
72.1032 	EXP 	text: autoDraw = True
72.1199 	EXP 	text: autoDraw = True
72.1362 	EXP 	text: autoDraw = True
72.1529 	EXP 	text: autoDraw = True
72.1698 	EXP 	text: autoDraw = True
72.1863 	EXP 	text: autoDraw = True
72.2027 	EXP 	text: autoDraw = True
72.2196 	EXP 	text: autoDraw = True
72.2365 	EXP 	text: autoDraw = True
72.2532 	EXP 	text: autoDraw = True
72.2699 	EXP 	text: autoDraw = True
72.2864 	EXP 	text: autoDraw = True
72.3033 	EXP 	text: autoDraw = True
72.3196 	EXP 	text: autoDraw = True
72.3365 	EXP 	text: autoDraw = True
72.3527 	EXP 	text: autoDraw = True
72.3696 	EXP 	text: autoDraw = True
72.3864 	EXP 	text: autoDraw = True
72.4031 	EXP 	text: autoDraw = True
72.4198 	EXP 	text: autoDraw = True
72.4364 	EXP 	text: autoDraw = True
72.4532 	EXP 	text: autoDraw = True
72.4701 	EXP 	text: autoDraw = True
72.4865 	EXP 	text: autoDraw = True
72.5028 	EXP 	text: autoDraw = True
72.5198 	EXP 	text: autoDraw = True
72.5364 	EXP 	text: autoDraw = True
72.5530 	EXP 	text: autoDraw = True
72.5697 	EXP 	text: autoDraw = True
72.5866 	EXP 	text: autoDraw = True
72.6023 	EXP 	text: autoDraw = True
72.6191 	EXP 	text: autoDraw = True
72.6353 	EXP 	text: autoDraw = True
72.6525 	EXP 	text: autoDraw = True
72.6686 	EXP 	text: autoDraw = True
72.6863 	EXP 	text: autoDraw = True
72.7031 	EXP 	text: autoDraw = True
72.7194 	EXP 	text: autoDraw = True
72.7360 	EXP 	text: autoDraw = True
72.7528 	EXP 	text: autoDraw = True
72.7698 	EXP 	text: autoDraw = True
72.7864 	EXP 	text: autoDraw = True
72.8031 	EXP 	text: autoDraw = True
72.8197 	EXP 	text: autoDraw = True
72.8364 	EXP 	text: autoDraw = True
72.8530 	EXP 	text: autoDraw = True
72.8697 	EXP 	text: autoDraw = True
72.8863 	EXP 	text: autoDraw = True
72.9032 	EXP 	text: autoDraw = True
72.9198 	EXP 	text: autoDraw = True
72.9356 	EXP 	text: autoDraw = True
72.9529 	EXP 	text: autoDraw = True
72.9698 	EXP 	text: autoDraw = True
72.9864 	EXP 	text: autoDraw = True
73.0032 	EXP 	text: autoDraw = True
73.0198 	EXP 	text: autoDraw = True
73.0364 	EXP 	text: autoDraw = True
73.0531 	EXP 	text: autoDraw = True
73.0700 	EXP 	text: autoDraw = True
73.0857 	EXP 	text: autoDraw = True
73.1021 	EXP 	text: autoDraw = True
73.1198 	EXP 	text: autoDraw = True
73.1364 	EXP 	text: autoDraw = True
73.1531 	EXP 	text: autoDraw = True
73.1687 	EXP 	text: autoDraw = True
73.1858 	EXP 	text: autoDraw = True
73.2029 	EXP 	text: autoDraw = True
73.2196 	EXP 	text: autoDraw = True
73.2365 	EXP 	text: autoDraw = True
73.2532 	EXP 	text: autoDraw = True
73.2698 	EXP 	text: autoDraw = True
73.2864 	EXP 	text: autoDraw = True
73.3033 	EXP 	text: autoDraw = True
73.3197 	EXP 	text: autoDraw = True
73.3364 	EXP 	text: autoDraw = True
73.3532 	EXP 	text: autoDraw = True
73.3682 	EXP 	text: autoDraw = True
73.3863 	EXP 	text: autoDraw = True
73.4030 	EXP 	text: autoDraw = True
73.4189 	EXP 	text: autoDraw = True
73.4355 	EXP 	text: autoDraw = True
73.4531 	EXP 	text: autoDraw = True
73.4697 	EXP 	text: autoDraw = True
73.4865 	EXP 	text: autoDraw = True
73.5031 	EXP 	text: autoDraw = True
73.5199 	EXP 	text: autoDraw = True
73.5352 	EXP 	text: autoDraw = True
73.5521 	EXP 	text: autoDraw = True
73.5697 	EXP 	text: autoDraw = True
73.5849 	EXP 	text: autoDraw = True
73.6029 	EXP 	text: autoDraw = True
73.6198 	EXP 	text: autoDraw = True
73.6364 	EXP 	text: autoDraw = True
73.6534 	EXP 	text: autoDraw = True
73.6696 	EXP 	text: autoDraw = True
73.6865 	EXP 	text: autoDraw = True
73.7031 	EXP 	text: autoDraw = True
73.7189 	EXP 	text: autoDraw = True
73.7353 	EXP 	text: autoDraw = True
73.7527 	EXP 	text: autoDraw = True
73.7699 	EXP 	text: autoDraw = True
73.7854 	EXP 	text: autoDraw = True
73.8031 	EXP 	text: autoDraw = True
73.8197 	EXP 	text: autoDraw = True
73.8364 	EXP 	text: autoDraw = True
73.8530 	EXP 	text: autoDraw = True
73.8691 	EXP 	text: autoDraw = True
73.8854 	EXP 	text: autoDraw = True
73.9026 	EXP 	text: autoDraw = True
73.9193 	EXP 	text: autoDraw = True
73.9364 	EXP 	text: autoDraw = True
73.9530 	EXP 	text: autoDraw = True
73.9697 	EXP 	text: autoDraw = True
73.9865 	EXP 	text: autoDraw = True
74.0026 	EXP 	text: autoDraw = True
74.0198 	EXP 	text: autoDraw = True
74.0366 	EXP 	text: autoDraw = True
74.0532 	EXP 	text: autoDraw = True
74.0699 	EXP 	text: autoDraw = True
74.0866 	EXP 	text: autoDraw = True
74.1029 	EXP 	text: autoDraw = True
74.1198 	EXP 	text: autoDraw = True
74.1364 	EXP 	text: autoDraw = True
74.1529 	EXP 	text: autoDraw = True
74.1696 	EXP 	text: autoDraw = True
74.1864 	EXP 	text: autoDraw = True
74.2029 	EXP 	text: autoDraw = True
74.2188 	EXP 	text: autoDraw = True
74.2357 	EXP 	text: autoDraw = True
74.2529 	EXP 	text: autoDraw = True
74.2697 	EXP 	text: autoDraw = True
74.2867 	EXP 	text: autoDraw = True
74.3025 	EXP 	text: autoDraw = True
74.3192 	EXP 	text: autoDraw = True
74.3363 	EXP 	text: autoDraw = True
74.3531 	EXP 	text: autoDraw = True
74.3692 	EXP 	text: autoDraw = True
74.3859 	EXP 	text: autoDraw = True
74.4031 	EXP 	text: autoDraw = True
74.4198 	EXP 	text: autoDraw = True
74.4361 	EXP 	text: autoDraw = True
74.4531 	EXP 	text: autoDraw = True
74.4697 	EXP 	text: autoDraw = True
74.4865 	EXP 	text: autoDraw = True
74.5031 	EXP 	text: autoDraw = True
74.5197 	EXP 	text: autoDraw = True
74.5364 	EXP 	text: autoDraw = True
74.5531 	EXP 	text: autoDraw = True
74.5697 	EXP 	text: autoDraw = True
74.5864 	EXP 	text: autoDraw = True
74.6030 	EXP 	text: autoDraw = True
74.6196 	EXP 	text: autoDraw = True
74.6364 	EXP 	text: autoDraw = True
74.6527 	EXP 	text: autoDraw = True
74.6689 	EXP 	text: autoDraw = True
74.6849 	EXP 	text: autoDraw = True
74.7029 	EXP 	text: autoDraw = True
74.7197 	EXP 	text: autoDraw = True
74.7364 	EXP 	text: autoDraw = True
74.7530 	EXP 	text: autoDraw = True
74.7691 	EXP 	text: autoDraw = True
74.7859 	EXP 	text: autoDraw = True
74.8029 	EXP 	text: autoDraw = True
74.8198 	EXP 	text: autoDraw = True
74.8357 	EXP 	text: autoDraw = True
74.8553 	EXP 	text: autoDraw = True
74.8698 	EXP 	text: autoDraw = True
74.8864 	EXP 	text: autoDraw = True
74.9031 	EXP 	text: autoDraw = True
74.9197 	EXP 	text: autoDraw = True
74.9368 	EXP 	text: autoDraw = True
74.9528 	EXP 	text: autoDraw = True
74.9694 	EXP 	text: autoDraw = True
74.9865 	EXP 	text: autoDraw = True
75.0031 	EXP 	text: autoDraw = True
75.0198 	EXP 	text: autoDraw = True
75.0367 	EXP 	text: autoDraw = True
75.0529 	EXP 	text: autoDraw = True
75.0698 	EXP 	text: autoDraw = True
75.0865 	EXP 	text: autoDraw = True
75.1022 	EXP 	text: autoDraw = True
75.1187 	EXP 	text: autoDraw = True
75.1355 	EXP 	text: autoDraw = True
75.1531 	EXP 	text: autoDraw = True
75.1698 	EXP 	text: autoDraw = True
75.1864 	EXP 	text: autoDraw = True
75.2035 	EXP 	text: autoDraw = True
75.2195 	EXP 	text: autoDraw = True
75.2364 	EXP 	text: autoDraw = True
75.2530 	EXP 	text: autoDraw = True
75.2696 	EXP 	text: autoDraw = True
75.2864 	EXP 	text: autoDraw = True
75.3026 	EXP 	text: autoDraw = True
75.3196 	EXP 	text: autoDraw = True
75.3364 	EXP 	text: autoDraw = True
75.3528 	EXP 	text: autoDraw = True
75.3698 	EXP 	text: autoDraw = True
75.3864 	EXP 	text: autoDraw = True
75.4030 	EXP 	text: autoDraw = True
75.4198 	EXP 	text: autoDraw = True
75.4364 	EXP 	text: autoDraw = True
75.4531 	EXP 	text: autoDraw = True
75.4697 	EXP 	text: autoDraw = True
75.4861 	EXP 	text: autoDraw = True
75.5031 	EXP 	text: autoDraw = True
75.5197 	EXP 	text: autoDraw = True
75.5352 	EXP 	text: autoDraw = True
75.5531 	EXP 	text: autoDraw = True
75.5697 	EXP 	text: autoDraw = True
75.5864 	EXP 	text: autoDraw = True
75.6022 	EXP 	text: autoDraw = True
75.6189 	EXP 	text: autoDraw = True
75.6364 	EXP 	text: autoDraw = True
75.6531 	EXP 	text: autoDraw = True
75.6695 	EXP 	text: autoDraw = True
75.6865 	EXP 	text: autoDraw = True
75.7032 	EXP 	text: autoDraw = True
75.7198 	EXP 	text: autoDraw = True
75.7364 	EXP 	text: autoDraw = True
75.7530 	EXP 	text: autoDraw = True
75.7697 	EXP 	text: autoDraw = True
75.7863 	EXP 	text: autoDraw = True
75.8030 	EXP 	text: autoDraw = True
75.8192 	EXP 	text: autoDraw = True
75.8353 	EXP 	text: autoDraw = True
75.8531 	EXP 	text: autoDraw = True
75.8698 	EXP 	text: autoDraw = True
75.8856 	EXP 	text: autoDraw = True
75.9023 	EXP 	text: autoDraw = True
75.9186 	EXP 	text: autoDraw = True
75.9360 	EXP 	text: autoDraw = True
75.9530 	EXP 	text: autoDraw = True
75.9697 	EXP 	text: autoDraw = True
75.9863 	EXP 	text: autoDraw = True
76.0031 	EXP 	text: autoDraw = True
76.0198 	EXP 	text: autoDraw = True
76.0362 	EXP 	text: autoDraw = True
76.0526 	EXP 	text: autoDraw = True
76.0695 	EXP 	text: autoDraw = True
76.0863 	EXP 	text: autoDraw = True
76.1030 	EXP 	text: autoDraw = True
76.1186 	EXP 	text: autoDraw = True
76.1364 	EXP 	text: autoDraw = True
76.1532 	EXP 	text: autoDraw = True
76.1691 	EXP 	text: autoDraw = True
76.1736 	DATA 	Keypress: s
76.1856 	EXP 	text: autoDraw = False
90.0174 	EXP 	text: autoDraw = True
92.0782 	EXP 	text: autoDraw = True
92.9397 	DATA 	Keypress: s
94.1201 	EXP 	text: autoDraw = False
112.5077 	EXP 	text: autoDraw = True
113.5579 	DATA 	Keypress: escape
114.3825 	DATA 	Keypress: escape
114.5799 	EXP 	text: autoDraw = False
114.9353 	EXP 	window1: mouseVisible = True
