23.2028 	INFO 	Successfully set darwin thread to realtime
24.2223 	INFO 	#[ PsychoPy3 RuntimeInfoStart ]
  #[[ PsychoPy ]] #---------
    psychopyVersion: 3.0.3
    psychopyHaveExtRush: True
  #[[ Experiment ]] #---------
    experimentRunTime: 2019_03_04 12:37 (Year_Month_Day Hour:Min)
    experimentRunTime.epoch: 1551721036
    experimentScript: RSVP_visual_now.py
    experimentScript.digestSHA1: 53cd186305f074655eb5ea77a613e90e9822f063
    experimentScript.directory: /Users/vsg/Documents/GitHub/spatio_temporal_information_processing/RSVP_visual_now
  #[[ System ]] #---------
    systemHaveInternetAccess: True
    systemHostName: VSG-lab1.local
    systemLocale: C
    systemMemFreeRAM: 1691.7265625
    systemMemTotalRAM: 4096.0
    systemPlatform: darwin 10.10.5 x86_64
    systemRavailable: R version 3.2.3 (2015-12-10) -- Wooden Christmas-Tree
    systemRebooted: Mar 4 09:06
    systemSec.OpenSSLVersion: OpenSSL 0.9.8zg 14 July 2015
    systemSec.pythonSSL: True
    systemTimeNumpySD1000000_sec: 0.0126
    systemUser: vsg
    systemUserID: 502
    systemUserProcCount: 84
    systemUserProcFlagged: mdworker Safari
    systemUsersCount: 1
  #[[ Window ]] #---------
    windowWinType: pyglet
    windowUnits: deg
    windowSize_pix: [1920 1200]
    windowScreen: 0
    windowRgb: [-0.7 -0.7 -0.7]
    windowRefreshTimeSD_ms: 0.029
    windowRefreshTimeMedian_ms: 16.704
    windowRefreshTimeAvg_ms: 16.703
    windowPos_pix: [0, 0]
    windowMonitor.name: testmonitor
    windowMonitor.getWidth_cm: 52.0
    windowMonitor.getDistance_cm: 65.0
    windowMonitor.currentCalibName: 2019_02_04 12:46
    windowIsFullScr: True
  #[[ Python ]] #---------
    pythonVersion: 2.7.13
  #[[ OpenGL ]] #---------
#[ PsychoPy3 RuntimeInfoEnd ]

24.2442 	WARNING 	Could not load the desired click sound file, instead using manually created inferior click
24.6541 	EXP 	Created sequence: random, trialTypes=280, nReps=14, seed=None
25.7584 	INFO 	total SOA (ISI + letterDur)=100.0 or 6 frames, comprising
ISIframes =3 or 50.0 ms and letterDurFrames =3 or 50.0ms
cueDurFrames =3.0 or 50.0 ms

25.7585 	INFO 	numtrials=280 and each trialDurFrames=156 or 2600.0 ms  task=T1
26.8124 	EXP 	Created text = TextStim(alignHoriz='center', alignVert='center', antialias=True, autoLog=True, bold=False, color=array([ 1.,  1.,  1.]), colorSpace='rgb', contrast=1.0, depth=-1.0, flipHoriz=False, flipVert=False, font='Arial', fontFiles=[], height=0.5, italic=False, languageStyle='LTR', name='text', opacity=1.0, ori=0, pos=array([ 0.,  0.]), rgb=array([ 1.,  1.,  1.]), text='', units='deg', win=Window(...), wrapWidth=30)
27.6804 	EXP 	text: text = "Welcome! Thank you for agreeing to participate in this study.\n\nYou will be presented with a Rapid Stream of letters. Your task is to identify one of the letters.\n\nThe letter you're supposed to identify is accompanied by a probe that can appear anywhere on the horizontal axis of the screen.\n\nThe probe is a circular disk that will be flashed for a very brief time.\n\nThis probe is embedded in another Rapid Stream of letters.\n\nYour task is identify the foveal letter that was present when the probe appeared.\n\nOnce you've identified the letter after the trial ends, type it out on the keyboard.\n\nOh! And one more thing! You will perform this task while fixating in the center, and detecting the probe with your peripheral vision.\n\nIf you're feeling uncomfortable, you can press ESC key any time to stop the experiment.\n\nPress any key when you are ready to begin the experiment.\n\n"
27.6804 	EXP 	text: autoDraw = True
247.2968 	DATA 	Keypress: space
247.2978 	EXP 	text: autoDraw = False
247.2981 	INFO 	Experiment will have 280 trials. Letters will be drawn with superposed noise of0.00%
247.2981 	INFO 	Starting main (non-staircase) part of experiment
250.9938 	EXP 	window1: recordFrameIntervals = False
253.1169 	DATA 	Keypress: c
256.9923 	EXP 	window1: recordFrameIntervals = False
257.3779 	DATA 	Keypress: p
261.0383 	DATA 	Keypress: g
261.4857 	EXP 	window1: recordFrameIntervals = False
263.8758 	DATA 	Keypress: g
267.8833 	EXP 	window1: recordFrameIntervals = False
267.9350 	DATA 	Keypress: e
272.0593 	EXP 	window1: recordFrameIntervals = False
272.1778 	DATA 	Keypress: a
276.2553 	DATA 	Keypress: s
276.4191 	EXP 	window1: recordFrameIntervals = False
277.4229 	DATA 	Keypress: s
281.5472 	EXP 	window1: recordFrameIntervals = False
282.8852 	DATA 	Keypress: k
286.7087 	EXP 	window1: recordFrameIntervals = False
287.8627 	DATA 	Keypress: u
292.1192 	EXP 	window1: recordFrameIntervals = False
292.6052 	DATA 	Keypress: k
296.1983 	DATA 	Keypress: t
296.7796 	EXP 	window1: recordFrameIntervals = False
297.3992 	DATA 	Keypress: t
301.3415 	EXP 	window1: recordFrameIntervals = False
301.4433 	DATA 	Keypress: k
305.5844 	EXP 	window1: recordFrameIntervals = False
306.5046 	DATA 	Keypress: g
310.7793 	EXP 	window1: recordFrameIntervals = False
311.5493 	DATA 	Keypress: t
315.4564 	EXP 	window1: recordFrameIntervals = False
315.9758 	DATA 	Keypress: j
319.8997 	EXP 	window1: recordFrameIntervals = False
320.4191 	DATA 	Keypress: x
324.3764 	EXP 	window1: recordFrameIntervals = False
324.3769 	ERROR 	trialnum=15 ERROR,1 frames were longer than 20.8 ms apparently screen refreshes skipped, interframe durs were:[ 121.1] and was these frames: [125]
324.3772 	INFO 	flankers also=[  16.7  121.1    2.6]
325.1296 	DATA 	Keypress: u
328.9700 	EXP 	window1: recordFrameIntervals = False
329.6063 	DATA 	Keypress: s
333.4467 	EXP 	window1: recordFrameIntervals = False
334.4514 	DATA 	Keypress: r
338.6400 	EXP 	window1: recordFrameIntervals = False
339.7106 	DATA 	Keypress: k
343.6346 	EXP 	window1: recordFrameIntervals = False
344.2724 	DATA 	Keypress: w
348.1797 	EXP 	window1: recordFrameIntervals = False
348.6654 	DATA 	Keypress: t
352.5060 	EXP 	window1: recordFrameIntervals = False
353.0253 	DATA 	Keypress: m
357.2333 	EXP 	window1: recordFrameIntervals = False
357.7025 	DATA 	Keypress: s
361.6933 	EXP 	window1: recordFrameIntervals = False
362.1959 	DATA 	Keypress: w
366.3537 	EXP 	window1: recordFrameIntervals = False
366.9565 	DATA 	Keypress: d
371.0976 	EXP 	window1: recordFrameIntervals = False
371.6169 	DATA 	Keypress: p
375.4407 	EXP 	window1: recordFrameIntervals = False
376.3776 	DATA 	Keypress: p
380.3000 	EXP 	window1: recordFrameIntervals = False
380.8193 	DATA 	Keypress: t
385.0606 	EXP 	window1: recordFrameIntervals = False
386.7175 	DATA 	Keypress: z
390.9754 	EXP 	window1: recordFrameIntervals = False
391.9626 	DATA 	Keypress: u
395.8698 	EXP 	window1: recordFrameIntervals = False
397.0073 	DATA 	Keypress: m
401.0313 	EXP 	window1: recordFrameIntervals = False
402.4192 	DATA 	Keypress: w
406.3098 	EXP 	window1: recordFrameIntervals = False
406.7124 	DATA 	Keypress: y
410.5527 	EXP 	window1: recordFrameIntervals = False
410.9884 	DATA 	Keypress: k
415.0795 	EXP 	window1: recordFrameIntervals = False
415.4819 	DATA 	Keypress: p
419.3206 	EXP 	window1: recordFrameIntervals = False
419.8233 	DATA 	Keypress: f
423.8474 	EXP 	window1: recordFrameIntervals = False
424.5337 	DATA 	Keypress: e
428.3425 	EXP 	window1: recordFrameIntervals = False
429.1291 	DATA 	Keypress: j
433.2200 	EXP 	window1: recordFrameIntervals = False
434.3575 	DATA 	Keypress: s
438.2313 	EXP 	window1: recordFrameIntervals = False
439.0345 	DATA 	Keypress: e
443.1589 	EXP 	window1: recordFrameIntervals = False
443.5780 	DATA 	Keypress: f
447.7359 	EXP 	window1: recordFrameIntervals = False
447.8543 	DATA 	Keypress: i
451.7114 	EXP 	window1: recordFrameIntervals = False
452.1472 	DATA 	Keypress: t
456.2216 	EXP 	window1: recordFrameIntervals = False
457.1418 	DATA 	Keypress: j
461.0641 	EXP 	window1: recordFrameIntervals = False
461.6000 	DATA 	Keypress: d
465.8080 	EXP 	window1: recordFrameIntervals = False
466.4621 	DATA 	Keypress: p
470.3365 	EXP 	window1: recordFrameIntervals = False
470.7556 	DATA 	Keypress: y
474.6962 	EXP 	window1: recordFrameIntervals = False
475.6331 	DATA 	Keypress: a
479.6573 	EXP 	window1: recordFrameIntervals = False
480.1099 	DATA 	Keypress: m
484.3010 	EXP 	window1: recordFrameIntervals = False
484.7369 	DATA 	Keypress: d
489.0116 	EXP 	window1: recordFrameIntervals = False
490.5007 	DATA 	Keypress: t
494.6910 	EXP 	window1: recordFrameIntervals = False
495.1602 	DATA 	Keypress: v
498.9672 	EXP 	window1: recordFrameIntervals = False
499.5200 	DATA 	Keypress: b
503.6611 	EXP 	window1: recordFrameIntervals = False
504.6147 	DATA 	Keypress: j
508.8544 	EXP 	window1: recordFrameIntervals = False
509.4237 	DATA 	Keypress: a
513.2643 	EXP 	window1: recordFrameIntervals = False
514.4702 	DATA 	Keypress: s
518.4609 	EXP 	window1: recordFrameIntervals = False
518.9801 	DATA 	Keypress: a
522.9041 	EXP 	window1: recordFrameIntervals = False
523.9746 	DATA 	Keypress: f
528.0323 	EXP 	window1: recordFrameIntervals = False
528.4513 	DATA 	Keypress: t
532.7261 	EXP 	window1: recordFrameIntervals = False
533.9973 	DATA 	Keypress: k
537.8710 	EXP 	window1: recordFrameIntervals = False
539.2756 	DATA 	Keypress: j
543.5003 	EXP 	window1: recordFrameIntervals = False
544.5374 	DATA 	Keypress: m
548.4429 	EXP 	window1: recordFrameIntervals = False
548.4433 	ERROR 	trialnum=62 ERROR,1 frames were longer than 20.8 ms apparently screen refreshes skipped, interframe durs were:[ 25.7] and was these frames: [5]
548.4436 	INFO 	flankers also=[ 17.   25.7  15.9]
548.9289 	DATA 	Keypress: a
552.9698 	EXP 	window1: recordFrameIntervals = False
553.4732 	DATA 	Keypress: k
557.6319 	EXP 	window1: recordFrameIntervals = False
557.6323 	ERROR 	trialnum=64 ERROR,1 frames were longer than 20.8 ms apparently screen refreshes skipped, interframe durs were:[ 137.8] and was these frames: [149]
557.6326 	INFO 	flankers also=[  16.7  137.8    2.7]
558.4685 	DATA 	Keypress: p
562.4927 	EXP 	window1: recordFrameIntervals = False
563.1124 	DATA 	Keypress: i
567.1700 	EXP 	window1: recordFrameIntervals = False
568.1903 	DATA 	Keypress: a
572.0976 	EXP 	window1: recordFrameIntervals = False
572.6002 	DATA 	Keypress: v
576.4407 	EXP 	window1: recordFrameIntervals = False
576.7930 	DATA 	Keypress: j
580.9341 	EXP 	window1: recordFrameIntervals = False
582.3722 	DATA 	Keypress: i
589.5922 	DATA 	Keypress: space
593.5606 	EXP 	window1: recordFrameIntervals = False
594.7148 	DATA 	Keypress: s
598.5552 	EXP 	window1: recordFrameIntervals = False
599.3768 	DATA 	Keypress: h
603.3008 	EXP 	window1: recordFrameIntervals = False
603.7199 	DATA 	Keypress: w
607.7775 	EXP 	window1: recordFrameIntervals = False
609.0151 	DATA 	Keypress: x
613.0392 	EXP 	window1: recordFrameIntervals = False
613.8927 	DATA 	Keypress: q
617.9837 	EXP 	window1: recordFrameIntervals = False
618.4194 	DATA 	Keypress: t
622.3601 	EXP 	window1: recordFrameIntervals = False
623.5810 	DATA 	Keypress: s
627.7223 	EXP 	window1: recordFrameIntervals = False
628.1247 	DATA 	Keypress: k
632.0485 	EXP 	window1: recordFrameIntervals = False
632.3507 	DATA 	Keypress: b
636.5904 	EXP 	window1: recordFrameIntervals = False
637.5439 	DATA 	Keypress: w
641.5514 	EXP 	window1: recordFrameIntervals = False
642.2895 	DATA 	Keypress: a
646.1968 	EXP 	window1: recordFrameIntervals = False
647.1004 	DATA 	Keypress: y
651.0243 	EXP 	window1: recordFrameIntervals = False
652.6126 	DATA 	Keypress: u
656.7705 	EXP 	window1: recordFrameIntervals = False
657.7575 	DATA 	Keypress: g
661.9821 	EXP 	window1: recordFrameIntervals = False
662.7520 	DATA 	Keypress: n
666.6760 	EXP 	window1: recordFrameIntervals = False
667.0618 	DATA 	Keypress: y
671.0357 	EXP 	window1: recordFrameIntervals = False
672.8244 	DATA 	Keypress: w
676.7970 	EXP 	window1: recordFrameIntervals = False
677.8341 	DATA 	Keypress: t
681.7581 	EXP 	window1: recordFrameIntervals = False
683.1142 	DATA 	Keypress: o
687.2888 	EXP 	window1: recordFrameIntervals = False
689.0945 	DATA 	Keypress: b
693.2855 	EXP 	window1: recordFrameIntervals = False
693.9720 	DATA 	Keypress: i
697.8792 	EXP 	window1: recordFrameIntervals = False
698.9832 	DATA 	Keypress: s
703.0742 	EXP 	window1: recordFrameIntervals = False
703.5600 	DATA 	Keypress: f
707.6177 	EXP 	window1: recordFrameIntervals = False
708.3206 	DATA 	Keypress: p
712.3950 	EXP 	window1: recordFrameIntervals = False
712.8642 	DATA 	Keypress: y
716.7865 	EXP 	window1: recordFrameIntervals = False
717.9239 	DATA 	Keypress: v
721.9982 	EXP 	window1: recordFrameIntervals = False
722.4339 	DATA 	Keypress: d
726.2259 	EXP 	window1: recordFrameIntervals = False
726.5783 	DATA 	Keypress: s
730.5022 	EXP 	window1: recordFrameIntervals = False
730.8712 	DATA 	Keypress: y
734.9789 	EXP 	window1: recordFrameIntervals = False
735.5984 	DATA 	Keypress: n
739.8398 	EXP 	window1: recordFrameIntervals = False
740.3090 	DATA 	Keypress: u
744.0029 	DATA 	Keypress: s
744.5169 	EXP 	window1: recordFrameIntervals = False
744.9695 	DATA 	Keypress: s
749.0974 	DATA 	Keypress: j
749.1439 	EXP 	window1: recordFrameIntervals = False
750.7824 	DATA 	Keypress: j
754.7231 	EXP 	window1: recordFrameIntervals = False
755.4594 	DATA 	Keypress: t
759.5824 	EXP 	window1: recordFrameIntervals = False
760.6530 	DATA 	Keypress: x
764.6603 	EXP 	window1: recordFrameIntervals = False
764.8957 	DATA 	Keypress: a
768.4575 	DATA 	Keypress: n
768.8881 	EXP 	window1: recordFrameIntervals = False
769.2904 	DATA 	Keypress: n
773.2312 	EXP 	window1: recordFrameIntervals = False
773.6838 	DATA 	Keypress: s
777.6077 	EXP 	window1: recordFrameIntervals = False
778.2941 	DATA 	Keypress: s
782.4518 	EXP 	window1: recordFrameIntervals = False
782.9379 	DATA 	Keypress: z
786.8450 	EXP 	window1: recordFrameIntervals = False
787.6149 	DATA 	Keypress: y
791.6057 	EXP 	window1: recordFrameIntervals = False
792.5602 	DATA 	Keypress: u
796.4665 	EXP 	window1: recordFrameIntervals = False
797.0360 	DATA 	Keypress: c
801.0752 	EXP 	window1: recordFrameIntervals = False
801.0756 	ERROR 	trialnum=113 ERROR,1 frames were longer than 20.8 ms apparently screen refreshes skipped, interframe durs were:[ 141.7] and was these frames: [149]
801.0759 	INFO 	flankers also=[  16.7  141.7    2.5]
802.1290 	DATA 	Keypress: n
806.3202 	EXP 	window1: recordFrameIntervals = False
806.6393 	DATA 	Keypress: t
810.0505 	DATA 	Keypress: s
810.6817 	EXP 	window1: recordFrameIntervals = False
811.3182 	DATA 	Keypress: s
815.2921 	EXP 	window1: recordFrameIntervals = False
815.7113 	DATA 	Keypress: n
819.8188 	EXP 	window1: recordFrameIntervals = False
820.3549 	DATA 	Keypress: r
824.5627 	EXP 	window1: recordFrameIntervals = False
825.0320 	DATA 	Keypress: n
829.0228 	EXP 	window1: recordFrameIntervals = False
830.8283 	DATA 	Keypress: c
834.8525 	EXP 	window1: recordFrameIntervals = False
835.3049 	DATA 	Keypress: n
839.3793 	EXP 	window1: recordFrameIntervals = False
840.3161 	DATA 	Keypress: l
844.1717 	EXP 	window1: recordFrameIntervals = False
844.5574 	DATA 	Keypress: k
848.4479 	EXP 	window1: recordFrameIntervals = False
848.9839 	DATA 	Keypress: r
853.0600 	EXP 	window1: recordFrameIntervals = False
853.5293 	DATA 	Keypress: j
857.4030 	EXP 	window1: recordFrameIntervals = False
857.9222 	DATA 	Keypress: r
861.9798 	EXP 	window1: recordFrameIntervals = False
862.4658 	DATA 	Keypress: x
866.7406 	EXP 	window1: recordFrameIntervals = False
867.2933 	DATA 	Keypress: k
871.4344 	EXP 	window1: recordFrameIntervals = False
872.2879 	DATA 	Keypress: k
876.3286 	EXP 	window1: recordFrameIntervals = False
876.7311 	DATA 	Keypress: p
880.9223 	EXP 	window1: recordFrameIntervals = False
882.1265 	DATA 	Keypress: z
886.3344 	EXP 	window1: recordFrameIntervals = False
886.8369 	DATA 	Keypress: a
890.7927 	EXP 	window1: recordFrameIntervals = False
891.0115 	DATA 	Keypress: p
895.1691 	EXP 	window1: recordFrameIntervals = False
895.7052 	DATA 	Keypress: n
899.8313 	EXP 	window1: recordFrameIntervals = False
900.3005 	DATA 	Keypress: v
904.5251 	EXP 	window1: recordFrameIntervals = False
905.2617 	DATA 	Keypress: v
909.1688 	EXP 	window1: recordFrameIntervals = False
909.8553 	DATA 	Keypress: s
913.4151 	DATA 	Keypress: t
913.6789 	EXP 	window1: recordFrameIntervals = False
913.9309 	DATA 	Keypress: t
917.9720 	EXP 	window1: recordFrameIntervals = False
919.1594 	DATA 	Keypress: f
923.3172 	EXP 	window1: recordFrameIntervals = False
923.7362 	DATA 	Keypress: u
926.0822 	DATA 	Keypress: space
930.1809 	EXP 	window1: recordFrameIntervals = False
930.8176 	DATA 	Keypress: j
934.8113 	DATA 	Keypress: a
934.9249 	EXP 	window1: recordFrameIntervals = False
935.3438 	DATA 	Keypress: a
939.4868 	EXP 	window1: recordFrameIntervals = False
939.6219 	DATA 	Keypress: k
940.1432 	DATA 	Keypress: k
943.6126 	EXP 	window1: recordFrameIntervals = False
943.8312 	DATA 	Keypress: u
947.7385 	EXP 	window1: recordFrameIntervals = False
948.0073 	DATA 	Keypress: t
951.7221 	DATA 	Keypress: t
952.1150 	EXP 	window1: recordFrameIntervals = False
952.6174 	DATA 	Keypress: t
956.6418 	EXP 	window1: recordFrameIntervals = False
957.1109 	DATA 	Keypress: d
960.9682 	EXP 	window1: recordFrameIntervals = False
961.8048 	DATA 	Keypress: a
965.8457 	EXP 	window1: recordFrameIntervals = False
965.9308 	DATA 	Keypress: k
969.8029 	EXP 	window1: recordFrameIntervals = False
969.8033 	ERROR 	trialnum=149 ERROR,1 frames were longer than 20.8 ms apparently screen refreshes skipped, interframe durs were:[ 25.7] and was these frames: [7]
969.8036 	INFO 	flankers also=[ 16.6  25.7  16.3]
970.3389 	DATA 	Keypress: m
974.5803 	EXP 	window1: recordFrameIntervals = False
974.9995 	DATA 	Keypress: j
979.0085 	EXP 	window1: recordFrameIntervals = False
979.0090 	ERROR 	trialnum=151 ERROR,1 frames were longer than 20.8 ms apparently screen refreshes skipped, interframe durs were:[ 21.] and was these frames: [1]
979.0093 	INFO 	flankers also=[ 16.7  21.   14.1]
980.0791 	DATA 	Keypress: x
983.9863 	EXP 	window1: recordFrameIntervals = False
985.0403 	DATA 	Keypress: j
989.0143 	EXP 	window1: recordFrameIntervals = False
989.5002 	DATA 	Keypress: i
993.3573 	EXP 	window1: recordFrameIntervals = False
993.8097 	DATA 	Keypress: a
997.7839 	EXP 	window1: recordFrameIntervals = False
998.2875 	DATA 	Keypress: z
1002.3608 	EXP 	window1: recordFrameIntervals = False
1002.7464 	DATA 	Keypress: p
1006.8375 	EXP 	window1: recordFrameIntervals = False
1008.0583 	DATA 	Keypress: e
1012.0642 	EXP 	window1: recordFrameIntervals = False
1013.0347 	DATA 	Keypress: y
1017.1757 	EXP 	window1: recordFrameIntervals = False
1017.6783 	DATA 	Keypress: k
1021.9214 	EXP 	window1: recordFrameIntervals = False
1021.9732 	DATA 	Keypress: f
1026.0806 	EXP 	window1: recordFrameIntervals = False
1027.7024 	DATA 	Keypress: f
1031.8936 	EXP 	window1: recordFrameIntervals = False
1032.6468 	DATA 	Keypress: a
1036.6208 	EXP 	window1: recordFrameIntervals = False
1037.4076 	DATA 	Keypress: b
1041.4484 	EXP 	window1: recordFrameIntervals = False
1042.2516 	DATA 	Keypress: w
1046.3091 	EXP 	window1: recordFrameIntervals = False
1046.9956 	DATA 	Keypress: y
1050.7858 	EXP 	window1: recordFrameIntervals = False
1051.6394 	DATA 	Keypress: x
1055.4446 	EXP 	window1: recordFrameIntervals = False
1055.4450 	ERROR 	trialnum=167 ERROR,1 frames were longer than 20.8 ms apparently screen refreshes skipped, interframe durs were:[ 41.4] and was these frames: [3]
1055.4453 	INFO 	flankers also=[ 16.8  41.4   2.2]
1055.9472 	DATA 	Keypress: a
1060.0717 	EXP 	window1: recordFrameIntervals = False
1060.5909 	DATA 	Keypress: f
1064.7003 	EXP 	window1: recordFrameIntervals = False
1065.0527 	DATA 	Keypress: k
1069.0768 	EXP 	window1: recordFrameIntervals = False
1069.2454 	DATA 	Keypress: s
1073.3196 	EXP 	window1: recordFrameIntervals = False
1073.7054 	DATA 	Keypress: e
1077.6627 	EXP 	window1: recordFrameIntervals = False
1078.0484 	DATA 	Keypress: e
1082.2731 	EXP 	window1: recordFrameIntervals = False
1082.8592 	DATA 	Keypress: x
1086.7832 	EXP 	window1: recordFrameIntervals = False
1088.0208 	DATA 	Keypress: k
1091.8312 	DATA 	Keypress: y
1091.8611 	EXP 	window1: recordFrameIntervals = False
1092.3304 	DATA 	Keypress: y
1096.5533 	EXP 	window1: recordFrameIntervals = False
1096.9892 	DATA 	Keypress: m
1101.2639 	EXP 	window1: recordFrameIntervals = False
1102.3846 	DATA 	Keypress: s
1106.3937 	EXP 	window1: recordFrameIntervals = False
1107.6312 	DATA 	Keypress: p
1111.2078 	DATA 	Keypress: f
1111.6889 	EXP 	window1: recordFrameIntervals = False
1111.8239 	DATA 	Keypress: f
1115.7146 	EXP 	window1: recordFrameIntervals = False
1116.2173 	DATA 	Keypress: v
1120.1912 	EXP 	window1: recordFrameIntervals = False
1120.7106 	DATA 	Keypress: c
1124.6011 	EXP 	window1: recordFrameIntervals = False
1125.7229 	DATA 	Keypress: k
1129.9464 	EXP 	window1: recordFrameIntervals = False
1131.1841 	DATA 	Keypress: s
1135.0947 	DATA 	Keypress: j
1135.1247 	EXP 	window1: recordFrameIntervals = False
1135.6272 	DATA 	Keypress: j
1139.9003 	EXP 	window1: recordFrameIntervals = False
1140.3862 	DATA 	Keypress: m
1144.5441 	EXP 	window1: recordFrameIntervals = False
1145.6332 	DATA 	Keypress: j
1149.5403 	EXP 	window1: recordFrameIntervals = False
1150.1776 	DATA 	Keypress: p
1154.4513 	EXP 	window1: recordFrameIntervals = False
1155.1210 	DATA 	Keypress: r
1159.2787 	EXP 	window1: recordFrameIntervals = False
1162.4885 	DATA 	Keypress: h
1166.6954 	EXP 	window1: recordFrameIntervals = False
1167.4328 	DATA 	Keypress: f
1171.5229 	EXP 	window1: recordFrameIntervals = False
1172.3762 	DATA 	Keypress: u
1176.4004 	EXP 	window1: recordFrameIntervals = False
1177.4542 	DATA 	Keypress: m
1181.7107 	EXP 	window1: recordFrameIntervals = False
1182.4304 	DATA 	Keypress: w
1186.2375 	EXP 	window1: recordFrameIntervals = False
1186.4895 	DATA 	Keypress: r
1190.5153 	EXP 	window1: recordFrameIntervals = False
1191.1016 	DATA 	Keypress: m
1194.9954 	DATA 	Keypress: a
1195.1758 	EXP 	window1: recordFrameIntervals = False
1195.6792 	DATA 	Keypress: a
1199.7694 	EXP 	window1: recordFrameIntervals = False
1200.3890 	DATA 	Keypress: s
1204.4633 	EXP 	window1: recordFrameIntervals = False
1204.7320 	DATA 	Keypress: e
1208.5557 	EXP 	window1: recordFrameIntervals = False
1211.2132 	DATA 	Keypress: w
1215.0704 	EXP 	window1: recordFrameIntervals = False
1215.5063 	DATA 	Keypress: v
1219.4969 	EXP 	window1: recordFrameIntervals = False
1219.8993 	DATA 	Keypress: e
1223.9218 	EXP 	window1: recordFrameIntervals = False
1224.8421 	DATA 	Keypress: r
1229.0667 	EXP 	window1: recordFrameIntervals = False
1229.7864 	DATA 	Keypress: t
1233.9626 	EXP 	window1: recordFrameIntervals = False
1234.3983 	DATA 	Keypress: m
1238.4226 	EXP 	window1: recordFrameIntervals = False
1239.2938 	DATA 	Keypress: r
1243.4839 	EXP 	window1: recordFrameIntervals = False
1244.0702 	DATA 	Keypress: q
1248.1945 	EXP 	window1: recordFrameIntervals = False
1248.5634 	DATA 	Keypress: e
1252.6878 	EXP 	window1: recordFrameIntervals = False
1253.7584 	DATA 	Keypress: f
1257.9831 	EXP 	window1: recordFrameIntervals = False
1259.0538 	DATA 	Keypress: e
1261.5405 	DATA 	Keypress: n
1264.1483 	DATA 	Keypress: space
1268.0707 	EXP 	window1: recordFrameIntervals = False
1268.4063 	DATA 	Keypress: m
1272.4638 	EXP 	window1: recordFrameIntervals = False
1273.1502 	DATA 	Keypress: t
1277.3097 	EXP 	window1: recordFrameIntervals = False
1277.3100 	ERROR 	trialnum=212 ERROR,1 frames were longer than 20.8 ms apparently screen refreshes skipped, interframe durs were:[ 141.7] and was these frames: [11]
1277.3103 	INFO 	flankers also=[  16.7  141.7    2.5]
1278.3468 	DATA 	Keypress: i
1282.4045 	EXP 	window1: recordFrameIntervals = False
1282.6733 	DATA 	Keypress: s
1286.9145 	EXP 	window1: recordFrameIntervals = False
1287.6008 	DATA 	Keypress: a
1291.5283 	DATA 	Keypress: u
1291.7086 	EXP 	window1: recordFrameIntervals = False
1292.1610 	DATA 	Keypress: u
1296.3690 	EXP 	window1: recordFrameIntervals = False
1297.1233 	DATA 	Keypress: k
1301.0461 	EXP 	window1: recordFrameIntervals = False
1301.8327 	DATA 	Keypress: k
1305.9906 	EXP 	window1: recordFrameIntervals = False
1306.4431 	DATA 	Keypress: m
1310.4489 	EXP 	window1: recordFrameIntervals = False
1312.0039 	DATA 	Keypress: b
1316.0114 	EXP 	window1: recordFrameIntervals = False
1316.3803 	DATA 	Keypress: j
1320.1890 	EXP 	window1: recordFrameIntervals = False
1320.2074 	DATA 	Keypress: p
1324.0476 	EXP 	window1: recordFrameIntervals = False
1324.8018 	DATA 	Keypress: i
1328.7248 	EXP 	window1: recordFrameIntervals = False
1329.1773 	DATA 	Keypress: y
1333.1513 	EXP 	window1: recordFrameIntervals = False
1333.9546 	DATA 	Keypress: w
1338.2294 	EXP 	window1: recordFrameIntervals = False
1339.2498 	DATA 	Keypress: w
1343.1738 	EXP 	window1: recordFrameIntervals = False
1344.0774 	DATA 	Keypress: k
1348.3186 	EXP 	window1: recordFrameIntervals = False
1349.5228 	DATA 	Keypress: s
1353.5453 	EXP 	window1: recordFrameIntervals = False
1354.3654 	DATA 	Keypress: o
1358.6234 	EXP 	window1: recordFrameIntervals = False
1359.1604 	DATA 	Keypress: m
1363.2353 	EXP 	window1: recordFrameIntervals = False
1364.3226 	DATA 	Keypress: m
1368.3301 	EXP 	window1: recordFrameIntervals = False
1368.6656 	DATA 	Keypress: t
1372.8235 	EXP 	window1: recordFrameIntervals = False
1372.9420 	DATA 	Keypress: k
1377.0830 	EXP 	window1: recordFrameIntervals = False
1378.1704 	DATA 	Keypress: k
1382.0943 	EXP 	window1: recordFrameIntervals = False
1383.1480 	DATA 	Keypress: r
1386.9885 	EXP 	window1: recordFrameIntervals = False
1387.6248 	DATA 	Keypress: s
1391.7810 	EXP 	window1: recordFrameIntervals = False
1392.7345 	DATA 	Keypress: d
1396.5416 	EXP 	window1: recordFrameIntervals = False
1397.2614 	DATA 	Keypress: s
1401.2705 	EXP 	window1: recordFrameIntervals = False
1406.0499 	DATA 	Keypress: v
1410.1403 	EXP 	window1: recordFrameIntervals = False
1410.1489 	DATA 	Keypress: k
1414.1828 	EXP 	window1: recordFrameIntervals = False
1415.1530 	DATA 	Keypress: w
1419.0641 	DATA 	Keypress: i
1419.1105 	EXP 	window1: recordFrameIntervals = False
1419.6131 	DATA 	Keypress: i
1423.6038 	EXP 	window1: recordFrameIntervals = False
1424.3738 	DATA 	Keypress: u
1428.3311 	EXP 	window1: recordFrameIntervals = False
1428.9506 	DATA 	Keypress: o
1433.1251 	EXP 	window1: recordFrameIntervals = False
1433.7782 	DATA 	Keypress: m
1437.8842 	EXP 	window1: recordFrameIntervals = False
1438.1194 	DATA 	Keypress: f
1442.1938 	EXP 	window1: recordFrameIntervals = False
1443.0471 	DATA 	Keypress: u
1446.8726 	EXP 	window1: recordFrameIntervals = False
1448.2605 	DATA 	Keypress: m
1452.5185 	EXP 	window1: recordFrameIntervals = False
1452.9710 	DATA 	Keypress: m
1456.7614 	EXP 	window1: recordFrameIntervals = False
1457.4645 	DATA 	Keypress: e
1461.2715 	EXP 	window1: recordFrameIntervals = False
1463.8956 	DATA 	Keypress: s
1468.0535 	EXP 	window1: recordFrameIntervals = False
1468.0552 	DATA 	Keypress: m
1469.2908 	DATA 	Keypress: m
1473.2317 	EXP 	window1: recordFrameIntervals = False
1474.2520 	DATA 	Keypress: a
1478.1576 	EXP 	window1: recordFrameIntervals = False
1478.1580 	ERROR 	trialnum=253 ERROR,1 frames were longer than 20.8 ms apparently screen refreshes skipped, interframe durs were:[ 24.6] and was these frames: [1]
1478.1583 	INFO 	flankers also=[ 16.8  24.6  17.1]
1479.2616 	DATA 	Keypress: e
1483.1355 	EXP 	window1: recordFrameIntervals = False
1483.5380 	DATA 	Keypress: j
1487.3668 	DATA 	Keypress: d
1487.3800 	EXP 	window1: recordFrameIntervals = False
1489.8202 	DATA 	Keypress: d
1490.5386 	DATA 	Keypress: d
1494.0281 	EXP 	window1: recordFrameIntervals = False
1494.3971 	DATA 	Keypress: t
1498.3128 	DATA 	Keypress: s
1498.5049 	EXP 	window1: recordFrameIntervals = False
1498.9742 	DATA 	Keypress: s
1503.1319 	EXP 	window1: recordFrameIntervals = False
1503.6344 	DATA 	Keypress: a
1507.5084 	EXP 	window1: recordFrameIntervals = False
1509.9487 	DATA 	Keypress: g
1513.9895 	EXP 	window1: recordFrameIntervals = False
1515.2607 	DATA 	Keypress: x
1519.4518 	EXP 	window1: recordFrameIntervals = False
1519.4522 	ERROR 	trialnum=261 ERROR,1 frames were longer than 20.8 ms apparently screen refreshes skipped, interframe durs were:[ 144.3] and was these frames: [59]
1519.4526 	INFO 	flankers also=[  16.7  144.3    3.6]
1519.5379 	DATA 	Keypress: f
1523.7264 	EXP 	window1: recordFrameIntervals = False
1525.0474 	DATA 	Keypress: a
1529.2053 	EXP 	window1: recordFrameIntervals = False
1532.3487 	DATA 	Keypress: p
1536.2727 	EXP 	window1: recordFrameIntervals = False
1536.6585 	DATA 	Keypress: s
1540.5657 	EXP 	window1: recordFrameIntervals = False
1541.3856 	DATA 	Keypress: w
1545.4767 	EXP 	window1: recordFrameIntervals = False
1545.7956 	DATA 	Keypress: r
1549.5859 	EXP 	window1: recordFrameIntervals = False
1549.6543 	DATA 	Keypress: u
1553.6450 	EXP 	window1: recordFrameIntervals = False
1554.9662 	DATA 	Keypress: r
1559.1072 	EXP 	window1: recordFrameIntervals = False
1559.5263 	DATA 	Keypress: a
1563.5488 	EXP 	window1: recordFrameIntervals = False
1564.2019 	DATA 	Keypress: y
1568.1091 	EXP 	window1: recordFrameIntervals = False
1568.7286 	DATA 	Keypress: k
1572.6242 	DATA 	Keypress: t
1572.7711 	EXP 	window1: recordFrameIntervals = False
1573.1901 	DATA 	Keypress: t
1577.1142 	EXP 	window1: recordFrameIntervals = False
1577.7008 	DATA 	Keypress: w
1581.6111 	DATA 	Keypress: x
1581.7412 	EXP 	window1: recordFrameIntervals = False
1582.1937 	DATA 	Keypress: x
1586.0007 	EXP 	window1: recordFrameIntervals = False
1586.4202 	DATA 	Keypress: y
1590.6611 	EXP 	window1: recordFrameIntervals = False
1591.7484 	DATA 	Keypress: m
1595.5888 	EXP 	window1: recordFrameIntervals = False
1596.3087 	DATA 	Keypress: d
1600.2660 	EXP 	window1: recordFrameIntervals = False
1601.1863 	DATA 	Keypress: z
1605.4259 	EXP 	window1: recordFrameIntervals = False
1605.8617 	DATA 	Keypress: a
1606.3792 	INFO 	Finishing at 13:03 on 04 Mar 2019
1609.0085 	EXP 	window1: mouseVisible = True
