22.9683 	INFO 	Successfully set darwin thread to realtime
23.9826 	INFO 	#[ PsychoPy3 RuntimeInfoStart ]
  #[[ PsychoPy ]] #---------
    psychopyVersion: 3.0.3
    psychopyHaveExtRush: True
  #[[ Experiment ]] #---------
    experimentRunTime: 2019_03_04 18:05 (Year_Month_Day Hour:Min)
    experimentRunTime.epoch: 1551740741
    experimentScript: RSVP_visual_now.py
    experimentScript.digestSHA1: 53cd186305f074655eb5ea77a613e90e9822f063
    experimentScript.directory: /Users/vsg/Documents/GitHub/spatio_temporal_information_processing/RSVP_visual_now
  #[[ System ]] #---------
    systemHaveInternetAccess: True
    systemHostName: VSG-lab1.local
    systemLocale: C
    systemMemFreeRAM: 1641.15234375
    systemMemTotalRAM: 4096.0
    systemPlatform: darwin 10.10.5 x86_64
    systemRavailable: R version 3.2.3 (2015-12-10) -- Wooden Christmas-Tree
    systemRebooted: Mar 4 09:06
    systemSec.OpenSSLVersion: OpenSSL 0.9.8zg 14 July 2015
    systemSec.pythonSSL: True
    systemTimeNumpySD1000000_sec: 0.0124
    systemUser: vsg
    systemUserID: 502
    systemUserProcCount: 85
    systemUserProcFlagged: mdworker Safari
    systemUsersCount: 1
  #[[ Window ]] #---------
    windowWinType: pyglet
    windowUnits: deg
    windowSize_pix: [1920 1200]
    windowScreen: 0
    windowRgb: [-0.7 -0.7 -0.7]
    windowRefreshTimeSD_ms: 0.042
    windowRefreshTimeMedian_ms: 16.703
    windowRefreshTimeAvg_ms: 16.704
    windowPos_pix: [0, 0]
    windowMonitor.name: testmonitor
    windowMonitor.getWidth_cm: 52.0
    windowMonitor.getDistance_cm: 65.0
    windowMonitor.currentCalibName: 2019_02_04 12:46
    windowIsFullScr: True
  #[[ Python ]] #---------
    pythonVersion: 2.7.13
  #[[ OpenGL ]] #---------
#[ PsychoPy3 RuntimeInfoEnd ]

24.0043 	WARNING 	Could not load the desired click sound file, instead using manually created inferior click
24.4130 	EXP 	Created sequence: random, trialTypes=280, nReps=14, seed=None
24.6772 	INFO 	total SOA (ISI + letterDur)=100.0 or 6 frames, comprising
ISIframes =3 or 50.0 ms and letterDurFrames =3 or 50.0ms
cueDurFrames =3.0 or 50.0 ms

24.6772 	INFO 	numtrials=280 and each trialDurFrames=156 or 2600.0 ms  task=T1
25.7387 	EXP 	Created text = TextStim(alignHoriz='center', alignVert='center', antialias=True, autoLog=True, bold=False, color=array([ 1.,  1.,  1.]), colorSpace='rgb', contrast=1.0, depth=-1.0, flipHoriz=False, flipVert=False, font='Arial', fontFiles=[], height=0.5, italic=False, languageStyle='LTR', name='text', opacity=1.0, ori=0, pos=array([ 0.,  0.]), rgb=array([ 1.,  1.,  1.]), text='', units='deg', win=Window(...), wrapWidth=30)
26.6007 	EXP 	text: text = "Welcome! Thank you for agreeing to participate in this study.\n\nYou will be presented with a Rapid Stream of letters. Your task is to identify one of the letters.\n\nThe letter you're supposed to identify is accompanied by a probe that can appear anywhere on the horizontal axis of the screen.\n\nThe probe is a circular disk that will be flashed for a very brief time.\n\nThis probe is embedded in another Rapid Stream of letters.\n\nYour task is identify the foveal letter that was present when the probe appeared.\n\nOnce you've identified the letter after the trial ends, type it out on the keyboard.\n\nOh! And one more thing! You will perform this task while fixating in the center, and detecting the probe with your peripheral vision.\n\nIf you're feeling uncomfortable, you can press ESC key any time to stop the experiment.\n\nPress any key when you are ready to begin the experiment.\n\n"
26.6007 	EXP 	text: autoDraw = True
161.6549 	DATA 	Keypress: space
161.6559 	EXP 	text: autoDraw = False
161.6563 	INFO 	Experiment will have 280 trials. Letters will be drawn with superposed noise of0.00%
161.6563 	INFO 	Starting main (non-staircase) part of experiment
164.9954 	EXP 	window1: recordFrameIntervals = False
165.3310 	DATA 	Keypress: w
169.5390 	EXP 	window1: recordFrameIntervals = False
169.9412 	DATA 	Keypress: m
172.8555 	DATA 	Keypress: f
173.7499 	EXP 	window1: recordFrameIntervals = False
174.3194 	DATA 	Keypress: f
178.1431 	EXP 	window1: recordFrameIntervals = False
178.6625 	DATA 	Keypress: k
182.9038 	EXP 	window1: recordFrameIntervals = False
183.4231 	DATA 	Keypress: n
187.6812 	EXP 	window1: recordFrameIntervals = False
188.2674 	DATA 	Keypress: e
192.1245 	EXP 	window1: recordFrameIntervals = False
193.4790 	DATA 	Keypress: m
197.6201 	EXP 	window1: recordFrameIntervals = False
198.1728 	DATA 	Keypress: x
202.4309 	EXP 	window1: recordFrameIntervals = False
203.4180 	DATA 	Keypress: y
207.5907 	EXP 	window1: recordFrameIntervals = False
208.5276 	DATA 	Keypress: t
212.5518 	EXP 	window1: recordFrameIntervals = False
213.9248 	DATA 	Keypress: y
218.1995 	EXP 	window1: recordFrameIntervals = False
218.6686 	DATA 	Keypress: w
222.7597 	EXP 	window1: recordFrameIntervals = False
223.2124 	DATA 	Keypress: s
227.0192 	EXP 	window1: recordFrameIntervals = False
227.4216 	DATA 	Keypress: m
231.6296 	EXP 	window1: recordFrameIntervals = False
232.6170 	DATA 	Keypress: b
236.5405 	EXP 	window1: recordFrameIntervals = False
237.0097 	DATA 	Keypress: e
241.3012 	EXP 	window1: recordFrameIntervals = False
241.3016 	ERROR 	trialnum=16 ERROR,1 frames were longer than 20.8 ms apparently screen refreshes skipped, interframe durs were:[ 120.9] and was these frames: [5]
241.3019 	INFO 	flankers also=[  16.6  120.9    2.4]
242.3060 	DATA 	Keypress: n
246.1604 	EXP 	window1: recordFrameIntervals = False
246.1608 	ERROR 	trialnum=17 ERROR,1 frames were longer than 20.8 ms apparently screen refreshes skipped, interframe durs were:[ 42.5] and was these frames: [7]
246.1611 	INFO 	flankers also=[ 16.9  42.5   2.4]
246.9805 	DATA 	Keypress: y
250.8376 	EXP 	window1: recordFrameIntervals = False
251.3569 	DATA 	Keypress: b
255.2324 	EXP 	window1: recordFrameIntervals = False
255.6849 	DATA 	Keypress: k
259.6255 	EXP 	window1: recordFrameIntervals = False
260.0446 	DATA 	Keypress: a
264.0020 	EXP 	window1: recordFrameIntervals = False
264.4713 	DATA 	Keypress: m
268.3784 	EXP 	window1: recordFrameIntervals = False
268.8143 	DATA 	Keypress: g
272.8887 	EXP 	window1: recordFrameIntervals = False
273.5749 	DATA 	Keypress: b
277.8497 	EXP 	window1: recordFrameIntervals = False
278.3190 	DATA 	Keypress: x
282.2595 	EXP 	window1: recordFrameIntervals = False
282.8458 	DATA 	Keypress: s
286.7179 	EXP 	window1: recordFrameIntervals = False
287.7885 	DATA 	Keypress: z
291.5787 	EXP 	window1: recordFrameIntervals = False
292.4321 	DATA 	Keypress: t
296.4246 	EXP 	window1: recordFrameIntervals = False
296.9438 	DATA 	Keypress: w
301.0182 	EXP 	window1: recordFrameIntervals = False
301.8549 	DATA 	Keypress: r
305.8624 	EXP 	window1: recordFrameIntervals = False
306.9330 	DATA 	Keypress: v
310.7567 	EXP 	window1: recordFrameIntervals = False
311.2092 	DATA 	Keypress: g
315.1165 	EXP 	window1: recordFrameIntervals = False
315.6023 	DATA 	Keypress: e
319.6432 	EXP 	window1: recordFrameIntervals = False
320.1124 	DATA 	Keypress: t
324.0532 	EXP 	window1: recordFrameIntervals = False
324.5557 	DATA 	Keypress: t
328.8121 	EXP 	window1: recordFrameIntervals = False
329.3147 	DATA 	Keypress: m
333.5895 	EXP 	window1: recordFrameIntervals = False
334.4596 	DATA 	Keypress: r
338.3684 	EXP 	window1: recordFrameIntervals = False
338.8878 	DATA 	Keypress: w
343.0290 	EXP 	window1: recordFrameIntervals = False
343.5650 	DATA 	Keypress: e
347.7728 	EXP 	window1: recordFrameIntervals = False
348.2587 	DATA 	Keypress: m
352.3665 	EXP 	window1: recordFrameIntervals = False
352.7688 	DATA 	Keypress: a
356.7763 	EXP 	window1: recordFrameIntervals = False
357.1955 	DATA 	Keypress: k
361.0192 	EXP 	window1: recordFrameIntervals = False
362.8747 	DATA 	Keypress: a
367.1479 	EXP 	window1: recordFrameIntervals = False
367.5503 	DATA 	Keypress: l
371.7749 	EXP 	window1: recordFrameIntervals = False
372.3945 	DATA 	Keypress: e
376.6709 	EXP 	window1: recordFrameIntervals = False
377.2068 	DATA 	Keypress: w
381.3647 	EXP 	window1: recordFrameIntervals = False
382.3852 	DATA 	Keypress: q
386.2089 	EXP 	window1: recordFrameIntervals = False
386.6447 	DATA 	Keypress: m
390.6689 	EXP 	window1: recordFrameIntervals = False
391.1215 	DATA 	Keypress: c
395.1456 	EXP 	window1: recordFrameIntervals = False
395.7818 	DATA 	Keypress: m
399.7057 	EXP 	window1: recordFrameIntervals = False
400.3924 	DATA 	Keypress: c
404.6001 	EXP 	window1: recordFrameIntervals = False
406.3055 	DATA 	Keypress: a
410.2611 	EXP 	window1: recordFrameIntervals = False
410.2615 	ERROR 	trialnum=52 ERROR,1 frames were longer than 20.8 ms apparently screen refreshes skipped, interframe durs were:[ 24.8] and was these frames: [0]
410.2617 	INFO 	flankers also=[ 24.8  16.9]
411.3150 	DATA 	Keypress: u
415.5396 	EXP 	window1: recordFrameIntervals = False
415.9754 	DATA 	Keypress: l
419.8176 	EXP 	window1: recordFrameIntervals = False
420.4036 	DATA 	Keypress: m
424.2607 	EXP 	window1: recordFrameIntervals = False
424.7299 	DATA 	Keypress: w
428.7709 	EXP 	window1: recordFrameIntervals = False
429.3738 	DATA 	Keypress: w
433.1807 	EXP 	window1: recordFrameIntervals = False
433.6176 	DATA 	Keypress: s
437.5905 	EXP 	window1: recordFrameIntervals = False
438.0765 	DATA 	Keypress: d
442.0338 	EXP 	window1: recordFrameIntervals = False
442.4529 	DATA 	Keypress: l
446.7110 	EXP 	window1: recordFrameIntervals = False
447.7482 	DATA 	Keypress: m
451.7039 	EXP 	window1: recordFrameIntervals = False
452.3066 	DATA 	Keypress: h
456.3977 	EXP 	window1: recordFrameIntervals = False
456.8167 	DATA 	Keypress: m
460.9094 	EXP 	window1: recordFrameIntervals = False
461.5456 	DATA 	Keypress: r
465.5031 	EXP 	window1: recordFrameIntervals = False
466.0390 	DATA 	Keypress: m
470.1634 	EXP 	window1: recordFrameIntervals = False
470.1638 	ERROR 	trialnum=65 ERROR,1 frames were longer than 20.8 ms apparently screen refreshes skipped, interframe durs were:[ 137.2] and was these frames: [41]
470.1641 	INFO 	flankers also=[  16.6  137.2    2.4]
470.8331 	DATA 	Keypress: r
474.7738 	EXP 	window1: recordFrameIntervals = False
475.6105 	DATA 	Keypress: w
479.8518 	EXP 	window1: recordFrameIntervals = False
480.6718 	DATA 	Keypress: n
484.8296 	EXP 	window1: recordFrameIntervals = False
485.2823 	DATA 	Keypress: b
489.1560 	EXP 	window1: recordFrameIntervals = False
489.6586 	DATA 	Keypress: l
493.5108 	DATA 	Keypress: space
497.5565 	EXP 	window1: recordFrameIntervals = False
498.3932 	DATA 	Keypress: s
502.2503 	EXP 	window1: recordFrameIntervals = False
502.7196 	DATA 	Keypress: x
506.5783 	EXP 	window1: recordFrameIntervals = False
507.1477 	DATA 	Keypress: m
511.1720 	EXP 	window1: recordFrameIntervals = False
511.6747 	DATA 	Keypress: b
515.9158 	EXP 	window1: recordFrameIntervals = False
515.9162 	ERROR 	trialnum=74 ERROR,1 frames were longer than 20.8 ms apparently screen refreshes skipped, interframe durs were:[ 27.9] and was these frames: [95]
515.9165 	INFO 	flankers also=[ 17.3  27.9   5.8]
516.3517 	DATA 	Keypress: w
520.1587 	EXP 	window1: recordFrameIntervals = False
521.2794 	DATA 	Keypress: y
525.4372 	EXP 	window1: recordFrameIntervals = False
526.1403 	DATA 	Keypress: z
530.0141 	EXP 	window1: recordFrameIntervals = False
530.5167 	DATA 	Keypress: r
534.3070 	EXP 	window1: recordFrameIntervals = False
535.0269 	DATA 	Keypress: b
538.9157 	EXP 	window1: recordFrameIntervals = False
538.9161 	ERROR 	trialnum=79 ERROR,1 frames were longer than 20.8 ms apparently screen refreshes skipped, interframe durs were:[ 25.5] and was these frames: [3]
538.9164 	INFO 	flankers also=[ 16.8  25.5  16.1]
539.3682 	DATA 	Keypress: p
543.1585 	EXP 	window1: recordFrameIntervals = False
543.8616 	DATA 	Keypress: m
547.8039 	EXP 	window1: recordFrameIntervals = False
548.5739 	DATA 	Keypress: t
552.4978 	EXP 	window1: recordFrameIntervals = False
553.2686 	DATA 	Keypress: r
557.4255 	EXP 	window1: recordFrameIntervals = False
557.8614 	DATA 	Keypress: q
562.1360 	EXP 	window1: recordFrameIntervals = False
563.1899 	DATA 	Keypress: j
566.9969 	EXP 	window1: recordFrameIntervals = False
567.4160 	DATA 	Keypress: m
571.2063 	EXP 	window1: recordFrameIntervals = False
571.6922 	DATA 	Keypress: f
575.7666 	EXP 	window1: recordFrameIntervals = False
576.2191 	DATA 	Keypress: w
580.4754 	EXP 	window1: recordFrameIntervals = False
581.4625 	DATA 	Keypress: x
585.5869 	EXP 	window1: recordFrameIntervals = False
586.0728 	DATA 	Keypress: m
589.9315 	EXP 	window1: recordFrameIntervals = False
590.4008 	DATA 	Keypress: x
594.4416 	EXP 	window1: recordFrameIntervals = False
594.8441 	DATA 	Keypress: z
598.9517 	EXP 	window1: recordFrameIntervals = False
599.9387 	DATA 	Keypress: t
603.7458 	EXP 	window1: recordFrameIntervals = False
604.2319 	DATA 	Keypress: h
608.4397 	EXP 	window1: recordFrameIntervals = False
608.8922 	DATA 	Keypress: s
612.8328 	EXP 	window1: recordFrameIntervals = False
613.3860 	DATA 	Keypress: m
617.3096 	EXP 	window1: recordFrameIntervals = False
617.7288 	DATA 	Keypress: l
621.6342 	EXP 	window1: recordFrameIntervals = False
621.6347 	ERROR 	trialnum=97 ERROR,1 frames were longer than 20.8 ms apparently screen refreshes skipped, interframe durs were:[ 24.6] and was these frames: [1]
621.6350 	INFO 	flankers also=[ 16.8  24.6  17.2]
622.1379 	DATA 	Keypress: t
626.3114 	EXP 	window1: recordFrameIntervals = False
626.6815 	DATA 	Keypress: z
630.7395 	EXP 	window1: recordFrameIntervals = False
631.7612 	DATA 	Keypress: v
635.7174 	EXP 	window1: recordFrameIntervals = False
636.3204 	DATA 	Keypress: z
640.1273 	EXP 	window1: recordFrameIntervals = False
640.5296 	DATA 	Keypress: t
644.5539 	EXP 	window1: recordFrameIntervals = False
644.9396 	DATA 	Keypress: x
648.9971 	EXP 	window1: recordFrameIntervals = False
649.5331 	DATA 	Keypress: m
653.7912 	EXP 	window1: recordFrameIntervals = False
654.2270 	DATA 	Keypress: b
658.0506 	EXP 	window1: recordFrameIntervals = False
658.8886 	DATA 	Keypress: c
662.8114 	EXP 	window1: recordFrameIntervals = False
664.2661 	DATA 	Keypress: m
668.2720 	EXP 	window1: recordFrameIntervals = False
668.7579 	DATA 	Keypress: h
672.9992 	EXP 	window1: recordFrameIntervals = False
673.5198 	DATA 	Keypress: b
677.5110 	EXP 	window1: recordFrameIntervals = False
678.4646 	DATA 	Keypress: x
682.7393 	EXP 	window1: recordFrameIntervals = False
683.1083 	DATA 	Keypress: m
687.0489 	EXP 	window1: recordFrameIntervals = False
687.4681 	DATA 	Keypress: l
691.6927 	EXP 	window1: recordFrameIntervals = False
692.4626 	DATA 	Keypress: s
696.3864 	EXP 	window1: recordFrameIntervals = False
697.2732 	DATA 	Keypress: u
701.1806 	EXP 	window1: recordFrameIntervals = False
701.1810 	ERROR 	trialnum=114 ERROR,2 frames were longer than 20.8 ms apparently screen refreshes skipped, interframe durs were:[  27.3  140.4] and was these frames: [20 53]
701.1814 	INFO 	flankers also=[  16.7   27.3    6.2   16.7  140.4    2.4]
701.9003 	DATA 	Keypress: t
705.8410 	EXP 	window1: recordFrameIntervals = False
706.2768 	DATA 	Keypress: k
710.2826 	EXP 	window1: recordFrameIntervals = False
710.7186 	DATA 	Keypress: i
714.6591 	EXP 	window1: recordFrameIntervals = False
715.1116 	DATA 	Keypress: g
719.2710 	EXP 	window1: recordFrameIntervals = False
720.1745 	DATA 	Keypress: n
724.2322 	EXP 	window1: recordFrameIntervals = False
724.7850 	DATA 	Keypress: i
728.9427 	EXP 	window1: recordFrameIntervals = False
729.3451 	DATA 	Keypress: m
733.2191 	EXP 	window1: recordFrameIntervals = False
733.5544 	DATA 	Keypress: a
737.6456 	EXP 	window1: recordFrameIntervals = False
738.1649 	DATA 	Keypress: i
742.0721 	EXP 	window1: recordFrameIntervals = False
742.5247 	DATA 	Keypress: j
746.7993 	EXP 	window1: recordFrameIntervals = False
747.2685 	DATA 	Keypress: e
751.2092 	EXP 	window1: recordFrameIntervals = False
751.6283 	DATA 	Keypress: m
755.7010 	EXP 	window1: recordFrameIntervals = False
756.1702 	DATA 	Keypress: u
760.1777 	EXP 	window1: recordFrameIntervals = False
760.5969 	DATA 	Keypress: b
764.4556 	EXP 	window1: recordFrameIntervals = False
764.9081 	DATA 	Keypress: k
768.7485 	EXP 	window1: recordFrameIntervals = False
769.1511 	DATA 	Keypress: s
772.9746 	EXP 	window1: recordFrameIntervals = False
773.3940 	DATA 	Keypress: r
777.6184 	EXP 	window1: recordFrameIntervals = False
778.1543 	DATA 	Keypress: n
782.4290 	EXP 	window1: recordFrameIntervals = False
782.8317 	DATA 	Keypress: k
786.6886 	EXP 	window1: recordFrameIntervals = False
787.2581 	DATA 	Keypress: r
791.0986 	EXP 	window1: recordFrameIntervals = False
792.1189 	DATA 	Keypress: h
796.1750 	EXP 	window1: recordFrameIntervals = False
796.5784 	DATA 	Keypress: w
800.7017 	EXP 	window1: recordFrameIntervals = False
801.1041 	DATA 	Keypress: g
805.1300 	EXP 	window1: recordFrameIntervals = False
805.6659 	DATA 	Keypress: p
809.5231 	EXP 	window1: recordFrameIntervals = False
809.8923 	DATA 	Keypress: i
813.9497 	EXP 	window1: recordFrameIntervals = False
815.0536 	DATA 	Keypress: r
828.0328 	DATA 	Keypress: space
831.8547 	EXP 	window1: recordFrameIntervals = False
832.4744 	DATA 	Keypress: t
836.4985 	EXP 	window1: recordFrameIntervals = False
836.9175 	DATA 	Keypress: d
841.0135 	DATA 	Keypress: a
841.1773 	EXP 	window1: recordFrameIntervals = False
841.5462 	DATA 	Keypress: a
845.6874 	EXP 	window1: recordFrameIntervals = False
846.1232 	DATA 	Keypress: t
850.3645 	EXP 	window1: recordFrameIntervals = False
850.7502 	DATA 	Keypress: t
854.7410 	EXP 	window1: recordFrameIntervals = False
855.1267 	DATA 	Keypress: z
859.3680 	EXP 	window1: recordFrameIntervals = False
859.9206 	DATA 	Keypress: t
863.7111 	EXP 	window1: recordFrameIntervals = False
864.0800 	DATA 	Keypress: m
868.3381 	EXP 	window1: recordFrameIntervals = False
868.7070 	DATA 	Keypress: e
872.7463 	EXP 	window1: recordFrameIntervals = False
873.1319 	DATA 	Keypress: t
877.1729 	EXP 	window1: recordFrameIntervals = False
877.7756 	DATA 	Keypress: t
881.6846 	EXP 	window1: recordFrameIntervals = False
882.2540 	DATA 	Keypress: p
886.1112 	EXP 	window1: recordFrameIntervals = False
886.4468 	DATA 	Keypress: s
890.5712 	EXP 	window1: recordFrameIntervals = False
890.9568 	DATA 	Keypress: t
895.0813 	EXP 	window1: recordFrameIntervals = False
895.5171 	DATA 	Keypress: a
899.6247 	EXP 	window1: recordFrameIntervals = False
900.0104 	DATA 	Keypress: l
904.0847 	EXP 	window1: recordFrameIntervals = False
904.6219 	DATA 	Keypress: j
908.7117 	EXP 	window1: recordFrameIntervals = False
909.1476 	DATA 	Keypress: i
913.3037 	EXP 	window1: recordFrameIntervals = False
914.2574 	DATA 	Keypress: v
918.4987 	EXP 	window1: recordFrameIntervals = False
918.9344 	DATA 	Keypress: m
922.7432 	EXP 	window1: recordFrameIntervals = False
923.2123 	DATA 	Keypress: r
927.0361 	EXP 	window1: recordFrameIntervals = False
927.4218 	DATA 	Keypress: w
931.3792 	EXP 	window1: recordFrameIntervals = False
932.3997 	DATA 	Keypress: y
936.4238 	EXP 	window1: recordFrameIntervals = False
936.4242 	ERROR 	trialnum=163 ERROR,1 frames were longer than 20.8 ms apparently screen refreshes skipped, interframe durs were:[ 140.9] and was these frames: [71]
936.4245 	INFO 	flankers also=[  16.8  140.9    2.5]
937.5612 	DATA 	Keypress: c
941.4183 	EXP 	window1: recordFrameIntervals = False
941.7873 	DATA 	Keypress: d
945.5945 	EXP 	window1: recordFrameIntervals = False
945.9967 	DATA 	Keypress: m
949.9541 	EXP 	window1: recordFrameIntervals = False
950.4068 	DATA 	Keypress: b
954.4124 	EXP 	window1: recordFrameIntervals = False
954.7647 	DATA 	Keypress: p
958.7054 	EXP 	window1: recordFrameIntervals = False
959.1415 	DATA 	Keypress: s
963.2505 	EXP 	window1: recordFrameIntervals = False
963.6362 	DATA 	Keypress: l
967.6771 	EXP 	window1: recordFrameIntervals = False
968.0461 	DATA 	Keypress: i
972.3208 	EXP 	window1: recordFrameIntervals = False
972.7567 	DATA 	Keypress: s
976.7808 	EXP 	window1: recordFrameIntervals = False
977.1331 	DATA 	Keypress: t
981.2742 	EXP 	window1: recordFrameIntervals = False
981.6098 	DATA 	Keypress: j
985.5839 	EXP 	window1: recordFrameIntervals = False
986.1032 	DATA 	Keypress: b
989.9603 	EXP 	window1: recordFrameIntervals = False
990.3627 	DATA 	Keypress: x
994.1848 	EXP 	window1: recordFrameIntervals = False
994.1851 	ERROR 	trialnum=176 ERROR,1 frames were longer than 20.8 ms apparently screen refreshes skipped, interframe durs were:[ 42.2] and was these frames: [3]
994.1854 	INFO 	flankers also=[ 16.8  42.2   2.2]
994.5370 	DATA 	Keypress: h
998.4944 	EXP 	window1: recordFrameIntervals = False
998.9135 	DATA 	Keypress: l
1003.1231 	EXP 	window1: recordFrameIntervals = False
1004.1269 	DATA 	Keypress: y
1008.3013 	EXP 	window1: recordFrameIntervals = False
1008.6036 	DATA 	Keypress: w
1012.6110 	EXP 	window1: recordFrameIntervals = False
1013.0134 	DATA 	Keypress: a
1017.1879 	EXP 	window1: recordFrameIntervals = False
1017.8910 	DATA 	Keypress: q
1022.1658 	EXP 	window1: recordFrameIntervals = False
1022.7530 	DATA 	Keypress: q
1026.8095 	EXP 	window1: recordFrameIntervals = False
1027.2953 	DATA 	Keypress: p
1031.2025 	EXP 	window1: recordFrameIntervals = False
1031.5549 	DATA 	Keypress: t
1035.4103 	EXP 	window1: recordFrameIntervals = False
1035.4107 	ERROR 	trialnum=185 ERROR,1 frames were longer than 20.8 ms apparently screen refreshes skipped, interframe durs were:[ 41.4] and was these frames: [1]
1035.4110 	INFO 	flankers also=[ 16.8  41.4   2.2]
1035.7293 	DATA 	Keypress: s
1039.7534 	EXP 	window1: recordFrameIntervals = False
1040.1558 	DATA 	Keypress: u
1044.3988 	EXP 	window1: recordFrameIntervals = False
1044.7845 	DATA 	Keypress: a
1048.7921 	EXP 	window1: recordFrameIntervals = False
1049.1444 	DATA 	Keypress: b
1053.0014 	EXP 	window1: recordFrameIntervals = False
1053.4037 	DATA 	Keypress: u
1057.3278 	EXP 	window1: recordFrameIntervals = False
1057.8305 	DATA 	Keypress: i
1061.8713 	EXP 	window1: recordFrameIntervals = False
1062.2079 	DATA 	Keypress: m
1066.0306 	EXP 	window1: recordFrameIntervals = False
1066.3671 	DATA 	Keypress: w
1070.4404 	EXP 	window1: recordFrameIntervals = False
1070.9097 	DATA 	Keypress: q
1075.1994 	EXP 	window1: recordFrameIntervals = False
1075.5518 	DATA 	Keypress: g
1079.4422 	EXP 	window1: recordFrameIntervals = False
1079.9950 	DATA 	Keypress: t
1084.2547 	EXP 	window1: recordFrameIntervals = False
1084.5903 	DATA 	Keypress: m
1088.5143 	EXP 	window1: recordFrameIntervals = False
1088.9168 	DATA 	Keypress: x
1093.0410 	EXP 	window1: recordFrameIntervals = False
1093.4099 	DATA 	Keypress: t
1097.5010 	EXP 	window1: recordFrameIntervals = False
1097.8702 	DATA 	Keypress: m
1102.0445 	EXP 	window1: recordFrameIntervals = False
1102.4803 	DATA 	Keypress: h
1106.7049 	EXP 	window1: recordFrameIntervals = False
1107.3411 	DATA 	Keypress: w
1111.5491 	EXP 	window1: recordFrameIntervals = False
1111.8345 	DATA 	Keypress: l
1115.6734 	EXP 	window1: recordFrameIntervals = False
1116.0424 	DATA 	Keypress: f
1120.3171 	EXP 	window1: recordFrameIntervals = False
1120.7028 	DATA 	Keypress: k
1124.7287 	EXP 	window1: recordFrameIntervals = False
1125.0809 	DATA 	Keypress: s
1129.3055 	EXP 	window1: recordFrameIntervals = False
1130.1423 	DATA 	Keypress: r
1134.4169 	EXP 	window1: recordFrameIntervals = False
1134.8194 	DATA 	Keypress: z
1138.7767 	EXP 	window1: recordFrameIntervals = False
1139.4132 	DATA 	Keypress: r
1143.5875 	EXP 	window1: recordFrameIntervals = False
1143.6059 	DATA 	Keypress: w
1157.3151 	DATA 	Keypress: space
1161.1585 	EXP 	window1: recordFrameIntervals = False
1161.5441 	DATA 	Keypress: comma
1162.5296 	DATA 	Keypress: m
1166.6041 	EXP 	window1: recordFrameIntervals = False
1168.0104 	DATA 	Keypress: j
1172.2350 	EXP 	window1: recordFrameIntervals = False
1172.2354 	ERROR 	trialnum=212 ERROR,1 frames were longer than 20.8 ms apparently screen refreshes skipped, interframe durs were:[ 142.] and was these frames: [89]
1172.2356 	INFO 	flankers also=[  16.8  142.     2.5]
1172.5706 	DATA 	Keypress: m
1176.7952 	EXP 	window1: recordFrameIntervals = False
1177.0974 	DATA 	Keypress: q
1181.1048 	EXP 	window1: recordFrameIntervals = False
1181.4571 	DATA 	Keypress: q
1185.2975 	EXP 	window1: recordFrameIntervals = False
1185.7166 	DATA 	Keypress: p
1189.6573 	EXP 	window1: recordFrameIntervals = False
1189.9762 	DATA 	Keypress: x
1194.1173 	EXP 	window1: recordFrameIntervals = False
1194.7369 	DATA 	Keypress: r
1198.5773 	EXP 	window1: recordFrameIntervals = False
1198.9463 	DATA 	Keypress: u
1202.8519 	EXP 	window1: recordFrameIntervals = False
1203.1874 	DATA 	Keypress: m
1206.9777 	EXP 	window1: recordFrameIntervals = False
1207.3803 	DATA 	Keypress: w
1211.2557 	EXP 	window1: recordFrameIntervals = False
1211.6246 	DATA 	Keypress: k
1215.6655 	EXP 	window1: recordFrameIntervals = False
1216.5534 	DATA 	Keypress: v
1220.6266 	EXP 	window1: recordFrameIntervals = False
1221.0124 	DATA 	Keypress: h
1224.9530 	EXP 	window1: recordFrameIntervals = False
1225.3221 	DATA 	Keypress: v
1229.5299 	EXP 	window1: recordFrameIntervals = False
1230.1494 	DATA 	Keypress: m
1234.4242 	EXP 	window1: recordFrameIntervals = False
1234.7600 	DATA 	Keypress: b
1238.6336 	EXP 	window1: recordFrameIntervals = False
1239.0861 	DATA 	Keypress: r
1242.9249 	EXP 	window1: recordFrameIntervals = False
1243.4441 	DATA 	Keypress: r
1247.3181 	EXP 	window1: recordFrameIntervals = False
1247.6880 	DATA 	Keypress: r
1251.5458 	EXP 	window1: recordFrameIntervals = False
1251.9148 	DATA 	Keypress: p
1256.0058 	EXP 	window1: recordFrameIntervals = False
1256.3248 	DATA 	Keypress: j
1260.1651 	EXP 	window1: recordFrameIntervals = False
1260.5510 	DATA 	Keypress: k
1264.8256 	EXP 	window1: recordFrameIntervals = False
1265.2113 	DATA 	Keypress: q
1269.4025 	EXP 	window1: recordFrameIntervals = False
1270.0387 	DATA 	Keypress: z
1274.2469 	EXP 	window1: recordFrameIntervals = False
1274.5823 	DATA 	Keypress: u
1278.7734 	EXP 	window1: recordFrameIntervals = False
1279.1090 	DATA 	Keypress: s
1283.2167 	EXP 	window1: recordFrameIntervals = False
1283.6024 	DATA 	Keypress: s
1287.6083 	EXP 	window1: recordFrameIntervals = False
1288.0607 	DATA 	Keypress: r
1292.0181 	EXP 	window1: recordFrameIntervals = False
1292.4205 	DATA 	Keypress: c
1296.6133 	EXP 	window1: recordFrameIntervals = False
1297.0660 	DATA 	Keypress: r
1300.9565 	EXP 	window1: recordFrameIntervals = False
1302.0937 	DATA 	Keypress: o
1306.0344 	EXP 	window1: recordFrameIntervals = False
1306.3532 	DATA 	Keypress: a
1310.5947 	EXP 	window1: recordFrameIntervals = False
1310.9970 	DATA 	Keypress: l
1314.8709 	EXP 	window1: recordFrameIntervals = False
1315.2231 	DATA 	Keypress: f
1319.3643 	EXP 	window1: recordFrameIntervals = False
1319.7334 	DATA 	Keypress: r
1323.9245 	EXP 	window1: recordFrameIntervals = False
1324.4773 	DATA 	Keypress: x
1328.4497 	EXP 	window1: recordFrameIntervals = False
1328.8019 	DATA 	Keypress: l
1332.9096 	EXP 	window1: recordFrameIntervals = False
1333.3287 	DATA 	Keypress: m
1337.5049 	EXP 	window1: recordFrameIntervals = False
1337.9408 	DATA 	Keypress: w
1341.9147 	EXP 	window1: recordFrameIntervals = False
1342.4519 	DATA 	Keypress: o
1346.5752 	EXP 	window1: recordFrameIntervals = False
1346.9108 	DATA 	Keypress: i
1351.1019 	EXP 	window1: recordFrameIntervals = False
1351.4876 	DATA 	Keypress: w
1355.3114 	EXP 	window1: recordFrameIntervals = False
1355.7315 	DATA 	Keypress: s
1359.8883 	EXP 	window1: recordFrameIntervals = False
1360.2405 	DATA 	Keypress: t
1364.4318 	EXP 	window1: recordFrameIntervals = False
1364.7674 	DATA 	Keypress: a
1369.0254 	EXP 	window1: recordFrameIntervals = False
1369.4111 	DATA 	Keypress: e
1373.3669 	EXP 	window1: recordFrameIntervals = False
1373.7692 	DATA 	Keypress: x
1377.7934 	EXP 	window1: recordFrameIntervals = False
1378.3305 	DATA 	Keypress: u
1382.3218 	EXP 	window1: recordFrameIntervals = False
1382.6909 	DATA 	Keypress: w
1386.8320 	EXP 	window1: recordFrameIntervals = False
1387.1843 	DATA 	Keypress: z
1391.2585 	EXP 	window1: recordFrameIntervals = False
1391.2589 	ERROR 	trialnum=261 ERROR,1 frames were longer than 20.8 ms apparently screen refreshes skipped, interframe durs were:[ 141.9] and was these frames: [131]
1391.2592 	INFO 	flankers also=[  16.7  141.9    2.4]
1392.1788 	DATA 	Keypress: y
1396.1528 	EXP 	window1: recordFrameIntervals = False
1396.9394 	DATA 	Keypress: r
1400.8467 	EXP 	window1: recordFrameIntervals = False
1401.3158 	DATA 	Keypress: h
1405.4737 	EXP 	window1: recordFrameIntervals = False
1405.9763 	DATA 	Keypress: y
1410.0673 	EXP 	window1: recordFrameIntervals = False
1410.6535 	DATA 	Keypress: c
1414.6759 	EXP 	window1: recordFrameIntervals = False
1415.2120 	DATA 	Keypress: r
1419.0691 	EXP 	window1: recordFrameIntervals = False
1419.4214 	DATA 	Keypress: o
1423.4472 	EXP 	window1: recordFrameIntervals = False
1424.0001 	DATA 	Keypress: b
1428.0576 	EXP 	window1: recordFrameIntervals = False
1428.6437 	DATA 	Keypress: z
1432.7848 	EXP 	window1: recordFrameIntervals = False
1433.3710 	DATA 	Keypress: y
1437.2615 	EXP 	window1: recordFrameIntervals = False
1437.5972 	DATA 	Keypress: j
1441.8718 	EXP 	window1: recordFrameIntervals = False
1442.2910 	DATA 	Keypress: s
1446.3986 	EXP 	window1: recordFrameIntervals = False
1448.7721 	DATA 	Keypress: i
1452.5624 	EXP 	window1: recordFrameIntervals = False
1452.9482 	DATA 	Keypress: u
1457.1210 	EXP 	window1: recordFrameIntervals = False
1457.4566 	DATA 	Keypress: j
1461.6143 	EXP 	window1: recordFrameIntervals = False
1461.9332 	DATA 	Keypress: f
1465.7419 	EXP 	window1: recordFrameIntervals = False
1466.1610 	DATA 	Keypress: n
1470.2186 	EXP 	window1: recordFrameIntervals = False
1470.6378 	DATA 	Keypress: t
1474.7454 	EXP 	window1: recordFrameIntervals = False
1475.1310 	DATA 	Keypress: f
1475.6487 	INFO 	Finishing at 18:29 on 04 Mar 2019
1478.2257 	EXP 	window1: mouseVisible = True
