9.5556 	ERROR 	Screen apparently NOT the desired resolution of 1920x1200 pixels!!
11.0779 	WARNING 	User requested fullscreen with size [1920 1200], but screen is actually [1440, 900]. Using actual size
11.8370 	INFO 	Successfully set darwin thread to realtime
12.9031 	INFO 	#[ PsychoPy3 RuntimeInfoStart ]
  #[[ PsychoPy ]] #---------
    psychopyVersion: 3.0.2
    psychopyHaveExtRush: True
  #[[ Experiment ]] #---------
    experimentRunTime: 2019_03_23 08:45 (Year_Month_Day Hour:Min)
    experimentRunTime.epoch: 1553345125
    experimentScript: RSVP_visual_now_cue_flipped.py
    experimentScript.digestSHA1: 372b706c081f9e3953f753ce6089b76618f3ad00
    experimentScript.directory: /Users/supadhy6/Documents/GitHub/spatio_temporal_information_processing/RSVP_visual_now
  #[[ System ]] #---------
    systemHaveInternetAccess: True
    systemHostName: pbs-jf-aldi.local
    systemLocale: C
    systemMemFreeRAM: 7180.53125
    systemMemTotalRAM: 16384.0
    systemPlatform: darwin 10.14.3 x86_64
    systemRavailable: R version 3.4.1 (2017-06-30) -- Single Candle
    systemRebooted: Mar 14 21:18
    systemSec.OpenSSLVersion: OpenSSL 1.1.1a  20 Nov 2018
    systemSec.pythonSSL: True
    systemTimeNumpySD1000000_sec: 0.0033
    systemUser: supadhy6
    systemUserID: 1903061739
    systemUserProcCount: 305
    systemUserProcFlagged: mdworker Safari KeyNote Dropbox iTunes
    systemUsersCount: 1
  #[[ Window ]] #---------
    windowWinType: pyglet
    windowUnits: deg
    windowSize_pix: [2880 1800]
    windowScreen: 0
    windowRgb: [-0.7 -0.7 -0.7]
    windowRefreshTimeSD_ms: 0.586
    windowRefreshTimeMedian_ms: 16.743
    windowRefreshTimeAvg_ms: 16.660
    windowPos_pix: [0.0, 0.0]
    windowMonitor.name: testmonitor
    windowMonitor.getWidth_cm: 52.0
    windowMonitor.getDistance_cm: 65.0
    windowMonitor.currentCalibName: 2019_01_28 08:48
    windowIsFullScr: True
  #[[ Python ]] #---------
    pythonVersion: 3.6.0
  #[[ OpenGL ]] #---------
#[ PsychoPy3 RuntimeInfoEnd ]

12.9047 	WARNING 	Could not load the desired click sound file, instead using manually created inferior click
13.0917 	EXP 	Created sequence: random, trialTypes=280, nReps=14, seed=None
13.2584 	INFO 	total SOA (ISI + letterDur)=100.0 or 6 frames, comprising
ISIframes =3 or 50.0 ms and letterDurFrames =3 or 50.0ms
cueDurFrames =3 or 50.0 ms

13.2584 	INFO 	numtrials=280 and each trialDurFrames=156 or 2600.0 ms  task=T1
13.7125 	EXP 	Created text = TextStim(__class__=<class 'psychopy.visual.text.TextStim'>, alignHoriz='center', alignVert='center', antialias=True, autoLog=True, bold=False, color=array([1., 1., 1.]), colorSpace='rgb', contrast=1.0, depth=-1.0, flipHoriz=False, flipVert=False, font='Arial', fontFiles=[], height=0.5, italic=False, languageStyle='LTR', name='text', opacity=1.0, ori=0, pos=array([0., 0.]), rgb=array([1., 1., 1.]), text='', units='deg', win=Window(...), wrapWidth=30)
13.8496 	EXP 	text: text = "Welcome! Thank you for agreeing to participate in this study.\n\nYou will be presented with a Rapid Stream of letters. Your task is to identify one of the letters.\n\nThe letter you're supposed to identify is accompanied by a probe that can appear anywhere on the horizontal axis of the screen.\n\nThe probe is a circular disk that will be flashed for a very brief time.\n\nThis probe is embedded in another Rapid Stream of letters.\n\nYour task is identify the foveal letter that was present when the probe appeared.\n\nOnce you've identified the letter after the trial ends, type it out on the keyboard.\n\nOh! And one more thing! You will perform this task while fixating in the center, and detecting the probe with your peripheral vision.\n\nIf you're feeling uncomfortable, you can press ESC key any time to stop the experiment.\n\nPress any key when you are ready to begin the experiment.\n\n"
13.8496 	EXP 	text: autoDraw = True
14.7457 	DATA 	Keypress: space
14.7475 	EXP 	text: autoDraw = False
14.7476 	INFO 	Experiment will have 280 trials. Letters will be drawn with superposed noise of0.00%
14.7476 	INFO 	Starting main (non-staircase) part of experiment
15.1221 	EXP 	window1: mouseVisible = True
