11.9311 	ERROR 	Screen apparently NOT the desired resolution of 3840x2160 pixels!!
1594.5815 	WARNING 	User requested fullscreen with size [3840 2160], but screen is actually [2560, 1440]. Using actual size
1595.5633 	INFO 	Successfully set darwin thread to realtime
1596.6306 	INFO 	#[ PsychoPy3 RuntimeInfoStart ]
  #[[ PsychoPy ]] #---------
    psychopyVersion: 3.2.3
    psychopyHaveExtRush: True
  #[[ Experiment ]] #---------
    experimentRunTime: 2020_03_05 16:34 (Year_Month_Day Hour:Min)
    experimentRunTime.epoch: 1583444044
    experimentScript: Experiment 5.py
    experimentScript.digestSHA1: ec82aa271b6170351b68a0a02b280cb508f7a767
    experimentScript.directory: /Users/vsg/Documents/GitHub/spatio_temporal_information_processing/Time_Subjective_Expansion/Jon_Ian_collaboration
  #[[ System ]] #---------
    systemHaveInternetAccess: True
    systemHostName: pbs-jf-imac.win.ad.jhu.edu
    systemLocale: C
    systemMemFreeRAM: 2631.9609375
    systemMemTotalRAM: 8192.0
    systemPlatform: darwin 10.13.6 x86_64
    systemPyoVersion: -
    systemRebooted: Feb 7 20:28
    systemSec.OpenSSLVersion: LibreSSL 2.2.7
    systemSec.pythonSSL: True
    systemTimeNumpySD1000000_sec: 0.0042
    systemUser: vsg
    systemUserID: 502
    systemUsersCount: 1
  #[[ Window ]] #---------
    windowWinType: pyglet
    windowUnits: deg
    windowSize_pix: [5120 2880]
    windowScreen: 0
    windowRgb: [255. 255. 255.]
    windowRefreshTimeSD_ms: 0.653
    windowRefreshTimeMedian_ms: 16.666
    windowRefreshTimeAvg_ms: 16.664
    windowPos_pix: [0.0, 0.0]
    windowMonitor.name: testmonitor
    windowMonitor.getWidth_cm: 56.0
    windowMonitor.getDistance_cm: 65.0
    windowMonitor.currentCalibName: 2020_02_04 15:59
    windowIsFullScr: True
  #[[ Python ]] #---------
    pythonVersion: 3.6.1
  #[[ OpenGL ]] #---------
#[ PsychoPy3 RuntimeInfoEnd ]

1596.7256 	EXP 	Created text = TextStim(__class__=<class 'psychopy.visual.text.TextStim'>, alignHoriz='center', alignVert='center', antialias=True, autoLog=True, bold=False, color='black', colorSpace='named', contrast=1.0, depth=-1.0, flipHoriz=False, flipVert=False, font='Arial', fontFiles=[], height=0.35, italic=False, languageStyle='LTR', name='text', opacity=1.0, ori=0, pos=array([0., 0.]), rgb=array([0., 0., 0.]), text=str(...), units='deg', win=Window(...), wrapWidth=20)
1596.7315 	EXP 	Created text = TextStim(__class__=<class 'psychopy.visual.text.TextStim'>, alignHoriz='center', alignVert='center', antialias=True, autoLog=True, bold=False, color='black', colorSpace='named', contrast=1.0, depth=-1.0, flipHoriz=False, flipVert=False, font='Arial', fontFiles=[], height=0.35, italic=False, languageStyle='LTR', name='text', opacity=1.0, ori=0, pos=array([5., 5.]), rgb=array([0., 0., 0.]), text='Total points : 0', units='deg', win=Window(...), wrapWidth=20)
1596.7981 	EXP 	text: text = 'Welcome! Thank you for agreeing to participate in this study.\n\nIn this study, we want to examine your ability to perceive duration — how long something lasts.\n\nThe task is simple. In each trial, you will see a disc appear on the screen and then disappear. There will be four such disks. We want you to pay attention to how long the last disc lasts. Get a sense of its duration.\n\nThe fourth disk could be either the same / different type depending on the trial. After the fourth disc disappears it will be your turn to report its duration. Press and hold down the spacebar. \n\nPress any key to continue to the next page. \n\n'
1596.7981 	EXP 	text: autoDraw = True
1708.4012 	DATA 	Keypress: space
1708.4022 	EXP 	text: autoDraw = False
1708.4796 	EXP 	text: text = "We really want you to be as accurate as you can. So a game will be played to make it more fun. We want you to hold down the space bar for as long as you saw the last disc lasted, but no longer! The closer you get to the right answer, the more points we will award you in that trial. But if you go over the actual duration you won't get any points on that trial. So you need to be as accurate as possible without going over to earn the max. Each trial will be for 10 points. There are about 100 trials. If you collect a total of 600 points by the end, we will double the credit you get for the experiment.\n\nIf you're feeling uncomfortable, you can press ESC key any time to stop the experiment.\n\nPress any key you are ready to do some practice trials.\n\n"
1708.4796 	EXP 	text: autoDraw = True
1757.1599 	DATA 	Keypress: space
1757.1608 	EXP 	text: autoDraw = False
1757.1691 	EXP 	text: autoDraw = True
1764.4122 	EXP 	text: text = 'Press and hold [SPACE] to report the duration of the stimulus'
1764.4122 	EXP 	text: autoDraw = True
1765.0639 	DATA 	Keypress: space
1765.0711 	EXP 	text: autoDraw = False
1765.8303 	WARNING 	Stopping key buffers but this could be dangerous ifother keyboards rely on the same.
1765.8635 	EXP 	text: text = 'You earned 9.6 out of 10 points in this round.\n\n Press [SPACE] to advance'
1765.8635 	EXP 	text: autoDraw = True
1767.5438 	DATA 	Keypress: space
1767.5511 	EXP 	text: autoDraw = False
1767.5723 	EXP 	text: text = 'Total points : 9.6'
1775.4928 	EXP 	text: text = 'Press and hold [SPACE] to report the duration of the stimulus'
1775.4928 	EXP 	text: autoDraw = True
1776.4879 	DATA 	Keypress: space
1776.4953 	EXP 	text: autoDraw = False
1777.0383 	WARNING 	Stopping key buffers but this could be dangerous ifother keyboards rely on the same.
1777.0655 	EXP 	text: text = 'You earned 4.5 out of 10 points in this round.\n\n Press [SPACE] to advance'
1777.0655 	EXP 	text: autoDraw = True
1778.3037 	DATA 	Keypress: space
1778.3107 	EXP 	text: autoDraw = False
1778.3264 	EXP 	text: text = 'Total points : 14.1'
1787.4464 	EXP 	text: text = 'Press and hold [SPACE] to report the duration of the stimulus'
1787.4464 	EXP 	text: autoDraw = True
1788.3359 	DATA 	Keypress: space
1788.3424 	EXP 	text: autoDraw = False
1789.2063 	WARNING 	Stopping key buffers but this could be dangerous ifother keyboards rely on the same.
1789.2374 	EXP 	text: text = 'You earned 4.7 out of 10 points in this round.\n\n Press [SPACE] to advance'
1789.2374 	EXP 	text: autoDraw = True
1790.2237 	DATA 	Keypress: space
1790.2309 	EXP 	text: autoDraw = False
1790.2590 	EXP 	text: text = 'Total points : 18.8'
1790.2590 	EXP 	text: text = 'Total points : 0'
1790.2590 	EXP 	text: text = 'Great! Now press any key to begin the experiment'
1790.2590 	EXP 	text: autoDraw = True
1802.7358 	DATA 	Keypress: space
1802.7432 	EXP 	text: autoDraw = False
1810.4717 	EXP 	text: text = 'Press and hold [SPACE] to report the duration of the stimulus'
1810.4717 	EXP 	text: autoDraw = True
1811.2479 	DATA 	Keypress: space
1811.2553 	EXP 	text: autoDraw = False
1812.0942 	WARNING 	Stopping key buffers but this could be dangerous ifother keyboards rely on the same.
1812.1209 	EXP 	text: text = 'You earned 9.0 out of 10 points in this round.\n\n Press [SPACE] to advance'
1812.1209 	EXP 	text: autoDraw = True
1813.2797 	DATA 	Keypress: space
1813.2866 	EXP 	text: autoDraw = False
1813.3044 	EXP 	text: text = 'Total points : 9.0'
1821.3083 	EXP 	text: text = 'Press and hold [SPACE] to report the duration of the stimulus'
1821.3083 	EXP 	text: autoDraw = True
1822.0162 	DATA 	Keypress: space
1822.0234 	EXP 	text: autoDraw = False
1822.9024 	WARNING 	Stopping key buffers but this could be dangerous ifother keyboards rely on the same.
1822.9253 	EXP 	text: text = 'You earned 8.4 out of 10 points in this round.\n\n Press [SPACE] to advance'
1822.9253 	EXP 	text: autoDraw = True
1823.8797 	DATA 	Keypress: space
1823.8870 	EXP 	text: autoDraw = False
1823.9073 	EXP 	text: text = 'Total points : 17.4'
1831.0280 	EXP 	text: text = 'Press and hold [SPACE] to report the duration of the stimulus'
1831.0280 	EXP 	text: autoDraw = True
1831.7599 	DATA 	Keypress: space
1831.7672 	EXP 	text: autoDraw = False
1832.4782 	WARNING 	Stopping key buffers but this could be dangerous ifother keyboards rely on the same.
1832.4986 	EXP 	text: text = 'You earned 9.4 out of 10 points in this round.\n\n Press [SPACE] to advance'
1832.4986 	EXP 	text: autoDraw = True
1833.2797 	DATA 	Keypress: space
1833.2868 	EXP 	text: autoDraw = False
1833.2954 	EXP 	text: text = 'Total points : 26.8'
1842.4137 	EXP 	text: text = 'Press and hold [SPACE] to report the duration of the stimulus'
1842.4137 	EXP 	text: autoDraw = True
1842.9199 	DATA 	Keypress: space
1842.9265 	EXP 	text: autoDraw = False
1843.5263 	WARNING 	Stopping key buffers but this could be dangerous ifother keyboards rely on the same.
1843.5485 	EXP 	text: text = 'You earned 2.8 out of 10 points in this round.\n\n Press [SPACE] to advance'
1843.5485 	EXP 	text: autoDraw = True
1844.5198 	DATA 	Keypress: space
1844.5270 	EXP 	text: autoDraw = False
1844.5491 	EXP 	text: text = 'Total points : 29.6'
1853.1509 	EXP 	text: text = 'Press and hold [SPACE] to report the duration of the stimulus'
1853.1509 	EXP 	text: autoDraw = True
1853.5918 	DATA 	Keypress: space
1853.5972 	EXP 	text: autoDraw = False
1853.9423 	WARNING 	Stopping key buffers but this could be dangerous ifother keyboards rely on the same.
1853.9680 	EXP 	text: text = 'You earned 2.1 out of 10 points in this round.\n\n Press [SPACE] to advance'
1853.9680 	EXP 	text: autoDraw = True
1854.9519 	DATA 	Keypress: space
1854.9592 	EXP 	text: autoDraw = False
1854.9695 	EXP 	text: text = 'Total points : 31.7'
1865.1721 	EXP 	text: text = 'Press and hold [SPACE] to report the duration of the stimulus'
1865.1721 	EXP 	text: autoDraw = True
1865.7119 	DATA 	Keypress: space
1865.7177 	EXP 	text: autoDraw = False
1866.5023 	WARNING 	Stopping key buffers but this could be dangerous ifother keyboards rely on the same.
1866.5228 	EXP 	text: text = 'You earned 2.3 out of 10 points in this round.\n\n Press [SPACE] to advance'
1866.5228 	EXP 	text: autoDraw = True
1867.3039 	DATA 	Keypress: space
1867.3112 	EXP 	text: autoDraw = False
1867.3213 	EXP 	text: text = 'Total points : 34.0'
1875.9261 	EXP 	text: text = 'Press and hold [SPACE] to report the duration of the stimulus'
1875.9261 	EXP 	text: autoDraw = True
1876.6638 	DATA 	Keypress: space
1876.6709 	EXP 	text: autoDraw = False
1877.2542 	WARNING 	Stopping key buffers but this could be dangerous ifother keyboards rely on the same.
1877.2756 	EXP 	text: text = 'You earned 3.4 out of 10 points in this round.\n\n Press [SPACE] to advance'
1877.2756 	EXP 	text: autoDraw = True
1878.1117 	DATA 	Keypress: space
1878.1190 	EXP 	text: autoDraw = False
1878.1255 	EXP 	text: text = 'Total points : 37.4'
1887.2449 	EXP 	text: text = 'Press and hold [SPACE] to report the duration of the stimulus'
1887.2449 	EXP 	text: autoDraw = True
1888.0719 	DATA 	Keypress: space
1888.0789 	EXP 	text: autoDraw = False
1888.7902 	WARNING 	Stopping key buffers but this could be dangerous ifother keyboards rely on the same.
1888.8121 	EXP 	text: text = 'You earned 3.5 out of 10 points in this round.\n\n Press [SPACE] to advance'
1888.8121 	EXP 	text: autoDraw = True
1890.3038 	DATA 	Keypress: space
1890.3091 	EXP 	text: autoDraw = False
1890.3306 	EXP 	text: text = 'Total points : 40.9'
1897.7317 	EXP 	text: text = 'Press and hold [SPACE] to report the duration of the stimulus'
1897.7317 	EXP 	text: autoDraw = True
1898.6879 	DATA 	Keypress: space
1898.6945 	EXP 	text: autoDraw = False
1899.1103 	WARNING 	Stopping key buffers but this could be dangerous ifother keyboards rely on the same.
1899.1333 	EXP 	text: text = 'You earned 4.5 out of 10 points in this round.\n\n Press [SPACE] to advance'
1899.1333 	EXP 	text: autoDraw = True
1900.2960 	DATA 	Keypress: space
1900.3032 	EXP 	text: autoDraw = False
1900.3170 	EXP 	text: text = 'Total points : 45.4'
1908.3350 	EXP 	text: text = 'Press and hold [SPACE] to report the duration of the stimulus'
1908.3350 	EXP 	text: autoDraw = True
1909.2160 	DATA 	Keypress: space
1909.2234 	EXP 	text: autoDraw = False
1909.9263 	WARNING 	Stopping key buffers but this could be dangerous ifother keyboards rely on the same.
1909.9542 	EXP 	text: text = 'You earned 5.9 out of 10 points in this round.\n\n Press [SPACE] to advance'
1909.9542 	EXP 	text: autoDraw = True
1911.1437 	DATA 	Keypress: space
1911.1492 	EXP 	text: autoDraw = False
1911.1696 	EXP 	text: text = 'Total points : 51.3'
1918.5717 	EXP 	text: text = 'Press and hold [SPACE] to report the duration of the stimulus'
1918.5717 	EXP 	text: autoDraw = True
1919.6158 	DATA 	Keypress: space
1919.6229 	EXP 	text: autoDraw = False
1920.2224 	WARNING 	Stopping key buffers but this could be dangerous ifother keyboards rely on the same.
1920.2431 	EXP 	text: text = 'You earned 6.5 out of 10 points in this round.\n\n Press [SPACE] to advance'
1920.2431 	EXP 	text: autoDraw = True
1921.5197 	DATA 	Keypress: space
1921.5271 	EXP 	text: autoDraw = False
1921.5392 	EXP 	text: text = 'Total points : 57.8'
1928.6583 	EXP 	text: text = 'Press and hold [SPACE] to report the duration of the stimulus'
1928.6583 	EXP 	text: autoDraw = True
1929.3918 	DATA 	Keypress: space
1929.3992 	EXP 	text: autoDraw = False
1929.9582 	WARNING 	Stopping key buffers but this could be dangerous ifother keyboards rely on the same.
1929.9787 	EXP 	text: text = 'You earned 6.9 out of 10 points in this round.\n\n Press [SPACE] to advance'
1929.9787 	EXP 	text: autoDraw = True
1930.7039 	DATA 	Keypress: space
1930.7112 	EXP 	text: autoDraw = False
1930.7267 	EXP 	text: text = 'Total points : 64.7'
1939.0448 	EXP 	text: text = 'Press and hold [SPACE] to report the duration of the stimulus'
1939.0448 	EXP 	text: autoDraw = True
1939.7278 	DATA 	Keypress: space
1939.7352 	EXP 	text: autoDraw = False
1940.5423 	WARNING 	Stopping key buffers but this could be dangerous ifother keyboards rely on the same.
1940.5636 	EXP 	text: text = 'You earned 6.3 out of 10 points in this round.\n\n Press [SPACE] to advance'
1940.5636 	EXP 	text: autoDraw = True
1941.3197 	DATA 	Keypress: space
1941.3256 	EXP 	text: autoDraw = False
1941.3455 	EXP 	text: text = 'Total points : 71.0'
1949.9493 	EXP 	text: text = 'Press and hold [SPACE] to report the duration of the stimulus'
1949.9493 	EXP 	text: autoDraw = True
1950.8639 	DATA 	Keypress: space
1950.8712 	EXP 	text: autoDraw = False
1951.8862 	WARNING 	Stopping key buffers but this could be dangerous ifother keyboards rely on the same.
1951.9163 	EXP 	text: text = 'You earned 8.2 out of 10 points in this round.\n\n Press [SPACE] to advance'
1951.9163 	EXP 	text: autoDraw = True
1953.2558 	DATA 	Keypress: space
1953.2622 	EXP 	text: autoDraw = False
1953.2829 	EXP 	text: text = 'Total points : 79.2'
1963.4871 	EXP 	text: text = 'Press and hold [SPACE] to report the duration of the stimulus'
1963.4871 	EXP 	text: autoDraw = True
1964.1359 	DATA 	Keypress: space
1964.1433 	EXP 	text: autoDraw = False
1965.0862 	WARNING 	Stopping key buffers but this could be dangerous ifother keyboards rely on the same.
1965.1069 	EXP 	text: text = 'You earned 3.2 out of 10 points in this round.\n\n Press [SPACE] to advance'
1965.1069 	EXP 	text: autoDraw = True
1966.2797 	DATA 	Keypress: space
1966.2866 	EXP 	text: autoDraw = False
1966.3037 	EXP 	text: text = 'Total points : 82.4'
1973.7233 	EXP 	text: text = 'Press and hold [SPACE] to report the duration of the stimulus'
1973.7233 	EXP 	text: autoDraw = True
1974.5763 	DATA 	Keypress: space
1974.5836 	EXP 	text: autoDraw = False
1975.4063 	WARNING 	Stopping key buffers but this could be dangerous ifother keyboards rely on the same.
1975.4267 	EXP 	text: text = 'You earned 9.9 out of 10 points in this round.\n\n Press [SPACE] to advance'
1975.4267 	EXP 	text: autoDraw = True
1976.8957 	DATA 	Keypress: space
1976.9031 	EXP 	text: autoDraw = False
1976.9241 	EXP 	text: text = 'Total points : 92.3'
1985.2613 	EXP 	text: text = 'Press and hold [SPACE] to report the duration of the stimulus'
1985.2613 	EXP 	text: autoDraw = True
1986.0318 	DATA 	Keypress: space
1986.0392 	EXP 	text: autoDraw = False
1987.2783 	WARNING 	Stopping key buffers but this could be dangerous ifother keyboards rely on the same.
1987.2953 	EXP 	text: text = 'Total points : 92.3'
1987.2953 	EXP 	text: text = 'Your response exceeded the actual time.\n\n Press [SPACE] to advance'
1987.2953 	EXP 	text: autoDraw = True
1988.6557 	DATA 	Keypress: space
1988.6632 	EXP 	text: autoDraw = False
1997.8140 	EXP 	text: text = 'Press and hold [SPACE] to report the duration of the stimulus'
1997.8140 	EXP 	text: autoDraw = True
1998.4319 	DATA 	Keypress: space
1998.4393 	EXP 	text: autoDraw = False
1999.0623 	WARNING 	Stopping key buffers but this could be dangerous ifother keyboards rely on the same.
1999.0826 	EXP 	text: text = 'You earned 2.9 out of 10 points in this round.\n\n Press [SPACE] to advance'
1999.0826 	EXP 	text: autoDraw = True
2000.3919 	DATA 	Keypress: space
2000.3992 	EXP 	text: autoDraw = False
2000.4156 	EXP 	text: text = 'Total points : 95.2'
2010.0195 	EXP 	text: text = 'Press and hold [SPACE] to report the duration of the stimulus'
2010.0195 	EXP 	text: autoDraw = True
2010.7279 	DATA 	Keypress: space
2010.7349 	EXP 	text: autoDraw = False
2011.4223 	WARNING 	Stopping key buffers but this could be dangerous ifother keyboards rely on the same.
2011.4534 	EXP 	text: text = 'You earned 2.6 out of 10 points in this round.\n\n Press [SPACE] to advance'
2011.4534 	EXP 	text: autoDraw = True
2012.6637 	DATA 	Keypress: space
2012.6710 	EXP 	text: autoDraw = False
2012.6854 	EXP 	text: text = 'Total points : 97.8'
2022.8890 	EXP 	text: text = 'Press and hold [SPACE] to report the duration of the stimulus'
2022.8890 	EXP 	text: autoDraw = True
2023.6399 	DATA 	Keypress: space
2023.6471 	EXP 	text: autoDraw = False
2024.3103 	WARNING 	Stopping key buffers but this could be dangerous ifother keyboards rely on the same.
2024.3393 	EXP 	text: text = 'You earned 1.8 out of 10 points in this round.\n\n Press [SPACE] to advance'
2024.3393 	EXP 	text: autoDraw = True
2025.6718 	DATA 	Keypress: space
2025.6791 	EXP 	text: autoDraw = False
2025.6902 	EXP 	text: text = 'Total points : 99.6'
2035.2936 	EXP 	text: text = 'Press and hold [SPACE] to report the duration of the stimulus'
2035.2936 	EXP 	text: autoDraw = True
2035.9358 	DATA 	Keypress: space
2035.9428 	EXP 	text: autoDraw = False
2036.9583 	WARNING 	Stopping key buffers but this could be dangerous ifother keyboards rely on the same.
2036.9788 	EXP 	text: text = 'You earned 5.0 out of 10 points in this round.\n\n Press [SPACE] to advance'
2036.9788 	EXP 	text: autoDraw = True
2038.1357 	DATA 	Keypress: space
2038.1428 	EXP 	text: autoDraw = False
2038.1604 	EXP 	text: text = 'Total points : 104.6'
2048.0805 	EXP 	text: text = 'Press and hold [SPACE] to report the duration of the stimulus'
2048.0805 	EXP 	text: autoDraw = True
2048.7839 	DATA 	Keypress: space
2048.7912 	EXP 	text: autoDraw = False
2049.5824 	WARNING 	Stopping key buffers but this could be dangerous ifother keyboards rely on the same.
2049.6030 	EXP 	text: text = 'You earned 2.7 out of 10 points in this round.\n\n Press [SPACE] to advance'
2049.6030 	EXP 	text: autoDraw = True
2050.5840 	DATA 	Keypress: space
2050.5914 	EXP 	text: autoDraw = False
2050.5979 	EXP 	text: text = 'Total points : 107.3'
2060.8024 	EXP 	text: text = 'Press and hold [SPACE] to report the duration of the stimulus'
2060.8024 	EXP 	text: autoDraw = True
2061.5758 	DATA 	Keypress: space
2061.5812 	EXP 	text: autoDraw = False
2062.3902 	WARNING 	Stopping key buffers but this could be dangerous ifother keyboards rely on the same.
2062.4184 	EXP 	text: text = 'You earned 2.4 out of 10 points in this round.\n\n Press [SPACE] to advance'
2062.4184 	EXP 	text: autoDraw = True
2063.3358 	DATA 	Keypress: space
2063.3431 	EXP 	text: autoDraw = False
2063.3510 	EXP 	text: text = 'Total points : 109.7'
2070.7558 	EXP 	text: text = 'Press and hold [SPACE] to report the duration of the stimulus'
2070.7558 	EXP 	text: autoDraw = True
2072.2079 	DATA 	Keypress: space
2072.2152 	EXP 	text: autoDraw = False
2073.0944 	WARNING 	Stopping key buffers but this could be dangerous ifother keyboards rely on the same.
2073.1117 	EXP 	text: text = 'Total points : 109.7'
2073.1117 	EXP 	text: text = 'Your response exceeded the actual time.\n\n Press [SPACE] to advance'
2073.1117 	EXP 	text: autoDraw = True
2074.0238 	DATA 	Keypress: space
2074.0312 	EXP 	text: autoDraw = False
2083.1753 	EXP 	text: text = 'Press and hold [SPACE] to report the duration of the stimulus'
2083.1753 	EXP 	text: autoDraw = True
2084.7038 	DATA 	Keypress: space
2084.7112 	EXP 	text: autoDraw = False
2085.5183 	WARNING 	Stopping key buffers but this could be dangerous ifother keyboards rely on the same.
2085.5436 	EXP 	text: text = 'You earned 4.2 out of 10 points in this round.\n\n Press [SPACE] to advance'
2085.5436 	EXP 	text: autoDraw = True
2086.7198 	DATA 	Keypress: space
2086.7268 	EXP 	text: autoDraw = False
2086.7424 	EXP 	text: text = 'Total points : 113.9'
2096.7200 	DATA 	Keypress: space
2096.9463 	EXP 	text: text = 'Press and hold [SPACE] to report the duration of the stimulus'
2096.9463 	EXP 	text: autoDraw = True
2098.4637 	DATA 	Keypress: space
2098.4709 	EXP 	text: autoDraw = False
2099.6144 	WARNING 	Stopping key buffers but this could be dangerous ifother keyboards rely on the same.
2099.6350 	EXP 	text: text = 'You earned 4.7 out of 10 points in this round.\n\n Press [SPACE] to advance'
2099.6350 	EXP 	text: autoDraw = True
2100.4960 	DATA 	Keypress: space
2100.5032 	EXP 	text: autoDraw = False
2100.5135 	EXP 	text: text = 'Total points : 118.6'
2108.2924 	DATA 	Keypress: space
2108.5166 	EXP 	text: text = 'Press and hold [SPACE] to report the duration of the stimulus'
2108.5166 	EXP 	text: autoDraw = True
2109.7756 	DATA 	Keypress: space
2109.7826 	EXP 	text: autoDraw = False
2110.7663 	WARNING 	Stopping key buffers but this could be dangerous ifother keyboards rely on the same.
2110.7868 	EXP 	text: text = 'You earned 9.7 out of 10 points in this round.\n\n Press [SPACE] to advance'
2110.7868 	EXP 	text: autoDraw = True
2111.6876 	DATA 	Keypress: space
2111.6949 	EXP 	text: autoDraw = False
2111.7015 	EXP 	text: text = 'Total points : 128.3'
2118.7207 	DATA 	Keypress: space
2119.4209 	EXP 	text: text = 'Press and hold [SPACE] to report the duration of the stimulus'
2119.4209 	EXP 	text: autoDraw = True
2120.9120 	DATA 	Keypress: space
2120.9169 	EXP 	text: autoDraw = False
2121.6383 	WARNING 	Stopping key buffers but this could be dangerous ifother keyboards rely on the same.
2121.6587 	EXP 	text: text = 'You earned 7.1 out of 10 points in this round.\n\n Press [SPACE] to advance'
2121.6587 	EXP 	text: autoDraw = True
2122.3837 	DATA 	Keypress: space
2122.3911 	EXP 	text: autoDraw = False
2122.4041 	EXP 	text: text = 'Total points : 135.4'
2130.7248 	EXP 	text: text = 'Press and hold [SPACE] to report the duration of the stimulus'
2130.7248 	EXP 	text: autoDraw = True
2131.3439 	DATA 	Keypress: space
2131.3512 	EXP 	text: autoDraw = False
2132.1742 	WARNING 	Stopping key buffers but this could be dangerous ifother keyboards rely on the same.
2132.1949 	EXP 	text: text = 'You earned 6.5 out of 10 points in this round.\n\n Press [SPACE] to advance'
2132.1949 	EXP 	text: autoDraw = True
2132.9038 	DATA 	Keypress: space
2132.9112 	EXP 	text: autoDraw = False
2132.9239 	EXP 	text: text = 'Total points : 141.9'
2141.2446 	EXP 	text: text = 'Press and hold [SPACE] to report the duration of the stimulus'
2141.2446 	EXP 	text: autoDraw = True
2142.6398 	DATA 	Keypress: space
2142.6470 	EXP 	text: autoDraw = False
2143.3343 	WARNING 	Stopping key buffers but this could be dangerous ifother keyboards rely on the same.
2143.3615 	EXP 	text: text = 'You earned 4.9 out of 10 points in this round.\n\n Press [SPACE] to advance'
2143.3615 	EXP 	text: autoDraw = True
2144.0398 	DATA 	Keypress: space
2144.0470 	EXP 	text: autoDraw = False
2144.0612 	EXP 	text: text = 'Total points : 146.8'
2153.6644 	EXP 	text: text = 'Press and hold [SPACE] to report the duration of the stimulus'
2153.6644 	EXP 	text: autoDraw = True
2155.7998 	DATA 	Keypress: space
2155.8071 	EXP 	text: autoDraw = False
2156.8463 	WARNING 	Stopping key buffers but this could be dangerous ifother keyboards rely on the same.
2156.8674 	EXP 	text: text = 'You earned 5.2 out of 10 points in this round.\n\n Press [SPACE] to advance'
2156.8674 	EXP 	text: autoDraw = True
2157.6798 	DATA 	Keypress: space
2157.6870 	EXP 	text: autoDraw = False
2157.6983 	EXP 	text: text = 'Total points : 152.0'
2166.8189 	EXP 	text: text = 'Press and hold [SPACE] to report the duration of the stimulus'
2166.8189 	EXP 	text: autoDraw = True
2168.2319 	DATA 	Keypress: space
2168.2393 	EXP 	text: autoDraw = False
2169.2063 	WARNING 	Stopping key buffers but this could be dangerous ifother keyboards rely on the same.
2169.2362 	EXP 	text: text = 'You earned 5.8 out of 10 points in this round.\n\n Press [SPACE] to advance'
2169.2362 	EXP 	text: autoDraw = True
2170.2958 	DATA 	Keypress: space
2170.3028 	EXP 	text: autoDraw = False
2170.3207 	EXP 	text: text = 'Total points : 157.8'
2179.9241 	EXP 	text: text = 'Press and hold [SPACE] to report the duration of the stimulus'
2179.9241 	EXP 	text: autoDraw = True
2180.9519 	DATA 	Keypress: space
2180.9592 	EXP 	text: autoDraw = False
2181.6384 	WARNING 	Stopping key buffers but this could be dangerous ifother keyboards rely on the same.
2181.6590 	EXP 	text: text = 'You earned 2.5 out of 10 points in this round.\n\n Press [SPACE] to advance'
2181.6590 	EXP 	text: autoDraw = True
2183.4797 	DATA 	Keypress: space
2183.4866 	EXP 	text: autoDraw = False
2183.5074 	EXP 	text: text = 'Total points : 160.3'
2193.7112 	EXP 	text: text = 'Press and hold [SPACE] to report the duration of the stimulus'
2193.7112 	EXP 	text: autoDraw = True
2194.5438 	DATA 	Keypress: space
2194.5512 	EXP 	text: autoDraw = False
2195.5662 	WARNING 	Stopping key buffers but this could be dangerous ifother keyboards rely on the same.
2195.5957 	EXP 	text: text = 'You earned 3.7 out of 10 points in this round.\n\n Press [SPACE] to advance'
2195.5957 	EXP 	text: autoDraw = True
2196.8239 	DATA 	Keypress: space
2196.8312 	EXP 	text: autoDraw = False
2196.8450 	EXP 	text: text = 'Total points : 164.0'
2203.9639 	EXP 	text: text = 'Press and hold [SPACE] to report the duration of the stimulus'
2203.9639 	EXP 	text: autoDraw = True
2204.8317 	DATA 	Keypress: space
2204.8389 	EXP 	text: autoDraw = False
2205.4703 	WARNING 	Stopping key buffers but this could be dangerous ifother keyboards rely on the same.
2205.4991 	EXP 	text: text = 'You earned 8.0 out of 10 points in this round.\n\n Press [SPACE] to advance'
2205.4991 	EXP 	text: autoDraw = True
2207.6798 	DATA 	Keypress: space
2207.6872 	EXP 	text: autoDraw = False
2207.6993 	EXP 	text: text = 'Total points : 172.0'
2216.0194 	EXP 	text: text = 'Press and hold [SPACE] to report the duration of the stimulus'
2216.0194 	EXP 	text: autoDraw = True
2216.9198 	DATA 	Keypress: space
2216.9272 	EXP 	text: autoDraw = False
2217.5183 	WARNING 	Stopping key buffers but this could be dangerous ifother keyboards rely on the same.
2217.5388 	EXP 	text: text = 'You earned 4.1 out of 10 points in this round.\n\n Press [SPACE] to advance'
2217.5388 	EXP 	text: autoDraw = True
2218.6238 	DATA 	Keypress: space
2218.6312 	EXP 	text: autoDraw = False
2218.6521 	EXP 	text: text = 'Total points : 176.1'
2226.3397 	DATA 	Keypress: space
2227.2554 	EXP 	text: text = 'Press and hold [SPACE] to report the duration of the stimulus'
2227.2554 	EXP 	text: autoDraw = True
2228.2158 	DATA 	Keypress: space
2228.2227 	EXP 	text: autoDraw = False
2228.9982 	WARNING 	Stopping key buffers but this could be dangerous ifother keyboards rely on the same.
2229.0224 	EXP 	text: text = 'You earned 5.1 out of 10 points in this round.\n\n Press [SPACE] to advance'
2229.0224 	EXP 	text: autoDraw = True
2230.0718 	DATA 	Keypress: space
2230.0790 	EXP 	text: autoDraw = False
2230.0891 	EXP 	text: text = 'Total points : 181.2'
2238.4653 	DATA 	Keypress: space
2238.6940 	EXP 	text: text = 'Press and hold [SPACE] to report the duration of the stimulus'
2238.6940 	EXP 	text: autoDraw = True
2239.9118 	DATA 	Keypress: space
2239.9190 	EXP 	text: autoDraw = False
2240.9342 	WARNING 	Stopping key buffers but this could be dangerous ifother keyboards rely on the same.
2240.9608 	EXP 	text: text = 'You earned 8.2 out of 10 points in this round.\n\n Press [SPACE] to advance'
2240.9608 	EXP 	text: autoDraw = True
2241.8317 	DATA 	Keypress: space
2241.8388 	EXP 	text: autoDraw = False
2241.8595 	EXP 	text: text = 'Total points : 189.4'
2251.5557 	DATA 	Keypress: space
2251.7812 	EXP 	text: text = 'Press and hold [SPACE] to report the duration of the stimulus'
2251.7812 	EXP 	text: autoDraw = True
2252.9037 	DATA 	Keypress: space
2252.9094 	EXP 	text: autoDraw = False
2253.8543 	WARNING 	Stopping key buffers but this could be dangerous ifother keyboards rely on the same.
2253.8805 	EXP 	text: text = 'You earned 3.7 out of 10 points in this round.\n\n Press [SPACE] to advance'
2253.8805 	EXP 	text: autoDraw = True
2255.8397 	DATA 	Keypress: space
2255.8467 	EXP 	text: autoDraw = False
2255.8652 	EXP 	text: text = 'Total points : 193.1'
2263.2399 	DATA 	Keypress: space
2264.4671 	EXP 	text: text = 'Press and hold [SPACE] to report the duration of the stimulus'
2264.4671 	EXP 	text: autoDraw = True
2265.7757 	DATA 	Keypress: space
2265.7826 	EXP 	text: autoDraw = False
2266.7742 	WARNING 	Stopping key buffers but this could be dangerous ifother keyboards rely on the same.
2266.8014 	EXP 	text: text = 'You earned 7.8 out of 10 points in this round.\n\n Press [SPACE] to advance'
2266.8014 	EXP 	text: autoDraw = True
2267.7118 	DATA 	Keypress: space
2267.7188 	EXP 	text: autoDraw = False
2267.7348 	EXP 	text: text = 'Total points : 200.9'
2277.1114 	DATA 	Keypress: space
2277.3379 	EXP 	text: text = 'Press and hold [SPACE] to report the duration of the stimulus'
2277.3379 	EXP 	text: autoDraw = True
2278.1998 	DATA 	Keypress: space
2278.2072 	EXP 	text: autoDraw = False
2278.9183 	WARNING 	Stopping key buffers but this could be dangerous ifother keyboards rely on the same.
2278.9387 	EXP 	text: text = 'You earned 2.7 out of 10 points in this round.\n\n Press [SPACE] to advance'
2278.9387 	EXP 	text: autoDraw = True
2280.0878 	DATA 	Keypress: space
2280.0951 	EXP 	text: autoDraw = False
2280.1058 	EXP 	text: text = 'Total points : 203.6'
2287.2815 	DATA 	Keypress: space
2287.5082 	EXP 	text: text = 'Press and hold [SPACE] to report the duration of the stimulus'
2287.5082 	EXP 	text: autoDraw = True
2289.0396 	DATA 	Keypress: space
2289.0469 	EXP 	text: autoDraw = False
2289.6224 	WARNING 	Stopping key buffers but this could be dangerous ifother keyboards rely on the same.
2289.6426 	EXP 	text: text = 'You earned 6.2 out of 10 points in this round.\n\n Press [SPACE] to advance'
2289.6426 	EXP 	text: autoDraw = True
2290.6157 	DATA 	Keypress: space
2290.6215 	EXP 	text: autoDraw = False
2290.6431 	EXP 	text: text = 'Total points : 209.8'
2298.7786 	DATA 	Keypress: space
2299.7630 	EXP 	text: text = 'Press and hold [SPACE] to report the duration of the stimulus'
2299.7630 	EXP 	text: autoDraw = True
2300.6957 	DATA 	Keypress: space
2300.7031 	EXP 	text: autoDraw = False
2300.8142 	WARNING 	Stopping key buffers but this could be dangerous ifother keyboards rely on the same.
2300.8299 	EXP 	text: text = 'You earned 1.0 out of 10 points in this round.\n\n Press [SPACE] to advance'
2300.8299 	EXP 	text: autoDraw = True
2301.2877 	DATA 	Keypress: space
2301.2947 	EXP 	text: autoDraw = False
2301.3134 	EXP 	text: text = 'Total points : 210.8'
2309.9373 	EXP 	text: text = 'Press and hold [SPACE] to report the duration of the stimulus'
2309.9373 	EXP 	text: autoDraw = True
2310.6238 	DATA 	Keypress: space
2310.6309 	EXP 	text: autoDraw = False
2311.3584 	WARNING 	Stopping key buffers but this could be dangerous ifother keyboards rely on the same.
2311.3825 	EXP 	text: text = 'You earned 4.6 out of 10 points in this round.\n\n Press [SPACE] to advance'
2311.3825 	EXP 	text: autoDraw = True
2312.5438 	DATA 	Keypress: space
2312.5512 	EXP 	text: autoDraw = False
2312.5654 	EXP 	text: text = 'Total points : 215.4'
2320.4866 	DATA 	Keypress: space
2321.1861 	EXP 	text: text = 'Press and hold [SPACE] to report the duration of the stimulus'
2321.1861 	EXP 	text: autoDraw = True
2322.5438 	DATA 	Keypress: space
2322.5491 	EXP 	text: autoDraw = False
2323.7743 	WARNING 	Stopping key buffers but this could be dangerous ifother keyboards rely on the same.
2323.7917 	EXP 	text: text = 'Total points : 215.4'
2323.7917 	EXP 	text: text = 'Your response exceeded the actual time.\n\n Press [SPACE] to advance'
2323.7917 	EXP 	text: autoDraw = True
2326.2238 	DATA 	Keypress: space
2326.2310 	EXP 	text: autoDraw = False
2333.3895 	EXP 	text: text = 'Press and hold [SPACE] to report the duration of the stimulus'
2333.3895 	EXP 	text: autoDraw = True
2334.5758 	DATA 	Keypress: space
2334.5831 	EXP 	text: autoDraw = False
2335.0702 	WARNING 	Stopping key buffers but this could be dangerous ifother keyboards rely on the same.
2335.0908 	EXP 	text: text = 'You earned 6.0 out of 10 points in this round.\n\n Press [SPACE] to advance'
2335.0908 	EXP 	text: autoDraw = True
2336.0718 	DATA 	Keypress: space
2336.0791 	EXP 	text: autoDraw = False
2336.0912 	EXP 	text: text = 'Total points : 221.4'
2346.0443 	EXP 	text: text = 'Press and hold [SPACE] to report the duration of the stimulus'
2346.0443 	EXP 	text: autoDraw = True
2347.0079 	DATA 	Keypress: space
2347.0153 	EXP 	text: autoDraw = False
2348.0304 	WARNING 	Stopping key buffers but this could be dangerous ifother keyboards rely on the same.
2348.0607 	EXP 	text: text = 'You earned 4.3 out of 10 points in this round.\n\n Press [SPACE] to advance'
2348.0607 	EXP 	text: autoDraw = True
2350.0638 	DATA 	Keypress: space
2350.0712 	EXP 	text: autoDraw = False
2350.0775 	EXP 	text: text = 'Total points : 225.7'
2358.3979 	EXP 	text: text = 'Press and hold [SPACE] to report the duration of the stimulus'
2358.3979 	EXP 	text: autoDraw = True
2358.9838 	DATA 	Keypress: space
2358.9911 	EXP 	text: autoDraw = False
2360.1424 	WARNING 	Stopping key buffers but this could be dangerous ifother keyboards rely on the same.
2360.1598 	EXP 	text: text = 'Total points : 225.7'
2360.1598 	EXP 	text: text = 'Your response exceeded the actual time.\n\n Press [SPACE] to advance'
2360.1598 	EXP 	text: autoDraw = True
2360.9918 	DATA 	Keypress: space
2360.9990 	EXP 	text: autoDraw = False
2368.1837 	EXP 	text: text = 'Press and hold [SPACE] to report the duration of the stimulus'
2368.1837 	EXP 	text: autoDraw = True
2369.1999 	DATA 	Keypress: space
2369.2073 	EXP 	text: autoDraw = False
2369.6783 	WARNING 	Stopping key buffers but this could be dangerous ifother keyboards rely on the same.
2369.7025 	EXP 	text: text = 'You earned 5.8 out of 10 points in this round.\n\n Press [SPACE] to advance'
2369.7025 	EXP 	text: autoDraw = True
2370.5838 	DATA 	Keypress: space
2370.5911 	EXP 	text: autoDraw = False
2370.6019 	EXP 	text: text = 'Total points : 231.5'
2378.0040 	EXP 	text: text = 'Press and hold [SPACE] to report the duration of the stimulus'
2378.0040 	EXP 	text: autoDraw = True
2378.8079 	DATA 	Keypress: space
2378.8151 	EXP 	text: autoDraw = False
2379.3262 	WARNING 	Stopping key buffers but this could be dangerous ifother keyboards rely on the same.
2379.3543 	EXP 	text: text = 'You earned 5.4 out of 10 points in this round.\n\n Press [SPACE] to advance'
2379.3543 	EXP 	text: autoDraw = True
2380.1197 	DATA 	Keypress: space
2380.1270 	EXP 	text: autoDraw = False
2380.1377 	EXP 	text: text = 'Total points : 236.9'
2387.5404 	EXP 	text: text = 'Press and hold [SPACE] to report the duration of the stimulus'
2387.5404 	EXP 	text: autoDraw = True
2388.1598 	DATA 	Keypress: space
2388.1670 	EXP 	text: autoDraw = False
2388.8063 	WARNING 	Stopping key buffers but this could be dangerous ifother keyboards rely on the same.
2388.8269 	EXP 	text: text = 'You earned 7.0 out of 10 points in this round.\n\n Press [SPACE] to advance'
2388.8269 	EXP 	text: autoDraw = True
2389.4477 	DATA 	Keypress: space
2389.4537 	EXP 	text: autoDraw = False
2389.4735 	EXP 	text: text = 'Total points : 243.9'
2396.8780 	EXP 	text: text = 'Press and hold [SPACE] to report the duration of the stimulus'
2396.8780 	EXP 	text: autoDraw = True
2397.9278 	DATA 	Keypress: space
2397.9350 	EXP 	text: autoDraw = False
2398.3902 	WARNING 	Stopping key buffers but this could be dangerous ifother keyboards rely on the same.
2398.4103 	EXP 	text: text = 'You earned 4.9 out of 10 points in this round.\n\n Press [SPACE] to advance'
2398.4103 	EXP 	text: autoDraw = True
2399.0717 	DATA 	Keypress: space
2399.0789 	EXP 	text: autoDraw = False
2399.0937 	EXP 	text: text = 'Total points : 248.8'
2406.5139 	EXP 	text: text = 'Press and hold [SPACE] to report the duration of the stimulus'
2406.5139 	EXP 	text: autoDraw = True
2407.3679 	DATA 	Keypress: space
2407.3754 	EXP 	text: autoDraw = False
2408.3423 	WARNING 	Stopping key buffers but this could be dangerous ifother keyboards rely on the same.
2408.3595 	EXP 	text: text = 'Total points : 248.8'
2408.3595 	EXP 	text: text = 'Your response exceeded the actual time.\n\n Press [SPACE] to advance'
2408.3595 	EXP 	text: autoDraw = True
2409.1038 	DATA 	Keypress: space
2409.1098 	EXP 	text: autoDraw = False
2418.7504 	EXP 	text: text = 'Press and hold [SPACE] to report the duration of the stimulus'
2418.7504 	EXP 	text: autoDraw = True
2419.6879 	DATA 	Keypress: space
2419.6953 	EXP 	text: autoDraw = False
2420.6063 	WARNING 	Stopping key buffers but this could be dangerous ifother keyboards rely on the same.
2420.6355 	EXP 	text: text = 'You earned 4.0 out of 10 points in this round.\n\n Press [SPACE] to advance'
2420.6355 	EXP 	text: autoDraw = True
2421.9278 	DATA 	Keypress: space
2421.9348 	EXP 	text: autoDraw = False
2421.9510 	EXP 	text: text = 'Total points : 252.8'
2429.6720 	EXP 	text: text = 'Press and hold [SPACE] to report the duration of the stimulus'
2429.6720 	EXP 	text: autoDraw = True
2430.6000 	DATA 	Keypress: space
2430.6073 	EXP 	text: autoDraw = False
2431.0463 	WARNING 	Stopping key buffers but this could be dangerous ifother keyboards rely on the same.
2431.0721 	EXP 	text: text = 'You earned 4.0 out of 10 points in this round.\n\n Press [SPACE] to advance'
2431.0721 	EXP 	text: autoDraw = True
2431.7278 	DATA 	Keypress: space
2431.7339 	EXP 	text: autoDraw = False
2431.7539 	EXP 	text: text = 'Total points : 256.8'
2440.0745 	EXP 	text: text = 'Press and hold [SPACE] to report the duration of the stimulus'
2440.0745 	EXP 	text: autoDraw = True
2440.7439 	DATA 	Keypress: space
2440.7513 	EXP 	text: autoDraw = False
2441.3822 	WARNING 	Stopping key buffers but this could be dangerous ifother keyboards rely on the same.
2441.4087 	EXP 	text: text = 'You earned 4.4 out of 10 points in this round.\n\n Press [SPACE] to advance'
2441.4087 	EXP 	text: autoDraw = True
2442.7997 	DATA 	Keypress: space
2442.8068 	EXP 	text: autoDraw = False
2442.8243 	EXP 	text: text = 'Total points : 261.2'
2449.9450 	EXP 	text: text = 'Press and hold [SPACE] to report the duration of the stimulus'
2449.9450 	EXP 	text: autoDraw = True
2450.7359 	DATA 	Keypress: space
2450.7428 	EXP 	text: autoDraw = False
2451.1742 	WARNING 	Stopping key buffers but this could be dangerous ifother keyboards rely on the same.
2451.1952 	EXP 	text: text = 'You earned 5.4 out of 10 points in this round.\n\n Press [SPACE] to advance'
2451.1952 	EXP 	text: autoDraw = True
2452.6798 	DATA 	Keypress: space
2452.6868 	EXP 	text: autoDraw = False
2452.6935 	EXP 	text: text = 'Total points : 266.6'
2461.8145 	EXP 	text: text = 'Press and hold [SPACE] to report the duration of the stimulus'
2461.8145 	EXP 	text: autoDraw = True
2462.5679 	DATA 	Keypress: space
2462.5753 	EXP 	text: autoDraw = False
2463.1742 	WARNING 	Stopping key buffers but this could be dangerous ifother keyboards rely on the same.
2463.1979 	EXP 	text: text = 'You earned 2.8 out of 10 points in this round.\n\n Press [SPACE] to advance'
2463.1979 	EXP 	text: autoDraw = True
2464.2158 	DATA 	Keypress: space
2464.2232 	EXP 	text: autoDraw = False
2464.2311 	EXP 	text: text = 'Total points : 269.4'
2465.0717 	DATA 	Keypress: t
2465.1757 	DATA 	Keypress: h
2466.0172 	DATA 	Keypress: e
2466.0190 	DATA 	Keypress: space
2466.0205 	DATA 	Keypress: f
2466.0217 	DATA 	Keypress: o
2466.1198 	DATA 	Keypress: x
2467.0357 	DATA 	Keypress: space
2467.0374 	DATA 	Keypress: s
2467.0386 	DATA 	Keypress: a
2467.0401 	DATA 	Keypress: i
2467.0417 	DATA 	Keypress: d
2467.0877 	DATA 	Keypress: space
2468.0187 	DATA 	Keypress: j
2468.0202 	DATA 	Keypress: u
2468.0214 	DATA 	Keypress: s
2469.0353 	DATA 	Keypress: m
2469.0368 	DATA 	Keypress: t
2472.2352 	EXP 	text: text = 'Press and hold [SPACE] to report the duration of the stimulus'
2472.2352 	EXP 	text: autoDraw = True
2473.1598 	DATA 	Keypress: space
2473.1669 	EXP 	text: autoDraw = False
2473.8542 	WARNING 	Stopping key buffers but this could be dangerous ifother keyboards rely on the same.
2473.8853 	EXP 	text: text = 'You earned 5.7 out of 10 points in this round.\n\n Press [SPACE] to advance'
2473.8853 	EXP 	text: autoDraw = True
2474.7357 	DATA 	Keypress: space
2474.7429 	EXP 	text: autoDraw = False
2474.7517 	EXP 	text: text = 'Total points : 275.1'
2475.5596 	DATA 	Keypress: t
2475.5917 	DATA 	Keypress: h
2475.6557 	DATA 	Keypress: e
2475.7359 	DATA 	Keypress: space
2476.3134 	DATA 	Keypress: f
2476.3147 	DATA 	Keypress: o
2476.4078 	DATA 	Keypress: x
2476.5361 	DATA 	Keypress: space
2477.3397 	DATA 	Keypress: s
2477.3411 	DATA 	Keypress: a
2477.3427 	DATA 	Keypress: i
2477.3444 	DATA 	Keypress: d
2479.1217 	DATA 	Keypress: d
2479.1233 	DATA 	Keypress: space
2479.1357 	DATA 	Keypress: j
2479.8800 	DATA 	Keypress: u
2479.9197 	DATA 	Keypress: m
2480.8858 	DATA 	Keypress: p
2480.8873 	DATA 	Keypress: space
2480.8887 	DATA 	Keypress: m
2480.9358 	DATA 	Keypress: a
2481.0716 	DATA 	Keypress: n
2481.8718 	EXP 	text: text = 'Press and hold [SPACE] to report the duration of the stimulus'
2481.8718 	EXP 	text: autoDraw = True
2482.6877 	DATA 	Keypress: space
2482.6950 	EXP 	text: autoDraw = False
2483.2463 	WARNING 	Stopping key buffers but this could be dangerous ifother keyboards rely on the same.
2483.2710 	EXP 	text: text = 'You earned 6.8 out of 10 points in this round.\n\n Press [SPACE] to advance'
2483.2710 	EXP 	text: autoDraw = True
2484.0797 	DATA 	Keypress: space
2484.0867 	EXP 	text: autoDraw = False
2484.1044 	EXP 	text: text = 'Total points : 281.9'
2485.6654 	DATA 	Keypress: h
2486.6922 	DATA 	Keypress: e
2486.6939 	DATA 	Keypress: l
2486.6952 	DATA 	Keypress: l
2486.6966 	DATA 	Keypress: o
2486.6982 	DATA 	Keypress: space
2486.7597 	DATA 	Keypress: t
2486.7997 	DATA 	Keypress: h
2487.4511 	DATA 	Keypress: e
2487.4524 	DATA 	Keypress: y
2487.4540 	DATA 	Keypress: space
2487.4876 	DATA 	Keypress: s
2487.5999 	DATA 	Keypress: a
2488.4748 	DATA 	Keypress: i
2488.4764 	DATA 	Keypress: d
2488.4777 	DATA 	Keypress: space
2488.5120 	DATA 	Keypress: h
2488.6077 	DATA 	Keypress: o
2488.6717 	DATA 	Keypress: w
2489.2338 	DATA 	Keypress: apostrophe
2489.2351 	DATA 	Keypress: s
2489.2957 	DATA 	Keypress: space
2490.2408 	DATA 	Keypress: i
2490.2425 	DATA 	Keypress: t
2490.2437 	DATA 	Keypress: space
2490.2452 	DATA 	Keypress: g
2490.2796 	DATA 	Keypress: o
2490.3116 	DATA 	Keypress: i
2490.6588 	DATA 	Keypress: n
2490.7757 	DATA 	Keypress: g
2491.2411 	EXP 	text: text = 'Press and hold [SPACE] to report the duration of the stimulus'
2491.2411 	EXP 	text: autoDraw = True
2492.0478 	DATA 	Keypress: space
2492.0535 	EXP 	text: autoDraw = False
2493.0703 	WARNING 	Stopping key buffers but this could be dangerous ifother keyboards rely on the same.
2493.0876 	EXP 	text: text = 'Total points : 281.9'
2493.0876 	EXP 	text: text = 'Your response exceeded the actual time.\n\n Press [SPACE] to advance'
2493.0876 	EXP 	text: autoDraw = True
2494.1119 	DATA 	Keypress: space
2494.1192 	EXP 	text: autoDraw = False
2499.9450 	DATA 	Keypress: w
2499.9464 	DATA 	Keypress: e
2499.9480 	DATA 	Keypress: space
2500.9530 	DATA 	Keypress: space
2502.1608 	EXP 	text: text = 'Press and hold [SPACE] to report the duration of the stimulus'
2502.1608 	EXP 	text: autoDraw = True
2502.8238 	DATA 	Keypress: space
2502.8312 	EXP 	text: autoDraw = False
2503.6304 	WARNING 	Stopping key buffers but this could be dangerous ifother keyboards rely on the same.
2503.6611 	EXP 	text: text = 'You earned 7.2 out of 10 points in this round.\n\n Press [SPACE] to advance'
2503.6611 	EXP 	text: autoDraw = True
2504.4957 	DATA 	Keypress: space
2504.5030 	EXP 	text: autoDraw = False
2504.5106 	EXP 	text: text = 'Total points : 289.1'
2509.3142 	DATA 	Keypress: f
2509.3156 	DATA 	Keypress: u
2509.3172 	DATA 	Keypress: c
2509.3184 	DATA 	Keypress: k
2509.3200 	DATA 	Keypress: space
2509.3516 	DATA 	Keypress: m
2510.2973 	DATA 	Keypress: a
2510.2987 	DATA 	Keypress: n
2510.3003 	DATA 	Keypress: space
2512.5141 	EXP 	text: text = 'Press and hold [SPACE] to report the duration of the stimulus'
2512.5141 	EXP 	text: autoDraw = True
2513.3278 	DATA 	Keypress: space
2513.3352 	EXP 	text: autoDraw = False
2514.1342 	WARNING 	Stopping key buffers but this could be dangerous ifother keyboards rely on the same.
2514.1654 	EXP 	text: text = 'You earned 7.2 out of 10 points in this round.\n\n Press [SPACE] to advance'
2514.1654 	EXP 	text: autoDraw = True
2515.4558 	DATA 	Keypress: space
2515.4614 	EXP 	text: autoDraw = False
2515.4829 	EXP 	text: text = 'Total points : 296.3'
2523.4840 	EXP 	text: text = 'Press and hold [SPACE] to report the duration of the stimulus'
2523.4840 	EXP 	text: autoDraw = True
2524.4319 	DATA 	Keypress: space
2524.4392 	EXP 	text: autoDraw = False
2525.1983 	WARNING 	Stopping key buffers but this could be dangerous ifother keyboards rely on the same.
2525.2207 	EXP 	text: text = 'You earned 6.6 out of 10 points in this round.\n\n Press [SPACE] to advance'
2525.2207 	EXP 	text: autoDraw = True
2526.0077 	DATA 	Keypress: space
2526.0141 	EXP 	text: autoDraw = False
2526.0357 	EXP 	text: text = 'Total points : 302.9'
2534.3546 	EXP 	text: text = 'Press and hold [SPACE] to report the duration of the stimulus'
2534.3546 	EXP 	text: autoDraw = True
2535.4398 	DATA 	Keypress: space
2535.4472 	EXP 	text: autoDraw = False
2536.4463 	WARNING 	Stopping key buffers but this could be dangerous ifother keyboards rely on the same.
2536.4718 	EXP 	text: text = 'You earned 9.2 out of 10 points in this round.\n\n Press [SPACE] to advance'
2536.4718 	EXP 	text: autoDraw = True
2537.3839 	DATA 	Keypress: space
2537.3911 	EXP 	text: autoDraw = False
2537.4052 	EXP 	text: text = 'Total points : 312.1'
2547.0252 	EXP 	text: text = 'Press and hold [SPACE] to report the duration of the stimulus'
2547.0252 	EXP 	text: autoDraw = True
2547.5838 	DATA 	Keypress: space
2547.5908 	EXP 	text: autoDraw = False
2548.4703 	WARNING 	Stopping key buffers but this could be dangerous ifother keyboards rely on the same.
2548.4922 	EXP 	text: text = 'You earned 3.8 out of 10 points in this round.\n\n Press [SPACE] to advance'
2548.4922 	EXP 	text: autoDraw = True
2549.6398 	DATA 	Keypress: space
2549.6471 	EXP 	text: autoDraw = False
2549.6601 	EXP 	text: text = 'Total points : 315.9'
2559.5789 	EXP 	text: text = 'Press and hold [SPACE] to report the duration of the stimulus'
2559.5789 	EXP 	text: autoDraw = True
2560.2480 	DATA 	Keypress: space
2560.2553 	EXP 	text: autoDraw = False
2561.1424 	WARNING 	Stopping key buffers but this could be dangerous ifother keyboards rely on the same.
2561.1641 	EXP 	text: text = 'You earned 3.3 out of 10 points in this round.\n\n Press [SPACE] to advance'
2561.1641 	EXP 	text: autoDraw = True
2563.6158 	DATA 	Keypress: space
2563.6230 	EXP 	text: autoDraw = False
2563.6294 	EXP 	text: text = 'Total points : 319.2'
2573.5668 	EXP 	text: text = 'Press and hold [SPACE] to report the duration of the stimulus'
2573.5668 	EXP 	text: autoDraw = True
2574.3362 	DATA 	Keypress: space
2574.3436 	EXP 	text: autoDraw = False
2575.2944 	WARNING 	Stopping key buffers but this could be dangerous ifother keyboards rely on the same.
2575.3188 	EXP 	text: text = 'You earned 3.8 out of 10 points in this round.\n\n Press [SPACE] to advance'
2575.3188 	EXP 	text: autoDraw = True
2576.3277 	DATA 	Keypress: space
2576.3348 	EXP 	text: autoDraw = False
2576.3516 	EXP 	text: text = 'Total points : 323.0'
2586.2724 	EXP 	text: text = 'Press and hold [SPACE] to report the duration of the stimulus'
2586.2724 	EXP 	text: autoDraw = True
2587.1278 	DATA 	Keypress: space
2587.1341 	EXP 	text: autoDraw = False
2588.1023 	WARNING 	Stopping key buffers but this could be dangerous ifother keyboards rely on the same.
2588.1226 	EXP 	text: text = 'You earned 3.9 out of 10 points in this round.\n\n Press [SPACE] to advance'
2588.1226 	EXP 	text: autoDraw = True
2589.5358 	DATA 	Keypress: space
2589.5432 	EXP 	text: autoDraw = False
2589.5545 	EXP 	text: text = 'Total points : 326.9'
2596.9591 	EXP 	text: text = 'Press and hold [SPACE] to report the duration of the stimulus'
2596.9591 	EXP 	text: autoDraw = True
2597.4958 	DATA 	Keypress: space
2597.5033 	EXP 	text: autoDraw = False
2597.5902 	WARNING 	Stopping key buffers but this could be dangerous ifother keyboards rely on the same.
2597.6090 	EXP 	text: text = 'You earned 2.3 out of 10 points in this round.\n\n Press [SPACE] to advance'
2597.6090 	EXP 	text: autoDraw = True
2598.5677 	DATA 	Keypress: space
2598.5747 	EXP 	text: autoDraw = False
2598.5915 	EXP 	text: text = 'Total points : 329.2'
2607.7115 	EXP 	text: text = 'Press and hold [SPACE] to report the duration of the stimulus'
2607.7115 	EXP 	text: autoDraw = True
2608.0958 	DATA 	Keypress: space
2608.1033 	EXP 	text: autoDraw = False
2608.1822 	WARNING 	Stopping key buffers but this could be dangerous ifother keyboards rely on the same.
2608.1974 	EXP 	text: text = 'You earned 1.0 out of 10 points in this round.\n\n Press [SPACE] to advance'
2608.1974 	EXP 	text: autoDraw = True
2609.3758 	DATA 	Keypress: space
2609.3831 	EXP 	text: autoDraw = False
2609.3951 	EXP 	text: text = 'Total points : 330.2'
2618.9983 	EXP 	text: text = 'Press and hold [SPACE] to report the duration of the stimulus'
2618.9983 	EXP 	text: autoDraw = True
2619.5757 	DATA 	Keypress: space
2619.5829 	EXP 	text: autoDraw = False
2620.3903 	WARNING 	Stopping key buffers but this could be dangerous ifother keyboards rely on the same.
2620.4162 	EXP 	text: text = 'You earned 3.3 out of 10 points in this round.\n\n Press [SPACE] to advance'
2620.4162 	EXP 	text: autoDraw = True
2621.5277 	DATA 	Keypress: space
2621.5350 	EXP 	text: autoDraw = False
2621.5499 	EXP 	text: text = 'Total points : 333.5'
2631.7531 	EXP 	text: text = 'Press and hold [SPACE] to report the duration of the stimulus'
2631.7531 	EXP 	text: autoDraw = True
2632.2399 	DATA 	Keypress: space
2632.2471 	EXP 	text: autoDraw = False
2632.9344 	WARNING 	Stopping key buffers but this could be dangerous ifother keyboards rely on the same.
2632.9548 	EXP 	text: text = 'You earned 1.9 out of 10 points in this round.\n\n Press [SPACE] to advance'
2632.9548 	EXP 	text: autoDraw = True
2634.8559 	DATA 	Keypress: space
2634.8631 	EXP 	text: autoDraw = False
2634.8700 	EXP 	text: text = 'Total points : 335.4'
2642.5894 	EXP 	text: text = 'Press and hold [SPACE] to report the duration of the stimulus'
2642.5894 	EXP 	text: autoDraw = True
2643.2399 	DATA 	Keypress: space
2643.2473 	EXP 	text: autoDraw = False
2644.0462 	WARNING 	Stopping key buffers but this could be dangerous ifother keyboards rely on the same.
2644.0735 	EXP 	text: text = 'You earned 8.3 out of 10 points in this round.\n\n Press [SPACE] to advance'
2644.0735 	EXP 	text: autoDraw = True
2645.3838 	DATA 	Keypress: space
2645.3907 	EXP 	text: autoDraw = False
2645.4080 	EXP 	text: text = 'Total points : 343.7'
2655.6281 	EXP 	text: text = 'Press and hold [SPACE] to report the duration of the stimulus'
2655.6281 	EXP 	text: autoDraw = True
2657.3278 	DATA 	Keypress: space
2657.3352 	EXP 	text: autoDraw = False
2658.3182 	WARNING 	Stopping key buffers but this could be dangerous ifother keyboards rely on the same.
2658.3444 	EXP 	text: text = 'You earned 3.4 out of 10 points in this round.\n\n Press [SPACE] to advance'
2658.3444 	EXP 	text: autoDraw = True
2659.6237 	DATA 	Keypress: space
2659.6311 	EXP 	text: autoDraw = False
2659.6440 	EXP 	text: text = 'Total points : 347.1'
2669.5647 	EXP 	text: text = 'Press and hold [SPACE] to report the duration of the stimulus'
2669.5647 	EXP 	text: autoDraw = True
2670.4239 	DATA 	Keypress: space
2670.4309 	EXP 	text: autoDraw = False
2671.1184 	WARNING 	Stopping key buffers but this could be dangerous ifother keyboards rely on the same.
2671.1499 	EXP 	text: text = 'You earned 2.2 out of 10 points in this round.\n\n Press [SPACE] to advance'
2671.1499 	EXP 	text: autoDraw = True
2672.3758 	DATA 	Keypress: space
2672.3830 	EXP 	text: autoDraw = False
2672.3986 	EXP 	text: text = 'Total points : 349.3'
2679.5181 	EXP 	text: text = 'Press and hold [SPACE] to report the duration of the stimulus'
2679.5181 	EXP 	text: autoDraw = True
2680.1998 	DATA 	Keypress: space
2680.2070 	EXP 	text: autoDraw = False
2680.9181 	WARNING 	Stopping key buffers but this could be dangerous ifother keyboards rely on the same.
2680.9387 	EXP 	text: text = 'You earned 9.4 out of 10 points in this round.\n\n Press [SPACE] to advance'
2680.9387 	EXP 	text: autoDraw = True
2681.6398 	DATA 	Keypress: space
2681.6470 	EXP 	text: autoDraw = False
2681.6687 	EXP 	text: text = 'Total points : 358.7'
2691.5902 	EXP 	text: text = 'Press and hold [SPACE] to report the duration of the stimulus'
2691.5902 	EXP 	text: autoDraw = True
2692.3039 	DATA 	Keypress: space
2692.3111 	EXP 	text: autoDraw = False
2693.2702 	WARNING 	Stopping key buffers but this could be dangerous ifother keyboards rely on the same.
2693.2907 	EXP 	text: text = 'You earned 3.8 out of 10 points in this round.\n\n Press [SPACE] to advance'
2693.2907 	EXP 	text: autoDraw = True
2694.3278 	DATA 	Keypress: space
2694.3351 	EXP 	text: autoDraw = False
2694.3558 	EXP 	text: text = 'Total points : 362.5'
2702.3586 	EXP 	text: text = 'Press and hold [SPACE] to report the duration of the stimulus'
2702.3586 	EXP 	text: autoDraw = True
2703.2318 	DATA 	Keypress: space
2703.2384 	EXP 	text: autoDraw = False
2704.0623 	WARNING 	Stopping key buffers but this could be dangerous ifother keyboards rely on the same.
2704.0925 	EXP 	text: text = 'You earned 7.5 out of 10 points in this round.\n\n Press [SPACE] to advance'
2704.0925 	EXP 	text: autoDraw = True
2704.7758 	DATA 	Keypress: space
2704.7831 	EXP 	text: autoDraw = False
2704.7923 	EXP 	text: text = 'Total points : 370.0'
2714.3961 	EXP 	text: text = 'Press and hold [SPACE] to report the duration of the stimulus'
2714.3961 	EXP 	text: autoDraw = True
2715.0239 	DATA 	Keypress: space
2715.0312 	EXP 	text: autoDraw = False
2715.8542 	WARNING 	Stopping key buffers but this could be dangerous ifother keyboards rely on the same.
2715.8812 	EXP 	text: text = 'You earned 3.4 out of 10 points in this round.\n\n Press [SPACE] to advance'
2715.8812 	EXP 	text: autoDraw = True
2716.5439 	DATA 	Keypress: space
2716.5510 	EXP 	text: autoDraw = False
2716.5639 	EXP 	text: text = 'Total points : 373.4'
2724.2826 	EXP 	text: text = 'Press and hold [SPACE] to report the duration of the stimulus'
2724.2826 	EXP 	text: autoDraw = True
2724.8958 	DATA 	Keypress: space
2724.9032 	EXP 	text: autoDraw = False
2725.6703 	WARNING 	Stopping key buffers but this could be dangerous ifother keyboards rely on the same.
2725.7010 	EXP 	text: text = 'You earned 7.8 out of 10 points in this round.\n\n Press [SPACE] to advance'
2725.7010 	EXP 	text: autoDraw = True
2726.3358 	DATA 	Keypress: space
2726.3431 	EXP 	text: autoDraw = False
2726.3497 	EXP 	text: text = 'Total points : 381.2'
2736.2875 	EXP 	text: text = 'Press and hold [SPACE] to report the duration of the stimulus'
2736.2875 	EXP 	text: autoDraw = True
2736.8799 	DATA 	Keypress: space
2736.8870 	EXP 	text: autoDraw = False
2737.6545 	WARNING 	Stopping key buffers but this could be dangerous ifother keyboards rely on the same.
2737.6748 	EXP 	text: text = 'You earned 2.6 out of 10 points in this round.\n\n Press [SPACE] to advance'
2737.6748 	EXP 	text: autoDraw = True
2738.9038 	DATA 	Keypress: space
2738.9112 	EXP 	text: autoDraw = False
2738.9199 	EXP 	text: text = 'Total points : 383.8'
2748.8401 	EXP 	text: text = 'Press and hold [SPACE] to report the duration of the stimulus'
2748.8401 	EXP 	text: autoDraw = True
2749.3839 	DATA 	Keypress: space
2749.3910 	EXP 	text: autoDraw = False
2750.5503 	WARNING 	Stopping key buffers but this could be dangerous ifother keyboards rely on the same.
2750.5759 	EXP 	text: text = 'You earned 5.7 out of 10 points in this round.\n\n Press [SPACE] to advance'
2750.5759 	EXP 	text: autoDraw = True
2751.2478 	DATA 	Keypress: space
2751.2540 	EXP 	text: autoDraw = False
2751.2757 	EXP 	text: text = 'Total points : 389.5'
2760.4118 	EXP 	text: text = 'Press and hold [SPACE] to report the duration of the stimulus'
2760.4118 	EXP 	text: autoDraw = True
2761.0879 	DATA 	Keypress: space
2761.0949 	EXP 	text: autoDraw = False
2762.0703 	WARNING 	Stopping key buffers but this could be dangerous ifother keyboards rely on the same.
2762.0947 	EXP 	text: text = 'You earned 5.9 out of 10 points in this round.\n\n Press [SPACE] to advance'
2762.0947 	EXP 	text: autoDraw = True
2763.0158 	DATA 	Keypress: space
2763.0230 	EXP 	text: autoDraw = False
2763.0446 	EXP 	text: text = 'Total points : 395.4'
2771.3823 	EXP 	text: text = 'Press and hold [SPACE] to report the duration of the stimulus'
2771.3823 	EXP 	text: autoDraw = True
2772.2398 	DATA 	Keypress: space
2772.2469 	EXP 	text: autoDraw = False
2773.0702 	WARNING 	Stopping key buffers but this could be dangerous ifother keyboards rely on the same.
2773.0985 	EXP 	text: text = 'You earned 6.5 out of 10 points in this round.\n\n Press [SPACE] to advance'
2773.0985 	EXP 	text: autoDraw = True
2774.0716 	DATA 	Keypress: space
2774.0781 	EXP 	text: autoDraw = False
2774.0981 	EXP 	text: text = 'Total points : 401.9'
2782.4179 	EXP 	text: text = 'Press and hold [SPACE] to report the duration of the stimulus'
2782.4179 	EXP 	text: autoDraw = True
2782.9839 	DATA 	Keypress: space
2782.9912 	EXP 	text: autoDraw = False
2783.7664 	WARNING 	Stopping key buffers but this could be dangerous ifother keyboards rely on the same.
2783.7870 	EXP 	text: text = 'You earned 5.9 out of 10 points in this round.\n\n Press [SPACE] to advance'
2783.7870 	EXP 	text: autoDraw = True
2784.7357 	DATA 	Keypress: space
2784.7431 	EXP 	text: autoDraw = False
2784.7517 	EXP 	text: text = 'Total points : 407.8'
2792.4713 	EXP 	text: text = 'Press and hold [SPACE] to report the duration of the stimulus'
2792.4713 	EXP 	text: autoDraw = True
2792.9359 	DATA 	Keypress: space
2792.9432 	EXP 	text: autoDraw = False
2793.7983 	WARNING 	Stopping key buffers but this could be dangerous ifother keyboards rely on the same.
2793.8216 	EXP 	text: text = 'You earned 9.3 out of 10 points in this round.\n\n Press [SPACE] to advance'
2793.8216 	EXP 	text: autoDraw = True
2795.0238 	DATA 	Keypress: space
2795.0311 	EXP 	text: autoDraw = False
2795.0385 	EXP 	text: text = 'Total points : 417.1'
2802.1579 	EXP 	text: text = 'Press and hold [SPACE] to report the duration of the stimulus'
2802.1579 	EXP 	text: autoDraw = True
2802.8158 	DATA 	Keypress: space
2802.8230 	EXP 	text: autoDraw = False
2803.2703 	WARNING 	Stopping key buffers but this could be dangerous ifother keyboards rely on the same.
2803.2911 	EXP 	text: text = 'You earned 5.6 out of 10 points in this round.\n\n Press [SPACE] to advance'
2803.2911 	EXP 	text: autoDraw = True
2804.2477 	DATA 	Keypress: space
2804.2545 	EXP 	text: autoDraw = False
2804.2746 	EXP 	text: text = 'Total points : 422.7'
2812.2786 	EXP 	text: text = 'Press and hold [SPACE] to report the duration of the stimulus'
2812.2786 	EXP 	text: autoDraw = True
2812.9199 	DATA 	Keypress: space
2812.9269 	EXP 	text: autoDraw = False
2813.7584 	WARNING 	Stopping key buffers but this could be dangerous ifother keyboards rely on the same.
2813.7789 	EXP 	text: text = 'You earned 7.6 out of 10 points in this round.\n\n Press [SPACE] to advance'
2813.7789 	EXP 	text: autoDraw = True
2814.6557 	DATA 	Keypress: space
2814.6631 	EXP 	text: autoDraw = False
2814.6781 	EXP 	text: text = 'Total points : 430.3'
2824.5980 	EXP 	text: text = 'Press and hold [SPACE] to report the duration of the stimulus'
2824.5980 	EXP 	text: autoDraw = True
2825.1279 	DATA 	Keypress: space
2825.1353 	EXP 	text: autoDraw = False
2826.0062 	WARNING 	Stopping key buffers but this could be dangerous ifother keyboards rely on the same.
2826.0334 	EXP 	text: text = 'You earned 3.2 out of 10 points in this round.\n\n Press [SPACE] to advance'
2826.0334 	EXP 	text: autoDraw = True
2827.2798 	DATA 	Keypress: space
2827.2871 	EXP 	text: autoDraw = False
2827.2982 	EXP 	text: text = 'Total points : 433.5'
2835.0359 	EXP 	text: text = 'Press and hold [SPACE] to report the duration of the stimulus'
2835.0359 	EXP 	text: autoDraw = True
2835.9199 	DATA 	Keypress: space
2835.9273 	EXP 	text: autoDraw = False
2836.7743 	WARNING 	Stopping key buffers but this could be dangerous ifother keyboards rely on the same.
2836.8027 	EXP 	text: text = 'You earned 9.2 out of 10 points in this round.\n\n Press [SPACE] to advance'
2836.8027 	EXP 	text: autoDraw = True
2837.9598 	DATA 	Keypress: space
2837.9657 	EXP 	text: autoDraw = False
2837.9855 	EXP 	text: text = 'Total points : 442.7'
2846.3062 	EXP 	text: text = 'Press and hold [SPACE] to report the duration of the stimulus'
2846.3062 	EXP 	text: autoDraw = True
2847.6160 	DATA 	Keypress: space
2847.6231 	EXP 	text: autoDraw = False
2848.5343 	WARNING 	Stopping key buffers but this could be dangerous ifother keyboards rely on the same.
2848.5563 	EXP 	text: text = 'You earned 7.7 out of 10 points in this round.\n\n Press [SPACE] to advance'
2848.5563 	EXP 	text: autoDraw = True
2850.2397 	DATA 	Keypress: space
2850.2470 	EXP 	text: autoDraw = False
2850.2566 	EXP 	text: text = 'Total points : 450.4'
2859.8611 	EXP 	text: text = 'Press and hold [SPACE] to report the duration of the stimulus'
2859.8611 	EXP 	text: autoDraw = True
2860.6558 	DATA 	Keypress: space
2860.6632 	EXP 	text: autoDraw = False
2861.4703 	WARNING 	Stopping key buffers but this could be dangerous ifother keyboards rely on the same.
2861.4949 	EXP 	text: text = 'You earned 3.3 out of 10 points in this round.\n\n Press [SPACE] to advance'
2861.4949 	EXP 	text: autoDraw = True
2862.4959 	DATA 	Keypress: space
2862.5031 	EXP 	text: autoDraw = False
2862.5095 	EXP 	text: text = 'Total points : 453.7'
2871.6316 	EXP 	text: text = 'Press and hold [SPACE] to report the duration of the stimulus'
2871.6316 	EXP 	text: autoDraw = True
2872.1840 	DATA 	Keypress: space
2872.1913 	EXP 	text: autoDraw = False
2873.1583 	WARNING 	Stopping key buffers but this could be dangerous ifother keyboards rely on the same.
2873.1805 	EXP 	text: text = 'You earned 5.8 out of 10 points in this round.\n\n Press [SPACE] to advance'
2873.1805 	EXP 	text: autoDraw = True
2874.7598 	DATA 	Keypress: space
2874.7670 	EXP 	text: autoDraw = False
2874.7823 	EXP 	text: text = 'Total points : 459.5'
2883.9011 	EXP 	text: text = 'Press and hold [SPACE] to report the duration of the stimulus'
2883.9011 	EXP 	text: autoDraw = True
2884.5839 	DATA 	Keypress: space
2884.5912 	EXP 	text: autoDraw = False
2885.5983 	WARNING 	Stopping key buffers but this could be dangerous ifother keyboards rely on the same.
2885.6196 	EXP 	text: text = 'You earned 6.3 out of 10 points in this round.\n\n Press [SPACE] to advance'
2885.6196 	EXP 	text: autoDraw = True
2886.4397 	DATA 	Keypress: space
2886.4472 	EXP 	text: autoDraw = False
2886.4691 	EXP 	text: text = 'Total points : 465.8'
2895.0728 	EXP 	text: text = 'Press and hold [SPACE] to report the duration of the stimulus'
2895.0728 	EXP 	text: autoDraw = True
2895.8558 	DATA 	Keypress: space
2895.8632 	EXP 	text: autoDraw = False
2896.7024 	WARNING 	Stopping key buffers but this could be dangerous ifother keyboards rely on the same.
2896.7228 	EXP 	text: text = 'You earned 5.7 out of 10 points in this round.\n\n Press [SPACE] to advance'
2896.7228 	EXP 	text: autoDraw = True
2897.6878 	DATA 	Keypress: space
2897.6950 	EXP 	text: autoDraw = False
2897.7047 	EXP 	text: text = 'Total points : 471.5'
2905.4257 	EXP 	text: text = 'Press and hold [SPACE] to report the duration of the stimulus'
2905.4257 	EXP 	text: autoDraw = True
2905.9038 	DATA 	Keypress: space
2905.9111 	EXP 	text: autoDraw = False
2906.8064 	WARNING 	Stopping key buffers but this could be dangerous ifother keyboards rely on the same.
2906.8270 	EXP 	text: text = 'You earned 9.9 out of 10 points in this round.\n\n Press [SPACE] to advance'
2906.8270 	EXP 	text: autoDraw = True
2907.5679 	DATA 	Keypress: space
2907.5749 	EXP 	text: autoDraw = False
2907.5913 	EXP 	text: text = 'Total points : 481.4'
2915.9128 	EXP 	text: text = 'Press and hold [SPACE] to report the duration of the stimulus'
2915.9128 	EXP 	text: autoDraw = True
2916.4318 	DATA 	Keypress: space
2916.4391 	EXP 	text: autoDraw = False
2917.2703 	WARNING 	Stopping key buffers but this could be dangerous ifother keyboards rely on the same.
2917.2952 	EXP 	text: text = 'You earned 6.6 out of 10 points in this round.\n\n Press [SPACE] to advance'
2917.2952 	EXP 	text: autoDraw = True
2918.0637 	DATA 	Keypress: space
2918.0709 	EXP 	text: autoDraw = False
2918.0774 	EXP 	text: text = 'Total points : 488.0'
2926.6817 	EXP 	text: text = 'Press and hold [SPACE] to report the duration of the stimulus'
2926.6817 	EXP 	text: autoDraw = True
2927.2960 	DATA 	Keypress: space
2927.3033 	EXP 	text: autoDraw = False
2928.1502 	WARNING 	Stopping key buffers but this could be dangerous ifother keyboards rely on the same.
2928.1708 	EXP 	text: text = 'You earned 5.8 out of 10 points in this round.\n\n Press [SPACE] to advance'
2928.1708 	EXP 	text: autoDraw = True
2928.8718 	DATA 	Keypress: space
2928.8782 	EXP 	text: autoDraw = False
2928.8984 	EXP 	text: text = 'Total points : 493.8'
2937.5020 	EXP 	text: text = 'Press and hold [SPACE] to report the duration of the stimulus'
2937.5020 	EXP 	text: autoDraw = True
2938.2718 	DATA 	Keypress: space
2938.2794 	EXP 	text: autoDraw = False
2939.1902 	WARNING 	Stopping key buffers but this could be dangerous ifother keyboards rely on the same.
2939.2191 	EXP 	text: text = 'You earned 6.6 out of 10 points in this round.\n\n Press [SPACE] to advance'
2939.2191 	EXP 	text: autoDraw = True
2940.1598 	DATA 	Keypress: space
2940.1653 	EXP 	text: autoDraw = False
2940.1869 	EXP 	text: text = 'Total points : 500.4'
2948.1880 	EXP 	text: text = 'Press and hold [SPACE] to report the duration of the stimulus'
2948.1880 	EXP 	text: autoDraw = True
2948.6398 	DATA 	Keypress: space
2948.6471 	EXP 	text: autoDraw = False
2949.4702 	WARNING 	Stopping key buffers but this could be dangerous ifother keyboards rely on the same.
2949.4888 	EXP 	text: text = 'You earned 7.5 out of 10 points in this round.\n\n Press [SPACE] to advance'
2949.4888 	EXP 	text: autoDraw = True
2950.0478 	DATA 	Keypress: space
2950.0550 	EXP 	text: autoDraw = False
2950.0734 	EXP 	text: text = 'Total points : 507.9'
2958.6753 	EXP 	text: text = 'Press and hold [SPACE] to report the duration of the stimulus'
2958.6753 	EXP 	text: autoDraw = True
2959.3677 	DATA 	Keypress: space
2959.3748 	EXP 	text: autoDraw = False
2960.3583 	WARNING 	Stopping key buffers but this could be dangerous ifother keyboards rely on the same.
2960.3789 	EXP 	text: text = 'You earned 7.7 out of 10 points in this round.\n\n Press [SPACE] to advance'
2960.3789 	EXP 	text: autoDraw = True
2961.0717 	DATA 	Keypress: space
2961.0790 	EXP 	text: autoDraw = False
2961.0932 	EXP 	text: text = 'Total points : 515.6'
2968.8117 	EXP 	text: text = 'Press and hold [SPACE] to report the duration of the stimulus'
2968.8117 	EXP 	text: autoDraw = True
2969.4879 	DATA 	Keypress: space
2969.4951 	EXP 	text: autoDraw = False
2970.4703 	WARNING 	Stopping key buffers but this could be dangerous ifother keyboards rely on the same.
2970.4876 	EXP 	text: text = 'Total points : 515.6'
2970.4876 	EXP 	text: text = 'Your response exceeded the actual time.\n\n Press [SPACE] to advance'
2970.4876 	EXP 	text: autoDraw = True
2971.4398 	DATA 	Keypress: space
2971.4471 	EXP 	text: autoDraw = False
2978.8983 	EXP 	text: text = 'Press and hold [SPACE] to report the duration of the stimulus'
2978.8983 	EXP 	text: autoDraw = True
2979.5839 	DATA 	Keypress: space
2979.5913 	EXP 	text: autoDraw = False
2980.3502 	WARNING 	Stopping key buffers but this could be dangerous ifother keyboards rely on the same.
2980.3709 	EXP 	text: text = 'You earned 8.9 out of 10 points in this round.\n\n Press [SPACE] to advance'
2980.3709 	EXP 	text: autoDraw = True
2981.0878 	DATA 	Keypress: space
2981.0948 	EXP 	text: autoDraw = False
2981.1163 	EXP 	text: text = 'Total points : 524.5'
2988.5348 	EXP 	text: text = 'Press and hold [SPACE] to report the duration of the stimulus'
2988.5348 	EXP 	text: autoDraw = True
2989.3839 	DATA 	Keypress: space
2989.3912 	EXP 	text: autoDraw = False
2990.1424 	WARNING 	Stopping key buffers but this could be dangerous ifother keyboards rely on the same.
2990.1701 	EXP 	text: text = 'You earned 8.8 out of 10 points in this round.\n\n Press [SPACE] to advance'
2990.1701 	EXP 	text: autoDraw = True
2990.8958 	DATA 	Keypress: space
2990.9028 	EXP 	text: autoDraw = False
2990.9196 	EXP 	text: text = 'Total points : 533.3'
3001.1226 	EXP 	text: text = 'Press and hold [SPACE] to report the duration of the stimulus'
3001.1226 	EXP 	text: autoDraw = True
3001.9119 	DATA 	Keypress: space
3001.9184 	EXP 	text: autoDraw = False
3002.8462 	WARNING 	Stopping key buffers but this could be dangerous ifother keyboards rely on the same.
3002.8728 	EXP 	text: text = 'You earned 3.1 out of 10 points in this round.\n\n Press [SPACE] to advance'
3002.8728 	EXP 	text: autoDraw = True
3004.0078 	DATA 	Keypress: space
3004.0150 	EXP 	text: autoDraw = False
3004.0224 	EXP 	text: text = 'Total points : 536.4'
3014.2263 	EXP 	text: text = 'Press and hold [SPACE] to report the duration of the stimulus'
3014.2263 	EXP 	text: autoDraw = True
3014.7199 	DATA 	Keypress: space
3014.7269 	EXP 	text: autoDraw = False
3015.5903 	WARNING 	Stopping key buffers but this could be dangerous ifother keyboards rely on the same.
3015.6113 	EXP 	text: text = 'You earned 2.7 out of 10 points in this round.\n\n Press [SPACE] to advance'
3015.6113 	EXP 	text: autoDraw = True
3016.7118 	DATA 	Keypress: space
3016.7190 	EXP 	text: autoDraw = False
3016.7264 	EXP 	text: text = 'Total points : 539.1'
3024.4628 	EXP 	text: text = 'Press and hold [SPACE] to report the duration of the stimulus'
3024.4628 	EXP 	text: autoDraw = True
3025.1119 	DATA 	Keypress: space
3025.1192 	EXP 	text: autoDraw = False
3025.8304 	WARNING 	Stopping key buffers but this could be dangerous ifother keyboards rely on the same.
3025.8518 	EXP 	text: text = 'You earned 7.0 out of 10 points in this round.\n\n Press [SPACE] to advance'
3025.8518 	EXP 	text: autoDraw = True
3026.4716 	DATA 	Keypress: space
3026.4769 	EXP 	text: autoDraw = False
3026.4977 	EXP 	text: text = 'Total points : 546.1'
3034.2162 	EXP 	text: text = 'Press and hold [SPACE] to report the duration of the stimulus'
3034.2162 	EXP 	text: autoDraw = True
3034.9519 	DATA 	Keypress: space
3034.9592 	EXP 	text: autoDraw = False
3035.5742 	WARNING 	Stopping key buffers but this could be dangerous ifother keyboards rely on the same.
3035.6013 	EXP 	text: text = 'You earned 5.8 out of 10 points in this round.\n\n Press [SPACE] to advance'
3035.6013 	EXP 	text: autoDraw = True
3036.3517 	DATA 	Keypress: space
3036.3589 	EXP 	text: autoDraw = False
3036.3664 	EXP 	text: text = 'Total points : 551.9'
3044.3863 	EXP 	text: text = 'Press and hold [SPACE] to report the duration of the stimulus'
3044.3863 	EXP 	text: autoDraw = True
3045.0799 	DATA 	Keypress: space
3045.0870 	EXP 	text: autoDraw = False
3045.6304 	WARNING 	Stopping key buffers but this could be dangerous ifother keyboards rely on the same.
3045.6543 	EXP 	text: text = 'You earned 4.3 out of 10 points in this round.\n\n Press [SPACE] to advance'
3045.6543 	EXP 	text: autoDraw = True
3046.5118 	DATA 	Keypress: space
3046.5188 	EXP 	text: autoDraw = False
3046.5377 	EXP 	text: text = 'Total points : 556.2'
3056.1574 	EXP 	text: text = 'Press and hold [SPACE] to report the duration of the stimulus'
3056.1574 	EXP 	text: autoDraw = True
3056.7039 	DATA 	Keypress: space
3056.7112 	EXP 	text: autoDraw = False
3057.6303 	WARNING 	Stopping key buffers but this could be dangerous ifother keyboards rely on the same.
3057.6575 	EXP 	text: text = 'You earned 4.1 out of 10 points in this round.\n\n Press [SPACE] to advance'
3057.6575 	EXP 	text: autoDraw = True
3058.8238 	DATA 	Keypress: space
3058.8311 	EXP 	text: autoDraw = False
3058.8400 	EXP 	text: text = 'Total points : 560.3'
3069.0442 	EXP 	text: text = 'Press and hold [SPACE] to report the duration of the stimulus'
3069.0442 	EXP 	text: autoDraw = True
3069.4638 	DATA 	Keypress: space
3069.4711 	EXP 	text: autoDraw = False
3070.2224 	WARNING 	Stopping key buffers but this could be dangerous ifother keyboards rely on the same.
3070.2453 	EXP 	text: text = 'You earned 2.2 out of 10 points in this round.\n\n Press [SPACE] to advance'
3070.2453 	EXP 	text: autoDraw = True
3071.6717 	DATA 	Keypress: space
3071.6787 	EXP 	text: autoDraw = False
3071.6948 	EXP 	text: text = 'Total points : 562.5'
3081.6160 	EXP 	text: text = 'Press and hold [SPACE] to report the duration of the stimulus'
3081.6160 	EXP 	text: autoDraw = True
3082.0879 	DATA 	Keypress: space
3082.0944 	EXP 	text: autoDraw = False
3082.8944 	WARNING 	Stopping key buffers but this could be dangerous ifother keyboards rely on the same.
3082.9151 	EXP 	text: text = 'You earned 2.8 out of 10 points in this round.\n\n Press [SPACE] to advance'
3082.9151 	EXP 	text: autoDraw = True
3084.6398 	DATA 	Keypress: space
3084.6452 	EXP 	text: autoDraw = False
3084.6655 	EXP 	text: text = 'Total points : 565.3'
3094.8705 	EXP 	text: text = 'Press and hold [SPACE] to report the duration of the stimulus'
3094.8705 	EXP 	text: autoDraw = True
3095.4079 	DATA 	Keypress: space
3095.4151 	EXP 	text: autoDraw = False
3096.3904 	WARNING 	Stopping key buffers but this could be dangerous ifother keyboards rely on the same.
3096.4209 	EXP 	text: text = 'You earned 3.4 out of 10 points in this round.\n\n Press [SPACE] to advance'
3096.4209 	EXP 	text: autoDraw = True
3097.5598 	DATA 	Keypress: space
3097.5658 	EXP 	text: autoDraw = False
3097.5863 	EXP 	text: text = 'Total points : 568.7'
3105.3231 	EXP 	text: text = 'Press and hold [SPACE] to report the duration of the stimulus'
3105.3231 	EXP 	text: autoDraw = True
3105.7280 	DATA 	Keypress: space
3105.7350 	EXP 	text: autoDraw = False
3106.6063 	WARNING 	Stopping key buffers but this could be dangerous ifother keyboards rely on the same.
3106.6273 	EXP 	text: text = 'You earned 9.6 out of 10 points in this round.\n\n Press [SPACE] to advance'
3106.6273 	EXP 	text: autoDraw = True
3107.6556 	DATA 	Keypress: space
3107.6630 	EXP 	text: autoDraw = False
3107.6730 	EXP 	text: text = 'Total points : 578.3'
3117.2767 	EXP 	text: text = 'Press and hold [SPACE] to report the duration of the stimulus'
3117.2767 	EXP 	text: autoDraw = True
3117.6638 	DATA 	Keypress: space
3117.6712 	EXP 	text: autoDraw = False
3118.6863 	WARNING 	Stopping key buffers but this could be dangerous ifother keyboards rely on the same.
3118.7103 	EXP 	text: text = 'You earned 5.0 out of 10 points in this round.\n\n Press [SPACE] to advance'
3118.7103 	EXP 	text: autoDraw = True
3119.8558 	DATA 	Keypress: space
3119.8633 	EXP 	text: autoDraw = False
3119.8783 	EXP 	text: text = 'Total points : 583.3'
3127.8801 	EXP 	text: text = 'Press and hold [SPACE] to report the duration of the stimulus'
3127.8801 	EXP 	text: autoDraw = True
3128.5038 	DATA 	Keypress: space
3128.5094 	EXP 	text: autoDraw = False
3129.4223 	WARNING 	Stopping key buffers but this could be dangerous ifother keyboards rely on the same.
3129.4474 	EXP 	text: text = 'You earned 9.0 out of 10 points in this round.\n\n Press [SPACE] to advance'
3129.4474 	EXP 	text: autoDraw = True
3130.2718 	DATA 	Keypress: space
3130.2788 	EXP 	text: autoDraw = False
3130.2981 	EXP 	text: text = 'Total points : 592.3'
3139.4170 	EXP 	text: text = 'Press and hold [SPACE] to report the duration of the stimulus'
3139.4170 	EXP 	text: autoDraw = True
3139.8879 	DATA 	Keypress: space
3139.8953 	EXP 	text: autoDraw = False
3140.9263 	WARNING 	Stopping key buffers but this could be dangerous ifother keyboards rely on the same.
3140.9520 	EXP 	text: text = 'You earned 6.6 out of 10 points in this round.\n\n Press [SPACE] to advance'
3140.9520 	EXP 	text: autoDraw = True
3141.6157 	DATA 	Keypress: space
3141.6230 	EXP 	text: autoDraw = False
3141.6345 	EXP 	text: text = 'Total points : 598.9'
3148.7698 	EXP 	text: text = 'Press and hold [SPACE] to report the duration of the stimulus'
3148.7698 	EXP 	text: autoDraw = True
3149.2318 	DATA 	Keypress: space
3149.2391 	EXP 	text: autoDraw = False
3149.9503 	WARNING 	Stopping key buffers but this could be dangerous ifother keyboards rely on the same.
3149.9713 	EXP 	text: text = 'You earned 9.4 out of 10 points in this round.\n\n Press [SPACE] to advance'
3149.9713 	EXP 	text: autoDraw = True
3151.1999 	DATA 	Keypress: space
3151.2071 	EXP 	text: autoDraw = False
3151.2214 	EXP 	text: text = 'Total points : 608.3'
3158.3399 	EXP 	text: text = 'Press and hold [SPACE] to report the duration of the stimulus'
3158.3399 	EXP 	text: autoDraw = True
3158.9518 	DATA 	Keypress: space
3158.9591 	EXP 	text: autoDraw = False
3159.8623 	WARNING 	Stopping key buffers but this could be dangerous ifother keyboards rely on the same.
3159.8796 	EXP 	text: text = 'Total points : 608.3'
3159.8796 	EXP 	text: text = 'Your response exceeded the actual time.\n\n Press [SPACE] to advance'
3159.8796 	EXP 	text: autoDraw = True
3160.6477 	DATA 	Keypress: space
3160.6532 	EXP 	text: autoDraw = False
3160.6746 	INFO 	Finishing at 17:00 on 05 Mar 2020
3160.9628 	EXP 	window1: mouseVisible = True
