38.9756 	ERROR 	Screen apparently NOT the desired resolution of 3840x2160 pixels!!
41.7453 	WARNING 	User requested fullscreen with size [3840 2160], but screen is actually [2560, 1440]. Using actual size
42.6175 	INFO 	Successfully set darwin thread to realtime
43.6808 	INFO 	#[ PsychoPy3 RuntimeInfoStart ]
  #[[ PsychoPy ]] #---------
    psychopyVersion: 3.2.3
    psychopyHaveExtRush: True
  #[[ Experiment ]] #---------
    experimentRunTime: 2020_03_06 17:09 (Year_Month_Day Hour:Min)
    experimentRunTime.epoch: 1583532540
    experimentScript: Experiment 5.py
    experimentScript.digestSHA1: ec82aa271b6170351b68a0a02b280cb508f7a767
    experimentScript.directory: /Users/vsg/Documents/GitHub/spatio_temporal_information_processing/Time_Subjective_Expansion/Jon_Ian_collaboration
  #[[ System ]] #---------
    systemHaveInternetAccess: True
    systemHostName: pbs-jf-imac.win.ad.jhu.edu
    systemLocale: C
    systemMemFreeRAM: 3215.3515625
    systemMemTotalRAM: 8192.0
    systemPlatform: darwin 10.13.6 x86_64
    systemPyoVersion: -
    systemRebooted: Feb 7 20:28
    systemSec.OpenSSLVersion: LibreSSL 2.2.7
    systemSec.pythonSSL: True
    systemTimeNumpySD1000000_sec: 0.0045
    systemUser: vsg
    systemUserID: 502
    systemUsersCount: 1
  #[[ Window ]] #---------
    windowWinType: pyglet
    windowUnits: deg
    windowSize_pix: [5120 2880]
    windowScreen: 0
    windowRgb: [255. 255. 255.]
    windowRefreshTimeSD_ms: 0.588
    windowRefreshTimeMedian_ms: 16.683
    windowRefreshTimeAvg_ms: 16.667
    windowPos_pix: [0.0, 0.0]
    windowMonitor.name: testmonitor
    windowMonitor.getWidth_cm: 56.0
    windowMonitor.getDistance_cm: 65.0
    windowMonitor.currentCalibName: 2020_02_04 15:59
    windowIsFullScr: True
  #[[ Python ]] #---------
    pythonVersion: 3.6.1
  #[[ OpenGL ]] #---------
#[ PsychoPy3 RuntimeInfoEnd ]

43.8166 	EXP 	Created text = TextStim(__class__=<class 'psychopy.visual.text.TextStim'>, alignHoriz='center', alignVert='center', antialias=True, autoLog=True, bold=False, color='black', colorSpace='named', contrast=1.0, depth=-1.0, flipHoriz=False, flipVert=False, font='Arial', fontFiles=[], height=0.35, italic=False, languageStyle='LTR', name='text', opacity=1.0, ori=0, pos=array([0., 0.]), rgb=array([0., 0., 0.]), text=str(...), units='deg', win=Window(...), wrapWidth=20)
43.8223 	EXP 	Created text = TextStim(__class__=<class 'psychopy.visual.text.TextStim'>, alignHoriz='center', alignVert='center', antialias=True, autoLog=True, bold=False, color='black', colorSpace='named', contrast=1.0, depth=-1.0, flipHoriz=False, flipVert=False, font='Arial', fontFiles=[], height=0.35, italic=False, languageStyle='LTR', name='text', opacity=1.0, ori=0, pos=array([5., 5.]), rgb=array([0., 0., 0.]), text='Total points : 0', units='deg', win=Window(...), wrapWidth=20)
43.8905 	EXP 	text: text = 'Welcome! Thank you for agreeing to participate in this study.\n\nIn this study, we want to examine your ability to perceive duration — how long something lasts.\n\nThe task is simple. In each trial, you will see a disc appear on the screen and then disappear. There will be four such disks. We want you to pay attention to how long the last disc lasts. Get a sense of its duration.\n\nThe fourth disk could be either the same / different type depending on the trial. After the fourth disc disappears it will be your turn to report its duration. Press and hold down the spacebar. \n\nPress any key to continue to the next page. \n\n'
43.8905 	EXP 	text: autoDraw = True
110.8694 	DATA 	Keypress: c
110.8704 	EXP 	text: autoDraw = False
110.9484 	EXP 	text: text = "We really want you to be as accurate as you can. So a game will be played to make it more fun. We want you to hold down the space bar for as long as you saw the last disc lasted, but no longer! The closer you get to the right answer, the more points we will award you in that trial. But if you go over the actual duration you won't get any points on that trial. So you need to be as accurate as possible without going over to earn the max. Each trial will be for 10 points. There are about 100 trials. If you collect a total of 600 points by the end, we will double the credit you get for the experiment.\n\nIf you're feeling uncomfortable, you can press ESC key any time to stop the experiment.\n\nPress any key you are ready to do some practice trials.\n\n"
110.9484 	EXP 	text: autoDraw = True
203.2681 	DATA 	Keypress: c
203.2690 	EXP 	text: autoDraw = False
203.2841 	EXP 	text: autoDraw = True
210.5403 	EXP 	text: text = 'Press and hold [SPACE] to report the duration of the stimulus'
210.5403 	EXP 	text: autoDraw = True
211.8440 	DATA 	Keypress: space
211.8500 	EXP 	text: autoDraw = False
212.3945 	WARNING 	Stopping key buffers but this could be dangerous ifother keyboards rely on the same.
212.4286 	EXP 	text: text = 'You earned 6.7 out of 10 points in this round.\n\n Press [SPACE] to advance'
212.4286 	EXP 	text: autoDraw = True
214.6040 	DATA 	Keypress: space
214.6113 	EXP 	text: autoDraw = False
214.6209 	EXP 	text: text = 'Total points : 6.7'
222.5418 	EXP 	text: text = 'Press and hold [SPACE] to report the duration of the stimulus'
222.5418 	EXP 	text: autoDraw = True
223.7481 	DATA 	Keypress: space
223.7542 	EXP 	text: autoDraw = False
224.6825 	WARNING 	Stopping key buffers but this could be dangerous ifother keyboards rely on the same.
224.7135 	EXP 	text: text = 'You earned 9.7 out of 10 points in this round.\n\n Press [SPACE] to advance'
224.7135 	EXP 	text: autoDraw = True
226.2359 	DATA 	Keypress: space
226.2429 	EXP 	text: autoDraw = False
226.2587 	EXP 	text: text = 'Total points : 16.4'
235.3783 	EXP 	text: text = 'Press and hold [SPACE] to report the duration of the stimulus'
235.3783 	EXP 	text: autoDraw = True
236.4919 	DATA 	Keypress: space
236.4992 	EXP 	text: autoDraw = False
237.3144 	WARNING 	Stopping key buffers but this could be dangerous ifother keyboards rely on the same.
237.3520 	EXP 	text: text = 'You earned 4.3 out of 10 points in this round.\n\n Press [SPACE] to advance'
237.3520 	EXP 	text: autoDraw = True
238.9720 	DATA 	Keypress: space
238.9790 	EXP 	text: autoDraw = False
239.0070 	EXP 	text: text = 'Total points : 20.7'
239.0070 	EXP 	text: text = 'Total points : 0'
239.0070 	EXP 	text: text = 'Great! Now press any key to begin the experiment'
239.0070 	EXP 	text: autoDraw = True
250.7001 	DATA 	Keypress: space
250.7075 	EXP 	text: autoDraw = False
260.3196 	EXP 	text: text = 'Press and hold [SPACE] to report the duration of the stimulus'
260.3196 	EXP 	text: autoDraw = True
261.2281 	DATA 	Keypress: space
261.2330 	EXP 	text: autoDraw = False
262.4265 	WARNING 	Stopping key buffers but this could be dangerous ifother keyboards rely on the same.
262.4547 	EXP 	text: text = 'You earned 7.0 out of 10 points in this round.\n\n Press [SPACE] to advance'
262.4547 	EXP 	text: autoDraw = True
263.4360 	DATA 	Keypress: space
263.4433 	EXP 	text: autoDraw = False
263.4533 	EXP 	text: text = 'Total points : 7.0'
271.4571 	EXP 	text: text = 'Press and hold [SPACE] to report the duration of the stimulus'
271.4571 	EXP 	text: autoDraw = True
272.4281 	DATA 	Keypress: space
272.4355 	EXP 	text: autoDraw = False
273.4183 	WARNING 	Stopping key buffers but this could be dangerous ifother keyboards rely on the same.
273.4421 	EXP 	text: text = 'You earned 9.7 out of 10 points in this round.\n\n Press [SPACE] to advance'
273.4421 	EXP 	text: autoDraw = True
274.2279 	DATA 	Keypress: space
274.2352 	EXP 	text: autoDraw = False
274.2570 	EXP 	text: text = 'Total points : 16.7'
281.9779 	EXP 	text: text = 'Press and hold [SPACE] to report the duration of the stimulus'
281.9779 	EXP 	text: autoDraw = True
283.0200 	DATA 	Keypress: space
283.0269 	EXP 	text: autoDraw = False
283.9305 	WARNING 	Stopping key buffers but this could be dangerous ifother keyboards rely on the same.
283.9661 	EXP 	text: text = 'You earned 9.8 out of 10 points in this round.\n\n Press [SPACE] to advance'
283.9661 	EXP 	text: autoDraw = True
284.7480 	DATA 	Keypress: space
284.7553 	EXP 	text: autoDraw = False
284.7780 	EXP 	text: text = 'Total points : 26.5'
291.9148 	EXP 	text: text = 'Press and hold [SPACE] to report the duration of the stimulus'
291.9148 	EXP 	text: autoDraw = True
292.9001 	DATA 	Keypress: space
292.9076 	EXP 	text: autoDraw = False
293.7945 	WARNING 	Stopping key buffers but this could be dangerous ifother keyboards rely on the same.
293.8121 	EXP 	text: text = 'Total points : 26.5'
293.8121 	EXP 	text: text = 'Your response exceeded the actual time.\n\n Press [SPACE] to advance'
293.8121 	EXP 	text: autoDraw = True
295.2519 	DATA 	Keypress: space
295.2592 	EXP 	text: autoDraw = False
304.9011 	EXP 	text: text = 'Press and hold [SPACE] to report the duration of the stimulus'
304.9011 	EXP 	text: autoDraw = True
305.8759 	DATA 	Keypress: space
305.8810 	EXP 	text: autoDraw = False
307.0025 	WARNING 	Stopping key buffers but this could be dangerous ifother keyboards rely on the same.
307.0230 	EXP 	text: text = 'You earned 6.1 out of 10 points in this round.\n\n Press [SPACE] to advance'
307.0230 	EXP 	text: autoDraw = True
308.1000 	DATA 	Keypress: space
308.1072 	EXP 	text: autoDraw = False
308.1195 	EXP 	text: text = 'Total points : 32.6'
315.8545 	EXP 	text: text = 'Press and hold [SPACE] to report the duration of the stimulus'
315.8545 	EXP 	text: autoDraw = True
316.9161 	DATA 	Keypress: space
316.9234 	EXP 	text: autoDraw = False
317.6906 	WARNING 	Stopping key buffers but this could be dangerous ifother keyboards rely on the same.
317.7112 	EXP 	text: text = 'You earned 7.8 out of 10 points in this round.\n\n Press [SPACE] to advance'
317.7112 	EXP 	text: autoDraw = True
323.5640 	DATA 	Keypress: space
323.5699 	EXP 	text: autoDraw = False
323.5905 	EXP 	text: text = 'Total points : 40.4'
331.3425 	EXP 	text: text = 'Press and hold [SPACE] to report the duration of the stimulus'
331.3425 	EXP 	text: autoDraw = True
332.2438 	DATA 	Keypress: space
332.2511 	EXP 	text: autoDraw = False
332.9785 	WARNING 	Stopping key buffers but this could be dangerous ifother keyboards rely on the same.
332.9991 	EXP 	text: text = 'You earned 7.2 out of 10 points in this round.\n\n Press [SPACE] to advance'
332.9991 	EXP 	text: autoDraw = True
333.7159 	DATA 	Keypress: space
333.7229 	EXP 	text: autoDraw = False
333.7432 	EXP 	text: text = 'Total points : 47.6'
343.9469 	EXP 	text: text = 'Press and hold [SPACE] to report the duration of the stimulus'
343.9469 	EXP 	text: autoDraw = True
344.9961 	DATA 	Keypress: space
345.0035 	EXP 	text: autoDraw = False
346.3545 	WARNING 	Stopping key buffers but this could be dangerous ifother keyboards rely on the same.
346.3811 	EXP 	text: text = 'You earned 7.2 out of 10 points in this round.\n\n Press [SPACE] to advance'
346.3811 	EXP 	text: autoDraw = True
347.1560 	DATA 	Keypress: space
347.1631 	EXP 	text: autoDraw = False
347.1820 	EXP 	text: text = 'Total points : 54.8'
355.1775 	DATA 	Keypress: space
356.7858 	EXP 	text: text = 'Press and hold [SPACE] to report the duration of the stimulus'
356.7858 	EXP 	text: autoDraw = True
357.3239 	DATA 	Keypress: space
357.3305 	EXP 	text: autoDraw = False
358.1465 	WARNING 	Stopping key buffers but this could be dangerous ifother keyboards rely on the same.
358.1696 	EXP 	text: text = 'You earned 3.3 out of 10 points in this round.\n\n Press [SPACE] to advance'
358.1696 	EXP 	text: autoDraw = True
359.2200 	DATA 	Keypress: space
359.2273 	EXP 	text: autoDraw = False
359.2347 	EXP 	text: text = 'Total points : 58.1'
367.2388 	EXP 	text: text = 'Press and hold [SPACE] to report the duration of the stimulus'
367.2388 	EXP 	text: autoDraw = True
368.2119 	DATA 	Keypress: space
368.2175 	EXP 	text: autoDraw = False
368.9865 	WARNING 	Stopping key buffers but this could be dangerous ifother keyboards rely on the same.
369.0068 	EXP 	text: text = 'You earned 6.7 out of 10 points in this round.\n\n Press [SPACE] to advance'
369.0068 	EXP 	text: autoDraw = True
369.7479 	DATA 	Keypress: space
369.7549 	EXP 	text: autoDraw = False
369.7718 	EXP 	text: text = 'Total points : 64.8'
376.8920 	EXP 	text: text = 'Press and hold [SPACE] to report the duration of the stimulus'
376.8920 	EXP 	text: autoDraw = True
378.0519 	DATA 	Keypress: space
378.0593 	EXP 	text: autoDraw = False
378.6743 	WARNING 	Stopping key buffers but this could be dangerous ifother keyboards rely on the same.
378.6946 	EXP 	text: text = 'You earned 7.8 out of 10 points in this round.\n\n Press [SPACE] to advance'
378.6946 	EXP 	text: autoDraw = True
379.4919 	DATA 	Keypress: space
379.4993 	EXP 	text: autoDraw = False
379.5080 	EXP 	text: text = 'Total points : 72.6'
386.6283 	EXP 	text: text = 'Press and hold [SPACE] to report the duration of the stimulus'
386.6283 	EXP 	text: autoDraw = True
387.5321 	DATA 	Keypress: space
387.5395 	EXP 	text: autoDraw = False
388.1705 	WARNING 	Stopping key buffers but this could be dangerous ifother keyboards rely on the same.
388.1962 	EXP 	text: text = 'You earned 8.0 out of 10 points in this round.\n\n Press [SPACE] to advance'
388.1962 	EXP 	text: autoDraw = True
388.8679 	DATA 	Keypress: space
388.8742 	EXP 	text: autoDraw = False
388.8959 	EXP 	text: text = 'Total points : 80.6'
399.0988 	EXP 	text: text = 'Press and hold [SPACE] to report the duration of the stimulus'
399.0988 	EXP 	text: autoDraw = True
400.2519 	DATA 	Keypress: space
400.2592 	EXP 	text: autoDraw = False
401.7865 	WARNING 	Stopping key buffers but this could be dangerous ifother keyboards rely on the same.
401.8171 	EXP 	text: text = 'You earned 9.8 out of 10 points in this round.\n\n Press [SPACE] to advance'
401.8171 	EXP 	text: autoDraw = True
402.4680 	DATA 	Keypress: space
402.4753 	EXP 	text: autoDraw = False
402.4822 	EXP 	text: text = 'Total points : 90.4'
409.6347 	EXP 	text: text = 'Press and hold [SPACE] to report the duration of the stimulus'
409.6347 	EXP 	text: autoDraw = True
410.9721 	DATA 	Keypress: space
410.9794 	EXP 	text: autoDraw = False
411.7145 	WARNING 	Stopping key buffers but this could be dangerous ifother keyboards rely on the same.
411.7367 	EXP 	text: text = 'You earned 9.9 out of 10 points in this round.\n\n Press [SPACE] to advance'
411.7367 	EXP 	text: autoDraw = True
413.1558 	DATA 	Keypress: space
413.1630 	EXP 	text: autoDraw = False
413.1700 	EXP 	text: text = 'Total points : 100.3'
421.1883 	EXP 	text: text = 'Press and hold [SPACE] to report the duration of the stimulus'
421.1883 	EXP 	text: autoDraw = True
422.3161 	DATA 	Keypress: space
422.3232 	EXP 	text: autoDraw = False
423.1225 	WARNING 	Stopping key buffers but this could be dangerous ifother keyboards rely on the same.
423.1439 	EXP 	text: text = 'You earned 7.2 out of 10 points in this round.\n\n Press [SPACE] to advance'
423.1439 	EXP 	text: autoDraw = True
423.8679 	DATA 	Keypress: space
423.8751 	EXP 	text: autoDraw = False
423.8890 	EXP 	text: text = 'Total points : 107.5'
431.8936 	EXP 	text: text = 'Press and hold [SPACE] to report the duration of the stimulus'
431.8936 	EXP 	text: autoDraw = True
432.9321 	DATA 	Keypress: space
432.9385 	EXP 	text: autoDraw = False
433.7945 	WARNING 	Stopping key buffers but this could be dangerous ifother keyboards rely on the same.
433.8149 	EXP 	text: text = 'You earned 8.0 out of 10 points in this round.\n\n Press [SPACE] to advance'
433.8149 	EXP 	text: autoDraw = True
434.4679 	DATA 	Keypress: space
434.4749 	EXP 	text: autoDraw = False
434.4935 	EXP 	text: text = 'Total points : 115.5'
441.6115 	EXP 	text: text = 'Press and hold [SPACE] to report the duration of the stimulus'
441.6115 	EXP 	text: autoDraw = True
443.0118 	DATA 	Keypress: space
443.0193 	EXP 	text: autoDraw = False
443.6824 	WARNING 	Stopping key buffers but this could be dangerous ifother keyboards rely on the same.
443.7125 	EXP 	text: text = 'You earned 8.6 out of 10 points in this round.\n\n Press [SPACE] to advance'
443.7125 	EXP 	text: autoDraw = True
444.2919 	DATA 	Keypress: space
444.2992 	EXP 	text: autoDraw = False
444.3121 	EXP 	text: text = 'Total points : 124.1'
453.4500 	EXP 	text: text = 'Press and hold [SPACE] to report the duration of the stimulus'
453.4500 	EXP 	text: autoDraw = True
454.1561 	DATA 	Keypress: space
454.1620 	EXP 	text: autoDraw = False
455.1465 	WARNING 	Stopping key buffers but this could be dangerous ifother keyboards rely on the same.
455.1673 	EXP 	text: text = 'You earned 6.0 out of 10 points in this round.\n\n Press [SPACE] to advance'
455.1673 	EXP 	text: autoDraw = True
455.9640 	DATA 	Keypress: space
455.9714 	EXP 	text: autoDraw = False
455.9822 	EXP 	text: text = 'Total points : 130.1'
464.5857 	EXP 	text: text = 'Press and hold [SPACE] to report the duration of the stimulus'
464.5857 	EXP 	text: autoDraw = True
465.5801 	DATA 	Keypress: space
465.5874 	EXP 	text: autoDraw = False
466.7146 	WARNING 	Stopping key buffers but this could be dangerous ifother keyboards rely on the same.
466.7377 	EXP 	text: text = 'You earned 9.8 out of 10 points in this round.\n\n Press [SPACE] to advance'
466.7377 	EXP 	text: autoDraw = True
467.3960 	DATA 	Keypress: space
467.4030 	EXP 	text: autoDraw = False
467.4213 	EXP 	text: text = 'Total points : 139.9'
477.0241 	EXP 	text: text = 'Press and hold [SPACE] to report the duration of the stimulus'
477.0241 	EXP 	text: autoDraw = True
477.8760 	DATA 	Keypress: space
477.8833 	EXP 	text: autoDraw = False
478.7625 	WARNING 	Stopping key buffers but this could be dangerous ifother keyboards rely on the same.
478.7913 	EXP 	text: text = 'You earned 3.8 out of 10 points in this round.\n\n Press [SPACE] to advance'
478.7913 	EXP 	text: autoDraw = True
480.5240 	DATA 	Keypress: space
480.5312 	EXP 	text: autoDraw = False
480.5399 	EXP 	text: text = 'Total points : 143.7'
490.4610 	EXP 	text: text = 'Press and hold [SPACE] to report the duration of the stimulus'
490.4610 	EXP 	text: autoDraw = True
491.2681 	DATA 	Keypress: space
491.2740 	EXP 	text: autoDraw = False
492.3706 	WARNING 	Stopping key buffers but this could be dangerous ifother keyboards rely on the same.
492.3961 	EXP 	text: text = 'You earned 5.0 out of 10 points in this round.\n\n Press [SPACE] to advance'
492.3961 	EXP 	text: autoDraw = True
493.7719 	DATA 	Keypress: space
493.7789 	EXP 	text: autoDraw = False
493.7949 	EXP 	text: text = 'Total points : 148.7'
503.7156 	EXP 	text: text = 'Press and hold [SPACE] to report the duration of the stimulus'
503.7156 	EXP 	text: autoDraw = True
504.7721 	DATA 	Keypress: space
504.7784 	EXP 	text: autoDraw = False
506.3865 	WARNING 	Stopping key buffers but this could be dangerous ifother keyboards rely on the same.
506.4038 	EXP 	text: text = 'Total points : 148.7'
506.4038 	EXP 	text: text = 'Your response exceeded the actual time.\n\n Press [SPACE] to advance'
506.4038 	EXP 	text: autoDraw = True
507.4037 	DATA 	Keypress: space
507.4111 	EXP 	text: autoDraw = False
516.5694 	EXP 	text: text = 'Press and hold [SPACE] to report the duration of the stimulus'
516.5694 	EXP 	text: autoDraw = True
517.0920 	DATA 	Keypress: space
517.0989 	EXP 	text: autoDraw = False
518.1385 	WARNING 	Stopping key buffers but this could be dangerous ifother keyboards rely on the same.
518.1590 	EXP 	text: text = 'You earned 6.7 out of 10 points in this round.\n\n Press [SPACE] to advance'
518.1590 	EXP 	text: autoDraw = True
518.9479 	DATA 	Keypress: space
518.9552 	EXP 	text: autoDraw = False
518.9700 	EXP 	text: text = 'Total points : 155.4'
526.3891 	EXP 	text: text = 'Press and hold [SPACE] to report the duration of the stimulus'
526.3891 	EXP 	text: autoDraw = True
527.3640 	DATA 	Keypress: space
527.3711 	EXP 	text: autoDraw = False
528.1465 	WARNING 	Stopping key buffers but this could be dangerous ifother keyboards rely on the same.
528.1742 	EXP 	text: text = 'You earned 9.2 out of 10 points in this round.\n\n Press [SPACE] to advance'
528.1742 	EXP 	text: autoDraw = True
528.7960 	DATA 	Keypress: space
528.8028 	EXP 	text: autoDraw = False
528.8234 	EXP 	text: text = 'Total points : 164.6'
536.2257 	EXP 	text: text = 'Press and hold [SPACE] to report the duration of the stimulus'
536.2257 	EXP 	text: autoDraw = True
537.1320 	DATA 	Keypress: space
537.1385 	EXP 	text: autoDraw = False
537.8825 	WARNING 	Stopping key buffers but this could be dangerous ifother keyboards rely on the same.
537.9108 	EXP 	text: text = 'You earned 8.6 out of 10 points in this round.\n\n Press [SPACE] to advance'
537.9108 	EXP 	text: autoDraw = True
538.5480 	DATA 	Keypress: space
538.5555 	EXP 	text: autoDraw = False
538.5762 	EXP 	text: text = 'Total points : 173.2'
548.1978 	EXP 	text: text = 'Press and hold [SPACE] to report the duration of the stimulus'
548.1978 	EXP 	text: autoDraw = True
548.7080 	DATA 	Keypress: space
548.7153 	EXP 	text: autoDraw = False
549.9225 	WARNING 	Stopping key buffers but this could be dangerous ifother keyboards rely on the same.
549.9472 	EXP 	text: text = 'You earned 7.3 out of 10 points in this round.\n\n Press [SPACE] to advance'
549.9472 	EXP 	text: autoDraw = True
550.6679 	DATA 	Keypress: space
550.6752 	EXP 	text: autoDraw = False
550.6969 	EXP 	text: text = 'Total points : 180.5'
558.4177 	EXP 	text: text = 'Press and hold [SPACE] to report the duration of the stimulus'
558.4177 	EXP 	text: autoDraw = True
559.3880 	DATA 	Keypress: space
559.3955 	EXP 	text: autoDraw = False
560.0986 	WARNING 	Stopping key buffers but this could be dangerous ifother keyboards rely on the same.
560.1192 	EXP 	text: text = 'You earned 6.9 out of 10 points in this round.\n\n Press [SPACE] to advance'
560.1192 	EXP 	text: autoDraw = True
560.9159 	DATA 	Keypress: space
560.9231 	EXP 	text: autoDraw = False
560.9326 	EXP 	text: text = 'Total points : 187.4'
564.9879 	DATA 	Keypress: space
569.2711 	EXP 	text: text = 'Press and hold [SPACE] to report the duration of the stimulus'
569.2711 	EXP 	text: autoDraw = True
569.9799 	DATA 	Keypress: space
569.9870 	EXP 	text: autoDraw = False
570.6505 	WARNING 	Stopping key buffers but this could be dangerous ifother keyboards rely on the same.
570.6712 	EXP 	text: text = 'You earned 4.7 out of 10 points in this round.\n\n Press [SPACE] to advance'
570.6712 	EXP 	text: autoDraw = True
571.4039 	DATA 	Keypress: space
571.4112 	EXP 	text: autoDraw = False
571.4199 	EXP 	text: text = 'Total points : 192.1'
581.3406 	EXP 	text: text = 'Press and hold [SPACE] to report the duration of the stimulus'
581.3406 	EXP 	text: autoDraw = True
582.1082 	DATA 	Keypress: space
582.1156 	EXP 	text: autoDraw = False
583.2664 	WARNING 	Stopping key buffers but this could be dangerous ifother keyboards rely on the same.
583.2921 	EXP 	text: text = 'You earned 5.6 out of 10 points in this round.\n\n Press [SPACE] to advance'
583.2921 	EXP 	text: autoDraw = True
585.1399 	DATA 	Keypress: space
585.1473 	EXP 	text: autoDraw = False
585.1572 	EXP 	text: text = 'Total points : 197.7'
593.4957 	EXP 	text: text = 'Press and hold [SPACE] to report the duration of the stimulus'
593.4957 	EXP 	text: autoDraw = True
594.1080 	DATA 	Keypress: space
594.1153 	EXP 	text: autoDraw = False
595.2103 	WARNING 	Stopping key buffers but this could be dangerous ifother keyboards rely on the same.
595.2269 	EXP 	text: text = 'Total points : 197.7'
595.2269 	EXP 	text: text = 'Your response exceeded the actual time.\n\n Press [SPACE] to advance'
595.2269 	EXP 	text: autoDraw = True
596.0759 	DATA 	Keypress: space
596.0831 	EXP 	text: autoDraw = False
603.5319 	EXP 	text: text = 'Press and hold [SPACE] to report the duration of the stimulus'
603.5319 	EXP 	text: autoDraw = True
604.8441 	DATA 	Keypress: space
604.8514 	EXP 	text: autoDraw = False
605.8345 	WARNING 	Stopping key buffers but this could be dangerous ifother keyboards rely on the same.
605.8518 	EXP 	text: text = 'Total points : 197.7'
605.8518 	EXP 	text: text = 'Your response exceeded the actual time.\n\n Press [SPACE] to advance'
605.8518 	EXP 	text: autoDraw = True
606.8680 	DATA 	Keypress: space
606.8752 	EXP 	text: autoDraw = False
616.5026 	EXP 	text: text = 'Press and hold [SPACE] to report the duration of the stimulus'
616.5026 	EXP 	text: autoDraw = True
617.1961 	DATA 	Keypress: space
617.2036 	EXP 	text: autoDraw = False
618.2424 	WARNING 	Stopping key buffers but this could be dangerous ifother keyboards rely on the same.
618.2707 	EXP 	text: text = 'You earned 5.2 out of 10 points in this round.\n\n Press [SPACE] to advance'
618.2707 	EXP 	text: autoDraw = True
620.0199 	DATA 	Keypress: space
620.0273 	EXP 	text: autoDraw = False
620.0360 	EXP 	text: text = 'Total points : 202.9'
629.9563 	EXP 	text: text = 'Press and hold [SPACE] to report the duration of the stimulus'
629.9563 	EXP 	text: autoDraw = True
631.9160 	DATA 	Keypress: space
631.9230 	EXP 	text: autoDraw = False
633.0104 	WARNING 	Stopping key buffers but this could be dangerous ifother keyboards rely on the same.
633.0418 	EXP 	text: text = 'You earned 4.9 out of 10 points in this round.\n\n Press [SPACE] to advance'
633.0418 	EXP 	text: autoDraw = True
633.9879 	DATA 	Keypress: space
633.9953 	EXP 	text: autoDraw = False
634.0073 	EXP 	text: text = 'Total points : 207.8'
644.2111 	EXP 	text: text = 'Press and hold [SPACE] to report the duration of the stimulus'
644.2111 	EXP 	text: autoDraw = True
645.0840 	DATA 	Keypress: space
645.0903 	EXP 	text: autoDraw = False
646.0905 	WARNING 	Stopping key buffers but this could be dangerous ifother keyboards rely on the same.
646.1114 	EXP 	text: text = 'You earned 3.6 out of 10 points in this round.\n\n Press [SPACE] to advance'
646.1114 	EXP 	text: autoDraw = True
647.7560 	DATA 	Keypress: space
647.7632 	EXP 	text: autoDraw = False
647.7790 	EXP 	text: text = 'Total points : 211.4'
656.1148 	EXP 	text: text = 'Press and hold [SPACE] to report the duration of the stimulus'
656.1148 	EXP 	text: autoDraw = True
656.9401 	DATA 	Keypress: space
656.9472 	EXP 	text: autoDraw = False
657.9705 	WARNING 	Stopping key buffers but this could be dangerous ifother keyboards rely on the same.
658.0000 	EXP 	text: text = 'You earned 9.6 out of 10 points in this round.\n\n Press [SPACE] to advance'
658.0000 	EXP 	text: autoDraw = True
658.7079 	DATA 	Keypress: space
658.7149 	EXP 	text: autoDraw = False
658.7317 	EXP 	text: text = 'Total points : 221.0'
667.3529 	EXP 	text: text = 'Press and hold [SPACE] to report the duration of the stimulus'
667.3529 	EXP 	text: autoDraw = True
668.0438 	DATA 	Keypress: space
668.0510 	EXP 	text: autoDraw = False
669.1384 	WARNING 	Stopping key buffers but this could be dangerous ifother keyboards rely on the same.
669.1697 	EXP 	text: text = 'You earned 9.4 out of 10 points in this round.\n\n Press [SPACE] to advance'
669.1697 	EXP 	text: autoDraw = True
669.8199 	DATA 	Keypress: space
669.8273 	EXP 	text: autoDraw = False
669.8370 	EXP 	text: text = 'Total points : 230.4'
680.0392 	EXP 	text: text = 'Press and hold [SPACE] to report the duration of the stimulus'
680.0392 	EXP 	text: autoDraw = True
681.5080 	DATA 	Keypress: space
681.5153 	EXP 	text: autoDraw = False
682.8985 	WARNING 	Stopping key buffers but this could be dangerous ifother keyboards rely on the same.
682.9244 	EXP 	text: text = 'You earned 7.7 out of 10 points in this round.\n\n Press [SPACE] to advance'
682.9244 	EXP 	text: autoDraw = True
683.6520 	DATA 	Keypress: space
683.6592 	EXP 	text: autoDraw = False
683.6731 	EXP 	text: text = 'Total points : 238.1'
692.7947 	EXP 	text: text = 'Press and hold [SPACE] to report the duration of the stimulus'
692.7947 	EXP 	text: autoDraw = True
693.6840 	DATA 	Keypress: space
693.6898 	EXP 	text: autoDraw = False
694.5865 	WARNING 	Stopping key buffers but this could be dangerous ifother keyboards rely on the same.
694.6108 	EXP 	text: text = 'You earned 5.0 out of 10 points in this round.\n\n Press [SPACE] to advance'
694.6108 	EXP 	text: autoDraw = True
695.3160 	DATA 	Keypress: space
695.3232 	EXP 	text: autoDraw = False
695.3437 	EXP 	text: text = 'Total points : 243.1'
702.7473 	EXP 	text: text = 'Press and hold [SPACE] to report the duration of the stimulus'
702.7473 	EXP 	text: autoDraw = True
703.6760 	DATA 	Keypress: space
703.6834 	EXP 	text: autoDraw = False
704.2904 	WARNING 	Stopping key buffers but this could be dangerous ifother keyboards rely on the same.
704.3136 	EXP 	text: text = 'You earned 6.6 out of 10 points in this round.\n\n Press [SPACE] to advance'
704.3136 	EXP 	text: autoDraw = True
705.0760 	DATA 	Keypress: space
705.0834 	EXP 	text: autoDraw = False
705.0971 	EXP 	text: text = 'Total points : 249.7'
714.7001 	EXP 	text: text = 'Press and hold [SPACE] to report the duration of the stimulus'
714.7001 	EXP 	text: autoDraw = True
715.5161 	DATA 	Keypress: space
715.5234 	EXP 	text: autoDraw = False
716.7945 	WARNING 	Stopping key buffers but this could be dangerous ifother keyboards rely on the same.
716.8191 	EXP 	text: text = 'You earned 8.3 out of 10 points in this round.\n\n Press [SPACE] to advance'
716.8191 	EXP 	text: autoDraw = True
717.5959 	DATA 	Keypress: space
717.6032 	EXP 	text: autoDraw = False
717.6188 	EXP 	text: text = 'Total points : 258.0'
725.6207 	EXP 	text: text = 'Press and hold [SPACE] to report the duration of the stimulus'
725.6207 	EXP 	text: autoDraw = True
726.9720 	DATA 	Keypress: space
726.9793 	EXP 	text: autoDraw = False
728.0266 	WARNING 	Stopping key buffers but this could be dangerous ifother keyboards rely on the same.
728.0439 	EXP 	text: text = 'Total points : 258.0'
728.0439 	EXP 	text: text = 'Your response exceeded the actual time.\n\n Press [SPACE] to advance'
728.0439 	EXP 	text: autoDraw = True
728.8760 	DATA 	Keypress: space
728.8834 	EXP 	text: autoDraw = False
738.0423 	EXP 	text: text = 'Press and hold [SPACE] to report the duration of the stimulus'
738.0423 	EXP 	text: autoDraw = True
738.9240 	DATA 	Keypress: space
738.9313 	EXP 	text: autoDraw = False
739.7384 	WARNING 	Stopping key buffers but this could be dangerous ifother keyboards rely on the same.
739.7595 	EXP 	text: text = 'You earned 4.2 out of 10 points in this round.\n\n Press [SPACE] to advance'
739.7595 	EXP 	text: autoDraw = True
741.3960 	DATA 	Keypress: space
741.4032 	EXP 	text: autoDraw = False
741.4252 	EXP 	text: text = 'Total points : 262.2'
748.8291 	EXP 	text: text = 'Press and hold [SPACE] to report the duration of the stimulus'
748.8291 	EXP 	text: autoDraw = True
750.3080 	DATA 	Keypress: space
750.3153 	EXP 	text: autoDraw = False
750.9305 	WARNING 	Stopping key buffers but this could be dangerous ifother keyboards rely on the same.
750.9509 	EXP 	text: text = 'You earned 6.7 out of 10 points in this round.\n\n Press [SPACE] to advance'
750.9509 	EXP 	text: autoDraw = True
752.4764 	DATA 	Keypress: space
752.4836 	EXP 	text: autoDraw = False
752.4968 	EXP 	text: text = 'Total points : 268.9'
760.8155 	EXP 	text: text = 'Press and hold [SPACE] to report the duration of the stimulus'
760.8155 	EXP 	text: autoDraw = True
761.5720 	DATA 	Keypress: space
761.5783 	EXP 	text: autoDraw = False
762.5384 	WARNING 	Stopping key buffers but this could be dangerous ifother keyboards rely on the same.
762.5667 	EXP 	text: text = 'You earned 8.5 out of 10 points in this round.\n\n Press [SPACE] to advance'
762.5667 	EXP 	text: autoDraw = True
763.2280 	DATA 	Keypress: space
763.2351 	EXP 	text: autoDraw = False
763.2503 	EXP 	text: text = 'Total points : 277.4'
772.8542 	EXP 	text: text = 'Press and hold [SPACE] to report the duration of the stimulus'
772.8542 	EXP 	text: autoDraw = True
773.5080 	DATA 	Keypress: space
773.5150 	EXP 	text: autoDraw = False
774.5305 	WARNING 	Stopping key buffers but this could be dangerous ifother keyboards rely on the same.
774.5532 	EXP 	text: text = 'You earned 5.0 out of 10 points in this round.\n\n Press [SPACE] to advance'
774.5532 	EXP 	text: autoDraw = True
775.4199 	DATA 	Keypress: space
775.4272 	EXP 	text: autoDraw = False
775.4360 	EXP 	text: text = 'Total points : 282.4'
783.1576 	EXP 	text: text = 'Press and hold [SPACE] to report the duration of the stimulus'
783.1576 	EXP 	text: autoDraw = True
784.0760 	DATA 	Keypress: space
784.0833 	EXP 	text: autoDraw = False
784.9144 	WARNING 	Stopping key buffers but this could be dangerous ifother keyboards rely on the same.
784.9398 	EXP 	text: text = 'You earned 8.9 out of 10 points in this round.\n\n Press [SPACE] to advance'
784.9398 	EXP 	text: autoDraw = True
785.5239 	DATA 	Keypress: space
785.5310 	EXP 	text: autoDraw = False
785.5385 	EXP 	text: text = 'Total points : 291.3'
793.2602 	EXP 	text: text = 'Press and hold [SPACE] to report the duration of the stimulus'
793.2602 	EXP 	text: autoDraw = True
794.0120 	DATA 	Keypress: space
794.0195 	EXP 	text: autoDraw = False
794.8185 	WARNING 	Stopping key buffers but this could be dangerous ifother keyboards rely on the same.
794.8433 	EXP 	text: text = 'You earned 8.3 out of 10 points in this round.\n\n Press [SPACE] to advance'
794.8433 	EXP 	text: autoDraw = True
795.4199 	DATA 	Keypress: space
795.4269 	EXP 	text: autoDraw = False
795.4429 	EXP 	text: text = 'Total points : 299.6'
803.4469 	EXP 	text: text = 'Press and hold [SPACE] to report the duration of the stimulus'
803.4469 	EXP 	text: autoDraw = True
804.2041 	DATA 	Keypress: space
804.2111 	EXP 	text: autoDraw = False
805.0585 	WARNING 	Stopping key buffers but this could be dangerous ifother keyboards rely on the same.
805.0808 	EXP 	text: text = 'You earned 7.9 out of 10 points in this round.\n\n Press [SPACE] to advance'
805.0808 	EXP 	text: autoDraw = True
805.7880 	DATA 	Keypress: space
805.7950 	EXP 	text: autoDraw = False
805.8129 	EXP 	text: text = 'Total points : 307.5'
814.1336 	EXP 	text: text = 'Press and hold [SPACE] to report the duration of the stimulus'
814.1336 	EXP 	text: autoDraw = True
815.7800 	DATA 	Keypress: space
815.7874 	EXP 	text: autoDraw = False
816.7225 	WARNING 	Stopping key buffers but this could be dangerous ifother keyboards rely on the same.
816.7495 	EXP 	text: text = 'You earned 8.1 out of 10 points in this round.\n\n Press [SPACE] to advance'
816.7495 	EXP 	text: autoDraw = True
817.7641 	DATA 	Keypress: space
817.7714 	EXP 	text: autoDraw = False
817.7838 	EXP 	text: text = 'Total points : 315.6'
827.9880 	EXP 	text: text = 'Press and hold [SPACE] to report the duration of the stimulus'
827.9880 	EXP 	text: autoDraw = True
828.6839 	DATA 	Keypress: space
828.6912 	EXP 	text: autoDraw = False
829.5864 	WARNING 	Stopping key buffers but this could be dangerous ifother keyboards rely on the same.
829.6070 	EXP 	text: text = 'You earned 2.9 out of 10 points in this round.\n\n Press [SPACE] to advance'
829.6070 	EXP 	text: autoDraw = True
830.4520 	DATA 	Keypress: space
830.4592 	EXP 	text: autoDraw = False
830.4702 	EXP 	text: text = 'Total points : 318.5'
838.4748 	EXP 	text: text = 'Press and hold [SPACE] to report the duration of the stimulus'
838.4748 	EXP 	text: autoDraw = True
839.1559 	DATA 	Keypress: space
839.1632 	EXP 	text: autoDraw = False
840.0505 	WARNING 	Stopping key buffers but this could be dangerous ifother keyboards rely on the same.
840.0741 	EXP 	text: text = 'You earned 8.5 out of 10 points in this round.\n\n Press [SPACE] to advance'
840.0741 	EXP 	text: autoDraw = True
840.7399 	DATA 	Keypress: space
840.7472 	EXP 	text: autoDraw = False
840.7567 	EXP 	text: text = 'Total points : 327.0'
849.3604 	EXP 	text: text = 'Press and hold [SPACE] to report the duration of the stimulus'
849.3604 	EXP 	text: autoDraw = True
849.8920 	DATA 	Keypress: space
849.8994 	EXP 	text: autoDraw = False
850.5865 	WARNING 	Stopping key buffers but this could be dangerous ifother keyboards rely on the same.
850.6113 	EXP 	text: text = 'You earned 4.2 out of 10 points in this round.\n\n Press [SPACE] to advance'
850.6113 	EXP 	text: autoDraw = True
851.1559 	DATA 	Keypress: space
851.1633 	EXP 	text: autoDraw = False
851.1771 	EXP 	text: text = 'Total points : 331.2'
858.8979 	EXP 	text: text = 'Press and hold [SPACE] to report the duration of the stimulus'
858.8979 	EXP 	text: autoDraw = True
859.2761 	DATA 	Keypress: space
859.2834 	EXP 	text: autoDraw = False
860.3385 	WARNING 	Stopping key buffers but this could be dangerous ifother keyboards rely on the same.
860.3562 	EXP 	text: text = 'Total points : 331.2'
860.3562 	EXP 	text: text = 'Your response exceeded the actual time.\n\n Press [SPACE] to advance'
860.3562 	EXP 	text: autoDraw = True
861.1559 	DATA 	Keypress: space
861.1630 	EXP 	text: autoDraw = False
871.1177 	EXP 	text: text = 'Press and hold [SPACE] to report the duration of the stimulus'
871.1177 	EXP 	text: autoDraw = True
872.3642 	DATA 	Keypress: space
872.3714 	EXP 	text: autoDraw = False
873.5785 	WARNING 	Stopping key buffers but this could be dangerous ifother keyboards rely on the same.
873.6032 	EXP 	text: text = 'You earned 6.3 out of 10 points in this round.\n\n Press [SPACE] to advance'
873.6032 	EXP 	text: autoDraw = True
874.1799 	DATA 	Keypress: space
874.1871 	EXP 	text: autoDraw = False
874.2015 	EXP 	text: text = 'Total points : 337.5'
882.2062 	EXP 	text: text = 'Press and hold [SPACE] to report the duration of the stimulus'
882.2062 	EXP 	text: autoDraw = True
884.1960 	DATA 	Keypress: space
884.2014 	EXP 	text: autoDraw = False
885.7065 	WARNING 	Stopping key buffers but this could be dangerous ifother keyboards rely on the same.
885.7235 	EXP 	text: text = 'Total points : 337.5'
885.7235 	EXP 	text: text = 'Your response exceeded the actual time.\n\n Press [SPACE] to advance'
885.7235 	EXP 	text: autoDraw = True
886.6279 	DATA 	Keypress: space
886.6351 	EXP 	text: autoDraw = False
895.2757 	EXP 	text: text = 'Press and hold [SPACE] to report the duration of the stimulus'
895.2757 	EXP 	text: autoDraw = True
896.1480 	DATA 	Keypress: space
896.1549 	EXP 	text: autoDraw = False
896.9546 	WARNING 	Stopping key buffers but this could be dangerous ifother keyboards rely on the same.
896.9770 	EXP 	text: text = 'You earned 5.3 out of 10 points in this round.\n\n Press [SPACE] to advance'
896.9770 	EXP 	text: autoDraw = True
897.7800 	DATA 	Keypress: space
897.7872 	EXP 	text: autoDraw = False
897.7938 	EXP 	text: text = 'Total points : 342.8'
906.1125 	EXP 	text: text = 'Press and hold [SPACE] to report the duration of the stimulus'
906.1125 	EXP 	text: autoDraw = True
906.6200 	DATA 	Keypress: space
906.6256 	EXP 	text: autoDraw = False
907.5544 	WARNING 	Stopping key buffers but this could be dangerous ifother keyboards rely on the same.
907.5807 	EXP 	text: text = 'You earned 8.0 out of 10 points in this round.\n\n Press [SPACE] to advance'
907.5807 	EXP 	text: autoDraw = True
908.2760 	DATA 	Keypress: space
908.2832 	EXP 	text: autoDraw = False
908.2971 	EXP 	text: text = 'Total points : 350.8'
916.9001 	EXP 	text: text = 'Press and hold [SPACE] to report the duration of the stimulus'
916.9001 	EXP 	text: autoDraw = True
917.4121 	DATA 	Keypress: space
917.4193 	EXP 	text: autoDraw = False
918.2985 	WARNING 	Stopping key buffers but this could be dangerous ifother keyboards rely on the same.
918.3191 	EXP 	text: text = 'You earned 6.2 out of 10 points in this round.\n\n Press [SPACE] to advance'
918.3191 	EXP 	text: autoDraw = True
918.7878 	DATA 	Keypress: space
918.7954 	EXP 	text: autoDraw = False
918.8165 	EXP 	text: text = 'Total points : 357.0'
925.9523 	EXP 	text: text = 'Press and hold [SPACE] to report the duration of the stimulus'
925.9523 	EXP 	text: autoDraw = True
926.7561 	DATA 	Keypress: space
926.7635 	EXP 	text: autoDraw = False
927.5866 	WARNING 	Stopping key buffers but this could be dangerous ifother keyboards rely on the same.
927.6035 	EXP 	text: text = 'Total points : 357.0'
927.6035 	EXP 	text: text = 'Your response exceeded the actual time.\n\n Press [SPACE] to advance'
927.6035 	EXP 	text: autoDraw = True
928.8600 	DATA 	Keypress: space
928.8657 	EXP 	text: autoDraw = False
936.3052 	EXP 	text: text = 'Press and hold [SPACE] to report the duration of the stimulus'
936.3052 	EXP 	text: autoDraw = True
937.9000 	DATA 	Keypress: space
937.9075 	EXP 	text: autoDraw = False
938.0104 	WARNING 	Stopping key buffers but this could be dangerous ifother keyboards rely on the same.
938.0256 	EXP 	text: text = 'You earned 2.4 out of 10 points in this round.\n\n Press [SPACE] to advance'
938.0256 	EXP 	text: autoDraw = True
940.0039 	DATA 	Keypress: space
940.0113 	EXP 	text: autoDraw = False
940.0235 	EXP 	text: text = 'Total points : 359.4'
949.9430 	EXP 	text: text = 'Press and hold [SPACE] to report the duration of the stimulus'
949.9430 	EXP 	text: autoDraw = True
954.3960 	DATA 	Keypress: space
954.4034 	EXP 	text: autoDraw = False
955.6504 	WARNING 	Stopping key buffers but this could be dangerous ifother keyboards rely on the same.
955.6789 	EXP 	text: text = 'You earned 6.8 out of 10 points in this round.\n\n Press [SPACE] to advance'
955.6789 	EXP 	text: autoDraw = True
956.2999 	DATA 	Keypress: space
956.3074 	EXP 	text: autoDraw = False
956.3285 	EXP 	text: text = 'Total points : 366.2'
964.0485 	EXP 	text: text = 'Press and hold [SPACE] to report the duration of the stimulus'
964.0485 	EXP 	text: autoDraw = True
966.9161 	DATA 	Keypress: space
966.9233 	EXP 	text: autoDraw = False
968.1146 	WARNING 	Stopping key buffers but this could be dangerous ifother keyboards rely on the same.
968.1310 	EXP 	text: text = 'Total points : 366.2'
968.1310 	EXP 	text: text = 'Your response exceeded the actual time.\n\n Press [SPACE] to advance'
968.1310 	EXP 	text: autoDraw = True
968.7159 	DATA 	Keypress: space
968.7232 	EXP 	text: autoDraw = False
978.9541 	EXP 	text: text = 'Press and hold [SPACE] to report the duration of the stimulus'
978.9541 	EXP 	text: autoDraw = True
980.7320 	DATA 	Keypress: space
980.7392 	EXP 	text: autoDraw = False
981.9543 	WARNING 	Stopping key buffers but this could be dangerous ifother keyboards rely on the same.
981.9749 	EXP 	text: text = 'You earned 5.5 out of 10 points in this round.\n\n Press [SPACE] to advance'
981.9749 	EXP 	text: autoDraw = True
982.7080 	DATA 	Keypress: space
982.7154 	EXP 	text: autoDraw = False
982.7381 	EXP 	text: text = 'Total points : 371.7'
991.8579 	EXP 	text: text = 'Press and hold [SPACE] to report the duration of the stimulus'
991.8579 	EXP 	text: autoDraw = True
992.3401 	DATA 	Keypress: space
992.3473 	EXP 	text: autoDraw = False
993.4185 	WARNING 	Stopping key buffers but this could be dangerous ifother keyboards rely on the same.
993.4421 	EXP 	text: text = 'You earned 7.1 out of 10 points in this round.\n\n Press [SPACE] to advance'
993.4421 	EXP 	text: autoDraw = True
994.4679 	DATA 	Keypress: space
994.4748 	EXP 	text: autoDraw = False
994.4907 	EXP 	text: text = 'Total points : 378.8'
1001.1198 	DATA 	Keypress: space
1003.6117 	EXP 	text: text = 'Press and hold [SPACE] to report the duration of the stimulus'
1003.6117 	EXP 	text: autoDraw = True
1011.2039 	DATA 	Keypress: space
1011.2111 	EXP 	text: autoDraw = False
1012.5145 	WARNING 	Stopping key buffers but this could be dangerous ifother keyboards rely on the same.
1012.5316 	EXP 	text: text = 'Total points : 378.8'
1012.5316 	EXP 	text: text = 'Your response exceeded the actual time.\n\n Press [SPACE] to advance'
1012.5316 	EXP 	text: autoDraw = True
1013.1400 	DATA 	Keypress: space
1013.1469 	EXP 	text: autoDraw = False
1014.9668 	DATA 	Keypress: space
1021.1828 	EXP 	text: text = 'Press and hold [SPACE] to report the duration of the stimulus'
1021.1828 	EXP 	text: autoDraw = True
1021.7161 	DATA 	Keypress: space
1021.7235 	EXP 	text: autoDraw = False
1022.6585 	WARNING 	Stopping key buffers but this could be dangerous ifother keyboards rely on the same.
1022.6849 	EXP 	text: text = 'You earned 9.4 out of 10 points in this round.\n\n Press [SPACE] to advance'
1022.6849 	EXP 	text: autoDraw = True
1023.3399 	DATA 	Keypress: space
1023.3464 	EXP 	text: autoDraw = False
1023.3675 	EXP 	text: text = 'Total points : 388.2'
1032.9713 	EXP 	text: text = 'Press and hold [SPACE] to report the duration of the stimulus'
1032.9713 	EXP 	text: autoDraw = True
1034.8921 	DATA 	Keypress: space
1034.8994 	EXP 	text: autoDraw = False
1036.0265 	WARNING 	Stopping key buffers but this could be dangerous ifother keyboards rely on the same.
1036.0545 	EXP 	text: text = 'You earned 6.2 out of 10 points in this round.\n\n Press [SPACE] to advance'
1036.0545 	EXP 	text: autoDraw = True
1036.7239 	DATA 	Keypress: space
1036.7310 	EXP 	text: autoDraw = False
1036.7373 	EXP 	text: text = 'Total points : 394.4'
1043.8580 	EXP 	text: text = 'Press and hold [SPACE] to report the duration of the stimulus'
1043.8580 	EXP 	text: autoDraw = True
1044.4361 	DATA 	Keypress: space
1044.4433 	EXP 	text: autoDraw = False
1045.0905 	WARNING 	Stopping key buffers but this could be dangerous ifother keyboards rely on the same.
1045.1110 	EXP 	text: text = 'You earned 8.3 out of 10 points in this round.\n\n Press [SPACE] to advance'
1045.1110 	EXP 	text: autoDraw = True
1045.6117 	DATA 	Keypress: space
1045.6189 	EXP 	text: autoDraw = False
1045.6405 	EXP 	text: text = 'Total points : 402.7'
1055.2445 	EXP 	text: text = 'Press and hold [SPACE] to report the duration of the stimulus'
1055.2445 	EXP 	text: autoDraw = True
1055.8680 	DATA 	Keypress: space
1055.8736 	EXP 	text: autoDraw = False
1056.9066 	WARNING 	Stopping key buffers but this could be dangerous ifother keyboards rely on the same.
1056.9293 	EXP 	text: text = 'You earned 5.1 out of 10 points in this round.\n\n Press [SPACE] to advance'
1056.9293 	EXP 	text: autoDraw = True
1057.7159 	DATA 	Keypress: space
1057.7232 	EXP 	text: autoDraw = False
1057.7452 	EXP 	text: text = 'Total points : 407.8'
1067.6822 	EXP 	text: text = 'Press and hold [SPACE] to report the duration of the stimulus'
1067.6822 	EXP 	text: autoDraw = True
1070.8200 	DATA 	Keypress: space
1070.8272 	EXP 	text: autoDraw = False
1072.1784 	WARNING 	Stopping key buffers but this could be dangerous ifother keyboards rely on the same.
1072.2004 	EXP 	text: text = 'You earned 8.4 out of 10 points in this round.\n\n Press [SPACE] to advance'
1072.2004 	EXP 	text: autoDraw = True
1072.9479 	DATA 	Keypress: space
1072.9552 	EXP 	text: autoDraw = False
1072.9664 	EXP 	text: text = 'Total points : 416.2'
1082.8871 	EXP 	text: text = 'Press and hold [SPACE] to report the duration of the stimulus'
1082.8871 	EXP 	text: autoDraw = True
1083.7801 	DATA 	Keypress: space
1083.7872 	EXP 	text: autoDraw = False
1085.0186 	WARNING 	Stopping key buffers but this could be dangerous ifother keyboards rely on the same.
1085.0393 	EXP 	text: text = 'You earned 6.6 out of 10 points in this round.\n\n Press [SPACE] to advance'
1085.0393 	EXP 	text: autoDraw = True
1086.6680 	DATA 	Keypress: space
1086.6752 	EXP 	text: autoDraw = False
1086.6869 	EXP 	text: text = 'Total points : 422.8'
1094.6904 	EXP 	text: text = 'Press and hold [SPACE] to report the duration of the stimulus'
1094.6904 	EXP 	text: autoDraw = True
1095.3239 	DATA 	Keypress: space
1095.3312 	EXP 	text: autoDraw = False
1096.1144 	WARNING 	Stopping key buffers but this could be dangerous ifother keyboards rely on the same.
1096.1406 	EXP 	text: text = 'You earned 6.9 out of 10 points in this round.\n\n Press [SPACE] to advance'
1096.1406 	EXP 	text: autoDraw = True
1096.8439 	DATA 	Keypress: space
1096.8511 	EXP 	text: autoDraw = False
1096.8578 	EXP 	text: text = 'Total points : 429.7'
1106.7771 	EXP 	text: text = 'Press and hold [SPACE] to report the duration of the stimulus'
1106.7771 	EXP 	text: autoDraw = True
1109.5881 	DATA 	Keypress: space
1109.5953 	EXP 	text: autoDraw = False
1110.8744 	WARNING 	Stopping key buffers but this could be dangerous ifother keyboards rely on the same.
1110.8957 	EXP 	text: text = 'You earned 7.2 out of 10 points in this round.\n\n Press [SPACE] to advance'
1110.8957 	EXP 	text: autoDraw = True
1111.5400 	DATA 	Keypress: space
1111.5473 	EXP 	text: autoDraw = False
1111.5620 	EXP 	text: text = 'Total points : 436.9'
1113.8981 	DATA 	Keypress: space
1121.7821 	EXP 	text: text = 'Press and hold [SPACE] to report the duration of the stimulus'
1121.7821 	EXP 	text: autoDraw = True
1123.3081 	DATA 	Keypress: space
1123.3152 	EXP 	text: autoDraw = False
1124.7785 	WARNING 	Stopping key buffers but this could be dangerous ifother keyboards rely on the same.
1124.7994 	EXP 	text: text = 'You earned 9.0 out of 10 points in this round.\n\n Press [SPACE] to advance'
1124.7994 	EXP 	text: autoDraw = True
1125.7001 	DATA 	Keypress: space
1125.7073 	EXP 	text: autoDraw = False
1125.7160 	EXP 	text: text = 'Total points : 445.9'
1134.3197 	EXP 	text: text = 'Press and hold [SPACE] to report the duration of the stimulus'
1134.3197 	EXP 	text: autoDraw = True
1135.0359 	DATA 	Keypress: space
1135.0431 	EXP 	text: autoDraw = False
1135.7624 	WARNING 	Stopping key buffers but this could be dangerous ifother keyboards rely on the same.
1135.7868 	EXP 	text: text = 'You earned 4.5 out of 10 points in this round.\n\n Press [SPACE] to advance'
1135.7868 	EXP 	text: autoDraw = True
1136.3638 	DATA 	Keypress: space
1136.3708 	EXP 	text: autoDraw = False
1136.3865 	EXP 	text: text = 'Total points : 450.4'
1144.9895 	EXP 	text: text = 'Press and hold [SPACE] to report the duration of the stimulus'
1144.9895 	EXP 	text: autoDraw = True
1145.9161 	DATA 	Keypress: space
1145.9233 	EXP 	text: autoDraw = False
1146.7464 	WARNING 	Stopping key buffers but this could be dangerous ifother keyboards rely on the same.
1146.7735 	EXP 	text: text = 'You earned 5.6 out of 10 points in this round.\n\n Press [SPACE] to advance'
1146.7735 	EXP 	text: autoDraw = True
1147.3881 	DATA 	Keypress: space
1147.3953 	EXP 	text: autoDraw = False
1147.4080 	EXP 	text: text = 'Total points : 456.0'
1155.1266 	EXP 	text: text = 'Press and hold [SPACE] to report the duration of the stimulus'
1155.1266 	EXP 	text: autoDraw = True
1157.3400 	DATA 	Keypress: space
1157.3474 	EXP 	text: autoDraw = False
1158.4025 	WARNING 	Stopping key buffers but this could be dangerous ifother keyboards rely on the same.
1158.4199 	EXP 	text: text = 'Total points : 456.0'
1158.4199 	EXP 	text: text = 'Your response exceeded the actual time.\n\n Press [SPACE] to advance'
1158.4199 	EXP 	text: autoDraw = True
1159.1158 	DATA 	Keypress: space
1159.1232 	EXP 	text: autoDraw = False
1169.0807 	EXP 	text: text = 'Press and hold [SPACE] to report the duration of the stimulus'
1169.0807 	EXP 	text: autoDraw = True
1173.7961 	DATA 	Keypress: space
1173.8034 	EXP 	text: autoDraw = False
1174.9545 	WARNING 	Stopping key buffers but this could be dangerous ifother keyboards rely on the same.
1174.9829 	EXP 	text: text = 'You earned 5.6 out of 10 points in this round.\n\n Press [SPACE] to advance'
1174.9829 	EXP 	text: autoDraw = True
1175.8199 	DATA 	Keypress: space
1175.8271 	EXP 	text: autoDraw = False
1175.8493 	EXP 	text: text = 'Total points : 461.6'
1184.9694 	EXP 	text: text = 'Press and hold [SPACE] to report the duration of the stimulus'
1184.9694 	EXP 	text: autoDraw = True
1186.0440 	DATA 	Keypress: space
1186.0495 	EXP 	text: autoDraw = False
1186.8665 	WARNING 	Stopping key buffers but this could be dangerous ifother keyboards rely on the same.
1186.8875 	EXP 	text: text = 'You earned 4.3 out of 10 points in this round.\n\n Press [SPACE] to advance'
1186.8875 	EXP 	text: autoDraw = True
1187.5479 	DATA 	Keypress: space
1187.5551 	EXP 	text: autoDraw = False
1187.5712 	EXP 	text: text = 'Total points : 465.9'
1195.8892 	EXP 	text: text = 'Press and hold [SPACE] to report the duration of the stimulus'
1195.8892 	EXP 	text: autoDraw = True
1196.8439 	DATA 	Keypress: space
1196.8512 	EXP 	text: autoDraw = False
1197.7145 	WARNING 	Stopping key buffers but this could be dangerous ifother keyboards rely on the same.
1197.7413 	EXP 	text: text = 'You earned 7.0 out of 10 points in this round.\n\n Press [SPACE] to advance'
1197.7413 	EXP 	text: autoDraw = True
1198.7881 	DATA 	Keypress: space
1198.7953 	EXP 	text: autoDraw = False
1198.8079 	EXP 	text: text = 'Total points : 472.9'
1207.9447 	EXP 	text: text = 'Press and hold [SPACE] to report the duration of the stimulus'
1207.9447 	EXP 	text: autoDraw = True
1209.2920 	DATA 	Keypress: space
1209.2993 	EXP 	text: autoDraw = False
1210.3546 	WARNING 	Stopping key buffers but this could be dangerous ifother keyboards rely on the same.
1210.3771 	EXP 	text: text = 'You earned 6.9 out of 10 points in this round.\n\n Press [SPACE] to advance'
1210.3771 	EXP 	text: autoDraw = True
1210.8999 	DATA 	Keypress: space
1210.9068 	EXP 	text: autoDraw = False
1210.9273 	EXP 	text: text = 'Total points : 479.8'
1220.0642 	EXP 	text: text = 'Press and hold [SPACE] to report the duration of the stimulus'
1220.0642 	EXP 	text: autoDraw = True
1220.9321 	DATA 	Keypress: space
1220.9394 	EXP 	text: autoDraw = False
1221.9304 	WARNING 	Stopping key buffers but this could be dangerous ifother keyboards rely on the same.
1221.9519 	EXP 	text: text = 'You earned 6.1 out of 10 points in this round.\n\n Press [SPACE] to advance'
1221.9519 	EXP 	text: autoDraw = True
1222.6119 	DATA 	Keypress: space
1222.6191 	EXP 	text: autoDraw = False
1222.6322 	EXP 	text: text = 'Total points : 485.9'
1232.8353 	EXP 	text: text = 'Press and hold [SPACE] to report the duration of the stimulus'
1232.8353 	EXP 	text: autoDraw = True
1233.7401 	DATA 	Keypress: space
1233.7474 	EXP 	text: autoDraw = False
1234.8424 	WARNING 	Stopping key buffers but this could be dangerous ifother keyboards rely on the same.
1234.8690 	EXP 	text: text = 'You earned 4.3 out of 10 points in this round.\n\n Press [SPACE] to advance'
1234.8690 	EXP 	text: autoDraw = True
1235.5159 	DATA 	Keypress: space
1235.5232 	EXP 	text: autoDraw = False
1235.5366 	EXP 	text: text = 'Total points : 490.2'
1244.1386 	EXP 	text: text = 'Press and hold [SPACE] to report the duration of the stimulus'
1244.1386 	EXP 	text: autoDraw = True
1246.2520 	DATA 	Keypress: space
1246.2594 	EXP 	text: autoDraw = False
1247.5705 	WARNING 	Stopping key buffers but this could be dangerous ifother keyboards rely on the same.
1247.5878 	EXP 	text: text = 'Total points : 490.2'
1247.5878 	EXP 	text: text = 'Your response exceeded the actual time.\n\n Press [SPACE] to advance'
1247.5878 	EXP 	text: autoDraw = True
1248.5080 	DATA 	Keypress: space
1248.5152 	EXP 	text: autoDraw = False
1257.6602 	EXP 	text: text = 'Press and hold [SPACE] to report the duration of the stimulus'
1257.6602 	EXP 	text: autoDraw = True
1259.2440 	DATA 	Keypress: space
1259.2512 	EXP 	text: autoDraw = False
1260.3786 	WARNING 	Stopping key buffers but this could be dangerous ifother keyboards rely on the same.
1260.3993 	EXP 	text: text = 'You earned 8.0 out of 10 points in this round.\n\n Press [SPACE] to advance'
1260.3993 	EXP 	text: autoDraw = True
1260.9081 	DATA 	Keypress: space
1260.9155 	EXP 	text: autoDraw = False
1260.9264 	EXP 	text: text = 'Total points : 498.2'
1269.2468 	EXP 	text: text = 'Press and hold [SPACE] to report the duration of the stimulus'
1269.2468 	EXP 	text: autoDraw = True
1273.1560 	DATA 	Keypress: space
1273.1631 	EXP 	text: autoDraw = False
1274.1304 	WARNING 	Stopping key buffers but this could be dangerous ifother keyboards rely on the same.
1274.1519 	EXP 	text: text = 'You earned 8.6 out of 10 points in this round.\n\n Press [SPACE] to advance'
1274.1519 	EXP 	text: autoDraw = True
1274.6600 	DATA 	Keypress: space
1274.6673 	EXP 	text: autoDraw = False
1274.6812 	EXP 	text: text = 'Total points : 506.8'
1282.1019 	EXP 	text: text = 'Press and hold [SPACE] to report the duration of the stimulus'
1282.1019 	EXP 	text: autoDraw = True
1284.9001 	DATA 	Keypress: space
1284.9075 	EXP 	text: autoDraw = False
1285.9145 	WARNING 	Stopping key buffers but this could be dangerous ifother keyboards rely on the same.
1285.9318 	EXP 	text: text = 'Total points : 506.8'
1285.9318 	EXP 	text: text = 'Your response exceeded the actual time.\n\n Press [SPACE] to advance'
1285.9318 	EXP 	text: autoDraw = True
1286.3639 	DATA 	Keypress: space
1286.3711 	EXP 	text: autoDraw = False
1294.1224 	EXP 	text: text = 'Press and hold [SPACE] to report the duration of the stimulus'
1294.1224 	EXP 	text: autoDraw = True
1294.9401 	DATA 	Keypress: n
1294.9477 	DATA 	Keypress: m
1295.0519 	DATA 	Keypress: m
1295.7078 	DATA 	Keypress: space
1295.7150 	EXP 	text: autoDraw = False
1296.6186 	WARNING 	Stopping key buffers but this could be dangerous ifother keyboards rely on the same.
1296.6394 	EXP 	text: text = 'You earned 9.8 out of 10 points in this round.\n\n Press [SPACE] to advance'
1296.6394 	EXP 	text: autoDraw = True
1297.1399 	DATA 	Keypress: space
1297.1472 	EXP 	text: autoDraw = False
1297.1555 	EXP 	text: text = 'Total points : 516.6'
1305.4749 	EXP 	text: text = 'Press and hold [SPACE] to report the duration of the stimulus'
1305.4749 	EXP 	text: autoDraw = True
1306.3161 	DATA 	Keypress: space
1306.3215 	EXP 	text: autoDraw = False
1307.1785 	WARNING 	Stopping key buffers but this could be dangerous ifother keyboards rely on the same.
1307.2101 	EXP 	text: text = 'You earned 6.9 out of 10 points in this round.\n\n Press [SPACE] to advance'
1307.2101 	EXP 	text: autoDraw = True
1307.6679 	DATA 	Keypress: space
1307.6750 	EXP 	text: autoDraw = False
1307.6935 	EXP 	text: text = 'Total points : 523.5'
1316.8118 	EXP 	text: text = 'Press and hold [SPACE] to report the duration of the stimulus'
1316.8118 	EXP 	text: autoDraw = True
1317.5401 	DATA 	Keypress: space
1317.5474 	EXP 	text: autoDraw = False
1318.3225 	WARNING 	Stopping key buffers but this could be dangerous ifother keyboards rely on the same.
1318.3467 	EXP 	text: text = 'You earned 3.9 out of 10 points in this round.\n\n Press [SPACE] to advance'
1318.3467 	EXP 	text: autoDraw = True
1318.7800 	DATA 	Keypress: space
1318.7873 	EXP 	text: autoDraw = False
1318.7958 	EXP 	text: text = 'Total points : 527.4'
1325.9151 	EXP 	text: text = 'Press and hold [SPACE] to report the duration of the stimulus'
1325.9151 	EXP 	text: autoDraw = True
1326.7401 	DATA 	Keypress: space
1326.7472 	EXP 	text: autoDraw = False
1327.7305 	WARNING 	Stopping key buffers but this could be dangerous ifother keyboards rely on the same.
1327.7472 	EXP 	text: text = 'Total points : 527.4'
1327.7472 	EXP 	text: text = 'Your response exceeded the actual time.\n\n Press [SPACE] to advance'
1327.7472 	EXP 	text: autoDraw = True
1328.2280 	DATA 	Keypress: space
1328.2353 	EXP 	text: autoDraw = False
1336.8686 	EXP 	text: text = 'Press and hold [SPACE] to report the duration of the stimulus'
1336.8686 	EXP 	text: autoDraw = True
1337.5160 	DATA 	Keypress: space
1337.5232 	EXP 	text: autoDraw = False
1338.3225 	WARNING 	Stopping key buffers but this could be dangerous ifother keyboards rely on the same.
1338.3537 	EXP 	text: text = 'You earned 5.3 out of 10 points in this round.\n\n Press [SPACE] to advance'
1338.3537 	EXP 	text: autoDraw = True
1338.9480 	DATA 	Keypress: space
1338.9554 	EXP 	text: autoDraw = False
1338.9686 	EXP 	text: text = 'Total points : 532.7'
1346.3714 	EXP 	text: text = 'Press and hold [SPACE] to report the duration of the stimulus'
1346.3714 	EXP 	text: autoDraw = True
1347.2601 	DATA 	Keypress: space
1347.2675 	EXP 	text: autoDraw = False
1348.0665 	WARNING 	Stopping key buffers but this could be dangerous ifother keyboards rely on the same.
1348.0902 	EXP 	text: text = 'You earned 9.7 out of 10 points in this round.\n\n Press [SPACE] to advance'
1348.0902 	EXP 	text: autoDraw = True
1348.6839 	DATA 	Keypress: space
1348.6912 	EXP 	text: autoDraw = False
1348.7067 	EXP 	text: text = 'Total points : 542.4'
1357.3099 	EXP 	text: text = 'Press and hold [SPACE] to report the duration of the stimulus'
1357.3099 	EXP 	text: autoDraw = True
1357.8521 	DATA 	Keypress: space
1357.8592 	EXP 	text: autoDraw = False
1358.8105 	WARNING 	Stopping key buffers but this could be dangerous ifother keyboards rely on the same.
1358.8313 	EXP 	text: text = 'You earned 7.2 out of 10 points in this round.\n\n Press [SPACE] to advance'
1358.8313 	EXP 	text: autoDraw = True
1359.3559 	DATA 	Keypress: space
1359.3631 	EXP 	text: autoDraw = False
1359.3754 	EXP 	text: text = 'Total points : 549.6'
1369.5792 	EXP 	text: text = 'Press and hold [SPACE] to report the duration of the stimulus'
1369.5792 	EXP 	text: autoDraw = True
1370.2281 	DATA 	Keypress: space
1370.2355 	EXP 	text: autoDraw = False
1371.1865 	WARNING 	Stopping key buffers but this could be dangerous ifother keyboards rely on the same.
1371.2133 	EXP 	text: text = 'You earned 3.2 out of 10 points in this round.\n\n Press [SPACE] to advance'
1371.2133 	EXP 	text: autoDraw = True
1372.7479 	DATA 	Keypress: space
1372.7552 	EXP 	text: autoDraw = False
1372.7626 	EXP 	text: text = 'Total points : 552.8'
1380.7829 	EXP 	text: text = 'Press and hold [SPACE] to report the duration of the stimulus'
1380.7829 	EXP 	text: autoDraw = True
1381.5000 	DATA 	Keypress: space
1381.5073 	EXP 	text: autoDraw = False
1382.4745 	WARNING 	Stopping key buffers but this could be dangerous ifother keyboards rely on the same.
1382.5012 	EXP 	text: text = 'You earned 10.0 out of 10 points in this round.\n\n Press [SPACE] to advance'
1382.5012 	EXP 	text: autoDraw = True
1386.4439 	DATA 	Keypress: space
1386.4508 	EXP 	text: autoDraw = False
1386.4671 	EXP 	text: text = 'Total points : 562.8'
1395.0876 	EXP 	text: text = 'Press and hold [SPACE] to report the duration of the stimulus'
1395.0876 	EXP 	text: autoDraw = True
1395.7401 	DATA 	Keypress: space
1395.7476 	EXP 	text: autoDraw = False
1396.6024 	WARNING 	Stopping key buffers but this could be dangerous ifother keyboards rely on the same.
1396.6233 	EXP 	text: text = 'You earned 5.9 out of 10 points in this round.\n\n Press [SPACE] to advance'
1396.6233 	EXP 	text: autoDraw = True
1397.2360 	DATA 	Keypress: space
1397.2432 	EXP 	text: autoDraw = False
1397.2555 	EXP 	text: text = 'Total points : 568.7'
1406.8745 	EXP 	text: text = 'Press and hold [SPACE] to report the duration of the stimulus'
1406.8745 	EXP 	text: autoDraw = True
1407.4119 	DATA 	Keypress: space
1407.4192 	EXP 	text: autoDraw = False
1408.4265 	WARNING 	Stopping key buffers but this could be dangerous ifother keyboards rely on the same.
1408.4470 	EXP 	text: text = 'You earned 4.9 out of 10 points in this round.\n\n Press [SPACE] to advance'
1408.4470 	EXP 	text: autoDraw = True
1409.0920 	DATA 	Keypress: space
1409.0993 	EXP 	text: autoDraw = False
1409.1081 	EXP 	text: text = 'Total points : 573.6'
1417.4290 	EXP 	text: text = 'Press and hold [SPACE] to report the duration of the stimulus'
1417.4290 	EXP 	text: autoDraw = True
1419.4361 	DATA 	Keypress: space
1419.4414 	EXP 	text: autoDraw = False
1420.7944 	WARNING 	Stopping key buffers but this could be dangerous ifother keyboards rely on the same.
1420.8108 	EXP 	text: text = 'Total points : 573.6'
1420.8108 	EXP 	text: text = 'Your response exceeded the actual time.\n\n Press [SPACE] to advance'
1420.8108 	EXP 	text: autoDraw = True
1421.5959 	DATA 	Keypress: space
1421.6033 	EXP 	text: autoDraw = False
1428.7663 	EXP 	text: text = 'Press and hold [SPACE] to report the duration of the stimulus'
1428.7663 	EXP 	text: autoDraw = True
1429.9241 	DATA 	Keypress: space
1429.9312 	EXP 	text: autoDraw = False
1430.4986 	WARNING 	Stopping key buffers but this could be dangerous ifother keyboards rely on the same.
1430.5190 	EXP 	text: text = 'You earned 7.1 out of 10 points in this round.\n\n Press [SPACE] to advance'
1430.5190 	EXP 	text: autoDraw = True
1431.1239 	DATA 	Keypress: space
1431.1310 	EXP 	text: autoDraw = False
1431.1491 	EXP 	text: text = 'Total points : 580.7'
1441.0692 	EXP 	text: text = 'Press and hold [SPACE] to report the duration of the stimulus'
1441.0692 	EXP 	text: autoDraw = True
1442.4200 	DATA 	Keypress: space
1442.4272 	EXP 	text: autoDraw = False
1443.2585 	WARNING 	Stopping key buffers but this could be dangerous ifother keyboards rely on the same.
1443.2865 	EXP 	text: text = 'You earned 3.0 out of 10 points in this round.\n\n Press [SPACE] to advance'
1443.2865 	EXP 	text: autoDraw = True
1445.0280 	DATA 	Keypress: space
1445.0334 	EXP 	text: autoDraw = False
1445.0531 	EXP 	text: text = 'Total points : 583.7'
1455.2570 	EXP 	text: text = 'Press and hold [SPACE] to report the duration of the stimulus'
1455.2570 	EXP 	text: autoDraw = True
1456.1800 	DATA 	Keypress: space
1456.1867 	EXP 	text: autoDraw = False
1457.4425 	WARNING 	Stopping key buffers but this could be dangerous ifother keyboards rely on the same.
1457.4635 	EXP 	text: text = 'You earned 5.9 out of 10 points in this round.\n\n Press [SPACE] to advance'
1457.4635 	EXP 	text: autoDraw = True
1458.0760 	DATA 	Keypress: space
1458.0833 	EXP 	text: autoDraw = False
1458.0908 	EXP 	text: text = 'Total points : 589.6'
1468.2949 	EXP 	text: text = 'Press and hold [SPACE] to report the duration of the stimulus'
1468.2949 	EXP 	text: autoDraw = True
1469.1880 	DATA 	Keypress: space
1469.1952 	EXP 	text: autoDraw = False
1470.2584 	WARNING 	Stopping key buffers but this could be dangerous ifother keyboards rely on the same.
1470.2795 	EXP 	text: text = 'You earned 4.0 out of 10 points in this round.\n\n Press [SPACE] to advance'
1470.2795 	EXP 	text: autoDraw = True
1470.7957 	DATA 	Keypress: space
1470.8031 	EXP 	text: autoDraw = False
1470.8105 	EXP 	text: text = 'Total points : 593.6'
1478.2151 	EXP 	text: text = 'Press and hold [SPACE] to report the duration of the stimulus'
1478.2151 	EXP 	text: autoDraw = True
1479.3880 	DATA 	Keypress: space
1479.3942 	EXP 	text: autoDraw = False
1480.1224 	WARNING 	Stopping key buffers but this could be dangerous ifother keyboards rely on the same.
1480.1492 	EXP 	text: text = 'You earned 8.4 out of 10 points in this round.\n\n Press [SPACE] to advance'
1480.1492 	EXP 	text: autoDraw = True
1480.8039 	DATA 	Keypress: space
1480.8110 	EXP 	text: autoDraw = False
1480.8318 	EXP 	text: text = 'Total points : 602.0'
1487.9517 	EXP 	text: text = 'Press and hold [SPACE] to report the duration of the stimulus'
1487.9517 	EXP 	text: autoDraw = True
1488.9240 	DATA 	Keypress: space
1488.9305 	EXP 	text: autoDraw = False
1489.5385 	WARNING 	Stopping key buffers but this could be dangerous ifother keyboards rely on the same.
1489.5680 	EXP 	text: text = 'You earned 7.6 out of 10 points in this round.\n\n Press [SPACE] to advance'
1489.5680 	EXP 	text: autoDraw = True
1490.0679 	DATA 	Keypress: space
1490.0752 	EXP 	text: autoDraw = False
1490.0835 	EXP 	text: text = 'Total points : 609.6'
1499.2045 	EXP 	text: text = 'Press and hold [SPACE] to report the duration of the stimulus'
1499.2045 	EXP 	text: autoDraw = True
1499.9160 	DATA 	Keypress: space
1499.9233 	EXP 	text: autoDraw = False
1500.9785 	WARNING 	Stopping key buffers but this could be dangerous ifother keyboards rely on the same.
1501.0056 	EXP 	text: text = 'You earned 6.9 out of 10 points in this round.\n\n Press [SPACE] to advance'
1501.0056 	EXP 	text: autoDraw = True
1501.5559 	DATA 	Keypress: space
1501.5632 	EXP 	text: autoDraw = False
1501.5710 	EXP 	text: text = 'Total points : 616.5'
1508.9741 	EXP 	text: text = 'Press and hold [SPACE] to report the duration of the stimulus'
1508.9741 	EXP 	text: autoDraw = True
1509.6119 	DATA 	Keypress: space
1509.6193 	EXP 	text: autoDraw = False
1510.3144 	WARNING 	Stopping key buffers but this could be dangerous ifother keyboards rely on the same.
1510.3418 	EXP 	text: text = 'You earned 7.9 out of 10 points in this round.\n\n Press [SPACE] to advance'
1510.3418 	EXP 	text: autoDraw = True
1510.8279 	DATA 	Keypress: space
1510.8351 	EXP 	text: autoDraw = False
1510.8417 	EXP 	text: text = 'Total points : 624.4'
1520.4447 	EXP 	text: text = 'Press and hold [SPACE] to report the duration of the stimulus'
1520.4447 	EXP 	text: autoDraw = True
1521.3080 	DATA 	Keypress: space
1521.3153 	EXP 	text: autoDraw = False
1522.4105 	WARNING 	Stopping key buffers but this could be dangerous ifother keyboards rely on the same.
1522.4310 	EXP 	text: text = 'You earned 5.8 out of 10 points in this round.\n\n Press [SPACE] to advance'
1522.4310 	EXP 	text: autoDraw = True
1523.0680 	DATA 	Keypress: space
1523.0746 	EXP 	text: autoDraw = False
1523.0963 	EXP 	text: text = 'Total points : 630.2'
1530.8312 	EXP 	text: text = 'Press and hold [SPACE] to report the duration of the stimulus'
1530.8312 	EXP 	text: autoDraw = True
1531.4361 	DATA 	Keypress: space
1531.4437 	EXP 	text: autoDraw = False
1532.2585 	WARNING 	Stopping key buffers but this could be dangerous ifother keyboards rely on the same.
1532.2831 	EXP 	text: text = 'You earned 8.6 out of 10 points in this round.\n\n Press [SPACE] to advance'
1532.2831 	EXP 	text: autoDraw = True
1532.8759 	DATA 	Keypress: space
1532.8831 	EXP 	text: autoDraw = False
1532.8997 	EXP 	text: text = 'Total points : 638.8'
1538.2920 	DATA 	Keypress: space
1540.3014 	EXP 	text: text = 'Press and hold [SPACE] to report the duration of the stimulus'
1540.3014 	EXP 	text: autoDraw = True
1540.8920 	DATA 	Keypress: space
1540.8976 	EXP 	text: autoDraw = False
1541.7224 	WARNING 	Stopping key buffers but this could be dangerous ifother keyboards rely on the same.
1541.7517 	EXP 	text: text = 'You earned 9.9 out of 10 points in this round.\n\n Press [SPACE] to advance'
1541.7517 	EXP 	text: autoDraw = True
1542.3640 	DATA 	Keypress: space
1542.3714 	EXP 	text: autoDraw = False
1542.3862 	EXP 	text: text = 'Total points : 648.7'
1550.1042 	EXP 	text: text = 'Press and hold [SPACE] to report the duration of the stimulus'
1550.1042 	EXP 	text: autoDraw = True
1550.8278 	DATA 	Keypress: space
1550.8340 	EXP 	text: autoDraw = False
1551.6185 	WARNING 	Stopping key buffers but this could be dangerous ifother keyboards rely on the same.
1551.6390 	EXP 	text: text = 'You earned 8.1 out of 10 points in this round.\n\n Press [SPACE] to advance'
1551.6390 	EXP 	text: autoDraw = True
1552.1560 	DATA 	Keypress: space
1552.1633 	EXP 	text: autoDraw = False
1552.1709 	EXP 	text: text = 'Total points : 656.8'
1560.1907 	EXP 	text: text = 'Press and hold [SPACE] to report the duration of the stimulus'
1560.1907 	EXP 	text: autoDraw = True
1560.8601 	DATA 	Keypress: space
1560.8673 	EXP 	text: autoDraw = False
1561.5065 	WARNING 	Stopping key buffers but this could be dangerous ifother keyboards rely on the same.
1561.5282 	EXP 	text: text = 'You earned 5.2 out of 10 points in this round.\n\n Press [SPACE] to advance'
1561.5282 	EXP 	text: autoDraw = True
1562.3080 	DATA 	Keypress: space
1562.3152 	EXP 	text: autoDraw = False
1562.3249 	EXP 	text: text = 'Total points : 662.0'
1569.4450 	EXP 	text: text = 'Press and hold [SPACE] to report the duration of the stimulus'
1569.4450 	EXP 	text: autoDraw = True
1570.2121 	DATA 	Keypress: space
1570.2195 	EXP 	text: autoDraw = False
1570.9704 	WARNING 	Stopping key buffers but this could be dangerous ifother keyboards rely on the same.
1570.9943 	EXP 	text: text = 'You earned 9.8 out of 10 points in this round.\n\n Press [SPACE] to advance'
1570.9943 	EXP 	text: autoDraw = True
1571.5159 	DATA 	Keypress: space
1571.5234 	EXP 	text: autoDraw = False
1571.5440 	EXP 	text: text = 'Total points : 671.8'
1578.9468 	EXP 	text: text = 'Press and hold [SPACE] to report the duration of the stimulus'
1578.9468 	EXP 	text: autoDraw = True
1579.0680 	DATA 	Keypress: space
1579.0714 	EXP 	text: autoDraw = False
1580.2266 	WARNING 	Stopping key buffers but this could be dangerous ifother keyboards rely on the same.
1580.2441 	EXP 	text: text = 'Total points : 671.8'
1580.2441 	EXP 	text: text = 'Your response exceeded the actual time.\n\n Press [SPACE] to advance'
1580.2441 	EXP 	text: autoDraw = True
1581.0119 	DATA 	Keypress: space
1581.0193 	EXP 	text: autoDraw = False
1588.1240 	DATA 	Keypress: space
1589.3711 	EXP 	text: text = 'Press and hold [SPACE] to report the duration of the stimulus'
1589.3711 	EXP 	text: autoDraw = True
1589.9799 	DATA 	Keypress: space
1589.9871 	EXP 	text: autoDraw = False
1590.0664 	WARNING 	Stopping key buffers but this could be dangerous ifother keyboards rely on the same.
1590.0852 	EXP 	text: text = 'You earned 1.5 out of 10 points in this round.\n\n Press [SPACE] to advance'
1590.0852 	EXP 	text: autoDraw = True
1590.9800 	DATA 	Keypress: space
1590.9872 	EXP 	text: autoDraw = False
1591.0001 	EXP 	text: text = 'Total points : 673.3'
1600.9208 	EXP 	text: text = 'Press and hold [SPACE] to report the duration of the stimulus'
1600.9208 	EXP 	text: autoDraw = True
1601.5720 	DATA 	Keypress: space
1601.5794 	EXP 	text: autoDraw = False
1602.5305 	WARNING 	Stopping key buffers but this could be dangerous ifother keyboards rely on the same.
1602.5559 	EXP 	text: text = 'You earned 3.8 out of 10 points in this round.\n\n Press [SPACE] to advance'
1602.5559 	EXP 	text: autoDraw = True
1604.1879 	DATA 	Keypress: space
1604.1953 	EXP 	text: autoDraw = False
1604.2050 	EXP 	text: text = 'Total points : 677.1'
1612.5256 	EXP 	text: text = 'Press and hold [SPACE] to report the duration of the stimulus'
1612.5256 	EXP 	text: autoDraw = True
1613.2839 	DATA 	Keypress: space
1613.2909 	EXP 	text: autoDraw = False
1614.1225 	WARNING 	Stopping key buffers but this could be dangerous ifother keyboards rely on the same.
1614.1428 	EXP 	text: text = 'You earned 6.6 out of 10 points in this round.\n\n Press [SPACE] to advance'
1614.1428 	EXP 	text: autoDraw = True
1614.7479 	DATA 	Keypress: space
1614.7544 	EXP 	text: autoDraw = False
1614.7751 	EXP 	text: text = 'Total points : 683.7'
1621.8942 	EXP 	text: text = 'Press and hold [SPACE] to report the duration of the stimulus'
1621.8942 	EXP 	text: autoDraw = True
1622.6040 	DATA 	Keypress: space
1622.6109 	EXP 	text: autoDraw = False
1623.4745 	WARNING 	Stopping key buffers but this could be dangerous ifother keyboards rely on the same.
1623.4920 	EXP 	text: text = 'Total points : 683.7'
1623.4920 	EXP 	text: text = 'Your response exceeded the actual time.\n\n Press [SPACE] to advance'
1623.4920 	EXP 	text: autoDraw = True
1624.0279 	DATA 	Keypress: space
1624.0351 	EXP 	text: autoDraw = False
1634.2658 	EXP 	text: text = 'Press and hold [SPACE] to report the duration of the stimulus'
1634.2658 	EXP 	text: autoDraw = True
1637.2601 	DATA 	Keypress: space
1637.2675 	EXP 	text: autoDraw = False
1638.1946 	WARNING 	Stopping key buffers but this could be dangerous ifother keyboards rely on the same.
1638.2170 	EXP 	text: text = 'You earned 3.1 out of 10 points in this round.\n\n Press [SPACE] to advance'
1638.2170 	EXP 	text: autoDraw = True
1638.9479 	DATA 	Keypress: space
1638.9553 	EXP 	text: autoDraw = False
1638.9658 	EXP 	text: text = 'Total points : 686.8'
1647.5706 	EXP 	text: text = 'Press and hold [SPACE] to report the duration of the stimulus'
1647.5706 	EXP 	text: autoDraw = True
1648.3720 	DATA 	Keypress: space
1648.3793 	EXP 	text: autoDraw = False
1649.2025 	WARNING 	Stopping key buffers but this could be dangerous ifother keyboards rely on the same.
1649.2230 	EXP 	text: text = 'You earned 5.6 out of 10 points in this round.\n\n Press [SPACE] to advance'
1649.2230 	EXP 	text: autoDraw = True
1649.8759 	DATA 	Keypress: space
1649.8823 	EXP 	text: autoDraw = False
1649.8864 	INFO 	Finishing at 17:35 on 06 Mar 2020
1650.1632 	EXP 	window1: mouseVisible = True
