12.7041 	ERROR 	Screen apparently NOT the desired resolution of 3840x2160 pixels!!
15.5311 	WARNING 	User requested fullscreen with size [3840 2160], but screen is actually [2560, 1440]. Using actual size
16.5168 	INFO 	Successfully set darwin thread to realtime
17.5753 	INFO 	#[ PsychoPy3 RuntimeInfoStart ]
  #[[ PsychoPy ]] #---------
    psychopyVersion: 3.2.3
    psychopyHaveExtRush: True
  #[[ Experiment ]] #---------
    experimentRunTime: 2020_03_09 16:59 (Year_Month_Day Hour:Min)
    experimentRunTime.epoch: 1583787592
    experimentScript: Experiment 5.py
    experimentScript.digestSHA1: ec82aa271b6170351b68a0a02b280cb508f7a767
    experimentScript.directory: /Users/vsg/Documents/GitHub/spatio_temporal_information_processing/Time_Subjective_Expansion/Jon_Ian_collaboration
  #[[ System ]] #---------
    systemHaveInternetAccess: True
    systemHostName: pbs-jf-imac.win.ad.jhu.edu
    systemLocale: C
    systemMemFreeRAM: 3130.79296875
    systemMemTotalRAM: 8192.0
    systemPlatform: darwin 10.13.6 x86_64
    systemPyoVersion: -
    systemRebooted: Feb 7 20:28
    systemSec.OpenSSLVersion: LibreSSL 2.2.7
    systemSec.pythonSSL: True
    systemTimeNumpySD1000000_sec: 0.0043
    systemUser: vsg
    systemUserID: 502
    systemUsersCount: 1
  #[[ Window ]] #---------
    windowWinType: pyglet
    windowUnits: deg
    windowSize_pix: [5120 2880]
    windowScreen: 0
    windowRgb: [255. 255. 255.]
    windowRefreshTimeSD_ms: 0.457
    windowRefreshTimeMedian_ms: 16.666
    windowRefreshTimeAvg_ms: 16.652
    windowPos_pix: [0.0, 0.0]
    windowMonitor.name: testmonitor
    windowMonitor.getWidth_cm: 56.0
    windowMonitor.getDistance_cm: 65.0
    windowMonitor.currentCalibName: 2020_02_04 15:59
    windowIsFullScr: True
  #[[ Python ]] #---------
    pythonVersion: 3.6.1
  #[[ OpenGL ]] #---------
#[ PsychoPy3 RuntimeInfoEnd ]

18.1407 	EXP 	Created text = TextStim(__class__=<class 'psychopy.visual.text.TextStim'>, alignHoriz='center', alignVert='center', antialias=True, autoLog=True, bold=False, color='black', colorSpace='named', contrast=1.0, depth=-1.0, flipHoriz=False, flipVert=False, font='Arial', fontFiles=[], height=0.35, italic=False, languageStyle='LTR', name='text', opacity=1.0, ori=0, pos=array([0., 0.]), rgb=array([0., 0., 0.]), text=str(...), units='deg', win=Window(...), wrapWidth=20)
18.1467 	EXP 	Created text = TextStim(__class__=<class 'psychopy.visual.text.TextStim'>, alignHoriz='center', alignVert='center', antialias=True, autoLog=True, bold=False, color='black', colorSpace='named', contrast=1.0, depth=-1.0, flipHoriz=False, flipVert=False, font='Arial', fontFiles=[], height=0.35, italic=False, languageStyle='LTR', name='text', opacity=1.0, ori=0, pos=array([5., 5.]), rgb=array([0., 0., 0.]), text='Total points : 0', units='deg', win=Window(...), wrapWidth=20)
18.2164 	EXP 	text: text = 'Welcome! Thank you for agreeing to participate in this study.\n\nIn this study, we want to examine your ability to perceive duration — how long something lasts.\n\nThe task is simple. In each trial, you will see a disc appear on the screen and then disappear. There will be four such disks. We want you to pay attention to how long the last disc lasts. Get a sense of its duration.\n\nThe fourth disk could be either the same / different type depending on the trial. After the fourth disc disappears it will be your turn to report its duration. Press and hold down the spacebar. \n\nPress any key to continue to the next page. \n\n'
18.2164 	EXP 	text: autoDraw = True
120.9837 	DATA 	Keypress: space
120.9848 	EXP 	text: autoDraw = False
121.0550 	EXP 	text: text = "We really want you to be as accurate as you can. So a game will be played to make it more fun. We want you to hold down the space bar for as long as you saw the last disc lasted, but no longer! The closer you get to the right answer, the more points we will award you in that trial. But if you go over the actual duration you won't get any points on that trial. So you need to be as accurate as possible without going over to earn the max. Each trial will be for 10 points. There are about 100 trials. If you collect a total of 600 points by the end, we will double the credit you get for the experiment.\n\nIf you're feeling uncomfortable, you can press ESC key any time to stop the experiment.\n\nPress any key you are ready to do some practice trials.\n\n"
121.0550 	EXP 	text: autoDraw = True
168.3183 	DATA 	Keypress: space
168.3191 	EXP 	text: autoDraw = False
168.3274 	EXP 	text: autoDraw = True
176.7623 	EXP 	text: text = 'Press and hold [SPACE] to report the duration of the stimulus'
176.7623 	EXP 	text: autoDraw = True
177.4784 	DATA 	Keypress: space
177.4857 	EXP 	text: autoDraw = False
178.2688 	WARNING 	Stopping key buffers but this could be dangerous ifother keyboards rely on the same.
178.2811 	EXP 	text: text = 'Total points : 0'
178.2811 	EXP 	text: text = 'Your response exceeded the actual time.\n\n Press [SPACE] to advance'
178.2811 	EXP 	text: autoDraw = True
180.4542 	DATA 	Keypress: space
180.4609 	EXP 	text: autoDraw = False
181.3015 	DATA 	Keypress: space
188.4176 	EXP 	text: text = 'Press and hold [SPACE] to report the duration of the stimulus'
188.4176 	EXP 	text: autoDraw = True
192.2062 	DATA 	Keypress: space
192.2136 	EXP 	text: autoDraw = False
192.6287 	WARNING 	Stopping key buffers but this could be dangerous ifother keyboards rely on the same.
192.6582 	EXP 	text: text = 'You earned 3.5 out of 10 points in this round.\n\n Press [SPACE] to advance'
192.6582 	EXP 	text: autoDraw = True
194.0141 	DATA 	Keypress: space
194.0215 	EXP 	text: autoDraw = False
194.0362 	EXP 	text: text = 'Total points : 3.5'
196.0971 	DATA 	Keypress: space
203.1571 	EXP 	text: text = 'Press and hold [SPACE] to report the duration of the stimulus'
203.1571 	EXP 	text: autoDraw = True
204.5423 	DATA 	Keypress: space
204.5497 	EXP 	text: autoDraw = False
205.3887 	WARNING 	Stopping key buffers but this could be dangerous ifother keyboards rely on the same.
205.4134 	EXP 	text: text = 'You earned 4.5 out of 10 points in this round.\n\n Press [SPACE] to advance'
205.4134 	EXP 	text: autoDraw = True
206.4783 	DATA 	Keypress: space
206.4858 	EXP 	text: autoDraw = False
206.5189 	EXP 	text: text = 'Total points : 8.0'
206.5189 	EXP 	text: text = 'Total points : 0'
206.5189 	EXP 	text: text = 'Great! Now press any key to begin the experiment'
206.5189 	EXP 	text: autoDraw = True
221.0222 	DATA 	Keypress: space
221.0294 	EXP 	text: autoDraw = False
223.1068 	DATA 	Keypress: space
230.1646 	EXP 	text: text = 'Press and hold [SPACE] to report the duration of the stimulus'
230.1646 	EXP 	text: autoDraw = True
231.0062 	DATA 	Keypress: space
231.0111 	EXP 	text: autoDraw = False
232.2127 	WARNING 	Stopping key buffers but this could be dangerous ifother keyboards rely on the same.
232.2391 	EXP 	text: text = 'You earned 9.2 out of 10 points in this round.\n\n Press [SPACE] to advance'
232.2391 	EXP 	text: autoDraw = True
233.5022 	DATA 	Keypress: space
233.5093 	EXP 	text: autoDraw = False
233.5156 	EXP 	text: text = 'Total points : 9.2'
242.6364 	EXP 	text: text = 'Press and hold [SPACE] to report the duration of the stimulus'
242.6364 	EXP 	text: autoDraw = True
243.3663 	DATA 	Keypress: space
243.3736 	EXP 	text: autoDraw = False
244.4448 	WARNING 	Stopping key buffers but this could be dangerous ifother keyboards rely on the same.
244.4745 	EXP 	text: text = 'You earned 7.1 out of 10 points in this round.\n\n Press [SPACE] to advance'
244.4745 	EXP 	text: autoDraw = True
245.3582 	DATA 	Keypress: space
245.3653 	EXP 	text: autoDraw = False
245.3860 	EXP 	text: text = 'Total points : 16.3'
247.4467 	DATA 	Keypress: space
254.5061 	EXP 	text: text = 'Press and hold [SPACE] to report the duration of the stimulus'
254.5061 	EXP 	text: autoDraw = True
255.1663 	DATA 	Keypress: space
255.1734 	EXP 	text: autoDraw = False
256.2848 	WARNING 	Stopping key buffers but this could be dangerous ifother keyboards rely on the same.
256.3073 	EXP 	text: text = 'You earned 7.7 out of 10 points in this round.\n\n Press [SPACE] to advance'
256.3073 	EXP 	text: autoDraw = True
257.2542 	DATA 	Keypress: space
257.2616 	EXP 	text: autoDraw = False
257.2744 	EXP 	text: text = 'Total points : 24.0'
266.3944 	EXP 	text: text = 'Press and hold [SPACE] to report the duration of the stimulus'
266.3944 	EXP 	text: autoDraw = True
267.0544 	DATA 	Keypress: space
267.0617 	EXP 	text: autoDraw = False
268.3727 	WARNING 	Stopping key buffers but this could be dangerous ifother keyboards rely on the same.
268.3901 	EXP 	text: text = 'Total points : 24.0'
268.3901 	EXP 	text: text = 'Your response exceeded the actual time.\n\n Press [SPACE] to advance'
268.3901 	EXP 	text: autoDraw = True
269.4222 	DATA 	Keypress: space
269.4295 	EXP 	text: autoDraw = False
272.8144 	DATA 	Keypress: space
279.6643 	EXP 	text: text = 'Press and hold [SPACE] to report the duration of the stimulus'
279.6643 	EXP 	text: autoDraw = True
280.3742 	DATA 	Keypress: space
280.3814 	EXP 	text: autoDraw = False
281.5407 	WARNING 	Stopping key buffers but this could be dangerous ifother keyboards rely on the same.
281.5656 	EXP 	text: text = 'You earned 4.9 out of 10 points in this round.\n\n Press [SPACE] to advance'
281.5656 	EXP 	text: autoDraw = True
282.5022 	DATA 	Keypress: space
282.5096 	EXP 	text: autoDraw = False
282.5311 	EXP 	text: text = 'Total points : 28.9'
289.6507 	EXP 	text: text = 'Press and hold [SPACE] to report the duration of the stimulus'
289.6507 	EXP 	text: autoDraw = True
290.4542 	DATA 	Keypress: space
290.4616 	EXP 	text: autoDraw = False
290.9247 	WARNING 	Stopping key buffers but this could be dangerous ifother keyboards rely on the same.
290.9521 	EXP 	text: text = 'You earned 5.7 out of 10 points in this round.\n\n Press [SPACE] to advance'
290.9521 	EXP 	text: autoDraw = True
291.7822 	DATA 	Keypress: space
291.7895 	EXP 	text: autoDraw = False
291.8024 	EXP 	text: text = 'Total points : 34.6'
292.6053 	DATA 	Keypress: space
294.1383 	DATA 	Keypress: space
301.9991 	EXP 	text: text = 'Press and hold [SPACE] to report the duration of the stimulus'
301.9991 	EXP 	text: autoDraw = True
302.5263 	DATA 	Keypress: space
302.5337 	EXP 	text: autoDraw = False
303.7407 	WARNING 	Stopping key buffers but this could be dangerous ifother keyboards rely on the same.
303.7718 	EXP 	text: text = 'You earned 5.4 out of 10 points in this round.\n\n Press [SPACE] to advance'
303.7718 	EXP 	text: autoDraw = True
304.6142 	DATA 	Keypress: space
304.6213 	EXP 	text: autoDraw = False
304.6383 	EXP 	text: text = 'Total points : 40.0'
312.0420 	EXP 	text: text = 'Press and hold [SPACE] to report the duration of the stimulus'
312.0420 	EXP 	text: autoDraw = True
312.7741 	DATA 	Keypress: space
312.7815 	EXP 	text: autoDraw = False
313.5487 	WARNING 	Stopping key buffers but this could be dangerous ifother keyboards rely on the same.
313.5752 	EXP 	text: text = 'You earned 9.1 out of 10 points in this round.\n\n Press [SPACE] to advance'
313.5752 	EXP 	text: autoDraw = True
314.3582 	DATA 	Keypress: space
314.3655 	EXP 	text: autoDraw = False
314.3738 	EXP 	text: text = 'Total points : 49.1'
321.5114 	EXP 	text: text = 'Press and hold [SPACE] to report the duration of the stimulus'
321.5114 	EXP 	text: autoDraw = True
322.3183 	DATA 	Keypress: space
322.3238 	EXP 	text: autoDraw = False
323.0689 	WARNING 	Stopping key buffers but this could be dangerous ifother keyboards rely on the same.
323.0946 	EXP 	text: text = 'You earned 10.0 out of 10 points in this round.\n\n Press [SPACE] to advance'
323.0946 	EXP 	text: autoDraw = True
324.5821 	DATA 	Keypress: space
324.5894 	EXP 	text: autoDraw = False
324.6114 	EXP 	text: text = 'Total points : 59.1'
333.2150 	EXP 	text: text = 'Press and hold [SPACE] to report the duration of the stimulus'
333.2150 	EXP 	text: autoDraw = True
333.8622 	DATA 	Keypress: space
333.8696 	EXP 	text: autoDraw = False
334.8047 	WARNING 	Stopping key buffers but this could be dangerous ifother keyboards rely on the same.
334.8322 	EXP 	text: text = 'You earned 7.0 out of 10 points in this round.\n\n Press [SPACE] to advance'
334.8322 	EXP 	text: autoDraw = True
335.6702 	DATA 	Keypress: space
335.6777 	EXP 	text: autoDraw = False
335.6999 	EXP 	text: text = 'Total points : 66.1'
344.0186 	EXP 	text: text = 'Press and hold [SPACE] to report the duration of the stimulus'
344.0186 	EXP 	text: autoDraw = True
344.7343 	DATA 	Keypress: space
344.7417 	EXP 	text: autoDraw = False
345.5087 	WARNING 	Stopping key buffers but this could be dangerous ifother keyboards rely on the same.
345.5351 	EXP 	text: text = 'You earned 5.8 out of 10 points in this round.\n\n Press [SPACE] to advance'
345.5351 	EXP 	text: autoDraw = True
346.3981 	DATA 	Keypress: space
346.4055 	EXP 	text: autoDraw = False
346.4197 	EXP 	text: text = 'Total points : 71.9'
350.9214 	DATA 	Keypress: space
353.8212 	EXP 	text: text = 'Press and hold [SPACE] to report the duration of the stimulus'
353.8212 	EXP 	text: autoDraw = True
354.6223 	DATA 	Keypress: space
354.6297 	EXP 	text: autoDraw = False
355.2527 	WARNING 	Stopping key buffers but this could be dangerous ifother keyboards rely on the same.
355.2730 	EXP 	text: text = 'You earned 6.8 out of 10 points in this round.\n\n Press [SPACE] to advance'
355.2730 	EXP 	text: autoDraw = True
356.1502 	DATA 	Keypress: space
356.1575 	EXP 	text: autoDraw = False
356.1730 	EXP 	text: text = 'Total points : 78.7'
364.7754 	EXP 	text: text = 'Press and hold [SPACE] to report the duration of the stimulus'
364.7754 	EXP 	text: autoDraw = True
365.3742 	DATA 	Keypress: space
365.3815 	EXP 	text: autoDraw = False
366.4848 	WARNING 	Stopping key buffers but this could be dangerous ifother keyboards rely on the same.
366.5101 	EXP 	text: text = 'You earned 9.7 out of 10 points in this round.\n\n Press [SPACE] to advance'
366.5101 	EXP 	text: autoDraw = True
367.2543 	DATA 	Keypress: space
367.2616 	EXP 	text: autoDraw = False
367.2766 	EXP 	text: text = 'Total points : 88.4'
375.0115 	EXP 	text: text = 'Press and hold [SPACE] to report the duration of the stimulus'
375.0115 	EXP 	text: autoDraw = True
375.7262 	DATA 	Keypress: space
375.7335 	EXP 	text: autoDraw = False
376.6688 	WARNING 	Stopping key buffers but this could be dangerous ifother keyboards rely on the same.
376.6859 	EXP 	text: text = 'Total points : 88.4'
376.6859 	EXP 	text: text = 'Your response exceeded the actual time.\n\n Press [SPACE] to advance'
376.6859 	EXP 	text: autoDraw = True
378.5422 	DATA 	Keypress: space
378.5494 	EXP 	text: autoDraw = False
380.8400 	DATA 	Keypress: space
388.4992 	EXP 	text: text = 'Press and hold [SPACE] to report the duration of the stimulus'
388.4992 	EXP 	text: autoDraw = True
389.9903 	DATA 	Keypress: space
389.9961 	EXP 	text: autoDraw = False
391.1968 	WARNING 	Stopping key buffers but this could be dangerous ifother keyboards rely on the same.
391.2176 	EXP 	text: text = 'You earned 6.2 out of 10 points in this round.\n\n Press [SPACE] to advance'
391.2176 	EXP 	text: autoDraw = True
392.3341 	DATA 	Keypress: space
392.3413 	EXP 	text: autoDraw = False
392.3497 	EXP 	text: text = 'Total points : 94.6'
399.7528 	EXP 	text: text = 'Press and hold [SPACE] to report the duration of the stimulus'
399.7528 	EXP 	text: autoDraw = True
400.3902 	DATA 	Keypress: space
400.3975 	EXP 	text: autoDraw = False
400.8928 	WARNING 	Stopping key buffers but this could be dangerous ifother keyboards rely on the same.
400.9210 	EXP 	text: text = 'You earned 5.3 out of 10 points in this round.\n\n Press [SPACE] to advance'
400.9210 	EXP 	text: autoDraw = True
401.7022 	DATA 	Keypress: space
401.7095 	EXP 	text: autoDraw = False
401.7200 	EXP 	text: text = 'Total points : 99.9'
409.4394 	EXP 	text: text = 'Press and hold [SPACE] to report the duration of the stimulus'
409.4394 	EXP 	text: autoDraw = True
410.1264 	DATA 	Keypress: space
410.1337 	EXP 	text: autoDraw = False
410.8127 	WARNING 	Stopping key buffers but this could be dangerous ifother keyboards rely on the same.
410.8413 	EXP 	text: text = 'You earned 6.5 out of 10 points in this round.\n\n Press [SPACE] to advance'
410.8413 	EXP 	text: autoDraw = True
411.6862 	DATA 	Keypress: space
411.6935 	EXP 	text: autoDraw = False
411.7070 	EXP 	text: text = 'Total points : 106.4'
421.9108 	EXP 	text: text = 'Press and hold [SPACE] to report the duration of the stimulus'
421.9108 	EXP 	text: autoDraw = True
422.4143 	DATA 	Keypress: space
422.4217 	EXP 	text: autoDraw = False
423.5328 	WARNING 	Stopping key buffers but this could be dangerous ifother keyboards rely on the same.
423.5608 	EXP 	text: text = 'You earned 4.4 out of 10 points in this round.\n\n Press [SPACE] to advance'
423.5608 	EXP 	text: autoDraw = True
424.5022 	DATA 	Keypress: space
424.5093 	EXP 	text: autoDraw = False
424.5275 	EXP 	text: text = 'Total points : 110.8'
431.9475 	EXP 	text: text = 'Press and hold [SPACE] to report the duration of the stimulus'
431.9475 	EXP 	text: autoDraw = True
432.6623 	DATA 	Keypress: space
432.6697 	EXP 	text: autoDraw = False
433.3408 	WARNING 	Stopping key buffers but this could be dangerous ifother keyboards rely on the same.
433.3637 	EXP 	text: text = 'You earned 7.5 out of 10 points in this round.\n\n Press [SPACE] to advance'
433.3637 	EXP 	text: autoDraw = True
434.1021 	DATA 	Keypress: space
434.1095 	EXP 	text: autoDraw = False
434.1303 	EXP 	text: text = 'Total points : 118.3'
436.4665 	DATA 	Keypress: space
444.3341 	EXP 	text: text = 'Press and hold [SPACE] to report the duration of the stimulus'
444.3341 	EXP 	text: autoDraw = True
444.9263 	DATA 	Keypress: space
444.9335 	EXP 	text: autoDraw = False
445.9887 	WARNING 	Stopping key buffers but this could be dangerous ifother keyboards rely on the same.
446.0192 	EXP 	text: text = 'You earned 4.0 out of 10 points in this round.\n\n Press [SPACE] to advance'
446.0192 	EXP 	text: autoDraw = True
447.8142 	DATA 	Keypress: space
447.8214 	EXP 	text: autoDraw = False
447.8349 	EXP 	text: text = 'Total points : 122.3'
451.9205 	DATA 	Keypress: space
456.4396 	EXP 	text: text = 'Press and hold [SPACE] to report the duration of the stimulus'
456.4396 	EXP 	text: autoDraw = True
457.3903 	DATA 	Keypress: space
457.3976 	EXP 	text: autoDraw = False
458.3328 	WARNING 	Stopping key buffers but this could be dangerous ifother keyboards rely on the same.
458.3562 	EXP 	text: text = 'You earned 7.0 out of 10 points in this round.\n\n Press [SPACE] to advance'
458.3562 	EXP 	text: autoDraw = True
459.1661 	DATA 	Keypress: space
459.1735 	EXP 	text: autoDraw = False
459.1885 	EXP 	text: text = 'Total points : 129.3'
468.3085 	EXP 	text: text = 'Press and hold [SPACE] to report the duration of the stimulus'
468.3085 	EXP 	text: autoDraw = True
469.0783 	DATA 	Keypress: space
469.0854 	EXP 	text: autoDraw = False
470.0687 	WARNING 	Stopping key buffers but this could be dangerous ifother keyboards rely on the same.
470.0925 	EXP 	text: text = 'You earned 6.0 out of 10 points in this round.\n\n Press [SPACE] to advance'
470.0925 	EXP 	text: autoDraw = True
470.9182 	DATA 	Keypress: space
470.9253 	EXP 	text: autoDraw = False
470.9432 	EXP 	text: text = 'Total points : 135.3'
478.0618 	EXP 	text: text = 'Press and hold [SPACE] to report the duration of the stimulus'
478.0618 	EXP 	text: autoDraw = True
478.9582 	DATA 	Keypress: space
478.9655 	EXP 	text: autoDraw = False
479.3968 	WARNING 	Stopping key buffers but this could be dangerous ifother keyboards rely on the same.
479.4156 	EXP 	text: text = 'You earned 5.4 out of 10 points in this round.\n\n Press [SPACE] to advance'
479.4156 	EXP 	text: autoDraw = True
480.1662 	DATA 	Keypress: space
480.1735 	EXP 	text: autoDraw = False
480.1955 	EXP 	text: text = 'Total points : 140.7'
490.1155 	EXP 	text: text = 'Press and hold [SPACE] to report the duration of the stimulus'
490.1155 	EXP 	text: autoDraw = True
490.6624 	DATA 	Keypress: space
490.6697 	EXP 	text: autoDraw = False
491.9167 	WARNING 	Stopping key buffers but this could be dangerous ifother keyboards rely on the same.
491.9371 	EXP 	text: text = 'You earned 6.8 out of 10 points in this round.\n\n Press [SPACE] to advance'
491.9371 	EXP 	text: autoDraw = True
492.8621 	DATA 	Keypress: space
492.8695 	EXP 	text: autoDraw = False
492.8826 	EXP 	text: text = 'Total points : 147.5'
503.0863 	EXP 	text: text = 'Press and hold [SPACE] to report the duration of the stimulus'
503.0863 	EXP 	text: autoDraw = True
503.6623 	DATA 	Keypress: space
503.6694 	EXP 	text: autoDraw = False
504.8448 	WARNING 	Stopping key buffers but this could be dangerous ifother keyboards rely on the same.
504.8703 	EXP 	text: text = 'You earned 5.1 out of 10 points in this round.\n\n Press [SPACE] to advance'
504.8703 	EXP 	text: autoDraw = True
505.9021 	DATA 	Keypress: space
505.9095 	EXP 	text: autoDraw = False
505.9209 	EXP 	text: text = 'Total points : 152.6'
513.1657 	DATA 	Keypress: space
514.5400 	EXP 	text: text = 'Press and hold [SPACE] to report the duration of the stimulus'
514.5400 	EXP 	text: autoDraw = True
515.3423 	DATA 	Keypress: space
515.3495 	EXP 	text: autoDraw = False
516.1007 	WARNING 	Stopping key buffers but this could be dangerous ifother keyboards rely on the same.
516.1250 	EXP 	text: text = 'You earned 4.8 out of 10 points in this round.\n\n Press [SPACE] to advance'
516.1250 	EXP 	text: autoDraw = True
518.1981 	DATA 	Keypress: space
518.2041 	EXP 	text: autoDraw = False
518.2245 	EXP 	text: text = 'Total points : 157.4'
528.1445 	EXP 	text: text = 'Press and hold [SPACE] to report the duration of the stimulus'
528.1445 	EXP 	text: autoDraw = True
528.8062 	DATA 	Keypress: space
528.8136 	EXP 	text: autoDraw = False
530.0287 	WARNING 	Stopping key buffers but this could be dangerous ifother keyboards rely on the same.
530.0493 	EXP 	text: text = 'You earned 6.4 out of 10 points in this round.\n\n Press [SPACE] to advance'
530.0493 	EXP 	text: autoDraw = True
531.1422 	DATA 	Keypress: space
531.1496 	EXP 	text: autoDraw = False
531.1626 	EXP 	text: text = 'Total points : 163.8'
539.1645 	EXP 	text: text = 'Press and hold [SPACE] to report the duration of the stimulus'
539.1645 	EXP 	text: autoDraw = True
539.8783 	DATA 	Keypress: space
539.8856 	EXP 	text: autoDraw = False
540.6047 	WARNING 	Stopping key buffers but this could be dangerous ifother keyboards rely on the same.
540.6313 	EXP 	text: text = 'You earned 6.1 out of 10 points in this round.\n\n Press [SPACE] to advance'
540.6313 	EXP 	text: autoDraw = True
541.4221 	DATA 	Keypress: space
541.4282 	EXP 	text: autoDraw = False
541.4499 	EXP 	text: text = 'Total points : 169.9'
549.7679 	EXP 	text: text = 'Press and hold [SPACE] to report the duration of the stimulus'
549.7679 	EXP 	text: autoDraw = True
551.1743 	DATA 	Keypress: space
551.1810 	EXP 	text: autoDraw = False
552.0367 	WARNING 	Stopping key buffers but this could be dangerous ifother keyboards rely on the same.
552.0582 	EXP 	text: text = 'You earned 6.9 out of 10 points in this round.\n\n Press [SPACE] to advance'
552.0582 	EXP 	text: autoDraw = True
552.8862 	DATA 	Keypress: space
552.8934 	EXP 	text: autoDraw = False
552.9023 	EXP 	text: text = 'Total points : 176.8'
561.5064 	EXP 	text: text = 'Press and hold [SPACE] to report the duration of the stimulus'
561.5064 	EXP 	text: autoDraw = True
562.4942 	DATA 	Keypress: space
562.5012 	EXP 	text: autoDraw = False
563.3248 	WARNING 	Stopping key buffers but this could be dangerous ifother keyboards rely on the same.
563.3557 	EXP 	text: text = 'You earned 5.6 out of 10 points in this round.\n\n Press [SPACE] to advance'
563.3557 	EXP 	text: autoDraw = True
564.1742 	DATA 	Keypress: space
564.1815 	EXP 	text: autoDraw = False
564.1881 	EXP 	text: text = 'Total points : 182.4'
574.4092 	EXP 	text: text = 'Press and hold [SPACE] to report the duration of the stimulus'
574.4092 	EXP 	text: autoDraw = True
575.3103 	DATA 	Keypress: space
575.3176 	EXP 	text: autoDraw = False
576.7886 	WARNING 	Stopping key buffers but this could be dangerous ifother keyboards rely on the same.
576.8114 	EXP 	text: text = 'You earned 9.1 out of 10 points in this round.\n\n Press [SPACE] to advance'
576.8114 	EXP 	text: autoDraw = True
577.7502 	DATA 	Keypress: space
577.7563 	EXP 	text: autoDraw = False
577.7769 	EXP 	text: text = 'Total points : 191.5'
578.5789 	DATA 	Keypress: space
587.3979 	EXP 	text: text = 'Press and hold [SPACE] to report the duration of the stimulus'
587.3979 	EXP 	text: autoDraw = True
588.6222 	DATA 	Keypress: space
588.6293 	EXP 	text: autoDraw = False
589.7808 	WARNING 	Stopping key buffers but this could be dangerous ifother keyboards rely on the same.
589.8011 	EXP 	text: text = 'You earned 6.5 out of 10 points in this round.\n\n Press [SPACE] to advance'
589.8011 	EXP 	text: autoDraw = True
590.9103 	DATA 	Keypress: space
590.9177 	EXP 	text: autoDraw = False
590.9324 	EXP 	text: text = 'Total points : 198.0'
599.5343 	EXP 	text: text = 'Press and hold [SPACE] to report the duration of the stimulus'
599.5343 	EXP 	text: autoDraw = True
600.1423 	DATA 	Keypress: space
600.1475 	EXP 	text: autoDraw = False
601.1727 	WARNING 	Stopping key buffers but this could be dangerous ifother keyboards rely on the same.
601.2027 	EXP 	text: text = 'You earned 8.3 out of 10 points in this round.\n\n Press [SPACE] to advance'
601.2027 	EXP 	text: autoDraw = True
602.1743 	DATA 	Keypress: space
602.1811 	EXP 	text: autoDraw = False
602.2024 	EXP 	text: text = 'Total points : 206.3'
608.8315 	DATA 	Keypress: space
611.3221 	EXP 	text: text = 'Press and hold [SPACE] to report the duration of the stimulus'
611.3221 	EXP 	text: autoDraw = True
612.1263 	DATA 	Keypress: space
612.1337 	EXP 	text: autoDraw = False
613.2607 	WARNING 	Stopping key buffers but this could be dangerous ifother keyboards rely on the same.
613.2891 	EXP 	text: text = 'You earned 8.0 out of 10 points in this round.\n\n Press [SPACE] to advance'
613.2891 	EXP 	text: autoDraw = True
614.1341 	DATA 	Keypress: space
614.1415 	EXP 	text: autoDraw = False
614.1551 	EXP 	text: text = 'Total points : 214.3'
621.8756 	EXP 	text: text = 'Press and hold [SPACE] to report the duration of the stimulus'
621.8756 	EXP 	text: autoDraw = True
622.5984 	DATA 	Keypress: space
622.6045 	EXP 	text: autoDraw = False
623.5007 	WARNING 	Stopping key buffers but this could be dangerous ifother keyboards rely on the same.
623.5257 	EXP 	text: text = 'You earned 9.9 out of 10 points in this round.\n\n Press [SPACE] to advance'
623.5257 	EXP 	text: autoDraw = True
624.3102 	DATA 	Keypress: space
624.3175 	EXP 	text: autoDraw = False
624.3250 	EXP 	text: text = 'Total points : 224.2'
634.2464 	EXP 	text: text = 'Press and hold [SPACE] to report the duration of the stimulus'
634.2464 	EXP 	text: autoDraw = True
634.8861 	DATA 	Keypress: space
634.8917 	EXP 	text: autoDraw = False
636.3167 	WARNING 	Stopping key buffers but this could be dangerous ifother keyboards rely on the same.
636.3475 	EXP 	text: text = 'You earned 9.6 out of 10 points in this round.\n\n Press [SPACE] to advance'
636.3475 	EXP 	text: autoDraw = True
637.1424 	DATA 	Keypress: space
637.1497 	EXP 	text: autoDraw = False
637.1630 	EXP 	text: text = 'Total points : 233.8'
639.4990 	DATA 	Keypress: space
642.0490 	DATA 	Keypress: space
647.3679 	EXP 	text: text = 'Press and hold [SPACE] to report the duration of the stimulus'
647.3679 	EXP 	text: autoDraw = True
648.1103 	DATA 	Keypress: space
648.1173 	EXP 	text: autoDraw = False
649.2848 	WARNING 	Stopping key buffers but this could be dangerous ifother keyboards rely on the same.
649.3053 	EXP 	text: text = 'You earned 5.0 out of 10 points in this round.\n\n Press [SPACE] to advance'
649.3053 	EXP 	text: autoDraw = True
651.4463 	DATA 	Keypress: space
651.4536 	EXP 	text: autoDraw = False
651.4687 	EXP 	text: text = 'Total points : 238.8'
655.2538 	DATA 	Keypress: space
659.4868 	EXP 	text: text = 'Press and hold [SPACE] to report the duration of the stimulus'
659.4868 	EXP 	text: autoDraw = True
660.2062 	DATA 	Keypress: space
660.2135 	EXP 	text: autoDraw = False
661.2768 	WARNING 	Stopping key buffers but this could be dangerous ifother keyboards rely on the same.
661.2943 	EXP 	text: text = 'Total points : 238.8'
661.2943 	EXP 	text: text = 'Your response exceeded the actual time.\n\n Press [SPACE] to advance'
661.2943 	EXP 	text: autoDraw = True
662.7022 	DATA 	Keypress: space
662.7096 	EXP 	text: autoDraw = False
670.1758 	DATA 	Keypress: space
672.9425 	EXP 	text: text = 'Press and hold [SPACE] to report the duration of the stimulus'
672.9425 	EXP 	text: autoDraw = True
673.7502 	DATA 	Keypress: space
673.7572 	EXP 	text: autoDraw = False
675.2288 	WARNING 	Stopping key buffers but this could be dangerous ifother keyboards rely on the same.
675.2588 	EXP 	text: text = 'You earned 9.1 out of 10 points in this round.\n\n Press [SPACE] to advance'
675.2588 	EXP 	text: autoDraw = True
676.1502 	DATA 	Keypress: space
676.1552 	EXP 	text: autoDraw = False
676.1764 	EXP 	text: text = 'Total points : 247.9'
679.1279 	DATA 	Keypress: space
684.7782 	EXP 	text: text = 'Press and hold [SPACE] to report the duration of the stimulus'
684.7782 	EXP 	text: autoDraw = True
686.9023 	DATA 	Keypress: space
686.9083 	EXP 	text: autoDraw = False
687.9409 	WARNING 	Stopping key buffers but this could be dangerous ifother keyboards rely on the same.
687.9641 	EXP 	text: text = 'You earned 8.4 out of 10 points in this round.\n\n Press [SPACE] to advance'
687.9641 	EXP 	text: autoDraw = True
688.7342 	DATA 	Keypress: space
688.7418 	EXP 	text: autoDraw = False
688.7629 	EXP 	text: text = 'Total points : 256.3'
696.1666 	EXP 	text: text = 'Press and hold [SPACE] to report the duration of the stimulus'
696.1666 	EXP 	text: autoDraw = True
696.6783 	DATA 	Keypress: space
696.6857 	EXP 	text: autoDraw = False
697.6368 	WARNING 	Stopping key buffers but this could be dangerous ifother keyboards rely on the same.
697.6539 	EXP 	text: text = 'Total points : 256.3'
697.6539 	EXP 	text: text = 'Your response exceeded the actual time.\n\n Press [SPACE] to advance'
697.6539 	EXP 	text: autoDraw = True
698.8942 	DATA 	Keypress: space
698.9014 	EXP 	text: autoDraw = False
702.2621 	DATA 	Keypress: space
708.5363 	EXP 	text: text = 'Press and hold [SPACE] to report the duration of the stimulus'
708.5363 	EXP 	text: autoDraw = True
709.3663 	DATA 	Keypress: space
709.3737 	EXP 	text: autoDraw = False
710.4527 	WARNING 	Stopping key buffers but this could be dangerous ifother keyboards rely on the same.
710.4736 	EXP 	text: text = 'You earned 5.6 out of 10 points in this round.\n\n Press [SPACE] to advance'
710.4736 	EXP 	text: autoDraw = True
711.3023 	DATA 	Keypress: space
711.3095 	EXP 	text: autoDraw = False
711.3206 	EXP 	text: text = 'Total points : 261.9'
719.3401 	EXP 	text: text = 'Press and hold [SPACE] to report the duration of the stimulus'
719.3401 	EXP 	text: autoDraw = True
719.8863 	DATA 	Keypress: space
719.8937 	EXP 	text: autoDraw = False
720.8687 	WARNING 	Stopping key buffers but this could be dangerous ifother keyboards rely on the same.
720.8912 	EXP 	text: text = 'You earned 9.8 out of 10 points in this round.\n\n Press [SPACE] to advance'
720.8912 	EXP 	text: autoDraw = True
721.5981 	DATA 	Keypress: space
721.6051 	EXP 	text: autoDraw = False
721.6246 	EXP 	text: text = 'Total points : 271.7'
731.2447 	EXP 	text: text = 'Press and hold [SPACE] to report the duration of the stimulus'
731.2447 	EXP 	text: autoDraw = True
732.1583 	DATA 	Keypress: space
732.1657 	EXP 	text: autoDraw = False
733.1647 	WARNING 	Stopping key buffers but this could be dangerous ifother keyboards rely on the same.
733.1945 	EXP 	text: text = 'You earned 4.8 out of 10 points in this round.\n\n Press [SPACE] to advance'
733.1945 	EXP 	text: autoDraw = True
736.2702 	DATA 	Keypress: space
736.2773 	EXP 	text: autoDraw = False
736.2956 	EXP 	text: text = 'Total points : 276.5'
739.1813 	DATA 	Keypress: space
744.6312 	EXP 	text: text = 'Press and hold [SPACE] to report the duration of the stimulus'
744.6312 	EXP 	text: autoDraw = True
745.1343 	DATA 	Keypress: space
745.1416 	EXP 	text: autoDraw = False
746.1007 	WARNING 	Stopping key buffers but this could be dangerous ifother keyboards rely on the same.
746.1331 	EXP 	text: text = 'You earned 8.5 out of 10 points in this round.\n\n Press [SPACE] to advance'
746.1331 	EXP 	text: autoDraw = True
746.9022 	DATA 	Keypress: space
746.9096 	EXP 	text: autoDraw = False
746.9329 	EXP 	text: text = 'Total points : 285.0'
756.0690 	EXP 	text: text = 'Press and hold [SPACE] to report the duration of the stimulus'
756.0690 	EXP 	text: autoDraw = True
756.9264 	DATA 	Keypress: space
756.9335 	EXP 	text: autoDraw = False
758.0367 	WARNING 	Stopping key buffers but this could be dangerous ifother keyboards rely on the same.
758.0574 	EXP 	text: text = 'You earned 7.6 out of 10 points in this round.\n\n Press [SPACE] to advance'
758.0574 	EXP 	text: autoDraw = True
758.8142 	DATA 	Keypress: space
758.8216 	EXP 	text: autoDraw = False
758.8356 	EXP 	text: text = 'Total points : 292.6'
767.1559 	EXP 	text: text = 'Press and hold [SPACE] to report the duration of the stimulus'
767.1559 	EXP 	text: autoDraw = True
767.8383 	DATA 	Keypress: space
767.8457 	EXP 	text: autoDraw = False
768.8288 	WARNING 	Stopping key buffers but this could be dangerous ifother keyboards rely on the same.
768.8557 	EXP 	text: text = 'You earned 8.9 out of 10 points in this round.\n\n Press [SPACE] to advance'
768.8557 	EXP 	text: autoDraw = True
769.6061 	DATA 	Keypress: space
769.6135 	EXP 	text: autoDraw = False
769.6222 	EXP 	text: text = 'Total points : 301.5'
774.9593 	DATA 	Keypress: space
777.0262 	EXP 	text: text = 'Press and hold [SPACE] to report the duration of the stimulus'
777.0262 	EXP 	text: autoDraw = True
777.8462 	DATA 	Keypress: space
777.8535 	EXP 	text: autoDraw = False
778.4207 	WARNING 	Stopping key buffers but this could be dangerous ifother keyboards rely on the same.
778.4431 	EXP 	text: text = 'You earned 6.1 out of 10 points in this round.\n\n Press [SPACE] to advance'
778.4431 	EXP 	text: autoDraw = True
779.1423 	DATA 	Keypress: space
779.1496 	EXP 	text: autoDraw = False
779.1583 	EXP 	text: text = 'Total points : 307.6'
788.7625 	EXP 	text: text = 'Press and hold [SPACE] to report the duration of the stimulus'
788.7625 	EXP 	text: autoDraw = True
789.5982 	DATA 	Keypress: space
789.6054 	EXP 	text: autoDraw = False
790.7646 	WARNING 	Stopping key buffers but this could be dangerous ifother keyboards rely on the same.
790.7957 	EXP 	text: text = 'You earned 6.6 out of 10 points in this round.\n\n Press [SPACE] to advance'
790.7957 	EXP 	text: autoDraw = True
791.7422 	DATA 	Keypress: space
791.7495 	EXP 	text: autoDraw = False
791.7636 	EXP 	text: text = 'Total points : 314.2'
794.9653 	DATA 	Keypress: space
801.3674 	EXP 	text: text = 'Press and hold [SPACE] to report the duration of the stimulus'
801.3674 	EXP 	text: autoDraw = True
802.1983 	DATA 	Keypress: space
802.2057 	EXP 	text: autoDraw = False
803.2447 	WARNING 	Stopping key buffers but this could be dangerous ifother keyboards rely on the same.
803.2677 	EXP 	text: text = 'You earned 5.2 out of 10 points in this round.\n\n Press [SPACE] to advance'
803.2677 	EXP 	text: autoDraw = True
804.7902 	DATA 	Keypress: space
804.7965 	EXP 	text: autoDraw = False
804.8171 	EXP 	text: text = 'Total points : 319.4'
811.9369 	EXP 	text: text = 'Press and hold [SPACE] to report the duration of the stimulus'
811.9369 	EXP 	text: autoDraw = True
812.8302 	DATA 	Keypress: space
812.8375 	EXP 	text: autoDraw = False
813.4367 	WARNING 	Stopping key buffers but this could be dangerous ifother keyboards rely on the same.
813.4581 	EXP 	text: text = 'You earned 7.5 out of 10 points in this round.\n\n Press [SPACE] to advance'
813.4581 	EXP 	text: autoDraw = True
814.1741 	DATA 	Keypress: space
814.1814 	EXP 	text: autoDraw = False
814.2035 	EXP 	text: text = 'Total points : 326.9'
822.8072 	EXP 	text: text = 'Press and hold [SPACE] to report the duration of the stimulus'
822.8072 	EXP 	text: autoDraw = True
823.2464 	DATA 	Keypress: space
823.2525 	EXP 	text: autoDraw = False
824.0526 	WARNING 	Stopping key buffers but this could be dangerous ifother keyboards rely on the same.
824.0736 	EXP 	text: text = 'You earned 5.3 out of 10 points in this round.\n\n Press [SPACE] to advance'
824.0736 	EXP 	text: autoDraw = True
824.7342 	DATA 	Keypress: space
824.7413 	EXP 	text: autoDraw = False
824.7571 	EXP 	text: text = 'Total points : 332.2'
834.3602 	EXP 	text: text = 'Press and hold [SPACE] to report the duration of the stimulus'
834.3602 	EXP 	text: autoDraw = True
835.0142 	DATA 	Keypress: space
835.0215 	EXP 	text: autoDraw = False
836.1566 	WARNING 	Stopping key buffers but this could be dangerous ifother keyboards rely on the same.
836.1790 	EXP 	text: text = 'You earned 6.3 out of 10 points in this round.\n\n Press [SPACE] to advance'
836.1790 	EXP 	text: autoDraw = True
836.9181 	DATA 	Keypress: space
836.9241 	EXP 	text: autoDraw = False
836.9450 	EXP 	text: text = 'Total points : 338.5'
846.0650 	EXP 	text: text = 'Press and hold [SPACE] to report the duration of the stimulus'
846.0650 	EXP 	text: autoDraw = True
846.6865 	DATA 	Keypress: space
846.6934 	EXP 	text: autoDraw = False
847.8048 	WARNING 	Stopping key buffers but this could be dangerous ifother keyboards rely on the same.
847.8319 	EXP 	text: text = 'You earned 7.7 out of 10 points in this round.\n\n Press [SPACE] to advance'
847.8319 	EXP 	text: autoDraw = True
848.5343 	DATA 	Keypress: space
848.5417 	EXP 	text: autoDraw = False
848.5483 	EXP 	text: text = 'Total points : 346.2'
855.5855 	DATA 	Keypress: space
856.8685 	EXP 	text: text = 'Press and hold [SPACE] to report the duration of the stimulus'
856.8685 	EXP 	text: autoDraw = True
857.4781 	DATA 	Keypress: space
857.4851 	EXP 	text: autoDraw = False
858.5887 	WARNING 	Stopping key buffers but this could be dangerous ifother keyboards rely on the same.
858.6060 	EXP 	text: text = 'Total points : 346.2'
858.6060 	EXP 	text: text = 'Your response exceeded the actual time.\n\n Press [SPACE] to advance'
858.6060 	EXP 	text: autoDraw = True
859.5341 	DATA 	Keypress: space
859.5415 	EXP 	text: autoDraw = False
869.1720 	EXP 	text: text = 'Press and hold [SPACE] to report the duration of the stimulus'
869.1720 	EXP 	text: autoDraw = True
869.7180 	DATA 	Keypress: space
869.7255 	EXP 	text: autoDraw = False
870.7568 	WARNING 	Stopping key buffers but this could be dangerous ifother keyboards rely on the same.
870.7883 	EXP 	text: text = 'You earned 5.1 out of 10 points in this round.\n\n Press [SPACE] to advance'
870.7883 	EXP 	text: autoDraw = True
872.1982 	DATA 	Keypress: space
872.2053 	EXP 	text: autoDraw = False
872.2237 	EXP 	text: text = 'Total points : 351.3'
878.3590 	DATA 	Keypress: space
879.3415 	EXP 	text: text = 'Press and hold [SPACE] to report the duration of the stimulus'
879.3415 	EXP 	text: autoDraw = True
880.1501 	DATA 	Keypress: space
880.1573 	EXP 	text: autoDraw = False
880.6607 	WARNING 	Stopping key buffers but this could be dangerous ifother keyboards rely on the same.
880.6918 	EXP 	text: text = 'You earned 6.2 out of 10 points in this round.\n\n Press [SPACE] to advance'
880.6918 	EXP 	text: autoDraw = True
881.3742 	DATA 	Keypress: space
881.3814 	EXP 	text: autoDraw = False
881.3924 	EXP 	text: text = 'Total points : 357.5'
886.5205 	DATA 	Keypress: space
888.5281 	EXP 	text: text = 'Press and hold [SPACE] to report the duration of the stimulus'
888.5281 	EXP 	text: autoDraw = True
889.3742 	DATA 	Keypress: space
889.3815 	EXP 	text: autoDraw = False
889.9565 	WARNING 	Stopping key buffers but this could be dangerous ifother keyboards rely on the same.
889.9781 	EXP 	text: text = 'You earned 7.2 out of 10 points in this round.\n\n Press [SPACE] to advance'
889.9781 	EXP 	text: autoDraw = True
890.8622 	DATA 	Keypress: space
890.8696 	EXP 	text: autoDraw = False
890.8783 	EXP 	text: text = 'Total points : 364.7'
898.8809 	EXP 	text: text = 'Press and hold [SPACE] to report the duration of the stimulus'
898.8809 	EXP 	text: autoDraw = True
899.5903 	DATA 	Keypress: space
899.5975 	EXP 	text: autoDraw = False
900.3569 	WARNING 	Stopping key buffers but this could be dangerous ifother keyboards rely on the same.
900.3816 	EXP 	text: text = 'You earned 6.6 out of 10 points in this round.\n\n Press [SPACE] to advance'
900.3816 	EXP 	text: autoDraw = True
901.2302 	DATA 	Keypress: space
901.2375 	EXP 	text: autoDraw = False
901.2488 	EXP 	text: text = 'Total points : 371.3'
909.2511 	EXP 	text: text = 'Press and hold [SPACE] to report the duration of the stimulus'
909.2511 	EXP 	text: autoDraw = True
909.8142 	DATA 	Keypress: space
909.8215 	EXP 	text: autoDraw = False
910.9167 	WARNING 	Stopping key buffers but this could be dangerous ifother keyboards rely on the same.
910.9339 	EXP 	text: text = 'Total points : 371.3'
910.9339 	EXP 	text: text = 'Your response exceeded the actual time.\n\n Press [SPACE] to advance'
910.9339 	EXP 	text: autoDraw = True
912.7262 	DATA 	Keypress: space
912.7317 	EXP 	text: autoDraw = False
922.9727 	EXP 	text: text = 'Press and hold [SPACE] to report the duration of the stimulus'
922.9727 	EXP 	text: autoDraw = True
923.5022 	DATA 	Keypress: space
923.5095 	EXP 	text: autoDraw = False
924.6287 	WARNING 	Stopping key buffers but this could be dangerous ifother keyboards rely on the same.
924.6561 	EXP 	text: text = 'You earned 4.5 out of 10 points in this round.\n\n Press [SPACE] to advance'
924.6561 	EXP 	text: autoDraw = True
926.2062 	DATA 	Keypress: space
926.2136 	EXP 	text: autoDraw = False
926.2232 	EXP 	text: text = 'Total points : 375.8'
935.8264 	EXP 	text: text = 'Press and hold [SPACE] to report the duration of the stimulus'
935.8264 	EXP 	text: autoDraw = True
936.3103 	DATA 	Keypress: space
936.3175 	EXP 	text: autoDraw = False
937.6368 	WARNING 	Stopping key buffers but this could be dangerous ifother keyboards rely on the same.
937.6617 	EXP 	text: text = 'You earned 9.1 out of 10 points in this round.\n\n Press [SPACE] to advance'
937.6617 	EXP 	text: autoDraw = True
938.4623 	DATA 	Keypress: space
938.4697 	EXP 	text: autoDraw = False
938.4761 	EXP 	text: text = 'Total points : 384.9'
946.1981 	EXP 	text: text = 'Press and hold [SPACE] to report the duration of the stimulus'
946.1981 	EXP 	text: autoDraw = True
946.8303 	DATA 	Keypress: space
946.8377 	EXP 	text: autoDraw = False
947.7568 	WARNING 	Stopping key buffers but this could be dangerous ifother keyboards rely on the same.
947.7740 	EXP 	text: text = 'Total points : 384.9'
947.7740 	EXP 	text: text = 'Your response exceeded the actual time.\n\n Press [SPACE] to advance'
947.7740 	EXP 	text: autoDraw = True
949.2861 	DATA 	Keypress: space
949.2931 	EXP 	text: autoDraw = False
956.7346 	EXP 	text: text = 'Press and hold [SPACE] to report the duration of the stimulus'
956.7346 	EXP 	text: autoDraw = True
957.2463 	DATA 	Keypress: space
957.2535 	EXP 	text: autoDraw = False
957.8687 	WARNING 	Stopping key buffers but this could be dangerous ifother keyboards rely on the same.
957.8893 	EXP 	text: text = 'You earned 6.7 out of 10 points in this round.\n\n Press [SPACE] to advance'
957.8893 	EXP 	text: autoDraw = True
958.5102 	DATA 	Keypress: space
958.5173 	EXP 	text: autoDraw = False
958.5334 	EXP 	text: text = 'Total points : 391.6'
963.2864 	DATA 	Keypress: space
968.1382 	EXP 	text: text = 'Press and hold [SPACE] to report the duration of the stimulus'
968.1382 	EXP 	text: autoDraw = True
968.6222 	DATA 	Keypress: space
968.6295 	EXP 	text: autoDraw = False
969.5247 	WARNING 	Stopping key buffers but this could be dangerous ifother keyboards rely on the same.
969.5542 	EXP 	text: text = 'You earned 3.9 out of 10 points in this round.\n\n Press [SPACE] to advance'
969.5542 	EXP 	text: autoDraw = True
971.7022 	DATA 	Keypress: space
971.7095 	EXP 	text: autoDraw = False
971.7221 	EXP 	text: text = 'Total points : 395.5'
979.7241 	EXP 	text: text = 'Press and hold [SPACE] to report the duration of the stimulus'
979.7241 	EXP 	text: autoDraw = True
980.3902 	DATA 	Keypress: space
980.3975 	EXP 	text: autoDraw = False
981.4288 	WARNING 	Stopping key buffers but this could be dangerous ifother keyboards rely on the same.
981.4463 	EXP 	text: text = 'Total points : 395.5'
981.4463 	EXP 	text: text = 'Your response exceeded the actual time.\n\n Press [SPACE] to advance'
981.4463 	EXP 	text: autoDraw = True
982.2862 	DATA 	Keypress: space
982.2936 	EXP 	text: autoDraw = False
990.3443 	EXP 	text: text = 'Press and hold [SPACE] to report the duration of the stimulus'
990.3443 	EXP 	text: autoDraw = True
990.7503 	DATA 	Keypress: space
990.7566 	EXP 	text: autoDraw = False
991.7327 	WARNING 	Stopping key buffers but this could be dangerous ifother keyboards rely on the same.
991.7626 	EXP 	text: text = 'You earned 9.8 out of 10 points in this round.\n\n Press [SPACE] to advance'
991.7626 	EXP 	text: autoDraw = True
992.4942 	DATA 	Keypress: space
992.5014 	EXP 	text: autoDraw = False
992.5113 	EXP 	text: text = 'Total points : 405.3'
1001.1153 	EXP 	text: text = 'Press and hold [SPACE] to report the duration of the stimulus'
1001.1153 	EXP 	text: autoDraw = True
1001.5662 	DATA 	Keypress: space
1001.5735 	EXP 	text: autoDraw = False
1002.5647 	WARNING 	Stopping key buffers but this could be dangerous ifother keyboards rely on the same.
1002.5851 	EXP 	text: text = 'You earned 7.8 out of 10 points in this round.\n\n Press [SPACE] to advance'
1002.5851 	EXP 	text: autoDraw = True
1003.2702 	DATA 	Keypress: space
1003.2772 	EXP 	text: autoDraw = False
1003.2979 	EXP 	text: text = 'Total points : 413.1'
1012.4189 	EXP 	text: text = 'Press and hold [SPACE] to report the duration of the stimulus'
1012.4189 	EXP 	text: autoDraw = True
1013.0942 	DATA 	Keypress: space
1013.1014 	EXP 	text: autoDraw = False
1014.0207 	WARNING 	Stopping key buffers but this could be dangerous ifother keyboards rely on the same.
1014.0518 	EXP 	text: text = 'You earned 5.3 out of 10 points in this round.\n\n Press [SPACE] to advance'
1014.0518 	EXP 	text: autoDraw = True
1014.6703 	DATA 	Keypress: space
1014.6776 	EXP 	text: autoDraw = False
1014.6842 	EXP 	text: text = 'Total points : 418.4'
1020.7144 	DATA 	Keypress: space
1023.0045 	EXP 	text: text = 'Press and hold [SPACE] to report the duration of the stimulus'
1023.0045 	EXP 	text: autoDraw = True
1023.5262 	DATA 	Keypress: space
1023.5336 	EXP 	text: autoDraw = False
1024.4688 	WARNING 	Stopping key buffers but this could be dangerous ifother keyboards rely on the same.
1024.4893 	EXP 	text: text = 'You earned 8.1 out of 10 points in this round.\n\n Press [SPACE] to advance'
1024.4893 	EXP 	text: autoDraw = True
1025.1022 	DATA 	Keypress: space
1025.1096 	EXP 	text: autoDraw = False
1025.1212 	EXP 	text: text = 'Total points : 426.5'
1027.9247 	DATA 	Keypress: space
1033.1258 	EXP 	text: text = 'Press and hold [SPACE] to report the duration of the stimulus'
1033.1258 	EXP 	text: autoDraw = True
1033.7742 	DATA 	Keypress: space
1033.7816 	EXP 	text: autoDraw = False
1034.3887 	WARNING 	Stopping key buffers but this could be dangerous ifother keyboards rely on the same.
1034.4092 	EXP 	text: text = 'You earned 4.9 out of 10 points in this round.\n\n Press [SPACE] to advance'
1034.4092 	EXP 	text: autoDraw = True
1035.1662 	DATA 	Keypress: space
1035.1714 	EXP 	text: autoDraw = False
1035.1916 	EXP 	text: text = 'Total points : 431.4'
1044.7947 	EXP 	text: text = 'Press and hold [SPACE] to report the duration of the stimulus'
1044.7947 	EXP 	text: autoDraw = True
1045.4543 	DATA 	Keypress: space
1045.4614 	EXP 	text: autoDraw = False
1046.5488 	WARNING 	Stopping key buffers but this could be dangerous ifother keyboards rely on the same.
1046.5805 	EXP 	text: text = 'You earned 5.7 out of 10 points in this round.\n\n Press [SPACE] to advance'
1046.5805 	EXP 	text: autoDraw = True
1047.3582 	DATA 	Keypress: space
1047.3654 	EXP 	text: autoDraw = False
1047.3802 	EXP 	text: text = 'Total points : 437.1'
1056.2756 	DATA 	Keypress: space
1056.4991 	EXP 	text: text = 'Press and hold [SPACE] to report the duration of the stimulus'
1056.4991 	EXP 	text: autoDraw = True
1057.2783 	DATA 	Keypress: space
1057.2855 	EXP 	text: autoDraw = False
1058.2448 	WARNING 	Stopping key buffers but this could be dangerous ifother keyboards rely on the same.
1058.2672 	EXP 	text: text = 'You earned 5.7 out of 10 points in this round.\n\n Press [SPACE] to advance'
1058.2672 	EXP 	text: autoDraw = True
1059.1982 	DATA 	Keypress: space
1059.2055 	EXP 	text: autoDraw = False
1059.2153 	EXP 	text: text = 'Total points : 442.8'
1066.9527 	EXP 	text: text = 'Press and hold [SPACE] to report the duration of the stimulus'
1066.9527 	EXP 	text: autoDraw = True
1067.8304 	DATA 	Keypress: space
1067.8379 	EXP 	text: autoDraw = False
1068.5407 	WARNING 	Stopping key buffers but this could be dangerous ifother keyboards rely on the same.
1068.5697 	EXP 	text: text = 'You earned 6.9 out of 10 points in this round.\n\n Press [SPACE] to advance'
1068.5697 	EXP 	text: autoDraw = True
1069.3100 	DATA 	Keypress: space
1069.3158 	EXP 	text: autoDraw = False
1069.3362 	EXP 	text: text = 'Total points : 449.7'
1073.1223 	DATA 	Keypress: space
1077.3394 	EXP 	text: text = 'Press and hold [SPACE] to report the duration of the stimulus'
1077.3394 	EXP 	text: autoDraw = True
1077.9903 	DATA 	Keypress: space
1077.9975 	EXP 	text: autoDraw = False
1078.7567 	WARNING 	Stopping key buffers but this could be dangerous ifother keyboards rely on the same.
1078.7773 	EXP 	text: text = 'You earned 6.6 out of 10 points in this round.\n\n Press [SPACE] to advance'
1078.7773 	EXP 	text: autoDraw = True
1079.5262 	DATA 	Keypress: space
1079.5336 	EXP 	text: autoDraw = False
1079.5560 	EXP 	text: text = 'Total points : 456.3'
1086.9759 	EXP 	text: text = 'Press and hold [SPACE] to report the duration of the stimulus'
1086.9759 	EXP 	text: autoDraw = True
1087.6943 	DATA 	Keypress: space
1087.7017 	EXP 	text: autoDraw = False
1088.3887 	WARNING 	Stopping key buffers but this could be dangerous ifother keyboards rely on the same.
1088.4100 	EXP 	text: text = 'You earned 7.7 out of 10 points in this round.\n\n Press [SPACE] to advance'
1088.4100 	EXP 	text: autoDraw = True
1089.1502 	DATA 	Keypress: space
1089.1557 	EXP 	text: autoDraw = False
1089.1756 	EXP 	text: text = 'Total points : 464.0'
1095.7625 	DATA 	Keypress: space
1096.8961 	EXP 	text: text = 'Press and hold [SPACE] to report the duration of the stimulus'
1096.8961 	EXP 	text: autoDraw = True
1097.6383 	DATA 	Keypress: space
1097.6452 	EXP 	text: autoDraw = False
1098.2688 	WARNING 	Stopping key buffers but this could be dangerous ifother keyboards rely on the same.
1098.2956 	EXP 	text: text = 'You earned 5.9 out of 10 points in this round.\n\n Press [SPACE] to advance'
1098.2956 	EXP 	text: autoDraw = True
1099.0542 	DATA 	Keypress: space
1099.0588 	EXP 	text: autoDraw = False
1099.0790 	EXP 	text: text = 'Total points : 469.9'
1103.9662 	DATA 	Keypress: space
1109.2827 	EXP 	text: text = 'Press and hold [SPACE] to report the duration of the stimulus'
1109.2827 	EXP 	text: autoDraw = True
1109.8063 	DATA 	Keypress: space
1109.8120 	EXP 	text: autoDraw = False
1110.5486 	WARNING 	Stopping key buffers but this could be dangerous ifother keyboards rely on the same.
1110.5691 	EXP 	text: text = 'You earned 2.1 out of 10 points in this round.\n\n Press [SPACE] to advance'
1110.5691 	EXP 	text: autoDraw = True
1111.7500 	DATA 	Keypress: space
1111.7573 	EXP 	text: autoDraw = False
1111.7657 	EXP 	text: text = 'Total points : 472.0'
1119.4867 	EXP 	text: text = 'Press and hold [SPACE] to report the duration of the stimulus'
1119.4867 	EXP 	text: autoDraw = True
1120.1503 	DATA 	Keypress: space
1120.1575 	EXP 	text: autoDraw = False
1120.8528 	WARNING 	Stopping key buffers but this could be dangerous ifother keyboards rely on the same.
1120.8740 	EXP 	text: text = 'You earned 6.8 out of 10 points in this round.\n\n Press [SPACE] to advance'
1120.8740 	EXP 	text: autoDraw = True
1121.6461 	DATA 	Keypress: space
1121.6532 	EXP 	text: autoDraw = False
1121.6710 	EXP 	text: text = 'Total points : 478.8'
1128.8783 	DATA 	Keypress: space
1129.0721 	EXP 	text: text = 'Press and hold [SPACE] to report the duration of the stimulus'
1129.0721 	EXP 	text: autoDraw = True
1129.8542 	DATA 	Keypress: space
1129.8616 	EXP 	text: autoDraw = False
1130.4768 	WARNING 	Stopping key buffers but this could be dangerous ifother keyboards rely on the same.
1130.5062 	EXP 	text: text = 'You earned 6.7 out of 10 points in this round.\n\n Press [SPACE] to advance'
1130.5062 	EXP 	text: autoDraw = True
1131.2222 	DATA 	Keypress: space
1131.2293 	EXP 	text: autoDraw = False
1131.2401 	EXP 	text: text = 'Total points : 485.5'
1140.3596 	EXP 	text: text = 'Press and hold [SPACE] to report the duration of the stimulus'
1140.3596 	EXP 	text: autoDraw = True
1140.9262 	DATA 	Keypress: space
1140.9335 	EXP 	text: autoDraw = False
1141.8368 	WARNING 	Stopping key buffers but this could be dangerous ifother keyboards rely on the same.
1141.8609 	EXP 	text: text = 'You earned 5.1 out of 10 points in this round.\n\n Press [SPACE] to advance'
1141.8609 	EXP 	text: autoDraw = True
1142.9022 	DATA 	Keypress: space
1142.9092 	EXP 	text: autoDraw = False
1142.9274 	EXP 	text: text = 'Total points : 490.6'
1152.8464 	EXP 	text: text = 'Press and hold [SPACE] to report the duration of the stimulus'
1152.8464 	EXP 	text: autoDraw = True
1153.7903 	DATA 	Keypress: space
1153.7973 	EXP 	text: autoDraw = False
1154.8688 	WARNING 	Stopping key buffers but this could be dangerous ifother keyboards rely on the same.
1154.8975 	EXP 	text: text = 'You earned 4.8 out of 10 points in this round.\n\n Press [SPACE] to advance'
1154.8975 	EXP 	text: autoDraw = True
1156.4224 	DATA 	Keypress: space
1156.4296 	EXP 	text: autoDraw = False
1156.4490 	EXP 	text: text = 'Total points : 495.4'
1163.5669 	EXP 	text: text = 'Press and hold [SPACE] to report the duration of the stimulus'
1163.5669 	EXP 	text: autoDraw = True
1164.4783 	DATA 	Keypress: space
1164.4857 	EXP 	text: autoDraw = False
1165.0847 	WARNING 	Stopping key buffers but this could be dangerous ifother keyboards rely on the same.
1165.1052 	EXP 	text: text = 'You earned 7.5 out of 10 points in this round.\n\n Press [SPACE] to advance'
1165.1052 	EXP 	text: autoDraw = True
1165.7743 	DATA 	Keypress: space
1165.7801 	EXP 	text: autoDraw = False
1165.8005 	EXP 	text: text = 'Total points : 502.9'
1173.8035 	EXP 	text: text = 'Press and hold [SPACE] to report the duration of the stimulus'
1173.8035 	EXP 	text: autoDraw = True
1174.3662 	DATA 	Keypress: space
1174.3736 	EXP 	text: autoDraw = False
1175.3247 	WARNING 	Stopping key buffers but this could be dangerous ifother keyboards rely on the same.
1175.3538 	EXP 	text: text = 'You earned 9.7 out of 10 points in this round.\n\n Press [SPACE] to advance'
1175.3538 	EXP 	text: autoDraw = True
1175.9982 	DATA 	Keypress: space
1176.0053 	EXP 	text: autoDraw = False
1176.0219 	EXP 	text: text = 'Total points : 512.6'
1185.6241 	EXP 	text: text = 'Press and hold [SPACE] to report the duration of the stimulus'
1185.6241 	EXP 	text: autoDraw = True
1186.1342 	DATA 	Keypress: space
1186.1413 	EXP 	text: autoDraw = False
1187.2208 	WARNING 	Stopping key buffers but this could be dangerous ifother keyboards rely on the same.
1187.2423 	EXP 	text: text = 'You earned 5.6 out of 10 points in this round.\n\n Press [SPACE] to advance'
1187.2423 	EXP 	text: autoDraw = True
1188.1742 	DATA 	Keypress: space
1188.1814 	EXP 	text: autoDraw = False
1188.1905 	EXP 	text: text = 'Total points : 518.2'
1196.1955 	EXP 	text: text = 'Press and hold [SPACE] to report the duration of the stimulus'
1196.1955 	EXP 	text: autoDraw = True
1196.8302 	DATA 	Keypress: space
1196.8375 	EXP 	text: autoDraw = False
1197.7406 	WARNING 	Stopping key buffers but this could be dangerous ifother keyboards rely on the same.
1197.7626 	EXP 	text: text = 'You earned 8.8 out of 10 points in this round.\n\n Press [SPACE] to advance'
1197.7626 	EXP 	text: autoDraw = True
1198.3903 	DATA 	Keypress: space
1198.3977 	EXP 	text: autoDraw = False
1198.4115 	EXP 	text: text = 'Total points : 527.0'
1206.7314 	EXP 	text: text = 'Press and hold [SPACE] to report the duration of the stimulus'
1206.7314 	EXP 	text: autoDraw = True
1207.2302 	DATA 	Keypress: space
1207.2376 	EXP 	text: autoDraw = False
1208.0687 	WARNING 	Stopping key buffers but this could be dangerous ifother keyboards rely on the same.
1208.0993 	EXP 	text: text = 'You earned 6.6 out of 10 points in this round.\n\n Press [SPACE] to advance'
1208.0993 	EXP 	text: autoDraw = True
1208.7343 	DATA 	Keypress: space
1208.7417 	EXP 	text: autoDraw = False
1208.7482 	EXP 	text: text = 'Total points : 533.6'
1217.7863 	DATA 	Keypress: space
1218.6679 	EXP 	text: text = 'Press and hold [SPACE] to report the duration of the stimulus'
1218.6679 	EXP 	text: autoDraw = True
1219.6782 	DATA 	Keypress: space
1219.6852 	EXP 	text: autoDraw = False
1220.7968 	WARNING 	Stopping key buffers but this could be dangerous ifother keyboards rely on the same.
1220.8183 	EXP 	text: text = 'You earned 5.2 out of 10 points in this round.\n\n Press [SPACE] to advance'
1220.8183 	EXP 	text: autoDraw = True
1221.6062 	DATA 	Keypress: space
1221.6136 	EXP 	text: autoDraw = False
1221.6365 	EXP 	text: text = 'Total points : 538.8'
1229.9715 	EXP 	text: text = 'Press and hold [SPACE] to report the duration of the stimulus'
1229.9715 	EXP 	text: autoDraw = True
1230.5982 	DATA 	Keypress: space
1230.6053 	EXP 	text: autoDraw = False
1231.5247 	WARNING 	Stopping key buffers but this could be dangerous ifother keyboards rely on the same.
1231.5567 	EXP 	text: text = 'You earned 7.8 out of 10 points in this round.\n\n Press [SPACE] to advance'
1231.5567 	EXP 	text: autoDraw = True
1232.1904 	DATA 	Keypress: space
1232.1976 	EXP 	text: autoDraw = False
1232.2051 	EXP 	text: text = 'Total points : 546.6'
1239.9580 	EXP 	text: text = 'Press and hold [SPACE] to report the duration of the stimulus'
1239.9580 	EXP 	text: autoDraw = True
1240.5664 	DATA 	Keypress: space
1240.5736 	EXP 	text: autoDraw = False
1241.6927 	WARNING 	Stopping key buffers but this could be dangerous ifother keyboards rely on the same.
1241.7098 	EXP 	text: text = 'Total points : 546.6'
1241.7098 	EXP 	text: text = 'Your response exceeded the actual time.\n\n Press [SPACE] to advance'
1241.7098 	EXP 	text: autoDraw = True
1242.4221 	DATA 	Keypress: space
1242.4295 	EXP 	text: autoDraw = False
1250.7954 	EXP 	text: text = 'Press and hold [SPACE] to report the duration of the stimulus'
1250.7954 	EXP 	text: autoDraw = True
1251.3983 	DATA 	Keypress: space
1251.4056 	EXP 	text: autoDraw = False
1252.3728 	WARNING 	Stopping key buffers but this could be dangerous ifother keyboards rely on the same.
1252.3958 	EXP 	text: text = 'You earned 8.6 out of 10 points in this round.\n\n Press [SPACE] to advance'
1252.3958 	EXP 	text: autoDraw = True
1253.0621 	DATA 	Keypress: space
1253.0694 	EXP 	text: autoDraw = False
1253.0791 	EXP 	text: text = 'Total points : 555.2'
1260.1983 	EXP 	text: text = 'Press and hold [SPACE] to report the duration of the stimulus'
1260.1983 	EXP 	text: autoDraw = True
1260.8942 	DATA 	Keypress: space
1260.9017 	EXP 	text: autoDraw = False
1261.5247 	WARNING 	Stopping key buffers but this could be dangerous ifother keyboards rely on the same.
1261.5502 	EXP 	text: text = 'You earned 7.9 out of 10 points in this round.\n\n Press [SPACE] to advance'
1261.5502 	EXP 	text: autoDraw = True
1262.2061 	DATA 	Keypress: space
1262.2115 	EXP 	text: autoDraw = False
1262.2329 	EXP 	text: text = 'Total points : 563.1'
1269.3514 	EXP 	text: text = 'Press and hold [SPACE] to report the duration of the stimulus'
1269.3514 	EXP 	text: autoDraw = True
1270.0385 	DATA 	Keypress: space
1270.0459 	EXP 	text: autoDraw = False
1270.7006 	WARNING 	Stopping key buffers but this could be dangerous ifother keyboards rely on the same.
1270.7214 	EXP 	text: text = 'You earned 8.4 out of 10 points in this round.\n\n Press [SPACE] to advance'
1270.7214 	EXP 	text: autoDraw = True
1271.3901 	DATA 	Keypress: space
1271.3974 	EXP 	text: autoDraw = False
1271.4193 	EXP 	text: text = 'Total points : 571.5'
1279.7380 	EXP 	text: text = 'Press and hold [SPACE] to report the duration of the stimulus'
1279.7380 	EXP 	text: autoDraw = True
1280.3742 	DATA 	Keypress: space
1280.3816 	EXP 	text: autoDraw = False
1281.1007 	WARNING 	Stopping key buffers but this could be dangerous ifother keyboards rely on the same.
1281.1224 	EXP 	text: text = 'You earned 5.3 out of 10 points in this round.\n\n Press [SPACE] to advance'
1281.1224 	EXP 	text: autoDraw = True
1281.7903 	DATA 	Keypress: space
1281.7976 	EXP 	text: autoDraw = False
1281.8051 	EXP 	text: text = 'Total points : 576.8'
1290.1411 	EXP 	text: text = 'Press and hold [SPACE] to report the duration of the stimulus'
1290.1411 	EXP 	text: autoDraw = True
1290.5904 	DATA 	Keypress: space
1290.5977 	EXP 	text: autoDraw = False
1291.4689 	WARNING 	Stopping key buffers but this could be dangerous ifother keyboards rely on the same.
1291.4929 	EXP 	text: text = 'You earned 7.1 out of 10 points in this round.\n\n Press [SPACE] to advance'
1291.4929 	EXP 	text: autoDraw = True
1292.0785 	DATA 	Keypress: space
1292.0858 	EXP 	text: autoDraw = False
1292.0930 	EXP 	text: text = 'Total points : 583.9'
1302.0123 	EXP 	text: text = 'Press and hold [SPACE] to report the duration of the stimulus'
1302.0123 	EXP 	text: autoDraw = True
1302.7583 	DATA 	Keypress: space
1302.7656 	EXP 	text: autoDraw = False
1304.0526 	WARNING 	Stopping key buffers but this could be dangerous ifother keyboards rely on the same.
1304.0793 	EXP 	text: text = 'You earned 7.3 out of 10 points in this round.\n\n Press [SPACE] to advance'
1304.0793 	EXP 	text: autoDraw = True
1304.7742 	DATA 	Keypress: space
1304.7815 	EXP 	text: autoDraw = False
1304.7952 	EXP 	text: text = 'Total points : 591.2'
1307.1314 	DATA 	Keypress: space
1314.9992 	EXP 	text: text = 'Press and hold [SPACE] to report the duration of the stimulus'
1314.9992 	EXP 	text: autoDraw = True
1315.7103 	DATA 	Keypress: space
1315.7177 	EXP 	text: autoDraw = False
1316.9968 	WARNING 	Stopping key buffers but this could be dangerous ifother keyboards rely on the same.
1317.0180 	EXP 	text: text = 'You earned 6.2 out of 10 points in this round.\n\n Press [SPACE] to advance'
1317.0180 	EXP 	text: autoDraw = True
1317.7582 	DATA 	Keypress: space
1317.7654 	EXP 	text: autoDraw = False
1317.7840 	EXP 	text: text = 'Total points : 597.4'
1327.7046 	EXP 	text: text = 'Press and hold [SPACE] to report the duration of the stimulus'
1327.7046 	EXP 	text: autoDraw = True
1328.2943 	DATA 	Keypress: space
1328.2998 	EXP 	text: autoDraw = False
1329.6767 	WARNING 	Stopping key buffers but this could be dangerous ifother keyboards rely on the same.
1329.7040 	EXP 	text: text = 'You earned 8.8 out of 10 points in this round.\n\n Press [SPACE] to advance'
1329.7040 	EXP 	text: autoDraw = True
1330.4061 	DATA 	Keypress: space
1330.4134 	EXP 	text: autoDraw = False
1330.4201 	EXP 	text: text = 'Total points : 606.2'
1336.1913 	DATA 	Keypress: space
1340.3573 	EXP 	text: text = 'Press and hold [SPACE] to report the duration of the stimulus'
1340.3573 	EXP 	text: autoDraw = True
1340.9982 	DATA 	Keypress: space
1341.0037 	EXP 	text: autoDraw = False
1342.1248 	WARNING 	Stopping key buffers but this could be dangerous ifother keyboards rely on the same.
1342.1458 	EXP 	text: text = 'You earned 5.3 out of 10 points in this round.\n\n Press [SPACE] to advance'
1342.1458 	EXP 	text: autoDraw = True
1342.7903 	DATA 	Keypress: space
1342.7977 	EXP 	text: autoDraw = False
1342.8076 	EXP 	text: text = 'Total points : 611.5'
1351.4121 	EXP 	text: text = 'Press and hold [SPACE] to report the duration of the stimulus'
1351.4121 	EXP 	text: autoDraw = True
1352.2781 	DATA 	Keypress: space
1352.2855 	EXP 	text: autoDraw = False
1353.2608 	WARNING 	Stopping key buffers but this could be dangerous ifother keyboards rely on the same.
1353.2812 	EXP 	text: text = 'You earned 7.5 out of 10 points in this round.\n\n Press [SPACE] to advance'
1353.2812 	EXP 	text: autoDraw = True
1353.9502 	DATA 	Keypress: space
1353.9575 	EXP 	text: autoDraw = False
1353.9779 	EXP 	text: text = 'Total points : 619.0'
1359.3583 	DATA 	Keypress: space
1361.3815 	EXP 	text: text = 'Press and hold [SPACE] to report the duration of the stimulus'
1361.3815 	EXP 	text: autoDraw = True
1362.0382 	DATA 	Keypress: space
1362.0437 	EXP 	text: autoDraw = False
1362.7727 	WARNING 	Stopping key buffers but this could be dangerous ifother keyboards rely on the same.
1362.7978 	EXP 	text: text = 'You earned 8.4 out of 10 points in this round.\n\n Press [SPACE] to advance'
1362.7978 	EXP 	text: autoDraw = True
1363.3102 	DATA 	Keypress: space
1363.3175 	EXP 	text: autoDraw = False
1363.3320 	EXP 	text: text = 'Total points : 627.4'
1371.3352 	EXP 	text: text = 'Press and hold [SPACE] to report the duration of the stimulus'
1371.3352 	EXP 	text: autoDraw = True
1371.7745 	DATA 	Keypress: space
1371.7802 	EXP 	text: autoDraw = False
1372.6847 	WARNING 	Stopping key buffers but this could be dangerous ifother keyboards rely on the same.
1372.7050 	EXP 	text: text = 'You earned 8.8 out of 10 points in this round.\n\n Press [SPACE] to advance'
1372.7050 	EXP 	text: autoDraw = True
1373.1982 	DATA 	Keypress: space
1373.2055 	EXP 	text: autoDraw = False
1373.2188 	EXP 	text: text = 'Total points : 636.2'
1383.1378 	EXP 	text: text = 'Press and hold [SPACE] to report the duration of the stimulus'
1383.1378 	EXP 	text: autoDraw = True
1383.8865 	DATA 	Keypress: space
1383.8939 	EXP 	text: autoDraw = False
1385.1087 	WARNING 	Stopping key buffers but this could be dangerous ifother keyboards rely on the same.
1385.1389 	EXP 	text: text = 'You earned 6.4 out of 10 points in this round.\n\n Press [SPACE] to advance'
1385.1389 	EXP 	text: autoDraw = True
1385.7662 	DATA 	Keypress: space
1385.7735 	EXP 	text: autoDraw = False
1385.7886 	EXP 	text: text = 'Total points : 642.6'
1393.2838 	DATA 	Keypress: space
1393.5082 	EXP 	text: text = 'Press and hold [SPACE] to report the duration of the stimulus'
1393.5082 	EXP 	text: autoDraw = True
1394.2701 	DATA 	Keypress: space
1394.2774 	EXP 	text: autoDraw = False
1395.0848 	WARNING 	Stopping key buffers but this could be dangerous ifother keyboards rely on the same.
1395.1086 	EXP 	text: text = 'You earned 8.5 out of 10 points in this round.\n\n Press [SPACE] to advance'
1395.1086 	EXP 	text: autoDraw = True
1395.6942 	DATA 	Keypress: space
1395.7015 	EXP 	text: autoDraw = False
1395.7081 	EXP 	text: text = 'Total points : 651.1'
1404.8286 	EXP 	text: text = 'Press and hold [SPACE] to report the duration of the stimulus'
1404.8286 	EXP 	text: autoDraw = True
1405.3103 	DATA 	Keypress: space
1405.3177 	EXP 	text: autoDraw = False
1406.3007 	WARNING 	Stopping key buffers but this could be dangerous ifother keyboards rely on the same.
1406.3300 	EXP 	text: text = 'You earned 6.0 out of 10 points in this round.\n\n Press [SPACE] to advance'
1406.3300 	EXP 	text: autoDraw = True
1407.1103 	DATA 	Keypress: space
1407.1177 	EXP 	text: autoDraw = False
1407.1297 	EXP 	text: text = 'Total points : 657.1'
1412.0150 	DATA 	Keypress: space
1417.3336 	EXP 	text: text = 'Press and hold [SPACE] to report the duration of the stimulus'
1417.3336 	EXP 	text: autoDraw = True
1417.9502 	DATA 	Keypress: space
1417.9576 	EXP 	text: autoDraw = False
1419.2207 	WARNING 	Stopping key buffers but this could be dangerous ifother keyboards rely on the same.
1419.2498 	EXP 	text: text = 'You earned 6.0 out of 10 points in this round.\n\n Press [SPACE] to advance'
1419.2498 	EXP 	text: autoDraw = True
1420.0142 	DATA 	Keypress: space
1420.0216 	EXP 	text: autoDraw = False
1420.0329 	EXP 	text: text = 'Total points : 663.1'
1426.6942 	DATA 	Keypress: space
1427.7540 	EXP 	text: text = 'Press and hold [SPACE] to report the duration of the stimulus'
1427.7540 	EXP 	text: autoDraw = True
1428.4062 	DATA 	Keypress: space
1428.4136 	EXP 	text: autoDraw = False
1429.2128 	WARNING 	Stopping key buffers but this could be dangerous ifother keyboards rely on the same.
1429.2362 	EXP 	text: text = 'You earned 8.3 out of 10 points in this round.\n\n Press [SPACE] to advance'
1429.2362 	EXP 	text: autoDraw = True
1429.9101 	DATA 	Keypress: space
1429.9161 	EXP 	text: autoDraw = False
1429.9360 	EXP 	text: text = 'Total points : 671.4'
1438.5569 	EXP 	text: text = 'Press and hold [SPACE] to report the duration of the stimulus'
1438.5569 	EXP 	text: autoDraw = True
1439.0063 	DATA 	Keypress: space
1439.0136 	EXP 	text: autoDraw = False
1439.9967 	WARNING 	Stopping key buffers but this could be dangerous ifother keyboards rely on the same.
1440.0229 	EXP 	text: text = 'You earned 7.7 out of 10 points in this round.\n\n Press [SPACE] to advance'
1440.0229 	EXP 	text: autoDraw = True
1440.6142 	DATA 	Keypress: space
1440.6197 	EXP 	text: autoDraw = False
1440.6393 	EXP 	text: text = 'Total points : 679.1'
1447.5348 	DATA 	Keypress: space
1447.7602 	EXP 	text: text = 'Press and hold [SPACE] to report the duration of the stimulus'
1447.7602 	EXP 	text: autoDraw = True
1448.3343 	DATA 	Keypress: space
1448.3413 	EXP 	text: autoDraw = False
1448.9327 	WARNING 	Stopping key buffers but this could be dangerous ifother keyboards rely on the same.
1448.9593 	EXP 	text: text = 'You earned 7.4 out of 10 points in this round.\n\n Press [SPACE] to advance'
1448.9593 	EXP 	text: autoDraw = True
1449.5743 	DATA 	Keypress: space
1449.5815 	EXP 	text: autoDraw = False
1449.5923 	EXP 	text: text = 'Total points : 686.5'
1456.8144 	DATA 	Keypress: space
1456.9970 	EXP 	text: text = 'Press and hold [SPACE] to report the duration of the stimulus'
1456.9970 	EXP 	text: autoDraw = True
1457.6223 	DATA 	Keypress: space
1457.6293 	EXP 	text: autoDraw = False
1458.3007 	WARNING 	Stopping key buffers but this could be dangerous ifother keyboards rely on the same.
1458.3298 	EXP 	text: text = 'You earned 7.5 out of 10 points in this round.\n\n Press [SPACE] to advance'
1458.3298 	EXP 	text: autoDraw = True
1458.9982 	DATA 	Keypress: space
1459.0055 	EXP 	text: autoDraw = False
1459.0121 	EXP 	text: text = 'Total points : 694.0'
1466.7323 	EXP 	text: text = 'Press and hold [SPACE] to report the duration of the stimulus'
1466.7323 	EXP 	text: autoDraw = True
1467.1582 	DATA 	Keypress: space
1467.1654 	EXP 	text: autoDraw = False
1467.9568 	WARNING 	Stopping key buffers but this could be dangerous ifother keyboards rely on the same.
1467.9822 	EXP 	text: text = 'You earned 8.2 out of 10 points in this round.\n\n Press [SPACE] to advance'
1467.9822 	EXP 	text: autoDraw = True
1468.7102 	DATA 	Keypress: space
1468.7175 	EXP 	text: autoDraw = False
1468.7320 	EXP 	text: text = 'Total points : 702.2'
1477.3357 	EXP 	text: text = 'Press and hold [SPACE] to report the duration of the stimulus'
1477.3357 	EXP 	text: autoDraw = True
1477.9824 	DATA 	Keypress: space
1477.9896 	EXP 	text: autoDraw = False
1478.9089 	WARNING 	Stopping key buffers but this could be dangerous ifother keyboards rely on the same.
1478.9358 	EXP 	text: text = 'You earned 6.7 out of 10 points in this round.\n\n Press [SPACE] to advance'
1478.9358 	EXP 	text: autoDraw = True
1479.5581 	DATA 	Keypress: space
1479.5648 	EXP 	text: autoDraw = False
1479.5856 	EXP 	text: text = 'Total points : 708.9'
1483.5316 	DATA 	Keypress: space
1487.9056 	EXP 	text: text = 'Press and hold [SPACE] to report the duration of the stimulus'
1487.9056 	EXP 	text: autoDraw = True
1488.4223 	DATA 	Keypress: space
1488.4297 	EXP 	text: autoDraw = False
1489.3888 	WARNING 	Stopping key buffers but this could be dangerous ifother keyboards rely on the same.
1489.4092 	EXP 	text: text = 'You earned 8.5 out of 10 points in this round.\n\n Press [SPACE] to advance'
1489.4092 	EXP 	text: autoDraw = True
1490.0862 	DATA 	Keypress: space
1490.0936 	EXP 	text: autoDraw = False
1490.1060 	EXP 	text: text = 'Total points : 717.4'
1493.4542 	DATA 	Keypress: space
1497.2259 	EXP 	text: text = 'Press and hold [SPACE] to report the duration of the stimulus'
1497.2259 	EXP 	text: autoDraw = True
1497.7823 	DATA 	Keypress: space
1497.7878 	EXP 	text: autoDraw = False
1498.3888 	WARNING 	Stopping key buffers but this could be dangerous ifother keyboards rely on the same.
1498.4100 	EXP 	text: text = 'You earned 7.5 out of 10 points in this round.\n\n Press [SPACE] to advance'
1498.4100 	EXP 	text: autoDraw = True
1499.0302 	DATA 	Keypress: space
1499.0376 	EXP 	text: autoDraw = False
1499.0585 	EXP 	text: text = 'Total points : 724.9'
1506.1954 	EXP 	text: text = 'Press and hold [SPACE] to report the duration of the stimulus'
1506.1954 	EXP 	text: autoDraw = True
1506.6225 	DATA 	Keypress: space
1506.6299 	EXP 	text: autoDraw = False
1507.5328 	WARNING 	Stopping key buffers but this could be dangerous ifother keyboards rely on the same.
1507.5503 	EXP 	text: text = 'Total points : 724.9'
1507.5503 	EXP 	text: text = 'Your response exceeded the actual time.\n\n Press [SPACE] to advance'
1507.5503 	EXP 	text: autoDraw = True
1508.3102 	DATA 	Keypress: space
1508.3174 	EXP 	text: autoDraw = False
1516.7023 	DATA 	Keypress: space
1518.2829 	EXP 	text: text = 'Press and hold [SPACE] to report the duration of the stimulus'
1518.2829 	EXP 	text: autoDraw = True
1519.0222 	DATA 	Keypress: space
1519.0281 	EXP 	text: autoDraw = False
1520.0447 	WARNING 	Stopping key buffers but this could be dangerous ifother keyboards rely on the same.
1520.0661 	EXP 	text: text = 'You earned 4.3 out of 10 points in this round.\n\n Press [SPACE] to advance'
1520.0661 	EXP 	text: autoDraw = True
1521.8463 	DATA 	Keypress: space
1521.8538 	EXP 	text: autoDraw = False
1521.8669 	EXP 	text: text = 'Total points : 729.2'
1531.7866 	EXP 	text: text = 'Press and hold [SPACE] to report the duration of the stimulus'
1531.7866 	EXP 	text: autoDraw = True
1532.4543 	DATA 	Keypress: space
1532.4616 	EXP 	text: autoDraw = False
1533.6608 	WARNING 	Stopping key buffers but this could be dangerous ifother keyboards rely on the same.
1533.6868 	EXP 	text: text = 'You earned 6.2 out of 10 points in this round.\n\n Press [SPACE] to advance'
1533.6868 	EXP 	text: autoDraw = True
1534.4222 	DATA 	Keypress: space
1534.4296 	EXP 	text: autoDraw = False
1534.4360 	EXP 	text: text = 'Total points : 735.4'
1542.1571 	EXP 	text: text = 'Press and hold [SPACE] to report the duration of the stimulus'
1542.1571 	EXP 	text: autoDraw = True
1542.6062 	DATA 	Keypress: space
1542.6137 	EXP 	text: autoDraw = False
1543.6289 	WARNING 	Stopping key buffers but this could be dangerous ifother keyboards rely on the same.
1543.6462 	EXP 	text: text = 'Total points : 735.4'
1543.6462 	EXP 	text: text = 'Your response exceeded the actual time.\n\n Press [SPACE] to advance'
1543.6462 	EXP 	text: autoDraw = True
1544.3183 	DATA 	Keypress: space
1544.3257 	EXP 	text: autoDraw = False
1551.7785 	EXP 	text: text = 'Press and hold [SPACE] to report the duration of the stimulus'
1551.7785 	EXP 	text: autoDraw = True
1552.2783 	DATA 	Keypress: space
1552.2857 	EXP 	text: autoDraw = False
1553.2207 	WARNING 	Stopping key buffers but this could be dangerous ifother keyboards rely on the same.
1553.2379 	EXP 	text: text = 'Total points : 735.4'
1553.2379 	EXP 	text: text = 'Your response exceeded the actual time.\n\n Press [SPACE] to advance'
1553.2379 	EXP 	text: autoDraw = True
1553.8861 	DATA 	Keypress: space
1553.8933 	EXP 	text: autoDraw = False
1563.5343 	EXP 	text: text = 'Press and hold [SPACE] to report the duration of the stimulus'
1563.5343 	EXP 	text: autoDraw = True
1564.0222 	DATA 	Keypress: space
1564.0294 	EXP 	text: autoDraw = False
1564.9247 	WARNING 	Stopping key buffers but this could be dangerous ifother keyboards rely on the same.
1564.9466 	EXP 	text: text = 'You earned 3.9 out of 10 points in this round.\n\n Press [SPACE] to advance'
1564.9466 	EXP 	text: autoDraw = True
1565.8702 	DATA 	Keypress: space
1565.8764 	EXP 	text: autoDraw = False
1565.8806 	INFO 	Finishing at 17:25 on 09 Mar 2020
1566.1525 	EXP 	window1: mouseVisible = True
