9.0216 	WARNING 	User requested fullscreen with size [2880 1800], but screen is actually [1440, 900]. Using actual size
9.8384 	INFO 	Successfully set darwin thread to realtime
10.8943 	INFO 	#[ PsychoPy3 RuntimeInfoStart ]
  #[[ PsychoPy ]] #---------
    psychopyVersion: 3.2.0
    psychopyHaveExtRush: True
  #[[ Experiment ]] #---------
    experimentRunTime: 2019_09_12 21:53 (Year_Month_Day Hour:Min)
    experimentRunTime.epoch: 1568339606
    experimentScript: eccentricity_dependent_duration_reproduction_using_spacebar.py
    experimentScript.digestSHA1: c91b9209474cc69cbee39e1aa5286c73a1b2eb15
    experimentScript.directory: /Volumes/My Passport/Github/spatio_temporal_information_processing/Time_Subjective_Expansion/Eccentricity_duration_interaction
  #[[ System ]] #---------
    systemHaveInternetAccess: True
    systemHostName: pbs-jf-aldi.local
    systemLocale: C
    systemMemFreeRAM: 6181.9765625
    systemMemTotalRAM: 16384.0
    systemPlatform: darwin 10.14.6 x86_64
    systemRavailable: R version 3.4.1 (2017-06-30) -- Single Candle
    systemRebooted: Sep 10 09:52
    systemSec.OpenSSLVersion: OpenSSL 1.1.1a  20 Nov 2018
    systemSec.pythonSSL: True
    systemTimeNumpySD1000000_sec: 0.0021
    systemUser: supadhy6
    systemUserID: 1903061739
    systemUserProcCount: 303
    systemUserProcFlagged: 'Google Chrome' mdworker Dropbox iTunes Safari
    systemUsersCount: 1
  #[[ Window ]] #---------
    windowWinType: pyglet
    windowUnits: deg
    windowSize_pix: [2880 1800]
    windowScreen: 0
    windowRgb: [255. 255. 255.]
    windowRefreshTimeSD_ms: 0.496
    windowRefreshTimeMedian_ms: 16.584
    windowRefreshTimeAvg_ms: 16.678
    windowPos_pix: [0.0, 0.0]
    windowMonitor.name: testmonitor
    windowMonitor.getWidth_cm: 52.0
    windowMonitor.getDistance_cm: 65.0
    windowMonitor.currentCalibName: 2019_01_28 08:48
    windowIsFullScr: True
  #[[ Python ]] #---------
    pythonVersion: 3.6.0
  #[[ OpenGL ]] #---------
#[ PsychoPy3 RuntimeInfoEnd ]

10.9518 	EXP 	Created text = TextStim(__class__=<class 'psychopy.visual.text.TextStim'>, alignHoriz='center', alignVert='center', antialias=True, autoLog=True, bold=False, color='black', colorSpace='named', contrast=1.0, depth=-1.0, flipHoriz=False, flipVert=False, font='Arial', fontFiles=[], height=0.5, italic=False, languageStyle='LTR', name='text', opacity=1.0, ori=0, pos=array([ 0., -5.]), rgb=array([0., 0., 0.]), text=str(...), units='deg', win=Window(...), wrapWidth=30)
11.9229 	EXP 	text: autoDraw = True
11.9229 	EXP 	text: text = 'Press SPACE for as long as you think the scene lasted'
12.4252 	EXP 	text: text = ''
14.1279 	DATA 	Keypress: space
14.1291 	EXP 	text: text = 'Space duration : 0.41'
15.1314 	EXP 	text: autoDraw = False
15.9216 	EXP 	text: autoDraw = True
15.9216 	EXP 	text: text = 'Press SPACE for as long as you think the scene lasted'
16.4241 	EXP 	text: text = ''
17.2526 	DATA 	Keypress: space
17.2562 	EXP 	text: text = 'Space duration : 0.64'
18.2583 	EXP 	text: autoDraw = False
19.0451 	EXP 	text: autoDraw = True
19.0451 	EXP 	text: text = 'Press SPACE for as long as you think the scene lasted'
19.3737 	DATA 	Keypress: space
19.5475 	EXP 	text: text = ''
19.9013 	EXP 	text: text = 'Space duration : 0.52'
20.9026 	EXP 	text: autoDraw = False
21.6886 	EXP 	text: autoDraw = True
21.6886 	EXP 	text: text = 'Press SPACE for as long as you think the scene lasted'
22.1909 	EXP 	text: text = ''
22.6080 	DATA 	Keypress: space
22.6089 	EXP 	text: text = 'Space duration : 0.38'
23.6108 	EXP 	text: autoDraw = False
24.3983 	EXP 	text: autoDraw = True
24.3983 	EXP 	text: text = 'Press SPACE for as long as you think the scene lasted'
24.7009 	DATA 	Keypress: space
24.9001 	EXP 	text: text = ''
25.0967 	EXP 	text: text = 'Space duration : 0.46'
26.0992 	EXP 	text: autoDraw = False
26.8853 	EXP 	text: autoDraw = True
26.8853 	EXP 	text: text = 'Press SPACE for as long as you think the scene lasted'
27.1874 	DATA 	Keypress: space
27.3868 	EXP 	text: text = ''
27.4476 	EXP 	text: text = 'Space duration : 0.34'
28.4492 	EXP 	text: autoDraw = False
29.0023 	DATA 	Keypress: space
29.2356 	EXP 	text: autoDraw = True
29.2356 	EXP 	text: text = 'Press SPACE for as long as you think the scene lasted'
29.7371 	EXP 	text: text = ''
29.7440 	EXP 	text: text = 'Space duration : 0.45'
30.7461 	EXP 	text: autoDraw = False
31.6032 	EXP 	text: autoDraw = True
31.6032 	EXP 	text: text = 'Press SPACE for as long as you think the scene lasted'
32.1055 	EXP 	text: text = ''
32.6756 	EXP 	window1: mouseVisible = True
