9.3344 	WARNING 	User requested fullscreen with size [2880 1800], but screen is actually [1440, 900]. Using actual size
10.4319 	INFO 	Successfully set darwin thread to realtime
11.4938 	INFO 	#[ PsychoPy3 RuntimeInfoStart ]
  #[[ PsychoPy ]] #---------
    psychopyVersion: 3.2.0
    psychopyHaveExtRush: True
  #[[ Experiment ]] #---------
    experimentRunTime: 2019_09_13 13:36 (Year_Month_Day Hour:Min)
    experimentRunTime.epoch: 1568396183
    experimentScript: eccentricity_dependent_duration_reproduction_using_spacebar.py
    experimentScript.digestSHA1: c91b9209474cc69cbee39e1aa5286c73a1b2eb15
    experimentScript.directory: /Volumes/My Passport/Github/spatio_temporal_information_processing/Time_Subjective_Expansion/Eccentricity_duration_interaction
  #[[ System ]] #---------
    systemHaveInternetAccess: True
    systemHostName: pbs-jf-aldi.local
    systemLocale: C
    systemMemFreeRAM: 6403.86328125
    systemMemTotalRAM: 16384.0
    systemPlatform: darwin 10.14.6 x86_64
    systemRavailable: R version 3.4.1 (2017-06-30) -- Single Candle
    systemRebooted: Sep 10 09:52
    systemSec.OpenSSLVersion: OpenSSL 1.1.1a  20 Nov 2018
    systemSec.pythonSSL: True
    systemTimeNumpySD1000000_sec: 0.0018
    systemUser: supadhy6
    systemUserID: 1903061739
    systemUserProcCount: 300
    systemUserProcFlagged: iTunes KeyNote mdworker Safari 'Google Chrome' Dropbox
    systemUsersCount: 1
  #[[ Window ]] #---------
    windowWinType: pyglet
    windowUnits: deg
    windowSize_pix: [2880 1800]
    windowScreen: 0
    windowRgb: [255. 255. 255.]
    windowRefreshTimeSD_ms: 1.212
    windowRefreshTimeMedian_ms: 16.664
    windowRefreshTimeAvg_ms: 16.670
    windowPos_pix: [0.0, 0.0]
    windowMonitor.name: testmonitor
    windowMonitor.getWidth_cm: 52.0
    windowMonitor.getDistance_cm: 65.0
    windowMonitor.currentCalibName: 2019_01_28 08:48
    windowIsFullScr: True
  #[[ Python ]] #---------
    pythonVersion: 3.6.0
  #[[ OpenGL ]] #---------
#[ PsychoPy3 RuntimeInfoEnd ]

11.5598 	EXP 	Created text = TextStim(__class__=<class 'psychopy.visual.text.TextStim'>, alignHoriz='center', alignVert='center', antialias=True, autoLog=True, bold=False, color='black', colorSpace='named', contrast=1.0, depth=-1.0, flipHoriz=False, flipVert=False, font='Arial', fontFiles=[], height=0.5, italic=False, languageStyle='LTR', name='text', opacity=1.0, ori=0, pos=array([ 0., -5.]), rgb=array([0., 0., 0.]), text=str(...), units='deg', win=Window(...), wrapWidth=30)
12.6545 	EXP 	text: autoDraw = True
12.6545 	EXP 	text: text = 'Press SPACE for as long as you think the scene lasted'
13.1566 	EXP 	text: text = ''
15.9202 	DATA 	Keypress: lcommand
15.9320 	DATA 	Keypress: space
15.9357 	EXP 	text: text = 'Space duration : 0.71'
16.9376 	EXP 	text: autoDraw = False
17.7234 	EXP 	text: autoDraw = True
17.7234 	EXP 	text: text = 'Press SPACE for as long as you think the scene lasted'
18.2257 	EXP 	text: text = ''
21.4358 	DATA 	Keypress: space
21.4380 	EXP 	text: text = 'Space duration : 0.81'
22.4395 	EXP 	text: autoDraw = False
22.9926 	DATA 	Keypress: space
23.2278 	EXP 	text: autoDraw = True
23.2278 	EXP 	text: text = 'Press SPACE for as long as you think the scene lasted'
23.7302 	EXP 	text: text = ''
23.7480 	EXP 	text: text = 'Space duration : 0.56'
24.7499 	EXP 	text: autoDraw = False
25.5331 	EXP 	text: autoDraw = True
25.5331 	EXP 	text: text = 'Press SPACE for as long as you think the scene lasted'
26.0348 	EXP 	text: text = ''
27.3626 	DATA 	Keypress: space
27.3648 	EXP 	text: text = 'Space duration : 0.74'
28.3671 	EXP 	text: autoDraw = False
29.1487 	EXP 	text: autoDraw = True
29.1487 	EXP 	text: text = 'Press SPACE for as long as you think the scene lasted'
29.6499 	EXP 	text: text = ''
34.0564 	EXP 	window1: mouseVisible = True
