9.9434 	ERROR 	Screen apparently NOT the desired resolution of 2560.0x1440.0 pixels!!
20.7161 	INFO 	Successfully set darwin thread to realtime
21.7764 	INFO 	#[ PsychoPy3 RuntimeInfoStart ]
  #[[ PsychoPy ]] #---------
    psychopyVersion: 3.2.3
    psychopyHaveExtRush: True
  #[[ Experiment ]] #---------
    experimentRunTime: 2020_02_10 13:09 (Year_Month_Day Hour:Min)
    experimentRunTime.epoch: 1581358143
    experimentScript: Experiment3_VisualNow.py
    experimentScript.digestSHA1: d9809d16847809e6dfe395c6203fb6fc0627eb5a
    experimentScript.directory: /Users/vsg/Documents/GitHub/spatio_temporal_information_processing/RSVP_visual_now
  #[[ System ]] #---------
    systemHaveInternetAccess: True
    systemHostName: pbs-jf-imac.win.ad.jhu.edu
    systemLocale: C
    systemMemFreeRAM: 2350.5625
    systemMemTotalRAM: 8192.0
    systemPlatform: darwin 10.13.6 x86_64
    systemPyoVersion: -
    systemRebooted: Feb 7 20:28
    systemSec.OpenSSLVersion: LibreSSL 2.2.7
    systemSec.pythonSSL: True
    systemTimeNumpySD1000000_sec: 0.0041
    systemUser: vsg
    systemUserID: 502
    systemUsersCount: 1
  #[[ Window ]] #---------
    windowWinType: pyglet
    windowUnits: deg
    windowSize_pix: [5120 2880]
    windowScreen: 0
    windowRgb: [-0.7 -0.7 -0.7]
    windowRefreshTimeSD_ms: 0.607
    windowRefreshTimeMedian_ms: 16.660
    windowRefreshTimeAvg_ms: 16.650
    windowPos_pix: [0.0, 0.0]
    windowMonitor.name: testmonitor
    windowMonitor.getWidth_cm: 64.8
    windowMonitor.getDistance_cm: 100.0
    windowMonitor.currentCalibName: 2020_02_04 15:59
    windowIsFullScr: True
  #[[ Python ]] #---------
    pythonVersion: 3.6.1
  #[[ OpenGL ]] #---------
#[ PsychoPy3 RuntimeInfoEnd ]

21.7772 	WARNING 	Could not load the desired click sound file, instead using manually created inferior click
21.8921 	EXP 	Created sequence: random, trialTypes=280, nReps=14, seed=None
22.0104 	INFO 	numtrials=280 and each trialDurFrames=156 or 2600.0 ms  task=T1
22.1780 	EXP 	Created text = TextStim(__class__=<class 'psychopy.visual.text.TextStim'>, alignHoriz='center', alignVert='center', antialias=True, autoLog=True, bold=False, color=array([1., 1., 1.]), colorSpace='rgb', contrast=1.0, depth=-1.0, flipHoriz=False, flipVert=False, font='Arial', fontFiles=[], height=0.5, italic=False, languageStyle='LTR', name='text', opacity=1.0, ori=0, pos=array([0., 0.]), rgb=array([1., 1., 1.]), text='', units='deg', win=Window(...), wrapWidth=30)
22.2715 	EXP 	text: text = "Welcome! Thank you for agreeing to participate in this study.\n\nYou will be presented with a Rapid Stream of letters. Your task is to identify one of the letters.\n\nYou will perform this task while fixating in the center. \n\nThe stream of letters is presented anywhere on the horizontal axis of the screen.\n\nThe letter in the stream that you're supposed to identify is accompanied by a probe that can also appear anywhere on the horizontal axis of the screen.\n\nThe probe is a circular disk that will be flashed for a very brief time.\n\nOnce you've identified the letter after the trial ends, type it out on the keyboard.\n\nIf you're feeling uncomfortable, you can press ESC key any time to stop the experiment.\n\nPress any key when you are ready to begin the experiment.\n\n"
22.2715 	EXP 	text: autoDraw = True
189.9176 	DATA 	Keypress: space
189.9186 	EXP 	text: autoDraw = False
189.9191 	INFO 	Experiment will have 280 trials. Letters will be drawn with superposed noise of0.00%
189.9192 	INFO 	Starting main (non-staircase) part of experiment
193.3019 	EXP 	window1: recordFrameIntervals = False
194.8715 	DATA 	Keypress: w
198.7553 	EXP 	window1: recordFrameIntervals = False
199.9238 	DATA 	Keypress: r
203.8903 	EXP 	window1: recordFrameIntervals = False
204.8419 	DATA 	Keypress: t
208.8750 	EXP 	window1: recordFrameIntervals = False
209.4271 	DATA 	Keypress: p
213.7254 	EXP 	window1: recordFrameIntervals = False
214.3116 	DATA 	Keypress: u
218.6275 	EXP 	window1: recordFrameIntervals = False
218.9457 	DATA 	Keypress: z
223.2456 	EXP 	window1: recordFrameIntervals = False
223.6966 	DATA 	Keypress: p
227.8637 	EXP 	window1: recordFrameIntervals = False
228.7159 	DATA 	Keypress: m
232.6480 	EXP 	window1: recordFrameIntervals = False
233.6495 	DATA 	Keypress: d
237.9503 	EXP 	window1: recordFrameIntervals = False
238.3681 	DATA 	Keypress: p
242.4019 	EXP 	window1: recordFrameIntervals = False
242.8202 	DATA 	Keypress: t
246.8363 	EXP 	window1: recordFrameIntervals = False
247.8885 	DATA 	Keypress: p
251.7551 	EXP 	window1: recordFrameIntervals = False
252.9726 	DATA 	Keypress: t
257.2567 	EXP 	window1: recordFrameIntervals = False
258.4917 	DATA 	Keypress: d
262.6091 	EXP 	window1: recordFrameIntervals = False
264.4113 	DATA 	Keypress: r
268.6763 	EXP 	window1: recordFrameIntervals = False
269.5286 	DATA 	Keypress: b
273.6452 	EXP 	window1: recordFrameIntervals = False
274.5150 	DATA 	Keypress: c
278.6958 	EXP 	window1: recordFrameIntervals = False
279.2491 	DATA 	Keypress: p
283.2982 	EXP 	window1: recordFrameIntervals = False
284.1674 	DATA 	Keypress: g
288.4495 	EXP 	window1: recordFrameIntervals = False
289.4359 	DATA 	Keypress: p
293.7348 	EXP 	window1: recordFrameIntervals = False
294.1879 	DATA 	Keypress: h
298.3535 	EXP 	window1: recordFrameIntervals = False
298.6712 	DATA 	Keypress: b
302.9378 	EXP 	window1: recordFrameIntervals = False
303.3726 	DATA 	Keypress: e
307.4070 	EXP 	window1: recordFrameIntervals = False
307.7243 	DATA 	Keypress: g
311.8075 	EXP 	window1: recordFrameIntervals = False
312.6421 	DATA 	Keypress: s
316.4926 	EXP 	window1: recordFrameIntervals = False
317.3602 	DATA 	Keypress: c
321.3650 	EXP 	window1: recordFrameIntervals = False
321.7795 	DATA 	Keypress: v
325.7786 	EXP 	window1: recordFrameIntervals = False
326.3801 	DATA 	Keypress: t
330.4646 	EXP 	window1: recordFrameIntervals = False
330.7828 	DATA 	Keypress: b
334.9831 	EXP 	window1: recordFrameIntervals = False
335.4517 	DATA 	Keypress: b
339.3841 	EXP 	window1: recordFrameIntervals = False
340.5685 	DATA 	Keypress: r
344.8195 	EXP 	window1: recordFrameIntervals = False
345.2039 	DATA 	Keypress: g
349.3044 	EXP 	window1: recordFrameIntervals = False
350.0717 	DATA 	Keypress: g
354.3058 	EXP 	window1: recordFrameIntervals = False
354.6410 	DATA 	Keypress: t
358.8234 	EXP 	window1: recordFrameIntervals = False
359.7424 	DATA 	Keypress: l
363.8085 	EXP 	window1: recordFrameIntervals = False
364.9598 	DATA 	Keypress: z
369.1436 	EXP 	window1: recordFrameIntervals = False
369.4950 	DATA 	Keypress: y
373.3431 	EXP 	window1: recordFrameIntervals = False
374.2134 	DATA 	Keypress: j
378.4793 	EXP 	window1: recordFrameIntervals = False
378.8655 	DATA 	Keypress: x
382.7137 	EXP 	window1: recordFrameIntervals = False
382.8149 	DATA 	Keypress: b
387.1321 	EXP 	window1: recordFrameIntervals = False
387.8170 	DATA 	Keypress: j
391.7499 	EXP 	window1: recordFrameIntervals = False
392.0682 	DATA 	Keypress: m
396.1512 	EXP 	window1: recordFrameIntervals = False
396.6033 	DATA 	Keypress: v
400.8375 	EXP 	window1: recordFrameIntervals = False
401.1885 	DATA 	Keypress: y
405.5049 	EXP 	window1: recordFrameIntervals = False
406.6060 	DATA 	Keypress: d
410.4562 	EXP 	window1: recordFrameIntervals = False
411.2747 	DATA 	Keypress: d
415.4590 	EXP 	window1: recordFrameIntervals = False
415.9926 	DATA 	Keypress: w
420.2274 	EXP 	window1: recordFrameIntervals = False
421.2777 	DATA 	Keypress: j
425.2120 	EXP 	window1: recordFrameIntervals = False
425.6639 	DATA 	Keypress: b
429.8973 	EXP 	window1: recordFrameIntervals = False
430.9316 	DATA 	Keypress: h
434.8487 	EXP 	window1: recordFrameIntervals = False
435.2825 	DATA 	Keypress: r
439.6158 	EXP 	window1: recordFrameIntervals = False
440.2682 	DATA 	Keypress: l
444.1847 	EXP 	window1: recordFrameIntervals = False
445.6024 	DATA 	Keypress: q
449.6532 	EXP 	window1: recordFrameIntervals = False
449.9884 	DATA 	Keypress: e
454.0383 	EXP 	window1: recordFrameIntervals = False
454.2725 	DATA 	Keypress: g
458.4554 	EXP 	window1: recordFrameIntervals = False
458.6898 	DATA 	Keypress: i
462.6229 	EXP 	window1: recordFrameIntervals = False
464.1265 	DATA 	Keypress: f
468.1755 	EXP 	window1: recordFrameIntervals = False
468.5424 	DATA 	Keypress: k
472.1443 	DATA 	Keypress: u
472.8432 	EXP 	window1: recordFrameIntervals = False
473.2109 	DATA 	Keypress: u
477.5278 	EXP 	window1: recordFrameIntervals = False
477.8953 	DATA 	Keypress: x
482.0632 	EXP 	window1: recordFrameIntervals = False
482.5311 	DATA 	Keypress: z
486.7643 	EXP 	window1: recordFrameIntervals = False
486.9994 	DATA 	Keypress: m
491.0325 	EXP 	window1: recordFrameIntervals = False
491.3671 	DATA 	Keypress: f
495.4181 	EXP 	window1: recordFrameIntervals = False
495.8030 	DATA 	Keypress: b
499.9029 	EXP 	window1: recordFrameIntervals = False
500.3044 	DATA 	Keypress: x
504.2372 	EXP 	window1: recordFrameIntervals = False
504.3556 	DATA 	Keypress: t
508.2882 	EXP 	window1: recordFrameIntervals = False
508.6726 	DATA 	Keypress: d
512.7063 	EXP 	window1: recordFrameIntervals = False
513.7080 	DATA 	Keypress: v
517.7909 	EXP 	window1: recordFrameIntervals = False
518.1424 	DATA 	Keypress: j
522.0260 	EXP 	window1: recordFrameIntervals = False
522.5274 	DATA 	Keypress: x
526.5104 	EXP 	window1: recordFrameIntervals = False
526.8618 	DATA 	Keypress: b
529.1476 	DATA 	Keypress: space
533.0800 	EXP 	window1: recordFrameIntervals = False
533.5641 	DATA 	Keypress: w
537.7978 	EXP 	window1: recordFrameIntervals = False
538.2825 	DATA 	Keypress: u
542.3659 	EXP 	window1: recordFrameIntervals = False
542.6840 	DATA 	Keypress: s
546.9005 	EXP 	window1: recordFrameIntervals = False
547.6196 	DATA 	Keypress: x
551.5526 	EXP 	window1: recordFrameIntervals = False
552.3537 	DATA 	Keypress: u
556.5370 	EXP 	window1: recordFrameIntervals = False
556.8384 	DATA 	Keypress: s
560.8385 	EXP 	window1: recordFrameIntervals = False
561.7400 	DATA 	Keypress: b
565.9566 	EXP 	window1: recordFrameIntervals = False
566.2916 	DATA 	Keypress: b
570.1427 	EXP 	window1: recordFrameIntervals = False
570.4602 	DATA 	Keypress: d
574.5608 	EXP 	window1: recordFrameIntervals = False
574.9122 	DATA 	Keypress: w
579.1118 	EXP 	window1: recordFrameIntervals = False
580.0136 	DATA 	Keypress: f
583.9473 	EXP 	window1: recordFrameIntervals = False
584.7321 	DATA 	Keypress: e
588.8309 	EXP 	window1: recordFrameIntervals = False
589.1002 	DATA 	Keypress: w
593.4321 	EXP 	window1: recordFrameIntervals = False
593.6833 	DATA 	Keypress: w
597.9171 	EXP 	window1: recordFrameIntervals = False
598.9037 	DATA 	Keypress: j
603.1519 	EXP 	window1: recordFrameIntervals = False
604.0049 	DATA 	Keypress: m
607.8869 	EXP 	window1: recordFrameIntervals = False
608.6216 	DATA 	Keypress: k
612.8881 	EXP 	window1: recordFrameIntervals = False
614.0584 	DATA 	Keypress: f
618.2737 	EXP 	window1: recordFrameIntervals = False
618.8585 	DATA 	Keypress: d
622.7755 	EXP 	window1: recordFrameIntervals = False
623.0600 	DATA 	Keypress: t
627.3935 	EXP 	window1: recordFrameIntervals = False
628.4119 	DATA 	Keypress: m
632.6003 	EXP 	window1: recordFrameIntervals = False
632.6006 	ERROR 	trialnum=92 ERROR,1 frames were longer than 21.67 ms apparently screen refreshes skipped, interframe durs were:[22.6] and was these frames: [115]
632.6007 	INFO 	flankers also=[10.8 22.6 10.8]
632.9337 	DATA 	Keypress: r
636.9294 	EXP 	window1: recordFrameIntervals = False
637.6982 	DATA 	Keypress: f
641.7648 	EXP 	window1: recordFrameIntervals = False
642.9000 	DATA 	Keypress: x
646.7672 	EXP 	window1: recordFrameIntervals = False
647.0343 	DATA 	Keypress: u
651.3182 	EXP 	window1: recordFrameIntervals = False
651.9195 	DATA 	Keypress: r
655.9694 	EXP 	window1: recordFrameIntervals = False
656.2716 	DATA 	Keypress: e
659.9399 	DATA 	Keypress: q
660.3717 	EXP 	window1: recordFrameIntervals = False
660.6395 	DATA 	Keypress: q
664.7400 	EXP 	window1: recordFrameIntervals = False
665.4081 	DATA 	Keypress: d
669.5753 	EXP 	window1: recordFrameIntervals = False
669.8099 	DATA 	Keypress: s
673.8417 	EXP 	window1: recordFrameIntervals = False
674.4780 	DATA 	Keypress: a
678.5438 	EXP 	window1: recordFrameIntervals = False
678.8612 	DATA 	Keypress: a
683.1449 	EXP 	window1: recordFrameIntervals = False
683.6291 	DATA 	Keypress: m
687.5965 	EXP 	window1: recordFrameIntervals = False
687.9314 	DATA 	Keypress: t
691.7807 	EXP 	window1: recordFrameIntervals = False
692.7990 	DATA 	Keypress: u
697.0329 	EXP 	window1: recordFrameIntervals = False
697.0671 	DATA 	Keypress: w
701.2342 	EXP 	window1: recordFrameIntervals = False
701.5188 	DATA 	Keypress: k
705.5521 	EXP 	window1: recordFrameIntervals = False
705.8040 	DATA 	Keypress: b
709.9546 	EXP 	window1: recordFrameIntervals = False
711.1051 	DATA 	Keypress: g
715.0228 	EXP 	window1: recordFrameIntervals = False
715.3411 	DATA 	Keypress: m
719.1910 	EXP 	window1: recordFrameIntervals = False
719.9762 	DATA 	Keypress: z
723.8243 	EXP 	window1: recordFrameIntervals = False
724.1944 	DATA 	Keypress: w
728.1426 	EXP 	window1: recordFrameIntervals = False
728.5450 	DATA 	Keypress: x
732.4275 	EXP 	window1: recordFrameIntervals = False
733.0291 	DATA 	Keypress: b
736.8790 	EXP 	window1: recordFrameIntervals = False
738.0805 	DATA 	Keypress: w
742.3811 	EXP 	window1: recordFrameIntervals = False
742.6657 	DATA 	Keypress: s
746.7988 	EXP 	window1: recordFrameIntervals = False
747.5349 	DATA 	Keypress: f
751.4171 	EXP 	window1: recordFrameIntervals = False
752.2022 	DATA 	Keypress: f
756.0693 	EXP 	window1: recordFrameIntervals = False
756.4033 	DATA 	Keypress: e
760.7047 	EXP 	window1: recordFrameIntervals = False
761.0726 	DATA 	Keypress: w
764.9224 	EXP 	window1: recordFrameIntervals = False
765.3068 	DATA 	Keypress: s
769.4570 	EXP 	window1: recordFrameIntervals = False
769.7420 	DATA 	Keypress: g
773.7240 	EXP 	window1: recordFrameIntervals = False
774.2606 	DATA 	Keypress: q
778.3420 	EXP 	window1: recordFrameIntervals = False
778.4437 	DATA 	Keypress: s
782.3315 	EXP 	window1: recordFrameIntervals = False
782.3318 	ERROR 	trialnum=125 ERROR,2 frames were longer than 21.67 ms apparently screen refreshes skipped, interframe durs were:[22.1 22.1] and was these frames: [89 93]
782.3320 	INFO 	flankers also=[15.9 22.1 16.  12.1 22.1 15.8]
782.6841 	DATA 	Keypress: e
786.6949 	EXP 	window1: recordFrameIntervals = False
787.5632 	DATA 	Keypress: q
791.6133 	EXP 	window1: recordFrameIntervals = False
792.0314 	DATA 	Keypress: g
795.9994 	EXP 	window1: recordFrameIntervals = False
796.8163 	DATA 	Keypress: r
800.9997 	EXP 	window1: recordFrameIntervals = False
801.3350 	DATA 	Keypress: a
805.5026 	EXP 	window1: recordFrameIntervals = False
805.6370 	DATA 	Keypress: s
809.6202 	EXP 	window1: recordFrameIntervals = False
809.7222 	DATA 	Keypress: v
813.7540 	EXP 	window1: recordFrameIntervals = False
814.3398 	DATA 	Keypress: c
818.6723 	EXP 	window1: recordFrameIntervals = False
819.3918 	DATA 	Keypress: w
823.6570 	EXP 	window1: recordFrameIntervals = False
824.4765 	DATA 	Keypress: z
828.4603 	DATA 	Keypress: r
828.5421 	EXP 	window1: recordFrameIntervals = False
829.0453 	DATA 	Keypress: r
833.3265 	EXP 	window1: recordFrameIntervals = False
833.6614 	DATA 	Keypress: e
837.6124 	EXP 	window1: recordFrameIntervals = False
838.2959 	DATA 	Keypress: n
842.3467 	EXP 	window1: recordFrameIntervals = False
843.0492 	DATA 	Keypress: d
847.0818 	EXP 	window1: recordFrameIntervals = False
848.2664 	DATA 	Keypress: t
852.1510 	DATA 	Keypress: x
852.2669 	EXP 	window1: recordFrameIntervals = False
852.6179 	DATA 	Keypress: x
854.8036 	DATA 	Keypress: space
858.9018 	EXP 	window1: recordFrameIntervals = False
859.1050 	DATA 	Keypress: i
863.1872 	EXP 	window1: recordFrameIntervals = False
863.8716 	DATA 	Keypress: a
867.8723 	EXP 	window1: recordFrameIntervals = False
868.7236 	DATA 	Keypress: c
872.5732 	EXP 	window1: recordFrameIntervals = False
873.5078 	DATA 	Keypress: e
877.6078 	EXP 	window1: recordFrameIntervals = False
878.8102 	DATA 	Keypress: e
882.7260 	EXP 	window1: recordFrameIntervals = False
883.6106 	DATA 	Keypress: x
887.9114 	EXP 	window1: recordFrameIntervals = False
888.6638 	DATA 	Keypress: h
892.8805 	EXP 	window1: recordFrameIntervals = False
893.2808 	DATA 	Keypress: d
897.4811 	EXP 	window1: recordFrameIntervals = False
897.9323 	DATA 	Keypress: n
901.5672 	DATA 	Keypress: a
901.9503 	DATA 	Keypress: a
902.0160 	EXP 	window1: recordFrameIntervals = False
902.3504 	DATA 	Keypress: a
906.6178 	EXP 	window1: recordFrameIntervals = False
907.3525 	DATA 	Keypress: h
911.4194 	EXP 	window1: recordFrameIntervals = False
912.6043 	DATA 	Keypress: k
916.5871 	EXP 	window1: recordFrameIntervals = False
916.6723 	DATA 	Keypress: j
920.8223 	EXP 	window1: recordFrameIntervals = False
936.7453 	DATA 	Keypress: j
940.8965 	EXP 	window1: recordFrameIntervals = False
941.7639 	DATA 	Keypress: y
946.0644 	EXP 	window1: recordFrameIntervals = False
946.2659 	DATA 	Keypress: f
950.1491 	EXP 	window1: recordFrameIntervals = False
950.4521 	DATA 	Keypress: j
954.6511 	EXP 	window1: recordFrameIntervals = False
954.9865 	DATA 	Keypress: l
958.8674 	EXP 	window1: recordFrameIntervals = False
959.6706 	DATA 	Keypress: h
963.6025 	EXP 	window1: recordFrameIntervals = False
963.9869 	DATA 	Keypress: m
968.2707 	EXP 	window1: recordFrameIntervals = False
968.5558 	DATA 	Keypress: e
972.6060 	EXP 	window1: recordFrameIntervals = False
972.9073 	DATA 	Keypress: k
976.9916 	DATA 	Keypress: s
977.1073 	EXP 	window1: recordFrameIntervals = False
977.4752 	DATA 	Keypress: s
981.5084 	EXP 	window1: recordFrameIntervals = False
981.8765 	DATA 	Keypress: d
985.7777 	EXP 	window1: recordFrameIntervals = False
986.6293 	DATA 	Keypress: r
990.5958 	EXP 	window1: recordFrameIntervals = False
990.9802 	DATA 	Keypress: a
995.2305 	EXP 	window1: recordFrameIntervals = False
995.7157 	DATA 	Keypress: x
999.7819 	EXP 	window1: recordFrameIntervals = False
1000.1508 	DATA 	Keypress: g
1004.0505 	EXP 	window1: recordFrameIntervals = False
1004.4018 	DATA 	Keypress: r
1008.3683 	DATA 	Keypress: e
1008.5340 	EXP 	window1: recordFrameIntervals = False
1008.8021 	DATA 	Keypress: e
1012.7185 	EXP 	window1: recordFrameIntervals = False
1014.3379 	DATA 	Keypress: q
1018.4205 	EXP 	window1: recordFrameIntervals = False
1019.0567 	DATA 	Keypress: g
1023.3390 	EXP 	window1: recordFrameIntervals = False
1024.4422 	DATA 	Keypress: h
1028.3402 	EXP 	window1: recordFrameIntervals = False
1029.4434 	DATA 	Keypress: v
1033.6085 	EXP 	window1: recordFrameIntervals = False
1034.0617 	DATA 	Keypress: y
1038.3271 	EXP 	window1: recordFrameIntervals = False
1038.6949 	DATA 	Keypress: d
1043.0121 	EXP 	window1: recordFrameIntervals = False
1043.0464 	DATA 	Keypress: f
1046.8962 	EXP 	window1: recordFrameIntervals = False
1047.4484 	DATA 	Keypress: s
1051.7815 	EXP 	window1: recordFrameIntervals = False
1052.0499 	DATA 	Keypress: l
1056.1675 	EXP 	window1: recordFrameIntervals = False
1057.4353 	DATA 	Keypress: e
1061.3848 	EXP 	window1: recordFrameIntervals = False
1061.7023 	DATA 	Keypress: g
1065.9035 	EXP 	window1: recordFrameIntervals = False
1066.3205 	DATA 	Keypress: p
1070.6548 	EXP 	window1: recordFrameIntervals = False
1070.9558 	DATA 	Keypress: k
1074.9729 	EXP 	window1: recordFrameIntervals = False
1076.1243 	DATA 	Keypress: r
1080.1919 	EXP 	window1: recordFrameIntervals = False
1081.0086 	DATA 	Keypress: b
1084.8761 	EXP 	window1: recordFrameIntervals = False
1085.3274 	DATA 	Keypress: f
1089.5283 	EXP 	window1: recordFrameIntervals = False
1089.8462 	DATA 	Keypress: w
1094.1465 	EXP 	window1: recordFrameIntervals = False
1095.2481 	DATA 	Keypress: g
1099.1152 	EXP 	window1: recordFrameIntervals = False
1100.2326 	DATA 	Keypress: q
1104.4331 	EXP 	window1: recordFrameIntervals = False
1104.9336 	DATA 	Keypress: m
1109.1345 	EXP 	window1: recordFrameIntervals = False
1110.2030 	DATA 	Keypress: p
1114.0860 	EXP 	window1: recordFrameIntervals = False
1114.7043 	DATA 	Keypress: d
1118.8700 	EXP 	window1: recordFrameIntervals = False
1119.9223 	DATA 	Keypress: e
1123.9885 	EXP 	window1: recordFrameIntervals = False
1124.7419 	DATA 	Keypress: b
1129.0745 	EXP 	window1: recordFrameIntervals = False
1129.4757 	DATA 	Keypress: f
1133.5410 	EXP 	window1: recordFrameIntervals = False
1133.6925 	DATA 	Keypress: p
1137.6094 	EXP 	window1: recordFrameIntervals = False
1138.7608 	DATA 	Keypress: t
1142.6948 	EXP 	window1: recordFrameIntervals = False
1143.9839 	DATA 	Keypress: y
1147.8807 	DATA 	Keypress: r
1148.2808 	DATA 	Keypress: r
1148.2815 	EXP 	window1: recordFrameIntervals = False
1148.6803 	DATA 	Keypress: r
1152.8642 	EXP 	window1: recordFrameIntervals = False
1153.2993 	DATA 	Keypress: k
1157.2822 	EXP 	window1: recordFrameIntervals = False
1157.6336 	DATA 	Keypress: f
1161.7846 	EXP 	window1: recordFrameIntervals = False
1162.7028 	DATA 	Keypress: y
1166.8188 	EXP 	window1: recordFrameIntervals = False
1167.7364 	DATA 	Keypress: b
1171.5869 	EXP 	window1: recordFrameIntervals = False
1171.6724 	DATA 	Keypress: b
1175.5561 	EXP 	window1: recordFrameIntervals = False
1177.1737 	DATA 	Keypress: w
1181.0579 	DATA 	Keypress: r
1181.0586 	EXP 	window1: recordFrameIntervals = False
1181.4917 	DATA 	Keypress: r
1185.5098 	EXP 	window1: recordFrameIntervals = False
1186.0931 	DATA 	Keypress: p
1190.1273 	EXP 	window1: recordFrameIntervals = False
1190.7285 	DATA 	Keypress: x
1194.9792 	EXP 	window1: recordFrameIntervals = False
1195.3640 	DATA 	Keypress: w
1199.3305 	EXP 	window1: recordFrameIntervals = False
1200.3153 	DATA 	Keypress: m
1201.6117 	DATA 	Keypress: space
1205.0500 	DATA 	Keypress: h
1205.7671 	DATA 	Keypress: h
1205.7832 	EXP 	window1: recordFrameIntervals = False
1206.1173 	DATA 	Keypress: h
1209.9841 	EXP 	window1: recordFrameIntervals = False
1211.0524 	DATA 	Keypress: s
1215.1353 	EXP 	window1: recordFrameIntervals = False
1215.4203 	DATA 	Keypress: r
1219.2380 	DATA 	Keypress: f
1219.3537 	EXP 	window1: recordFrameIntervals = False
1219.6719 	DATA 	Keypress: f
1223.5538 	EXP 	window1: recordFrameIntervals = False
1223.6886 	DATA 	Keypress: s
1227.9063 	EXP 	window1: recordFrameIntervals = False
1228.9905 	DATA 	Keypress: h
1233.1573 	EXP 	window1: recordFrameIntervals = False
1234.0589 	DATA 	Keypress: t
1238.0591 	EXP 	window1: recordFrameIntervals = False
1238.3940 	DATA 	Keypress: r
1242.2642 	EXP 	window1: recordFrameIntervals = False
1242.2645 	ERROR 	trialnum=219 ERROR,1 frames were longer than 21.67 ms apparently screen refreshes skipped, interframe durs were:[21.8] and was these frames: [69]
1242.2646 	INFO 	flankers also=[15.8 21.8 16.1]
1242.5824 	DATA 	Keypress: b
1246.1956 	DATA 	Keypress: z
1246.5457 	DATA 	Keypress: z
1246.7449 	EXP 	window1: recordFrameIntervals = False
1246.8294 	DATA 	Keypress: z
1250.7626 	EXP 	window1: recordFrameIntervals = False
1251.5809 	DATA 	Keypress: y
1255.7656 	EXP 	window1: recordFrameIntervals = False
1256.3834 	DATA 	Keypress: z
1260.3503 	EXP 	window1: recordFrameIntervals = False
1261.1011 	DATA 	Keypress: c
1264.9683 	EXP 	window1: recordFrameIntervals = False
1266.1527 	DATA 	Keypress: x
1270.2537 	EXP 	window1: recordFrameIntervals = False
1270.2887 	DATA 	Keypress: k
1273.8549 	DATA 	Keypress: s
1274.3051 	EXP 	window1: recordFrameIntervals = False
1274.6230 	DATA 	Keypress: a
1278.3233 	DATA 	Keypress: h
1278.4718 	EXP 	window1: recordFrameIntervals = False
1278.7393 	DATA 	Keypress: h
1280.3531 	DATA 	Keypress: rctrl
1283.0733 	EXP 	window1: recordFrameIntervals = False
1284.0748 	DATA 	Keypress: h
1287.7926 	DATA 	Keypress: g
1288.3913 	EXP 	window1: recordFrameIntervals = False
1288.6765 	DATA 	Keypress: g
1292.8266 	EXP 	window1: recordFrameIntervals = False
1293.6611 	DATA 	Keypress: b
1297.8949 	EXP 	window1: recordFrameIntervals = False
1298.7632 	DATA 	Keypress: d
1302.7131 	EXP 	window1: recordFrameIntervals = False
1303.5479 	DATA 	Keypress: f
1307.4648 	EXP 	window1: recordFrameIntervals = False
1308.0989 	DATA 	Keypress: v
1311.9502 	DATA 	Keypress: a
1311.9998 	EXP 	window1: recordFrameIntervals = False
1312.2841 	DATA 	Keypress: a
1316.4174 	EXP 	window1: recordFrameIntervals = False
1316.8196 	DATA 	Keypress: r
1321.0704 	EXP 	window1: recordFrameIntervals = False
1321.5878 	DATA 	Keypress: g
1325.5385 	EXP 	window1: recordFrameIntervals = False
1326.0567 	DATA 	Keypress: g
1330.1066 	EXP 	window1: recordFrameIntervals = False
1330.9070 	DATA 	Keypress: a
1335.0412 	EXP 	window1: recordFrameIntervals = False
1335.7596 	DATA 	Keypress: f
1339.7931 	EXP 	window1: recordFrameIntervals = False
1340.0947 	DATA 	Keypress: w
1344.2445 	EXP 	window1: recordFrameIntervals = False
1345.3962 	DATA 	Keypress: u
1349.5461 	EXP 	window1: recordFrameIntervals = False
1350.7318 	DATA 	Keypress: q
1354.6815 	EXP 	window1: recordFrameIntervals = False
1355.1156 	DATA 	Keypress: y
1359.0475 	EXP 	window1: recordFrameIntervals = False
1359.5669 	DATA 	Keypress: p
1363.6327 	EXP 	window1: recordFrameIntervals = False
1364.2852 	DATA 	Keypress: p
1368.2179 	EXP 	window1: recordFrameIntervals = False
1368.6024 	DATA 	Keypress: g
1372.8191 	EXP 	window1: recordFrameIntervals = False
1373.2038 	DATA 	Keypress: a
1377.2538 	EXP 	window1: recordFrameIntervals = False
1378.1562 	DATA 	Keypress: n
1382.1572 	DATA 	Keypress: g
1382.2887 	EXP 	window1: recordFrameIntervals = False
1382.4899 	DATA 	Keypress: g
1386.8238 	EXP 	window1: recordFrameIntervals = False
1387.2082 	DATA 	Keypress: l
1391.4584 	EXP 	window1: recordFrameIntervals = False
1391.7444 	DATA 	Keypress: t
1395.7934 	EXP 	window1: recordFrameIntervals = False
1397.2450 	DATA 	Keypress: t
1401.2287 	EXP 	window1: recordFrameIntervals = False
1402.3638 	DATA 	Keypress: s
1406.4300 	EXP 	window1: recordFrameIntervals = False
1406.7652 	DATA 	Keypress: m
1411.0982 	EXP 	window1: recordFrameIntervals = False
1411.5178 	DATA 	Keypress: u
1415.4008 	EXP 	window1: recordFrameIntervals = False
1416.1357 	DATA 	Keypress: m
1420.2526 	EXP 	window1: recordFrameIntervals = False
1420.7363 	DATA 	Keypress: g
1424.2883 	DATA 	Keypress: p
1424.7210 	EXP 	window1: recordFrameIntervals = False
1424.7551 	DATA 	Keypress: p
1428.6875 	EXP 	window1: recordFrameIntervals = False
1429.0720 	DATA 	Keypress: y
1432.9886 	EXP 	window1: recordFrameIntervals = False
1433.5237 	DATA 	Keypress: x
1437.5399 	EXP 	window1: recordFrameIntervals = False
1437.8591 	DATA 	Keypress: p
1441.7249 	EXP 	window1: recordFrameIntervals = False
1442.0437 	DATA 	Keypress: t
1446.0601 	EXP 	window1: recordFrameIntervals = False
1446.3778 	DATA 	Keypress: s
1450.3285 	EXP 	window1: recordFrameIntervals = False
1450.6299 	DATA 	Keypress: y
1454.6468 	EXP 	window1: recordFrameIntervals = False
1455.4643 	DATA 	Keypress: k
1459.4151 	EXP 	window1: recordFrameIntervals = False
1460.1332 	DATA 	Keypress: e
1463.9821 	EXP 	window1: recordFrameIntervals = False
1464.3518 	DATA 	Keypress: s
1468.4006 	EXP 	window1: recordFrameIntervals = False
1468.8347 	DATA 	Keypress: l
1472.6028 	DATA 	Keypress: r
1472.7848 	EXP 	window1: recordFrameIntervals = False
1473.0199 	DATA 	Keypress: r
1477.0198 	EXP 	window1: recordFrameIntervals = False
1477.4213 	DATA 	Keypress: e
1481.3042 	EXP 	window1: recordFrameIntervals = False
1481.6728 	DATA 	Keypress: k
1485.7066 	EXP 	window1: recordFrameIntervals = False
1486.1911 	DATA 	Keypress: d
1490.1255 	EXP 	window1: recordFrameIntervals = False
1491.2432 	DATA 	Keypress: p
1495.3101 	EXP 	window1: recordFrameIntervals = False
1496.0443 	DATA 	Keypress: f
1500.1945 	EXP 	window1: recordFrameIntervals = False
1500.4629 	DATA 	Keypress: y
1504.5464 	EXP 	window1: recordFrameIntervals = False
1505.0145 	DATA 	Keypress: m
1509.2479 	EXP 	window1: recordFrameIntervals = False
1509.4665 	DATA 	Keypress: d
1513.5150 	EXP 	window1: recordFrameIntervals = False
1513.9002 	DATA 	Keypress: n
1518.0994 	EXP 	window1: recordFrameIntervals = False
1518.5176 	DATA 	Keypress: j
1519.0344 	INFO 	Finishing at 13:34 on 10 Feb 2020
1519.4341 	EXP 	window1: mouseVisible = True
