8.8511 	ERROR 	Screen apparently NOT the desired resolution of 2560.0x1440.0 pixels!!
14.0763 	INFO 	Successfully set darwin thread to realtime
15.1334 	INFO 	#[ PsychoPy3 RuntimeInfoStart ]
  #[[ PsychoPy ]] #---------
    psychopyVersion: 3.2.3
    psychopyHaveExtRush: True
  #[[ Experiment ]] #---------
    experimentRunTime: 2020_02_10 15:46 (Year_Month_Day Hour:Min)
    experimentRunTime.epoch: 1581367579
    experimentScript: Experiment3_VisualNow.py
    experimentScript.digestSHA1: d9809d16847809e6dfe395c6203fb6fc0627eb5a
    experimentScript.directory: /Users/vsg/Documents/GitHub/spatio_temporal_information_processing/RSVP_visual_now
  #[[ System ]] #---------
    systemHaveInternetAccess: True
    systemHostName: pbs-jf-imac.win.ad.jhu.edu
    systemLocale: C
    systemMemFreeRAM: 2180.16796875
    systemMemTotalRAM: 8192.0
    systemPlatform: darwin 10.13.6 x86_64
    systemPyoVersion: -
    systemRebooted: Feb 7 20:28
    systemSec.OpenSSLVersion: LibreSSL 2.2.7
    systemSec.pythonSSL: True
    systemTimeNumpySD1000000_sec: 0.0041
    systemUser: vsg
    systemUserID: 502
    systemUsersCount: 1
  #[[ Window ]] #---------
    windowWinType: pyglet
    windowUnits: deg
    windowSize_pix: [5120 2880]
    windowScreen: 0
    windowRgb: [-0.7 -0.7 -0.7]
    windowRefreshTimeSD_ms: 0.280
    windowRefreshTimeMedian_ms: 16.643
    windowRefreshTimeAvg_ms: 16.693
    windowPos_pix: [0.0, 0.0]
    windowMonitor.name: testmonitor
    windowMonitor.getWidth_cm: 64.8
    windowMonitor.getDistance_cm: 100.0
    windowMonitor.currentCalibName: 2020_02_04 15:59
    windowIsFullScr: True
  #[[ Python ]] #---------
    pythonVersion: 3.6.1
  #[[ OpenGL ]] #---------
#[ PsychoPy3 RuntimeInfoEnd ]

15.1342 	WARNING 	Could not load the desired click sound file, instead using manually created inferior click
15.2505 	EXP 	Created sequence: random, trialTypes=280, nReps=14, seed=None
15.3663 	INFO 	numtrials=280 and each trialDurFrames=156 or 2600.0 ms  task=T1
15.5342 	EXP 	Created text = TextStim(__class__=<class 'psychopy.visual.text.TextStim'>, alignHoriz='center', alignVert='center', antialias=True, autoLog=True, bold=False, color=array([1., 1., 1.]), colorSpace='rgb', contrast=1.0, depth=-1.0, flipHoriz=False, flipVert=False, font='Arial', fontFiles=[], height=0.5, italic=False, languageStyle='LTR', name='text', opacity=1.0, ori=0, pos=array([0., 0.]), rgb=array([1., 1., 1.]), text='', units='deg', win=Window(...), wrapWidth=30)
15.6270 	EXP 	text: text = "Welcome! Thank you for agreeing to participate in this study.\n\nYou will be presented with a Rapid Stream of letters. Your task is to identify one of the letters.\n\nYou will perform this task while fixating in the center. \n\nThe stream of letters is presented anywhere on the horizontal axis of the screen.\n\nThe letter in the stream that you're supposed to identify is accompanied by a probe that can also appear anywhere on the horizontal axis of the screen.\n\nThe probe is a circular disk that will be flashed for a very brief time.\n\nOnce you've identified the letter after the trial ends, type it out on the keyboard.\n\nIf you're feeling uncomfortable, you can press ESC key any time to stop the experiment.\n\nPress any key when you are ready to begin the experiment.\n\n"
15.6270 	EXP 	text: autoDraw = True
205.4286 	DATA 	Keypress: l
205.4295 	EXP 	text: autoDraw = False
205.4300 	INFO 	Experiment will have 280 trials. Letters will be drawn with superposed noise of0.00%
205.4300 	INFO 	Starting main (non-staircase) part of experiment
209.0478 	EXP 	window1: recordFrameIntervals = False
211.1522 	DATA 	Keypress: s
215.2019 	EXP 	window1: recordFrameIntervals = False
217.1193 	DATA 	Keypress: d
221.3535 	EXP 	window1: recordFrameIntervals = False
223.0220 	DATA 	Keypress: u
227.2048 	EXP 	window1: recordFrameIntervals = False
228.5900 	DATA 	Keypress: s
232.7898 	EXP 	window1: recordFrameIntervals = False
234.2244 	DATA 	Keypress: a
238.5593 	EXP 	window1: recordFrameIntervals = False
239.7441 	DATA 	Keypress: g
243.8767 	EXP 	window1: recordFrameIntervals = False
245.2799 	DATA 	Keypress: k
249.3451 	EXP 	window1: recordFrameIntervals = False
252.1472 	DATA 	Keypress: z
256.3314 	EXP 	window1: recordFrameIntervals = False
258.0666 	DATA 	Keypress: p
262.0656 	EXP 	window1: recordFrameIntervals = False
264.0679 	DATA 	Keypress: w
268.1182 	EXP 	window1: recordFrameIntervals = False
269.2195 	DATA 	Keypress: p
273.2192 	EXP 	window1: recordFrameIntervals = False
274.5210 	DATA 	Keypress: j
278.7215 	EXP 	window1: recordFrameIntervals = False
280.0577 	DATA 	Keypress: u
283.9228 	EXP 	window1: recordFrameIntervals = False
284.9425 	DATA 	Keypress: p
289.1411 	EXP 	window1: recordFrameIntervals = False
290.2104 	DATA 	Keypress: a
294.4268 	EXP 	window1: recordFrameIntervals = False
295.9126 	DATA 	Keypress: a
299.9626 	EXP 	window1: recordFrameIntervals = False
301.3981 	DATA 	Keypress: u
305.5148 	EXP 	window1: recordFrameIntervals = False
306.3814 	DATA 	Keypress: a
310.2661 	EXP 	window1: recordFrameIntervals = False
312.0176 	DATA 	Keypress: s
316.2166 	EXP 	window1: recordFrameIntervals = False
317.6688 	DATA 	Keypress: p
321.8567 	EXP 	window1: recordFrameIntervals = False
323.0581 	DATA 	Keypress: u
327.2703 	EXP 	window1: recordFrameIntervals = False
328.3893 	DATA 	Keypress: a
332.4725 	EXP 	window1: recordFrameIntervals = False
333.4240 	DATA 	Keypress: j
337.6569 	EXP 	window1: recordFrameIntervals = False
338.9254 	DATA 	Keypress: x
343.0752 	EXP 	window1: recordFrameIntervals = False
344.1774 	DATA 	Keypress: m
348.3608 	EXP 	window1: recordFrameIntervals = False
349.7636 	DATA 	Keypress: j
353.6956 	EXP 	window1: recordFrameIntervals = False
355.4481 	DATA 	Keypress: r
359.7300 	EXP 	window1: recordFrameIntervals = False
361.0005 	DATA 	Keypress: z
364.8503 	EXP 	window1: recordFrameIntervals = False
366.5849 	DATA 	Keypress: m
370.7357 	EXP 	window1: recordFrameIntervals = False
371.8860 	DATA 	Keypress: f
376.1208 	EXP 	window1: recordFrameIntervals = False
377.4386 	DATA 	Keypress: w
381.4380 	EXP 	window1: recordFrameIntervals = False
384.7237 	DATA 	Keypress: c
388.7904 	EXP 	window1: recordFrameIntervals = False
390.1100 	DATA 	Keypress: r
394.3257 	EXP 	window1: recordFrameIntervals = False
395.8614 	DATA 	Keypress: a
399.9620 	EXP 	window1: recordFrameIntervals = False
401.5470 	DATA 	Keypress: p
405.8635 	EXP 	window1: recordFrameIntervals = False
408.0481 	DATA 	Keypress: r
412.0148 	EXP 	window1: recordFrameIntervals = False
415.0014 	DATA 	Keypress: w
418.8504 	EXP 	window1: recordFrameIntervals = False
419.9030 	DATA 	Keypress: b
423.9515 	EXP 	window1: recordFrameIntervals = False
425.3211 	DATA 	Keypress: a
429.4198 	EXP 	window1: recordFrameIntervals = False
430.7063 	DATA 	Keypress: p
434.8562 	EXP 	window1: recordFrameIntervals = False
436.1585 	DATA 	Keypress: x
440.3757 	EXP 	window1: recordFrameIntervals = False
441.9756 	DATA 	Keypress: d
445.9265 	EXP 	window1: recordFrameIntervals = False
447.2938 	DATA 	Keypress: h
451.4271 	EXP 	window1: recordFrameIntervals = False
452.6124 	DATA 	Keypress: m
456.5624 	EXP 	window1: recordFrameIntervals = False
457.7805 	DATA 	Keypress: f
461.6317 	EXP 	window1: recordFrameIntervals = False
462.8000 	DATA 	Keypress: w
466.7989 	EXP 	window1: recordFrameIntervals = False
468.0844 	DATA 	Keypress: k
472.3673 	EXP 	window1: recordFrameIntervals = False
473.8368 	DATA 	Keypress: z
477.6867 	EXP 	window1: recordFrameIntervals = False
479.3211 	DATA 	Keypress: f
483.4877 	EXP 	window1: recordFrameIntervals = False
484.8242 	DATA 	Keypress: g
488.7062 	EXP 	window1: recordFrameIntervals = False
489.8253 	DATA 	Keypress: d
493.7758 	EXP 	window1: recordFrameIntervals = False
494.9778 	DATA 	Keypress: s
499.2765 	EXP 	window1: recordFrameIntervals = False
501.1783 	DATA 	Keypress: n
505.3460 	EXP 	window1: recordFrameIntervals = False
506.4464 	DATA 	Keypress: t
510.6812 	EXP 	window1: recordFrameIntervals = False
511.7826 	DATA 	Keypress: a
516.0164 	EXP 	window1: recordFrameIntervals = False
517.6004 	DATA 	Keypress: n
521.6838 	EXP 	window1: recordFrameIntervals = False
523.5362 	DATA 	Keypress: a
527.5353 	EXP 	window1: recordFrameIntervals = False
529.3548 	DATA 	Keypress: m
533.5037 	EXP 	window1: recordFrameIntervals = False
535.2072 	DATA 	Keypress: s
539.4058 	EXP 	window1: recordFrameIntervals = False
540.4754 	DATA 	Keypress: r
544.3411 	EXP 	window1: recordFrameIntervals = False
545.5106 	DATA 	Keypress: g
549.4093 	EXP 	window1: recordFrameIntervals = False
550.8458 	DATA 	Keypress: r
555.0789 	EXP 	window1: recordFrameIntervals = False
556.2309 	DATA 	Keypress: p
560.5139 	EXP 	window1: recordFrameIntervals = False
561.6813 	DATA 	Keypress: r
565.9824 	EXP 	window1: recordFrameIntervals = False
568.6177 	DATA 	Keypress: s
572.7840 	EXP 	window1: recordFrameIntervals = False
575.9872 	DATA 	Keypress: r
580.2040 	EXP 	window1: recordFrameIntervals = False
581.5887 	DATA 	Keypress: p
585.6394 	EXP 	window1: recordFrameIntervals = False
586.9729 	DATA 	Keypress: y
591.1729 	EXP 	window1: recordFrameIntervals = False
592.3925 	DATA 	Keypress: z
596.7080 	EXP 	window1: recordFrameIntervals = False
599.2267 	DATA 	Keypress: a
603.4436 	EXP 	window1: recordFrameIntervals = False
604.7781 	DATA 	Keypress: y
625.5792 	DATA 	Keypress: space
629.4390 	EXP 	window1: recordFrameIntervals = False
631.1542 	DATA 	Keypress: x
635.2382 	EXP 	window1: recordFrameIntervals = False
636.6397 	DATA 	Keypress: j
640.9235 	EXP 	window1: recordFrameIntervals = False
642.3072 	DATA 	Keypress: f
646.2250 	EXP 	window1: recordFrameIntervals = False
647.2593 	DATA 	Keypress: a
651.4094 	EXP 	window1: recordFrameIntervals = False
652.7617 	DATA 	Keypress: b
656.6442 	EXP 	window1: recordFrameIntervals = False
657.6630 	DATA 	Keypress: p
661.9296 	EXP 	window1: recordFrameIntervals = False
663.2310 	DATA 	Keypress: m
667.4489 	EXP 	window1: recordFrameIntervals = False
668.4493 	DATA 	Keypress: c
672.6994 	EXP 	window1: recordFrameIntervals = False
673.8516 	DATA 	Keypress: a
677.7180 	EXP 	window1: recordFrameIntervals = False
679.0859 	DATA 	Keypress: m
683.3697 	EXP 	window1: recordFrameIntervals = False
684.7716 	DATA 	Keypress: s
688.6545 	EXP 	window1: recordFrameIntervals = False
693.2748 	DATA 	Keypress: p
697.5076 	EXP 	window1: recordFrameIntervals = False
698.5923 	DATA 	Keypress: a
702.5258 	EXP 	window1: recordFrameIntervals = False
703.8935 	DATA 	Keypress: w
707.8945 	EXP 	window1: recordFrameIntervals = False
709.0793 	DATA 	Keypress: h
713.0957 	EXP 	window1: recordFrameIntervals = False
714.0977 	DATA 	Keypress: x
718.1976 	EXP 	window1: recordFrameIntervals = False
719.2161 	DATA 	Keypress: f
723.4990 	EXP 	window1: recordFrameIntervals = False
725.9194 	DATA 	Keypress: u
730.2527 	EXP 	window1: recordFrameIntervals = False
731.9537 	DATA 	Keypress: d
736.1546 	EXP 	window1: recordFrameIntervals = False
737.9394 	DATA 	Keypress: q
742.0891 	EXP 	window1: recordFrameIntervals = False
744.3907 	DATA 	Keypress: t
748.4905 	EXP 	window1: recordFrameIntervals = False
750.4274 	DATA 	Keypress: s
754.4257 	EXP 	window1: recordFrameIntervals = False
755.6624 	DATA 	Keypress: b
759.5451 	EXP 	window1: recordFrameIntervals = False
761.0137 	DATA 	Keypress: t
765.2136 	EXP 	window1: recordFrameIntervals = False
766.4979 	DATA 	Keypress: b
770.3656 	EXP 	window1: recordFrameIntervals = False
771.3669 	DATA 	Keypress: t
775.5008 	EXP 	window1: recordFrameIntervals = False
776.4512 	DATA 	Keypress: r
780.3021 	EXP 	window1: recordFrameIntervals = False
781.3876 	DATA 	Keypress: t
785.3204 	EXP 	window1: recordFrameIntervals = False
787.5382 	DATA 	Keypress: c
791.3880 	EXP 	window1: recordFrameIntervals = False
792.5564 	DATA 	Keypress: s
796.4400 	EXP 	window1: recordFrameIntervals = False
797.0585 	DATA 	Keypress: z
801.0754 	EXP 	window1: recordFrameIntervals = False
803.2940 	DATA 	Keypress: s
807.5767 	EXP 	window1: recordFrameIntervals = False
808.8452 	DATA 	Keypress: u
813.1281 	EXP 	window1: recordFrameIntervals = False
814.2803 	DATA 	Keypress: m
818.4304 	EXP 	window1: recordFrameIntervals = False
819.7646 	DATA 	Keypress: f
823.9657 	EXP 	window1: recordFrameIntervals = False
825.0842 	DATA 	Keypress: c
829.4000 	EXP 	window1: recordFrameIntervals = False
830.6701 	DATA 	Keypress: w
834.5856 	EXP 	window1: recordFrameIntervals = False
835.7718 	DATA 	Keypress: y
839.9546 	EXP 	window1: recordFrameIntervals = False
841.8722 	DATA 	Keypress: o
846.0400 	EXP 	window1: recordFrameIntervals = False
847.4913 	DATA 	Keypress: m
851.4921 	EXP 	window1: recordFrameIntervals = False
853.2264 	DATA 	Keypress: d
857.2263 	EXP 	window1: recordFrameIntervals = False
858.3279 	DATA 	Keypress: s
862.2787 	EXP 	window1: recordFrameIntervals = False
863.5793 	DATA 	Keypress: b
867.6961 	EXP 	window1: recordFrameIntervals = False
868.9648 	DATA 	Keypress: z
873.2153 	EXP 	window1: recordFrameIntervals = False
874.8675 	DATA 	Keypress: a
879.0001 	EXP 	window1: recordFrameIntervals = False
880.0529 	DATA 	Keypress: h
884.1348 	EXP 	window1: recordFrameIntervals = False
885.0711 	DATA 	Keypress: n
889.2530 	EXP 	window1: recordFrameIntervals = False
890.6566 	DATA 	Keypress: p
894.6885 	EXP 	window1: recordFrameIntervals = False
895.9911 	DATA 	Keypress: m
900.2909 	EXP 	window1: recordFrameIntervals = False
901.8598 	DATA 	Keypress: d
905.9263 	EXP 	window1: recordFrameIntervals = False
907.2112 	DATA 	Keypress: p
911.0609 	EXP 	window1: recordFrameIntervals = False
912.3794 	DATA 	Keypress: x
916.4466 	EXP 	window1: recordFrameIntervals = False
917.8483 	DATA 	Keypress: b
921.7812 	EXP 	window1: recordFrameIntervals = False
922.8988 	DATA 	Keypress: f
926.7985 	EXP 	window1: recordFrameIntervals = False
928.6679 	DATA 	Keypress: f
932.5508 	EXP 	window1: recordFrameIntervals = False
933.6023 	DATA 	Keypress: l
937.8020 	EXP 	window1: recordFrameIntervals = False
939.7043 	DATA 	Keypress: d
943.6206 	EXP 	window1: recordFrameIntervals = False
944.9057 	DATA 	Keypress: t
949.0057 	EXP 	window1: recordFrameIntervals = False
950.2920 	DATA 	Keypress: r
954.4412 	EXP 	window1: recordFrameIntervals = False
955.6772 	DATA 	Keypress: p
959.7592 	EXP 	window1: recordFrameIntervals = False
961.8948 	DATA 	Keypress: t
965.7959 	EXP 	window1: recordFrameIntervals = False
967.3129 	DATA 	Keypress: b
971.4135 	EXP 	window1: recordFrameIntervals = False
973.9153 	DATA 	Keypress: d
977.9989 	EXP 	window1: recordFrameIntervals = False
978.9998 	DATA 	Keypress: f
983.0336 	EXP 	window1: recordFrameIntervals = False
983.9519 	DATA 	Keypress: n
988.2187 	EXP 	window1: recordFrameIntervals = False
989.6363 	DATA 	Keypress: y
993.7538 	EXP 	window1: recordFrameIntervals = False
994.8393 	DATA 	Keypress: a
998.7384 	EXP 	window1: recordFrameIntervals = False
1000.1749 	DATA 	Keypress: m
1004.1906 	EXP 	window1: recordFrameIntervals = False
1005.2433 	DATA 	Keypress: b
1009.3088 	EXP 	window1: recordFrameIntervals = False
1010.2624 	DATA 	Keypress: b
1019.4991 	DATA 	Keypress: space
1023.4970 	EXP 	window1: recordFrameIntervals = False
1024.4651 	DATA 	Keypress: a
1028.5150 	EXP 	window1: recordFrameIntervals = False
1029.9341 	DATA 	Keypress: p
1034.2171 	EXP 	window1: recordFrameIntervals = False
1035.2867 	DATA 	Keypress: d
1039.4063 	EXP 	window1: recordFrameIntervals = False
1039.4066 	ERROR 	trialnum=144 ERROR,1 frames were longer than 21.67 ms apparently screen refreshes skipped, interframe durs were:[22.2] and was these frames: [129]
1039.4067 	INFO 	flankers also=[16.9 22.2 15. ]
1040.5211 	DATA 	Keypress: d
1044.8041 	EXP 	window1: recordFrameIntervals = False
1046.3902 	DATA 	Keypress: q
1050.4570 	EXP 	window1: recordFrameIntervals = False
1051.8242 	DATA 	Keypress: z
1055.9415 	EXP 	window1: recordFrameIntervals = False
1057.2925 	DATA 	Keypress: x
1061.4428 	EXP 	window1: recordFrameIntervals = False
1062.5613 	DATA 	Keypress: a
1066.6610 	EXP 	window1: recordFrameIntervals = False
1067.7793 	DATA 	Keypress: k
1071.8956 	EXP 	window1: recordFrameIntervals = False
1073.2310 	DATA 	Keypress: b
1077.5649 	EXP 	window1: recordFrameIntervals = False
1079.6992 	DATA 	Keypress: f
1083.9162 	EXP 	window1: recordFrameIntervals = False
1085.1194 	DATA 	Keypress: e
1089.1555 	EXP 	window1: recordFrameIntervals = False
1091.0879 	DATA 	Keypress: x
1095.0877 	EXP 	window1: recordFrameIntervals = False
1096.0053 	DATA 	Keypress: a
1100.3061 	EXP 	window1: recordFrameIntervals = False
1101.1080 	DATA 	Keypress: a
1105.3913 	EXP 	window1: recordFrameIntervals = False
1106.4765 	DATA 	Keypress: t
1110.5095 	EXP 	window1: recordFrameIntervals = False
1110.8448 	DATA 	Keypress: a
1115.1447 	EXP 	window1: recordFrameIntervals = False
1115.5961 	DATA 	Keypress: a
1119.7949 	EXP 	window1: recordFrameIntervals = False
1120.8814 	DATA 	Keypress: d
1125.1144 	EXP 	window1: recordFrameIntervals = False
1126.5497 	DATA 	Keypress: y
1130.7158 	EXP 	window1: recordFrameIntervals = False
1132.0838 	DATA 	Keypress: l
1136.2347 	EXP 	window1: recordFrameIntervals = False
1137.1355 	DATA 	Keypress: d
1141.3691 	EXP 	window1: recordFrameIntervals = False
1142.4866 	DATA 	Keypress: d
1146.8036 	EXP 	window1: recordFrameIntervals = False
1148.1394 	DATA 	Keypress: t
1151.9889 	EXP 	window1: recordFrameIntervals = False
1153.1070 	DATA 	Keypress: v
1157.3084 	EXP 	window1: recordFrameIntervals = False
1158.1586 	DATA 	Keypress: j
1162.1257 	EXP 	window1: recordFrameIntervals = False
1163.1269 	DATA 	Keypress: s
1167.2601 	EXP 	window1: recordFrameIntervals = False
1174.1305 	DATA 	Keypress: f
1178.2472 	EXP 	window1: recordFrameIntervals = False
1179.4166 	DATA 	Keypress: y
1183.5487 	EXP 	window1: recordFrameIntervals = False
1184.1501 	DATA 	Keypress: m
1188.0168 	EXP 	window1: recordFrameIntervals = False
1189.2862 	DATA 	Keypress: d
1193.4689 	EXP 	window1: recordFrameIntervals = False
1193.9872 	DATA 	Keypress: x
1198.0047 	DATA 	Keypress: o
1198.0535 	EXP 	window1: recordFrameIntervals = False
1199.2059 	DATA 	Keypress: o
1203.0556 	EXP 	window1: recordFrameIntervals = False
1204.4739 	DATA 	Keypress: w
1208.7069 	EXP 	window1: recordFrameIntervals = False
1209.7414 	DATA 	Keypress: p
1213.7752 	EXP 	window1: recordFrameIntervals = False
1215.0284 	DATA 	Keypress: p
1219.3436 	EXP 	window1: recordFrameIntervals = False
1220.4960 	DATA 	Keypress: o
1224.3793 	EXP 	window1: recordFrameIntervals = False
1225.3483 	DATA 	Keypress: d
1229.3973 	EXP 	window1: recordFrameIntervals = False
1230.3165 	DATA 	Keypress: a
1234.4824 	EXP 	window1: recordFrameIntervals = False
1236.0356 	DATA 	Keypress: b
1240.0177 	EXP 	window1: recordFrameIntervals = False
1241.1702 	DATA 	Keypress: z
1245.0368 	EXP 	window1: recordFrameIntervals = False
1246.1883 	DATA 	Keypress: t
1250.3552 	EXP 	window1: recordFrameIntervals = False
1251.0237 	DATA 	Keypress: z
1255.1235 	EXP 	window1: recordFrameIntervals = False
1256.2751 	DATA 	Keypress: h
1260.4749 	EXP 	window1: recordFrameIntervals = False
1261.4105 	DATA 	Keypress: t
1265.7104 	EXP 	window1: recordFrameIntervals = False
1266.5786 	DATA 	Keypress: x
1270.4452 	EXP 	window1: recordFrameIntervals = False
1272.3967 	DATA 	Keypress: g
1276.3636 	EXP 	window1: recordFrameIntervals = False
1278.6310 	DATA 	Keypress: x
1282.6648 	EXP 	window1: recordFrameIntervals = False
1285.7007 	DATA 	Keypress: p
1289.8834 	EXP 	window1: recordFrameIntervals = False
1290.7861 	DATA 	Keypress: j
1294.7847 	EXP 	window1: recordFrameIntervals = False
1295.6040 	DATA 	Keypress: m
1299.8531 	EXP 	window1: recordFrameIntervals = False
1300.9897 	DATA 	Keypress: j
1304.9883 	EXP 	window1: recordFrameIntervals = False
1305.9748 	DATA 	Keypress: m
1310.2737 	EXP 	window1: recordFrameIntervals = False
1313.2590 	DATA 	Keypress: m
1317.5430 	EXP 	window1: recordFrameIntervals = False
1318.2606 	DATA 	Keypress: h
1322.2274 	EXP 	window1: recordFrameIntervals = False
1323.4796 	DATA 	Keypress: h
1327.6466 	EXP 	window1: recordFrameIntervals = False
1329.4972 	DATA 	Keypress: d
1333.5309 	EXP 	window1: recordFrameIntervals = False
1335.9174 	DATA 	Keypress: o
1339.8662 	EXP 	window1: recordFrameIntervals = False
1341.8184 	DATA 	Keypress: t
1346.0027 	EXP 	window1: recordFrameIntervals = False
1346.8031 	DATA 	Keypress: s
1351.0715 	EXP 	window1: recordFrameIntervals = False
1352.0725 	DATA 	Keypress: p
1356.3060 	EXP 	window1: recordFrameIntervals = False
1357.2405 	DATA 	Keypress: z
1361.5405 	EXP 	window1: recordFrameIntervals = False
1363.5429 	DATA 	Keypress: b
1367.4257 	EXP 	window1: recordFrameIntervals = False
1368.0600 	DATA 	Keypress: h
1371.9769 	EXP 	window1: recordFrameIntervals = False
1373.0122 	DATA 	Keypress: j
1377.3463 	EXP 	window1: recordFrameIntervals = False
1377.7134 	DATA 	Keypress: m
1382.0479 	EXP 	window1: recordFrameIntervals = False
1385.7503 	DATA 	Keypress: x
1389.6159 	EXP 	window1: recordFrameIntervals = False
1390.5347 	DATA 	Keypress: a
1394.6342 	EXP 	window1: recordFrameIntervals = False
1395.3535 	DATA 	Keypress: b
1399.2353 	EXP 	window1: recordFrameIntervals = False
1400.1219 	DATA 	Keypress: m
1407.1391 	DATA 	Keypress: space
1408.4027 	DATA 	Keypress: space
1411.2235 	EXP 	window1: recordFrameIntervals = False
1412.7255 	DATA 	Keypress: a
1416.7425 	EXP 	window1: recordFrameIntervals = False
1417.7600 	DATA 	Keypress: a
1422.0598 	EXP 	window1: recordFrameIntervals = False
1423.2951 	DATA 	Keypress: c
1427.4113 	EXP 	window1: recordFrameIntervals = False
1428.4975 	DATA 	Keypress: z
1432.4133 	EXP 	window1: recordFrameIntervals = False
1433.2990 	DATA 	Keypress: s
1437.5978 	EXP 	window1: recordFrameIntervals = False
1438.3662 	DATA 	Keypress: a
1442.2170 	EXP 	window1: recordFrameIntervals = False
1443.2014 	DATA 	Keypress: s
1447.0860 	EXP 	window1: recordFrameIntervals = False
1447.6196 	DATA 	Keypress: p
1451.5704 	EXP 	window1: recordFrameIntervals = False
1452.6758 	DATA 	Keypress: g
1456.6056 	EXP 	window1: recordFrameIntervals = False
1457.0400 	DATA 	Keypress: t
1460.9902 	EXP 	window1: recordFrameIntervals = False
1461.9914 	DATA 	Keypress: g
1466.1253 	EXP 	window1: recordFrameIntervals = False
1466.6925 	DATA 	Keypress: f
1470.5603 	EXP 	window1: recordFrameIntervals = False
1471.8618 	DATA 	Keypress: a
1475.7119 	EXP 	window1: recordFrameIntervals = False
1476.5124 	DATA 	Keypress: s
1480.6791 	EXP 	window1: recordFrameIntervals = False
1481.5815 	DATA 	Keypress: m
1485.7815 	EXP 	window1: recordFrameIntervals = False
1486.2497 	DATA 	Keypress: x
1490.5170 	EXP 	window1: recordFrameIntervals = False
1491.5841 	DATA 	Keypress: g
1495.7851 	EXP 	window1: recordFrameIntervals = False
1496.3693 	DATA 	Keypress: t
1500.3699 	EXP 	window1: recordFrameIntervals = False
1502.6715 	DATA 	Keypress: d
1506.9206 	EXP 	window1: recordFrameIntervals = False
1507.4892 	DATA 	Keypress: t
1511.5735 	EXP 	window1: recordFrameIntervals = False
1512.7409 	DATA 	Keypress: k
1516.8088 	EXP 	window1: recordFrameIntervals = False
1518.1255 	DATA 	Keypress: z
1522.1092 	EXP 	window1: recordFrameIntervals = False
1524.0279 	DATA 	Keypress: u
1528.3109 	EXP 	window1: recordFrameIntervals = False
1529.3460 	DATA 	Keypress: r
1533.5962 	EXP 	window1: recordFrameIntervals = False
1534.6145 	DATA 	Keypress: m
1538.6813 	EXP 	window1: recordFrameIntervals = False
1539.1157 	DATA 	Keypress: s
1543.1493 	EXP 	window1: recordFrameIntervals = False
1543.6837 	DATA 	Keypress: f
1547.9677 	EXP 	window1: recordFrameIntervals = False
1548.8194 	DATA 	Keypress: j
1553.0522 	EXP 	window1: recordFrameIntervals = False
1553.8875 	DATA 	Keypress: y
1558.0042 	EXP 	window1: recordFrameIntervals = False
1559.0390 	DATA 	Keypress: j
1562.9387 	EXP 	window1: recordFrameIntervals = False
1564.1912 	DATA 	Keypress: s
1568.0408 	EXP 	window1: recordFrameIntervals = False
1569.3255 	DATA 	Keypress: f
1573.3591 	EXP 	window1: recordFrameIntervals = False
1580.3472 	DATA 	Keypress: t
1584.6458 	EXP 	window1: recordFrameIntervals = False
1586.0992 	DATA 	Keypress: g
1590.3151 	EXP 	window1: recordFrameIntervals = False
1590.8333 	DATA 	Keypress: a
1595.1322 	EXP 	window1: recordFrameIntervals = False
1596.3690 	DATA 	Keypress: m
1600.5025 	EXP 	window1: recordFrameIntervals = False
1600.5028 	ERROR 	trialnum=247 ERROR,1 frames were longer than 21.67 ms apparently screen refreshes skipped, interframe durs were:[22.] and was these frames: [75]
1600.5029 	INFO 	flankers also=[12.8 22.  15.9]
1601.2208 	DATA 	Keypress: a
1605.3871 	EXP 	window1: recordFrameIntervals = False
1606.1054 	DATA 	Keypress: w
1610.0044 	EXP 	window1: recordFrameIntervals = False
1610.9405 	DATA 	Keypress: i
1615.1225 	EXP 	window1: recordFrameIntervals = False
1615.8751 	DATA 	Keypress: r
1620.0737 	EXP 	window1: recordFrameIntervals = False
1621.2273 	DATA 	Keypress: j
1625.2439 	EXP 	window1: recordFrameIntervals = False
1626.2452 	DATA 	Keypress: t
1630.1953 	EXP 	window1: recordFrameIntervals = False
1631.1966 	DATA 	Keypress: u
1635.1807 	EXP 	window1: recordFrameIntervals = False
1636.2482 	DATA 	Keypress: s
1640.1468 	EXP 	window1: recordFrameIntervals = False
1640.9834 	DATA 	Keypress: m
1645.2332 	EXP 	window1: recordFrameIntervals = False
1646.1677 	DATA 	Keypress: r
1650.3516 	EXP 	window1: recordFrameIntervals = False
1651.5871 	DATA 	Keypress: t
1655.4868 	EXP 	window1: recordFrameIntervals = False
1656.7382 	DATA 	Keypress: p
1660.8889 	EXP 	window1: recordFrameIntervals = False
1662.1228 	DATA 	Keypress: m
1666.1236 	EXP 	window1: recordFrameIntervals = False
1666.5921 	DATA 	Keypress: a
1670.7418 	EXP 	window1: recordFrameIntervals = False
1671.7763 	DATA 	Keypress: j
1675.8438 	EXP 	window1: recordFrameIntervals = False
1677.4116 	DATA 	Keypress: e
1681.2783 	EXP 	window1: recordFrameIntervals = False
1687.9478 	DATA 	Keypress: o
1691.8647 	EXP 	window1: recordFrameIntervals = False
1692.2663 	DATA 	Keypress: t
1696.1169 	EXP 	window1: recordFrameIntervals = False
1697.4174 	DATA 	Keypress: b
1701.6854 	EXP 	window1: recordFrameIntervals = False
1702.6197 	DATA 	Keypress: t
1706.5029 	EXP 	window1: recordFrameIntervals = False
1707.1371 	DATA 	Keypress: s
1711.1389 	EXP 	window1: recordFrameIntervals = False
1711.6232 	DATA 	Keypress: r
1715.5400 	EXP 	window1: recordFrameIntervals = False
1716.1744 	DATA 	Keypress: r
1720.4914 	EXP 	window1: recordFrameIntervals = False
1720.8428 	DATA 	Keypress: y
1724.6915 	EXP 	window1: recordFrameIntervals = False
1725.5279 	DATA 	Keypress: t
1729.5943 	DATA 	Keypress: b
1729.7266 	EXP 	window1: recordFrameIntervals = False
1730.3292 	DATA 	Keypress: b
1734.2112 	EXP 	window1: recordFrameIntervals = False
1735.0465 	DATA 	Keypress: w
1738.4643 	DATA 	Keypress: r
1738.9634 	EXP 	window1: recordFrameIntervals = False
1739.1644 	DATA 	Keypress: r
1742.9989 	DATA 	Keypress: w
1743.1479 	EXP 	window1: recordFrameIntervals = False
1745.5840 	DATA 	Keypress: g
1749.7161 	EXP 	window1: recordFrameIntervals = False
1752.1694 	DATA 	Keypress: e
1756.3533 	EXP 	window1: recordFrameIntervals = False
1758.1539 	DATA 	Keypress: t
1762.4372 	EXP 	window1: recordFrameIntervals = False
1762.5392 	DATA 	Keypress: b
1766.2078 	DATA 	Keypress: r
1766.3890 	EXP 	window1: recordFrameIntervals = False
1766.9731 	DATA 	Keypress: r
1767.4902 	INFO 	Finishing at 16:15 on 10 Feb 2020
1767.8902 	EXP 	window1: mouseVisible = True
