9.2211 	ERROR 	Screen apparently NOT the desired resolution of 2560.0x1440.0 pixels!!
12.6129 	INFO 	Successfully set darwin thread to realtime
13.6682 	INFO 	#[ PsychoPy3 RuntimeInfoStart ]
  #[[ PsychoPy ]] #---------
    psychopyVersion: 3.2.3
    psychopyHaveExtRush: True
  #[[ Experiment ]] #---------
    experimentRunTime: 2020_02_13 14:09 (Year_Month_Day Hour:Min)
    experimentRunTime.epoch: 1581620960
    experimentScript: Experiment3_VisualNow.py
    experimentScript.digestSHA1: d9809d16847809e6dfe395c6203fb6fc0627eb5a
    experimentScript.directory: /Users/vsg/Documents/GitHub/spatio_temporal_information_processing/RSVP_visual_now
  #[[ System ]] #---------
    systemHaveInternetAccess: True
    systemHostName: pbs-jf-imac.win.ad.jhu.edu
    systemLocale: C
    systemMemFreeRAM: 2029.58203125
    systemMemTotalRAM: 8192.0
    systemPlatform: darwin 10.13.6 x86_64
    systemPyoVersion: -
    systemRebooted: Feb 7 20:28
    systemSec.OpenSSLVersion: LibreSSL 2.2.7
    systemSec.pythonSSL: True
    systemTimeNumpySD1000000_sec: 0.0041
    systemUser: vsg
    systemUserID: 502
    systemUsersCount: 1
  #[[ Window ]] #---------
    windowWinType: pyglet
    windowUnits: deg
    windowSize_pix: [5120 2880]
    windowScreen: 0
    windowRgb: [-0.7 -0.7 -0.7]
    windowRefreshTimeSD_ms: 0.263
    windowRefreshTimeMedian_ms: 16.664
    windowRefreshTimeAvg_ms: 16.672
    windowPos_pix: [0.0, 0.0]
    windowMonitor.name: testmonitor
    windowMonitor.getWidth_cm: 64.8
    windowMonitor.getDistance_cm: 100.0
    windowMonitor.currentCalibName: 2020_02_04 15:59
    windowIsFullScr: True
  #[[ Python ]] #---------
    pythonVersion: 3.6.1
  #[[ OpenGL ]] #---------
#[ PsychoPy3 RuntimeInfoEnd ]

13.6691 	WARNING 	Could not load the desired click sound file, instead using manually created inferior click
13.7912 	EXP 	Created sequence: random, trialTypes=280, nReps=14, seed=None
13.9075 	INFO 	numtrials=280 and each trialDurFrames=156 or 2600.0 ms  task=T1
14.0762 	EXP 	Created text = TextStim(__class__=<class 'psychopy.visual.text.TextStim'>, alignHoriz='center', alignVert='center', antialias=True, autoLog=True, bold=False, color=array([1., 1., 1.]), colorSpace='rgb', contrast=1.0, depth=-1.0, flipHoriz=False, flipVert=False, font='Arial', fontFiles=[], height=0.5, italic=False, languageStyle='LTR', name='text', opacity=1.0, ori=0, pos=array([0., 0.]), rgb=array([1., 1., 1.]), text='', units='deg', win=Window(...), wrapWidth=30)
14.1697 	EXP 	text: text = "Welcome! Thank you for agreeing to participate in this study.\n\nYou will be presented with a Rapid Stream of letters. Your task is to identify one of the letters.\n\nYou will perform this task while fixating in the center. \n\nThe stream of letters is presented anywhere on the horizontal axis of the screen.\n\nThe letter in the stream that you're supposed to identify is accompanied by a probe that can also appear anywhere on the horizontal axis of the screen.\n\nThe probe is a circular disk that will be flashed for a very brief time.\n\nOnce you've identified the letter after the trial ends, type it out on the keyboard.\n\nIf you're feeling uncomfortable, you can press ESC key any time to stop the experiment.\n\nPress any key when you are ready to begin the experiment.\n\n"
14.1697 	EXP 	text: autoDraw = True
136.1693 	DATA 	Keypress: f
136.1702 	EXP 	text: autoDraw = False
136.1706 	INFO 	Experiment will have 280 trials. Letters will be drawn with superposed noise of0.00%
136.1706 	INFO 	Starting main (non-staircase) part of experiment
139.6796 	EXP 	window1: recordFrameIntervals = False
142.0823 	DATA 	Keypress: w
146.2651 	EXP 	window1: recordFrameIntervals = False
147.9664 	DATA 	Keypress: m
152.0014 	EXP 	window1: recordFrameIntervals = False
153.7521 	DATA 	Keypress: f
157.6686 	EXP 	window1: recordFrameIntervals = False
160.3712 	DATA 	Keypress: t
164.2870 	EXP 	window1: recordFrameIntervals = False
165.9410 	DATA 	Keypress: m
169.9892 	EXP 	window1: recordFrameIntervals = False
172.0257 	DATA 	Keypress: w
176.3588 	EXP 	window1: recordFrameIntervals = False
177.0763 	DATA 	Keypress: c
181.0608 	EXP 	window1: recordFrameIntervals = False
181.9123 	DATA 	Keypress: e
186.2123 	EXP 	window1: recordFrameIntervals = False
186.8625 	DATA 	Keypress: s
190.7803 	EXP 	window1: recordFrameIntervals = False
191.8994 	DATA 	Keypress: p
195.8655 	EXP 	window1: recordFrameIntervals = False
197.1002 	DATA 	Keypress: y
201.2500 	EXP 	window1: recordFrameIntervals = False
202.2341 	DATA 	Keypress: a
206.1352 	EXP 	window1: recordFrameIntervals = False
207.6197 	DATA 	Keypress: k
211.4697 	EXP 	window1: recordFrameIntervals = False
212.0873 	DATA 	Keypress: b
215.9387 	EXP 	window1: recordFrameIntervals = False
216.9566 	DATA 	Keypress: y
220.9900 	EXP 	window1: recordFrameIntervals = False
222.2917 	DATA 	Keypress: d
226.1584 	EXP 	window1: recordFrameIntervals = False
227.9931 	DATA 	Keypress: s
232.0927 	EXP 	window1: recordFrameIntervals = False
232.7610 	DATA 	Keypress: k
236.9113 	EXP 	window1: recordFrameIntervals = False
237.5457 	DATA 	Keypress: g
241.7971 	EXP 	window1: recordFrameIntervals = False
243.2484 	DATA 	Keypress: r
247.5318 	EXP 	window1: recordFrameIntervals = False
248.5990 	DATA 	Keypress: o
252.5489 	EXP 	window1: recordFrameIntervals = False
253.6183 	DATA 	Keypress: p
257.7173 	EXP 	window1: recordFrameIntervals = False
260.4876 	DATA 	Keypress: m
264.8026 	EXP 	window1: recordFrameIntervals = False
265.7059 	DATA 	Keypress: j
269.9048 	EXP 	window1: recordFrameIntervals = False
271.0241 	DATA 	Keypress: m
274.9063 	EXP 	window1: recordFrameIntervals = False
275.9763 	DATA 	Keypress: k
280.2582 	EXP 	window1: recordFrameIntervals = False
280.6269 	DATA 	Keypress: c
284.6757 	EXP 	window1: recordFrameIntervals = False
285.2620 	DATA 	Keypress: e
289.2611 	EXP 	window1: recordFrameIntervals = False
290.4294 	DATA 	Keypress: p
294.5622 	EXP 	window1: recordFrameIntervals = False
295.9815 	DATA 	Keypress: s
300.0817 	EXP 	window1: recordFrameIntervals = False
301.1512 	DATA 	Keypress: e
305.1497 	EXP 	window1: recordFrameIntervals = False
306.5363 	DATA 	Keypress: b
310.7360 	EXP 	window1: recordFrameIntervals = False
311.9715 	DATA 	Keypress: d
315.8202 	EXP 	window1: recordFrameIntervals = False
316.8216 	DATA 	Keypress: g
321.0726 	EXP 	window1: recordFrameIntervals = False
322.3569 	DATA 	Keypress: r
326.3241 	EXP 	window1: recordFrameIntervals = False
328.0415 	DATA 	Keypress: f
332.3583 	EXP 	window1: recordFrameIntervals = False
332.7266 	DATA 	Keypress: o
336.8448 	EXP 	window1: recordFrameIntervals = False
338.3784 	DATA 	Keypress: x
342.2459 	EXP 	window1: recordFrameIntervals = False
343.3800 	DATA 	Keypress: m
347.4969 	EXP 	window1: recordFrameIntervals = False
348.8817 	DATA 	Keypress: y
353.1653 	EXP 	window1: recordFrameIntervals = False
355.1009 	DATA 	Keypress: d
358.9671 	EXP 	window1: recordFrameIntervals = False
360.1689 	DATA 	Keypress: c
364.4532 	EXP 	window1: recordFrameIntervals = False
364.9877 	DATA 	Keypress: w
369.1033 	EXP 	window1: recordFrameIntervals = False
370.2437 	DATA 	Keypress: b
374.3885 	EXP 	window1: recordFrameIntervals = False
375.9253 	DATA 	Keypress: k
380.0235 	EXP 	window1: recordFrameIntervals = False
381.2760 	DATA 	Keypress: a
385.3422 	EXP 	window1: recordFrameIntervals = False
385.6946 	DATA 	Keypress: p
389.7106 	EXP 	window1: recordFrameIntervals = False
391.8640 	DATA 	Keypress: b
395.8968 	EXP 	window1: recordFrameIntervals = False
396.8650 	DATA 	Keypress: t
400.8649 	EXP 	window1: recordFrameIntervals = False
401.2663 	DATA 	Keypress: i
405.1490 	EXP 	window1: recordFrameIntervals = False
406.0685 	DATA 	Keypress: u
410.4004 	EXP 	window1: recordFrameIntervals = False
410.8529 	DATA 	Keypress: l
415.0187 	EXP 	window1: recordFrameIntervals = False
416.2044 	DATA 	Keypress: h
420.4029 	EXP 	window1: recordFrameIntervals = False
421.0895 	DATA 	Keypress: t
425.2053 	EXP 	window1: recordFrameIntervals = False
425.5916 	DATA 	Keypress: f
429.6557 	EXP 	window1: recordFrameIntervals = False
431.4761 	DATA 	Keypress: g
435.5420 	EXP 	window1: recordFrameIntervals = False
436.1945 	DATA 	Keypress: t
440.1601 	EXP 	window1: recordFrameIntervals = False
440.5294 	DATA 	Keypress: c
444.6614 	EXP 	window1: recordFrameIntervals = False
445.0628 	DATA 	Keypress: s
449.3307 	EXP 	window1: recordFrameIntervals = False
450.4981 	DATA 	Keypress: e
454.4651 	EXP 	window1: recordFrameIntervals = False
456.4682 	DATA 	Keypress: h
460.5343 	EXP 	window1: recordFrameIntervals = False
461.5529 	DATA 	Keypress: a
465.5857 	EXP 	window1: recordFrameIntervals = False
466.0881 	DATA 	Keypress: f
470.1531 	EXP 	window1: recordFrameIntervals = False
470.5233 	DATA 	Keypress: t
474.7378 	EXP 	window1: recordFrameIntervals = False
475.8913 	DATA 	Keypress: a
479.8564 	EXP 	window1: recordFrameIntervals = False
480.2408 	DATA 	Keypress: c
484.4744 	EXP 	window1: recordFrameIntervals = False
485.4920 	DATA 	Keypress: c
489.7598 	EXP 	window1: recordFrameIntervals = False
491.8624 	DATA 	Keypress: m
496.0130 	EXP 	window1: recordFrameIntervals = False
496.9646 	DATA 	Keypress: w
501.1317 	EXP 	window1: recordFrameIntervals = False
502.0160 	DATA 	Keypress: r
505.9995 	EXP 	window1: recordFrameIntervals = False
506.9339 	DATA 	Keypress: e
513.0636 	DATA 	Keypress: space
516.9862 	EXP 	window1: recordFrameIntervals = False
518.1209 	DATA 	Keypress: b
522.1207 	EXP 	window1: recordFrameIntervals = False
522.7717 	DATA 	Keypress: c
526.9720 	EXP 	window1: recordFrameIntervals = False
528.7734 	DATA 	Keypress: c
532.6582 	EXP 	window1: recordFrameIntervals = False
533.4915 	DATA 	Keypress: w
537.4096 	EXP 	window1: recordFrameIntervals = False
538.6600 	DATA 	Keypress: n
542.9601 	EXP 	window1: recordFrameIntervals = False
544.0957 	DATA 	Keypress: w
548.2619 	EXP 	window1: recordFrameIntervals = False
549.1967 	DATA 	Keypress: m
553.4134 	EXP 	window1: recordFrameIntervals = False
554.7819 	DATA 	Keypress: g
558.9156 	EXP 	window1: recordFrameIntervals = False
559.3671 	DATA 	Keypress: y
563.5338 	EXP 	window1: recordFrameIntervals = False
565.0854 	DATA 	Keypress: s
568.9852 	EXP 	window1: recordFrameIntervals = False
569.6534 	DATA 	Keypress: h
573.8202 	EXP 	window1: recordFrameIntervals = False
575.0390 	DATA 	Keypress: f
578.9219 	EXP 	window1: recordFrameIntervals = False
580.0902 	DATA 	Keypress: m
584.3069 	EXP 	window1: recordFrameIntervals = False
585.1414 	DATA 	Keypress: a
589.1417 	EXP 	window1: recordFrameIntervals = False
589.8434 	DATA 	Keypress: b
594.1266 	EXP 	window1: recordFrameIntervals = False
595.1619 	DATA 	Keypress: p
599.2118 	EXP 	window1: recordFrameIntervals = False
600.5823 	DATA 	Keypress: w
604.8971 	EXP 	window1: recordFrameIntervals = False
605.4317 	DATA 	Keypress: g
609.4654 	EXP 	window1: recordFrameIntervals = False
610.1008 	DATA 	Keypress: j
614.2998 	EXP 	window1: recordFrameIntervals = False
615.5355 	DATA 	Keypress: u
619.6183 	EXP 	window1: recordFrameIntervals = False
621.9544 	DATA 	Keypress: b
626.0551 	EXP 	window1: recordFrameIntervals = False
626.8228 	DATA 	Keypress: b
630.7900 	EXP 	window1: recordFrameIntervals = False
632.1408 	DATA 	Keypress: x
636.1749 	EXP 	window1: recordFrameIntervals = False
638.0422 	DATA 	Keypress: s
641.9101 	EXP 	window1: recordFrameIntervals = False
643.7775 	DATA 	Keypress: j
647.8106 	EXP 	window1: recordFrameIntervals = False
648.3289 	DATA 	Keypress: x
652.3968 	EXP 	window1: recordFrameIntervals = False
653.4982 	DATA 	Keypress: e
657.3973 	EXP 	window1: recordFrameIntervals = False
658.7497 	DATA 	Keypress: s
662.6334 	EXP 	window1: recordFrameIntervals = False
663.0838 	DATA 	Keypress: f
667.2837 	EXP 	window1: recordFrameIntervals = False
667.6523 	DATA 	Keypress: m
671.5867 	EXP 	window1: recordFrameIntervals = False
672.6381 	DATA 	Keypress: n
676.8049 	EXP 	window1: recordFrameIntervals = False
677.1886 	DATA 	Keypress: j
681.2225 	EXP 	window1: recordFrameIntervals = False
681.2228 	ERROR 	trialnum=103 ERROR,1 frames were longer than 21.67 ms apparently screen refreshes skipped, interframe durs were:[21.8] and was these frames: [100]
681.2229 	INFO 	flankers also=[12.9 21.8 10.4]
682.0746 	DATA 	Keypress: n
683.5735 	DATA 	Keypress: rcommand
685.9578 	EXP 	window1: recordFrameIntervals = False
686.6920 	DATA 	Keypress: u
690.7262 	EXP 	window1: recordFrameIntervals = False
691.6773 	DATA 	Keypress: d
695.9276 	EXP 	window1: recordFrameIntervals = False
696.5795 	DATA 	Keypress: s
700.4444 	EXP 	window1: recordFrameIntervals = False
702.2479 	DATA 	Keypress: s
706.4811 	EXP 	window1: recordFrameIntervals = False
707.2982 	DATA 	Keypress: p
711.4829 	EXP 	window1: recordFrameIntervals = False
712.1843 	DATA 	Keypress: s
716.1511 	EXP 	window1: recordFrameIntervals = False
718.0689 	DATA 	Keypress: h
721.9355 	EXP 	window1: recordFrameIntervals = False
722.4210 	DATA 	Keypress: y
726.4199 	EXP 	window1: recordFrameIntervals = False
726.8062 	DATA 	Keypress: e
730.7893 	EXP 	window1: recordFrameIntervals = False
732.2573 	DATA 	Keypress: g
736.5412 	EXP 	window1: recordFrameIntervals = False
736.9079 	DATA 	Keypress: v
741.0758 	EXP 	window1: recordFrameIntervals = False
741.4601 	DATA 	Keypress: u
745.6108 	EXP 	window1: recordFrameIntervals = False
746.6797 	DATA 	Keypress: f
750.8621 	EXP 	window1: recordFrameIntervals = False
751.7806 	DATA 	Keypress: j
756.1138 	EXP 	window1: recordFrameIntervals = False
756.9990 	DATA 	Keypress: z
761.0819 	EXP 	window1: recordFrameIntervals = False
762.6171 	DATA 	Keypress: m
766.8841 	EXP 	window1: recordFrameIntervals = False
767.3675 	DATA 	Keypress: p
771.2691 	EXP 	window1: recordFrameIntervals = False
772.0697 	DATA 	Keypress: c
776.2867 	EXP 	window1: recordFrameIntervals = False
776.8880 	DATA 	Keypress: w
781.1390 	EXP 	window1: recordFrameIntervals = False
781.8235 	DATA 	Keypress: e
785.9070 	EXP 	window1: recordFrameIntervals = False
787.0747 	DATA 	Keypress: p
791.2754 	EXP 	window1: recordFrameIntervals = False
792.0939 	DATA 	Keypress: a
796.1769 	EXP 	window1: recordFrameIntervals = False
796.6950 	DATA 	Keypress: y
800.8950 	EXP 	window1: recordFrameIntervals = False
801.3465 	DATA 	Keypress: r
805.3455 	EXP 	window1: recordFrameIntervals = False
806.3976 	DATA 	Keypress: x
810.3968 	EXP 	window1: recordFrameIntervals = False
810.7998 	DATA 	Keypress: y
815.0489 	EXP 	window1: recordFrameIntervals = False
815.5830 	DATA 	Keypress: j
819.5668 	EXP 	window1: recordFrameIntervals = False
820.1847 	DATA 	Keypress: u
824.0352 	EXP 	window1: recordFrameIntervals = False
825.3527 	DATA 	Keypress: o
829.6036 	EXP 	window1: recordFrameIntervals = False
830.7390 	DATA 	Keypress: b
834.6217 	EXP 	window1: recordFrameIntervals = False
835.5401 	DATA 	Keypress: z
839.4732 	EXP 	window1: recordFrameIntervals = False
841.7596 	DATA 	Keypress: z
846.0933 	EXP 	window1: recordFrameIntervals = False
846.8447 	DATA 	Keypress: i
850.6948 	EXP 	window1: recordFrameIntervals = False
851.1962 	DATA 	Keypress: s
855.0780 	EXP 	window1: recordFrameIntervals = False
856.4144 	DATA 	Keypress: z
860.7146 	EXP 	window1: recordFrameIntervals = False
861.1655 	DATA 	Keypress: a
865.3987 	EXP 	window1: recordFrameIntervals = False
866.5680 	DATA 	Keypress: b
874.2715 	DATA 	Keypress: space
878.4860 	EXP 	window1: recordFrameIntervals = False
878.8875 	DATA 	Keypress: h
882.7716 	EXP 	window1: recordFrameIntervals = False
884.2558 	DATA 	Keypress: u
888.3560 	EXP 	window1: recordFrameIntervals = False
889.8081 	DATA 	Keypress: z
894.1410 	EXP 	window1: recordFrameIntervals = False
895.0765 	DATA 	Keypress: p
898.9593 	EXP 	window1: recordFrameIntervals = False
900.3778 	DATA 	Keypress: r
904.3109 	EXP 	window1: recordFrameIntervals = False
905.1459 	DATA 	Keypress: c
909.0626 	EXP 	window1: recordFrameIntervals = False
909.5972 	DATA 	Keypress: d
913.7815 	EXP 	window1: recordFrameIntervals = False
914.2494 	DATA 	Keypress: d
918.3325 	EXP 	window1: recordFrameIntervals = False
919.2837 	DATA 	Keypress: m
923.4008 	EXP 	window1: recordFrameIntervals = False
925.0191 	DATA 	Keypress: c
929.1021 	EXP 	window1: recordFrameIntervals = False
930.7054 	DATA 	Keypress: j
930.8156 	DATA 	Keypress: j
934.6044 	EXP 	window1: recordFrameIntervals = False
934.9386 	DATA 	Keypress: k
938.9058 	EXP 	window1: recordFrameIntervals = False
939.4412 	DATA 	Keypress: z
943.4400 	EXP 	window1: recordFrameIntervals = False
943.7921 	DATA 	Keypress: u
947.8750 	EXP 	window1: recordFrameIntervals = False
948.5435 	DATA 	Keypress: t
952.7433 	EXP 	window1: recordFrameIntervals = False
953.6619 	DATA 	Keypress: t
957.7616 	EXP 	window1: recordFrameIntervals = False
958.3300 	DATA 	Keypress: b
962.2640 	EXP 	window1: recordFrameIntervals = False
962.9484 	DATA 	Keypress: x
967.2323 	EXP 	window1: recordFrameIntervals = False
968.6167 	DATA 	Keypress: w
972.7343 	EXP 	window1: recordFrameIntervals = False
974.1019 	DATA 	Keypress: y
977.9516 	EXP 	window1: recordFrameIntervals = False
979.6363 	DATA 	Keypress: c
983.5700 	EXP 	window1: recordFrameIntervals = False
984.4214 	DATA 	Keypress: y
988.7556 	EXP 	window1: recordFrameIntervals = False
989.9566 	DATA 	Keypress: w
994.1235 	EXP 	window1: recordFrameIntervals = False
994.7247 	DATA 	Keypress: m
998.6590 	EXP 	window1: recordFrameIntervals = False
999.3432 	DATA 	Keypress: j
1003.6432 	EXP 	window1: recordFrameIntervals = False
1004.0783 	DATA 	Keypress: h
1008.3783 	EXP 	window1: recordFrameIntervals = False
1008.7629 	DATA 	Keypress: z
1013.0128 	EXP 	window1: recordFrameIntervals = False
1013.9643 	DATA 	Keypress: w
1018.1648 	EXP 	window1: recordFrameIntervals = False
1018.6823 	DATA 	Keypress: s
1022.8993 	EXP 	window1: recordFrameIntervals = False
1024.2014 	DATA 	Keypress: a
1028.4514 	EXP 	window1: recordFrameIntervals = False
1029.1197 	DATA 	Keypress: s
1033.1527 	EXP 	window1: recordFrameIntervals = False
1034.3052 	DATA 	Keypress: l
1038.5221 	EXP 	window1: recordFrameIntervals = False
1039.2405 	DATA 	Keypress: s
1043.5732 	EXP 	window1: recordFrameIntervals = False
1044.6911 	DATA 	Keypress: k
1049.0089 	EXP 	window1: recordFrameIntervals = False
1050.8113 	DATA 	Keypress: b
1054.8767 	EXP 	window1: recordFrameIntervals = False
1056.1463 	DATA 	Keypress: y
1060.0943 	EXP 	window1: recordFrameIntervals = False
1061.8148 	DATA 	Keypress: x
1066.1478 	EXP 	window1: recordFrameIntervals = False
1067.9990 	DATA 	Keypress: j
1072.0998 	EXP 	window1: recordFrameIntervals = False
1073.2014 	DATA 	Keypress: j
1077.4520 	EXP 	window1: recordFrameIntervals = False
1077.9863 	DATA 	Keypress: m
1081.9363 	EXP 	window1: recordFrameIntervals = False
1082.9041 	DATA 	Keypress: p
1087.0048 	EXP 	window1: recordFrameIntervals = False
1091.1242 	DATA 	Keypress: w
1095.3892 	EXP 	window1: recordFrameIntervals = False
1096.0087 	DATA 	Keypress: r
1100.0755 	EXP 	window1: recordFrameIntervals = False
1100.8276 	DATA 	Keypress: x
1104.9429 	EXP 	window1: recordFrameIntervals = False
1105.3447 	DATA 	Keypress: w
1105.5435 	DATA 	Keypress: space
1109.3448 	EXP 	window1: recordFrameIntervals = False
1109.9133 	DATA 	Keypress: y
1113.9960 	EXP 	window1: recordFrameIntervals = False
1114.3137 	DATA 	Keypress: i
1118.3974 	EXP 	window1: recordFrameIntervals = False
1118.7820 	DATA 	Keypress: y
1122.9499 	EXP 	window1: recordFrameIntervals = False
1123.2833 	DATA 	Keypress: u
1127.6000 	EXP 	window1: recordFrameIntervals = False
1128.1017 	DATA 	Keypress: v
1132.0190 	EXP 	window1: recordFrameIntervals = False
1132.7365 	DATA 	Keypress: i
1136.6043 	EXP 	window1: recordFrameIntervals = False
1137.3727 	DATA 	Keypress: z
1141.4889 	EXP 	window1: recordFrameIntervals = False
1141.4892 	ERROR 	trialnum=193 ERROR,1 frames were longer than 21.67 ms apparently screen refreshes skipped, interframe durs were:[22.1] and was these frames: [40]
1141.4893 	INFO 	flankers also=[15.7 22.1 15.9]
1144.1949 	DATA 	Keypress: o
1148.1234 	EXP 	window1: recordFrameIntervals = False
1149.3259 	DATA 	Keypress: f
1153.2088 	EXP 	window1: recordFrameIntervals = False
1154.0270 	DATA 	Keypress: k
1158.3436 	EXP 	window1: recordFrameIntervals = False
1160.0453 	DATA 	Keypress: d
1164.1288 	EXP 	window1: recordFrameIntervals = False
1166.2654 	DATA 	Keypress: f
1170.5141 	EXP 	window1: recordFrameIntervals = False
1171.0335 	DATA 	Keypress: e
1175.3659 	EXP 	window1: recordFrameIntervals = False
1175.8842 	DATA 	Keypress: y
1179.9006 	EXP 	window1: recordFrameIntervals = False
1181.4365 	DATA 	Keypress: b
1185.6191 	EXP 	window1: recordFrameIntervals = False
1186.8888 	DATA 	Keypress: g
1191.0394 	EXP 	window1: recordFrameIntervals = False
1193.6902 	DATA 	Keypress: a
1197.7398 	EXP 	window1: recordFrameIntervals = False
1199.4916 	DATA 	Keypress: x
1203.6582 	EXP 	window1: recordFrameIntervals = False
1205.7277 	DATA 	Keypress: y
1209.8604 	EXP 	window1: recordFrameIntervals = False
1212.0468 	DATA 	Keypress: f
1216.2137 	EXP 	window1: recordFrameIntervals = False
1216.6482 	DATA 	Keypress: s
1220.7463 	EXP 	window1: recordFrameIntervals = False
1222.8325 	DATA 	Keypress: g
1226.7168 	EXP 	window1: recordFrameIntervals = False
1227.5178 	DATA 	Keypress: t
1231.3685 	EXP 	window1: recordFrameIntervals = False
1232.1700 	DATA 	Keypress: w
1236.0863 	EXP 	window1: recordFrameIntervals = False
1236.9376 	DATA 	Keypress: s
1239.2154 	DATA 	Keypress: space
1243.2212 	EXP 	window1: recordFrameIntervals = False
1244.5059 	DATA 	Keypress: s
1248.6395 	EXP 	window1: recordFrameIntervals = False
1253.2261 	DATA 	Keypress: s
1257.4601 	EXP 	window1: recordFrameIntervals = False
1258.0437 	DATA 	Keypress: x
1262.2776 	EXP 	window1: recordFrameIntervals = False
1262.6120 	DATA 	Keypress: d
1266.4965 	EXP 	window1: recordFrameIntervals = False
1267.9803 	DATA 	Keypress: y
1272.2972 	EXP 	window1: recordFrameIntervals = False
1277.0337 	DATA 	Keypress: j
1281.0174 	EXP 	window1: recordFrameIntervals = False
1281.9360 	DATA 	Keypress: a
1285.9026 	EXP 	window1: recordFrameIntervals = False
1288.7541 	DATA 	Keypress: r
1292.9872 	EXP 	window1: recordFrameIntervals = False
1293.6225 	DATA 	Keypress: c
1297.5396 	EXP 	window1: recordFrameIntervals = False
1298.6411 	DATA 	Keypress: g
1302.5905 	EXP 	window1: recordFrameIntervals = False
1303.7588 	DATA 	Keypress: d
1307.6420 	EXP 	window1: recordFrameIntervals = False
1308.2604 	DATA 	Keypress: e
1312.5939 	EXP 	window1: recordFrameIntervals = False
1313.7786 	DATA 	Keypress: f
1317.9621 	EXP 	window1: recordFrameIntervals = False
1320.0310 	DATA 	Keypress: j
1324.1149 	EXP 	window1: recordFrameIntervals = False
1325.1999 	DATA 	Keypress: x
1329.3990 	EXP 	window1: recordFrameIntervals = False
1329.8003 	DATA 	Keypress: w
1333.8852 	EXP 	window1: recordFrameIntervals = False
1334.3855 	DATA 	Keypress: e
1338.6686 	EXP 	window1: recordFrameIntervals = False
1340.0541 	DATA 	Keypress: l
1344.1541 	EXP 	window1: recordFrameIntervals = False
1345.1063 	DATA 	Keypress: u
1349.0053 	EXP 	window1: recordFrameIntervals = False
1349.6906 	DATA 	Keypress: f
1353.7735 	EXP 	window1: recordFrameIntervals = False
1355.1090 	DATA 	Keypress: i
1359.3252 	EXP 	window1: recordFrameIntervals = False
1360.4940 	DATA 	Keypress: u
1364.7939 	EXP 	window1: recordFrameIntervals = False
1365.6284 	DATA 	Keypress: d
1369.9292 	EXP 	window1: recordFrameIntervals = False
1372.0327 	DATA 	Keypress: j
1375.9318 	EXP 	window1: recordFrameIntervals = False
1376.3339 	DATA 	Keypress: s
1380.5320 	EXP 	window1: recordFrameIntervals = False
1381.5844 	DATA 	Keypress: a
1385.6843 	EXP 	window1: recordFrameIntervals = False
1386.3535 	DATA 	Keypress: u
1390.3692 	EXP 	window1: recordFrameIntervals = False
1391.0556 	DATA 	Keypress: c
1395.3375 	EXP 	window1: recordFrameIntervals = False
1395.9733 	DATA 	Keypress: e
1400.1230 	EXP 	window1: recordFrameIntervals = False
1400.5235 	DATA 	Keypress: c
1404.4233 	EXP 	window1: recordFrameIntervals = False
1404.8915 	DATA 	Keypress: w
1408.8248 	EXP 	window1: recordFrameIntervals = False
1409.4930 	DATA 	Keypress: p
1413.4929 	EXP 	window1: recordFrameIntervals = False
1414.2944 	DATA 	Keypress: s
1418.2281 	EXP 	window1: recordFrameIntervals = False
1419.4464 	DATA 	Keypress: u
1423.4132 	EXP 	window1: recordFrameIntervals = False
1423.7976 	DATA 	Keypress: d
1427.9144 	EXP 	window1: recordFrameIntervals = False
1428.4161 	DATA 	Keypress: r
1432.2998 	EXP 	window1: recordFrameIntervals = False
1434.3351 	DATA 	Keypress: p
1438.6682 	EXP 	window1: recordFrameIntervals = False
1439.0205 	DATA 	Keypress: q
1442.7876 	DATA 	Keypress: space
1443.0363 	EXP 	window1: recordFrameIntervals = False
1443.5049 	DATA 	Keypress: e
1447.5379 	EXP 	window1: recordFrameIntervals = False
1448.9899 	DATA 	Keypress: r
1452.9228 	EXP 	window1: recordFrameIntervals = False
1454.2582 	DATA 	Keypress: p
1458.4574 	EXP 	window1: recordFrameIntervals = False
1459.7759 	DATA 	Keypress: l
1464.0097 	EXP 	window1: recordFrameIntervals = False
1466.0962 	DATA 	Keypress: j
1470.2119 	EXP 	window1: recordFrameIntervals = False
1473.4645 	DATA 	Keypress: a
1477.7153 	EXP 	window1: recordFrameIntervals = False
1478.9658 	DATA 	Keypress: k
1483.0656 	EXP 	window1: recordFrameIntervals = False
1483.4170 	DATA 	Keypress: t
1487.6518 	EXP 	window1: recordFrameIntervals = False
1488.8695 	DATA 	Keypress: y
1492.9521 	EXP 	window1: recordFrameIntervals = False
1493.6705 	DATA 	Keypress: e
1497.8874 	EXP 	window1: recordFrameIntervals = False
1498.6228 	DATA 	Keypress: p
1502.6887 	EXP 	window1: recordFrameIntervals = False
1503.5080 	DATA 	Keypress: w
1507.7418 	EXP 	window1: recordFrameIntervals = False
1508.9593 	DATA 	Keypress: f
1513.1421 	EXP 	window1: recordFrameIntervals = False
1513.6935 	DATA 	Keypress: y
1517.6276 	EXP 	window1: recordFrameIntervals = False
1518.4459 	DATA 	Keypress: j
1522.3618 	EXP 	window1: recordFrameIntervals = False
1523.8804 	DATA 	Keypress: m
1528.1984 	EXP 	window1: recordFrameIntervals = False
1529.2317 	DATA 	Keypress: s
1533.5158 	EXP 	window1: recordFrameIntervals = False
1533.8335 	DATA 	Keypress: d
1537.8667 	EXP 	window1: recordFrameIntervals = False
1538.4519 	DATA 	Keypress: q
1542.3518 	EXP 	window1: recordFrameIntervals = False
1543.6034 	DATA 	Keypress: u
1547.8544 	EXP 	window1: recordFrameIntervals = False
1548.4382 	DATA 	Keypress: m
1552.3394 	EXP 	window1: recordFrameIntervals = False
1552.7241 	DATA 	Keypress: r
1556.6746 	EXP 	window1: recordFrameIntervals = False
1557.3589 	DATA 	Keypress: w
1561.2252 	EXP 	window1: recordFrameIntervals = False
1562.7096 	DATA 	Keypress: r
1566.7100 	EXP 	window1: recordFrameIntervals = False
1568.4788 	DATA 	Keypress: x
1572.4126 	EXP 	window1: recordFrameIntervals = False
1574.7639 	DATA 	Keypress: z
1578.6299 	EXP 	window1: recordFrameIntervals = False
1579.8159 	DATA 	Keypress: k
1583.9820 	EXP 	window1: recordFrameIntervals = False
1584.5005 	DATA 	Keypress: m
1588.3668 	EXP 	window1: recordFrameIntervals = False
1589.3189 	DATA 	Keypress: x
1593.2848 	EXP 	window1: recordFrameIntervals = False
1594.7873 	DATA 	Keypress: r
1598.7202 	EXP 	window1: recordFrameIntervals = False
1598.8382 	DATA 	Keypress: i
1599.3553 	INFO 	Finishing at 14:35 on 13 Feb 2020
1599.7562 	EXP 	window1: mouseVisible = True
