10.0210 	ERROR 	Screen apparently NOT the desired resolution of 2560.0x1440.0 pixels!!
15.3175 	INFO 	Successfully set darwin thread to realtime
16.3856 	INFO 	#[ PsychoPy3 RuntimeInfoStart ]
  #[[ PsychoPy ]] #---------
    psychopyVersion: 3.2.3
    psychopyHaveExtRush: True
  #[[ Experiment ]] #---------
    experimentRunTime: 2020_02_13 14:50 (Year_Month_Day Hour:Min)
    experimentRunTime.epoch: 1581623403
    experimentScript: Experiment3_VisualNow.py
    experimentScript.digestSHA1: d9809d16847809e6dfe395c6203fb6fc0627eb5a
    experimentScript.directory: /Users/vsg/Documents/GitHub/spatio_temporal_information_processing/RSVP_visual_now
  #[[ System ]] #---------
    systemHaveInternetAccess: True
    systemHostName: pbs-jf-imac.win.ad.jhu.edu
    systemLocale: C
    systemMemFreeRAM: 2011.015625
    systemMemTotalRAM: 8192.0
    systemPlatform: darwin 10.13.6 x86_64
    systemPyoVersion: -
    systemRebooted: Feb 7 20:28
    systemSec.OpenSSLVersion: LibreSSL 2.2.7
    systemSec.pythonSSL: True
    systemTimeNumpySD1000000_sec: 0.0041
    systemUser: vsg
    systemUserID: 502
    systemUsersCount: 1
  #[[ Window ]] #---------
    windowWinType: pyglet
    windowUnits: deg
    windowSize_pix: [5120 2880]
    windowScreen: 0
    windowRgb: [-0.7 -0.7 -0.7]
    windowRefreshTimeSD_ms: 0.108
    windowRefreshTimeMedian_ms: 16.667
    windowRefreshTimeAvg_ms: 16.672
    windowPos_pix: [0.0, 0.0]
    windowMonitor.name: testmonitor
    windowMonitor.getWidth_cm: 64.8
    windowMonitor.getDistance_cm: 100.0
    windowMonitor.currentCalibName: 2020_02_04 15:59
    windowIsFullScr: True
  #[[ Python ]] #---------
    pythonVersion: 3.6.1
  #[[ OpenGL ]] #---------
#[ PsychoPy3 RuntimeInfoEnd ]

16.3864 	WARNING 	Could not load the desired click sound file, instead using manually created inferior click
16.5215 	EXP 	Created sequence: random, trialTypes=280, nReps=14, seed=None
16.6406 	INFO 	numtrials=280 and each trialDurFrames=156 or 2600.0 ms  task=T1
16.8074 	EXP 	Created text = TextStim(__class__=<class 'psychopy.visual.text.TextStim'>, alignHoriz='center', alignVert='center', antialias=True, autoLog=True, bold=False, color=array([1., 1., 1.]), colorSpace='rgb', contrast=1.0, depth=-1.0, flipHoriz=False, flipVert=False, font='Arial', fontFiles=[], height=0.5, italic=False, languageStyle='LTR', name='text', opacity=1.0, ori=0, pos=array([0., 0.]), rgb=array([1., 1., 1.]), text='', units='deg', win=Window(...), wrapWidth=30)
16.8989 	EXP 	text: text = "Welcome! Thank you for agreeing to participate in this study.\n\nYou will be presented with a Rapid Stream of letters. Your task is to identify one of the letters.\n\nYou will perform this task while fixating in the center. \n\nThe stream of letters is presented anywhere on the horizontal axis of the screen.\n\nThe letter in the stream that you're supposed to identify is accompanied by a probe that can also appear anywhere on the horizontal axis of the screen.\n\nThe probe is a circular disk that will be flashed for a very brief time.\n\nOnce you've identified the letter after the trial ends, type it out on the keyboard.\n\nIf you're feeling uncomfortable, you can press ESC key any time to stop the experiment.\n\nPress any key when you are ready to begin the experiment.\n\n"
16.8989 	EXP 	text: autoDraw = True
151.6984 	DATA 	Keypress: space
151.6994 	EXP 	text: autoDraw = False
151.6997 	INFO 	Experiment will have 280 trials. Letters will be drawn with superposed noise of0.00%
151.6998 	INFO 	Starting main (non-staircase) part of experiment
155.2008 	EXP 	window1: recordFrameIntervals = False
157.3876 	DATA 	Keypress: r
161.5525 	EXP 	window1: recordFrameIntervals = False
163.3720 	DATA 	Keypress: q
167.6558 	EXP 	window1: recordFrameIntervals = False
169.0733 	DATA 	Keypress: w
173.2249 	EXP 	window1: recordFrameIntervals = False
174.5765 	DATA 	Keypress: c
178.8922 	EXP 	window1: recordFrameIntervals = False
179.8777 	DATA 	Keypress: w
183.7436 	EXP 	window1: recordFrameIntervals = False
184.1779 	DATA 	Keypress: f
188.2629 	EXP 	window1: recordFrameIntervals = False
189.1633 	DATA 	Keypress: d
193.2640 	EXP 	window1: recordFrameIntervals = False
194.1317 	DATA 	Keypress: a
198.2825 	EXP 	window1: recordFrameIntervals = False
199.7337 	DATA 	Keypress: g
203.9017 	EXP 	window1: recordFrameIntervals = False
205.3352 	DATA 	Keypress: l
209.3018 	EXP 	window1: recordFrameIntervals = False
210.0872 	DATA 	Keypress: m
213.9531 	EXP 	window1: recordFrameIntervals = False
214.9548 	DATA 	Keypress: h
219.2546 	EXP 	window1: recordFrameIntervals = False
219.8731 	DATA 	Keypress: e
224.2068 	EXP 	window1: recordFrameIntervals = False
224.7917 	DATA 	Keypress: l
228.6918 	EXP 	window1: recordFrameIntervals = False
229.5765 	DATA 	Keypress: t
233.7274 	EXP 	window1: recordFrameIntervals = False
234.2114 	DATA 	Keypress: c
238.2636 	DATA 	Keypress: p
238.4295 	EXP 	window1: recordFrameIntervals = False
239.2796 	DATA 	Keypress: p
243.3475 	EXP 	window1: recordFrameIntervals = False
244.0821 	DATA 	Keypress: c
248.2989 	EXP 	window1: recordFrameIntervals = False
249.0504 	DATA 	Keypress: b
253.3172 	EXP 	window1: recordFrameIntervals = False
254.6849 	DATA 	Keypress: n
258.7675 	EXP 	window1: recordFrameIntervals = False
260.3529 	DATA 	Keypress: s
264.6697 	EXP 	window1: recordFrameIntervals = False
265.1212 	DATA 	Keypress: a
269.1559 	EXP 	window1: recordFrameIntervals = False
269.7064 	DATA 	Keypress: p
273.5572 	EXP 	window1: recordFrameIntervals = False
273.7071 	DATA 	Keypress: d
277.9588 	EXP 	window1: recordFrameIntervals = False
278.5269 	DATA 	Keypress: d
282.6431 	EXP 	window1: recordFrameIntervals = False
283.2113 	DATA 	Keypress: t
287.3119 	EXP 	window1: recordFrameIntervals = False
289.7627 	DATA 	Keypress: c
293.6473 	EXP 	window1: recordFrameIntervals = False
293.7317 	DATA 	Keypress: s
297.9818 	EXP 	window1: recordFrameIntervals = False
298.3832 	DATA 	Keypress: l
302.6831 	EXP 	window1: recordFrameIntervals = False
303.0013 	DATA 	Keypress: e
307.1514 	EXP 	window1: recordFrameIntervals = False
307.6198 	DATA 	Keypress: s
311.8515 	EXP 	window1: recordFrameIntervals = False
312.2708 	DATA 	Keypress: r
315.9042 	DATA 	Keypress: l
316.2527 	EXP 	window1: recordFrameIntervals = False
316.6886 	DATA 	Keypress: l
321.0050 	EXP 	window1: recordFrameIntervals = False
321.9397 	DATA 	Keypress: g
325.9231 	EXP 	window1: recordFrameIntervals = False
327.5260 	DATA 	Keypress: a
331.8584 	EXP 	window1: recordFrameIntervals = False
332.4607 	DATA 	Keypress: e
336.4767 	EXP 	window1: recordFrameIntervals = False
337.2461 	DATA 	Keypress: f
341.1283 	EXP 	window1: recordFrameIntervals = False
341.6967 	DATA 	Keypress: d
345.8126 	EXP 	window1: recordFrameIntervals = False
346.4975 	DATA 	Keypress: m
350.7646 	EXP 	window1: recordFrameIntervals = False
351.1988 	DATA 	Keypress: v
355.1658 	EXP 	window1: recordFrameIntervals = False
356.0512 	DATA 	Keypress: s
360.2172 	EXP 	window1: recordFrameIntervals = False
360.6199 	DATA 	Keypress: t
364.8692 	EXP 	window1: recordFrameIntervals = False
365.2539 	DATA 	Keypress: j
369.5378 	EXP 	window1: recordFrameIntervals = False
370.6599 	DATA 	Keypress: q
374.9890 	EXP 	window1: recordFrameIntervals = False
375.4410 	DATA 	Keypress: p
379.2916 	DATA 	Keypress: w
379.5083 	EXP 	window1: recordFrameIntervals = False
380.4096 	DATA 	Keypress: w
384.5755 	EXP 	window1: recordFrameIntervals = False
385.2767 	DATA 	Keypress: d
389.6105 	EXP 	window1: recordFrameIntervals = False
390.1453 	DATA 	Keypress: a
394.3619 	EXP 	window1: recordFrameIntervals = False
394.9474 	DATA 	Keypress: z
399.1965 	EXP 	window1: recordFrameIntervals = False
400.7818 	DATA 	Keypress: q
404.7325 	EXP 	window1: recordFrameIntervals = False
405.3011 	DATA 	Keypress: r
409.2510 	EXP 	window1: recordFrameIntervals = False
410.4860 	DATA 	Keypress: e
414.3850 	EXP 	window1: recordFrameIntervals = False
414.9196 	DATA 	Keypress: z
419.2034 	EXP 	window1: recordFrameIntervals = False
419.7225 	DATA 	Keypress: d
423.7226 	EXP 	window1: recordFrameIntervals = False
424.1059 	DATA 	Keypress: a
428.2241 	EXP 	window1: recordFrameIntervals = False
428.6252 	DATA 	Keypress: p
432.9590 	EXP 	window1: recordFrameIntervals = False
434.0274 	DATA 	Keypress: r
438.3605 	EXP 	window1: recordFrameIntervals = False
439.7780 	DATA 	Keypress: m
443.8616 	EXP 	window1: recordFrameIntervals = False
444.2296 	DATA 	Keypress: x
448.3308 	EXP 	window1: recordFrameIntervals = False
448.7645 	DATA 	Keypress: w
452.6484 	EXP 	window1: recordFrameIntervals = False
453.0166 	DATA 	Keypress: u
457.2325 	EXP 	window1: recordFrameIntervals = False
457.5850 	DATA 	Keypress: y
461.8998 	EXP 	window1: recordFrameIntervals = False
462.2523 	DATA 	Keypress: g
466.5350 	EXP 	window1: recordFrameIntervals = False
466.9034 	DATA 	Keypress: y
471.0536 	EXP 	window1: recordFrameIntervals = False
471.8214 	DATA 	Keypress: e
475.6714 	EXP 	window1: recordFrameIntervals = False
476.0559 	DATA 	Keypress: a
480.2729 	EXP 	window1: recordFrameIntervals = False
480.6749 	DATA 	Keypress: p
484.6581 	EXP 	window1: recordFrameIntervals = False
485.7263 	DATA 	Keypress: e
489.8763 	EXP 	window1: recordFrameIntervals = False
490.7945 	DATA 	Keypress: m
494.7614 	EXP 	window1: recordFrameIntervals = False
495.1626 	DATA 	Keypress: b
499.3292 	EXP 	window1: recordFrameIntervals = False
500.3812 	DATA 	Keypress: t
505.6809 	DATA 	Keypress: space
509.8495 	EXP 	window1: recordFrameIntervals = False
512.2528 	DATA 	Keypress: b
516.5515 	EXP 	window1: recordFrameIntervals = False
517.6382 	DATA 	Keypress: w
521.6699 	EXP 	window1: recordFrameIntervals = False
522.7062 	DATA 	Keypress: v
526.7215 	EXP 	window1: recordFrameIntervals = False
528.1247 	DATA 	Keypress: r
532.0567 	EXP 	window1: recordFrameIntervals = False
532.6758 	DATA 	Keypress: q
536.7416 	EXP 	window1: recordFrameIntervals = False
537.1433 	DATA 	Keypress: r
541.4761 	EXP 	window1: recordFrameIntervals = False
542.4124 	DATA 	Keypress: a
546.4281 	EXP 	window1: recordFrameIntervals = False
547.1288 	DATA 	Keypress: m
550.9795 	EXP 	window1: recordFrameIntervals = False
551.6810 	DATA 	Keypress: p
555.9818 	EXP 	window1: recordFrameIntervals = False
556.9494 	DATA 	Keypress: z
561.0324 	EXP 	window1: recordFrameIntervals = False
561.8344 	DATA 	Keypress: a
565.8512 	EXP 	window1: recordFrameIntervals = False
566.2688 	DATA 	Keypress: p
570.2187 	EXP 	window1: recordFrameIntervals = False
570.5370 	DATA 	Keypress: f
574.6869 	EXP 	window1: recordFrameIntervals = False
575.2383 	DATA 	Keypress: w
579.3062 	EXP 	window1: recordFrameIntervals = False
579.6902 	DATA 	Keypress: d
583.7913 	EXP 	window1: recordFrameIntervals = False
584.3748 	DATA 	Keypress: j
588.6260 	EXP 	window1: recordFrameIntervals = False
589.1268 	DATA 	Keypress: r
592.9778 	EXP 	window1: recordFrameIntervals = False
593.4613 	DATA 	Keypress: a
597.4785 	EXP 	window1: recordFrameIntervals = False
597.7975 	DATA 	Keypress: f
601.9124 	EXP 	window1: recordFrameIntervals = False
602.4650 	DATA 	Keypress: t
606.3467 	EXP 	window1: recordFrameIntervals = False
606.8820 	DATA 	Keypress: f
611.0333 	EXP 	window1: recordFrameIntervals = False
611.4504 	DATA 	Keypress: t
615.5172 	EXP 	window1: recordFrameIntervals = False
615.8853 	DATA 	Keypress: l
619.7515 	EXP 	window1: recordFrameIntervals = False
620.4209 	DATA 	Keypress: n
624.7366 	EXP 	window1: recordFrameIntervals = False
625.3880 	DATA 	Keypress: t
629.4381 	EXP 	window1: recordFrameIntervals = False
630.0075 	DATA 	Keypress: g
634.0906 	EXP 	window1: recordFrameIntervals = False
634.3925 	DATA 	Keypress: g
638.6256 	EXP 	window1: recordFrameIntervals = False
639.5431 	DATA 	Keypress: k
643.4266 	EXP 	window1: recordFrameIntervals = False
643.9775 	DATA 	Keypress: f
648.0454 	EXP 	window1: recordFrameIntervals = False
648.5471 	DATA 	Keypress: v
652.7803 	EXP 	window1: recordFrameIntervals = False
653.2652 	DATA 	Keypress: s
657.3486 	EXP 	window1: recordFrameIntervals = False
658.1167 	DATA 	Keypress: m
662.0329 	EXP 	window1: recordFrameIntervals = False
663.0342 	DATA 	Keypress: e
667.2339 	EXP 	window1: recordFrameIntervals = False
668.0204 	DATA 	Keypress: p
671.9186 	EXP 	window1: recordFrameIntervals = False
672.2696 	DATA 	Keypress: k
676.1210 	EXP 	window1: recordFrameIntervals = False
676.6220 	DATA 	Keypress: f
680.8885 	EXP 	window1: recordFrameIntervals = False
681.2734 	DATA 	Keypress: x
685.3400 	EXP 	window1: recordFrameIntervals = False
685.8256 	DATA 	Keypress: t
689.9744 	EXP 	window1: recordFrameIntervals = False
690.4425 	DATA 	Keypress: p
694.3264 	EXP 	window1: recordFrameIntervals = False
695.0440 	DATA 	Keypress: h
698.8949 	EXP 	window1: recordFrameIntervals = False
700.1960 	DATA 	Keypress: j
704.1960 	EXP 	window1: recordFrameIntervals = False
704.9808 	DATA 	Keypress: b
708.9321 	EXP 	window1: recordFrameIntervals = False
709.4836 	DATA 	Keypress: l
713.5997 	EXP 	window1: recordFrameIntervals = False
714.1838 	DATA 	Keypress: j
718.1181 	EXP 	window1: recordFrameIntervals = False
718.5194 	DATA 	Keypress: e
722.5362 	EXP 	window1: recordFrameIntervals = False
722.9044 	DATA 	Keypress: s
726.7863 	EXP 	window1: recordFrameIntervals = False
727.8718 	DATA 	Keypress: m
732.0426 	EXP 	window1: recordFrameIntervals = False
732.0429 	ERROR 	trialnum=118 ERROR,2 frames were longer than 21.67 ms apparently screen refreshes skipped, interframe durs were:[21.7 22.1] and was these frames: [ 44 130]
732.0430 	INFO 	flankers also=[12.2 21.7 16.1 12.8 22.1 11.1]
732.9411 	DATA 	Keypress: w
736.8898 	EXP 	window1: recordFrameIntervals = False
737.8260 	DATA 	Keypress: j
742.0412 	EXP 	window1: recordFrameIntervals = False
743.0608 	DATA 	Keypress: y
746.9433 	EXP 	window1: recordFrameIntervals = False
747.8289 	DATA 	Keypress: l
752.1615 	EXP 	window1: recordFrameIntervals = False
752.9642 	DATA 	Keypress: q
757.2299 	EXP 	window1: recordFrameIntervals = False
757.7823 	DATA 	Keypress: s
761.6642 	EXP 	window1: recordFrameIntervals = False
762.7338 	DATA 	Keypress: u
766.9326 	EXP 	window1: recordFrameIntervals = False
767.4856 	DATA 	Keypress: p
771.6007 	EXP 	window1: recordFrameIntervals = False
772.1522 	DATA 	Keypress: w
776.2204 	EXP 	window1: recordFrameIntervals = False
776.5373 	DATA 	Keypress: r
780.5043 	EXP 	window1: recordFrameIntervals = False
781.5888 	DATA 	Keypress: q
785.6557 	EXP 	window1: recordFrameIntervals = False
786.5739 	DATA 	Keypress: f
790.4917 	EXP 	window1: recordFrameIntervals = False
791.5933 	DATA 	Keypress: k
795.5752 	EXP 	window1: recordFrameIntervals = False
796.8276 	DATA 	Keypress: j
800.8276 	EXP 	window1: recordFrameIntervals = False
800.8957 	DATA 	Keypress: a
804.3798 	DATA 	Keypress: o
804.8619 	EXP 	window1: recordFrameIntervals = False
805.2300 	DATA 	Keypress: o
809.2301 	EXP 	window1: recordFrameIntervals = False
810.1490 	DATA 	Keypress: r
814.2151 	EXP 	window1: recordFrameIntervals = False
814.6332 	DATA 	Keypress: m
818.8675 	EXP 	window1: recordFrameIntervals = False
819.2350 	DATA 	Keypress: d
823.3026 	EXP 	window1: recordFrameIntervals = False
824.7531 	DATA 	Keypress: l
828.7361 	EXP 	window1: recordFrameIntervals = False
829.5214 	DATA 	Keypress: s
833.5893 	EXP 	window1: recordFrameIntervals = False
834.2224 	DATA 	Keypress: r
838.5235 	EXP 	window1: recordFrameIntervals = False
838.8748 	DATA 	Keypress: b
906.1209 	DATA 	Keypress: space
909.8626 	EXP 	window1: recordFrameIntervals = False
910.2478 	DATA 	Keypress: w
914.5807 	EXP 	window1: recordFrameIntervals = False
915.2493 	DATA 	Keypress: t
919.3830 	EXP 	window1: recordFrameIntervals = False
920.2171 	DATA 	Keypress: r
924.3520 	EXP 	window1: recordFrameIntervals = False
925.3356 	DATA 	Keypress: h
929.5692 	EXP 	window1: recordFrameIntervals = False
930.5878 	DATA 	Keypress: n
934.9208 	EXP 	window1: recordFrameIntervals = False
935.2891 	DATA 	Keypress: t
939.2568 	EXP 	window1: recordFrameIntervals = False
940.3575 	DATA 	Keypress: n
944.2574 	EXP 	window1: recordFrameIntervals = False
944.6089 	DATA 	Keypress: j
948.6086 	EXP 	window1: recordFrameIntervals = False
948.9778 	DATA 	Keypress: e
952.9278 	EXP 	window1: recordFrameIntervals = False
953.2793 	DATA 	Keypress: f
957.4631 	EXP 	window1: recordFrameIntervals = False
957.8133 	DATA 	Keypress: u
961.6962 	EXP 	window1: recordFrameIntervals = False
962.0478 	DATA 	Keypress: d
966.1645 	EXP 	window1: recordFrameIntervals = False
967.3841 	DATA 	Keypress: e
971.2501 	EXP 	window1: recordFrameIntervals = False
971.8343 	DATA 	Keypress: k
975.7172 	EXP 	window1: recordFrameIntervals = False
976.1696 	DATA 	Keypress: z
980.0362 	EXP 	window1: recordFrameIntervals = False
980.4535 	DATA 	Keypress: l
984.5208 	EXP 	window1: recordFrameIntervals = False
985.4392 	DATA 	Keypress: w
989.6719 	EXP 	window1: recordFrameIntervals = False
991.0401 	DATA 	Keypress: z
994.9740 	EXP 	window1: recordFrameIntervals = False
996.2094 	DATA 	Keypress: w
1000.4926 	EXP 	window1: recordFrameIntervals = False
1001.3769 	DATA 	Keypress: d
1005.2605 	EXP 	window1: recordFrameIntervals = False
1006.2129 	DATA 	Keypress: k
1010.3961 	EXP 	window1: recordFrameIntervals = False
1011.3303 	DATA 	Keypress: w
1015.3642 	EXP 	window1: recordFrameIntervals = False
1016.2493 	DATA 	Keypress: e
1020.3653 	EXP 	window1: recordFrameIntervals = False
1021.0829 	DATA 	Keypress: m
1025.1177 	EXP 	window1: recordFrameIntervals = False
1026.4360 	DATA 	Keypress: j
1030.7520 	EXP 	window1: recordFrameIntervals = False
1031.7035 	DATA 	Keypress: q
1035.7541 	EXP 	window1: recordFrameIntervals = False
1036.9888 	DATA 	Keypress: w
1041.0386 	EXP 	window1: recordFrameIntervals = False
1041.9403 	DATA 	Keypress: w
1046.2070 	EXP 	window1: recordFrameIntervals = False
1047.1253 	DATA 	Keypress: e
1051.1921 	EXP 	window1: recordFrameIntervals = False
1052.0767 	DATA 	Keypress: g
1056.0104 	EXP 	window1: recordFrameIntervals = False
1057.4799 	DATA 	Keypress: g
1061.3288 	EXP 	window1: recordFrameIntervals = False
1061.6470 	DATA 	Keypress: t
1065.6970 	EXP 	window1: recordFrameIntervals = False
1066.8329 	DATA 	Keypress: s
1071.0651 	EXP 	window1: recordFrameIntervals = False
1071.5668 	DATA 	Keypress: w
1075.4501 	EXP 	window1: recordFrameIntervals = False
1075.8180 	DATA 	Keypress: j
1079.8180 	EXP 	window1: recordFrameIntervals = False
1080.1862 	DATA 	Keypress: f
1084.2530 	EXP 	window1: recordFrameIntervals = False
1084.5710 	DATA 	Keypress: q
1088.5382 	EXP 	window1: recordFrameIntervals = False
1088.9227 	DATA 	Keypress: s
1093.1564 	EXP 	window1: recordFrameIntervals = False
1094.0071 	DATA 	Keypress: b
1098.2080 	EXP 	window1: recordFrameIntervals = False
1098.7761 	DATA 	Keypress: j
1102.9431 	EXP 	window1: recordFrameIntervals = False
1103.5283 	DATA 	Keypress: t
1107.8283 	EXP 	window1: recordFrameIntervals = False
1108.9967 	DATA 	Keypress: h
1113.3134 	EXP 	window1: recordFrameIntervals = False
1114.4640 	DATA 	Keypress: m
1118.4649 	EXP 	window1: recordFrameIntervals = False
1119.1654 	DATA 	Keypress: z
1123.4166 	EXP 	window1: recordFrameIntervals = False
1123.9686 	DATA 	Keypress: e
1128.1186 	EXP 	window1: recordFrameIntervals = False
1128.6017 	DATA 	Keypress: m
1132.6364 	EXP 	window1: recordFrameIntervals = False
1133.2542 	DATA 	Keypress: x
1137.4197 	EXP 	window1: recordFrameIntervals = False
1138.4393 	DATA 	Keypress: l
1142.7563 	EXP 	window1: recordFrameIntervals = False
1142.7566 	ERROR 	trialnum=189 ERROR,3 frames were longer than 21.67 ms apparently screen refreshes skipped, interframe durs were:[22.  22.  21.9] and was these frames: [ 12  51 125]
1142.7568 	INFO 	flankers also=[15.5 22.  15.9 15.6 22.  16.  12.9 21.9 15.9]
1143.3245 	DATA 	Keypress: f
1147.3396 	EXP 	window1: recordFrameIntervals = False
1147.8419 	DATA 	Keypress: m
1151.8089 	EXP 	window1: recordFrameIntervals = False
1152.2263 	DATA 	Keypress: f
1156.1769 	EXP 	window1: recordFrameIntervals = False
1157.0273 	DATA 	Keypress: r
1161.1954 	EXP 	window1: recordFrameIntervals = False
1162.5307 	DATA 	Keypress: c
1165.6638 	DATA 	Keypress: c
1166.3968 	EXP 	window1: recordFrameIntervals = False
1167.9152 	DATA 	Keypress: p
1171.7809 	EXP 	window1: recordFrameIntervals = False
1172.9010 	DATA 	Keypress: w
1176.7662 	EXP 	window1: recordFrameIntervals = False
1177.6025 	DATA 	Keypress: p
1181.9175 	EXP 	window1: recordFrameIntervals = False
1182.2688 	DATA 	Keypress: m
1186.2027 	EXP 	window1: recordFrameIntervals = False
1186.8042 	DATA 	Keypress: r
1191.0418 	EXP 	window1: recordFrameIntervals = False
1191.0421 	ERROR 	trialnum=199 ERROR,2 frames were longer than 21.67 ms apparently screen refreshes skipped, interframe durs were:[22.  21.7] and was these frames: [101 111]
1191.0422 	INFO 	flankers also=[16.2 22.  11.6 10.5 21.7 17.2]
1191.6264 	DATA 	Keypress: y
1195.8222 	EXP 	window1: recordFrameIntervals = False
1196.2237 	DATA 	Keypress: t
1200.2073 	EXP 	window1: recordFrameIntervals = False
1200.6760 	DATA 	Keypress: v
1204.8257 	EXP 	window1: recordFrameIntervals = False
1205.6439 	DATA 	Keypress: g
1209.7279 	EXP 	window1: recordFrameIntervals = False
1210.3794 	DATA 	Keypress: f
1214.2792 	EXP 	window1: recordFrameIntervals = False
1214.8804 	DATA 	Keypress: l
1218.7808 	EXP 	window1: recordFrameIntervals = False
1219.4150 	DATA 	Keypress: g
1223.5158 	EXP 	window1: recordFrameIntervals = False
1223.8833 	DATA 	Keypress: m
1228.1673 	EXP 	window1: recordFrameIntervals = False
1228.7351 	DATA 	Keypress: h
1232.5854 	EXP 	window1: recordFrameIntervals = False
1233.4205 	DATA 	Keypress: p
1237.6536 	EXP 	window1: recordFrameIntervals = False
1238.2556 	DATA 	Keypress: h
1242.1247 	EXP 	window1: recordFrameIntervals = False
1242.5064 	DATA 	Keypress: u
1256.7128 	DATA 	Keypress: space
1260.5268 	EXP 	window1: recordFrameIntervals = False
1261.6792 	DATA 	Keypress: s
1265.9783 	EXP 	window1: recordFrameIntervals = False
1266.9967 	DATA 	Keypress: h
1271.2971 	EXP 	window1: recordFrameIntervals = False
1272.2816 	DATA 	Keypress: s
1276.4315 	EXP 	window1: recordFrameIntervals = False
1277.3839 	DATA 	Keypress: n
1281.4499 	EXP 	window1: recordFrameIntervals = False
1282.1683 	DATA 	Keypress: s
1286.1520 	EXP 	window1: recordFrameIntervals = False
1286.5027 	DATA 	Keypress: t
1290.3706 	EXP 	window1: recordFrameIntervals = False
1291.6378 	DATA 	Keypress: j
1295.9216 	EXP 	window1: recordFrameIntervals = False
1296.9900 	DATA 	Keypress: d
1300.8403 	EXP 	window1: recordFrameIntervals = False
1301.1912 	DATA 	Keypress: l
1305.2579 	EXP 	window1: recordFrameIntervals = False
1305.9934 	DATA 	Keypress: t
1310.0927 	EXP 	window1: recordFrameIntervals = False
1310.6288 	DATA 	Keypress: e
1314.7445 	EXP 	window1: recordFrameIntervals = False
1315.0960 	DATA 	Keypress: a
1319.0969 	EXP 	window1: recordFrameIntervals = False
1319.4972 	DATA 	Keypress: d
1323.7483 	EXP 	window1: recordFrameIntervals = False
1324.4654 	DATA 	Keypress: d
1328.7508 	EXP 	window1: recordFrameIntervals = False
1330.1340 	DATA 	Keypress: g
1334.1678 	EXP 	window1: recordFrameIntervals = False
1334.5522 	DATA 	Keypress: n
1338.6200 	EXP 	window1: recordFrameIntervals = False
1339.3872 	DATA 	Keypress: k
1343.4704 	EXP 	window1: recordFrameIntervals = False
1343.8227 	DATA 	Keypress: f
1347.7064 	EXP 	window1: recordFrameIntervals = False
1348.7240 	DATA 	Keypress: w
1352.8414 	EXP 	window1: recordFrameIntervals = False
1353.3767 	DATA 	Keypress: r
1357.6430 	EXP 	window1: recordFrameIntervals = False
1358.3773 	DATA 	Keypress: g
1362.7113 	EXP 	window1: recordFrameIntervals = False
1363.0616 	DATA 	Keypress: comma
1363.5794 	DATA 	Keypress: comma
1364.0618 	DATA 	Keypress: comma
1365.4287 	DATA 	Keypress: m
1369.6291 	EXP 	window1: recordFrameIntervals = False
1370.3144 	DATA 	Keypress: l
1374.4651 	EXP 	window1: recordFrameIntervals = False
1375.2494 	DATA 	Keypress: h
1379.4501 	EXP 	window1: recordFrameIntervals = False
1379.7666 	DATA 	Keypress: f
1384.0007 	EXP 	window1: recordFrameIntervals = False
1384.7359 	DATA 	Keypress: t
1388.8191 	EXP 	window1: recordFrameIntervals = False
1389.1372 	DATA 	Keypress: s
1393.1210 	EXP 	window1: recordFrameIntervals = False
1393.4383 	DATA 	Keypress: l
1397.6386 	EXP 	window1: recordFrameIntervals = False
1398.0576 	DATA 	Keypress: h
1401.9057 	EXP 	window1: recordFrameIntervals = False
1402.7920 	DATA 	Keypress: m
1406.7909 	EXP 	window1: recordFrameIntervals = False
1407.3083 	DATA 	Keypress: j
1411.2758 	EXP 	window1: recordFrameIntervals = False
1412.2773 	DATA 	Keypress: p
1416.2104 	EXP 	window1: recordFrameIntervals = False
1416.6455 	DATA 	Keypress: s
1420.9456 	EXP 	window1: recordFrameIntervals = False
1421.3472 	DATA 	Keypress: k
1425.6139 	EXP 	window1: recordFrameIntervals = False
1425.9482 	DATA 	Keypress: d
1430.1319 	EXP 	window1: recordFrameIntervals = False
1430.6834 	DATA 	Keypress: g
1434.6163 	EXP 	window1: recordFrameIntervals = False
1435.0848 	DATA 	Keypress: k
1438.7691 	DATA 	Keypress: s
1439.0188 	EXP 	window1: recordFrameIntervals = False
1439.3702 	DATA 	Keypress: s
1443.3883 	DATA 	Keypress: h
1443.5700 	EXP 	window1: recordFrameIntervals = False
1443.7382 	DATA 	Keypress: h
1447.8891 	EXP 	window1: recordFrameIntervals = False
1451.2067 	DATA 	Keypress: b
1455.1904 	EXP 	window1: recordFrameIntervals = False
1455.5417 	DATA 	Keypress: b
1459.4758 	EXP 	window1: recordFrameIntervals = False
1459.7769 	DATA 	Keypress: g
1463.9110 	EXP 	window1: recordFrameIntervals = False
1464.3623 	DATA 	Keypress: p
1468.4780 	EXP 	window1: recordFrameIntervals = False
1468.7968 	DATA 	Keypress: a
1472.8135 	EXP 	window1: recordFrameIntervals = False
1473.9981 	DATA 	Keypress: l
1478.2319 	EXP 	window1: recordFrameIntervals = False
1478.7003 	DATA 	Keypress: q
1482.9501 	EXP 	window1: recordFrameIntervals = False
1483.3175 	DATA 	Keypress: m
1487.3672 	EXP 	window1: recordFrameIntervals = False
1487.7028 	DATA 	Keypress: b
1491.7688 	EXP 	window1: recordFrameIntervals = False
1492.6879 	DATA 	Keypress: t
1496.6542 	EXP 	window1: recordFrameIntervals = False
1497.0881 	DATA 	Keypress: p
1501.1218 	EXP 	window1: recordFrameIntervals = False
1501.6404 	DATA 	Keypress: h
1505.9064 	EXP 	window1: recordFrameIntervals = False
1507.1247 	DATA 	Keypress: y
1511.3416 	EXP 	window1: recordFrameIntervals = False
1511.7600 	DATA 	Keypress: a
1515.9766 	EXP 	window1: recordFrameIntervals = False
1516.6114 	DATA 	Keypress: v
1520.8290 	EXP 	window1: recordFrameIntervals = False
1521.1464 	DATA 	Keypress: h
1525.2635 	EXP 	window1: recordFrameIntervals = False
1526.3147 	DATA 	Keypress: e
1530.5647 	EXP 	window1: recordFrameIntervals = False
1531.0992 	DATA 	Keypress: d
1535.1328 	EXP 	window1: recordFrameIntervals = False
1535.9674 	DATA 	Keypress: s
1540.0681 	EXP 	window1: recordFrameIntervals = False
1541.0026 	DATA 	Keypress: d
1545.0193 	EXP 	window1: recordFrameIntervals = False
1545.6876 	DATA 	Keypress: m
1549.5538 	EXP 	window1: recordFrameIntervals = False
1550.3222 	DATA 	Keypress: p
1554.4904 	DATA 	Keypress: a
1554.5221 	EXP 	window1: recordFrameIntervals = False
1555.1734 	DATA 	Keypress: a
1559.1083 	EXP 	window1: recordFrameIntervals = False
1559.4929 	DATA 	Keypress: h
1563.4765 	EXP 	window1: recordFrameIntervals = False
1564.3280 	DATA 	Keypress: t
1568.1947 	EXP 	window1: recordFrameIntervals = False
1569.0466 	DATA 	Keypress: g
1573.3629 	EXP 	window1: recordFrameIntervals = False
1574.4134 	DATA 	Keypress: r
1578.2644 	EXP 	window1: recordFrameIntervals = False
1578.5815 	DATA 	Keypress: w
1582.7328 	EXP 	window1: recordFrameIntervals = False
1584.0170 	DATA 	Keypress: y
1588.0679 	EXP 	window1: recordFrameIntervals = False
1588.3854 	DATA 	Keypress: k
1588.9032 	INFO 	Finishing at 15:16 on 13 Feb 2020
1589.3049 	EXP 	window1: mouseVisible = True
