9.4028 	ERROR 	Screen apparently NOT the desired resolution of 2560.0x1440.0 pixels!!
13.7676 	INFO 	Successfully set darwin thread to realtime
14.8324 	INFO 	#[ PsychoPy3 RuntimeInfoStart ]
  #[[ PsychoPy ]] #---------
    psychopyVersion: 3.2.3
    psychopyHaveExtRush: True
  #[[ Experiment ]] #---------
    experimentRunTime: 2020_02_14 17:05 (Year_Month_Day Hour:Min)
    experimentRunTime.epoch: 1581717924
    experimentScript: Experiment3_VisualNow.py
    experimentScript.digestSHA1: d9809d16847809e6dfe395c6203fb6fc0627eb5a
    experimentScript.directory: /Users/vsg/Documents/GitHub/spatio_temporal_information_processing/RSVP_visual_now
  #[[ System ]] #---------
    systemHaveInternetAccess: True
    systemHostName: pbs-jf-imac.win.ad.jhu.edu
    systemLocale: C
    systemMemFreeRAM: 1929.76953125
    systemMemTotalRAM: 8192.0
    systemPlatform: darwin 10.13.6 x86_64
    systemPyoVersion: -
    systemRebooted: Feb 7 20:28
    systemSec.OpenSSLVersion: LibreSSL 2.2.7
    systemSec.pythonSSL: True
    systemTimeNumpySD1000000_sec: 0.0041
    systemUser: vsg
    systemUserID: 502
    systemUsersCount: 1
  #[[ Window ]] #---------
    windowWinType: pyglet
    windowUnits: deg
    windowSize_pix: [5120 2880]
    windowScreen: 0
    windowRgb: [-0.7 -0.7 -0.7]
    windowRefreshTimeSD_ms: 0.555
    windowRefreshTimeMedian_ms: 16.665
    windowRefreshTimeAvg_ms: 16.651
    windowPos_pix: [0.0, 0.0]
    windowMonitor.name: testmonitor
    windowMonitor.getWidth_cm: 64.8
    windowMonitor.getDistance_cm: 100.0
    windowMonitor.currentCalibName: 2020_02_04 15:59
    windowIsFullScr: True
  #[[ Python ]] #---------
    pythonVersion: 3.6.1
  #[[ OpenGL ]] #---------
#[ PsychoPy3 RuntimeInfoEnd ]

14.8332 	WARNING 	Could not load the desired click sound file, instead using manually created inferior click
14.9518 	EXP 	Created sequence: random, trialTypes=280, nReps=14, seed=None
15.0729 	INFO 	numtrials=280 and each trialDurFrames=156 or 2600.0 ms  task=T1
15.2386 	EXP 	Created text = TextStim(__class__=<class 'psychopy.visual.text.TextStim'>, alignHoriz='center', alignVert='center', antialias=True, autoLog=True, bold=False, color=array([1., 1., 1.]), colorSpace='rgb', contrast=1.0, depth=-1.0, flipHoriz=False, flipVert=False, font='Arial', fontFiles=[], height=0.5, italic=False, languageStyle='LTR', name='text', opacity=1.0, ori=0, pos=array([0., 0.]), rgb=array([1., 1., 1.]), text='', units='deg', win=Window(...), wrapWidth=30)
15.3309 	EXP 	text: text = "Welcome! Thank you for agreeing to participate in this study.\n\nYou will be presented with a Rapid Stream of letters. Your task is to identify one of the letters.\n\nYou will perform this task while fixating in the center. \n\nThe stream of letters is presented anywhere on the horizontal axis of the screen.\n\nThe letter in the stream that you're supposed to identify is accompanied by a probe that can also appear anywhere on the horizontal axis of the screen.\n\nThe probe is a circular disk that will be flashed for a very brief time.\n\nOnce you've identified the letter after the trial ends, type it out on the keyboard.\n\nIf you're feeling uncomfortable, you can press ESC key any time to stop the experiment.\n\nPress any key when you are ready to begin the experiment.\n\n"
15.3309 	EXP 	text: autoDraw = True
111.6443 	DATA 	Keypress: space
111.6453 	EXP 	text: autoDraw = False
111.6459 	INFO 	Experiment will have 280 trials. Letters will be drawn with superposed noise of0.00%
111.6459 	INFO 	Starting main (non-staircase) part of experiment
115.3188 	EXP 	window1: recordFrameIntervals = False
117.1522 	DATA 	Keypress: lshift
117.2553 	DATA 	Keypress: r
121.2911 	EXP 	window1: recordFrameIntervals = False
121.2914 	ERROR 	trialnum=1 ERROR,1 frames were longer than 21.67 ms apparently screen refreshes skipped, interframe durs were:[22.1] and was these frames: [111]
121.2916 	INFO 	flankers also=[15.8 22.1 11.9]
122.4553 	DATA 	Keypress: lshift
122.5734 	DATA 	Keypress: g
126.4722 	EXP 	window1: recordFrameIntervals = False
129.2400 	DATA 	Keypress: lshift
129.4250 	DATA 	Keypress: d
133.3089 	EXP 	window1: recordFrameIntervals = False
134.3750 	DATA 	Keypress: lshift
134.4941 	DATA 	Keypress: b
138.6761 	EXP 	window1: recordFrameIntervals = False
140.6440 	DATA 	Keypress: lshift
140.8624 	DATA 	Keypress: w
144.9951 	EXP 	window1: recordFrameIntervals = False
145.7623 	DATA 	Keypress: lshift
145.9808 	DATA 	Keypress: k
149.8796 	EXP 	window1: recordFrameIntervals = False
150.9649 	DATA 	Keypress: p
154.8148 	EXP 	window1: recordFrameIntervals = False
155.8502 	DATA 	Keypress: b
160.1499 	EXP 	window1: recordFrameIntervals = False
161.1513 	DATA 	Keypress: z
165.4353 	EXP 	window1: recordFrameIntervals = False
167.1369 	DATA 	Keypress: u
171.3035 	EXP 	window1: recordFrameIntervals = False
172.4393 	DATA 	Keypress: r
176.4720 	EXP 	window1: recordFrameIntervals = False
177.8075 	DATA 	Keypress: w
182.0900 	EXP 	window1: recordFrameIntervals = False
184.6588 	DATA 	Keypress: k
188.7105 	EXP 	window1: recordFrameIntervals = False
189.8108 	DATA 	Keypress: m
193.7288 	EXP 	window1: recordFrameIntervals = False
194.7632 	DATA 	Keypress: l
198.7301 	EXP 	window1: recordFrameIntervals = False
200.7486 	DATA 	Keypress: y
204.5975 	EXP 	window1: recordFrameIntervals = False
205.6660 	DATA 	Keypress: h
209.6332 	EXP 	window1: recordFrameIntervals = False
210.7843 	DATA 	Keypress: i
214.6341 	EXP 	window1: recordFrameIntervals = False
215.8193 	DATA 	Keypress: f
220.1525 	EXP 	window1: recordFrameIntervals = False
222.1049 	DATA 	Keypress: m
225.9545 	EXP 	window1: recordFrameIntervals = False
226.8392 	DATA 	Keypress: c
231.1233 	EXP 	window1: recordFrameIntervals = False
232.0413 	DATA 	Keypress: e
236.2744 	EXP 	window1: recordFrameIntervals = False
238.6447 	DATA 	Keypress: s
242.8946 	EXP 	window1: recordFrameIntervals = False
244.6792 	DATA 	Keypress: e
248.6788 	EXP 	window1: recordFrameIntervals = False
249.8135 	DATA 	Keypress: b
253.9804 	EXP 	window1: recordFrameIntervals = False
255.3155 	DATA 	Keypress: b
259.5330 	EXP 	window1: recordFrameIntervals = False
260.6672 	DATA 	Keypress: a
264.8850 	EXP 	window1: recordFrameIntervals = False
276.3888 	DATA 	Keypress: t
280.4889 	EXP 	window1: recordFrameIntervals = False
281.6404 	DATA 	Keypress: a
285.9250 	EXP 	window1: recordFrameIntervals = False
287.1756 	DATA 	Keypress: w
291.0923 	EXP 	window1: recordFrameIntervals = False
292.3789 	DATA 	Keypress: s
296.6608 	EXP 	window1: recordFrameIntervals = False
297.7472 	DATA 	Keypress: v
301.9962 	EXP 	window1: recordFrameIntervals = False
303.4986 	DATA 	Keypress: e
307.5990 	EXP 	window1: recordFrameIntervals = False
308.5335 	DATA 	Keypress: t
312.8505 	EXP 	window1: recordFrameIntervals = False
314.0182 	DATA 	Keypress: s
318.2357 	EXP 	window1: recordFrameIntervals = False
319.3531 	DATA 	Keypress: f
323.3371 	EXP 	window1: recordFrameIntervals = False
324.5553 	DATA 	Keypress: w
328.5393 	EXP 	window1: recordFrameIntervals = False
329.5235 	DATA 	Keypress: y
333.4240 	EXP 	window1: recordFrameIntervals = False
334.6081 	DATA 	Keypress: x
338.9258 	EXP 	window1: recordFrameIntervals = False
339.8274 	DATA 	Keypress: k
343.9111 	EXP 	window1: recordFrameIntervals = False
344.7775 	DATA 	Keypress: m
348.9445 	EXP 	window1: recordFrameIntervals = False
349.5467 	DATA 	Keypress: s
353.7138 	EXP 	window1: recordFrameIntervals = False
355.0145 	DATA 	Keypress: x
359.0981 	EXP 	window1: recordFrameIntervals = False
360.1997 	DATA 	Keypress: c
364.1503 	EXP 	window1: recordFrameIntervals = False
365.0356 	DATA 	Keypress: s
369.1009 	EXP 	window1: recordFrameIntervals = False
370.1361 	DATA 	Keypress: v
374.3360 	EXP 	window1: recordFrameIntervals = False
375.2711 	DATA 	Keypress: p
379.1553 	EXP 	window1: recordFrameIntervals = False
379.5736 	DATA 	Keypress: b
383.8406 	EXP 	window1: recordFrameIntervals = False
385.0408 	DATA 	Keypress: h
389.1757 	EXP 	window1: recordFrameIntervals = False
390.2592 	DATA 	Keypress: b
394.2099 	EXP 	window1: recordFrameIntervals = False
395.2775 	DATA 	Keypress: w
399.4618 	EXP 	window1: recordFrameIntervals = False
400.4958 	DATA 	Keypress: j
404.6459 	EXP 	window1: recordFrameIntervals = False
405.6318 	DATA 	Keypress: s
409.6809 	EXP 	window1: recordFrameIntervals = False
410.8492 	DATA 	Keypress: t
414.8322 	EXP 	window1: recordFrameIntervals = False
416.8515 	DATA 	Keypress: j
420.7675 	EXP 	window1: recordFrameIntervals = False
421.8532 	DATA 	Keypress: h
425.9529 	EXP 	window1: recordFrameIntervals = False
426.9380 	DATA 	Keypress: a
431.1878 	EXP 	window1: recordFrameIntervals = False
432.0727 	DATA 	Keypress: t
436.2566 	EXP 	window1: recordFrameIntervals = False
437.1069 	DATA 	Keypress: z
441.3916 	EXP 	window1: recordFrameIntervals = False
442.4439 	DATA 	Keypress: w
446.4427 	EXP 	window1: recordFrameIntervals = False
447.4622 	DATA 	Keypress: h
451.6611 	EXP 	window1: recordFrameIntervals = False
452.8143 	DATA 	Keypress: c
456.9464 	EXP 	window1: recordFrameIntervals = False
457.8990 	DATA 	Keypress: j
461.7477 	EXP 	window1: recordFrameIntervals = False
462.4672 	DATA 	Keypress: f
466.7660 	EXP 	window1: recordFrameIntervals = False
468.0694 	DATA 	Keypress: s
472.3012 	EXP 	window1: recordFrameIntervals = False
473.4709 	DATA 	Keypress: s
477.4043 	EXP 	window1: recordFrameIntervals = False
479.1729 	DATA 	Keypress: s
483.3889 	EXP 	window1: recordFrameIntervals = False
484.4073 	DATA 	Keypress: m
488.7400 	EXP 	window1: recordFrameIntervals = False
489.9085 	DATA 	Keypress: g
494.0927 	EXP 	window1: recordFrameIntervals = False
495.1266 	DATA 	Keypress: w
499.4107 	EXP 	window1: recordFrameIntervals = False
500.3115 	DATA 	Keypress: c
503.7387 	DATA 	Keypress: space
507.5140 	EXP 	window1: recordFrameIntervals = False
508.3154 	DATA 	Keypress: b
512.5323 	EXP 	window1: recordFrameIntervals = False
513.4169 	DATA 	Keypress: k
517.5507 	EXP 	window1: recordFrameIntervals = False
518.4190 	DATA 	Keypress: w
522.7363 	EXP 	window1: recordFrameIntervals = False
523.7196 	DATA 	Keypress: k
527.7872 	EXP 	window1: recordFrameIntervals = False
528.7220 	DATA 	Keypress: q
532.6388 	EXP 	window1: recordFrameIntervals = False
532.6391 	ERROR 	trialnum=76 ERROR,1 frames were longer than 21.67 ms apparently screen refreshes skipped, interframe durs were:[21.8] and was these frames: [44]
532.6392 	INFO 	flankers also=[10.7 21.8 16.4]
533.6570 	DATA 	Keypress: d
537.5738 	EXP 	window1: recordFrameIntervals = False
538.4923 	DATA 	Keypress: m
542.8091 	EXP 	window1: recordFrameIntervals = False
543.7926 	DATA 	Keypress: t
547.9603 	EXP 	window1: recordFrameIntervals = False
548.7438 	DATA 	Keypress: f
552.9955 	EXP 	window1: recordFrameIntervals = False
553.7303 	DATA 	Keypress: m
557.6301 	EXP 	window1: recordFrameIntervals = False
558.5485 	DATA 	Keypress: l
562.4320 	EXP 	window1: recordFrameIntervals = False
562.9835 	DATA 	Keypress: u
565.2828 	DATA 	Keypress: h
567.2490 	EXP 	window1: recordFrameIntervals = False
567.7508 	DATA 	Keypress: c
571.9837 	EXP 	window1: recordFrameIntervals = False
572.5194 	DATA 	Keypress: f
576.7690 	EXP 	window1: recordFrameIntervals = False
577.7714 	DATA 	Keypress: p
582.0871 	EXP 	window1: recordFrameIntervals = False
583.0890 	DATA 	Keypress: c
587.0729 	EXP 	window1: recordFrameIntervals = False
588.0071 	DATA 	Keypress: g
592.1237 	EXP 	window1: recordFrameIntervals = False
592.8094 	DATA 	Keypress: f
596.7913 	EXP 	window1: recordFrameIntervals = False
597.6616 	DATA 	Keypress: y
601.8103 	EXP 	window1: recordFrameIntervals = False
602.7129 	DATA 	Keypress: w
606.6277 	EXP 	window1: recordFrameIntervals = False
607.1460 	DATA 	Keypress: h
611.4131 	EXP 	window1: recordFrameIntervals = False
612.2822 	DATA 	Keypress: z
615.8663 	DATA 	Keypress: h
616.3481 	EXP 	window1: recordFrameIntervals = False
617.1828 	DATA 	Keypress: w
621.5166 	EXP 	window1: recordFrameIntervals = False
622.5688 	DATA 	Keypress: n
626.5178 	EXP 	window1: recordFrameIntervals = False
626.8361 	DATA 	Keypress: z
630.8522 	EXP 	window1: recordFrameIntervals = False
631.1212 	DATA 	Keypress: v
634.6554 	DATA 	Keypress: x
635.1876 	EXP 	window1: recordFrameIntervals = False
635.6729 	DATA 	Keypress: x
639.5726 	EXP 	window1: recordFrameIntervals = False
640.2739 	DATA 	Keypress: r
644.2906 	EXP 	window1: recordFrameIntervals = False
645.1432 	DATA 	Keypress: w
649.2263 	EXP 	window1: recordFrameIntervals = False
650.2614 	DATA 	Keypress: m
654.1451 	EXP 	window1: recordFrameIntervals = False
655.0118 	DATA 	Keypress: e
659.0628 	EXP 	window1: recordFrameIntervals = False
659.6641 	DATA 	Keypress: b
663.6482 	EXP 	window1: recordFrameIntervals = False
664.7483 	DATA 	Keypress: z
668.8490 	EXP 	window1: recordFrameIntervals = False
669.6500 	DATA 	Keypress: l
673.8182 	EXP 	window1: recordFrameIntervals = False
674.7351 	DATA 	Keypress: h
678.9528 	EXP 	window1: recordFrameIntervals = False
679.2879 	DATA 	Keypress: e
683.4891 	DATA 	Keypress: k
683.5052 	EXP 	window1: recordFrameIntervals = False
684.0715 	DATA 	Keypress: k
688.0565 	EXP 	window1: recordFrameIntervals = False
689.4898 	DATA 	Keypress: a
693.6413 	EXP 	window1: recordFrameIntervals = False
694.7417 	DATA 	Keypress: f
698.6427 	EXP 	window1: recordFrameIntervals = False
699.1109 	DATA 	Keypress: e
703.2944 	EXP 	window1: recordFrameIntervals = False
704.3783 	DATA 	Keypress: t
708.5125 	EXP 	window1: recordFrameIntervals = False
709.2966 	DATA 	Keypress: d
713.5296 	EXP 	window1: recordFrameIntervals = False
713.8320 	DATA 	Keypress: w
717.7659 	EXP 	window1: recordFrameIntervals = False
718.4672 	DATA 	Keypress: u
722.7163 	EXP 	window1: recordFrameIntervals = False
724.0526 	DATA 	Keypress: t
727.9524 	EXP 	window1: recordFrameIntervals = False
728.6707 	DATA 	Keypress: i
732.5874 	EXP 	window1: recordFrameIntervals = False
732.9710 	DATA 	Keypress: r
736.8370 	EXP 	window1: recordFrameIntervals = False
737.8234 	DATA 	Keypress: e
741.9053 	EXP 	window1: recordFrameIntervals = False
742.3906 	DATA 	Keypress: f
746.3573 	EXP 	window1: recordFrameIntervals = False
747.4089 	DATA 	Keypress: d
751.4759 	EXP 	window1: recordFrameIntervals = False
752.0762 	DATA 	Keypress: p
756.2271 	EXP 	window1: recordFrameIntervals = False
756.7282 	DATA 	Keypress: w
760.5782 	EXP 	window1: recordFrameIntervals = False
761.5470 	DATA 	Keypress: f
765.5965 	EXP 	window1: recordFrameIntervals = False
765.8989 	DATA 	Keypress: s
769.8818 	EXP 	window1: recordFrameIntervals = False
771.1332 	DATA 	Keypress: d
775.3663 	EXP 	window1: recordFrameIntervals = False
776.0846 	DATA 	Keypress: m
779.9345 	EXP 	window1: recordFrameIntervals = False
780.1539 	DATA 	Keypress: o
784.0037 	EXP 	window1: recordFrameIntervals = False
784.0540 	DATA 	Keypress: x
788.2886 	EXP 	window1: recordFrameIntervals = False
788.5232 	DATA 	Keypress: d
792.3891 	EXP 	window1: recordFrameIntervals = False
792.7575 	DATA 	Keypress: s
797.0403 	EXP 	window1: recordFrameIntervals = False
799.8428 	DATA 	Keypress: n
803.9938 	EXP 	window1: recordFrameIntervals = False
804.9609 	DATA 	Keypress: m
808.9118 	EXP 	window1: recordFrameIntervals = False
810.1966 	DATA 	Keypress: d
814.3971 	EXP 	window1: recordFrameIntervals = False
814.9309 	DATA 	Keypress: k
818.8834 	DATA 	Keypress: w
819.1984 	EXP 	window1: recordFrameIntervals = False
819.5667 	DATA 	Keypress: w
823.6668 	EXP 	window1: recordFrameIntervals = False
827.9696 	DATA 	Keypress: x
832.2012 	EXP 	window1: recordFrameIntervals = False
833.5715 	DATA 	Keypress: m
837.6708 	EXP 	window1: recordFrameIntervals = False
839.0888 	DATA 	Keypress: g
843.4229 	EXP 	window1: recordFrameIntervals = False
844.5571 	DATA 	Keypress: j
848.7249 	EXP 	window1: recordFrameIntervals = False
867.5655 	DATA 	Keypress: f
883.6347 	DATA 	Keypress: space
887.8214 	EXP 	window1: recordFrameIntervals = False
888.3219 	DATA 	Keypress: m
892.4425 	EXP 	window1: recordFrameIntervals = False
892.4427 	ERROR 	trialnum=142 ERROR,1 frames were longer than 21.67 ms apparently screen refreshes skipped, interframe durs were:[22.4] and was these frames: [132]
892.4429 	INFO 	flankers also=[12.6 22.4 15.5]
892.9240 	DATA 	Keypress: k
896.9728 	EXP 	window1: recordFrameIntervals = False
897.6922 	DATA 	Keypress: h
901.5741 	EXP 	window1: recordFrameIntervals = False
901.8752 	DATA 	Keypress: d
906.1275 	DATA 	Keypress: b
906.1595 	EXP 	window1: recordFrameIntervals = False
906.6107 	DATA 	Keypress: b
910.4772 	EXP 	window1: recordFrameIntervals = False
910.8287 	DATA 	Keypress: r
914.7619 	EXP 	window1: recordFrameIntervals = False
915.2301 	DATA 	Keypress: w
919.0811 	EXP 	window1: recordFrameIntervals = False
919.4645 	DATA 	Keypress: q
923.6486 	EXP 	window1: recordFrameIntervals = False
924.5336 	DATA 	Keypress: m
928.8510 	EXP 	window1: recordFrameIntervals = False
929.9847 	DATA 	Keypress: g
934.0358 	EXP 	window1: recordFrameIntervals = False
935.0711 	DATA 	Keypress: s
939.4044 	EXP 	window1: recordFrameIntervals = False
939.7223 	DATA 	Keypress: z
943.9386 	EXP 	window1: recordFrameIntervals = False
944.6068 	DATA 	Keypress: t
948.6738 	EXP 	window1: recordFrameIntervals = False
949.5082 	DATA 	Keypress: z
953.6257 	EXP 	window1: recordFrameIntervals = False
954.5931 	DATA 	Keypress: t
958.6604 	EXP 	window1: recordFrameIntervals = False
959.3446 	DATA 	Keypress: p
963.4286 	EXP 	window1: recordFrameIntervals = False
963.7469 	DATA 	Keypress: b
968.0641 	EXP 	window1: recordFrameIntervals = False
968.3651 	DATA 	Keypress: d
972.4641 	EXP 	window1: recordFrameIntervals = False
973.3333 	DATA 	Keypress: y
977.4153 	EXP 	window1: recordFrameIntervals = False
977.5346 	DATA 	Keypress: c
981.6171 	EXP 	window1: recordFrameIntervals = False
982.4009 	DATA 	Keypress: s
986.5018 	EXP 	window1: recordFrameIntervals = False
986.9870 	DATA 	Keypress: u
990.8530 	EXP 	window1: recordFrameIntervals = False
991.3046 	DATA 	Keypress: y
995.4054 	EXP 	window1: recordFrameIntervals = False
995.7565 	DATA 	Keypress: b
1000.0727 	EXP 	window1: recordFrameIntervals = False
1000.5239 	DATA 	Keypress: e
1004.3917 	EXP 	window1: recordFrameIntervals = False
1004.7427 	DATA 	Keypress: r
1008.5619 	DATA 	Keypress: d
1008.7770 	EXP 	window1: recordFrameIntervals = False
1009.4612 	DATA 	Keypress: d
1013.7284 	EXP 	window1: recordFrameIntervals = False
1014.1632 	DATA 	Keypress: h
1018.2478 	DATA 	Keypress: c
1018.2955 	EXP 	window1: recordFrameIntervals = False
1018.9811 	DATA 	Keypress: c
1022.9817 	EXP 	window1: recordFrameIntervals = False
1023.6510 	DATA 	Keypress: k
1027.3832 	DATA 	Keypress: b
1027.7490 	EXP 	window1: recordFrameIntervals = False
1027.8512 	DATA 	Keypress: b
1031.9000 	EXP 	window1: recordFrameIntervals = False
1032.5687 	DATA 	Keypress: p
1036.7017 	EXP 	window1: recordFrameIntervals = False
1037.3368 	DATA 	Keypress: x
1041.6365 	EXP 	window1: recordFrameIntervals = False
1041.8552 	DATA 	Keypress: s
1045.9380 	EXP 	window1: recordFrameIntervals = False
1045.9586 	DATA 	Keypress: s
1050.1563 	EXP 	window1: recordFrameIntervals = False
1051.6579 	DATA 	Keypress: o
1054.2764 	DATA 	Keypress: f
1055.9413 	EXP 	window1: recordFrameIntervals = False
1056.2430 	DATA 	Keypress: c
1060.4927 	EXP 	window1: recordFrameIntervals = False
1060.9110 	DATA 	Keypress: w
1065.1110 	EXP 	window1: recordFrameIntervals = False
1066.3132 	DATA 	Keypress: h
1070.1626 	EXP 	window1: recordFrameIntervals = False
1070.7147 	DATA 	Keypress: d
1074.9137 	EXP 	window1: recordFrameIntervals = False
1074.9639 	DATA 	Keypress: rcommand
1075.3650 	DATA 	Keypress: e
1079.6831 	EXP 	window1: recordFrameIntervals = False
1080.9003 	DATA 	Keypress: b
1084.7840 	EXP 	window1: recordFrameIntervals = False
1085.0353 	DATA 	Keypress: h
1089.3024 	EXP 	window1: recordFrameIntervals = False
1090.0218 	DATA 	Keypress: u
1093.9377 	EXP 	window1: recordFrameIntervals = False
1094.7719 	DATA 	Keypress: o
1098.9228 	EXP 	window1: recordFrameIntervals = False
1099.4570 	DATA 	Keypress: a
1103.7243 	EXP 	window1: recordFrameIntervals = False
1103.8424 	DATA 	Keypress: t
1107.9758 	EXP 	window1: recordFrameIntervals = False
1107.9962 	DATA 	Keypress: g
1112.2598 	EXP 	window1: recordFrameIntervals = False
1112.7952 	DATA 	Keypress: f
1116.9778 	EXP 	window1: recordFrameIntervals = False
1117.4291 	DATA 	Keypress: e
1121.3459 	EXP 	window1: recordFrameIntervals = False
1121.9473 	DATA 	Keypress: w
1125.7646 	DATA 	Keypress: a
1125.9475 	EXP 	window1: recordFrameIntervals = False
1126.9320 	DATA 	Keypress: a
1130.6500 	DATA 	Keypress: r
1130.8657 	EXP 	window1: recordFrameIntervals = False
1131.1672 	DATA 	Keypress: r
1135.4838 	EXP 	window1: recordFrameIntervals = False
1135.8023 	DATA 	Keypress: s
1140.1021 	EXP 	window1: recordFrameIntervals = False
1140.8038 	DATA 	Keypress: b
1144.9536 	EXP 	window1: recordFrameIntervals = False
1145.9550 	DATA 	Keypress: k
1149.9052 	EXP 	window1: recordFrameIntervals = False
1150.2231 	DATA 	Keypress: d
1154.0573 	DATA 	Keypress: w
1154.0733 	EXP 	window1: recordFrameIntervals = False
1156.1585 	DATA 	Keypress: w
1160.3963 	EXP 	window1: recordFrameIntervals = False
1160.3966 	ERROR 	trialnum=199 ERROR,2 frames were longer than 21.67 ms apparently screen refreshes skipped, interframe durs were:[22.  22.3] and was these frames: [138 142]
1160.3969 	INFO 	flankers also=[15.8 22.  15.9 16.  22.3 15.6]
1162.5152 	DATA 	Keypress: r
1166.8443 	EXP 	window1: recordFrameIntervals = False
1169.1470 	DATA 	Keypress: g
1173.3291 	EXP 	window1: recordFrameIntervals = False
1175.3985 	DATA 	Keypress: u
1179.2476 	EXP 	window1: recordFrameIntervals = False
1180.1660 	DATA 	Keypress: g
1184.4160 	EXP 	window1: recordFrameIntervals = False
1185.0180 	DATA 	Keypress: h
1189.0349 	EXP 	window1: recordFrameIntervals = False
1190.1873 	DATA 	Keypress: f
1194.0540 	EXP 	window1: recordFrameIntervals = False
1194.7706 	DATA 	Keypress: u
1199.0054 	EXP 	window1: recordFrameIntervals = False
1200.3402 	DATA 	Keypress: c
1204.6058 	EXP 	window1: recordFrameIntervals = False
1205.5243 	DATA 	Keypress: z
1209.7921 	EXP 	window1: recordFrameIntervals = False
1210.4762 	DATA 	Keypress: m
1214.5594 	EXP 	window1: recordFrameIntervals = False
1215.3448 	DATA 	Keypress: g
1219.1955 	EXP 	window1: recordFrameIntervals = False
1219.5299 	DATA 	Keypress: m
1221.1068 	DATA 	Keypress: space
1225.0470 	EXP 	window1: recordFrameIntervals = False
1225.2810 	DATA 	Keypress: t
1229.5651 	EXP 	window1: recordFrameIntervals = False
1230.2326 	DATA 	Keypress: z
1234.1004 	EXP 	window1: recordFrameIntervals = False
1234.6339 	DATA 	Keypress: d
1238.6354 	EXP 	window1: recordFrameIntervals = False
1239.3521 	DATA 	Keypress: g
1243.5531 	EXP 	window1: recordFrameIntervals = False
1244.4543 	DATA 	Keypress: n
1248.6713 	EXP 	window1: recordFrameIntervals = False
1248.8735 	DATA 	Keypress: b
1252.8244 	DATA 	Keypress: r
1252.8250 	EXP 	window1: recordFrameIntervals = False
1253.3916 	DATA 	Keypress: r
1257.4227 	EXP 	window1: recordFrameIntervals = False
1258.5763 	DATA 	Keypress: k
1262.6432 	EXP 	window1: recordFrameIntervals = False
1263.5274 	DATA 	Keypress: z
1267.4424 	EXP 	window1: recordFrameIntervals = False
1268.1617 	DATA 	Keypress: m
1272.1117 	EXP 	window1: recordFrameIntervals = False
1272.9641 	DATA 	Keypress: t
1277.1627 	EXP 	window1: recordFrameIntervals = False
1277.7150 	DATA 	Keypress: u
1281.6981 	EXP 	window1: recordFrameIntervals = False
1282.1826 	DATA 	Keypress: e
1286.4993 	EXP 	window1: recordFrameIntervals = False
1286.8349 	DATA 	Keypress: g
1290.9674 	EXP 	window1: recordFrameIntervals = False
1292.0691 	DATA 	Keypress: v
1296.2527 	EXP 	window1: recordFrameIntervals = False
1297.7052 	DATA 	Keypress: l
1301.5753 	EXP 	window1: recordFrameIntervals = False
1301.5756 	ERROR 	trialnum=227 ERROR,3 frames were longer than 21.67 ms apparently screen refreshes skipped, interframe durs were:[22.  22.3 21.7] and was these frames: [110 145 151]
1301.5759 	INFO 	flankers also=[12.8 22.  10.9 12.4 22.3 15.7 10.5 21.7 12.8]
1301.6556 	DATA 	Keypress: d
1305.5565 	EXP 	window1: recordFrameIntervals = False
1306.3907 	DATA 	Keypress: g
1310.2419 	DATA 	Keypress: x
1310.6075 	EXP 	window1: recordFrameIntervals = False
1310.7432 	DATA 	Keypress: x
1314.9087 	EXP 	window1: recordFrameIntervals = False
1315.0932 	DATA 	Keypress: r
1319.0780 	EXP 	window1: recordFrameIntervals = False
1319.3946 	DATA 	Keypress: s
1323.6783 	EXP 	window1: recordFrameIntervals = False
1324.8299 	DATA 	Keypress: m
1328.8808 	EXP 	window1: recordFrameIntervals = False
1329.9982 	DATA 	Keypress: t
1334.1160 	EXP 	window1: recordFrameIntervals = False
1334.8344 	DATA 	Keypress: c
1338.6842 	EXP 	window1: recordFrameIntervals = False
1339.3358 	DATA 	Keypress: z
1343.3023 	EXP 	window1: recordFrameIntervals = False
1343.8869 	DATA 	Keypress: f
1348.1709 	EXP 	window1: recordFrameIntervals = False
1348.2711 	DATA 	Keypress: d
1352.4877 	EXP 	window1: recordFrameIntervals = False
1352.7395 	DATA 	Keypress: w
1355.6731 	DATA 	Keypress: w
1357.0222 	EXP 	window1: recordFrameIntervals = False
1358.1253 	DATA 	Keypress: c
1362.1075 	EXP 	window1: recordFrameIntervals = False
1362.5430 	DATA 	Keypress: b
1366.8257 	EXP 	window1: recordFrameIntervals = False
1375.9305 	DATA 	Keypress: y
1380.0635 	EXP 	window1: recordFrameIntervals = False
1381.0148 	DATA 	Keypress: h
1384.8990 	EXP 	window1: recordFrameIntervals = False
1385.3840 	DATA 	Keypress: r
1389.4500 	EXP 	window1: recordFrameIntervals = False
1390.6846 	DATA 	Keypress: w
1394.5681 	EXP 	window1: recordFrameIntervals = False
1394.9526 	DATA 	Keypress: t
1399.1374 	EXP 	window1: recordFrameIntervals = False
1399.2208 	DATA 	Keypress: m
1403.4720 	EXP 	window1: recordFrameIntervals = False
1403.5902 	DATA 	Keypress: y
1407.6056 	EXP 	window1: recordFrameIntervals = False
1407.7414 	DATA 	Keypress: e
1411.9735 	EXP 	window1: recordFrameIntervals = False
1412.9596 	DATA 	Keypress: w
1416.8916 	EXP 	window1: recordFrameIntervals = False
1417.3430 	DATA 	Keypress: a
1421.2597 	EXP 	window1: recordFrameIntervals = False
1421.6783 	DATA 	Keypress: s
1425.7611 	EXP 	window1: recordFrameIntervals = False
1426.9133 	DATA 	Keypress: b
1431.1966 	EXP 	window1: recordFrameIntervals = False
1432.0480 	DATA 	Keypress: e
1435.9000 	DATA 	Keypress: g
1435.9816 	EXP 	window1: recordFrameIntervals = False
1436.6831 	DATA 	Keypress: g
1440.6660 	EXP 	window1: recordFrameIntervals = False
1441.6189 	DATA 	Keypress: w
1445.6514 	EXP 	window1: recordFrameIntervals = False
1446.7697 	DATA 	Keypress: t
1450.9364 	EXP 	window1: recordFrameIntervals = False
1451.4547 	DATA 	Keypress: h
1453.9560 	DATA 	Keypress: y
1455.7045 	EXP 	window1: recordFrameIntervals = False
1455.9392 	DATA 	Keypress: s
1460.1063 	EXP 	window1: recordFrameIntervals = False
1460.6252 	DATA 	Keypress: d
1464.6915 	EXP 	window1: recordFrameIntervals = False
1465.1927 	DATA 	Keypress: b
1469.2765 	EXP 	window1: recordFrameIntervals = False
1469.8269 	DATA 	Keypress: g
1470.8901 	DATA 	Keypress: g
1473.7446 	EXP 	window1: recordFrameIntervals = False
1474.3960 	DATA 	Keypress: m
1478.5800 	EXP 	window1: recordFrameIntervals = False
1479.1315 	DATA 	Keypress: e
1483.3315 	EXP 	window1: recordFrameIntervals = False
1483.4662 	DATA 	Keypress: c
1483.9843 	DATA 	Keypress: c
1487.5986 	EXP 	window1: recordFrameIntervals = False
1488.2672 	DATA 	Keypress: c
1492.5657 	EXP 	window1: recordFrameIntervals = False
1494.7522 	DATA 	Keypress: v
1498.9199 	EXP 	window1: recordFrameIntervals = False
1499.5869 	DATA 	Keypress: m
1503.6551 	EXP 	window1: recordFrameIntervals = False
1504.4888 	DATA 	Keypress: a
1508.7890 	EXP 	window1: recordFrameIntervals = False
1510.9739 	DATA 	Keypress: z
1515.0739 	EXP 	window1: recordFrameIntervals = False
1515.4083 	DATA 	Keypress: a
1519.3583 	EXP 	window1: recordFrameIntervals = False
1520.3775 	DATA 	Keypress: b
1524.7105 	EXP 	window1: recordFrameIntervals = False
1525.3118 	DATA 	Keypress: y
1529.5289 	EXP 	window1: recordFrameIntervals = False
1531.2299 	DATA 	Keypress: u
1535.4640 	EXP 	window1: recordFrameIntervals = False
1536.4820 	DATA 	Keypress: c
1540.4653 	EXP 	window1: recordFrameIntervals = False
1541.5508 	DATA 	Keypress: a
1545.8005 	EXP 	window1: recordFrameIntervals = False
1546.1690 	DATA 	Keypress: e
1550.4358 	EXP 	window1: recordFrameIntervals = False
1551.3211 	DATA 	Keypress: w
1555.2872 	EXP 	window1: recordFrameIntervals = False
1556.8556 	DATA 	Keypress: k
1560.9558 	EXP 	window1: recordFrameIntervals = False
1561.1898 	DATA 	Keypress: h
1561.7071 	INFO 	Finishing at 17:31 on 14 Feb 2020
1562.1084 	EXP 	window1: mouseVisible = True
