14.6535 	ERROR 	Screen apparently NOT the desired resolution of 2560.0x1440.0 pixels!!
19.9224 	INFO 	Successfully set darwin thread to realtime
20.9850 	INFO 	#[ PsychoPy3 RuntimeInfoStart ]
  #[[ PsychoPy ]] #---------
    psychopyVersion: 3.2.3
    psychopyHaveExtRush: True
  #[[ Experiment ]] #---------
    experimentRunTime: 2020_02_08 13:59 (Year_Month_Day Hour:Min)
    experimentRunTime.epoch: 1581188374
    experimentScript: Experiment3_VisualNow.py
    experimentScript.digestSHA1: d9809d16847809e6dfe395c6203fb6fc0627eb5a
    experimentScript.directory: /Users/vsg/Documents/GitHub/spatio_temporal_information_processing/RSVP_visual_now
  #[[ System ]] #---------
    systemHaveInternetAccess: True
    systemHostName: pbs-jf-imac.win.ad.jhu.edu
    systemLocale: C
    systemMemFreeRAM: 1969.55078125
    systemMemTotalRAM: 8192.0
    systemPlatform: darwin 10.13.6 x86_64
    systemPyoVersion: -
    systemRebooted: Feb 7 20:28
    systemSec.OpenSSLVersion: LibreSSL 2.2.7
    systemSec.pythonSSL: True
    systemTimeNumpySD1000000_sec: 0.0041
    systemUser: vsg
    systemUserID: 502
    systemUsersCount: 1
  #[[ Window ]] #---------
    windowWinType: pyglet
    windowUnits: deg
    windowSize_pix: [5120 2880]
    windowScreen: 0
    windowRgb: [-0.7 -0.7 -0.7]
    windowRefreshTimeSD_ms: 0.735
    windowRefreshTimeMedian_ms: 16.675
    windowRefreshTimeAvg_ms: 16.671
    windowPos_pix: [0.0, 0.0]
    windowMonitor.name: testmonitor
    windowMonitor.getWidth_cm: 64.8
    windowMonitor.getDistance_cm: 100.0
    windowMonitor.currentCalibName: 2020_02_04 15:59
    windowIsFullScr: True
  #[[ Python ]] #---------
    pythonVersion: 3.6.1
  #[[ OpenGL ]] #---------
#[ PsychoPy3 RuntimeInfoEnd ]

20.9857 	WARNING 	Could not load the desired click sound file, instead using manually created inferior click
21.1010 	EXP 	Created sequence: random, trialTypes=280, nReps=14, seed=None
21.2163 	INFO 	numtrials=280 and each trialDurFrames=156 or 2600.0 ms  task=T1
21.3818 	EXP 	Created text = TextStim(__class__=<class 'psychopy.visual.text.TextStim'>, alignHoriz='center', alignVert='center', antialias=True, autoLog=True, bold=False, color=array([1., 1., 1.]), colorSpace='rgb', contrast=1.0, depth=-1.0, flipHoriz=False, flipVert=False, font='Arial', fontFiles=[], height=0.5, italic=False, languageStyle='LTR', name='text', opacity=1.0, ori=0, pos=array([0., 0.]), rgb=array([1., 1., 1.]), text='', units='deg', win=Window(...), wrapWidth=30)
21.4734 	EXP 	text: text = "Welcome! Thank you for agreeing to participate in this study.\n\nYou will be presented with a Rapid Stream of letters. Your task is to identify one of the letters.\n\nYou will perform this task while fixating in the center. \n\nThe stream of letters is presented anywhere on the horizontal axis of the screen.\n\nThe letter in the stream that you're supposed to identify is accompanied by a probe that can also appear anywhere on the horizontal axis of the screen.\n\nThe probe is a circular disk that will be flashed for a very brief time.\n\nOnce you've identified the letter after the trial ends, type it out on the keyboard.\n\nIf you're feeling uncomfortable, you can press ESC key any time to stop the experiment.\n\nPress any key when you are ready to begin the experiment.\n\n"
21.4734 	EXP 	text: autoDraw = True
112.3619 	DATA 	Keypress: space
112.3633 	EXP 	text: autoDraw = False
112.3638 	INFO 	Experiment will have 280 trials. Letters will be drawn with superposed noise of0.00%
112.3638 	INFO 	Starting main (non-staircase) part of experiment
116.0701 	EXP 	window1: recordFrameIntervals = False
119.6884 	DATA 	Keypress: rshift
119.8733 	DATA 	Keypress: w
123.9901 	EXP 	window1: recordFrameIntervals = False
127.1736 	DATA 	Keypress: rshift
127.4911 	DATA 	Keypress: y
131.7246 	EXP 	window1: recordFrameIntervals = False
133.9769 	DATA 	Keypress: rshift
134.1613 	DATA 	Keypress: e
138.3934 	EXP 	window1: recordFrameIntervals = False
139.6443 	DATA 	Keypress: rshift
139.8963 	DATA 	Keypress: g
143.8967 	EXP 	window1: recordFrameIntervals = False
145.4148 	DATA 	Keypress: s
149.7315 	EXP 	window1: recordFrameIntervals = False
151.3490 	DATA 	Keypress: y
155.4168 	EXP 	window1: recordFrameIntervals = False
157.0343 	DATA 	Keypress: l
161.2173 	EXP 	window1: recordFrameIntervals = False
162.5191 	DATA 	Keypress: v
166.4535 	EXP 	window1: recordFrameIntervals = False
167.8886 	DATA 	Keypress: k
172.0710 	EXP 	window1: recordFrameIntervals = False
173.5728 	DATA 	Keypress: b
177.6731 	EXP 	window1: recordFrameIntervals = False
179.1590 	DATA 	Keypress: q
183.1746 	EXP 	window1: recordFrameIntervals = False
185.1944 	DATA 	Keypress: f
189.4953 	EXP 	window1: recordFrameIntervals = False
190.7121 	DATA 	Keypress: n
194.9299 	EXP 	window1: recordFrameIntervals = False
197.1467 	DATA 	Keypress: a
201.0304 	EXP 	window1: recordFrameIntervals = False
202.9652 	DATA 	Keypress: y
206.9826 	EXP 	window1: recordFrameIntervals = False
207.6340 	DATA 	Keypress: m
211.6841 	EXP 	window1: recordFrameIntervals = False
212.9686 	DATA 	Keypress: a
216.8188 	EXP 	window1: recordFrameIntervals = False
219.5389 	DATA 	Keypress: h
223.5878 	EXP 	window1: recordFrameIntervals = False
225.1739 	DATA 	Keypress: v
229.3908 	EXP 	window1: recordFrameIntervals = False
230.7925 	DATA 	Keypress: g
234.6926 	EXP 	window1: recordFrameIntervals = False
236.1766 	DATA 	Keypress: c
240.0940 	EXP 	window1: recordFrameIntervals = False
241.5113 	DATA 	Keypress: e
245.5450 	EXP 	window1: recordFrameIntervals = False
246.8133 	DATA 	Keypress: m
251.0963 	EXP 	window1: recordFrameIntervals = False
252.2988 	DATA 	Keypress: c
256.5316 	EXP 	window1: recordFrameIntervals = False
257.7332 	DATA 	Keypress: a
261.5998 	EXP 	window1: recordFrameIntervals = False
262.9850 	DATA 	Keypress: c
267.0019 	EXP 	window1: recordFrameIntervals = False
268.2205 	DATA 	Keypress: b
272.1703 	EXP 	window1: recordFrameIntervals = False
273.5549 	DATA 	Keypress: s
277.4712 	EXP 	window1: recordFrameIntervals = False
277.4715 	ERROR 	trialnum=28 ERROR,1 frames were longer than 21.67 ms apparently screen refreshes skipped, interframe durs were:[21.9] and was these frames: [153]
277.4718 	INFO 	flankers also=[15.9 21.9 10.6]
278.9410 	DATA 	Keypress: p
282.9738 	EXP 	window1: recordFrameIntervals = False
284.1595 	DATA 	Keypress: g
288.2754 	EXP 	window1: recordFrameIntervals = False
289.5947 	DATA 	Keypress: r
293.8436 	EXP 	window1: recordFrameIntervals = False
295.5129 	DATA 	Keypress: s
299.7797 	EXP 	window1: recordFrameIntervals = False
300.3320 	DATA 	Keypress: p
304.5973 	EXP 	window1: recordFrameIntervals = False
305.8827 	DATA 	Keypress: e
310.1504 	EXP 	window1: recordFrameIntervals = False
314.6863 	DATA 	Keypress: q
318.6351 	EXP 	window1: recordFrameIntervals = False
319.7046 	DATA 	Keypress: b
323.5531 	EXP 	window1: recordFrameIntervals = False
324.1728 	DATA 	Keypress: b
328.1554 	EXP 	window1: recordFrameIntervals = False
329.6751 	DATA 	Keypress: f
333.5728 	EXP 	window1: recordFrameIntervals = False
334.9599 	DATA 	Keypress: m
339.2591 	EXP 	window1: recordFrameIntervals = False
340.5936 	DATA 	Keypress: p
344.8283 	EXP 	window1: recordFrameIntervals = False
346.3958 	DATA 	Keypress: h
350.3130 	EXP 	window1: recordFrameIntervals = False
351.6142 	DATA 	Keypress: a
355.7640 	EXP 	window1: recordFrameIntervals = False
357.5653 	DATA 	Keypress: g
361.5992 	EXP 	window1: recordFrameIntervals = False
362.9845 	DATA 	Keypress: w
367.2177 	EXP 	window1: recordFrameIntervals = False
368.5527 	DATA 	Keypress: e
372.4029 	EXP 	window1: recordFrameIntervals = False
373.9393 	DATA 	Keypress: g
377.9882 	EXP 	window1: recordFrameIntervals = False
379.4075 	DATA 	Keypress: p
383.6896 	EXP 	window1: recordFrameIntervals = False
386.0260 	DATA 	Keypress: z
390.0097 	EXP 	window1: recordFrameIntervals = False
391.5423 	DATA 	Keypress: lcommand
391.5999 	DATA 	Keypress: y
395.8282 	EXP 	window1: recordFrameIntervals = False
397.1134 	DATA 	Keypress: n
401.3286 	EXP 	window1: recordFrameIntervals = False
402.9138 	DATA 	Keypress: s
407.1138 	EXP 	window1: recordFrameIntervals = False
408.6324 	DATA 	Keypress: j
412.6661 	EXP 	window1: recordFrameIntervals = False
414.6857 	DATA 	Keypress: q
418.6013 	EXP 	window1: recordFrameIntervals = False
420.0532 	DATA 	Keypress: m
423.9355 	EXP 	window1: recordFrameIntervals = False
424.9891 	DATA 	Keypress: a
429.1558 	EXP 	window1: recordFrameIntervals = False
430.3906 	DATA 	Keypress: e
434.5574 	EXP 	window1: recordFrameIntervals = False
437.4587 	DATA 	Keypress: z
441.6249 	EXP 	window1: recordFrameIntervals = False
442.1439 	DATA 	Keypress: l
446.0609 	EXP 	window1: recordFrameIntervals = False
447.6122 	DATA 	Keypress: i
451.6283 	EXP 	window1: recordFrameIntervals = False
453.5137 	DATA 	Keypress: w
457.6804 	EXP 	window1: recordFrameIntervals = False
458.9488 	DATA 	Keypress: a
463.0989 	EXP 	window1: recordFrameIntervals = False
464.5176 	DATA 	Keypress: b
468.7844 	EXP 	window1: recordFrameIntervals = False
470.0368 	DATA 	Keypress: o
474.0536 	EXP 	window1: recordFrameIntervals = False
475.3051 	DATA 	Keypress: m
479.4220 	EXP 	window1: recordFrameIntervals = False
481.0064 	DATA 	Keypress: g
485.2403 	EXP 	window1: recordFrameIntervals = False
486.7077 	DATA 	Keypress: a
490.9249 	EXP 	window1: recordFrameIntervals = False
492.3261 	DATA 	Keypress: e
496.2928 	EXP 	window1: recordFrameIntervals = False
497.6112 	DATA 	Keypress: e
501.5949 	EXP 	window1: recordFrameIntervals = False
502.8465 	DATA 	Keypress: m
506.7634 	EXP 	window1: recordFrameIntervals = False
509.1667 	DATA 	Keypress: c
513.0819 	EXP 	window1: recordFrameIntervals = False
514.3850 	DATA 	Keypress: h
518.6966 	DATA 	Keypress: space
522.6013 	EXP 	window1: recordFrameIntervals = False
524.5047 	DATA 	Keypress: m
528.8035 	EXP 	window1: recordFrameIntervals = False
530.2728 	DATA 	Keypress: h
534.4399 	EXP 	window1: recordFrameIntervals = False
536.0251 	DATA 	Keypress: s
540.0420 	EXP 	window1: recordFrameIntervals = False
542.3095 	DATA 	Keypress: p
546.1924 	EXP 	window1: recordFrameIntervals = False
547.4941 	DATA 	Keypress: a
551.4108 	EXP 	window1: recordFrameIntervals = False
553.7296 	DATA 	Keypress: g
557.9299 	EXP 	window1: recordFrameIntervals = False
559.9827 	DATA 	Keypress: j
564.2486 	EXP 	window1: recordFrameIntervals = False
565.6336 	DATA 	Keypress: m
569.8680 	EXP 	window1: recordFrameIntervals = False
571.1853 	DATA 	Keypress: s
575.4363 	EXP 	window1: recordFrameIntervals = False
577.1046 	DATA 	Keypress: c
581.2706 	EXP 	window1: recordFrameIntervals = False
582.9559 	DATA 	Keypress: u
587.2061 	EXP 	window1: recordFrameIntervals = False
588.6411 	DATA 	Keypress: y
592.5910 	EXP 	window1: recordFrameIntervals = False
598.1609 	DATA 	Keypress: t
602.1455 	EXP 	window1: recordFrameIntervals = False
604.2810 	DATA 	Keypress: a
608.5132 	EXP 	window1: recordFrameIntervals = False
609.9155 	DATA 	Keypress: f
614.1822 	EXP 	window1: recordFrameIntervals = False
615.8845 	DATA 	Keypress: y
620.1507 	EXP 	window1: recordFrameIntervals = False
621.2350 	DATA 	Keypress: m
625.5528 	EXP 	window1: recordFrameIntervals = False
627.1201 	DATA 	Keypress: k
631.1203 	EXP 	window1: recordFrameIntervals = False
631.7047 	DATA 	Keypress: x
635.6226 	EXP 	window1: recordFrameIntervals = False
638.5906 	DATA 	Keypress: r
642.5918 	EXP 	window1: recordFrameIntervals = False
650.6945 	DATA 	Keypress: g
654.5956 	EXP 	window1: recordFrameIntervals = False
656.9471 	DATA 	Keypress: t
660.9642 	EXP 	window1: recordFrameIntervals = False
662.4153 	DATA 	Keypress: c
666.4821 	EXP 	window1: recordFrameIntervals = False
667.9335 	DATA 	Keypress: b
672.1166 	EXP 	window1: recordFrameIntervals = False
672.8348 	DATA 	Keypress: d
677.0349 	EXP 	window1: recordFrameIntervals = False
680.0382 	DATA 	Keypress: w
683.9210 	EXP 	window1: recordFrameIntervals = False
684.9735 	DATA 	Keypress: y
688.9392 	EXP 	window1: recordFrameIntervals = False
689.7249 	DATA 	Keypress: a
693.5909 	EXP 	window1: recordFrameIntervals = False
693.8918 	DATA 	Keypress: h
697.8751 	EXP 	window1: recordFrameIntervals = False
698.3773 	DATA 	Keypress: t
702.2769 	EXP 	window1: recordFrameIntervals = False
702.9115 	DATA 	Keypress: g
707.1954 	EXP 	window1: recordFrameIntervals = False
707.8470 	DATA 	Keypress: u
712.1129 	EXP 	window1: recordFrameIntervals = False
712.4819 	DATA 	Keypress: g
716.4148 	EXP 	window1: recordFrameIntervals = False
716.8823 	DATA 	Keypress: t
720.9501 	EXP 	window1: recordFrameIntervals = False
722.1007 	DATA 	Keypress: c
726.3676 	EXP 	window1: recordFrameIntervals = False
727.4198 	DATA 	Keypress: b
731.4860 	EXP 	window1: recordFrameIntervals = False
732.1879 	DATA 	Keypress: v
736.2210 	EXP 	window1: recordFrameIntervals = False
737.0397 	DATA 	Keypress: m
741.0561 	EXP 	window1: recordFrameIntervals = False
741.4574 	DATA 	Keypress: w
745.4575 	EXP 	window1: recordFrameIntervals = False
745.6762 	DATA 	Keypress: z
749.6268 	EXP 	window1: recordFrameIntervals = False
750.2609 	DATA 	Keypress: w
754.5613 	EXP 	window1: recordFrameIntervals = False
755.3786 	DATA 	Keypress: w
759.5798 	EXP 	window1: recordFrameIntervals = False
760.4979 	DATA 	Keypress: e
764.6983 	EXP 	window1: recordFrameIntervals = False
765.9493 	DATA 	Keypress: g
770.2499 	EXP 	window1: recordFrameIntervals = False
770.9341 	DATA 	Keypress: h
774.9850 	EXP 	window1: recordFrameIntervals = False
775.3697 	DATA 	Keypress: b
779.2527 	EXP 	window1: recordFrameIntervals = False
779.7377 	DATA 	Keypress: e
783.6878 	DATA 	Keypress: x
784.0026 	EXP 	window1: recordFrameIntervals = False
784.5061 	DATA 	Keypress: x
788.5210 	EXP 	window1: recordFrameIntervals = False
788.8562 	DATA 	Keypress: h
792.7560 	EXP 	window1: recordFrameIntervals = False
793.2906 	DATA 	Keypress: s
797.4918 	EXP 	window1: recordFrameIntervals = False
797.8593 	DATA 	Keypress: x
802.1926 	EXP 	window1: recordFrameIntervals = False
802.5449 	DATA 	Keypress: b
806.5271 	EXP 	window1: recordFrameIntervals = False
807.0453 	DATA 	Keypress: h
811.0789 	EXP 	window1: recordFrameIntervals = False
811.4467 	DATA 	Keypress: k
815.6803 	EXP 	window1: recordFrameIntervals = False
816.1490 	DATA 	Keypress: g
820.0485 	EXP 	window1: recordFrameIntervals = False
820.4343 	DATA 	Keypress: z
824.4340 	EXP 	window1: recordFrameIntervals = False
824.8682 	DATA 	Keypress: e
829.1860 	EXP 	window1: recordFrameIntervals = False
830.1208 	DATA 	Keypress: f
834.1706 	EXP 	window1: recordFrameIntervals = False
835.6721 	DATA 	Keypress: d
839.8557 	EXP 	window1: recordFrameIntervals = False
841.6900 	DATA 	Keypress: z
845.8232 	EXP 	window1: recordFrameIntervals = False
846.8586 	DATA 	Keypress: s
851.1431 	EXP 	window1: recordFrameIntervals = False
851.6601 	DATA 	Keypress: b
855.6945 	EXP 	window1: recordFrameIntervals = False
856.0612 	DATA 	Keypress: w
860.2792 	DATA 	Keypress: l
860.2798 	EXP 	window1: recordFrameIntervals = False
860.7632 	DATA 	Keypress: l
864.8630 	EXP 	window1: recordFrameIntervals = False
865.7815 	DATA 	Keypress: u
869.9824 	EXP 	window1: recordFrameIntervals = False
870.4827 	DATA 	Keypress: g
874.5676 	EXP 	window1: recordFrameIntervals = False
875.1011 	DATA 	Keypress: r
879.3520 	EXP 	window1: recordFrameIntervals = False
879.7195 	DATA 	Keypress: b
884.0191 	EXP 	window1: recordFrameIntervals = False
888.1550 	DATA 	Keypress: m
892.0385 	EXP 	window1: recordFrameIntervals = False
892.5069 	DATA 	Keypress: p
900.9044 	DATA 	Keypress: space
904.7764 	EXP 	window1: recordFrameIntervals = False
905.2116 	DATA 	Keypress: s
909.0605 	EXP 	window1: recordFrameIntervals = False
909.4804 	DATA 	Keypress: a
913.7448 	EXP 	window1: recordFrameIntervals = False
914.3151 	DATA 	Keypress: e
918.3974 	EXP 	window1: recordFrameIntervals = False
919.2665 	DATA 	Keypress: u
923.3653 	EXP 	window1: recordFrameIntervals = False
924.6016 	DATA 	Keypress: p
928.5997 	EXP 	window1: recordFrameIntervals = False
929.5031 	DATA 	Keypress: k
933.3518 	EXP 	window1: recordFrameIntervals = False
934.5715 	DATA 	Keypress: c
938.7532 	EXP 	window1: recordFrameIntervals = False
939.2567 	DATA 	Keypress: a
943.3546 	EXP 	window1: recordFrameIntervals = False
944.0413 	DATA 	Keypress: h
948.2240 	EXP 	window1: recordFrameIntervals = False
948.7413 	DATA 	Keypress: c
953.0413 	EXP 	window1: recordFrameIntervals = False
953.4273 	DATA 	Keypress: h
957.6431 	EXP 	window1: recordFrameIntervals = False
958.3959 	DATA 	Keypress: w
962.2444 	EXP 	window1: recordFrameIntervals = False
962.6972 	DATA 	Keypress: z
966.6127 	EXP 	window1: recordFrameIntervals = False
967.2321 	DATA 	Keypress: v
971.0982 	EXP 	window1: recordFrameIntervals = False
971.7823 	DATA 	Keypress: p
976.0496 	EXP 	window1: recordFrameIntervals = False
976.5175 	DATA 	Keypress: k
980.4178 	EXP 	window1: recordFrameIntervals = False
981.1019 	DATA 	Keypress: s
985.0198 	EXP 	window1: recordFrameIntervals = False
985.5043 	DATA 	Keypress: a
989.5539 	EXP 	window1: recordFrameIntervals = False
990.3226 	DATA 	Keypress: c
994.1732 	EXP 	window1: recordFrameIntervals = False
994.5576 	DATA 	Keypress: a
998.4064 	EXP 	window1: recordFrameIntervals = False
999.7092 	DATA 	Keypress: d
1004.0248 	EXP 	window1: recordFrameIntervals = False
1004.3943 	DATA 	Keypress: e
1008.3929 	EXP 	window1: recordFrameIntervals = False
1008.7104 	DATA 	Keypress: k
1012.7442 	EXP 	window1: recordFrameIntervals = False
1013.2125 	DATA 	Keypress: s
1017.0955 	EXP 	window1: recordFrameIntervals = False
1017.7138 	DATA 	Keypress: a
1021.6970 	EXP 	window1: recordFrameIntervals = False
1022.6161 	DATA 	Keypress: a
1026.5652 	EXP 	window1: recordFrameIntervals = False
1027.0004 	DATA 	Keypress: u
1031.2504 	EXP 	window1: recordFrameIntervals = False
1032.1359 	DATA 	Keypress: d
1036.3198 	EXP 	window1: recordFrameIntervals = False
1037.2373 	DATA 	Keypress: c
1041.1200 	EXP 	window1: recordFrameIntervals = False
1041.6883 	DATA 	Keypress: p
1045.9382 	EXP 	window1: recordFrameIntervals = False
1046.4732 	DATA 	Keypress: h
1050.2925 	DATA 	Keypress: s
1050.3914 	EXP 	window1: recordFrameIntervals = False
1050.8919 	DATA 	Keypress: s
1054.9428 	EXP 	window1: recordFrameIntervals = False
1055.3439 	DATA 	Keypress: u
1059.4771 	EXP 	window1: recordFrameIntervals = False
1059.8623 	DATA 	Keypress: a
1063.8273 	EXP 	window1: recordFrameIntervals = False
1065.0806 	DATA 	Keypress: m
1069.0294 	EXP 	window1: recordFrameIntervals = False
1069.3987 	DATA 	Keypress: x
1073.2468 	EXP 	window1: recordFrameIntervals = False
1073.9322 	DATA 	Keypress: a
1078.0991 	EXP 	window1: recordFrameIntervals = False
1078.6673 	DATA 	Keypress: h
1082.5514 	EXP 	window1: recordFrameIntervals = False
1084.5035 	DATA 	Keypress: h
1088.3686 	EXP 	window1: recordFrameIntervals = False
1090.1050 	DATA 	Keypress: n
1094.2056 	EXP 	window1: recordFrameIntervals = False
1094.9071 	DATA 	Keypress: e
1099.1899 	EXP 	window1: recordFrameIntervals = False
1100.2417 	DATA 	Keypress: q
1104.4753 	EXP 	window1: recordFrameIntervals = False
1104.8935 	DATA 	Keypress: b
1108.9258 	EXP 	window1: recordFrameIntervals = False
1109.3119 	DATA 	Keypress: f
1113.4438 	EXP 	window1: recordFrameIntervals = False
1113.7782 	DATA 	Keypress: g
1117.7950 	EXP 	window1: recordFrameIntervals = False
1118.1802 	DATA 	Keypress: a
1122.1965 	EXP 	window1: recordFrameIntervals = False
1122.6819 	DATA 	Keypress: p
1126.8319 	EXP 	window1: recordFrameIntervals = False
1127.3842 	DATA 	Keypress: d
1131.4998 	EXP 	window1: recordFrameIntervals = False
1131.8510 	DATA 	Keypress: m
1136.0353 	EXP 	window1: recordFrameIntervals = False
1137.1528 	DATA 	Keypress: a
1141.1193 	EXP 	window1: recordFrameIntervals = False
1141.5047 	DATA 	Keypress: w
1145.6207 	EXP 	window1: recordFrameIntervals = False
1145.9892 	DATA 	Keypress: s
1150.1069 	EXP 	window1: recordFrameIntervals = False
1151.0917 	DATA 	Keypress: q
1155.1751 	EXP 	window1: recordFrameIntervals = False
1155.6097 	DATA 	Keypress: p
1159.5776 	DATA 	Keypress: u
1159.6266 	EXP 	window1: recordFrameIntervals = False
1160.0448 	DATA 	Keypress: u
1163.9436 	EXP 	window1: recordFrameIntervals = False
1164.7631 	DATA 	Keypress: d
1169.0452 	EXP 	window1: recordFrameIntervals = False
1169.7973 	DATA 	Keypress: j
1173.8793 	EXP 	window1: recordFrameIntervals = False
1174.6824 	DATA 	Keypress: a
1178.5315 	EXP 	window1: recordFrameIntervals = False
1178.8327 	DATA 	Keypress: e
1182.9661 	EXP 	window1: recordFrameIntervals = False
1183.8343 	DATA 	Keypress: a
1187.9351 	EXP 	window1: recordFrameIntervals = False
1188.4035 	DATA 	Keypress: s
1192.4863 	EXP 	window1: recordFrameIntervals = False
1192.9538 	DATA 	Keypress: z
1197.2876 	EXP 	window1: recordFrameIntervals = False
1197.7557 	DATA 	Keypress: k
1201.8558 	EXP 	window1: recordFrameIntervals = False
1202.9242 	DATA 	Keypress: p
1207.1741 	EXP 	window1: recordFrameIntervals = False
1207.4756 	DATA 	Keypress: d
1211.6760 	EXP 	window1: recordFrameIntervals = False
1212.0104 	DATA 	Keypress: e
1215.8605 	EXP 	window1: recordFrameIntervals = False
1216.2287 	DATA 	Keypress: a
1220.1131 	EXP 	window1: recordFrameIntervals = False
1220.4301 	DATA 	Keypress: a
1224.4141 	EXP 	window1: recordFrameIntervals = False
1224.8662 	DATA 	Keypress: d
1228.7643 	EXP 	window1: recordFrameIntervals = False
1229.3506 	DATA 	Keypress: j
1231.4802 	DATA 	Keypress: space
1235.2177 	EXP 	window1: recordFrameIntervals = False
1236.1180 	DATA 	Keypress: t
1240.2530 	EXP 	window1: recordFrameIntervals = False
1241.2864 	DATA 	Keypress: g
1245.3534 	EXP 	window1: recordFrameIntervals = False
1245.7394 	DATA 	Keypress: e
1249.5405 	DATA 	Keypress: a
1249.9057 	EXP 	window1: recordFrameIntervals = False
1250.1408 	DATA 	Keypress: a
1254.3075 	EXP 	window1: recordFrameIntervals = False
1254.5751 	DATA 	Keypress: n
1258.7079 	EXP 	window1: recordFrameIntervals = False
1259.3772 	DATA 	Keypress: x
1263.4760 	EXP 	window1: recordFrameIntervals = False
1263.8769 	DATA 	Keypress: d
1267.8784 	EXP 	window1: recordFrameIntervals = False
1268.4956 	DATA 	Keypress: s
1272.7787 	EXP 	window1: recordFrameIntervals = False
1273.8472 	DATA 	Keypress: a
1277.8971 	EXP 	window1: recordFrameIntervals = False
1278.2652 	DATA 	Keypress: r
1282.4321 	EXP 	window1: recordFrameIntervals = False
1282.8167 	DATA 	Keypress: s
1286.7002 	EXP 	window1: recordFrameIntervals = False
1287.3686 	DATA 	Keypress: g
1291.4350 	EXP 	window1: recordFrameIntervals = False
1291.8532 	DATA 	Keypress: r
1296.1361 	EXP 	window1: recordFrameIntervals = False
1296.7882 	DATA 	Keypress: z
1301.0396 	EXP 	window1: recordFrameIntervals = False
1301.8066 	DATA 	Keypress: a
1305.8896 	EXP 	window1: recordFrameIntervals = False
1306.8411 	DATA 	Keypress: a
1311.0429 	EXP 	window1: recordFrameIntervals = False
1311.8766 	DATA 	Keypress: z
1315.7272 	EXP 	window1: recordFrameIntervals = False
1316.7444 	DATA 	Keypress: e
1320.9616 	EXP 	window1: recordFrameIntervals = False
1322.0964 	DATA 	Keypress: d
1326.0127 	EXP 	window1: recordFrameIntervals = False
1326.9312 	DATA 	Keypress: a
1331.2315 	EXP 	window1: recordFrameIntervals = False
1332.1003 	DATA 	Keypress: h
1336.2174 	EXP 	window1: recordFrameIntervals = False
1336.5345 	DATA 	Keypress: a
1340.4185 	EXP 	window1: recordFrameIntervals = False
1340.7698 	DATA 	Keypress: e
1344.8035 	EXP 	window1: recordFrameIntervals = False
1345.3218 	DATA 	Keypress: d
1349.4541 	EXP 	window1: recordFrameIntervals = False
1349.8732 	DATA 	Keypress: w
1353.7383 	EXP 	window1: recordFrameIntervals = False
1354.4746 	DATA 	Keypress: a
1358.5565 	EXP 	window1: recordFrameIntervals = False
1358.9248 	DATA 	Keypress: c
1363.2085 	EXP 	window1: recordFrameIntervals = False
1363.5768 	DATA 	Keypress: n
1367.8762 	EXP 	window1: recordFrameIntervals = False
1368.4614 	DATA 	Keypress: m
1372.7951 	EXP 	window1: recordFrameIntervals = False
1374.4644 	DATA 	Keypress: p
1378.4635 	EXP 	window1: recordFrameIntervals = False
1378.8478 	DATA 	Keypress: t
1382.8816 	EXP 	window1: recordFrameIntervals = False
1383.2658 	DATA 	Keypress: b
1387.2992 	EXP 	window1: recordFrameIntervals = False
1387.4843 	DATA 	Keypress: e
1391.4673 	EXP 	window1: recordFrameIntervals = False
1391.8529 	DATA 	Keypress: s
1395.9365 	EXP 	window1: recordFrameIntervals = False
1396.7710 	DATA 	Keypress: h
1400.8049 	EXP 	window1: recordFrameIntervals = False
1401.7221 	DATA 	Keypress: t
1405.8051 	EXP 	window1: recordFrameIntervals = False
1406.2074 	DATA 	Keypress: l
1410.4251 	EXP 	window1: recordFrameIntervals = False
1411.2586 	DATA 	Keypress: g
1415.3764 	EXP 	window1: recordFrameIntervals = False
1415.7439 	DATA 	Keypress: m
1419.6107 	EXP 	window1: recordFrameIntervals = False
1419.9127 	DATA 	Keypress: s
1424.1441 	EXP 	window1: recordFrameIntervals = False
1424.5305 	DATA 	Keypress: s
1428.5462 	EXP 	window1: recordFrameIntervals = False
1429.0476 	DATA 	Keypress: n
1433.2806 	EXP 	window1: recordFrameIntervals = False
1433.7831 	DATA 	Keypress: e
1437.8660 	EXP 	window1: recordFrameIntervals = False
1438.3172 	DATA 	Keypress: l
1442.4010 	EXP 	window1: recordFrameIntervals = False
1443.4194 	DATA 	Keypress: w
1447.7193 	EXP 	window1: recordFrameIntervals = False
1449.0377 	DATA 	Keypress: p
1453.2039 	EXP 	window1: recordFrameIntervals = False
1453.5725 	DATA 	Keypress: s
1457.4389 	EXP 	window1: recordFrameIntervals = False
1457.9573 	DATA 	Keypress: s
1461.8575 	EXP 	window1: recordFrameIntervals = False
1462.2087 	DATA 	Keypress: l
1466.4916 	EXP 	window1: recordFrameIntervals = False
1467.4936 	DATA 	Keypress: t
1471.8107 	EXP 	window1: recordFrameIntervals = False
1472.8121 	DATA 	Keypress: a
1476.8619 	EXP 	window1: recordFrameIntervals = False
1477.2803 	DATA 	Keypress: w
1481.3303 	EXP 	window1: recordFrameIntervals = False
1481.6486 	DATA 	Keypress: f
1485.9657 	EXP 	window1: recordFrameIntervals = False
1486.1668 	DATA 	Keypress: s
1490.3008 	EXP 	window1: recordFrameIntervals = False
1490.6190 	DATA 	Keypress: k
1494.6852 	EXP 	window1: recordFrameIntervals = False
1494.7057 	DATA 	Keypress: v
1498.6525 	EXP 	window1: recordFrameIntervals = False
1499.5047 	DATA 	Keypress: c
1503.4203 	EXP 	window1: recordFrameIntervals = False
1503.9048 	DATA 	Keypress: y
1507.9932 	EXP 	window1: recordFrameIntervals = False
1507.9935 	ERROR 	trialnum=269 ERROR,2 frames were longer than 21.67 ms apparently screen refreshes skipped, interframe durs were:[22.  22.1] and was these frames: [128 132]
1507.9937 	INFO 	flankers also=[15.7 22.  15.9 15.9 22.1 10.4]
1509.5583 	DATA 	Keypress: g
1513.6739 	EXP 	window1: recordFrameIntervals = False
1514.0752 	DATA 	Keypress: q
1518.1583 	EXP 	window1: recordFrameIntervals = False
1518.9938 	DATA 	Keypress: z
1523.0606 	EXP 	window1: recordFrameIntervals = False
1524.3801 	DATA 	Keypress: m
1528.3956 	EXP 	window1: recordFrameIntervals = False
1529.3310 	DATA 	Keypress: e
1533.2972 	EXP 	window1: recordFrameIntervals = False
1534.0817 	DATA 	Keypress: g
1538.2663 	EXP 	window1: recordFrameIntervals = False
1538.7668 	DATA 	Keypress: m
1542.7167 	EXP 	window1: recordFrameIntervals = False
1542.8182 	DATA 	Keypress: t
1546.7181 	EXP 	window1: recordFrameIntervals = False
1547.4362 	DATA 	Keypress: l
1551.4041 	DATA 	Keypress: b
1551.5193 	EXP 	window1: recordFrameIntervals = False
1551.9376 	DATA 	Keypress: b
1556.0044 	EXP 	window1: recordFrameIntervals = False
1556.4897 	DATA 	Keypress: e
1557.0108 	INFO 	Finishing at 14:25 on 08 Feb 2020
1557.4089 	EXP 	window1: mouseVisible = True
