20.5023 	ERROR 	Screen apparently NOT the desired resolution of 2560.0x1440.0 pixels!!
23.7848 	INFO 	Successfully set darwin thread to realtime
24.8484 	INFO 	#[ PsychoPy3 RuntimeInfoStart ]
  #[[ PsychoPy ]] #---------
    psychopyVersion: 3.2.3
    psychopyHaveExtRush: True
  #[[ Experiment ]] #---------
    experimentRunTime: 2020_02_05 13:00 (Year_Month_Day Hour:Min)
    experimentRunTime.epoch: 1580925613
    experimentScript: Experiment3_VisualNow.py
    experimentScript.digestSHA1: d9809d16847809e6dfe395c6203fb6fc0627eb5a
    experimentScript.directory: /Users/vsg/Documents/GitHub/spatio_temporal_information_processing/RSVP_visual_now
  #[[ System ]] #---------
    systemHaveInternetAccess: True
    systemHostName: pbs-jf-imac.win.ad.jhu.edu
    systemLocale: C
    systemMemFreeRAM: 3267.8203125
    systemMemTotalRAM: 8192.0
    systemPlatform: darwin 10.13.6 x86_64
    systemPyoVersion: -
    systemRebooted: Nov 20 02:21
    systemSec.OpenSSLVersion: LibreSSL 2.2.7
    systemSec.pythonSSL: True
    systemTimeNumpySD1000000_sec: 0.0041
    systemUser: vsg
    systemUserID: 502
    systemUsersCount: 1
  #[[ Window ]] #---------
    windowWinType: pyglet
    windowUnits: deg
    windowSize_pix: [5120 2880]
    windowScreen: 0
    windowRgb: [-0.7 -0.7 -0.7]
    windowRefreshTimeSD_ms: 0.198
    windowRefreshTimeMedian_ms: 16.661
    windowRefreshTimeAvg_ms: 16.652
    windowPos_pix: [0.0, 0.0]
    windowMonitor.name: testmonitor
    windowMonitor.getWidth_cm: 64.8
    windowMonitor.getDistance_cm: 100.0
    windowMonitor.currentCalibName: 2020_02_04 15:59
    windowIsFullScr: True
  #[[ Python ]] #---------
    pythonVersion: 3.6.1
  #[[ OpenGL ]] #---------
#[ PsychoPy3 RuntimeInfoEnd ]

24.8492 	WARNING 	Could not load the desired click sound file, instead using manually created inferior click
24.9717 	EXP 	Created sequence: random, trialTypes=280, nReps=14, seed=None
25.0864 	INFO 	numtrials=280 and each trialDurFrames=156 or 2600.0 ms  task=T1
25.2530 	EXP 	Created text = TextStim(__class__=<class 'psychopy.visual.text.TextStim'>, alignHoriz='center', alignVert='center', antialias=True, autoLog=True, bold=False, color=array([1., 1., 1.]), colorSpace='rgb', contrast=1.0, depth=-1.0, flipHoriz=False, flipVert=False, font='Arial', fontFiles=[], height=0.5, italic=False, languageStyle='LTR', name='text', opacity=1.0, ori=0, pos=array([0., 0.]), rgb=array([1., 1., 1.]), text='', units='deg', win=Window(...), wrapWidth=30)
25.3440 	EXP 	text: text = "Welcome! Thank you for agreeing to participate in this study.\n\nYou will be presented with a Rapid Stream of letters. Your task is to identify one of the letters.\n\nYou will perform this task while fixating in the center. \n\nThe stream of letters is presented anywhere on the horizontal axis of the screen.\n\nThe letter in the stream that you're supposed to identify is accompanied by a probe that can also appear anywhere on the horizontal axis of the screen.\n\nThe probe is a circular disk that will be flashed for a very brief time.\n\nOnce you've identified the letter after the trial ends, type it out on the keyboard.\n\nIf you're feeling uncomfortable, you can press ESC key any time to stop the experiment.\n\nPress any key when you are ready to begin the experiment.\n\n"
25.3440 	EXP 	text: autoDraw = True
38.3735 	DATA 	Keypress: space
38.3744 	EXP 	text: autoDraw = False
38.3748 	INFO 	Experiment will have 280 trials. Letters will be drawn with superposed noise of0.00%
38.3749 	INFO 	Starting main (non-staircase) part of experiment
41.8233 	EXP 	window1: recordFrameIntervals = False
42.6918 	DATA 	Keypress: s
46.7085 	EXP 	window1: recordFrameIntervals = False
47.5259 	DATA 	Keypress: b
51.7597 	EXP 	window1: recordFrameIntervals = False
52.6119 	DATA 	Keypress: m
56.7279 	EXP 	window1: recordFrameIntervals = False
57.5463 	DATA 	Keypress: d
61.8306 	EXP 	window1: recordFrameIntervals = False
62.6313 	DATA 	Keypress: b
66.7647 	EXP 	window1: recordFrameIntervals = False
67.6160 	DATA 	Keypress: m
71.6828 	EXP 	window1: recordFrameIntervals = False
72.5842 	DATA 	Keypress: f
76.6184 	EXP 	window1: recordFrameIntervals = False
77.8364 	DATA 	Keypress: i
81.7862 	EXP 	window1: recordFrameIntervals = False
82.4876 	DATA 	Keypress: w
86.4708 	EXP 	window1: recordFrameIntervals = False
87.2889 	DATA 	Keypress: q
91.2560 	EXP 	window1: recordFrameIntervals = False
92.1405 	DATA 	Keypress: g
96.0073 	EXP 	window1: recordFrameIntervals = False
96.8087 	DATA 	Keypress: h
100.9087 	EXP 	window1: recordFrameIntervals = False
101.6609 	DATA 	Keypress: x
