11.3089 	WARNING 	User requested fullscreen with size [5120 2880], but screen is actually [2560, 1440]. Using actual size
12.0690 	INFO 	Successfully set darwin thread to realtime
13.1254 	INFO 	#[ PsychoPy3 RuntimeInfoStart ]
  #[[ PsychoPy ]] #---------
    psychopyVersion: 3.0.2
    psychopyHaveExtRush: True
  #[[ Experiment ]] #---------
    experimentRunTime: 2019_01_31 14:32 (Year_Month_Day Hour:Min)
    experimentRunTime.epoch: 1548963148
    experimentScript: RSVP_visual_now.py
    experimentScript.digestSHA1: 3b4b4bab79bfdf91e91a0ef1c17bc26bcc1124b3
    experimentScript.directory: /Users/supadhy6/Documents/GitHub/spatio_temporal_information_processing/RSVP_visual_now
  #[[ System ]] #---------
    systemHaveInternetAccess: True
    systemHostName: pbs-jf-imac.local
    systemLocale: C
    systemMemFreeRAM: 2983.375
    systemMemTotalRAM: 8192.0
    systemPlatform: darwin 10.13.6 x86_64
    systemRebooted: Jan 30 14:50
    systemSec.OpenSSLVersion: OpenSSL 1.1.1a  20 Nov 2018
    systemSec.pythonSSL: True
    systemTimeNumpySD1000000_sec: 0.0035
    systemUser: supadhy6
    systemUserID: 1903061739
    systemUserProcCount: 175
    systemUserProcFlagged: mdworker iTunes Safari
    systemUsersCount: 2
  #[[ Window ]] #---------
    windowWinType: pyglet
    windowUnits: deg
    windowSize_pix: [5120 2880]
    windowScreen: 0
    windowRgb: [-0.7 -0.7 -0.7]
    windowRefreshTimeSD_ms: 0.587
    windowRefreshTimeMedian_ms: 16.668
    windowRefreshTimeAvg_ms: 16.655
    windowPos_pix: [0.0, 0.0]
    windowMonitor.name: testmonitor
    windowMonitor.getWidth_cm: 60.0
    windowMonitor.getDistance_cm: 65.0
    windowMonitor.currentCalibName: 2019_01_30 18:10
    windowIsFullScr: True
  #[[ Python ]] #---------
    pythonVersion: 3.6.8
  #[[ OpenGL ]] #---------
#[ PsychoPy3 RuntimeInfoEnd ]

13.1261 	WARNING 	Could not load the desired click sound file, instead using manually created inferior click
13.4904 	EXP 	Created sequence: random, trialTypes=20, nReps=14, seed=None
13.6412 	EXP 	Created sequence: random, trialTypes=20, nReps=14, seed=None
13.6414 	INFO 	numtrials=280 and each trialDurFrames=156 or 2600.0 ms  task=T1
13.8043 	EXP 	Created text = TextStim(__class__=<class 'psychopy.visual.text.TextStim'>, alignHoriz='center', alignVert='center', antialias=True, autoLog=True, bold=False, color=array([1., 1., 1.]), colorSpace='rgb', contrast=1.0, depth=-1.0, flipHoriz=False, flipVert=False, font='Arial', fontFiles=[], height=0.35, italic=False, languageStyle='LTR', name='text', opacity=1.0, ori=0, pos=array([0., 0.]), rgb=array([1., 1., 1.]), text='', units='deg', win=Window(...), wrapWidth=30)
13.8736 	EXP 	text: text = "Welcome! Thank you for agreeing to participate in this study.\n\nYou will be presented with a Rapid Stream of letters. Your task is to identify one of the letters.\n\nThe letter you're supposed to identify is accompanied by a probe that can appear anywhere on the horizontal axis of the screen.\n\nThe probe is a circular disk that will be flashed for a very brief time.\n\nOnce you've identified the letter after the trial ends, type it out on the keyboard.\n\nIf you're feeling uncomfortable, you can press ESC key any time to stop the experiment.\n\nPress any key when you are ready to begin the experiment.\n\n"
13.8736 	EXP 	text: autoDraw = True
14.4828 	DATA 	Keypress: space
14.4840 	EXP 	text: autoDraw = False
14.4840 	INFO 	Experiment will have 280 trials. Letters will be drawn with superposed noise of0.00%
14.4840 	INFO 	Starting main (non-staircase) part of experiment
18.0934 	EXP 	window1: recordFrameIntervals = False
19.1792 	DATA 	Keypress: u
23.1447 	EXP 	window1: recordFrameIntervals = False
24.4637 	DATA 	Keypress: x
28.3971 	EXP 	window1: recordFrameIntervals = False
29.3647 	DATA 	Keypress: u
33.6359 	EXP 	window1: recordFrameIntervals = False
33.6362 	ERROR 	trialnum=3 ERROR,1 frames were longer than 21.67 ms apparently screen refreshes skipped, interframe durs were:[21.7] and was these frames: [151]
33.6520 	INFO 	flankers also=[12.5 21.7 15.9]
35.1880 	DATA 	Keypress: e
36.5362 	DATA 	Keypress: escape
36.7182 	DATA 	Keypress: escape
36.9363 	DATA 	Keypress: escape
37.1350 	DATA 	Keypress: escape
37.3520 	DATA 	Keypress: escape
37.5348 	DATA 	Keypress: escape
37.7350 	DATA 	Keypress: escape
37.9357 	DATA 	Keypress: escape
38.1356 	DATA 	Keypress: escape
38.3360 	DATA 	Keypress: escape
38.5518 	DATA 	Keypress: escape
38.9190 	DATA 	Keypress: escape
39.3999 	EXP 	window1: recordFrameIntervals = False
39.5844 	DATA 	Keypress: escape
39.6001 	INFO 	Finishing at 14:32 on 31 Jan 2019
39.6001 	ERROR 	user aborted experiment on keypress with trials done=4 of 281
39.8778 	EXP 	window1: mouseVisible = True
