11.2599 	WARNING 	User requested fullscreen with size [5120 2880], but screen is actually [2560, 1440]. Using actual size
12.1458 	INFO 	Successfully set darwin thread to realtime
13.2104 	INFO 	#[ PsychoPy3 RuntimeInfoStart ]
  #[[ PsychoPy ]] #---------
    psychopyVersion: 3.0.2
    psychopyHaveExtRush: True
  #[[ Experiment ]] #---------
    experimentRunTime: 2019_01_30 18:57 (Year_Month_Day Hour:Min)
    experimentRunTime.epoch: 1548892657
    experimentScript: RSVP_visual_now.py
    experimentScript.digestSHA1: 105a6a1bf3c8654bd5614653cfa5392fc10a7243
    experimentScript.directory: /Users/supadhy6/Documents/GitHub/spatio_temporal_information_processing/RSVP_visual_now
  #[[ System ]] #---------
    systemHaveInternetAccess: True
    systemHostName: pbs-jf-imac.local
    systemLocale: C
    systemMemFreeRAM: 2358.1953125
    systemMemTotalRAM: 8192.0
    systemPlatform: darwin 10.13.6 x86_64
    systemRebooted: Jan 30 14:50
    systemSec.OpenSSLVersion: OpenSSL 1.1.1a  20 Nov 2018
    systemSec.pythonSSL: True
    systemTimeNumpySD1000000_sec: 0.0043
    systemUser: supadhy6
    systemUserID: 1903061739
    systemUserProcCount: 192
    systemUserProcFlagged: iTunes Safari mdworker
    systemUsersCount: 2
  #[[ Window ]] #---------
    windowWinType: pyglet
    windowUnits: deg
    windowSize_pix: [5120 2880]
    windowScreen: 0
    windowRgb: [-0.7 -0.7 -0.7]
    windowRefreshTimeSD_ms: 0.275
    windowRefreshTimeMedian_ms: 16.663
    windowRefreshTimeAvg_ms: 16.651
    windowPos_pix: [0.0, 0.0]
    windowMonitor.name: testmonitor
    windowMonitor.getWidth_cm: 60.0
    windowMonitor.getDistance_cm: 80.0
    windowMonitor.currentCalibName: 2019_01_30 18:10
    windowIsFullScr: True
  #[[ Python ]] #---------
    pythonVersion: 3.6.8
  #[[ OpenGL ]] #---------
#[ PsychoPy3 RuntimeInfoEnd ]

13.2111 	WARNING 	Could not load the desired click sound file, instead using manually created inferior click
13.5710 	EXP 	Created sequence: random, trialTypes=30, nReps=14, seed=None
13.7263 	EXP 	Created sequence: random, trialTypes=30, nReps=14, seed=None
13.7265 	INFO 	numtrials=420 and each trialDurFrames=156 or 2600.0 ms  task=T1
13.9266 	EXP 	Created text = TextStim(__class__=<class 'psychopy.visual.text.TextStim'>, alignHoriz='center', alignVert='center', antialias=True, autoLog=True, bold=False, color=array([1., 1., 1.]), colorSpace='rgb', contrast=1.0, depth=-1.0, flipHoriz=False, flipVert=False, font='Arial', fontFiles=[], height=0.5, italic=False, languageStyle='LTR', name='text', opacity=1.0, ori=0, pos=array([0., 0.]), rgb=array([1., 1., 1.]), text='', units='deg', win=Window(...), wrapWidth=30)
13.9962 	EXP 	text: text = "Welcome! Thank you for agreeing to participate in this study.\n\nYou will be presented with a Rapid Stream of letters. Your task is to identify one of the letters.\n\nThe letter you're supposed to identify is accompanied by a probe that can appear anywhere on the horizontal axis of the screen.\n\nThe probe is a circular disk that will be flashed for a very brief time.\n\nOnce you've identified the letter after the trial ends, type it out on the keyboard.\n\nIf you're feeling uncomfortable, you can press ESC key any time to stop the experiment.\n\nPress any key when you are ready to begin the experiment.\n\n"
13.9962 	EXP 	text: autoDraw = True
15.7777 	DATA 	Keypress: space
15.7785 	EXP 	text: autoDraw = False
15.7786 	INFO 	Experiment will have 420 trials. Letters will be drawn with superposed noise of0.00%
15.7786 	INFO 	Starting main (non-staircase) part of experiment
19.6109 	EXP 	window1: recordFrameIntervals = False
20.8128 	DATA 	Keypress: a
25.1459 	EXP 	window1: recordFrameIntervals = False
25.9139 	DATA 	Keypress: x
29.9854 	EXP 	window1: recordFrameIntervals = False
30.3869 	DATA 	Keypress: x
34.3660 	EXP 	window1: recordFrameIntervals = False
34.4840 	DATA 	Keypress: a
38.3845 	EXP 	window1: recordFrameIntervals = False
39.0354 	DATA 	Keypress: r
43.0356 	EXP 	window1: recordFrameIntervals = False
43.8880 	DATA 	Keypress: j
47.5907 	DATA 	Keypress: escape
47.9047 	EXP 	window1: recordFrameIntervals = False
48.0058 	DATA 	Keypress: escape
48.0209 	INFO 	Finishing at 18:58 on 30 Jan 2019
48.0209 	ERROR 	user aborted experiment on keypress with trials done=6 of 421
48.3016 	EXP 	window1: mouseVisible = True
