39.4631 	ERROR 	Screen apparently NOT the desired resolution of 5120x2880 pixels!!
42.4523 	WARNING 	User requested fullscreen with size [5120 2880], but screen is actually [1920, 1200]. Using actual size
43.1551 	INFO 	Successfully set darwin thread to realtime
44.1613 	INFO 	#[ PsychoPy3 RuntimeInfoStart ]
  #[[ PsychoPy ]] #---------
    psychopyVersion: 3.0.3
    psychopyHaveExtRush: True
  #[[ Experiment ]] #---------
    experimentRunTime: 2019_02_04 14:41 (Year_Month_Day Hour:Min)
    experimentRunTime.epoch: 1549309264
    experimentScript: RSVP_visual_now.py
    experimentScript.digestSHA1: 0aad8badaac45f005fa72cfb768ac4dfea8b897e
    experimentScript.directory: /Users/vsg/Documents/GitHub/spatio_temporal_information_processing/RSVP_visual_now
  #[[ System ]] #---------
    systemHaveInternetAccess: True
    systemHostName: VSG-lab1.local
    systemLocale: C
    systemMemFreeRAM: 1753.7109375
    systemMemTotalRAM: 4096.0
    systemPlatform: darwin 10.10.5 x86_64
    systemRavailable: R version 3.2.3 (2015-12-10) -- Wooden Christmas-Tree
    systemRebooted: Feb 4 13:52
    systemSec.OpenSSLVersion: OpenSSL 0.9.8zg 14 July 2015
    systemSec.pythonSSL: True
    systemTimeNumpySD1000000_sec: 0.0123
    systemUser: vsg
    systemUserID: 502
    systemUserProcCount: 90
    systemUserProcFlagged: mdworker Safari
    systemUsersCount: 1
  #[[ Window ]] #---------
    windowWinType: pyglet
    windowUnits: deg
    windowSize_pix: [1920 1200]
    windowScreen: 0
    windowRgb: [-0.7 -0.7 -0.7]
    windowRefreshTimeSD_ms: 0.029
    windowRefreshTimeMedian_ms: 16.704
    windowRefreshTimeAvg_ms: 16.704
    windowPos_pix: [0, 0]
    windowMonitor.name: testmonitor
    windowMonitor.getWidth_cm: 60.0
    windowMonitor.getDistance_cm: 65.0
    windowMonitor.currentCalibName: 2019_02_04 12:46
    windowIsFullScr: True
  #[[ Python ]] #---------
    pythonVersion: 2.7.13
  #[[ OpenGL ]] #---------
#[ PsychoPy3 RuntimeInfoEnd ]

44.1639 	WARNING 	Could not load the desired click sound file, instead using manually created inferior click
44.9357 	EXP 	Created sequence: random, trialTypes=20, nReps=14, seed=None
45.2291 	EXP 	Created sequence: random, trialTypes=20, nReps=14, seed=None
45.2299 	INFO 	numtrials=280 and each trialDurFrames=156 or 2600.0 ms  task=T1
45.8658 	EXP 	Created text = TextStim(alignHoriz='center', alignVert='center', antialias=True, autoLog=True, bold=False, color=array([ 1.,  1.,  1.]), colorSpace='rgb', contrast=1.0, depth=-1.0, flipHoriz=False, flipVert=False, font='Arial', fontFiles=[], height=0.5, italic=False, languageStyle='LTR', name='text', opacity=1.0, ori=0, pos=array([ 0.,  0.]), rgb=array([ 1.,  1.,  1.]), text='', units='deg', win=Window(...), wrapWidth=30)
46.4807 	EXP 	text: text = "Welcome! Thank you for agreeing to participate in this study.\n\nYou will be presented with a Rapid Stream of letters. Your task is to identify one of the letters.\n\nThe letter you're supposed to identify is accompanied by a probe that can appear anywhere on the horizontal axis of the screen.\n\nThe probe is a circular disk that will be flashed for a very brief time.\n\nOnce you've identified the letter after the trial ends, type it out on the keyboard.\n\nIf you're feeling uncomfortable, you can press ESC key any time to stop the experiment.\n\nPress any key when you are ready to begin the experiment.\n\n"
46.4807 	EXP 	text: autoDraw = True
47.3732 	DATA 	Keypress: space
47.3742 	EXP 	text: autoDraw = False
47.3743 	INFO 	Experiment will have 280 trials. Letters will be drawn with superposed noise of0.00%
47.3743 	INFO 	Starting main (non-staircase) part of experiment
51.0271 	EXP 	window1: recordFrameIntervals = False
52.1816 	DATA 	Keypress: b
56.3058 	EXP 	window1: recordFrameIntervals = False
57.3261 	DATA 	Keypress: a
57.9609 	DATA 	Keypress: escape
58.5620 	DATA 	Keypress: escape
58.7970 	DATA 	Keypress: escape
58.9975 	DATA 	Keypress: escape
59.1815 	DATA 	Keypress: escape
59.3816 	DATA 	Keypress: escape
59.5654 	DATA 	Keypress: escape
59.7658 	DATA 	Keypress: escape
59.9663 	DATA 	Keypress: escape
60.2002 	DATA 	Keypress: escape
60.6010 	DATA 	Keypress: escape
60.9351 	DATA 	Keypress: escape
61.2334 	EXP 	window1: recordFrameIntervals = False
61.2845 	DATA 	Keypress: escape
61.3005 	INFO 	Finishing at 14:41 on 04 Feb 2019
61.3005 	ERROR 	user aborted experiment on keypress with trials done=2 of 281
61.6747 	EXP 	window1: mouseVisible = True
