21.1042 	INFO 	Successfully set darwin thread to realtime
22.1127 	INFO 	#[ PsychoPy3 RuntimeInfoStart ]
  #[[ PsychoPy ]] #---------
    psychopyVersion: 3.0.3
    psychopyHaveExtRush: True
  #[[ Experiment ]] #---------
    experimentRunTime: 2019_02_16 11:36 (Year_Month_Day Hour:Min)
    experimentRunTime.epoch: 1550335008
    experimentScript: RSVP_visual_now.py
    experimentScript.digestSHA1: 0475386631678dc0bade51e5abdae04f6526da6c
    experimentScript.directory: /Users/vsg/Documents/GitHub/spatio_temporal_information_processing/RSVP_visual_now
  #[[ System ]] #---------
    systemHaveInternetAccess: True
    systemHostName: VSG-lab1.local
    systemLocale: C
    systemMemFreeRAM: 1641.95703125
    systemMemTotalRAM: 4096.0
    systemPlatform: darwin 10.10.5 x86_64
    systemRavailable: R version 3.2.3 (2015-12-10) -- Wooden Christmas-Tree
    systemRebooted: Feb 4 16:27
    systemSec.OpenSSLVersion: OpenSSL 0.9.8zg 14 July 2015
    systemSec.pythonSSL: True
    systemTimeNumpySD1000000_sec: 0.0123
    systemUser: vsg
    systemUserID: 502
    systemUserProcCount: 83
    systemUserProcFlagged: mdworker Safari
    systemUsersCount: 1
  #[[ Window ]] #---------
    windowWinType: pyglet
    windowUnits: deg
    windowSize_pix: [1920 1200]
    windowScreen: 0
    windowRgb: [-0.7 -0.7 -0.7]
    windowRefreshTimeSD_ms: 0.572
    windowRefreshTimeMedian_ms: 16.708
    windowRefreshTimeAvg_ms: 16.731
    windowPos_pix: [0, 0]
    windowMonitor.name: testmonitor
    windowMonitor.getWidth_cm: 52.0
    windowMonitor.getDistance_cm: 65.0
    windowMonitor.currentCalibName: 2019_02_04 12:46
    windowIsFullScr: True
  #[[ Python ]] #---------
    pythonVersion: 2.7.13
  #[[ OpenGL ]] #---------
#[ PsychoPy3 RuntimeInfoEnd ]

22.1150 	WARNING 	Could not load the desired click sound file, instead using manually created inferior click
22.5166 	EXP 	Created sequence: random, trialTypes=280, nReps=14, seed=None
22.7631 	INFO 	total SOA (ISI + letterDur)=100.0 or 6 frames, comprising
ISIframes =3 or 50.0 ms and letterDurFrames =3 or 50.0ms
cueDurFrames =1.0 or 16.6666666667 ms

22.7631 	INFO 	numtrials=280 and each trialDurFrames=156 or 2600.0 ms  task=T1
23.3412 	EXP 	Created text = TextStim(alignHoriz='center', alignVert='center', antialias=True, autoLog=True, bold=False, color=array([ 1.,  1.,  1.]), colorSpace='rgb', contrast=1.0, depth=-1.0, flipHoriz=False, flipVert=False, font='Arial', fontFiles=[], height=0.5, italic=False, languageStyle='LTR', name='text', opacity=1.0, ori=0, pos=array([ 0.,  0.]), rgb=array([ 1.,  1.,  1.]), text='', units='deg', win=Window(...), wrapWidth=30)
24.0656 	EXP 	text: text = "Welcome! Thank you for agreeing to participate in this study.\n\nYou will be presented with a Rapid Stream of letters. Your task is to identify one of the letters.\n\nThe letter you're supposed to identify is accompanied by a probe that can appear anywhere on the horizontal axis of the screen.\n\nThe probe is a circular disk that will be flashed for a very brief time.\n\nOnce you've identified the letter after the trial ends, type it out on the keyboard.\n\nOh! And one more thing! You will perform this task while fixating in the center, and detecting the probe with your peripheral vision.\n\nIf you're feeling uncomfortable, you can press ESC key any time to stop the experiment.\n\nPress any key when you are ready to begin the experiment.\n\n"
24.0656 	EXP 	text: autoDraw = True
124.4887 	DATA 	Keypress: g
124.4897 	EXP 	text: autoDraw = False
124.4900 	INFO 	Experiment will have 280 trials. Letters will be drawn with superposed noise of0.00%
124.4900 	INFO 	Starting main (non-staircase) part of experiment
127.7962 	EXP 	window1: recordFrameIntervals = False
129.4181 	DATA 	Keypress: v
133.4756 	EXP 	window1: recordFrameIntervals = False
134.6815 	DATA 	Keypress: a
138.8226 	EXP 	window1: recordFrameIntervals = False
139.8764 	DATA 	Keypress: o
144.1178 	EXP 	window1: recordFrameIntervals = False
145.7562 	DATA 	Keypress: c
149.6802 	EXP 	window1: recordFrameIntervals = False
151.0682 	DATA 	Keypress: s
154.8751 	EXP 	window1: recordFrameIntervals = False
155.3777 	DATA 	Keypress: k
159.6525 	EXP 	window1: recordFrameIntervals = False
160.9904 	DATA 	Keypress: w
164.9978 	EXP 	window1: recordFrameIntervals = False
167.1041 	DATA 	Keypress: c
171.0262 	EXP 	window1: recordFrameIntervals = False
171.0266 	ERROR 	trialnum=8 ERROR,1 frames were longer than 20.8 ms apparently screen refreshes skipped, interframe durs were:[ 42.3] and was these frames: [1]
171.0269 	INFO 	flankers also=[ 16.7  42.3   2. ]
172.0132 	DATA 	Keypress: g
175.9707 	EXP 	window1: recordFrameIntervals = False
177.3769 	DATA 	Keypress: f
181.3010 	EXP 	window1: recordFrameIntervals = False
182.3556 	DATA 	Keypress: g
186.3789 	EXP 	window1: recordFrameIntervals = False
187.3493 	DATA 	Keypress: g
191.3901 	EXP 	window1: recordFrameIntervals = False
192.3772 	DATA 	Keypress: f
196.6017 	EXP 	window1: recordFrameIntervals = False
198.0899 	DATA 	Keypress: d
202.1810 	EXP 	window1: recordFrameIntervals = False
203.5856 	DATA 	Keypress: a
207.8603 	EXP 	window1: recordFrameIntervals = False
208.8640 	DATA 	Keypress: m
212.7863 	EXP 	window1: recordFrameIntervals = False
212.7867 	ERROR 	trialnum=16 ERROR,1 frames were longer than 20.8 ms apparently screen refreshes skipped, interframe durs were:[ 25.] and was these frames: [1]
212.7870 	INFO 	flankers also=[ 16.7  25.   16.7]
215.9952 	DATA 	Keypress: l
219.8371 	EXP 	window1: recordFrameIntervals = False
221.0083 	DATA 	Keypress: y
225.2158 	EXP 	window1: recordFrameIntervals = False
226.3531 	DATA 	Keypress: r
230.3104 	EXP 	window1: recordFrameIntervals = False
231.2974 	DATA 	Keypress: f
235.2549 	EXP 	window1: recordFrameIntervals = False
237.0772 	DATA 	Keypress: x
240.9176 	EXP 	window1: recordFrameIntervals = False
242.4060 	DATA 	Keypress: b
246.6304 	EXP 	window1: recordFrameIntervals = False
248.0685 	DATA 	Keypress: m
252.1928 	EXP 	window1: recordFrameIntervals = False
254.0152 	DATA 	Keypress: y
258.2546 	EXP 	window1: recordFrameIntervals = False
259.4588 	DATA 	Keypress: n
263.2993 	EXP 	window1: recordFrameIntervals = False
264.8224 	DATA 	Keypress: d
268.8968 	EXP 	window1: recordFrameIntervals = False
270.1009 	DATA 	Keypress: o
274.1585 	EXP 	window1: recordFrameIntervals = False
275.1957 	DATA 	Keypress: t
279.0195 	EXP 	window1: recordFrameIntervals = False
280.3241 	DATA 	Keypress: s
284.3146 	EXP 	window1: recordFrameIntervals = False
287.0555 	DATA 	Keypress: r
290.9962 	EXP 	window1: recordFrameIntervals = False
293.3363 	DATA 	Keypress: z
297.4942 	EXP 	window1: recordFrameIntervals = False
300.3520 	DATA 	Keypress: k
304.3260 	EXP 	window1: recordFrameIntervals = False
304.8620 	DATA 	Keypress: k
309.0851 	EXP 	window1: recordFrameIntervals = False
310.1889 	DATA 	Keypress: p
314.1631 	EXP 	window1: recordFrameIntervals = False
315.6538 	DATA 	Keypress: m
319.6770 	EXP 	window1: recordFrameIntervals = False
321.3823 	DATA 	Keypress: z
325.3063 	EXP 	window1: recordFrameIntervals = False
326.5606 	DATA 	Keypress: z
330.8186 	EXP 	window1: recordFrameIntervals = False
331.7732 	DATA 	Keypress: p
335.7964 	EXP 	window1: recordFrameIntervals = False
337.0341 	DATA 	Keypress: p
340.8577 	EXP 	window1: recordFrameIntervals = False
342.1455 	DATA 	Keypress: b
345.9358 	EXP 	window1: recordFrameIntervals = False
347.2902 	DATA 	Keypress: w
351.5132 	EXP 	window1: recordFrameIntervals = False
352.8344 	DATA 	Keypress: z
356.8252 	EXP 	window1: recordFrameIntervals = False
357.9307 	DATA 	Keypress: c
361.9048 	EXP 	window1: recordFrameIntervals = False
363.0754 	DATA 	Keypress: u
366.8826 	EXP 	window1: recordFrameIntervals = False
367.7860 	DATA 	Keypress: d
371.8938 	EXP 	window1: recordFrameIntervals = False
374.2839 	DATA 	Keypress: f
378.1578 	EXP 	window1: recordFrameIntervals = False
379.2283 	DATA 	Keypress: u
383.1523 	EXP 	window1: recordFrameIntervals = False
384.3075 	DATA 	Keypress: c
388.5811 	EXP 	window1: recordFrameIntervals = False
389.7686 	DATA 	Keypress: y
393.7078 	EXP 	window1: recordFrameIntervals = False
394.8783 	DATA 	Keypress: a
398.8524 	EXP 	window1: recordFrameIntervals = False
400.8603 	DATA 	Keypress: q
404.7006 	EXP 	window1: recordFrameIntervals = False
405.8546 	DATA 	Keypress: j
409.9289 	EXP 	window1: recordFrameIntervals = False
411.7678 	DATA 	Keypress: z
415.5582 	EXP 	window1: recordFrameIntervals = False
416.9127 	DATA 	Keypress: x
420.9536 	EXP 	window1: recordFrameIntervals = False
421.9572 	DATA 	Keypress: m
426.0984 	EXP 	window1: recordFrameIntervals = False
427.3193 	DATA 	Keypress: c
431.5940 	EXP 	window1: recordFrameIntervals = False
432.7480 	DATA 	Keypress: m
436.7038 	EXP 	window1: recordFrameIntervals = False
439.1107 	DATA 	Keypress: z
443.3187 	EXP 	window1: recordFrameIntervals = False
444.5243 	DATA 	Keypress: a
448.3649 	EXP 	window1: recordFrameIntervals = False
449.6358 	DATA 	Keypress: v
453.5598 	EXP 	window1: recordFrameIntervals = False
454.6472 	DATA 	Keypress: s
458.5375 	EXP 	window1: recordFrameIntervals = False
459.7918 	DATA 	Keypress: e
463.8995 	EXP 	window1: recordFrameIntervals = False
464.7864 	DATA 	Keypress: t
469.0110 	EXP 	window1: recordFrameIntervals = False
470.1650 	DATA 	Keypress: a
474.0890 	EXP 	window1: recordFrameIntervals = False
475.1262 	DATA 	Keypress: w
479.0151 	EXP 	window1: recordFrameIntervals = False
480.4530 	DATA 	Keypress: m
484.5942 	EXP 	window1: recordFrameIntervals = False
485.6329 	DATA 	Keypress: d
489.7073 	EXP 	window1: recordFrameIntervals = False
490.6786 	DATA 	Keypress: z
494.4847 	EXP 	window1: recordFrameIntervals = False
496.0396 	DATA 	Keypress: k
500.2643 	EXP 	window1: recordFrameIntervals = False
501.4016 	DATA 	Keypress: j
510.9652 	DATA 	Keypress: space
515.0958 	EXP 	window1: recordFrameIntervals = False
516.3668 	DATA 	Keypress: h
520.6248 	EXP 	window1: recordFrameIntervals = False
521.8975 	DATA 	Keypress: c
525.9885 	EXP 	window1: recordFrameIntervals = False
527.4433 	DATA 	Keypress: k
531.7179 	EXP 	window1: recordFrameIntervals = False
533.0390 	DATA 	Keypress: g
537.1634 	EXP 	window1: recordFrameIntervals = False
538.3843 	DATA 	Keypress: p
542.2081 	EXP 	window1: recordFrameIntervals = False
543.3955 	DATA 	Keypress: e
547.6536 	EXP 	window1: recordFrameIntervals = False
548.7575 	DATA 	Keypress: a
552.9153 	EXP 	window1: recordFrameIntervals = False
553.9191 	DATA 	Keypress: b
557.9934 	EXP 	window1: recordFrameIntervals = False
559.0305 	DATA 	Keypress: y
562.8860 	EXP 	window1: recordFrameIntervals = False
564.0401 	DATA 	Keypress: g
568.2814 	EXP 	window1: recordFrameIntervals = False
569.1698 	DATA 	Keypress: g
572.9769 	EXP 	window1: recordFrameIntervals = False
574.4818 	DATA 	Keypress: k
578.3389 	EXP 	window1: recordFrameIntervals = False
579.2759 	DATA 	Keypress: h
583.5005 	EXP 	window1: recordFrameIntervals = False
585.8906 	DATA 	Keypress: g
590.1487 	EXP 	window1: recordFrameIntervals = False
591.1700 	DATA 	Keypress: e
595.1432 	EXP 	window1: recordFrameIntervals = False
597.9678 	DATA 	Keypress: x
602.1589 	EXP 	window1: recordFrameIntervals = False
603.1301 	DATA 	Keypress: b
607.2352 	EXP 	window1: recordFrameIntervals = False
608.5397 	DATA 	Keypress: k
612.6808 	EXP 	window1: recordFrameIntervals = False
613.6693 	DATA 	Keypress: t
617.7938 	EXP 	window1: recordFrameIntervals = False
619.2822 	DATA 	Keypress: b
623.2728 	EXP 	window1: recordFrameIntervals = False
624.7109 	DATA 	Keypress: j
628.6682 	EXP 	window1: recordFrameIntervals = False
630.0060 	DATA 	Keypress: b
633.8297 	EXP 	window1: recordFrameIntervals = False
635.1340 	DATA 	Keypress: w
639.1416 	EXP 	window1: recordFrameIntervals = False
640.1285 	DATA 	Keypress: w
644.1361 	EXP 	window1: recordFrameIntervals = False
645.1398 	DATA 	Keypress: w
649.0788 	EXP 	window1: recordFrameIntervals = False
650.1660 	DATA 	Keypress: r
654.2904 	EXP 	window1: recordFrameIntervals = False
655.3443 	DATA 	Keypress: n
659.3033 	EXP 	window1: recordFrameIntervals = False
660.6745 	DATA 	Keypress: c
664.5318 	EXP 	window1: recordFrameIntervals = False
665.7691 	DATA 	Keypress: p
669.9103 	EXP 	window1: recordFrameIntervals = False
671.0143 	DATA 	Keypress: z
675.1555 	EXP 	window1: recordFrameIntervals = False
676.1926 	DATA 	Keypress: y
680.4005 	EXP 	window1: recordFrameIntervals = False
681.6548 	DATA 	Keypress: d
685.8627 	EXP 	window1: recordFrameIntervals = False
686.5658 	DATA 	Keypress: p
690.3879 	EXP 	window1: recordFrameIntervals = False
691.3249 	DATA 	Keypress: j
695.4492 	EXP 	window1: recordFrameIntervals = False
696.5531 	DATA 	Keypress: w
700.4787 	EXP 	window1: recordFrameIntervals = False
701.6828 	DATA 	Keypress: n
705.7906 	EXP 	window1: recordFrameIntervals = False
707.2787 	DATA 	Keypress: m
711.2195 	EXP 	window1: recordFrameIntervals = False
712.2899 	DATA 	Keypress: t
716.2807 	EXP 	window1: recordFrameIntervals = False
716.9837 	DATA 	Keypress: w
721.0915 	EXP 	window1: recordFrameIntervals = False
722.1955 	DATA 	Keypress: t
726.1528 	EXP 	window1: recordFrameIntervals = False
727.1564 	DATA 	Keypress: g
731.2976 	EXP 	window1: recordFrameIntervals = False
732.3181 	DATA 	Keypress: h
736.1402 	EXP 	window1: recordFrameIntervals = False
736.1406 	ERROR 	trialnum=112 ERROR,1 frames were longer than 20.8 ms apparently screen refreshes skipped, interframe durs were:[ 41.2] and was these frames: [2]
736.1409 	INFO 	flankers also=[ 16.9  41.2   1.9]
737.3277 	DATA 	Keypress: z
741.3852 	EXP 	window1: recordFrameIntervals = False
742.6757 	DATA 	Keypress: k
746.6487 	EXP 	window1: recordFrameIntervals = False
747.0677 	DATA 	Keypress: h
750.9750 	EXP 	window1: recordFrameIntervals = False
751.9955 	DATA 	Keypress: g
755.9027 	EXP 	window1: recordFrameIntervals = False
757.1236 	DATA 	Keypress: m
761.0810 	EXP 	window1: recordFrameIntervals = False
761.9676 	DATA 	Keypress: n
765.7915 	EXP 	window1: recordFrameIntervals = False
767.0123 	DATA 	Keypress: r
771.2370 	EXP 	window1: recordFrameIntervals = False
772.4413 	DATA 	Keypress: f
776.4470 	EXP 	window1: recordFrameIntervals = False
777.4005 	DATA 	Keypress: t
781.1910 	EXP 	window1: recordFrameIntervals = False
782.2113 	DATA 	Keypress: m
786.1704 	EXP 	window1: recordFrameIntervals = False
787.1573 	DATA 	Keypress: f
791.0145 	EXP 	window1: recordFrameIntervals = False
792.5027 	DATA 	Keypress: q
796.6605 	EXP 	window1: recordFrameIntervals = False
797.9315 	DATA 	Keypress: a
802.0726 	EXP 	window1: recordFrameIntervals = False
803.3435 	DATA 	Keypress: f
807.2676 	EXP 	window1: recordFrameIntervals = False
808.5385 	DATA 	Keypress: r
812.4124 	EXP 	window1: recordFrameIntervals = False
814.1010 	DATA 	Keypress: x
817.9081 	EXP 	window1: recordFrameIntervals = False
819.0454 	DATA 	Keypress: g
823.0195 	EXP 	window1: recordFrameIntervals = False
824.0902 	DATA 	Keypress: c
828.3296 	EXP 	window1: recordFrameIntervals = False
829.9348 	DATA 	Keypress: q
834.1778 	EXP 	window1: recordFrameIntervals = False
835.5490 	DATA 	Keypress: s
839.4062 	EXP 	window1: recordFrameIntervals = False
840.4098 	DATA 	Keypress: s
844.3840 	EXP 	window1: recordFrameIntervals = False
845.7050 	DATA 	Keypress: p
849.5120 	EXP 	window1: recordFrameIntervals = False
850.4992 	DATA 	Keypress: z
854.3228 	EXP 	window1: recordFrameIntervals = False
855.6774 	DATA 	Keypress: s
859.9020 	EXP 	window1: recordFrameIntervals = False
861.1729 	DATA 	Keypress: p
865.2457 	EXP 	window1: recordFrameIntervals = False
866.3829 	DATA 	Keypress: t
870.6410 	EXP 	window1: recordFrameIntervals = False
871.6130 	DATA 	Keypress: n
875.7207 	EXP 	window1: recordFrameIntervals = False
876.7245 	DATA 	Keypress: c
884.0531 	DATA 	Keypress: space
888.1301 	EXP 	window1: recordFrameIntervals = False
889.2340 	DATA 	Keypress: d
893.2583 	EXP 	window1: recordFrameIntervals = False
894.4140 	DATA 	Keypress: x
898.5885 	EXP 	window1: recordFrameIntervals = False
899.6926 	DATA 	Keypress: y
903.7835 	EXP 	window1: recordFrameIntervals = False
904.7538 	DATA 	Keypress: s
908.6610 	EXP 	window1: recordFrameIntervals = False
909.7985 	DATA 	Keypress: c
913.6722 	EXP 	window1: recordFrameIntervals = False
914.5758 	DATA 	Keypress: r
918.4997 	EXP 	window1: recordFrameIntervals = False
918.9690 	DATA 	Keypress: f
923.0432 	EXP 	window1: recordFrameIntervals = False
924.1137 	DATA 	Keypress: u
928.2533 	EXP 	window1: recordFrameIntervals = False
929.5408 	DATA 	Keypress: t
933.6153 	EXP 	window1: recordFrameIntervals = False
934.8043 	DATA 	Keypress: a
938.8286 	EXP 	window1: recordFrameIntervals = False
939.7654 	DATA 	Keypress: n
943.8064 	EXP 	window1: recordFrameIntervals = False
944.8769 	DATA 	Keypress: a
948.8343 	EXP 	window1: recordFrameIntervals = False
949.8047 	DATA 	Keypress: c
953.8958 	EXP 	window1: recordFrameIntervals = False
954.9326 	DATA 	Keypress: r
958.9401 	EXP 	window1: recordFrameIntervals = False
959.8604 	DATA 	Keypress: m
963.6507 	EXP 	window1: recordFrameIntervals = False
965.0220 	DATA 	Keypress: s
969.0628 	EXP 	window1: recordFrameIntervals = False
969.9830 	DATA 	Keypress: k
974.1894 	EXP 	window1: recordFrameIntervals = False
977.6319 	DATA 	Keypress: n
981.4906 	EXP 	window1: recordFrameIntervals = False
981.4910 	ERROR 	trialnum=158 ERROR,1 frames were longer than 20.8 ms apparently screen refreshes skipped, interframe durs were:[ 21.] and was these frames: [64]
981.4913 	INFO 	flankers also=[ 16.7  21.   14.1]
982.0600 	DATA 	Keypress: g
986.3181 	EXP 	window1: recordFrameIntervals = False
987.2550 	DATA 	Keypress: u
991.1957 	EXP 	window1: recordFrameIntervals = False
992.2995 	DATA 	Keypress: l
996.2904 	EXP 	window1: recordFrameIntervals = False
997.1272 	DATA 	Keypress: k
1001.3517 	EXP 	window1: recordFrameIntervals = False
1001.9879 	DATA 	Keypress: e
1006.1792 	EXP 	window1: recordFrameIntervals = False
1007.2663 	DATA 	Keypress: h
1011.0735 	EXP 	window1: recordFrameIntervals = False
1012.4112 	DATA 	Keypress: a
1016.4172 	EXP 	window1: recordFrameIntervals = False
1017.5210 	DATA 	Keypress: p
1021.6288 	EXP 	window1: recordFrameIntervals = False
1022.0144 	DATA 	Keypress: p
1026.1406 	EXP 	window1: recordFrameIntervals = False
1026.9605 	DATA 	Keypress: t
1031.1016 	EXP 	window1: recordFrameIntervals = False
1032.2556 	DATA 	Keypress: m
1036.2464 	EXP 	window1: recordFrameIntervals = False
1037.5508 	DATA 	Keypress: b
1041.7254 	EXP 	window1: recordFrameIntervals = False
1045.2681 	DATA 	Keypress: d
1049.0919 	EXP 	window1: recordFrameIntervals = False
1050.0621 	DATA 	Keypress: n
1054.2033 	EXP 	window1: recordFrameIntervals = False
1054.7225 	DATA 	Keypress: p
1058.9139 	EXP 	window1: recordFrameIntervals = False
1060.2183 	DATA 	Keypress: z
1064.0905 	EXP 	window1: recordFrameIntervals = False
1065.2111 	DATA 	Keypress: w
1069.0850 	EXP 	window1: recordFrameIntervals = False
1070.1732 	DATA 	Keypress: t
1073.9809 	EXP 	window1: recordFrameIntervals = False
1075.2017 	DATA 	Keypress: d
1079.1425 	EXP 	window1: recordFrameIntervals = False
1080.0960 	DATA 	Keypress: g
1083.9031 	EXP 	window1: recordFrameIntervals = False
1085.1907 	DATA 	Keypress: g
1089.3988 	EXP 	window1: recordFrameIntervals = False
1090.8870 	DATA 	Keypress: s
1094.7607 	EXP 	window1: recordFrameIntervals = False
1095.7645 	DATA 	Keypress: j
1099.8388 	EXP 	window1: recordFrameIntervals = False
1101.3604 	DATA 	Keypress: k
1105.3344 	EXP 	window1: recordFrameIntervals = False
1106.6388 	DATA 	Keypress: b
1110.7782 	EXP 	window1: recordFrameIntervals = False
1111.9155 	DATA 	Keypress: a
1116.0400 	EXP 	window1: recordFrameIntervals = False
1117.1456 	DATA 	Keypress: w
1121.4037 	EXP 	window1: recordFrameIntervals = False
1122.4408 	DATA 	Keypress: b
1126.5819 	EXP 	window1: recordFrameIntervals = False
1127.5354 	DATA 	Keypress: m
1131.7602 	EXP 	window1: recordFrameIntervals = False
1132.8808 	DATA 	Keypress: g
1136.8048 	EXP 	window1: recordFrameIntervals = False
1138.8108 	DATA 	Keypress: w
1142.9352 	EXP 	window1: recordFrameIntervals = False
1143.4544 	DATA 	Keypress: p
1147.4119 	EXP 	window1: recordFrameIntervals = False
1148.8666 	DATA 	Keypress: z
1153.0061 	EXP 	window1: recordFrameIntervals = False
1154.0265 	DATA 	Keypress: r
1157.8168 	EXP 	window1: recordFrameIntervals = False
1158.9375 	DATA 	Keypress: u
1162.7963 	EXP 	window1: recordFrameIntervals = False
1163.7165 	DATA 	Keypress: m
1167.8242 	EXP 	window1: recordFrameIntervals = False
1168.8779 	DATA 	Keypress: h
1173.1528 	EXP 	window1: recordFrameIntervals = False
1174.4070 	DATA 	Keypress: l
1178.2475 	EXP 	window1: recordFrameIntervals = False
1179.4850 	DATA 	Keypress: e
1183.7598 	EXP 	window1: recordFrameIntervals = False
1185.2313 	DATA 	Keypress: b
1189.3557 	EXP 	window1: recordFrameIntervals = False
1190.3426 	DATA 	Keypress: n
1194.4504 	EXP 	window1: recordFrameIntervals = False
1195.2037 	DATA 	Keypress: y
1199.2929 	EXP 	window1: recordFrameIntervals = False
1200.3801 	DATA 	Keypress: n
1204.4044 	EXP 	window1: recordFrameIntervals = False
1205.6102 	DATA 	Keypress: p
1209.8683 	EXP 	window1: recordFrameIntervals = False
1212.0081 	DATA 	Keypress: s
1215.9652 	EXP 	window1: recordFrameIntervals = False
1216.9521 	DATA 	Keypress: p
1221.0098 	EXP 	window1: recordFrameIntervals = False
1223.3999 	DATA 	Keypress: m
1227.5578 	EXP 	window1: recordFrameIntervals = False
1228.8624 	DATA 	Keypress: j
1232.8196 	EXP 	window1: recordFrameIntervals = False
1234.7754 	DATA 	Keypress: x
1238.6994 	EXP 	window1: recordFrameIntervals = False
1239.9372 	DATA 	Keypress: b
1244.0097 	EXP 	window1: recordFrameIntervals = False
1244.9967 	DATA 	Keypress: a
1249.2214 	EXP 	window1: recordFrameIntervals = False
1250.2098 	DATA 	Keypress: m
1255.0451 	DATA 	Keypress: space
1258.7593 	EXP 	window1: recordFrameIntervals = False
1259.8131 	DATA 	Keypress: r
1264.0712 	EXP 	window1: recordFrameIntervals = False
1265.0265 	DATA 	Keypress: u
1268.8503 	EXP 	window1: recordFrameIntervals = False
1269.8039 	DATA 	Keypress: f
1273.6610 	EXP 	window1: recordFrameIntervals = False
1274.9654 	DATA 	Keypress: c
1279.0731 	EXP 	window1: recordFrameIntervals = False
1279.9431 	DATA 	Keypress: p
1283.8507 	EXP 	window1: recordFrameIntervals = False
1285.3553 	DATA 	Keypress: s
1289.4796 	EXP 	window1: recordFrameIntervals = False
1290.6003 	DATA 	Keypress: m
1294.8250 	EXP 	window1: recordFrameIntervals = False
1296.2964 	DATA 	Keypress: a
1300.3206 	EXP 	window1: recordFrameIntervals = False
1301.4913 	DATA 	Keypress: m
1305.2967 	EXP 	window1: recordFrameIntervals = False
1306.4509 	DATA 	Keypress: s
1310.3080 	EXP 	window1: recordFrameIntervals = False
1311.3969 	DATA 	Keypress: e
1315.3375 	EXP 	window1: recordFrameIntervals = False
1316.6421 	DATA 	Keypress: c
1320.4991 	EXP 	window1: recordFrameIntervals = False
1321.4861 	DATA 	Keypress: t
1325.4268 	EXP 	window1: recordFrameIntervals = False
1326.2467 	DATA 	Keypress: p
1330.4547 	EXP 	window1: recordFrameIntervals = False
1331.4751 	DATA 	Keypress: t
1335.2655 	EXP 	window1: recordFrameIntervals = False
1336.8706 	DATA 	Keypress: s
1340.8780 	EXP 	window1: recordFrameIntervals = False
1342.1823 	DATA 	Keypress: d
1346.3386 	EXP 	window1: recordFrameIntervals = False
1347.5094 	DATA 	Keypress: b
1351.7674 	EXP 	window1: recordFrameIntervals = False
1352.8395 	DATA 	Keypress: n
1356.6634 	EXP 	window1: recordFrameIntervals = False
1357.8007 	DATA 	Keypress: g
1361.8249 	EXP 	window1: recordFrameIntervals = False
1363.0459 	DATA 	Keypress: s
1366.9530 	EXP 	window1: recordFrameIntervals = False
1367.9566 	DATA 	Keypress: m
1371.8139 	EXP 	window1: recordFrameIntervals = False
1372.9347 	DATA 	Keypress: k
1376.9254 	EXP 	window1: recordFrameIntervals = False
1377.9624 	DATA 	Keypress: f
1381.8698 	EXP 	window1: recordFrameIntervals = False
1383.1909 	DATA 	Keypress: s
1387.0313 	EXP 	window1: recordFrameIntervals = False
1388.0684 	DATA 	Keypress: m
1392.3416 	EXP 	window1: recordFrameIntervals = False
1393.4288 	DATA 	Keypress: e
1397.3193 	EXP 	window1: recordFrameIntervals = False
1398.3581 	DATA 	Keypress: k
1402.4491 	EXP 	window1: recordFrameIntervals = False
1403.6032 	DATA 	Keypress: w
1407.3936 	EXP 	window1: recordFrameIntervals = False
1408.3638 	DATA 	Keypress: p
1412.2210 	EXP 	window1: recordFrameIntervals = False
1413.2247 	DATA 	Keypress: e
1417.2155 	EXP 	window1: recordFrameIntervals = False
1418.1189 	DATA 	Keypress: p
1422.0264 	EXP 	window1: recordFrameIntervals = False
1423.1969 	DATA 	Keypress: d
1427.1879 	EXP 	window1: recordFrameIntervals = False
1428.2083 	DATA 	Keypress: q
1432.4813 	EXP 	window1: recordFrameIntervals = False
1433.9195 	DATA 	Keypress: v
1438.1106 	EXP 	window1: recordFrameIntervals = False
1439.3835 	DATA 	Keypress: h
1443.2070 	EXP 	window1: recordFrameIntervals = False
1444.0613 	DATA 	Keypress: t
1448.1515 	EXP 	window1: recordFrameIntervals = False
1449.3053 	DATA 	Keypress: a
1453.1962 	EXP 	window1: recordFrameIntervals = False
1454.0494 	DATA 	Keypress: m
1458.1404 	EXP 	window1: recordFrameIntervals = False
1459.1607 	DATA 	Keypress: g
1463.2686 	EXP 	window1: recordFrameIntervals = False
1464.4727 	DATA 	Keypress: c
1468.6306 	EXP 	window1: recordFrameIntervals = False
1469.6510 	DATA 	Keypress: j
1473.7588 	EXP 	window1: recordFrameIntervals = False
1474.8125 	DATA 	Keypress: f
1479.0689 	EXP 	window1: recordFrameIntervals = False
1480.2731 	DATA 	Keypress: y
1484.2638 	EXP 	window1: recordFrameIntervals = False
1485.3026 	DATA 	Keypress: h
1489.5273 	EXP 	window1: recordFrameIntervals = False
1490.8150 	DATA 	Keypress: v
1494.9060 	EXP 	window1: recordFrameIntervals = False
1496.2772 	DATA 	Keypress: w
1500.1344 	EXP 	window1: recordFrameIntervals = False
1501.4388 	DATA 	Keypress: w
1505.3962 	EXP 	window1: recordFrameIntervals = False
1506.4167 	DATA 	Keypress: z
1510.5911 	EXP 	window1: recordFrameIntervals = False
1511.9121 	DATA 	Keypress: e
1515.8194 	EXP 	window1: recordFrameIntervals = False
1516.6908 	DATA 	Keypress: r
1520.5283 	EXP 	window1: recordFrameIntervals = False
1520.5287 	ERROR 	trialnum=261 ERROR,1 frames were longer than 20.8 ms apparently screen refreshes skipped, interframe durs were:[ 42.3] and was these frames: [9]
1520.5290 	INFO 	flankers also=[ 16.7  42.3   2.1]
1521.6500 	DATA 	Keypress: s
1525.5729 	EXP 	window1: recordFrameIntervals = False
1526.8941 	DATA 	Keypress: j
1530.8364 	EXP 	window1: recordFrameIntervals = False
1532.3411 	DATA 	Keypress: h
1536.2986 	EXP 	window1: recordFrameIntervals = False
1537.0186 	DATA 	Keypress: b
1541.2764 	EXP 	window1: recordFrameIntervals = False
1542.2635 	DATA 	Keypress: v
1546.4213 	EXP 	window1: recordFrameIntervals = False
1547.3750 	DATA 	Keypress: w
1551.4158 	EXP 	window1: recordFrameIntervals = False
1552.4200 	DATA 	Keypress: m
1556.2099 	EXP 	window1: recordFrameIntervals = False
1557.1970 	DATA 	Keypress: u
1561.0541 	EXP 	window1: recordFrameIntervals = False
1562.3251 	DATA 	Keypress: c
1566.2140 	EXP 	window1: recordFrameIntervals = False
1567.8190 	DATA 	Keypress: t
1572.0938 	EXP 	window1: recordFrameIntervals = False
1573.1493 	DATA 	Keypress: a
1577.0732 	EXP 	window1: recordFrameIntervals = False
1578.6794 	DATA 	Keypress: a
1582.8194 	EXP 	window1: recordFrameIntervals = False
1583.9233 	DATA 	Keypress: a
1587.8974 	EXP 	window1: recordFrameIntervals = False
1588.7006 	DATA 	Keypress: m
1592.5078 	EXP 	window1: recordFrameIntervals = False
1594.4302 	DATA 	Keypress: l
1598.7049 	EXP 	window1: recordFrameIntervals = False
1599.6919 	DATA 	Keypress: e
1603.5826 	EXP 	window1: recordFrameIntervals = False
1604.5027 	DATA 	Keypress: p
1608.5921 	EXP 	window1: recordFrameIntervals = False
1609.5959 	DATA 	Keypress: j
1613.7871 	EXP 	window1: recordFrameIntervals = False
1614.6588 	DATA 	Keypress: z
1615.1759 	INFO 	Finishing at 12:03 on 16 Feb 2019
1615.5836 	EXP 	window1: mouseVisible = True
