20.3339 	INFO 	Successfully set darwin thread to realtime
21.3477 	INFO 	#[ PsychoPy3 RuntimeInfoStart ]
  #[[ PsychoPy ]] #---------
    psychopyVersion: 3.0.3
    psychopyHaveExtRush: True
  #[[ Experiment ]] #---------
    experimentRunTime: 2019_02_14 14:45 (Year_Month_Day Hour:Min)
    experimentRunTime.epoch: 1550173549
    experimentScript: RSVP_visual_now.py
    experimentScript.digestSHA1: 0475386631678dc0bade51e5abdae04f6526da6c
    experimentScript.directory: /Users/vsg/Documents/GitHub/spatio_temporal_information_processing/RSVP_visual_now
  #[[ System ]] #---------
    systemHaveInternetAccess: True
    systemHostName: VSG-lab1.local
    systemLocale: C
    systemMemFreeRAM: 1460.40625
    systemMemTotalRAM: 4096.0
    systemPlatform: darwin 10.10.5 x86_64
    systemRavailable: R version 3.2.3 (2015-12-10) -- Wooden Christmas-Tree
    systemRebooted: Feb 4 16:27
    systemSec.OpenSSLVersion: OpenSSL 0.9.8zg 14 July 2015
    systemSec.pythonSSL: True
    systemTimeNumpySD1000000_sec: 0.0124
    systemUser: vsg
    systemUserID: 502
    systemUserProcCount: 90
    systemUserProcFlagged: mdworker Safari
    systemUsersCount: 1
  #[[ Window ]] #---------
    windowWinType: pyglet
    windowUnits: deg
    windowSize_pix: [1920 1200]
    windowScreen: 0
    windowRgb: [-0.7 -0.7 -0.7]
    windowRefreshTimeSD_ms: 0.057
    windowRefreshTimeMedian_ms: 16.709
    windowRefreshTimeAvg_ms: 16.706
    windowPos_pix: [0, 0]
    windowMonitor.name: testmonitor
    windowMonitor.getWidth_cm: 52.0
    windowMonitor.getDistance_cm: 65.0
    windowMonitor.currentCalibName: 2019_02_04 12:46
    windowIsFullScr: True
  #[[ Python ]] #---------
    pythonVersion: 2.7.13
  #[[ OpenGL ]] #---------
#[ PsychoPy3 RuntimeInfoEnd ]

21.3501 	WARNING 	Could not load the desired click sound file, instead using manually created inferior click
21.7595 	EXP 	Created sequence: random, trialTypes=280, nReps=14, seed=None
22.0460 	INFO 	total SOA (ISI + letterDur)=100.0 or 6 frames, comprising
ISIframes =3 or 50.0 ms and letterDurFrames =3 or 50.0ms
cueDurFrames =1.0 or 16.6666666667 ms

22.0460 	INFO 	numtrials=280 and each trialDurFrames=156 or 2600.0 ms  task=T1
22.6342 	EXP 	Created text = TextStim(alignHoriz='center', alignVert='center', antialias=True, autoLog=True, bold=False, color=array([ 1.,  1.,  1.]), colorSpace='rgb', contrast=1.0, depth=-1.0, flipHoriz=False, flipVert=False, font='Arial', fontFiles=[], height=0.5, italic=False, languageStyle='LTR', name='text', opacity=1.0, ori=0, pos=array([ 0.,  0.]), rgb=array([ 1.,  1.,  1.]), text='', units='deg', win=Window(...), wrapWidth=30)
23.3759 	EXP 	text: text = "Welcome! Thank you for agreeing to participate in this study.\n\nYou will be presented with a Rapid Stream of letters. Your task is to identify one of the letters.\n\nThe letter you're supposed to identify is accompanied by a probe that can appear anywhere on the horizontal axis of the screen.\n\nThe probe is a circular disk that will be flashed for a very brief time.\n\nOnce you've identified the letter after the trial ends, type it out on the keyboard.\n\nOh! And one more thing! You will perform this task while fixating in the center, and detecting the probe with your peripheral vision.\n\nIf you're feeling uncomfortable, you can press ESC key any time to stop the experiment.\n\nPress any key when you are ready to begin the experiment.\n\n"
23.3759 	EXP 	text: autoDraw = True
461.9004 	DATA 	Keypress: b
461.9017 	EXP 	text: autoDraw = False
461.9021 	INFO 	Experiment will have 280 trials. Letters will be drawn with superposed noise of0.00%
461.9021 	INFO 	Starting main (non-staircase) part of experiment
461.9143 	DATA 	Keypress: space
465.4913 	EXP 	window1: recordFrameIntervals = False
467.4130 	DATA 	Keypress: lshift
467.4972 	DATA 	Keypress: a
471.3211 	EXP 	window1: recordFrameIntervals = False
476.1341 	DATA 	Keypress: lshift
476.2021 	DATA 	Keypress: v
480.3930 	EXP 	window1: recordFrameIntervals = False
480.7944 	DATA 	Keypress: lshift
480.8622 	DATA 	Keypress: a
484.2539 	DATA 	Keypress: lshift
484.3381 	DATA 	Keypress: s
484.6692 	EXP 	window1: recordFrameIntervals = False
484.9871 	DATA 	Keypress: lshift
485.0547 	DATA 	Keypress: s
489.1126 	EXP 	window1: recordFrameIntervals = False
489.4974 	DATA 	Keypress: lshift
489.6653 	DATA 	Keypress: w
493.6560 	EXP 	window1: recordFrameIntervals = False
494.9762 	DATA 	Keypress: lshift
495.0940 	DATA 	Keypress: f
498.9031 	DATA 	Keypress: lshift
499.0043 	DATA 	Keypress: c
499.0514 	EXP 	window1: recordFrameIntervals = False
499.0519 	ERROR 	trialnum=6 ERROR,3 frames were longer than 20.8 ms apparently screen refreshes skipped, interframe durs were:[ 67.4  57.9  30.7] and was these frames: [24 29 31]
499.0524 	INFO 	flankers also=[ 16.8  67.4  16.3   2.4  57.9   2.2   2.2  30.7   2.1]
499.4697 	DATA 	Keypress: lshift
499.5205 	DATA 	Keypress: c
503.7453 	EXP 	window1: recordFrameIntervals = False
504.3973 	DATA 	Keypress: lshift
504.7825 	DATA 	Keypress: k
509.0221 	EXP 	window1: recordFrameIntervals = False
512.0629 	DATA 	Keypress: lshift
512.3643 	DATA 	Keypress: f
516.3234 	EXP 	window1: recordFrameIntervals = False
516.3238 	ERROR 	trialnum=9 ERROR,1 frames were longer than 20.8 ms apparently screen refreshes skipped, interframe durs were:[ 21.1] and was these frames: [79]
516.3241 	INFO 	flankers also=[ 16.6  21.1  14. ]
517.8943 	DATA 	Keypress: lshift
517.9787 	DATA 	Keypress: p
522.0865 	EXP 	window1: recordFrameIntervals = False
523.2396 	DATA 	Keypress: lshift
523.4084 	DATA 	Keypress: d
527.2502 	DATA 	Keypress: lshift
527.2648 	EXP 	window1: recordFrameIntervals = False
527.6335 	DATA 	Keypress: w
531.6765 	DATA 	Keypress: lshift
531.6913 	EXP 	window1: recordFrameIntervals = False
532.0602 	DATA 	Keypress: v
536.1178 	EXP 	window1: recordFrameIntervals = False
537.9726 	DATA 	Keypress: lshift
538.0736 	DATA 	Keypress: d
542.0978 	EXP 	window1: recordFrameIntervals = False
544.9213 	DATA 	Keypress: lshift
545.4402 	DATA 	Keypress: s
548.6983 	DATA 	Keypress: lshift
549.4340 	DATA 	Keypress: v
549.5813 	EXP 	window1: recordFrameIntervals = False
549.5817 	ERROR 	trialnum=15 ERROR,1 frames were longer than 20.8 ms apparently screen refreshes skipped, interframe durs were:[ 67.4] and was these frames: [37]
549.5820 	INFO 	flankers also=[ 16.8  67.4  16.3]
550.8848 	DATA 	Keypress: lshift
550.9525 	DATA 	Keypress: v
552.8894 	DATA 	Keypress: lshift
554.6097 	DATA 	Keypress: lshift
554.7775 	DATA 	Keypress: g
554.9919 	EXP 	window1: recordFrameIntervals = False
557.7328 	DATA 	Keypress: s
561.6584 	EXP 	window1: recordFrameIntervals = False
563.0964 	DATA 	Keypress: m
567.1540 	EXP 	window1: recordFrameIntervals = False
568.1735 	DATA 	Keypress: lshift
568.2746 	DATA 	Keypress: s
572.3323 	EXP 	window1: recordFrameIntervals = False
572.3327 	ERROR 	trialnum=19 ERROR,1 frames were longer than 20.8 ms apparently screen refreshes skipped, interframe durs were:[ 67.2] and was these frames: [23]
572.3329 	INFO 	flankers also=[ 16.7  67.2  16.3]
574.5711 	DATA 	Keypress: lshift
574.6722 	DATA 	Keypress: s
578.4961 	EXP 	window1: recordFrameIntervals = False
579.6827 	DATA 	Keypress: lshift
579.8003 	DATA 	Keypress: s
583.8246 	EXP 	window1: recordFrameIntervals = False
584.8776 	DATA 	Keypress: lshift
584.9119 	DATA 	Keypress: k
587.9359 	DATA 	Keypress: lshift
587.9870 	DATA 	Keypress: j
588.3869 	DATA 	Keypress: lshift
588.4717 	DATA 	Keypress: j
588.8724 	DATA 	Keypress: j
588.8860 	EXP 	window1: recordFrameIntervals = False
589.1380 	DATA 	Keypress: j
589.3253 	DATA 	Keypress: j
592.4473 	DATA 	Keypress: q
592.7142 	DATA 	Keypress: q
592.9647 	DATA 	Keypress: q
593.1455 	EXP 	window1: recordFrameIntervals = False
593.1805 	DATA 	Keypress: q
593.3730 	DATA 	Keypress: q
597.3868 	EXP 	window1: recordFrameIntervals = False
598.0732 	DATA 	Keypress: w
601.4821 	DATA 	Keypress: u
601.8968 	EXP 	window1: recordFrameIntervals = False
601.9316 	DATA 	Keypress: u
602.1644 	DATA 	Keypress: u
606.1580 	EXP 	window1: recordFrameIntervals = False
606.1596 	DATA 	Keypress: r
606.4100 	DATA 	Keypress: r
606.6043 	DATA 	Keypress: r
610.3174 	EXP 	window1: recordFrameIntervals = False
610.7697 	DATA 	Keypress: d
614.9276 	EXP 	window1: recordFrameIntervals = False
615.4971 	DATA 	Keypress: z
618.9230 	DATA 	Keypress: v
619.2071 	DATA 	Keypress: v
619.7050 	EXP 	window1: recordFrameIntervals = False
619.7055 	ERROR 	trialnum=29 ERROR,2 frames were longer than 20.8 ms apparently screen refreshes skipped, interframe durs were:[ 67.4  67.3] and was these frames: [32 38]
619.7059 	INFO 	flankers also=[ 16.8  67.4  16.3  10.   67.3  16.3]
619.7074 	DATA 	Keypress: v
620.2411 	DATA 	Keypress: v
621.0597 	DATA 	Keypress: b
621.3269 	DATA 	Keypress: b
621.5440 	DATA 	Keypress: b
624.2486 	EXP 	window1: recordFrameIntervals = False
625.0361 	DATA 	Keypress: i
629.0927 	EXP 	window1: recordFrameIntervals = False
630.3638 	DATA 	Keypress: x
634.2877 	EXP 	window1: recordFrameIntervals = False
634.8905 	DATA 	Keypress: q
638.9799 	EXP 	window1: recordFrameIntervals = False
639.3823 	DATA 	Keypress: l
639.9021 	DATA 	Keypress: l
643.2728 	EXP 	window1: recordFrameIntervals = False
644.4101 	DATA 	Keypress: f
646.0669 	DATA 	Keypress: f
648.3192 	EXP 	window1: recordFrameIntervals = False
649.3730 	DATA 	Keypress: i
653.2970 	EXP 	window1: recordFrameIntervals = False
654.3841 	DATA 	Keypress: w
657.9770 	DATA 	Keypress: o
658.3445 	DATA 	Keypress: o
658.4418 	EXP 	window1: recordFrameIntervals = False
658.4423 	ERROR 	trialnum=37 ERROR,3 frames were longer than 20.8 ms apparently screen refreshes skipped, interframe durs were:[ 67.3  43.9  30.5] and was these frames: [ 96 100 102]
658.4428 	INFO 	flankers also=[ 16.8  67.3  16.3   4.3  43.9   2.3   2.3  30.5   2. ]
658.6942 	DATA 	Keypress: o
662.5511 	EXP 	window1: recordFrameIntervals = False
662.5695 	DATA 	Keypress: g
662.8341 	DATA 	Keypress: g
666.6632 	DATA 	Keypress: w
666.6936 	EXP 	window1: recordFrameIntervals = False
666.9121 	DATA 	Keypress: w
670.7861 	EXP 	window1: recordFrameIntervals = False
670.8885 	DATA 	Keypress: m
671.1139 	DATA 	Keypress: m
674.8619 	EXP 	window1: recordFrameIntervals = False
675.4980 	DATA 	Keypress: m
678.9223 	DATA 	Keypress: w
679.1895 	DATA 	Keypress: w
679.4734 	DATA 	Keypress: w
679.5875 	EXP 	window1: recordFrameIntervals = False
679.6903 	DATA 	Keypress: w
679.9293 	DATA 	Keypress: w
683.5797 	EXP 	window1: recordFrameIntervals = False
683.8150 	DATA 	Keypress: g
687.6270 	DATA 	Keypress: c
687.6405 	EXP 	window1: recordFrameIntervals = False
687.9594 	DATA 	Keypress: c
691.7361 	DATA 	Keypress: w
692.0033 	DATA 	Keypress: w
692.0503 	EXP 	window1: recordFrameIntervals = False
692.2357 	DATA 	Keypress: w
696.0427 	EXP 	window1: recordFrameIntervals = False
696.6967 	DATA 	Keypress: t
700.8569 	DATA 	Keypress: c
700.9035 	EXP 	window1: recordFrameIntervals = False
701.1891 	DATA 	Keypress: c
705.1129 	EXP 	window1: recordFrameIntervals = False
705.3984 	DATA 	Keypress: x
708.6906 	DATA 	Keypress: d
709.1888 	EXP 	window1: recordFrameIntervals = False
709.8250 	DATA 	Keypress: t
713.9828 	EXP 	window1: recordFrameIntervals = False
714.7025 	DATA 	Keypress: f
718.6250 	EXP 	window1: recordFrameIntervals = False
721.5997 	DATA 	Keypress: s
725.5921 	EXP 	window1: recordFrameIntervals = False
725.5925 	ERROR 	trialnum=52 ERROR,1 frames were longer than 20.8 ms apparently screen refreshes skipped, interframe durs were:[ 21.1] and was these frames: [115]
725.5928 	INFO 	flankers also=[ 16.7  21.1  14. ]
728.1494 	DATA 	Keypress: s
732.0566 	EXP 	window1: recordFrameIntervals = False
732.9435 	DATA 	Keypress: f
737.0846 	EXP 	window1: recordFrameIntervals = False
738.2552 	DATA 	Keypress: p
742.2461 	EXP 	window1: recordFrameIntervals = False
752.0696 	DATA 	Keypress: e
756.3444 	EXP 	window1: recordFrameIntervals = False
761.6077 	DATA 	Keypress: e
765.3176 	DATA 	Keypress: b
765.5681 	DATA 	Keypress: b
765.7153 	EXP 	window1: recordFrameIntervals = False
765.8179 	DATA 	Keypress: b
769.7076 	EXP 	window1: recordFrameIntervals = False
769.9098 	DATA 	Keypress: q
770.1499 	DATA 	Keypress: q
773.7818 	EXP 	window1: recordFrameIntervals = False
774.3511 	DATA 	Keypress: t
774.8713 	DATA 	Keypress: t
778.3921 	EXP 	window1: recordFrameIntervals = False
780.0657 	DATA 	Keypress: s
784.1233 	EXP 	window1: recordFrameIntervals = False
784.6936 	DATA 	Keypress: f
788.3523 	DATA 	Keypress: g
788.6532 	DATA 	Keypress: g
788.8710 	DATA 	Keypress: g
788.9533 	EXP 	window1: recordFrameIntervals = False
788.9537 	ERROR 	trialnum=62 ERROR,1 frames were longer than 20.8 ms apparently screen refreshes skipped, interframe durs were:[ 67.5] and was these frames: [152]
788.9539 	INFO 	flankers also=[ 16.   67.5  16.2]
789.0692 	DATA 	Keypress: g
789.2849 	DATA 	Keypress: g
789.5891 	DATA 	Keypress: g
790.4056 	DATA 	Keypress: g
793.0934 	EXP 	window1: recordFrameIntervals = False
793.4790 	DATA 	Keypress: t
793.7250 	DATA 	Keypress: t
793.9995 	DATA 	Keypress: t
794.1639 	DATA 	Keypress: t
794.7487 	DATA 	Keypress: t
797.3392 	DATA 	Keypress: f
797.4197 	EXP 	window1: recordFrameIntervals = False
797.5553 	DATA 	Keypress: f
797.7487 	DATA 	Keypress: f
798.0656 	DATA 	Keypress: f
801.0643 	DATA 	Keypress: j
801.2817 	DATA 	Keypress: j
801.4287 	EXP 	window1: recordFrameIntervals = False
801.5311 	DATA 	Keypress: j
801.7166 	DATA 	Keypress: j
805.1736 	DATA 	Keypress: y
805.4072 	DATA 	Keypress: y
805.6076 	DATA 	Keypress: y
805.6214 	EXP 	window1: recordFrameIntervals = False
805.8232 	DATA 	Keypress: y
809.7457 	EXP 	window1: recordFrameIntervals = False
809.8308 	DATA 	Keypress: y
810.0762 	DATA 	Keypress: t
810.3509 	DATA 	Keypress: t
810.5826 	DATA 	Keypress: t
810.8162 	DATA 	Keypress: t
813.0059 	DATA 	Keypress: g
813.2565 	DATA 	Keypress: g
813.7411 	DATA 	Keypress: g
813.8048 	EXP 	window1: recordFrameIntervals = False
813.9900 	DATA 	Keypress: g
816.8831 	DATA 	Keypress: s
817.4512 	DATA 	Keypress: s
817.8321 	EXP 	window1: recordFrameIntervals = False
817.8403 	DATA 	Keypress: s
818.2118 	DATA 	Keypress: s
824.3476 	DATA 	Keypress: space
828.4375 	EXP 	window1: recordFrameIntervals = False
829.3578 	DATA 	Keypress: j
829.6274 	DATA 	Keypress: j
832.8170 	DATA 	Keypress: g
833.3018 	DATA 	Keypress: g
833.5824 	EXP 	window1: recordFrameIntervals = False
833.6009 	DATA 	Keypress: g
834.1206 	DATA 	Keypress: g
837.1116 	DATA 	Keypress: w
837.5126 	DATA 	Keypress: w
837.7936 	EXP 	window1: recordFrameIntervals = False
837.7940 	ERROR 	trialnum=72 ERROR,2 frames were longer than 20.8 ms apparently screen refreshes skipped, interframe durs were:[ 67.4  59.5] and was these frames: [10 15]
837.7944 	INFO 	flankers also=[ 16.7  67.4  16.2   2.6  59.5  16.3]
838.0456 	DATA 	Keypress: w
838.5654 	DATA 	Keypress: w
842.1866 	EXP 	window1: recordFrameIntervals = False
842.3385 	DATA 	Keypress: g
842.6268 	DATA 	Keypress: g
846.5965 	EXP 	window1: recordFrameIntervals = False
846.9654 	DATA 	Keypress: g
850.9730 	EXP 	window1: recordFrameIntervals = False
850.9735 	ERROR 	trialnum=75 ERROR,1 frames were longer than 20.8 ms apparently screen refreshes skipped, interframe durs were:[ 67.1] and was these frames: [87]
850.9737 	INFO 	flankers also=[ 17.1  67.1  16.5]
851.6093 	DATA 	Keypress: b
855.8172 	EXP 	window1: recordFrameIntervals = False
855.8176 	ERROR 	trialnum=76 ERROR,3 frames were longer than 20.8 ms apparently screen refreshes skipped, interframe durs were:[ 67.3  58.5  30.8] and was these frames: [140 145 147]
855.8182 	INFO 	flankers also=[ 16.3  67.3  16.3   2.4  58.5   2.2   2.2  30.8   2.2]
856.1529 	DATA 	Keypress: n
859.4281 	DATA 	Keypress: a
859.8290 	DATA 	Keypress: a
860.1798 	DATA 	Keypress: a
860.4108 	EXP 	window1: recordFrameIntervals = False
860.7463 	DATA 	Keypress: w
861.2665 	DATA 	Keypress: w
864.5535 	EXP 	window1: recordFrameIntervals = False
865.3900 	DATA 	Keypress: w
869.1651 	DATA 	Keypress: g
869.3625 	EXP 	window1: recordFrameIntervals = False
869.3629 	ERROR 	trialnum=79 ERROR,1 frames were longer than 20.8 ms apparently screen refreshes skipped, interframe durs were:[ 25.5] and was these frames: [1]
869.3632 	INFO 	flankers also=[ 16.9  25.5  16.2]
869.6479 	DATA 	Keypress: g
873.4078 	DATA 	Keypress: e
873.7253 	DATA 	Keypress: e
873.8559 	EXP 	window1: recordFrameIntervals = False
873.9747 	DATA 	Keypress: e
874.4859 	DATA 	Keypress: e
878.1535 	DATA 	Keypress: g
878.1840 	EXP 	window1: recordFrameIntervals = False
878.7867 	DATA 	Keypress: g
882.7108 	EXP 	window1: recordFrameIntervals = False
882.7112 	ERROR 	trialnum=82 ERROR,1 frames were longer than 20.8 ms apparently screen refreshes skipped, interframe durs were:[ 67.3] and was these frames: [9]
882.7115 	INFO 	flankers also=[ 16.8  67.3  16.4]
884.3158 	DATA 	Keypress: r
888.2231 	EXP 	window1: recordFrameIntervals = False
890.6969 	DATA 	Keypress: g
891.2161 	DATA 	Keypress: g
892.5190 	DATA 	Keypress: g
894.8880 	EXP 	window1: recordFrameIntervals = False
895.9930 	DATA 	Keypress: r
900.0997 	EXP 	window1: recordFrameIntervals = False
900.8027 	DATA 	Keypress: u
901.0245 	DATA 	Keypress: u
905.0441 	EXP 	window1: recordFrameIntervals = False
905.8472 	DATA 	Keypress: h
910.0052 	EXP 	window1: recordFrameIntervals = False
910.6415 	DATA 	Keypress: h
914.7976 	EXP 	window1: recordFrameIntervals = False
915.3680 	DATA 	Keypress: h
919.5917 	EXP 	window1: recordFrameIntervals = False
919.7107 	DATA 	Keypress: y
920.0077 	DATA 	Keypress: y
920.5288 	DATA 	Keypress: y
923.6024 	EXP 	window1: recordFrameIntervals = False
924.2563 	DATA 	Keypress: m
924.8657 	DATA 	Keypress: m
926.8965 	DATA 	Keypress: m
928.1292 	EXP 	window1: recordFrameIntervals = False
928.9660 	DATA 	Keypress: u
932.8596 	DATA 	Keypress: a
933.0736 	EXP 	window1: recordFrameIntervals = False
933.1084 	DATA 	Keypress: a
933.3192 	DATA 	Keypress: a
937.0992 	EXP 	window1: recordFrameIntervals = False
937.3683 	DATA 	Keypress: c
938.0530 	DATA 	Keypress: space
941.2252 	EXP 	window1: recordFrameIntervals = False
941.2257 	ERROR 	trialnum=94 ERROR,2 frames were longer than 20.8 ms apparently screen refreshes skipped, interframe durs were:[ 67.4  67.3] and was these frames: [118 132]
941.2261 	INFO 	flankers also=[ 16.7  67.4  16.3  16.7  67.3  16.3]
941.5440 	DATA 	Keypress: j
941.7988 	DATA 	Keypress: j
942.5800 	DATA 	Keypress: j
945.6851 	EXP 	window1: recordFrameIntervals = False
946.7892 	DATA 	Keypress: s
950.2317 	DATA 	Keypress: s
950.8968 	EXP 	window1: recordFrameIntervals = False
951.2657 	DATA 	Keypress: r
955.1427 	DATA 	Keypress: r
955.5071 	EXP 	window1: recordFrameIntervals = False
956.4785 	DATA 	Keypress: r
960.3496 	EXP 	window1: recordFrameIntervals = False
961.4368 	DATA 	Keypress: h
965.5947 	EXP 	window1: recordFrameIntervals = False
967.4187 	DATA 	Keypress: v
971.1785 	DATA 	Keypress: e
971.4763 	EXP 	window1: recordFrameIntervals = False
971.9956 	DATA 	Keypress: e
975.8360 	EXP 	window1: recordFrameIntervals = False
978.2429 	DATA 	Keypress: y
982.4508 	EXP 	window1: recordFrameIntervals = False
982.4512 	ERROR 	trialnum=102 ERROR,2 frames were longer than 20.8 ms apparently screen refreshes skipped, interframe durs were:[ 67.8  43.7] and was these frames: [71 75]
982.4516 	INFO 	flankers also=[ 16.8  67.8  15.8   2.6  43.7  16.3]
983.3376 	DATA 	Keypress: s
987.1781 	EXP 	window1: recordFrameIntervals = False
989.1841 	DATA 	Keypress: y
992.1257 	DATA 	Keypress: s
992.4762 	DATA 	Keypress: s
992.7770 	DATA 	Keypress: s
993.0580 	EXP 	window1: recordFrameIntervals = False
993.3768 	DATA 	Keypress: s
997.4511 	EXP 	window1: recordFrameIntervals = False
997.8367 	DATA 	Keypress: r
1001.6272 	EXP 	window1: recordFrameIntervals = False
1001.6277 	ERROR 	trialnum=106 ERROR,3 frames were longer than 20.8 ms apparently screen refreshes skipped, interframe durs were:[ 67.5  44.3  30.6] and was these frames: [129 133 135]
1001.6282 	INFO 	flankers also=[ 16.7  67.5  16.1   4.2  44.3   2.3   2.3  30.6   2.1]
1001.9460 	DATA 	Keypress: m
1002.2044 	DATA 	Keypress: m
1006.1522 	EXP 	window1: recordFrameIntervals = False
1006.7049 	DATA 	Keypress: t
1007.0122 	DATA 	Keypress: t
1010.7656 	DATA 	Keypress: x
1010.8293 	EXP 	window1: recordFrameIntervals = False
1011.0313 	DATA 	Keypress: x
1015.2075 	EXP 	window1: recordFrameIntervals = False
1015.3098 	DATA 	Keypress: n
1015.5001 	DATA 	Keypress: n
1015.8298 	DATA 	Keypress: n
1018.3675 	DATA 	Keypress: t
1018.6353 	DATA 	Keypress: t
1018.9357 	DATA 	Keypress: t
1019.1694 	DATA 	Keypress: t
1019.4200 	DATA 	Keypress: t
1019.4503 	EXP 	window1: recordFrameIntervals = False
1019.6521 	DATA 	Keypress: t
1023.8101 	EXP 	window1: recordFrameIntervals = False
1023.8106 	ERROR 	trialnum=111 ERROR,2 frames were longer than 20.8 ms apparently screen refreshes skipped, interframe durs were:[ 66.2  67.3] and was these frames: [10 23]
1023.8110 	INFO 	flankers also=[ 17.9  66.2  16.9  16.8  67.3  16.2]
1024.5802 	DATA 	Keypress: d
1024.8433 	DATA 	Keypress: d
1028.4372 	EXP 	window1: recordFrameIntervals = False
1028.9063 	DATA 	Keypress: r
1029.1313 	DATA 	Keypress: r
1032.7301 	EXP 	window1: recordFrameIntervals = False
1032.7318 	DATA 	Keypress: z
1032.9988 	DATA 	Keypress: z
1033.2033 	DATA 	Keypress: z
1036.0571 	DATA 	Keypress: r
1036.6083 	DATA 	Keypress: r
1036.9424 	DATA 	Keypress: r
1037.2096 	DATA 	Keypress: r
1037.2235 	EXP 	window1: recordFrameIntervals = False
1037.4921 	DATA 	Keypress: r
1041.7338 	EXP 	window1: recordFrameIntervals = False
1041.7343 	ERROR 	trialnum=115 ERROR,2 frames were longer than 20.8 ms apparently screen refreshes skipped, interframe durs were:[ 67.4  66.6] and was these frames: [141 147]
1041.7346 	INFO 	flankers also=[ 16.8  67.4  16.5  10.7  66.6  16.2]
1041.9190 	DATA 	Keypress: o
1042.1708 	DATA 	Keypress: p
1042.4305 	DATA 	Keypress: p
1046.1919 	EXP 	window1: recordFrameIntervals = False
1046.7111 	DATA 	Keypress: f
1046.9066 	DATA 	Keypress: f
1047.2306 	DATA 	Keypress: f
1050.5381 	DATA 	Keypress: q
1050.7552 	DATA 	Keypress: q
1050.9359 	EXP 	window1: recordFrameIntervals = False
1050.9708 	DATA 	Keypress: q
1051.4907 	DATA 	Keypress: q
1054.5154 	DATA 	Keypress: s
1054.7628 	EXP 	window1: recordFrameIntervals = False
1054.7644 	DATA 	Keypress: s
1055.0148 	DATA 	Keypress: s
1055.2584 	DATA 	Keypress: s
1059.2060 	EXP 	window1: recordFrameIntervals = False
1059.6084 	DATA 	Keypress: c
1063.8331 	EXP 	window1: recordFrameIntervals = False
1063.8335 	ERROR 	trialnum=120 ERROR,1 frames were longer than 20.8 ms apparently screen refreshes skipped, interframe durs were:[ 67.3] and was these frames: [39]
1063.8337 	INFO 	flankers also=[ 16.7  67.3  16.2]
1064.1185 	DATA 	Keypress: a
1064.3140 	DATA 	Keypress: a
1066.8929 	DATA 	Keypress: p
1067.1266 	DATA 	Keypress: p
1067.3606 	DATA 	Keypress: p
1067.5610 	DATA 	Keypress: p
1067.7948 	DATA 	Keypress: p
1067.9423 	EXP 	window1: recordFrameIntervals = False
1068.0106 	DATA 	Keypress: p
1068.2338 	DATA 	Keypress: p
1070.8854 	DATA 	Keypress: f
1071.2024 	DATA 	Keypress: f
1071.4368 	DATA 	Keypress: f
1071.6704 	DATA 	Keypress: f
1071.9042 	DATA 	Keypress: f
1072.1016 	EXP 	window1: recordFrameIntervals = False
1072.1203 	DATA 	Keypress: f
1072.3135 	DATA 	Keypress: f
1075.3620 	DATA 	Keypress: p
1075.6124 	DATA 	Keypress: p
1075.8129 	DATA 	Keypress: p
1076.0299 	DATA 	Keypress: p
1076.1440 	EXP 	window1: recordFrameIntervals = False
1076.2456 	DATA 	Keypress: p
1076.4334 	DATA 	Keypress: p
1079.7885 	DATA 	Keypress: n
1080.0723 	DATA 	Keypress: n
1080.2895 	DATA 	Keypress: n
1080.3034 	EXP 	window1: recordFrameIntervals = False
1080.5386 	DATA 	Keypress: n
1084.7783 	EXP 	window1: recordFrameIntervals = False
1084.7788 	ERROR 	trialnum=125 ERROR,2 frames were longer than 20.8 ms apparently screen refreshes skipped, interframe durs were:[ 67.3  59.5] and was these frames: [2 7]
1084.7792 	INFO 	flankers also=[ 16.7  67.3  16.4   2.6  59.5  16.4]
1085.5149 	DATA 	Keypress: x
1085.7450 	DATA 	Keypress: x
1086.0354 	DATA 	Keypress: x
1086.2666 	DATA 	Keypress: x
1089.3887 	EXP 	window1: recordFrameIntervals = False
1089.6908 	DATA 	Keypress: g
1093.0353 	DATA 	Keypress: y
1093.2521 	DATA 	Keypress: y
1093.4692 	DATA 	Keypress: y
1093.7167 	EXP 	window1: recordFrameIntervals = False
1093.7251 	DATA 	Keypress: y
1093.9956 	DATA 	Keypress: y
1097.5118 	DATA 	Keypress: g
1097.7453 	DATA 	Keypress: g
1097.8927 	EXP 	window1: recordFrameIntervals = False
1098.0120 	DATA 	Keypress: g
1098.2245 	DATA 	Keypress: g
1101.9685 	EXP 	window1: recordFrameIntervals = False
1102.9221 	DATA 	Keypress: b
1103.1443 	DATA 	Keypress: b
1106.8628 	EXP 	window1: recordFrameIntervals = False
1107.6002 	DATA 	Keypress: z
1107.8962 	DATA 	Keypress: z
1111.4899 	EXP 	window1: recordFrameIntervals = False
1111.7752 	DATA 	Keypress: p
1111.9600 	DATA 	Keypress: p
1112.2951 	DATA 	Keypress: p
1112.3121 	DATA 	Keypress: p
1115.6187 	DATA 	Keypress: r
1115.8523 	DATA 	Keypress: r
1116.0501 	EXP 	window1: recordFrameIntervals = False
1116.0850 	DATA 	Keypress: r
1116.3036 	DATA 	Keypress: r
1118.9260 	DATA 	Keypress: p
1119.1933 	DATA 	Keypress: p
1119.4103 	DATA 	Keypress: p
1119.6108 	DATA 	Keypress: p
1119.7946 	DATA 	Keypress: p
1120.0117 	DATA 	Keypress: p
1120.0757 	EXP 	window1: recordFrameIntervals = False
1120.1776 	DATA 	Keypress: p
1120.3597 	DATA 	Keypress: p
1123.3010 	DATA 	Keypress: h
1123.5346 	DATA 	Keypress: h
1123.7522 	DATA 	Keypress: h
1124.0527 	DATA 	Keypress: h
1124.2863 	DATA 	Keypress: h
1124.3837 	EXP 	window1: recordFrameIntervals = False
1124.3841 	ERROR 	trialnum=134 ERROR,1 frames were longer than 20.8 ms apparently screen refreshes skipped, interframe durs were:[ 67.3] and was these frames: [48]
1124.3844 	INFO 	flankers also=[ 16.7  67.3  16.3]
1124.5361 	DATA 	Keypress: h
1124.7035 	DATA 	Keypress: h
1128.2454 	DATA 	Keypress: n
1128.6296 	DATA 	Keypress: n
1128.7435 	EXP 	window1: recordFrameIntervals = False
1128.8460 	DATA 	Keypress: n
1129.0072 	DATA 	Keypress: n
1129.3664 	DATA 	Keypress: n
1132.9212 	EXP 	window1: recordFrameIntervals = False
1132.9216 	ERROR 	trialnum=136 ERROR,1 frames were longer than 20.8 ms apparently screen refreshes skipped, interframe durs were:[ 67.4] and was these frames: [142]
1132.9219 	INFO 	flankers also=[ 16.5  67.4  16.4]
1133.0238 	DATA 	Keypress: t
1133.2791 	DATA 	Keypress: t
1133.5449 	DATA 	Keypress: t
1136.7997 	DATA 	Keypress: b
1136.8968 	EXP 	window1: recordFrameIntervals = False
1136.8972 	ERROR 	trialnum=137 ERROR,1 frames were longer than 20.8 ms apparently screen refreshes skipped, interframe durs were:[ 67.5] and was these frames: [31]
1136.8975 	INFO 	flankers also=[ 16.8  67.5  16.1]
1137.0152 	DATA 	Keypress: b
1137.2069 	DATA 	Keypress: b
1140.2239 	DATA 	Keypress: r
1140.4910 	DATA 	Keypress: r
1140.6913 	DATA 	Keypress: r
1140.8919 	DATA 	Keypress: r
1140.9892 	EXP 	window1: recordFrameIntervals = False
1141.0910 	DATA 	Keypress: r
1141.2710 	DATA 	Keypress: r
1145.1653 	EXP 	window1: recordFrameIntervals = False
1145.1658 	ERROR 	trialnum=139 ERROR,2 frames were longer than 20.8 ms apparently screen refreshes skipped, interframe durs were:[ 67.4  43.7] and was these frames: [22 26]
1145.1663 	INFO 	flankers also=[ 16.7  67.4  16.3   4.9  43.7  16.2]
1145.5510 	DATA 	Keypress: q
1145.7347 	DATA 	Keypress: q
1145.9106 	DATA 	Keypress: q
1147.7183 	DATA 	Keypress: space
1148.7064 	DATA 	Keypress: space
1149.8938 	DATA 	Keypress: n
1150.3282 	DATA 	Keypress: m
1151.2469 	DATA 	Keypress: u
1151.4639 	DATA 	Keypress: u
1151.6448 	EXP 	window1: recordFrameIntervals = False
1151.9137 	DATA 	Keypress: u
1152.5985 	DATA 	Keypress: u
1156.0546 	EXP 	window1: recordFrameIntervals = False
1156.0550 	ERROR 	trialnum=141 ERROR,1 frames were longer than 20.8 ms apparently screen refreshes skipped, interframe durs were:[ 67.1] and was these frames: [81]
1156.0554 	INFO 	flankers also=[ 17.   67.1  16.4]
1156.6074 	DATA 	Keypress: o
1156.8302 	DATA 	Keypress: o
1157.1278 	DATA 	Keypress: o
1160.1855 	DATA 	Keypress: f
1160.4524 	DATA 	Keypress: f
1160.7195 	DATA 	Keypress: f
1160.8504 	EXP 	window1: recordFrameIntervals = False
1162.0546 	DATA 	Keypress: f
1162.5736 	DATA 	Keypress: f
1165.1298 	DATA 	Keypress: h
1165.9952 	EXP 	window1: recordFrameIntervals = False
1167.9020 	DATA 	Keypress: t
1168.4364 	DATA 	Keypress: t
1171.6443 	DATA 	Keypress: j
1172.0787 	DATA 	Keypress: j
1172.1591 	EXP 	window1: recordFrameIntervals = False
1176.1863 	DATA 	Keypress: u
1179.3117 	DATA 	Keypress: c
1180.0434 	EXP 	window1: recordFrameIntervals = False
1180.7976 	DATA 	Keypress: c
1182.8027 	DATA 	Keypress: j
1183.9050 	DATA 	Keypress: j
1185.0880 	EXP 	window1: recordFrameIntervals = False
1185.0884 	ERROR 	trialnum=146 ERROR,2 frames were longer than 20.8 ms apparently screen refreshes skipped, interframe durs were:[ 67.2  67.2] and was these frames: [43 49]
1185.0888 	INFO 	flankers also=[ 16.7  67.2  16.5  10.5  67.2  16.7]
1187.2778 	DATA 	Keypress: i
1190.4531 	DATA 	Keypress: f
1190.9876 	DATA 	Keypress: f
1191.2519 	EXP 	window1: recordFrameIntervals = False
1191.3876 	DATA 	Keypress: f
1192.9420 	DATA 	Keypress: f
1193.6270 	DATA 	Keypress: c
1194.9966 	DATA 	Keypress: y
1195.2108 	EXP 	window1: recordFrameIntervals = False
1195.2113 	ERROR 	trialnum=148 ERROR,1 frames were longer than 20.8 ms apparently screen refreshes skipped, interframe durs were:[ 67.2] and was these frames: [42]
1195.2117 	INFO 	flankers also=[ 16.7  67.2  16.2]
1195.2460 	DATA 	Keypress: t
1196.5835 	DATA 	Keypress: t
1196.7841 	DATA 	Keypress: y
1198.8886 	DATA 	Keypress: r
1199.1028 	EXP 	window1: recordFrameIntervals = False
1199.1543 	DATA 	Keypress: r
1199.3804 	DATA 	Keypress: r
1203.1100 	EXP 	window1: recordFrameIntervals = False
1203.3287 	DATA 	Keypress: d
1203.8485 	DATA 	Keypress: d
1205.7189 	DATA 	Keypress: i
1205.9696 	DATA 	Keypress: i
1206.1866 	DATA 	Keypress: i
1206.4707 	DATA 	Keypress: i
1206.7212 	DATA 	Keypress: i
1206.9550 	DATA 	Keypress: i
1207.1191 	EXP 	window1: recordFrameIntervals = False
1207.4547 	DATA 	Keypress: i
1210.1472 	DATA 	Keypress: i
1211.4501 	DATA 	Keypress: i
1211.7143 	EXP 	window1: recordFrameIntervals = False
1211.7328 	DATA 	Keypress: i
1211.9961 	DATA 	Keypress: i
1214.4401 	DATA 	Keypress: t
1214.7407 	DATA 	Keypress: t
1215.2419 	DATA 	Keypress: y
1215.9238 	EXP 	window1: recordFrameIntervals = False
1216.2092 	DATA 	Keypress: y
1217.1781 	DATA 	Keypress: y
1219.2675 	DATA 	Keypress: t
1219.6183 	DATA 	Keypress: t
1219.9690 	DATA 	Keypress: t
1220.3670 	EXP 	window1: recordFrameIntervals = False
1220.6525 	DATA 	Keypress: t
1221.8388 	DATA 	Keypress: y
1223.8446 	DATA 	Keypress: y
1224.2620 	DATA 	Keypress: i
1224.8103 	EXP 	window1: recordFrameIntervals = False
1225.3797 	DATA 	Keypress: i
1228.3380 	DATA 	Keypress: i
1229.3371 	EXP 	window1: recordFrameIntervals = False
1229.9400 	DATA 	Keypress: i
1233.5328 	DATA 	Keypress: f
1233.7972 	EXP 	window1: recordFrameIntervals = False
1233.9655 	DATA 	Keypress: f
1236.8237 	DATA 	Keypress: i
1238.0567 	EXP 	window1: recordFrameIntervals = False
1238.6261 	DATA 	Keypress: i
1240.2631 	DATA 	Keypress: i
1242.3008 	DATA 	Keypress: i
1242.5317 	EXP 	window1: recordFrameIntervals = False
1242.5321 	ERROR 	trialnum=159 ERROR,1 frames were longer than 20.8 ms apparently screen refreshes skipped, interframe durs were:[ 67.2] and was these frames: [8]
1242.5324 	INFO 	flankers also=[ 16.7  67.2  16.5]
1244.4210 	DATA 	Keypress: i
1247.5126 	DATA 	Keypress: t
1248.1641 	DATA 	Keypress: y
1248.5315 	DATA 	Keypress: y
1248.6287 	EXP 	window1: recordFrameIntervals = False
1248.7973 	DATA 	Keypress: y
1252.3750 	DATA 	Keypress: f
1252.6059 	EXP 	window1: recordFrameIntervals = False
1253.2264 	DATA 	Keypress: f
1257.0324 	EXP 	window1: recordFrameIntervals = False
1257.5851 	DATA 	Keypress: f
1261.1782 	DATA 	Keypress: y
1261.4423 	EXP 	window1: recordFrameIntervals = False
1262.2288 	DATA 	Keypress: t
1262.5458 	DATA 	Keypress: t
1266.1529 	EXP 	window1: recordFrameIntervals = False
1268.4261 	DATA 	Keypress: t
1271.2007 	DATA 	Keypress: f
1272.6006 	EXP 	window1: recordFrameIntervals = False
1273.1033 	DATA 	Keypress: f
1275.5104 	DATA 	Keypress: f
1275.7440 	DATA 	Keypress: f
1276.3288 	DATA 	Keypress: i
1276.6795 	DATA 	Keypress: i
1277.0972 	DATA 	Keypress: i
1277.3447 	EXP 	window1: recordFrameIntervals = False
1277.4977 	DATA 	Keypress: y
1279.3673 	DATA 	Keypress: y
1279.6847 	DATA 	Keypress: y
1279.9351 	DATA 	Keypress: y
1280.2359 	DATA 	Keypress: y
1281.6359 	EXP 	window1: recordFrameIntervals = False
1282.1888 	DATA 	Keypress: y
1285.9987 	DATA 	Keypress: i
1286.0460 	EXP 	window1: recordFrameIntervals = False
1286.0465 	ERROR 	trialnum=168 ERROR,1 frames were longer than 20.8 ms apparently screen refreshes skipped, interframe durs were:[ 67.4] and was these frames: [81]
1286.0468 	INFO 	flankers also=[ 16.8  67.4  16.3]
1286.7324 	DATA 	Keypress: i
1290.7915 	EXP 	window1: recordFrameIntervals = False
1290.8432 	DATA 	Keypress: i
1293.4170 	DATA 	Keypress: i
1294.4861 	DATA 	Keypress: i
1294.7837 	EXP 	window1: recordFrameIntervals = False
1295.6371 	DATA 	Keypress: i
1298.0774 	DATA 	Keypress: t
1299.8618 	EXP 	window1: recordFrameIntervals = False
1299.8968 	DATA 	Keypress: y
1300.6819 	DATA 	Keypress: y
1303.3561 	DATA 	Keypress: i
1303.7706 	EXP 	window1: recordFrameIntervals = False
1304.2578 	DATA 	Keypress: i
1307.0141 	DATA 	Keypress: y
1308.4643 	EXP 	window1: recordFrameIntervals = False
1308.5160 	DATA 	Keypress: y
1308.7280 	DATA 	Keypress: y
1310.1545 	DATA 	Keypress: i
1312.5235 	EXP 	window1: recordFrameIntervals = False
1313.2600 	DATA 	Keypress: y
1315.4332 	DATA 	Keypress: i
1316.7692 	DATA 	Keypress: i
1317.3176 	EXP 	window1: recordFrameIntervals = False
1317.7867 	DATA 	Keypress: i
1320.0917 	DATA 	Keypress: t
1320.5093 	DATA 	Keypress: t
1321.0104 	DATA 	Keypress: t
1321.4780 	DATA 	Keypress: t
1321.5922 	EXP 	window1: recordFrameIntervals = False
1321.5926 	ERROR 	trialnum=176 ERROR,1 frames were longer than 20.8 ms apparently screen refreshes skipped, interframe durs were:[ 25.5] and was these frames: [7]
1321.5930 	INFO 	flankers also=[ 16.7  25.5  16.2]
1321.9444 	DATA 	Keypress: t
1323.1973 	DATA 	Keypress: t
1324.1017 	DATA 	Keypress: t
1324.4684 	DATA 	Keypress: t
1324.8859 	DATA 	Keypress: f
1325.5542 	DATA 	Keypress: f
1326.0689 	EXP 	window1: recordFrameIntervals = False
1326.0694 	ERROR 	trialnum=177 ERROR,2 frames were longer than 20.8 ms apparently screen refreshes skipped, interframe durs were:[ 67.3  67.2] and was these frames: [33 39]
1326.0698 	INFO 	flankers also=[ 16.8  67.3  16.5   9.1  67.2  16.4]
1327.5914 	DATA 	Keypress: i
1330.8845 	DATA 	Keypress: i
1331.6831 	EXP 	window1: recordFrameIntervals = False
1332.5365 	DATA 	Keypress: i
1333.2382 	DATA 	Keypress: i
1334.4589 	DATA 	Keypress: t
1336.3601 	EXP 	window1: recordFrameIntervals = False
1336.3605 	ERROR 	trialnum=179 ERROR,1 frames were longer than 20.8 ms apparently screen refreshes skipped, interframe durs were:[ 67.5] and was these frames: [71]
1336.3608 	INFO 	flankers also=[ 16.6  67.5  16.3]
1336.8461 	DATA 	Keypress: t
1339.8378 	DATA 	Keypress: b
1340.0718 	DATA 	Keypress: b
1340.2721 	DATA 	Keypress: b
1340.7397 	DATA 	Keypress: b
1340.9371 	EXP 	window1: recordFrameIntervals = False
1341.0564 	DATA 	Keypress: b
1341.2628 	DATA 	Keypress: b
1345.1132 	EXP 	window1: recordFrameIntervals = False
1345.1136 	ERROR 	trialnum=181 ERROR,2 frames were longer than 20.8 ms apparently screen refreshes skipped, interframe durs were:[ 67.5  67.3] and was these frames: [108 124]
1345.1140 	INFO 	flankers also=[ 15.2  67.5  16.2  16.5  67.3  16.3]
1345.9667 	DATA 	Keypress: m
1346.1987 	DATA 	Keypress: m
1349.1920 	DATA 	Keypress: c
1349.5094 	DATA 	Keypress: c
1349.7265 	DATA 	Keypress: c
1349.9439 	DATA 	Keypress: c
1350.1745 	EXP 	window1: recordFrameIntervals = False
1350.1930 	DATA 	Keypress: c
1350.4064 	DATA 	Keypress: c
1354.2034 	DATA 	Keypress: u
1354.4175 	EXP 	window1: recordFrameIntervals = False
1354.5031 	DATA 	Keypress: u
1354.6781 	DATA 	Keypress: u
1358.6601 	EXP 	window1: recordFrameIntervals = False
1358.7118 	DATA 	Keypress: j
1362.8727 	DATA 	Keypress: a
1362.9697 	EXP 	window1: recordFrameIntervals = False
1363.0881 	DATA 	Keypress: a
1363.2699 	DATA 	Keypress: a
1363.6081 	DATA 	Keypress: a
1363.6698 	DATA 	Keypress: a
1366.1784 	DATA 	Keypress: t
1366.4459 	DATA 	Keypress: r
1366.6458 	DATA 	Keypress: r
1366.8799 	DATA 	Keypress: r
1367.0940 	EXP 	window1: recordFrameIntervals = False
1367.0944 	ERROR 	trialnum=186 ERROR,1 frames were longer than 20.8 ms apparently screen refreshes skipped, interframe durs were:[ 67.2] and was these frames: [10]
1367.0947 	INFO 	flankers also=[ 16.8  67.2  16.4]
1367.1458 	DATA 	Keypress: r
1367.3257 	DATA 	Keypress: r
1371.1197 	EXP 	window1: recordFrameIntervals = False
1371.3049 	DATA 	Keypress: h
1371.5414 	DATA 	Keypress: h
1375.3810 	EXP 	window1: recordFrameIntervals = False
1375.3814 	ERROR 	trialnum=188 ERROR,1 frames were longer than 20.8 ms apparently screen refreshes skipped, interframe durs were:[ 67.2] and was these frames: [121]
1375.3816 	INFO 	flankers also=[ 16.9  67.2  16.3]
1375.4998 	DATA 	Keypress: z
1375.7093 	DATA 	Keypress: z
1379.3262 	DATA 	Keypress: e
1379.5935 	DATA 	Keypress: e
1379.6905 	EXP 	window1: recordFrameIntervals = False
1379.7922 	DATA 	Keypress: e
1380.0051 	DATA 	Keypress: e
1383.9668 	EXP 	window1: recordFrameIntervals = False
1384.1354 	DATA 	Keypress: y
1384.3411 	DATA 	Keypress: y
1387.5946 	DATA 	Keypress: t
1387.8284 	DATA 	Keypress: t
1388.0289 	DATA 	Keypress: t
1388.0760 	EXP 	window1: recordFrameIntervals = False
1388.2448 	DATA 	Keypress: t
1391.4535 	DATA 	Keypress: v
1391.6874 	DATA 	Keypress: v
1391.9209 	DATA 	Keypress: v
1392.1381 	DATA 	Keypress: v
1392.1686 	EXP 	window1: recordFrameIntervals = False
1392.3872 	DATA 	Keypress: v
1396.5784 	EXP 	window1: recordFrameIntervals = False
1397.1311 	DATA 	Keypress: y
1397.3885 	DATA 	Keypress: u
1397.6514 	DATA 	Keypress: u
1400.1564 	DATA 	Keypress: b
1400.3733 	DATA 	Keypress: b
1400.5903 	DATA 	Keypress: b
1400.8246 	DATA 	Keypress: b
1401.0050 	EXP 	window1: recordFrameIntervals = False
1401.0054 	ERROR 	trialnum=194 ERROR,2 frames were longer than 20.8 ms apparently screen refreshes skipped, interframe durs were:[ 67.5  44.1] and was these frames: [93 97]
1401.0058 	INFO 	flankers also=[ 16.6  67.5  16.3   4.5  44.1  16.2]
1401.0407 	DATA 	Keypress: b
1401.2443 	DATA 	Keypress: b
1404.6477 	DATA 	Keypress: f
1404.8481 	DATA 	Keypress: f
1405.0654 	DATA 	Keypress: f
1405.2491 	DATA 	Keypress: f
1405.3631 	EXP 	window1: recordFrameIntervals = False
1405.4814 	DATA 	Keypress: f
1405.6761 	DATA 	Keypress: f
1409.5256 	DATA 	Keypress: u
1409.7562 	EXP 	window1: recordFrameIntervals = False
1409.7747 	DATA 	Keypress: u
1409.9880 	DATA 	Keypress: u
1410.2941 	DATA 	Keypress: u
1413.6030 	DATA 	Keypress: a
1413.8533 	DATA 	Keypress: a
1414.0342 	EXP 	window1: recordFrameIntervals = False
1414.0692 	DATA 	Keypress: a
1414.2918 	DATA 	Keypress: a
1417.5784 	DATA 	Keypress: e
1417.7954 	DATA 	Keypress: e
1417.9962 	DATA 	Keypress: e
1418.1267 	EXP 	window1: recordFrameIntervals = False
1418.2459 	DATA 	Keypress: e
1418.3970 	DATA 	Keypress: e
1422.4697 	EXP 	window1: recordFrameIntervals = False
1423.5738 	DATA 	Keypress: m
1425.0938 	DATA 	Keypress: f
1427.4672 	DATA 	Keypress: p
1427.6342 	DATA 	Keypress: p
1427.7482 	EXP 	window1: recordFrameIntervals = False
1427.7834 	DATA 	Keypress: p
1427.9728 	DATA 	Keypress: p
1428.1390 	DATA 	Keypress: p
1431.0586 	DATA 	Keypress: c
1431.2762 	DATA 	Keypress: c
1431.4765 	DATA 	Keypress: c
1431.6601 	DATA 	Keypress: c
1431.8407 	EXP 	window1: recordFrameIntervals = False
1431.8424 	DATA 	Keypress: c
1432.0429 	DATA 	Keypress: c
1432.2511 	DATA 	Keypress: c
1435.4355 	DATA 	Keypress: s
1435.6689 	DATA 	Keypress: s
1435.8359 	DATA 	Keypress: s
1436.1031 	DATA 	Keypress: s
1436.2339 	EXP 	window1: recordFrameIntervals = False
1436.3357 	DATA 	Keypress: s
1436.5628 	DATA 	Keypress: s
1438.5088 	DATA 	Keypress: r
1438.7927 	DATA 	Keypress: r
1439.0097 	DATA 	Keypress: r
1439.2101 	DATA 	Keypress: r
1439.4441 	DATA 	Keypress: r
1439.6946 	DATA 	Keypress: r
1439.9784 	DATA 	Keypress: r
1440.1629 	DATA 	Keypress: r
1440.3627 	DATA 	Keypress: r
1440.5632 	DATA 	Keypress: r
1440.5937 	EXP 	window1: recordFrameIntervals = False
1441.7978 	DATA 	Keypress: r
1444.7375 	DATA 	Keypress: d
1444.9549 	DATA 	Keypress: d
1445.1745 	DATA 	Keypress: d
1445.3891 	DATA 	Keypress: d
1445.6230 	DATA 	Keypress: d
1445.8401 	DATA 	Keypress: d
1446.0376 	EXP 	window1: recordFrameIntervals = False
1446.0380 	ERROR 	trialnum=204 ERROR,2 frames were longer than 20.8 ms apparently screen refreshes skipped, interframe durs were:[ 67.7  27.7] and was these frames: [ 98 101]
1446.0384 	INFO 	flankers also=[ 16.7  67.7  16.    6.2  27.7  16.4]
1446.4566 	DATA 	Keypress: d
1448.5294 	DATA 	Keypress: u
1448.7966 	DATA 	Keypress: u
1449.4481 	DATA 	Keypress: u
1449.6986 	DATA 	Keypress: u
1449.9493 	DATA 	Keypress: u
1450.2331 	DATA 	Keypress: u
1450.4474 	EXP 	window1: recordFrameIntervals = False
1450.4657 	DATA 	Keypress: u
1450.9852 	DATA 	Keypress: u
1452.7241 	DATA 	Keypress: i
1453.0246 	DATA 	Keypress: i
1453.3084 	DATA 	Keypress: i
1453.5590 	DATA 	Keypress: i
1453.8096 	DATA 	Keypress: i
1454.0103 	DATA 	Keypress: i
1454.2438 	DATA 	Keypress: i
1454.3244 	EXP 	window1: recordFrameIntervals = False
1454.4930 	DATA 	Keypress: i
1455.6457 	DATA 	Keypress: i
1456.1815 	DATA 	Keypress: i
1456.6827 	DATA 	Keypress: i
1457.1168 	DATA 	Keypress: r
1457.6513 	DATA 	Keypress: r
1458.2028 	DATA 	Keypress: i
1458.4002 	EXP 	window1: recordFrameIntervals = False
1458.4685 	DATA 	Keypress: r
1461.9446 	DATA 	Keypress: g
1462.1952 	DATA 	Keypress: g
1462.4454 	DATA 	Keypress: g
1462.5094 	EXP 	window1: recordFrameIntervals = False
1462.6611 	DATA 	Keypress: g
1462.8659 	DATA 	Keypress: g
1466.5518 	EXP 	window1: recordFrameIntervals = False
1466.5523 	ERROR 	trialnum=209 ERROR,2 frames were longer than 20.8 ms apparently screen refreshes skipped, interframe durs were:[ 67.4  59. ] and was these frames: [75 80]
1466.5527 	INFO 	flankers also=[ 16.6  67.4  16.2   2.7  59.   16.2]
1466.5872 	DATA 	Keypress: y
1469.1135 	DATA 	Keypress: space
1472.8475 	EXP 	window1: recordFrameIntervals = False
1473.7678 	DATA 	Keypress: m
1476.9266 	DATA 	Keypress: r
1476.9597 	DATA 	Keypress: t
1477.2441 	DATA 	Keypress: r
1477.4610 	DATA 	Keypress: r
1477.6584 	EXP 	window1: recordFrameIntervals = False
1477.6601 	DATA 	Keypress: r
1477.8435 	DATA 	Keypress: r
1478.0251 	DATA 	Keypress: r
1482.0866 	EXP 	window1: recordFrameIntervals = False
1482.1217 	DATA 	Keypress: r
1482.3933 	DATA 	Keypress: r
1486.2960 	EXP 	window1: recordFrameIntervals = False
1486.2964 	ERROR 	trialnum=213 ERROR,1 frames were longer than 20.8 ms apparently screen refreshes skipped, interframe durs were:[ 67.1] and was these frames: [72]
1486.2967 	INFO 	flankers also=[ 16.7  67.1  16.3]
1486.2983 	DATA 	Keypress: j
1486.5149 	DATA 	Keypress: j
1486.7209 	DATA 	Keypress: j
1490.0409 	DATA 	Keypress: s
1490.2580 	DATA 	Keypress: s
1490.4919 	DATA 	Keypress: s
1490.5890 	EXP 	window1: recordFrameIntervals = False
1490.7074 	DATA 	Keypress: s
1490.9047 	DATA 	Keypress: s
1494.8318 	EXP 	window1: recordFrameIntervals = False
1495.3343 	DATA 	Keypress: p
1495.5044 	DATA 	Keypress: p
1495.8537 	DATA 	Keypress: p
1495.8557 	DATA 	Keypress: p
1496.0192 	DATA 	Keypress: p
1499.1414 	EXP 	window1: recordFrameIntervals = False
1499.3100 	DATA 	Keypress: s
1499.5364 	DATA 	Keypress: s
1502.3016 	DATA 	Keypress: k
1502.5521 	DATA 	Keypress: k
1502.7860 	DATA 	Keypress: k
1503.0366 	DATA 	Keypress: k
1503.2173 	EXP 	window1: recordFrameIntervals = False
1503.2523 	DATA 	Keypress: k
1503.4884 	DATA 	Keypress: k
1506.2436 	DATA 	Keypress: a
1506.7448 	DATA 	Keypress: a
1506.9789 	DATA 	Keypress: a
1507.1427 	EXP 	window1: recordFrameIntervals = False
1507.1432 	ERROR 	trialnum=218 ERROR,3 frames were longer than 20.8 ms apparently screen refreshes skipped, interframe durs were:[ 67.4  66.8  31.6] and was these frames: [28 34 36]
1507.1437 	INFO 	flankers also=[ 16.6  67.4  16.2   8.7  66.8   1.9   1.9  31.6   2.4]
1507.4115 	DATA 	Keypress: a
1510.0004 	DATA 	Keypress: u
1510.7020 	DATA 	Keypress: u
1510.9357 	DATA 	Keypress: u
1511.1698 	DATA 	Keypress: u
1511.2335 	EXP 	window1: recordFrameIntervals = False
1511.2340 	ERROR 	trialnum=219 ERROR,1 frames were longer than 20.8 ms apparently screen refreshes skipped, interframe durs were:[ 24.5] and was these frames: [7]
1511.2343 	INFO 	flankers also=[ 16.6  24.5  17.2]
1511.4021 	DATA 	Keypress: u
1511.9211 	DATA 	Keypress: u
1512.1371 	DATA 	Keypress: u
1512.3875 	DATA 	Keypress: u
1512.6381 	DATA 	Keypress: u
1515.5266 	EXP 	window1: recordFrameIntervals = False
1515.5270 	ERROR 	trialnum=220 ERROR,1 frames were longer than 20.8 ms apparently screen refreshes skipped, interframe durs were:[ 67.2] and was these frames: [145]
1515.5273 	INFO 	flankers also=[ 16.8  67.2  16.4]
1516.3463 	DATA 	Keypress: f
1520.4558 	EXP 	window1: recordFrameIntervals = False
1521.9442 	DATA 	Keypress: v
1525.9548 	DATA 	Keypress: a
1526.1352 	EXP 	window1: recordFrameIntervals = False
1529.9452 	DATA 	Keypress: h
1534.1365 	EXP 	window1: recordFrameIntervals = False
1534.8895 	DATA 	Keypress: f
1538.6997 	DATA 	Keypress: i
1539.0475 	EXP 	window1: recordFrameIntervals = False
1542.7071 	DATA 	Keypress: u
1546.5810 	EXP 	window1: recordFrameIntervals = False
1546.5814 	ERROR 	trialnum=225 ERROR,1 frames were longer than 20.8 ms apparently screen refreshes skipped, interframe durs were:[ 67.2] and was these frames: [100]
1546.5818 	INFO 	flankers also=[ 16.8  67.2  16.4]
1549.3720 	DATA 	Keypress: d
1553.4965 	EXP 	window1: recordFrameIntervals = False
1554.0992 	DATA 	Keypress: f
1558.1935 	DATA 	Keypress: h
1558.2405 	EXP 	window1: recordFrameIntervals = False
1559.5949 	DATA 	Keypress: h
1563.4673 	EXP 	window1: recordFrameIntervals = False
1563.8529 	DATA 	Keypress: y
1568.0108 	EXP 	window1: recordFrameIntervals = False
1568.0113 	ERROR 	trialnum=229 ERROR,2 frames were longer than 20.8 ms apparently screen refreshes skipped, interframe durs were:[ 67.4  43.6] and was these frames: [19 23]
1568.0116 	INFO 	flankers also=[ 16.7  67.4  16.3   2.8  43.6  16.3]
1568.4800 	DATA 	Keypress: x
1572.5225 	EXP 	window1: recordFrameIntervals = False
1573.4593 	DATA 	Keypress: k
1577.4168 	EXP 	window1: recordFrameIntervals = False
1577.4173 	ERROR 	trialnum=231 ERROR,1 frames were longer than 20.8 ms apparently screen refreshes skipped, interframe durs were:[ 67.3] and was these frames: [75]
1577.4175 	INFO 	flankers also=[ 16.7  67.3  16.3]
1578.0195 	DATA 	Keypress: r
1582.1440 	EXP 	window1: recordFrameIntervals = False
1582.6132 	DATA 	Keypress: t
1585.6885 	DATA 	Keypress: g
1585.9722 	DATA 	Keypress: g
1586.2227 	DATA 	Keypress: g
1586.4036 	EXP 	window1: recordFrameIntervals = False
1586.4885 	DATA 	Keypress: g
1590.6798 	EXP 	window1: recordFrameIntervals = False
1590.6802 	ERROR 	trialnum=234 ERROR,2 frames were longer than 20.8 ms apparently screen refreshes skipped, interframe durs were:[ 67.5  67.3] and was these frames: [135 141]
1590.6807 	INFO 	flankers also=[ 16.3  67.5  16.2  10.3  67.3  16.2]
1590.9151 	DATA 	Keypress: a
1591.1406 	DATA 	Keypress: a
1594.9926 	DATA 	Keypress: i
1595.0730 	EXP 	window1: recordFrameIntervals = False
1595.6089 	DATA 	Keypress: p
1598.6174 	DATA 	Keypress: c
1598.9178 	DATA 	Keypress: c
1599.1852 	DATA 	Keypress: c
1599.6029 	DATA 	Keypress: c
1599.6499 	EXP 	window1: recordFrameIntervals = False
1599.9186 	DATA 	Keypress: c
1603.7103 	DATA 	Keypress: e
1603.9244 	EXP 	window1: recordFrameIntervals = False
1604.0428 	DATA 	Keypress: e
1604.2681 	DATA 	Keypress: e
1607.9669 	EXP 	window1: recordFrameIntervals = False
1608.1021 	DATA 	Keypress: c
1608.3881 	DATA 	Keypress: c
1612.3784 	EXP 	window1: recordFrameIntervals = False
1612.3790 	ERROR 	trialnum=239 ERROR,2 frames were longer than 20.8 ms apparently screen refreshes skipped, interframe durs were:[ 67.4  66.9] and was these frames: [45 51]
1612.3795 	INFO 	flankers also=[ 15.6  67.4  16.2  10.   66.9  16.3]
1613.1987 	DATA 	Keypress: x
1616.4572 	DATA 	Keypress: i
1617.0055 	EXP 	window1: recordFrameIntervals = False
1617.5749 	DATA 	Keypress: i
1621.5322 	EXP 	window1: recordFrameIntervals = False
1621.5326 	ERROR 	trialnum=241 ERROR,1 frames were longer than 20.8 ms apparently screen refreshes skipped, interframe durs were:[ 67.4] and was these frames: [111]
1621.5330 	INFO 	flankers also=[ 16.8  67.4  16.3]
1631.6564 	DATA 	Keypress: u
1632.1755 	DATA 	Keypress: u
1635.8477 	EXP 	window1: recordFrameIntervals = False
1636.4338 	DATA 	Keypress: b
1636.7309 	DATA 	Keypress: b
1640.5248 	EXP 	window1: recordFrameIntervals = False
1640.5931 	DATA 	Keypress: a
1640.8906 	DATA 	Keypress: d
1641.1307 	DATA 	Keypress: d
1642.0814 	DATA 	Keypress: d
1644.5505 	EXP 	window1: recordFrameIntervals = False
1644.6037 	DATA 	Keypress: r
1644.8747 	DATA 	Keypress: r
1647.7105 	DATA 	Keypress: j
1648.0614 	DATA 	Keypress: k
1648.2953 	DATA 	Keypress: k
1648.5634 	DATA 	Keypress: k
1648.7599 	EXP 	window1: recordFrameIntervals = False
1648.8283 	DATA 	Keypress: k
1649.0825 	DATA 	Keypress: k
1651.2505 	DATA 	Keypress: u
1651.5508 	DATA 	Keypress: u
1651.8015 	DATA 	Keypress: u
1652.0351 	DATA 	Keypress: u
1652.2688 	DATA 	Keypress: u
1652.5028 	DATA 	Keypress: u
1652.6670 	EXP 	window1: recordFrameIntervals = False
1652.6674 	ERROR 	trialnum=246 ERROR,2 frames were longer than 20.8 ms apparently screen refreshes skipped, interframe durs were:[ 25.7  67.2] and was these frames: [ 0 61]
1652.6678 	INFO 	flankers also=[ 25.7  16.1  16.8  67.2  16.6]
1652.9356 	DATA 	Keypress: u
1656.9600 	EXP 	window1: recordFrameIntervals = False
1657.4959 	DATA 	Keypress: l
1660.5895 	DATA 	Keypress: p
1660.8567 	DATA 	Keypress: p
1661.0904 	DATA 	Keypress: p
1661.3576 	DATA 	Keypress: p
1661.3882 	EXP 	window1: recordFrameIntervals = False
1661.5732 	DATA 	Keypress: p
1664.5819 	DATA 	Keypress: u
1664.8488 	DATA 	Keypress: u
1665.0660 	DATA 	Keypress: u
1665.3669 	DATA 	Keypress: u
1665.5837 	DATA 	Keypress: u
1665.7646 	EXP 	window1: recordFrameIntervals = False
1665.8162 	DATA 	Keypress: u
1666.0656 	DATA 	Keypress: u
1669.9407 	EXP 	window1: recordFrameIntervals = False
1670.1594 	DATA 	Keypress: b
1670.3776 	DATA 	Keypress: b
1674.0332 	EXP 	window1: recordFrameIntervals = False
1674.5863 	DATA 	Keypress: q
1678.3962 	DATA 	Keypress: f
1678.5600 	EXP 	window1: recordFrameIntervals = False
1678.7452 	DATA 	Keypress: f
1682.7025 	EXP 	window1: recordFrameIntervals = False
1683.4057 	DATA 	Keypress: f
1687.5970 	EXP 	window1: recordFrameIntervals = False
1688.4669 	DATA 	Keypress: f
1692.3392 	EXP 	window1: recordFrameIntervals = False
1692.3396 	ERROR 	trialnum=255 ERROR,1 frames were longer than 20.8 ms apparently screen refreshes skipped, interframe durs were:[ 24.5] and was these frames: [1]
1692.3398 	INFO 	flankers also=[ 16.7  24.5  17.2]
1693.0088 	DATA 	Keypress: b
1696.0004 	DATA 	Keypress: f
1696.2340 	DATA 	Keypress: f
1696.4178 	DATA 	Keypress: f
1696.6350 	DATA 	Keypress: f
1696.8827 	EXP 	window1: recordFrameIntervals = False
1696.8831 	ERROR 	trialnum=256 ERROR,1 frames were longer than 20.8 ms apparently screen refreshes skipped, interframe durs were:[ 67.4] and was these frames: [31]
1696.8834 	INFO 	flankers also=[ 16.7  67.4  16.3]
1696.8848 	DATA 	Keypress: f
1697.1348 	DATA 	Keypress: f
1700.2281 	DATA 	Keypress: r
1700.4786 	DATA 	Keypress: r
1700.7294 	DATA 	Keypress: r
1700.9630 	DATA 	Keypress: r
1701.1439 	EXP 	window1: recordFrameIntervals = False
1701.1787 	DATA 	Keypress: r
1701.4242 	DATA 	Keypress: r
1704.1371 	DATA 	Keypress: t
1704.3539 	DATA 	Keypress: t
1704.5712 	DATA 	Keypress: t
1704.8052 	DATA 	Keypress: t
1705.0225 	DATA 	Keypress: t
1705.2561 	DATA 	Keypress: t
1705.4535 	EXP 	window1: recordFrameIntervals = False
1705.4719 	DATA 	Keypress: t
1705.6881 	DATA 	Keypress: t
1708.1959 	DATA 	Keypress: g
1708.4301 	DATA 	Keypress: g
1708.6472 	DATA 	Keypress: g
1708.8643 	DATA 	Keypress: g
1709.0814 	DATA 	Keypress: g
1709.2985 	DATA 	Keypress: g
1709.4792 	EXP 	window1: recordFrameIntervals = False
1709.5310 	DATA 	Keypress: g
1709.7601 	DATA 	Keypress: g
1712.5559 	DATA 	Keypress: s
1712.8064 	DATA 	Keypress: s
1713.0568 	DATA 	Keypress: s
1713.3074 	DATA 	Keypress: s
1713.4548 	EXP 	window1: recordFrameIntervals = False
1713.5399 	DATA 	Keypress: s
1713.7597 	DATA 	Keypress: s
1717.7478 	EXP 	window1: recordFrameIntervals = False
1717.7481 	ERROR 	trialnum=261 ERROR,1 frames were longer than 20.8 ms apparently screen refreshes skipped, interframe durs were:[ 67.4] and was these frames: [5]
1717.7484 	INFO 	flankers also=[ 16.8  67.4  16.4]
1718.0834 	DATA 	Keypress: r
1718.3034 	DATA 	Keypress: r
1721.9238 	EXP 	window1: recordFrameIntervals = False
1721.9921 	DATA 	Keypress: l
1722.2233 	DATA 	Keypress: l
1726.0192 	DATA 	Keypress: m
1726.0831 	EXP 	window1: recordFrameIntervals = False
1726.2348 	DATA 	Keypress: m
1726.4152 	DATA 	Keypress: m
1729.1580 	DATA 	Keypress: r
1729.3750 	DATA 	Keypress: r
1729.6090 	DATA 	Keypress: r
1729.8594 	DATA 	Keypress: r
1730.0737 	EXP 	window1: recordFrameIntervals = False
1730.0752 	DATA 	Keypress: r
1730.2922 	DATA 	Keypress: r
1734.5170 	EXP 	window1: recordFrameIntervals = False
1734.5174 	ERROR 	trialnum=265 ERROR,1 frames were longer than 20.8 ms apparently screen refreshes skipped, interframe durs were:[ 67.3] and was these frames: [7]
1734.5177 	INFO 	flankers also=[ 16.8  67.3  16.3]
1734.5686 	DATA 	Keypress: b
1734.8069 	DATA 	Keypress: b
1735.1030 	DATA 	Keypress: b
1738.7113 	EXP 	window1: recordFrameIntervals = False
1738.8309 	DATA 	Keypress: s
1742.7538 	EXP 	window1: recordFrameIntervals = False
1742.9724 	DATA 	Keypress: d
1746.4321 	DATA 	Keypress: b
1746.8325 	DATA 	Keypress: b
1746.8629 	EXP 	window1: recordFrameIntervals = False
1747.2486 	DATA 	Keypress: b
1751.2427 	DATA 	Keypress: b
1751.3229 	EXP 	window1: recordFrameIntervals = False
1753.1786 	DATA 	Keypress: z
1756.0032 	DATA 	Keypress: b
1757.1360 	EXP 	window1: recordFrameIntervals = False
1757.4548 	DATA 	Keypress: p
1757.6061 	DATA 	Keypress: p
1761.2785 	EXP 	window1: recordFrameIntervals = False
1763.7524 	DATA 	Keypress: a
1767.8297 	DATA 	Keypress: d
1767.9101 	EXP 	window1: recordFrameIntervals = False
1768.2455 	DATA 	Keypress: d
1772.1881 	DATA 	Keypress: f
1772.2682 	EXP 	window1: recordFrameIntervals = False
1772.7039 	DATA 	Keypress: f
1776.8118 	EXP 	window1: recordFrameIntervals = False
1777.5482 	DATA 	Keypress: n
1781.6241 	EXP 	window1: recordFrameIntervals = False
1782.3445 	DATA 	Keypress: n
1786.2846 	EXP 	window1: recordFrameIntervals = False
1787.7225 	DATA 	Keypress: a
1791.1986 	DATA 	Keypress: n
1791.6159 	DATA 	Keypress: n
1791.8471 	EXP 	window1: recordFrameIntervals = False
1794.3206 	DATA 	Keypress: n
1798.5622 	EXP 	window1: recordFrameIntervals = False
1798.7484 	DATA 	Keypress: w
1799.0361 	DATA 	Keypress: w
1802.9886 	EXP 	window1: recordFrameIntervals = False
1802.9891 	ERROR 	trialnum=279 ERROR,2 frames were longer than 20.8 ms apparently screen refreshes skipped, interframe durs were:[ 67.4  67.7] and was these frames: [130 143]
1802.9896 	INFO 	flankers also=[ 16.8  67.4  16.2  16.7  67.7  15.9]
1803.4412 	DATA 	Keypress: v
1803.9584 	INFO 	Finishing at 15:15 on 14 Feb 2019
1804.3486 	EXP 	window1: mouseVisible = True
