34.8509 	INFO 	Successfully set darwin thread to realtime
35.8602 	INFO 	#[ PsychoPy3 RuntimeInfoStart ]
  #[[ PsychoPy ]] #---------
    psychopyVersion: 3.0.3
    psychopyHaveExtRush: True
  #[[ Experiment ]] #---------
    experimentRunTime: 2019_02_14 15:17 (Year_Month_Day Hour:Min)
    experimentRunTime.epoch: 1550175452
    experimentScript: RSVP_visual_now.py
    experimentScript.digestSHA1: 0475386631678dc0bade51e5abdae04f6526da6c
    experimentScript.directory: /Users/vsg/Documents/GitHub/spatio_temporal_information_processing/RSVP_visual_now
  #[[ System ]] #---------
    systemHaveInternetAccess: True
    systemHostName: VSG-lab1.local
    systemLocale: C
    systemMemFreeRAM: 1538.859375
    systemMemTotalRAM: 4096.0
    systemPlatform: darwin 10.10.5 x86_64
    systemRavailable: R version 3.2.3 (2015-12-10) -- Wooden Christmas-Tree
    systemRebooted: Feb 4 16:27
    systemSec.OpenSSLVersion: OpenSSL 0.9.8zg 14 July 2015
    systemSec.pythonSSL: True
    systemTimeNumpySD1000000_sec: 0.0125
    systemUser: vsg
    systemUserID: 502
    systemUserProcCount: 90
    systemUserProcFlagged: mdworker Safari
    systemUsersCount: 1
  #[[ Window ]] #---------
    windowWinType: pyglet
    windowUnits: deg
    windowSize_pix: [1920 1200]
    windowScreen: 0
    windowRgb: [-0.7 -0.7 -0.7]
    windowRefreshTimeSD_ms: 7.507
    windowRefreshTimeMedian_ms: 16.702
    windowRefreshTimeAvg_ms: 16.707
    windowPos_pix: [0, 0]
    windowMonitor.name: testmonitor
    windowMonitor.getWidth_cm: 52.0
    windowMonitor.getDistance_cm: 65.0
    windowMonitor.currentCalibName: 2019_02_04 12:46
    windowIsFullScr: True
  #[[ Python ]] #---------
    pythonVersion: 2.7.13
  #[[ OpenGL ]] #---------
#[ PsychoPy3 RuntimeInfoEnd ]

35.8987 	WARNING 	Could not load the desired click sound file, instead using manually created inferior click
36.3262 	EXP 	Created sequence: random, trialTypes=280, nReps=14, seed=None
36.6031 	INFO 	total SOA (ISI + letterDur)=100.0 or 6 frames, comprising
ISIframes =3 or 50.0 ms and letterDurFrames =3 or 50.0ms
cueDurFrames =1.0 or 16.6666666667 ms

36.6031 	INFO 	numtrials=280 and each trialDurFrames=156 or 2600.0 ms  task=T1
37.2163 	EXP 	Created text = TextStim(alignHoriz='center', alignVert='center', antialias=True, autoLog=True, bold=False, color=array([ 1.,  1.,  1.]), colorSpace='rgb', contrast=1.0, depth=-1.0, flipHoriz=False, flipVert=False, font='Arial', fontFiles=[], height=0.5, italic=False, languageStyle='LTR', name='text', opacity=1.0, ori=0, pos=array([ 0.,  0.]), rgb=array([ 1.,  1.,  1.]), text='', units='deg', win=Window(...), wrapWidth=30)
37.9578 	EXP 	text: text = "Welcome! Thank you for agreeing to participate in this study.\n\nYou will be presented with a Rapid Stream of letters. Your task is to identify one of the letters.\n\nThe letter you're supposed to identify is accompanied by a probe that can appear anywhere on the horizontal axis of the screen.\n\nThe probe is a circular disk that will be flashed for a very brief time.\n\nOnce you've identified the letter after the trial ends, type it out on the keyboard.\n\nOh! And one more thing! You will perform this task while fixating in the center, and detecting the probe with your peripheral vision.\n\nIf you're feeling uncomfortable, you can press ESC key any time to stop the experiment.\n\nPress any key when you are ready to begin the experiment.\n\n"
37.9578 	EXP 	text: autoDraw = True
948.1359 	DATA 	Keypress: d
948.1371 	EXP 	text: autoDraw = False
948.1374 	INFO 	Experiment will have 280 trials. Letters will be drawn with superposed noise of0.00%
948.1374 	INFO 	Starting main (non-staircase) part of experiment
951.7602 	EXP 	window1: recordFrameIntervals = False
954.9186 	DATA 	Keypress: w
959.1784 	EXP 	window1: recordFrameIntervals = False
959.1788 	ERROR 	trialnum=1 ERROR,1 frames were longer than 20.8 ms apparently screen refreshes skipped, interframe durs were:[ 21.1] and was these frames: [49]
959.1790 	INFO 	flankers also=[ 16.7  21.1  14.1]
960.1488 	DATA 	Keypress: p
964.0559 	EXP 	window1: recordFrameIntervals = False
965.5942 	DATA 	Keypress: g
969.4514 	EXP 	window1: recordFrameIntervals = False
970.1042 	DATA 	Keypress: w
974.1787 	EXP 	window1: recordFrameIntervals = False
974.6646 	DATA 	Keypress: w
978.8391 	EXP 	window1: recordFrameIntervals = False
980.2102 	DATA 	Keypress: t
984.3013 	EXP 	window1: recordFrameIntervals = False
985.8061 	DATA 	Keypress: t
989.9139 	EXP 	window1: recordFrameIntervals = False
991.2351 	DATA 	Keypress: j
995.2408 	EXP 	window1: recordFrameIntervals = False
996.3447 	DATA 	Keypress: w
1000.4525 	EXP 	window1: recordFrameIntervals = False
1001.2055 	DATA 	Keypress: u
1005.4153 	EXP 	window1: recordFrameIntervals = False
1005.4157 	ERROR 	trialnum=10 ERROR,2 frames were longer than 20.8 ms apparently screen refreshes skipped, interframe durs were:[ 67.4  58.3] and was these frames: [113 118]
1005.4161 	INFO 	flankers also=[ 16.7  67.4  16.3   2.7  58.3  16.5]
1006.2362 	DATA 	Keypress: x
1010.4766 	EXP 	window1: recordFrameIntervals = False
1011.3300 	DATA 	Keypress: k
1015.4377 	EXP 	window1: recordFrameIntervals = False
1015.4381 	ERROR 	trialnum=12 ERROR,2 frames were longer than 20.8 ms apparently screen refreshes skipped, interframe durs were:[ 67.4  67.4] and was these frames: [132 145]
1015.4385 	INFO 	flankers also=[ 16.7  67.4  16.3  16.8  67.4  16.3]
1015.9903 	DATA 	Keypress: r
1019.7808 	EXP 	window1: recordFrameIntervals = False
1020.6342 	DATA 	Keypress: z
1024.5748 	EXP 	window1: recordFrameIntervals = False
1025.2611 	DATA 	Keypress: u
1029.3021 	EXP 	window1: recordFrameIntervals = False
1030.0553 	DATA 	Keypress: z
1034.2298 	EXP 	window1: recordFrameIntervals = False
1035.0331 	DATA 	Keypress: j
1039.2410 	EXP 	window1: recordFrameIntervals = False
1039.9943 	DATA 	Keypress: w
1043.8496 	EXP 	window1: recordFrameIntervals = False
1044.3856 	DATA 	Keypress: m
1048.5936 	EXP 	window1: recordFrameIntervals = False
1049.1129 	DATA 	Keypress: s
1053.2891 	EXP 	window1: recordFrameIntervals = False
1055.0112 	DATA 	Keypress: k
1059.0353 	EXP 	window1: recordFrameIntervals = False
1059.5714 	DATA 	Keypress: t
1063.7960 	EXP 	window1: recordFrameIntervals = False
1064.6827 	DATA 	Keypress: n
1068.8573 	EXP 	window1: recordFrameIntervals = False
1069.4100 	DATA 	Keypress: w
1073.4844 	EXP 	window1: recordFrameIntervals = False
1074.0704 	DATA 	Keypress: d
1078.3286 	EXP 	window1: recordFrameIntervals = False
1078.9481 	DATA 	Keypress: s
1082.9054 	EXP 	window1: recordFrameIntervals = False
1083.7923 	DATA 	Keypress: n
1087.7162 	EXP 	window1: recordFrameIntervals = False
1088.2855 	DATA 	Keypress: w
1092.2246 	EXP 	window1: recordFrameIntervals = False
1093.6124 	DATA 	Keypress: p
1097.4865 	EXP 	window1: recordFrameIntervals = False
1097.4870 	ERROR 	trialnum=29 ERROR,2 frames were longer than 20.8 ms apparently screen refreshes skipped, interframe durs were:[ 67.3  67.3] and was these frames: [43 49]
1097.4875 	INFO 	flankers also=[ 16.9  67.3  16.3   8.9  67.3  16.4]
1098.0909 	DATA 	Keypress: t
1102.0984 	EXP 	window1: recordFrameIntervals = False
1103.3361 	DATA 	Keypress: b
1107.6107 	EXP 	window1: recordFrameIntervals = False
1107.6111 	ERROR 	trialnum=31 ERROR,1 frames were longer than 20.8 ms apparently screen refreshes skipped, interframe durs were:[ 67.3] and was these frames: [56]
1107.6114 	INFO 	flankers also=[ 16.8  67.3  16.3]
1108.2805 	DATA 	Keypress: c
1112.5218 	EXP 	window1: recordFrameIntervals = False
1113.0077 	DATA 	Keypress: j
1117.1821 	EXP 	window1: recordFrameIntervals = False
1118.0522 	DATA 	Keypress: p
1121.8594 	EXP 	window1: recordFrameIntervals = False
1121.8599 	ERROR 	trialnum=34 ERROR,2 frames were longer than 20.8 ms apparently screen refreshes skipped, interframe durs were:[ 67.5  67.3] and was these frames: [ 96 102]
1121.8603 	INFO 	flankers also=[ 16.6  67.5  16.1  10.5  67.3  16.4]
1122.2452 	DATA 	Keypress: s
1126.1190 	EXP 	window1: recordFrameIntervals = False
1126.4880 	DATA 	Keypress: c
1130.6273 	EXP 	window1: recordFrameIntervals = False
1130.6623 	DATA 	Keypress: s
1134.8534 	EXP 	window1: recordFrameIntervals = False
1135.2894 	DATA 	Keypress: h
1139.4153 	EXP 	window1: recordFrameIntervals = False
1140.2186 	DATA 	Keypress: y
1144.2093 	EXP 	window1: recordFrameIntervals = False
1146.5827 	DATA 	Keypress: f
1150.6237 	EXP 	window1: recordFrameIntervals = False
1151.2938 	DATA 	Keypress: y
1155.5180 	EXP 	window1: recordFrameIntervals = False
1155.7032 	DATA 	Keypress: a
1159.8611 	EXP 	window1: recordFrameIntervals = False
1160.1968 	DATA 	Keypress: c
1164.1039 	EXP 	window1: recordFrameIntervals = False
1165.7758 	DATA 	Keypress: y
1168.7176 	DATA 	Keypress: k
1169.6665 	EXP 	window1: recordFrameIntervals = False
1170.4028 	DATA 	Keypress: k
1174.4253 	EXP 	window1: recordFrameIntervals = False
1174.7441 	DATA 	Keypress: n
1178.5680 	EXP 	window1: recordFrameIntervals = False
1178.9871 	DATA 	Keypress: g
1183.0466 	EXP 	window1: recordFrameIntervals = False
1183.7159 	DATA 	Keypress: e
1187.5232 	EXP 	window1: recordFrameIntervals = False
1187.5237 	ERROR 	trialnum=48 ERROR,1 frames were longer than 20.8 ms apparently screen refreshes skipped, interframe durs were:[ 67.5] and was these frames: [88]
1187.5240 	INFO 	flankers also=[ 16.3  67.5  16.2]
1188.3765 	DATA 	Keypress: h
1192.6678 	EXP 	window1: recordFrameIntervals = False
1193.6716 	DATA 	Keypress: y
1197.6457 	EXP 	window1: recordFrameIntervals = False
1198.1650 	DATA 	Keypress: u
1202.4398 	EXP 	window1: recordFrameIntervals = False
1202.9591 	DATA 	Keypress: c
1207.0835 	EXP 	window1: recordFrameIntervals = False
1207.0842 	ERROR 	trialnum=52 ERROR,2 frames were longer than 20.8 ms apparently screen refreshes skipped, interframe durs were:[ 67.4  40.2] and was these frames: [116 120]
1207.0846 	INFO 	flankers also=[ 16.7  67.4  16.5   7.6  40.2  17.5]
1208.3547 	DATA 	Keypress: q
1212.4121 	EXP 	window1: recordFrameIntervals = False
1212.4127 	ERROR 	trialnum=53 ERROR,2 frames were longer than 20.8 ms apparently screen refreshes skipped, interframe durs were:[ 21.2  67.5] and was these frames: [ 92 107]
1212.4131 	INFO 	flankers also=[ 16.7  21.2  12.3  16.7  67.5  16.3]
1213.2153 	DATA 	Keypress: u
1217.1209 	EXP 	window1: recordFrameIntervals = False
1218.5422 	DATA 	Keypress: w
1222.2855 	DATA 	Keypress: p
1222.6668 	EXP 	window1: recordFrameIntervals = False
1223.2401 	DATA 	Keypress: p
1227.3121 	EXP 	window1: recordFrameIntervals = False
1227.4138 	DATA 	Keypress: n
1231.3044 	EXP 	window1: recordFrameIntervals = False
1231.9740 	DATA 	Keypress: o
1235.5836 	DATA 	Keypress: h
1236.0651 	EXP 	window1: recordFrameIntervals = False
1236.5008 	DATA 	Keypress: h
1240.7589 	EXP 	window1: recordFrameIntervals = False
1241.3618 	DATA 	Keypress: a
1245.3859 	EXP 	window1: recordFrameIntervals = False
1246.5568 	DATA 	Keypress: q
1250.7312 	EXP 	window1: recordFrameIntervals = False
1251.6180 	DATA 	Keypress: w
1255.5571 	EXP 	window1: recordFrameIntervals = False
1255.5575 	ERROR 	trialnum=62 ERROR,1 frames were longer than 20.8 ms apparently screen refreshes skipped, interframe durs were:[ 41.2] and was these frames: [1]
1255.5577 	INFO 	flankers also=[ 16.7  41.2   1.8]
1257.4127 	DATA 	Keypress: j
1261.4369 	EXP 	window1: recordFrameIntervals = False
1261.8393 	DATA 	Keypress: k
1265.9016 	DATA 	Keypress: t
1265.9987 	EXP 	window1: recordFrameIntervals = False
1266.8688 	DATA 	Keypress: t
1271.1103 	EXP 	window1: recordFrameIntervals = False
1271.7131 	DATA 	Keypress: y
1275.8208 	EXP 	window1: recordFrameIntervals = False
1276.3567 	DATA 	Keypress: e
1280.3309 	EXP 	window1: recordFrameIntervals = False
1280.7834 	DATA 	Keypress: q
1285.0581 	EXP 	window1: recordFrameIntervals = False
1285.5272 	DATA 	Keypress: w
1289.4514 	EXP 	window1: recordFrameIntervals = False
1290.7891 	DATA 	Keypress: p
1295.8641 	DATA 	Keypress: space
1299.9899 	EXP 	window1: recordFrameIntervals = False
1300.6093 	DATA 	Keypress: r
1304.8675 	EXP 	window1: recordFrameIntervals = False
1305.2197 	DATA 	Keypress: p
1309.3458 	EXP 	window1: recordFrameIntervals = False
1309.6980 	DATA 	Keypress: a
1313.8894 	EXP 	window1: recordFrameIntervals = False
1315.1102 	DATA 	Keypress: z
1318.9841 	EXP 	window1: recordFrameIntervals = False
1319.6207 	DATA 	Keypress: g
1323.6445 	EXP 	window1: recordFrameIntervals = False
1323.6449 	ERROR 	trialnum=75 ERROR,2 frames were longer than 20.8 ms apparently screen refreshes skipped, interframe durs were:[ 67.5  67.4] and was these frames: [67 73]
1323.6453 	INFO 	flankers also=[ 16.8  67.5  16.2  10.1  67.4  16.1]
1324.0635 	DATA 	Keypress: d
1328.1212 	EXP 	window1: recordFrameIntervals = False
1328.8243 	DATA 	Keypress: c
1332.7482 	EXP 	window1: recordFrameIntervals = False
1334.9712 	DATA 	Keypress: g
1338.7784 	EXP 	window1: recordFrameIntervals = False
1341.6706 	DATA 	Keypress: c
1345.7089 	EXP 	window1: recordFrameIntervals = False
1346.1280 	DATA 	Keypress: j
1350.1355 	EXP 	window1: recordFrameIntervals = False
1350.6224 	DATA 	Keypress: v
1354.7308 	EXP 	window1: recordFrameIntervals = False
1354.7313 	ERROR 	trialnum=81 ERROR,3 frames were longer than 20.8 ms apparently screen refreshes skipped, interframe durs were:[ 67.3  67.3  31.1] and was these frames: [26 40 42]
1354.7319 	INFO 	flankers also=[ 16.7  67.3  16.3  16.8  67.3   2.    2.   31.1   2.1]
1355.1666 	DATA 	Keypress: b
1359.4079 	EXP 	window1: recordFrameIntervals = False
1360.2615 	DATA 	Keypress: c
1364.5193 	EXP 	window1: recordFrameIntervals = False
1365.2224 	DATA 	Keypress: s
1369.4971 	EXP 	window1: recordFrameIntervals = False
1369.9172 	DATA 	Keypress: w
1373.8737 	EXP 	window1: recordFrameIntervals = False
1373.8742 	ERROR 	trialnum=85 ERROR,2 frames were longer than 20.8 ms apparently screen refreshes skipped, interframe durs were:[ 67.4  66.6] and was these frames: [84 90]
1373.8746 	INFO 	flankers also=[ 16.4  67.4  16.2  11.3  66.6  16.3]
1374.2927 	DATA 	Keypress: o
1378.3336 	EXP 	window1: recordFrameIntervals = False
1379.2214 	DATA 	Keypress: s
1383.0610 	EXP 	window1: recordFrameIntervals = False
1383.4465 	DATA 	Keypress: t
1387.7197 	EXP 	window1: recordFrameIntervals = False
1388.1887 	DATA 	Keypress: e
1392.0962 	EXP 	window1: recordFrameIntervals = False
1392.5654 	DATA 	Keypress: m
1396.3907 	EXP 	window1: recordFrameIntervals = False
1396.7430 	DATA 	Keypress: p
1400.7672 	EXP 	window1: recordFrameIntervals = False
1401.1697 	DATA 	Keypress: x
1405.4276 	EXP 	window1: recordFrameIntervals = False
1406.4816 	DATA 	Keypress: j
1410.5558 	EXP 	window1: recordFrameIntervals = False
1411.2253 	DATA 	Keypress: r
1415.2163 	EXP 	window1: recordFrameIntervals = False
1415.2167 	ERROR 	trialnum=94 ERROR,2 frames were longer than 20.8 ms apparently screen refreshes skipped, interframe durs were:[ 67.4  44.5] and was these frames: [34 38]
1415.2172 	INFO 	flankers also=[ 16.7  67.4  16.3   4.   44.5  16.3]
1415.7187 	DATA 	Keypress: a
1419.9936 	EXP 	window1: recordFrameIntervals = False
1420.3124 	DATA 	Keypress: f
1424.4871 	EXP 	window1: recordFrameIntervals = False
1425.2235 	DATA 	Keypress: f
1429.0623 	EXP 	window1: recordFrameIntervals = False
1429.4813 	DATA 	Keypress: k
1433.3552 	EXP 	window1: recordFrameIntervals = False
1434.1753 	DATA 	Keypress: x
1438.3180 	EXP 	window1: recordFrameIntervals = False
1438.6869 	DATA 	Keypress: r
1442.7112 	EXP 	window1: recordFrameIntervals = False
1443.5812 	DATA 	Keypress: s
1447.7891 	EXP 	window1: recordFrameIntervals = False
1448.7428 	DATA 	Keypress: q
1452.5332 	EXP 	window1: recordFrameIntervals = False
1453.2696 	DATA 	Keypress: s
1457.1435 	EXP 	window1: recordFrameIntervals = False
1457.5292 	DATA 	Keypress: o
1461.6869 	EXP 	window1: recordFrameIntervals = False
1464.9623 	DATA 	Keypress: l
1469.1370 	EXP 	window1: recordFrameIntervals = False
1469.8576 	DATA 	Keypress: n
1473.9874 	EXP 	window1: recordFrameIntervals = False
1473.9879 	ERROR 	trialnum=106 ERROR,1 frames were longer than 20.8 ms apparently screen refreshes skipped, interframe durs were:[ 67.3] and was these frames: [151]
1473.9882 	INFO 	flankers also=[ 16.7  67.3  16.4]
1474.6842 	DATA 	Keypress: e
1478.9406 	EXP 	window1: recordFrameIntervals = False
1479.7440 	DATA 	Keypress: z
1483.9686 	EXP 	window1: recordFrameIntervals = False
1484.4546 	DATA 	Keypress: y
1488.2798 	EXP 	window1: recordFrameIntervals = False
1488.9829 	DATA 	Keypress: b
1492.8902 	EXP 	window1: recordFrameIntervals = False
1493.5441 	DATA 	Keypress: f
1497.6342 	EXP 	window1: recordFrameIntervals = False
1498.0532 	DATA 	Keypress: l
1502.1610 	EXP 	window1: recordFrameIntervals = False
1503.4821 	DATA 	Keypress: b
1507.6235 	EXP 	window1: recordFrameIntervals = False
1508.1091 	DATA 	Keypress: z
1512.2168 	EXP 	window1: recordFrameIntervals = False
1513.0878 	DATA 	Keypress: a
1516.9942 	EXP 	window1: recordFrameIntervals = False
1517.9310 	DATA 	Keypress: t
1521.9703 	EXP 	window1: recordFrameIntervals = False
1522.6400 	DATA 	Keypress: r
1526.6141 	EXP 	window1: recordFrameIntervals = False
1526.6145 	ERROR 	trialnum=117 ERROR,1 frames were longer than 20.8 ms apparently screen refreshes skipped, interframe durs were:[ 67.2] and was these frames: [31]
1526.6147 	INFO 	flankers also=[ 16.7  67.2  16.5]
1527.0333 	DATA 	Keypress: p
1530.9421 	EXP 	window1: recordFrameIntervals = False
1531.3445 	DATA 	Keypress: n
1535.5858 	EXP 	window1: recordFrameIntervals = False
1535.5862 	ERROR 	trialnum=119 ERROR,1 frames were longer than 20.8 ms apparently screen refreshes skipped, interframe durs were:[ 67.4] and was these frames: [99]
1535.5865 	INFO 	flankers also=[ 16.8  67.4  16.3]
1536.6731 	DATA 	Keypress: q
1540.7641 	EXP 	window1: recordFrameIntervals = False
1542.9204 	DATA 	Keypress: j
1547.0114 	EXP 	window1: recordFrameIntervals = False
1547.4473 	DATA 	Keypress: y
1551.5883 	EXP 	window1: recordFrameIntervals = False
1551.9573 	DATA 	Keypress: z
1556.0483 	EXP 	window1: recordFrameIntervals = False
1556.0487 	ERROR 	trialnum=123 ERROR,2 frames were longer than 20.8 ms apparently screen refreshes skipped, interframe durs were:[ 67.4  59.1] and was these frames: [75 80]
1556.0492 	INFO 	flankers also=[ 16.8  67.4  16.2   2.7  59.1  16.1]
1557.8704 	DATA 	Keypress: n
1561.8614 	EXP 	window1: recordFrameIntervals = False
1561.8618 	ERROR 	trialnum=124 ERROR,1 frames were longer than 20.8 ms apparently screen refreshes skipped, interframe durs were:[ 67.4] and was these frames: [117]
1561.8621 	INFO 	flankers also=[ 16.7  67.4  16.3]
1562.3472 	DATA 	Keypress: w
1566.1877 	EXP 	window1: recordFrameIntervals = False
1566.1882 	ERROR 	trialnum=125 ERROR,2 frames were longer than 20.8 ms apparently screen refreshes skipped, interframe durs were:[ 67.4  31. ] and was these frames: [138 140]
1566.1885 	INFO 	flankers also=[ 16.8  67.4   2.    2.   31.    1.9]
1566.7738 	DATA 	Keypress: f
1570.6629 	EXP 	window1: recordFrameIntervals = False
1571.3490 	DATA 	Keypress: m
1575.3065 	EXP 	window1: recordFrameIntervals = False
1576.2769 	DATA 	Keypress: q
1580.2191 	EXP 	window1: recordFrameIntervals = False
1580.6047 	DATA 	Keypress: w
1584.6958 	EXP 	window1: recordFrameIntervals = False
1585.1156 	DATA 	Keypress: e
1589.3730 	EXP 	window1: recordFrameIntervals = False
1589.8765 	DATA 	Keypress: c
1593.8663 	EXP 	window1: recordFrameIntervals = False
1594.2687 	DATA 	Keypress: m
1598.4934 	EXP 	window1: recordFrameIntervals = False
1598.4937 	ERROR 	trialnum=132 ERROR,1 frames were longer than 20.8 ms apparently screen refreshes skipped, interframe durs were:[ 67.3] and was these frames: [40]
1598.4940 	INFO 	flankers also=[ 16.7  67.3  16.3]
1598.9124 	DATA 	Keypress: n
1602.8865 	EXP 	window1: recordFrameIntervals = False
1603.6564 	DATA 	Keypress: c
1607.4634 	EXP 	window1: recordFrameIntervals = False
1607.8491 	DATA 	Keypress: p
1612.0721 	EXP 	window1: recordFrameIntervals = False
1613.2930 	DATA 	Keypress: j
1617.5010 	EXP 	window1: recordFrameIntervals = False
1617.5015 	ERROR 	trialnum=136 ERROR,3 frames were longer than 20.8 ms apparently screen refreshes skipped, interframe durs were:[ 67.2  43.7  30.5] and was these frames: [106 110 112]
1617.5020 	INFO 	flankers also=[ 16.8  67.2  16.4   4.5  43.7   2.5   2.5  30.5   5.1]
1617.8715 	DATA 	Keypress: h
1622.1296 	EXP 	window1: recordFrameIntervals = False
1623.0168 	DATA 	Keypress: t
1627.0573 	EXP 	window1: recordFrameIntervals = False
1627.6266 	DATA 	Keypress: g
1631.8013 	EXP 	window1: recordFrameIntervals = False
1632.1536 	DATA 	Keypress: o
1634.7702 	DATA 	Keypress: space
1638.7652 	EXP 	window1: recordFrameIntervals = False
1638.7656 	ERROR 	trialnum=140 ERROR,2 frames were longer than 20.8 ms apparently screen refreshes skipped, interframe durs were:[ 67.1  67.6] and was these frames: [42 48]
1638.7660 	INFO 	flankers also=[ 17.   67.1  16.4   9.   67.6  16.2]
1639.1008 	DATA 	Keypress: p
1643.0916 	EXP 	window1: recordFrameIntervals = False
1643.4939 	DATA 	Keypress: w
1647.6874 	EXP 	window1: recordFrameIntervals = False
1648.0558 	DATA 	Keypress: e
1651.9130 	EXP 	window1: recordFrameIntervals = False
1651.9134 	ERROR 	trialnum=143 ERROR,2 frames were longer than 20.8 ms apparently screen refreshes skipped, interframe durs were:[ 67.5  58.9] and was these frames: [92 97]
1651.9138 	INFO 	flankers also=[ 16.5  67.5  16.2   2.8  58.9  17.5]
1652.4824 	DATA 	Keypress: j
1656.3062 	EXP 	window1: recordFrameIntervals = False
1656.7253 	DATA 	Keypress: x
1660.6326 	EXP 	window1: recordFrameIntervals = False
1661.1352 	DATA 	Keypress: b
1665.3097 	EXP 	window1: recordFrameIntervals = False
1665.7955 	DATA 	Keypress: b
1669.5221 	DATA 	Keypress: m
1669.7363 	EXP 	window1: recordFrameIntervals = False
1669.7367 	ERROR 	trialnum=147 ERROR,1 frames were longer than 20.8 ms apparently screen refreshes skipped, interframe durs were:[ 67.3] and was these frames: [23]
1669.7370 	INFO 	flankers also=[ 16.8  67.3  16.3]
1670.1720 	DATA 	Keypress: m
1674.4468 	EXP 	window1: recordFrameIntervals = False
1674.8168 	DATA 	Keypress: m
1678.7882 	EXP 	window1: recordFrameIntervals = False
1679.3075 	DATA 	Keypress: w
1683.5656 	EXP 	window1: recordFrameIntervals = False
1683.9680 	DATA 	Keypress: j
1688.2109 	EXP 	window1: recordFrameIntervals = False
1688.2114 	ERROR 	trialnum=151 ERROR,2 frames were longer than 20.8 ms apparently screen refreshes skipped, interframe durs were:[ 67.4  58.2] and was these frames: [112 117]
1688.2117 	INFO 	flankers also=[ 16.9  67.4  16.5   2.5  58.2  16.2]
1688.5966 	DATA 	Keypress: p
1692.6710 	EXP 	window1: recordFrameIntervals = False
1693.0901 	DATA 	Keypress: b
1696.9973 	EXP 	window1: recordFrameIntervals = False
1697.5333 	DATA 	Keypress: d
1701.6744 	EXP 	window1: recordFrameIntervals = False
1702.5121 	DATA 	Keypress: t
1706.5019 	EXP 	window1: recordFrameIntervals = False
1707.4221 	DATA 	Keypress: y
1711.4798 	EXP 	window1: recordFrameIntervals = False
1711.7995 	DATA 	Keypress: m
1716.0399 	EXP 	window1: recordFrameIntervals = False
1716.9099 	DATA 	Keypress: t
1720.9326 	EXP 	window1: recordFrameIntervals = False
1721.2683 	DATA 	Keypress: t
1725.0919 	EXP 	window1: recordFrameIntervals = False
1725.5777 	DATA 	Keypress: d
1729.7039 	EXP 	window1: recordFrameIntervals = False
1729.9904 	DATA 	Keypress: y
1733.8465 	EXP 	window1: recordFrameIntervals = False
1734.1988 	DATA 	Keypress: c
1738.2899 	EXP 	window1: recordFrameIntervals = False
1738.7265 	DATA 	Keypress: o
1742.7164 	EXP 	window1: recordFrameIntervals = False
1743.1522 	DATA 	Keypress: d
1747.3100 	EXP 	window1: recordFrameIntervals = False
1747.7123 	DATA 	Keypress: s
1751.9204 	EXP 	window1: recordFrameIntervals = False
1752.3561 	DATA 	Keypress: e
1756.1631 	EXP 	window1: recordFrameIntervals = False
1757.1333 	DATA 	Keypress: l
1761.1076 	EXP 	window1: recordFrameIntervals = False
1761.1080 	ERROR 	trialnum=167 ERROR,1 frames were longer than 20.8 ms apparently screen refreshes skipped, interframe durs were:[ 67.4] and was these frames: [139]
1761.1083 	INFO 	flankers also=[ 16.8  67.4  16.2]
1761.6602 	DATA 	Keypress: t
1765.7664 	EXP 	window1: recordFrameIntervals = False
1766.6199 	DATA 	Keypress: z
1770.6774 	EXP 	window1: recordFrameIntervals = False
1771.4640 	DATA 	Keypress: j
1775.3562 	EXP 	window1: recordFrameIntervals = False
1776.1593 	DATA 	Keypress: o
1780.1836 	EXP 	window1: recordFrameIntervals = False
1780.1841 	ERROR 	trialnum=171 ERROR,2 frames were longer than 20.8 ms apparently screen refreshes skipped, interframe durs were:[ 67.3  58.5] and was these frames: [55 60]
1780.1844 	INFO 	flankers also=[ 16.7  67.3  16.2   2.7  58.5  16.3]
1781.1540 	DATA 	Keypress: x
1785.2617 	EXP 	window1: recordFrameIntervals = False
1785.7140 	DATA 	Keypress: w
1789.8052 	EXP 	window1: recordFrameIntervals = False
1790.7253 	DATA 	Keypress: t
1794.7662 	EXP 	window1: recordFrameIntervals = False
1795.4525 	DATA 	Keypress: u
1799.2930 	EXP 	window1: recordFrameIntervals = False
1800.2300 	DATA 	Keypress: g
1804.3528 	EXP 	window1: recordFrameIntervals = False
1804.5558 	DATA 	Keypress: i
1808.5287 	EXP 	window1: recordFrameIntervals = False
1809.4992 	DATA 	Keypress: k
1813.6252 	EXP 	window1: recordFrameIntervals = False
1814.2613 	DATA 	Keypress: p
1818.3357 	EXP 	window1: recordFrameIntervals = False
1818.7214 	DATA 	Keypress: a
1822.8959 	EXP 	window1: recordFrameIntervals = False
1823.7327 	DATA 	Keypress: comma
1824.2002 	DATA 	Keypress: m
1828.4417 	EXP 	window1: recordFrameIntervals = False
1828.8775 	DATA 	Keypress: c
1832.9518 	EXP 	window1: recordFrameIntervals = False
1833.3206 	DATA 	Keypress: p
1837.2447 	EXP 	window1: recordFrameIntervals = False
1837.6637 	DATA 	Keypress: t
1841.9051 	EXP 	window1: recordFrameIntervals = False
1842.2908 	DATA 	Keypress: a
1846.5138 	EXP 	window1: recordFrameIntervals = False
1846.9830 	DATA 	Keypress: w
1851.1075 	EXP 	window1: recordFrameIntervals = False
1851.1080 	ERROR 	trialnum=186 ERROR,1 frames were longer than 20.8 ms apparently screen refreshes skipped, interframe durs were:[ 67.4] and was these frames: [139]
1851.1084 	INFO 	flankers also=[ 16.4  67.4  16.3]
1852.5305 	DATA 	Keypress: z
1856.3208 	EXP 	window1: recordFrameIntervals = False
1857.1574 	DATA 	Keypress: f
1861.2819 	EXP 	window1: recordFrameIntervals = False
1861.7177 	DATA 	Keypress: b
1865.7920 	EXP 	window1: recordFrameIntervals = False
1866.2278 	DATA 	Keypress: w
1870.2854 	EXP 	window1: recordFrameIntervals = False
1870.2858 	ERROR 	trialnum=190 ERROR,2 frames were longer than 20.8 ms apparently screen refreshes skipped, interframe durs were:[ 66.8  58.2] and was these frames: [104 109]
1870.2862 	INFO 	flankers also=[ 16.7  66.8  17.2   4.5  58.2  15.9]
1870.7880 	DATA 	Keypress: v
1874.8790 	EXP 	window1: recordFrameIntervals = False
1875.7825 	DATA 	Keypress: s
1879.6065 	EXP 	window1: recordFrameIntervals = False
1880.3259 	DATA 	Keypress: h
1884.4154 	EXP 	window1: recordFrameIntervals = False
1884.7510 	DATA 	Keypress: y
1888.9254 	EXP 	window1: recordFrameIntervals = False
1889.3111 	DATA 	Keypress: w
1892.6887 	DATA 	Keypress: s
1893.1729 	DATA 	Keypress: s
1893.1866 	EXP 	window1: recordFrameIntervals = False
1893.6059 	DATA 	Keypress: s
1897.6300 	EXP 	window1: recordFrameIntervals = False
1897.6305 	ERROR 	trialnum=196 ERROR,2 frames were longer than 20.8 ms apparently screen refreshes skipped, interframe durs were:[ 67.4  66.8] and was these frames: [48 60]
1897.6308 	INFO 	flankers also=[ 16.7  67.4  16.3  17.3  66.8  16.3]
1900.1538 	DATA 	Keypress: v
1904.3784 	EXP 	window1: recordFrameIntervals = False
1905.4490 	DATA 	Keypress: b
1909.4397 	EXP 	window1: recordFrameIntervals = False
1909.8087 	DATA 	Keypress: r
1913.7494 	EXP 	window1: recordFrameIntervals = False
1914.1017 	DATA 	Keypress: d
1917.9087 	EXP 	window1: recordFrameIntervals = False
1918.8960 	DATA 	Keypress: z
1922.8364 	EXP 	window1: recordFrameIntervals = False
1923.5895 	DATA 	Keypress: e
1927.5786 	EXP 	window1: recordFrameIntervals = False
1928.4488 	DATA 	Keypress: t
1932.6066 	EXP 	window1: recordFrameIntervals = False
1932.6070 	ERROR 	trialnum=203 ERROR,1 frames were longer than 20.8 ms apparently screen refreshes skipped, interframe durs were:[ 67.2] and was these frames: [49]
1932.6073 	INFO 	flankers also=[ 15.9  67.2  16.4]
1932.9923 	DATA 	Keypress: g
1937.0349 	EXP 	window1: recordFrameIntervals = False
1937.5541 	DATA 	Keypress: n
1941.7454 	EXP 	window1: recordFrameIntervals = False
1941.7458 	ERROR 	trialnum=205 ERROR,1 frames were longer than 20.8 ms apparently screen refreshes skipped, interframe durs were:[ 67.3] and was these frames: [46]
1941.7461 	INFO 	flankers also=[ 16.9  67.3  16.3]
1942.3150 	DATA 	Keypress: s
1946.1427 	EXP 	window1: recordFrameIntervals = False
1946.1436 	ERROR 	trialnum=206 ERROR,2 frames were longer than 20.8 ms apparently screen refreshes skipped, interframe durs were:[ 67.4  67.3] and was these frames: [138 151]
1946.1440 	INFO 	flankers also=[ 16.5  67.4  16.2  16.8  67.3  16.4]
1946.5411 	DATA 	Keypress: j
1950.5985 	EXP 	window1: recordFrameIntervals = False
1950.5990 	ERROR 	trialnum=207 ERROR,2 frames were longer than 20.8 ms apparently screen refreshes skipped, interframe durs were:[ 67.4  67.4] and was these frames: [121 136]
1950.5993 	INFO 	flankers also=[ 16.7  67.4  16.3  16.7  67.4  16.2]
1951.0179 	DATA 	Keypress: e
1954.8916 	EXP 	window1: recordFrameIntervals = False
1955.6447 	DATA 	Keypress: k
1959.7858 	EXP 	window1: recordFrameIntervals = False
1960.1882 	DATA 	Keypress: b
1961.7090 	DATA 	Keypress: space
1965.7809 	EXP 	window1: recordFrameIntervals = False
1966.5508 	DATA 	Keypress: u
1970.3412 	EXP 	window1: recordFrameIntervals = False
1970.7101 	DATA 	Keypress: n
1974.5856 	EXP 	window1: recordFrameIntervals = False
1975.8066 	DATA 	Keypress: b
1979.9310 	EXP 	window1: recordFrameIntervals = False
1980.7844 	DATA 	Keypress: t
1984.6582 	EXP 	window1: recordFrameIntervals = False
1985.2277 	DATA 	Keypress: v
1989.2351 	EXP 	window1: recordFrameIntervals = False
1991.0909 	DATA 	Keypress: x
1995.0481 	EXP 	window1: recordFrameIntervals = False
1995.4171 	DATA 	Keypress: h
1999.6751 	EXP 	window1: recordFrameIntervals = False
2000.0441 	DATA 	Keypress: v
2003.9681 	EXP 	window1: recordFrameIntervals = False
2004.5041 	DATA 	Keypress: j
2008.7104 	EXP 	window1: recordFrameIntervals = False
2009.0960 	DATA 	Keypress: u
2012.9867 	EXP 	window1: recordFrameIntervals = False
2014.0237 	DATA 	Keypress: w
2018.0831 	EXP 	window1: recordFrameIntervals = False
2018.0835 	ERROR 	trialnum=221 ERROR,2 frames were longer than 20.8 ms apparently screen refreshes skipped, interframe durs were:[ 67.4  44.3] and was these frames: [29 33]
2018.0839 	INFO 	flankers also=[ 16.7  67.4  16.3   4.4  44.3  16.2]
2018.4687 	DATA 	Keypress: o
2022.3593 	EXP 	window1: recordFrameIntervals = False
2022.3598 	ERROR 	trialnum=222 ERROR,2 frames were longer than 20.8 ms apparently screen refreshes skipped, interframe durs were:[ 67.3  31. ] and was these frames: [32 34]
2022.3602 	INFO 	flankers also=[ 16.8  67.3   1.9   1.9  31.    2. ]
2022.7449 	DATA 	Keypress: g
2026.9195 	EXP 	window1: recordFrameIntervals = False
2027.4222 	DATA 	Keypress: s
2031.5465 	EXP 	window1: recordFrameIntervals = False
2031.5469 	ERROR 	trialnum=224 ERROR,1 frames were longer than 20.8 ms apparently screen refreshes skipped, interframe durs were:[ 67.4] and was these frames: [112]
2031.5472 	INFO 	flankers also=[ 16.7  67.4  16.2]
2032.2830 	DATA 	Keypress: m
2036.3740 	EXP 	window1: recordFrameIntervals = False
2037.0436 	DATA 	Keypress: t
2041.1847 	EXP 	window1: recordFrameIntervals = False
2043.0570 	DATA 	Keypress: g
2046.9644 	EXP 	window1: recordFrameIntervals = False
2047.3668 	DATA 	Keypress: a
2051.1721 	EXP 	window1: recordFrameIntervals = False
2051.1726 	ERROR 	trialnum=228 ERROR,3 frames were longer than 20.8 ms apparently screen refreshes skipped, interframe durs were:[ 24.6  65.9  67.2] and was these frames: [  3 111 117]
2051.1731 	INFO 	flankers also=[ 16.9  24.6  17.1  18.3  65.9  16.4   9.7  67.2  16.6]
2051.3244 	DATA 	Keypress: y
2055.4150 	EXP 	window1: recordFrameIntervals = False
2055.8009 	DATA 	Keypress: b
2059.7931 	EXP 	window1: recordFrameIntervals = False
2059.7934 	ERROR 	trialnum=230 ERROR,1 frames were longer than 20.8 ms apparently screen refreshes skipped, interframe durs were:[ 21.1] and was these frames: [14]
2059.7937 	INFO 	flankers also=[ 16.7  21.1  14. ]
2060.1622 	DATA 	Keypress: j
2064.0527 	EXP 	window1: recordFrameIntervals = False
2064.2890 	DATA 	Keypress: d
2068.0951 	EXP 	window1: recordFrameIntervals = False
2068.7648 	DATA 	Keypress: s
2073.0395 	EXP 	window1: recordFrameIntervals = False
2073.5253 	DATA 	Keypress: a
2077.3825 	EXP 	window1: recordFrameIntervals = False
2077.6846 	DATA 	Keypress: w
2081.5085 	EXP 	window1: recordFrameIntervals = False
2081.5090 	ERROR 	trialnum=235 ERROR,2 frames were longer than 20.8 ms apparently screen refreshes skipped, interframe durs were:[ 67.4  66.9] and was these frames: [115 121]
2081.5095 	INFO 	flankers also=[ 16.6  67.4  16.2  11.   66.9  16.3]
2081.8608 	DATA 	Keypress: y
2085.8180 	EXP 	window1: recordFrameIntervals = False
2087.6403 	DATA 	Keypress: c
2091.6144 	EXP 	window1: recordFrameIntervals = False
2092.2340 	DATA 	Keypress: r
2096.2231 	EXP 	window1: recordFrameIntervals = False
2096.6256 	DATA 	Keypress: q
2100.8835 	EXP 	window1: recordFrameIntervals = False
2101.2696 	DATA 	Keypress: x
2105.1447 	EXP 	window1: recordFrameIntervals = False
2105.8311 	DATA 	Keypress: u
2109.6214 	EXP 	window1: recordFrameIntervals = False
2110.1741 	DATA 	Keypress: b
2113.9339 	DATA 	Keypress: o
2114.3319 	EXP 	window1: recordFrameIntervals = False
2114.4670 	DATA 	Keypress: o
2118.5413 	EXP 	window1: recordFrameIntervals = False
2118.5417 	ERROR 	trialnum=243 ERROR,1 frames were longer than 20.8 ms apparently screen refreshes skipped, interframe durs were:[ 67.3] and was these frames: [1]
2118.5419 	INFO 	flankers also=[ 12.7  67.3  16.4]
2118.8937 	DATA 	Keypress: k
2122.8176 	EXP 	window1: recordFrameIntervals = False
2123.1865 	DATA 	Keypress: t
2127.3778 	EXP 	window1: recordFrameIntervals = False
2127.8137 	DATA 	Keypress: q
2131.9380 	EXP 	window1: recordFrameIntervals = False
2131.9384 	ERROR 	trialnum=246 ERROR,1 frames were longer than 20.8 ms apparently screen refreshes skipped, interframe durs were:[ 67.4] and was these frames: [120]
2131.9387 	INFO 	flankers also=[ 16.6  67.4  17. ]
2133.8103 	DATA 	Keypress: l
2137.6341 	EXP 	window1: recordFrameIntervals = False
2137.9696 	DATA 	Keypress: t
2142.2094 	EXP 	window1: recordFrameIntervals = False
2142.2099 	ERROR 	trialnum=248 ERROR,1 frames were longer than 20.8 ms apparently screen refreshes skipped, interframe durs were:[ 67.2] and was these frames: [116]
2142.2102 	INFO 	flankers also=[ 16.4  67.2  16.5]
2142.5618 	DATA 	Keypress: c
2146.6694 	EXP 	window1: recordFrameIntervals = False
2147.3558 	DATA 	Keypress: b
2151.5152 	EXP 	window1: recordFrameIntervals = False
2151.9509 	DATA 	Keypress: p
2156.1422 	EXP 	window1: recordFrameIntervals = False
2156.3775 	DATA 	Keypress: a
2160.4017 	EXP 	window1: recordFrameIntervals = False
2161.0213 	DATA 	Keypress: j
2165.0289 	EXP 	window1: recordFrameIntervals = False
2165.9323 	DATA 	Keypress: q
2169.9731 	EXP 	window1: recordFrameIntervals = False
2170.3422 	DATA 	Keypress: b
2174.2828 	EXP 	window1: recordFrameIntervals = False
2174.7520 	DATA 	Keypress: c
2178.5925 	EXP 	window1: recordFrameIntervals = False
2178.9614 	DATA 	Keypress: g
2183.1176 	EXP 	window1: recordFrameIntervals = False
2183.1181 	ERROR 	trialnum=257 ERROR,2 frames were longer than 20.8 ms apparently screen refreshes skipped, interframe durs were:[ 67.3  67.2] and was these frames: [80 86]
2183.1186 	INFO 	flankers also=[ 16.7  67.3  16.4  10.4  67.2  16.4]
2184.1716 	DATA 	Keypress: o
2188.0454 	EXP 	window1: recordFrameIntervals = False
2188.4644 	DATA 	Keypress: r
2192.4402 	EXP 	window1: recordFrameIntervals = False
2192.4406 	ERROR 	trialnum=259 ERROR,1 frames were longer than 20.8 ms apparently screen refreshes skipped, interframe durs were:[ 67.4] and was these frames: [141]
2192.4410 	INFO 	flankers also=[ 16.7  67.4  16.3]
2192.8092 	DATA 	Keypress: c
2197.0839 	EXP 	window1: recordFrameIntervals = False
2197.4530 	DATA 	Keypress: c
2201.7109 	EXP 	window1: recordFrameIntervals = False
2202.0800 	DATA 	Keypress: e
2206.3213 	EXP 	window1: recordFrameIntervals = False
2206.7070 	DATA 	Keypress: c
2210.6644 	EXP 	window1: recordFrameIntervals = False
2211.4175 	DATA 	Keypress: x
2215.2579 	EXP 	window1: recordFrameIntervals = False
2215.6112 	DATA 	Keypress: y
2219.4841 	EXP 	window1: recordFrameIntervals = False
2220.0534 	DATA 	Keypress: e
2224.2448 	EXP 	window1: recordFrameIntervals = False
2225.1817 	DATA 	Keypress: e
2228.9870 	EXP 	window1: recordFrameIntervals = False
2229.4397 	DATA 	Keypress: j
2233.2966 	EXP 	window1: recordFrameIntervals = False
2233.2971 	ERROR 	trialnum=268 ERROR,1 frames were longer than 20.8 ms apparently screen refreshes skipped, interframe durs were:[ 67.2] and was these frames: [122]
2233.2974 	INFO 	flankers also=[ 16.8  67.2  16.5]
2234.2670 	DATA 	Keypress: g
2238.5101 	EXP 	window1: recordFrameIntervals = False
2239.3468 	DATA 	Keypress: m
2243.3375 	EXP 	window1: recordFrameIntervals = False
2243.7232 	DATA 	Keypress: u
2247.9646 	EXP 	window1: recordFrameIntervals = False
2248.5007 	DATA 	Keypress: b
2252.3911 	EXP 	window1: recordFrameIntervals = False
2252.7943 	DATA 	Keypress: n
2256.8681 	EXP 	window1: recordFrameIntervals = False
2257.3203 	DATA 	Keypress: f
2261.4614 	EXP 	window1: recordFrameIntervals = False
2262.2145 	DATA 	Keypress: a
2266.3390 	EXP 	window1: recordFrameIntervals = False
2268.2281 	DATA 	Keypress: j
2272.5012 	EXP 	window1: recordFrameIntervals = False
2273.2877 	DATA 	Keypress: a
2277.4122 	EXP 	window1: recordFrameIntervals = False
2277.4128 	ERROR 	trialnum=277 ERROR,2 frames were longer than 20.8 ms apparently screen refreshes skipped, interframe durs were:[ 67.2  67.1] and was these frames: [61 67]
2277.4132 	INFO 	flankers also=[ 16.5  67.2  16.4  10.1  67.1  16.6]
2278.5512 	DATA 	Keypress: j
2282.4417 	EXP 	window1: recordFrameIntervals = False
2282.8106 	DATA 	Keypress: h
2286.6846 	EXP 	window1: recordFrameIntervals = False
2287.1871 	DATA 	Keypress: a
2287.7045 	INFO 	Finishing at 15:55 on 14 Feb 2019
2288.1277 	EXP 	window1: mouseVisible = True
