25.2022 	INFO 	Successfully set darwin thread to realtime
26.2161 	INFO 	#[ PsychoPy3 RuntimeInfoStart ]
  #[[ PsychoPy ]] #---------
    psychopyVersion: 3.0.3
    psychopyHaveExtRush: True
  #[[ Experiment ]] #---------
    experimentRunTime: 2019_02_15 13:02 (Year_Month_Day Hour:Min)
    experimentRunTime.epoch: 1550253738
    experimentScript: RSVP_visual_now.py
    experimentScript.digestSHA1: 0475386631678dc0bade51e5abdae04f6526da6c
    experimentScript.directory: /Users/vsg/Documents/GitHub/spatio_temporal_information_processing/RSVP_visual_now
  #[[ System ]] #---------
    systemHaveInternetAccess: True
    systemHostName: VSG-lab1.local
    systemLocale: C
    systemMemFreeRAM: 1732.51953125
    systemMemTotalRAM: 4096.0
    systemPlatform: darwin 10.10.5 x86_64
    systemRavailable: R version 3.2.3 (2015-12-10) -- Wooden Christmas-Tree
    systemRebooted: Feb 4 16:27
    systemSec.OpenSSLVersion: OpenSSL 0.9.8zg 14 July 2015
    systemSec.pythonSSL: True
    systemTimeNumpySD1000000_sec: 0.0124
    systemUser: vsg
    systemUserID: 502
    systemUserProcCount: 88
    systemUserProcFlagged: mdworker Safari
    systemUsersCount: 1
  #[[ Window ]] #---------
    windowWinType: pyglet
    windowUnits: deg
    windowSize_pix: [1920 1200]
    windowScreen: 0
    windowRgb: [-0.7 -0.7 -0.7]
    windowRefreshTimeSD_ms: 0.037
    windowRefreshTimeMedian_ms: 16.711
    windowRefreshTimeAvg_ms: 16.707
    windowPos_pix: [0, 0]
    windowMonitor.name: testmonitor
    windowMonitor.getWidth_cm: 52.0
    windowMonitor.getDistance_cm: 65.0
    windowMonitor.currentCalibName: 2019_02_04 12:46
    windowIsFullScr: True
  #[[ Python ]] #---------
    pythonVersion: 2.7.13
  #[[ OpenGL ]] #---------
#[ PsychoPy3 RuntimeInfoEnd ]

26.2184 	WARNING 	Could not load the desired click sound file, instead using manually created inferior click
26.6195 	EXP 	Created sequence: random, trialTypes=280, nReps=14, seed=None
26.8590 	INFO 	total SOA (ISI + letterDur)=100.0 or 6 frames, comprising
ISIframes =3 or 50.0 ms and letterDurFrames =3 or 50.0ms
cueDurFrames =1.0 or 16.6666666667 ms

26.8591 	INFO 	numtrials=280 and each trialDurFrames=156 or 2600.0 ms  task=T1
27.4069 	EXP 	Created text = TextStim(alignHoriz='center', alignVert='center', antialias=True, autoLog=True, bold=False, color=array([ 1.,  1.,  1.]), colorSpace='rgb', contrast=1.0, depth=-1.0, flipHoriz=False, flipVert=False, font='Arial', fontFiles=[], height=0.5, italic=False, languageStyle='LTR', name='text', opacity=1.0, ori=0, pos=array([ 0.,  0.]), rgb=array([ 1.,  1.,  1.]), text='', units='deg', win=Window(...), wrapWidth=30)
28.1375 	EXP 	text: text = "Welcome! Thank you for agreeing to participate in this study.\n\nYou will be presented with a Rapid Stream of letters. Your task is to identify one of the letters.\n\nThe letter you're supposed to identify is accompanied by a probe that can appear anywhere on the horizontal axis of the screen.\n\nThe probe is a circular disk that will be flashed for a very brief time.\n\nOnce you've identified the letter after the trial ends, type it out on the keyboard.\n\nOh! And one more thing! You will perform this task while fixating in the center, and detecting the probe with your peripheral vision.\n\nIf you're feeling uncomfortable, you can press ESC key any time to stop the experiment.\n\nPress any key when you are ready to begin the experiment.\n\n"
28.1375 	EXP 	text: autoDraw = True
103.1882 	DATA 	Keypress: space
103.1891 	EXP 	text: autoDraw = False
103.1895 	INFO 	Experiment will have 280 trials. Letters will be drawn with superposed noise of0.00%
103.1895 	INFO 	Starting main (non-staircase) part of experiment
106.8607 	EXP 	window1: recordFrameIntervals = False
109.9695 	DATA 	Keypress: q
113.8780 	EXP 	window1: recordFrameIntervals = False
115.5165 	DATA 	Keypress: c
119.6242 	EXP 	window1: recordFrameIntervals = False
121.0789 	DATA 	Keypress: m
125.2033 	EXP 	window1: recordFrameIntervals = False
127.2260 	DATA 	Keypress: a
131.2502 	EXP 	window1: recordFrameIntervals = False
133.3398 	DATA 	Keypress: b
137.5310 	EXP 	window1: recordFrameIntervals = False
138.7696 	DATA 	Keypress: g
142.9765 	EXP 	window1: recordFrameIntervals = False
144.7821 	DATA 	Keypress: y
148.9232 	EXP 	window1: recordFrameIntervals = False
149.8767 	DATA 	Keypress: d
153.9828 	EXP 	window1: recordFrameIntervals = False
155.1203 	DATA 	Keypress: j
158.9773 	EXP 	window1: recordFrameIntervals = False
159.7640 	DATA 	Keypress: s
163.9735 	EXP 	window1: recordFrameIntervals = False
165.2110 	DATA 	Keypress: u
169.1351 	EXP 	window1: recordFrameIntervals = False
170.1221 	DATA 	Keypress: a
174.1965 	EXP 	window1: recordFrameIntervals = False
174.7325 	DATA 	Keypress: s
178.6397 	EXP 	window1: recordFrameIntervals = False
181.2315 	DATA 	Keypress: s
185.3213 	EXP 	window1: recordFrameIntervals = False
186.3751 	DATA 	Keypress: n
190.1655 	EXP 	window1: recordFrameIntervals = False
191.4867 	DATA 	Keypress: r
195.5776 	EXP 	window1: recordFrameIntervals = False
196.3308 	DATA 	Keypress: e
200.4368 	EXP 	window1: recordFrameIntervals = False
201.4740 	DATA 	Keypress: n
205.3146 	EXP 	window1: recordFrameIntervals = False
205.8002 	DATA 	Keypress: a
209.6091 	EXP 	window1: recordFrameIntervals = False
211.0971 	DATA 	Keypress: p
215.0212 	EXP 	window1: recordFrameIntervals = False
215.5581 	DATA 	Keypress: m
219.4144 	EXP 	window1: recordFrameIntervals = False
219.9169 	DATA 	Keypress: f
224.1920 	EXP 	window1: recordFrameIntervals = False
225.2956 	DATA 	Keypress: w
229.2531 	EXP 	window1: recordFrameIntervals = False
230.6910 	DATA 	Keypress: l
234.4981 	EXP 	window1: recordFrameIntervals = False
236.9885 	DATA 	Keypress: m
241.1129 	EXP 	window1: recordFrameIntervals = False
241.7658 	DATA 	Keypress: m
245.7734 	EXP 	window1: recordFrameIntervals = False
246.3928 	DATA 	Keypress: f
250.4824 	EXP 	window1: recordFrameIntervals = False
253.6912 	DATA 	Keypress: c
257.9507 	EXP 	window1: recordFrameIntervals = False
258.5200 	DATA 	Keypress: w
262.4775 	EXP 	window1: recordFrameIntervals = False
263.0636 	DATA 	Keypress: m
267.0043 	EXP 	window1: recordFrameIntervals = False
268.7932 	DATA 	Keypress: j
272.8842 	EXP 	window1: recordFrameIntervals = False
273.3199 	DATA 	Keypress: n
277.3274 	EXP 	window1: recordFrameIntervals = False
277.8133 	DATA 	Keypress: a
281.6872 	EXP 	window1: recordFrameIntervals = False
282.0894 	DATA 	Keypress: a
286.1138 	EXP 	window1: recordFrameIntervals = False
286.5996 	DATA 	Keypress: r
290.6572 	EXP 	window1: recordFrameIntervals = False
291.2099 	DATA 	Keypress: n
295.4998 	EXP 	window1: recordFrameIntervals = False
295.8855 	DATA 	Keypress: y
299.8261 	EXP 	window1: recordFrameIntervals = False
300.5793 	DATA 	Keypress: a
304.5384 	EXP 	window1: recordFrameIntervals = False
304.9741 	DATA 	Keypress: p
308.9983 	EXP 	window1: recordFrameIntervals = False
310.3028 	DATA 	Keypress: n
314.1098 	EXP 	window1: recordFrameIntervals = False
317.6359 	DATA 	Keypress: i
321.8939 	EXP 	window1: recordFrameIntervals = False
322.4133 	DATA 	Keypress: j
326.4875 	EXP 	window1: recordFrameIntervals = False
327.0735 	DATA 	Keypress: u
331.0978 	EXP 	window1: recordFrameIntervals = False
333.3543 	DATA 	Keypress: e
337.4955 	EXP 	window1: recordFrameIntervals = False
337.8310 	DATA 	Keypress: d
341.8369 	EXP 	window1: recordFrameIntervals = False
343.3751 	DATA 	Keypress: w
347.4828 	EXP 	window1: recordFrameIntervals = False
348.6719 	DATA 	Keypress: p
352.9301 	EXP 	window1: recordFrameIntervals = False
354.2678 	DATA 	Keypress: g
358.4424 	EXP 	window1: recordFrameIntervals = False
360.3149 	DATA 	Keypress: j
364.1719 	EXP 	window1: recordFrameIntervals = False
366.3283 	DATA 	Keypress: b
370.4192 	EXP 	window1: recordFrameIntervals = False
370.9218 	DATA 	Keypress: bracketleft
372.0242 	DATA 	Keypress: p
376.1153 	EXP 	window1: recordFrameIntervals = False
376.5511 	DATA 	Keypress: a
380.5920 	EXP 	window1: recordFrameIntervals = False
381.9632 	DATA 	Keypress: x
385.9524 	EXP 	window1: recordFrameIntervals = False
386.8892 	DATA 	Keypress: u
391.1473 	EXP 	window1: recordFrameIntervals = False
392.0842 	DATA 	Keypress: f
396.2604 	EXP 	window1: recordFrameIntervals = False
397.2809 	DATA 	Keypress: l
401.4220 	EXP 	window1: recordFrameIntervals = False
402.2086 	DATA 	Keypress: p
406.3695 	DATA 	Keypress: w
406.4833 	EXP 	window1: recordFrameIntervals = False
406.9691 	DATA 	Keypress: w
411.2440 	EXP 	window1: recordFrameIntervals = False
411.7799 	DATA 	Keypress: e
415.9378 	EXP 	window1: recordFrameIntervals = False
416.3067 	DATA 	Keypress: f
420.4814 	EXP 	window1: recordFrameIntervals = False
421.6188 	DATA 	Keypress: j
425.5745 	EXP 	window1: recordFrameIntervals = False
426.6285 	DATA 	Keypress: h
430.6524 	EXP 	window1: recordFrameIntervals = False
432.3761 	DATA 	Keypress: a
436.5506 	EXP 	window1: recordFrameIntervals = False
439.1414 	DATA 	Keypress: c
443.3326 	EXP 	window1: recordFrameIntervals = False
444.6705 	DATA 	Keypress: s
448.8616 	EXP 	window1: recordFrameIntervals = False
449.4644 	DATA 	Keypress: m
453.7224 	EXP 	window1: recordFrameIntervals = False
454.7762 	DATA 	Keypress: f
459.0177 	EXP 	window1: recordFrameIntervals = False
459.4368 	DATA 	Keypress: q
463.3440 	EXP 	window1: recordFrameIntervals = False
465.0158 	DATA 	Keypress: h
468.8881 	EXP 	window1: recordFrameIntervals = False
470.0587 	DATA 	Keypress: n
519.2656 	DATA 	Keypress: space
523.1597 	EXP 	window1: recordFrameIntervals = False
523.8125 	DATA 	Keypress: m
527.9036 	EXP 	window1: recordFrameIntervals = False
528.3895 	DATA 	Keypress: r
532.3652 	EXP 	window1: recordFrameIntervals = False
533.9202 	DATA 	Keypress: y
538.0447 	EXP 	window1: recordFrameIntervals = False
538.7146 	DATA 	Keypress: g
542.5380 	EXP 	window1: recordFrameIntervals = False
543.6254 	DATA 	Keypress: x
547.7998 	EXP 	window1: recordFrameIntervals = False
548.7702 	DATA 	Keypress: s
552.6106 	EXP 	window1: recordFrameIntervals = False
554.7335 	DATA 	Keypress: o
558.7744 	EXP 	window1: recordFrameIntervals = False
559.2101 	DATA 	Keypress: e
563.0840 	EXP 	window1: recordFrameIntervals = False
564.2548 	DATA 	Keypress: b
568.4126 	EXP 	window1: recordFrameIntervals = False
569.6670 	DATA 	Keypress: x
573.8565 	EXP 	window1: recordFrameIntervals = False
574.3592 	DATA 	Keypress: s
578.2998 	EXP 	window1: recordFrameIntervals = False
578.7023 	DATA 	Keypress: k
582.8950 	EXP 	window1: recordFrameIntervals = False
583.3308 	DATA 	Keypress: a
587.3383 	EXP 	window1: recordFrameIntervals = False
587.9412 	DATA 	Keypress: m
591.8819 	EXP 	window1: recordFrameIntervals = False
592.6517 	DATA 	Keypress: x
596.5590 	EXP 	window1: recordFrameIntervals = False
597.7130 	DATA 	Keypress: m
601.7707 	EXP 	window1: recordFrameIntervals = False
603.1262 	DATA 	Keypress: f
606.9657 	EXP 	window1: recordFrameIntervals = False
607.7021 	DATA 	Keypress: e
611.7431 	EXP 	window1: recordFrameIntervals = False
612.4304 	DATA 	Keypress: s
616.7024 	EXP 	window1: recordFrameIntervals = False
617.1716 	DATA 	Keypress: n
621.2627 	EXP 	window1: recordFrameIntervals = False
622.4500 	DATA 	Keypress: r
626.3256 	EXP 	window1: recordFrameIntervals = False
626.6946 	DATA 	Keypress: d
630.6353 	EXP 	window1: recordFrameIntervals = False
631.7393 	DATA 	Keypress: r
635.7467 	EXP 	window1: recordFrameIntervals = False
637.0512 	DATA 	Keypress: p
641.0921 	EXP 	window1: recordFrameIntervals = False
641.2940 	DATA 	Keypress: w
645.2515 	EXP 	window1: recordFrameIntervals = False
645.8543 	DATA 	Keypress: s
650.1122 	EXP 	window1: recordFrameIntervals = False
650.9489 	DATA 	Keypress: e
654.8897 	EXP 	window1: recordFrameIntervals = False
655.2921 	DATA 	Keypress: m
659.3480 	EXP 	window1: recordFrameIntervals = False
660.6858 	DATA 	Keypress: x
664.4928 	EXP 	window1: recordFrameIntervals = False
664.9622 	DATA 	Keypress: j
668.8041 	EXP 	window1: recordFrameIntervals = False
669.2398 	DATA 	Keypress: r
673.4312 	EXP 	window1: recordFrameIntervals = False
674.3847 	DATA 	Keypress: o
678.6262 	EXP 	window1: recordFrameIntervals = False
679.1955 	DATA 	Keypress: s
682.0869 	DATA 	Keypress: a
682.4878 	DATA 	Keypress: a
683.0193 	EXP 	window1: recordFrameIntervals = False
683.3883 	DATA 	Keypress: a
687.5962 	EXP 	window1: recordFrameIntervals = False
688.1991 	DATA 	Keypress: b
692.1397 	EXP 	window1: recordFrameIntervals = False
692.9096 	DATA 	Keypress: p
696.7652 	EXP 	window1: recordFrameIntervals = False
696.7656 	ERROR 	trialnum=106 ERROR,1 frames were longer than 20.8 ms apparently screen refreshes skipped, interframe durs were:[ 24.7] and was these frames: [6]
696.7658 	INFO 	flankers also=[ 16.7  24.7  17. ]
697.7865 	DATA 	Keypress: e
701.6594 	EXP 	window1: recordFrameIntervals = False
702.0618 	DATA 	Keypress: p
706.1210 	EXP 	window1: recordFrameIntervals = False
706.7406 	DATA 	Keypress: h
710.9987 	EXP 	window1: recordFrameIntervals = False
711.9356 	DATA 	Keypress: c
716.2103 	EXP 	window1: recordFrameIntervals = False
717.4145 	DATA 	Keypress: t
721.2048 	EXP 	window1: recordFrameIntervals = False
721.7909 	DATA 	Keypress: w
725.7817 	EXP 	window1: recordFrameIntervals = False
726.7856 	DATA 	Keypress: j
730.6260 	EXP 	window1: recordFrameIntervals = False
731.3289 	DATA 	Keypress: p
735.2363 	EXP 	window1: recordFrameIntervals = False
735.6732 	DATA 	Keypress: c
739.6278 	EXP 	window1: recordFrameIntervals = False
740.7485 	DATA 	Keypress: s
744.8895 	EXP 	window1: recordFrameIntervals = False
745.8783 	DATA 	Keypress: x
749.7855 	EXP 	window1: recordFrameIntervals = False
750.5052 	DATA 	Keypress: b
754.7132 	EXP 	window1: recordFrameIntervals = False
755.1490 	DATA 	Keypress: w
759.3236 	EXP 	window1: recordFrameIntervals = False
760.5120 	DATA 	Keypress: m
764.4851 	EXP 	window1: recordFrameIntervals = False
765.6057 	DATA 	Keypress: h
769.5465 	EXP 	window1: recordFrameIntervals = False
771.1182 	DATA 	Keypress: s
775.2091 	EXP 	window1: recordFrameIntervals = False
776.9478 	DATA 	Keypress: b
780.7549 	EXP 	window1: recordFrameIntervals = False
782.1262 	DATA 	Keypress: v
786.1152 	EXP 	window1: recordFrameIntervals = False
786.6011 	DATA 	Keypress: f
790.8090 	EXP 	window1: recordFrameIntervals = False
791.6290 	DATA 	Keypress: k
795.5713 	EXP 	window1: recordFrameIntervals = False
796.2243 	DATA 	Keypress: b
800.0647 	EXP 	window1: recordFrameIntervals = False
800.4673 	DATA 	Keypress: a
804.6082 	EXP 	window1: recordFrameIntervals = False
806.4638 	DATA 	Keypress: u
810.3378 	EXP 	window1: recordFrameIntervals = False
810.6900 	DATA 	Keypress: s
814.9481 	EXP 	window1: recordFrameIntervals = False
815.3337 	DATA 	Keypress: m
819.6085 	EXP 	window1: recordFrameIntervals = False
820.0111 	DATA 	Keypress: x
823.9516 	EXP 	window1: recordFrameIntervals = False
824.3539 	DATA 	Keypress: j
828.3281 	EXP 	window1: recordFrameIntervals = False
829.2315 	DATA 	Keypress: r
833.2541 	EXP 	window1: recordFrameIntervals = False
833.8735 	DATA 	Keypress: a
837.7141 	EXP 	window1: recordFrameIntervals = False
839.0185 	DATA 	Keypress: h
843.0444 	EXP 	window1: recordFrameIntervals = False
844.8667 	DATA 	Keypress: u
848.7073 	EXP 	window1: recordFrameIntervals = False
848.8588 	DATA 	Keypress: e
852.6826 	EXP 	window1: recordFrameIntervals = False
853.0181 	DATA 	Keypress: w
857.2428 	EXP 	window1: recordFrameIntervals = False
857.8458 	DATA 	Keypress: l
886.3865 	DATA 	Keypress: space
890.1816 	EXP 	window1: recordFrameIntervals = False
890.7510 	DATA 	Keypress: j
894.7585 	EXP 	window1: recordFrameIntervals = False
895.7122 	DATA 	Keypress: m
899.9385 	EXP 	window1: recordFrameIntervals = False
900.6917 	DATA 	Keypress: p
904.6824 	EXP 	window1: recordFrameIntervals = False
905.7028 	DATA 	Keypress: h
909.8940 	EXP 	window1: recordFrameIntervals = False
910.3142 	DATA 	Keypress: z
913.7393 	DATA 	Keypress: h
913.9562 	DATA 	Keypress: h
914.1567 	DATA 	Keypress: h
914.5378 	EXP 	window1: recordFrameIntervals = False
914.7229 	DATA 	Keypress: h
917.9987 	DATA 	Keypress: t
918.1824 	DATA 	Keypress: t
918.3827 	DATA 	Keypress: t
918.5495 	DATA 	Keypress: t
918.7340 	DATA 	Keypress: t
918.8308 	EXP 	window1: recordFrameIntervals = False
918.9157 	DATA 	Keypress: t
919.0731 	DATA 	Keypress: t
921.8072 	DATA 	Keypress: n
922.0074 	DATA 	Keypress: n
922.1577 	DATA 	Keypress: n
922.3416 	DATA 	Keypress: n
922.4918 	DATA 	Keypress: n
922.6756 	DATA 	Keypress: n
922.8259 	DATA 	Keypress: n
922.8397 	EXP 	window1: recordFrameIntervals = False
923.0249 	DATA 	Keypress: n
926.9855 	DATA 	Keypress: f
926.9991 	EXP 	window1: recordFrameIntervals = False
927.2009 	DATA 	Keypress: f
927.3851 	DATA 	Keypress: f
930.7254 	DATA 	Keypress: e
931.1734 	EXP 	window1: recordFrameIntervals = False
931.2092 	DATA 	Keypress: e
931.3847 	DATA 	Keypress: e
931.7450 	DATA 	Keypress: e
935.3494 	EXP 	window1: recordFrameIntervals = False
935.3679 	DATA 	Keypress: s
935.5526 	DATA 	Keypress: s
935.8871 	DATA 	Keypress: s
939.4269 	EXP 	window1: recordFrameIntervals = False
939.8626 	DATA 	Keypress: a
940.0484 	DATA 	Keypress: a
942.9547 	DATA 	Keypress: k
943.1381 	DATA 	Keypress: k
943.7898 	DATA 	Keypress: x
943.9567 	DATA 	Keypress: x
943.9704 	EXP 	window1: recordFrameIntervals = False
944.1891 	DATA 	Keypress: x
948.0628 	EXP 	window1: recordFrameIntervals = False
948.5821 	DATA 	Keypress: d
952.0916 	DATA 	Keypress: h
952.2919 	DATA 	Keypress: h
952.4563 	EXP 	window1: recordFrameIntervals = False
953.0254 	DATA 	Keypress: h
957.0997 	EXP 	window1: recordFrameIntervals = False
957.1524 	DATA 	Keypress: p
957.3198 	DATA 	Keypress: p
957.4794 	DATA 	Keypress: p
960.4936 	DATA 	Keypress: f
960.7276 	DATA 	Keypress: f
960.9280 	DATA 	Keypress: f
961.1088 	EXP 	window1: recordFrameIntervals = False
961.1604 	DATA 	Keypress: f
961.3115 	DATA 	Keypress: f
965.2347 	EXP 	window1: recordFrameIntervals = False
965.2364 	DATA 	Keypress: m
965.4532 	DATA 	Keypress: m
965.5834 	DATA 	Keypress: m
968.2092 	DATA 	Keypress: a
968.4263 	DATA 	Keypress: a
968.5935 	DATA 	Keypress: a
968.9775 	DATA 	Keypress: a
969.1446 	DATA 	Keypress: a
969.2754 	EXP 	window1: recordFrameIntervals = False
969.3604 	DATA 	Keypress: a
973.4848 	EXP 	window1: recordFrameIntervals = False
973.5699 	DATA 	Keypress: t
973.7992 	DATA 	Keypress: t
977.1647 	DATA 	Keypress: k
977.4318 	DATA 	Keypress: k
977.7628 	EXP 	window1: recordFrameIntervals = False
977.7710 	DATA 	Keypress: k
978.0789 	DATA 	Keypress: k
981.7884 	EXP 	window1: recordFrameIntervals = False
982.0071 	DATA 	Keypress: w
985.9143 	EXP 	window1: recordFrameIntervals = False
985.9994 	DATA 	Keypress: j
990.2239 	EXP 	window1: recordFrameIntervals = False
990.2594 	DATA 	Keypress: w
993.6848 	DATA 	Keypress: w
994.0993 	EXP 	window1: recordFrameIntervals = False
994.2010 	DATA 	Keypress: w
998.0779 	DATA 	Keypress: c
998.0916 	EXP 	window1: recordFrameIntervals = False
998.6944 	DATA 	Keypress: c
1002.8356 	EXP 	window1: recordFrameIntervals = False
1004.2745 	DATA 	Keypress: w
1008.1625 	EXP 	window1: recordFrameIntervals = False
1008.2150 	DATA 	Keypress: y
1012.3385 	EXP 	window1: recordFrameIntervals = False
1013.7606 	DATA 	Keypress: d
1017.7690 	EXP 	window1: recordFrameIntervals = False
1018.3726 	DATA 	Keypress: x
1022.5296 	EXP 	window1: recordFrameIntervals = False
1023.2170 	DATA 	Keypress: z
1027.2402 	EXP 	window1: recordFrameIntervals = False
1027.8938 	DATA 	Keypress: w
1032.1678 	EXP 	window1: recordFrameIntervals = False
1032.5209 	DATA 	Keypress: a
1036.4945 	EXP 	window1: recordFrameIntervals = False
1036.6468 	DATA 	Keypress: e
1040.9040 	EXP 	window1: recordFrameIntervals = False
1041.6580 	DATA 	Keypress: n
1045.7520 	DATA 	Keypress: a
1045.7651 	EXP 	window1: recordFrameIntervals = False
1046.1848 	DATA 	Keypress: a
1050.4405 	EXP 	window1: recordFrameIntervals = False
1051.9628 	DATA 	Keypress: m
1056.1549 	EXP 	window1: recordFrameIntervals = False
1056.6250 	DATA 	Keypress: b
1060.4646 	EXP 	window1: recordFrameIntervals = False
1061.0348 	DATA 	Keypress: n
1065.0415 	EXP 	window1: recordFrameIntervals = False
1065.5784 	DATA 	Keypress: z
1069.7019 	EXP 	window1: recordFrameIntervals = False
1069.8204 	DATA 	Keypress: e
1073.7140 	DATA 	Keypress: x
1073.8278 	EXP 	window1: recordFrameIntervals = False
1074.2135 	DATA 	Keypress: x
1078.2043 	EXP 	window1: recordFrameIntervals = False
1078.7237 	DATA 	Keypress: t
1082.8481 	EXP 	window1: recordFrameIntervals = False
1083.8183 	DATA 	Keypress: f
1083.9705 	DATA 	Keypress: f
1088.0747 	EXP 	window1: recordFrameIntervals = False
1088.3769 	DATA 	Keypress: w
1092.3510 	EXP 	window1: recordFrameIntervals = False
1092.4025 	DATA 	Keypress: w
1092.6022 	DATA 	Keypress: w
1096.6456 	EXP 	window1: recordFrameIntervals = False
1096.7472 	DATA 	Keypress: w
1096.9461 	DATA 	Keypress: w
1100.6045 	EXP 	window1: recordFrameIntervals = False
1101.2241 	DATA 	Keypress: f
1105.2148 	EXP 	window1: recordFrameIntervals = False
1105.8344 	DATA 	Keypress: u
1109.9755 	EXP 	window1: recordFrameIntervals = False
1110.4112 	DATA 	Keypress: e
1114.4021 	EXP 	window1: recordFrameIntervals = False
1115.0382 	DATA 	Keypress: d
1118.9121 	EXP 	window1: recordFrameIntervals = False
1119.2812 	DATA 	Keypress: u
1123.2552 	EXP 	window1: recordFrameIntervals = False
1124.1921 	DATA 	Keypress: n
1128.0158 	EXP 	window1: recordFrameIntervals = False
1128.4517 	DATA 	Keypress: n
1132.4073 	EXP 	window1: recordFrameIntervals = False
1133.3442 	DATA 	Keypress: m
1137.2850 	EXP 	window1: recordFrameIntervals = False
1137.5870 	DATA 	Keypress: t
1141.4293 	EXP 	window1: recordFrameIntervals = False
1142.4162 	DATA 	Keypress: g
1146.6910 	EXP 	window1: recordFrameIntervals = False
1147.5612 	DATA 	Keypress: b
1151.4851 	EXP 	window1: recordFrameIntervals = False
1152.5723 	DATA 	Keypress: u
1156.6466 	EXP 	window1: recordFrameIntervals = False
1158.1015 	DATA 	Keypress: k
1162.2425 	EXP 	window1: recordFrameIntervals = False
1162.3609 	DATA 	Keypress: a
1166.6023 	EXP 	window1: recordFrameIntervals = False
1166.6376 	DATA 	Keypress: s
1166.8954 	DATA 	Keypress: s
1170.6143 	DATA 	Keypress: z
1170.8785 	EXP 	window1: recordFrameIntervals = False
1171.3311 	DATA 	Keypress: z
1175.1364 	EXP 	window1: recordFrameIntervals = False
1175.1368 	ERROR 	trialnum=203 ERROR,1 frames were longer than 20.8 ms apparently screen refreshes skipped, interframe durs were:[ 42.] and was these frames: [1]
1175.1371 	INFO 	flankers also=[ 16.7  42.    1.9]
1176.0900 	DATA 	Keypress: g
1179.9322 	EXP 	window1: recordFrameIntervals = False
1180.3996 	DATA 	Keypress: a
1183.5599 	DATA 	Keypress: s
1183.7437 	DATA 	Keypress: s
1183.9442 	DATA 	Keypress: s
1184.1612 	DATA 	Keypress: s
1184.3785 	DATA 	Keypress: s
1184.3921 	EXP 	window1: recordFrameIntervals = False
1184.5940 	DATA 	Keypress: s
1188.7686 	EXP 	window1: recordFrameIntervals = False
1189.5385 	DATA 	Keypress: w
1193.4123 	EXP 	window1: recordFrameIntervals = False
1194.0819 	DATA 	Keypress: m
1198.2732 	EXP 	window1: recordFrameIntervals = False
1198.8760 	DATA 	Keypress: v
1202.9169 	EXP 	window1: recordFrameIntervals = False
1202.9519 	DATA 	Keypress: k
1233.9803 	DATA 	Keypress: space
1237.7462 	DATA 	Keypress: p
1237.9437 	EXP 	window1: recordFrameIntervals = False
1237.9622 	DATA 	Keypress: p
1238.1562 	DATA 	Keypress: p
1242.1531 	EXP 	window1: recordFrameIntervals = False
1242.7393 	DATA 	Keypress: g
1246.9489 	EXP 	window1: recordFrameIntervals = False
1247.3514 	DATA 	Keypress: a
1251.2752 	EXP 	window1: recordFrameIntervals = False
1251.8280 	DATA 	Keypress: c
1255.7853 	EXP 	window1: recordFrameIntervals = False
1255.9706 	DATA 	Keypress: r
1259.3797 	DATA 	Keypress: a
1259.7776 	EXP 	window1: recordFrameIntervals = False
1259.8125 	DATA 	Keypress: a
1263.6697 	EXP 	window1: recordFrameIntervals = False
1264.0052 	DATA 	Keypress: m
1268.0962 	EXP 	window1: recordFrameIntervals = False
1268.9328 	DATA 	Keypress: n
1272.7734 	EXP 	window1: recordFrameIntervals = False
1274.0277 	DATA 	Keypress: h
1278.2356 	EXP 	window1: recordFrameIntervals = False
1279.3729 	DATA 	Keypress: p
1283.4289 	EXP 	window1: recordFrameIntervals = False
1284.5328 	DATA 	Keypress: f
1288.7408 	EXP 	window1: recordFrameIntervals = False
1289.2433 	DATA 	Keypress: g
1292.9385 	DATA 	Keypress: s
1293.3223 	DATA 	Keypress: s
1293.3861 	EXP 	window1: recordFrameIntervals = False
1293.5881 	DATA 	Keypress: s
1297.7793 	EXP 	window1: recordFrameIntervals = False
1298.6160 	DATA 	Keypress: t
1302.8240 	EXP 	window1: recordFrameIntervals = False
1303.0092 	DATA 	Keypress: m
1307.1503 	EXP 	window1: recordFrameIntervals = False
1307.5528 	DATA 	Keypress: a
1311.5602 	EXP 	window1: recordFrameIntervals = False
1311.9135 	DATA 	Keypress: f
1316.1539 	EXP 	window1: recordFrameIntervals = False
1316.5228 	DATA 	Keypress: c
1320.6456 	EXP 	window1: recordFrameIntervals = False
1321.4171 	DATA 	Keypress: b
1325.2225 	EXP 	window1: recordFrameIntervals = False
1326.0759 	DATA 	Keypress: n
1330.3022 	EXP 	window1: recordFrameIntervals = False
1331.5064 	DATA 	Keypress: n
1335.4303 	EXP 	window1: recordFrameIntervals = False
1336.0665 	DATA 	Keypress: f
1340.0239 	EXP 	window1: recordFrameIntervals = False
1341.1112 	DATA 	Keypress: f
1345.3693 	EXP 	window1: recordFrameIntervals = False
1345.5044 	DATA 	Keypress: k
1345.6960 	DATA 	Keypress: k
1349.6122 	EXP 	window1: recordFrameIntervals = False
1350.8998 	DATA 	Keypress: m
1355.0242 	EXP 	window1: recordFrameIntervals = False
1355.5602 	DATA 	Keypress: n
1359.6513 	EXP 	window1: recordFrameIntervals = False
1359.9033 	DATA 	Keypress: s
1364.1597 	EXP 	window1: recordFrameIntervals = False
1365.3137 	DATA 	Keypress: h
1369.3713 	EXP 	window1: recordFrameIntervals = False
1369.4230 	DATA 	Keypress: p
1373.6660 	EXP 	window1: recordFrameIntervals = False
1374.1184 	DATA 	Keypress: m
1378.0259 	EXP 	window1: recordFrameIntervals = False
1379.0129 	DATA 	Keypress: x
1383.0704 	EXP 	window1: recordFrameIntervals = False
1383.3391 	DATA 	Keypress: m
1387.1326 	DATA 	Keypress: b
1387.2297 	EXP 	window1: recordFrameIntervals = False
1387.3481 	DATA 	Keypress: b
1387.5903 	DATA 	Keypress: b
1391.3390 	EXP 	window1: recordFrameIntervals = False
1392.0588 	DATA 	Keypress: semicolon
1392.4094 	DATA 	Keypress: l
1396.2331 	EXP 	window1: recordFrameIntervals = False
1396.8360 	DATA 	Keypress: n
1400.5793 	DATA 	Keypress: b
1400.9437 	EXP 	window1: recordFrameIntervals = False
1401.1457 	DATA 	Keypress: b
1405.2685 	EXP 	window1: recordFrameIntervals = False
1405.3702 	DATA 	Keypress: g
1409.5113 	EXP 	window1: recordFrameIntervals = False
1410.1141 	DATA 	Keypress: g
1414.1263 	DATA 	Keypress: g
1414.3738 	EXP 	window1: recordFrameIntervals = False
1414.6425 	DATA 	Keypress: g
1418.6868 	DATA 	Keypress: z
1418.7335 	EXP 	window1: recordFrameIntervals = False
1419.3198 	DATA 	Keypress: z
1423.4943 	EXP 	window1: recordFrameIntervals = False
1425.6170 	DATA 	Keypress: g
1429.6914 	EXP 	window1: recordFrameIntervals = False
1430.0270 	DATA 	Keypress: s
1433.9677 	EXP 	window1: recordFrameIntervals = False
1433.9694 	DATA 	Keypress: f
1434.4202 	DATA 	Keypress: f
1438.6282 	EXP 	window1: recordFrameIntervals = False
1439.5817 	DATA 	Keypress: l
1443.6727 	EXP 	window1: recordFrameIntervals = False
1444.3089 	DATA 	Keypress: p
1448.3984 	EXP 	window1: recordFrameIntervals = False
1448.7840 	DATA 	Keypress: m
1452.9085 	EXP 	window1: recordFrameIntervals = False
1452.9934 	DATA 	Keypress: p
1456.5545 	DATA 	Keypress: h
1456.8690 	EXP 	window1: recordFrameIntervals = False
1456.8693 	ERROR 	trialnum=257 ERROR,1 frames were longer than 20.8 ms apparently screen refreshes skipped, interframe durs were:[ 21.] and was these frames: [10]
1456.8696 	INFO 	flankers also=[ 16.7  21.   14. ]
1457.5051 	DATA 	Keypress: h
1461.4459 	EXP 	window1: recordFrameIntervals = False
1462.6168 	DATA 	Keypress: c
1466.7076 	EXP 	window1: recordFrameIntervals = False
1467.1601 	DATA 	Keypress: a
1471.2846 	EXP 	window1: recordFrameIntervals = False
1472.1880 	DATA 	Keypress: b
1476.2488 	DATA 	Keypress: s
1476.4461 	EXP 	window1: recordFrameIntervals = False
1476.6982 	DATA 	Keypress: s
1480.7223 	EXP 	window1: recordFrameIntervals = False
1481.1415 	DATA 	Keypress: k
1485.3494 	EXP 	window1: recordFrameIntervals = False
1485.4845 	DATA 	Keypress: e
1488.9105 	DATA 	Keypress: m
1489.0940 	DATA 	Keypress: m
1489.3111 	DATA 	Keypress: m
1489.3417 	EXP 	window1: recordFrameIntervals = False
1489.5102 	DATA 	Keypress: m
1493.2518 	DATA 	Keypress: t
1493.7332 	EXP 	window1: recordFrameIntervals = False
1493.7516 	DATA 	Keypress: t
1494.0340 	DATA 	Keypress: t
1497.8258 	EXP 	window1: recordFrameIntervals = False
1498.7626 	DATA 	Keypress: m
1502.6715 	EXP 	window1: recordFrameIntervals = False
1502.8070 	DATA 	Keypress: g
1506.6805 	EXP 	window1: recordFrameIntervals = False
1507.0327 	DATA 	Keypress: n
1510.1583 	DATA 	Keypress: b
1510.8262 	DATA 	Keypress: b
1510.9400 	EXP 	window1: recordFrameIntervals = False
1511.5263 	DATA 	Keypress: b
1515.8010 	EXP 	window1: recordFrameIntervals = False
1516.0029 	DATA 	Keypress: c
1519.5456 	DATA 	Keypress: g
1520.1941 	EXP 	window1: recordFrameIntervals = False
1520.7805 	DATA 	Keypress: g
1525.0550 	EXP 	window1: recordFrameIntervals = False
1525.4408 	DATA 	Keypress: s
1529.6653 	EXP 	window1: recordFrameIntervals = False
1530.2180 	DATA 	Keypress: b
1534.4076 	EXP 	window1: recordFrameIntervals = False
1534.6430 	DATA 	Keypress: j
1538.5002 	EXP 	window1: recordFrameIntervals = False
1539.0697 	DATA 	Keypress: x
1543.3292 	EXP 	window1: recordFrameIntervals = False
1543.9988 	DATA 	Keypress: t
1547.9062 	EXP 	window1: recordFrameIntervals = False
1548.2084 	DATA 	Keypress: v
1552.4831 	EXP 	window1: recordFrameIntervals = False
1553.1035 	DATA 	Keypress: r
1556.7291 	DATA 	Keypress: c
1557.0934 	EXP 	window1: recordFrameIntervals = False
1557.1618 	DATA 	Keypress: c
1557.6788 	INFO 	Finishing at 13:27 on 15 Feb 2019
1558.0741 	EXP 	window1: mouseVisible = True
