11.3349 	ERROR 	Screen apparently NOT the desired resolution of 1680x1050 pixels!!
13.1654 	WARNING 	User requested fullscreen with size [1680 1050], but screen is actually [1440, 900]. Using actual size
13.9479 	INFO 	Successfully set darwin thread to realtime
15.0085 	INFO 	#[ PsychoPy3 RuntimeInfoStart ]
  #[[ PsychoPy ]] #---------
    psychopyVersion: 3.0.2
    psychopyHaveExtRush: True
  #[[ Experiment ]] #---------
    experimentRunTime: 2019_03_23 08:19 (Year_Month_Day Hour:Min)
    experimentRunTime.epoch: 1553343547
    experimentScript: RSVP_visual_now_cue_flipped.py
    experimentScript.digestSHA1: 85a031259544b41dd753b2d0ce5117c5596418a5
    experimentScript.directory: /Users/supadhy6/Documents/GitHub/spatio_temporal_information_processing/RSVP_visual_now
  #[[ System ]] #---------
    systemHaveInternetAccess: True
    systemHostName: pbs-jf-aldi.local
    systemLocale: C
    systemMemFreeRAM: 8969.984375
    systemMemTotalRAM: 16384.0
    systemPlatform: darwin 10.14.3 x86_64
    systemRavailable: R version 3.4.1 (2017-06-30) -- Single Candle
    systemRebooted: Mar 14 21:18
    systemSec.OpenSSLVersion: OpenSSL 1.1.1a  20 Nov 2018
    systemSec.pythonSSL: True
    systemTimeNumpySD1000000_sec: 0.0026
    systemUser: supadhy6
    systemUserID: 1903061739
    systemUserProcCount: 311
    systemUserProcFlagged: KeyNote Safari Dropbox mdworker iTunes
    systemUsersCount: 1
  #[[ Window ]] #---------
    windowWinType: pyglet
    windowUnits: deg
    windowSize_pix: [2880 1800]
    windowScreen: 0
    windowRgb: [-0.7 -0.7 -0.7]
    windowRefreshTimeSD_ms: 0.612
    windowRefreshTimeMedian_ms: 16.613
    windowRefreshTimeAvg_ms: 16.674
    windowPos_pix: [0.0, 0.0]
    windowMonitor.name: testmonitor
    windowMonitor.getWidth_cm: 47.2
    windowMonitor.getDistance_cm: 65.0
    windowMonitor.currentCalibName: 2019_01_28 08:48
    windowIsFullScr: True
  #[[ Python ]] #---------
    pythonVersion: 3.6.0
  #[[ OpenGL ]] #---------
#[ PsychoPy3 RuntimeInfoEnd ]

15.0124 	WARNING 	Could not load the desired click sound file, instead using manually created inferior click
15.3493 	EXP 	window1: mouseVisible = True
