14.4262 	INFO 	Successfully set darwin thread to realtime
15.4867 	INFO 	#[ PsychoPy2 RuntimeInfoStart ]
  #[[ PsychoPy ]] #---------
    psychopyVersion: 1.90.2
    psychopyHaveExtRush: True
  #[[ Experiment ]] #---------
    experimentRunTime: 2018_12_06 11:13 (Year_Month_Day Hour:Min)
    experimentRunTime.epoch: 1544112826
    experimentScript: color_change_visual_now_ver2.py
    experimentScript.digestSHA1: 5426655630517755a66a36e941f068514131f38d
    experimentScript.directory: /Users/supadhy6/Documents/GitHub/spatio_temporal_information_processing/RSVP_visual_now
  #[[ System ]] #---------
    systemHaveInternetAccess: True
    systemHostName: pbs-jf-aldi.local
    systemLocale: C
    systemMemFreeRAM: 5980.578125
    systemMemTotalRAM: 16384.0
    systemPlatform: darwin 10.14.1 x86_64
    systemRavailable: R version 3.3.2 (2016-10-31) -- Sincere Pumpkin Patch
    systemRebooted: Dec 2 19:22
    systemSec.OpenSSLVersion: OpenSSL 1.0.2j  26 Sep 2016
    systemSec.pythonSSL: True
    systemTimeNumpySD1000000_sec: 0.0027
    systemUser: supadhy6
    systemUserID: 1903061739
    systemUserProcCount: 294
    systemUserProcFlagged: iTunes Dropbox KeyNote Safari mdworker
    systemUsersCount: 1
  #[[ Window ]] #---------
    windowWinType: pyglet
    windowUnits: deg
    windowSize_pix: [1440  900]
    windowScreen: 0
    windowRgb: [-0.7 -0.7 -0.7]
    windowRefreshTimeSD_ms: 0.460
    windowRefreshTimeMedian_ms: 16.666
    windowRefreshTimeAvg_ms: 16.679
    windowPos_pix: [0, 0]
    windowMonitor.name: testmonitor
    windowMonitor.getWidth_cm: 28.2
    windowMonitor.getDistance_cm: 65.0
    windowMonitor.currentCalibName: 2017_01_17 14:52
    windowIsFullScr: True
  #[[ Python ]] #---------
    pythonVersion: 2.7.13
  #[[ OpenGL ]] #---------
#[ PsychoPy2 RuntimeInfoEnd ]

15.5218 	WARNING 	Could not load the desired click sound file, instead using manually created inferior click
15.5221 	EXP 	Set  sound=D
15.6123 	EXP 	Set  sound=D
15.6125 	EXP 	Set  sound=A
15.6252 	EXP 	Created sequence: random, trialTypes=56, nReps=7, seed=None
15.7567 	INFO 	numtrials=392 and each trialDurFrames=75 or 1250.0 ms
15.7589 	EXP 	Created text = TextStim(alignHoriz='center', alignVert='center', antialias=True, autoLog=True, bold=False, color=array([1., 1., 1.]), colorSpace='rgb', contrast=1.0, depth=-1.0, flipHoriz=False, flipVert=False, font='Arial', fontFiles=[], height=0.5, italic=False, name='text', opacity=1.0, ori=0, pos=array([0., 0.]), rgb=array([1., 1., 1.]), text='', units='deg', win=Window(...), wrapWidth=30)
15.8279 	EXP 	text: text = "Welcome! Thank you for agreeing to participate in this study.\n\nYou will be presented with two discs, one in blue and the other in green colors.\n\nYour task is to say which colored disk flashed first.\n\nYou will do this while fixating in the center.\n\nOnce you've identified the order after the trial ends, type it out on the keyboard.\n\nIf you're feeling uncomfortable, you can press ESC key any time to stop the experiment.\n\nPress any key when you are ready to begin the experiment.\n\n"
15.8279 	EXP 	text: autoDraw = True
16.6106 	DATA 	Keypress: space
16.6120 	EXP 	text: autoDraw = False
16.6125 	INFO 	Starting the experiment
16.6130 	EXP 	New trial (rep=0, index=0): {'changeCue1': False, 'cueCoords': [-1, 0], 'cue1pos': 10, 'cue2lag': -1, 'cueEccentricity': 3}
19.0730 	EXP 	window1: recordFrameIntervals = False
21.7140 	DATA 	Keypress: g
21.7242 	EXP 	Sound  started
21.8943 	DATA 	Keypress: b
21.8951 	EXP 	Sound  started
22.4142 	EXP 	New trial (rep=0, index=1): {'changeCue1': False, 'cueCoords': [1, 0], 'cue1pos': 10, 'cue2lag': 1, 'cueEccentricity': 9}
24.7905 	EXP 	window1: recordFrameIntervals = False
26.7615 	DATA 	Keypress: g
26.7625 	EXP 	Sound  started
26.8800 	DATA 	Keypress: b
26.8910 	EXP 	Sound  started
27.4105 	EXP 	New trial (rep=0, index=2): {'changeCue1': True, 'cueCoords': [1, 0], 'cue1pos': 10, 'cue2lag': -2, 'cueEccentricity': 4.5}
29.7904 	EXP 	window1: recordFrameIntervals = False
31.0783 	DATA 	Keypress: b
31.0791 	EXP 	Sound  started
31.1920 	DATA 	Keypress: g
31.1924 	EXP 	Sound  started
31.7095 	EXP 	New trial (rep=0, index=3): {'changeCue1': False, 'cueCoords': [-1, 0], 'cue1pos': 10, 'cue2lag': 3, 'cueEccentricity': 9}
33.8733 	EXP 	window1: recordFrameIntervals = False
34.6443 	DATA 	Keypress: g
34.6453 	EXP 	Sound  started
34.7449 	DATA 	Keypress: b
34.7457 	EXP 	Sound  started
35.2594 	EXP 	New trial (rep=0, index=4): {'changeCue1': True, 'cueCoords': [-1, 0], 'cue1pos': 10, 'cue2lag': -3, 'cueEccentricity': 4.5}
37.6734 	EXP 	window1: recordFrameIntervals = False
38.8776 	DATA 	Keypress: g
38.8790 	EXP 	Sound  started
38.9600 	DATA 	Keypress: b
38.9608 	EXP 	Sound  started
39.4761 	EXP 	New trial (rep=0, index=5): {'changeCue1': False, 'cueCoords': [1, 0], 'cue1pos': 10, 'cue2lag': -3, 'cueEccentricity': 3}
41.4573 	EXP 	window1: recordFrameIntervals = False
42.5778 	DATA 	Keypress: b
42.5786 	EXP 	Sound  started
42.7110 	DATA 	Keypress: g
42.7118 	EXP 	Sound  started
43.2262 	EXP 	New trial (rep=0, index=6): {'changeCue1': True, 'cueCoords': [-1, 0], 'cue1pos': 10, 'cue2lag': -1, 'cueEccentricity': 1.5}
45.2395 	EXP 	window1: recordFrameIntervals = False
46.3441 	DATA 	Keypress: g
46.3450 	EXP 	Sound  started
46.4445 	DATA 	Keypress: b
46.4454 	EXP 	Sound  started
46.9602 	EXP 	New trial (rep=0, index=7): {'changeCue1': True, 'cueCoords': [1, 0], 'cue1pos': 10, 'cue2lag': 0, 'cueEccentricity': 1.5}
49.4233 	EXP 	window1: recordFrameIntervals = False
50.1101 	DATA 	Keypress: b
50.1105 	EXP 	Sound  started
50.2276 	DATA 	Keypress: g
50.2284 	EXP 	Sound  started
50.7443 	EXP 	New trial (rep=0, index=8): {'changeCue1': True, 'cueCoords': [-1, 0], 'cue1pos': 10, 'cue2lag': 3, 'cueEccentricity': 4.5}
52.7235 	EXP 	window1: recordFrameIntervals = False
53.6780 	DATA 	Keypress: b
53.6787 	EXP 	Sound  started
53.7767 	DATA 	Keypress: g
53.7776 	EXP 	Sound  started
54.2949 	EXP 	New trial (rep=0, index=9): {'changeCue1': True, 'cueCoords': [-1, 0], 'cue1pos': 10, 'cue2lag': 1, 'cueEccentricity': 4.5}
56.3242 	EXP 	window1: recordFrameIntervals = False
56.3252 	ERROR 	trialnum=9 ERROR,1 frames were longer than 20.8 ms apparently screen refreshes skipped, interframe durs were:[51.3] and was these frames: [65]
56.3258 	INFO 	flankers also=[17.8 51.3 13.8]
56.7754 	DATA 	Keypress: g
56.7759 	EXP 	Sound  started
56.8450 	DATA 	Keypress: b
56.8458 	EXP 	Sound  started
57.3598 	EXP 	New trial (rep=0, index=10): {'changeCue1': False, 'cueCoords': [-1, 0], 'cue1pos': 10, 'cue2lag': 3, 'cueEccentricity': 3}
59.5905 	EXP 	window1: recordFrameIntervals = False
60.0097 	DATA 	Keypress: g
60.0104 	EXP 	Sound  started
60.1132 	DATA 	Keypress: b
60.1253 	EXP 	Sound  started
60.6437 	EXP 	New trial (rep=0, index=11): {'changeCue1': False, 'cueCoords': [1, 0], 'cue1pos': 10, 'cue2lag': -2, 'cueEccentricity': 3}
62.7242 	EXP 	window1: recordFrameIntervals = False
64.0973 	DATA 	Keypress: b
64.1069 	EXP 	Sound  started
64.1770 	DATA 	Keypress: g
64.1778 	EXP 	Sound  started
64.6936 	EXP 	New trial (rep=0, index=12): {'changeCue1': True, 'cueCoords': [1, 0], 'cue1pos': 10, 'cue2lag': -3, 'cueEccentricity': 4.5}
66.7739 	EXP 	window1: recordFrameIntervals = False
68.1116 	DATA 	Keypress: b
68.1125 	EXP 	Sound  started
68.2430 	DATA 	Keypress: g
68.2438 	EXP 	Sound  started
68.7607 	EXP 	New trial (rep=0, index=13): {'changeCue1': True, 'cueCoords': [-1, 0], 'cue1pos': 10, 'cue2lag': 3, 'cueEccentricity': 1.5}
70.7405 	EXP 	window1: recordFrameIntervals = False
73.9641 	DATA 	Keypress: b
73.9745 	EXP 	Sound  started
74.0303 	DATA 	Keypress: g
74.0408 	EXP 	Sound  started
74.5594 	EXP 	New trial (rep=0, index=14): {'changeCue1': False, 'cueCoords': [-1, 0], 'cue1pos': 10, 'cue2lag': -2, 'cueEccentricity': 3}
76.8405 	EXP 	window1: recordFrameIntervals = False
79.1254 	DATA 	Keypress: g
79.1259 	EXP 	Sound  started
79.3943 	DATA 	Keypress: b
79.3952 	EXP 	Sound  started
79.9097 	EXP 	New trial (rep=0, index=15): {'changeCue1': False, 'cueCoords': [-1, 0], 'cue1pos': 10, 'cue2lag': -2, 'cueEccentricity': 9}
82.3243 	EXP 	window1: recordFrameIntervals = False
82.7643 	DATA 	Keypress: g
82.7749 	EXP 	Sound  started
83.0754 	DATA 	Keypress: n
83.0758 	EXP 	Sound  started
83.3590 	DATA 	Keypress: escape
83.3738 	INFO 	Finishing at 11:14 on 06 Dec 2018
83.3739 	ERROR 	user aborted experiment on keypress with trials done=15 of 393
83.6744 	EXP 	window1: mouseVisible = True
