12.3010 	INFO 	Successfully set darwin thread to realtime
13.3633 	INFO 	#[ PsychoPy2 RuntimeInfoStart ]
  #[[ PsychoPy ]] #---------
    psychopyVersion: 1.90.2
    psychopyHaveExtRush: True
  #[[ Experiment ]] #---------
    experimentRunTime: 2018_12_04 22:30 (Year_Month_Day Hour:Min)
    experimentRunTime.epoch: 1543980643
    experimentScript: color_change_visual_now.py
    experimentScript.digestSHA1: 816adcea6007ac9319cf076797e0a80935c917ba
    experimentScript.directory: /Users/supadhy6/Documents/GitHub/spatio_temporal_information_processing/RSVP_visual_now
  #[[ System ]] #---------
    systemHaveInternetAccess: True
    systemHostName: pbs-jf-aldi.local
    systemLocale: C
    systemMemFreeRAM: 6458.95703125
    systemMemTotalRAM: 16384.0
    systemPlatform: darwin 10.14.1 x86_64
    systemRavailable: R version 3.3.2 (2016-10-31) -- Sincere Pumpkin Patch
    systemRebooted: Dec 2 19:22
    systemSec.OpenSSLVersion: OpenSSL 1.0.2j  26 Sep 2016
    systemSec.pythonSSL: True
    systemTimeNumpySD1000000_sec: 0.0032
    systemUser: supadhy6
    systemUserID: 1903061739
    systemUserProcCount: 277
    systemUserProcFlagged: KeyNote ''Google Chrome'' iTunes Safari mdworker Dropbox
    systemUsersCount: 1
  #[[ Window ]] #---------
    windowWinType: pyglet
    windowUnits: deg
    windowSize_pix: [1440  900]
    windowScreen: 0
    windowRgb: [-0.7 -0.7 -0.7]
    windowRefreshTimeSD_ms: 0.600
    windowRefreshTimeMedian_ms: 16.733
    windowRefreshTimeAvg_ms: 16.659
    windowPos_pix: [0, 0]
    windowMonitor.name: testmonitor
    windowMonitor.getWidth_cm: 28.2
    windowMonitor.getDistance_cm: 65.0
    windowMonitor.currentCalibName: 2017_01_17 14:52
    windowIsFullScr: True
  #[[ Python ]] #---------
    pythonVersion: 2.7.13
  #[[ OpenGL ]] #---------
#[ PsychoPy2 RuntimeInfoEnd ]

13.4001 	WARNING 	Could not load the desired click sound file, instead using manually created inferior click
13.4004 	EXP 	Set  sound=D
13.5021 	EXP 	Set  sound=D
13.5023 	EXP 	Set  sound=A
13.5236 	EXP 	Created sequence: random, trialTypes=126, nReps=14, seed=None
13.6668 	INFO 	numtrials=1764 and each trialDurFrames=120 or 2000.0 ms
13.6693 	EXP 	Created text = TextStim(alignHoriz='center', alignVert='center', antialias=True, autoLog=True, bold=False, color=array([1., 1., 1.]), colorSpace='rgb', contrast=1.0, depth=-1.0, flipHoriz=False, flipVert=False, font='Arial', fontFiles=[], height=0.5, italic=False, name='text', opacity=1.0, ori=0, pos=array([0., 0.]), rgb=array([1., 1., 1.]), text='', units='deg', win=Window(...), wrapWidth=30)
13.7515 	EXP 	text: text = "Welcome! Thank you for agreeing to participate in this study.\n\nYou will be presented with a Rapid Stream of letters. Your task is to identify one of the letters.\n\nThe letter you're supposed to identify is accompanied by a probe that can appear anywhere on the horizontal axis of the screen.\n\nThe probe is a circular disk that will be flashed for a very brief time.\n\nOnce you've identified the letter after the trial ends, type it out on the keyboard.\n\nIf you're feeling uncomfortable, you can press ESC key any time to stop the experiment.\n\nPress any key when you are ready to begin the experiment.\n\n"
13.7515 	EXP 	text: autoDraw = True
14.6233 	DATA 	Keypress: space
14.6248 	EXP 	text: autoDraw = False
14.6249 	INFO 	Starting the experiment
14.6253 	EXP 	New trial (rep=0, index=0): {'cueCoords': [-1, 0], 'cue1pos': 10, 'cue2lag': -2, 'cueEccentricity': 2}
17.7432 	EXP 	window1: recordFrameIntervals = False
20.1299 	DATA 	Keypress: 2
20.1305 	EXP 	Sound  started
20.3976 	DATA 	Keypress: 1
20.3984 	EXP 	Sound  started
20.4159 	WARNING 	Response was not present in the stimulus stream
20.4160 	WARNING 	Response was not present in the stimulus stream
20.9183 	EXP 	New trial (rep=0, index=1): {'cueCoords': [1, 0], 'cue1pos': 10, 'cue2lag': 0, 'cueEccentricity': 10}
23.4481 	DATA 	Keypress: 2
23.7131 	DATA 	Keypress: 1
23.8433 	EXP 	window1: recordFrameIntervals = False
25.0641 	DATA 	Keypress: escape
25.0764 	INFO 	Finishing at 22:30 on 04 Dec 2018
25.0765 	ERROR 	user aborted experiment on keypress with trials done=1 of 1765
25.3760 	EXP 	window1: mouseVisible = True
