11.1544 	INFO 	Successfully set darwin thread to realtime
12.2279 	INFO 	#[ PsychoPy2 RuntimeInfoStart ]
  #[[ PsychoPy ]] #---------
    psychopyVersion: 1.90.2
    psychopyHaveExtRush: True
  #[[ Experiment ]] #---------
    experimentRunTime: 2018_12_04 19:50 (Year_Month_Day Hour:Min)
    experimentRunTime.epoch: 1543971032
    experimentScript: color_change_visual_now.py
    experimentScript.digestSHA1: cbd3e8ac60bed79d4823f1a0d03a38fdd9b37bcf
    experimentScript.directory: /Users/supadhy6/Documents/GitHub/spatio_temporal_information_processing/RSVP_visual_now
  #[[ System ]] #---------
    systemHaveInternetAccess: True
    systemHostName: pbs-jf-aldi.local
    systemLocale: C
    systemMemFreeRAM: 6199.94140625
    systemMemTotalRAM: 16384.0
    systemPlatform: darwin 10.14.1 x86_64
    systemRavailable: R version 3.3.2 (2016-10-31) -- Sincere Pumpkin Patch
    systemRebooted: Dec 2 19:22
    systemSec.OpenSSLVersion: OpenSSL 1.0.2j  26 Sep 2016
    systemSec.pythonSSL: True
    systemTimeNumpySD1000000_sec: 0.0041
    systemUser: supadhy6
    systemUserID: 1903061739
    systemUserProcCount: 294
    systemUserProcFlagged: KeyNote ''Google Chrome'' iTunes Safari mdworker Dropbox
    systemUsersCount: 1
  #[[ Window ]] #---------
    windowWinType: pyglet
    windowUnits: deg
    windowSize_pix: [1440  900]
    windowScreen: 0
    windowRgb: [-0.7 -0.7 -0.7]
    windowRefreshTimeSD_ms: 0.613
    windowRefreshTimeMedian_ms: 16.743
    windowRefreshTimeAvg_ms: 16.660
    windowPos_pix: [0, 0]
    windowMonitor.name: testmonitor
    windowMonitor.getWidth_cm: 28.2
    windowMonitor.getDistance_cm: 65.0
    windowMonitor.currentCalibName: 2017_01_17 14:52
    windowIsFullScr: True
  #[[ Python ]] #---------
    pythonVersion: 2.7.13
  #[[ OpenGL ]] #---------
#[ PsychoPy2 RuntimeInfoEnd ]

12.2677 	WARNING 	Could not load the desired click sound file, instead using manually created inferior click
12.2681 	EXP 	Set  sound=D
12.3667 	EXP 	Set  sound=D
12.3669 	EXP 	Set  sound=A
12.3806 	EXP 	Created sequence: random, trialTypes=126, nReps=14, seed=None
12.5139 	INFO 	numtrials=1764 and each trialDurFrames=120 or 2000.0 ms
12.5162 	EXP 	Created text = TextStim(alignHoriz='center', alignVert='center', antialias=True, autoLog=True, bold=False, color=array([1., 1., 1.]), colorSpace='rgb', contrast=1.0, depth=-1.0, flipHoriz=False, flipVert=False, font='Arial', fontFiles=[], height=0.5, italic=False, name='text', opacity=1.0, ori=0, pos=array([0., 0.]), rgb=array([1., 1., 1.]), text='', units='deg', win=Window(...), wrapWidth=30)
12.5979 	EXP 	text: text = "Welcome! Thank you for agreeing to participate in this study.\n\nYou will be presented with a Rapid Stream of letters. Your task is to identify one of the letters.\n\nThe letter you're supposed to identify is accompanied by a probe that can appear anywhere on the horizontal axis of the screen.\n\nThe probe is a circular disk that will be flashed for a very brief time.\n\nOnce you've identified the letter after the trial ends, type it out on the keyboard.\n\nIf you're feeling uncomfortable, you can press ESC key any time to stop the experiment.\n\nPress any key when you are ready to begin the experiment.\n\n"
12.5979 	EXP 	text: autoDraw = True
13.3401 	DATA 	Keypress: space
13.3419 	EXP 	text: autoDraw = False
13.3419 	INFO 	Starting the experiment
13.3426 	EXP 	New trial (rep=0, index=0): {'cueCoords': [1, 0], 'cue1pos': 10, 'cue2lag': -3, 'cueEccentricity': 6}
16.1240 	EXP 	window1: recordFrameIntervals = False
21.6603 	DATA 	Keypress: p
21.6612 	EXP 	Sound  started
21.7788 	DATA 	Keypress: f
21.7796 	EXP 	Sound  started
22.1246 	EXP 	window1: mouseVisible = True
