13.3492 	INFO 	Successfully set darwin thread to realtime
14.4198 	INFO 	#[ PsychoPy2 RuntimeInfoStart ]
  #[[ PsychoPy ]] #---------
    psychopyVersion: 1.90.2
    psychopyHaveExtRush: True
  #[[ Experiment ]] #---------
    experimentRunTime: 2018_12_06 14:43 (Year_Month_Day Hour:Min)
    experimentRunTime.epoch: 1544125437
    experimentScript: color_change_visual_now_ver2.py
    experimentScript.digestSHA1: 4f9ff7c0234690bac74ec48b895203eacc27d6b9
    experimentScript.directory: /Users/supadhy6/Documents/GitHub/spatio_temporal_information_processing/RSVP_visual_now
  #[[ System ]] #---------
    systemHaveInternetAccess: True
    systemHostName: pbs-jf-aldi.local
    systemLocale: C
    systemMemFreeRAM: 6050.828125
    systemMemTotalRAM: 16384.0
    systemPlatform: darwin 10.14.1 x86_64
    systemRavailable: R version 3.3.2 (2016-10-31) -- Sincere Pumpkin Patch
    systemRebooted: Dec 2 19:22
    systemSec.OpenSSLVersion: OpenSSL 1.0.2j  26 Sep 2016
    systemSec.pythonSSL: True
    systemTimeNumpySD1000000_sec: 0.0030
    systemUser: supadhy6
    systemUserID: 1903061739
    systemUserProcCount: 306
    systemUserProcFlagged: iTunes Dropbox KeyNote Safari mdworker
    systemUsersCount: 1
  #[[ Window ]] #---------
    windowWinType: pyglet
    windowUnits: deg
    windowSize_pix: [1440  900]
    windowScreen: 0
    windowRgb: [-0.7 -0.7 -0.7]
    windowRefreshTimeSD_ms: 0.521
    windowRefreshTimeMedian_ms: 16.725
    windowRefreshTimeAvg_ms: 16.650
    windowPos_pix: [0, 0]
    windowMonitor.name: testmonitor
    windowMonitor.getWidth_cm: 28.2
    windowMonitor.getDistance_cm: 65.0
    windowMonitor.currentCalibName: 2017_01_17 14:52
    windowIsFullScr: True
  #[[ Python ]] #---------
    pythonVersion: 2.7.13
  #[[ OpenGL ]] #---------
#[ PsychoPy2 RuntimeInfoEnd ]

14.4539 	WARNING 	Could not load the desired click sound file, instead using manually created inferior click
14.4544 	EXP 	Set  sound=D
14.5473 	EXP 	Set  sound=D
14.5474 	EXP 	Set  sound=A
14.5594 	EXP 	Created sequence: random, trialTypes=56, nReps=7, seed=None
14.6958 	INFO 	numtrials=392 and each trialDurFrames=75 or 1250.0 ms
14.6982 	EXP 	Created text = TextStim(alignHoriz='center', alignVert='center', antialias=True, autoLog=True, bold=False, color=array([1., 1., 1.]), colorSpace='rgb', contrast=1.0, depth=-1.0, flipHoriz=False, flipVert=False, font='Arial', fontFiles=[], height=0.5, italic=False, name='text', opacity=1.0, ori=0, pos=array([0., 0.]), rgb=array([1., 1., 1.]), text='', units='deg', win=Window(...), wrapWidth=30)
14.7736 	EXP 	text: text = "Welcome! Thank you for agreeing to participate in this study.\n\nYou will be presented with two discs, one in blue and the other in green colors.\n\nYour task is to say which colored disk flashed first.\n\nYou will do this while fixating in the center.\n\nOnce you've identified the order after the trial ends, type it out on the keyboard.\n\nIf you're feeling uncomfortable, you can press ESC key any time to stop the experiment.\n\nPress any key when you are ready to begin the experiment.\n\n"
14.7736 	EXP 	text: autoDraw = True
15.6347 	DATA 	Keypress: space
15.6358 	EXP 	text: autoDraw = False
15.6359 	INFO 	Starting the experiment
15.6365 	EXP 	New trial (rep=0, index=0): {'changeCue1': False, 'cueCoords': [1, 0], 'cue1pos': 10, 'cue2lag': -3, 'cueEccentricity': 9}
17.9845 	EXP 	window1: recordFrameIntervals = False
21.6061 	DATA 	Keypress: g
21.6071 	EXP 	Sound  started
21.7909 	DATA 	Keypress: b
21.8020 	EXP 	Sound  started
22.3276 	EXP 	New trial (rep=0, index=1): {'changeCue1': False, 'cueCoords': [-1, 0], 'cue1pos': 10, 'cue2lag': 2, 'cueEccentricity': 9}
24.5026 	EXP 	window1: recordFrameIntervals = False
25.4380 	DATA 	Keypress: g
25.4384 	EXP 	Sound  started
25.7060 	DATA 	Keypress: b
25.7068 	EXP 	Sound  started
26.2227 	EXP 	New trial (rep=0, index=2): {'changeCue1': True, 'cueCoords': [1, 0], 'cue1pos': 10, 'cue2lag': -3, 'cueEccentricity': 1.5}
28.6360 	EXP 	window1: recordFrameIntervals = False
30.0208 	DATA 	Keypress: g
30.0213 	EXP 	Sound  started
30.2227 	DATA 	Keypress: b
30.2235 	EXP 	Sound  started
30.7395 	EXP 	New trial (rep=0, index=3): {'changeCue1': False, 'cueCoords': [1, 0], 'cue1pos': 10, 'cue2lag': 3, 'cueEccentricity': 9}
33.0527 	EXP 	window1: recordFrameIntervals = False
34.2726 	DATA 	Keypress: g
34.2733 	EXP 	Sound  started
34.5068 	DATA 	Keypress: b
34.5076 	EXP 	Sound  started
35.0221 	EXP 	New trial (rep=0, index=4): {'changeCue1': True, 'cueCoords': [1, 0], 'cue1pos': 10, 'cue2lag': -2, 'cueEccentricity': 4.5}
37.4526 	EXP 	window1: recordFrameIntervals = False
40.0563 	DATA 	Keypress: g
40.0572 	EXP 	Sound  started
40.2069 	DATA 	Keypress: b
40.2077 	EXP 	Sound  started
40.7219 	EXP 	New trial (rep=0, index=5): {'changeCue1': True, 'cueCoords': [-1, 0], 'cue1pos': 10, 'cue2lag': -3, 'cueEccentricity': 1.5}
42.9860 	EXP 	window1: recordFrameIntervals = False
43.9870 	DATA 	Keypress: g
43.9877 	EXP 	Sound  started
44.2412 	DATA 	Keypress: b
44.2538 	EXP 	Sound  started
44.7726 	EXP 	New trial (rep=0, index=6): {'changeCue1': False, 'cueCoords': [1, 0], 'cue1pos': 10, 'cue2lag': -3, 'cueEccentricity': 3}
46.7526 	EXP 	window1: recordFrameIntervals = False
50.4588 	DATA 	Keypress: b
50.4692 	EXP 	Sound  started
50.5737 	DATA 	Keypress: g
50.5745 	EXP 	Sound  started
51.0900 	EXP 	New trial (rep=0, index=7): {'changeCue1': False, 'cueCoords': [-1, 0], 'cue1pos': 10, 'cue2lag': -2, 'cueEccentricity': 9}
53.1194 	EXP 	window1: recordFrameIntervals = False
53.7733 	DATA 	Keypress: g
53.7741 	EXP 	Sound  started
54.0576 	DATA 	Keypress: b
54.0584 	EXP 	Sound  started
54.5721 	EXP 	New trial (rep=0, index=8): {'changeCue1': False, 'cueCoords': [-1, 0], 'cue1pos': 10, 'cue2lag': -3, 'cueEccentricity': 9}
56.6851 	EXP 	window1: recordFrameIntervals = False
57.1746 	DATA 	Keypress: g
57.1868 	EXP 	Sound  started
57.4384 	DATA 	Keypress: b
57.4388 	EXP 	Sound  started
57.9575 	EXP 	New trial (rep=0, index=9): {'changeCue1': True, 'cueCoords': [1, 0], 'cue1pos': 10, 'cue2lag': -1, 'cueEccentricity': 1.5}
60.1361 	EXP 	window1: recordFrameIntervals = False
61.4078 	DATA 	Keypress: b
61.4086 	EXP 	Sound  started
61.5572 	DATA 	Keypress: g
61.5577 	EXP 	Sound  started
62.0731 	EXP 	New trial (rep=0, index=10): {'changeCue1': True, 'cueCoords': [-1, 0], 'cue1pos': 10, 'cue2lag': 3, 'cueEccentricity': 1.5}
64.2682 	EXP 	window1: recordFrameIntervals = False
65.2407 	DATA 	Keypress: b
65.2417 	EXP 	Sound  started
65.4569 	DATA 	Keypress: g
65.4578 	EXP 	Sound  started
65.9711 	EXP 	New trial (rep=0, index=11): {'changeCue1': False, 'cueCoords': [1, 0], 'cue1pos': 10, 'cue2lag': 3, 'cueEccentricity': 3}
68.2531 	EXP 	window1: recordFrameIntervals = False
69.1409 	DATA 	Keypress: b
69.1416 	EXP 	Sound  started
69.3050 	DATA 	Keypress: g
69.3054 	EXP 	Sound  started
69.8210 	EXP 	New trial (rep=0, index=12): {'changeCue1': True, 'cueCoords': [1, 0], 'cue1pos': 10, 'cue2lag': -2, 'cueEccentricity': 1.5}
72.1527 	EXP 	window1: recordFrameIntervals = False
73.9235 	DATA 	Keypress: b
73.9244 	EXP 	Sound  started
74.0409 	DATA 	Keypress: g
74.0417 	EXP 	Sound  started
74.5555 	EXP 	New trial (rep=0, index=13): {'changeCue1': False, 'cueCoords': [1, 0], 'cue1pos': 10, 'cue2lag': -2, 'cueEccentricity': 3}
76.7530 	EXP 	window1: recordFrameIntervals = False
77.1908 	DATA 	Keypress: g
77.1915 	EXP 	Sound  started
77.4731 	DATA 	Keypress: b
77.4854 	EXP 	Sound  started
78.0036 	EXP 	New trial (rep=0, index=14): {'changeCue1': True, 'cueCoords': [-1, 0], 'cue1pos': 10, 'cue2lag': 0, 'cueEccentricity': 1.5}
80.1518 	EXP 	window1: recordFrameIntervals = False
80.4762 	DATA 	Keypress: g
80.4850 	EXP 	Sound  started
80.6538 	DATA 	Keypress: b
80.6543 	EXP 	Sound  started
81.1725 	EXP 	New trial (rep=0, index=15): {'changeCue1': True, 'cueCoords': [-1, 0], 'cue1pos': 10, 'cue2lag': 0, 'cueEccentricity': 4.5}
83.5023 	EXP 	window1: recordFrameIntervals = False
89.6394 	DATA 	Keypress: g
89.6401 	EXP 	Sound  started
89.7577 	DATA 	Keypress: b
89.7585 	EXP 	Sound  started
90.2727 	EXP 	New trial (rep=0, index=16): {'changeCue1': True, 'cueCoords': [1, 0], 'cue1pos': 10, 'cue2lag': 1, 'cueEccentricity': 1.5}
92.3685 	EXP 	window1: recordFrameIntervals = False
92.7766 	DATA 	Keypress: b
92.7871 	EXP 	Sound  started
92.9228 	DATA 	Keypress: g
92.9236 	EXP 	Sound  started
93.4385 	EXP 	New trial (rep=0, index=17): {'changeCue1': False, 'cueCoords': [1, 0], 'cue1pos': 10, 'cue2lag': -1, 'cueEccentricity': 9}
95.6697 	EXP 	window1: recordFrameIntervals = False
96.0563 	DATA 	Keypress: g
96.0572 	EXP 	Sound  started
96.2064 	DATA 	Keypress: b
96.2072 	EXP 	Sound  started
96.7233 	EXP 	New trial (rep=0, index=18): {'changeCue1': True, 'cueCoords': [1, 0], 'cue1pos': 10, 'cue2lag': 2, 'cueEccentricity': 1.5}
99.0691 	EXP 	window1: recordFrameIntervals = False
99.4070 	DATA 	Keypress: b
99.4077 	EXP 	Sound  started
99.5420 	DATA 	Keypress: g
99.5526 	EXP 	Sound  started
100.0728 	EXP 	New trial (rep=0, index=19): {'changeCue1': True, 'cueCoords': [1, 0], 'cue1pos': 10, 'cue2lag': 0, 'cueEccentricity': 1.5}
102.1692 	EXP 	window1: recordFrameIntervals = False
102.5404 	DATA 	Keypress: b
102.5413 	EXP 	Sound  started
102.6724 	DATA 	Keypress: g
102.6729 	EXP 	Sound  started
103.1896 	EXP 	New trial (rep=0, index=20): {'changeCue1': True, 'cueCoords': [-1, 0], 'cue1pos': 10, 'cue2lag': -1, 'cueEccentricity': 4.5}
105.6362 	EXP 	window1: recordFrameIntervals = False
106.7706 	DATA 	Keypress: b
106.7711 	EXP 	Sound  started
106.9048 	DATA 	Keypress: g
106.9055 	EXP 	Sound  started
107.4222 	EXP 	New trial (rep=0, index=21): {'changeCue1': False, 'cueCoords': [-1, 0], 'cue1pos': 10, 'cue2lag': 3, 'cueEccentricity': 9}
109.7187 	EXP 	window1: recordFrameIntervals = False
110.0908 	DATA 	Keypress: g
110.0915 	EXP 	Sound  started
110.2227 	DATA 	Keypress: b
110.2237 	EXP 	Sound  started
110.7389 	EXP 	New trial (rep=0, index=22): {'changeCue1': False, 'cueCoords': [1, 0], 'cue1pos': 10, 'cue2lag': -1, 'cueEccentricity': 3}
113.1692 	EXP 	window1: recordFrameIntervals = False
114.2388 	DATA 	Keypress: b
114.2396 	EXP 	Sound  started
114.3431 	DATA 	Keypress: g
114.3538 	EXP 	Sound  started
114.8735 	EXP 	New trial (rep=0, index=23): {'changeCue1': True, 'cueCoords': [-1, 0], 'cue1pos': 10, 'cue2lag': -1, 'cueEccentricity': 1.5}
116.8695 	EXP 	window1: recordFrameIntervals = False
117.2382 	DATA 	Keypress: b
117.2387 	EXP 	Sound  started
117.3725 	DATA 	Keypress: g
117.3730 	EXP 	Sound  started
117.8894 	EXP 	New trial (rep=0, index=24): {'changeCue1': False, 'cueCoords': [1, 0], 'cue1pos': 10, 'cue2lag': 1, 'cueEccentricity': 9}
120.1028 	EXP 	window1: recordFrameIntervals = False
120.4596 	DATA 	Keypress: g
120.4604 	EXP 	Sound  started
120.6213 	DATA 	Keypress: b
120.6217 	EXP 	Sound  started
121.1376 	EXP 	New trial (rep=0, index=25): {'changeCue1': True, 'cueCoords': [1, 0], 'cue1pos': 10, 'cue2lag': 3, 'cueEccentricity': 4.5}
123.4530 	EXP 	window1: recordFrameIntervals = False
125.2223 	DATA 	Keypress: b
125.2231 	EXP 	Sound  started
125.3096 	DATA 	Keypress: g
125.3200 	EXP 	Sound  started
125.8393 	EXP 	New trial (rep=0, index=26): {'changeCue1': True, 'cueCoords': [-1, 0], 'cue1pos': 10, 'cue2lag': -2, 'cueEccentricity': 4.5}
128.0529 	EXP 	window1: recordFrameIntervals = False
128.4564 	DATA 	Keypress: b
128.4571 	EXP 	Sound  started
128.7572 	DATA 	Keypress: g
128.7580 	EXP 	Sound  started
129.2714 	EXP 	New trial (rep=0, index=27): {'changeCue1': False, 'cueCoords': [-1, 0], 'cue1pos': 10, 'cue2lag': -1, 'cueEccentricity': 9}
131.5694 	EXP 	window1: recordFrameIntervals = False
132.4888 	DATA 	Keypress: g
132.4894 	EXP 	Sound  started
132.7398 	DATA 	Keypress: b
132.7406 	EXP 	Sound  started
133.2564 	EXP 	New trial (rep=0, index=28): {'changeCue1': False, 'cueCoords': [-1, 0], 'cue1pos': 10, 'cue2lag': 2, 'cueEccentricity': 3}
135.5368 	EXP 	window1: recordFrameIntervals = False
135.9065 	DATA 	Keypress: g
135.9073 	EXP 	Sound  started
136.1264 	DATA 	Keypress: b
136.1377 	EXP 	Sound  started
136.6551 	EXP 	New trial (rep=0, index=29): {'changeCue1': False, 'cueCoords': [-1, 0], 'cue1pos': 10, 'cue2lag': -3, 'cueEccentricity': 3}
138.8199 	EXP 	window1: recordFrameIntervals = False
139.1944 	DATA 	Keypress: g
139.2026 	EXP 	Sound  started
139.4237 	DATA 	Keypress: b
139.4245 	EXP 	Sound  started
139.9404 	EXP 	New trial (rep=0, index=30): {'changeCue1': True, 'cueCoords': [1, 0], 'cue1pos': 10, 'cue2lag': 3, 'cueEccentricity': 1.5}
142.2862 	EXP 	window1: recordFrameIntervals = False
144.4905 	DATA 	Keypress: b
144.4914 	EXP 	Sound  started
144.8242 	DATA 	Keypress: g
144.8250 	EXP 	Sound  started
145.3387 	EXP 	New trial (rep=0, index=31): {'changeCue1': True, 'cueCoords': [-1, 0], 'cue1pos': 10, 'cue2lag': 1, 'cueEccentricity': 4.5}
145.6216 	DATA 	Keypress: escape
145.7208 	DATA 	Keypress: escape
145.9206 	DATA 	Keypress: escape
146.1372 	DATA 	Keypress: escape
146.3406 	DATA 	Keypress: escape
146.5397 	DATA 	Keypress: escape
146.7564 	DATA 	Keypress: escape
147.0092 	DATA 	Keypress: escape
147.2047 	DATA 	Keypress: escape
147.6032 	EXP 	window1: recordFrameIntervals = False
148.4036 	DATA 	Keypress: escape
148.4206 	INFO 	Finishing at 14:46 on 06 Dec 2018
148.4206 	ERROR 	user aborted experiment on keypress with trials done=31 of 393
148.7239 	EXP 	window1: mouseVisible = True
