11.5281 	INFO 	Successfully set darwin thread to realtime
12.5898 	INFO 	#[ PsychoPy2 RuntimeInfoStart ]
  #[[ PsychoPy ]] #---------
    psychopyVersion: 1.90.2
    psychopyHaveExtRush: True
  #[[ Experiment ]] #---------
    experimentRunTime: 2018_11_30 14:39 (Year_Month_Day Hour:Min)
    experimentRunTime.epoch: 1543606789
    experimentScript: AB_spatial_laptop.py
    experimentScript.digestSHA1: a31790edfaa8320bd86054d869bba8c86a51da08
    experimentScript.directory: /Users/supadhy6/Documents/GitHub/spatio_temporal_information_processing/AB_spatial
  #[[ System ]] #---------
    systemHaveInternetAccess: True
    systemHostName: pbs-jf-aldi.local
    systemLocale: C
    systemMemFreeRAM: 6413.12109375
    systemMemTotalRAM: 16384.0
    systemPlatform: darwin 10.14.1 x86_64
    systemRavailable: R version 3.3.2 (2016-10-31) -- Sincere Pumpkin Patch
    systemRebooted: Nov 27 13:40
    systemSec.OpenSSLVersion: OpenSSL 1.0.2j  26 Sep 2016
    systemSec.pythonSSL: True
    systemTimeNumpySD1000000_sec: 0.0040
    systemUser: supadhy6
    systemUserID: 1903061739
    systemUserProcCount: 290
    systemUserProcFlagged: iTunes mdworker KeyNote Safari Dropbox
    systemUsersCount: 1
  #[[ Window ]] #---------
    windowWinType: pyglet
    windowUnits: deg
    windowSize_pix: [1440  900]
    windowScreen: 0
    windowRgb: [-0.7 -0.7 -0.7]
    windowRefreshTimeSD_ms: 1.187
    windowRefreshTimeMedian_ms: 16.714
    windowRefreshTimeAvg_ms: 16.660
    windowPos_pix: [0, 0]
    windowMonitor.name: testmonitor
    windowMonitor.getWidth_cm: 28.2
    windowMonitor.getDistance_cm: 57.0
    windowMonitor.currentCalibName: 2017_01_17 14:52
    windowIsFullScr: True
  #[[ Python ]] #---------
    pythonVersion: 2.7.13
  #[[ OpenGL ]] #---------
#[ PsychoPy2 RuntimeInfoEnd ]

12.6227 	WARNING 	Could not load the desired click sound file, instead using manually created inferior click
12.6230 	EXP 	Set  sound=D
12.7046 	EXP 	Set  sound=D
12.7048 	EXP 	Set  sound=A
12.7157 	EXP 	Created sequence: sequential, trialTypes=80, nReps=5, seed=None
12.8517 	EXP 	Created sequence: random, trialTypes=80, nReps=5, seed=None
12.8522 	INFO 	numtrials=400 and each trialDurFrames=182 or 3033.33333333 ms  task=T1T2
13.0166 	EXP 	Created text = TextStim(alignHoriz='center', alignVert='center', antialias=True, autoLog=True, bold=False, color=array([1., 1., 1.]), colorSpace='rgb', contrast=1.0, depth=-1.0, flipHoriz=False, flipVert=False, font='Arial', fontFiles=[], height=0.5, italic=False, name='text', opacity=1.0, ori=0, pos=array([0., 0.]), rgb=array([1., 1., 1.]), text='', units='deg', win=Window(...), wrapWidth=30)
13.1044 	EXP 	text: text = "Welcome! Thank you for agreeing to participate in this study.\n\nYou will be presented with two numbers embedded in a Rapid Stream of letters. Your task is to identify the two numbers.\n\nYour are required to fixate in the center during the experiment.\n\nThe RSVP stream can appear anywhere along the horizontal axis in the visual field.\n\nOnce you've identified the numbers, type them out on the keyboard after the trial ends.\n\nIf you're feeling uncomfortable, you can press ESC key any time to stop the experiment.\n\nPress any key when you are ready to begin the experiment.\n\n"
13.1044 	EXP 	text: autoDraw = True
14.1850 	DATA 	Keypress: space
14.1865 	EXP 	text: autoDraw = False
14.1866 	INFO 	Experiment will have 400 trials. Letters will be drawn with superposed noise of0.00%
14.1866 	INFO 	Starting main (non-staircase) part of experiment
14.1871 	EXP 	New trial (rep=0, index=0): {'cueCoords': [-6, 0], 'cue1pos': 6, 'cue2lag': 2}
18.1228 	EXP 	window1: recordFrameIntervals = False
18.1504 	ERROR 	trialnum=0 ERROR,2 frames were longer than 20.8 ms apparently screen refreshes skipped, interframe durs were:[26.8 24.4] and was these frames: [41 55]
18.1507 	INFO 	flankers also=[16.2 26.8  8.4 15.5 24.4  9.3]
19.8960 	DATA 	Keypress: 1
19.8968 	EXP 	Sound  started
20.0773 	DATA 	Keypress: 2
20.0781 	EXP 	Sound  started
20.1251 	EXP 	Created unnamed TextStim = TextStim(alignHoriz='center', alignVert='center', antialias=True, autoLog=True, bold=False, color=array([1., 1., 1.]), colorSpace='rgb', contrast=1.0, depth=0, flipHoriz=False, flipVert=False, font='', fontFiles=[], height=1.0, italic=False, name='unnamed TextStim', opacity=1.0, ori=0.0, pos=array([0., 0.]), rgb=array([1., 1., 1.]), text=newstr(...), units='deg', win=Window(...), wrapWidth=15.0)
20.6043 	DATA 	Keypress: space
22.2272 	DATA 	Keypress: space
22.2286 	WARNING 	Response was not present in the stimulus stream
22.2287 	WARNING 	Response was not present in the stimulus stream
22.7318 	EXP 	New trial (rep=0, index=1): {'cueCoords': [-6, 0], 'cue1pos': 6, 'cue2lag': 8}
26.6566 	EXP 	window1: recordFrameIntervals = False
26.6577 	ERROR 	trialnum=1 ERROR,2 frames were longer than 20.8 ms apparently screen refreshes skipped, interframe durs were:[27. 25.] and was these frames: [41 97]
26.6585 	INFO 	flankers also=[16.3 27.   6.7 17.9 25.   6.2]
31.1787 	DATA 	Keypress: 4
31.1795 	EXP 	Sound  started
31.3775 	DATA 	Keypress: 6
31.3783 	EXP 	Sound  started
31.4159 	EXP 	Created unnamed TextStim = TextStim(alignHoriz='center', alignVert='center', antialias=True, autoLog=True, bold=False, color=array([1., 1., 1.]), colorSpace='rgb', contrast=1.0, depth=0, flipHoriz=False, flipVert=False, font='', fontFiles=[], height=1.0, italic=False, name='unnamed TextStim', opacity=1.0, ori=0.0, pos=array([0., 0.]), rgb=array([1., 1., 1.]), text=newstr(...), units='deg', win=Window(...), wrapWidth=15.0)
31.7401 	DATA 	Keypress: space
32.8280 	DATA 	Keypress: space
32.8301 	WARNING 	Response was not present in the stimulus stream
32.8303 	WARNING 	Response was not present in the stimulus stream
33.3328 	EXP 	New trial (rep=0, index=2): {'cueCoords': [-6, 0], 'cue1pos': 6, 'cue2lag': 5}
37.4888 	EXP 	window1: recordFrameIntervals = False
37.4893 	ERROR 	trialnum=2 ERROR,2 frames were longer than 20.8 ms apparently screen refreshes skipped, interframe durs were:[22.2 28.1] and was these frames: [41 76]
37.4895 	INFO 	flankers also=[17.5 22.2 10.5 16.8 28.1  6.6]
39.9429 	DATA 	Keypress: 1
39.9437 	EXP 	Sound  started
40.4276 	DATA 	Keypress: 5
40.4286 	EXP 	Sound  started
40.4687 	EXP 	Created unnamed TextStim = TextStim(alignHoriz='center', alignVert='center', antialias=True, autoLog=True, bold=False, color=array([1., 1., 1.]), colorSpace='rgb', contrast=1.0, depth=0, flipHoriz=False, flipVert=False, font='', fontFiles=[], height=1.0, italic=False, name='unnamed TextStim', opacity=1.0, ori=0.0, pos=array([0., 0.]), rgb=array([1., 1., 1.]), text=newstr(...), units='deg', win=Window(...), wrapWidth=15.0)
40.9995 	DATA 	Keypress: space
42.0762 	DATA 	Keypress: space
42.0771 	WARNING 	Response was not present in the stimulus stream
42.0772 	WARNING 	Response was not present in the stimulus stream
42.5797 	EXP 	New trial (rep=0, index=3): {'cueCoords': [-6, 0], 'cue1pos': 6, 'cue2lag': 1}
46.7910 	EXP 	window1: recordFrameIntervals = False
46.7922 	ERROR 	trialnum=3 ERROR,1 frames were longer than 20.8 ms apparently screen refreshes skipped, interframe durs were:[25.4] and was these frames: [48]
46.7924 	INFO 	flankers also=[17.4 25.4  7. ]
47.8091 	DATA 	Keypress: 5
47.8099 	EXP 	Sound  started
48.3608 	DATA 	Keypress: 1
48.3616 	EXP 	Sound  started
48.4025 	EXP 	Created unnamed TextStim = TextStim(alignHoriz='center', alignVert='center', antialias=True, autoLog=True, bold=False, color=array([1., 1., 1.]), colorSpace='rgb', contrast=1.0, depth=0, flipHoriz=False, flipVert=False, font='', fontFiles=[], height=1.0, italic=False, name='unnamed TextStim', opacity=1.0, ori=0.0, pos=array([0., 0.]), rgb=array([1., 1., 1.]), text=newstr(...), units='deg', win=Window(...), wrapWidth=15.0)
49.1529 	DATA 	No keypress (maxWait exceeded)
64.9269 	DATA 	Keypress: escape
64.9277 	WARNING 	Response was not present in the stimulus stream
64.9279 	WARNING 	Response was not present in the stimulus stream
65.4308 	EXP 	New trial (rep=0, index=4): {'cueCoords': [-6, 0], 'cue1pos': 6, 'cue2lag': 10}
65.5594 	DATA 	Keypress: escape
65.7274 	DATA 	Keypress: escape
65.9089 	DATA 	Keypress: escape
66.0577 	DATA 	Keypress: escape
66.2081 	DATA 	Keypress: escape
66.3917 	DATA 	Keypress: escape
66.5269 	DATA 	Keypress: escape
66.7107 	DATA 	Keypress: escape
66.8598 	DATA 	Keypress: escape
67.0284 	DATA 	Keypress: escape
67.1766 	DATA 	Keypress: escape
67.3466 	DATA 	Keypress: escape
67.5134 	DATA 	Keypress: escape
67.6934 	DATA 	Keypress: escape
67.8614 	DATA 	Keypress: escape
68.0087 	DATA 	Keypress: escape
68.1947 	DATA 	Keypress: escape
68.3262 	DATA 	Keypress: escape
68.4792 	DATA 	Keypress: escape
68.6296 	DATA 	Keypress: escape
69.5728 	EXP 	window1: recordFrameIntervals = False
69.5733 	ERROR 	trialnum=4 ERROR,1 frames were longer than 20.8 ms apparently screen refreshes skipped, interframe durs were:[21.1] and was these frames: [41]
69.5735 	INFO 	flankers also=[16.7 21.1 11. ]
70.7587 	DATA 	Keypress: escape
70.7847 	EXP 	Created unnamed TextStim = TextStim(alignHoriz='center', alignVert='center', antialias=True, autoLog=True, bold=False, color=array([1., 1., 1.]), colorSpace='rgb', contrast=1.0, depth=0, flipHoriz=False, flipVert=False, font='', fontFiles=[], height=1.0, italic=False, name='unnamed TextStim', opacity=1.0, ori=0.0, pos=array([0., 0.]), rgb=array([1., 1., 1.]), text=newstr(...), units='deg', win=Window(...), wrapWidth=15.0)
70.9183 	DATA 	Keypress: escape
71.0768 	DATA 	Keypress: escape
71.0776 	INFO 	Finishing at 14:40 on 30 Nov 2018
71.0776 	ERROR 	user aborted experiment on keypress with trials done=4 of 401
71.4365 	EXP 	window1: mouseVisible = True
