10.5938 	ERROR 	Screen apparently NOT the desired resolution of 2560x1440 pixels!!
12.4581 	WARNING 	User requested fullscreen with size [2560 1440], but screen is actually [1440, 900]. Using actual size
13.3604 	INFO 	Successfully set darwin thread to realtime
14.4320 	INFO 	#[ PsychoPy3 RuntimeInfoStart ]
  #[[ PsychoPy ]] #---------
    psychopyVersion: 3.0.2
    psychopyHaveExtRush: True
  #[[ Experiment ]] #---------
    experimentRunTime: 2019_03_19 22:07 (Year_Month_Day Hour:Min)
    experimentRunTime.epoch: 1553047629
    experimentScript: color_change_visual_now_ver2.py
    experimentScript.digestSHA1: 416f71cbc334ccf46fdad7cbb9ee87a7d15223de
    experimentScript.directory: /Users/supadhy6/Documents/GitHub/spatio_temporal_information_processing/RSVP_visual_now
  #[[ System ]] #---------
    systemHaveInternetAccess: True
    systemHostName: pbs-jf-aldi.local
    systemLocale: C
    systemMemFreeRAM: 6659.0078125
    systemMemTotalRAM: 16384.0
    systemPlatform: darwin 10.14.3 x86_64
    systemRavailable: R version 3.4.1 (2017-06-30) -- Single Candle
    systemRebooted: Mar 14 21:18
    systemSec.OpenSSLVersion: OpenSSL 1.1.1a  20 Nov 2018
    systemSec.pythonSSL: True
    systemTimeNumpySD1000000_sec: 0.0028
    systemUser: supadhy6
    systemUserID: 1903061739
    systemUserProcCount: 306
    systemUserProcFlagged: iTunes Safari Dropbox mdworker
    systemUsersCount: 1
  #[[ Window ]] #---------
    windowWinType: pyglet
    windowUnits: deg
    windowSize_pix: [2880 1800]
    windowScreen: 0
    windowRgb: [-0.7 -0.7 -0.7]
    windowRefreshTimeSD_ms: 0.804
    windowRefreshTimeMedian_ms: 16.793
    windowRefreshTimeAvg_ms: 16.683
    windowPos_pix: [0.0, 0.0]
    windowMonitor.name: testmonitor
    windowMonitor.getWidth_cm: 60.0
    windowMonitor.getDistance_cm: 65.0
    windowMonitor.currentCalibName: 2019_01_28 08:48
    windowIsFullScr: True
  #[[ Python ]] #---------
    pythonVersion: 3.6.0
  #[[ OpenGL ]] #---------
#[ PsychoPy3 RuntimeInfoEnd ]

14.4364 	WARNING 	Could not load the desired click sound file, instead using manually created inferior click
14.5745 	EXP 	Created sequence: random, trialTypes=72, nReps=5, seed=None
14.7399 	INFO 	numtrials=360 and each trialDurFrames=45 or 750.0 ms
14.7436 	EXP 	Created text = TextStim(__class__=<class 'psychopy.visual.text.TextStim'>, alignHoriz='center', alignVert='center', antialias=True, autoLog=True, bold=False, color=array([1., 1., 1.]), colorSpace='rgb', contrast=1.0, depth=-1.0, flipHoriz=False, flipVert=False, font='Arial', fontFiles=[], height=0.5, italic=False, languageStyle='LTR', name='text', opacity=1.0, ori=0, pos=array([0., 0.]), rgb=array([1., 1., 1.]), text='', units='deg', win=Window(...), wrapWidth=30)
14.8113 	EXP 	text: text = "Welcome! Thank you for agreeing to participate in this study.\n\nYou will be presented with two discs, one in blue and the other in green colors.\n\nYour task is to say which colored disk flashed first.\n\nYou will do this while fixating in the center.\n\nOnce you've identified the order after the trial ends, type it out on the keyboard.\n\nIf you're feeling uncomfortable, you can press ESC key any time to stop the experiment.\n\nPress any key when you are ready to begin the experiment.\n\n"
14.8113 	EXP 	text: autoDraw = True
21.3089 	DATA 	Keypress: space
21.3103 	EXP 	text: autoDraw = False
21.3112 	INFO 	Starting the experiment
23.1327 	EXP 	window1: recordFrameIntervals = False
26.4201 	DATA 	Keypress: b
26.5538 	DATA 	Keypress: g
28.9827 	EXP 	window1: recordFrameIntervals = False
30.6851 	DATA 	Keypress: g
30.8359 	DATA 	Keypress: b
33.0994 	EXP 	window1: recordFrameIntervals = False
34.4026 	DATA 	Keypress: b
34.7361 	DATA 	Keypress: g
36.7993 	EXP 	window1: recordFrameIntervals = False
37.3196 	DATA 	Keypress: b
37.6185 	DATA 	Keypress: g
39.7660 	EXP 	window1: recordFrameIntervals = False
40.4192 	DATA 	Keypress: b
40.7528 	DATA 	Keypress: g
42.8658 	EXP 	window1: recordFrameIntervals = False
43.1855 	DATA 	Keypress: b
43.5021 	DATA 	Keypress: g
45.8826 	EXP 	window1: recordFrameIntervals = False
46.2356 	DATA 	Keypress: g
46.4859 	DATA 	Keypress: b
48.8324 	EXP 	window1: recordFrameIntervals = False
49.1865 	DATA 	Keypress: g
49.4025 	DATA 	Keypress: b
51.7155 	EXP 	window1: recordFrameIntervals = False
52.0704 	DATA 	Keypress: g
52.1857 	DATA 	Keypress: b
54.2160 	EXP 	window1: recordFrameIntervals = False
54.5191 	DATA 	Keypress: b
54.5527 	DATA 	Keypress: g
56.1543 	DATA 	Keypress: escape
56.2191 	DATA 	Keypress: escape
56.3850 	DATA 	Keypress: escape
56.5684 	DATA 	Keypress: escape
56.7695 	DATA 	Keypress: escape
56.8317 	EXP 	window1: recordFrameIntervals = False
56.9871 	DATA 	Keypress: escape
57.0161 	INFO 	Finishing at 22:07 on 19 Mar 2019
57.0163 	ERROR 	user aborted experiment on keypress with trials done=10 of 361
57.3538 	EXP 	window1: mouseVisible = True
