10.1920 	ERROR 	Screen apparently NOT the desired resolution of 1920x1080 pixels!!
16.3689 	WARNING 	User requested fullscreen with size [1920 1080], but screen is actually [1440, 900]. Using actual size
17.0958 	INFO 	Successfully set darwin thread to realtime
18.1588 	INFO 	#[ PsychoPy2 RuntimeInfoStart ]
  #[[ PsychoPy ]] #---------
    psychopyVersion: 1.90.2
    psychopyHaveExtRush: True
  #[[ Experiment ]] #---------
    experimentRunTime: 2018_11_28 19:09 (Year_Month_Day Hour:Min)
    experimentRunTime.epoch: 1543450179
    experimentScript: RSVP_visual_now.py
    experimentScript.digestSHA1: 62b2883c5ff18c438e2fef6d4616d32238db5fd4
    experimentScript.directory: /Users/supadhy6/Documents/GitHub/spatio_temporal_information_processing/RSVP_visual_now
  #[[ System ]] #---------
    systemHaveInternetAccess: True
    systemHostName: pbs-jf-aldi.local
    systemLocale: C
    systemMemFreeRAM: 6814.4609375
    systemMemTotalRAM: 16384.0
    systemPlatform: darwin 10.14.1 x86_64
    systemRavailable: R version 3.3.2 (2016-10-31) -- Sincere Pumpkin Patch
    systemRebooted: Nov 27 13:40
    systemSec.OpenSSLVersion: OpenSSL 1.0.2j  26 Sep 2016
    systemSec.pythonSSL: True
    systemTimeNumpySD1000000_sec: 0.0027
    systemUser: supadhy6
    systemUserID: 1903061739
    systemUserProcCount: 284
    systemUserProcFlagged: KeyNote ''Google Chrome'' iTunes Safari mdworker Dropbox
    systemUsersCount: 1
  #[[ Window ]] #---------
    windowWinType: pyglet
    windowUnits: deg
    windowSize_pix: [1440  900]
    windowScreen: 0
    windowRgb: [-0.7 -0.7 -0.7]
    windowRefreshTimeSD_ms: 1.129
    windowRefreshTimeMedian_ms: 16.673
    windowRefreshTimeAvg_ms: 16.661
    windowPos_pix: [0, 0]
    windowMonitor.name: testmonitor
    windowMonitor.getWidth_cm: 55.0
    windowMonitor.getDistance_cm: 83.5
    windowMonitor.currentCalibName: 2017_01_17 14:52
    windowIsFullScr: True
  #[[ Python ]] #---------
    pythonVersion: 2.7.13
  #[[ OpenGL ]] #---------
#[ PsychoPy2 RuntimeInfoEnd ]

18.1994 	WARNING 	Could not load the desired click sound file, instead using manually created inferior click
18.1997 	EXP 	Set  sound=D
18.2856 	EXP 	Set  sound=D
18.2857 	EXP 	Set  sound=A
18.2937 	EXP 	Created sequence: random, trialTypes=30, nReps=14, seed=None
18.4173 	EXP 	Created sequence: random, trialTypes=30, nReps=14, seed=None
18.4179 	INFO 	numtrials=420 and each trialDurFrames=156 or 2600.0 ms  task=T1
18.5827 	EXP 	Created text = TextStim(alignHoriz='center', alignVert='center', antialias=True, autoLog=True, bold=False, color=array([1., 1., 1.]), colorSpace='rgb', contrast=1.0, depth=-1.0, flipHoriz=False, flipVert=False, font='Arial', fontFiles=[], height=0.5, italic=False, name='text', opacity=1.0, ori=0, pos=array([0., 0.]), rgb=array([1., 1., 1.]), text='', units='deg', win=Window(...), wrapWidth=30)
18.6613 	EXP 	text: text = "Welcome! Thank you for agreeing to participate in this study.\n\nYou will be presented with a Rapid Stream of letters. Your task is to identify one of the letters.\n\nThe letter you're supposed to identify is accompanied by a probe that can appear anywhere on the horizontal axis of the screen.\n\nThe probe is a circular disk that will be flashed for a very brief time.\n\nOnce you've identified the letter after the trial ends, type it out on the keyboard.\n\nIf you're feeling uncomfortable, you can press ESC key any time to stop the experiment.\n\nPress any key when you are ready to begin the experiment.\n\n"
18.6613 	EXP 	text: autoDraw = True
23.9087 	DATA 	Keypress: space
23.9100 	EXP 	text: autoDraw = False
23.9101 	INFO 	Experiment will have 420 trials. Letters will be drawn with superposed noise of0.00%
23.9102 	INFO 	Starting main (non-staircase) part of experiment
23.9106 	EXP 	New trial (rep=0, index=0): {'cueCoords': [-1, 0], 'cue1pos': 10, 'cue2lag': 2, 'cueEccentricity': 6}
27.5778 	EXP 	window1: recordFrameIntervals = False
36.4963 	DATA 	Keypress: b
36.4968 	EXP 	Sound  started
37.0163 	EXP 	New trial (rep=0, index=1): {'cueCoords': [-1, 0], 'cue1pos': 10, 'cue2lag': 2, 'cueEccentricity': 2}
40.3599 	EXP 	window1: recordFrameIntervals = False
41.4194 	DATA 	Keypress: b
41.4276 	EXP 	Sound  started
41.9467 	EXP 	New trial (rep=0, index=2): {'cueCoords': [-1, 0], 'cue1pos': 14, 'cue2lag': 2, 'cueEccentricity': 6}
45.6774 	EXP 	window1: recordFrameIntervals = False
49.0143 	DATA 	Keypress: u
49.0153 	EXP 	Sound  started
49.5372 	EXP 	New trial (rep=0, index=3): {'cueCoords': [1, 0], 'cue1pos': 10, 'cue2lag': 2, 'cueEccentricity': 2}
53.0111 	EXP 	window1: recordFrameIntervals = False
56.2816 	DATA 	Keypress: escape
56.2941 	INFO 	Finishing at 19:10 on 28 Nov 2018
56.2942 	ERROR 	user aborted experiment on keypress with trials done=3 of 421
56.6305 	EXP 	window1: mouseVisible = True
