25.6468 	INFO 	#[ PsychoPy2 RuntimeInfoStart ]
  #[[ PsychoPy ]] #---------
    psychopyVersion: 1.85.6
    psychopyHaveExtRush: True
  #[[ Experiment ]] #---------
    experimentRunTime: 2018_11_12 16:20 (Year_Month_Day Hour:Min)
    experimentRunTime.epoch: 1542057608
    experimentScript: RSVP_visual_now.py
    experimentScript.digestSHA1: 8a1366469c2be71ad594ad8e0d7d73601a0f767e
    experimentScript.directory: C:\Users\supadhy6\Documents\GitHub\spatio_temporal_information_processing\RSVP_visual_now
  #[[ System ]] #---------
    systemHaveInternetAccess: True
    systemHostName: pbs-cf-mini2
    systemLocale: English_United States.1252
    systemMemFreeRAM: 12090.3046875
    systemMemTotalRAM: 16331.875
    systemPlatform: windowsversion=sys.getwindowsversion(major=6, minor=2, build=9200, platform=2, service_pack='')
    systemPyo.InputDevices: {}
    systemPyo.OutputDevices: {0: {'host api index': 0, 'latency': 0.09000000357627869, 'default sr': 44100, 'name': u'Microsoft Sound Mapper - Output'}, 1: {'host api index': 0, 'latency': 0.09000000357627869, 'default sr': 44100, 'name': u'ZOWIE XL LCD (NVIDIA High Defin'}, 2: {'host api index': 0, 'latency': 0.09000000357627869, 'default sr': 44100, 'name': u'Realtek Digital Output(Optical)'}, 3: {'host api index': 1, 'latency': 0.11999999731779099, 'default sr': 44100, 'name': u'Primary Sound Driver'}, 4: {'host api index': 1, 'latency': 0.11999999731779099, 'default sr': 44100, 'name': u'ZOWIE XL LCD (NVIDIA High Definition Audio)'}, 5: {'host api index': 1, 'latency': 0.11999999731779099, 'default sr': 44100, 'name': u'Realtek Digital Output(Optical) (Realtek High Definition Audio)'}, 6: {'host api index': 3, 'latency': 0.003000000026077032, 'default sr': 48000, 'name': u'Realtek Digital Output(Optical) (Realtek High Definition Audio)'}, 7: {'host api index': 3, 'latency': 0.003000000026077032, 'default sr': 48000, 'name': u'ZOWIE XL LCD (NVIDIA High Definition Audio)'}, 8: {'host api index': 4, 'latency': 0.009999999776482582, 'default sr': 44100, 'name': u'Output (NVIDIA High Definition Audio)'}, 9: {'host api index': 4, 'latency': 0.009999999776482582, 'default sr': 44100, 'name': u'SPDIF Out (Realtek HDA SPDIF Optical Out)'}}
    systemPyoVersion: 0.8.7
    systemRebooted: System Boot Time:          10/23/2018, 3:01:13 PM
    systemSec.OpenSSLVersion: OpenSSL 1.0.2n  7 Dec 2017WARNING: can't open config file: /usr/local/ssl/openssl.cnf
    systemSec.pythonSSL: True
    systemTimeNumpySD1000000_sec: 0.0083
    systemUser: supadhy6
    systemUserID: 1000
    systemUserProcCount: 182
    systemUserProcFlagged: Dropbox Explorer Office Skype
    systemUsersCount: False
  #[[ Window ]] #---------
    windowWinType: pyglet
    windowUnits: deg
    windowSize_pix: [1920 1080]
    windowScreen: 0
    windowRgb: [-0.7 -0.7 -0.7]
    windowRefreshTimeSD_ms: 0.903
    windowRefreshTimeMedian_ms: 16.687
    windowRefreshTimeAvg_ms: 16.668
    windowPos_pix: [0, 0]
    windowMonitor.name: testmonitor
    windowMonitor.getWidth_cm: 55.0
    windowMonitor.getDistance_cm: 83.5
    windowMonitor.currentCalibName: 2018_11_12 15:01
    windowIsFullScr: True
  #[[ Python ]] #---------
    pythonVersion: 2.7.11
  #[[ OpenGL ]] #---------
#[ PsychoPy2 RuntimeInfoEnd ]

25.7258 	INFO 	Looking for Primary Sound
25.7258 	INFO 	Examining for Microsoft Sound Mapper - Output
25.7259 	INFO 	Examining for ZOWIE XL LCD (NVIDIA High Defin
25.7259 	INFO 	Examining for Realtek Digital Output(Optical)
25.7259 	INFO 	Examining for Primary Sound Driver
25.7259 	INFO 	Success: Primary Sound Driver
25.7259 	INFO 	Using sound driver: Primary Sound Driver (ID=3)
25.7804 	INFO 	Looking for Primary Sound
25.7804 	INFO 	Looking for ASIO
25.7804 	INFO 	Looking for Audigy
25.7805 	WARNING 	psychopy.sound.backend_pyo.init could not find microphone hardware; recording not available
26.4157 	EXP 	Set  sound=C
