8.0174 	ERROR 	Screen apparently NOT the desired resolution of 1440x900 pixels!!
11.3467 	INFO 	Successfully set darwin thread to realtime
12.5443 	INFO 	#[ PsychoPy3 RuntimeInfoStart ]
  #[[ PsychoPy ]] #---------
    psychopyVersion: 3.0.2
    psychopyHaveExtRush: True
  #[[ Experiment ]] #---------
    experimentRunTime: 2019_01_28 09:23 (Year_Month_Day Hour:Min)
    experimentRunTime.epoch: 1548685423
    experimentScript: RSVP_visual_now.py
    experimentScript.digestSHA1: e258ad0a9fc017d5f8bba42b1f13daf24bbad4c5
    experimentScript.directory: /Users/supadhy6/Documents/GitHub/spatio_temporal_information_processing/RSVP_visual_now
  #[[ System ]] #---------
    systemHaveInternetAccess: True
    systemHostName: pbs-jf-aldi.local
    systemLocale: C
    systemMemFreeRAM: 5460.015625
    systemMemTotalRAM: 16384.0
    systemPlatform: darwin 10.14.2 x86_64
    systemRavailable: R version 3.4.1 (2017-06-30) -- Single Candle
    systemRebooted: Jan 17 01:48
    systemSec.OpenSSLVersion: OpenSSL 1.1.1a  20 Nov 2018
    systemSec.pythonSSL: True
    systemTimeNumpySD1000000_sec: 0.0039
    systemUser: supadhy6
    systemUserID: 1903061739
    systemUserProcCount: 356
    systemUserProcFlagged: iTunes KeyNote mdworker Dropbox 'Google Chrome' Safari
    systemUsersCount: 1
  #[[ Window ]] #---------
    windowWinType: pyglet
    windowUnits: deg
    windowSize_pix: [2880 1800]
    windowScreen: 0
    windowRgb: [-0.7 -0.7 -0.7]
    windowRefreshTimeSD_ms: 5.457
    windowRefreshTimeMedian_ms: 16.998
    windowRefreshTimeAvg_ms: 18.925
    windowPos_pix: [0.0, 0.0]
    windowMonitor.name: testmonitor
    windowMonitor.getWidth_cm: 55.0
    windowMonitor.getDistance_cm: 83.5
    windowMonitor.currentCalibName: 2019_01_28 08:48
    windowIsFullScr: True
  #[[ Python ]] #---------
    pythonVersion: 3.6.0
  #[[ OpenGL ]] #---------
#[ PsychoPy3 RuntimeInfoEnd ]

12.5461 	WARNING 	Could not load the desired click sound file, instead using manually created inferior click
12.6886 	EXP 	Created sequence: random, trialTypes=30, nReps=14, seed=None
12.9190 	EXP 	Created sequence: random, trialTypes=30, nReps=14, seed=None
12.9194 	INFO 	numtrials=420 and each trialDurFrames=156 or 2600.0 ms  task=T1
13.1580 	EXP 	Created text = TextStim(__class__=<class 'psychopy.visual.text.TextStim'>, alignHoriz='center', alignVert='center', antialias=True, autoLog=True, bold=False, color=array([1., 1., 1.]), colorSpace='rgb', contrast=1.0, depth=-1.0, flipHoriz=False, flipVert=False, font='Arial', fontFiles=[], height=0.5, italic=False, languageStyle='LTR', name='text', opacity=1.0, ori=0, pos=array([0., 0.]), rgb=array([1., 1., 1.]), text='', units='deg', win=Window(...), wrapWidth=30)
13.2759 	EXP 	text: text = "Welcome! Thank you for agreeing to participate in this study.\n\nYou will be presented with a Rapid Stream of letters. Your task is to identify one of the letters.\n\nThe letter you're supposed to identify is accompanied by a probe that can appear anywhere on the horizontal axis of the screen.\n\nThe probe is a circular disk that will be flashed for a very brief time.\n\nOnce you've identified the letter after the trial ends, type it out on the keyboard.\n\nIf you're feeling uncomfortable, you can press ESC key any time to stop the experiment.\n\nPress any key when you are ready to begin the experiment.\n\n"
13.2759 	EXP 	text: autoDraw = True
14.3563 	DATA 	Keypress: space
14.3583 	EXP 	text: autoDraw = False
14.3593 	INFO 	Experiment will have 420 trials. Letters will be drawn with superposed noise of0.00%
14.3593 	INFO 	Starting main (non-staircase) part of experiment
18.1760 	EXP 	window1: recordFrameIntervals = False
19.2130 	DATA 	Keypress: f
19.6220 	EXP 	window1: mouseVisible = True
