11.5665 	INFO 	Successfully set darwin thread to realtime
12.6295 	INFO 	#[ PsychoPy2 RuntimeInfoStart ]
  #[[ PsychoPy ]] #---------
    psychopyVersion: 1.90.2
    psychopyHaveExtRush: True
  #[[ Experiment ]] #---------
    experimentRunTime: 2018_12_06 11:11 (Year_Month_Day Hour:Min)
    experimentRunTime.epoch: 1544112679
    experimentScript: color_change_visual_now_ver2.py
    experimentScript.digestSHA1: 9b0302e486d5bafb13f40be480f46fbad6955695
    experimentScript.directory: /Users/supadhy6/Documents/GitHub/spatio_temporal_information_processing/RSVP_visual_now
  #[[ System ]] #---------
    systemHaveInternetAccess: True
    systemHostName: pbs-jf-aldi.local
    systemLocale: C
    systemMemFreeRAM: 5951.4609375
    systemMemTotalRAM: 16384.0
    systemPlatform: darwin 10.14.1 x86_64
    systemRavailable: R version 3.3.2 (2016-10-31) -- Sincere Pumpkin Patch
    systemRebooted: Dec 2 19:22
    systemSec.OpenSSLVersion: OpenSSL 1.0.2j  26 Sep 2016
    systemSec.pythonSSL: True
    systemTimeNumpySD1000000_sec: 0.0026
    systemUser: supadhy6
    systemUserID: 1903061739
    systemUserProcCount: 295
    systemUserProcFlagged: iTunes Dropbox KeyNote Safari mdworker
    systemUsersCount: 1
  #[[ Window ]] #---------
    windowWinType: pyglet
    windowUnits: deg
    windowSize_pix: [1440  900]
    windowScreen: 0
    windowRgb: [-0.7 -0.7 -0.7]
    windowRefreshTimeSD_ms: 0.454
    windowRefreshTimeMedian_ms: 16.723
    windowRefreshTimeAvg_ms: 16.674
    windowPos_pix: [0, 0]
    windowMonitor.name: testmonitor
    windowMonitor.getWidth_cm: 28.2
    windowMonitor.getDistance_cm: 65.0
    windowMonitor.currentCalibName: 2017_01_17 14:52
    windowIsFullScr: True
  #[[ Python ]] #---------
    pythonVersion: 2.7.13
  #[[ OpenGL ]] #---------
#[ PsychoPy2 RuntimeInfoEnd ]

12.6642 	WARNING 	Could not load the desired click sound file, instead using manually created inferior click
12.6645 	EXP 	Set  sound=D
12.7797 	EXP 	Set  sound=D
12.7799 	EXP 	Set  sound=A
12.7922 	EXP 	Created sequence: random, trialTypes=56, nReps=7, seed=None
12.9675 	INFO 	numtrials=392 and each trialDurFrames=90 or 1500.0 ms
12.9701 	EXP 	Created text = TextStim(alignHoriz='center', alignVert='center', antialias=True, autoLog=True, bold=False, color=array([1., 1., 1.]), colorSpace='rgb', contrast=1.0, depth=-1.0, flipHoriz=False, flipVert=False, font='Arial', fontFiles=[], height=0.5, italic=False, name='text', opacity=1.0, ori=0, pos=array([0., 0.]), rgb=array([1., 1., 1.]), text='', units='deg', win=Window(...), wrapWidth=30)
13.0420 	EXP 	text: text = "Welcome! Thank you for agreeing to participate in this study.\n\nYou will be presented with two discs, one in blue and the other in green colors.\n\nYour task is to say which colored disk flashed first.\n\nYou will do this while fixating in the center.\n\nOnce you've identified the order after the trial ends, type it out on the keyboard.\n\nIf you're feeling uncomfortable, you can press ESC key any time to stop the experiment.\n\nPress any key when you are ready to begin the experiment.\n\n"
13.0420 	EXP 	text: autoDraw = True
13.9658 	DATA 	Keypress: space
13.9676 	EXP 	text: autoDraw = False
13.9676 	INFO 	Starting the experiment
13.9680 	EXP 	New trial (rep=0, index=0): {'changeCue1': True, 'cueCoords': [1, 0], 'cue1pos': 10, 'cue2lag': -2, 'cueEccentricity': 4.5}
16.5290 	EXP 	window1: recordFrameIntervals = False
22.5300 	DATA 	Keypress: escape
22.5462 	INFO 	Finishing at 11:11 on 06 Dec 2018
22.5462 	ERROR 	user aborted experiment on keypress with trials done=0 of 393
22.9413 	EXP 	window1: mouseVisible = True
