26.4469 	INFO 	Successfully set darwin thread to realtime
27.4609 	INFO 	#[ PsychoPy3 RuntimeInfoStart ]
  #[[ PsychoPy ]] #---------
    psychopyVersion: 3.0.3
    psychopyHaveExtRush: True
  #[[ Experiment ]] #---------
    experimentRunTime: 2019_02_28 12:35 (Year_Month_Day Hour:Min)
    experimentRunTime.epoch: 1551375301
    experimentScript: RSVP_visual_now.py
    experimentScript.digestSHA1: a35bd9a0ace028ead088f0478161fd348a168ea9
    experimentScript.directory: /Users/vsg/Documents/GitHub/spatio_temporal_information_processing/RSVP_visual_now
  #[[ System ]] #---------
    systemHaveInternetAccess: True
    systemHostName: VSG-lab1.local
    systemLocale: C
    systemMemFreeRAM: 1518.234375
    systemMemTotalRAM: 4096.0
    systemPlatform: darwin 10.10.5 x86_64
    systemRavailable: R version 3.2.3 (2015-12-10) -- Wooden Christmas-Tree
    systemRebooted: Feb 4 16:27
    systemSec.OpenSSLVersion: OpenSSL 0.9.8zg 14 July 2015
    systemSec.pythonSSL: True
    systemTimeNumpySD1000000_sec: 0.0124
    systemUser: vsg
    systemUserID: 502
    systemUserProcCount: 90
    systemUserProcFlagged: mdworker Safari
    systemUsersCount: 1
  #[[ Window ]] #---------
    windowWinType: pyglet
    windowUnits: deg
    windowSize_pix: [1920 1200]
    windowScreen: 0
    windowRgb: [-0.7 -0.7 -0.7]
    windowRefreshTimeSD_ms: 0.567
    windowRefreshTimeMedian_ms: 16.704
    windowRefreshTimeAvg_ms: 16.733
    windowPos_pix: [0, 0]
    windowMonitor.name: testmonitor
    windowMonitor.getWidth_cm: 52.0
    windowMonitor.getDistance_cm: 65.0
    windowMonitor.currentCalibName: 2019_02_04 12:46
    windowIsFullScr: True
  #[[ Python ]] #---------
    pythonVersion: 2.7.13
  #[[ OpenGL ]] #---------
#[ PsychoPy3 RuntimeInfoEnd ]

27.4926 	WARNING 	Could not load the desired click sound file, instead using manually created inferior click
27.9178 	EXP 	Created sequence: random, trialTypes=280, nReps=14, seed=None
28.2222 	INFO 	total SOA (ISI + letterDur)=100.0 or 6 frames, comprising
ISIframes =3 or 50.0 ms and letterDurFrames =3 or 50.0ms
cueDurFrames =3.0 or 50.0 ms

28.2222 	INFO 	numtrials=280 and each trialDurFrames=156 or 2600.0 ms  task=T1
29.3108 	EXP 	Created text = TextStim(alignHoriz='center', alignVert='center', antialias=True, autoLog=True, bold=False, color=array([ 1.,  1.,  1.]), colorSpace='rgb', contrast=1.0, depth=-1.0, flipHoriz=False, flipVert=False, font='Arial', fontFiles=[], height=0.5, italic=False, languageStyle='LTR', name='text', opacity=1.0, ori=0, pos=array([ 0.,  0.]), rgb=array([ 1.,  1.,  1.]), text='', units='deg', win=Window(...), wrapWidth=30)
30.4160 	EXP 	text: text = "Welcome! Thank you for agreeing to participate in this study.\n\nYou will be presented with a Rapid Stream of letters. Your task is to identify one of the letters.\n\nThe letter you're supposed to identify is accompanied by a probe that can appear anywhere on the horizontal axis of the screen.\n\nThe probe is a circular disk that will be flashed for a very brief time.\n\nThis probe is embedded in another Rapid Stream of letters.\n\nYour task is identify the foveal letter that was present when the probe appeared.\n\nOnce you've identified the letter after the trial ends, type it out on the keyboard.\n\nOh! And one more thing! You will perform this task while fixating in the center, and detecting the probe with your peripheral vision.\n\nIf you're feeling uncomfortable, you can press ESC key any time to stop the experiment.\n\nPress any key when you are ready to begin the experiment.\n\n"
30.4160 	EXP 	text: autoDraw = True
136.9181 	DATA 	Keypress: space
136.9193 	EXP 	text: autoDraw = False
136.9196 	INFO 	Experiment will have 280 trials. Letters will be drawn with superposed noise of0.00%
136.9197 	INFO 	Starting main (non-staircase) part of experiment
140.2773 	EXP 	window1: recordFrameIntervals = False
144.3707 	DATA 	Keypress: lshift
145.0564 	DATA 	Keypress: c
149.2324 	EXP 	window1: recordFrameIntervals = False
150.1359 	DATA 	Keypress: g
154.3605 	EXP 	window1: recordFrameIntervals = False
155.6315 	DATA 	Keypress: u
159.8896 	EXP 	window1: recordFrameIntervals = False
160.5424 	DATA 	Keypress: a
164.3997 	EXP 	window1: recordFrameIntervals = False
165.3533 	DATA 	Keypress: v
169.6280 	EXP 	window1: recordFrameIntervals = False
170.5150 	DATA 	Keypress: b
174.7060 	EXP 	window1: recordFrameIntervals = False
175.9604 	DATA 	Keypress: z
179.8509 	EXP 	window1: recordFrameIntervals = False
180.6877 	DATA 	Keypress: j
184.5932 	EXP 	window1: recordFrameIntervals = False
185.5134 	DATA 	Keypress: h
189.4708 	EXP 	window1: recordFrameIntervals = False
190.1070 	DATA 	Keypress: e
193.9324 	EXP 	window1: recordFrameIntervals = False
194.8525 	DATA 	Keypress: t
198.7265 	EXP 	window1: recordFrameIntervals = False
199.2124 	DATA 	Keypress: i
203.3870 	EXP 	window1: recordFrameIntervals = False
203.7225 	DATA 	Keypress: s
207.5463 	EXP 	window1: recordFrameIntervals = False
207.9153 	DATA 	Keypress: b
211.9561 	EXP 	window1: recordFrameIntervals = False
212.6425 	DATA 	Keypress: e
216.6667 	EXP 	window1: recordFrameIntervals = False
217.2196 	DATA 	Keypress: y
221.4775 	EXP 	window1: recordFrameIntervals = False
221.9466 	DATA 	Keypress: p
226.2047 	EXP 	window1: recordFrameIntervals = False
226.6070 	DATA 	Keypress: u
230.8467 	EXP 	window1: recordFrameIntervals = False
231.3159 	DATA 	Keypress: m
235.4071 	EXP 	window1: recordFrameIntervals = False
235.9765 	DATA 	Keypress: m
239.8185 	EXP 	window1: recordFrameIntervals = False
241.1563 	DATA 	Keypress: w
245.3643 	EXP 	window1: recordFrameIntervals = False
245.7666 	DATA 	Keypress: e
249.7908 	EXP 	window1: recordFrameIntervals = False
250.2766 	DATA 	Keypress: t
254.4513 	EXP 	window1: recordFrameIntervals = False
254.9037 	DATA 	Keypress: a
258.8946 	EXP 	window1: recordFrameIntervals = False
259.5642 	DATA 	Keypress: h
263.7721 	EXP 	window1: recordFrameIntervals = False
264.3750 	DATA 	Keypress: c
268.2656 	EXP 	window1: recordFrameIntervals = False
269.2192 	DATA 	Keypress: w
273.4255 	EXP 	window1: recordFrameIntervals = False
274.0950 	DATA 	Keypress: t
278.0525 	EXP 	window1: recordFrameIntervals = False
278.4716 	DATA 	Keypress: k
282.2803 	EXP 	window1: recordFrameIntervals = False
282.6993 	DATA 	Keypress: a
286.6067 	EXP 	window1: recordFrameIntervals = False
287.6605 	DATA 	Keypress: v
291.5511 	EXP 	window1: recordFrameIntervals = False
292.2206 	DATA 	Keypress: t
296.2285 	EXP 	window1: recordFrameIntervals = False
296.7810 	DATA 	Keypress: i
300.8051 	EXP 	window1: recordFrameIntervals = False
301.3254 	DATA 	Keypress: d
305.4488 	EXP 	window1: recordFrameIntervals = False
305.8345 	DATA 	Keypress: z
310.0424 	EXP 	window1: recordFrameIntervals = False
310.3947 	DATA 	Keypress: b
314.2502 	EXP 	window1: recordFrameIntervals = False
314.2506 	ERROR 	trialnum=36 ERROR,1 frames were longer than 20.8 ms apparently screen refreshes skipped, interframe durs were:[ 41.6] and was these frames: [5]
314.2509 	INFO 	flankers also=[ 16.5  41.6   2.3]
314.6860 	DATA 	Keypress: l
318.9107 	EXP 	window1: recordFrameIntervals = False
319.2461 	DATA 	Keypress: n
323.3056 	EXP 	window1: recordFrameIntervals = False
323.7246 	DATA 	Keypress: q
327.7989 	EXP 	window1: recordFrameIntervals = False
328.3014 	DATA 	Keypress: e
332.1420 	EXP 	window1: recordFrameIntervals = False
332.6614 	DATA 	Keypress: b
336.8024 	EXP 	window1: recordFrameIntervals = False
337.2549 	DATA 	Keypress: m
341.3292 	EXP 	window1: recordFrameIntervals = False
341.6982 	DATA 	Keypress: w
345.6054 	EXP 	window1: recordFrameIntervals = False
345.9744 	DATA 	Keypress: e
349.9485 	EXP 	window1: recordFrameIntervals = False
350.3175 	DATA 	Keypress: a
354.2564 	EXP 	window1: recordFrameIntervals = False
354.8927 	DATA 	Keypress: l
358.9838 	EXP 	window1: recordFrameIntervals = False
359.3026 	DATA 	Keypress: m
363.1281 	EXP 	window1: recordFrameIntervals = False
364.7330 	DATA 	Keypress: p
368.8241 	EXP 	window1: recordFrameIntervals = False
369.1598 	DATA 	Keypress: c
373.0001 	EXP 	window1: recordFrameIntervals = False
373.3524 	DATA 	Keypress: j
377.2763 	EXP 	window1: recordFrameIntervals = False
378.1465 	DATA 	Keypress: i
382.3210 	EXP 	window1: recordFrameIntervals = False
382.8905 	DATA 	Keypress: z
387.1317 	EXP 	window1: recordFrameIntervals = False
387.4841 	DATA 	Keypress: s
391.7087 	EXP 	window1: recordFrameIntervals = False
392.2112 	DATA 	Keypress: n
396.0501 	EXP 	window1: recordFrameIntervals = False
396.4025 	DATA 	Keypress: x
400.3765 	EXP 	window1: recordFrameIntervals = False
400.8624 	DATA 	Keypress: t
404.7379 	EXP 	window1: recordFrameIntervals = False
405.1738 	DATA 	Keypress: b
409.1311 	EXP 	window1: recordFrameIntervals = False
410.1849 	DATA 	Keypress: l
414.2425 	EXP 	window1: recordFrameIntervals = False
416.0645 	DATA 	Keypress: o
419.9386 	EXP 	window1: recordFrameIntervals = False
423.7320 	DATA 	Keypress: b
427.9064 	EXP 	window1: recordFrameIntervals = False
428.2920 	DATA 	Keypress: g
432.2828 	EXP 	window1: recordFrameIntervals = False
432.6184 	DATA 	Keypress: e
436.5591 	EXP 	window1: recordFrameIntervals = False
436.9782 	DATA 	Keypress: c
441.0843 	EXP 	window1: recordFrameIntervals = False
441.4534 	DATA 	Keypress: m
445.7114 	EXP 	window1: recordFrameIntervals = False
446.0479 	DATA 	Keypress: h
450.2898 	EXP 	window1: recordFrameIntervals = False
451.2435 	DATA 	Keypress: j
455.3180 	EXP 	window1: recordFrameIntervals = False
455.7216 	DATA 	Keypress: d
459.7945 	EXP 	window1: recordFrameIntervals = False
460.1301 	DATA 	Keypress: x
464.1377 	EXP 	window1: recordFrameIntervals = False
464.5900 	DATA 	Keypress: f
468.3971 	EXP 	window1: recordFrameIntervals = False
468.7671 	DATA 	Keypress: z
483.5577 	DATA 	Keypress: space
487.3045 	EXP 	window1: recordFrameIntervals = False
488.1913 	DATA 	Keypress: c
492.0985 	EXP 	window1: recordFrameIntervals = False
492.7515 	DATA 	Keypress: x
496.9778 	EXP 	window1: recordFrameIntervals = False
497.3967 	DATA 	Keypress: u
501.2039 	EXP 	window1: recordFrameIntervals = False
501.6062 	DATA 	Keypress: g
505.5136 	EXP 	window1: recordFrameIntervals = False
505.8323 	DATA 	Keypress: p
509.9903 	EXP 	window1: recordFrameIntervals = False
510.4259 	DATA 	Keypress: m
514.5839 	EXP 	window1: recordFrameIntervals = False
515.0029 	DATA 	Keypress: t
518.9269 	EXP 	window1: recordFrameIntervals = False
520.0142 	DATA 	Keypress: k
524.0885 	EXP 	window1: recordFrameIntervals = False
524.6745 	DATA 	Keypress: h
528.5652 	EXP 	window1: recordFrameIntervals = False
529.3183 	DATA 	Keypress: j
533.3409 	EXP 	window1: recordFrameIntervals = False
533.7599 	DATA 	Keypress: d
537.7508 	EXP 	window1: recordFrameIntervals = False
538.1698 	DATA 	Keypress: o
542.1957 	EXP 	window1: recordFrameIntervals = False
542.7159 	DATA 	Keypress: r
546.7392 	EXP 	window1: recordFrameIntervals = False
546.7908 	DATA 	Keypress: x
549.7663 	DATA 	Keypress: g
550.6313 	EXP 	window1: recordFrameIntervals = False
550.9500 	DATA 	Keypress: g
554.0255 	DATA 	Keypress: m
555.1915 	EXP 	window1: recordFrameIntervals = False
555.5102 	DATA 	Keypress: m
559.4678 	EXP 	window1: recordFrameIntervals = False
559.7532 	DATA 	Keypress: x
563.9111 	EXP 	window1: recordFrameIntervals = False
564.0293 	DATA 	Keypress: a
564.2663 	DATA 	Keypress: a
568.0035 	EXP 	window1: recordFrameIntervals = False
568.3390 	DATA 	Keypress: l
571.8826 	DATA 	Keypress: d
572.2630 	EXP 	window1: recordFrameIntervals = False
572.4149 	DATA 	Keypress: d
576.2537 	EXP 	window1: recordFrameIntervals = False
576.8063 	DATA 	Keypress: t
580.7671 	DATA 	Keypress: a
580.8975 	EXP 	window1: recordFrameIntervals = False
581.1328 	DATA 	Keypress: q
585.3089 	EXP 	window1: recordFrameIntervals = False
585.6444 	DATA 	Keypress: h
588.9871 	DATA 	Keypress: m
589.5216 	DATA 	Keypress: m
589.6019 	EXP 	window1: recordFrameIntervals = False
589.7703 	DATA 	Keypress: m
593.8781 	EXP 	window1: recordFrameIntervals = False
594.2805 	DATA 	Keypress: c
598.4216 	EXP 	window1: recordFrameIntervals = False
598.8907 	DATA 	Keypress: t
603.0487 	EXP 	window1: recordFrameIntervals = False
603.4009 	DATA 	Keypress: e
607.1613 	DATA 	Keypress: v
607.2748 	EXP 	window1: recordFrameIntervals = False
607.5269 	DATA 	Keypress: v
611.1703 	DATA 	Keypress: p
611.7516 	EXP 	window1: recordFrameIntervals = False
612.0034 	DATA 	Keypress: p
616.1466 	DATA 	Keypress: g
616.2433 	EXP 	window1: recordFrameIntervals = False
616.4283 	DATA 	Keypress: g
616.5202 	DATA 	Keypress: g
620.3859 	EXP 	window1: recordFrameIntervals = False
620.8727 	DATA 	Keypress: j
625.1148 	EXP 	window1: recordFrameIntervals = False
625.1152 	ERROR 	trialnum=101 ERROR,1 frames were longer than 20.8 ms apparently screen refreshes skipped, interframe durs were:[ 21.1] and was these frames: [0]
625.1154 	INFO 	flankers also=[ 21.1  14. ]
625.5671 	DATA 	Keypress: d
629.7083 	EXP 	window1: recordFrameIntervals = False
630.1776 	DATA 	Keypress: g
634.3688 	EXP 	window1: recordFrameIntervals = False
634.7712 	DATA 	Keypress: m
638.6617 	EXP 	window1: recordFrameIntervals = False
640.2836 	DATA 	Keypress: m
644.2744 	EXP 	window1: recordFrameIntervals = False
645.2446 	DATA 	Keypress: d
649.0350 	EXP 	window1: recordFrameIntervals = False
649.7381 	DATA 	Keypress: x
653.9126 	EXP 	window1: recordFrameIntervals = False
654.3652 	DATA 	Keypress: b
658.1704 	EXP 	window1: recordFrameIntervals = False
658.5727 	DATA 	Keypress: w
662.6305 	EXP 	window1: recordFrameIntervals = False
662.8324 	DATA 	Keypress: i
666.7948 	DATA 	Keypress: n
667.0921 	EXP 	window1: recordFrameIntervals = False
667.2772 	DATA 	Keypress: n
671.4018 	EXP 	window1: recordFrameIntervals = False
671.6547 	DATA 	Keypress: w
675.3826 	DATA 	Keypress: f
675.6154 	DATA 	Keypress: f
675.8323 	DATA 	Keypress: f
676.0497 	DATA 	Keypress: f
676.1791 	EXP 	window1: recordFrameIntervals = False
676.2317 	DATA 	Keypress: f
676.4149 	DATA 	Keypress: f
680.0378 	EXP 	window1: recordFrameIntervals = False
680.3406 	DATA 	Keypress: u
684.2973 	EXP 	window1: recordFrameIntervals = False
684.6336 	DATA 	Keypress: m
688.4275 	DATA 	Keypress: i
688.6279 	DATA 	Keypress: i
688.7965 	DATA 	Keypress: i
688.8408 	EXP 	window1: recordFrameIntervals = False
689.0269 	DATA 	Keypress: i
692.1358 	DATA 	Keypress: j
692.4366 	DATA 	Keypress: j
692.6702 	DATA 	Keypress: j
692.8370 	DATA 	Keypress: j
692.9500 	EXP 	window1: recordFrameIntervals = False
693.1694 	DATA 	Keypress: j
697.2246 	EXP 	window1: recordFrameIntervals = False
697.5775 	DATA 	Keypress: d
701.4340 	EXP 	window1: recordFrameIntervals = False
701.7368 	DATA 	Keypress: u
705.9124 	EXP 	window1: recordFrameIntervals = False
706.2313 	DATA 	Keypress: j
710.0216 	EXP 	window1: recordFrameIntervals = False
710.3905 	DATA 	Keypress: a
714.2310 	EXP 	window1: recordFrameIntervals = False
714.5164 	DATA 	Keypress: p
714.7163 	DATA 	Keypress: p
718.5574 	EXP 	window1: recordFrameIntervals = False
718.9597 	DATA 	Keypress: l
722.9839 	EXP 	window1: recordFrameIntervals = False
723.4865 	DATA 	Keypress: r
727.3604 	EXP 	window1: recordFrameIntervals = False
727.6626 	DATA 	Keypress: a
731.5531 	EXP 	window1: recordFrameIntervals = False
732.3731 	DATA 	Keypress: k
736.2136 	EXP 	window1: recordFrameIntervals = False
736.5993 	DATA 	Keypress: e
740.6385 	EXP 	window1: recordFrameIntervals = False
740.9907 	DATA 	Keypress: d
745.2321 	EXP 	window1: recordFrameIntervals = False
745.4172 	DATA 	Keypress: m
748.3776 	DATA 	Keypress: s
748.6112 	DATA 	Keypress: s
748.8127 	DATA 	Keypress: s
748.9624 	DATA 	Keypress: s
749.1457 	DATA 	Keypress: s
749.3965 	DATA 	Keypress: s
749.5100 	EXP 	window1: recordFrameIntervals = False
749.5617 	DATA 	Keypress: s
752.7540 	DATA 	Keypress: q
753.3520 	EXP 	window1: recordFrameIntervals = False
754.5393 	DATA 	Keypress: q
757.8821 	DATA 	Keypress: r
758.0490 	DATA 	Keypress: r
758.2496 	DATA 	Keypress: r
758.4331 	DATA 	Keypress: r
758.6002 	DATA 	Keypress: r
758.6138 	EXP 	window1: recordFrameIntervals = False
758.7989 	DATA 	Keypress: r
758.9146 	DATA 	Keypress: r
762.3087 	DATA 	Keypress: z
762.5592 	DATA 	Keypress: z
762.6729 	EXP 	window1: recordFrameIntervals = False
762.8079 	DATA 	Keypress: z
763.0345 	DATA 	Keypress: z
766.6685 	DATA 	Keypress: x
766.7821 	EXP 	window1: recordFrameIntervals = False
767.0351 	DATA 	Keypress: x
770.9079 	EXP 	window1: recordFrameIntervals = False
771.2769 	DATA 	Keypress: y
775.0037 	DATA 	Keypress: n
775.1709 	DATA 	Keypress: n
775.2009 	EXP 	window1: recordFrameIntervals = False
775.3525 	DATA 	Keypress: n
775.5141 	DATA 	Keypress: n
779.0612 	DATA 	Keypress: e
779.3252 	EXP 	window1: recordFrameIntervals = False
779.4936 	DATA 	Keypress: e
779.7296 	DATA 	Keypress: e
783.7017 	EXP 	window1: recordFrameIntervals = False
783.7865 	DATA 	Keypress: a
784.3067 	DATA 	Keypress: a
787.9127 	EXP 	window1: recordFrameIntervals = False
788.2985 	DATA 	Keypress: q
792.4728 	EXP 	window1: recordFrameIntervals = False
792.9420 	DATA 	Keypress: g
808.5766 	DATA 	Keypress: space
812.0018 	DATA 	Keypress: o
812.2187 	DATA 	Keypress: o
812.3690 	DATA 	Keypress: o
812.5530 	DATA 	Keypress: o
812.7364 	DATA 	Keypress: o
812.7500 	EXP 	window1: recordFrameIntervals = False
812.9351 	DATA 	Keypress: o
817.0430 	EXP 	window1: recordFrameIntervals = False
817.3451 	DATA 	Keypress: w
821.6048 	EXP 	window1: recordFrameIntervals = False
822.0406 	DATA 	Keypress: r
826.0648 	EXP 	window1: recordFrameIntervals = False
826.5005 	DATA 	Keypress: w
830.5582 	EXP 	window1: recordFrameIntervals = False
831.4118 	DATA 	Keypress: y
835.6529 	EXP 	window1: recordFrameIntervals = False
835.9884 	DATA 	Keypress: e
839.9995 	DATA 	Keypress: z
840.2466 	EXP 	window1: recordFrameIntervals = False
840.3652 	DATA 	Keypress: z
840.5515 	DATA 	Keypress: z
844.6064 	EXP 	window1: recordFrameIntervals = False
844.7081 	DATA 	Keypress: i
844.8954 	DATA 	Keypress: i
848.9661 	EXP 	window1: recordFrameIntervals = False
849.4019 	DATA 	Keypress: v
853.5931 	EXP 	window1: recordFrameIntervals = False
854.0457 	DATA 	Keypress: z
857.8844 	EXP 	window1: recordFrameIntervals = False
859.6065 	DATA 	Keypress: z
862.9826 	DATA 	Keypress: u
863.2495 	DATA 	Keypress: u
863.4167 	DATA 	Keypress: u
863.5836 	DATA 	Keypress: u
863.7508 	DATA 	Keypress: u
863.8311 	EXP 	window1: recordFrameIntervals = False
863.9845 	DATA 	Keypress: u
864.1037 	DATA 	Keypress: u
864.5047 	DATA 	Keypress: u
868.1591 	EXP 	window1: recordFrameIntervals = False
868.5781 	DATA 	Keypress: l
872.4854 	EXP 	window1: recordFrameIntervals = False
872.8878 	DATA 	Keypress: d
877.0791 	EXP 	window1: recordFrameIntervals = False
877.4815 	DATA 	Keypress: z
881.5425 	DATA 	Keypress: h
881.5891 	EXP 	window1: recordFrameIntervals = False
881.7419 	DATA 	Keypress: h
881.9018 	DATA 	Keypress: h
885.5815 	EXP 	window1: recordFrameIntervals = False
886.0505 	DATA 	Keypress: e
890.0949 	DATA 	Keypress: x
890.3253 	EXP 	window1: recordFrameIntervals = False
890.5273 	DATA 	Keypress: x
894.3828 	EXP 	window1: recordFrameIntervals = False
894.8688 	DATA 	Keypress: w
898.5454 	DATA 	Keypress: e
898.7259 	EXP 	window1: recordFrameIntervals = False
898.7273 	DATA 	Keypress: e
898.8776 	DATA 	Keypress: e
899.0529 	DATA 	Keypress: e
903.1374 	EXP 	window1: recordFrameIntervals = False
903.5230 	DATA 	Keypress: d
903.6847 	DATA 	Keypress: d
907.7811 	EXP 	window1: recordFrameIntervals = False
908.2002 	DATA 	Keypress: w
908.3649 	DATA 	Keypress: w
912.3748 	EXP 	window1: recordFrameIntervals = False
912.8606 	DATA 	Keypress: e
916.9684 	EXP 	window1: recordFrameIntervals = False
917.5045 	DATA 	Keypress: r
921.6121 	EXP 	window1: recordFrameIntervals = False
921.8810 	DATA 	Keypress: i
925.4741 	DATA 	Keypress: m
925.6746 	DATA 	Keypress: m
926.0387 	EXP 	window1: recordFrameIntervals = False
926.0403 	DATA 	Keypress: m
926.1738 	DATA 	Keypress: m
926.3961 	DATA 	Keypress: m
930.4487 	EXP 	window1: recordFrameIntervals = False
930.9177 	DATA 	Keypress: a
934.7583 	EXP 	window1: recordFrameIntervals = False
935.2608 	DATA 	Keypress: w
939.5340 	EXP 	window1: recordFrameIntervals = False
939.9863 	DATA 	Keypress: p
944.1442 	EXP 	window1: recordFrameIntervals = False
944.3796 	DATA 	Keypress: w
948.3721 	EXP 	window1: recordFrameIntervals = False
948.7244 	DATA 	Keypress: y
952.6650 	EXP 	window1: recordFrameIntervals = False
952.6834 	DATA 	Keypress: b
952.9152 	DATA 	Keypress: b
956.5270 	DATA 	Keypress: p
956.7241 	EXP 	window1: recordFrameIntervals = False
956.7756 	DATA 	Keypress: p
956.9627 	DATA 	Keypress: p
960.5828 	EXP 	window1: recordFrameIntervals = False
961.1354 	DATA 	Keypress: n
964.9426 	EXP 	window1: recordFrameIntervals = False
965.3451 	DATA 	Keypress: w
968.6876 	DATA 	Keypress: m
968.9380 	DATA 	Keypress: m
969.1551 	DATA 	Keypress: m
969.1687 	EXP 	window1: recordFrameIntervals = False
969.3371 	DATA 	Keypress: m
969.5301 	DATA 	Keypress: m
973.2981 	DATA 	Keypress: f
973.3280 	EXP 	window1: recordFrameIntervals = False
973.4963 	DATA 	Keypress: f
976.4365 	DATA 	Keypress: r
976.8041 	DATA 	Keypress: r
976.9875 	DATA 	Keypress: r
977.1714 	DATA 	Keypress: r
977.3186 	EXP 	window1: recordFrameIntervals = False
977.3190 	ERROR 	trialnum=177 ERROR,1 frames were longer than 20.8 ms apparently screen refreshes skipped, interframe durs were:[ 24.8] and was these frames: [10]
977.3192 	INFO 	flankers also=[ 16.5  24.8  17. ]
977.3371 	DATA 	Keypress: r
977.4982 	DATA 	Keypress: r
977.6495 	DATA 	Keypress: r
980.6965 	DATA 	Keypress: v
980.8968 	DATA 	Keypress: v
981.1973 	DATA 	Keypress: v
981.2943 	EXP 	window1: recordFrameIntervals = False
981.3627 	DATA 	Keypress: v
981.5379 	DATA 	Keypress: v
981.8817 	DATA 	Keypress: v
984.3060 	DATA 	Keypress: j
984.4898 	DATA 	Keypress: j
984.6566 	DATA 	Keypress: j
984.8068 	DATA 	Keypress: j
984.9740 	DATA 	Keypress: j
985.1243 	DATA 	Keypress: j
985.2045 	EXP 	window1: recordFrameIntervals = False
985.4567 	DATA 	Keypress: j
985.6760 	DATA 	Keypress: j
988.8165 	DATA 	Keypress: y
989.0499 	DATA 	Keypress: y
989.2167 	DATA 	Keypress: y
989.3973 	EXP 	window1: recordFrameIntervals = False
989.6661 	DATA 	Keypress: y
989.8416 	DATA 	Keypress: y
993.8573 	EXP 	window1: recordFrameIntervals = False
994.1772 	DATA 	Keypress: m
994.3451 	DATA 	Keypress: m
994.4890 	DATA 	Keypress: m
997.6190 	DATA 	Keypress: m
997.8696 	DATA 	Keypress: m
998.0531 	DATA 	Keypress: m
998.1534 	DATA 	Keypress: m
998.2340 	EXP 	window1: recordFrameIntervals = False
998.4857 	DATA 	Keypress: m
998.6410 	DATA 	Keypress: m
1002.4098 	EXP 	window1: recordFrameIntervals = False
1002.8456 	DATA 	Keypress: v
1002.9931 	DATA 	Keypress: v
1005.9712 	DATA 	Keypress: q
1006.2050 	DATA 	Keypress: q
1006.4220 	DATA 	Keypress: q
1006.6059 	DATA 	Keypress: q
1006.7895 	DATA 	Keypress: q
1006.9867 	EXP 	window1: recordFrameIntervals = False
1007.0717 	DATA 	Keypress: q
1007.2969 	DATA 	Keypress: q
1010.9321 	DATA 	Keypress: f
1011.2796 	EXP 	window1: recordFrameIntervals = False
1011.3146 	DATA 	Keypress: f
1011.5042 	DATA 	Keypress: f
1015.4208 	EXP 	window1: recordFrameIntervals = False
1015.9232 	DATA 	Keypress: z
1019.7470 	EXP 	window1: recordFrameIntervals = False
1020.0168 	DATA 	Keypress: s
1020.1923 	DATA 	Keypress: s
1024.2587 	EXP 	window1: recordFrameIntervals = False
1024.4941 	DATA 	Keypress: z
1027.3021 	DATA 	Keypress: d
1027.8367 	DATA 	Keypress: d
1028.2042 	DATA 	Keypress: d
1028.3680 	EXP 	window1: recordFrameIntervals = False
1028.5364 	DATA 	Keypress: d
1032.7110 	EXP 	window1: recordFrameIntervals = False
1033.0798 	DATA 	Keypress: e
1033.2635 	DATA 	Keypress: e
1036.4393 	DATA 	Keypress: a
1036.6896 	DATA 	Keypress: a
1036.8703 	EXP 	window1: recordFrameIntervals = False
1036.9552 	DATA 	Keypress: a
1037.1673 	DATA 	Keypress: a
1039.7633 	DATA 	Keypress: f
1040.0137 	DATA 	Keypress: f
1040.2143 	DATA 	Keypress: f
1040.3981 	DATA 	Keypress: f
1040.6151 	DATA 	Keypress: f
1040.8156 	DATA 	Keypress: f
1040.9294 	EXP 	window1: recordFrameIntervals = False
1040.9808 	DATA 	Keypress: f
1041.5009 	DATA 	Keypress: f
1045.1555 	EXP 	window1: recordFrameIntervals = False
1045.4409 	DATA 	Keypress: m
1045.6312 	DATA 	Keypress: m
1045.9606 	DATA 	Keypress: m
1049.5988 	EXP 	window1: recordFrameIntervals = False
1049.7672 	DATA 	Keypress: e
1050.2871 	DATA 	Keypress: e
1053.9402 	EXP 	window1: recordFrameIntervals = False
1054.3759 	DATA 	Keypress: c
1054.6066 	DATA 	Keypress: c
1058.4002 	EXP 	window1: recordFrameIntervals = False
1058.7691 	DATA 	Keypress: a
1062.6781 	EXP 	window1: recordFrameIntervals = False
1063.0803 	DATA 	Keypress: u
1063.2705 	DATA 	Keypress: u
1066.8242 	DATA 	Keypress: e
1066.9909 	DATA 	Keypress: e
1067.2215 	EXP 	window1: recordFrameIntervals = False
1067.3567 	DATA 	Keypress: e
1067.5504 	DATA 	Keypress: e
1071.6315 	EXP 	window1: recordFrameIntervals = False
1072.1173 	DATA 	Keypress: e
1072.2780 	DATA 	Keypress: e
1076.3754 	EXP 	window1: recordFrameIntervals = False
1077.7800 	DATA 	Keypress: t
1081.6540 	EXP 	window1: recordFrameIntervals = False
1082.0228 	DATA 	Keypress: n
1082.2857 	DATA 	Keypress: n
1086.0471 	EXP 	window1: recordFrameIntervals = False
1086.5497 	DATA 	Keypress: b
1090.6909 	EXP 	window1: recordFrameIntervals = False
1091.1769 	DATA 	Keypress: z
1095.2543 	DATA 	Keypress: m
1095.2844 	EXP 	window1: recordFrameIntervals = False
1095.7201 	DATA 	Keypress: m
1099.9600 	EXP 	window1: recordFrameIntervals = False
1101.0484 	DATA 	Keypress: x
1105.2551 	EXP 	window1: recordFrameIntervals = False
1105.6600 	DATA 	Keypress: r
1109.4663 	EXP 	window1: recordFrameIntervals = False
1109.8026 	DATA 	Keypress: e
1113.7925 	EXP 	window1: recordFrameIntervals = False
1114.1957 	DATA 	Keypress: w
1118.2525 	EXP 	window1: recordFrameIntervals = False
1118.6056 	DATA 	Keypress: k
1138.6602 	DATA 	Keypress: space
1139.1917 	DATA 	Keypress: space
1142.2588 	DATA 	Keypress: s
1142.6097 	DATA 	Keypress: s
1142.7892 	EXP 	window1: recordFrameIntervals = False
1142.8928 	DATA 	Keypress: s
1143.0523 	DATA 	Keypress: s
1146.9485 	EXP 	window1: recordFrameIntervals = False
1147.2515 	DATA 	Keypress: k
1147.4199 	DATA 	Keypress: k
1151.2264 	EXP 	window1: recordFrameIntervals = False
1151.5127 	DATA 	Keypress: k
1151.6923 	DATA 	Keypress: k
1155.4358 	EXP 	window1: recordFrameIntervals = False
1155.8727 	DATA 	Keypress: b
1159.7455 	EXP 	window1: recordFrameIntervals = False
1160.3000 	DATA 	Keypress: e
1163.7753 	DATA 	Keypress: m
1164.2763 	DATA 	Keypress: m
1164.3057 	EXP 	window1: recordFrameIntervals = False
1164.5418 	DATA 	Keypress: m
1167.6676 	DATA 	Keypress: s
1167.9180 	DATA 	Keypress: s
1168.0849 	DATA 	Keypress: s
1168.2520 	DATA 	Keypress: s
1168.3815 	EXP 	window1: recordFrameIntervals = False
1168.4181 	DATA 	Keypress: s
1168.5951 	DATA 	Keypress: s
1168.9373 	DATA 	Keypress: s
1172.1774 	DATA 	Keypress: h
1172.2067 	EXP 	window1: recordFrameIntervals = False
1172.3759 	DATA 	Keypress: h
1172.5467 	DATA 	Keypress: h
1175.7022 	DATA 	Keypress: m
1176.1030 	DATA 	Keypress: m
1176.3493 	EXP 	window1: recordFrameIntervals = False
1176.3851 	DATA 	Keypress: m
1176.5466 	DATA 	Keypress: m
1180.5404 	EXP 	window1: recordFrameIntervals = False
1180.9604 	DATA 	Keypress: q
1184.8835 	EXP 	window1: recordFrameIntervals = False
1185.6208 	DATA 	Keypress: p
1189.7460 	EXP 	window1: recordFrameIntervals = False
1190.0154 	DATA 	Keypress: l
1194.1098 	DATA 	Keypress: h
1194.2227 	EXP 	window1: recordFrameIntervals = False
1194.2918 	DATA 	Keypress: h
1194.5142 	DATA 	Keypress: h
1198.5491 	EXP 	window1: recordFrameIntervals = False
1198.5517 	DATA 	Keypress: q
1198.8187 	DATA 	Keypress: q
1202.7752 	EXP 	window1: recordFrameIntervals = False
1203.7138 	DATA 	Keypress: n
1207.4063 	DATA 	Keypress: p
1207.5191 	EXP 	window1: recordFrameIntervals = False
1207.6717 	DATA 	Keypress: p
1207.8337 	DATA 	Keypress: p
1211.5159 	DATA 	Keypress: z
1211.5782 	EXP 	window1: recordFrameIntervals = False
1211.9980 	DATA 	Keypress: z
1215.4243 	DATA 	Keypress: r
1215.6415 	DATA 	Keypress: r
1215.8043 	EXP 	window1: recordFrameIntervals = False
1215.8411 	DATA 	Keypress: r
1216.0252 	DATA 	Keypress: r
1216.3762 	DATA 	Keypress: r
1220.0623 	EXP 	window1: recordFrameIntervals = False
1220.4320 	DATA 	Keypress: r
1220.6007 	DATA 	Keypress: r
1224.2717 	EXP 	window1: recordFrameIntervals = False
1224.6081 	DATA 	Keypress: x
1224.8405 	DATA 	Keypress: x
1228.7500 	EXP 	window1: recordFrameIntervals = False
1229.4874 	DATA 	Keypress: r
1233.5942 	EXP 	window1: recordFrameIntervals = False
1233.9807 	DATA 	Keypress: s
1237.0393 	DATA 	Keypress: m
1237.4069 	DATA 	Keypress: m
1237.7702 	EXP 	window1: recordFrameIntervals = False
1237.8059 	DATA 	Keypress: m
1238.1203 	DATA 	Keypress: m
1241.5954 	EXP 	window1: recordFrameIntervals = False
1242.0988 	DATA 	Keypress: u
1246.2559 	EXP 	window1: recordFrameIntervals = False
1246.6257 	DATA 	Keypress: h
1246.8078 	DATA 	Keypress: h
1250.6156 	EXP 	window1: recordFrameIntervals = False
1251.1524 	DATA 	Keypress: u
1255.0239 	EXP 	window1: recordFrameIntervals = False
1255.0764 	DATA 	Keypress: p
1255.3116 	DATA 	Keypress: p
1258.7195 	DATA 	Keypress: m
1259.1038 	DATA 	Keypress: m
1259.3043 	DATA 	Keypress: m
1259.3168 	EXP 	window1: recordFrameIntervals = False
1259.5037 	DATA 	Keypress: m
1259.6793 	DATA 	Keypress: m
1262.5798 	DATA 	Keypress: d
1262.8642 	DATA 	Keypress: d
1263.1310 	DATA 	Keypress: d
1263.3108 	EXP 	window1: recordFrameIntervals = False
1263.6302 	DATA 	Keypress: d
1267.8042 	EXP 	window1: recordFrameIntervals = False
1268.2574 	DATA 	Keypress: h
1272.2975 	EXP 	window1: recordFrameIntervals = False
1272.8009 	DATA 	Keypress: p
1277.0416 	EXP 	window1: recordFrameIntervals = False
1277.1942 	DATA 	Keypress: k
1281.4514 	EXP 	window1: recordFrameIntervals = False
1281.8044 	DATA 	Keypress: u
1285.9447 	EXP 	window1: recordFrameIntervals = False
1287.6343 	DATA 	Keypress: z
1291.4905 	EXP 	window1: recordFrameIntervals = False
1291.5097 	DATA 	Keypress: v
1291.8141 	DATA 	Keypress: v
1295.4478 	EXP 	window1: recordFrameIntervals = False
1295.9845 	DATA 	Keypress: w
1299.7908 	EXP 	window1: recordFrameIntervals = False
1300.5949 	DATA 	Keypress: m
1304.6410 	DATA 	Keypress: n
1304.6534 	EXP 	window1: recordFrameIntervals = False
1304.9060 	DATA 	Keypress: n
1305.0775 	DATA 	Keypress: n
1308.6166 	DATA 	Keypress: z
1308.8627 	EXP 	window1: recordFrameIntervals = False
1308.9820 	DATA 	Keypress: z
1309.2931 	DATA 	Keypress: z
1312.7258 	DATA 	Keypress: q
1312.8717 	EXP 	window1: recordFrameIntervals = False
1312.9420 	DATA 	Keypress: q
1313.1574 	DATA 	Keypress: q
1317.0645 	EXP 	window1: recordFrameIntervals = False
1317.5513 	DATA 	Keypress: s
1320.9941 	DATA 	Keypress: w
1321.1944 	DATA 	Keypress: w
1321.3446 	DATA 	Keypress: w
1321.3741 	EXP 	window1: recordFrameIntervals = False
1321.5601 	DATA 	Keypress: w
1321.7007 	DATA 	Keypress: w
1325.6838 	EXP 	window1: recordFrameIntervals = False
1326.0536 	DATA 	Keypress: g
1326.2444 	DATA 	Keypress: g
1330.0268 	EXP 	window1: recordFrameIntervals = False
1330.3800 	DATA 	Keypress: y
1330.5325 	DATA 	Keypress: y
1334.5370 	EXP 	window1: recordFrameIntervals = False
1335.0739 	DATA 	Keypress: q
1338.7988 	DATA 	Keypress: a
1338.9451 	EXP 	window1: recordFrameIntervals = False
1339.0811 	DATA 	Keypress: a
1339.2601 	DATA 	Keypress: a
1342.8416 	DATA 	Keypress: l
1343.0585 	DATA 	Keypress: l
1343.1546 	EXP 	window1: recordFrameIntervals = False
1343.2237 	DATA 	Keypress: l
1343.4038 	DATA 	Keypress: l
1343.7443 	DATA 	Keypress: l
1346.5014 	DATA 	Keypress: m
1346.9520 	DATA 	Keypress: m
1347.2695 	DATA 	Keypress: m
1347.3991 	EXP 	window1: recordFrameIntervals = False
1347.5518 	DATA 	Keypress: m
1347.7799 	DATA 	Keypress: m
1350.6270 	DATA 	Keypress: n
1350.8776 	DATA 	Keypress: n
1351.1949 	DATA 	Keypress: n
1351.3913 	EXP 	window1: recordFrameIntervals = False
1351.4285 	DATA 	Keypress: n
1351.6995 	DATA 	Keypress: n
1355.1876 	DATA 	Keypress: s
1355.4879 	DATA 	Keypress: s
1355.5506 	EXP 	window1: recordFrameIntervals = False
1355.7034 	DATA 	Keypress: s
1355.9554 	DATA 	Keypress: s
1359.8603 	EXP 	window1: recordFrameIntervals = False
1360.1132 	DATA 	Keypress: l
1363.8902 	DATA 	Keypress: s
1363.9361 	EXP 	window1: recordFrameIntervals = False
1364.1223 	DATA 	Keypress: s
1364.3790 	DATA 	Keypress: s
1368.0621 	EXP 	window1: recordFrameIntervals = False
1368.0646 	DATA 	Keypress: m
1368.5153 	DATA 	Keypress: m
1371.8746 	DATA 	Keypress: a
1372.1920 	DATA 	Keypress: a
1372.6095 	DATA 	Keypress: a
1372.7559 	EXP 	window1: recordFrameIntervals = False
1372.9252 	DATA 	Keypress: a
1373.1466 	DATA 	Keypress: a
1376.8300 	EXP 	window1: recordFrameIntervals = False
1377.0996 	DATA 	Keypress: r
1377.2826 	DATA 	Keypress: r
1381.0772 	DATA 	Keypress: f
1381.2232 	EXP 	window1: recordFrameIntervals = False
1381.2757 	DATA 	Keypress: f
1381.4102 	DATA 	Keypress: f
1381.7967 	DATA 	Keypress: f
1384.7703 	DATA 	Keypress: d
1385.0041 	DATA 	Keypress: d
1385.3548 	DATA 	Keypress: d
1385.5012 	EXP 	window1: recordFrameIntervals = False
1385.6704 	DATA 	Keypress: d
1389.8775 	EXP 	window1: recordFrameIntervals = False
1390.2140 	DATA 	Keypress: k
1390.4020 	DATA 	Keypress: k
1393.4567 	DATA 	Keypress: s
1393.7404 	DATA 	Keypress: s
1393.9240 	DATA 	Keypress: s
1394.1078 	DATA 	Keypress: s
1394.2040 	EXP 	window1: recordFrameIntervals = False
1394.2731 	DATA 	Keypress: s
1394.4898 	DATA 	Keypress: s
1398.5469 	EXP 	window1: recordFrameIntervals = False
1398.5473 	ERROR 	trialnum=269 ERROR,1 frames were longer than 20.8 ms apparently screen refreshes skipped, interframe durs were:[ 116.4] and was these frames: [59]
1398.5476 	INFO 	flankers also=[  16.7  116.4    6. ]
1398.6487 	DATA 	Keypress: j
1398.8568 	DATA 	Keypress: j
1401.8076 	DATA 	Keypress: e
1402.0584 	DATA 	Keypress: e
1402.3085 	DATA 	Keypress: e
1402.5090 	DATA 	Keypress: e
1402.6061 	EXP 	window1: recordFrameIntervals = False
1402.7578 	DATA 	Keypress: e
1406.9993 	EXP 	window1: recordFrameIntervals = False
1408.4039 	DATA 	Keypress: a
1412.2109 	EXP 	window1: recordFrameIntervals = False
1412.5296 	DATA 	Keypress: w
1412.7203 	DATA 	Keypress: w
1416.2217 	DATA 	Keypress: d
1416.5558 	DATA 	Keypress: d
1416.6692 	EXP 	window1: recordFrameIntervals = False
1416.8886 	DATA 	Keypress: d
1420.6651 	DATA 	Keypress: v
1420.9956 	EXP 	window1: recordFrameIntervals = False
1421.0472 	DATA 	Keypress: v
1421.1919 	DATA 	Keypress: v
1421.5672 	DATA 	Keypress: v
1425.0429 	DATA 	Keypress: m
1425.2568 	EXP 	window1: recordFrameIntervals = False
1425.2572 	ERROR 	trialnum=275 ERROR,1 frames were longer than 20.8 ms apparently screen refreshes skipped, interframe durs were:[ 21.1] and was these frames: [1]
1425.2575 	INFO 	flankers also=[ 16.6  21.1  13.9]
1425.3252 	DATA 	Keypress: m
1425.5117 	DATA 	Keypress: m
1425.8450 	DATA 	Keypress: m
1429.5664 	EXP 	window1: recordFrameIntervals = False
1430.0190 	DATA 	Keypress: z
1433.9428 	EXP 	window1: recordFrameIntervals = False
1434.3285 	DATA 	Keypress: w
1438.3695 	EXP 	window1: recordFrameIntervals = False
1438.4379 	DATA 	Keypress: j
1438.6554 	DATA 	Keypress: j
1438.9582 	DATA 	Keypress: j
1442.4286 	EXP 	window1: recordFrameIntervals = False
1442.6807 	DATA 	Keypress: j
1442.8951 	DATA 	Keypress: j
1443.1979 	INFO 	Finishing at 12:58 on 28 Feb 2019
1443.6129 	EXP 	window1: mouseVisible = True
