27.4217 	INFO 	Successfully set darwin thread to realtime
28.4335 	INFO 	#[ PsychoPy3 RuntimeInfoStart ]
  #[[ PsychoPy ]] #---------
    psychopyVersion: 3.0.3
    psychopyHaveExtRush: True
  #[[ Experiment ]] #---------
    experimentRunTime: 2019_02_28 13:00 (Year_Month_Day Hour:Min)
    experimentRunTime.epoch: 1551376819
    experimentScript: RSVP_visual_now.py
    experimentScript.digestSHA1: a35bd9a0ace028ead088f0478161fd348a168ea9
    experimentScript.directory: /Users/vsg/Documents/GitHub/spatio_temporal_information_processing/RSVP_visual_now
  #[[ System ]] #---------
    systemHaveInternetAccess: True
    systemHostName: VSG-lab1.local
    systemLocale: C
    systemMemFreeRAM: 1523.48046875
    systemMemTotalRAM: 4096.0
    systemPlatform: darwin 10.10.5 x86_64
    systemRavailable: R version 3.2.3 (2015-12-10) -- Wooden Christmas-Tree
    systemRebooted: Feb 4 16:27
    systemSec.OpenSSLVersion: OpenSSL 0.9.8zg 14 July 2015
    systemSec.pythonSSL: True
    systemTimeNumpySD1000000_sec: 0.0125
    systemUser: vsg
    systemUserID: 502
    systemUserProcCount: 91
    systemUserProcFlagged: mdworker Safari
    systemUsersCount: 1
  #[[ Window ]] #---------
    windowWinType: pyglet
    windowUnits: deg
    windowSize_pix: [1920 1200]
    windowScreen: 0
    windowRgb: [-0.7 -0.7 -0.7]
    windowRefreshTimeSD_ms: 0.525
    windowRefreshTimeMedian_ms: 16.708
    windowRefreshTimeAvg_ms: 16.733
    windowPos_pix: [0, 0]
    windowMonitor.name: testmonitor
    windowMonitor.getWidth_cm: 52.0
    windowMonitor.getDistance_cm: 65.0
    windowMonitor.currentCalibName: 2019_02_04 12:46
    windowIsFullScr: True
  #[[ Python ]] #---------
    pythonVersion: 2.7.13
  #[[ OpenGL ]] #---------
#[ PsychoPy3 RuntimeInfoEnd ]

28.4594 	WARNING 	Could not load the desired click sound file, instead using manually created inferior click
28.8890 	EXP 	Created sequence: random, trialTypes=280, nReps=14, seed=None
29.1972 	INFO 	total SOA (ISI + letterDur)=100.0 or 6 frames, comprising
ISIframes =3 or 50.0 ms and letterDurFrames =3 or 50.0ms
cueDurFrames =3.0 or 50.0 ms

29.1973 	INFO 	numtrials=280 and each trialDurFrames=156 or 2600.0 ms  task=T1
30.2772 	EXP 	Created text = TextStim(alignHoriz='center', alignVert='center', antialias=True, autoLog=True, bold=False, color=array([ 1.,  1.,  1.]), colorSpace='rgb', contrast=1.0, depth=-1.0, flipHoriz=False, flipVert=False, font='Arial', fontFiles=[], height=0.5, italic=False, languageStyle='LTR', name='text', opacity=1.0, ori=0, pos=array([ 0.,  0.]), rgb=array([ 1.,  1.,  1.]), text='', units='deg', win=Window(...), wrapWidth=30)
31.2153 	EXP 	text: text = "Welcome! Thank you for agreeing to participate in this study.\n\nYou will be presented with a Rapid Stream of letters. Your task is to identify one of the letters.\n\nThe letter you're supposed to identify is accompanied by a probe that can appear anywhere on the horizontal axis of the screen.\n\nThe probe is a circular disk that will be flashed for a very brief time.\n\nThis probe is embedded in another Rapid Stream of letters.\n\nYour task is identify the foveal letter that was present when the probe appeared.\n\nOnce you've identified the letter after the trial ends, type it out on the keyboard.\n\nOh! And one more thing! You will perform this task while fixating in the center, and detecting the probe with your peripheral vision.\n\nIf you're feeling uncomfortable, you can press ESC key any time to stop the experiment.\n\nPress any key when you are ready to begin the experiment.\n\n"
31.2153 	EXP 	text: autoDraw = True
216.1303 	DATA 	Keypress: space
216.1313 	EXP 	text: autoDraw = False
216.1317 	INFO 	Experiment will have 280 trials. Letters will be drawn with superposed noise of0.00%
216.1317 	INFO 	Starting main (non-staircase) part of experiment
219.6922 	EXP 	window1: recordFrameIntervals = False
226.7947 	DATA 	Keypress: k
230.9524 	EXP 	window1: recordFrameIntervals = False
235.5476 	DATA 	Keypress: o
239.6886 	EXP 	window1: recordFrameIntervals = False
247.3910 	DATA 	Keypress: e
251.4316 	EXP 	window1: recordFrameIntervals = False
259.0668 	DATA 	Keypress: o
263.2080 	EXP 	window1: recordFrameIntervals = False
271.6282 	DATA 	Keypress: p
275.6525 	EXP 	window1: recordFrameIntervals = False
277.2910 	DATA 	Keypress: s
281.3987 	EXP 	window1: recordFrameIntervals = False
283.1206 	DATA 	Keypress: m
287.1616 	EXP 	window1: recordFrameIntervals = False
291.4893 	DATA 	Keypress: e
295.3449 	EXP 	window1: recordFrameIntervals = False
300.0404 	DATA 	Keypress: q
304.3167 	EXP 	window1: recordFrameIntervals = False
313.9064 	DATA 	Keypress: d
317.8637 	EXP 	window1: recordFrameIntervals = False
322.8440 	DATA 	Keypress: b
327.0676 	EXP 	window1: recordFrameIntervals = False
328.4890 	DATA 	Keypress: s
332.7304 	EXP 	window1: recordFrameIntervals = False
347.6820 	DATA 	Keypress: m
351.4891 	EXP 	window1: recordFrameIntervals = False
357.6042 	DATA 	Keypress: r
361.3945 	EXP 	window1: recordFrameIntervals = False
370.2827 	DATA 	Keypress: z
374.1731 	EXP 	window1: recordFrameIntervals = False
378.9520 	DATA 	Keypress: r
382.9929 	EXP 	window1: recordFrameIntervals = False
386.6860 	DATA 	Keypress: i
390.9424 	EXP 	window1: recordFrameIntervals = False
392.2134 	DATA 	Keypress: s
396.2877 	EXP 	window1: recordFrameIntervals = False
400.2329 	DATA 	Keypress: p
404.1069 	EXP 	window1: recordFrameIntervals = False
405.1774 	DATA 	Keypress: o
409.0847 	EXP 	window1: recordFrameIntervals = False
415.3002 	DATA 	Keypress: q
419.3577 	EXP 	window1: recordFrameIntervals = False
421.5808 	DATA 	Keypress: p
425.4046 	EXP 	window1: recordFrameIntervals = False
426.2077 	DATA 	Keypress: g
430.3490 	EXP 	window1: recordFrameIntervals = False
431.5698 	DATA 	Keypress: r
435.5105 	EXP 	window1: recordFrameIntervals = False
440.4564 	DATA 	Keypress: m
444.3286 	EXP 	window1: recordFrameIntervals = False
447.3701 	DATA 	Keypress: r
451.2625 	EXP 	window1: recordFrameIntervals = False
452.4333 	DATA 	Keypress: z
456.2403 	EXP 	window1: recordFrameIntervals = False
465.1784 	DATA 	Keypress: u
469.2527 	EXP 	window1: recordFrameIntervals = False
470.7910 	DATA 	Keypress: m
474.6816 	EXP 	window1: recordFrameIntervals = False
484.6220 	DATA 	Keypress: n
488.8133 	EXP 	window1: recordFrameIntervals = False
496.8993 	DATA 	Keypress: o
500.8067 	EXP 	window1: recordFrameIntervals = False
501.8449 	DATA 	Keypress: x
505.9517 	EXP 	window1: recordFrameIntervals = False
507.4397 	DATA 	Keypress: w
511.5792 	EXP 	window1: recordFrameIntervals = False
513.6186 	DATA 	Keypress: n
517.4089 	EXP 	window1: recordFrameIntervals = False
521.0702 	DATA 	Keypress: a
525.0278 	EXP 	window1: recordFrameIntervals = False
529.4390 	DATA 	Keypress: m
533.4632 	EXP 	window1: recordFrameIntervals = False
535.2354 	DATA 	Keypress: b
539.1761 	EXP 	window1: recordFrameIntervals = False
540.7142 	DATA 	Keypress: p
544.9724 	EXP 	window1: recordFrameIntervals = False
546.1932 	DATA 	Keypress: m
550.2008 	EXP 	window1: recordFrameIntervals = False
556.1489 	DATA 	Keypress: k
560.0561 	EXP 	window1: recordFrameIntervals = False
570.9486 	DATA 	Keypress: m
574.9880 	EXP 	window1: recordFrameIntervals = False
579.5663 	DATA 	Keypress: w
583.5588 	EXP 	window1: recordFrameIntervals = False
585.8322 	DATA 	Keypress: d
589.8061 	EXP 	window1: recordFrameIntervals = False
592.3966 	DATA 	Keypress: w
596.2372 	EXP 	window1: recordFrameIntervals = False
597.5251 	DATA 	Keypress: s
601.3319 	EXP 	window1: recordFrameIntervals = False
602.2687 	DATA 	Keypress: r
606.4433 	EXP 	window1: recordFrameIntervals = False
607.7478 	DATA 	Keypress: z
611.7887 	EXP 	window1: recordFrameIntervals = False
621.2780 	DATA 	Keypress: w
625.1853 	EXP 	window1: recordFrameIntervals = False
626.4230 	DATA 	Keypress: x
630.3955 	EXP 	window1: recordFrameIntervals = False
632.8023 	DATA 	Keypress: k
636.8448 	EXP 	window1: recordFrameIntervals = False
637.7818 	DATA 	Keypress: i
641.9061 	EXP 	window1: recordFrameIntervals = False
661.8356 	DATA 	Keypress: c
665.9934 	EXP 	window1: recordFrameIntervals = False
673.1274 	DATA 	Keypress: m
677.0515 	EXP 	window1: recordFrameIntervals = False
678.0384 	DATA 	Keypress: n
681.9792 	EXP 	window1: recordFrameIntervals = False
686.9084 	DATA 	Keypress: p
690.9826 	EXP 	window1: recordFrameIntervals = False
693.8906 	DATA 	Keypress: r
698.0152 	EXP 	window1: recordFrameIntervals = False
710.0280 	DATA 	Keypress: g
714.2331 	EXP 	window1: recordFrameIntervals = False
727.3990 	DATA 	Keypress: p
731.2229 	EXP 	window1: recordFrameIntervals = False
732.8780 	DATA 	Keypress: c
736.9023 	EXP 	window1: recordFrameIntervals = False
738.3904 	DATA 	Keypress: f
742.5983 	EXP 	window1: recordFrameIntervals = False
748.1121 	DATA 	Keypress: p
752.0027 	EXP 	window1: recordFrameIntervals = False
754.7103 	DATA 	Keypress: b
758.6843 	EXP 	window1: recordFrameIntervals = False
760.0054 	DATA 	Keypress: x
764.2301 	EXP 	window1: recordFrameIntervals = False
767.5223 	DATA 	Keypress: s
771.3126 	EXP 	window1: recordFrameIntervals = False
777.9132 	DATA 	Keypress: b
781.8512 	EXP 	window1: recordFrameIntervals = False
793.8646 	DATA 	Keypress: s
798.0058 	EXP 	window1: recordFrameIntervals = False
805.2067 	DATA 	Keypress: t
809.3645 	EXP 	window1: recordFrameIntervals = False
810.8526 	DATA 	Keypress: f
814.7766 	EXP 	window1: recordFrameIntervals = False
821.2928 	DATA 	Keypress: s
825.4506 	EXP 	window1: recordFrameIntervals = False
827.7239 	DATA 	Keypress: q
850.4781 	DATA 	Keypress: space
854.6644 	EXP 	window1: recordFrameIntervals = False
859.2930 	DATA 	Keypress: s
863.4691 	EXP 	window1: recordFrameIntervals = False
865.6253 	DATA 	Keypress: m
869.7497 	EXP 	window1: recordFrameIntervals = False
875.7815 	DATA 	Keypress: b
879.8557 	EXP 	window1: recordFrameIntervals = False
883.8828 	DATA 	Keypress: l
887.8069 	EXP 	window1: recordFrameIntervals = False
891.5834 	DATA 	Keypress: u
895.7246 	EXP 	window1: recordFrameIntervals = False
901.0547 	DATA 	Keypress: z
905.1625 	EXP 	window1: recordFrameIntervals = False
907.9867 	DATA 	Keypress: w
912.1948 	EXP 	window1: recordFrameIntervals = False
919.7966 	DATA 	Keypress: b
924.0213 	EXP 	window1: recordFrameIntervals = False
926.7455 	DATA 	Keypress: f
930.6345 	EXP 	window1: recordFrameIntervals = False
935.2630 	DATA 	Keypress: f
939.1886 	EXP 	window1: recordFrameIntervals = False
945.3373 	DATA 	Keypress: m
949.3948 	EXP 	window1: recordFrameIntervals = False
950.8333 	DATA 	Keypress: x
955.0241 	EXP 	window1: recordFrameIntervals = False
957.5814 	DATA 	Keypress: q
961.3883 	EXP 	window1: recordFrameIntervals = False
963.3777 	DATA 	Keypress: r
967.3684 	EXP 	window1: recordFrameIntervals = False
969.6750 	DATA 	Keypress: p
973.7827 	EXP 	window1: recordFrameIntervals = False
975.1373 	DATA 	Keypress: k
979.3118 	EXP 	window1: recordFrameIntervals = False
980.8668 	DATA 	Keypress: m
984.6889 	EXP 	window1: recordFrameIntervals = False
984.6893 	ERROR 	trialnum=87 ERROR,1 frames were longer than 20.8 ms apparently screen refreshes skipped, interframe durs were:[ 42.3] and was these frames: [5]
984.6897 	INFO 	flankers also=[ 16.9  42.3   2.2]
990.8210 	DATA 	Keypress: r
994.7129 	EXP 	window1: recordFrameIntervals = False
1001.5799 	DATA 	Keypress: y
1005.6875 	EXP 	window1: recordFrameIntervals = False
1006.9751 	DATA 	Keypress: f
1010.9159 	EXP 	window1: recordFrameIntervals = False
1016.2961 	DATA 	Keypress: n
1020.5208 	EXP 	window1: recordFrameIntervals = False
1026.3855 	DATA 	Keypress: k
1030.6268 	EXP 	window1: recordFrameIntervals = False
1036.0404 	DATA 	Keypress: q
1040.1815 	EXP 	window1: recordFrameIntervals = False
1043.6239 	DATA 	Keypress: w
1047.6482 	EXP 	window1: recordFrameIntervals = False
1052.7109 	DATA 	Keypress: u
1056.8505 	EXP 	window1: recordFrameIntervals = False
1058.1047 	DATA 	Keypress: h
1062.1791 	EXP 	window1: recordFrameIntervals = False
1065.4230 	DATA 	Keypress: m
1069.2968 	EXP 	window1: recordFrameIntervals = False
1071.0687 	DATA 	Keypress: t
1075.1765 	EXP 	window1: recordFrameIntervals = False
1080.5734 	DATA 	Keypress: x
1084.7146 	EXP 	window1: recordFrameIntervals = False
1088.7752 	DATA 	Keypress: p
1092.7826 	EXP 	window1: recordFrameIntervals = False
1094.9890 	DATA 	Keypress: m
1098.8629 	EXP 	window1: recordFrameIntervals = False
1101.2039 	DATA 	Keypress: n
1105.1437 	EXP 	window1: recordFrameIntervals = False
1109.2209 	DATA 	Keypress: s
1113.4606 	EXP 	window1: recordFrameIntervals = False
1117.8385 	DATA 	Keypress: w
1121.8477 	EXP 	window1: recordFrameIntervals = False
1126.0251 	DATA 	Keypress: p
1129.9492 	EXP 	window1: recordFrameIntervals = False
1132.3728 	DATA 	Keypress: b
1136.1631 	EXP 	window1: recordFrameIntervals = False
1144.6502 	DATA 	Keypress: t
1148.5910 	EXP 	window1: recordFrameIntervals = False
1152.2181 	DATA 	Keypress: e
1156.0745 	EXP 	window1: recordFrameIntervals = False
1158.0638 	DATA 	Keypress: q
1162.1212 	EXP 	window1: recordFrameIntervals = False
1165.7475 	DATA 	Keypress: x
1169.8385 	EXP 	window1: recordFrameIntervals = False
1176.4715 	DATA 	Keypress: m
1180.4272 	EXP 	window1: recordFrameIntervals = False
1183.3186 	DATA 	Keypress: z
1187.5950 	EXP 	window1: recordFrameIntervals = False
1187.5954 	ERROR 	trialnum=112 ERROR,1 frames were longer than 20.8 ms apparently screen refreshes skipped, interframe durs were:[ 21.] and was these frames: [104]
1187.5957 	INFO 	flankers also=[ 16.6  21.   14. ]
1195.8649 	DATA 	Keypress: m
1199.8056 	EXP 	window1: recordFrameIntervals = False
1205.3361 	DATA 	Keypress: h
1209.3604 	EXP 	window1: recordFrameIntervals = False
1210.8986 	DATA 	Keypress: j
1215.0232 	EXP 	window1: recordFrameIntervals = False
1216.5279 	DATA 	Keypress: n
1220.4017 	EXP 	window1: recordFrameIntervals = False
1222.7920 	DATA 	Keypress: x
1226.7827 	EXP 	window1: recordFrameIntervals = False
1228.0370 	DATA 	Keypress: r
1231.8941 	EXP 	window1: recordFrameIntervals = False
1233.2653 	DATA 	Keypress: u
1237.3064 	EXP 	window1: recordFrameIntervals = False
1238.6274 	DATA 	Keypress: t
1242.7168 	EXP 	window1: recordFrameIntervals = False
1247.3788 	DATA 	Keypress: b
1251.3378 	EXP 	window1: recordFrameIntervals = False
1252.8259 	DATA 	Keypress: i
1257.0173 	EXP 	window1: recordFrameIntervals = False
1258.3549 	DATA 	Keypress: f
1262.1954 	EXP 	window1: recordFrameIntervals = False
1269.9812 	DATA 	Keypress: v
1274.1054 	EXP 	window1: recordFrameIntervals = False
1275.4933 	DATA 	Keypress: z
1279.4005 	EXP 	window1: recordFrameIntervals = False
1281.6906 	DATA 	Keypress: b
1285.9153 	EXP 	window1: recordFrameIntervals = False
1288.5393 	DATA 	Keypress: j
1292.6636 	EXP 	window1: recordFrameIntervals = False
1295.8055 	DATA 	Keypress: r
1299.7461 	EXP 	window1: recordFrameIntervals = False
1304.3246 	DATA 	Keypress: k
1308.3137 	EXP 	window1: recordFrameIntervals = False
1309.6181 	DATA 	Keypress: r
1313.6757 	EXP 	window1: recordFrameIntervals = False
1315.1821 	DATA 	Keypress: g
1319.0227 	EXP 	window1: recordFrameIntervals = False
1322.6490 	DATA 	Keypress: x
1326.8235 	EXP 	window1: recordFrameIntervals = False
1331.7528 	DATA 	Keypress: j
1335.9772 	EXP 	window1: recordFrameIntervals = False
1341.6916 	DATA 	Keypress: r
1345.5154 	EXP 	window1: recordFrameIntervals = False
1347.0369 	DATA 	Keypress: m
1350.8607 	EXP 	window1: recordFrameIntervals = False
1355.7230 	DATA 	Keypress: s
1359.5968 	EXP 	window1: recordFrameIntervals = False
1363.0226 	DATA 	Keypress: o
1367.1621 	EXP 	window1: recordFrameIntervals = False
1372.1082 	DATA 	Keypress: z
1376.0337 	EXP 	window1: recordFrameIntervals = False
1379.2255 	DATA 	Keypress: w
1383.2999 	EXP 	window1: recordFrameIntervals = False
1386.7770 	DATA 	Keypress: g
1406.2477 	DATA 	Keypress: space
1410.1251 	EXP 	window1: recordFrameIntervals = False
1411.6133 	DATA 	Keypress: x
1415.8546 	EXP 	window1: recordFrameIntervals = False
1418.8482 	DATA 	Keypress: f
1422.7216 	EXP 	window1: recordFrameIntervals = False
1425.8313 	DATA 	Keypress: r
1430.0547 	EXP 	window1: recordFrameIntervals = False
1432.6619 	DATA 	Keypress: m
1436.7363 	EXP 	window1: recordFrameIntervals = False
1446.6767 	DATA 	Keypress: g
1450.7511 	EXP 	window1: recordFrameIntervals = False
1452.3895 	DATA 	Keypress: w
1456.2634 	EXP 	window1: recordFrameIntervals = False
1458.5198 	DATA 	Keypress: h
1462.4940 	EXP 	window1: recordFrameIntervals = False
1464.3162 	DATA 	Keypress: s
1468.5225 	EXP 	window1: recordFrameIntervals = False
1474.7880 	DATA 	Keypress: n
1478.6468 	EXP 	window1: recordFrameIntervals = False
1481.6048 	DATA 	Keypress: l
1485.5456 	EXP 	window1: recordFrameIntervals = False
1493.8992 	DATA 	Keypress: q
1497.8733 	EXP 	window1: recordFrameIntervals = False
1503.3369 	DATA 	Keypress: f
1507.2610 	EXP 	window1: recordFrameIntervals = False
1511.1880 	DATA 	Keypress: m
1514.9783 	EXP 	window1: recordFrameIntervals = False
1517.2180 	DATA 	Keypress: n
1521.1588 	EXP 	window1: recordFrameIntervals = False
1523.4486 	DATA 	Keypress: w
1527.4712 	EXP 	window1: recordFrameIntervals = False
1533.9055 	DATA 	Keypress: b
1538.1802 	EXP 	window1: recordFrameIntervals = False
1543.1594 	DATA 	Keypress: p
1547.0335 	EXP 	window1: recordFrameIntervals = False
1548.6217 	DATA 	Keypress: u
1552.8631 	EXP 	window1: recordFrameIntervals = False
1557.4080 	DATA 	Keypress: m
1561.3654 	EXP 	window1: recordFrameIntervals = False
1563.4383 	DATA 	Keypress: x
1567.3789 	EXP 	window1: recordFrameIntervals = False
1569.4349 	DATA 	Keypress: h
1573.3590 	EXP 	window1: recordFrameIntervals = False
1578.5889 	DATA 	Keypress: k
1582.7617 	EXP 	window1: recordFrameIntervals = False
1584.0495 	DATA 	Keypress: k
1588.0236 	EXP 	window1: recordFrameIntervals = False
1590.2817 	DATA 	Keypress: g
1594.1890 	EXP 	window1: recordFrameIntervals = False
1598.4667 	DATA 	Keypress: b
1602.5076 	EXP 	window1: recordFrameIntervals = False
1606.9691 	DATA 	Keypress: r
1610.8764 	EXP 	window1: recordFrameIntervals = False
1612.8492 	DATA 	Keypress: s
1616.7396 	EXP 	window1: recordFrameIntervals = False
1618.1941 	DATA 	Keypress: w
1622.4188 	EXP 	window1: recordFrameIntervals = False
1624.1911 	DATA 	Keypress: b
1628.4324 	EXP 	window1: recordFrameIntervals = False
1630.5385 	DATA 	Keypress: w
1634.5778 	EXP 	window1: recordFrameIntervals = False
1636.0492 	DATA 	Keypress: w
1640.2405 	EXP 	window1: recordFrameIntervals = False
1642.8662 	DATA 	Keypress: x
1646.6565 	EXP 	window1: recordFrameIntervals = False
1648.9965 	DATA 	Keypress: n
1652.8036 	EXP 	window1: recordFrameIntervals = False
1653.9910 	DATA 	Keypress: w
1658.0654 	EXP 	window1: recordFrameIntervals = False
1660.0214 	DATA 	Keypress: b
1663.8450 	EXP 	window1: recordFrameIntervals = False
1665.7841 	DATA 	Keypress: w
1669.7916 	EXP 	window1: recordFrameIntervals = False
1671.9813 	DATA 	Keypress: m
1676.2561 	EXP 	window1: recordFrameIntervals = False
1678.7297 	DATA 	Keypress: t
1682.6037 	EXP 	window1: recordFrameIntervals = False
1684.7099 	DATA 	Keypress: x
1688.8827 	EXP 	window1: recordFrameIntervals = False
1692.9600 	DATA 	Keypress: m
1697.2364 	EXP 	window1: recordFrameIntervals = False
1698.6578 	DATA 	Keypress: u
1702.5316 	EXP 	window1: recordFrameIntervals = False
1712.5222 	DATA 	Keypress: x
1716.3626 	EXP 	window1: recordFrameIntervals = False
1718.2351 	DATA 	Keypress: z
1722.4596 	EXP 	window1: recordFrameIntervals = False
1726.0691 	DATA 	Keypress: m
1730.1936 	EXP 	window1: recordFrameIntervals = False
1731.6649 	DATA 	Keypress: g
1735.5222 	EXP 	window1: recordFrameIntervals = False
1737.3445 	DATA 	Keypress: m
1741.3853 	EXP 	window1: recordFrameIntervals = False
1742.7566 	DATA 	Keypress: k
1747.0464 	EXP 	window1: recordFrameIntervals = False
1748.5679 	DATA 	Keypress: t
1752.8469 	EXP 	window1: recordFrameIntervals = False
1752.8473 	ERROR 	trialnum=188 ERROR,1 frames were longer than 20.8 ms apparently screen refreshes skipped, interframe durs were:[ 21.] and was these frames: [154]
1752.8476 	INFO 	flankers also=[ 16.7  21. ]
1755.3514 	DATA 	Keypress: q
1759.3756 	EXP 	window1: recordFrameIntervals = False
1764.7724 	DATA 	Keypress: n
1768.8635 	EXP 	window1: recordFrameIntervals = False
1771.3706 	DATA 	Keypress: r
1775.3447 	EXP 	window1: recordFrameIntervals = False
1778.3371 	DATA 	Keypress: h
1782.2268 	EXP 	window1: recordFrameIntervals = False
1784.3665 	DATA 	Keypress: j
1788.1735 	EXP 	window1: recordFrameIntervals = False
1789.9122 	DATA 	Keypress: f
1794.0199 	EXP 	window1: recordFrameIntervals = False
1796.1930 	DATA 	Keypress: v
1800.4175 	EXP 	window1: recordFrameIntervals = False
1802.7076 	DATA 	Keypress: z
1806.6967 	EXP 	window1: recordFrameIntervals = False
1812.8969 	DATA 	Keypress: r
1816.7374 	EXP 	window1: recordFrameIntervals = False
1819.4795 	DATA 	Keypress: m
1823.4190 	EXP 	window1: recordFrameIntervals = False
1828.8995 	DATA 	Keypress: y
1832.7232 	EXP 	window1: recordFrameIntervals = False
1834.0275 	DATA 	Keypress: w
1837.8848 	EXP 	window1: recordFrameIntervals = False
1841.6948 	DATA 	Keypress: w
1845.6188 	EXP 	window1: recordFrameIntervals = False
1849.6626 	DATA 	Keypress: f
1853.4530 	EXP 	window1: recordFrameIntervals = False
1857.6305 	DATA 	Keypress: q
1861.8050 	EXP 	window1: recordFrameIntervals = False
1864.7631 	DATA 	Keypress: w
1868.7690 	EXP 	window1: recordFrameIntervals = False
1875.2533 	DATA 	Keypress: x
1879.4111 	EXP 	window1: recordFrameIntervals = False
1884.4906 	DATA 	Keypress: p
1888.4982 	EXP 	window1: recordFrameIntervals = False
1890.2536 	DATA 	Keypress: z
1894.4615 	EXP 	window1: recordFrameIntervals = False
1897.0687 	DATA 	Keypress: m
1901.1431 	EXP 	window1: recordFrameIntervals = False
1906.8407 	DATA 	Keypress: g
1910.9484 	EXP 	window1: recordFrameIntervals = False
1916.4457 	DATA 	Keypress: w
1936.7782 	DATA 	Keypress: space
1940.9640 	EXP 	window1: recordFrameIntervals = False
1943.3709 	DATA 	Keypress: b
1947.1629 	EXP 	window1: recordFrameIntervals = False
1952.2590 	DATA 	Keypress: w
1956.5005 	EXP 	window1: recordFrameIntervals = False
1958.3394 	DATA 	Keypress: s
1962.6142 	EXP 	window1: recordFrameIntervals = False
1967.7771 	DATA 	Keypress: e
1971.9851 	EXP 	window1: recordFrameIntervals = False
1972.9889 	DATA 	Keypress: x
1977.1800 	EXP 	window1: recordFrameIntervals = False
1979.6872 	DATA 	Keypress: x
1983.5110 	EXP 	window1: recordFrameIntervals = False
1985.0992 	DATA 	Keypress: p
1988.9564 	EXP 	window1: recordFrameIntervals = False
1990.9290 	DATA 	Keypress: h
1994.7679 	EXP 	window1: recordFrameIntervals = False
1996.3729 	DATA 	Keypress: q
2000.1967 	EXP 	window1: recordFrameIntervals = False
2001.6197 	DATA 	Keypress: y
2005.5269 	EXP 	window1: recordFrameIntervals = False
2007.0650 	DATA 	Keypress: u
2010.9892 	EXP 	window1: recordFrameIntervals = False
2012.4272 	DATA 	Keypress: m
2016.4848 	EXP 	window1: recordFrameIntervals = False
2017.9061 	DATA 	Keypress: o
2021.8300 	EXP 	window1: recordFrameIntervals = False
2022.9516 	DATA 	Keypress: b
2026.9583 	EXP 	window1: recordFrameIntervals = False
2030.7684 	DATA 	Keypress: k
2035.0263 	EXP 	window1: recordFrameIntervals = False
2038.7695 	DATA 	Keypress: h
2042.7420 	EXP 	window1: recordFrameIntervals = False
2042.7424 	ERROR 	trialnum=226 ERROR,1 frames were longer than 20.8 ms apparently screen refreshes skipped, interframe durs were:[ 42.5] and was these frames: [0]
2042.7426 	INFO 	flankers also=[ 42.5   2.4]
2044.1968 	DATA 	Keypress: m
2048.2710 	EXP 	window1: recordFrameIntervals = False
2052.8844 	DATA 	Keypress: m
2056.7417 	EXP 	window1: recordFrameIntervals = False
2060.0839 	DATA 	Keypress: q
2064.2083 	EXP 	window1: recordFrameIntervals = False
2066.0806 	DATA 	Keypress: l
2069.9546 	EXP 	window1: recordFrameIntervals = False
2075.8370 	DATA 	Keypress: p
2080.0438 	EXP 	window1: recordFrameIntervals = False
2081.4987 	DATA 	Keypress: s
2085.6731 	EXP 	window1: recordFrameIntervals = False
2086.8105 	DATA 	Keypress: w
2090.6175 	EXP 	window1: recordFrameIntervals = False
2095.8807 	DATA 	Keypress: r
2100.1388 	EXP 	window1: recordFrameIntervals = False
2101.5100 	DATA 	Keypress: x
2102.3179 	DATA 	Keypress: rctrl
2105.3989 	EXP 	window1: recordFrameIntervals = False
2107.0042 	DATA 	Keypress: z
2111.2453 	EXP 	window1: recordFrameIntervals = False
2115.4245 	DATA 	Keypress: f
2119.6659 	EXP 	window1: recordFrameIntervals = False
2121.0036 	DATA 	Keypress: n
2125.1114 	EXP 	window1: recordFrameIntervals = False
2126.3491 	DATA 	Keypress: z
2130.3064 	EXP 	window1: recordFrameIntervals = False
2131.6776 	DATA 	Keypress: u
2135.9523 	EXP 	window1: recordFrameIntervals = False
2137.6243 	DATA 	Keypress: b
2141.8155 	EXP 	window1: recordFrameIntervals = False
2143.0029 	DATA 	Keypress: p
2147.0940 	EXP 	window1: recordFrameIntervals = False
2149.9697 	DATA 	Keypress: s
2153.9259 	EXP 	window1: recordFrameIntervals = False
2155.1301 	DATA 	Keypress: w
2159.1526 	EXP 	window1: recordFrameIntervals = False
2160.3735 	DATA 	Keypress: t
2164.2140 	EXP 	window1: recordFrameIntervals = False
2167.9086 	DATA 	Keypress: u
2171.6991 	EXP 	window1: recordFrameIntervals = False
2173.4211 	DATA 	Keypress: m
2177.2281 	EXP 	window1: recordFrameIntervals = False
2179.5683 	DATA 	Keypress: p
2183.4755 	EXP 	window1: recordFrameIntervals = False
2184.6805 	DATA 	Keypress: w
2188.5368 	EXP 	window1: recordFrameIntervals = False
2191.5784 	DATA 	Keypress: h
2195.4857 	EXP 	window1: recordFrameIntervals = False
2199.0617 	DATA 	Keypress: f
2203.3032 	EXP 	window1: recordFrameIntervals = False
2204.6911 	DATA 	Keypress: g
2208.9142 	EXP 	window1: recordFrameIntervals = False
2212.1061 	DATA 	Keypress: t
2216.1152 	EXP 	window1: recordFrameIntervals = False
2220.7114 	DATA 	Keypress: s
2224.8848 	EXP 	window1: recordFrameIntervals = False
2226.5746 	DATA 	Keypress: x
2230.6478 	EXP 	window1: recordFrameIntervals = False
2231.8352 	DATA 	Keypress: h
2235.8761 	EXP 	window1: recordFrameIntervals = False
2237.1973 	DATA 	Keypress: m
2241.1880 	EXP 	window1: recordFrameIntervals = False
2242.5593 	DATA 	Keypress: s
2246.5501 	EXP 	window1: recordFrameIntervals = False
2249.6584 	DATA 	Keypress: p
2253.6827 	EXP 	window1: recordFrameIntervals = False
2255.3047 	DATA 	Keypress: i
2259.1449 	EXP 	window1: recordFrameIntervals = False
2260.4493 	DATA 	Keypress: x
2264.6389 	EXP 	window1: recordFrameIntervals = False
2265.7097 	DATA 	Keypress: s
2269.8004 	EXP 	window1: recordFrameIntervals = False
2270.9061 	DATA 	Keypress: y
2274.9637 	EXP 	window1: recordFrameIntervals = False
2276.8862 	DATA 	Keypress: y
2280.9938 	EXP 	window1: recordFrameIntervals = False
2285.2549 	DATA 	Keypress: z
2289.5129 	EXP 	window1: recordFrameIntervals = False
2295.8117 	DATA 	Keypress: r
2299.7358 	EXP 	window1: recordFrameIntervals = False
2301.4245 	DATA 	Keypress: b
2305.6492 	EXP 	window1: recordFrameIntervals = False
2307.6383 	DATA 	Keypress: p
2311.8463 	EXP 	window1: recordFrameIntervals = False
2313.2008 	DATA 	Keypress: w
2317.2067 	EXP 	window1: recordFrameIntervals = False
2318.4108 	DATA 	Keypress: u
2322.6021 	EXP 	window1: recordFrameIntervals = False
2323.8914 	DATA 	Keypress: t
2327.9991 	EXP 	window1: recordFrameIntervals = False
2329.1710 	DATA 	Keypress: y
2333.1272 	EXP 	window1: recordFrameIntervals = False
2339.9440 	DATA 	Keypress: b
2343.7512 	EXP 	window1: recordFrameIntervals = False
2350.2002 	DATA 	Keypress: f
2354.1912 	EXP 	window1: recordFrameIntervals = False
2355.3787 	DATA 	Keypress: g
2359.3693 	EXP 	window1: recordFrameIntervals = False
2361.0256 	DATA 	Keypress: q
2364.9987 	EXP 	window1: recordFrameIntervals = False
2366.3363 	DATA 	Keypress: r
2370.2922 	EXP 	window1: recordFrameIntervals = False
2371.5298 	DATA 	Keypress: s
2375.5206 	EXP 	window1: recordFrameIntervals = False
2376.9104 	DATA 	Keypress: f
2380.8175 	EXP 	window1: recordFrameIntervals = False
2383.4917 	DATA 	Keypress: s
2384.0088 	INFO 	Finishing at 13:39 on 28 Feb 2019
2384.4390 	EXP 	window1: mouseVisible = True
