28.4947 	INFO 	Successfully set darwin thread to realtime
29.5154 	INFO 	#[ PsychoPy3 RuntimeInfoStart ]
  #[[ PsychoPy ]] #---------
    psychopyVersion: 3.0.3
    psychopyHaveExtRush: True
  #[[ Experiment ]] #---------
    experimentRunTime: 2019_02_28 17:30 (Year_Month_Day Hour:Min)
    experimentRunTime.epoch: 1551393029
    experimentScript: RSVP_visual_now.py
    experimentScript.digestSHA1: a35bd9a0ace028ead088f0478161fd348a168ea9
    experimentScript.directory: /Users/vsg/Documents/GitHub/spatio_temporal_information_processing/RSVP_visual_now
  #[[ System ]] #---------
    systemHaveInternetAccess: True
    systemHostName: VSG-lab1.local
    systemLocale: C
    systemMemFreeRAM: 1517.22265625
    systemMemTotalRAM: 4096.0
    systemPlatform: darwin 10.10.5 x86_64
    systemRavailable: R version 3.2.3 (2015-12-10) -- Wooden Christmas-Tree
    systemRebooted: Feb 4 16:27
    systemSec.OpenSSLVersion: OpenSSL 0.9.8zg 14 July 2015
    systemSec.pythonSSL: True
    systemTimeNumpySD1000000_sec: 0.0123
    systemUser: vsg
    systemUserID: 502
    systemUserProcCount: 91
    systemUserProcFlagged: mdworker Safari
    systemUsersCount: 1
  #[[ Window ]] #---------
    windowWinType: pyglet
    windowUnits: deg
    windowSize_pix: [1920 1200]
    windowScreen: 0
    windowRgb: [-0.7 -0.7 -0.7]
    windowRefreshTimeSD_ms: 0.034
    windowRefreshTimeMedian_ms: 16.707
    windowRefreshTimeAvg_ms: 16.706
    windowPos_pix: [0, 0]
    windowMonitor.name: testmonitor
    windowMonitor.getWidth_cm: 52.0
    windowMonitor.getDistance_cm: 65.0
    windowMonitor.currentCalibName: 2019_02_04 12:46
    windowIsFullScr: True
  #[[ Python ]] #---------
    pythonVersion: 2.7.13
  #[[ OpenGL ]] #---------
#[ PsychoPy3 RuntimeInfoEnd ]

29.5425 	WARNING 	Could not load the desired click sound file, instead using manually created inferior click
29.9782 	EXP 	Created sequence: random, trialTypes=280, nReps=14, seed=None
30.2637 	INFO 	total SOA (ISI + letterDur)=100.0 or 6 frames, comprising
ISIframes =3 or 50.0 ms and letterDurFrames =3 or 50.0ms
cueDurFrames =3.0 or 50.0 ms

30.2637 	INFO 	numtrials=280 and each trialDurFrames=156 or 2600.0 ms  task=T1
31.3468 	EXP 	Created text = TextStim(alignHoriz='center', alignVert='center', antialias=True, autoLog=True, bold=False, color=array([ 1.,  1.,  1.]), colorSpace='rgb', contrast=1.0, depth=-1.0, flipHoriz=False, flipVert=False, font='Arial', fontFiles=[], height=0.5, italic=False, languageStyle='LTR', name='text', opacity=1.0, ori=0, pos=array([ 0.,  0.]), rgb=array([ 1.,  1.,  1.]), text='', units='deg', win=Window(...), wrapWidth=30)
32.3241 	EXP 	text: text = "Welcome! Thank you for agreeing to participate in this study.\n\nYou will be presented with a Rapid Stream of letters. Your task is to identify one of the letters.\n\nThe letter you're supposed to identify is accompanied by a probe that can appear anywhere on the horizontal axis of the screen.\n\nThe probe is a circular disk that will be flashed for a very brief time.\n\nThis probe is embedded in another Rapid Stream of letters.\n\nYour task is identify the foveal letter that was present when the probe appeared.\n\nOnce you've identified the letter after the trial ends, type it out on the keyboard.\n\nOh! And one more thing! You will perform this task while fixating in the center, and detecting the probe with your peripheral vision.\n\nIf you're feeling uncomfortable, you can press ESC key any time to stop the experiment.\n\nPress any key when you are ready to begin the experiment.\n\n"
32.3241 	EXP 	text: autoDraw = True
144.4083 	DATA 	Keypress: g
144.4094 	EXP 	text: autoDraw = False
144.4097 	INFO 	Experiment will have 280 trials. Letters will be drawn with superposed noise of0.00%
144.4097 	INFO 	Starting main (non-staircase) part of experiment
147.7607 	EXP 	window1: recordFrameIntervals = False
153.9278 	DATA 	Keypress: h
157.9017 	EXP 	window1: recordFrameIntervals = False
160.5592 	DATA 	Keypress: o
164.4163 	EXP 	window1: recordFrameIntervals = False
167.4244 	DATA 	Keypress: u
171.3484 	EXP 	window1: recordFrameIntervals = False
174.4234 	DATA 	Keypress: r
178.5813 	EXP 	window1: recordFrameIntervals = False
180.3701 	DATA 	Keypress: g
184.5948 	EXP 	window1: recordFrameIntervals = False
185.7822 	DATA 	Keypress: r
189.7397 	EXP 	window1: recordFrameIntervals = False
191.1443 	DATA 	Keypress: d
195.3857 	EXP 	window1: recordFrameIntervals = False
196.8236 	DATA 	Keypress: m
200.9799 	EXP 	window1: recordFrameIntervals = False
202.4358 	DATA 	Keypress: x
206.6592 	EXP 	window1: recordFrameIntervals = False
207.9486 	DATA 	Keypress: v
211.9895 	EXP 	window1: recordFrameIntervals = False
213.1102 	DATA 	Keypress: y
217.2012 	EXP 	window1: recordFrameIntervals = False
219.3408 	DATA 	Keypress: q
223.3649 	EXP 	window1: recordFrameIntervals = False
225.5880 	DATA 	Keypress: m
229.6790 	EXP 	window1: recordFrameIntervals = False
230.9500 	DATA 	Keypress: h
234.8574 	EXP 	window1: recordFrameIntervals = False
235.8777 	DATA 	Keypress: g
240.0691 	EXP 	window1: recordFrameIntervals = False
241.1732 	DATA 	Keypress: k
245.3124 	EXP 	window1: recordFrameIntervals = False
246.3997 	DATA 	Keypress: d
250.5909 	EXP 	window1: recordFrameIntervals = False
251.5621 	DATA 	Keypress: f
255.8210 	EXP 	window1: recordFrameIntervals = False
256.8257 	DATA 	Keypress: c
260.6651 	EXP 	window1: recordFrameIntervals = False
261.8358 	DATA 	Keypress: w
266.0438 	EXP 	window1: recordFrameIntervals = False
267.4484 	DATA 	Keypress: e
271.3557 	EXP 	window1: recordFrameIntervals = False
272.4930 	DATA 	Keypress: l
276.4171 	EXP 	window1: recordFrameIntervals = False
277.4886 	DATA 	Keypress: w
281.6454 	EXP 	window1: recordFrameIntervals = False
282.6658 	DATA 	Keypress: b
286.6065 	EXP 	window1: recordFrameIntervals = False
287.5935 	DATA 	Keypress: t
291.7664 	EXP 	window1: recordFrameIntervals = False
293.2712 	DATA 	Keypress: d
297.4625 	EXP 	window1: recordFrameIntervals = False
298.9856 	DATA 	Keypress: t
302.8261 	EXP 	window1: recordFrameIntervals = False
303.8967 	DATA 	Keypress: l
308.0043 	EXP 	window1: recordFrameIntervals = False
309.1251 	DATA 	Keypress: e
313.3498 	EXP 	window1: recordFrameIntervals = False
314.4704 	DATA 	Keypress: v
318.6282 	EXP 	window1: recordFrameIntervals = False
319.7988 	DATA 	Keypress: m
323.9568 	EXP 	window1: recordFrameIntervals = False
325.1945 	DATA 	Keypress: j
329.4023 	EXP 	window1: recordFrameIntervals = False
330.6565 	DATA 	Keypress: p
334.6140 	EXP 	window1: recordFrameIntervals = False
336.2024 	DATA 	Keypress: y
340.4087 	EXP 	window1: recordFrameIntervals = False
341.5293 	DATA 	Keypress: j
345.3698 	EXP 	window1: recordFrameIntervals = False
346.9597 	DATA 	Keypress: d
350.9840 	EXP 	window1: recordFrameIntervals = False
352.5389 	DATA 	Keypress: g
356.5965 	EXP 	window1: recordFrameIntervals = False
357.7674 	DATA 	Keypress: t
361.8249 	EXP 	window1: recordFrameIntervals = False
362.9789 	DATA 	Keypress: e
366.8695 	EXP 	window1: recordFrameIntervals = False
367.9068 	DATA 	Keypress: p
371.8975 	EXP 	window1: recordFrameIntervals = False
373.0347 	DATA 	Keypress: d
377.1593 	EXP 	window1: recordFrameIntervals = False
379.2488 	DATA 	Keypress: y
383.4734 	EXP 	window1: recordFrameIntervals = False
384.6608 	DATA 	Keypress: h
388.6834 	EXP 	window1: recordFrameIntervals = False
390.0380 	DATA 	Keypress: b
394.2626 	EXP 	window1: recordFrameIntervals = False
395.5017 	DATA 	Keypress: d
399.6763 	EXP 	window1: recordFrameIntervals = False
400.8471 	DATA 	Keypress: r
404.7211 	EXP 	window1: recordFrameIntervals = False
406.1089 	DATA 	Keypress: d
410.2834 	EXP 	window1: recordFrameIntervals = False
411.5554 	DATA 	Keypress: a
415.6788 	EXP 	window1: recordFrameIntervals = False
416.9330 	DATA 	Keypress: e
421.0242 	EXP 	window1: recordFrameIntervals = False
422.2950 	DATA 	Keypress: a
426.3861 	EXP 	window1: recordFrameIntervals = False
428.0079 	DATA 	Keypress: v
432.1307 	EXP 	window1: recordFrameIntervals = False
434.4541 	DATA 	Keypress: b
438.6636 	EXP 	window1: recordFrameIntervals = False
439.8344 	DATA 	Keypress: a
444.0256 	EXP 	window1: recordFrameIntervals = False
445.1461 	DATA 	Keypress: d
449.1036 	EXP 	window1: recordFrameIntervals = False
450.1241 	DATA 	Keypress: s
454.1983 	EXP 	window1: recordFrameIntervals = False
455.3692 	DATA 	Keypress: v
459.5938 	EXP 	window1: recordFrameIntervals = False
460.8490 	DATA 	Keypress: r
464.7887 	EXP 	window1: recordFrameIntervals = False
466.5442 	DATA 	Keypress: w
470.6686 	EXP 	window1: recordFrameIntervals = False
471.8571 	DATA 	Keypress: e
475.7784 	EXP 	window1: recordFrameIntervals = False
476.8658 	DATA 	Keypress: i
480.7562 	EXP 	window1: recordFrameIntervals = False
482.0271 	DATA 	Keypress: e
486.2033 	EXP 	window1: recordFrameIntervals = False
487.4744 	DATA 	Keypress: c
491.5988 	EXP 	window1: recordFrameIntervals = False
492.6358 	DATA 	Keypress: g
496.6267 	EXP 	window1: recordFrameIntervals = False
498.0981 	DATA 	Keypress: p
501.9888 	EXP 	window1: recordFrameIntervals = False
503.0425 	DATA 	Keypress: t
507.1502 	EXP 	window1: recordFrameIntervals = False
508.1539 	DATA 	Keypress: g
511.9944 	EXP 	window1: recordFrameIntervals = False
513.1987 	DATA 	Keypress: i
517.4550 	EXP 	window1: recordFrameIntervals = False
519.0101 	DATA 	Keypress: b
523.1010 	EXP 	window1: recordFrameIntervals = False
524.5406 	DATA 	Keypress: l
528.7654 	EXP 	window1: recordFrameIntervals = False
530.1198 	DATA 	Keypress: z
535.6857 	DATA 	Keypress: space
539.7549 	EXP 	window1: recordFrameIntervals = False
541.3266 	DATA 	Keypress: f
545.5346 	EXP 	window1: recordFrameIntervals = False
546.7403 	DATA 	Keypress: d
550.5641 	EXP 	window1: recordFrameIntervals = False
551.9187 	DATA 	Keypress: v
555.7925 	EXP 	window1: recordFrameIntervals = False
556.8630 	DATA 	Keypress: e
560.7369 	EXP 	window1: recordFrameIntervals = False
561.7407 	DATA 	Keypress: g
565.6980 	EXP 	window1: recordFrameIntervals = False
566.9690 	DATA 	Keypress: m
570.7594 	EXP 	window1: recordFrameIntervals = False
572.0303 	DATA 	Keypress: b
575.9376 	EXP 	window1: recordFrameIntervals = False
577.4424 	DATA 	Keypress: d
581.5167 	EXP 	window1: recordFrameIntervals = False
582.7208 	DATA 	Keypress: w
586.9607 	EXP 	window1: recordFrameIntervals = False
588.1146 	DATA 	Keypress: w
591.9552 	EXP 	window1: recordFrameIntervals = False
594.7645 	DATA 	Keypress: n
598.8054 	EXP 	window1: recordFrameIntervals = False
599.9761 	DATA 	Keypress: t
604.0840 	EXP 	window1: recordFrameIntervals = False
605.2546 	DATA 	Keypress: u
609.0450 	EXP 	window1: recordFrameIntervals = False
610.1656 	DATA 	Keypress: r
614.1398 	EXP 	window1: recordFrameIntervals = False
615.2104 	DATA 	Keypress: b
619.0842 	EXP 	window1: recordFrameIntervals = False
620.1213 	DATA 	Keypress: g
624.0787 	EXP 	window1: recordFrameIntervals = False
625.2329 	DATA 	Keypress: i
629.3389 	EXP 	window1: recordFrameIntervals = False
630.5096 	DATA 	Keypress: m
634.7343 	EXP 	window1: recordFrameIntervals = False
635.7897 	DATA 	Keypress: u
639.9308 	EXP 	window1: recordFrameIntervals = False
641.3021 	DATA 	Keypress: k
645.3931 	EXP 	window1: recordFrameIntervals = False
646.8312 	DATA 	Keypress: z
650.9055 	EXP 	window1: recordFrameIntervals = False
652.3769 	DATA 	Keypress: a
656.2507 	EXP 	window1: recordFrameIntervals = False
657.5551 	DATA 	Keypress: l
661.3455 	EXP 	window1: recordFrameIntervals = False
662.3491 	DATA 	Keypress: o
666.3233 	EXP 	window1: recordFrameIntervals = False
667.4774 	DATA 	Keypress: y
671.6186 	EXP 	window1: recordFrameIntervals = False
672.4886 	DATA 	Keypress: l
676.6782 	EXP 	window1: recordFrameIntervals = False
677.8655 	DATA 	Keypress: m
681.8063 	EXP 	window1: recordFrameIntervals = False
683.3296 	DATA 	Keypress: s
687.5375 	EXP 	window1: recordFrameIntervals = False
688.9597 	DATA 	Keypress: o
693.2169 	EXP 	window1: recordFrameIntervals = False
694.3040 	DATA 	Keypress: t
698.1278 	EXP 	window1: recordFrameIntervals = False
699.3656 	DATA 	Keypress: j
703.4397 	EXP 	window1: recordFrameIntervals = False
704.5605 	DATA 	Keypress: x
708.4845 	EXP 	window1: recordFrameIntervals = False
709.6885 	DATA 	Keypress: o
713.8463 	EXP 	window1: recordFrameIntervals = False
715.5181 	DATA 	Keypress: r
719.5090 	EXP 	window1: recordFrameIntervals = False
720.7799 	DATA 	Keypress: m
724.9362 	EXP 	window1: recordFrameIntervals = False
726.1581 	DATA 	Keypress: w
730.3984 	EXP 	window1: recordFrameIntervals = False
731.5207 	DATA 	Keypress: k
735.3445 	EXP 	window1: recordFrameIntervals = False
736.7490 	DATA 	Keypress: d
740.9404 	EXP 	window1: recordFrameIntervals = False
742.1445 	DATA 	Keypress: p
745.9850 	EXP 	window1: recordFrameIntervals = False
747.9241 	DATA 	Keypress: p
751.8481 	EXP 	window1: recordFrameIntervals = False
753.0533 	DATA 	Keypress: w
756.8593 	EXP 	window1: recordFrameIntervals = False
758.0300 	DATA 	Keypress: e
762.2881 	EXP 	window1: recordFrameIntervals = False
763.6596 	DATA 	Keypress: j
767.9341 	EXP 	window1: recordFrameIntervals = False
768.8544 	DATA 	Keypress: s
773.1107 	EXP 	window1: recordFrameIntervals = False
774.7826 	DATA 	Keypress: v
778.9238 	EXP 	window1: recordFrameIntervals = False
779.9802 	DATA 	Keypress: r
784.1371 	EXP 	window1: recordFrameIntervals = False
785.2744 	DATA 	Keypress: b
789.3153 	EXP 	window1: recordFrameIntervals = False
790.4192 	DATA 	Keypress: r
794.3098 	EXP 	window1: recordFrameIntervals = False
795.4137 	DATA 	Keypress: w
799.6551 	EXP 	window1: recordFrameIntervals = False
801.0096 	DATA 	Keypress: w
804.9169 	EXP 	window1: recordFrameIntervals = False
806.2380 	DATA 	Keypress: v
810.1453 	EXP 	window1: recordFrameIntervals = False
811.4998 	DATA 	Keypress: e
815.5558 	EXP 	window1: recordFrameIntervals = False
817.3111 	DATA 	Keypress: p
821.1516 	EXP 	window1: recordFrameIntervals = False
822.3240 	DATA 	Keypress: m
826.1979 	EXP 	window1: recordFrameIntervals = False
827.4188 	DATA 	Keypress: g
831.6100 	EXP 	window1: recordFrameIntervals = False
833.4154 	DATA 	Keypress: f
837.3228 	EXP 	window1: recordFrameIntervals = False
839.2117 	DATA 	Keypress: a
843.2361 	EXP 	window1: recordFrameIntervals = False
844.4067 	DATA 	Keypress: g
848.6147 	EXP 	window1: recordFrameIntervals = False
850.2199 	DATA 	Keypress: k
854.1773 	EXP 	window1: recordFrameIntervals = False
855.3312 	DATA 	Keypress: l
859.3705 	EXP 	window1: recordFrameIntervals = False
860.6916 	DATA 	Keypress: u
864.7993 	EXP 	window1: recordFrameIntervals = False
866.1722 	DATA 	Keypress: e
869.9962 	EXP 	window1: recordFrameIntervals = False
871.2335 	DATA 	Keypress: y
875.4749 	EXP 	window1: recordFrameIntervals = False
876.6289 	DATA 	Keypress: m
880.7033 	EXP 	window1: recordFrameIntervals = False
882.0578 	DATA 	Keypress: v
885.9650 	EXP 	window1: recordFrameIntervals = False
886.9520 	DATA 	Keypress: b
890.8761 	EXP 	window1: recordFrameIntervals = False
892.5313 	DATA 	Keypress: z
896.3216 	EXP 	window1: recordFrameIntervals = False
897.3754 	DATA 	Keypress: v
901.4647 	EXP 	window1: recordFrameIntervals = False
902.5352 	DATA 	Keypress: l
906.6764 	EXP 	window1: recordFrameIntervals = False
907.7343 	DATA 	Keypress: b
911.7660 	DATA 	Keypress: space
915.9304 	EXP 	window1: recordFrameIntervals = False
916.9174 	DATA 	Keypress: m
920.9752 	EXP 	window1: recordFrameIntervals = False
922.0640 	DATA 	Keypress: space
922.7320 	DATA 	Keypress: n
926.7062 	EXP 	window1: recordFrameIntervals = False
928.6788 	DATA 	Keypress: p
932.6696 	EXP 	window1: recordFrameIntervals = False
933.6733 	DATA 	Keypress: a
937.4636 	EXP 	window1: recordFrameIntervals = False
938.4849 	DATA 	Keypress: w
942.3078 	EXP 	window1: recordFrameIntervals = False
943.5621 	DATA 	Keypress: k
947.4193 	EXP 	window1: recordFrameIntervals = False
948.5902 	DATA 	Keypress: j
952.6309 	EXP 	window1: recordFrameIntervals = False
953.8685 	DATA 	Keypress: s
957.6739 	EXP 	window1: recordFrameIntervals = False
957.6743 	ERROR 	trialnum=148 ERROR,1 frames were longer than 20.8 ms apparently screen refreshes skipped, interframe durs were:[ 41.4] and was these frames: [9]
957.6745 	INFO 	flankers also=[ 16.5  41.4   2.3]
958.9281 	DATA 	Keypress: r
963.0192 	EXP 	window1: recordFrameIntervals = False
964.1583 	DATA 	Keypress: j
968.0153 	EXP 	window1: recordFrameIntervals = False
969.2530 	DATA 	Keypress: s
973.1602 	EXP 	window1: recordFrameIntervals = False
974.8322 	DATA 	Keypress: y
978.8563 	EXP 	window1: recordFrameIntervals = False
979.8766 	DATA 	Keypress: f
983.6671 	EXP 	window1: recordFrameIntervals = False
984.9881 	DATA 	Keypress: o
988.9121 	EXP 	window1: recordFrameIntervals = False
990.0327 	DATA 	Keypress: g
994.2240 	EXP 	window1: recordFrameIntervals = False
996.5640 	DATA 	Keypress: l
1000.7537 	EXP 	window1: recordFrameIntervals = False
1001.9411 	DATA 	Keypress: h
1006.1992 	EXP 	window1: recordFrameIntervals = False
1007.2547 	DATA 	Keypress: j
1011.3123 	EXP 	window1: recordFrameIntervals = False
1012.5498 	DATA 	Keypress: n
1016.6576 	EXP 	window1: recordFrameIntervals = False
1017.9119 	DATA 	Keypress: k
1021.8192 	EXP 	window1: recordFrameIntervals = False
1023.4743 	DATA 	Keypress: j
1027.3315 	EXP 	window1: recordFrameIntervals = False
1028.4345 	DATA 	Keypress: lctrl
1029.3375 	DATA 	Keypress: x
1033.5287 	EXP 	window1: recordFrameIntervals = False
1034.8174 	DATA 	Keypress: g
1039.0076 	EXP 	window1: recordFrameIntervals = False
1040.3289 	DATA 	Keypress: b
1044.4849 	EXP 	window1: recordFrameIntervals = False
1045.9730 	DATA 	Keypress: w
1049.8971 	EXP 	window1: recordFrameIntervals = False
1052.0048 	DATA 	Keypress: p
1056.1126 	EXP 	window1: recordFrameIntervals = False
1058.7867 	DATA 	Keypress: b
1063.0615 	EXP 	window1: recordFrameIntervals = False
1065.5019 	DATA 	Keypress: v
1069.7097 	EXP 	window1: recordFrameIntervals = False
1070.9306 	DATA 	Keypress: h
1074.8379 	EXP 	window1: recordFrameIntervals = False
1075.9585 	DATA 	Keypress: r
1079.8490 	EXP 	window1: recordFrameIntervals = False
1080.8872 	DATA 	Keypress: a
1085.0274 	EXP 	window1: recordFrameIntervals = False
1086.1312 	DATA 	Keypress: l
1090.3543 	EXP 	window1: recordFrameIntervals = False
1091.3750 	DATA 	Keypress: s
1095.2653 	EXP 	window1: recordFrameIntervals = False
1096.5548 	DATA 	Keypress: a
1100.3783 	EXP 	window1: recordFrameIntervals = False
1101.3488 	DATA 	Keypress: t
1105.1892 	EXP 	window1: recordFrameIntervals = False
1106.2095 	DATA 	Keypress: n
1110.2674 	EXP 	window1: recordFrameIntervals = False
1111.2548 	DATA 	Keypress: w
1115.4624 	EXP 	window1: recordFrameIntervals = False
1116.5661 	DATA 	Keypress: a
1120.3899 	EXP 	window1: recordFrameIntervals = False
1121.6608 	DATA 	Keypress: z
1125.5848 	EXP 	window1: recordFrameIntervals = False
1126.7389 	DATA 	Keypress: v
1130.8783 	EXP 	window1: recordFrameIntervals = False
1131.9990 	DATA 	Keypress: r
1135.8896 	EXP 	window1: recordFrameIntervals = False
1137.1956 	DATA 	Keypress: f
1140.9859 	EXP 	window1: recordFrameIntervals = False
1142.0232 	DATA 	Keypress: s
1146.1809 	EXP 	window1: recordFrameIntervals = False
1147.4185 	DATA 	Keypress: j
1151.4595 	EXP 	window1: recordFrameIntervals = False
1152.7971 	DATA 	Keypress: m
1156.8382 	EXP 	window1: recordFrameIntervals = False
1157.9421 	DATA 	Keypress: c
1161.7992 	EXP 	window1: recordFrameIntervals = False
1163.1704 	DATA 	Keypress: b
1167.0944 	EXP 	window1: recordFrameIntervals = False
1168.3153 	DATA 	Keypress: s
1172.5550 	EXP 	window1: recordFrameIntervals = False
1173.6923 	DATA 	Keypress: t
1177.9671 	EXP 	window1: recordFrameIntervals = False
1179.0727 	DATA 	Keypress: t
1183.0969 	EXP 	window1: recordFrameIntervals = False
1185.1030 	DATA 	Keypress: p
1189.3108 	EXP 	window1: recordFrameIntervals = False
1191.0997 	DATA 	Keypress: x
1195.2909 	EXP 	window1: recordFrameIntervals = False
1196.9127 	DATA 	Keypress: u
1200.7865 	EXP 	window1: recordFrameIntervals = False
1202.5252 	DATA 	Keypress: g
1206.6496 	EXP 	window1: recordFrameIntervals = False
1208.1879 	DATA 	Keypress: a
1212.3958 	EXP 	window1: recordFrameIntervals = False
1214.4184 	DATA 	Keypress: p
1218.5580 	EXP 	window1: recordFrameIntervals = False
1219.9125 	DATA 	Keypress: a
1224.0871 	EXP 	window1: recordFrameIntervals = False
1225.0924 	DATA 	Keypress: s
1229.3672 	EXP 	window1: recordFrameIntervals = False
1230.9221 	DATA 	Keypress: e
1235.1134 	EXP 	window1: recordFrameIntervals = False
1236.4511 	DATA 	Keypress: o
1240.5589 	EXP 	window1: recordFrameIntervals = False
1242.0637 	DATA 	Keypress: r
1246.1882 	EXP 	window1: recordFrameIntervals = False
1248.0270 	DATA 	Keypress: l
1251.8341 	EXP 	window1: recordFrameIntervals = False
1254.4915 	DATA 	Keypress: u
1254.5081 	DATA 	Keypress: rctrl
1258.6493 	EXP 	window1: recordFrameIntervals = False
1259.6532 	DATA 	Keypress: q
1263.7425 	EXP 	window1: recordFrameIntervals = False
1265.0135 	DATA 	Keypress: j
1269.0376 	EXP 	window1: recordFrameIntervals = False
1270.0264 	DATA 	Keypress: s
1274.0505 	EXP 	window1: recordFrameIntervals = False
1275.1711 	DATA 	Keypress: t
1279.3791 	EXP 	window1: recordFrameIntervals = False
1280.6168 	DATA 	Keypress: b
1284.5407 	EXP 	window1: recordFrameIntervals = False
1285.6790 	DATA 	Keypress: t
1289.5686 	EXP 	window1: recordFrameIntervals = False
1290.8730 	DATA 	Keypress: c
1306.7657 	DATA 	Keypress: space
1310.6642 	EXP 	window1: recordFrameIntervals = False
1311.7180 	DATA 	Keypress: w
1315.5251 	EXP 	window1: recordFrameIntervals = False
1317.8166 	DATA 	Keypress: p
1321.6404 	EXP 	window1: recordFrameIntervals = False
1323.3790 	DATA 	Keypress: o
1327.3198 	EXP 	window1: recordFrameIntervals = False
1327.7389 	DATA 	Keypress: j
1331.9802 	EXP 	window1: recordFrameIntervals = False
1332.3993 	DATA 	Keypress: m
1336.6574 	EXP 	window1: recordFrameIntervals = False
1337.9283 	DATA 	Keypress: d
1341.8189 	EXP 	window1: recordFrameIntervals = False
1342.4218 	DATA 	Keypress: s
1346.5128 	EXP 	window1: recordFrameIntervals = False
1346.8984 	DATA 	Keypress: l
1350.7890 	EXP 	window1: recordFrameIntervals = False
1351.5924 	DATA 	Keypress: o
1355.4311 	EXP 	window1: recordFrameIntervals = False
1355.7667 	DATA 	Keypress: k
1359.7241 	EXP 	window1: recordFrameIntervals = False
1360.4272 	DATA 	Keypress: j
1364.5531 	EXP 	window1: recordFrameIntervals = False
1365.0391 	DATA 	Keypress: p
1369.0298 	EXP 	window1: recordFrameIntervals = False
1369.5157 	DATA 	Keypress: m
1373.4564 	EXP 	window1: recordFrameIntervals = False
1374.7775 	DATA 	Keypress: d
1378.7015 	EXP 	window1: recordFrameIntervals = False
1379.3378 	DATA 	Keypress: t
1383.4622 	EXP 	window1: recordFrameIntervals = False
1383.7308 	DATA 	Keypress: m
1387.8887 	EXP 	window1: recordFrameIntervals = False
1388.6085 	DATA 	Keypress: w
1392.6995 	EXP 	window1: recordFrameIntervals = False
1392.9516 	DATA 	Keypress: j
1397.0409 	EXP 	window1: recordFrameIntervals = False
1397.8943 	DATA 	Keypress: d
1402.1223 	DATA 	Keypress: f
1402.1524 	EXP 	window1: recordFrameIntervals = False
1403.9762 	DATA 	Keypress: j
1407.7833 	EXP 	window1: recordFrameIntervals = False
1409.0712 	DATA 	Keypress: x
1413.1119 	EXP 	window1: recordFrameIntervals = False
1414.8173 	DATA 	Keypress: a
1418.6577 	EXP 	window1: recordFrameIntervals = False
1419.0767 	DATA 	Keypress: y
1423.1010 	EXP 	window1: recordFrameIntervals = False
1424.3551 	DATA 	Keypress: w
1428.3293 	EXP 	window1: recordFrameIntervals = False
1431.5547 	DATA 	Keypress: j
1435.5121 	EXP 	window1: recordFrameIntervals = False
1436.9668 	DATA 	Keypress: i
1441.0896 	EXP 	window1: recordFrameIntervals = False
1442.1934 	DATA 	Keypress: w
1446.3347 	EXP 	window1: recordFrameIntervals = False
1447.6239 	DATA 	Keypress: t
1451.5646 	EXP 	window1: recordFrameIntervals = False
1452.9693 	DATA 	Keypress: n
1457.1772 	EXP 	window1: recordFrameIntervals = False
1457.7298 	DATA 	Keypress: o
1461.9546 	EXP 	window1: recordFrameIntervals = False
1462.2900 	DATA 	Keypress: m
1466.3644 	EXP 	window1: recordFrameIntervals = False
1466.8169 	DATA 	Keypress: s
1470.7074 	EXP 	window1: recordFrameIntervals = False
1473.8661 	DATA 	Keypress: q
1478.0739 	EXP 	window1: recordFrameIntervals = False
1479.1279 	DATA 	Keypress: z
1482.9214 	DATA 	Keypress: j
1483.0018 	EXP 	window1: recordFrameIntervals = False
1483.6546 	DATA 	Keypress: j
1487.7775 	EXP 	window1: recordFrameIntervals = False
1488.3303 	DATA 	Keypress: n
1492.2708 	EXP 	window1: recordFrameIntervals = False
1492.6732 	DATA 	Keypress: a
1496.8494 	EXP 	window1: recordFrameIntervals = False
1498.3041 	DATA 	Keypress: g
1502.5621 	EXP 	window1: recordFrameIntervals = False
1502.9310 	DATA 	Keypress: m
1506.8551 	EXP 	window1: recordFrameIntervals = False
1507.8420 	DATA 	Keypress: t
1511.6993 	EXP 	window1: recordFrameIntervals = False
1512.3523 	DATA 	Keypress: b
1516.5601 	EXP 	window1: recordFrameIntervals = False
1517.1973 	DATA 	Keypress: d
1521.3543 	EXP 	window1: recordFrameIntervals = False
1522.0572 	DATA 	Keypress: l
1526.0314 	EXP 	window1: recordFrameIntervals = False
1526.4506 	DATA 	Keypress: x
1530.2408 	EXP 	window1: recordFrameIntervals = False
1530.8770 	DATA 	Keypress: n
1534.7158 	EXP 	window1: recordFrameIntervals = False
1535.1850 	DATA 	Keypress: a
1539.2426 	EXP 	window1: recordFrameIntervals = False
1540.6655 	DATA 	Keypress: n
1544.7733 	EXP 	window1: recordFrameIntervals = False
1546.8963 	DATA 	Keypress: b
1550.7534 	EXP 	window1: recordFrameIntervals = False
1552.8095 	DATA 	Keypress: y
1556.7669 	EXP 	window1: recordFrameIntervals = False
1557.3530 	DATA 	Keypress: d
1561.4106 	EXP 	window1: recordFrameIntervals = False
1561.7794 	DATA 	Keypress: w
1565.7370 	EXP 	window1: recordFrameIntervals = False
1566.2898 	DATA 	Keypress: j
1570.5644 	EXP 	window1: recordFrameIntervals = False
1572.1027 	DATA 	Keypress: l
1576.1252 	EXP 	window1: recordFrameIntervals = False
1577.2792 	DATA 	Keypress: f
1581.3904 	DATA 	Keypress: m
1581.5207 	EXP 	window1: recordFrameIntervals = False
1582.1569 	DATA 	Keypress: m
1585.4177 	DATA 	Keypress: d
1585.6183 	DATA 	Keypress: d
1585.9990 	EXP 	window1: recordFrameIntervals = False
1586.3679 	DATA 	Keypress: d
1590.2251 	EXP 	window1: recordFrameIntervals = False
1590.6441 	DATA 	Keypress: n
1594.6350 	EXP 	window1: recordFrameIntervals = False
1595.0038 	DATA 	Keypress: d
1599.1451 	EXP 	window1: recordFrameIntervals = False
1599.6978 	DATA 	Keypress: w
1603.9058 	EXP 	window1: recordFrameIntervals = False
1604.2914 	DATA 	Keypress: t
1608.1151 	EXP 	window1: recordFrameIntervals = False
1608.6011 	DATA 	Keypress: a
1612.4899 	EXP 	window1: recordFrameIntervals = False
1612.4903 	ERROR 	trialnum=271 ERROR,1 frames were longer than 20.8 ms apparently screen refreshes skipped, interframe durs were:[ 42.2] and was these frames: [4]
1612.4906 	INFO 	flankers also=[ 16.5  42.2   2.2]
1612.9256 	DATA 	Keypress: d
1617.0502 	EXP 	window1: recordFrameIntervals = False
1618.1708 	DATA 	Keypress: r
1622.2635 	EXP 	window1: recordFrameIntervals = False
1623.6514 	DATA 	Keypress: h
1627.8760 	EXP 	window1: recordFrameIntervals = False
1628.4966 	DATA 	Keypress: a
1632.7704 	EXP 	window1: recordFrameIntervals = False
1633.1393 	DATA 	Keypress: j
1637.3305 	EXP 	window1: recordFrameIntervals = False
1638.7185 	DATA 	Keypress: d
1642.6759 	EXP 	window1: recordFrameIntervals = False
1643.8467 	DATA 	Keypress: g
1647.7539 	EXP 	window1: recordFrameIntervals = False
1648.4081 	DATA 	Keypress: s
1652.3141 	EXP 	window1: recordFrameIntervals = False
1652.7999 	DATA 	Keypress: t
1653.3171 	INFO 	Finishing at 17:57 on 28 Feb 2019
1653.6325 	EXP 	window1: mouseVisible = True
