10.8612 	WARNING 	User requested fullscreen with size [2880 1800], but screen is actually [1440, 900]. Using actual size
11.7834 	INFO 	Successfully set darwin thread to realtime
12.8370 	INFO 	#[ PsychoPy3 RuntimeInfoStart ]
  #[[ PsychoPy ]] #---------
    psychopyVersion: 3.2.0
    psychopyHaveExtRush: True
  #[[ Experiment ]] #---------
    experimentRunTime: 2019_09_19 16:18 (Year_Month_Day Hour:Min)
    experimentRunTime.epoch: 1568924324
    experimentScript: Time_perception_with_heterogenous_looming_dots.py
    experimentScript.digestSHA1: 6ed2a58a0fc6e7ba432157e3974aa05bba8585ba
    experimentScript.directory: /Volumes/My Passport/Github/spatio_temporal_information_processing/Time_Subjective_Expansion/Object_files_and_Time_representation
  #[[ System ]] #---------
    systemHaveInternetAccess: True
    systemHostName: pbs-jf-aldi.local
    systemLocale: en_US.UTF-8
    systemMemFreeRAM: 7314.32421875
    systemMemTotalRAM: 16384.0
    systemPlatform: darwin 10.14.6 x86_64
    systemRavailable: R version 3.4.1 (2017-06-30) -- Single Candle
    systemRebooted: Sep 16 14:05
    systemSec.OpenSSLVersion: OpenSSL 1.0.2r  26 Feb 2019
    systemSec.pythonSSL: True
    systemTimeNumpySD1000000_sec: 0.0028
    systemUser: supadhy6
    systemUserID: 1903061739
    systemUserProcCount: 368
    systemUserProcFlagged: Skype 'Google Chrome' iTunes mdworker Safari KeyNote Dropbox
    systemUsersCount: 1
  #[[ Window ]] #---------
    windowWinType: pyglet
    windowUnits: deg
    windowSize_pix: [2880 1800]
    windowScreen: 0
    windowRgb: [255. 255. 255.]
    windowRefreshTimeSD_ms: 1.151
    windowRefreshTimeMedian_ms: 16.638
    windowRefreshTimeAvg_ms: 16.546
    windowPos_pix: [0.0, 0.0]
    windowMonitor.name: testmonitor
    windowMonitor.getWidth_cm: 52.0
    windowMonitor.getDistance_cm: 65.0
    windowMonitor.currentCalibName: 2019_01_28 08:48
    windowIsFullScr: True
  #[[ Python ]] #---------
    pythonVersion: 3.6.0
  #[[ OpenGL ]] #---------
#[ PsychoPy3 RuntimeInfoEnd ]

12.9155 	EXP 	Created text = TextStim(__class__=<class 'psychopy.visual.text.TextStim'>, alignHoriz='center', alignVert='center', antialias=True, autoLog=True, bold=False, color='black', colorSpace='named', contrast=1.0, depth=-1.0, flipHoriz=False, flipVert=False, font='Arial', fontFiles=[], height=0.35, italic=False, languageStyle='LTR', name='text', opacity=1.0, ori=0, pos=array([0., 0.]), rgb=array([0., 0., 0.]), text=str(...), units='deg', win=Window(...), wrapWidth=25)
12.9948 	EXP 	text: text = "Welcome! Thank you for agreeing to participate in this study.\n\nYou will be presented with a scene that contains upto 3 objects.\n\nThese objects are looming discs - that either loom together, or independently.\n\nYou are supposed to judge the duration of the scene.\n\nAfter the scene ends, you are required to reproduce the duration of the scene by pressing and holding [SPACE BAR].\n\nIf you're feeling uncomfortable, you can press ESC key any time to stop the experiment.\n\nPress right arrow you are ready to begin the experiment.\n\n"
12.9948 	EXP 	text: autoDraw = True
30.0881 	DATA 	Keypress: right
30.0889 	EXP 	text: autoDraw = False
30.1078 	EXP 	text: text = 'Press Right Arrow to advance'
30.1078 	EXP 	text: autoDraw = True
31.8970 	DATA 	Keypress: right
31.8981 	EXP 	text: autoDraw = False
33.3836 	EXP 	text: autoDraw = True
33.3836 	EXP 	text: text = 'Press SPACE for as long as you think the scene lasted'
33.9851 	EXP 	text: text = ''
40.0535 	DATA 	Keypress: space
40.0579 	EXP 	text: text = 'Space duration : 1.18'
41.0665 	EXP 	text: autoDraw = False
41.0665 	EXP 	text: text = 'Press Right Arrow to advance'
41.0665 	EXP 	text: autoDraw = True
43.3501 	DATA 	Keypress: escape
43.6887 	DATA 	Keypress: escape
44.1088 	DATA 	Keypress: escape
44.5803 	DATA 	Keypress: right
44.5816 	EXP 	text: autoDraw = False
44.7668 	DATA 	Keypress: escape
45.2761 	DATA 	Keypress: escape
45.5535 	DATA 	Keypress: escape
45.7965 	DATA 	Keypress: escape
45.9157 	EXP 	text: autoDraw = True
45.9157 	EXP 	text: text = 'Press SPACE for as long as you think the scene lasted'
46.3205 	DATA 	Keypress: escape
46.5178 	EXP 	text: text = ''
46.9281 	EXP 	window1: mouseVisible = True
