10.1581 	WARNING 	User requested fullscreen with size [2880 1800], but screen is actually [1440, 900]. Using actual size
11.1352 	INFO 	Successfully set darwin thread to realtime
12.2106 	INFO 	#[ PsychoPy3 RuntimeInfoStart ]
  #[[ PsychoPy ]] #---------
    psychopyVersion: 3.2.0
    psychopyHaveExtRush: True
  #[[ Experiment ]] #---------
    experimentRunTime: 2019_09_19 16:11 (Year_Month_Day Hour:Min)
    experimentRunTime.epoch: 1568923892
    experimentScript: Time_perception_with_heterogenous_looming_dots.py
    experimentScript.digestSHA1: ef076acd3f0d9f229f23ffb036db88f16857e720
    experimentScript.directory: /Volumes/My Passport/Github/spatio_temporal_information_processing/Time_Subjective_Expansion/Object_files_and_Time_representation
  #[[ System ]] #---------
    systemHaveInternetAccess: True
    systemHostName: pbs-jf-aldi.local
    systemLocale: en_US.UTF-8
    systemMemFreeRAM: 7487.8125
    systemMemTotalRAM: 16384.0
    systemPlatform: darwin 10.14.6 x86_64
    systemRavailable: R version 3.4.1 (2017-06-30) -- Single Candle
    systemRebooted: Sep 16 14:05
    systemSec.OpenSSLVersion: OpenSSL 1.0.2r  26 Feb 2019
    systemSec.pythonSSL: True
    systemTimeNumpySD1000000_sec: 0.0019
    systemUser: supadhy6
    systemUserID: 1903061739
    systemUserProcCount: 366
    systemUserProcFlagged: KeyNote mdworker Dropbox 'Google Chrome' Safari iTunes Skype
    systemUsersCount: 1
  #[[ Window ]] #---------
    windowWinType: pyglet
    windowUnits: deg
    windowSize_pix: [2880 1800]
    windowScreen: 0
    windowRgb: [255. 255. 255.]
    windowRefreshTimeSD_ms: 0.603
    windowRefreshTimeMedian_ms: 16.715
    windowRefreshTimeAvg_ms: 16.675
    windowPos_pix: [0.0, 0.0]
    windowMonitor.name: testmonitor
    windowMonitor.getWidth_cm: 52.0
    windowMonitor.getDistance_cm: 65.0
    windowMonitor.currentCalibName: 2019_01_28 08:48
    windowIsFullScr: True
  #[[ Python ]] #---------
    pythonVersion: 3.6.0
  #[[ OpenGL ]] #---------
#[ PsychoPy3 RuntimeInfoEnd ]

12.2839 	EXP 	Created text = TextStim(__class__=<class 'psychopy.visual.text.TextStim'>, alignHoriz='center', alignVert='center', antialias=True, autoLog=True, bold=False, color='black', colorSpace='named', contrast=1.0, depth=-1.0, flipHoriz=False, flipVert=False, font='Arial', fontFiles=[], height=0.5, italic=False, languageStyle='LTR', name='text', opacity=1.0, ori=0, pos=array([0., 0.]), rgb=array([0., 0., 0.]), text=str(...), units='deg', win=Window(...), wrapWidth=30)
12.3533 	EXP 	text: text = "Welcome! Thank you for agreeing to participate in this study.\n\nYou will be presented with a scene that contains upto 3 objects.\n\nThese objects are looming discs - that either loom together, or independently.\n\nYou are supposed to judge the duration of the scene.\n\nAfter the scene ends, you are required to reproduce the duration of the scene by pressing and holding [SPACE BAR].\n\nIf you're feeling uncomfortable, you can press ESC key any time to stop the experiment.\n\nPress any key when you are ready to begin the experiment.\n\n"
12.3533 	EXP 	text: autoDraw = True
13.5771 	DATA 	Keypress: space
13.5785 	EXP 	text: autoDraw = False
13.5967 	EXP 	text: text = 'Press any key to advance'
13.5967 	EXP 	text: autoDraw = True
14.3045 	DATA 	Keypress: space
14.3054 	EXP 	text: autoDraw = False
15.7073 	EXP 	text: autoDraw = True
15.7073 	EXP 	text: text = 'Press SPACE for as long as you think the scene lasted'
16.2095 	EXP 	text: text = ''
18.2065 	DATA 	Keypress: space
18.2129 	EXP 	text: text = 'Space duration : 0.92'
19.2198 	EXP 	text: autoDraw = False
19.2198 	EXP 	text: text = 'Press any key to advance'
19.2198 	EXP 	text: autoDraw = True
21.0280 	DATA 	Keypress: space
21.0298 	EXP 	text: autoDraw = False
22.2524 	EXP 	text: autoDraw = True
22.2524 	EXP 	text: text = 'Press SPACE for as long as you think the scene lasted'
22.7536 	EXP 	text: text = ''
22.7831 	EXP 	text: text = 'Space duration : 0.08'
23.7887 	EXP 	text: autoDraw = False
23.7887 	EXP 	text: text = 'Press any key to advance'
23.7887 	EXP 	text: autoDraw = True
28.5851 	DATA 	Keypress: escape
28.5864 	EXP 	text: autoDraw = False
29.0603 	DATA 	Keypress: escape
29.8198 	EXP 	text: autoDraw = True
29.8198 	EXP 	text: text = 'Press SPACE for as long as you think the scene lasted'
30.3219 	EXP 	text: text = ''
30.7226 	EXP 	window1: mouseVisible = True
