9.6057 	WARNING 	User requested fullscreen with size [2880 1800], but screen is actually [1440, 900]. Using actual size
10.3343 	INFO 	Successfully set darwin thread to realtime
11.3869 	INFO 	#[ PsychoPy3 RuntimeInfoStart ]
  #[[ PsychoPy ]] #---------
    psychopyVersion: 3.2.0
    psychopyHaveExtRush: True
  #[[ Experiment ]] #---------
    experimentRunTime: 2019_09_22 16:22 (Year_Month_Day Hour:Min)
    experimentRunTime.epoch: 1569183722
    experimentScript: duration_judgments_using_space_bar.py
    experimentScript.digestSHA1: 1e3ee0aa06d3523fc814a139b7e9c676c02d43ee
    experimentScript.directory: /Volumes/My Passport/Github/spatio_temporal_information_processing/Time_Subjective_Expansion/Jon_Ian_collaboration
  #[[ System ]] #---------
    systemHaveInternetAccess: True
    systemHostName: pbs-jf-aldi.hsd1.md.comcast.net
    systemLocale: en_US.UTF-8
    systemMemFreeRAM: 5846.98046875
    systemMemTotalRAM: 16384.0
    systemPlatform: darwin 10.14.6 x86_64
    systemRavailable: R version 3.4.1 (2017-06-30) -- Single Candle
    systemRebooted: Sep 16 14:05
    systemSec.OpenSSLVersion: OpenSSL 1.0.2r  26 Feb 2019
    systemSec.pythonSSL: True
    systemTimeNumpySD1000000_sec: 0.0022
    systemUser: supadhy6
    systemUserID: 1903061739
    systemUserProcCount: 358
    systemUserProcFlagged: iTunes 'Google Chrome' mdworker Safari KeyNote Skype Dropbox
    systemUsersCount: 1
  #[[ Window ]] #---------
    windowWinType: pyglet
    windowUnits: deg
    windowSize_pix: [2880 1800]
    windowScreen: 0
    windowRgb: [255. 255. 255.]
    windowRefreshTimeSD_ms: 1.427
    windowRefreshTimeMedian_ms: 16.680
    windowRefreshTimeAvg_ms: 16.479
    windowPos_pix: [0.0, 0.0]
    windowMonitor.name: testmonitor
    windowMonitor.getWidth_cm: 52.0
    windowMonitor.getDistance_cm: 65.0
    windowMonitor.currentCalibName: 2019_01_28 08:48
    windowIsFullScr: True
  #[[ Python ]] #---------
    pythonVersion: 3.6.0
  #[[ OpenGL ]] #---------
#[ PsychoPy3 RuntimeInfoEnd ]

