10.6453 	WARNING 	User requested fullscreen with size [2880 1800], but screen is actually [1440, 900]. Using actual size
11.8102 	INFO 	Successfully set darwin thread to realtime
12.8693 	INFO 	#[ PsychoPy3 RuntimeInfoStart ]
  #[[ PsychoPy ]] #---------
    psychopyVersion: 3.2.0
    psychopyHaveExtRush: True
  #[[ Experiment ]] #---------
    experimentRunTime: 2019_09_23 10:01 (Year_Month_Day Hour:Min)
    experimentRunTime.epoch: 1569247313
    experimentScript: duration_judgments_using_space_bar.py
    experimentScript.digestSHA1: 86ca7afeb0490b565d513edd86f026d4325083fc
    experimentScript.directory: /Volumes/My Passport/Github/spatio_temporal_information_processing/Time_Subjective_Expansion/Jon_Ian_collaboration
  #[[ System ]] #---------
    systemHaveInternetAccess: True
    systemHostName: pbs-jf-aldi.local
    systemLocale: en_US.UTF-8
    systemMemFreeRAM: 7246.625
    systemMemTotalRAM: 16384.0
    systemPlatform: darwin 10.14.6 x86_64
    systemRavailable: R version 3.4.1 (2017-06-30) -- Single Candle
    systemRebooted: Sep 16 14:05
    systemSec.OpenSSLVersion: OpenSSL 1.0.2r  26 Feb 2019
    systemSec.pythonSSL: True
    systemTimeNumpySD1000000_sec: 0.0027
    systemUser: supadhy6
    systemUserID: 1903061739
    systemUserProcCount: 365
    systemUserProcFlagged: Safari Dropbox mdworker iTunes KeyNote 'Google Chrome' Skype
    systemUsersCount: 1
  #[[ Window ]] #---------
    windowWinType: pyglet
    windowUnits: deg
    windowSize_pix: [2880 1800]
    windowScreen: 0
    windowRgb: [255. 255. 255.]
    windowRefreshTimeSD_ms: 1.138
    windowRefreshTimeMedian_ms: 16.618
    windowRefreshTimeAvg_ms: 16.667
    windowPos_pix: [0.0, 0.0]
    windowMonitor.name: testmonitor
    windowMonitor.getWidth_cm: 52.0
    windowMonitor.getDistance_cm: 65.0
    windowMonitor.currentCalibName: 2019_01_28 08:48
    windowIsFullScr: True
  #[[ Python ]] #---------
    pythonVersion: 3.6.0
  #[[ OpenGL ]] #---------
#[ PsychoPy3 RuntimeInfoEnd ]

