12.6457 	WARNING 	User requested fullscreen with size [2880 1800], but screen is actually [1440, 900]. Using actual size
13.7805 	INFO 	Successfully set darwin thread to realtime
14.9040 	INFO 	#[ PsychoPy3 RuntimeInfoStart ]
  #[[ PsychoPy ]] #---------
    psychopyVersion: 3.2.0
    psychopyHaveExtRush: True
  #[[ Experiment ]] #---------
    experimentRunTime: 2019_09_22 15:42 (Year_Month_Day Hour:Min)
    experimentRunTime.epoch: 1569181350
    experimentScript: duration_judgments_using_space_bar.py
    experimentScript.digestSHA1: 24091a9e3a655e6bd28548092f9a60b94a620b7e
    experimentScript.directory: /Volumes/My Passport/Github/spatio_temporal_information_processing/Time_Subjective_Expansion/Jon_Ian_collaboration
  #[[ System ]] #---------
    systemHaveInternetAccess: True
    systemHostName: pbs-jf-aldi.hsd1.md.comcast.net
    systemLocale: en_US.UTF-8
    systemMemFreeRAM: 5978.98046875
    systemMemTotalRAM: 16384.0
    systemPlatform: darwin 10.14.6 x86_64
    systemRavailable: R version 3.4.1 (2017-06-30) -- Single Candle
    systemRebooted: Sep 16 14:05
    systemSec.OpenSSLVersion: OpenSSL 1.0.2r  26 Feb 2019
    systemSec.pythonSSL: True
    systemTimeNumpySD1000000_sec: 0.0024
    systemUser: supadhy6
    systemUserID: 1903061739
    systemUserProcCount: 350
    systemUserProcFlagged: mdworker 'Google Chrome' iTunes KeyNote Dropbox Safari Skype
    systemUsersCount: 1
  #[[ Window ]] #---------
    windowWinType: pyglet
    windowUnits: deg
    windowSize_pix: [2880 1800]
    windowScreen: 0
    windowRgb: [255. 255. 255.]
    windowRefreshTimeSD_ms: 4.890
    windowRefreshTimeMedian_ms: 16.747
    windowRefreshTimeAvg_ms: 16.992
    windowPos_pix: [0.0, 0.0]
    windowMonitor.name: testmonitor
    windowMonitor.getWidth_cm: 52.0
    windowMonitor.getDistance_cm: 65.0
    windowMonitor.currentCalibName: 2019_01_28 08:48
    windowIsFullScr: True
  #[[ Python ]] #---------
    pythonVersion: 3.6.0
  #[[ OpenGL ]] #---------
#[ PsychoPy3 RuntimeInfoEnd ]

