10.6097 	WARNING 	User requested fullscreen with size [2880 1800], but screen is actually [1440, 900]. Using actual size
11.3434 	INFO 	Successfully set darwin thread to realtime
12.4109 	INFO 	#[ PsychoPy3 RuntimeInfoStart ]
  #[[ PsychoPy ]] #---------
    psychopyVersion: 3.2.0
    psychopyHaveExtRush: True
  #[[ Experiment ]] #---------
    experimentRunTime: 2019_09_22 15:44 (Year_Month_Day Hour:Min)
    experimentRunTime.epoch: 1569181467
    experimentScript: duration_judgments_using_space_bar.py
    experimentScript.digestSHA1: 8840a3f54e135b4f426ab8aa4e400a3371109f6e
    experimentScript.directory: /Volumes/My Passport/Github/spatio_temporal_information_processing/Time_Subjective_Expansion/Jon_Ian_collaboration
  #[[ System ]] #---------
    systemHaveInternetAccess: True
    systemHostName: pbs-jf-aldi.hsd1.md.comcast.net
    systemLocale: en_US.UTF-8
    systemMemFreeRAM: 5989.26953125
    systemMemTotalRAM: 16384.0
    systemPlatform: darwin 10.14.6 x86_64
    systemRavailable: R version 3.4.1 (2017-06-30) -- Single Candle
    systemRebooted: Sep 16 14:05
    systemSec.OpenSSLVersion: OpenSSL 1.0.2r  26 Feb 2019
    systemSec.pythonSSL: True
    systemTimeNumpySD1000000_sec: 0.0020
    systemUser: supadhy6
    systemUserID: 1903061739
    systemUserProcCount: 350
    systemUserProcFlagged: 'Google Chrome' Skype Dropbox KeyNote mdworker Safari iTunes
    systemUsersCount: 1
  #[[ Window ]] #---------
    windowWinType: pyglet
    windowUnits: deg
    windowSize_pix: [2880 1800]
    windowScreen: 0
    windowRgb: [255. 255. 255.]
    windowRefreshTimeSD_ms: 0.638
    windowRefreshTimeMedian_ms: 16.668
    windowRefreshTimeAvg_ms: 16.670
    windowPos_pix: [0.0, 0.0]
    windowMonitor.name: testmonitor
    windowMonitor.getWidth_cm: 52.0
    windowMonitor.getDistance_cm: 65.0
    windowMonitor.currentCalibName: 2019_01_28 08:48
    windowIsFullScr: True
  #[[ Python ]] #---------
    pythonVersion: 3.6.0
  #[[ OpenGL ]] #---------
#[ PsychoPy3 RuntimeInfoEnd ]

12.4834 	EXP 	Created text = TextStim(__class__=<class 'psychopy.visual.text.TextStim'>, alignHoriz='center', alignVert='center', antialias=True, autoLog=True, bold=False, color='black', colorSpace='named', contrast=1.0, depth=-1.0, flipHoriz=False, flipVert=False, font='Arial', fontFiles=[], height=0.35, italic=False, languageStyle='LTR', name='text', opacity=1.0, ori=0, pos=array([0., 0.]), rgb=array([0., 0., 0.]), text=str(...), units='deg', win=Window(...), wrapWidth=20)
12.4913 	EXP 	Created text = TextStim(__class__=<class 'psychopy.visual.text.TextStim'>, alignHoriz='center', alignVert='center', antialias=True, autoLog=True, bold=False, color='black', colorSpace='named', contrast=1.0, depth=-1.0, flipHoriz=False, flipVert=False, font='Arial', fontFiles=[], height=0.35, italic=False, languageStyle='LTR', name='text', opacity=1.0, ori=0, pos=array([5., 5.]), rgb=array([0., 0., 0.]), text='Total points : 0', units='deg', win=Window(...), wrapWidth=20)
12.5820 	EXP 	text: text = "Welcome! Thank you for agreeing to participate in this study.\n\nIn this study, you will judging the duration of items displayed on the screen.\n\nIn a given trial, an item appears on the screen and disappears after some time.\n\nOnce the item disappears, you will need to press and hold the SPACE BAR for as long as you thought the stimulus has appeared.\n\nThe experiment will advance to the next trial once you release the space bar.\n\nThe items can appear anywhere on the horizontal axis of the screen.\n\nYou will need to make the duration judgments while fixating at the center of the screen, and using your peripheral vision (whenever applicable).\n\nIf you're feeling uncomfortable, you can press ESC key any time to stop the experiment.\n\nPress any key you are ready to begin the experiment.\n\n"
12.5820 	EXP 	text: autoDraw = True
13.0715 	DATA 	Keypress: space
13.0730 	EXP 	text: autoDraw = False
13.0918 	EXP 	text: autoDraw = True
18.5987 	EXP 	text: text = 'Press and hold [SPACE] to report the duration of the stimulus'
18.5987 	EXP 	text: autoDraw = True
22.0121 	DATA 	Keypress: lcommand
22.0132 	EXP 	text: autoDraw = False
22.0517 	DATA 	Keypress: loption
22.2108 	DATA 	Keypress: escape
22.6270 	EXP 	window1: mouseVisible = True
