9.5081 	WARNING 	User requested fullscreen with size [2880 1800], but screen is actually [1440, 900]. Using actual size
10.3416 	INFO 	Successfully set darwin thread to realtime
11.4155 	INFO 	#[ PsychoPy3 RuntimeInfoStart ]
  #[[ PsychoPy ]] #---------
    psychopyVersion: 3.2.0
    psychopyHaveExtRush: True
  #[[ Experiment ]] #---------
    experimentRunTime: 2019_09_22 11:54 (Year_Month_Day Hour:Min)
    experimentRunTime.epoch: 1569167692
    experimentScript: duration_judgments_using_space_bar.py
    experimentScript.digestSHA1: 203c97b5642132a4e776184a7fc7c540cb90d132
    experimentScript.directory: /Volumes/My Passport/Github/spatio_temporal_information_processing/Time_Subjective_Expansion/Jon_Ian_collaboration
  #[[ System ]] #---------
    systemHaveInternetAccess: True
    systemHostName: pbs-jf-aldi.hsd1.md.comcast.net
    systemLocale: en_US.UTF-8
    systemMemFreeRAM: 6793.98046875
    systemMemTotalRAM: 16384.0
    systemPlatform: darwin 10.14.6 x86_64
    systemRavailable: R version 3.4.1 (2017-06-30) -- Single Candle
    systemRebooted: Sep 16 14:05
    systemSec.OpenSSLVersion: OpenSSL 1.0.2r  26 Feb 2019
    systemSec.pythonSSL: True
    systemTimeNumpySD1000000_sec: 0.0027
    systemUser: supadhy6
    systemUserID: 1903061739
    systemUserProcCount: 374
    systemUserProcFlagged: KeyNote Skype iTunes Dropbox mdworker 'Google Chrome' Safari
    systemUsersCount: 1
  #[[ Window ]] #---------
    windowWinType: pyglet
    windowUnits: deg
    windowSize_pix: [2880 1800]
    windowScreen: 0
    windowRgb: [255. 255. 255.]
    windowRefreshTimeSD_ms: 0.643
    windowRefreshTimeMedian_ms: 16.717
    windowRefreshTimeAvg_ms: 16.671
    windowPos_pix: [0.0, 0.0]
    windowMonitor.name: testmonitor
    windowMonitor.getWidth_cm: 52.0
    windowMonitor.getDistance_cm: 65.0
    windowMonitor.currentCalibName: 2019_01_28 08:48
    windowIsFullScr: True
  #[[ Python ]] #---------
    pythonVersion: 3.6.0
  #[[ OpenGL ]] #---------
#[ PsychoPy3 RuntimeInfoEnd ]

11.5003 	EXP 	Created text = TextStim(__class__=<class 'psychopy.visual.text.TextStim'>, alignHoriz='center', alignVert='center', antialias=True, autoLog=True, bold=False, color='black', colorSpace='named', contrast=1.0, depth=-1.0, flipHoriz=False, flipVert=False, font='Arial', fontFiles=[], height=0.35, italic=False, languageStyle='LTR', name='text', opacity=1.0, ori=0, pos=array([0., 0.]), rgb=array([0., 0., 0.]), text=str(...), units='deg', win=Window(...), wrapWidth=20)
11.5008 	EXP 	Created text = TextStim(__class__=<class 'psychopy.visual.text.TextStim'>, alignHoriz='center', alignVert='center', antialias=True, autoLog=True, bold=False, color='black', colorSpace='named', contrast=1.0, depth=-1.0, flipHoriz=False, flipVert=False, font='Arial', fontFiles=[], height=0.35, italic=False, languageStyle='LTR', name='text', opacity=1.0, ori=0, pos=array([8., 8.]), rgb=array([0., 0., 0.]), text='', units='deg', win=Window(...), wrapWidth=20)
11.5943 	EXP 	text: text = "Welcome! Thank you for agreeing to participate in this study.\n\nIn this study, you will judging the duration of items displayed on the screen.\n\nIn a given trial, an item appears on the screen and disappears after some time.\n\nOnce the item disappears, you will need to press and hold the SPACE BAR for as long as you thought the stimulus has appeared.\n\nThe experiment will advance to the next trial once you release the space bar.\n\nThe items can appear anywhere on the horizontal axis of the screen.\n\nYou will need to make the duration judgments while fixating at the center of the screen, and using your peripheral vision (whenever applicable).\n\nIf you're feeling uncomfortable, you can press ESC key any time to stop the experiment.\n\nPress any key you are ready to begin the experiment.\n\n"
11.5943 	EXP 	text: autoDraw = True
12.2656 	DATA 	Keypress: space
12.2671 	EXP 	text: autoDraw = False
12.2786 	EXP 	text: autoDraw = True
12.2786 	EXP 	text: text = ''
18.0238 	EXP 	text: text = 'Press and hold [SPACE] to report the duration of the stimulus'
18.0238 	EXP 	text: autoDraw = True
20.9919 	DATA 	Keypress: space
20.9936 	EXP 	text: autoDraw = False
21.4632 	EXP 	window1: mouseVisible = True
