9.9316 	ERROR 	Screen apparently NOT the desired resolution of 3840x2160 pixels!!
14.4300 	WARNING 	User requested fullscreen with size [3840 2160], but screen is actually [1920, 1080]. Using actual size
15.0111 	INFO 	Successfully set darwin thread to realtime
16.0703 	INFO 	#[ PsychoPy3 RuntimeInfoStart ]
  #[[ PsychoPy ]] #---------
    psychopyVersion: 3.2.3
    psychopyHaveExtRush: True
  #[[ Experiment ]] #---------
    experimentRunTime: 2019_10_02 16:00 (Year_Month_Day Hour:Min)
    experimentRunTime.epoch: 1570046440
    experimentScript: duration_judgments_using_space_bar.py
    experimentScript.digestSHA1: 5e088fecb52f70dc4032971e1f2c46374624cbfa
    experimentScript.directory: /Users/supadhy6/Documents/GitHub/spatio_temporal_information_processing/Time_Subjective_Expansion/Jon_Ian_collaboration
  #[[ System ]] #---------
    systemHaveInternetAccess: True
    systemHostName: pbs-cf-mini1.local
    systemLocale: C
    systemMemFreeRAM: 13190.91015625
    systemMemTotalRAM: 16384.0
    systemPlatform: darwin 10.12.6 x86_64
    systemPyoVersion: -
    systemRebooted: Sep 25 02:06
    systemSec.OpenSSLVersion: OpenSSL 0.9.8zh 14 Jan 2016
    systemSec.pythonSSL: True
    systemTimeNumpySD1000000_sec: 0.0057
    systemUser: supadhy6
    systemUserID: 1903061739
    systemUsersCount: 1
  #[[ Window ]] #---------
    windowWinType: pyglet
    windowUnits: deg
    windowSize_pix: [1920 1080]
    windowScreen: 0
    windowRgb: [255. 255. 255.]
    windowRefreshTimeSD_ms: 0.088
    windowRefreshTimeMedian_ms: 16.676
    windowRefreshTimeAvg_ms: 16.665
    windowPos_pix: [0.0, 0.0]
    windowMonitor.name: testmonitor
    windowMonitor.getWidth_cm: 56.0
    windowMonitor.getDistance_cm: 65.0
    windowMonitor.currentCalibName: 2019_09_24 12:00
    windowIsFullScr: True
  #[[ Python ]] #---------
    pythonVersion: 3.6.1
  #[[ OpenGL ]] #---------
#[ PsychoPy3 RuntimeInfoEnd ]

16.1646 	EXP 	Created text = TextStim(__class__=<class 'psychopy.visual.text.TextStim'>, alignHoriz='center', alignVert='center', antialias=True, autoLog=True, bold=False, color='black', colorSpace='named', contrast=1.0, depth=-1.0, flipHoriz=False, flipVert=False, font='Arial', fontFiles=[], height=0.35, italic=False, languageStyle='LTR', name='text', opacity=1.0, ori=0, pos=array([0., 0.]), rgb=array([0., 0., 0.]), text=str(...), units='deg', win=Window(...), wrapWidth=20)
16.1714 	EXP 	Created text = TextStim(__class__=<class 'psychopy.visual.text.TextStim'>, alignHoriz='center', alignVert='center', antialias=True, autoLog=True, bold=False, color='black', colorSpace='named', contrast=1.0, depth=-1.0, flipHoriz=False, flipVert=False, font='Arial', fontFiles=[], height=0.35, italic=False, languageStyle='LTR', name='text', opacity=1.0, ori=0, pos=array([5., 5.]), rgb=array([0., 0., 0.]), text='Total points : 0', units='deg', win=Window(...), wrapWidth=20)
16.2857 	EXP 	text: text = 'Welcome! Thank you for agreeing to participate in this study.\n\nIn this study, we want to examine your ability to perceive duration — how long something lasts.\n\nThe task is simple. In each trial, you will see a black disc appear on the screen and then disappear. Actually, the disc will appear and disappear three times in each trial, and each time, it will last for the same amount of time. We want you to pay attention to how long the disc lasts. Get a sense of its duration. It is repeated three times in a trial to help you get an accurate sense of its duration.\n\nAfter the third time the disc disappears it will be your turn to report its duration. Press and hold down the spacebar. This will make a disc appear on the screen. Let go of the spacebar when you think your disc has been on the screen as long as the standard disc you saw on that trial. So the point is we want you to reproduce the duration that you experienced. Remember we want to know how long each of the three black discs lasted, not how long they lasted in all together. \n\nPress any key to continue to the next page. \n\n'
16.2857 	EXP 	text: autoDraw = True
44.7232 	DATA 	Keypress: space
44.7242 	EXP 	text: autoDraw = False
44.8030 	EXP 	text: text = "We really want you to be as accurate as you can. So a game will be played to make it more fun. We want you to hold down the space bar for as long as you saw the standard disc last, but no longer! The closer you get to the right answer, the more points we will award you in that trial. But if you go over, your disc will disappear on its own and you won't get any points on that trial. So you need to be as accurate as possible without going over to earn the max. Each trial will be for 10 points. There are about 120 trials. If you collect a total of 650 points by the end, we will double the credit you get for the experiment.\n\nIf you're feeling uncomfortable, you can press ESC key any time to stop the experiment.\n\nPress any key you are ready to do some practice trials.\n\n"
44.8030 	EXP 	text: autoDraw = True
80.4818 	DATA 	Keypress: space
80.4825 	EXP 	text: autoDraw = False
80.4862 	EXP 	text: autoDraw = True
85.8853 	EXP 	text: text = 'Press and hold [SPACE] to report the duration of the stimulus'
85.8853 	EXP 	text: autoDraw = True
88.9697 	DATA 	Keypress: space
88.9707 	EXP 	text: autoDraw = False
89.9695 	WARNING 	Stopping key buffers but this could be dangerous ifother keyboards rely on the same.
89.9861 	EXP 	text: text = 'Total points : 0'
89.9861 	EXP 	text: text = 'Your response exceeded the actual time.\n\n Press [SPACE] to advance'
89.9861 	EXP 	text: autoDraw = True
92.4175 	DATA 	Keypress: space
92.4187 	EXP 	text: autoDraw = False
98.3551 	EXP 	text: text = 'Press and hold [SPACE] to report the duration of the stimulus'
98.3551 	EXP 	text: autoDraw = True
99.4097 	DATA 	Keypress: space
99.4108 	EXP 	text: autoDraw = False
100.0880 	WARNING 	Stopping key buffers but this could be dangerous ifother keyboards rely on the same.
100.1026 	EXP 	text: text = 'You earned 5.8 out of 10 points in this round.\n\n Press [SPACE] to advance'
100.1026 	EXP 	text: autoDraw = True
102.6735 	DATA 	Keypress: space
102.6746 	EXP 	text: autoDraw = False
102.6860 	EXP 	text: text = 'Total points : 5.8'
109.4874 	EXP 	text: text = 'Press and hold [SPACE] to report the duration of the stimulus'
109.4874 	EXP 	text: autoDraw = True
110.5538 	DATA 	Keypress: space
110.5551 	EXP 	text: autoDraw = False
111.2695 	WARNING 	Stopping key buffers but this could be dangerous ifother keyboards rely on the same.
111.3027 	EXP 	text: text = 'You earned 3.3 out of 10 points in this round.\n\n Press [SPACE] to advance'
111.3027 	EXP 	text: autoDraw = True
126.0256 	DATA 	Keypress: space
126.0267 	EXP 	text: autoDraw = False
126.0569 	EXP 	text: text = 'Total points : 9.1'
126.0569 	EXP 	text: text = 'Total points : 0'
126.0569 	EXP 	text: text = 'Great! Now press any key to begin the experiment'
126.0569 	EXP 	text: autoDraw = True
127.4335 	DATA 	Keypress: space
127.4344 	EXP 	text: autoDraw = False
134.2381 	EXP 	text: text = 'Press and hold [SPACE] to report the duration of the stimulus'
134.2381 	EXP 	text: autoDraw = True
136.2016 	DATA 	Keypress: space
136.2028 	EXP 	text: autoDraw = False
137.0881 	WARNING 	Stopping key buffers but this could be dangerous ifother keyboards rely on the same.
137.1026 	EXP 	text: text = 'You earned 4.8 out of 10 points in this round.\n\n Press [SPACE] to advance'
137.1026 	EXP 	text: autoDraw = True
139.3535 	DATA 	Keypress: space
139.3546 	EXP 	text: autoDraw = False
139.3693 	EXP 	text: text = 'Total points : 4.8'
146.7721 	EXP 	text: text = 'Press and hold [SPACE] to report the duration of the stimulus'
146.7721 	EXP 	text: autoDraw = True
148.2896 	DATA 	Keypress: space
148.2906 	EXP 	text: autoDraw = False
149.4528 	WARNING 	Stopping key buffers but this could be dangerous ifother keyboards rely on the same.
149.4860 	EXP 	text: text = 'You earned 5.4 out of 10 points in this round.\n\n Press [SPACE] to advance'
149.4860 	EXP 	text: autoDraw = True
151.5055 	DATA 	Keypress: space
151.5066 	EXP 	text: autoDraw = False
151.5193 	EXP 	text: text = 'Total points : 10.2'
157.4803 	EXP 	text: text = 'Press and hold [SPACE] to report the duration of the stimulus'
157.4803 	EXP 	text: autoDraw = True
158.6176 	DATA 	Keypress: space
158.6186 	EXP 	text: autoDraw = False
159.6028 	WARNING 	Stopping key buffers but this could be dangerous ifother keyboards rely on the same.
159.6360 	EXP 	text: text = 'You earned 9.7 out of 10 points in this round.\n\n Press [SPACE] to advance'
159.6360 	EXP 	text: autoDraw = True
161.1216 	DATA 	Keypress: space
161.1227 	EXP 	text: autoDraw = False
161.1361 	EXP 	text: text = 'Total points : 19.9'
166.8889 	EXP 	text: text = 'Press and hold [SPACE] to report the duration of the stimulus'
166.8889 	EXP 	text: autoDraw = True
167.7296 	DATA 	Keypress: space
167.7306 	EXP 	text: autoDraw = False
168.4561 	WARNING 	Stopping key buffers but this could be dangerous ifother keyboards rely on the same.
168.4690 	EXP 	text: text = 'You earned 7.1 out of 10 points in this round.\n\n Press [SPACE] to advance'
168.4690 	EXP 	text: autoDraw = True
174.1856 	DATA 	Keypress: space
174.1867 	EXP 	text: autoDraw = False
174.2027 	EXP 	text: text = 'Total points : 27.0'
181.6057 	EXP 	text: text = 'Press and hold [SPACE] to report the duration of the stimulus'
181.6057 	EXP 	text: autoDraw = True
182.4577 	DATA 	Keypress: space
182.4588 	EXP 	text: autoDraw = False
183.8321 	WARNING 	Stopping key buffers but this could be dangerous ifother keyboards rely on the same.
183.8451 	EXP 	text: text = 'You earned 8.6 out of 10 points in this round.\n\n Press [SPACE] to advance'
183.8451 	EXP 	text: autoDraw = True
187.0095 	DATA 	Keypress: space
187.0105 	EXP 	text: autoDraw = False
187.0194 	EXP 	text: text = 'Total points : 35.6'
192.7716 	EXP 	text: text = 'Press and hold [SPACE] to report the duration of the stimulus'
192.7716 	EXP 	text: autoDraw = True
193.8896 	DATA 	Keypress: space
193.8906 	EXP 	text: autoDraw = False
194.6161 	WARNING 	Stopping key buffers but this could be dangerous ifother keyboards rely on the same.
194.6360 	EXP 	text: text = 'You earned 7.1 out of 10 points in this round.\n\n Press [SPACE] to advance'
194.6360 	EXP 	text: autoDraw = True
195.7455 	DATA 	Keypress: space
195.7465 	EXP 	text: autoDraw = False
195.8116 	EXP 	text: text = 'Total points : 42.7'
202.6054 	EXP 	text: text = 'Press and hold [SPACE] to report the duration of the stimulus'
202.6054 	EXP 	text: autoDraw = True
203.4737 	DATA 	Keypress: space
203.4747 	EXP 	text: autoDraw = False
204.5195 	WARNING 	Stopping key buffers but this could be dangerous ifother keyboards rely on the same.
204.5527 	EXP 	text: text = 'You earned 6.4 out of 10 points in this round.\n\n Press [SPACE] to advance'
204.5527 	EXP 	text: autoDraw = True
205.4016 	DATA 	Keypress: space
205.4025 	EXP 	text: autoDraw = False
205.4194 	EXP 	text: text = 'Total points : 49.1'
211.6217 	EXP 	text: text = 'Press and hold [SPACE] to report the duration of the stimulus'
211.6217 	EXP 	text: autoDraw = True
212.4736 	DATA 	Keypress: space
212.4746 	EXP 	text: autoDraw = False
213.3760 	WARNING 	Stopping key buffers but this could be dangerous ifother keyboards rely on the same.
213.3890 	EXP 	text: text = 'You earned 7.5 out of 10 points in this round.\n\n Press [SPACE] to advance'
213.3890 	EXP 	text: autoDraw = True
214.7934 	DATA 	Keypress: space
214.7943 	EXP 	text: autoDraw = False
214.8027 	EXP 	text: text = 'Total points : 56.6'
220.7634 	EXP 	text: text = 'Press and hold [SPACE] to report the duration of the stimulus'
220.7634 	EXP 	text: autoDraw = True
221.8416 	DATA 	Keypress: space
221.8427 	EXP 	text: autoDraw = False
222.9195 	WARNING 	Stopping key buffers but this could be dangerous ifother keyboards rely on the same.
222.9361 	EXP 	text: text = 'Total points : 56.6'
222.9361 	EXP 	text: text = 'Your response exceeded the actual time.\n\n Press [SPACE] to advance'
222.9361 	EXP 	text: autoDraw = True
223.9935 	DATA 	Keypress: space
223.9945 	EXP 	text: autoDraw = False
229.3214 	EXP 	text: text = 'Press and hold [SPACE] to report the duration of the stimulus'
229.3214 	EXP 	text: autoDraw = True
230.3616 	DATA 	Keypress: space
230.3627 	EXP 	text: autoDraw = False
230.8695 	WARNING 	Stopping key buffers but this could be dangerous ifother keyboards rely on the same.
230.9027 	EXP 	text: text = 'You earned 5.8 out of 10 points in this round.\n\n Press [SPACE] to advance'
230.9027 	EXP 	text: autoDraw = True
231.9856 	DATA 	Keypress: space
231.9865 	EXP 	text: autoDraw = False
232.0027 	EXP 	text: text = 'Total points : 62.4'
237.9636 	EXP 	text: text = 'Press and hold [SPACE] to report the duration of the stimulus'
237.9636 	EXP 	text: autoDraw = True
239.3056 	DATA 	Keypress: space
239.3066 	EXP 	text: autoDraw = False
240.2401 	WARNING 	Stopping key buffers but this could be dangerous ifother keyboards rely on the same.
240.2530 	EXP 	text: text = 'You earned 9.3 out of 10 points in this round.\n\n Press [SPACE] to advance'
240.2530 	EXP 	text: autoDraw = True
241.8574 	DATA 	Keypress: space
241.8585 	EXP 	text: autoDraw = False
241.8693 	EXP 	text: text = 'Total points : 71.7'
247.3812 	EXP 	text: text = 'Press and hold [SPACE] to report the duration of the stimulus'
247.3812 	EXP 	text: autoDraw = True
248.5696 	DATA 	Keypress: space
248.5706 	EXP 	text: autoDraw = False
249.3520 	WARNING 	Stopping key buffers but this could be dangerous ifother keyboards rely on the same.
249.3694 	EXP 	text: text = 'You earned 9.2 out of 10 points in this round.\n\n Press [SPACE] to advance'
249.3694 	EXP 	text: autoDraw = True
250.5216 	DATA 	Keypress: space
250.5225 	EXP 	text: autoDraw = False
250.5361 	EXP 	text: text = 'Total points : 80.9'
256.0464 	EXP 	text: text = 'Press and hold [SPACE] to report the duration of the stimulus'
256.0464 	EXP 	text: autoDraw = True
257.1536 	DATA 	Keypress: space
257.1546 	EXP 	text: autoDraw = False
257.7284 	WARNING 	Stopping key buffers but this could be dangerous ifother keyboards rely on the same.
257.7413 	EXP 	text: text = 'You earned 6.1 out of 10 points in this round.\n\n Press [SPACE] to advance'
257.7413 	EXP 	text: autoDraw = True
258.9936 	DATA 	Keypress: space
258.9946 	EXP 	text: autoDraw = False
259.0027 	EXP 	text: text = 'Total points : 87.0'
265.2053 	EXP 	text: text = 'Press and hold [SPACE] to report the duration of the stimulus'
265.2053 	EXP 	text: autoDraw = True
266.4417 	DATA 	Keypress: space
266.4427 	EXP 	text: autoDraw = False
267.2960 	WARNING 	Stopping key buffers but this could be dangerous ifother keyboards rely on the same.
267.3090 	EXP 	text: text = 'You earned 6.8 out of 10 points in this round.\n\n Press [SPACE] to advance'
267.3090 	EXP 	text: autoDraw = True
268.3454 	DATA 	Keypress: space
268.3463 	EXP 	text: autoDraw = False
268.3527 	EXP 	text: text = 'Total points : 93.8'
275.1553 	EXP 	text: text = 'Press and hold [SPACE] to report the duration of the stimulus'
275.1553 	EXP 	text: autoDraw = True
276.0464 	DATA 	Keypress: space
276.0482 	EXP 	text: autoDraw = False
277.1121 	WARNING 	Stopping key buffers but this could be dangerous ifother keyboards rely on the same.
277.1259 	EXP 	text: text = 'You earned 6.9 out of 10 points in this round.\n\n Press [SPACE] to advance'
277.1259 	EXP 	text: autoDraw = True
278.0896 	DATA 	Keypress: space
278.0907 	EXP 	text: autoDraw = False
278.1027 	EXP 	text: text = 'Total points : 100.7'
285.7132 	EXP 	text: text = 'Press and hold [SPACE] to report the duration of the stimulus'
285.7132 	EXP 	text: autoDraw = True
286.7937 	DATA 	Keypress: space
286.7947 	EXP 	text: autoDraw = False
288.0641 	WARNING 	Stopping key buffers but this could be dangerous ifother keyboards rely on the same.
288.0771 	EXP 	text: text = 'You earned 6.0 out of 10 points in this round.\n\n Press [SPACE] to advance'
288.0771 	EXP 	text: autoDraw = True
289.6095 	DATA 	Keypress: space
289.6106 	EXP 	text: autoDraw = False
289.6194 	EXP 	text: text = 'Total points : 106.7'
294.9217 	EXP 	text: text = 'Press and hold [SPACE] to report the duration of the stimulus'
294.9217 	EXP 	text: autoDraw = True
295.7937 	DATA 	Keypress: space
295.7947 	EXP 	text: autoDraw = False
296.3041 	WARNING 	Stopping key buffers but this could be dangerous ifother keyboards rely on the same.
296.3194 	EXP 	text: text = 'You earned 6.2 out of 10 points in this round.\n\n Press [SPACE] to advance'
296.3194 	EXP 	text: autoDraw = True
297.2015 	DATA 	Keypress: space
297.2024 	EXP 	text: autoDraw = False
297.2193 	EXP 	text: text = 'Total points : 112.9'
302.9716 	EXP 	text: text = 'Press and hold [SPACE] to report the duration of the stimulus'
302.9716 	EXP 	text: autoDraw = True
303.9297 	DATA 	Keypress: space
303.9308 	EXP 	text: autoDraw = False
304.7360 	WARNING 	Stopping key buffers but this could be dangerous ifother keyboards rely on the same.
304.7527 	EXP 	text: text = 'You earned 8.3 out of 10 points in this round.\n\n Press [SPACE] to advance'
304.7527 	EXP 	text: autoDraw = True
305.8175 	DATA 	Keypress: space
305.8185 	EXP 	text: autoDraw = False
305.8360 	EXP 	text: text = 'Total points : 121.2'
313.2389 	EXP 	text: text = 'Press and hold [SPACE] to report the duration of the stimulus'
313.2389 	EXP 	text: autoDraw = True
314.1938 	DATA 	Keypress: space
314.1947 	EXP 	text: autoDraw = False
315.2862 	WARNING 	Stopping key buffers but this could be dangerous ifother keyboards rely on the same.
315.3194 	EXP 	text: text = 'You earned 4.7 out of 10 points in this round.\n\n Press [SPACE] to advance'
315.3194 	EXP 	text: autoDraw = True
316.2656 	DATA 	Keypress: space
316.2666 	EXP 	text: autoDraw = False
316.2726 	EXP 	text: text = 'Total points : 125.9'
322.6803 	EXP 	text: text = 'Press and hold [SPACE] to report the duration of the stimulus'
322.6803 	EXP 	text: autoDraw = True
323.6818 	DATA 	Keypress: space
323.6827 	EXP 	text: autoDraw = False
324.4961 	WARNING 	Stopping key buffers but this could be dangerous ifother keyboards rely on the same.
324.5092 	EXP 	text: text = 'You earned 5.4 out of 10 points in this round.\n\n Press [SPACE] to advance'
324.5092 	EXP 	text: autoDraw = True
325.2655 	DATA 	Keypress: space
325.2665 	EXP 	text: autoDraw = False
325.2717 	EXP 	text: text = 'Total points : 131.3'
330.7798 	EXP 	text: text = 'Press and hold [SPACE] to report the duration of the stimulus'
330.7798 	EXP 	text: autoDraw = True
331.6976 	DATA 	Keypress: space
331.6987 	EXP 	text: autoDraw = False
332.2961 	WARNING 	Stopping key buffers but this could be dangerous ifother keyboards rely on the same.
332.3094 	EXP 	text: text = 'You earned 6.4 out of 10 points in this round.\n\n Press [SPACE] to advance'
332.3094 	EXP 	text: autoDraw = True
333.1215 	DATA 	Keypress: space
333.1225 	EXP 	text: autoDraw = False
333.1360 	EXP 	text: text = 'Total points : 137.7'
338.4384 	EXP 	text: text = 'Press and hold [SPACE] to report the duration of the stimulus'
338.4384 	EXP 	text: autoDraw = True
339.7297 	DATA 	Keypress: space
339.7308 	EXP 	text: autoDraw = False
340.3521 	WARNING 	Stopping key buffers but this could be dangerous ifother keyboards rely on the same.
340.3695 	EXP 	text: text = 'You earned 7.8 out of 10 points in this round.\n\n Press [SPACE] to advance'
340.3695 	EXP 	text: autoDraw = True
341.3534 	DATA 	Keypress: space
341.3544 	EXP 	text: autoDraw = False
341.3691 	EXP 	text: text = 'Total points : 145.5'
347.1216 	EXP 	text: text = 'Press and hold [SPACE] to report the duration of the stimulus'
347.1216 	EXP 	text: autoDraw = True
348.2497 	DATA 	Keypress: space
348.2508 	EXP 	text: autoDraw = False
349.0529 	WARNING 	Stopping key buffers but this could be dangerous ifother keyboards rely on the same.
349.0860 	EXP 	text: text = 'You earned 7.9 out of 10 points in this round.\n\n Press [SPACE] to advance'
349.0860 	EXP 	text: autoDraw = True
349.8175 	DATA 	Keypress: space
349.8185 	EXP 	text: autoDraw = False
349.8360 	EXP 	text: text = 'Total points : 153.4'
357.2390 	EXP 	text: text = 'Press and hold [SPACE] to report the duration of the stimulus'
357.2390 	EXP 	text: autoDraw = True
358.1297 	DATA 	Keypress: space
358.1307 	EXP 	text: autoDraw = False
359.6529 	WARNING 	Stopping key buffers but this could be dangerous ifother keyboards rely on the same.
359.6693 	EXP 	text: text = 'Total points : 153.4'
359.6693 	EXP 	text: text = 'Your response exceeded the actual time.\n\n Press [SPACE] to advance'
359.6693 	EXP 	text: autoDraw = True
360.7535 	DATA 	Keypress: space
360.7546 	EXP 	text: autoDraw = False
366.2961 	EXP 	text: text = 'Press and hold [SPACE] to report the duration of the stimulus'
366.2961 	EXP 	text: autoDraw = True
367.0736 	DATA 	Keypress: space
367.0746 	EXP 	text: autoDraw = False
367.7681 	WARNING 	Stopping key buffers but this could be dangerous ifother keyboards rely on the same.
367.7860 	EXP 	text: text = 'You earned 7.7 out of 10 points in this round.\n\n Press [SPACE] to advance'
367.7860 	EXP 	text: autoDraw = True
368.5695 	DATA 	Keypress: space
368.5706 	EXP 	text: autoDraw = False
368.5860 	EXP 	text: text = 'Total points : 161.1'
375.3876 	EXP 	text: text = 'Press and hold [SPACE] to report the duration of the stimulus'
375.3876 	EXP 	text: autoDraw = True
376.9056 	DATA 	Keypress: space
376.9066 	EXP 	text: autoDraw = False
377.8241 	WARNING 	Stopping key buffers but this could be dangerous ifother keyboards rely on the same.
377.8371 	EXP 	text: text = 'You earned 5.2 out of 10 points in this round.\n\n Press [SPACE] to advance'
377.8371 	EXP 	text: autoDraw = True
378.7055 	DATA 	Keypress: space
378.7065 	EXP 	text: autoDraw = False
378.7194 	EXP 	text: text = 'Total points : 166.3'
384.2299 	EXP 	text: text = 'Press and hold [SPACE] to report the duration of the stimulus'
384.2299 	EXP 	text: autoDraw = True
385.1217 	DATA 	Keypress: space
385.1227 	EXP 	text: autoDraw = False
385.7361 	WARNING 	Stopping key buffers but this could be dangerous ifother keyboards rely on the same.
385.7527 	EXP 	text: text = 'You earned 6.6 out of 10 points in this round.\n\n Press [SPACE] to advance'
385.7527 	EXP 	text: autoDraw = True
386.4415 	DATA 	Keypress: space
386.4425 	EXP 	text: autoDraw = False
386.4527 	EXP 	text: text = 'Total points : 172.9'
391.7558 	EXP 	text: text = 'Press and hold [SPACE] to report the duration of the stimulus'
391.7558 	EXP 	text: autoDraw = True
393.1457 	DATA 	Keypress: space
393.1468 	EXP 	text: autoDraw = False
393.9028 	WARNING 	Stopping key buffers but this could be dangerous ifother keyboards rely on the same.
393.9360 	EXP 	text: text = 'You earned 9.6 out of 10 points in this round.\n\n Press [SPACE] to advance'
393.9360 	EXP 	text: autoDraw = True
394.8655 	DATA 	Keypress: space
394.8665 	EXP 	text: autoDraw = False
394.8720 	EXP 	text: text = 'Total points : 182.5'
401.0717 	EXP 	text: text = 'Press and hold [SPACE] to report the duration of the stimulus'
401.0717 	EXP 	text: autoDraw = True
401.9696 	DATA 	Keypress: space
401.9707 	EXP 	text: autoDraw = False
402.8361 	WARNING 	Stopping key buffers but this could be dangerous ifother keyboards rely on the same.
402.8693 	EXP 	text: text = 'You earned 6.7 out of 10 points in this round.\n\n Press [SPACE] to advance'
402.8693 	EXP 	text: autoDraw = True
403.5295 	DATA 	Keypress: space
403.5306 	EXP 	text: autoDraw = False
403.5359 	EXP 	text: text = 'Total points : 189.2'
408.8383 	EXP 	text: text = 'Press and hold [SPACE] to report the duration of the stimulus'
408.8383 	EXP 	text: autoDraw = True
410.1537 	DATA 	Keypress: space
410.1548 	EXP 	text: autoDraw = False
410.9862 	WARNING 	Stopping key buffers but this could be dangerous ifother keyboards rely on the same.
411.0027 	EXP 	text: text = 'Total points : 189.2'
411.0027 	EXP 	text: text = 'Your response exceeded the actual time.\n\n Press [SPACE] to advance'
411.0027 	EXP 	text: autoDraw = True
411.9456 	DATA 	Keypress: space
411.9465 	EXP 	text: autoDraw = False
419.3715 	EXP 	text: text = 'Press and hold [SPACE] to report the duration of the stimulus'
419.3715 	EXP 	text: autoDraw = True
420.1537 	DATA 	Keypress: space
420.1547 	EXP 	text: autoDraw = False
421.1680 	WARNING 	Stopping key buffers but this could be dangerous ifother keyboards rely on the same.
421.1861 	EXP 	text: text = 'You earned 4.2 out of 10 points in this round.\n\n Press [SPACE] to advance'
421.1861 	EXP 	text: autoDraw = True
422.1455 	DATA 	Keypress: space
422.1464 	EXP 	text: autoDraw = False
422.1527 	EXP 	text: text = 'Total points : 193.4'
428.1138 	EXP 	text: text = 'Press and hold [SPACE] to report the duration of the stimulus'
428.1138 	EXP 	text: autoDraw = True
429.1856 	DATA 	Keypress: space
429.1868 	EXP 	text: autoDraw = False
429.8362 	WARNING 	Stopping key buffers but this could be dangerous ifother keyboards rely on the same.
429.8693 	EXP 	text: text = 'You earned 5.0 out of 10 points in this round.\n\n Press [SPACE] to advance'
429.8693 	EXP 	text: autoDraw = True
430.5535 	DATA 	Keypress: space
430.5545 	EXP 	text: autoDraw = False
430.5693 	EXP 	text: text = 'Total points : 198.4'
438.1804 	EXP 	text: text = 'Press and hold [SPACE] to report the duration of the stimulus'
438.1804 	EXP 	text: autoDraw = True
439.1457 	DATA 	Keypress: space
439.1466 	EXP 	text: autoDraw = False
440.0400 	WARNING 	Stopping key buffers but this could be dangerous ifother keyboards rely on the same.
440.0532 	EXP 	text: text = 'You earned 2.8 out of 10 points in this round.\n\n Press [SPACE] to advance'
440.0532 	EXP 	text: autoDraw = True
441.9616 	DATA 	Keypress: space
441.9625 	EXP 	text: autoDraw = False
441.9694 	EXP 	text: text = 'Total points : 201.2'
448.3805 	EXP 	text: text = 'Press and hold [SPACE] to report the duration of the stimulus'
448.3805 	EXP 	text: autoDraw = True
449.5056 	DATA 	Keypress: space
449.5067 	EXP 	text: autoDraw = False
450.4161 	WARNING 	Stopping key buffers but this could be dangerous ifother keyboards rely on the same.
450.4360 	EXP 	text: text = 'You earned 6.5 out of 10 points in this round.\n\n Press [SPACE] to advance'
450.4360 	EXP 	text: autoDraw = True
451.3056 	DATA 	Keypress: space
451.3066 	EXP 	text: autoDraw = False
451.3193 	EXP 	text: text = 'Total points : 207.7'
458.4811 	EXP 	text: text = 'Press and hold [SPACE] to report the duration of the stimulus'
458.4811 	EXP 	text: autoDraw = True
459.2736 	DATA 	Keypress: space
459.2747 	EXP 	text: autoDraw = False
460.1841 	WARNING 	Stopping key buffers but this could be dangerous ifother keyboards rely on the same.
460.2027 	EXP 	text: text = 'You earned 4.0 out of 10 points in this round.\n\n Press [SPACE] to advance'
460.2027 	EXP 	text: autoDraw = True
461.0095 	DATA 	Keypress: space
461.0106 	EXP 	text: autoDraw = False
461.0194 	EXP 	text: text = 'Total points : 211.7'
466.5301 	EXP 	text: text = 'Press and hold [SPACE] to report the duration of the stimulus'
466.5301 	EXP 	text: autoDraw = True
467.6656 	DATA 	Keypress: space
467.6666 	EXP 	text: autoDraw = False
468.5196 	WARNING 	Stopping key buffers but this could be dangerous ifother keyboards rely on the same.
468.5360 	EXP 	text: text = 'Total points : 211.7'
468.5360 	EXP 	text: text = 'Your response exceeded the actual time.\n\n Press [SPACE] to advance'
468.5360 	EXP 	text: autoDraw = True
469.3695 	DATA 	Keypress: space
469.3706 	EXP 	text: autoDraw = False
476.8051 	EXP 	text: text = 'Press and hold [SPACE] to report the duration of the stimulus'
476.8051 	EXP 	text: autoDraw = True
477.5297 	DATA 	Keypress: space
477.5307 	EXP 	text: autoDraw = False
478.3200 	WARNING 	Stopping key buffers but this could be dangerous ifother keyboards rely on the same.
478.3361 	EXP 	text: text = 'You earned 2.7 out of 10 points in this round.\n\n Press [SPACE] to advance'
478.3361 	EXP 	text: autoDraw = True
488.7457 	DATA 	Keypress: space
488.7469 	EXP 	text: autoDraw = False
488.7528 	EXP 	text: text = 'Total points : 214.4'
494.0538 	EXP 	text: text = 'Press and hold [SPACE] to report the duration of the stimulus'
494.0538 	EXP 	text: autoDraw = True
496.2416 	DATA 	Keypress: space
496.2427 	EXP 	text: autoDraw = False
496.7120 	WARNING 	Stopping key buffers but this could be dangerous ifother keyboards rely on the same.
496.7239 	EXP 	text: text = 'You earned 5.7 out of 10 points in this round.\n\n Press [SPACE] to advance'
496.7239 	EXP 	text: autoDraw = True
497.5696 	DATA 	Keypress: space
497.5706 	EXP 	text: autoDraw = False
497.5861 	EXP 	text: text = 'Total points : 220.1'
505.1968 	EXP 	text: text = 'Press and hold [SPACE] to report the duration of the stimulus'
505.1968 	EXP 	text: autoDraw = True
506.4816 	DATA 	Keypress: space
506.4827 	EXP 	text: autoDraw = False
507.5028 	WARNING 	Stopping key buffers but this could be dangerous ifother keyboards rely on the same.
507.5360 	EXP 	text: text = 'You earned 3.5 out of 10 points in this round.\n\n Press [SPACE] to advance'
507.5360 	EXP 	text: autoDraw = True
507.5777 	DATA 	Keypress: space
507.5787 	EXP 	text: autoDraw = False
507.5861 	EXP 	text: text = 'Total points : 223.6'
514.3885 	EXP 	text: text = 'Press and hold [SPACE] to report the duration of the stimulus'
514.3885 	EXP 	text: autoDraw = True
515.5057 	DATA 	Keypress: space
515.5067 	EXP 	text: autoDraw = False
516.4401 	WARNING 	Stopping key buffers but this could be dangerous ifother keyboards rely on the same.
516.4532 	EXP 	text: text = 'You earned 5.3 out of 10 points in this round.\n\n Press [SPACE] to advance'
516.4532 	EXP 	text: autoDraw = True
517.3935 	DATA 	Keypress: space
517.3945 	EXP 	text: autoDraw = False
517.4027 	EXP 	text: text = 'Total points : 228.9'
524.5640 	EXP 	text: text = 'Press and hold [SPACE] to report the duration of the stimulus'
524.5640 	EXP 	text: autoDraw = True
525.6817 	DATA 	Keypress: space
525.6827 	EXP 	text: autoDraw = False
526.8361 	WARNING 	Stopping key buffers but this could be dangerous ifother keyboards rely on the same.
526.8693 	EXP 	text: text = 'You earned 6.1 out of 10 points in this round.\n\n Press [SPACE] to advance'
526.8693 	EXP 	text: autoDraw = True
527.7935 	DATA 	Keypress: space
527.7946 	EXP 	text: autoDraw = False
527.8027 	EXP 	text: text = 'Total points : 235.0'
534.0058 	EXP 	text: text = 'Press and hold [SPACE] to report the duration of the stimulus'
534.0058 	EXP 	text: autoDraw = True
535.3546 	DATA 	Keypress: space
535.3569 	EXP 	text: autoDraw = False
535.9696 	WARNING 	Stopping key buffers but this could be dangerous ifother keyboards rely on the same.
536.0046 	EXP 	text: text = 'You earned 4.1 out of 10 points in this round.\n\n Press [SPACE] to advance'
536.0046 	EXP 	text: autoDraw = True
536.7136 	DATA 	Keypress: space
536.7148 	EXP 	text: autoDraw = False
536.7220 	EXP 	text: text = 'Total points : 239.1'
544.1218 	EXP 	text: text = 'Press and hold [SPACE] to report the duration of the stimulus'
544.1218 	EXP 	text: autoDraw = True
545.2177 	DATA 	Keypress: space
545.2187 	EXP 	text: autoDraw = False
546.2241 	WARNING 	Stopping key buffers but this could be dangerous ifother keyboards rely on the same.
546.2373 	EXP 	text: text = 'You earned 4.1 out of 10 points in this round.\n\n Press [SPACE] to advance'
546.2373 	EXP 	text: autoDraw = True
546.9135 	DATA 	Keypress: space
546.9146 	EXP 	text: autoDraw = False
546.9198 	EXP 	text: text = 'Total points : 243.2'
552.6714 	EXP 	text: text = 'Press and hold [SPACE] to report the duration of the stimulus'
552.6714 	EXP 	text: autoDraw = True
553.6735 	DATA 	Keypress: space
553.6745 	EXP 	text: autoDraw = False
554.3600 	WARNING 	Stopping key buffers but this could be dangerous ifother keyboards rely on the same.
554.3733 	EXP 	text: text = 'You earned 6.5 out of 10 points in this round.\n\n Press [SPACE] to advance'
554.3733 	EXP 	text: autoDraw = True
555.4177 	DATA 	Keypress: space
555.4188 	EXP 	text: autoDraw = False
555.4360 	EXP 	text: text = 'Total points : 249.7'
561.6386 	EXP 	text: text = 'Press and hold [SPACE] to report the duration of the stimulus'
561.6386 	EXP 	text: autoDraw = True
562.7216 	DATA 	Keypress: space
562.7228 	EXP 	text: autoDraw = False
563.5528 	WARNING 	Stopping key buffers but this could be dangerous ifother keyboards rely on the same.
563.5860 	EXP 	text: text = 'You earned 6.2 out of 10 points in this round.\n\n Press [SPACE] to advance'
563.5860 	EXP 	text: autoDraw = True
564.3696 	DATA 	Keypress: space
564.3707 	EXP 	text: autoDraw = False
564.3861 	EXP 	text: text = 'Total points : 255.9'
571.5468 	EXP 	text: text = 'Press and hold [SPACE] to report the duration of the stimulus'
571.5468 	EXP 	text: autoDraw = True
572.6257 	DATA 	Keypress: space
572.6267 	EXP 	text: autoDraw = False
573.7280 	WARNING 	Stopping key buffers but this could be dangerous ifother keyboards rely on the same.
573.7410 	EXP 	text: text = 'You earned 5.8 out of 10 points in this round.\n\n Press [SPACE] to advance'
573.7410 	EXP 	text: autoDraw = True
574.5215 	DATA 	Keypress: space
574.5224 	EXP 	text: autoDraw = False
574.5360 	EXP 	text: text = 'Total points : 261.7'
581.6971 	EXP 	text: text = 'Press and hold [SPACE] to report the duration of the stimulus'
581.6971 	EXP 	text: autoDraw = True
582.7376 	DATA 	Keypress: space
582.7387 	EXP 	text: autoDraw = False
583.7681 	WARNING 	Stopping key buffers but this could be dangerous ifother keyboards rely on the same.
583.7861 	EXP 	text: text = 'You earned 5.0 out of 10 points in this round.\n\n Press [SPACE] to advance'
583.7861 	EXP 	text: autoDraw = True
585.0815 	DATA 	Keypress: space
585.0826 	EXP 	text: autoDraw = False
585.0880 	EXP 	text: text = 'Total points : 266.7'
590.8375 	EXP 	text: text = 'Press and hold [SPACE] to report the duration of the stimulus'
590.8375 	EXP 	text: autoDraw = True
592.0976 	DATA 	Keypress: space
592.0987 	EXP 	text: autoDraw = False
592.7040 	WARNING 	Stopping key buffers but this could be dangerous ifother keyboards rely on the same.
592.7194 	EXP 	text: text = 'You earned 5.6 out of 10 points in this round.\n\n Press [SPACE] to advance'
592.7194 	EXP 	text: autoDraw = True
593.4335 	DATA 	Keypress: space
593.4345 	EXP 	text: autoDraw = False
593.4408 	EXP 	text: text = 'Total points : 272.3'
598.7386 	EXP 	text: text = 'Press and hold [SPACE] to report the duration of the stimulus'
598.7386 	EXP 	text: autoDraw = True
599.8817 	DATA 	Keypress: space
599.8827 	EXP 	text: autoDraw = False
600.3441 	WARNING 	Stopping key buffers but this could be dangerous ifother keyboards rely on the same.
600.3556 	EXP 	text: text = 'You earned 5.6 out of 10 points in this round.\n\n Press [SPACE] to advance'
600.3556 	EXP 	text: autoDraw = True
601.5935 	DATA 	Keypress: space
601.5944 	EXP 	text: autoDraw = False
601.6027 	EXP 	text: text = 'Total points : 277.9'
607.5632 	EXP 	text: text = 'Press and hold [SPACE] to report the duration of the stimulus'
607.5632 	EXP 	text: autoDraw = True
608.6256 	DATA 	Keypress: space
608.6267 	EXP 	text: autoDraw = False
609.7362 	WARNING 	Stopping key buffers but this could be dangerous ifother keyboards rely on the same.
609.7527 	EXP 	text: text = 'Total points : 277.9'
609.7527 	EXP 	text: text = 'Your response exceeded the actual time.\n\n Press [SPACE] to advance'
609.7527 	EXP 	text: autoDraw = True
611.0894 	DATA 	Keypress: space
611.0905 	EXP 	text: autoDraw = False
618.2803 	EXP 	text: text = 'Press and hold [SPACE] to report the duration of the stimulus'
618.2803 	EXP 	text: autoDraw = True
618.9936 	DATA 	Keypress: space
618.9946 	EXP 	text: autoDraw = False
619.8362 	WARNING 	Stopping key buffers but this could be dangerous ifother keyboards rely on the same.
619.8693 	EXP 	text: text = 'You earned 3.3 out of 10 points in this round.\n\n Press [SPACE] to advance'
619.8693 	EXP 	text: autoDraw = True
620.7135 	DATA 	Keypress: space
620.7144 	EXP 	text: autoDraw = False
620.7201 	EXP 	text: text = 'Total points : 281.2'
628.1216 	EXP 	text: text = 'Press and hold [SPACE] to report the duration of the stimulus'
628.1216 	EXP 	text: autoDraw = True
629.5377 	DATA 	Keypress: space
629.5387 	EXP 	text: autoDraw = False
630.5521 	WARNING 	Stopping key buffers but this could be dangerous ifother keyboards rely on the same.
630.5693 	EXP 	text: text = 'You earned 4.2 out of 10 points in this round.\n\n Press [SPACE] to advance'
630.5693 	EXP 	text: autoDraw = True
631.2656 	DATA 	Keypress: space
631.2665 	EXP 	text: autoDraw = False
631.2719 	EXP 	text: text = 'Total points : 285.4'
638.0715 	EXP 	text: text = 'Press and hold [SPACE] to report the duration of the stimulus'
638.0715 	EXP 	text: autoDraw = True
639.0336 	DATA 	Keypress: space
639.0347 	EXP 	text: autoDraw = False
640.2081 	WARNING 	Stopping key buffers but this could be dangerous ifother keyboards rely on the same.
640.2216 	EXP 	text: text = 'You earned 8.6 out of 10 points in this round.\n\n Press [SPACE] to advance'
640.2216 	EXP 	text: autoDraw = True
641.3055 	DATA 	Keypress: space
641.3065 	EXP 	text: autoDraw = False
641.3193 	EXP 	text: text = 'Total points : 294.0'
647.5216 	EXP 	text: text = 'Press and hold [SPACE] to report the duration of the stimulus'
647.5216 	EXP 	text: autoDraw = True
648.7296 	DATA 	Keypress: space
648.7307 	EXP 	text: autoDraw = False
649.3841 	WARNING 	Stopping key buffers but this could be dangerous ifother keyboards rely on the same.
649.4027 	EXP 	text: text = 'You earned 4.5 out of 10 points in this round.\n\n Press [SPACE] to advance'
649.4027 	EXP 	text: autoDraw = True
650.1615 	DATA 	Keypress: space
650.1626 	EXP 	text: autoDraw = False
650.1694 	EXP 	text: text = 'Total points : 298.5'
655.6795 	EXP 	text: text = 'Press and hold [SPACE] to report the duration of the stimulus'
655.6795 	EXP 	text: autoDraw = True
656.8577 	DATA 	Keypress: space
656.8587 	EXP 	text: autoDraw = False
657.3600 	WARNING 	Stopping key buffers but this could be dangerous ifother keyboards rely on the same.
657.3722 	EXP 	text: text = 'You earned 5.3 out of 10 points in this round.\n\n Press [SPACE] to advance'
657.3722 	EXP 	text: autoDraw = True
658.1856 	DATA 	Keypress: space
658.1866 	EXP 	text: autoDraw = False
658.2027 	EXP 	text: text = 'Total points : 303.8'
665.3626 	EXP 	text: text = 'Press and hold [SPACE] to report the duration of the stimulus'
665.3626 	EXP 	text: autoDraw = True
666.3217 	DATA 	Keypress: space
666.3228 	EXP 	text: autoDraw = False
667.3520 	WARNING 	Stopping key buffers but this could be dangerous ifother keyboards rely on the same.
667.3694 	EXP 	text: text = 'You earned 5.0 out of 10 points in this round.\n\n Press [SPACE] to advance'
667.3694 	EXP 	text: autoDraw = True
668.0735 	DATA 	Keypress: space
668.0744 	EXP 	text: autoDraw = False
668.0860 	EXP 	text: text = 'Total points : 308.8'
673.3876 	EXP 	text: text = 'Press and hold [SPACE] to report the duration of the stimulus'
673.3876 	EXP 	text: autoDraw = True
674.7216 	DATA 	Keypress: space
674.7227 	EXP 	text: autoDraw = False
675.2960 	WARNING 	Stopping key buffers but this could be dangerous ifother keyboards rely on the same.
675.3094 	EXP 	text: text = 'You earned 7.1 out of 10 points in this round.\n\n Press [SPACE] to advance'
675.3094 	EXP 	text: autoDraw = True
675.9855 	DATA 	Keypress: space
675.9865 	EXP 	text: autoDraw = False
676.0027 	EXP 	text: text = 'Total points : 315.9'
681.3056 	EXP 	text: text = 'Press and hold [SPACE] to report the duration of the stimulus'
681.3056 	EXP 	text: autoDraw = True
682.7456 	DATA 	Keypress: space
682.7466 	EXP 	text: autoDraw = False
683.3281 	WARNING 	Stopping key buffers but this could be dangerous ifother keyboards rely on the same.
683.3411 	EXP 	text: text = 'You earned 7.2 out of 10 points in this round.\n\n Press [SPACE] to advance'
683.3411 	EXP 	text: autoDraw = True
684.0095 	DATA 	Keypress: space
684.0105 	EXP 	text: autoDraw = False
684.0194 	EXP 	text: text = 'Total points : 323.1'
690.8220 	EXP 	text: text = 'Press and hold [SPACE] to report the duration of the stimulus'
690.8220 	EXP 	text: autoDraw = True
692.0577 	DATA 	Keypress: space
692.0588 	EXP 	text: autoDraw = False
693.0862 	WARNING 	Stopping key buffers but this could be dangerous ifother keyboards rely on the same.
693.1194 	EXP 	text: text = 'You earned 6.1 out of 10 points in this round.\n\n Press [SPACE] to advance'
693.1194 	EXP 	text: autoDraw = True
694.2175 	DATA 	Keypress: space
694.2186 	EXP 	text: autoDraw = False
694.2360 	EXP 	text: text = 'Total points : 329.2'
699.7474 	EXP 	text: text = 'Press and hold [SPACE] to report the duration of the stimulus'
699.7474 	EXP 	text: autoDraw = True
700.9218 	DATA 	Keypress: space
700.9228 	EXP 	text: autoDraw = False
701.6195 	WARNING 	Stopping key buffers but this could be dangerous ifother keyboards rely on the same.
701.6527 	EXP 	text: text = 'You earned 7.4 out of 10 points in this round.\n\n Press [SPACE] to advance'
701.6527 	EXP 	text: autoDraw = True
702.7216 	DATA 	Keypress: space
702.7225 	EXP 	text: autoDraw = False
702.7360 	EXP 	text: text = 'Total points : 336.6'
708.2469 	EXP 	text: text = 'Press and hold [SPACE] to report the duration of the stimulus'
708.2469 	EXP 	text: autoDraw = True
709.4338 	DATA 	Keypress: space
709.4349 	EXP 	text: autoDraw = False
710.2481 	WARNING 	Stopping key buffers but this could be dangerous ifother keyboards rely on the same.
710.2615 	EXP 	text: text = 'You earned 9.8 out of 10 points in this round.\n\n Press [SPACE] to advance'
710.2615 	EXP 	text: autoDraw = True
711.0415 	DATA 	Keypress: space
711.0425 	EXP 	text: autoDraw = False
711.0527 	EXP 	text: text = 'Total points : 346.4'
717.8548 	EXP 	text: text = 'Press and hold [SPACE] to report the duration of the stimulus'
717.8548 	EXP 	text: autoDraw = True
718.8896 	DATA 	Keypress: space
718.8906 	EXP 	text: autoDraw = False
719.8240 	WARNING 	Stopping key buffers but this could be dangerous ifother keyboards rely on the same.
719.8371 	EXP 	text: text = 'You earned 5.3 out of 10 points in this round.\n\n Press [SPACE] to advance'
719.8371 	EXP 	text: autoDraw = True
720.6415 	DATA 	Keypress: space
720.6424 	EXP 	text: autoDraw = False
720.6527 	EXP 	text: text = 'Total points : 351.7'
726.4049 	EXP 	text: text = 'Press and hold [SPACE] to report the duration of the stimulus'
726.4049 	EXP 	text: autoDraw = True
727.6096 	DATA 	Keypress: space
727.6107 	EXP 	text: autoDraw = False
728.2801 	WARNING 	Stopping key buffers but this could be dangerous ifother keyboards rely on the same.
728.2933 	EXP 	text: text = 'You earned 6.3 out of 10 points in this round.\n\n Press [SPACE] to advance'
728.2933 	EXP 	text: autoDraw = True
729.0496 	DATA 	Keypress: space
729.0506 	EXP 	text: autoDraw = False
729.0560 	EXP 	text: text = 'Total points : 358.0'
736.6635 	EXP 	text: text = 'Press and hold [SPACE] to report the duration of the stimulus'
736.6635 	EXP 	text: autoDraw = True
737.6336 	DATA 	Keypress: space
737.6346 	EXP 	text: autoDraw = False
738.8528 	WARNING 	Stopping key buffers but this could be dangerous ifother keyboards rely on the same.
738.8861 	EXP 	text: text = 'You earned 5.2 out of 10 points in this round.\n\n Press [SPACE] to advance'
738.8861 	EXP 	text: autoDraw = True
739.5935 	DATA 	Keypress: space
739.5944 	EXP 	text: autoDraw = False
739.6026 	EXP 	text: text = 'Total points : 363.2'
745.5637 	EXP 	text: text = 'Press and hold [SPACE] to report the duration of the stimulus'
745.5637 	EXP 	text: autoDraw = True
746.6336 	DATA 	Keypress: space
746.6347 	EXP 	text: autoDraw = False
747.3281 	WARNING 	Stopping key buffers but this could be dangerous ifother keyboards rely on the same.
747.3411 	EXP 	text: text = 'You earned 5.7 out of 10 points in this round.\n\n Press [SPACE] to advance'
747.3411 	EXP 	text: autoDraw = True
748.1375 	DATA 	Keypress: space
748.1386 	EXP 	text: autoDraw = False
748.1527 	EXP 	text: text = 'Total points : 368.9'
753.4546 	EXP 	text: text = 'Press and hold [SPACE] to report the duration of the stimulus'
753.4546 	EXP 	text: autoDraw = True
754.4896 	DATA 	Keypress: space
754.4907 	EXP 	text: autoDraw = False
755.0960 	WARNING 	Stopping key buffers but this could be dangerous ifother keyboards rely on the same.
755.1091 	EXP 	text: text = 'You earned 7.5 out of 10 points in this round.\n\n Press [SPACE] to advance'
755.1091 	EXP 	text: autoDraw = True
755.9295 	DATA 	Keypress: space
755.9305 	EXP 	text: autoDraw = False
755.9369 	EXP 	text: text = 'Total points : 376.4'
761.6889 	EXP 	text: text = 'Press and hold [SPACE] to report the duration of the stimulus'
761.6889 	EXP 	text: autoDraw = True
762.7617 	DATA 	Keypress: space
762.7628 	EXP 	text: autoDraw = False
763.6195 	WARNING 	Stopping key buffers but this could be dangerous ifother keyboards rely on the same.
763.6527 	EXP 	text: text = 'You earned 8.9 out of 10 points in this round.\n\n Press [SPACE] to advance'
763.6527 	EXP 	text: autoDraw = True
764.3615 	DATA 	Keypress: space
764.3626 	EXP 	text: autoDraw = False
764.3693 	EXP 	text: text = 'Total points : 385.3'
770.7803 	EXP 	text: text = 'Press and hold [SPACE] to report the duration of the stimulus'
770.7803 	EXP 	text: autoDraw = True
771.6577 	DATA 	Keypress: space
771.6588 	EXP 	text: autoDraw = False
772.6802 	WARNING 	Stopping key buffers but this could be dangerous ifother keyboards rely on the same.
772.6932 	EXP 	text: text = 'You earned 8.2 out of 10 points in this round.\n\n Press [SPACE] to advance'
772.6932 	EXP 	text: autoDraw = True
773.3536 	DATA 	Keypress: space
773.3546 	EXP 	text: autoDraw = False
773.3694 	EXP 	text: text = 'Total points : 393.5'
779.5720 	EXP 	text: text = 'Press and hold [SPACE] to report the duration of the stimulus'
779.5720 	EXP 	text: autoDraw = True
780.6257 	DATA 	Keypress: space
780.6268 	EXP 	text: autoDraw = False
781.6800 	WARNING 	Stopping key buffers but this could be dangerous ifother keyboards rely on the same.
781.6935 	EXP 	text: text = 'You earned 9.9 out of 10 points in this round.\n\n Press [SPACE] to advance'
781.6935 	EXP 	text: autoDraw = True
782.2495 	DATA 	Keypress: space
782.2504 	EXP 	text: autoDraw = False
782.2560 	EXP 	text: text = 'Total points : 403.4'
789.4133 	EXP 	text: text = 'Press and hold [SPACE] to report the duration of the stimulus'
789.4133 	EXP 	text: autoDraw = True
790.6417 	DATA 	Keypress: space
790.6426 	EXP 	text: autoDraw = False
791.8481 	WARNING 	Stopping key buffers but this could be dangerous ifother keyboards rely on the same.
791.8618 	EXP 	text: text = 'You earned 7.2 out of 10 points in this round.\n\n Press [SPACE] to advance'
791.8618 	EXP 	text: autoDraw = True
792.6575 	DATA 	Keypress: space
792.6585 	EXP 	text: autoDraw = False
792.6694 	EXP 	text: text = 'Total points : 410.6'
799.0804 	EXP 	text: text = 'Press and hold [SPACE] to report the duration of the stimulus'
799.0804 	EXP 	text: autoDraw = True
800.0576 	DATA 	Keypress: space
800.0585 	EXP 	text: autoDraw = False
800.8862 	WARNING 	Stopping key buffers but this could be dangerous ifother keyboards rely on the same.
800.9194 	EXP 	text: text = 'You earned 5.3 out of 10 points in this round.\n\n Press [SPACE] to advance'
800.9194 	EXP 	text: autoDraw = True
801.4736 	DATA 	Keypress: space
801.4745 	EXP 	text: autoDraw = False
801.4860 	EXP 	text: text = 'Total points : 415.9'
807.8969 	EXP 	text: text = 'Press and hold [SPACE] to report the duration of the stimulus'
807.8969 	EXP 	text: autoDraw = True
808.9617 	DATA 	Keypress: space
808.9627 	EXP 	text: autoDraw = False
809.9601 	WARNING 	Stopping key buffers but this could be dangerous ifother keyboards rely on the same.
809.9731 	EXP 	text: text = 'You earned 7.8 out of 10 points in this round.\n\n Press [SPACE] to advance'
809.9731 	EXP 	text: autoDraw = True
810.6494 	DATA 	Keypress: space
810.6505 	EXP 	text: autoDraw = False
810.6561 	EXP 	text: text = 'Total points : 423.7'
817.4553 	EXP 	text: text = 'Press and hold [SPACE] to report the duration of the stimulus'
817.4553 	EXP 	text: autoDraw = True
818.7937 	DATA 	Keypress: space
818.7948 	EXP 	text: autoDraw = False
819.8029 	WARNING 	Stopping key buffers but this could be dangerous ifother keyboards rely on the same.
819.8360 	EXP 	text: text = 'You earned 6.0 out of 10 points in this round.\n\n Press [SPACE] to advance'
819.8360 	EXP 	text: autoDraw = True
820.4015 	DATA 	Keypress: space
820.4026 	EXP 	text: autoDraw = False
820.4194 	EXP 	text: text = 'Total points : 429.7'
826.8309 	EXP 	text: text = 'Press and hold [SPACE] to report the duration of the stimulus'
826.8309 	EXP 	text: autoDraw = True
827.9216 	DATA 	Keypress: space
827.9227 	EXP 	text: autoDraw = False
828.8561 	WARNING 	Stopping key buffers but this could be dangerous ifother keyboards rely on the same.
828.8692 	EXP 	text: text = 'You earned 6.9 out of 10 points in this round.\n\n Press [SPACE] to advance'
828.8692 	EXP 	text: autoDraw = True
829.5135 	DATA 	Keypress: space
829.5145 	EXP 	text: autoDraw = False
829.5198 	EXP 	text: text = 'Total points : 436.6'
835.2713 	EXP 	text: text = 'Press and hold [SPACE] to report the duration of the stimulus'
835.2713 	EXP 	text: autoDraw = True
836.4737 	DATA 	Keypress: space
836.4748 	EXP 	text: autoDraw = False
837.1680 	WARNING 	Stopping key buffers but this could be dangerous ifother keyboards rely on the same.
837.1860 	EXP 	text: text = 'You earned 6.6 out of 10 points in this round.\n\n Press [SPACE] to advance'
837.1860 	EXP 	text: autoDraw = True
837.8895 	DATA 	Keypress: space
837.8906 	EXP 	text: autoDraw = False
837.9027 	EXP 	text: text = 'Total points : 443.2'
843.6551 	EXP 	text: text = 'Press and hold [SPACE] to report the duration of the stimulus'
843.6551 	EXP 	text: autoDraw = True
844.6816 	DATA 	Keypress: space
844.6826 	EXP 	text: autoDraw = False
845.3862 	WARNING 	Stopping key buffers but this could be dangerous ifother keyboards rely on the same.
845.4193 	EXP 	text: text = 'You earned 6.4 out of 10 points in this round.\n\n Press [SPACE] to advance'
845.4193 	EXP 	text: autoDraw = True
846.0417 	DATA 	Keypress: space
846.0426 	EXP 	text: autoDraw = False
846.0531 	EXP 	text: text = 'Total points : 449.6'
852.2554 	EXP 	text: text = 'Press and hold [SPACE] to report the duration of the stimulus'
852.2554 	EXP 	text: autoDraw = True
853.4416 	DATA 	Keypress: space
853.4426 	EXP 	text: autoDraw = False
854.3680 	WARNING 	Stopping key buffers but this could be dangerous ifother keyboards rely on the same.
854.3860 	EXP 	text: text = 'You earned 7.8 out of 10 points in this round.\n\n Press [SPACE] to advance'
854.3860 	EXP 	text: autoDraw = True
855.0736 	DATA 	Keypress: space
855.0745 	EXP 	text: autoDraw = False
855.0860 	EXP 	text: text = 'Total points : 457.4'
861.2881 	EXP 	text: text = 'Press and hold [SPACE] to report the duration of the stimulus'
861.2881 	EXP 	text: autoDraw = True
862.4495 	DATA 	Keypress: space
862.4506 	EXP 	text: autoDraw = False
863.4800 	WARNING 	Stopping key buffers but this could be dangerous ifother keyboards rely on the same.
863.4934 	EXP 	text: text = 'You earned 9.6 out of 10 points in this round.\n\n Press [SPACE] to advance'
863.4934 	EXP 	text: autoDraw = True
864.1136 	DATA 	Keypress: space
864.1146 	EXP 	text: autoDraw = False
864.1201 	EXP 	text: text = 'Total points : 467.0'
869.4217 	EXP 	text: text = 'Press and hold [SPACE] to report the duration of the stimulus'
869.4217 	EXP 	text: autoDraw = True
870.6017 	DATA 	Keypress: space
870.6027 	EXP 	text: autoDraw = False
871.4028 	WARNING 	Stopping key buffers but this could be dangerous ifother keyboards rely on the same.
871.4194 	EXP 	text: text = 'Total points : 467.0'
871.4194 	EXP 	text: text = 'Your response exceeded the actual time.\n\n Press [SPACE] to advance'
871.4194 	EXP 	text: autoDraw = True
872.1855 	DATA 	Keypress: space
872.1866 	EXP 	text: autoDraw = False
878.6303 	EXP 	text: text = 'Press and hold [SPACE] to report the duration of the stimulus'
878.6303 	EXP 	text: autoDraw = True
879.3616 	DATA 	Keypress: space
879.3627 	EXP 	text: autoDraw = False
880.1528 	WARNING 	Stopping key buffers but this could be dangerous ifother keyboards rely on the same.
880.1860 	EXP 	text: text = 'You earned 5.0 out of 10 points in this round.\n\n Press [SPACE] to advance'
880.1860 	EXP 	text: autoDraw = True
880.7135 	DATA 	Keypress: space
880.7146 	EXP 	text: autoDraw = False
880.7200 	EXP 	text: text = 'Total points : 472.0'
888.3304 	EXP 	text: text = 'Press and hold [SPACE] to report the duration of the stimulus'
888.3304 	EXP 	text: autoDraw = True
889.3057 	DATA 	Keypress: space
889.3066 	EXP 	text: autoDraw = False
890.6164 	WARNING 	Stopping key buffers but this could be dangerous ifother keyboards rely on the same.
890.6361 	EXP 	text: text = 'You earned 6.5 out of 10 points in this round.\n\n Press [SPACE] to advance'
890.6361 	EXP 	text: autoDraw = True
891.3136 	DATA 	Keypress: space
891.3146 	EXP 	text: autoDraw = False
891.3199 	EXP 	text: text = 'Total points : 478.5'
898.1217 	EXP 	text: text = 'Press and hold [SPACE] to report the duration of the stimulus'
898.1217 	EXP 	text: autoDraw = True
899.3857 	DATA 	Keypress: space
899.3868 	EXP 	text: autoDraw = False
900.4800 	WARNING 	Stopping key buffers but this could be dangerous ifother keyboards rely on the same.
900.4932 	EXP 	text: text = 'You earned 7.3 out of 10 points in this round.\n\n Press [SPACE] to advance'
900.4932 	EXP 	text: autoDraw = True
901.1535 	DATA 	Keypress: space
901.1544 	EXP 	text: autoDraw = False
901.1693 	EXP 	text: text = 'Total points : 485.8'
908.7806 	EXP 	text: text = 'Press and hold [SPACE] to report the duration of the stimulus'
908.7806 	EXP 	text: autoDraw = True
909.5857 	DATA 	Keypress: space
909.5868 	EXP 	text: autoDraw = False
910.9361 	WARNING 	Stopping key buffers but this could be dangerous ifother keyboards rely on the same.
910.9527 	EXP 	text: text = 'You earned 7.1 out of 10 points in this round.\n\n Press [SPACE] to advance'
910.9527 	EXP 	text: autoDraw = True
911.6975 	DATA 	Keypress: space
911.6985 	EXP 	text: autoDraw = False
911.7038 	EXP 	text: text = 'Total points : 492.9'
919.1047 	EXP 	text: text = 'Press and hold [SPACE] to report the duration of the stimulus'
919.1047 	EXP 	text: autoDraw = True
920.0736 	DATA 	Keypress: space
920.0746 	EXP 	text: autoDraw = False
921.2881 	WARNING 	Stopping key buffers but this could be dangerous ifother keyboards rely on the same.
921.3027 	EXP 	text: text = 'You earned 6.3 out of 10 points in this round.\n\n Press [SPACE] to advance'
921.3027 	EXP 	text: autoDraw = True
922.1375 	DATA 	Keypress: space
922.1385 	EXP 	text: autoDraw = False
922.1527 	EXP 	text: text = 'Total points : 499.2'
929.7649 	EXP 	text: text = 'Press and hold [SPACE] to report the duration of the stimulus'
929.7649 	EXP 	text: autoDraw = True
930.6497 	DATA 	Keypress: space
930.6508 	EXP 	text: autoDraw = False
932.0028 	WARNING 	Stopping key buffers but this could be dangerous ifother keyboards rely on the same.
932.0360 	EXP 	text: text = 'You earned 6.9 out of 10 points in this round.\n\n Press [SPACE] to advance'
932.0360 	EXP 	text: autoDraw = True
932.6816 	DATA 	Keypress: space
932.6825 	EXP 	text: autoDraw = False
932.6879 	EXP 	text: text = 'Total points : 506.1'
938.4381 	EXP 	text: text = 'Press and hold [SPACE] to report the duration of the stimulus'
938.4381 	EXP 	text: autoDraw = True
939.6416 	DATA 	Keypress: space
939.6426 	EXP 	text: autoDraw = False
940.3840 	WARNING 	Stopping key buffers but this could be dangerous ifother keyboards rely on the same.
940.4027 	EXP 	text: text = 'You earned 7.3 out of 10 points in this round.\n\n Press [SPACE] to advance'
940.4027 	EXP 	text: autoDraw = True
941.0015 	DATA 	Keypress: space
941.0025 	EXP 	text: autoDraw = False
941.0194 	EXP 	text: text = 'Total points : 513.4'
946.9804 	EXP 	text: text = 'Press and hold [SPACE] to report the duration of the stimulus'
946.9804 	EXP 	text: autoDraw = True
947.8817 	DATA 	Keypress: space
947.8828 	EXP 	text: autoDraw = False
948.7521 	WARNING 	Stopping key buffers but this could be dangerous ifother keyboards rely on the same.
948.7693 	EXP 	text: text = 'You earned 8.1 out of 10 points in this round.\n\n Press [SPACE] to advance'
948.7693 	EXP 	text: autoDraw = True
949.4176 	DATA 	Keypress: space
949.4185 	EXP 	text: autoDraw = False
949.4360 	EXP 	text: text = 'Total points : 521.5'
956.5978 	EXP 	text: text = 'Press and hold [SPACE] to report the duration of the stimulus'
956.5978 	EXP 	text: autoDraw = True
957.3937 	DATA 	Keypress: space
957.3947 	EXP 	text: autoDraw = False
958.8196 	WARNING 	Stopping key buffers but this could be dangerous ifother keyboards rely on the same.
958.8360 	EXP 	text: text = 'Total points : 521.5'
958.8360 	EXP 	text: text = 'Your response exceeded the actual time.\n\n Press [SPACE] to advance'
958.8360 	EXP 	text: autoDraw = True
959.7215 	DATA 	Keypress: space
959.7226 	EXP 	text: autoDraw = False
967.3636 	EXP 	text: text = 'Press and hold [SPACE] to report the duration of the stimulus'
967.3636 	EXP 	text: autoDraw = True
967.9936 	DATA 	Keypress: space
967.9946 	EXP 	text: autoDraw = False
969.2081 	WARNING 	Stopping key buffers but this could be dangerous ifother keyboards rely on the same.
969.2216 	EXP 	text: text = 'You earned 5.4 out of 10 points in this round.\n\n Press [SPACE] to advance'
969.2216 	EXP 	text: autoDraw = True
969.9217 	DATA 	Keypress: space
969.9227 	EXP 	text: autoDraw = False
969.9360 	EXP 	text: text = 'Total points : 526.9'
977.0970 	EXP 	text: text = 'Press and hold [SPACE] to report the duration of the stimulus'
977.0970 	EXP 	text: autoDraw = True
977.7377 	DATA 	Keypress: space
977.7388 	EXP 	text: autoDraw = False
978.8560 	WARNING 	Stopping key buffers but this could be dangerous ifother keyboards rely on the same.
978.8693 	EXP 	text: text = 'You earned 6.0 out of 10 points in this round.\n\n Press [SPACE] to advance'
978.8693 	EXP 	text: autoDraw = True
979.5055 	DATA 	Keypress: space
979.5066 	EXP 	text: autoDraw = False
979.5194 	EXP 	text: text = 'Total points : 532.9'
987.1305 	EXP 	text: text = 'Press and hold [SPACE] to report the duration of the stimulus'
987.1305 	EXP 	text: autoDraw = True
987.7218 	DATA 	Keypress: space
987.7229 	EXP 	text: autoDraw = False
989.0560 	WARNING 	Stopping key buffers but this could be dangerous ifother keyboards rely on the same.
989.0695 	EXP 	text: text = 'You earned 6.9 out of 10 points in this round.\n\n Press [SPACE] to advance'
989.0695 	EXP 	text: autoDraw = True
989.8095 	DATA 	Keypress: space
989.8106 	EXP 	text: autoDraw = False
989.8193 	EXP 	text: text = 'Total points : 539.8'
996.0228 	EXP 	text: text = 'Press and hold [SPACE] to report the duration of the stimulus'
996.0228 	EXP 	text: autoDraw = True
996.9616 	DATA 	Keypress: space
996.9627 	EXP 	text: autoDraw = False
997.5840 	WARNING 	Stopping key buffers but this could be dangerous ifother keyboards rely on the same.
997.6027 	EXP 	text: text = 'You earned 4.3 out of 10 points in this round.\n\n Press [SPACE] to advance'
997.6027 	EXP 	text: autoDraw = True
998.4015 	DATA 	Keypress: space
998.4026 	EXP 	text: autoDraw = False
998.4194 	EXP 	text: text = 'Total points : 544.1'
1004.3810 	EXP 	text: text = 'Press and hold [SPACE] to report the duration of the stimulus'
1004.3810 	EXP 	text: autoDraw = True
1005.2257 	DATA 	Keypress: space
1005.2269 	EXP 	text: autoDraw = False
1005.9040 	WARNING 	Stopping key buffers but this could be dangerous ifother keyboards rely on the same.
1005.9193 	EXP 	text: text = 'You earned 5.5 out of 10 points in this round.\n\n Press [SPACE] to advance'
1005.9193 	EXP 	text: autoDraw = True
1006.5536 	DATA 	Keypress: space
1006.5546 	EXP 	text: autoDraw = False
1006.5694 	EXP 	text: text = 'Total points : 549.6'
1013.3715 	EXP 	text: text = 'Press and hold [SPACE] to report the duration of the stimulus'
1013.3715 	EXP 	text: autoDraw = True
1014.2817 	DATA 	Keypress: space
1014.2827 	EXP 	text: autoDraw = False
1015.2561 	WARNING 	Stopping key buffers but this could be dangerous ifother keyboards rely on the same.
1015.2691 	EXP 	text: text = 'You earned 5.8 out of 10 points in this round.\n\n Press [SPACE] to advance'
1015.2691 	EXP 	text: autoDraw = True
1016.0175 	DATA 	Keypress: space
1016.0185 	EXP 	text: autoDraw = False
1016.0360 	EXP 	text: text = 'Total points : 555.4'
1021.5469 	EXP 	text: text = 'Press and hold [SPACE] to report the duration of the stimulus'
1021.5469 	EXP 	text: autoDraw = True
1022.5058 	DATA 	Keypress: space
1022.5068 	EXP 	text: autoDraw = False
1023.0401 	WARNING 	Stopping key buffers but this could be dangerous ifother keyboards rely on the same.
1023.0531 	EXP 	text: text = 'You earned 5.6 out of 10 points in this round.\n\n Press [SPACE] to advance'
1023.0531 	EXP 	text: autoDraw = True
1023.9054 	DATA 	Keypress: space
1023.9064 	EXP 	text: autoDraw = False
1023.9193 	EXP 	text: text = 'Total points : 561.0'
1031.0799 	EXP 	text: text = 'Press and hold [SPACE] to report the duration of the stimulus'
1031.0799 	EXP 	text: autoDraw = True
1031.8017 	DATA 	Keypress: space
1031.8026 	EXP 	text: autoDraw = False
1033.1441 	WARNING 	Stopping key buffers but this could be dangerous ifother keyboards rely on the same.
1033.1572 	EXP 	text: text = 'You earned 9.4 out of 10 points in this round.\n\n Press [SPACE] to advance'
1033.1572 	EXP 	text: autoDraw = True
1033.8096 	DATA 	Keypress: space
1033.8106 	EXP 	text: autoDraw = False
1033.8194 	EXP 	text: text = 'Total points : 570.4'
1041.4300 	EXP 	text: text = 'Press and hold [SPACE] to report the duration of the stimulus'
1041.4300 	EXP 	text: autoDraw = True
1042.0818 	DATA 	Keypress: space
1042.0829 	EXP 	text: autoDraw = False
1043.3922 	WARNING 	Stopping key buffers but this could be dangerous ifother keyboards rely on the same.
1043.4055 	EXP 	text: text = 'You earned 6.5 out of 10 points in this round.\n\n Press [SPACE] to advance'
1043.4055 	EXP 	text: autoDraw = True
1044.0335 	DATA 	Keypress: space
1044.0346 	EXP 	text: autoDraw = False
1044.0400 	EXP 	text: text = 'Total points : 576.9'
1051.6631 	EXP 	text: text = 'Press and hold [SPACE] to report the duration of the stimulus'
1051.6631 	EXP 	text: autoDraw = True
1052.4897 	DATA 	Keypress: space
1052.4907 	EXP 	text: autoDraw = False
1053.7200 	WARNING 	Stopping key buffers but this could be dangerous ifother keyboards rely on the same.
1053.7361 	EXP 	text: text = 'You earned 5.6 out of 10 points in this round.\n\n Press [SPACE] to advance'
1053.7361 	EXP 	text: autoDraw = True
1054.3855 	DATA 	Keypress: space
1054.3866 	EXP 	text: autoDraw = False
1054.4027 	EXP 	text: text = 'Total points : 582.5'
1060.1550 	EXP 	text: text = 'Press and hold [SPACE] to report the duration of the stimulus'
1060.1550 	EXP 	text: autoDraw = True
1061.1537 	DATA 	Keypress: space
1061.1548 	EXP 	text: autoDraw = False
1061.8721 	WARNING 	Stopping key buffers but this could be dangerous ifother keyboards rely on the same.
1061.8861 	EXP 	text: text = 'You earned 7.0 out of 10 points in this round.\n\n Press [SPACE] to advance'
1061.8861 	EXP 	text: autoDraw = True
1062.4975 	DATA 	Keypress: space
1062.4986 	EXP 	text: autoDraw = False
1062.5039 	EXP 	text: text = 'Total points : 589.5'
1068.9136 	EXP 	text: text = 'Press and hold [SPACE] to report the duration of the stimulus'
1068.9136 	EXP 	text: autoDraw = True
1069.9376 	DATA 	Keypress: space
1069.9388 	EXP 	text: autoDraw = False
1070.7281 	WARNING 	Stopping key buffers but this could be dangerous ifother keyboards rely on the same.
1070.7416 	EXP 	text: text = 'You earned 5.1 out of 10 points in this round.\n\n Press [SPACE] to advance'
1070.7416 	EXP 	text: autoDraw = True
1071.3696 	DATA 	Keypress: space
1071.3706 	EXP 	text: autoDraw = False
1071.3860 	EXP 	text: text = 'Total points : 594.6'
1078.1876 	EXP 	text: text = 'Press and hold [SPACE] to report the duration of the stimulus'
1078.1876 	EXP 	text: autoDraw = True
1079.2498 	DATA 	Keypress: space
1079.2510 	EXP 	text: autoDraw = False
1080.2320 	WARNING 	Stopping key buffers but this could be dangerous ifother keyboards rely on the same.
1080.2454 	EXP 	text: text = 'You earned 5.9 out of 10 points in this round.\n\n Press [SPACE] to advance'
1080.2454 	EXP 	text: autoDraw = True
1080.8814 	DATA 	Keypress: space
1080.8824 	EXP 	text: autoDraw = False
1080.8876 	EXP 	text: text = 'Total points : 600.5'
1087.0882 	EXP 	text: text = 'Press and hold [SPACE] to report the duration of the stimulus'
1087.0882 	EXP 	text: autoDraw = True
1088.1457 	DATA 	Keypress: space
1088.1467 	EXP 	text: autoDraw = False
1088.9601 	WARNING 	Stopping key buffers but this could be dangerous ifother keyboards rely on the same.
1088.9733 	EXP 	text: text = 'You earned 6.3 out of 10 points in this round.\n\n Press [SPACE] to advance'
1088.9733 	EXP 	text: autoDraw = True
1089.5935 	DATA 	Keypress: space
1089.5946 	EXP 	text: autoDraw = False
1089.6027 	EXP 	text: text = 'Total points : 606.8'
1095.8056 	EXP 	text: text = 'Press and hold [SPACE] to report the duration of the stimulus'
1095.8056 	EXP 	text: autoDraw = True
1096.7298 	DATA 	Keypress: space
1096.7309 	EXP 	text: autoDraw = False
1097.4961 	WARNING 	Stopping key buffers but this could be dangerous ifother keyboards rely on the same.
1097.5092 	EXP 	text: text = 'You earned 5.7 out of 10 points in this round.\n\n Press [SPACE] to advance'
1097.5092 	EXP 	text: autoDraw = True
1098.1455 	DATA 	Keypress: space
1098.1464 	EXP 	text: autoDraw = False
1098.1527 	EXP 	text: text = 'Total points : 612.5'
1105.3142 	EXP 	text: text = 'Press and hold [SPACE] to report the duration of the stimulus'
1105.3142 	EXP 	text: autoDraw = True
1105.9858 	DATA 	Keypress: space
1105.9868 	EXP 	text: autoDraw = False
1107.2720 	WARNING 	Stopping key buffers but this could be dangerous ifother keyboards rely on the same.
1107.2860 	EXP 	text: text = 'You earned 8.4 out of 10 points in this round.\n\n Press [SPACE] to advance'
1107.2860 	EXP 	text: autoDraw = True
1107.9455 	DATA 	Keypress: space
1107.9464 	EXP 	text: autoDraw = False
1107.9527 	EXP 	text: text = 'Total points : 620.9'
1113.2548 	EXP 	text: text = 'Press and hold [SPACE] to report the duration of the stimulus'
1113.2548 	EXP 	text: autoDraw = True
1114.0817 	DATA 	Keypress: space
1114.0828 	EXP 	text: autoDraw = False
1114.6801 	WARNING 	Stopping key buffers but this could be dangerous ifother keyboards rely on the same.
1114.6931 	EXP 	text: text = 'You earned 7.4 out of 10 points in this round.\n\n Press [SPACE] to advance'
1114.6931 	EXP 	text: autoDraw = True
1115.2575 	DATA 	Keypress: space
1115.2585 	EXP 	text: autoDraw = False
1115.2693 	EXP 	text: text = 'Total points : 628.3'
1120.7800 	EXP 	text: text = 'Press and hold [SPACE] to report the duration of the stimulus'
1120.7800 	EXP 	text: autoDraw = True
1121.5858 	DATA 	Keypress: space
1121.5869 	EXP 	text: autoDraw = False
1122.2362 	WARNING 	Stopping key buffers but this could be dangerous ifother keyboards rely on the same.
1122.2693 	EXP 	text: text = 'You earned 6.7 out of 10 points in this round.\n\n Press [SPACE] to advance'
1122.2693 	EXP 	text: autoDraw = True
1122.7775 	DATA 	Keypress: space
1122.7785 	EXP 	text: autoDraw = False
1122.7861 	EXP 	text: text = 'Total points : 635.0'
1129.1973 	EXP 	text: text = 'Press and hold [SPACE] to report the duration of the stimulus'
1129.1973 	EXP 	text: autoDraw = True
1130.2657 	DATA 	Keypress: space
1130.2669 	EXP 	text: autoDraw = False
1131.2641 	WARNING 	Stopping key buffers but this could be dangerous ifother keyboards rely on the same.
1131.2773 	EXP 	text: text = 'You earned 7.8 out of 10 points in this round.\n\n Press [SPACE] to advance'
1131.2773 	EXP 	text: autoDraw = True
1131.9374 	DATA 	Keypress: space
1131.9383 	EXP 	text: autoDraw = False
1131.9527 	EXP 	text: text = 'Total points : 642.8'
1139.1134 	EXP 	text: text = 'Press and hold [SPACE] to report the duration of the stimulus'
1139.1134 	EXP 	text: autoDraw = True
1139.8017 	DATA 	Keypress: space
1139.8026 	EXP 	text: autoDraw = False
1141.0028 	WARNING 	Stopping key buffers but this could be dangerous ifother keyboards rely on the same.
1141.0360 	EXP 	text: text = 'You earned 6.8 out of 10 points in this round.\n\n Press [SPACE] to advance'
1141.0360 	EXP 	text: autoDraw = True
1141.8175 	DATA 	Keypress: space
1141.8186 	EXP 	text: autoDraw = False
1141.8359 	EXP 	text: text = 'Total points : 649.6'
1148.2475 	EXP 	text: text = 'Press and hold [SPACE] to report the duration of the stimulus'
1148.2475 	EXP 	text: autoDraw = True
1148.9938 	DATA 	Keypress: space
1148.9949 	EXP 	text: autoDraw = False
1149.7360 	WARNING 	Stopping key buffers but this could be dangerous ifother keyboards rely on the same.
1149.7527 	EXP 	text: text = 'You earned 4.7 out of 10 points in this round.\n\n Press [SPACE] to advance'
1149.7527 	EXP 	text: autoDraw = True
1150.5456 	DATA 	Keypress: space
1150.5466 	EXP 	text: autoDraw = False
1150.5524 	EXP 	text: text = 'Total points : 654.3'
1156.5125 	EXP 	text: text = 'Press and hold [SPACE] to report the duration of the stimulus'
1156.5125 	EXP 	text: autoDraw = True
1157.1617 	DATA 	Keypress: space
1157.1627 	EXP 	text: autoDraw = False
1157.9528 	WARNING 	Stopping key buffers but this could be dangerous ifother keyboards rely on the same.
1157.9860 	EXP 	text: text = 'You earned 6.7 out of 10 points in this round.\n\n Press [SPACE] to advance'
1157.9860 	EXP 	text: autoDraw = True
1158.5856 	DATA 	Keypress: space
1158.5866 	EXP 	text: autoDraw = False
1158.6027 	EXP 	text: text = 'Total points : 661.0'
1164.5633 	EXP 	text: text = 'Press and hold [SPACE] to report the duration of the stimulus'
1164.5633 	EXP 	text: autoDraw = True
1165.2417 	DATA 	Keypress: space
1165.2427 	EXP 	text: autoDraw = False
1166.3362 	WARNING 	Stopping key buffers but this could be dangerous ifother keyboards rely on the same.
1166.3527 	EXP 	text: text = 'Total points : 661.0'
1166.3527 	EXP 	text: text = 'Your response exceeded the actual time.\n\n Press [SPACE] to advance'
1166.3527 	EXP 	text: autoDraw = True
1168.5696 	DATA 	Keypress: space
1168.5706 	EXP 	text: autoDraw = False
1174.5633 	EXP 	text: text = 'Press and hold [SPACE] to report the duration of the stimulus'
1174.5633 	EXP 	text: autoDraw = True
1175.2657 	DATA 	Keypress: space
1175.2667 	EXP 	text: autoDraw = False
1175.9601 	WARNING 	Stopping key buffers but this could be dangerous ifother keyboards rely on the same.
1175.9736 	EXP 	text: text = 'You earned 5.7 out of 10 points in this round.\n\n Press [SPACE] to advance'
1175.9736 	EXP 	text: autoDraw = True
1176.5215 	DATA 	Keypress: space
1176.5224 	EXP 	text: autoDraw = False
1176.5360 	EXP 	text: text = 'Total points : 666.7'
1184.1469 	EXP 	text: text = 'Press and hold [SPACE] to report the duration of the stimulus'
1184.1469 	EXP 	text: autoDraw = True
1184.7937 	DATA 	Keypress: space
1184.7947 	EXP 	text: autoDraw = False
1185.9280 	WARNING 	Stopping key buffers but this could be dangerous ifother keyboards rely on the same.
1185.9416 	EXP 	text: text = 'You earned 4.6 out of 10 points in this round.\n\n Press [SPACE] to advance'
1185.9416 	EXP 	text: autoDraw = True
1186.7615 	DATA 	Keypress: space
1186.7626 	EXP 	text: autoDraw = False
1186.7693 	EXP 	text: text = 'Total points : 671.3'
1194.1717 	EXP 	text: text = 'Press and hold [SPACE] to report the duration of the stimulus'
1194.1717 	EXP 	text: autoDraw = True
1194.8496 	DATA 	Keypress: space
1194.8506 	EXP 	text: autoDraw = False
1196.1529 	WARNING 	Stopping key buffers but this could be dangerous ifother keyboards rely on the same.
1196.1860 	EXP 	text: text = 'You earned 7.1 out of 10 points in this round.\n\n Press [SPACE] to advance'
1196.1860 	EXP 	text: autoDraw = True
1196.7696 	DATA 	Keypress: space
1196.7705 	EXP 	text: autoDraw = False
1196.7860 	EXP 	text: text = 'Total points : 678.4'
1202.2968 	EXP 	text: text = 'Press and hold [SPACE] to report the duration of the stimulus'
1202.2968 	EXP 	text: autoDraw = True
1203.0097 	DATA 	Keypress: space
1203.0108 	EXP 	text: autoDraw = False
1203.7040 	WARNING 	Stopping key buffers but this could be dangerous ifother keyboards rely on the same.
1203.7193 	EXP 	text: text = 'You earned 7.7 out of 10 points in this round.\n\n Press [SPACE] to advance'
1203.7193 	EXP 	text: autoDraw = True
1204.3295 	DATA 	Keypress: space
1204.3304 	EXP 	text: autoDraw = False
1204.3357 	EXP 	text: text = 'Total points : 686.1'
1210.7472 	EXP 	text: text = 'Press and hold [SPACE] to report the duration of the stimulus'
1210.7472 	EXP 	text: autoDraw = True
1211.4097 	DATA 	Keypress: space
1211.4108 	EXP 	text: autoDraw = False
1212.2001 	WARNING 	Stopping key buffers but this could be dangerous ifother keyboards rely on the same.
1212.2193 	EXP 	text: text = 'You earned 5.1 out of 10 points in this round.\n\n Press [SPACE] to advance'
1212.2193 	EXP 	text: autoDraw = True
1212.8576 	DATA 	Keypress: space
1212.8586 	EXP 	text: autoDraw = False
1212.8694 	EXP 	text: text = 'Total points : 691.2'
1218.8299 	EXP 	text: text = 'Press and hold [SPACE] to report the duration of the stimulus'
1218.8299 	EXP 	text: autoDraw = True
1219.5616 	DATA 	Keypress: space
1219.5626 	EXP 	text: autoDraw = False
1220.4961 	WARNING 	Stopping key buffers but this could be dangerous ifother keyboards rely on the same.
1220.5091 	EXP 	text: text = 'You earned 9.2 out of 10 points in this round.\n\n Press [SPACE] to advance'
1220.5091 	EXP 	text: autoDraw = True
1221.0736 	DATA 	Keypress: space
1221.0745 	EXP 	text: autoDraw = False
1221.0860 	EXP 	text: text = 'Total points : 700.4'
1228.4881 	EXP 	text: text = 'Press and hold [SPACE] to report the duration of the stimulus'
1228.4881 	EXP 	text: autoDraw = True
1229.2018 	DATA 	Keypress: space
1229.2029 	EXP 	text: autoDraw = False
1230.4641 	WARNING 	Stopping key buffers but this could be dangerous ifother keyboards rely on the same.
1230.4774 	EXP 	text: text = 'You earned 6.9 out of 10 points in this round.\n\n Press [SPACE] to advance'
1230.4774 	EXP 	text: autoDraw = True
1231.1455 	DATA 	Keypress: space
1231.1464 	EXP 	text: autoDraw = False
1231.1527 	EXP 	text: text = 'Total points : 707.3'
1237.5637 	EXP 	text: text = 'Press and hold [SPACE] to report the duration of the stimulus'
1237.5637 	EXP 	text: autoDraw = True
1238.4095 	DATA 	Keypress: space
1238.4106 	EXP 	text: autoDraw = False
1239.3195 	WARNING 	Stopping key buffers but this could be dangerous ifother keyboards rely on the same.
1239.3527 	EXP 	text: text = 'You earned 6.1 out of 10 points in this round.\n\n Press [SPACE] to advance'
1239.3527 	EXP 	text: autoDraw = True
1239.9375 	DATA 	Keypress: space
1239.9386 	EXP 	text: autoDraw = False
1239.9527 	EXP 	text: text = 'Total points : 713.4'
1247.3556 	EXP 	text: text = 'Press and hold [SPACE] to report the duration of the stimulus'
1247.3556 	EXP 	text: autoDraw = True
1248.0017 	DATA 	Keypress: space
1248.0026 	EXP 	text: autoDraw = False
1249.0321 	WARNING 	Stopping key buffers but this could be dangerous ifother keyboards rely on the same.
1249.0450 	EXP 	text: text = 'You earned 4.3 out of 10 points in this round.\n\n Press [SPACE] to advance'
1249.0450 	EXP 	text: autoDraw = True
1249.6415 	DATA 	Keypress: space
1249.6424 	EXP 	text: autoDraw = False
1249.6474 	INFO 	Finishing at 16:21 on 02 Oct 2019
1249.9089 	EXP 	window1: mouseVisible = True
