10.6271 	ERROR 	Screen apparently NOT the desired resolution of 3840x2160 pixels!!
14.6925 	WARNING 	User requested fullscreen with size [3840 2160], but screen is actually [1920, 1080]. Using actual size
15.2754 	INFO 	Successfully set darwin thread to realtime
16.3313 	INFO 	#[ PsychoPy3 RuntimeInfoStart ]
  #[[ PsychoPy ]] #---------
    psychopyVersion: 3.2.3
    psychopyHaveExtRush: True
  #[[ Experiment ]] #---------
    experimentRunTime: 2019_10_03 14:23 (Year_Month_Day Hour:Min)
    experimentRunTime.epoch: 1570127011
    experimentScript: duration_judgments_using_space_bar.py
    experimentScript.digestSHA1: 5e088fecb52f70dc4032971e1f2c46374624cbfa
    experimentScript.directory: /Users/supadhy6/Documents/GitHub/spatio_temporal_information_processing/Time_Subjective_Expansion/Jon_Ian_collaboration
  #[[ System ]] #---------
    systemHaveInternetAccess: True
    systemHostName: pbs-cf-mini1.local
    systemLocale: C
    systemMemFreeRAM: 12558.58984375
    systemMemTotalRAM: 16384.0
    systemPlatform: darwin 10.12.6 x86_64
    systemPyoVersion: -
    systemRebooted: Sep 25 02:06
    systemSec.OpenSSLVersion: OpenSSL 0.9.8zh 14 Jan 2016
    systemSec.pythonSSL: True
    systemTimeNumpySD1000000_sec: 0.0057
    systemUser: supadhy6
    systemUserID: 1903061739
    systemUsersCount: 1
  #[[ Window ]] #---------
    windowWinType: pyglet
    windowUnits: deg
    windowSize_pix: [1920 1080]
    windowScreen: 0
    windowRgb: [255. 255. 255.]
    windowRefreshTimeSD_ms: 0.087
    windowRefreshTimeMedian_ms: 16.672
    windowRefreshTimeAvg_ms: 16.667
    windowPos_pix: [0.0, 0.0]
    windowMonitor.name: testmonitor
    windowMonitor.getWidth_cm: 56.0
    windowMonitor.getDistance_cm: 65.0
    windowMonitor.currentCalibName: 2019_09_24 12:00
    windowIsFullScr: True
  #[[ Python ]] #---------
    pythonVersion: 3.6.1
  #[[ OpenGL ]] #---------
#[ PsychoPy3 RuntimeInfoEnd ]

16.4250 	EXP 	Created text = TextStim(__class__=<class 'psychopy.visual.text.TextStim'>, alignHoriz='center', alignVert='center', antialias=True, autoLog=True, bold=False, color='black', colorSpace='named', contrast=1.0, depth=-1.0, flipHoriz=False, flipVert=False, font='Arial', fontFiles=[], height=0.35, italic=False, languageStyle='LTR', name='text', opacity=1.0, ori=0, pos=array([0., 0.]), rgb=array([0., 0., 0.]), text=str(...), units='deg', win=Window(...), wrapWidth=20)
16.4317 	EXP 	Created text = TextStim(__class__=<class 'psychopy.visual.text.TextStim'>, alignHoriz='center', alignVert='center', antialias=True, autoLog=True, bold=False, color='black', colorSpace='named', contrast=1.0, depth=-1.0, flipHoriz=False, flipVert=False, font='Arial', fontFiles=[], height=0.35, italic=False, languageStyle='LTR', name='text', opacity=1.0, ori=0, pos=array([5., 5.]), rgb=array([0., 0., 0.]), text='Total points : 0', units='deg', win=Window(...), wrapWidth=20)
16.5452 	EXP 	text: text = 'Welcome! Thank you for agreeing to participate in this study.\n\nIn this study, we want to examine your ability to perceive duration — how long something lasts.\n\nThe task is simple. In each trial, you will see a black disc appear on the screen and then disappear. Actually, the disc will appear and disappear three times in each trial, and each time, it will last for the same amount of time. We want you to pay attention to how long the disc lasts. Get a sense of its duration. It is repeated three times in a trial to help you get an accurate sense of its duration.\n\nAfter the third time the disc disappears it will be your turn to report its duration. Press and hold down the spacebar. This will make a disc appear on the screen. Let go of the spacebar when you think your disc has been on the screen as long as the standard disc you saw on that trial. So the point is we want you to reproduce the duration that you experienced. Remember we want to know how long each of the three black discs lasted, not how long they lasted in all together. \n\nPress any key to continue to the next page. \n\n'
16.5452 	EXP 	text: autoDraw = True
50.4815 	DATA 	Keypress: space
50.4822 	EXP 	text: autoDraw = False
50.5610 	EXP 	text: text = "We really want you to be as accurate as you can. So a game will be played to make it more fun. We want you to hold down the space bar for as long as you saw the standard disc last, but no longer! The closer you get to the right answer, the more points we will award you in that trial. But if you go over, your disc will disappear on its own and you won't get any points on that trial. So you need to be as accurate as possible without going over to earn the max. Each trial will be for 10 points. There are about 120 trials. If you collect a total of 650 points by the end, we will double the credit you get for the experiment.\n\nIf you're feeling uncomfortable, you can press ESC key any time to stop the experiment.\n\nPress any key you are ready to do some practice trials.\n\n"
50.5610 	EXP 	text: autoDraw = True
82.3201 	DATA 	Keypress: space
82.3208 	EXP 	text: autoDraw = False
82.3304 	EXP 	text: autoDraw = True
87.7288 	EXP 	text: text = 'Press and hold [SPACE] to report the duration of the stimulus'
87.7288 	EXP 	text: autoDraw = True
101.3442 	DATA 	Keypress: space
101.3452 	EXP 	text: autoDraw = False
102.4806 	WARNING 	Stopping key buffers but this could be dangerous ifother keyboards rely on the same.
102.4973 	EXP 	text: text = 'Total points : 0'
102.4973 	EXP 	text: text = 'Your response exceeded the actual time.\n\n Press [SPACE] to advance'
102.4973 	EXP 	text: autoDraw = True
106.3360 	DATA 	Keypress: space
106.3371 	EXP 	text: autoDraw = False
112.2669 	EXP 	text: text = 'Press and hold [SPACE] to report the duration of the stimulus'
112.2669 	EXP 	text: autoDraw = True
113.0481 	DATA 	Keypress: space
113.0492 	EXP 	text: autoDraw = False
113.7985 	WARNING 	Stopping key buffers but this could be dangerous ifother keyboards rely on the same.
113.8139 	EXP 	text: text = 'You earned 6.7 out of 10 points in this round.\n\n Press [SPACE] to advance'
113.8139 	EXP 	text: autoDraw = True
116.0320 	DATA 	Keypress: space
116.0329 	EXP 	text: autoDraw = False
116.0472 	EXP 	text: text = 'Total points : 6.7'
122.8501 	EXP 	text: text = 'Press and hold [SPACE] to report the duration of the stimulus'
122.8501 	EXP 	text: autoDraw = True
123.2961 	DATA 	Keypress: space
123.2971 	EXP 	text: autoDraw = False
124.0806 	WARNING 	Stopping key buffers but this could be dangerous ifother keyboards rely on the same.
124.1139 	EXP 	text: text = 'You earned 3.8 out of 10 points in this round.\n\n Press [SPACE] to advance'
124.1139 	EXP 	text: autoDraw = True
131.1840 	DATA 	Keypress: space
131.1851 	EXP 	text: autoDraw = False
131.2029 	EXP 	text: text = 'Total points : 10.5'
131.2029 	EXP 	text: text = 'Total points : 0'
131.2029 	EXP 	text: text = 'Great! Now press any key to begin the experiment'
131.2029 	EXP 	text: autoDraw = True
137.0322 	DATA 	Keypress: space
137.0333 	EXP 	text: autoDraw = False
142.3501 	EXP 	text: text = 'Press and hold [SPACE] to report the duration of the stimulus'
142.3501 	EXP 	text: autoDraw = True
142.9520 	DATA 	Keypress: space
142.9529 	EXP 	text: autoDraw = False
143.7973 	WARNING 	Stopping key buffers but this could be dangerous ifother keyboards rely on the same.
143.8137 	EXP 	text: text = 'Total points : 0'
143.8137 	EXP 	text: text = 'Your response exceeded the actual time.\n\n Press [SPACE] to advance'
143.8137 	EXP 	text: autoDraw = True
148.4159 	DATA 	Keypress: space
148.4170 	EXP 	text: autoDraw = False
154.6496 	EXP 	text: text = 'Press and hold [SPACE] to report the duration of the stimulus'
154.6496 	EXP 	text: autoDraw = True
155.0161 	DATA 	Keypress: space
155.0172 	EXP 	text: autoDraw = False
155.3306 	WARNING 	Stopping key buffers but this could be dangerous ifother keyboards rely on the same.
155.3638 	EXP 	text: text = 'You earned 2.2 out of 10 points in this round.\n\n Press [SPACE] to advance'
155.3638 	EXP 	text: autoDraw = True
158.1920 	DATA 	Keypress: space
158.1931 	EXP 	text: autoDraw = False
158.1982 	EXP 	text: text = 'Total points : 2.2'
163.4994 	EXP 	text: text = 'Press and hold [SPACE] to report the duration of the stimulus'
163.4994 	EXP 	text: autoDraw = True
163.8400 	DATA 	Keypress: space
163.8411 	EXP 	text: autoDraw = False
164.4865 	WARNING 	Stopping key buffers but this could be dangerous ifother keyboards rely on the same.
164.4995 	EXP 	text: text = 'You earned 8.2 out of 10 points in this round.\n\n Press [SPACE] to advance'
164.4995 	EXP 	text: autoDraw = True
169.7441 	DATA 	Keypress: space
169.7452 	EXP 	text: autoDraw = False
169.7521 	EXP 	text: text = 'Total points : 10.4'
176.1746 	EXP 	text: text = 'Press and hold [SPACE] to report the duration of the stimulus'
176.1746 	EXP 	text: autoDraw = True
176.6243 	DATA 	Keypress: space
176.6254 	EXP 	text: autoDraw = False
177.0626 	WARNING 	Stopping key buffers but this could be dangerous ifother keyboards rely on the same.
177.0805 	EXP 	text: text = 'You earned 2.5 out of 10 points in this round.\n\n Press [SPACE] to advance'
177.0805 	EXP 	text: autoDraw = True
182.1201 	DATA 	Keypress: space
182.1211 	EXP 	text: autoDraw = False
182.1305 	EXP 	text: text = 'Total points : 12.9'
189.2910 	EXP 	text: text = 'Press and hold [SPACE] to report the duration of the stimulus'
189.2910 	EXP 	text: autoDraw = True
190.0401 	DATA 	Keypress: space
190.0412 	EXP 	text: autoDraw = False
190.4705 	WARNING 	Stopping key buffers but this could be dangerous ifother keyboards rely on the same.
190.4823 	EXP 	text: text = 'You earned 1.5 out of 10 points in this round.\n\n Press [SPACE] to advance'
190.4823 	EXP 	text: autoDraw = True
195.6321 	DATA 	Keypress: space
195.6331 	EXP 	text: autoDraw = False
195.6471 	EXP 	text: text = 'Total points : 14.4'
202.4494 	EXP 	text: text = 'Press and hold [SPACE] to report the duration of the stimulus'
202.4494 	EXP 	text: autoDraw = True
202.8960 	DATA 	Keypress: space
202.8971 	EXP 	text: autoDraw = False
203.8065 	WARNING 	Stopping key buffers but this could be dangerous ifother keyboards rely on the same.
203.8196 	EXP 	text: text = 'You earned 5.1 out of 10 points in this round.\n\n Press [SPACE] to advance'
203.8196 	EXP 	text: autoDraw = True
210.0002 	DATA 	Keypress: space
210.0012 	EXP 	text: autoDraw = False
210.0138 	EXP 	text: text = 'Total points : 19.5'
215.7661 	EXP 	text: text = 'Press and hold [SPACE] to report the duration of the stimulus'
215.7661 	EXP 	text: autoDraw = True
216.1041 	DATA 	Keypress: space
216.1051 	EXP 	text: autoDraw = False
217.1307 	WARNING 	Stopping key buffers but this could be dangerous ifother keyboards rely on the same.
217.1471 	EXP 	text: text = 'Total points : 19.5'
217.1471 	EXP 	text: text = 'Your response exceeded the actual time.\n\n Press [SPACE] to advance'
217.1471 	EXP 	text: autoDraw = True
218.6480 	DATA 	Keypress: space
218.6489 	EXP 	text: autoDraw = False
223.9822 	EXP 	text: text = 'Press and hold [SPACE] to report the duration of the stimulus'
223.9822 	EXP 	text: autoDraw = True
224.3520 	DATA 	Keypress: space
224.3530 	EXP 	text: autoDraw = False
224.7744 	WARNING 	Stopping key buffers but this could be dangerous ifother keyboards rely on the same.
224.7860 	EXP 	text: text = 'You earned 5.2 out of 10 points in this round.\n\n Press [SPACE] to advance'
224.7860 	EXP 	text: autoDraw = True
226.9039 	DATA 	Keypress: space
226.9050 	EXP 	text: autoDraw = False
226.9137 	EXP 	text: text = 'Total points : 24.7'
234.0749 	EXP 	text: text = 'Press and hold [SPACE] to report the duration of the stimulus'
234.0749 	EXP 	text: autoDraw = True
234.4000 	DATA 	Keypress: space
234.4011 	EXP 	text: autoDraw = False
234.8785 	WARNING 	Stopping key buffers but this could be dangerous ifother keyboards rely on the same.
234.9490 	EXP 	text: text = 'You earned 1.7 out of 10 points in this round.\n\n Press [SPACE] to advance'
234.9490 	EXP 	text: autoDraw = True
241.2322 	DATA 	Keypress: space
241.2333 	EXP 	text: autoDraw = False
241.2472 	EXP 	text: text = 'Total points : 26.4'
247.4495 	EXP 	text: text = 'Press and hold [SPACE] to report the duration of the stimulus'
247.4495 	EXP 	text: autoDraw = True
247.9761 	DATA 	Keypress: space
247.9771 	EXP 	text: autoDraw = False
248.5745 	WARNING 	Stopping key buffers but this could be dangerous ifother keyboards rely on the same.
248.5875 	EXP 	text: text = 'You earned 4.1 out of 10 points in this round.\n\n Press [SPACE] to advance'
248.5875 	EXP 	text: autoDraw = True
249.7759 	DATA 	Keypress: space
249.7768 	EXP 	text: autoDraw = False
249.7823 	EXP 	text: text = 'Total points : 30.5'
256.1908 	EXP 	text: text = 'Press and hold [SPACE] to report the duration of the stimulus'
256.1908 	EXP 	text: autoDraw = True
256.8001 	DATA 	Keypress: space
256.8012 	EXP 	text: autoDraw = False
257.3140 	WARNING 	Stopping key buffers but this could be dangerous ifother keyboards rely on the same.
257.3473 	EXP 	text: text = 'You earned 2.8 out of 10 points in this round.\n\n Press [SPACE] to advance'
257.3473 	EXP 	text: autoDraw = True
260.2241 	DATA 	Keypress: space
260.2253 	EXP 	text: autoDraw = False
260.2305 	EXP 	text: text = 'Total points : 33.3'
267.3914 	EXP 	text: text = 'Press and hold [SPACE] to report the duration of the stimulus'
267.3914 	EXP 	text: autoDraw = True
268.2321 	DATA 	Keypress: space
268.2332 	EXP 	text: autoDraw = False
268.9425 	WARNING 	Stopping key buffers but this could be dangerous ifother keyboards rely on the same.
268.9557 	EXP 	text: text = 'You earned 2.7 out of 10 points in this round.\n\n Press [SPACE] to advance'
268.9557 	EXP 	text: autoDraw = True
273.0159 	DATA 	Keypress: space
273.0170 	EXP 	text: autoDraw = False
273.0305 	EXP 	text: text = 'Total points : 36.0'
278.7831 	EXP 	text: text = 'Press and hold [SPACE] to report the duration of the stimulus'
278.7831 	EXP 	text: autoDraw = True
280.5041 	DATA 	Keypress: space
280.5052 	EXP 	text: autoDraw = False
281.0145 	WARNING 	Stopping key buffers but this could be dangerous ifother keyboards rely on the same.
281.0306 	EXP 	text: text = 'You earned 4.6 out of 10 points in this round.\n\n Press [SPACE] to advance'
281.0306 	EXP 	text: autoDraw = True
282.6559 	DATA 	Keypress: space
282.6568 	EXP 	text: autoDraw = False
282.6639 	EXP 	text: text = 'Total points : 40.6'
290.0665 	EXP 	text: text = 'Press and hold [SPACE] to report the duration of the stimulus'
290.0665 	EXP 	text: autoDraw = True
290.5521 	DATA 	Keypress: space
290.5532 	EXP 	text: autoDraw = False
291.1265 	WARNING 	Stopping key buffers but this could be dangerous ifother keyboards rely on the same.
291.1395 	EXP 	text: text = 'You earned 1.7 out of 10 points in this round.\n\n Press [SPACE] to advance'
291.1395 	EXP 	text: autoDraw = True
294.2399 	DATA 	Keypress: space
294.2410 	EXP 	text: autoDraw = False
294.2468 	EXP 	text: text = 'Total points : 42.3'
301.8579 	EXP 	text: text = 'Press and hold [SPACE] to report the duration of the stimulus'
301.8579 	EXP 	text: autoDraw = True
302.4161 	DATA 	Keypress: space
302.4171 	EXP 	text: autoDraw = False
303.1807 	WARNING 	Stopping key buffers but this could be dangerous ifother keyboards rely on the same.
303.2138 	EXP 	text: text = 'You earned 2.1 out of 10 points in this round.\n\n Press [SPACE] to advance'
303.2138 	EXP 	text: autoDraw = True
305.6240 	DATA 	Keypress: space
305.6250 	EXP 	text: autoDraw = False
305.6308 	EXP 	text: text = 'Total points : 44.4'
312.4330 	EXP 	text: text = 'Press and hold [SPACE] to report the duration of the stimulus'
312.4330 	EXP 	text: autoDraw = True
313.4000 	DATA 	Keypress: space
313.4011 	EXP 	text: autoDraw = False
314.3265 	WARNING 	Stopping key buffers but this could be dangerous ifother keyboards rely on the same.
314.3399 	EXP 	text: text = 'You earned 5.3 out of 10 points in this round.\n\n Press [SPACE] to advance'
314.3399 	EXP 	text: autoDraw = True
315.4800 	DATA 	Keypress: space
315.4811 	EXP 	text: autoDraw = False
315.4972 	EXP 	text: text = 'Total points : 49.7'
321.0080 	EXP 	text: text = 'Press and hold [SPACE] to report the duration of the stimulus'
321.0080 	EXP 	text: autoDraw = True
321.4721 	DATA 	Keypress: space
321.4732 	EXP 	text: autoDraw = False
322.3806 	WARNING 	Stopping key buffers but this could be dangerous ifother keyboards rely on the same.
322.3972 	EXP 	text: text = 'Total points : 49.7'
322.3972 	EXP 	text: text = 'Your response exceeded the actual time.\n\n Press [SPACE] to advance'
322.3972 	EXP 	text: autoDraw = True
323.2160 	DATA 	Keypress: space
323.2170 	EXP 	text: autoDraw = False
328.9992 	EXP 	text: text = 'Press and hold [SPACE] to report the duration of the stimulus'
328.9992 	EXP 	text: autoDraw = True
329.3761 	DATA 	Keypress: space
329.3773 	EXP 	text: autoDraw = False
329.8785 	WARNING 	Stopping key buffers but this could be dangerous ifother keyboards rely on the same.
329.8972 	EXP 	text: text = 'You earned 4.5 out of 10 points in this round.\n\n Press [SPACE] to advance'
329.8972 	EXP 	text: autoDraw = True
331.9520 	DATA 	Keypress: space
331.9529 	EXP 	text: autoDraw = False
331.9638 	EXP 	text: text = 'Total points : 54.2'
338.1670 	EXP 	text: text = 'Press and hold [SPACE] to report the duration of the stimulus'
338.1670 	EXP 	text: autoDraw = True
338.5360 	DATA 	Keypress: space
338.5371 	EXP 	text: autoDraw = False
339.3185 	WARNING 	Stopping key buffers but this could be dangerous ifother keyboards rely on the same.
339.3314 	EXP 	text: text = 'You earned 5.9 out of 10 points in this round.\n\n Press [SPACE] to advance'
339.3314 	EXP 	text: autoDraw = True
340.1120 	DATA 	Keypress: space
340.1130 	EXP 	text: autoDraw = False
340.1305 	EXP 	text: text = 'Total points : 60.1'
345.8833 	EXP 	text: text = 'Press and hold [SPACE] to report the duration of the stimulus'
345.8833 	EXP 	text: autoDraw = True
346.3841 	DATA 	Keypress: space
346.3853 	EXP 	text: autoDraw = False
347.0705 	WARNING 	Stopping key buffers but this could be dangerous ifother keyboards rely on the same.
347.0835 	EXP 	text: text = 'You earned 6.5 out of 10 points in this round.\n\n Press [SPACE] to advance'
347.0835 	EXP 	text: autoDraw = True
347.9759 	DATA 	Keypress: space
347.9769 	EXP 	text: autoDraw = False
347.9823 	EXP 	text: text = 'Total points : 66.6'
355.5924 	EXP 	text: text = 'Press and hold [SPACE] to report the duration of the stimulus'
355.5924 	EXP 	text: autoDraw = True
356.0160 	DATA 	Keypress: space
356.0171 	EXP 	text: autoDraw = False
357.0225 	WARNING 	Stopping key buffers but this could be dangerous ifother keyboards rely on the same.
357.0356 	EXP 	text: text = 'You earned 3.6 out of 10 points in this round.\n\n Press [SPACE] to advance'
357.0356 	EXP 	text: autoDraw = True
357.9040 	DATA 	Keypress: space
357.9049 	EXP 	text: autoDraw = False
357.9138 	EXP 	text: text = 'Total points : 70.2'
364.3245 	EXP 	text: text = 'Press and hold [SPACE] to report the duration of the stimulus'
364.3245 	EXP 	text: autoDraw = True
364.7921 	DATA 	Keypress: space
364.7931 	EXP 	text: autoDraw = False
365.9185 	WARNING 	Stopping key buffers but this could be dangerous ifother keyboards rely on the same.
365.9316 	EXP 	text: text = 'You earned 9.9 out of 10 points in this round.\n\n Press [SPACE] to advance'
365.9316 	EXP 	text: autoDraw = True
368.7520 	DATA 	Keypress: space
368.7531 	EXP 	text: autoDraw = False
368.7639 	EXP 	text: text = 'Total points : 80.1'
375.1744 	EXP 	text: text = 'Press and hold [SPACE] to report the duration of the stimulus'
375.1744 	EXP 	text: autoDraw = True
375.9442 	DATA 	Keypress: space
375.9451 	EXP 	text: autoDraw = False
376.7425 	WARNING 	Stopping key buffers but this could be dangerous ifother keyboards rely on the same.
376.7555 	EXP 	text: text = 'You earned 5.2 out of 10 points in this round.\n\n Press [SPACE] to advance'
376.7555 	EXP 	text: autoDraw = True
377.5520 	DATA 	Keypress: space
377.5530 	EXP 	text: autoDraw = False
377.5638 	EXP 	text: text = 'Total points : 85.3'
383.7663 	EXP 	text: text = 'Press and hold [SPACE] to report the duration of the stimulus'
383.7663 	EXP 	text: autoDraw = True
384.4321 	DATA 	Keypress: space
384.4331 	EXP 	text: autoDraw = False
385.4806 	WARNING 	Stopping key buffers but this could be dangerous ifother keyboards rely on the same.
385.5139 	EXP 	text: text = 'You earned 9.5 out of 10 points in this round.\n\n Press [SPACE] to advance'
385.5139 	EXP 	text: autoDraw = True
386.4960 	DATA 	Keypress: space
386.4970 	EXP 	text: autoDraw = False
386.5138 	EXP 	text: text = 'Total points : 94.8'
392.0244 	EXP 	text: text = 'Press and hold [SPACE] to report the duration of the stimulus'
392.0244 	EXP 	text: autoDraw = True
392.4241 	DATA 	Keypress: space
392.4252 	EXP 	text: autoDraw = False
393.3473 	WARNING 	Stopping key buffers but this could be dangerous ifother keyboards rely on the same.
393.3638 	EXP 	text: text = 'Total points : 94.8'
393.3638 	EXP 	text: text = 'Your response exceeded the actual time.\n\n Press [SPACE] to advance'
393.3638 	EXP 	text: autoDraw = True
394.0481 	DATA 	Keypress: space
394.0490 	EXP 	text: autoDraw = False
399.3822 	EXP 	text: text = 'Press and hold [SPACE] to report the duration of the stimulus'
399.3822 	EXP 	text: autoDraw = True
400.7921 	DATA 	Keypress: space
400.7933 	EXP 	text: autoDraw = False
401.5105 	WARNING 	Stopping key buffers but this could be dangerous ifother keyboards rely on the same.
401.5305 	EXP 	text: text = 'You earned 9.4 out of 10 points in this round.\n\n Press [SPACE] to advance'
401.5305 	EXP 	text: autoDraw = True
402.2640 	DATA 	Keypress: space
402.2649 	EXP 	text: autoDraw = False
402.2805 	EXP 	text: text = 'Total points : 104.2'
408.6916 	EXP 	text: text = 'Press and hold [SPACE] to report the duration of the stimulus'
408.6916 	EXP 	text: autoDraw = True
409.1921 	DATA 	Keypress: space
409.1932 	EXP 	text: autoDraw = False
409.9985 	WARNING 	Stopping key buffers but this could be dangerous ifother keyboards rely on the same.
410.0139 	EXP 	text: text = 'You earned 5.3 out of 10 points in this round.\n\n Press [SPACE] to advance'
410.0139 	EXP 	text: autoDraw = True
410.8080 	DATA 	Keypress: space
410.8091 	EXP 	text: autoDraw = False
410.8144 	EXP 	text: text = 'Total points : 109.5'
418.4248 	EXP 	text: text = 'Press and hold [SPACE] to report the duration of the stimulus'
418.4248 	EXP 	text: autoDraw = True
419.0001 	DATA 	Keypress: space
419.0012 	EXP 	text: autoDraw = False
419.8785 	WARNING 	Stopping key buffers but this could be dangerous ifother keyboards rely on the same.
419.8972 	EXP 	text: text = 'You earned 2.8 out of 10 points in this round.\n\n Press [SPACE] to advance'
419.8972 	EXP 	text: autoDraw = True
420.6480 	DATA 	Keypress: space
420.6490 	EXP 	text: autoDraw = False
420.6638 	EXP 	text: text = 'Total points : 112.3'
426.6251 	EXP 	text: text = 'Press and hold [SPACE] to report the duration of the stimulus'
426.6251 	EXP 	text: autoDraw = True
427.1761 	DATA 	Keypress: space
427.1771 	EXP 	text: autoDraw = False
428.3140 	WARNING 	Stopping key buffers but this could be dangerous ifother keyboards rely on the same.
428.3304 	EXP 	text: text = 'Total points : 112.3'
428.3304 	EXP 	text: text = 'Your response exceeded the actual time.\n\n Press [SPACE] to advance'
428.3304 	EXP 	text: autoDraw = True
428.9600 	DATA 	Keypress: space
428.9611 	EXP 	text: autoDraw = False
434.2829 	EXP 	text: text = 'Press and hold [SPACE] to report the duration of the stimulus'
434.2829 	EXP 	text: autoDraw = True
434.6720 	DATA 	Keypress: space
434.6731 	EXP 	text: autoDraw = False
435.4806 	WARNING 	Stopping key buffers but this could be dangerous ifother keyboards rely on the same.
435.4972 	EXP 	text: text = 'Total points : 112.3'
435.4972 	EXP 	text: text = 'Your response exceeded the actual time.\n\n Press [SPACE] to advance'
435.4972 	EXP 	text: autoDraw = True
436.0641 	DATA 	Keypress: space
436.0652 	EXP 	text: autoDraw = False
443.4993 	EXP 	text: text = 'Press and hold [SPACE] to report the duration of the stimulus'
443.4993 	EXP 	text: autoDraw = True
443.8321 	DATA 	Keypress: space
443.8332 	EXP 	text: autoDraw = False
444.4865 	WARNING 	Stopping key buffers but this could be dangerous ifother keyboards rely on the same.
444.4996 	EXP 	text: text = 'You earned 2.0 out of 10 points in this round.\n\n Press [SPACE] to advance'
444.4996 	EXP 	text: autoDraw = True
445.2320 	DATA 	Keypress: space
445.2329 	EXP 	text: autoDraw = False
445.2471 	EXP 	text: text = 'Total points : 114.3'
452.4059 	EXP 	text: text = 'Press and hold [SPACE] to report the duration of the stimulus'
452.4059 	EXP 	text: autoDraw = True
452.7280 	DATA 	Keypress: space
452.7292 	EXP 	text: autoDraw = False
453.5905 	WARNING 	Stopping key buffers but this could be dangerous ifother keyboards rely on the same.
453.6039 	EXP 	text: text = 'You earned 3.6 out of 10 points in this round.\n\n Press [SPACE] to advance'
453.6039 	EXP 	text: autoDraw = True
454.3041 	DATA 	Keypress: space
454.3050 	EXP 	text: autoDraw = False
454.3139 	EXP 	text: text = 'Total points : 117.9'
460.5160 	EXP 	text: text = 'Press and hold [SPACE] to report the duration of the stimulus'
460.5160 	EXP 	text: autoDraw = True
460.9681 	DATA 	Keypress: space
460.9693 	EXP 	text: autoDraw = False
461.8306 	WARNING 	Stopping key buffers but this could be dangerous ifother keyboards rely on the same.
461.8638 	EXP 	text: text = 'You earned 6.6 out of 10 points in this round.\n\n Press [SPACE] to advance'
461.8638 	EXP 	text: autoDraw = True
462.6080 	DATA 	Keypress: space
462.6091 	EXP 	text: autoDraw = False
462.6144 	EXP 	text: text = 'Total points : 124.5'
470.2246 	EXP 	text: text = 'Press and hold [SPACE] to report the duration of the stimulus'
470.2246 	EXP 	text: autoDraw = True
470.6480 	DATA 	Keypress: space
470.6490 	EXP 	text: autoDraw = False
471.6065 	WARNING 	Stopping key buffers but this could be dangerous ifother keyboards rely on the same.
471.6195 	EXP 	text: text = 'You earned 3.2 out of 10 points in this round.\n\n Press [SPACE] to advance'
471.6195 	EXP 	text: autoDraw = True
472.2880 	DATA 	Keypress: space
472.2891 	EXP 	text: autoDraw = False
472.2972 	EXP 	text: text = 'Total points : 127.7'
478.4998 	EXP 	text: text = 'Press and hold [SPACE] to report the duration of the stimulus'
478.4998 	EXP 	text: autoDraw = True
478.8322 	DATA 	Keypress: space
478.8333 	EXP 	text: autoDraw = False
479.6145 	WARNING 	Stopping key buffers but this could be dangerous ifother keyboards rely on the same.
479.6305 	EXP 	text: text = 'You earned 5.9 out of 10 points in this round.\n\n Press [SPACE] to advance'
479.6305 	EXP 	text: autoDraw = True
480.3359 	DATA 	Keypress: space
480.3369 	EXP 	text: autoDraw = False
480.3472 	EXP 	text: text = 'Total points : 133.6'
485.6492 	EXP 	text: text = 'Press and hold [SPACE] to report the duration of the stimulus'
485.6492 	EXP 	text: autoDraw = True
485.9442 	DATA 	Keypress: space
485.9451 	EXP 	text: autoDraw = False
486.6945 	WARNING 	Stopping key buffers but this could be dangerous ifother keyboards rely on the same.
486.7139 	EXP 	text: text = 'You earned 10.0 out of 10 points in this round.\n\n Press [SPACE] to advance'
486.7139 	EXP 	text: autoDraw = True
488.4560 	DATA 	Keypress: space
488.4570 	EXP 	text: autoDraw = False
488.4639 	EXP 	text: text = 'Total points : 143.6'
493.9742 	EXP 	text: text = 'Press and hold [SPACE] to report the duration of the stimulus'
493.9742 	EXP 	text: autoDraw = True
494.2322 	DATA 	Keypress: space
494.2333 	EXP 	text: autoDraw = False
494.9425 	WARNING 	Stopping key buffers but this could be dangerous ifother keyboards rely on the same.
494.9555 	EXP 	text: text = 'You earned 8.0 out of 10 points in this round.\n\n Press [SPACE] to advance'
494.9555 	EXP 	text: autoDraw = True
495.6559 	DATA 	Keypress: space
495.6570 	EXP 	text: autoDraw = False
495.6638 	EXP 	text: text = 'Total points : 151.6'
503.0662 	EXP 	text: text = 'Press and hold [SPACE] to report the duration of the stimulus'
503.0662 	EXP 	text: autoDraw = True
503.7442 	DATA 	Keypress: space
503.7452 	EXP 	text: autoDraw = False
504.4865 	WARNING 	Stopping key buffers but this could be dangerous ifother keyboards rely on the same.
504.5009 	EXP 	text: text = 'You earned 2.4 out of 10 points in this round.\n\n Press [SPACE] to advance'
504.5009 	EXP 	text: autoDraw = True
505.4001 	DATA 	Keypress: space
505.4011 	EXP 	text: autoDraw = False
505.4138 	EXP 	text: text = 'Total points : 154.0'
510.9246 	EXP 	text: text = 'Press and hold [SPACE] to report the duration of the stimulus'
510.9246 	EXP 	text: autoDraw = True
511.0401 	DATA 	Keypress: space
511.0412 	EXP 	text: autoDraw = False
511.7905 	WARNING 	Stopping key buffers but this could be dangerous ifother keyboards rely on the same.
511.8035 	EXP 	text: text = 'You earned 8.6 out of 10 points in this round.\n\n Press [SPACE] to advance'
511.8035 	EXP 	text: autoDraw = True
512.6480 	DATA 	Keypress: space
512.6490 	EXP 	text: autoDraw = False
512.6638 	EXP 	text: text = 'Total points : 162.6'
518.4162 	EXP 	text: text = 'Press and hold [SPACE] to report the duration of the stimulus'
518.4162 	EXP 	text: autoDraw = True
518.6882 	DATA 	Keypress: space
518.6891 	EXP 	text: autoDraw = False
519.3985 	WARNING 	Stopping key buffers but this could be dangerous ifother keyboards rely on the same.
519.4139 	EXP 	text: text = 'You earned 6.9 out of 10 points in this round.\n\n Press [SPACE] to advance'
519.4139 	EXP 	text: autoDraw = True
520.0160 	DATA 	Keypress: space
520.0171 	EXP 	text: autoDraw = False
520.0306 	EXP 	text: text = 'Total points : 169.5'
525.5415 	EXP 	text: text = 'Press and hold [SPACE] to report the duration of the stimulus'
525.5415 	EXP 	text: autoDraw = True
525.8320 	DATA 	Keypress: space
525.8331 	EXP 	text: autoDraw = False
526.5105 	WARNING 	Stopping key buffers but this could be dangerous ifother keyboards rely on the same.
526.5305 	EXP 	text: text = 'You earned 7.5 out of 10 points in this round.\n\n Press [SPACE] to advance'
526.5305 	EXP 	text: autoDraw = True
527.1600 	DATA 	Keypress: space
527.1610 	EXP 	text: autoDraw = False
527.1663 	EXP 	text: text = 'Total points : 177.0'
533.1249 	EXP 	text: text = 'Press and hold [SPACE] to report the duration of the stimulus'
533.1249 	EXP 	text: autoDraw = True
533.4800 	DATA 	Keypress: space
533.4812 	EXP 	text: autoDraw = False
534.1425 	WARNING 	Stopping key buffers but this could be dangerous ifother keyboards rely on the same.
534.1556 	EXP 	text: text = 'You earned 5.4 out of 10 points in this round.\n\n Press [SPACE] to advance'
534.1556 	EXP 	text: autoDraw = True
534.8399 	DATA 	Keypress: space
534.8410 	EXP 	text: autoDraw = False
534.8472 	EXP 	text: text = 'Total points : 182.4'
540.3578 	EXP 	text: text = 'Press and hold [SPACE] to report the duration of the stimulus'
540.3578 	EXP 	text: autoDraw = True
540.6722 	DATA 	Keypress: space
540.6731 	EXP 	text: autoDraw = False
541.3306 	WARNING 	Stopping key buffers but this could be dangerous ifother keyboards rely on the same.
541.3638 	EXP 	text: text = 'You earned 6.9 out of 10 points in this round.\n\n Press [SPACE] to advance'
541.3638 	EXP 	text: autoDraw = True
541.9440 	DATA 	Keypress: space
541.9451 	EXP 	text: autoDraw = False
541.9504 	EXP 	text: text = 'Total points : 189.3'
549.5580 	EXP 	text: text = 'Press and hold [SPACE] to report the duration of the stimulus'
549.5580 	EXP 	text: autoDraw = True
549.8721 	DATA 	Keypress: space
549.8732 	EXP 	text: autoDraw = False
550.7973 	WARNING 	Stopping key buffers but this could be dangerous ifother keyboards rely on the same.
550.8305 	EXP 	text: text = 'You earned 2.9 out of 10 points in this round.\n\n Press [SPACE] to advance'
550.8305 	EXP 	text: autoDraw = True
551.4641 	DATA 	Keypress: space
551.4650 	EXP 	text: autoDraw = False
551.4805 	EXP 	text: text = 'Total points : 192.2'
558.2838 	EXP 	text: text = 'Press and hold [SPACE] to report the duration of the stimulus'
558.2838 	EXP 	text: autoDraw = True
558.5921 	DATA 	Keypress: space
558.5932 	EXP 	text: autoDraw = False
559.4945 	WARNING 	Stopping key buffers but this could be dangerous ifother keyboards rely on the same.
559.5138 	EXP 	text: text = 'You earned 5.0 out of 10 points in this round.\n\n Press [SPACE] to advance'
559.5138 	EXP 	text: autoDraw = True
560.5519 	DATA 	Keypress: space
560.5529 	EXP 	text: autoDraw = False
560.5638 	EXP 	text: text = 'Total points : 197.2'
567.9666 	EXP 	text: text = 'Press and hold [SPACE] to report the duration of the stimulus'
567.9666 	EXP 	text: autoDraw = True
568.8002 	DATA 	Keypress: space
568.8013 	EXP 	text: autoDraw = False
569.4705 	WARNING 	Stopping key buffers but this could be dangerous ifother keyboards rely on the same.
569.4836 	EXP 	text: text = 'You earned 2.1 out of 10 points in this round.\n\n Press [SPACE] to advance'
569.4836 	EXP 	text: autoDraw = True
570.0479 	DATA 	Keypress: space
570.0490 	EXP 	text: autoDraw = False
570.0638 	EXP 	text: text = 'Total points : 199.3'
576.2662 	EXP 	text: text = 'Press and hold [SPACE] to report the duration of the stimulus'
576.2662 	EXP 	text: autoDraw = True
576.6880 	DATA 	Keypress: space
576.6890 	EXP 	text: autoDraw = False
577.5425 	WARNING 	Stopping key buffers but this could be dangerous ifother keyboards rely on the same.
577.5556 	EXP 	text: text = 'You earned 6.8 out of 10 points in this round.\n\n Press [SPACE] to advance'
577.5556 	EXP 	text: autoDraw = True
578.1040 	DATA 	Keypress: space
578.1050 	EXP 	text: autoDraw = False
578.1138 	EXP 	text: text = 'Total points : 206.1'
584.5245 	EXP 	text: text = 'Press and hold [SPACE] to report the duration of the stimulus'
584.5245 	EXP 	text: autoDraw = True
584.8561 	DATA 	Keypress: space
584.8573 	EXP 	text: autoDraw = False
585.7185 	WARNING 	Stopping key buffers but this could be dangerous ifother keyboards rely on the same.
585.7317 	EXP 	text: text = 'You earned 5.9 out of 10 points in this round.\n\n Press [SPACE] to advance'
585.7317 	EXP 	text: autoDraw = True
586.3440 	DATA 	Keypress: space
586.3450 	EXP 	text: autoDraw = False
586.3506 	EXP 	text: text = 'Total points : 212.0'
591.8580 	EXP 	text: text = 'Press and hold [SPACE] to report the duration of the stimulus'
591.8580 	EXP 	text: autoDraw = True
592.9040 	DATA 	Keypress: space
592.9051 	EXP 	text: autoDraw = False
593.8640 	WARNING 	Stopping key buffers but this could be dangerous ifother keyboards rely on the same.
593.8805 	EXP 	text: text = 'Total points : 212.0'
593.8805 	EXP 	text: text = 'Your response exceeded the actual time.\n\n Press [SPACE] to advance'
593.8805 	EXP 	text: autoDraw = True
594.4639 	DATA 	Keypress: space
594.4650 	EXP 	text: autoDraw = False
601.6582 	EXP 	text: text = 'Press and hold [SPACE] to report the duration of the stimulus'
601.6582 	EXP 	text: autoDraw = True
601.9922 	DATA 	Keypress: space
601.9932 	EXP 	text: autoDraw = False
602.6972 	WARNING 	Stopping key buffers but this could be dangerous ifother keyboards rely on the same.
602.7305 	EXP 	text: text = 'You earned 2.5 out of 10 points in this round.\n\n Press [SPACE] to advance'
602.7305 	EXP 	text: autoDraw = True
603.2959 	DATA 	Keypress: space
603.2969 	EXP 	text: autoDraw = False
603.3138 	EXP 	text: text = 'Total points : 214.5'
609.2750 	EXP 	text: text = 'Press and hold [SPACE] to report the duration of the stimulus'
609.2750 	EXP 	text: autoDraw = True
609.6163 	DATA 	Keypress: space
609.6173 	EXP 	text: autoDraw = False
610.4806 	WARNING 	Stopping key buffers but this could be dangerous ifother keyboards rely on the same.
610.5138 	EXP 	text: text = 'You earned 7.8 out of 10 points in this round.\n\n Press [SPACE] to advance'
610.5138 	EXP 	text: autoDraw = True
611.1520 	DATA 	Keypress: space
611.1530 	EXP 	text: autoDraw = False
611.1638 	EXP 	text: text = 'Total points : 222.3'
616.4667 	EXP 	text: text = 'Press and hold [SPACE] to report the duration of the stimulus'
616.4667 	EXP 	text: autoDraw = True
616.7841 	DATA 	Keypress: space
616.7851 	EXP 	text: autoDraw = False
617.6473 	WARNING 	Stopping key buffers but this could be dangerous ifother keyboards rely on the same.
617.6639 	EXP 	text: text = 'Total points : 222.3'
617.6639 	EXP 	text: text = 'Your response exceeded the actual time.\n\n Press [SPACE] to advance'
617.6639 	EXP 	text: autoDraw = True
618.2159 	DATA 	Keypress: space
618.2169 	EXP 	text: autoDraw = False
623.7583 	EXP 	text: text = 'Press and hold [SPACE] to report the duration of the stimulus'
623.7583 	EXP 	text: autoDraw = True
624.0321 	DATA 	Keypress: space
624.0333 	EXP 	text: autoDraw = False
624.6473 	WARNING 	Stopping key buffers but this could be dangerous ifother keyboards rely on the same.
624.6805 	EXP 	text: text = 'You earned 6.4 out of 10 points in this round.\n\n Press [SPACE] to advance'
624.6805 	EXP 	text: autoDraw = True
625.2800 	DATA 	Keypress: space
625.2810 	EXP 	text: autoDraw = False
625.2972 	EXP 	text: text = 'Total points : 228.7'
632.9080 	EXP 	text: text = 'Press and hold [SPACE] to report the duration of the stimulus'
632.9080 	EXP 	text: autoDraw = True
633.4001 	DATA 	Keypress: space
633.4011 	EXP 	text: autoDraw = False
634.2065 	WARNING 	Stopping key buffers but this could be dangerous ifother keyboards rely on the same.
634.2196 	EXP 	text: text = 'You earned 2.4 out of 10 points in this round.\n\n Press [SPACE] to advance'
634.2196 	EXP 	text: autoDraw = True
634.8559 	DATA 	Keypress: space
634.8568 	EXP 	text: autoDraw = False
634.8638 	EXP 	text: text = 'Total points : 231.1'
642.0251 	EXP 	text: text = 'Press and hold [SPACE] to report the duration of the stimulus'
642.0251 	EXP 	text: autoDraw = True
642.3202 	DATA 	Keypress: space
642.3214 	EXP 	text: autoDraw = False
643.2305 	WARNING 	Stopping key buffers but this could be dangerous ifother keyboards rely on the same.
643.2471 	EXP 	text: text = 'You earned 4.0 out of 10 points in this round.\n\n Press [SPACE] to advance'
643.2471 	EXP 	text: autoDraw = True
643.7600 	DATA 	Keypress: space
643.7611 	EXP 	text: autoDraw = False
643.7664 	EXP 	text: text = 'Total points : 235.1'
649.9661 	EXP 	text: text = 'Press and hold [SPACE] to report the duration of the stimulus'
649.9661 	EXP 	text: autoDraw = True
650.5361 	DATA 	Keypress: space
650.5371 	EXP 	text: autoDraw = False
651.3746 	WARNING 	Stopping key buffers but this could be dangerous ifother keyboards rely on the same.
651.3876 	EXP 	text: text = 'You earned 6.6 out of 10 points in this round.\n\n Press [SPACE] to advance'
651.3876 	EXP 	text: autoDraw = True
652.0720 	DATA 	Keypress: space
652.0731 	EXP 	text: autoDraw = False
652.0805 	EXP 	text: text = 'Total points : 241.7'
657.3839 	EXP 	text: text = 'Press and hold [SPACE] to report the duration of the stimulus'
657.3839 	EXP 	text: autoDraw = True
657.7602 	DATA 	Keypress: space
657.7613 	EXP 	text: autoDraw = False
658.6477 	WARNING 	Stopping key buffers but this could be dangerous ifother keyboards rely on the same.
658.6638 	EXP 	text: text = 'Total points : 241.7'
658.6638 	EXP 	text: text = 'Your response exceeded the actual time.\n\n Press [SPACE] to advance'
658.6638 	EXP 	text: autoDraw = True
659.1439 	DATA 	Keypress: space
659.1449 	EXP 	text: autoDraw = False
665.9665 	EXP 	text: text = 'Press and hold [SPACE] to report the duration of the stimulus'
665.9665 	EXP 	text: autoDraw = True
666.2481 	DATA 	Keypress: space
666.2491 	EXP 	text: autoDraw = False
666.9665 	WARNING 	Stopping key buffers but this could be dangerous ifother keyboards rely on the same.
666.9805 	EXP 	text: text = 'You earned 3.5 out of 10 points in this round.\n\n Press [SPACE] to advance'
666.9805 	EXP 	text: autoDraw = True
667.5999 	DATA 	Keypress: space
667.6008 	EXP 	text: autoDraw = False
667.6138 	EXP 	text: text = 'Total points : 245.2'
673.5748 	EXP 	text: text = 'Press and hold [SPACE] to report the duration of the stimulus'
673.5748 	EXP 	text: autoDraw = True
673.8321 	DATA 	Keypress: space
673.8331 	EXP 	text: autoDraw = False
674.6225 	WARNING 	Stopping key buffers but this could be dangerous ifother keyboards rely on the same.
674.6354 	EXP 	text: text = 'You earned 6.9 out of 10 points in this round.\n\n Press [SPACE] to advance'
674.6354 	EXP 	text: autoDraw = True
675.2079 	DATA 	Keypress: space
675.2090 	EXP 	text: autoDraw = False
675.2143 	EXP 	text: text = 'Total points : 252.1'
680.9659 	EXP 	text: text = 'Press and hold [SPACE] to report the duration of the stimulus'
680.9659 	EXP 	text: autoDraw = True
681.2161 	DATA 	Keypress: space
681.2172 	EXP 	text: autoDraw = False
681.9640 	WARNING 	Stopping key buffers but this could be dangerous ifother keyboards rely on the same.
681.9972 	EXP 	text: text = 'You earned 7.0 out of 10 points in this round.\n\n Press [SPACE] to advance'
681.9972 	EXP 	text: autoDraw = True
682.4800 	DATA 	Keypress: space
682.4809 	EXP 	text: autoDraw = False
682.4972 	EXP 	text: text = 'Total points : 259.1'
688.2501 	EXP 	text: text = 'Press and hold [SPACE] to report the duration of the stimulus'
688.2501 	EXP 	text: autoDraw = True
688.5361 	DATA 	Keypress: space
688.5373 	EXP 	text: autoDraw = False
689.1473 	WARNING 	Stopping key buffers but this could be dangerous ifother keyboards rely on the same.
689.1805 	EXP 	text: text = 'You earned 5.4 out of 10 points in this round.\n\n Press [SPACE] to advance'
689.1805 	EXP 	text: autoDraw = True
689.7520 	DATA 	Keypress: space
689.7530 	EXP 	text: autoDraw = False
689.7639 	EXP 	text: text = 'Total points : 264.5'
695.0666 	EXP 	text: text = 'Press and hold [SPACE] to report the duration of the stimulus'
695.0666 	EXP 	text: autoDraw = True
695.6002 	DATA 	Keypress: space
695.6013 	EXP 	text: autoDraw = False
696.3505 	WARNING 	Stopping key buffers but this could be dangerous ifother keyboards rely on the same.
696.3636 	EXP 	text: text = 'You earned 10.0 out of 10 points in this round.\n\n Press [SPACE] to advance'
696.3636 	EXP 	text: autoDraw = True
696.9200 	DATA 	Keypress: space
696.9211 	EXP 	text: autoDraw = False
696.9306 	EXP 	text: text = 'Total points : 274.5'
703.7333 	EXP 	text: text = 'Press and hold [SPACE] to report the duration of the stimulus'
703.7333 	EXP 	text: autoDraw = True
704.0481 	DATA 	Keypress: space
704.0491 	EXP 	text: autoDraw = False
704.8474 	WARNING 	Stopping key buffers but this could be dangerous ifother keyboards rely on the same.
704.8805 	EXP 	text: text = 'You earned 3.9 out of 10 points in this round.\n\n Press [SPACE] to advance'
704.8805 	EXP 	text: autoDraw = True
705.5120 	DATA 	Keypress: space
705.5131 	EXP 	text: autoDraw = False
705.5305 	EXP 	text: text = 'Total points : 278.4'
711.7333 	EXP 	text: text = 'Press and hold [SPACE] to report the duration of the stimulus'
711.7333 	EXP 	text: autoDraw = True
713.6163 	DATA 	Keypress: space
713.6173 	EXP 	text: autoDraw = False
714.3665 	WARNING 	Stopping key buffers but this could be dangerous ifother keyboards rely on the same.
714.3804 	EXP 	text: text = 'You earned 5.5 out of 10 points in this round.\n\n Press [SPACE] to advance'
714.3804 	EXP 	text: autoDraw = True
715.0000 	DATA 	Keypress: space
715.0010 	EXP 	text: autoDraw = False
715.0138 	EXP 	text: text = 'Total points : 283.9'
721.2141 	EXP 	text: text = 'Press and hold [SPACE] to report the duration of the stimulus'
721.2141 	EXP 	text: autoDraw = True
721.5041 	DATA 	Keypress: space
721.5052 	EXP 	text: autoDraw = False
722.3025 	WARNING 	Stopping key buffers but this could be dangerous ifother keyboards rely on the same.
722.3156 	EXP 	text: text = 'You earned 6.1 out of 10 points in this round.\n\n Press [SPACE] to advance'
722.3156 	EXP 	text: autoDraw = True
722.8720 	DATA 	Keypress: space
722.8731 	EXP 	text: autoDraw = False
722.8805 	EXP 	text: text = 'Total points : 290.0'
729.6827 	EXP 	text: text = 'Press and hold [SPACE] to report the duration of the stimulus'
729.6827 	EXP 	text: autoDraw = True
730.2402 	DATA 	Keypress: space
730.2413 	EXP 	text: autoDraw = False
731.0225 	WARNING 	Stopping key buffers but this could be dangerous ifother keyboards rely on the same.
731.0356 	EXP 	text: text = 'You earned 3.9 out of 10 points in this round.\n\n Press [SPACE] to advance'
731.0356 	EXP 	text: autoDraw = True
731.6159 	DATA 	Keypress: space
731.6170 	EXP 	text: autoDraw = False
731.6305 	EXP 	text: text = 'Total points : 293.9'
738.7911 	EXP 	text: text = 'Press and hold [SPACE] to report the duration of the stimulus'
738.7911 	EXP 	text: autoDraw = True
739.1121 	DATA 	Keypress: space
739.1132 	EXP 	text: autoDraw = False
739.7905 	WARNING 	Stopping key buffers but this could be dangerous ifother keyboards rely on the same.
739.8036 	EXP 	text: text = 'You earned 2.5 out of 10 points in this round.\n\n Press [SPACE] to advance'
739.8036 	EXP 	text: autoDraw = True
740.3440 	DATA 	Keypress: space
740.3450 	EXP 	text: autoDraw = False
740.3508 	EXP 	text: text = 'Total points : 296.4'
747.5244 	EXP 	text: text = 'Press and hold [SPACE] to report the duration of the stimulus'
747.5244 	EXP 	text: autoDraw = True
747.9361 	DATA 	Keypress: space
747.9372 	EXP 	text: autoDraw = False
748.6973 	WARNING 	Stopping key buffers but this could be dangerous ifother keyboards rely on the same.
748.7305 	EXP 	text: text = 'You earned 2.8 out of 10 points in this round.\n\n Press [SPACE] to advance'
748.7305 	EXP 	text: autoDraw = True
749.2321 	DATA 	Keypress: space
749.2330 	EXP 	text: autoDraw = False
749.2472 	EXP 	text: text = 'Total points : 299.2'
755.2075 	EXP 	text: text = 'Press and hold [SPACE] to report the duration of the stimulus'
755.2075 	EXP 	text: autoDraw = True
755.5682 	DATA 	Keypress: space
755.5693 	EXP 	text: autoDraw = False
756.3105 	WARNING 	Stopping key buffers but this could be dangerous ifother keyboards rely on the same.
756.3304 	EXP 	text: text = 'You earned 6.3 out of 10 points in this round.\n\n Press [SPACE] to advance'
756.3304 	EXP 	text: autoDraw = True
756.8800 	DATA 	Keypress: space
756.8809 	EXP 	text: autoDraw = False
756.8971 	EXP 	text: text = 'Total points : 305.5'
763.6993 	EXP 	text: text = 'Press and hold [SPACE] to report the duration of the stimulus'
763.6993 	EXP 	text: autoDraw = True
764.2321 	DATA 	Keypress: space
764.2331 	EXP 	text: autoDraw = False
765.0145 	WARNING 	Stopping key buffers but this could be dangerous ifother keyboards rely on the same.
765.0306 	EXP 	text: text = 'You earned 3.9 out of 10 points in this round.\n\n Press [SPACE] to advance'
765.0306 	EXP 	text: autoDraw = True
765.5840 	DATA 	Keypress: space
765.5849 	EXP 	text: autoDraw = False
765.5971 	EXP 	text: text = 'Total points : 309.4'
772.7584 	EXP 	text: text = 'Press and hold [SPACE] to report the duration of the stimulus'
772.7584 	EXP 	text: autoDraw = True
773.4561 	DATA 	Keypress: space
773.4571 	EXP 	text: autoDraw = False
774.2225 	WARNING 	Stopping key buffers but this could be dangerous ifother keyboards rely on the same.
774.2355 	EXP 	text: text = 'You earned 3.0 out of 10 points in this round.\n\n Press [SPACE] to advance'
774.2355 	EXP 	text: autoDraw = True
774.7760 	DATA 	Keypress: space
774.7771 	EXP 	text: autoDraw = False
774.7824 	EXP 	text: text = 'Total points : 312.4'
780.0840 	EXP 	text: text = 'Press and hold [SPACE] to report the duration of the stimulus'
780.0840 	EXP 	text: autoDraw = True
780.2961 	DATA 	Keypress: space
780.2972 	EXP 	text: autoDraw = False
780.9639 	WARNING 	Stopping key buffers but this could be dangerous ifother keyboards rely on the same.
780.9971 	EXP 	text: text = 'You earned 8.2 out of 10 points in this round.\n\n Press [SPACE] to advance'
780.9971 	EXP 	text: autoDraw = True
782.4560 	DATA 	Keypress: space
782.4569 	EXP 	text: autoDraw = False
782.4638 	EXP 	text: text = 'Total points : 320.6'
788.6662 	EXP 	text: text = 'Press and hold [SPACE] to report the duration of the stimulus'
788.6662 	EXP 	text: autoDraw = True
789.7041 	DATA 	Keypress: space
789.7052 	EXP 	text: autoDraw = False
790.4705 	WARNING 	Stopping key buffers but this could be dangerous ifother keyboards rely on the same.
790.4840 	EXP 	text: text = 'You earned 5.7 out of 10 points in this round.\n\n Press [SPACE] to advance'
790.4840 	EXP 	text: autoDraw = True
791.0480 	DATA 	Keypress: space
791.0490 	EXP 	text: autoDraw = False
791.0639 	EXP 	text: text = 'Total points : 326.3'
797.0243 	EXP 	text: text = 'Press and hold [SPACE] to report the duration of the stimulus'
797.0243 	EXP 	text: autoDraw = True
797.5040 	DATA 	Keypress: space
797.5050 	EXP 	text: autoDraw = False
798.2865 	WARNING 	Stopping key buffers but this could be dangerous ifother keyboards rely on the same.
798.2995 	EXP 	text: text = 'You earned 6.8 out of 10 points in this round.\n\n Press [SPACE] to advance'
798.2995 	EXP 	text: autoDraw = True
798.8400 	DATA 	Keypress: space
798.8409 	EXP 	text: autoDraw = False
798.8469 	EXP 	text: text = 'Total points : 333.1'
804.8082 	EXP 	text: text = 'Press and hold [SPACE] to report the duration of the stimulus'
804.8082 	EXP 	text: autoDraw = True
805.1362 	DATA 	Keypress: space
805.1371 	EXP 	text: autoDraw = False
806.0145 	WARNING 	Stopping key buffers but this could be dangerous ifother keyboards rely on the same.
806.0306 	EXP 	text: text = 'You earned 8.3 out of 10 points in this round.\n\n Press [SPACE] to advance'
806.0306 	EXP 	text: autoDraw = True
806.4879 	DATA 	Keypress: space
806.4889 	EXP 	text: autoDraw = False
806.4972 	EXP 	text: text = 'Total points : 341.4'
812.4578 	EXP 	text: text = 'Press and hold [SPACE] to report the duration of the stimulus'
812.4578 	EXP 	text: autoDraw = True
812.8481 	DATA 	Keypress: space
812.8492 	EXP 	text: autoDraw = False
813.6473 	WARNING 	Stopping key buffers but this could be dangerous ifother keyboards rely on the same.
813.6805 	EXP 	text: text = 'You earned 6.7 out of 10 points in this round.\n\n Press [SPACE] to advance'
813.6805 	EXP 	text: autoDraw = True
814.1520 	DATA 	Keypress: space
814.1529 	EXP 	text: autoDraw = False
814.1639 	EXP 	text: text = 'Total points : 348.1'
820.9660 	EXP 	text: text = 'Press and hold [SPACE] to report the duration of the stimulus'
820.9660 	EXP 	text: autoDraw = True
821.3520 	DATA 	Keypress: space
821.3531 	EXP 	text: autoDraw = False
822.1473 	WARNING 	Stopping key buffers but this could be dangerous ifother keyboards rely on the same.
822.1805 	EXP 	text: text = 'You earned 3.9 out of 10 points in this round.\n\n Press [SPACE] to advance'
822.1805 	EXP 	text: autoDraw = True
822.7040 	DATA 	Keypress: space
822.7049 	EXP 	text: autoDraw = False
822.7139 	EXP 	text: text = 'Total points : 352.0'
830.3256 	EXP 	text: text = 'Press and hold [SPACE] to report the duration of the stimulus'
830.3256 	EXP 	text: autoDraw = True
831.2241 	DATA 	Keypress: space
831.2252 	EXP 	text: autoDraw = False
832.1026 	WARNING 	Stopping key buffers but this could be dangerous ifother keyboards rely on the same.
832.1156 	EXP 	text: text = 'You earned 2.8 out of 10 points in this round.\n\n Press [SPACE] to advance'
832.1156 	EXP 	text: autoDraw = True
832.5679 	DATA 	Keypress: space
832.5688 	EXP 	text: autoDraw = False
832.5805 	EXP 	text: text = 'Total points : 354.8'
839.9837 	EXP 	text: text = 'Press and hold [SPACE] to report the duration of the stimulus'
839.9837 	EXP 	text: autoDraw = True
840.4402 	DATA 	Keypress: space
840.4413 	EXP 	text: autoDraw = False
841.3425 	WARNING 	Stopping key buffers but this could be dangerous ifother keyboards rely on the same.
841.3556 	EXP 	text: text = 'You earned 3.4 out of 10 points in this round.\n\n Press [SPACE] to advance'
841.3556 	EXP 	text: autoDraw = True
841.8320 	DATA 	Keypress: space
841.8330 	EXP 	text: autoDraw = False
841.8472 	EXP 	text: text = 'Total points : 358.2'
848.6492 	EXP 	text: text = 'Press and hold [SPACE] to report the duration of the stimulus'
848.6492 	EXP 	text: autoDraw = True
848.9840 	DATA 	Keypress: space
848.9851 	EXP 	text: autoDraw = False
849.6705 	WARNING 	Stopping key buffers but this could be dangerous ifother keyboards rely on the same.
849.6841 	EXP 	text: text = 'You earned 3.2 out of 10 points in this round.\n\n Press [SPACE] to advance'
849.6841 	EXP 	text: autoDraw = True
850.3200 	DATA 	Keypress: space
850.3211 	EXP 	text: autoDraw = False
850.3304 	EXP 	text: text = 'Total points : 361.4'
855.8416 	EXP 	text: text = 'Press and hold [SPACE] to report the duration of the stimulus'
855.8416 	EXP 	text: autoDraw = True
856.1282 	DATA 	Keypress: space
856.1293 	EXP 	text: autoDraw = False
856.8705 	WARNING 	Stopping key buffers but this could be dangerous ifother keyboards rely on the same.
856.8836 	EXP 	text: text = 'You earned 8.5 out of 10 points in this round.\n\n Press [SPACE] to advance'
856.8836 	EXP 	text: autoDraw = True
857.3040 	DATA 	Keypress: space
857.3049 	EXP 	text: autoDraw = False
857.3138 	EXP 	text: text = 'Total points : 369.9'
863.7245 	EXP 	text: text = 'Press and hold [SPACE] to report the duration of the stimulus'
863.7245 	EXP 	text: autoDraw = True
864.1761 	DATA 	Keypress: space
864.1771 	EXP 	text: autoDraw = False
865.0473 	WARNING 	Stopping key buffers but this could be dangerous ifother keyboards rely on the same.
865.0805 	EXP 	text: text = 'You earned 5.8 out of 10 points in this round.\n\n Press [SPACE] to advance'
865.0805 	EXP 	text: autoDraw = True
865.5760 	DATA 	Keypress: space
865.5771 	EXP 	text: autoDraw = False
865.5825 	EXP 	text: text = 'Total points : 375.7'
871.0916 	EXP 	text: text = 'Press and hold [SPACE] to report the duration of the stimulus'
871.0916 	EXP 	text: autoDraw = True
871.9520 	DATA 	Keypress: space
871.9532 	EXP 	text: autoDraw = False
872.7640 	WARNING 	Stopping key buffers but this could be dangerous ifother keyboards rely on the same.
872.7972 	EXP 	text: text = 'You earned 9.4 out of 10 points in this round.\n\n Press [SPACE] to advance'
872.7972 	EXP 	text: autoDraw = True
873.3520 	DATA 	Keypress: space
873.3529 	EXP 	text: autoDraw = False
873.3638 	EXP 	text: text = 'Total points : 385.1'
879.3246 	EXP 	text: text = 'Press and hold [SPACE] to report the duration of the stimulus'
879.3246 	EXP 	text: autoDraw = True
879.6562 	DATA 	Keypress: space
879.6573 	EXP 	text: autoDraw = False
880.4466 	WARNING 	Stopping key buffers but this could be dangerous ifother keyboards rely on the same.
880.4638 	EXP 	text: text = 'You earned 6.9 out of 10 points in this round.\n\n Press [SPACE] to advance'
880.4638 	EXP 	text: autoDraw = True
880.9200 	DATA 	Keypress: space
880.9210 	EXP 	text: autoDraw = False
880.9304 	EXP 	text: text = 'Total points : 392.0'
887.7328 	EXP 	text: text = 'Press and hold [SPACE] to report the duration of the stimulus'
887.7328 	EXP 	text: autoDraw = True
888.0321 	DATA 	Keypress: space
888.0331 	EXP 	text: autoDraw = False
888.9106 	WARNING 	Stopping key buffers but this could be dangerous ifother keyboards rely on the same.
888.9305 	EXP 	text: text = 'You earned 4.8 out of 10 points in this round.\n\n Press [SPACE] to advance'
888.9305 	EXP 	text: autoDraw = True
889.3039 	DATA 	Keypress: space
889.3050 	EXP 	text: autoDraw = False
889.3138 	EXP 	text: text = 'Total points : 396.8'
895.7257 	EXP 	text: text = 'Press and hold [SPACE] to report the duration of the stimulus'
895.7257 	EXP 	text: autoDraw = True
896.0241 	DATA 	Keypress: space
896.0251 	EXP 	text: autoDraw = False
896.9265 	WARNING 	Stopping key buffers but this could be dangerous ifother keyboards rely on the same.
896.9396 	EXP 	text: text = 'You earned 6.4 out of 10 points in this round.\n\n Press [SPACE] to advance'
896.9396 	EXP 	text: autoDraw = True
897.3919 	DATA 	Keypress: space
897.3928 	EXP 	text: autoDraw = False
897.3986 	EXP 	text: text = 'Total points : 403.2'
903.8080 	EXP 	text: text = 'Press and hold [SPACE] to report the duration of the stimulus'
903.8080 	EXP 	text: autoDraw = True
904.0642 	DATA 	Keypress: space
904.0651 	EXP 	text: autoDraw = False
905.0140 	WARNING 	Stopping key buffers but this could be dangerous ifother keyboards rely on the same.
905.0472 	EXP 	text: text = 'You earned 6.7 out of 10 points in this round.\n\n Press [SPACE] to advance'
905.0472 	EXP 	text: autoDraw = True
905.5121 	DATA 	Keypress: space
905.5131 	EXP 	text: autoDraw = False
905.5305 	EXP 	text: text = 'Total points : 409.9'
912.9332 	EXP 	text: text = 'Press and hold [SPACE] to report the duration of the stimulus'
912.9332 	EXP 	text: autoDraw = True
913.4322 	DATA 	Keypress: space
913.4331 	EXP 	text: autoDraw = False
914.3505 	WARNING 	Stopping key buffers but this could be dangerous ifother keyboards rely on the same.
914.3636 	EXP 	text: text = 'You earned 3.5 out of 10 points in this round.\n\n Press [SPACE] to advance'
914.3636 	EXP 	text: autoDraw = True
914.8080 	DATA 	Keypress: space
914.8090 	EXP 	text: autoDraw = False
914.8143 	EXP 	text: text = 'Total points : 413.4'
922.2167 	EXP 	text: text = 'Press and hold [SPACE] to report the duration of the stimulus'
922.2167 	EXP 	text: autoDraw = True
922.4882 	DATA 	Keypress: space
922.4892 	EXP 	text: autoDraw = False
923.4473 	WARNING 	Stopping key buffers but this could be dangerous ifother keyboards rely on the same.
923.4805 	EXP 	text: text = 'You earned 3.6 out of 10 points in this round.\n\n Press [SPACE] to advance'
923.4805 	EXP 	text: autoDraw = True
923.9839 	DATA 	Keypress: space
923.9850 	EXP 	text: autoDraw = False
923.9971 	EXP 	text: text = 'Total points : 417.0'
931.6086 	EXP 	text: text = 'Press and hold [SPACE] to report the duration of the stimulus'
931.6086 	EXP 	text: autoDraw = True
931.8561 	DATA 	Keypress: space
931.8573 	EXP 	text: autoDraw = False
932.8473 	WARNING 	Stopping key buffers but this could be dangerous ifother keyboards rely on the same.
932.8805 	EXP 	text: text = 'You earned 3.3 out of 10 points in this round.\n\n Press [SPACE] to advance'
932.8805 	EXP 	text: autoDraw = True
933.3360 	DATA 	Keypress: space
933.3369 	EXP 	text: autoDraw = False
933.3471 	EXP 	text: text = 'Total points : 420.3'
940.9584 	EXP 	text: text = 'Press and hold [SPACE] to report the duration of the stimulus'
940.9584 	EXP 	text: autoDraw = True
941.2002 	DATA 	Keypress: space
941.2013 	EXP 	text: autoDraw = False
942.1745 	WARNING 	Stopping key buffers but this could be dangerous ifother keyboards rely on the same.
942.1875 	EXP 	text: text = 'You earned 3.3 out of 10 points in this round.\n\n Press [SPACE] to advance'
942.1875 	EXP 	text: autoDraw = True
942.7120 	DATA 	Keypress: space
942.7130 	EXP 	text: autoDraw = False
942.7305 	EXP 	text: text = 'Total points : 423.6'
948.4827 	EXP 	text: text = 'Press and hold [SPACE] to report the duration of the stimulus'
948.4827 	EXP 	text: autoDraw = True
949.4401 	DATA 	Keypress: space
949.4413 	EXP 	text: autoDraw = False
950.2807 	WARNING 	Stopping key buffers but this could be dangerous ifother keyboards rely on the same.
950.3138 	EXP 	text: text = 'You earned 8.5 out of 10 points in this round.\n\n Press [SPACE] to advance'
950.3138 	EXP 	text: autoDraw = True
950.8080 	DATA 	Keypress: space
950.8089 	EXP 	text: autoDraw = False
950.8149 	EXP 	text: text = 'Total points : 432.1'
957.9754 	EXP 	text: text = 'Press and hold [SPACE] to report the duration of the stimulus'
957.9754 	EXP 	text: autoDraw = True
958.3042 	DATA 	Keypress: space
958.3053 	EXP 	text: autoDraw = False
959.1905 	WARNING 	Stopping key buffers but this could be dangerous ifother keyboards rely on the same.
959.2035 	EXP 	text: text = 'You earned 3.8 out of 10 points in this round.\n\n Press [SPACE] to advance'
959.2035 	EXP 	text: autoDraw = True
959.7360 	DATA 	Keypress: space
959.7371 	EXP 	text: autoDraw = False
959.7472 	EXP 	text: text = 'Total points : 435.9'
965.4993 	EXP 	text: text = 'Press and hold [SPACE] to report the duration of the stimulus'
965.4993 	EXP 	text: autoDraw = True
966.1841 	DATA 	Keypress: space
966.1852 	EXP 	text: autoDraw = False
967.1640 	WARNING 	Stopping key buffers but this could be dangerous ifother keyboards rely on the same.
967.1805 	EXP 	text: text = 'Total points : 435.9'
967.1805 	EXP 	text: text = 'Your response exceeded the actual time.\n\n Press [SPACE] to advance'
967.1805 	EXP 	text: autoDraw = True
967.8080 	DATA 	Keypress: space
967.8090 	EXP 	text: autoDraw = False
973.3415 	EXP 	text: text = 'Press and hold [SPACE] to report the duration of the stimulus'
973.3415 	EXP 	text: autoDraw = True
973.6163 	DATA 	Keypress: space
973.6174 	EXP 	text: autoDraw = False
974.3986 	WARNING 	Stopping key buffers but this could be dangerous ifother keyboards rely on the same.
974.4137 	EXP 	text: text = 'You earned 9.2 out of 10 points in this round.\n\n Press [SPACE] to advance'
974.4137 	EXP 	text: autoDraw = True
974.8639 	DATA 	Keypress: space
974.8650 	EXP 	text: autoDraw = False
974.8805 	EXP 	text: text = 'Total points : 445.1'
980.1832 	EXP 	text: text = 'Press and hold [SPACE] to report the duration of the stimulus'
980.1832 	EXP 	text: autoDraw = True
980.6881 	DATA 	Keypress: space
980.6891 	EXP 	text: autoDraw = False
981.6473 	WARNING 	Stopping key buffers but this could be dangerous ifother keyboards rely on the same.
981.6638 	EXP 	text: text = 'Total points : 445.1'
981.6638 	EXP 	text: text = 'Your response exceeded the actual time.\n\n Press [SPACE] to advance'
981.6638 	EXP 	text: autoDraw = True
982.1440 	DATA 	Keypress: space
982.1449 	EXP 	text: autoDraw = False
989.7741 	EXP 	text: text = 'Press and hold [SPACE] to report the duration of the stimulus'
989.7741 	EXP 	text: autoDraw = True
990.5122 	DATA 	Keypress: space
990.5134 	EXP 	text: autoDraw = False
991.5025 	WARNING 	Stopping key buffers but this could be dangerous ifother keyboards rely on the same.
991.5160 	EXP 	text: text = 'You earned 3.4 out of 10 points in this round.\n\n Press [SPACE] to advance'
991.5160 	EXP 	text: autoDraw = True
991.9120 	DATA 	Keypress: space
991.9131 	EXP 	text: autoDraw = False
991.9305 	EXP 	text: text = 'Total points : 448.5'
998.3420 	EXP 	text: text = 'Press and hold [SPACE] to report the duration of the stimulus'
998.3420 	EXP 	text: autoDraw = True
999.4080 	DATA 	Keypress: space
999.4092 	EXP 	text: autoDraw = False
1000.3505 	WARNING 	Stopping key buffers but this could be dangerous ifother keyboards rely on the same.
1000.3640 	EXP 	text: text = 'You earned 7.0 out of 10 points in this round.\n\n Press [SPACE] to advance'
1000.3640 	EXP 	text: autoDraw = True
1000.7439 	DATA 	Keypress: space
1000.7450 	EXP 	text: autoDraw = False
1000.7508 	EXP 	text: text = 'Total points : 455.5'
1007.1744 	EXP 	text: text = 'Press and hold [SPACE] to report the duration of the stimulus'
1007.1744 	EXP 	text: autoDraw = True
1007.6721 	DATA 	Keypress: space
1007.6731 	EXP 	text: autoDraw = False
1008.6385 	WARNING 	Stopping key buffers but this could be dangerous ifother keyboards rely on the same.
1008.6515 	EXP 	text: text = 'You earned 7.3 out of 10 points in this round.\n\n Press [SPACE] to advance'
1008.6515 	EXP 	text: autoDraw = True
1008.9759 	DATA 	Keypress: space
1008.9770 	EXP 	text: autoDraw = False
1008.9822 	EXP 	text: text = 'Total points : 462.8'
1014.7329 	EXP 	text: text = 'Press and hold [SPACE] to report the duration of the stimulus'
1014.7329 	EXP 	text: autoDraw = True
1015.1360 	DATA 	Keypress: space
1015.1370 	EXP 	text: autoDraw = False
1015.9745 	WARNING 	Stopping key buffers but this could be dangerous ifother keyboards rely on the same.
1015.9881 	EXP 	text: text = 'You earned 8.9 out of 10 points in this round.\n\n Press [SPACE] to advance'
1015.9881 	EXP 	text: autoDraw = True
1016.5920 	DATA 	Keypress: space
1016.5929 	EXP 	text: autoDraw = False
1016.5983 	EXP 	text: text = 'Total points : 471.7'
1023.9997 	EXP 	text: text = 'Press and hold [SPACE] to report the duration of the stimulus'
1023.9997 	EXP 	text: autoDraw = True
1024.4241 	DATA 	Keypress: space
1024.4252 	EXP 	text: autoDraw = False
1025.2785 	WARNING 	Stopping key buffers but this could be dangerous ifother keyboards rely on the same.
1025.2972 	EXP 	text: text = 'You earned 3.0 out of 10 points in this round.\n\n Press [SPACE] to advance'
1025.2972 	EXP 	text: autoDraw = True
1025.6720 	DATA 	Keypress: space
1025.6730 	EXP 	text: autoDraw = False
1025.6805 	EXP 	text: text = 'Total points : 474.7'
1031.8831 	EXP 	text: text = 'Press and hold [SPACE] to report the duration of the stimulus'
1031.8831 	EXP 	text: autoDraw = True
1032.3042 	DATA 	Keypress: space
1032.3053 	EXP 	text: autoDraw = False
1033.2785 	WARNING 	Stopping key buffers but this could be dangerous ifother keyboards rely on the same.
1033.2971 	EXP 	text: text = 'You earned 8.6 out of 10 points in this round.\n\n Press [SPACE] to advance'
1033.2971 	EXP 	text: autoDraw = True
1033.6321 	DATA 	Keypress: space
1033.6330 	EXP 	text: autoDraw = False
1033.6471 	EXP 	text: text = 'Total points : 483.3'
1041.0499 	EXP 	text: text = 'Press and hold [SPACE] to report the duration of the stimulus'
1041.0499 	EXP 	text: autoDraw = True
1041.6241 	DATA 	Keypress: space
1041.6251 	EXP 	text: autoDraw = False
1042.5105 	WARNING 	Stopping key buffers but this could be dangerous ifother keyboards rely on the same.
1042.5305 	EXP 	text: text = 'You earned 3.2 out of 10 points in this round.\n\n Press [SPACE] to advance'
1042.5305 	EXP 	text: autoDraw = True
1042.9200 	DATA 	Keypress: space
1042.9210 	EXP 	text: autoDraw = False
1042.9305 	EXP 	text: text = 'Total points : 486.5'
1048.8961 	EXP 	text: text = 'Press and hold [SPACE] to report the duration of the stimulus'
1048.8961 	EXP 	text: autoDraw = True
1049.2242 	DATA 	Keypress: space
1049.2251 	EXP 	text: autoDraw = False
1050.0305 	WARNING 	Stopping key buffers but this could be dangerous ifother keyboards rely on the same.
1050.0471 	EXP 	text: text = 'You earned 7.2 out of 10 points in this round.\n\n Press [SPACE] to advance'
1050.0471 	EXP 	text: autoDraw = True
1050.3920 	DATA 	Keypress: space
1050.3930 	EXP 	text: autoDraw = False
1050.3983 	EXP 	text: text = 'Total points : 493.7'
1056.1494 	EXP 	text: text = 'Press and hold [SPACE] to report the duration of the stimulus'
1056.1494 	EXP 	text: autoDraw = True
1056.4641 	DATA 	Keypress: space
1056.4652 	EXP 	text: autoDraw = False
1057.2785 	WARNING 	Stopping key buffers but this could be dangerous ifother keyboards rely on the same.
1057.2972 	EXP 	text: text = 'You earned 8.5 out of 10 points in this round.\n\n Press [SPACE] to advance'
1057.2972 	EXP 	text: autoDraw = True
1057.5760 	DATA 	Keypress: space
1057.5769 	EXP 	text: autoDraw = False
1057.5826 	EXP 	text: text = 'Total points : 502.2'
1064.9820 	EXP 	text: text = 'Press and hold [SPACE] to report the duration of the stimulus'
1064.9820 	EXP 	text: autoDraw = True
1065.3522 	DATA 	Keypress: space
1065.3533 	EXP 	text: autoDraw = False
1066.1473 	WARNING 	Stopping key buffers but this could be dangerous ifother keyboards rely on the same.
1066.1805 	EXP 	text: text = 'You earned 2.6 out of 10 points in this round.\n\n Press [SPACE] to advance'
1066.1805 	EXP 	text: autoDraw = True
1066.4880 	DATA 	Keypress: space
1066.4890 	EXP 	text: autoDraw = False
1066.4972 	EXP 	text: text = 'Total points : 504.8'
1073.8988 	EXP 	text: text = 'Press and hold [SPACE] to report the duration of the stimulus'
1073.8988 	EXP 	text: autoDraw = True
1074.6002 	DATA 	Keypress: space
1074.6013 	EXP 	text: autoDraw = False
1075.3425 	WARNING 	Stopping key buffers but this could be dangerous ifother keyboards rely on the same.
1075.3555 	EXP 	text: text = 'You earned 2.4 out of 10 points in this round.\n\n Press [SPACE] to advance'
1075.3555 	EXP 	text: autoDraw = True
1075.6639 	DATA 	Keypress: space
1075.6649 	EXP 	text: autoDraw = False
1075.6805 	EXP 	text: text = 'Total points : 507.2'
1082.8416 	EXP 	text: text = 'Press and hold [SPACE] to report the duration of the stimulus'
1082.8416 	EXP 	text: autoDraw = True
1083.3120 	DATA 	Keypress: space
1083.3130 	EXP 	text: autoDraw = False
1084.0945 	WARNING 	Stopping key buffers but this could be dangerous ifother keyboards rely on the same.
1084.1138 	EXP 	text: text = 'You earned 3.1 out of 10 points in this round.\n\n Press [SPACE] to advance'
1084.1138 	EXP 	text: autoDraw = True
1084.4641 	DATA 	Keypress: space
1084.4650 	EXP 	text: autoDraw = False
1084.4805 	EXP 	text: text = 'Total points : 510.3'
1090.4412 	EXP 	text: text = 'Press and hold [SPACE] to report the duration of the stimulus'
1090.4412 	EXP 	text: autoDraw = True
1090.9761 	DATA 	Keypress: space
1090.9772 	EXP 	text: autoDraw = False
1091.6946 	WARNING 	Stopping key buffers but this could be dangerous ifother keyboards rely on the same.
1091.7137 	EXP 	text: text = 'You earned 6.0 out of 10 points in this round.\n\n Press [SPACE] to advance'
1091.7137 	EXP 	text: autoDraw = True
1092.0080 	DATA 	Keypress: space
1092.0090 	EXP 	text: autoDraw = False
1092.0142 	EXP 	text: text = 'Total points : 516.3'
1097.9759 	EXP 	text: text = 'Press and hold [SPACE] to report the duration of the stimulus'
1097.9759 	EXP 	text: autoDraw = True
1098.3201 	DATA 	Keypress: space
1098.3212 	EXP 	text: autoDraw = False
1098.9905 	WARNING 	Stopping key buffers but this could be dangerous ifother keyboards rely on the same.
1099.0034 	EXP 	text: text = 'You earned 5.5 out of 10 points in this round.\n\n Press [SPACE] to advance'
1099.0034 	EXP 	text: autoDraw = True
1099.3360 	DATA 	Keypress: space
1099.3371 	EXP 	text: autoDraw = False
1099.3472 	EXP 	text: text = 'Total points : 521.8'
1105.0996 	EXP 	text: text = 'Press and hold [SPACE] to report the duration of the stimulus'
1105.0996 	EXP 	text: autoDraw = True
1105.4480 	DATA 	Keypress: space
1105.4489 	EXP 	text: autoDraw = False
1106.1585 	WARNING 	Stopping key buffers but this could be dangerous ifother keyboards rely on the same.
1106.1715 	EXP 	text: text = 'You earned 6.9 out of 10 points in this round.\n\n Press [SPACE] to advance'
1106.1715 	EXP 	text: autoDraw = True
1106.4559 	DATA 	Keypress: space
1106.4568 	EXP 	text: autoDraw = False
1106.4638 	EXP 	text: text = 'Total points : 528.7'
1113.6248 	EXP 	text: text = 'Press and hold [SPACE] to report the duration of the stimulus'
1113.6248 	EXP 	text: autoDraw = True
1114.4561 	DATA 	Keypress: space
1114.4572 	EXP 	text: autoDraw = False
1115.2307 	WARNING 	Stopping key buffers but this could be dangerous ifother keyboards rely on the same.
1115.2639 	EXP 	text: text = 'You earned 2.8 out of 10 points in this round.\n\n Press [SPACE] to advance'
1115.2639 	EXP 	text: autoDraw = True
1115.5120 	DATA 	Keypress: space
1115.5130 	EXP 	text: autoDraw = False
1115.5305 	EXP 	text: text = 'Total points : 531.5'
1121.9422 	EXP 	text: text = 'Press and hold [SPACE] to report the duration of the stimulus'
1121.9422 	EXP 	text: autoDraw = True
1122.3441 	DATA 	Keypress: space
1122.3451 	EXP 	text: autoDraw = False
1123.0865 	WARNING 	Stopping key buffers but this could be dangerous ifother keyboards rely on the same.
1123.0995 	EXP 	text: text = 'You earned 4.7 out of 10 points in this round.\n\n Press [SPACE] to advance'
1123.0995 	EXP 	text: autoDraw = True
1123.2879 	DATA 	Keypress: space
1123.2889 	EXP 	text: autoDraw = False
1123.2971 	EXP 	text: text = 'Total points : 536.2'
1130.9082 	EXP 	text: text = 'Press and hold [SPACE] to report the duration of the stimulus'
1130.9082 	EXP 	text: autoDraw = True
1131.3041 	DATA 	Keypress: space
1131.3052 	EXP 	text: autoDraw = False
1131.9985 	WARNING 	Stopping key buffers but this could be dangerous ifother keyboards rely on the same.
1132.0165 	EXP 	text: text = 'You earned 1.9 out of 10 points in this round.\n\n Press [SPACE] to advance'
1132.0165 	EXP 	text: autoDraw = True
1132.3439 	DATA 	Keypress: space
1132.3448 	EXP 	text: autoDraw = False
1132.3504 	EXP 	text: text = 'Total points : 538.1'
1139.7497 	EXP 	text: text = 'Press and hold [SPACE] to report the duration of the stimulus'
1139.7497 	EXP 	text: autoDraw = True
1140.0322 	DATA 	Keypress: space
1140.0333 	EXP 	text: autoDraw = False
1140.8140 	WARNING 	Stopping key buffers but this could be dangerous ifother keyboards rely on the same.
1140.8471 	EXP 	text: text = 'You earned 2.5 out of 10 points in this round.\n\n Press [SPACE] to advance'
1140.8471 	EXP 	text: autoDraw = True
1141.1279 	DATA 	Keypress: space
1141.1288 	EXP 	text: autoDraw = False
1141.1345 	EXP 	text: text = 'Total points : 540.6'
1146.6580 	EXP 	text: text = 'Press and hold [SPACE] to report the duration of the stimulus'
1146.6580 	EXP 	text: autoDraw = True
1147.8402 	DATA 	Keypress: space
1147.8412 	EXP 	text: autoDraw = False
1148.5505 	WARNING 	Stopping key buffers but this could be dangerous ifother keyboards rely on the same.
1148.5636 	EXP 	text: text = 'You earned 8.0 out of 10 points in this round.\n\n Press [SPACE] to advance'
1148.5636 	EXP 	text: autoDraw = True
1148.9519 	DATA 	Keypress: space
1148.9530 	EXP 	text: autoDraw = False
1148.9638 	EXP 	text: text = 'Total points : 548.6'
1154.2664 	EXP 	text: text = 'Press and hold [SPACE] to report the duration of the stimulus'
1154.2664 	EXP 	text: autoDraw = True
1154.5602 	DATA 	Keypress: space
1154.5614 	EXP 	text: autoDraw = False
1155.3640 	WARNING 	Stopping key buffers but this could be dangerous ifother keyboards rely on the same.
1155.3805 	EXP 	text: text = 'Total points : 548.6'
1155.3805 	EXP 	text: text = 'Your response exceeded the actual time.\n\n Press [SPACE] to advance'
1155.3805 	EXP 	text: autoDraw = True
1155.9519 	DATA 	Keypress: space
1155.9528 	EXP 	text: autoDraw = False
1162.7834 	EXP 	text: text = 'Press and hold [SPACE] to report the duration of the stimulus'
1162.7834 	EXP 	text: autoDraw = True
1163.0642 	DATA 	Keypress: space
1163.0653 	EXP 	text: autoDraw = False
1163.9639 	WARNING 	Stopping key buffers but this could be dangerous ifother keyboards rely on the same.
1163.9971 	EXP 	text: text = 'You earned 4.7 out of 10 points in this round.\n\n Press [SPACE] to advance'
1163.9971 	EXP 	text: autoDraw = True
1164.3681 	DATA 	Keypress: space
1164.3691 	EXP 	text: autoDraw = False
1164.3805 	EXP 	text: text = 'Total points : 553.3'
1171.9906 	EXP 	text: text = 'Press and hold [SPACE] to report the duration of the stimulus'
1171.9906 	EXP 	text: autoDraw = True
1172.3360 	DATA 	Keypress: space
1172.3370 	EXP 	text: autoDraw = False
1173.3425 	WARNING 	Stopping key buffers but this could be dangerous ifother keyboards rely on the same.
1173.3555 	EXP 	text: text = 'You earned 3.6 out of 10 points in this round.\n\n Press [SPACE] to advance'
1173.3555 	EXP 	text: autoDraw = True
1173.8639 	DATA 	Keypress: space
1173.8650 	EXP 	text: autoDraw = False
1173.8805 	EXP 	text: text = 'Total points : 556.9'
1180.6830 	EXP 	text: text = 'Press and hold [SPACE] to report the duration of the stimulus'
1180.6830 	EXP 	text: autoDraw = True
1180.9682 	DATA 	Keypress: space
1180.9692 	EXP 	text: autoDraw = False
1181.9665 	WARNING 	Stopping key buffers but this could be dangerous ifother keyboards rely on the same.
1181.9802 	EXP 	text: text = 'You earned 6.1 out of 10 points in this round.\n\n Press [SPACE] to advance'
1181.9802 	EXP 	text: autoDraw = True
1182.3520 	DATA 	Keypress: space
1182.3529 	EXP 	text: autoDraw = False
1182.3576 	INFO 	Finishing at 14:42 on 03 Oct 2019
1182.6194 	EXP 	window1: mouseVisible = True
