9.4992 	ERROR 	Screen apparently NOT the desired resolution of 3840x2160 pixels!!
160.8131 	WARNING 	User requested fullscreen with size [3840 2160], but screen is actually [1920, 1080]. Using actual size
161.4034 	INFO 	Successfully set darwin thread to realtime
162.4711 	INFO 	#[ PsychoPy3 RuntimeInfoStart ]
  #[[ PsychoPy ]] #---------
    psychopyVersion: 3.2.3
    psychopyHaveExtRush: True
  #[[ Experiment ]] #---------
    experimentRunTime: 2019_10_02 13:58 (Year_Month_Day Hour:Min)
    experimentRunTime.epoch: 1570039135
    experimentScript: duration_judgments_using_space_bar.py
    experimentScript.digestSHA1: 5e088fecb52f70dc4032971e1f2c46374624cbfa
    experimentScript.directory: /Users/supadhy6/Documents/GitHub/spatio_temporal_information_processing/Time_Subjective_Expansion/Jon_Ian_collaboration
  #[[ System ]] #---------
    systemHaveInternetAccess: True
    systemHostName: pbs-cf-mini1.local
    systemLocale: C
    systemMemFreeRAM: 13260.421875
    systemMemTotalRAM: 16384.0
    systemPlatform: darwin 10.12.6 x86_64
    systemPyoVersion: -
    systemRebooted: Sep 25 02:06
    systemSec.OpenSSLVersion: OpenSSL 0.9.8zh 14 Jan 2016
    systemSec.pythonSSL: True
    systemTimeNumpySD1000000_sec: 0.0059
    systemUser: supadhy6
    systemUserID: 1903061739
    systemUsersCount: 1
  #[[ Window ]] #---------
    windowWinType: pyglet
    windowUnits: deg
    windowSize_pix: [1920 1080]
    windowScreen: 0
    windowRgb: [255. 255. 255.]
    windowRefreshTimeSD_ms: 0.059
    windowRefreshTimeMedian_ms: 16.672
    windowRefreshTimeAvg_ms: 16.668
    windowPos_pix: [0.0, 0.0]
    windowMonitor.name: testmonitor
    windowMonitor.getWidth_cm: 56.0
    windowMonitor.getDistance_cm: 65.0
    windowMonitor.currentCalibName: 2019_09_24 12:00
    windowIsFullScr: True
  #[[ Python ]] #---------
    pythonVersion: 3.6.1
  #[[ OpenGL ]] #---------
#[ PsychoPy3 RuntimeInfoEnd ]

162.5644 	EXP 	Created text = TextStim(__class__=<class 'psychopy.visual.text.TextStim'>, alignHoriz='center', alignVert='center', antialias=True, autoLog=True, bold=False, color='black', colorSpace='named', contrast=1.0, depth=-1.0, flipHoriz=False, flipVert=False, font='Arial', fontFiles=[], height=0.35, italic=False, languageStyle='LTR', name='text', opacity=1.0, ori=0, pos=array([0., 0.]), rgb=array([0., 0., 0.]), text=str(...), units='deg', win=Window(...), wrapWidth=20)
162.5709 	EXP 	Created text = TextStim(__class__=<class 'psychopy.visual.text.TextStim'>, alignHoriz='center', alignVert='center', antialias=True, autoLog=True, bold=False, color='black', colorSpace='named', contrast=1.0, depth=-1.0, flipHoriz=False, flipVert=False, font='Arial', fontFiles=[], height=0.35, italic=False, languageStyle='LTR', name='text', opacity=1.0, ori=0, pos=array([5., 5.]), rgb=array([0., 0., 0.]), text='Total points : 0', units='deg', win=Window(...), wrapWidth=20)
162.6869 	EXP 	text: text = 'Welcome! Thank you for agreeing to participate in this study.\n\nIn this study, we want to examine your ability to perceive duration — how long something lasts.\n\nThe task is simple. In each trial, you will see a black disc appear on the screen and then disappear. Actually, the disc will appear and disappear three times in each trial, and each time, it will last for the same amount of time. We want you to pay attention to how long the disc lasts. Get a sense of its duration. It is repeated three times in a trial to help you get an accurate sense of its duration.\n\nAfter the third time the disc disappears it will be your turn to report its duration. Press and hold down the spacebar. This will make a disc appear on the screen. Let go of the spacebar when you think your disc has been on the screen as long as the standard disc you saw on that trial. So the point is we want you to reproduce the duration that you experienced. Remember we want to know how long each of the three black discs lasted, not how long they lasted in all together. \n\nPress any key to continue to the next page. \n\n'
162.6869 	EXP 	text: autoDraw = True
189.6816 	DATA 	Keypress: space
189.6826 	EXP 	text: autoDraw = False
189.7616 	EXP 	text: text = "We really want you to be as accurate as you can. So a game will be played to make it more fun. We want you to hold down the space bar for as long as you saw the standard disc last, but no longer! The closer you get to the right answer, the more points we will award you in that trial. But if you go over, your disc will disappear on its own and you won't get any points on that trial. So you need to be as accurate as possible without going over to earn the max. Each trial will be for 10 points. There are about 120 trials. If you collect a total of 650 points by the end, we will double the credit you get for the experiment.\n\nIf you're feeling uncomfortable, you can press ESC key any time to stop the experiment.\n\nPress any key you are ready to do some practice trials.\n\n"
189.7616 	EXP 	text: autoDraw = True
220.2240 	DATA 	Keypress: space
220.2248 	EXP 	text: autoDraw = False
220.2368 	EXP 	text: autoDraw = True
225.6354 	EXP 	text: text = 'Press and hold [SPACE] to report the duration of the stimulus'
225.6354 	EXP 	text: autoDraw = True
232.7758 	DATA 	Keypress: space
232.7770 	EXP 	text: autoDraw = False
235.6036 	WARNING 	Stopping key buffers but this could be dangerous ifother keyboards rely on the same.
235.6203 	EXP 	text: text = 'Total points : 0'
235.6203 	EXP 	text: text = 'Your response exceeded the actual time.\n\n Press [SPACE] to advance'
235.6203 	EXP 	text: autoDraw = True
239.2477 	DATA 	Keypress: space
239.2490 	EXP 	text: autoDraw = False
245.1726 	EXP 	text: text = 'Press and hold [SPACE] to report the duration of the stimulus'
245.1726 	EXP 	text: autoDraw = True
253.8239 	DATA 	Keypress: space
253.8249 	EXP 	text: autoDraw = False
255.0202 	WARNING 	Stopping key buffers but this could be dangerous ifother keyboards rely on the same.
255.0368 	EXP 	text: text = 'Total points : 0'
255.0368 	EXP 	text: text = 'Your response exceeded the actual time.\n\n Press [SPACE] to advance'
255.0368 	EXP 	text: autoDraw = True
259.2476 	DATA 	Keypress: space
259.2488 	EXP 	text: autoDraw = False
266.0723 	EXP 	text: text = 'Press and hold [SPACE] to report the duration of the stimulus'
266.0723 	EXP 	text: autoDraw = True
266.6078 	DATA 	Keypress: space
266.6089 	EXP 	text: autoDraw = False
268.0203 	WARNING 	Stopping key buffers but this could be dangerous ifother keyboards rely on the same.
268.0368 	EXP 	text: text = 'Total points : 0'
268.0368 	EXP 	text: text = 'Your response exceeded the actual time.\n\n Press [SPACE] to advance'
268.0368 	EXP 	text: autoDraw = True
278.4078 	DATA 	Keypress: space
278.4088 	EXP 	text: autoDraw = False
278.4368 	EXP 	text: text = 'Total points : 0'
278.4368 	EXP 	text: text = 'Great! Now press any key to begin the experiment'
278.4368 	EXP 	text: autoDraw = True
280.3196 	DATA 	Keypress: space
280.3207 	EXP 	text: autoDraw = False
286.7476 	EXP 	text: text = 'Press and hold [SPACE] to report the duration of the stimulus'
286.7476 	EXP 	text: autoDraw = True
287.3358 	DATA 	Keypress: space
287.3368 	EXP 	text: autoDraw = False
288.4622 	WARNING 	Stopping key buffers but this could be dangerous ifother keyboards rely on the same.
288.4774 	EXP 	text: text = 'You earned 9.9 out of 10 points in this round.\n\n Press [SPACE] to advance'
288.4774 	EXP 	text: autoDraw = True
291.7597 	DATA 	Keypress: space
291.7607 	EXP 	text: autoDraw = False
291.7701 	EXP 	text: text = 'Total points : 9.9'
298.1813 	EXP 	text: text = 'Press and hold [SPACE] to report the duration of the stimulus'
298.1813 	EXP 	text: autoDraw = True
298.8078 	DATA 	Keypress: space
298.8089 	EXP 	text: autoDraw = False
300.0870 	WARNING 	Stopping key buffers but this could be dangerous ifother keyboards rely on the same.
300.1035 	EXP 	text: text = 'Total points : 9.9'
300.1035 	EXP 	text: text = 'Your response exceeded the actual time.\n\n Press [SPACE] to advance'
300.1035 	EXP 	text: autoDraw = True
301.1756 	DATA 	Keypress: space
301.1765 	EXP 	text: autoDraw = False
308.6058 	EXP 	text: text = 'Press and hold [SPACE] to report the duration of the stimulus'
308.6058 	EXP 	text: autoDraw = True
309.0398 	DATA 	Keypress: space
309.0408 	EXP 	text: autoDraw = False
310.1422 	WARNING 	Stopping key buffers but this could be dangerous ifother keyboards rely on the same.
310.1558 	EXP 	text: text = 'You earned 5.0 out of 10 points in this round.\n\n Press [SPACE] to advance'
310.1558 	EXP 	text: autoDraw = True
311.8237 	DATA 	Keypress: space
311.8247 	EXP 	text: autoDraw = False
311.8368 	EXP 	text: text = 'Total points : 14.9'
319.2397 	EXP 	text: text = 'Press and hold [SPACE] to report the duration of the stimulus'
319.2397 	EXP 	text: autoDraw = True
320.0238 	DATA 	Keypress: space
320.0249 	EXP 	text: autoDraw = False
321.3262 	WARNING 	Stopping key buffers but this could be dangerous ifother keyboards rely on the same.
321.3405 	EXP 	text: text = 'You earned 7.5 out of 10 points in this round.\n\n Press [SPACE] to advance'
321.3405 	EXP 	text: autoDraw = True
323.6797 	DATA 	Keypress: space
323.6808 	EXP 	text: autoDraw = False
323.6866 	EXP 	text: text = 'Total points : 22.4'
329.4401 	EXP 	text: text = 'Press and hold [SPACE] to report the duration of the stimulus'
329.4401 	EXP 	text: autoDraw = True
331.7198 	DATA 	Keypress: space
331.7210 	EXP 	text: autoDraw = False
332.4302 	WARNING 	Stopping key buffers but this could be dangerous ifother keyboards rely on the same.
332.4434 	EXP 	text: text = 'You earned 6.9 out of 10 points in this round.\n\n Press [SPACE] to advance'
332.4434 	EXP 	text: autoDraw = True
333.8796 	DATA 	Keypress: space
333.8805 	EXP 	text: autoDraw = False
333.8871 	EXP 	text: text = 'Total points : 29.3'
340.6891 	EXP 	text: text = 'Press and hold [SPACE] to report the duration of the stimulus'
340.6891 	EXP 	text: autoDraw = True
341.1837 	DATA 	Keypress: space
341.1848 	EXP 	text: autoDraw = False
342.0869 	WARNING 	Stopping key buffers but this could be dangerous ifother keyboards rely on the same.
342.1202 	EXP 	text: text = 'You earned 4.8 out of 10 points in this round.\n\n Press [SPACE] to advance'
342.1202 	EXP 	text: autoDraw = True
345.4797 	DATA 	Keypress: space
345.4807 	EXP 	text: autoDraw = False
345.4869 	EXP 	text: text = 'Total points : 34.1'
351.2398 	EXP 	text: text = 'Press and hold [SPACE] to report the duration of the stimulus'
351.2398 	EXP 	text: autoDraw = True
352.1998 	DATA 	Keypress: space
352.2009 	EXP 	text: autoDraw = False
353.2704 	WARNING 	Stopping key buffers but this could be dangerous ifother keyboards rely on the same.
353.2868 	EXP 	text: text = 'Total points : 34.1'
353.2868 	EXP 	text: text = 'Your response exceeded the actual time.\n\n Press [SPACE] to advance'
353.2868 	EXP 	text: autoDraw = True
354.0557 	DATA 	Keypress: space
354.0566 	EXP 	text: autoDraw = False
361.2470 	EXP 	text: text = 'Press and hold [SPACE] to report the duration of the stimulus'
361.2470 	EXP 	text: autoDraw = True
362.1517 	DATA 	Keypress: space
362.1527 	EXP 	text: autoDraw = False
363.4862 	WARNING 	Stopping key buffers but this could be dangerous ifother keyboards rely on the same.
363.5035 	EXP 	text: text = 'You earned 9.2 out of 10 points in this round.\n\n Press [SPACE] to advance'
363.5035 	EXP 	text: autoDraw = True
365.3676 	DATA 	Keypress: space
365.3688 	EXP 	text: autoDraw = False
365.3740 	EXP 	text: text = 'Total points : 43.3'
372.9981 	EXP 	text: text = 'Press and hold [SPACE] to report the duration of the stimulus'
372.9981 	EXP 	text: autoDraw = True
374.1198 	DATA 	Keypress: space
374.1208 	EXP 	text: autoDraw = False
375.3870 	WARNING 	Stopping key buffers but this could be dangerous ifother keyboards rely on the same.
375.4201 	EXP 	text: text = 'You earned 5.7 out of 10 points in this round.\n\n Press [SPACE] to advance'
375.4201 	EXP 	text: autoDraw = True
376.6637 	DATA 	Keypress: space
376.6647 	EXP 	text: autoDraw = False
376.6700 	EXP 	text: text = 'Total points : 49.0'
382.6310 	EXP 	text: text = 'Press and hold [SPACE] to report the duration of the stimulus'
382.6310 	EXP 	text: autoDraw = True
383.2719 	DATA 	Keypress: space
383.2729 	EXP 	text: autoDraw = False
383.9822 	WARNING 	Stopping key buffers but this could be dangerous ifother keyboards rely on the same.
383.9953 	EXP 	text: text = 'You earned 5.9 out of 10 points in this round.\n\n Press [SPACE] to advance'
383.9953 	EXP 	text: autoDraw = True
385.0637 	DATA 	Keypress: space
385.0646 	EXP 	text: autoDraw = False
385.0700 	EXP 	text: text = 'Total points : 54.9'
390.8222 	EXP 	text: text = 'Press and hold [SPACE] to report the duration of the stimulus'
390.8222 	EXP 	text: autoDraw = True
391.8798 	DATA 	Keypress: space
391.8809 	EXP 	text: autoDraw = False
392.9536 	WARNING 	Stopping key buffers but this could be dangerous ifother keyboards rely on the same.
392.9702 	EXP 	text: text = 'Total points : 54.9'
392.9702 	EXP 	text: text = 'Your response exceeded the actual time.\n\n Press [SPACE] to advance'
392.9702 	EXP 	text: autoDraw = True
393.8796 	DATA 	Keypress: space
393.8806 	EXP 	text: autoDraw = False
395.4586 	DATA 	Keypress: space
399.2062 	EXP 	text: text = 'Press and hold [SPACE] to report the duration of the stimulus'
399.2062 	EXP 	text: autoDraw = True
400.1758 	DATA 	Keypress: space
400.1769 	EXP 	text: autoDraw = False
400.7022 	WARNING 	Stopping key buffers but this could be dangerous ifother keyboards rely on the same.
400.7202 	EXP 	text: text = 'You earned 6.4 out of 10 points in this round.\n\n Press [SPACE] to advance'
400.7202 	EXP 	text: autoDraw = True
401.8157 	DATA 	Keypress: space
401.8168 	EXP 	text: autoDraw = False
401.8223 	EXP 	text: text = 'Total points : 61.3'
407.5727 	EXP 	text: text = 'Press and hold [SPACE] to report the duration of the stimulus'
407.5727 	EXP 	text: autoDraw = True
408.3199 	DATA 	Keypress: space
408.3210 	EXP 	text: autoDraw = False
409.2222 	WARNING 	Stopping key buffers but this could be dangerous ifother keyboards rely on the same.
409.2368 	EXP 	text: text = 'You earned 9.9 out of 10 points in this round.\n\n Press [SPACE] to advance'
409.2368 	EXP 	text: autoDraw = True
410.9196 	DATA 	Keypress: space
410.9207 	EXP 	text: autoDraw = False
410.9368 	EXP 	text: text = 'Total points : 71.2'
418.5476 	EXP 	text: text = 'Press and hold [SPACE] to report the duration of the stimulus'
418.5476 	EXP 	text: autoDraw = True
419.7599 	DATA 	Keypress: space
419.7610 	EXP 	text: autoDraw = False
421.0062 	WARNING 	Stopping key buffers but this could be dangerous ifother keyboards rely on the same.
421.0203 	EXP 	text: text = 'You earned 5.7 out of 10 points in this round.\n\n Press [SPACE] to advance'
421.0203 	EXP 	text: autoDraw = True
422.3997 	DATA 	Keypress: space
422.4006 	EXP 	text: autoDraw = False
422.4060 	EXP 	text: text = 'Total points : 76.9'
429.5646 	EXP 	text: text = 'Press and hold [SPACE] to report the duration of the stimulus'
429.5646 	EXP 	text: autoDraw = True
430.7117 	DATA 	Keypress: space
430.7129 	EXP 	text: autoDraw = False
431.8302 	WARNING 	Stopping key buffers but this could be dangerous ifother keyboards rely on the same.
431.8434 	EXP 	text: text = 'You earned 6.0 out of 10 points in this round.\n\n Press [SPACE] to advance'
431.8434 	EXP 	text: autoDraw = True
432.9517 	DATA 	Keypress: space
432.9527 	EXP 	text: autoDraw = False
432.9701 	EXP 	text: text = 'Total points : 82.9'
438.7227 	EXP 	text: text = 'Press and hold [SPACE] to report the duration of the stimulus'
438.7227 	EXP 	text: autoDraw = True
439.8720 	DATA 	Keypress: space
439.8731 	EXP 	text: autoDraw = False
440.9703 	WARNING 	Stopping key buffers but this could be dangerous ifother keyboards rely on the same.
440.9868 	EXP 	text: text = 'Total points : 82.9'
440.9868 	EXP 	text: text = 'Your response exceeded the actual time.\n\n Press [SPACE] to advance'
440.9868 	EXP 	text: autoDraw = True
442.0316 	DATA 	Keypress: space
442.0326 	EXP 	text: autoDraw = False
449.4558 	EXP 	text: text = 'Press and hold [SPACE] to report the duration of the stimulus'
449.4558 	EXP 	text: autoDraw = True
450.2158 	DATA 	Keypress: space
450.2168 	EXP 	text: autoDraw = False
451.2370 	WARNING 	Stopping key buffers but this could be dangerous ifother keyboards rely on the same.
451.2702 	EXP 	text: text = 'You earned 4.1 out of 10 points in this round.\n\n Press [SPACE] to advance'
451.2702 	EXP 	text: autoDraw = True
453.1437 	DATA 	Keypress: space
453.1447 	EXP 	text: autoDraw = False
453.1535 	EXP 	text: text = 'Total points : 87.0'
458.6643 	EXP 	text: text = 'Press and hold [SPACE] to report the duration of the stimulus'
458.6643 	EXP 	text: autoDraw = True
460.0397 	DATA 	Keypress: space
460.0409 	EXP 	text: autoDraw = False
460.9536 	WARNING 	Stopping key buffers but this could be dangerous ifother keyboards rely on the same.
460.9702 	EXP 	text: text = 'Total points : 87.0'
460.9702 	EXP 	text: text = 'Your response exceeded the actual time.\n\n Press [SPACE] to advance'
460.9702 	EXP 	text: autoDraw = True
462.0796 	DATA 	Keypress: space
462.0807 	EXP 	text: autoDraw = False
468.9048 	EXP 	text: text = 'Press and hold [SPACE] to report the duration of the stimulus'
468.9048 	EXP 	text: autoDraw = True
469.8878 	DATA 	Keypress: space
469.8888 	EXP 	text: autoDraw = False
470.9102 	WARNING 	Stopping key buffers but this could be dangerous ifother keyboards rely on the same.
470.9236 	EXP 	text: text = 'You earned 6.4 out of 10 points in this round.\n\n Press [SPACE] to advance'
470.9236 	EXP 	text: autoDraw = True
472.1997 	DATA 	Keypress: space
472.2007 	EXP 	text: autoDraw = False
472.2060 	EXP 	text: text = 'Total points : 93.4'
477.7148 	EXP 	text: text = 'Press and hold [SPACE] to report the duration of the stimulus'
477.7148 	EXP 	text: autoDraw = True
478.4079 	DATA 	Keypress: space
478.4091 	EXP 	text: autoDraw = False
479.1822 	WARNING 	Stopping key buffers but this could be dangerous ifother keyboards rely on the same.
479.1954 	EXP 	text: text = 'You earned 9.1 out of 10 points in this round.\n\n Press [SPACE] to advance'
479.1954 	EXP 	text: autoDraw = True
480.1837 	DATA 	Keypress: space
480.1846 	EXP 	text: autoDraw = False
480.1909 	EXP 	text: text = 'Total points : 102.5'
487.3646 	EXP 	text: text = 'Press and hold [SPACE] to report the duration of the stimulus'
487.3646 	EXP 	text: autoDraw = True
488.2000 	DATA 	Keypress: space
488.2009 	EXP 	text: autoDraw = False
489.5704 	WARNING 	Stopping key buffers but this could be dangerous ifother keyboards rely on the same.
489.6035 	EXP 	text: text = 'You earned 9.4 out of 10 points in this round.\n\n Press [SPACE] to advance'
489.6035 	EXP 	text: autoDraw = True
490.6397 	DATA 	Keypress: space
490.6408 	EXP 	text: autoDraw = False
490.6535 	EXP 	text: text = 'Total points : 111.9'
496.8557 	EXP 	text: text = 'Press and hold [SPACE] to report the duration of the stimulus'
496.8557 	EXP 	text: autoDraw = True
498.0158 	DATA 	Keypress: space
498.0168 	EXP 	text: autoDraw = False
499.1036 	WARNING 	Stopping key buffers but this could be dangerous ifother keyboards rely on the same.
499.1201 	EXP 	text: text = 'Total points : 111.9'
499.1201 	EXP 	text: text = 'Your response exceeded the actual time.\n\n Press [SPACE] to advance'
499.1201 	EXP 	text: autoDraw = True
500.0957 	DATA 	Keypress: space
500.0967 	EXP 	text: autoDraw = False
507.7316 	EXP 	text: text = 'Press and hold [SPACE] to report the duration of the stimulus'
507.7316 	EXP 	text: autoDraw = True
508.9598 	DATA 	Keypress: space
508.9608 	EXP 	text: autoDraw = False
510.1742 	WARNING 	Stopping key buffers but this could be dangerous ifother keyboards rely on the same.
510.1882 	EXP 	text: text = 'You earned 5.4 out of 10 points in this round.\n\n Press [SPACE] to advance'
510.1882 	EXP 	text: autoDraw = True
511.1597 	DATA 	Keypress: space
511.1608 	EXP 	text: autoDraw = False
511.1701 	EXP 	text: text = 'Total points : 117.3'
516.6800 	EXP 	text: text = 'Press and hold [SPACE] to report the duration of the stimulus'
516.6800 	EXP 	text: autoDraw = True
517.5358 	DATA 	Keypress: space
517.5368 	EXP 	text: autoDraw = False
518.3422 	WARNING 	Stopping key buffers but this could be dangerous ifother keyboards rely on the same.
518.3554 	EXP 	text: text = 'You earned 9.7 out of 10 points in this round.\n\n Press [SPACE] to advance'
518.3554 	EXP 	text: autoDraw = True
519.5917 	DATA 	Keypress: space
519.5927 	EXP 	text: autoDraw = False
519.6035 	EXP 	text: text = 'Total points : 127.0'
526.0148 	EXP 	text: text = 'Press and hold [SPACE] to report the duration of the stimulus'
526.0148 	EXP 	text: autoDraw = True
526.8718 	DATA 	Keypress: space
526.8729 	EXP 	text: autoDraw = False
527.8222 	WARNING 	Stopping key buffers but this could be dangerous ifother keyboards rely on the same.
527.8368 	EXP 	text: text = 'You earned 7.1 out of 10 points in this round.\n\n Press [SPACE] to advance'
527.8368 	EXP 	text: autoDraw = True
528.6557 	DATA 	Keypress: space
528.6566 	EXP 	text: autoDraw = False
528.6702 	EXP 	text: text = 'Total points : 134.1'
534.6308 	EXP 	text: text = 'Press and hold [SPACE] to report the duration of the stimulus'
534.6308 	EXP 	text: autoDraw = True
535.5678 	DATA 	Keypress: space
535.5690 	EXP 	text: autoDraw = False
536.4062 	WARNING 	Stopping key buffers but this could be dangerous ifother keyboards rely on the same.
536.4202 	EXP 	text: text = 'You earned 7.6 out of 10 points in this round.\n\n Press [SPACE] to advance'
536.4202 	EXP 	text: autoDraw = True
537.3916 	DATA 	Keypress: space
537.3927 	EXP 	text: autoDraw = False
537.4035 	EXP 	text: text = 'Total points : 141.7'
542.9146 	EXP 	text: text = 'Press and hold [SPACE] to report the duration of the stimulus'
542.9146 	EXP 	text: autoDraw = True
543.8398 	DATA 	Keypress: space
543.8408 	EXP 	text: autoDraw = False
544.7037 	WARNING 	Stopping key buffers but this could be dangerous ifother keyboards rely on the same.
544.7201 	EXP 	text: text = 'Total points : 141.7'
544.7201 	EXP 	text: text = 'Your response exceeded the actual time.\n\n Press [SPACE] to advance'
544.7201 	EXP 	text: autoDraw = True
545.4637 	DATA 	Keypress: space
545.4646 	EXP 	text: autoDraw = False
552.8892 	EXP 	text: text = 'Press and hold [SPACE] to report the duration of the stimulus'
552.8892 	EXP 	text: autoDraw = True
554.0798 	DATA 	Keypress: space
554.0810 	EXP 	text: autoDraw = False
555.3262 	WARNING 	Stopping key buffers but this could be dangerous ifother keyboards rely on the same.
555.3398 	EXP 	text: text = 'You earned 6.7 out of 10 points in this round.\n\n Press [SPACE] to advance'
555.3398 	EXP 	text: autoDraw = True
555.9756 	DATA 	Keypress: space
555.9767 	EXP 	text: autoDraw = False
555.9868 	EXP 	text: text = 'Total points : 148.4'
562.1889 	EXP 	text: text = 'Press and hold [SPACE] to report the duration of the stimulus'
562.1889 	EXP 	text: autoDraw = True
563.3358 	DATA 	Keypress: space
563.3370 	EXP 	text: autoDraw = False
564.3742 	WARNING 	Stopping key buffers but this could be dangerous ifother keyboards rely on the same.
564.3876 	EXP 	text: text = 'You earned 9.8 out of 10 points in this round.\n\n Press [SPACE] to advance'
564.3876 	EXP 	text: autoDraw = True
565.3597 	DATA 	Keypress: space
565.3607 	EXP 	text: autoDraw = False
565.3702 	EXP 	text: text = 'Total points : 158.2'
571.5731 	EXP 	text: text = 'Press and hold [SPACE] to report the duration of the stimulus'
571.5731 	EXP 	text: autoDraw = True
573.2318 	DATA 	Keypress: space
573.2329 	EXP 	text: autoDraw = False
574.3536 	WARNING 	Stopping key buffers but this could be dangerous ifother keyboards rely on the same.
574.3701 	EXP 	text: text = 'Total points : 158.2'
574.3701 	EXP 	text: text = 'Your response exceeded the actual time.\n\n Press [SPACE] to advance'
574.3701 	EXP 	text: autoDraw = True
575.1917 	DATA 	Keypress: space
575.1927 	EXP 	text: autoDraw = False
580.9729 	EXP 	text: text = 'Press and hold [SPACE] to report the duration of the stimulus'
580.9729 	EXP 	text: autoDraw = True
582.2397 	DATA 	Keypress: space
582.2409 	EXP 	text: autoDraw = False
582.9902 	WARNING 	Stopping key buffers but this could be dangerous ifother keyboards rely on the same.
583.0034 	EXP 	text: text = 'You earned 7.4 out of 10 points in this round.\n\n Press [SPACE] to advance'
583.0034 	EXP 	text: autoDraw = True
584.6796 	DATA 	Keypress: space
584.6806 	EXP 	text: autoDraw = False
584.6867 	EXP 	text: text = 'Total points : 165.6'
591.8478 	EXP 	text: text = 'Press and hold [SPACE] to report the duration of the stimulus'
591.8478 	EXP 	text: autoDraw = True
591.9999 	DATA 	Keypress: space
592.0010 	EXP 	text: autoDraw = False
593.0222 	WARNING 	Stopping key buffers but this could be dangerous ifother keyboards rely on the same.
593.0368 	EXP 	text: text = 'You earned 5.0 out of 10 points in this round.\n\n Press [SPACE] to advance'
593.0368 	EXP 	text: autoDraw = True
593.8876 	DATA 	Keypress: space
593.8886 	EXP 	text: autoDraw = False
593.9035 	EXP 	text: text = 'Total points : 170.6'
600.1067 	EXP 	text: text = 'Press and hold [SPACE] to report the duration of the stimulus'
600.1067 	EXP 	text: autoDraw = True
601.0399 	DATA 	Keypress: space
601.0409 	EXP 	text: autoDraw = False
602.3869 	WARNING 	Stopping key buffers but this could be dangerous ifother keyboards rely on the same.
602.4035 	EXP 	text: text = 'Total points : 170.6'
602.4035 	EXP 	text: text = 'Your response exceeded the actual time.\n\n Press [SPACE] to advance'
602.4035 	EXP 	text: autoDraw = True
604.6476 	DATA 	Keypress: space
604.6487 	EXP 	text: autoDraw = False
611.4727 	EXP 	text: text = 'Press and hold [SPACE] to report the duration of the stimulus'
611.4727 	EXP 	text: autoDraw = True
612.3037 	DATA 	Keypress: space
612.3048 	EXP 	text: autoDraw = False
613.7037 	WARNING 	Stopping key buffers but this could be dangerous ifother keyboards rely on the same.
613.7202 	EXP 	text: text = 'Total points : 170.6'
613.7202 	EXP 	text: text = 'Your response exceeded the actual time.\n\n Press [SPACE] to advance'
613.7202 	EXP 	text: autoDraw = True
614.4637 	DATA 	Keypress: space
614.4646 	EXP 	text: autoDraw = False
621.2895 	EXP 	text: text = 'Press and hold [SPACE] to report the duration of the stimulus'
621.2895 	EXP 	text: autoDraw = True
622.1200 	DATA 	Keypress: space
622.1211 	EXP 	text: autoDraw = False
623.3183 	WARNING 	Stopping key buffers but this could be dangerous ifother keyboards rely on the same.
623.3369 	EXP 	text: text = 'You earned 9.0 out of 10 points in this round.\n\n Press [SPACE] to advance'
623.3369 	EXP 	text: autoDraw = True
624.3036 	DATA 	Keypress: space
624.3045 	EXP 	text: autoDraw = False
624.3201 	EXP 	text: text = 'Total points : 179.6'
631.4811 	EXP 	text: text = 'Press and hold [SPACE] to report the duration of the stimulus'
631.4811 	EXP 	text: autoDraw = True
632.5437 	DATA 	Keypress: space
632.5447 	EXP 	text: autoDraw = False
633.7502 	WARNING 	Stopping key buffers but this could be dangerous ifother keyboards rely on the same.
633.7701 	EXP 	text: text = 'You earned 7.2 out of 10 points in this round.\n\n Press [SPACE] to advance'
633.7701 	EXP 	text: autoDraw = True
634.5677 	DATA 	Keypress: space
634.5688 	EXP 	text: autoDraw = False
634.5753 	EXP 	text: text = 'Total points : 186.8'
640.0975 	EXP 	text: text = 'Press and hold [SPACE] to report the duration of the stimulus'
640.0975 	EXP 	text: autoDraw = True
640.6158 	DATA 	Keypress: space
640.6168 	EXP 	text: autoDraw = False
641.4536 	WARNING 	Stopping key buffers but this could be dangerous ifother keyboards rely on the same.
641.4701 	EXP 	text: text = 'Total points : 186.8'
641.4701 	EXP 	text: text = 'Your response exceeded the actual time.\n\n Press [SPACE] to advance'
641.4701 	EXP 	text: autoDraw = True
642.1676 	DATA 	Keypress: space
642.1686 	EXP 	text: autoDraw = False
649.7984 	EXP 	text: text = 'Press and hold [SPACE] to report the duration of the stimulus'
649.7984 	EXP 	text: autoDraw = True
650.5199 	DATA 	Keypress: space
650.5208 	EXP 	text: autoDraw = False
651.6036 	WARNING 	Stopping key buffers but this could be dangerous ifother keyboards rely on the same.
651.6368 	EXP 	text: text = 'You earned 3.9 out of 10 points in this round.\n\n Press [SPACE] to advance'
651.6368 	EXP 	text: autoDraw = True
653.9116 	DATA 	Keypress: space
653.9127 	EXP 	text: autoDraw = False
653.9201 	EXP 	text: text = 'Total points : 190.7'
659.8815 	EXP 	text: text = 'Press and hold [SPACE] to report the duration of the stimulus'
659.8815 	EXP 	text: autoDraw = True
660.7438 	DATA 	Keypress: space
660.7448 	EXP 	text: autoDraw = False
661.6222 	WARNING 	Stopping key buffers but this could be dangerous ifother keyboards rely on the same.
661.6369 	EXP 	text: text = 'You earned 8.3 out of 10 points in this round.\n\n Press [SPACE] to advance'
661.6369 	EXP 	text: autoDraw = True
662.5357 	DATA 	Keypress: space
662.5367 	EXP 	text: autoDraw = False
662.5535 	EXP 	text: text = 'Total points : 199.0'
668.7564 	EXP 	text: text = 'Press and hold [SPACE] to report the duration of the stimulus'
668.7564 	EXP 	text: autoDraw = True
669.5119 	DATA 	Keypress: space
669.5130 	EXP 	text: autoDraw = False
670.5581 	WARNING 	Stopping key buffers but this could be dangerous ifother keyboards rely on the same.
670.5720 	EXP 	text: text = 'You earned 10.0 out of 10 points in this round.\n\n Press [SPACE] to advance'
670.5720 	EXP 	text: autoDraw = True
673.4556 	DATA 	Keypress: space
673.4567 	EXP 	text: autoDraw = False
673.4702 	EXP 	text: text = 'Total points : 209.0'
679.4306 	EXP 	text: text = 'Press and hold [SPACE] to report the duration of the stimulus'
679.4306 	EXP 	text: autoDraw = True
680.2398 	DATA 	Keypress: space
680.2410 	EXP 	text: autoDraw = False
681.0870 	WARNING 	Stopping key buffers but this could be dangerous ifother keyboards rely on the same.
681.1202 	EXP 	text: text = 'You earned 7.3 out of 10 points in this round.\n\n Press [SPACE] to advance'
681.1202 	EXP 	text: autoDraw = True
682.4316 	DATA 	Keypress: space
682.4326 	EXP 	text: autoDraw = False
682.4381 	EXP 	text: text = 'Total points : 216.3'
688.1895 	EXP 	text: text = 'Press and hold [SPACE] to report the duration of the stimulus'
688.1895 	EXP 	text: autoDraw = True
688.8798 	DATA 	Keypress: space
688.8808 	EXP 	text: autoDraw = False
689.8370 	WARNING 	Stopping key buffers but this could be dangerous ifother keyboards rely on the same.
689.8535 	EXP 	text: text = 'Total points : 216.3'
689.8535 	EXP 	text: text = 'Your response exceeded the actual time.\n\n Press [SPACE] to advance'
689.8535 	EXP 	text: autoDraw = True
690.6957 	DATA 	Keypress: space
690.6967 	EXP 	text: autoDraw = False
697.5219 	EXP 	text: text = 'Press and hold [SPACE] to report the duration of the stimulus'
697.5219 	EXP 	text: autoDraw = True
698.2638 	DATA 	Keypress: space
698.2649 	EXP 	text: autoDraw = False
699.2382 	WARNING 	Stopping key buffers but this could be dangerous ifother keyboards rely on the same.
699.2535 	EXP 	text: text = 'You earned 5.8 out of 10 points in this round.\n\n Press [SPACE] to advance'
699.2535 	EXP 	text: autoDraw = True
700.2397 	DATA 	Keypress: space
700.2407 	EXP 	text: autoDraw = False
700.2535 	EXP 	text: text = 'Total points : 222.1'
706.6644 	EXP 	text: text = 'Press and hold [SPACE] to report the duration of the stimulus'
706.6644 	EXP 	text: autoDraw = True
707.5438 	DATA 	Keypress: space
707.5448 	EXP 	text: autoDraw = False
708.4542 	WARNING 	Stopping key buffers but this could be dangerous ifother keyboards rely on the same.
708.4702 	EXP 	text: text = 'You earned 6.5 out of 10 points in this round.\n\n Press [SPACE] to advance'
708.4702 	EXP 	text: autoDraw = True
709.4076 	DATA 	Keypress: space
709.4087 	EXP 	text: autoDraw = False
709.4202 	EXP 	text: text = 'Total points : 228.6'
715.6227 	EXP 	text: text = 'Press and hold [SPACE] to report the duration of the stimulus'
715.6227 	EXP 	text: autoDraw = True
716.1679 	DATA 	Keypress: space
716.1691 	EXP 	text: autoDraw = False
717.2537 	WARNING 	Stopping key buffers but this could be dangerous ifother keyboards rely on the same.
717.2702 	EXP 	text: text = 'Total points : 228.6'
717.2702 	EXP 	text: text = 'Your response exceeded the actual time.\n\n Press [SPACE] to advance'
717.2702 	EXP 	text: autoDraw = True
718.3597 	DATA 	Keypress: space
718.3608 	EXP 	text: autoDraw = False
725.7891 	EXP 	text: text = 'Press and hold [SPACE] to report the duration of the stimulus'
725.7891 	EXP 	text: autoDraw = True
726.4958 	DATA 	Keypress: space
726.4969 	EXP 	text: autoDraw = False
727.6037 	WARNING 	Stopping key buffers but this could be dangerous ifother keyboards rely on the same.
727.6368 	EXP 	text: text = 'You earned 4.8 out of 10 points in this round.\n\n Press [SPACE] to advance'
727.6368 	EXP 	text: autoDraw = True
728.9356 	DATA 	Keypress: space
728.9366 	EXP 	text: autoDraw = False
728.9535 	EXP 	text: text = 'Total points : 233.4'
734.9146 	EXP 	text: text = 'Press and hold [SPACE] to report the duration of the stimulus'
734.9146 	EXP 	text: autoDraw = True
736.3838 	DATA 	Keypress: space
736.3850 	EXP 	text: autoDraw = False
737.6203 	WARNING 	Stopping key buffers but this could be dangerous ifother keyboards rely on the same.
737.6368 	EXP 	text: text = 'Total points : 233.4'
737.6368 	EXP 	text: text = 'Your response exceeded the actual time.\n\n Press [SPACE] to advance'
737.6368 	EXP 	text: autoDraw = True
738.2317 	DATA 	Keypress: space
738.2328 	EXP 	text: autoDraw = False
744.4557 	EXP 	text: text = 'Press and hold [SPACE] to report the duration of the stimulus'
744.4557 	EXP 	text: autoDraw = True
745.3759 	DATA 	Keypress: space
745.3769 	EXP 	text: autoDraw = False
746.4869 	WARNING 	Stopping key buffers but this could be dangerous ifother keyboards rely on the same.
746.5035 	EXP 	text: text = 'Total points : 233.4'
746.5035 	EXP 	text: text = 'Your response exceeded the actual time.\n\n Press [SPACE] to advance'
746.5035 	EXP 	text: autoDraw = True
747.4077 	DATA 	Keypress: space
747.4088 	EXP 	text: autoDraw = False
753.8485 	EXP 	text: text = 'Press and hold [SPACE] to report the duration of the stimulus'
753.8485 	EXP 	text: autoDraw = True
754.3518 	DATA 	Keypress: space
754.3529 	EXP 	text: autoDraw = False
755.5370 	WARNING 	Stopping key buffers but this could be dangerous ifother keyboards rely on the same.
755.5535 	EXP 	text: text = 'Total points : 233.4'
755.5535 	EXP 	text: text = 'Your response exceeded the actual time.\n\n Press [SPACE] to advance'
755.5535 	EXP 	text: autoDraw = True
756.2636 	DATA 	Keypress: space
756.2646 	EXP 	text: autoDraw = False
761.7981 	EXP 	text: text = 'Press and hold [SPACE] to report the duration of the stimulus'
761.7981 	EXP 	text: autoDraw = True
762.1359 	DATA 	Keypress: space
762.1370 	EXP 	text: autoDraw = False
763.0369 	WARNING 	Stopping key buffers but this could be dangerous ifother keyboards rely on the same.
763.0535 	EXP 	text: text = 'Total points : 233.4'
763.0535 	EXP 	text: text = 'Your response exceeded the actual time.\n\n Press [SPACE] to advance'
763.0535 	EXP 	text: autoDraw = True
763.6877 	DATA 	Keypress: space
763.6887 	EXP 	text: autoDraw = False
771.1219 	EXP 	text: text = 'Press and hold [SPACE] to report the duration of the stimulus'
771.1219 	EXP 	text: autoDraw = True
772.1758 	DATA 	Keypress: space
772.1769 	EXP 	text: autoDraw = False
773.3665 	WARNING 	Stopping key buffers but this could be dangerous ifother keyboards rely on the same.
773.3799 	EXP 	text: text = 'You earned 6.0 out of 10 points in this round.\n\n Press [SPACE] to advance'
773.3799 	EXP 	text: autoDraw = True
774.4476 	DATA 	Keypress: space
774.4486 	EXP 	text: autoDraw = False
774.4545 	EXP 	text: text = 'Total points : 239.4'
781.2569 	EXP 	text: text = 'Press and hold [SPACE] to report the duration of the stimulus'
781.2569 	EXP 	text: autoDraw = True
782.4159 	DATA 	Keypress: space
782.4169 	EXP 	text: autoDraw = False
783.5536 	WARNING 	Stopping key buffers but this could be dangerous ifother keyboards rely on the same.
783.5868 	EXP 	text: text = 'You earned 7.7 out of 10 points in this round.\n\n Press [SPACE] to advance'
783.5868 	EXP 	text: autoDraw = True
784.6878 	DATA 	Keypress: space
784.6887 	EXP 	text: autoDraw = False
784.7035 	EXP 	text: text = 'Total points : 247.1'
790.6647 	EXP 	text: text = 'Press and hold [SPACE] to report the duration of the stimulus'
790.6647 	EXP 	text: autoDraw = True
791.7198 	DATA 	Keypress: space
791.7209 	EXP 	text: autoDraw = False
792.7703 	WARNING 	Stopping key buffers but this could be dangerous ifother keyboards rely on the same.
792.7868 	EXP 	text: text = 'Total points : 247.1'
792.7868 	EXP 	text: text = 'Your response exceeded the actual time.\n\n Press [SPACE] to advance'
792.7868 	EXP 	text: autoDraw = True
793.6556 	DATA 	Keypress: space
793.6568 	EXP 	text: autoDraw = False
800.4896 	EXP 	text: text = 'Press and hold [SPACE] to report the duration of the stimulus'
800.4896 	EXP 	text: autoDraw = True
801.3039 	DATA 	Keypress: space
801.3049 	EXP 	text: autoDraw = False
802.3536 	WARNING 	Stopping key buffers but this could be dangerous ifother keyboards rely on the same.
802.3868 	EXP 	text: text = 'You earned 6.4 out of 10 points in this round.\n\n Press [SPACE] to advance'
802.3868 	EXP 	text: autoDraw = True
803.1597 	DATA 	Keypress: space
803.1608 	EXP 	text: autoDraw = False
803.1702 	EXP 	text: text = 'Total points : 253.5'
810.3320 	EXP 	text: text = 'Press and hold [SPACE] to report the duration of the stimulus'
810.3320 	EXP 	text: autoDraw = True
811.3759 	DATA 	Keypress: space
811.3769 	EXP 	text: autoDraw = False
812.6370 	WARNING 	Stopping key buffers but this could be dangerous ifother keyboards rely on the same.
812.6702 	EXP 	text: text = 'You earned 7.6 out of 10 points in this round.\n\n Press [SPACE] to advance'
812.6702 	EXP 	text: autoDraw = True
813.4717 	DATA 	Keypress: space
813.4727 	EXP 	text: autoDraw = False
813.4868 	EXP 	text: text = 'Total points : 261.1'
818.7886 	EXP 	text: text = 'Press and hold [SPACE] to report the duration of the stimulus'
818.7886 	EXP 	text: autoDraw = True
819.6238 	DATA 	Keypress: space
819.6248 	EXP 	text: autoDraw = False
820.6370 	WARNING 	Stopping key buffers but this could be dangerous ifother keyboards rely on the same.
820.6535 	EXP 	text: text = 'Total points : 261.1'
820.6535 	EXP 	text: text = 'Your response exceeded the actual time.\n\n Press [SPACE] to advance'
820.6535 	EXP 	text: autoDraw = True
821.1917 	DATA 	Keypress: space
821.1928 	EXP 	text: autoDraw = False
826.5224 	EXP 	text: text = 'Press and hold [SPACE] to report the duration of the stimulus'
826.5224 	EXP 	text: autoDraw = True
827.5518 	DATA 	Keypress: space
827.5530 	EXP 	text: autoDraw = False
828.2462 	WARNING 	Stopping key buffers but this could be dangerous ifother keyboards rely on the same.
828.2594 	EXP 	text: text = 'You earned 9.0 out of 10 points in this round.\n\n Press [SPACE] to advance'
828.2594 	EXP 	text: autoDraw = True
829.4316 	DATA 	Keypress: space
829.4327 	EXP 	text: autoDraw = False
829.4383 	EXP 	text: text = 'Total points : 270.1'
837.0477 	EXP 	text: text = 'Press and hold [SPACE] to report the duration of the stimulus'
837.0477 	EXP 	text: autoDraw = True
837.8559 	DATA 	Keypress: space
837.8569 	EXP 	text: autoDraw = False
838.9822 	WARNING 	Stopping key buffers but this could be dangerous ifother keyboards rely on the same.
838.9954 	EXP 	text: text = 'You earned 4.5 out of 10 points in this round.\n\n Press [SPACE] to advance'
838.9954 	EXP 	text: autoDraw = True
842.3436 	DATA 	Keypress: space
842.3446 	EXP 	text: autoDraw = False
842.3535 	EXP 	text: text = 'Total points : 274.6'
847.8644 	EXP 	text: text = 'Press and hold [SPACE] to report the duration of the stimulus'
847.8644 	EXP 	text: autoDraw = True
848.8958 	DATA 	Keypress: space
848.8969 	EXP 	text: autoDraw = False
849.9370 	WARNING 	Stopping key buffers but this could be dangerous ifother keyboards rely on the same.
849.9535 	EXP 	text: text = 'Total points : 274.6'
849.9535 	EXP 	text: text = 'Your response exceeded the actual time.\n\n Press [SPACE] to advance'
849.9535 	EXP 	text: autoDraw = True
850.8316 	DATA 	Keypress: space
850.8327 	EXP 	text: autoDraw = False
857.2650 	EXP 	text: text = 'Press and hold [SPACE] to report the duration of the stimulus'
857.2650 	EXP 	text: autoDraw = True
857.9758 	DATA 	Keypress: space
857.9770 	EXP 	text: autoDraw = False
859.0869 	WARNING 	Stopping key buffers but this could be dangerous ifother keyboards rely on the same.
859.1201 	EXP 	text: text = 'You earned 9.4 out of 10 points in this round.\n\n Press [SPACE] to advance'
859.1201 	EXP 	text: autoDraw = True
860.5276 	DATA 	Keypress: space
860.5287 	EXP 	text: autoDraw = False
860.5368 	EXP 	text: text = 'Total points : 284.0'
866.4976 	EXP 	text: text = 'Press and hold [SPACE] to report the duration of the stimulus'
866.4976 	EXP 	text: autoDraw = True
867.1758 	DATA 	Keypress: space
867.1770 	EXP 	text: autoDraw = False
868.1036 	WARNING 	Stopping key buffers but this could be dangerous ifother keyboards rely on the same.
868.1367 	EXP 	text: text = 'You earned 8.7 out of 10 points in this round.\n\n Press [SPACE] to advance'
868.1367 	EXP 	text: autoDraw = True
871.6798 	DATA 	Keypress: space
871.6808 	EXP 	text: autoDraw = False
871.6867 	EXP 	text: text = 'Total points : 292.7'
877.6475 	EXP 	text: text = 'Press and hold [SPACE] to report the duration of the stimulus'
877.6475 	EXP 	text: autoDraw = True
878.0318 	DATA 	Keypress: space
878.0328 	EXP 	text: autoDraw = False
878.9982 	WARNING 	Stopping key buffers but this could be dangerous ifother keyboards rely on the same.
879.0114 	EXP 	text: text = 'You earned 9.9 out of 10 points in this round.\n\n Press [SPACE] to advance'
879.0114 	EXP 	text: autoDraw = True
880.3756 	DATA 	Keypress: space
880.3767 	EXP 	text: autoDraw = False
880.3868 	EXP 	text: text = 'Total points : 302.6'
885.6897 	EXP 	text: text = 'Press and hold [SPACE] to report the duration of the stimulus'
885.6897 	EXP 	text: autoDraw = True
887.4479 	DATA 	Keypress: space
887.4490 	EXP 	text: autoDraw = False
888.1743 	WARNING 	Stopping key buffers but this could be dangerous ifother keyboards rely on the same.
888.1876 	EXP 	text: text = 'You earned 9.6 out of 10 points in this round.\n\n Press [SPACE] to advance'
888.1876 	EXP 	text: autoDraw = True
889.2316 	DATA 	Keypress: space
889.2326 	EXP 	text: autoDraw = False
889.2380 	EXP 	text: text = 'Total points : 312.2'
894.5393 	EXP 	text: text = 'Press and hold [SPACE] to report the duration of the stimulus'
894.5393 	EXP 	text: autoDraw = True
895.4559 	DATA 	Keypress: space
895.4569 	EXP 	text: autoDraw = False
896.1036 	WARNING 	Stopping key buffers but this could be dangerous ifother keyboards rely on the same.
896.1368 	EXP 	text: text = 'You earned 7.8 out of 10 points in this round.\n\n Press [SPACE] to advance'
896.1368 	EXP 	text: autoDraw = True
897.0157 	DATA 	Keypress: space
897.0167 	EXP 	text: autoDraw = False
897.0221 	EXP 	text: text = 'Total points : 320.0'
903.8230 	EXP 	text: text = 'Press and hold [SPACE] to report the duration of the stimulus'
903.8230 	EXP 	text: autoDraw = True
904.6398 	DATA 	Keypress: space
904.6408 	EXP 	text: autoDraw = False
905.6062 	WARNING 	Stopping key buffers but this could be dangerous ifother keyboards rely on the same.
905.6201 	EXP 	text: text = 'You earned 5.7 out of 10 points in this round.\n\n Press [SPACE] to advance'
905.6201 	EXP 	text: autoDraw = True
907.9676 	DATA 	Keypress: space
907.9686 	EXP 	text: autoDraw = False
907.9739 	EXP 	text: text = 'Total points : 325.7'
914.3982 	EXP 	text: text = 'Press and hold [SPACE] to report the duration of the stimulus'
914.3982 	EXP 	text: autoDraw = True
915.1598 	DATA 	Keypress: space
915.1609 	EXP 	text: autoDraw = False
916.3203 	WARNING 	Stopping key buffers but this could be dangerous ifother keyboards rely on the same.
916.3368 	EXP 	text: text = 'Total points : 325.7'
916.3368 	EXP 	text: text = 'Your response exceeded the actual time.\n\n Press [SPACE] to advance'
916.3368 	EXP 	text: autoDraw = True
917.1117 	DATA 	Keypress: space
917.1128 	EXP 	text: autoDraw = False
922.6481 	EXP 	text: text = 'Press and hold [SPACE] to report the duration of the stimulus'
922.6481 	EXP 	text: autoDraw = True
923.6241 	DATA 	Keypress: space
923.6251 	EXP 	text: autoDraw = False
924.5203 	WARNING 	Stopping key buffers but this could be dangerous ifother keyboards rely on the same.
924.5368 	EXP 	text: text = 'Total points : 325.7'
924.5368 	EXP 	text: text = 'Your response exceeded the actual time.\n\n Press [SPACE] to advance'
924.5368 	EXP 	text: autoDraw = True
925.5517 	DATA 	Keypress: space
925.5527 	EXP 	text: autoDraw = False
933.1984 	EXP 	text: text = 'Press and hold [SPACE] to report the duration of the stimulus'
933.1984 	EXP 	text: autoDraw = True
934.0479 	DATA 	Keypress: space
934.0489 	EXP 	text: autoDraw = False
935.5262 	WARNING 	Stopping key buffers but this could be dangerous ifother keyboards rely on the same.
935.5394 	EXP 	text: text = 'You earned 9.1 out of 10 points in this round.\n\n Press [SPACE] to advance'
935.5394 	EXP 	text: autoDraw = True
936.6316 	DATA 	Keypress: space
936.6325 	EXP 	text: autoDraw = False
936.6383 	EXP 	text: text = 'Total points : 334.8'
944.0397 	EXP 	text: text = 'Press and hold [SPACE] to report the duration of the stimulus'
944.0397 	EXP 	text: autoDraw = True
944.5917 	DATA 	Keypress: space
944.5927 	EXP 	text: autoDraw = False
945.7422 	WARNING 	Stopping key buffers but this could be dangerous ifother keyboards rely on the same.
945.7557 	EXP 	text: text = 'You earned 5.5 out of 10 points in this round.\n\n Press [SPACE] to advance'
945.7557 	EXP 	text: autoDraw = True
946.6317 	DATA 	Keypress: space
946.6326 	EXP 	text: autoDraw = False
946.6380 	EXP 	text: text = 'Total points : 340.3'
954.2481 	EXP 	text: text = 'Press and hold [SPACE] to report the duration of the stimulus'
954.2481 	EXP 	text: autoDraw = True
955.1437 	DATA 	Keypress: space
955.1447 	EXP 	text: autoDraw = False
956.5742 	WARNING 	Stopping key buffers but this could be dangerous ifother keyboards rely on the same.
956.5875 	EXP 	text: text = 'You earned 8.3 out of 10 points in this round.\n\n Press [SPACE] to advance'
956.5875 	EXP 	text: autoDraw = True
957.5196 	DATA 	Keypress: space
957.5206 	EXP 	text: autoDraw = False
957.5368 	EXP 	text: text = 'Total points : 348.6'
963.0486 	EXP 	text: text = 'Press and hold [SPACE] to report the duration of the stimulus'
963.0486 	EXP 	text: autoDraw = True
963.6879 	DATA 	Keypress: space
963.6888 	EXP 	text: autoDraw = False
964.3823 	WARNING 	Stopping key buffers but this could be dangerous ifother keyboards rely on the same.
964.3955 	EXP 	text: text = 'You earned 7.7 out of 10 points in this round.\n\n Press [SPACE] to advance'
964.3955 	EXP 	text: autoDraw = True
965.1437 	DATA 	Keypress: space
965.1448 	EXP 	text: autoDraw = False
965.1535 	EXP 	text: text = 'Total points : 356.3'
970.9051 	EXP 	text: text = 'Press and hold [SPACE] to report the duration of the stimulus'
970.9051 	EXP 	text: autoDraw = True
971.4559 	DATA 	Keypress: space
971.4569 	EXP 	text: autoDraw = False
972.5537 	WARNING 	Stopping key buffers but this could be dangerous ifother keyboards rely on the same.
972.5701 	EXP 	text: text = 'Total points : 356.3'
972.5701 	EXP 	text: text = 'Your response exceeded the actual time.\n\n Press [SPACE] to advance'
972.5701 	EXP 	text: autoDraw = True
973.1677 	DATA 	Keypress: space
973.1686 	EXP 	text: autoDraw = False
979.3907 	EXP 	text: text = 'Press and hold [SPACE] to report the duration of the stimulus'
979.3907 	EXP 	text: autoDraw = True
980.2639 	DATA 	Keypress: space
980.2650 	EXP 	text: autoDraw = False
981.3703 	WARNING 	Stopping key buffers but this could be dangerous ifother keyboards rely on the same.
981.3868 	EXP 	text: text = 'Total points : 356.3'
981.3868 	EXP 	text: text = 'Your response exceeded the actual time.\n\n Press [SPACE] to advance'
981.3868 	EXP 	text: autoDraw = True
982.7117 	DATA 	Keypress: space
982.7128 	EXP 	text: autoDraw = False
983.6877 	DATA 	Keypress: space
989.8981 	EXP 	text: text = 'Press and hold [SPACE] to report the duration of the stimulus'
989.8981 	EXP 	text: autoDraw = True
990.5518 	DATA 	Keypress: space
990.5529 	EXP 	text: autoDraw = False
991.5742 	WARNING 	Stopping key buffers but this could be dangerous ifother keyboards rely on the same.
991.5874 	EXP 	text: text = 'You earned 5.0 out of 10 points in this round.\n\n Press [SPACE] to advance'
991.5874 	EXP 	text: autoDraw = True
992.7276 	DATA 	Keypress: space
992.7286 	EXP 	text: autoDraw = False
992.7368 	EXP 	text: text = 'Total points : 361.3'
998.4898 	EXP 	text: text = 'Press and hold [SPACE] to report the duration of the stimulus'
998.4898 	EXP 	text: autoDraw = True
999.0559 	DATA 	Keypress: space
999.0569 	EXP 	text: autoDraw = False
1000.1703 	WARNING 	Stopping key buffers but this could be dangerous ifother keyboards rely on the same.
1000.1868 	EXP 	text: text = 'Total points : 361.3'
1000.1868 	EXP 	text: text = 'Your response exceeded the actual time.\n\n Press [SPACE] to advance'
1000.1868 	EXP 	text: autoDraw = True
1000.7597 	DATA 	Keypress: space
1000.7608 	EXP 	text: autoDraw = False
1008.3977 	EXP 	text: text = 'Press and hold [SPACE] to report the duration of the stimulus'
1008.3977 	EXP 	text: autoDraw = True
1008.9998 	DATA 	Keypress: space
1009.0009 	EXP 	text: autoDraw = False
1010.0036 	WARNING 	Stopping key buffers but this could be dangerous ifother keyboards rely on the same.
1010.0368 	EXP 	text: text = 'You earned 3.3 out of 10 points in this round.\n\n Press [SPACE] to advance'
1010.0368 	EXP 	text: autoDraw = True
1013.0877 	DATA 	Keypress: space
1013.0888 	EXP 	text: autoDraw = False
1013.1035 	EXP 	text: text = 'Total points : 364.6'
1020.5053 	EXP 	text: text = 'Press and hold [SPACE] to report the duration of the stimulus'
1020.5053 	EXP 	text: autoDraw = True
1020.8718 	DATA 	Keypress: space
1020.8728 	EXP 	text: autoDraw = False
1022.1022 	WARNING 	Stopping key buffers but this could be dangerous ifother keyboards rely on the same.
1022.1202 	EXP 	text: text = 'You earned 6.5 out of 10 points in this round.\n\n Press [SPACE] to advance'
1022.1202 	EXP 	text: autoDraw = True
1023.1356 	DATA 	Keypress: space
1023.1367 	EXP 	text: autoDraw = False
1023.1535 	EXP 	text: text = 'Total points : 371.1'
1030.3142 	EXP 	text: text = 'Press and hold [SPACE] to report the duration of the stimulus'
1030.3142 	EXP 	text: autoDraw = True
1030.7678 	DATA 	Keypress: space
1030.7690 	EXP 	text: autoDraw = False
1031.8702 	WARNING 	Stopping key buffers but this could be dangerous ifother keyboards rely on the same.
1031.8868 	EXP 	text: text = 'You earned 5.8 out of 10 points in this round.\n\n Press [SPACE] to advance'
1031.8868 	EXP 	text: autoDraw = True
1032.8718 	DATA 	Keypress: space
1032.8728 	EXP 	text: autoDraw = False
1032.8867 	EXP 	text: text = 'Total points : 376.9'
1038.8471 	EXP 	text: text = 'Press and hold [SPACE] to report the duration of the stimulus'
1038.8471 	EXP 	text: autoDraw = True
1039.2957 	DATA 	Keypress: space
1039.2968 	EXP 	text: autoDraw = False
1039.9102 	WARNING 	Stopping key buffers but this could be dangerous ifother keyboards rely on the same.
1039.9239 	EXP 	text: text = 'You earned 4.9 out of 10 points in this round.\n\n Press [SPACE] to advance'
1039.9239 	EXP 	text: autoDraw = True
1040.8157 	DATA 	Keypress: space
1040.8166 	EXP 	text: autoDraw = False
1040.8219 	EXP 	text: text = 'Total points : 381.8'
1047.2314 	EXP 	text: text = 'Press and hold [SPACE] to report the duration of the stimulus'
1047.2314 	EXP 	text: autoDraw = True
1047.8718 	DATA 	Keypress: space
1047.8729 	EXP 	text: autoDraw = False
1048.8462 	WARNING 	Stopping key buffers but this could be dangerous ifother keyboards rely on the same.
1048.8595 	EXP 	text: text = 'You earned 7.4 out of 10 points in this round.\n\n Press [SPACE] to advance'
1048.8595 	EXP 	text: autoDraw = True
1049.8717 	DATA 	Keypress: space
1049.8726 	EXP 	text: autoDraw = False
1049.8868 	EXP 	text: text = 'Total points : 389.2'
1056.2981 	EXP 	text: text = 'Press and hold [SPACE] to report the duration of the stimulus'
1056.2981 	EXP 	text: autoDraw = True
1056.9759 	DATA 	Keypress: space
1056.9769 	EXP 	text: autoDraw = False
1058.0870 	WARNING 	Stopping key buffers but this could be dangerous ifother keyboards rely on the same.
1058.1200 	EXP 	text: text = 'You earned 9.4 out of 10 points in this round.\n\n Press [SPACE] to advance'
1058.1200 	EXP 	text: autoDraw = True
1059.3116 	DATA 	Keypress: space
1059.3126 	EXP 	text: autoDraw = False
1059.3202 	EXP 	text: text = 'Total points : 398.6'
1065.0722 	EXP 	text: text = 'Press and hold [SPACE] to report the duration of the stimulus'
1065.0722 	EXP 	text: autoDraw = True
1065.9917 	DATA 	Keypress: space
1065.9928 	EXP 	text: autoDraw = False
1067.1037 	WARNING 	Stopping key buffers but this could be dangerous ifother keyboards rely on the same.
1067.1202 	EXP 	text: text = 'Total points : 398.6'
1067.1202 	EXP 	text: text = 'Your response exceeded the actual time.\n\n Press [SPACE] to advance'
1067.1202 	EXP 	text: autoDraw = True
1068.0077 	DATA 	Keypress: space
1068.0088 	EXP 	text: autoDraw = False
1074.2388 	EXP 	text: text = 'Press and hold [SPACE] to report the duration of the stimulus'
1074.2388 	EXP 	text: autoDraw = True
1075.2159 	DATA 	Keypress: space
1075.2170 	EXP 	text: autoDraw = False
1076.3036 	WARNING 	Stopping key buffers but this could be dangerous ifother keyboards rely on the same.
1076.3202 	EXP 	text: text = 'Total points : 398.6'
1076.3202 	EXP 	text: text = 'Your response exceeded the actual time.\n\n Press [SPACE] to advance'
1076.3202 	EXP 	text: autoDraw = True
1077.4077 	DATA 	Keypress: space
1077.4086 	EXP 	text: autoDraw = False
1083.6396 	EXP 	text: text = 'Press and hold [SPACE] to report the duration of the stimulus'
1083.6396 	EXP 	text: autoDraw = True
1084.6957 	DATA 	Keypress: space
1084.6967 	EXP 	text: autoDraw = False
1085.7536 	WARNING 	Stopping key buffers but this could be dangerous ifother keyboards rely on the same.
1085.7868 	EXP 	text: text = 'You earned 9.6 out of 10 points in this round.\n\n Press [SPACE] to advance'
1085.7868 	EXP 	text: autoDraw = True
1086.7357 	DATA 	Keypress: space
1086.7367 	EXP 	text: autoDraw = False
1086.7535 	EXP 	text: text = 'Total points : 408.2'
1093.1647 	EXP 	text: text = 'Press and hold [SPACE] to report the duration of the stimulus'
1093.1647 	EXP 	text: autoDraw = True
1094.0239 	DATA 	Keypress: space
1094.0250 	EXP 	text: autoDraw = False
1095.1502 	WARNING 	Stopping key buffers but this could be dangerous ifother keyboards rely on the same.
1095.1702 	EXP 	text: text = 'You earned 9.9 out of 10 points in this round.\n\n Press [SPACE] to advance'
1095.1702 	EXP 	text: autoDraw = True
1096.8317 	DATA 	Keypress: space
1096.8326 	EXP 	text: autoDraw = False
1096.8383 	EXP 	text: text = 'Total points : 418.1'
1104.4483 	EXP 	text: text = 'Press and hold [SPACE] to report the duration of the stimulus'
1104.4483 	EXP 	text: autoDraw = True
1105.7199 	DATA 	Keypress: space
1105.7210 	EXP 	text: autoDraw = False
1107.0782 	WARNING 	Stopping key buffers but this could be dangerous ifother keyboards rely on the same.
1107.0919 	EXP 	text: text = 'You earned 7.2 out of 10 points in this round.\n\n Press [SPACE] to advance'
1107.0919 	EXP 	text: autoDraw = True
1107.8156 	DATA 	Keypress: space
1107.8166 	EXP 	text: autoDraw = False
1107.8220 	EXP 	text: text = 'Total points : 425.3'
1113.3313 	EXP 	text: text = 'Press and hold [SPACE] to report the duration of the stimulus'
1113.3313 	EXP 	text: autoDraw = True
1113.9038 	DATA 	Keypress: space
1113.9049 	EXP 	text: autoDraw = False
1114.8370 	WARNING 	Stopping key buffers but this could be dangerous ifother keyboards rely on the same.
1114.8535 	EXP 	text: text = 'Total points : 425.3'
1114.8535 	EXP 	text: text = 'Your response exceeded the actual time.\n\n Press [SPACE] to advance'
1114.8535 	EXP 	text: autoDraw = True
1115.5277 	DATA 	Keypress: space
1115.5287 	EXP 	text: autoDraw = False
1120.8561 	EXP 	text: text = 'Press and hold [SPACE] to report the duration of the stimulus'
1120.8561 	EXP 	text: autoDraw = True
1121.4559 	DATA 	Keypress: space
1121.4568 	EXP 	text: autoDraw = False
1122.1822 	WARNING 	Stopping key buffers but this could be dangerous ifother keyboards rely on the same.
1122.1954 	EXP 	text: text = 'You earned 9.6 out of 10 points in this round.\n\n Press [SPACE] to advance'
1122.1954 	EXP 	text: autoDraw = True
1123.0716 	DATA 	Keypress: space
1123.0727 	EXP 	text: autoDraw = False
1123.0868 	EXP 	text: text = 'Total points : 434.9'
1130.6978 	EXP 	text: text = 'Press and hold [SPACE] to report the duration of the stimulus'
1130.6978 	EXP 	text: autoDraw = True
1132.0800 	DATA 	Keypress: space
1132.0811 	EXP 	text: autoDraw = False
1133.3582 	WARNING 	Stopping key buffers but this could be dangerous ifother keyboards rely on the same.
1133.3716 	EXP 	text: text = 'You earned 6.1 out of 10 points in this round.\n\n Press [SPACE] to advance'
1133.3716 	EXP 	text: autoDraw = True
1134.4716 	DATA 	Keypress: space
1134.4727 	EXP 	text: autoDraw = False
1134.4867 	EXP 	text: text = 'Total points : 441.0'
1141.2898 	EXP 	text: text = 'Press and hold [SPACE] to report the duration of the stimulus'
1141.2898 	EXP 	text: autoDraw = True
1142.4160 	DATA 	Keypress: space
1142.4171 	EXP 	text: autoDraw = False
1143.4142 	WARNING 	Stopping key buffers but this could be dangerous ifother keyboards rely on the same.
1143.4276 	EXP 	text: text = 'You earned 6.1 out of 10 points in this round.\n\n Press [SPACE] to advance'
1143.4276 	EXP 	text: autoDraw = True
1144.1917 	DATA 	Keypress: space
1144.1926 	EXP 	text: autoDraw = False
1144.2035 	EXP 	text: text = 'Total points : 447.1'
1149.9567 	EXP 	text: text = 'Press and hold [SPACE] to report the duration of the stimulus'
1149.9567 	EXP 	text: autoDraw = True
1150.9757 	DATA 	Keypress: space
1150.9768 	EXP 	text: autoDraw = False
1151.8203 	WARNING 	Stopping key buffers but this could be dangerous ifother keyboards rely on the same.
1151.8535 	EXP 	text: text = 'You earned 8.6 out of 10 points in this round.\n\n Press [SPACE] to advance'
1151.8535 	EXP 	text: autoDraw = True
1152.8317 	DATA 	Keypress: space
1152.8327 	EXP 	text: autoDraw = False
1152.8381 	EXP 	text: text = 'Total points : 455.7'
1158.7977 	EXP 	text: text = 'Press and hold [SPACE] to report the duration of the stimulus'
1158.7977 	EXP 	text: autoDraw = True
1159.7598 	DATA 	Keypress: space
1159.7608 	EXP 	text: autoDraw = False
1160.8203 	WARNING 	Stopping key buffers but this could be dangerous ifother keyboards rely on the same.
1160.8368 	EXP 	text: text = 'Total points : 455.7'
1160.8368 	EXP 	text: text = 'Your response exceeded the actual time.\n\n Press [SPACE] to advance'
1160.8368 	EXP 	text: autoDraw = True
1161.5356 	DATA 	Keypress: space
1161.5367 	EXP 	text: autoDraw = False
1168.3719 	EXP 	text: text = 'Press and hold [SPACE] to report the duration of the stimulus'
1168.3719 	EXP 	text: autoDraw = True
1169.7600 	DATA 	Keypress: space
1169.7611 	EXP 	text: autoDraw = False
1170.9421 	WARNING 	Stopping key buffers but this could be dangerous ifother keyboards rely on the same.
1170.9557 	EXP 	text: text = 'You earned 8.8 out of 10 points in this round.\n\n Press [SPACE] to advance'
1170.9557 	EXP 	text: autoDraw = True
1171.8796 	DATA 	Keypress: space
1171.8805 	EXP 	text: autoDraw = False
1171.8868 	EXP 	text: text = 'Total points : 464.5'
1178.0897 	EXP 	text: text = 'Press and hold [SPACE] to report the duration of the stimulus'
1178.0897 	EXP 	text: autoDraw = True
1179.3198 	DATA 	Keypress: space
1179.3209 	EXP 	text: autoDraw = False
1180.4203 	WARNING 	Stopping key buffers but this could be dangerous ifother keyboards rely on the same.
1180.4368 	EXP 	text: text = 'Total points : 464.5'
1180.4368 	EXP 	text: text = 'Your response exceeded the actual time.\n\n Press [SPACE] to advance'
1180.4368 	EXP 	text: autoDraw = True
1181.2556 	DATA 	Keypress: space
1181.2567 	EXP 	text: autoDraw = False
1186.7983 	EXP 	text: text = 'Press and hold [SPACE] to report the duration of the stimulus'
1186.7983 	EXP 	text: autoDraw = True
1187.7119 	DATA 	Keypress: space
1187.7129 	EXP 	text: autoDraw = False
1188.5369 	WARNING 	Stopping key buffers but this could be dangerous ifother keyboards rely on the same.
1188.5701 	EXP 	text: text = 'You earned 9.7 out of 10 points in this round.\n\n Press [SPACE] to advance'
1188.5701 	EXP 	text: autoDraw = True
1190.8076 	DATA 	Keypress: space
1190.8086 	EXP 	text: autoDraw = False
1190.8201 	EXP 	text: text = 'Total points : 474.2'
1197.0222 	EXP 	text: text = 'Press and hold [SPACE] to report the duration of the stimulus'
1197.0222 	EXP 	text: autoDraw = True
1198.2720 	DATA 	Keypress: space
1198.2731 	EXP 	text: autoDraw = False
1199.4036 	WARNING 	Stopping key buffers but this could be dangerous ifother keyboards rely on the same.
1199.4202 	EXP 	text: text = 'Total points : 474.2'
1199.4202 	EXP 	text: text = 'Your response exceeded the actual time.\n\n Press [SPACE] to advance'
1199.4202 	EXP 	text: autoDraw = True
1199.9997 	DATA 	Keypress: space
1200.0006 	EXP 	text: autoDraw = False
1207.6311 	EXP 	text: text = 'Press and hold [SPACE] to report the duration of the stimulus'
1207.6311 	EXP 	text: autoDraw = True
1208.5678 	DATA 	Keypress: space
1208.5689 	EXP 	text: autoDraw = False
1209.7502 	WARNING 	Stopping key buffers but this could be dangerous ifother keyboards rely on the same.
1209.7702 	EXP 	text: text = 'You earned 5.1 out of 10 points in this round.\n\n Press [SPACE] to advance'
1209.7702 	EXP 	text: autoDraw = True
1210.7037 	DATA 	Keypress: space
1210.7046 	EXP 	text: autoDraw = False
1210.7202 	EXP 	text: text = 'Total points : 479.3'
1218.1230 	EXP 	text: text = 'Press and hold [SPACE] to report the duration of the stimulus'
1218.1230 	EXP 	text: autoDraw = True
1219.1919 	DATA 	Keypress: space
1219.1930 	EXP 	text: autoDraw = False
1220.3742 	WARNING 	Stopping key buffers but this could be dangerous ifother keyboards rely on the same.
1220.3877 	EXP 	text: text = 'You earned 5.9 out of 10 points in this round.\n\n Press [SPACE] to advance'
1220.3877 	EXP 	text: autoDraw = True
1221.4637 	DATA 	Keypress: space
1221.4646 	EXP 	text: autoDraw = False
1221.4700 	EXP 	text: text = 'Total points : 485.2'
1227.2234 	EXP 	text: text = 'Press and hold [SPACE] to report the duration of the stimulus'
1227.2234 	EXP 	text: autoDraw = True
1228.2317 	DATA 	Keypress: space
1228.2329 	EXP 	text: autoDraw = False
1229.3370 	WARNING 	Stopping key buffers but this could be dangerous ifother keyboards rely on the same.
1229.3535 	EXP 	text: text = 'Total points : 485.2'
1229.3535 	EXP 	text: text = 'Your response exceeded the actual time.\n\n Press [SPACE] to advance'
1229.3535 	EXP 	text: autoDraw = True
1229.9036 	DATA 	Keypress: space
1229.9047 	EXP 	text: autoDraw = False
1237.3397 	EXP 	text: text = 'Press and hold [SPACE] to report the duration of the stimulus'
1237.3397 	EXP 	text: autoDraw = True
1238.6079 	DATA 	Keypress: space
1238.6089 	EXP 	text: autoDraw = False
1239.9582 	WARNING 	Stopping key buffers but this could be dangerous ifother keyboards rely on the same.
1239.9719 	EXP 	text: text = 'You earned 8.2 out of 10 points in this round.\n\n Press [SPACE] to advance'
1239.9719 	EXP 	text: autoDraw = True
1240.8157 	DATA 	Keypress: space
1240.8166 	EXP 	text: autoDraw = False
1240.8220 	EXP 	text: text = 'Total points : 493.4'
1247.9811 	EXP 	text: text = 'Press and hold [SPACE] to report the duration of the stimulus'
1247.9811 	EXP 	text: autoDraw = True
1248.4558 	DATA 	Keypress: space
1248.4569 	EXP 	text: autoDraw = False
1249.5582 	WARNING 	Stopping key buffers but this could be dangerous ifother keyboards rely on the same.
1249.5716 	EXP 	text: text = 'You earned 5.8 out of 10 points in this round.\n\n Press [SPACE] to advance'
1249.5716 	EXP 	text: autoDraw = True
1250.8477 	DATA 	Keypress: space
1250.8488 	EXP 	text: autoDraw = False
1250.8542 	EXP 	text: text = 'Total points : 499.2'
1256.8148 	EXP 	text: text = 'Press and hold [SPACE] to report the duration of the stimulus'
1256.8148 	EXP 	text: autoDraw = True
1257.4238 	DATA 	Keypress: space
1257.4248 	EXP 	text: autoDraw = False
1258.6537 	WARNING 	Stopping key buffers but this could be dangerous ifother keyboards rely on the same.
1258.6702 	EXP 	text: text = 'Total points : 499.2'
1258.6702 	EXP 	text: text = 'Your response exceeded the actual time.\n\n Press [SPACE] to advance'
1258.6702 	EXP 	text: autoDraw = True
1259.1837 	DATA 	Keypress: space
1259.1847 	EXP 	text: autoDraw = False
1266.6062 	EXP 	text: text = 'Press and hold [SPACE] to report the duration of the stimulus'
1266.6062 	EXP 	text: autoDraw = True
1267.6958 	DATA 	Keypress: space
1267.6968 	EXP 	text: autoDraw = False
1268.6703 	WARNING 	Stopping key buffers but this could be dangerous ifother keyboards rely on the same.
1268.7035 	EXP 	text: text = 'You earned 3.7 out of 10 points in this round.\n\n Press [SPACE] to advance'
1268.7035 	EXP 	text: autoDraw = True
1269.9357 	DATA 	Keypress: space
1269.9368 	EXP 	text: autoDraw = False
1269.9535 	EXP 	text: text = 'Total points : 502.9'
1277.1147 	EXP 	text: text = 'Press and hold [SPACE] to report the duration of the stimulus'
1277.1147 	EXP 	text: autoDraw = True
1278.1678 	DATA 	Keypress: space
1278.1689 	EXP 	text: autoDraw = False
1279.2702 	WARNING 	Stopping key buffers but this could be dangerous ifother keyboards rely on the same.
1279.2868 	EXP 	text: text = 'You earned 5.8 out of 10 points in this round.\n\n Press [SPACE] to advance'
1279.2868 	EXP 	text: autoDraw = True
1280.0637 	DATA 	Keypress: space
1280.0646 	EXP 	text: autoDraw = False
1280.0700 	EXP 	text: text = 'Total points : 508.7'
1285.3730 	EXP 	text: text = 'Press and hold [SPACE] to report the duration of the stimulus'
1285.3730 	EXP 	text: autoDraw = True
1286.4559 	DATA 	Keypress: space
1286.4571 	EXP 	text: autoDraw = False
1287.0703 	WARNING 	Stopping key buffers but this could be dangerous ifother keyboards rely on the same.
1287.1035 	EXP 	text: text = 'You earned 7.3 out of 10 points in this round.\n\n Press [SPACE] to advance'
1287.1035 	EXP 	text: autoDraw = True
1288.0877 	DATA 	Keypress: space
1288.0888 	EXP 	text: autoDraw = False
1288.1035 	EXP 	text: text = 'Total points : 516.0'
1294.0648 	EXP 	text: text = 'Press and hold [SPACE] to report the duration of the stimulus'
1294.0648 	EXP 	text: autoDraw = True
1295.0319 	DATA 	Keypress: space
1295.0329 	EXP 	text: autoDraw = False
1296.0062 	WARNING 	Stopping key buffers but this could be dangerous ifother keyboards rely on the same.
1296.0198 	EXP 	text: text = 'You earned 10.0 out of 10 points in this round.\n\n Press [SPACE] to advance'
1296.0198 	EXP 	text: autoDraw = True
1297.8076 	DATA 	Keypress: space
1297.8087 	EXP 	text: autoDraw = False
1297.8202 	EXP 	text: text = 'Total points : 526.0'
1304.2299 	EXP 	text: text = 'Press and hold [SPACE] to report the duration of the stimulus'
1304.2299 	EXP 	text: autoDraw = True
1305.2637 	DATA 	Keypress: space
1305.2647 	EXP 	text: autoDraw = False
1306.2870 	WARNING 	Stopping key buffers but this could be dangerous ifother keyboards rely on the same.
1306.3202 	EXP 	text: text = 'You earned 7.8 out of 10 points in this round.\n\n Press [SPACE] to advance'
1306.3202 	EXP 	text: autoDraw = True
1307.2716 	DATA 	Keypress: space
1307.2725 	EXP 	text: autoDraw = False
1307.2868 	EXP 	text: text = 'Total points : 533.8'
1314.6896 	EXP 	text: text = 'Press and hold [SPACE] to report the duration of the stimulus'
1314.6896 	EXP 	text: autoDraw = True
1315.5919 	DATA 	Keypress: space
1315.5929 	EXP 	text: autoDraw = False
1316.7102 	WARNING 	Stopping key buffers but this could be dangerous ifother keyboards rely on the same.
1316.7237 	EXP 	text: text = 'You earned 5.2 out of 10 points in this round.\n\n Press [SPACE] to advance'
1316.7237 	EXP 	text: autoDraw = True
1318.5198 	DATA 	Keypress: space
1318.5207 	EXP 	text: autoDraw = False
1318.5368 	EXP 	text: text = 'Total points : 539.0'
1323.8390 	EXP 	text: text = 'Press and hold [SPACE] to report the duration of the stimulus'
1323.8390 	EXP 	text: autoDraw = True
1324.7918 	DATA 	Keypress: space
1324.7929 	EXP 	text: autoDraw = False
1325.6203 	WARNING 	Stopping key buffers but this could be dangerous ifother keyboards rely on the same.
1325.6368 	EXP 	text: text = 'Total points : 539.0'
1325.6368 	EXP 	text: text = 'Your response exceeded the actual time.\n\n Press [SPACE] to advance'
1325.6368 	EXP 	text: autoDraw = True
1326.3756 	DATA 	Keypress: space
1326.3766 	EXP 	text: autoDraw = False
1333.5640 	EXP 	text: text = 'Press and hold [SPACE] to report the duration of the stimulus'
1333.5640 	EXP 	text: autoDraw = True
1334.4077 	DATA 	Keypress: space
1334.4087 	EXP 	text: autoDraw = False
1335.4204 	WARNING 	Stopping key buffers but this could be dangerous ifother keyboards rely on the same.
1335.4535 	EXP 	text: text = 'You earned 4.6 out of 10 points in this round.\n\n Press [SPACE] to advance'
1335.4535 	EXP 	text: autoDraw = True
1336.2483 	DATA 	Keypress: space
1336.2499 	EXP 	text: autoDraw = False
1336.2587 	EXP 	text: text = 'Total points : 543.6'
1341.7808 	EXP 	text: text = 'Press and hold [SPACE] to report the duration of the stimulus'
1341.7808 	EXP 	text: autoDraw = True
1342.5758 	DATA 	Keypress: space
1342.5769 	EXP 	text: autoDraw = False
1343.5203 	WARNING 	Stopping key buffers but this could be dangerous ifother keyboards rely on the same.
1343.5368 	EXP 	text: text = 'Total points : 543.6'
1343.5368 	EXP 	text: text = 'Your response exceeded the actual time.\n\n Press [SPACE] to advance'
1343.5368 	EXP 	text: autoDraw = True
1344.0077 	DATA 	Keypress: space
1344.0087 	EXP 	text: autoDraw = False
1350.4482 	EXP 	text: text = 'Press and hold [SPACE] to report the duration of the stimulus'
1350.4482 	EXP 	text: autoDraw = True
1351.3839 	DATA 	Keypress: space
1351.3850 	EXP 	text: autoDraw = False
1352.4062 	WARNING 	Stopping key buffers but this could be dangerous ifother keyboards rely on the same.
1352.4201 	EXP 	text: text = 'You earned 8.2 out of 10 points in this round.\n\n Press [SPACE] to advance'
1352.4201 	EXP 	text: autoDraw = True
1353.2797 	DATA 	Keypress: space
1353.2807 	EXP 	text: autoDraw = False
1353.2868 	EXP 	text: text = 'Total points : 551.8'
1358.5898 	EXP 	text: text = 'Press and hold [SPACE] to report the duration of the stimulus'
1358.5898 	EXP 	text: autoDraw = True
1359.5038 	DATA 	Keypress: space
1359.5049 	EXP 	text: autoDraw = False
1360.1582 	WARNING 	Stopping key buffers but this could be dangerous ifother keyboards rely on the same.
1360.1719 	EXP 	text: text = 'You earned 8.3 out of 10 points in this round.\n\n Press [SPACE] to advance'
1360.1719 	EXP 	text: autoDraw = True
1360.9677 	DATA 	Keypress: space
1360.9686 	EXP 	text: autoDraw = False
1360.9741 	EXP 	text: text = 'Total points : 560.1'
1366.2799 	EXP 	text: text = 'Press and hold [SPACE] to report the duration of the stimulus'
1366.2799 	EXP 	text: autoDraw = True
1367.0157 	DATA 	Keypress: space
1367.0167 	EXP 	text: autoDraw = False
1367.8703 	WARNING 	Stopping key buffers but this could be dangerous ifother keyboards rely on the same.
1367.8868 	EXP 	text: text = 'Total points : 560.1'
1367.8868 	EXP 	text: text = 'Your response exceeded the actual time.\n\n Press [SPACE] to advance'
1367.8868 	EXP 	text: autoDraw = True
1368.4957 	DATA 	Keypress: space
1368.4967 	EXP 	text: autoDraw = False
1375.3226 	EXP 	text: text = 'Press and hold [SPACE] to report the duration of the stimulus'
1375.3226 	EXP 	text: autoDraw = True
1376.6239 	DATA 	Keypress: space
1376.6249 	EXP 	text: autoDraw = False
1377.5102 	WARNING 	Stopping key buffers but this could be dangerous ifother keyboards rely on the same.
1377.5234 	EXP 	text: text = 'You earned 4.8 out of 10 points in this round.\n\n Press [SPACE] to advance'
1377.5234 	EXP 	text: autoDraw = True
1378.4156 	DATA 	Keypress: space
1378.4166 	EXP 	text: autoDraw = False
1378.4221 	EXP 	text: text = 'Total points : 564.9'
1383.7216 	EXP 	text: text = 'Press and hold [SPACE] to report the duration of the stimulus'
1383.7216 	EXP 	text: autoDraw = True
1384.9918 	DATA 	Keypress: space
1384.9930 	EXP 	text: autoDraw = False
1385.8036 	WARNING 	Stopping key buffers but this could be dangerous ifother keyboards rely on the same.
1385.8202 	EXP 	text: text = 'Total points : 564.9'
1385.8202 	EXP 	text: text = 'Your response exceeded the actual time.\n\n Press [SPACE] to advance'
1385.8202 	EXP 	text: autoDraw = True
1386.4236 	DATA 	Keypress: space
1386.4246 	EXP 	text: autoDraw = False
1393.6147 	EXP 	text: text = 'Press and hold [SPACE] to report the duration of the stimulus'
1393.6147 	EXP 	text: autoDraw = True
1394.6718 	DATA 	Keypress: space
1394.6730 	EXP 	text: autoDraw = False
1395.5502 	WARNING 	Stopping key buffers but this could be dangerous ifother keyboards rely on the same.
1395.5702 	EXP 	text: text = 'You earned 3.7 out of 10 points in this round.\n\n Press [SPACE] to advance'
1395.5702 	EXP 	text: autoDraw = True
1398.2076 	DATA 	Keypress: space
1398.2087 	EXP 	text: autoDraw = False
1398.2202 	EXP 	text: text = 'Total points : 568.6'
1403.5228 	EXP 	text: text = 'Press and hold [SPACE] to report the duration of the stimulus'
1403.5228 	EXP 	text: autoDraw = True
1405.2477 	DATA 	Keypress: space
1405.2489 	EXP 	text: autoDraw = False
1406.0870 	WARNING 	Stopping key buffers but this could be dangerous ifother keyboards rely on the same.
1406.1035 	EXP 	text: text = 'Total points : 568.6'
1406.1035 	EXP 	text: text = 'Your response exceeded the actual time.\n\n Press [SPACE] to advance'
1406.1035 	EXP 	text: autoDraw = True
1406.9677 	DATA 	Keypress: space
1406.9686 	EXP 	text: autoDraw = False
1414.5982 	EXP 	text: text = 'Press and hold [SPACE] to report the duration of the stimulus'
1414.5982 	EXP 	text: autoDraw = True
1415.6959 	DATA 	Keypress: space
1415.6970 	EXP 	text: autoDraw = False
1417.0462 	WARNING 	Stopping key buffers but this could be dangerous ifother keyboards rely on the same.
1417.0597 	EXP 	text: text = 'You earned 7.1 out of 10 points in this round.\n\n Press [SPACE] to advance'
1417.0597 	EXP 	text: autoDraw = True
1418.2157 	DATA 	Keypress: space
1418.2166 	EXP 	text: autoDraw = False
1418.2221 	EXP 	text: text = 'Total points : 575.7'
1425.0234 	EXP 	text: text = 'Press and hold [SPACE] to report the duration of the stimulus'
1425.0234 	EXP 	text: autoDraw = True
1426.0877 	DATA 	Keypress: space
1426.0887 	EXP 	text: autoDraw = False
1427.1182 	WARNING 	Stopping key buffers but this could be dangerous ifother keyboards rely on the same.
1427.1367 	EXP 	text: text = 'You earned 6.5 out of 10 points in this round.\n\n Press [SPACE] to advance'
1427.1367 	EXP 	text: autoDraw = True
1428.1358 	DATA 	Keypress: space
1428.1369 	EXP 	text: autoDraw = False
1428.1416 	INFO 	Finishing at 14:20 on 02 Oct 2019
1428.4048 	EXP 	window1: mouseVisible = True
