24.8787 	INFO 	Successfully set darwin thread to realtime
25.8862 	INFO 	#[ PsychoPy3 RuntimeInfoStart ]
  #[[ PsychoPy ]] #---------
    psychopyVersion: 3.0.3
    psychopyHaveExtRush: True
  #[[ Experiment ]] #---------
    experimentRunTime: 2019_03_07 19:30 (Year_Month_Day Hour:Min)
    experimentRunTime.epoch: 1552005037
    experimentScript: RSVP_visual_now.py
    experimentScript.digestSHA1: dd7d21cf288769f2a59d589935b9da138706f234
    experimentScript.directory: /Users/vsg/Documents/GitHub/spatio_temporal_information_processing/RSVP_visual_now
  #[[ System ]] #---------
    systemHaveInternetAccess: True
    systemHostName: VSG-lab1.local
    systemLocale: C
    systemMemFreeRAM: 1320.953125
    systemMemTotalRAM: 4096.0
    systemPlatform: darwin 10.10.5 x86_64
    systemRavailable: R version 3.2.3 (2015-12-10) -- Wooden Christmas-Tree
    systemRebooted: Mar 4 09:06
    systemSec.OpenSSLVersion: OpenSSL 0.9.8zg 14 July 2015
    systemSec.pythonSSL: True
    systemTimeNumpySD1000000_sec: 0.0130
    systemUser: vsg
    systemUserID: 502
    systemUserProcCount: 96
    systemUserProcFlagged: mdworker Safari
    systemUsersCount: 1
  #[[ Window ]] #---------
    windowWinType: pyglet
    windowUnits: deg
    windowSize_pix: [1920 1200]
    windowScreen: 0
    windowRgb: [-0.7 -0.7 -0.7]
    windowRefreshTimeSD_ms: 0.066
    windowRefreshTimeMedian_ms: 16.702
    windowRefreshTimeAvg_ms: 16.702
    windowPos_pix: [0, 0]
    windowMonitor.name: testmonitor
    windowMonitor.getWidth_cm: 52.0
    windowMonitor.getDistance_cm: 65.0
    windowMonitor.currentCalibName: 2019_02_04 12:46
    windowIsFullScr: True
  #[[ Python ]] #---------
    pythonVersion: 2.7.13
  #[[ OpenGL ]] #---------
#[ PsychoPy3 RuntimeInfoEnd ]

25.9094 	WARNING 	Could not load the desired click sound file, instead using manually created inferior click
26.3434 	EXP 	Created sequence: random, trialTypes=280, nReps=14, seed=None
26.6305 	INFO 	total SOA (ISI + letterDur)=100.0 or 6 frames, comprising
ISIframes =3 or 50.0 ms and letterDurFrames =3 or 50.0ms
cueDurFrames =3.0 or 50.0 ms

26.6305 	INFO 	numtrials=280 and each trialDurFrames=156 or 2600.0 ms  task=T1
27.7356 	EXP 	Created text = TextStim(alignHoriz='center', alignVert='center', antialias=True, autoLog=True, bold=False, color=array([ 1.,  1.,  1.]), colorSpace='rgb', contrast=1.0, depth=-1.0, flipHoriz=False, flipVert=False, font='Arial', fontFiles=[], height=0.5, italic=False, languageStyle='LTR', name='text', opacity=1.0, ori=0, pos=array([ 0.,  0.]), rgb=array([ 1.,  1.,  1.]), text='', units='deg', win=Window(...), wrapWidth=30)
28.6373 	EXP 	text: text = "Welcome! Thank you for agreeing to participate in this study.\n\nYou will be presented with a Rapid Stream of letters. Your task is to identify one of the letters.\n\nThe letter you're supposed to identify is accompanied by a probe that can appear anywhere on the horizontal axis of the screen.\n\nThe probe is a circular disk that will be flashed for a very brief time.\n\nThis probe is embedded in another Rapid Stream of letters.\n\nYour task is identify the foveal letter that was present when the probe appeared.\n\nOnce you've identified the letter after the trial ends, type it out on the keyboard.\n\nOh! And one more thing! You will perform this task while fixating in the center, and detecting the probe with your peripheral vision.\n\nIf you're feeling uncomfortable, you can press ESC key any time to stop the experiment.\n\nPress any key when you are ready to begin the experiment.\n\n"
28.6373 	EXP 	text: autoDraw = True
191.1236 	DATA 	Keypress: return
191.1246 	EXP 	text: autoDraw = False
191.1250 	INFO 	Experiment will have 280 trials. Letters will be drawn with superposed noise of0.00%
191.1250 	INFO 	Starting main (non-staircase) part of experiment
194.8127 	EXP 	window1: recordFrameIntervals = False
197.5713 	DATA 	Keypress: u
201.5627 	EXP 	window1: recordFrameIntervals = False
202.8180 	DATA 	Keypress: d
207.0918 	EXP 	window1: recordFrameIntervals = False
208.4968 	DATA 	Keypress: q
212.8213 	EXP 	window1: recordFrameIntervals = False
213.8919 	DATA 	Keypress: s
218.0162 	EXP 	window1: recordFrameIntervals = False
219.2036 	DATA 	Keypress: h
223.4283 	EXP 	window1: recordFrameIntervals = False
224.5323 	DATA 	Keypress: d
228.7910 	EXP 	window1: recordFrameIntervals = False
228.7916 	ERROR 	trialnum=6 ERROR,2 frames were longer than 20.8 ms apparently screen refreshes skipped, interframe durs were:[ 68.8  67.3] and was these frames: [149 154]
228.7919 	INFO 	flankers also=[ 13.5  68.8   2.6   7.3  67.3]
229.7439 	DATA 	Keypress: m
233.7998 	EXP 	window1: recordFrameIntervals = False
235.1211 	DATA 	Keypress: b
239.0951 	EXP 	window1: recordFrameIntervals = False
239.0955 	ERROR 	trialnum=8 ERROR,1 frames were longer than 20.8 ms apparently screen refreshes skipped, interframe durs were:[ 67.1] and was these frames: [147]
239.0960 	INFO 	flankers also=[ 16.8  67.1  16.5]
241.0696 	DATA 	Keypress: k
245.1602 	EXP 	window1: recordFrameIntervals = False
247.8844 	DATA 	Keypress: g
252.2260 	EXP 	window1: recordFrameIntervals = False
253.9313 	DATA 	Keypress: m
258.0223 	EXP 	window1: recordFrameIntervals = False
259.8614 	DATA 	Keypress: i
264.0357 	EXP 	window1: recordFrameIntervals = False
265.1230 	DATA 	Keypress: u
269.0303 	EXP 	window1: recordFrameIntervals = False
270.2177 	DATA 	Keypress: d
274.4574 	EXP 	window1: recordFrameIntervals = False
275.5614 	DATA 	Keypress: s
279.5020 	EXP 	window1: recordFrameIntervals = False
280.9251 	DATA 	Keypress: j
284.8991 	EXP 	window1: recordFrameIntervals = False
286.7714 	DATA 	Keypress: a
290.7288 	EXP 	window1: recordFrameIntervals = False
291.6658 	DATA 	Keypress: a
295.9906 	EXP 	window1: recordFrameIntervals = False
297.0277 	DATA 	Keypress: h
301.3693 	EXP 	window1: recordFrameIntervals = False
301.3698 	ERROR 	trialnum=19 ERROR,2 frames were longer than 20.8 ms apparently screen refreshes skipped, interframe durs were:[ 67.3  67.3] and was these frames: [46 58]
301.3703 	INFO 	flankers also=[ 16.6  67.3  17.9  16.8  67.3  17.3]
302.4233 	DATA 	Keypress: c
306.3304 	EXP 	window1: recordFrameIntervals = False
307.5178 	DATA 	Keypress: o
311.6072 	EXP 	window1: recordFrameIntervals = False
311.6076 	ERROR 	trialnum=21 ERROR,2 frames were longer than 20.8 ms apparently screen refreshes skipped, interframe durs were:[ 42.5  67.1] and was these frames: [  5 104]
311.6080 	INFO 	flankers also=[ 16.5  42.5   2.4  16.8  67.1  16.6]
312.6610 	DATA 	Keypress: p
316.8355 	EXP 	window1: recordFrameIntervals = False
317.8728 	DATA 	Keypress: b
322.2326 	EXP 	window1: recordFrameIntervals = False
323.2698 	DATA 	Keypress: p
327.3774 	EXP 	window1: recordFrameIntervals = False
328.9326 	DATA 	Keypress: s
333.3074 	EXP 	window1: recordFrameIntervals = False
334.9126 	DATA 	Keypress: k
339.2707 	EXP 	window1: recordFrameIntervals = False
340.3412 	DATA 	Keypress: d
344.2486 	EXP 	window1: recordFrameIntervals = False
345.4360 	DATA 	Keypress: j
349.6606 	EXP 	window1: recordFrameIntervals = False
350.7645 	DATA 	Keypress: f
354.7036 	EXP 	window1: recordFrameIntervals = False
355.8909 	DATA 	Keypress: a
360.2523 	EXP 	window1: recordFrameIntervals = False
360.2527 	ERROR 	trialnum=30 ERROR,1 frames were longer than 20.8 ms apparently screen refreshes skipped, interframe durs were:[ 67.2] and was these frames: [152]
360.2530 	INFO 	flankers also=[ 16.7  67.2  16.4]
363.8607 	DATA 	Keypress: q
367.9348 	EXP 	window1: recordFrameIntervals = False
368.7380 	DATA 	Keypress: e
373.0463 	EXP 	window1: recordFrameIntervals = False
374.0666 	DATA 	Keypress: g
378.1076 	EXP 	window1: recordFrameIntervals = False
379.0278 	DATA 	Keypress: i
383.1856 	EXP 	window1: recordFrameIntervals = False
384.3397 	DATA 	Keypress: s
388.6644 	EXP 	window1: recordFrameIntervals = False
391.7896 	DATA 	Keypress: g
395.7804 	EXP 	window1: recordFrameIntervals = False
396.7674 	DATA 	Keypress: e
400.7231 	EXP 	window1: recordFrameIntervals = False
400.7236 	ERROR 	trialnum=37 ERROR,2 frames were longer than 20.8 ms apparently screen refreshes skipped, interframe durs were:[ 68.7  67.9] and was these frames: [53 58]
400.7240 	INFO 	flankers also=[ 16.8  68.7   2.9   5.5  67.9  17.2]
401.9618 	DATA 	Keypress: f
406.0517 	EXP 	window1: recordFrameIntervals = False
406.9401 	DATA 	Keypress: m
410.8809 	EXP 	window1: recordFrameIntervals = False
410.8813 	ERROR 	trialnum=39 ERROR,1 frames were longer than 20.8 ms apparently screen refreshes skipped, interframe durs were:[ 67.2] and was these frames: [147]
410.8816 	INFO 	flankers also=[ 16.9  67.2  16.3]
411.9346 	DATA 	Keypress: w
416.2929 	EXP 	window1: recordFrameIntervals = False
417.4637 	DATA 	Keypress: t
421.3543 	EXP 	window1: recordFrameIntervals = False
421.3547 	ERROR 	trialnum=41 ERROR,1 frames were longer than 20.8 ms apparently screen refreshes skipped, interframe durs were:[ 67.3] and was these frames: [42]
421.3550 	INFO 	flankers also=[ 16.8  67.3  16.3]
422.6086 	DATA 	Keypress: b
426.9334 	EXP 	window1: recordFrameIntervals = False
428.1210 	DATA 	Keypress: z
432.1284 	EXP 	window1: recordFrameIntervals = False
433.1322 	DATA 	Keypress: p
437.3217 	EXP 	window1: recordFrameIntervals = False
438.4924 	DATA 	Keypress: t
442.5500 	EXP 	window1: recordFrameIntervals = False
443.8060 	DATA 	Keypress: x
448.1308 	EXP 	window1: recordFrameIntervals = False
449.1346 	DATA 	Keypress: s
453.1588 	EXP 	window1: recordFrameIntervals = False
454.2460 	DATA 	Keypress: g
458.3370 	EXP 	window1: recordFrameIntervals = False
459.3239 	DATA 	Keypress: g
463.4317 	EXP 	window1: recordFrameIntervals = False
463.4321 	ERROR 	trialnum=49 ERROR,2 frames were longer than 20.8 ms apparently screen refreshes skipped, interframe durs were:[ 67.4  66.9] and was these frames: [2 8]
463.4325 	INFO 	flankers also=[ 16.4  67.4  16.2   8.3  66.9  16.3]
464.7361 	DATA 	Keypress: v
468.8939 	EXP 	window1: recordFrameIntervals = False
469.9978 	DATA 	Keypress: d
473.9202 	EXP 	window1: recordFrameIntervals = False
475.0910 	DATA 	Keypress: y
479.1987 	EXP 	window1: recordFrameIntervals = False
481.2898 	DATA 	Keypress: r
485.5646 	EXP 	window1: recordFrameIntervals = False
486.8022 	DATA 	Keypress: a
491.1436 	EXP 	window1: recordFrameIntervals = False
492.7320 	DATA 	Keypress: g
496.8397 	EXP 	window1: recordFrameIntervals = False
498.9125 	DATA 	Keypress: m
503.2875 	EXP 	window1: recordFrameIntervals = False
503.2879 	ERROR 	trialnum=56 ERROR,1 frames were longer than 20.8 ms apparently screen refreshes skipped, interframe durs were:[ 66.9] and was these frames: [4]
503.2882 	INFO 	flankers also=[  7.3  66.9  17.8]
504.4416 	DATA 	Keypress: x
508.7831 	EXP 	window1: recordFrameIntervals = False
509.6365 	DATA 	Keypress: a
513.5271 	EXP 	window1: recordFrameIntervals = False
514.6645 	DATA 	Keypress: s
518.8372 	EXP 	window1: recordFrameIntervals = False
519.7911 	DATA 	Keypress: k
523.8485 	EXP 	window1: recordFrameIntervals = False
524.8874 	DATA 	Keypress: j
528.9281 	EXP 	window1: recordFrameIntervals = False
530.2492 	DATA 	Keypress: m
534.1565 	EXP 	window1: recordFrameIntervals = False
535.3107 	DATA 	Keypress: v
539.3180 	EXP 	window1: recordFrameIntervals = False
540.4057 	DATA 	Keypress: a
544.7636 	EXP 	window1: recordFrameIntervals = False
545.7004 	DATA 	Keypress: f
550.0420 	EXP 	window1: recordFrameIntervals = False
552.7829 	DATA 	Keypress: r
556.7570 	EXP 	window1: recordFrameIntervals = False
558.0616 	DATA 	Keypress: v
562.4514 	EXP 	window1: recordFrameIntervals = False
562.4519 	ERROR 	trialnum=67 ERROR,2 frames were longer than 20.8 ms apparently screen refreshes skipped, interframe durs were:[ 67.3  67.3] and was these frames: [44 56]
562.4523 	INFO 	flankers also=[ 16.8  67.3  16.4  16.7  67.3  16.5]
563.5387 	DATA 	Keypress: u
567.7467 	EXP 	window1: recordFrameIntervals = False
568.8188 	DATA 	Keypress: n
572.8597 	EXP 	window1: recordFrameIntervals = False
573.8468 	DATA 	Keypress: f
582.1134 	DATA 	Keypress: space
586.2548 	EXP 	window1: recordFrameIntervals = False
588.4614 	DATA 	Keypress: r
592.8044 	EXP 	window1: recordFrameIntervals = False
594.4093 	DATA 	Keypress: g
598.6340 	EXP 	window1: recordFrameIntervals = False
601.5922 	DATA 	Keypress: r
605.5161 	EXP 	window1: recordFrameIntervals = False
606.5699 	DATA 	Keypress: m
610.6944 	EXP 	window1: recordFrameIntervals = False
611.6814 	DATA 	Keypress: u
615.6556 	EXP 	window1: recordFrameIntervals = False
616.8596 	DATA 	Keypress: d
621.0509 	EXP 	window1: recordFrameIntervals = False
622.1382 	DATA 	Keypress: n
626.2442 	EXP 	window1: recordFrameIntervals = False
627.1978 	DATA 	Keypress: d
631.2387 	EXP 	window1: recordFrameIntervals = False
634.3154 	DATA 	Keypress: j
638.8240 	EXP 	window1: recordFrameIntervals = False
640.2122 	DATA 	Keypress: g
644.4866 	EXP 	window1: recordFrameIntervals = False
645.5749 	DATA 	Keypress: a
649.9489 	EXP 	window1: recordFrameIntervals = False
651.1864 	DATA 	Keypress: o
655.4779 	EXP 	window1: recordFrameIntervals = False
656.4315 	DATA 	Keypress: h
660.5727 	EXP 	window1: recordFrameIntervals = False
661.5931 	DATA 	Keypress: m
665.7826 	EXP 	window1: recordFrameIntervals = False
666.7697 	DATA 	Keypress: w
670.8106 	EXP 	window1: recordFrameIntervals = False
671.8477 	DATA 	Keypress: w
676.0238 	EXP 	window1: recordFrameIntervals = False
677.0108 	DATA 	Keypress: d
681.0685 	EXP 	window1: recordFrameIntervals = False
682.1224 	DATA 	Keypress: k
686.1799 	EXP 	window1: recordFrameIntervals = False
687.1335 	DATA 	Keypress: p
691.3748 	EXP 	window1: recordFrameIntervals = False
692.3122 	DATA 	Keypress: j
696.2858 	EXP 	window1: recordFrameIntervals = False
697.2228 	DATA 	Keypress: v
701.5811 	EXP 	window1: recordFrameIntervals = False
702.6016 	DATA 	Keypress: p
706.5237 	EXP 	window1: recordFrameIntervals = False
707.6111 	DATA 	Keypress: m
711.6686 	EXP 	window1: recordFrameIntervals = False
712.9913 	DATA 	Keypress: e
716.9821 	EXP 	window1: recordFrameIntervals = False
718.0527 	DATA 	Keypress: a
722.0768 	EXP 	window1: recordFrameIntervals = False
723.3645 	DATA 	Keypress: m
727.5558 	EXP 	window1: recordFrameIntervals = False
728.7766 	DATA 	Keypress: l
732.8676 	EXP 	window1: recordFrameIntervals = False
733.8212 	DATA 	Keypress: g
738.0627 	EXP 	window1: recordFrameIntervals = False
738.8493 	DATA 	Keypress: e
742.7882 	EXP 	window1: recordFrameIntervals = False
742.7886 	ERROR 	trialnum=99 ERROR,1 frames were longer than 20.8 ms apparently screen refreshes skipped, interframe durs were:[ 24.7] and was these frames: [2]
742.7889 	INFO 	flankers also=[ 16.7  24.7  16.8]
743.7084 	DATA 	Keypress: u
747.6491 	EXP 	window1: recordFrameIntervals = False
748.6696 	DATA 	Keypress: v
752.5951 	EXP 	window1: recordFrameIntervals = False
753.5488 	DATA 	Keypress: u
757.7566 	EXP 	window1: recordFrameIntervals = False
759.0611 	DATA 	Keypress: e
763.2022 	EXP 	window1: recordFrameIntervals = False
764.2894 	DATA 	Keypress: f
768.2301 	EXP 	window1: recordFrameIntervals = False
769.2182 	DATA 	Keypress: a
773.5921 	EXP 	window1: recordFrameIntervals = False
774.5626 	DATA 	Keypress: s
778.5198 	EXP 	window1: recordFrameIntervals = False
779.4733 	DATA 	Keypress: m
783.7632 	EXP 	window1: recordFrameIntervals = False
783.7636 	ERROR 	trialnum=107 ERROR,2 frames were longer than 20.8 ms apparently screen refreshes skipped, interframe durs were:[ 67.1  28.6] and was these frames: [120 123]
783.7640 	INFO 	flankers also=[ 16.6  67.1  16.5   5.2  28.6  16.9]
786.8214 	DATA 	Keypress: h
790.7805 	EXP 	window1: recordFrameIntervals = False
791.8012 	DATA 	Keypress: w
795.7925 	EXP 	window1: recordFrameIntervals = False
795.7929 	ERROR 	trialnum=109 ERROR,1 frames were longer than 20.8 ms apparently screen refreshes skipped, interframe durs were:[ 67.4] and was these frames: [154]
795.7932 	INFO 	flankers also=[ 16.8  67.4]
797.3300 	DATA 	Keypress: p
801.4212 	EXP 	window1: recordFrameIntervals = False
802.3924 	DATA 	Keypress: g
806.6327 	EXP 	window1: recordFrameIntervals = False
807.5528 	DATA 	Keypress: f
811.6939 	EXP 	window1: recordFrameIntervals = False
812.6645 	DATA 	Keypress: k
816.5549 	EXP 	window1: recordFrameIntervals = False
817.6422 	DATA 	Keypress: l
821.5644 	EXP 	window1: recordFrameIntervals = False
822.7687 	DATA 	Keypress: n
826.8095 	EXP 	window1: recordFrameIntervals = False
827.3789 	DATA 	Keypress: t
831.4716 	EXP 	window1: recordFrameIntervals = False
832.5421 	DATA 	Keypress: p
836.7000 	EXP 	window1: recordFrameIntervals = False
836.7004 	ERROR 	trialnum=117 ERROR,1 frames were longer than 20.8 ms apparently screen refreshes skipped, interframe durs were:[ 67.3] and was these frames: [97]
836.7006 	INFO 	flankers also=[ 16.8  67.3  16.3]
837.7705 	DATA 	Keypress: w
842.0452 	EXP 	window1: recordFrameIntervals = False
843.0489 	DATA 	Keypress: t
847.1065 	EXP 	window1: recordFrameIntervals = False
848.1771 	DATA 	Keypress: l
852.3684 	EXP 	window1: recordFrameIntervals = False
853.3721 	DATA 	Keypress: b
857.6133 	EXP 	window1: recordFrameIntervals = False
857.6138 	ERROR 	trialnum=121 ERROR,1 frames were longer than 20.8 ms apparently screen refreshes skipped, interframe durs were:[ 67.2] and was these frames: [69]
857.6141 	INFO 	flankers also=[ 17.   67.2  16.4]
858.8342 	DATA 	Keypress: e
862.9904 	EXP 	window1: recordFrameIntervals = False
864.0443 	DATA 	Keypress: a
868.2188 	EXP 	window1: recordFrameIntervals = False
869.6584 	DATA 	Keypress: f
873.5490 	EXP 	window1: recordFrameIntervals = False
875.5384 	DATA 	Keypress: q
879.8631 	EXP 	window1: recordFrameIntervals = False
880.8168 	DATA 	Keypress: j
885.1082 	EXP 	window1: recordFrameIntervals = False
886.1955 	DATA 	Keypress: d
890.2197 	EXP 	window1: recordFrameIntervals = False
891.3571 	DATA 	Keypress: z
895.4481 	EXP 	window1: recordFrameIntervals = False
896.7524 	DATA 	Keypress: h
901.1090 	EXP 	window1: recordFrameIntervals = False
902.0627 	DATA 	Keypress: l
906.0200 	EXP 	window1: recordFrameIntervals = False
906.9912 	DATA 	Keypress: a
910.9159 	EXP 	window1: recordFrameIntervals = False
911.9031 	DATA 	Keypress: z
916.1277 	EXP 	window1: recordFrameIntervals = False
917.2984 	DATA 	Keypress: p
921.4896 	EXP 	window1: recordFrameIntervals = False
922.4768 	DATA 	Keypress: c
926.4173 	EXP 	window1: recordFrameIntervals = False
928.4901 	DATA 	Keypress: d
932.4307 	EXP 	window1: recordFrameIntervals = False
932.9667 	DATA 	Keypress: d
937.1897 	EXP 	window1: recordFrameIntervals = False
937.1902 	ERROR 	trialnum=136 ERROR,2 frames were longer than 20.8 ms apparently screen refreshes skipped, interframe durs were:[ 69.3  67.2] and was these frames: [137 142]
937.1906 	INFO 	flankers also=[ 16.8  69.3   2.8   5.2  67.2  18. ]
938.1936 	DATA 	Keypress: x
942.5517 	EXP 	window1: recordFrameIntervals = False
943.7074 	DATA 	Keypress: d
947.8819 	EXP 	window1: recordFrameIntervals = False
948.8023 	DATA 	Keypress: z
953.1772 	EXP 	window1: recordFrameIntervals = False
954.3481 	DATA 	Keypress: f
960.5689 	DATA 	Keypress: space
964.4674 	EXP 	window1: recordFrameIntervals = False
965.8731 	DATA 	Keypress: q
969.7961 	EXP 	window1: recordFrameIntervals = False
969.7965 	ERROR 	trialnum=141 ERROR,1 frames were longer than 20.8 ms apparently screen refreshes skipped, interframe durs were:[ 69.] and was these frames: [11]
969.7968 	INFO 	flankers also=[ 16.5  69.    2.8]
970.6844 	DATA 	Keypress: r
975.0594 	EXP 	window1: recordFrameIntervals = False
976.2636 	DATA 	Keypress: g
980.4048 	EXP 	window1: recordFrameIntervals = False
981.3082 	DATA 	Keypress: a
985.3825 	EXP 	window1: recordFrameIntervals = False
986.3527 	DATA 	Keypress: g
990.6609 	EXP 	window1: recordFrameIntervals = False
991.7148 	DATA 	Keypress: m
995.8893 	EXP 	window1: recordFrameIntervals = False
996.8763 	DATA 	Keypress: n
1001.1494 	EXP 	window1: recordFrameIntervals = False
1002.5042 	DATA 	Keypress: k
1006.8789 	EXP 	window1: recordFrameIntervals = False
1007.8852 	DATA 	Keypress: e
1012.1089 	EXP 	window1: recordFrameIntervals = False
1013.0124 	DATA 	Keypress: p
1017.2538 	EXP 	window1: recordFrameIntervals = False
1018.2241 	DATA 	Keypress: w
1022.2817 	EXP 	window1: recordFrameIntervals = False
1023.2854 	DATA 	Keypress: d
1027.2762 	EXP 	window1: recordFrameIntervals = False
1028.1463 	DATA 	Keypress: t
1032.1371 	EXP 	window1: recordFrameIntervals = False
1034.1264 	DATA 	Keypress: p
1038.1990 	EXP 	window1: recordFrameIntervals = False
1039.2028 	DATA 	Keypress: a
1043.5777 	EXP 	window1: recordFrameIntervals = False
1044.5664 	DATA 	Keypress: e
1048.4902 	EXP 	window1: recordFrameIntervals = False
1049.4607 	DATA 	Keypress: g
1053.5351 	EXP 	window1: recordFrameIntervals = False
1055.7256 	DATA 	Keypress: p
1060.0495 	EXP 	window1: recordFrameIntervals = False
1061.3039 	DATA 	Keypress: z
1065.4115 	EXP 	window1: recordFrameIntervals = False
1065.4121 	ERROR 	trialnum=159 ERROR,1 frames were longer than 20.8 ms apparently screen refreshes skipped, interframe durs were:[ 69.] and was these frames: [149]
1065.4124 	INFO 	flankers also=[ 13.7  69.    4.1]
1067.7014 	DATA 	Keypress: p
1071.9929 	EXP 	window1: recordFrameIntervals = False
1073.3308 	DATA 	Keypress: r
1077.3031 	EXP 	window1: recordFrameIntervals = False
1077.3035 	ERROR 	trialnum=161 ERROR,1 frames were longer than 20.8 ms apparently screen refreshes skipped, interframe durs were:[ 67.2] and was these frames: [60]
1077.3038 	INFO 	flankers also=[ 16.9  67.2  16.5]
1078.7244 	DATA 	Keypress: h
1082.7820 	EXP 	window1: recordFrameIntervals = False
1083.8042 	DATA 	Keypress: p
1087.8283 	EXP 	window1: recordFrameIntervals = False
1089.0493 	DATA 	Keypress: v
1093.0901 	EXP 	window1: recordFrameIntervals = False
1094.1774 	DATA 	Keypress: p
1098.4187 	EXP 	window1: recordFrameIntervals = False
1099.6229 	DATA 	Keypress: a
1103.6303 	EXP 	window1: recordFrameIntervals = False
1104.5004 	DATA 	Keypress: i
1108.6415 	EXP 	window1: recordFrameIntervals = False
1109.8458 	DATA 	Keypress: m
1113.9351 	EXP 	window1: recordFrameIntervals = False
1115.3898 	DATA 	Keypress: f
1119.5810 	EXP 	window1: recordFrameIntervals = False
1119.5814 	ERROR 	trialnum=169 ERROR,2 frames were longer than 20.8 ms apparently screen refreshes skipped, interframe durs were:[ 67.4  52. ] and was these frames: [73 78]
1119.5818 	INFO 	flankers also=[ 15.8  67.4  16.3   6.7  52.   16.7]
1121.0708 	DATA 	Keypress: n
1125.1953 	EXP 	window1: recordFrameIntervals = False
1126.1656 	DATA 	Keypress: b
1130.3234 	EXP 	window1: recordFrameIntervals = False
1131.3773 	DATA 	Keypress: b
1135.4516 	EXP 	window1: recordFrameIntervals = False
1136.7058 	DATA 	Keypress: q
1140.7801 	EXP 	window1: recordFrameIntervals = False
1141.8340 	DATA 	Keypress: k
1146.0251 	EXP 	window1: recordFrameIntervals = False
1147.9480 	DATA 	Keypress: s
1152.2875 	EXP 	window1: recordFrameIntervals = False
1153.3582 	DATA 	Keypress: s
1157.6830 	EXP 	window1: recordFrameIntervals = False
1158.8387 	DATA 	Keypress: a
1163.0132 	EXP 	window1: recordFrameIntervals = False
1164.1339 	DATA 	Keypress: s
1168.3840 	EXP 	window1: recordFrameIntervals = False
1168.3845 	ERROR 	trialnum=178 ERROR,3 frames were longer than 20.8 ms apparently screen refreshes skipped, interframe durs were:[ 140.2   67.2   67.3] and was these frames: [ 35 144 150]
1168.3850 	INFO 	flankers also=[  16.7  140.2    2.8   17.    67.2   16.6    7.6   67.3   16.2]
1169.6629 	DATA 	Keypress: x
1173.5701 	EXP 	window1: recordFrameIntervals = False
1174.4903 	DATA 	Keypress: l
1178.8319 	EXP 	window1: recordFrameIntervals = False
1179.9525 	DATA 	Keypress: d
1184.3275 	EXP 	window1: recordFrameIntervals = False
1185.5150 	DATA 	Keypress: a
1189.4205 	EXP 	window1: recordFrameIntervals = False
1189.4210 	ERROR 	trialnum=182 ERROR,3 frames were longer than 20.8 ms apparently screen refreshes skipped, interframe durs were:[ 42.7  67.3  67.2] and was these frames: [  7  94 100]
1189.4215 	INFO 	flankers also=[ 16.4  42.7   2.2  16.8  67.3  20.2   4.3  67.2  20.6]
1190.5245 	DATA 	Keypress: w
1194.5989 	EXP 	window1: recordFrameIntervals = False
1195.6193 	DATA 	Keypress: l
1199.7286 	EXP 	window1: recordFrameIntervals = False
1200.6989 	DATA 	Keypress: m
1204.6062 	EXP 	window1: recordFrameIntervals = False
1205.7771 	DATA 	Keypress: f
1209.8679 	EXP 	window1: recordFrameIntervals = False
1209.8683 	ERROR 	trialnum=186 ERROR,1 frames were longer than 20.8 ms apparently screen refreshes skipped, interframe durs were:[ 69.] and was these frames: [101]
1209.8686 	INFO 	flankers also=[ 16.8  69.    2.5]
1211.0387 	DATA 	Keypress: e
1215.4137 	EXP 	window1: recordFrameIntervals = False
1216.4509 	DATA 	Keypress: a
1220.6087 	EXP 	window1: recordFrameIntervals = False
1224.2015 	DATA 	Keypress: a
1228.2090 	EXP 	window1: recordFrameIntervals = False
1229.0624 	DATA 	Keypress: a
1233.2353 	EXP 	window1: recordFrameIntervals = False
1234.5062 	DATA 	Keypress: p
1238.4971 	EXP 	window1: recordFrameIntervals = False
1238.4974 	ERROR 	trialnum=191 ERROR,1 frames were longer than 20.8 ms apparently screen refreshes skipped, interframe durs were:[ 67.2] and was these frames: [24]
1238.4977 	INFO 	flankers also=[ 16.8  67.2  16.5]
1239.4533 	DATA 	Keypress: w
1243.6101 	EXP 	window1: recordFrameIntervals = False
1246.1673 	DATA 	Keypress: r
1250.5089 	EXP 	window1: recordFrameIntervals = False
1251.5961 	DATA 	Keypress: m
1255.6036 	EXP 	window1: recordFrameIntervals = False
1256.5572 	DATA 	Keypress: j
1260.5480 	EXP 	window1: recordFrameIntervals = False
1261.5017 	DATA 	Keypress: s
1265.7763 	EXP 	window1: recordFrameIntervals = False
1266.6968 	DATA 	Keypress: q
1271.0532 	EXP 	window1: recordFrameIntervals = False
1272.2241 	DATA 	Keypress: g
1276.5321 	EXP 	window1: recordFrameIntervals = False
1277.5209 	DATA 	Keypress: b
1281.7789 	EXP 	window1: recordFrameIntervals = False
1283.8015 	DATA 	Keypress: w
1287.8424 	EXP 	window1: recordFrameIntervals = False
1289.6481 	DATA 	Keypress: v
1293.6888 	EXP 	window1: recordFrameIntervals = False
1294.6434 	DATA 	Keypress: u
1298.9506 	EXP 	window1: recordFrameIntervals = False
1299.8374 	DATA 	Keypress: t
1303.7281 	EXP 	window1: recordFrameIntervals = False
1304.8318 	DATA 	Keypress: l
1308.8043 	EXP 	window1: recordFrameIntervals = False
1309.4406 	DATA 	Keypress: h
1313.6986 	EXP 	window1: recordFrameIntervals = False
1314.7859 	DATA 	Keypress: b
1318.9453 	EXP 	window1: recordFrameIntervals = False
1319.9157 	DATA 	Keypress: s
1323.8897 	EXP 	window1: recordFrameIntervals = False
1325.0104 	DATA 	Keypress: m
1328.9510 	EXP 	window1: recordFrameIntervals = False
1329.9547 	DATA 	Keypress: g
1334.1794 	EXP 	window1: recordFrameIntervals = False
1336.7198 	DATA 	Keypress: t
1340.1925 	DATA 	Keypress: space
1344.1834 	EXP 	window1: recordFrameIntervals = False
1344.6359 	DATA 	Keypress: u
1348.7436 	EXP 	window1: recordFrameIntervals = False
1350.4338 	DATA 	Keypress: r
1354.8423 	EXP 	window1: recordFrameIntervals = False
1355.2613 	DATA 	Keypress: a
1359.4860 	EXP 	window1: recordFrameIntervals = False
1360.9073 	DATA 	Keypress: m
1364.9482 	EXP 	window1: recordFrameIntervals = False
1365.5845 	DATA 	Keypress: g
1369.6421 	EXP 	window1: recordFrameIntervals = False
1370.1613 	DATA 	Keypress: e
1374.3859 	EXP 	window1: recordFrameIntervals = False
1374.9554 	DATA 	Keypress: a
1379.2118 	EXP 	window1: recordFrameIntervals = False
1381.4351 	DATA 	Keypress: v
1385.6278 	EXP 	window1: recordFrameIntervals = False
1386.5647 	DATA 	Keypress: n
1390.6557 	EXP 	window1: recordFrameIntervals = False
1390.6561 	ERROR 	trialnum=219 ERROR,2 frames were longer than 20.8 ms apparently screen refreshes skipped, interframe durs were:[ 67.3  67.3] and was these frames: [132 145]
1390.6565 	INFO 	flankers also=[ 16.7  67.3  16.3  16.8  67.3  16.4]
1391.1584 	DATA 	Keypress: p
1395.2660 	EXP 	window1: recordFrameIntervals = False
1395.9189 	DATA 	Keypress: e
1400.0100 	EXP 	window1: recordFrameIntervals = False
1401.0472 	DATA 	Keypress: z
1405.0880 	EXP 	window1: recordFrameIntervals = False
1405.7242 	DATA 	Keypress: m
1409.9488 	EXP 	window1: recordFrameIntervals = False
1412.1887 	DATA 	Keypress: c
1416.5453 	EXP 	window1: recordFrameIntervals = False
1417.7662 	DATA 	Keypress: f
1421.6901 	EXP 	window1: recordFrameIntervals = False
1421.6906 	ERROR 	trialnum=225 ERROR,2 frames were longer than 20.8 ms apparently screen refreshes skipped, interframe durs were:[ 69.1  67.5] and was these frames: [83 88]
1421.6910 	INFO 	flankers also=[ 16.8  69.1   2.8   6.6  67.5  19.9]
1422.9126 	DATA 	Keypress: r
1427.2375 	EXP 	window1: recordFrameIntervals = False
1428.9261 	DATA 	Keypress: p
1432.8501 	EXP 	window1: recordFrameIntervals = False
1432.8505 	ERROR 	trialnum=227 ERROR,1 frames were longer than 20.8 ms apparently screen refreshes skipped, interframe durs were:[ 67.4] and was these frames: [34]
1432.8507 	INFO 	flankers also=[ 16.8  67.4  18.3]
1433.4027 	DATA 	Keypress: p
1437.6442 	EXP 	window1: recordFrameIntervals = False
1441.7715 	DATA 	Keypress: a
1445.9795 	EXP 	window1: recordFrameIntervals = False
1446.8330 	DATA 	Keypress: c
1450.7234 	EXP 	window1: recordFrameIntervals = False
1452.8797 	DATA 	Keypress: h
1456.8538 	EXP 	window1: recordFrameIntervals = False
1457.2561 	DATA 	Keypress: p
1461.6295 	EXP 	window1: recordFrameIntervals = False
1462.6166 	DATA 	Keypress: v
1466.7410 	EXP 	window1: recordFrameIntervals = False
1467.3956 	DATA 	Keypress: i
1471.3529 	EXP 	window1: recordFrameIntervals = False
1471.3533 	ERROR 	trialnum=234 ERROR,2 frames were longer than 20.8 ms apparently screen refreshes skipped, interframe durs were:[ 67.4  66.6] and was these frames: [134 141]
1471.3537 	INFO 	flankers also=[ 16.8  67.4  16.4  13.9  66.6  16.8]
1474.3791 	DATA 	Keypress: u
1478.5356 	EXP 	window1: recordFrameIntervals = False
1479.6563 	DATA 	Keypress: m
1483.7974 	EXP 	window1: recordFrameIntervals = False
1484.3335 	DATA 	Keypress: r
1488.5915 	EXP 	window1: recordFrameIntervals = False
1489.1775 	DATA 	Keypress: e
1493.4857 	EXP 	window1: recordFrameIntervals = False
1494.0384 	DATA 	Keypress: g
1498.4134 	EXP 	window1: recordFrameIntervals = False
1499.7011 	DATA 	Keypress: t
1503.6903 	EXP 	window1: recordFrameIntervals = False
1506.6985 	DATA 	Keypress: u
1510.8579 	EXP 	window1: recordFrameIntervals = False
1511.3939 	DATA 	Keypress: w
1515.7023 	EXP 	window1: recordFrameIntervals = False
1516.3884 	DATA 	Keypress: m
1520.4293 	EXP 	window1: recordFrameIntervals = False
1521.4503 	DATA 	Keypress: p
1525.3737 	EXP 	window1: recordFrameIntervals = False
1525.9098 	DATA 	Keypress: h
1530.0008 	EXP 	window1: recordFrameIntervals = False
1530.4367 	DATA 	Keypress: a
1534.4941 	EXP 	window1: recordFrameIntervals = False
1534.9802 	DATA 	Keypress: a
1539.3701 	EXP 	window1: recordFrameIntervals = False
1539.9230 	DATA 	Keypress: j
1543.8468 	EXP 	window1: recordFrameIntervals = False
1543.8473 	ERROR 	trialnum=248 ERROR,2 frames were longer than 20.8 ms apparently screen refreshes skipped, interframe durs were:[ 69.3  66. ] and was these frames: [35 40]
1543.8476 	INFO 	flankers also=[ 12.6  69.3   3.    7.1  66.   18.2]
1544.2827 	DATA 	Keypress: p
1548.4754 	EXP 	window1: recordFrameIntervals = False
1550.2142 	DATA 	Keypress: w
1554.4722 	EXP 	window1: recordFrameIntervals = False
1555.0749 	DATA 	Keypress: r
1559.2328 	EXP 	window1: recordFrameIntervals = False
1560.1865 	DATA 	Keypress: d
1564.2608 	EXP 	window1: recordFrameIntervals = False
1564.8471 	DATA 	Keypress: s
1569.0547 	EXP 	window1: recordFrameIntervals = False
1569.9594 	DATA 	Keypress: d
1574.0493 	EXP 	window1: recordFrameIntervals = False
1574.0498 	ERROR 	trialnum=254 ERROR,2 frames were longer than 20.8 ms apparently screen refreshes skipped, interframe durs were:[ 67.7  54.1] and was these frames: [52 53]
1574.0503 	INFO 	flankers also=[ 16.8  67.7  54.1  67.7  54.1   2.9]
1574.7034 	DATA 	Keypress: j
1579.0422 	EXP 	window1: recordFrameIntervals = False
1579.5616 	DATA 	Keypress: s
1583.5691 	EXP 	window1: recordFrameIntervals = False
1584.5561 	DATA 	Keypress: c
1588.5485 	EXP 	window1: recordFrameIntervals = False
1589.1179 	DATA 	Keypress: s
1593.4093 	EXP 	window1: recordFrameIntervals = False
1593.4097 	ERROR 	trialnum=258 ERROR,2 frames were longer than 20.8 ms apparently screen refreshes skipped, interframe durs were:[ 69.2  67.2] and was these frames: [17 22]
1593.4101 	INFO 	flankers also=[ 16.7  69.2   2.8   6.7  67.2  18.5]
1593.8951 	DATA 	Keypress: l
1598.1365 	EXP 	window1: recordFrameIntervals = False
1598.7395 	DATA 	Keypress: g
1602.9139 	EXP 	window1: recordFrameIntervals = False
1604.1181 	DATA 	Keypress: b
1608.2257 	EXP 	window1: recordFrameIntervals = False
1608.7451 	DATA 	Keypress: s
1612.8511 	EXP 	window1: recordFrameIntervals = False
1612.8516 	ERROR 	trialnum=262 ERROR,2 frames were longer than 20.8 ms apparently screen refreshes skipped, interframe durs were:[ 67.3  38.1] and was these frames: [56 60]
1612.8520 	INFO 	flankers also=[ 16.8  67.3  16.4   9.5  38.1  16.5]
1613.2537 	DATA 	Keypress: s
1617.5450 	EXP 	window1: recordFrameIntervals = False
1618.0976 	DATA 	Keypress: l
1622.1402 	EXP 	window1: recordFrameIntervals = False
1622.7765 	DATA 	Keypress: u
1626.8006 	EXP 	window1: recordFrameIntervals = False
1628.2053 	DATA 	Keypress: m
1632.3135 	EXP 	window1: recordFrameIntervals = False
1632.3141 	ERROR 	trialnum=266 ERROR,2 frames were longer than 20.8 ms apparently screen refreshes skipped, interframe durs were:[ 66.8  54.7] and was these frames: [100 105]
1632.3145 	INFO 	flankers also=[ 17.5  66.8  18.3   2.8  54.7  16.2]
1632.9325 	DATA 	Keypress: k
1637.1405 	EXP 	window1: recordFrameIntervals = False
1637.6263 	DATA 	Keypress: d
1641.6004 	EXP 	window1: recordFrameIntervals = False
1642.7380 	DATA 	Keypress: g
1646.9624 	EXP 	window1: recordFrameIntervals = False
1647.8832 	DATA 	Keypress: b
1651.8718 	EXP 	window1: recordFrameIntervals = False
1652.8254 	DATA 	Keypress: t
1656.9666 	EXP 	window1: recordFrameIntervals = False
1657.9552 	DATA 	Keypress: w
1662.2132 	EXP 	window1: recordFrameIntervals = False
1663.3508 	DATA 	Keypress: e
1667.6086 	EXP 	window1: recordFrameIntervals = False
1668.7128 	DATA 	Keypress: k
1672.8877 	EXP 	window1: recordFrameIntervals = False
1672.8882 	ERROR 	trialnum=274 ERROR,1 frames were longer than 20.8 ms apparently screen refreshes skipped, interframe durs were:[ 67.4] and was these frames: [154]
1672.8885 	INFO 	flankers also=[ 16.7  67.4]
1674.0411 	DATA 	Keypress: a
1677.9651 	EXP 	window1: recordFrameIntervals = False
1679.1692 	DATA 	Keypress: e
1683.3271 	EXP 	window1: recordFrameIntervals = False
1683.3276 	ERROR 	trialnum=276 ERROR,3 frames were longer than 20.8 ms apparently screen refreshes skipped, interframe durs were:[ 69.7  26.   30.2] and was these frames: [131 133 135]
1683.3281 	INFO 	flankers also=[ 16.8  69.7   5.1   5.1  26.    2.8   2.8  30.2   2.4]
1684.5647 	DATA 	Keypress: u
1688.6540 	EXP 	window1: recordFrameIntervals = False
1689.9084 	DATA 	Keypress: w
1693.9159 	EXP 	window1: recordFrameIntervals = False
1693.9165 	ERROR 	trialnum=278 ERROR,1 frames were longer than 20.8 ms apparently screen refreshes skipped, interframe durs were:[ 67.3] and was these frames: [110]
1693.9167 	INFO 	flankers also=[ 16.7  67.3  16.3]
1695.0030 	DATA 	Keypress: n
1699.0958 	EXP 	window1: recordFrameIntervals = False
1700.1665 	DATA 	Keypress: r
1700.6841 	INFO 	Finishing at 19:58 on 07 Mar 2019
1703.5086 	EXP 	window1: mouseVisible = True
