23.4382 	INFO 	Successfully set darwin thread to realtime
24.4514 	INFO 	#[ PsychoPy3 RuntimeInfoStart ]
  #[[ PsychoPy ]] #---------
    psychopyVersion: 3.0.3
    psychopyHaveExtRush: True
  #[[ Experiment ]] #---------
    experimentRunTime: 2019_03_06 19:57 (Year_Month_Day Hour:Min)
    experimentRunTime.epoch: 1551920273
    experimentScript: RSVP_visual_now.py
    experimentScript.digestSHA1: dd7d21cf288769f2a59d589935b9da138706f234
    experimentScript.directory: /Users/vsg/Documents/GitHub/spatio_temporal_information_processing/RSVP_visual_now
  #[[ System ]] #---------
    systemHaveInternetAccess: True
    systemHostName: VSG-lab1.local
    systemLocale: C
    systemMemFreeRAM: 1342.9609375
    systemMemTotalRAM: 4096.0
    systemPlatform: darwin 10.10.5 x86_64
    systemRavailable: R version 3.2.3 (2015-12-10) -- Wooden Christmas-Tree
    systemRebooted: Mar 4 09:06
    systemSec.OpenSSLVersion: OpenSSL 0.9.8zg 14 July 2015
    systemSec.pythonSSL: True
    systemTimeNumpySD1000000_sec: 0.0123
    systemUser: vsg
    systemUserID: 502
    systemUserProcCount: 95
    systemUserProcFlagged: mdworker Safari
    systemUsersCount: 1
  #[[ Window ]] #---------
    windowWinType: pyglet
    windowUnits: deg
    windowSize_pix: [1920 1200]
    windowScreen: 0
    windowRgb: [-0.7 -0.7 -0.7]
    windowRefreshTimeSD_ms: 7.511
    windowRefreshTimeMedian_ms: 16.704
    windowRefreshTimeAvg_ms: 16.732
    windowPos_pix: [0, 0]
    windowMonitor.name: testmonitor
    windowMonitor.getWidth_cm: 52.0
    windowMonitor.getDistance_cm: 65.0
    windowMonitor.currentCalibName: 2019_02_04 12:46
    windowIsFullScr: True
  #[[ Python ]] #---------
    pythonVersion: 2.7.13
  #[[ OpenGL ]] #---------
#[ PsychoPy3 RuntimeInfoEnd ]

24.4815 	WARNING 	Could not load the desired click sound file, instead using manually created inferior click
24.9295 	EXP 	Created sequence: random, trialTypes=280, nReps=14, seed=None
25.1955 	INFO 	total SOA (ISI + letterDur)=100.0 or 6 frames, comprising
ISIframes =3 or 50.0 ms and letterDurFrames =3 or 50.0ms
cueDurFrames =3.0 or 50.0 ms

25.1955 	INFO 	numtrials=280 and each trialDurFrames=156 or 2600.0 ms  task=T1
26.2574 	EXP 	Created text = TextStim(alignHoriz='center', alignVert='center', antialias=True, autoLog=True, bold=False, color=array([ 1.,  1.,  1.]), colorSpace='rgb', contrast=1.0, depth=-1.0, flipHoriz=False, flipVert=False, font='Arial', fontFiles=[], height=0.5, italic=False, languageStyle='LTR', name='text', opacity=1.0, ori=0, pos=array([ 0.,  0.]), rgb=array([ 1.,  1.,  1.]), text='', units='deg', win=Window(...), wrapWidth=30)
27.1167 	EXP 	text: text = "Welcome! Thank you for agreeing to participate in this study.\n\nYou will be presented with a Rapid Stream of letters. Your task is to identify one of the letters.\n\nThe letter you're supposed to identify is accompanied by a probe that can appear anywhere on the horizontal axis of the screen.\n\nThe probe is a circular disk that will be flashed for a very brief time.\n\nThis probe is embedded in another Rapid Stream of letters.\n\nYour task is identify the foveal letter that was present when the probe appeared.\n\nOnce you've identified the letter after the trial ends, type it out on the keyboard.\n\nOh! And one more thing! You will perform this task while fixating in the center, and detecting the probe with your peripheral vision.\n\nIf you're feeling uncomfortable, you can press ESC key any time to stop the experiment.\n\nPress any key when you are ready to begin the experiment.\n\n"
27.1167 	EXP 	text: autoDraw = True
172.3538 	DATA 	Keypress: f
172.3548 	EXP 	text: autoDraw = False
172.3551 	INFO 	Experiment will have 280 trials. Letters will be drawn with superposed noise of0.00%
172.3551 	INFO 	Starting main (non-staircase) part of experiment
175.3071 	DATA 	Keypress: s
175.8041 	EXP 	window1: recordFrameIntervals = False
176.4079 	DATA 	Keypress: s
180.5479 	EXP 	window1: recordFrameIntervals = False
180.9338 	DATA 	Keypress: x
183.9941 	DATA 	Keypress: b
185.0097 	EXP 	window1: recordFrameIntervals = False
186.1303 	DATA 	Keypress: b
190.5053 	EXP 	window1: recordFrameIntervals = False
191.4088 	DATA 	Keypress: q
195.1358 	DATA 	Keypress: s
195.4163 	EXP 	window1: recordFrameIntervals = False
196.0869 	DATA 	Keypress: s
200.3106 	EXP 	window1: recordFrameIntervals = False
200.8800 	DATA 	Keypress: d
205.0545 	EXP 	window1: recordFrameIntervals = False
205.7742 	DATA 	Keypress: h
209.0667 	DATA 	Keypress: o
209.6180 	DATA 	Keypress: o
209.8319 	EXP 	window1: recordFrameIntervals = False
210.0504 	DATA 	Keypress: o
213.7592 	DATA 	Keypress: s
213.9728 	EXP 	window1: recordFrameIntervals = False
213.9732 	ERROR 	trialnum=8 ERROR,1 frames were longer than 20.8 ms apparently screen refreshes skipped, interframe durs were:[ 25.5] and was these frames: [2]
213.9735 	INFO 	flankers also=[ 16.8  25.5  16.2]
214.4254 	DATA 	Keypress: s
218.8003 	EXP 	window1: recordFrameIntervals = False
219.8209 	DATA 	Keypress: z
223.3822 	DATA 	Keypress: y
224.0972 	EXP 	window1: recordFrameIntervals = False
224.5830 	DATA 	Keypress: y
228.6907 	EXP 	window1: recordFrameIntervals = False
228.6911 	ERROR 	trialnum=11 ERROR,1 frames were longer than 20.8 ms apparently screen refreshes skipped, interframe durs were:[ 67.3] and was these frames: [85]
228.6914 	INFO 	flankers also=[ 16.8  67.3  16.3]
229.4274 	DATA 	Keypress: s
233.4681 	EXP 	window1: recordFrameIntervals = False
233.9205 	DATA 	Keypress: w
236.8296 	DATA 	Keypress: d
237.2967 	DATA 	Keypress: d
237.8279 	EXP 	window1: recordFrameIntervals = False
238.2636 	DATA 	Keypress: d
242.1408 	DATA 	Keypress: d
242.5051 	EXP 	window1: recordFrameIntervals = False
243.0409 	DATA 	Keypress: d
247.3827 	EXP 	window1: recordFrameIntervals = False
247.5345 	DATA 	Keypress: p
250.6089 	DATA 	Keypress: m
251.7073 	EXP 	window1: recordFrameIntervals = False
252.0930 	DATA 	Keypress: m
256.4011 	EXP 	window1: recordFrameIntervals = False
256.6199 	DATA 	Keypress: z
260.7625 	EXP 	window1: recordFrameIntervals = False
261.4322 	DATA 	Keypress: a
265.4564 	EXP 	window1: recordFrameIntervals = False
265.7586 	DATA 	Keypress: m
270.1002 	EXP 	window1: recordFrameIntervals = False
270.1006 	ERROR 	trialnum=20 ERROR,1 frames were longer than 20.8 ms apparently screen refreshes skipped, interframe durs were:[ 67.2] and was these frames: [33]
270.1009 	INFO 	flankers also=[ 16.8  67.2  16.3]
270.5025 	DATA 	Keypress: m
274.5636 	DATA 	Keypress: n
274.8775 	EXP 	window1: recordFrameIntervals = False
275.2966 	DATA 	Keypress: n
279.2874 	EXP 	window1: recordFrameIntervals = False
279.2877 	ERROR 	trialnum=22 ERROR,1 frames were longer than 20.8 ms apparently screen refreshes skipped, interframe durs were:[ 67.3] and was these frames: [88]
279.2880 	INFO 	flankers also=[ 16.8  67.3  17.8]
279.7566 	DATA 	Keypress: d
282.9994 	DATA 	Keypress: d
283.9812 	EXP 	window1: recordFrameIntervals = False
284.4170 	DATA 	Keypress: c
287.9752 	DATA 	Keypress: a
288.6232 	EXP 	window1: recordFrameIntervals = False
289.0434 	DATA 	Keypress: a
293.3839 	EXP 	window1: recordFrameIntervals = False
293.8198 	DATA 	Keypress: e
297.8623 	EXP 	window1: recordFrameIntervals = False
298.4157 	DATA 	Keypress: g
302.0254 	DATA 	Keypress: i
302.3223 	EXP 	window1: recordFrameIntervals = False
302.7581 	DATA 	Keypress: i
306.7656 	EXP 	window1: recordFrameIntervals = False
307.3517 	DATA 	Keypress: d
311.3258 	EXP 	window1: recordFrameIntervals = False
311.7449 	DATA 	Keypress: f
315.8025 	EXP 	window1: recordFrameIntervals = False
316.2050 	DATA 	Keypress: j
320.5131 	EXP 	window1: recordFrameIntervals = False
320.5135 	ERROR 	trialnum=31 ERROR,2 frames were longer than 20.8 ms apparently screen refreshes skipped, interframe durs were:[ 67.4  67.2] and was these frames: [31 37]
320.5139 	INFO 	flankers also=[ 16.9  67.4  16.2   7.4  67.2  16.3]
320.9990 	DATA 	Keypress: u
324.9714 	EXP 	window1: recordFrameIntervals = False
324.9718 	ERROR 	trialnum=32 ERROR,1 frames were longer than 20.8 ms apparently screen refreshes skipped, interframe durs were:[ 24.7] and was these frames: [0]
324.9720 	INFO 	flankers also=[ 24.7  16.9]
325.5073 	DATA 	Keypress: e
329.5149 	EXP 	window1: recordFrameIntervals = False
330.0342 	DATA 	Keypress: w
334.2605 	EXP 	window1: recordFrameIntervals = False
334.2610 	ERROR 	trialnum=34 ERROR,2 frames were longer than 20.8 ms apparently screen refreshes skipped, interframe durs were:[ 67.   60.9] and was these frames: [24 29]
334.2614 	INFO 	flankers also=[ 17.2  67.   16.2   2.9  60.9  14.5]
334.6797 	DATA 	Keypress: q
338.7540 	EXP 	window1: recordFrameIntervals = False
339.2071 	DATA 	Keypress: u
343.2973 	EXP 	window1: recordFrameIntervals = False
343.7833 	DATA 	Keypress: h
348.1416 	EXP 	window1: recordFrameIntervals = False
348.6610 	DATA 	Keypress: s
352.8521 	EXP 	window1: recordFrameIntervals = False
353.2712 	DATA 	Keypress: r
357.3455 	EXP 	window1: recordFrameIntervals = False
357.8315 	DATA 	Keypress: g
362.0544 	EXP 	window1: recordFrameIntervals = False
362.4076 	DATA 	Keypress: a
366.3641 	EXP 	window1: recordFrameIntervals = False
366.8666 	DATA 	Keypress: l
370.7923 	EXP 	window1: recordFrameIntervals = False
371.3117 	DATA 	Keypress: a
375.2189 	EXP 	window1: recordFrameIntervals = False
375.6379 	DATA 	Keypress: p
379.9462 	EXP 	window1: recordFrameIntervals = False
379.9466 	ERROR 	trialnum=44 ERROR,1 frames were longer than 20.8 ms apparently screen refreshes skipped, interframe durs were:[ 67.2] and was these frames: [116]
379.9469 	INFO 	flankers also=[ 17.   67.2  16.3]
380.3485 	DATA 	Keypress: o
384.4562 	EXP 	window1: recordFrameIntervals = False
384.8084 	DATA 	Keypress: e
389.3004 	EXP 	window1: recordFrameIntervals = False
390.0201 	DATA 	Keypress: m
394.2615 	EXP 	window1: recordFrameIntervals = False
394.6472 	DATA 	Keypress: d
398.8368 	EXP 	window1: recordFrameIntervals = False
399.4235 	DATA 	Keypress: z
403.5139 	EXP 	window1: recordFrameIntervals = False
404.2338 	DATA 	Keypress: p
408.3932 	EXP 	window1: recordFrameIntervals = False
408.8791 	DATA 	Keypress: o
412.2053 	DATA 	Keypress: e
412.7896 	DATA 	Keypress: e
412.9733 	DATA 	Keypress: e
413.0202 	EXP 	window1: recordFrameIntervals = False
413.1553 	DATA 	Keypress: e
413.3095 	DATA 	Keypress: e
416.9824 	DATA 	Keypress: t
417.1496 	DATA 	Keypress: t
417.3166 	DATA 	Keypress: t
417.3299 	EXP 	window1: recordFrameIntervals = False
417.4982 	DATA 	Keypress: t
417.6692 	DATA 	Keypress: t
417.7890 	DATA 	Keypress: t
421.3425 	DATA 	Keypress: z
421.5259 	DATA 	Keypress: z
421.5894 	EXP 	window1: recordFrameIntervals = False
421.6911 	DATA 	Keypress: z
421.8451 	DATA 	Keypress: z
422.3180 	DATA 	Keypress: z
425.4850 	DATA 	Keypress: w
425.6682 	DATA 	Keypress: w
425.8190 	DATA 	Keypress: w
425.9858 	DATA 	Keypress: w
426.0493 	EXP 	window1: recordFrameIntervals = False
426.1676 	DATA 	Keypress: w
426.3568 	DATA 	Keypress: w
426.7915 	DATA 	Keypress: w
429.2265 	DATA 	Keypress: h
429.3767 	DATA 	Keypress: h
429.5111 	DATA 	Keypress: h
429.6619 	DATA 	Keypress: h
429.8278 	DATA 	Keypress: h
429.9786 	DATA 	Keypress: h
430.1665 	DATA 	Keypress: h
430.3122 	DATA 	Keypress: h
430.3590 	EXP 	window1: recordFrameIntervals = False
430.3594 	ERROR 	trialnum=55 ERROR,2 frames were longer than 20.8 ms apparently screen refreshes skipped, interframe durs were:[ 67.5  60.4] and was these frames: [114 119]
430.3598 	INFO 	flankers also=[ 16.8  67.5  16.2   3.1  60.4   2.8]
430.4783 	DATA 	Keypress: h
430.6288 	DATA 	Keypress: h
433.8687 	DATA 	Keypress: u
434.0067 	DATA 	Keypress: u
434.1525 	DATA 	Keypress: u
434.3033 	DATA 	Keypress: u
434.4532 	DATA 	Keypress: u
434.6002 	EXP 	window1: recordFrameIntervals = False
434.9691 	DATA 	Keypress: u
435.1167 	DATA 	Keypress: u
438.0782 	DATA 	Keypress: r
438.2282 	DATA 	Keypress: r
438.6626 	DATA 	Keypress: r
438.8133 	DATA 	Keypress: r
439.0134 	DATA 	Keypress: r
439.0936 	EXP 	window1: recordFrameIntervals = False
439.1785 	DATA 	Keypress: r
439.8030 	DATA 	Keypress: r
443.2546 	EXP 	window1: recordFrameIntervals = False
443.8240 	DATA 	Keypress: p
447.4338 	DATA 	Keypress: e
447.6177 	DATA 	Keypress: e
447.7679 	DATA 	Keypress: e
447.8483 	EXP 	window1: recordFrameIntervals = False
447.9507 	DATA 	Keypress: e
448.0847 	DATA 	Keypress: e
448.2519 	DATA 	Keypress: e
452.1746 	EXP 	window1: recordFrameIntervals = False
452.1750 	ERROR 	trialnum=60 ERROR,1 frames were longer than 20.8 ms apparently screen refreshes skipped, interframe durs were:[ 67.2] and was these frames: [24]
452.1753 	INFO 	flankers also=[ 16.7  67.2  16.3]
452.2594 	DATA 	Keypress: t
452.4118 	DATA 	Keypress: t
452.5557 	DATA 	Keypress: t
456.6345 	EXP 	window1: recordFrameIntervals = False
457.1036 	DATA 	Keypress: b
457.2520 	DATA 	Keypress: b
461.1112 	EXP 	window1: recordFrameIntervals = False
461.1116 	ERROR 	trialnum=62 ERROR,1 frames were longer than 20.8 ms apparently screen refreshes skipped, interframe durs were:[ 67.4] and was these frames: [102]
461.1119 	INFO 	flankers also=[ 16.8  67.4  16.2]
461.3477 	DATA 	Keypress: q
461.5077 	DATA 	Keypress: q
465.7048 	EXP 	window1: recordFrameIntervals = False
466.1241 	DATA 	Keypress: c
470.1464 	EXP 	window1: recordFrameIntervals = False
470.1468 	ERROR 	trialnum=64 ERROR,1 frames were longer than 20.8 ms apparently screen refreshes skipped, interframe durs were:[ 25.] and was these frames: [3]
470.1471 	INFO 	flankers also=[ 16.6  25.   16.8]
470.2316 	DATA 	Keypress: s
474.5396 	EXP 	window1: recordFrameIntervals = False
474.6414 	DATA 	Keypress: s
478.5537 	DATA 	Keypress: e
478.6004 	EXP 	window1: recordFrameIntervals = False
478.6008 	ERROR 	trialnum=66 ERROR,1 frames were longer than 20.8 ms apparently screen refreshes skipped, interframe durs were:[ 21.] and was these frames: [24]
478.6011 	INFO 	flankers also=[ 16.7  21.   14.1]
479.1363 	DATA 	Keypress: e
483.2274 	EXP 	window1: recordFrameIntervals = False
483.5129 	DATA 	Keypress: s
487.4070 	DATA 	Keypress: e
487.5371 	EXP 	window1: recordFrameIntervals = False
487.7890 	DATA 	Keypress: e
491.2990 	DATA 	Keypress: k
491.4660 	DATA 	Keypress: k
491.6161 	DATA 	Keypress: k
491.7500 	DATA 	Keypress: k
491.8671 	DATA 	Keypress: k
492.0338 	DATA 	Keypress: k
492.0809 	EXP 	window1: recordFrameIntervals = False
492.0813 	ERROR 	trialnum=69 ERROR,2 frames were longer than 20.8 ms apparently screen refreshes skipped, interframe durs were:[ 67.5  58.7] and was these frames: [54 59]
492.0818 	INFO 	flankers also=[ 15.8  67.5  16.2   2.9  58.7  14.8]
492.1997 	DATA 	Keypress: k
492.4395 	DATA 	Keypress: k
492.4901 	DATA 	Keypress: k
498.3621 	DATA 	Keypress: space
502.1848 	EXP 	window1: recordFrameIntervals = False
502.5204 	DATA 	Keypress: d
505.8799 	DATA 	Keypress: d
506.4110 	EXP 	window1: recordFrameIntervals = False
506.4793 	DATA 	Keypress: d
506.6657 	DATA 	Keypress: d
510.2922 	DATA 	Keypress: s
510.5887 	EXP 	window1: recordFrameIntervals = False
510.5891 	ERROR 	trialnum=72 ERROR,1 frames were longer than 20.8 ms apparently screen refreshes skipped, interframe durs were:[ 21.1] and was these frames: [31]
510.5894 	INFO 	flankers also=[ 16.7  21.1  14.1]
510.8574 	DATA 	Keypress: s
514.8017 	DATA 	Keypress: o
514.9852 	DATA 	Keypress: o
515.1522 	DATA 	Keypress: o
515.1656 	EXP 	window1: recordFrameIntervals = False
515.3172 	DATA 	Keypress: o
518.3594 	DATA 	Keypress: x
518.5431 	DATA 	Keypress: x
518.7437 	DATA 	Keypress: x
518.9441 	DATA 	Keypress: x
519.1279 	DATA 	Keypress: x
519.3116 	DATA 	Keypress: x
519.3750 	EXP 	window1: recordFrameIntervals = False
519.5100 	DATA 	Keypress: x
519.7213 	DATA 	Keypress: x
523.7014 	EXP 	window1: recordFrameIntervals = False
523.8537 	DATA 	Keypress: j
524.0012 	DATA 	Keypress: j
527.5135 	DATA 	Keypress: v
527.6970 	DATA 	Keypress: v
527.8650 	DATA 	Keypress: v
528.0476 	DATA 	Keypress: v
528.1613 	EXP 	window1: recordFrameIntervals = False
528.2130 	DATA 	Keypress: v
528.3688 	DATA 	Keypress: v
528.8397 	DATA 	Keypress: v
531.6726 	DATA 	Keypress: u
531.8230 	DATA 	Keypress: u
531.9898 	DATA 	Keypress: u
532.1406 	DATA 	Keypress: u
532.3074 	DATA 	Keypress: u
532.3374 	EXP 	window1: recordFrameIntervals = False
532.3378 	ERROR 	trialnum=77 ERROR,1 frames were longer than 20.8 ms apparently screen refreshes skipped, interframe durs were:[ 67.6] and was these frames: [138]
532.3381 	INFO 	flankers also=[ 16.8  67.6  16. ]
532.4895 	DATA 	Keypress: u
532.6488 	DATA 	Keypress: u
536.8123 	EXP 	window1: recordFrameIntervals = False
536.9977 	DATA 	Keypress: m
537.1446 	DATA 	Keypress: m
537.3042 	DATA 	Keypress: m
540.7247 	DATA 	Keypress: q
540.9249 	DATA 	Keypress: q
541.1256 	DATA 	Keypress: q
541.3092 	DATA 	Keypress: q
541.3559 	EXP 	window1: recordFrameIntervals = False
541.4576 	DATA 	Keypress: q
541.6165 	DATA 	Keypress: q
545.4500 	EXP 	window1: recordFrameIntervals = False
546.2367 	DATA 	Keypress: z
550.5948 	EXP 	window1: recordFrameIntervals = False
551.3982 	DATA 	Keypress: o
555.6729 	EXP 	window1: recordFrameIntervals = False
555.9584 	DATA 	Keypress: s
558.8333 	DATA 	Keypress: o
558.9836 	DATA 	Keypress: o
559.1676 	DATA 	Keypress: o
559.3345 	DATA 	Keypress: o
559.5182 	DATA 	Keypress: o
559.7019 	DATA 	Keypress: o
559.8857 	DATA 	Keypress: o
559.9492 	EXP 	window1: recordFrameIntervals = False
560.0517 	DATA 	Keypress: o
560.2075 	DATA 	Keypress: o
564.0455 	DATA 	Keypress: k
564.2288 	DATA 	Keypress: k
564.3758 	EXP 	window1: recordFrameIntervals = False
564.3848 	DATA 	Keypress: k
564.5675 	DATA 	Keypress: k
565.0222 	DATA 	Keypress: k
568.3048 	DATA 	Keypress: l
568.4382 	DATA 	Keypress: l
568.5884 	DATA 	Keypress: l
568.7188 	EXP 	window1: recordFrameIntervals = False
568.7192 	ERROR 	trialnum=85 ERROR,2 frames were longer than 20.8 ms apparently screen refreshes skipped, interframe durs were:[ 68.8  56.8] and was these frames: [65 69]
568.7196 	INFO 	flankers also=[ 16.7  68.8   3.1   3.   56.8  16.2]
568.7278 	DATA 	Keypress: l
573.0436 	EXP 	window1: recordFrameIntervals = False
573.3798 	DATA 	Keypress: o
577.2863 	EXP 	window1: recordFrameIntervals = False
577.8224 	DATA 	Keypress: o
581.1000 	DATA 	Keypress: x
581.2670 	DATA 	Keypress: x
581.4346 	DATA 	Keypress: x
581.6183 	DATA 	Keypress: x
581.7898 	DATA 	Keypress: x
581.9353 	DATA 	Keypress: x
581.9818 	EXP 	window1: recordFrameIntervals = False
581.9822 	ERROR 	trialnum=88 ERROR,1 frames were longer than 20.8 ms apparently screen refreshes skipped, interframe durs were:[ 67.3] and was these frames: [128]
581.9825 	INFO 	flankers also=[ 16.7  67.3  16.3]
582.1344 	DATA 	Keypress: x
582.2869 	DATA 	Keypress: x
585.5266 	DATA 	Keypress: j
585.7102 	DATA 	Keypress: j
585.8941 	DATA 	Keypress: j
586.0610 	DATA 	Keypress: j
586.1746 	EXP 	window1: recordFrameIntervals = False
586.2262 	DATA 	Keypress: j
586.3665 	DATA 	Keypress: j
589.5190 	DATA 	Keypress: v
589.7032 	DATA 	Keypress: v
589.8697 	DATA 	Keypress: v
590.0199 	DATA 	Keypress: v
590.1872 	DATA 	Keypress: v
590.3876 	DATA 	Keypress: v
590.4007 	EXP 	window1: recordFrameIntervals = False
590.5526 	DATA 	Keypress: v
590.6863 	DATA 	Keypress: v
594.2628 	DATA 	Keypress: g
594.4305 	DATA 	Keypress: g
594.6132 	DATA 	Keypress: g
594.7972 	DATA 	Keypress: g
594.9275 	EXP 	window1: recordFrameIntervals = False
594.9960 	DATA 	Keypress: g
595.1660 	DATA 	Keypress: g
598.8733 	DATA 	Keypress: z
599.1068 	DATA 	Keypress: z
599.1536 	EXP 	window1: recordFrameIntervals = False
599.2888 	DATA 	Keypress: z
599.4541 	DATA 	Keypress: z
603.4132 	EXP 	window1: recordFrameIntervals = False
603.8657 	DATA 	Keypress: t
607.9550 	EXP 	window1: recordFrameIntervals = False
607.9554 	ERROR 	trialnum=94 ERROR,1 frames were longer than 20.8 ms apparently screen refreshes skipped, interframe durs were:[ 68.9] and was these frames: [131]
607.9557 	INFO 	flankers also=[ 16.7  68.9   2.9]
607.9902 	DATA 	Keypress: h
612.0976 	EXP 	window1: recordFrameIntervals = False
612.3162 	DATA 	Keypress: g
616.5592 	EXP 	window1: recordFrameIntervals = False
616.7278 	DATA 	Keypress: g
620.6051 	DATA 	Keypress: r
620.7353 	EXP 	window1: recordFrameIntervals = False
620.8036 	DATA 	Keypress: r
620.9250 	DATA 	Keypress: r
624.1967 	DATA 	Keypress: j
624.4971 	DATA 	Keypress: j
624.6644 	DATA 	Keypress: j
624.7977 	DATA 	Keypress: j
624.9815 	DATA 	Keypress: j
625.1285 	EXP 	window1: recordFrameIntervals = False
625.1634 	DATA 	Keypress: j
625.3091 	DATA 	Keypress: j
625.4687 	DATA 	Keypress: j
629.3880 	EXP 	window1: recordFrameIntervals = False
629.3884 	ERROR 	trialnum=99 ERROR,3 frames were longer than 20.8 ms apparently screen refreshes skipped, interframe durs were:[ 67.4  63.3  31. ] and was these frames: [49 55 57]
629.3890 	INFO 	flankers also=[ 16.   67.4  16.3   8.7  63.3   2.5   2.5  31.    2.6]
629.8906 	DATA 	Keypress: s
634.1820 	EXP 	window1: recordFrameIntervals = False
634.6680 	DATA 	Keypress: q
638.7088 	EXP 	window1: recordFrameIntervals = False
638.7092 	ERROR 	trialnum=101 ERROR,1 frames were longer than 20.8 ms apparently screen refreshes skipped, interframe durs were:[ 67.3] and was these frames: [110]
638.7095 	INFO 	flankers also=[ 16.8  67.3  16.3]
639.5623 	DATA 	Keypress: p
643.2710 	DATA 	Keypress: m
643.7218 	DATA 	Keypress: m
643.9523 	EXP 	window1: recordFrameIntervals = False
643.9706 	DATA 	Keypress: m
644.1480 	DATA 	Keypress: m
644.5946 	DATA 	Keypress: m
647.0460 	DATA 	Keypress: v
647.2465 	DATA 	Keypress: v
647.4134 	DATA 	Keypress: v
647.5640 	DATA 	Keypress: v
647.7308 	DATA 	Keypress: v
647.8815 	DATA 	Keypress: v
647.9782 	EXP 	window1: recordFrameIntervals = False
648.0971 	DATA 	Keypress: v
648.1961 	DATA 	Keypress: v
651.0734 	DATA 	Keypress: q
651.2403 	DATA 	Keypress: q
651.4243 	DATA 	Keypress: q
651.5911 	DATA 	Keypress: q
651.7414 	DATA 	Keypress: q
651.9096 	DATA 	Keypress: q
652.0757 	DATA 	Keypress: q
652.1056 	EXP 	window1: recordFrameIntervals = False
652.2086 	DATA 	Keypress: q
652.3957 	DATA 	Keypress: q
656.4653 	EXP 	window1: recordFrameIntervals = False
657.0525 	DATA 	Keypress: v
657.2117 	DATA 	Keypress: b
658.0204 	DATA 	Keypress: b
661.2927 	EXP 	window1: recordFrameIntervals = False
661.7287 	DATA 	Keypress: j
665.6937 	DATA 	Keypress: b
665.9397 	DATA 	Keypress: b
666.0868 	EXP 	window1: recordFrameIntervals = False
666.0884 	DATA 	Keypress: b
666.2219 	DATA 	Keypress: b
666.3793 	DATA 	Keypress: b
670.5969 	EXP 	window1: recordFrameIntervals = False
670.5973 	ERROR 	trialnum=108 ERROR,1 frames were longer than 20.8 ms apparently screen refreshes skipped, interframe durs were:[ 67.4] and was these frames: [22]
670.5976 	INFO 	flankers also=[ 16.8  67.4  18. ]
671.0159 	DATA 	Keypress: n
675.3910 	EXP 	window1: recordFrameIntervals = False
675.9271 	DATA 	Keypress: g
675.9343 	DATA 	Keypress: t
676.1547 	DATA 	Keypress: r
677.4290 	DATA 	Keypress: r
680.0665 	EXP 	window1: recordFrameIntervals = False
680.5022 	DATA 	Keypress: a
684.6134 	DATA 	Keypress: g
684.6434 	EXP 	window1: recordFrameIntervals = False
685.1459 	DATA 	Keypress: g
689.2052 	EXP 	window1: recordFrameIntervals = False
689.2057 	ERROR 	trialnum=112 ERROR,3 frames were longer than 20.8 ms apparently screen refreshes skipped, interframe durs were:[ 67.4  67.4  30.6] and was these frames: [108 121 123]
689.2062 	INFO 	flankers also=[ 16.8  67.4  19.5  16.7  67.4   2.3   2.3  30.6   2.5]
689.7249 	DATA 	Keypress: c
693.8657 	EXP 	window1: recordFrameIntervals = False
694.5520 	DATA 	Keypress: g
698.5762 	EXP 	window1: recordFrameIntervals = False
698.6112 	DATA 	Keypress: d
702.6354 	EXP 	window1: recordFrameIntervals = False
703.5055 	DATA 	Keypress: q
707.1330 	DATA 	Keypress: f
707.2993 	DATA 	Keypress: f
707.4830 	DATA 	Keypress: f
707.6664 	DATA 	Keypress: f
707.8304 	EXP 	window1: recordFrameIntervals = False
707.8322 	DATA 	Keypress: f
707.9657 	DATA 	Keypress: f
708.1141 	DATA 	Keypress: f
712.3238 	EXP 	window1: recordFrameIntervals = False
712.7094 	DATA 	Keypress: t
712.9133 	DATA 	Keypress: y
717.0660 	EXP 	window1: recordFrameIntervals = False
717.8530 	DATA 	Keypress: l
720.8444 	DATA 	Keypress: w
721.0448 	DATA 	Keypress: w
721.3287 	DATA 	Keypress: w
721.5007 	DATA 	Keypress: w
721.6629 	DATA 	Keypress: w
721.8300 	DATA 	Keypress: w
721.8935 	EXP 	window1: recordFrameIntervals = False
721.9951 	DATA 	Keypress: w
722.1609 	DATA 	Keypress: w
726.2749 	DATA 	Keypress: o
726.3050 	EXP 	window1: recordFrameIntervals = False
726.4400 	DATA 	Keypress: o
726.5767 	DATA 	Keypress: o
726.7123 	DATA 	Keypress: o
730.1173 	DATA 	Keypress: v
730.2342 	DATA 	Keypress: v
730.3343 	DATA 	Keypress: v
730.5009 	DATA 	Keypress: v
730.5478 	EXP 	window1: recordFrameIntervals = False
730.5482 	ERROR 	trialnum=121 ERROR,2 frames were longer than 20.8 ms apparently screen refreshes skipped, interframe durs were:[ 69.1  67.2] and was these frames: [17 22]
730.5486 	INFO 	flankers also=[ 16.7  69.1   2.8   7.   67.2  18.4]
730.6672 	DATA 	Keypress: v
730.7289 	DATA 	Keypress: v
730.8726 	DATA 	Keypress: v
731.2974 	DATA 	Keypress: v
734.0757 	DATA 	Keypress: f
734.2099 	DATA 	Keypress: f
734.3931 	DATA 	Keypress: f
734.5145 	DATA 	Keypress: f
734.6604 	DATA 	Keypress: f
734.7071 	EXP 	window1: recordFrameIntervals = False
734.8255 	DATA 	Keypress: f
734.9603 	DATA 	Keypress: f
737.8676 	DATA 	Keypress: p
738.0346 	DATA 	Keypress: p
738.4535 	DATA 	Keypress: p
738.5863 	DATA 	Keypress: p
738.7364 	DATA 	Keypress: p
738.8871 	DATA 	Keypress: p
739.0372 	DATA 	Keypress: p
739.0502 	EXP 	window1: recordFrameIntervals = False
739.0507 	ERROR 	trialnum=123 ERROR,2 frames were longer than 20.8 ms apparently screen refreshes skipped, interframe durs were:[ 67.4  67.3] and was these frames: [127 140]
739.0512 	INFO 	flankers also=[ 16.7  67.4  16.3  16.8  67.3  16.3]
739.1862 	DATA 	Keypress: p
739.3203 	DATA 	Keypress: p
743.4805 	DATA 	Keypress: t
743.5269 	EXP 	window1: recordFrameIntervals = False
743.6286 	DATA 	Keypress: t
743.7521 	DATA 	Keypress: t
743.8795 	DATA 	Keypress: t
747.8867 	EXP 	window1: recordFrameIntervals = False
747.9551 	DATA 	Keypress: y
748.0799 	DATA 	Keypress: y
748.1915 	DATA 	Keypress: y
748.5825 	DATA 	Keypress: y
751.0956 	DATA 	Keypress: w
751.2794 	DATA 	Keypress: w
751.4132 	DATA 	Keypress: w
751.5798 	DATA 	Keypress: w
751.7478 	DATA 	Keypress: w
751.8975 	DATA 	Keypress: w
752.0310 	DATA 	Keypress: w
752.1812 	DATA 	Keypress: w
752.2447 	EXP 	window1: recordFrameIntervals = False
752.3297 	DATA 	Keypress: w
752.4797 	DATA 	Keypress: w
756.5711 	EXP 	window1: recordFrameIntervals = False
757.0070 	DATA 	Keypress: n
757.1515 	DATA 	Keypress: n
760.4849 	DATA 	Keypress: g
760.6355 	DATA 	Keypress: g
760.7688 	DATA 	Keypress: g
760.9200 	DATA 	Keypress: g
761.0160 	EXP 	window1: recordFrameIntervals = False
761.0175 	DATA 	Keypress: g
761.1343 	DATA 	Keypress: g
761.2633 	DATA 	Keypress: g
765.2289 	DATA 	Keypress: b
765.2756 	EXP 	window1: recordFrameIntervals = False
765.3606 	DATA 	Keypress: b
765.5193 	DATA 	Keypress: b
765.9894 	DATA 	Keypress: b
769.7021 	EXP 	window1: recordFrameIntervals = False
769.7026 	ERROR 	trialnum=130 ERROR,2 frames were longer than 20.8 ms apparently screen refreshes skipped, interframe durs were:[ 67.4  66.9] and was these frames: [ 98 105]
769.7031 	INFO 	flankers also=[ 16.6  67.4  16.1  16.3  66.9  16.8]
770.2550 	DATA 	Keypress: c
770.3995 	DATA 	Keypress: c
774.1789 	EXP 	window1: recordFrameIntervals = False
774.2153 	DATA 	Keypress: h
774.3668 	DATA 	Keypress: g
774.5667 	DATA 	Keypress: g
777.7069 	DATA 	Keypress: w
777.8569 	DATA 	Keypress: w
778.0072 	DATA 	Keypress: w
778.1579 	DATA 	Keypress: w
778.2713 	EXP 	window1: recordFrameIntervals = False
778.3063 	DATA 	Keypress: w
778.4226 	DATA 	Keypress: w
778.5585 	DATA 	Keypress: w
781.6322 	DATA 	Keypress: b
781.7993 	DATA 	Keypress: b
781.9497 	DATA 	Keypress: b
782.1347 	DATA 	Keypress: b
782.2510 	DATA 	Keypress: b
782.4009 	DATA 	Keypress: b
782.5142 	EXP 	window1: recordFrameIntervals = False
782.5146 	ERROR 	trialnum=133 ERROR,1 frames were longer than 20.8 ms apparently screen refreshes skipped, interframe durs were:[ 67.8] and was these frames: [128]
782.5149 	INFO 	flankers also=[ 16.6  67.8  16. ]
782.5509 	DATA 	Keypress: b
782.7108 	DATA 	Keypress: b
786.5251 	DATA 	Keypress: m
786.7924 	DATA 	Keypress: m
786.9391 	EXP 	window1: recordFrameIntervals = False
786.9741 	DATA 	Keypress: m
787.1343 	DATA 	Keypress: m
787.6012 	DATA 	Keypress: m
791.0316 	EXP 	window1: recordFrameIntervals = False
791.4174 	DATA 	Keypress: z
795.3465 	DATA 	Keypress: j
795.6303 	DATA 	Keypress: j
795.7772 	EXP 	window1: recordFrameIntervals = False
795.7955 	DATA 	Keypress: j
795.9580 	DATA 	Keypress: j
799.0556 	DATA 	Keypress: u
799.2051 	DATA 	Keypress: u
799.3719 	DATA 	Keypress: u
799.5221 	DATA 	Keypress: u
799.6727 	DATA 	Keypress: u
799.8234 	DATA 	Keypress: u
799.9733 	DATA 	Keypress: u
800.1370 	EXP 	window1: recordFrameIntervals = False
800.1375 	ERROR 	trialnum=137 ERROR,2 frames were longer than 20.8 ms apparently screen refreshes skipped, interframe durs were:[ 67.5  53.5] and was these frames: [85 90]
800.1380 	INFO 	flankers also=[ 16.7  67.5  16.4   4.7  53.5  16.4]
800.2564 	DATA 	Keypress: u
800.3497 	DATA 	Keypress: u
800.5015 	DATA 	Keypress: u
804.2796 	EXP 	window1: recordFrameIntervals = False
804.7489 	DATA 	Keypress: b
808.8899 	EXP 	window1: recordFrameIntervals = False
809.3766 	DATA 	Keypress: d
810.3732 	DATA 	Keypress: space
811.0463 	DATA 	Keypress: space
813.9382 	DATA 	Keypress: m
814.1884 	DATA 	Keypress: m
814.3889 	DATA 	Keypress: m
814.5526 	EXP 	window1: recordFrameIntervals = False
814.5709 	DATA 	Keypress: m
814.7490 	DATA 	Keypress: m
818.4799 	DATA 	Keypress: g
818.6634 	DATA 	Keypress: g
818.8105 	EXP 	window1: recordFrameIntervals = False
818.8620 	DATA 	Keypress: g
819.0530 	DATA 	Keypress: g
822.8227 	DATA 	Keypress: p
822.8863 	EXP 	window1: recordFrameIntervals = False
823.3386 	DATA 	Keypress: p
827.2478 	EXP 	window1: recordFrameIntervals = False
827.7839 	DATA 	Keypress: j
827.9566 	DATA 	Keypress: p
830.9262 	DATA 	Keypress: f
830.9426 	DATA 	Keypress: a
830.9439 	DATA 	Keypress: k
830.9592 	DATA 	Keypress: j
831.0110 	DATA 	Keypress: l
831.0121 	DATA 	Keypress: space
831.3438 	DATA 	Keypress: a
831.3449 	DATA 	Keypress: space
831.3460 	DATA 	Keypress: f
831.3602 	DATA 	Keypress: l
831.4438 	DATA 	Keypress: d
831.4452 	DATA 	Keypress: s
831.6443 	DATA 	Keypress: j
831.6456 	DATA 	Keypress: k
831.6467 	DATA 	Keypress: l
831.7778 	DATA 	Keypress: a
831.7791 	DATA 	Keypress: d
831.7811 	DATA 	Keypress: s
831.7821 	DATA 	Keypress: space
831.9081 	EXP 	window1: recordFrameIntervals = False
831.9086 	ERROR 	trialnum=144 ERROR,3 frames were longer than 20.8 ms apparently screen refreshes skipped, interframe durs were:[ 67.2  67.2  32.4] and was these frames: [ 2 15 17]
831.9091 	INFO 	flankers also=[ 16.8  67.2  16.3  17.   67.2   2.4   2.4  32.4   3. ]
831.9433 	DATA 	Keypress: k
831.9447 	DATA 	Keypress: space
831.9458 	DATA 	Keypress: f
831.9471 	DATA 	Keypress: j
831.9484 	DATA 	Keypress: l
832.0207 	DATA 	Keypress: a
832.0219 	DATA 	Keypress: d
832.0245 	DATA 	Keypress: s
832.1565 	DATA 	Keypress: s
832.1639 	DATA 	Keypress: d
832.1650 	DATA 	Keypress: f
832.1660 	DATA 	Keypress: space
832.1720 	DATA 	Keypress: l
832.2363 	DATA 	Keypress: a
836.1343 	EXP 	window1: recordFrameIntervals = False
836.5533 	DATA 	Keypress: e
839.5461 	DATA 	Keypress: b
839.6972 	DATA 	Keypress: b
839.8130 	DATA 	Keypress: b
839.9469 	DATA 	Keypress: b
840.0804 	DATA 	Keypress: b
840.2310 	DATA 	Keypress: b
840.3812 	DATA 	Keypress: b
840.4990 	DATA 	Keypress: b
840.6315 	DATA 	Keypress: b
840.6945 	EXP 	window1: recordFrameIntervals = False
840.6951 	ERROR 	trialnum=146 ERROR,2 frames were longer than 20.8 ms apparently screen refreshes skipped, interframe durs were:[ 22.   67.4] and was these frames: [27 91]
840.6955 	INFO 	flankers also=[ 16.9  22.   11.3  16.7  67.4  17.8]
840.7648 	DATA 	Keypress: b
840.9081 	DATA 	Keypress: b
841.0442 	DATA 	Keypress: b
843.8717 	DATA 	Keypress: x
844.0053 	DATA 	Keypress: x
844.1724 	DATA 	Keypress: x
844.4896 	DATA 	Keypress: x
844.6411 	DATA 	Keypress: x
844.7737 	DATA 	Keypress: x
844.9239 	DATA 	Keypress: x
844.9373 	EXP 	window1: recordFrameIntervals = False
845.0449 	DATA 	Keypress: x
845.1960 	DATA 	Keypress: x
845.3402 	DATA 	Keypress: x
849.3304 	EXP 	window1: recordFrameIntervals = False
849.6159 	DATA 	Keypress: o
849.7316 	DATA 	Keypress: o
850.2384 	DATA 	Keypress: o
852.5897 	DATA 	Keypress: z
852.7732 	DATA 	Keypress: z
852.8904 	DATA 	Keypress: z
853.0070 	DATA 	Keypress: z
853.1578 	DATA 	Keypress: z
853.2913 	DATA 	Keypress: z
853.4420 	DATA 	Keypress: z
853.5752 	DATA 	Keypress: z
853.7220 	EXP 	window1: recordFrameIntervals = False
853.7405 	DATA 	Keypress: z
854.0276 	DATA 	Keypress: z
856.8156 	DATA 	Keypress: h
856.9664 	DATA 	Keypress: h
857.1164 	DATA 	Keypress: h
857.2674 	DATA 	Keypress: h
857.4506 	DATA 	Keypress: h
857.5839 	DATA 	Keypress: d
857.7174 	DATA 	Keypress: d
857.8513 	DATA 	Keypress: d
857.8646 	EXP 	window1: recordFrameIntervals = False
857.9998 	DATA 	Keypress: d
858.1396 	DATA 	Keypress: d
858.3074 	DATA 	Keypress: d
862.1926 	EXP 	window1: recordFrameIntervals = False
862.1943 	DATA 	Keypress: p
862.4781 	DATA 	Keypress: q
862.6271 	DATA 	Keypress: q
865.8876 	DATA 	Keypress: x
866.0716 	DATA 	Keypress: s
866.2553 	DATA 	Keypress: s
866.5357 	EXP 	window1: recordFrameIntervals = False
866.6041 	DATA 	Keypress: s
866.7710 	DATA 	Keypress: s
867.2366 	DATA 	Keypress: s
870.6949 	EXP 	window1: recordFrameIntervals = False
871.1154 	DATA 	Keypress: e
874.1108 	DATA 	Keypress: m
874.2565 	DATA 	Keypress: m
874.3737 	DATA 	Keypress: m
874.4900 	DATA 	Keypress: m
874.6243 	DATA 	Keypress: m
874.7574 	DATA 	Keypress: m
874.9123 	DATA 	Keypress: m
875.0253 	DATA 	Keypress: m
875.1583 	DATA 	Keypress: m
875.3053 	EXP 	window1: recordFrameIntervals = False
875.3068 	DATA 	Keypress: m
875.4738 	DATA 	Keypress: m
875.6189 	DATA 	Keypress: m
878.6329 	DATA 	Keypress: p
878.7830 	DATA 	Keypress: p
878.9000 	DATA 	Keypress: p
879.0501 	DATA 	Keypress: p
879.1839 	DATA 	Keypress: p
879.3342 	DATA 	Keypress: p
879.4512 	DATA 	Keypress: p
879.4646 	EXP 	window1: recordFrameIntervals = False
879.6164 	DATA 	Keypress: p
879.7463 	DATA 	Keypress: p
883.8616 	DATA 	Keypress: s
883.8913 	EXP 	window1: recordFrameIntervals = False
884.0196 	DATA 	Keypress: s
884.1787 	DATA 	Keypress: s
884.6432 	DATA 	Keypress: s
888.3662 	EXP 	window1: recordFrameIntervals = False
888.7352 	DATA 	Keypress: j
888.8580 	DATA 	Keypress: u
889.6875 	DATA 	Keypress: u
892.7093 	EXP 	window1: recordFrameIntervals = False
893.1952 	DATA 	Keypress: m
897.1876 	EXP 	window1: recordFrameIntervals = False
897.2393 	DATA 	Keypress: x
900.8492 	DATA 	Keypress: c
901.1673 	DATA 	Keypress: c
901.4346 	DATA 	Keypress: c
901.5641 	EXP 	window1: recordFrameIntervals = False
901.5645 	ERROR 	trialnum=160 ERROR,2 frames were longer than 20.8 ms apparently screen refreshes skipped, interframe durs were:[ 66.9  42. ] and was these frames: [72 76]
901.5649 	INFO 	flankers also=[ 16.5  66.9  17.    5.6  42.   17.8]
901.6833 	DATA 	Keypress: c
905.9275 	DATA 	Keypress: u
905.9573 	EXP 	window1: recordFrameIntervals = False
906.1591 	DATA 	Keypress: u
910.2502 	EXP 	window1: recordFrameIntervals = False
910.2858 	DATA 	Keypress: i
910.5052 	DATA 	Keypress: i
913.3104 	DATA 	Keypress: p
913.5109 	DATA 	Keypress: p
913.6945 	DATA 	Keypress: p
913.8789 	DATA 	Keypress: p
914.0620 	DATA 	Keypress: p
914.2458 	DATA 	Keypress: p
914.3761 	EXP 	window1: recordFrameIntervals = False
914.4276 	DATA 	Keypress: p
914.6170 	DATA 	Keypress: p
917.9376 	DATA 	Keypress: i
918.0928 	DATA 	Keypress: i
918.2718 	DATA 	Keypress: i
918.4552 	DATA 	Keypress: i
918.6558 	DATA 	Keypress: i
918.6857 	EXP 	window1: recordFrameIntervals = False
918.8887 	DATA 	Keypress: i
922.1335 	DATA 	Keypress: k
922.3122 	DATA 	Keypress: k
922.4795 	DATA 	Keypress: k
922.6630 	DATA 	Keypress: k
922.8309 	DATA 	Keypress: k
922.9269 	EXP 	window1: recordFrameIntervals = False
922.9273 	ERROR 	trialnum=165 ERROR,1 frames were longer than 20.8 ms apparently screen refreshes skipped, interframe durs were:[ 25.] and was these frames: [1]
922.9276 	INFO 	flankers also=[ 16.8  25.   16.8]
923.0120 	DATA 	Keypress: k
923.1846 	DATA 	Keypress: k
926.5721 	DATA 	Keypress: t
926.7223 	DATA 	Keypress: t
926.8725 	DATA 	Keypress: t
927.0362 	EXP 	window1: recordFrameIntervals = False
927.0377 	DATA 	Keypress: t
927.2046 	DATA 	Keypress: t
927.3284 	DATA 	Keypress: t
931.5813 	EXP 	window1: recordFrameIntervals = False
931.5818 	ERROR 	trialnum=167 ERROR,3 frames were longer than 20.8 ms apparently screen refreshes skipped, interframe durs were:[ 20.9  69.2  67.2] and was these frames: [10 83 88]
931.5823 	INFO 	flankers also=[ 16.7  20.9  14.2  16.8  69.2   2.7   6.8  67.2  17.3]
932.0338 	DATA 	Keypress: g
932.1684 	DATA 	Keypress: g
936.3252 	EXP 	window1: recordFrameIntervals = False
936.7611 	DATA 	Keypress: b
940.6387 	DATA 	Keypress: x
940.8186 	EXP 	window1: recordFrameIntervals = False
940.8203 	DATA 	Keypress: x
941.0039 	DATA 	Keypress: x
944.5139 	DATA 	Keypress: b
944.8645 	DATA 	Keypress: b
945.0326 	DATA 	Keypress: b
945.1651 	DATA 	Keypress: b
945.3154 	DATA 	Keypress: b
945.3288 	EXP 	window1: recordFrameIntervals = False
945.4486 	DATA 	Keypress: b
945.6004 	DATA 	Keypress: b
949.2748 	DATA 	Keypress: j
949.3377 	EXP 	window1: recordFrameIntervals = False
949.4571 	DATA 	Keypress: j
949.5836 	DATA 	Keypress: j
953.2163 	DATA 	Keypress: o
953.3836 	DATA 	Keypress: o
953.5505 	DATA 	Keypress: o
953.6307 	EXP 	window1: recordFrameIntervals = False
953.7499 	DATA 	Keypress: o
953.8795 	DATA 	Keypress: o
957.7420 	DATA 	Keypress: e
957.9086 	DATA 	Keypress: e
958.0595 	DATA 	Keypress: e
958.1558 	EXP 	window1: recordFrameIntervals = False
958.2749 	DATA 	Keypress: e
958.4393 	DATA 	Keypress: e
962.2317 	EXP 	window1: recordFrameIntervals = False
962.3501 	DATA 	Keypress: v
962.5033 	DATA 	Keypress: v
962.6467 	DATA 	Keypress: v
966.2293 	DATA 	Keypress: r
966.2923 	EXP 	window1: recordFrameIntervals = False
966.2927 	ERROR 	trialnum=175 ERROR,2 frames were longer than 20.8 ms apparently screen refreshes skipped, interframe durs were:[ 67.3  26.2] and was these frames: [10 13]
966.2931 	INFO 	flankers also=[ 16.7  67.3  20.3   5.4  26.2  16.4]
966.4278 	DATA 	Keypress: r
966.6150 	DATA 	Keypress: r
969.8545 	DATA 	Keypress: c
970.0041 	DATA 	Keypress: c
970.1877 	DATA 	Keypress: c
970.3380 	DATA 	Keypress: c
970.5052 	DATA 	Keypress: c
970.5519 	EXP 	window1: recordFrameIntervals = False
971.0211 	DATA 	Keypress: c
975.2499 	DATA 	Keypress: i
975.3460 	EXP 	window1: recordFrameIntervals = False
975.4644 	DATA 	Keypress: i
975.6705 	DATA 	Keypress: i
978.4567 	DATA 	Keypress: k
978.6571 	DATA 	Keypress: k
978.8405 	DATA 	Keypress: k
979.0076 	DATA 	Keypress: k
979.1578 	DATA 	Keypress: k
979.5220 	EXP 	window1: recordFrameIntervals = False
979.5570 	DATA 	Keypress: k
979.7185 	DATA 	Keypress: k
979.8622 	DATA 	Keypress: k
983.0001 	DATA 	Keypress: j
983.1341 	DATA 	Keypress: j
983.3008 	DATA 	Keypress: j
983.4173 	DATA 	Keypress: j
983.5352 	DATA 	Keypress: j
983.6846 	DATA 	Keypress: j
983.8193 	DATA 	Keypress: j
983.8319 	EXP 	window1: recordFrameIntervals = False
983.9848 	DATA 	Keypress: j
984.0626 	DATA 	Keypress: j
984.2061 	DATA 	Keypress: j
986.8422 	DATA 	Keypress: k
986.9754 	DATA 	Keypress: k
987.1257 	DATA 	Keypress: k
987.2596 	DATA 	Keypress: k
987.3976 	DATA 	Keypress: k
987.5601 	DATA 	Keypress: k
987.6945 	DATA 	Keypress: k
987.8607 	DATA 	Keypress: k
987.9910 	EXP 	window1: recordFrameIntervals = False
988.0594 	DATA 	Keypress: k
988.2221 	DATA 	Keypress: k
988.6837 	DATA 	Keypress: k
991.1332 	DATA 	Keypress: i
991.2500 	DATA 	Keypress: i
991.3839 	DATA 	Keypress: i
991.5340 	DATA 	Keypress: i
991.6842 	DATA 	Keypress: i
991.8186 	DATA 	Keypress: i
991.9516 	DATA 	Keypress: i
992.0856 	DATA 	Keypress: i
992.2354 	DATA 	Keypress: i
992.3158 	EXP 	window1: recordFrameIntervals = False
992.3672 	DATA 	Keypress: i
992.5021 	DATA 	Keypress: i
995.5095 	DATA 	Keypress: w
995.6596 	DATA 	Keypress: w
995.8437 	DATA 	Keypress: w
996.0944 	DATA 	Keypress: w
996.2745 	EXP 	window1: recordFrameIntervals = False
996.2749 	ERROR 	trialnum=182 ERROR,2 frames were longer than 20.8 ms apparently screen refreshes skipped, interframe durs were:[ 67.4  43. ] and was these frames: [28 32]
996.2753 	INFO 	flankers also=[ 16.7  67.4  18.    2.9  43.   16.4]
996.2768 	DATA 	Keypress: w
996.4597 	DATA 	Keypress: w
996.6061 	DATA 	Keypress: w
996.7655 	DATA 	Keypress: w
1000.4354 	EXP 	window1: recordFrameIntervals = False
1000.9214 	DATA 	Keypress: e
1005.2128 	EXP 	window1: recordFrameIntervals = False
1005.5318 	DATA 	Keypress: b
1009.5893 	EXP 	window1: recordFrameIntervals = False
1009.5897 	ERROR 	trialnum=185 ERROR,2 frames were longer than 20.8 ms apparently screen refreshes skipped, interframe durs were:[ 67.1  28. ] and was these frames: [3 6]
1009.5901 	INFO 	flankers also=[ 17.1  67.1  16.3   5.7  28.   16.3]
1010.1098 	DATA 	Keypress: s
1010.3093 	DATA 	Keypress: x
1013.9357 	DATA 	Keypress: m
1014.1195 	DATA 	Keypress: m
1014.2714 	DATA 	Keypress: m
1014.4028 	EXP 	window1: recordFrameIntervals = False
1014.4032 	ERROR 	trialnum=186 ERROR,1 frames were longer than 20.8 ms apparently screen refreshes skipped, interframe durs were:[ 67.4] and was these frames: [152]
1014.4035 	INFO 	flankers also=[ 16.7  67.4  16.3]
1014.7022 	DATA 	Keypress: m
1018.7097 	EXP 	window1: recordFrameIntervals = False
1019.1455 	DATA 	Keypress: p
1022.7729 	DATA 	Keypress: s
1023.0694 	EXP 	window1: recordFrameIntervals = False
1023.1379 	DATA 	Keypress: s
1023.4447 	DATA 	Keypress: s
1027.3607 	EXP 	window1: recordFrameIntervals = False
1027.6629 	DATA 	Keypress: u
1031.7372 	EXP 	window1: recordFrameIntervals = False
1031.7376 	ERROR 	trialnum=190 ERROR,1 frames were longer than 20.8 ms apparently screen refreshes skipped, interframe durs were:[ 67.4] and was these frames: [4]
1031.7379 	INFO 	flankers also=[ 16.7  67.4  17.8]
1032.0731 	DATA 	Keypress: m
1036.0652 	EXP 	window1: recordFrameIntervals = False
1036.4343 	DATA 	Keypress: m
1040.3916 	EXP 	window1: recordFrameIntervals = False
1040.6772 	DATA 	Keypress: i
1044.5426 	DATA 	Keypress: r
1044.9052 	DATA 	Keypress: r
1044.9351 	EXP 	window1: recordFrameIntervals = False
1045.1035 	DATA 	Keypress: r
1049.1446 	EXP 	window1: recordFrameIntervals = False
1049.5142 	DATA 	Keypress: a
1053.6591 	DATA 	Keypress: a
1053.6766 	EXP 	window1: recordFrameIntervals = False
1053.6771 	ERROR 	trialnum=195 ERROR,2 frames were longer than 20.8 ms apparently screen refreshes skipped, interframe durs were:[ 67.4  66.7] and was these frames: [139 151]
1053.6775 	INFO 	flankers also=[ 16.7  67.4  16.3  17.5  66.7  16.3]
1054.0235 	DATA 	Keypress: a
1058.1814 	EXP 	window1: recordFrameIntervals = False
1058.4837 	DATA 	Keypress: z
1062.4814 	DATA 	Keypress: y
1062.7935 	DATA 	Keypress: y
1062.8736 	EXP 	window1: recordFrameIntervals = False
1063.2437 	DATA 	Keypress: y
1067.4840 	EXP 	window1: recordFrameIntervals = False
1067.8696 	DATA 	Keypress: g
1071.8788 	EXP 	window1: recordFrameIntervals = False
1071.8792 	ERROR 	trialnum=199 ERROR,2 frames were longer than 20.8 ms apparently screen refreshes skipped, interframe durs were:[ 67.4  67.2] and was these frames: [15 21]
1071.8796 	INFO 	flankers also=[ 16.7  67.4  16.2   5.1  67.2  16.4]
1072.3145 	DATA 	Keypress: a
1075.6912 	DATA 	Keypress: j
1075.9580 	DATA 	Keypress: j
1076.1753 	DATA 	Keypress: j
1076.3759 	DATA 	Keypress: j
1076.5225 	EXP 	window1: recordFrameIntervals = False
1076.6745 	DATA 	Keypress: j
1080.6020 	DATA 	Keypress: s
1080.6818 	EXP 	window1: recordFrameIntervals = False
1080.6822 	ERROR 	trialnum=201 ERROR,1 frames were longer than 20.8 ms apparently screen refreshes skipped, interframe durs were:[ 67.3] and was these frames: [106]
1080.6825 	INFO 	flankers also=[ 16.8  67.3  18.1]
1080.7671 	DATA 	Keypress: c
1080.9465 	DATA 	Keypress: c
1084.9413 	EXP 	window1: recordFrameIntervals = False
1085.6277 	DATA 	Keypress: o
1089.0206 	DATA 	Keypress: h
1089.2382 	DATA 	Keypress: h
1089.4047 	DATA 	Keypress: h
1089.5554 	DATA 	Keypress: h
1089.7218 	DATA 	Keypress: h
1089.7354 	EXP 	window1: recordFrameIntervals = False
1089.9039 	DATA 	Keypress: h
1090.0659 	DATA 	Keypress: h
1093.8781 	EXP 	window1: recordFrameIntervals = False
1093.8785 	ERROR 	trialnum=204 ERROR,2 frames were longer than 20.8 ms apparently screen refreshes skipped, interframe durs were:[ 67.5  67.9] and was these frames: [45 56]
1093.8789 	INFO 	flankers also=[ 17.2  67.5  15.9  16.8  67.9  15.7]
1094.0799 	DATA 	Keypress: w
1098.0357 	EXP 	window1: recordFrameIntervals = False
1098.4882 	DATA 	Keypress: f
1102.4656 	DATA 	Keypress: k
1102.7666 	DATA 	Keypress: k
1102.7963 	EXP 	window1: recordFrameIntervals = False
1102.7967 	ERROR 	trialnum=206 ERROR,1 frames were longer than 20.8 ms apparently screen refreshes skipped, interframe durs were:[ 54.8] and was these frames: [3]
1102.7970 	INFO 	flankers also=[  4.3  54.8  16.3]
1103.0155 	DATA 	Keypress: k
1106.7605 	DATA 	Keypress: a
1106.9940 	DATA 	Keypress: a
1107.0074 	EXP 	window1: recordFrameIntervals = False
1107.1936 	DATA 	Keypress: a
1110.5522 	DATA 	Keypress: r
1110.7191 	DATA 	Keypress: r
1110.9028 	DATA 	Keypress: r
1111.0697 	DATA 	Keypress: r
1111.1334 	EXP 	window1: recordFrameIntervals = False
1111.2349 	DATA 	Keypress: r
1111.3851 	DATA 	Keypress: r
1114.4777 	DATA 	Keypress: i
1114.6283 	DATA 	Keypress: i
1114.8122 	DATA 	Keypress: i
1114.9792 	DATA 	Keypress: i
1115.3093 	EXP 	window1: recordFrameIntervals = False
1115.3279 	DATA 	Keypress: i
1115.4890 	DATA 	Keypress: i
1115.6566 	DATA 	Keypress: i
1116.2808 	DATA 	Keypress: space
1120.3743 	DATA 	Keypress: u
1120.3875 	EXP 	window1: recordFrameIntervals = False
1120.6227 	DATA 	Keypress: u
1120.8005 	DATA 	Keypress: u
1123.9820 	DATA 	Keypress: p
1124.2038 	DATA 	Keypress: p
1124.3664 	DATA 	Keypress: p
1124.5166 	DATA 	Keypress: p
1124.6340 	DATA 	Keypress: p
1124.7972 	EXP 	window1: recordFrameIntervals = False
1124.7987 	DATA 	Keypress: p
1124.9489 	DATA 	Keypress: p
1125.0804 	DATA 	Keypress: p
1128.7747 	DATA 	Keypress: q
1129.0084 	DATA 	Keypress: q
1129.0384 	EXP 	window1: recordFrameIntervals = False
1129.1735 	DATA 	Keypress: q
1129.3445 	DATA 	Keypress: q
1133.2645 	EXP 	window1: recordFrameIntervals = False
1133.2730 	DATA 	Keypress: e
1133.4800 	DATA 	Keypress: e
1133.9099 	DATA 	Keypress: e
1137.1123 	DATA 	Keypress: q
1137.2953 	DATA 	Keypress: q
1137.4791 	DATA 	Keypress: q
1137.5792 	DATA 	Keypress: q
1137.6092 	EXP 	window1: recordFrameIntervals = False
1137.7278 	DATA 	Keypress: q
1137.8799 	DATA 	Keypress: q
1141.9523 	EXP 	window1: recordFrameIntervals = False
1141.9527 	ERROR 	trialnum=215 ERROR,1 frames were longer than 20.8 ms apparently screen refreshes skipped, interframe durs were:[ 67.3] and was these frames: [73]
1141.9530 	INFO 	flankers also=[ 16.8  67.3  16.4]
1142.0038 	DATA 	Keypress: g
1142.1362 	DATA 	Keypress: g
1142.2796 	DATA 	Keypress: g
1146.0484 	DATA 	Keypress: g
1146.0782 	EXP 	window1: recordFrameIntervals = False
1146.1966 	DATA 	Keypress: g
1146.3275 	DATA 	Keypress: g
1149.3557 	DATA 	Keypress: e
1149.5237 	DATA 	Keypress: e
1149.7064 	DATA 	Keypress: e
1149.8900 	DATA 	Keypress: e
1150.0738 	DATA 	Keypress: e
1150.2375 	EXP 	window1: recordFrameIntervals = False
1150.2394 	DATA 	Keypress: e
1150.4059 	DATA 	Keypress: e
1150.5434 	DATA 	Keypress: e
1154.1834 	DATA 	Keypress: m
1154.5674 	DATA 	Keypress: i
1154.7174 	DATA 	Keypress: i
1154.7310 	EXP 	window1: recordFrameIntervals = False
1154.8722 	DATA 	Keypress: i
1155.0238 	DATA 	Keypress: i
1157.8246 	DATA 	Keypress: 7
1157.9463 	DATA 	Keypress: u
1158.1084 	DATA 	Keypress: u
1158.2255 	DATA 	Keypress: u
1158.5436 	DATA 	Keypress: u
1158.6935 	DATA 	Keypress: u
1158.8444 	DATA 	Keypress: u
1158.9404 	EXP 	window1: recordFrameIntervals = False
1158.9753 	DATA 	Keypress: u
1159.1005 	DATA 	Keypress: u
1159.2388 	DATA 	Keypress: u
1162.3830 	DATA 	Keypress: e
1162.5332 	DATA 	Keypress: e
1162.6840 	DATA 	Keypress: e
1162.8341 	DATA 	Keypress: e
1162.9677 	DATA 	Keypress: e
1162.9978 	EXP 	window1: recordFrameIntervals = False
1162.9982 	ERROR 	trialnum=220 ERROR,1 frames were longer than 20.8 ms apparently screen refreshes skipped, interframe durs were:[ 67.5] and was these frames: [97]
1162.9985 	INFO 	flankers also=[ 16.8  67.5  16.1]
1163.1502 	DATA 	Keypress: e
1163.2629 	DATA 	Keypress: e
1167.2574 	EXP 	window1: recordFrameIntervals = False
1167.7935 	DATA 	Keypress: y
1172.0029 	EXP 	window1: recordFrameIntervals = False
1172.5724 	DATA 	Keypress: n
1176.8639 	EXP 	window1: recordFrameIntervals = False
1176.9324 	DATA 	Keypress: x
1180.8765 	DATA 	Keypress: a
1181.1401 	EXP 	window1: recordFrameIntervals = False
1181.1755 	DATA 	Keypress: a
1181.4380 	DATA 	Keypress: a
1185.4664 	EXP 	window1: recordFrameIntervals = False
1185.4864 	DATA 	Keypress: a
1189.4921 	EXP 	window1: recordFrameIntervals = False
1189.9447 	DATA 	Keypress: t
1194.1024 	EXP 	window1: recordFrameIntervals = False
1194.1028 	ERROR 	trialnum=227 ERROR,1 frames were longer than 20.8 ms apparently screen refreshes skipped, interframe durs were:[ 67.6] and was these frames: [31]
1194.1031 	INFO 	flankers also=[ 16.8  67.6  16. ]
1194.5551 	DATA 	Keypress: y
1198.7782 	EXP 	window1: recordFrameIntervals = False
1198.8463 	DATA 	Keypress: a
1202.1891 	DATA 	Keypress: s
1202.6240 	DATA 	Keypress: s
1202.7535 	EXP 	window1: recordFrameIntervals = False
1202.7539 	ERROR 	trialnum=229 ERROR,1 frames were longer than 20.8 ms apparently screen refreshes skipped, interframe durs were:[ 68.9] and was these frames: [65]
1202.7541 	INFO 	flankers also=[ 16.6  68.9   2.7]
1202.9724 	DATA 	Keypress: s
1207.1650 	EXP 	window1: recordFrameIntervals = False
1207.4339 	DATA 	Keypress: k
1211.5748 	EXP 	window1: recordFrameIntervals = False
1212.6790 	DATA 	Keypress: j
1212.8448 	DATA 	Keypress: f
1214.6234 	DATA 	Keypress: f
1215.7877 	DATA 	Keypress: h
1215.9380 	DATA 	Keypress: h
1216.0883 	DATA 	Keypress: h
1216.2389 	DATA 	Keypress: h
1216.3724 	DATA 	Keypress: h
1216.5235 	DATA 	Keypress: h
1216.6562 	DATA 	Keypress: h
1216.7900 	DATA 	Keypress: h
1216.8200 	EXP 	window1: recordFrameIntervals = False
1216.9549 	DATA 	Keypress: h
1217.0686 	DATA 	Keypress: h
1220.6154 	DATA 	Keypress: m
1220.7323 	DATA 	Keypress: m
1220.8457 	EXP 	window1: recordFrameIntervals = False
1220.8642 	DATA 	Keypress: m
1221.1166 	DATA 	Keypress: v
1221.4916 	DATA 	Keypress: v
1224.7747 	DATA 	Keypress: s
1224.9247 	DATA 	Keypress: s
1225.1586 	DATA 	Keypress: s
1225.2388 	EXP 	window1: recordFrameIntervals = False
1225.4575 	DATA 	Keypress: s
1228.8884 	DATA 	Keypress: r
1229.0851 	DATA 	Keypress: r
1229.2511 	DATA 	Keypress: r
1229.4348 	DATA 	Keypress: r
1229.5858 	DATA 	Keypress: r
1229.6822 	EXP 	window1: recordFrameIntervals = False
1229.7336 	DATA 	Keypress: r
1229.8761 	DATA 	Keypress: r
1232.8413 	DATA 	Keypress: y
1232.9744 	DATA 	Keypress: y
1233.1417 	DATA 	Keypress: y
1233.2754 	DATA 	Keypress: y
1233.4096 	DATA 	Keypress: y
1233.5260 	DATA 	Keypress: y
1233.6426 	DATA 	Keypress: y
1233.7763 	DATA 	Keypress: y
1233.8932 	DATA 	Keypress: y
1233.9066 	EXP 	window1: recordFrameIntervals = False
1234.0918 	DATA 	Keypress: y
1238.1328 	EXP 	window1: recordFrameIntervals = False
1238.5687 	DATA 	Keypress: b
1242.3639 	DATA 	Keypress: o
1242.5146 	DATA 	Keypress: o
1242.6646 	DATA 	Keypress: o
1242.7948 	EXP 	window1: recordFrameIntervals = False
1242.7953 	ERROR 	trialnum=238 ERROR,2 frames were longer than 20.8 ms apparently screen refreshes skipped, interframe durs were:[ 67.2  53.8] and was these frames: [81 86]
1242.7958 	INFO 	flankers also=[ 17.1  67.2  16.3   3.   53.8  15.8]
1242.8135 	DATA 	Keypress: o
1242.9797 	DATA 	Keypress: o
1243.4470 	DATA 	Keypress: o
1245.7884 	DATA 	Keypress: m
1245.9385 	DATA 	Keypress: m
1246.0888 	DATA 	Keypress: m
1246.3737 	DATA 	Keypress: m
1246.5231 	DATA 	Keypress: m
1246.6786 	DATA 	Keypress: m
1246.8239 	DATA 	Keypress: m
1246.8706 	EXP 	window1: recordFrameIntervals = False
1246.9556 	DATA 	Keypress: m
1247.0993 	DATA 	Keypress: m
1250.0478 	DATA 	Keypress: r
1250.1979 	DATA 	Keypress: r
1250.3322 	DATA 	Keypress: r
1250.5324 	DATA 	Keypress: r
1250.6665 	DATA 	Keypress: r
1250.7829 	DATA 	Keypress: r
1250.9331 	DATA 	Keypress: r
1251.0675 	DATA 	Keypress: r
1251.2169 	DATA 	Keypress: r
1251.2637 	EXP 	window1: recordFrameIntervals = False
1251.3487 	DATA 	Keypress: r
1251.4833 	DATA 	Keypress: r
1255.3395 	EXP 	window1: recordFrameIntervals = False
1255.5415 	DATA 	Keypress: s
1255.6591 	DATA 	Keypress: l
1255.8028 	DATA 	Keypress: l
1257.6647 	DATA 	Keypress: s
1257.7147 	DATA 	Keypress: l
1259.8830 	EXP 	window1: recordFrameIntervals = False
1259.9848 	DATA 	Keypress: c
1260.1231 	DATA 	Keypress: c
1260.2748 	DATA 	Keypress: c
1263.2941 	DATA 	Keypress: w
1263.4454 	DATA 	Keypress: w
1263.6457 	DATA 	Keypress: w
1263.8289 	DATA 	Keypress: w
1263.9789 	DATA 	Keypress: w
1264.1426 	EXP 	window1: recordFrameIntervals = False
1264.1430 	ERROR 	trialnum=243 ERROR,1 frames were longer than 20.8 ms apparently screen refreshes skipped, interframe durs were:[ 67.6] and was these frames: [27]
1264.1432 	INFO 	flankers also=[ 16.8  67.6  16. ]
1264.1446 	DATA 	Keypress: w
1264.3115 	DATA 	Keypress: w
1268.2668 	EXP 	window1: recordFrameIntervals = False
1268.3185 	DATA 	Keypress: w
1268.4665 	DATA 	Keypress: w
1272.1959 	DATA 	Keypress: n
1272.3961 	DATA 	Keypress: n
1272.4095 	EXP 	window1: recordFrameIntervals = False
1272.5622 	DATA 	Keypress: n
1275.4224 	DATA 	Keypress: b
1275.6718 	DATA 	Keypress: b
1276.0396 	DATA 	Keypress: b
1276.1898 	DATA 	Keypress: b
1276.3566 	DATA 	Keypress: b
1276.5203 	EXP 	window1: recordFrameIntervals = False
1276.5219 	DATA 	Keypress: b
1276.7065 	DATA 	Keypress: b
1280.4667 	DATA 	Keypress: u
1280.6494 	DATA 	Keypress: u
1280.7631 	EXP 	window1: recordFrameIntervals = False
1280.7980 	DATA 	Keypress: u
1285.1563 	EXP 	window1: recordFrameIntervals = False
1285.4753 	DATA 	Keypress: u
1285.6262 	DATA 	Keypress: u
1288.9849 	DATA 	Keypress: e
1289.1357 	DATA 	Keypress: e
1289.2857 	DATA 	Keypress: e
1289.3991 	EXP 	window1: recordFrameIntervals = False
1289.6344 	DATA 	Keypress: e
1289.7456 	DATA 	Keypress: e
1293.6253 	EXP 	window1: recordFrameIntervals = False
1293.6441 	DATA 	Keypress: i
1293.7856 	DATA 	Keypress: i
1296.6688 	DATA 	Keypress: d
1296.6866 	DATA 	Keypress: f
1296.8691 	DATA 	Keypress: c
1297.0365 	DATA 	Keypress: c
1297.3369 	DATA 	Keypress: c
1297.4920 	DATA 	Keypress: c
1297.6378 	DATA 	Keypress: c
1297.6844 	EXP 	window1: recordFrameIntervals = False
1297.8028 	DATA 	Keypress: c
1297.9614 	DATA 	Keypress: c
1301.8420 	EXP 	window1: recordFrameIntervals = False
1302.3619 	DATA 	Keypress: u
1305.2877 	DATA 	Keypress: i
1305.4367 	DATA 	Keypress: i
1305.6207 	DATA 	Keypress: i
1305.7884 	DATA 	Keypress: i
1305.9713 	DATA 	Keypress: i
1306.2853 	EXP 	window1: recordFrameIntervals = False
1306.7213 	DATA 	Keypress: i
1310.2827 	DATA 	Keypress: f
1310.5164 	DATA 	Keypress: f
1310.7004 	DATA 	Keypress: f
1310.8837 	DATA 	Keypress: f
1311.0174 	DATA 	Keypress: f
1311.0309 	EXP 	window1: recordFrameIntervals = False
1311.1826 	DATA 	Keypress: f
1315.4742 	EXP 	window1: recordFrameIntervals = False
1315.5759 	DATA 	Keypress: f
1315.7204 	DATA 	Keypress: f
1315.8802 	DATA 	Keypress: f
1318.6848 	DATA 	Keypress: l
1318.9523 	DATA 	Keypress: l
1319.1356 	DATA 	Keypress: l
1319.3360 	DATA 	Keypress: l
1319.4999 	EXP 	window1: recordFrameIntervals = False
1319.5087 	DATA 	Keypress: l
1319.6803 	DATA 	Keypress: l
1323.0279 	DATA 	Keypress: r
1323.3953 	DATA 	Keypress: r
1323.5423 	EXP 	window1: recordFrameIntervals = False
1323.5427 	ERROR 	trialnum=257 ERROR,2 frames were longer than 20.8 ms apparently screen refreshes skipped, interframe durs were:[ 67.4  67.3] and was these frames: [ 98 110]
1323.5431 	INFO 	flankers also=[ 16.6  67.4  16.3  16.8  67.3  16.3]
1323.8612 	DATA 	Keypress: r
1327.9688 	EXP 	window1: recordFrameIntervals = False
1328.1042 	DATA 	Keypress: x
1328.3441 	DATA 	Keypress: x
1332.0314 	DATA 	Keypress: f
1332.2117 	EXP 	window1: recordFrameIntervals = False
1332.2133 	DATA 	Keypress: f
1332.3801 	DATA 	Keypress: f
1336.5865 	EXP 	window1: recordFrameIntervals = False
1337.0225 	DATA 	Keypress: k
1340.5324 	DATA 	Keypress: w
1340.8994 	DATA 	Keypress: w
1341.2337 	DATA 	Keypress: w
1341.3137 	EXP 	window1: recordFrameIntervals = False
1341.5157 	DATA 	Keypress: w
1345.7587 	EXP 	window1: recordFrameIntervals = False
1346.2614 	DATA 	Keypress: k
1350.2387 	DATA 	Keypress: t
1350.4396 	DATA 	Keypress: t
1350.5193 	EXP 	window1: recordFrameIntervals = False
1350.6711 	DATA 	Keypress: t
1350.8950 	DATA 	Keypress: t
1354.9961 	EXP 	window1: recordFrameIntervals = False
1354.9965 	ERROR 	trialnum=264 ERROR,2 frames were longer than 20.8 ms apparently screen refreshes skipped, interframe durs were:[ 67.5  67.3] and was these frames: [ 8 14]
1354.9969 	INFO 	flankers also=[ 16.7  67.5  16.3   7.5  67.3  16.4]
1355.0649 	DATA 	Keypress: c
1355.1912 	DATA 	Keypress: c
1358.9581 	DATA 	Keypress: d
1359.1251 	DATA 	Keypress: d
1359.2055 	EXP 	window1: recordFrameIntervals = False
1359.5246 	DATA 	Keypress: d
1363.4483 	EXP 	window1: recordFrameIntervals = False
1363.4488 	ERROR 	trialnum=266 ERROR,3 frames were longer than 20.8 ms apparently screen refreshes skipped, interframe durs were:[ 67.5  67.2  32.4] and was these frames: [112 123 125]
1363.4493 	INFO 	flankers also=[ 16.7  67.5  17.9  17.   67.2   2.6   2.6  32.4   3.4]
1363.9176 	DATA 	Keypress: d
1367.6782 	DATA 	Keypress: j
1367.8959 	DATA 	Keypress: j
1367.9918 	EXP 	window1: recordFrameIntervals = False
1368.0602 	DATA 	Keypress: j
1368.2145 	DATA 	Keypress: j
1371.7185 	DATA 	Keypress: h
1371.8854 	DATA 	Keypress: h
1372.0190 	DATA 	Keypress: h
1372.2196 	DATA 	Keypress: h
1372.3666 	EXP 	window1: recordFrameIntervals = False
1372.4181 	DATA 	Keypress: h
1372.5822 	DATA 	Keypress: h
1376.3957 	DATA 	Keypress: f
1376.5457 	DATA 	Keypress: f
1376.7132 	DATA 	Keypress: f
1376.7598 	EXP 	window1: recordFrameIntervals = False
1376.8789 	DATA 	Keypress: f
1377.0384 	DATA 	Keypress: f
1381.1546 	EXP 	window1: recordFrameIntervals = False
1381.5571 	DATA 	Keypress: i
1384.7994 	DATA 	Keypress: d
1384.9833 	DATA 	Keypress: d
1385.1501 	DATA 	Keypress: d
1385.3172 	DATA 	Keypress: d
1385.5009 	DATA 	Keypress: d
1385.6515 	DATA 	Keypress: d
1385.6647 	EXP 	window1: recordFrameIntervals = False
1385.8174 	DATA 	Keypress: d
1385.9581 	DATA 	Keypress: d
1390.0913 	EXP 	window1: recordFrameIntervals = False
1390.2598 	DATA 	Keypress: m
1393.8539 	DATA 	Keypress: l
1394.0366 	DATA 	Keypress: l
1394.2045 	DATA 	Keypress: l
1394.2506 	EXP 	window1: recordFrameIntervals = False
1394.2511 	ERROR 	trialnum=273 ERROR,1 frames were longer than 20.8 ms apparently screen refreshes skipped, interframe durs were:[ 67.4] and was these frames: [44]
1394.2513 	INFO 	flankers also=[ 16.6  67.4  16.3]
1394.3705 	DATA 	Keypress: l
1394.4933 	DATA 	Keypress: l
1398.3932 	EXP 	window1: recordFrameIntervals = False
1398.7622 	DATA 	Keypress: h
1402.3067 	DATA 	Keypress: x
1402.4556 	DATA 	Keypress: x
1402.6073 	DATA 	Keypress: x
1402.7731 	DATA 	Keypress: x
1402.9567 	DATA 	Keypress: x
1403.0036 	EXP 	window1: recordFrameIntervals = False
1403.1387 	DATA 	Keypress: x
1403.2530 	DATA 	Keypress: x
1406.7637 	DATA 	Keypress: k
1406.9305 	DATA 	Keypress: k
1407.1146 	DATA 	Keypress: k
1407.3449 	EXP 	window1: recordFrameIntervals = False
1408.0644 	DATA 	Keypress: k
1412.2101 	DATA 	Keypress: g
1412.2225 	EXP 	window1: recordFrameIntervals = False
1412.3751 	DATA 	Keypress: g
1412.5415 	DATA 	Keypress: g
1416.5840 	EXP 	window1: recordFrameIntervals = False
1417.6386 	DATA 	Keypress: g
1417.8213 	DATA 	Keypress: a
1417.9252 	DATA 	Keypress: d
1418.4097 	DATA 	Keypress: f
1421.1654 	DATA 	Keypress: z
1421.3208 	DATA 	Keypress: z
1421.4827 	DATA 	Keypress: z
1421.6497 	DATA 	Keypress: z
1421.7121 	EXP 	window1: recordFrameIntervals = False
1421.8324 	DATA 	Keypress: z
1422.0613 	DATA 	Keypress: z
1422.3511 	INFO 	Finishing at 20:21 on 06 Mar 2019
1425.3070 	EXP 	window1: mouseVisible = True
