8.5076 	ERROR 	Screen apparently NOT the desired resolution of 1920x1200 pixels!!
10.2004 	WARNING 	User requested fullscreen with size [1920 1200], but screen is actually [1440, 900]. Using actual size
11.0991 	INFO 	Successfully set darwin thread to realtime
12.1737 	INFO 	#[ PsychoPy3 RuntimeInfoStart ]
  #[[ PsychoPy ]] #---------
    psychopyVersion: 3.0.2
    psychopyHaveExtRush: True
  #[[ Experiment ]] #---------
    experimentRunTime: 2019_03_28 14:20 (Year_Month_Day Hour:Min)
    experimentRunTime.epoch: 1553797236
    experimentScript: 2_06Mar2019_18-59.py
    experimentScript.digestSHA1: b7d49823a6ec234fa8bf0c528cca37ffe031e5f7
    experimentScript.directory: /Users/supadhy6/Documents/GitHub/spatio_temporal_information_processing/RSVP_visual_now
  #[[ System ]] #---------
    systemHaveInternetAccess: True
    systemHostName: pbs-jf-aldi.local
    systemLocale: C
    systemMemFreeRAM: 6783.83984375
    systemMemTotalRAM: 16384.0
    systemPlatform: darwin 10.14.3 x86_64
    systemRavailable: R version 3.4.1 (2017-06-30) -- Single Candle
    systemRebooted: Mar 27 11:03
    systemSec.OpenSSLVersion: OpenSSL 1.1.1a  20 Nov 2018
    systemSec.pythonSSL: True
    systemTimeNumpySD1000000_sec: 0.0031
    systemUser: supadhy6
    systemUserID: 1903061739
    systemUserProcCount: 263
    systemUserProcFlagged: mdworker KeyNote Dropbox iTunes Safari 'Google Chrome'
    systemUsersCount: 1
  #[[ Window ]] #---------
    windowWinType: pyglet
    windowUnits: deg
    windowSize_pix: [2880 1800]
    windowScreen: 0
    windowRgb: [-0.7 -0.7 -0.7]
    windowRefreshTimeSD_ms: 2.740
    windowRefreshTimeMedian_ms: 16.526
    windowRefreshTimeAvg_ms: 16.782
    windowPos_pix: [0.0, 0.0]
    windowMonitor.name: testmonitor
    windowMonitor.getWidth_cm: 52.0
    windowMonitor.getDistance_cm: 65.0
    windowMonitor.currentCalibName: 2019_01_28 08:48
    windowIsFullScr: True
  #[[ Python ]] #---------
    pythonVersion: 3.6.0
  #[[ OpenGL ]] #---------
#[ PsychoPy3 RuntimeInfoEnd ]

12.1750 	WARNING 	Could not load the desired click sound file, instead using manually created inferior click
12.3577 	EXP 	Created sequence: random, trialTypes=280, nReps=14, seed=None
12.5762 	INFO 	total SOA (ISI + letterDur)=100.0 or 6 frames, comprising
ISIframes =3 or 50.0 ms and letterDurFrames =3 or 50.0ms
cueDurFrames =3 or 50.0 ms

12.5762 	INFO 	numtrials=280 and each trialDurFrames=156 or 2600.0 ms  task=T1
12.9371 	EXP 	Created text = TextStim(__class__=<class 'psychopy.visual.text.TextStim'>, alignHoriz='center', alignVert='center', antialias=True, autoLog=True, bold=False, color=array([1., 1., 1.]), colorSpace='rgb', contrast=1.0, depth=-1.0, flipHoriz=False, flipVert=False, font='Arial', fontFiles=[], height=0.5, italic=False, languageStyle='LTR', name='text', opacity=1.0, ori=0, pos=array([0., 0.]), rgb=array([1., 1., 1.]), text='', units='deg', win=Window(...), wrapWidth=30)
13.0752 	EXP 	text: text = "Welcome! Thank you for agreeing to participate in this study.\n\nYou will be presented with a Rapid Stream of letters. Your task is to identify one of the letters.\n\nThe letter you're supposed to identify is accompanied by a probe that can appear anywhere on the horizontal axis of the screen.\n\nThe probe is a circular disk that will be flashed for a very brief time.\n\nThis probe is embedded in another Rapid Stream of letters.\n\nYour task is identify the foveal letter that was present when the probe appeared.\n\nOnce you've identified the letter after the trial ends, type it out on the keyboard.\n\nOh! And one more thing! You will perform this task while fixating in the center, and detecting the probe with your peripheral vision.\n\nIf you're feeling uncomfortable, you can press ESC key any time to stop the experiment.\n\nPress any key when you are ready to begin the experiment.\n\n"
13.0752 	EXP 	text: autoDraw = True
17.5379 	DATA 	Keypress: space
17.5394 	EXP 	text: autoDraw = False
17.5405 	INFO 	Experiment will have 280 trials. Letters will be drawn with superposed noise of0.00%
17.5405 	INFO 	Starting main (non-staircase) part of experiment
21.1231 	EXP 	window1: recordFrameIntervals = False
21.1519 	ERROR 	trialnum=0 ERROR,4 frames were longer than 21.67 ms apparently screen refreshes skipped, interframe durs were:[22.1 21.8 21.9 21.7] and was these frames: [ 47  83 107 131]
21.1522 	INFO 	flankers also=[17.1 22.1 10.9 17.  21.8 11.5 16.1 21.9 12.2 16.9 21.7 11.7]
25.4084 	DATA 	Keypress: l
29.6056 	EXP 	window1: recordFrameIntervals = False
32.8263 	DATA 	Keypress: m
36.7776 	DATA 	Keypress: escape
36.9455 	DATA 	Keypress: escape
37.0395 	EXP 	window1: recordFrameIntervals = False
37.0405 	ERROR 	trialnum=2 ERROR,5 frames were longer than 21.67 ms apparently screen refreshes skipped, interframe durs were:[32.5 33.  31.3 33.  33.7] and was these frames: [ 19  28  49 105 127]
37.0409 	INFO 	flankers also=[17.1 32.5 17.3 16.5 33.  16.2 17.1 31.3 19.  17.  33.  17.5 16.  33.7
 17.7]
37.1572 	DATA 	Keypress: escape
37.1728 	INFO 	Finishing at 14:21 on 28 Mar 2019
37.1728 	ERROR 	user aborted experiment on keypress with trials done=2 of 281
37.5401 	EXP 	window1: mouseVisible = True
