33.3175 	INFO 	Successfully set darwin thread to realtime
34.3388 	INFO 	#[ PsychoPy3 RuntimeInfoStart ]
  #[[ PsychoPy ]] #---------
    psychopyVersion: 3.0.3
    psychopyHaveExtRush: True
  #[[ Experiment ]] #---------
    experimentRunTime: 2019_02_13 10:47 (Year_Month_Day Hour:Min)
    experimentRunTime.epoch: 1550072839
    experimentScript: RSVP_visual_now.py
    experimentScript.digestSHA1: 3c04adefc855676c6b884b5c48e94d0fc51bd44d
    experimentScript.directory: /Users/vsg/Documents/GitHub/spatio_temporal_information_processing/RSVP_visual_now
  #[[ System ]] #---------
    systemHaveInternetAccess: True
    systemHostName: VSG-lab1.local
    systemLocale: C
    systemMemFreeRAM: 1456.55859375
    systemMemTotalRAM: 4096.0
    systemPlatform: darwin 10.10.5 x86_64
    systemRavailable: R version 3.2.3 (2015-12-10) -- Wooden Christmas-Tree
    systemRebooted: Feb 4 16:27
    systemSec.OpenSSLVersion: OpenSSL 0.9.8zg 14 July 2015
    systemSec.pythonSSL: True
    systemTimeNumpySD1000000_sec: 0.0133
    systemUser: vsg
    systemUserID: 502
    systemUserProcCount: 85
    systemUserProcFlagged: mdworker Safari
    systemUsersCount: 1
  #[[ Window ]] #---------
    windowWinType: pyglet
    windowUnits: deg
    windowSize_pix: [1920 1200]
    windowScreen: 0
    windowRgb: [-0.7 -0.7 -0.7]
    windowRefreshTimeSD_ms: 0.046
    windowRefreshTimeMedian_ms: 16.705
    windowRefreshTimeAvg_ms: 16.704
    windowPos_pix: [0, 0]
    windowMonitor.name: testmonitor
    windowMonitor.getWidth_cm: 52.0
    windowMonitor.getDistance_cm: 65.0
    windowMonitor.currentCalibName: 2019_02_04 12:46
    windowIsFullScr: True
  #[[ Python ]] #---------
    pythonVersion: 2.7.13
  #[[ OpenGL ]] #---------
#[ PsychoPy3 RuntimeInfoEnd ]

34.3412 	WARNING 	Could not load the desired click sound file, instead using manually created inferior click
34.7402 	EXP 	Created sequence: random, trialTypes=280, nReps=14, seed=None
34.9802 	INFO 	numtrials=280 and each trialDurFrames=156 or 2600.0 ms  task=T1
35.5314 	EXP 	Created text = TextStim(alignHoriz='center', alignVert='center', antialias=True, autoLog=True, bold=False, color=array([ 1.,  1.,  1.]), colorSpace='rgb', contrast=1.0, depth=-1.0, flipHoriz=False, flipVert=False, font='Arial', fontFiles=[], height=0.5, italic=False, languageStyle='LTR', name='text', opacity=1.0, ori=0, pos=array([ 0.,  0.]), rgb=array([ 1.,  1.,  1.]), text='', units='deg', win=Window(...), wrapWidth=30)
36.3676 	EXP 	text: text = "Welcome! Thank you for agreeing to participate in this study.\n\nYou will be presented with a Rapid Stream of letters. Your task is to identify one of the letters.\n\nThe letter you're supposed to identify is accompanied by a probe that can appear anywhere on the horizontal axis of the screen.\n\nThe probe is a circular disk that will be flashed for a very brief time.\n\nThe location of the probe is constant through out a block. This study has 4 blocks with breaks in between.\n\nOnce you've identified the letter after the trial ends, type it out on the keyboard.\n\nOh! And one more thing! You will perform this task while fixating in the center, and detecting the probe with your peripheral vision.If you're feeling uncomfortable, you can press ESC key any time to stop the experiment.\n\nPress any key when you are ready to begin the experiment.\n\n"
36.3676 	EXP 	text: autoDraw = True
173.6770 	DATA 	Keypress: return
173.6780 	EXP 	text: autoDraw = False
173.6783 	INFO 	Experiment will have 280 trials. Letters will be drawn with superposed noise of0.00%
173.6784 	INFO 	Starting main (non-staircase) part of experiment
177.1391 	EXP 	window1: recordFrameIntervals = False
179.1609 	DATA 	Keypress: lshift
179.5637 	DATA 	Keypress: g
183.6052 	EXP 	window1: recordFrameIntervals = False
183.6056 	ERROR 	trialnum=1 ERROR,1 frames were longer than 20.8 ms apparently screen refreshes skipped, interframe durs were:[ 21.] and was these frames: [120]
183.6058 	INFO 	flankers also=[ 16.6  21.   14. ]
185.0256 	DATA 	Keypress: lshift
185.2280 	DATA 	Keypress: r
189.1844 	EXP 	window1: recordFrameIntervals = False
190.7058 	DATA 	Keypress: w
194.8637 	EXP 	window1: recordFrameIntervals = False
196.6350 	DATA 	Keypress: lshift
196.9532 	DATA 	Keypress: f
200.8605 	EXP 	window1: recordFrameIntervals = False
202.1640 	DATA 	Keypress: lshift
202.2996 	DATA 	Keypress: t
206.3061 	EXP 	window1: recordFrameIntervals = False
207.5762 	DATA 	Keypress: lshift
207.7774 	DATA 	Keypress: g
211.8853 	EXP 	window1: recordFrameIntervals = False
212.9381 	DATA 	Keypress: lshift
213.1562 	DATA 	Keypress: v
216.9966 	EXP 	window1: recordFrameIntervals = False
217.8501 	DATA 	Keypress: lshift
218.0338 	DATA 	Keypress: d
221.9895 	EXP 	window1: recordFrameIntervals = False
223.0759 	DATA 	Keypress: lshift
223.2103 	DATA 	Keypress: p
227.2514 	EXP 	window1: recordFrameIntervals = False
228.6566 	DATA 	Keypress: lshift
229.2589 	DATA 	Keypress: r
233.4502 	EXP 	window1: recordFrameIntervals = False
234.3862 	DATA 	Keypress: lshift
234.5874 	DATA 	Keypress: s
238.6117 	EXP 	window1: recordFrameIntervals = False
240.4330 	DATA 	Keypress: lshift
240.6847 	DATA 	Keypress: v
244.6419 	EXP 	window1: recordFrameIntervals = False
246.2127 	DATA 	Keypress: lshift
246.3304 	DATA 	Keypress: w
250.3714 	EXP 	window1: recordFrameIntervals = False
251.5924 	DATA 	Keypress: lshift
251.7771 	DATA 	Keypress: k
256.0675 	EXP 	window1: recordFrameIntervals = False
257.2041 	DATA 	Keypress: lshift
257.3384 	DATA 	Keypress: t
261.4462 	EXP 	window1: recordFrameIntervals = False
262.8165 	DATA 	Keypress: lshift
264.4377 	DATA 	Keypress: g
268.2615 	EXP 	window1: recordFrameIntervals = False
268.9644 	DATA 	Keypress: w
273.2543 	EXP 	window1: recordFrameIntervals = False
274.4754 	DATA 	Keypress: q
278.7166 	EXP 	window1: recordFrameIntervals = False
281.8267 	DATA 	Keypress: w
285.9678 	EXP 	window1: recordFrameIntervals = False
287.6240 	DATA 	Keypress: g
291.8643 	EXP 	window1: recordFrameIntervals = False
293.3358 	DATA 	Keypress: k
297.5771 	EXP 	window1: recordFrameIntervals = False
299.4326 	DATA 	Keypress: t
303.6741 	EXP 	window1: recordFrameIntervals = False
304.4441 	DATA 	Keypress: y
308.3513 	EXP 	window1: recordFrameIntervals = False
311.7937 	DATA 	Keypress: t
315.6008 	EXP 	window1: recordFrameIntervals = False
316.7715 	DATA 	Keypress: y
320.9778 	EXP 	window1: recordFrameIntervals = False
321.8147 	DATA 	Keypress: j
325.8722 	EXP 	window1: recordFrameIntervals = False
326.8259 	DATA 	Keypress: s
330.9852 	EXP 	window1: recordFrameIntervals = False
332.3733 	DATA 	Keypress: y
336.2470 	EXP 	window1: recordFrameIntervals = False
337.5514 	DATA 	Keypress: y
341.7427 	EXP 	window1: recordFrameIntervals = False
342.9469 	DATA 	Keypress: e
347.1883 	EXP 	window1: recordFrameIntervals = False
348.1918 	DATA 	Keypress: p
352.2829 	EXP 	window1: recordFrameIntervals = False
353.7378 	DATA 	Keypress: q
357.6784 	EXP 	window1: recordFrameIntervals = False
359.0162 	DATA 	Keypress: q
362.9068 	EXP 	window1: recordFrameIntervals = False
364.3950 	DATA 	Keypress: v
368.4342 	EXP 	window1: recordFrameIntervals = False
369.5724 	DATA 	Keypress: n
373.4788 	EXP 	window1: recordFrameIntervals = False
373.9981 	DATA 	Keypress: m
378.1576 	EXP 	window1: recordFrameIntervals = False
378.5266 	DATA 	Keypress: s
382.3337 	EXP 	window1: recordFrameIntervals = False
383.2538 	DATA 	Keypress: w
387.0943 	EXP 	window1: recordFrameIntervals = False
387.6970 	DATA 	Keypress: r
391.4874 	EXP 	window1: recordFrameIntervals = False
392.5580 	DATA 	Keypress: z
396.6490 	EXP 	window1: recordFrameIntervals = False
397.0680 	DATA 	Keypress: w
401.1925 	EXP 	window1: recordFrameIntervals = False
403.2152 	DATA 	Keypress: p
407.2728 	EXP 	window1: recordFrameIntervals = False
408.4603 	DATA 	Keypress: q
412.5329 	EXP 	window1: recordFrameIntervals = False
415.4576 	DATA 	Keypress: z
419.4834 	EXP 	window1: recordFrameIntervals = False
421.7900 	DATA 	Keypress: g
425.9980 	EXP 	window1: recordFrameIntervals = False
428.5222 	DATA 	Keypress: q
432.7297 	EXP 	window1: recordFrameIntervals = False
433.2991 	DATA 	Keypress: a
437.4570 	EXP 	window1: recordFrameIntervals = False
438.0766 	DATA 	Keypress: z
442.2678 	EXP 	window1: recordFrameIntervals = False
443.2714 	DATA 	Keypress: w
447.1955 	EXP 	window1: recordFrameIntervals = False
448.4998 	DATA 	Keypress: m
452.5742 	EXP 	window1: recordFrameIntervals = False
452.9601 	DATA 	Keypress: t
456.7987 	EXP 	window1: recordFrameIntervals = False
456.7991 	ERROR 	trialnum=51 ERROR,1 frames were longer than 20.8 ms apparently screen refreshes skipped, interframe durs were:[ 41.3] and was these frames: [7]
456.7994 	INFO 	flankers also=[ 16.6  41.3   1.8]
457.2176 	DATA 	Keypress: g
461.2420 	EXP 	window1: recordFrameIntervals = False
461.8615 	DATA 	Keypress: q
465.8541 	EXP 	window1: recordFrameIntervals = False
467.2585 	DATA 	Keypress: p
471.1157 	EXP 	window1: recordFrameIntervals = False
472.3040 	DATA 	Keypress: e
476.2773 	EXP 	window1: recordFrameIntervals = False
476.6964 	DATA 	Keypress: i
480.5869 	EXP 	window1: recordFrameIntervals = False
481.1564 	DATA 	Keypress: z
485.1304 	EXP 	window1: recordFrameIntervals = False
486.4014 	DATA 	Keypress: g
490.3755 	EXP 	window1: recordFrameIntervals = False
490.9951 	DATA 	Keypress: s
495.1863 	EXP 	window1: recordFrameIntervals = False
496.2234 	DATA 	Keypress: m
500.0806 	EXP 	window1: recordFrameIntervals = False
500.5332 	DATA 	Keypress: b
504.6559 	EXP 	window1: recordFrameIntervals = False
504.8911 	DATA 	Keypress: u
508.9989 	EXP 	window1: recordFrameIntervals = False
509.3512 	DATA 	Keypress: w
513.4606 	EXP 	window1: recordFrameIntervals = False
514.6312 	DATA 	Keypress: u
518.8392 	EXP 	window1: recordFrameIntervals = False
519.7928 	DATA 	Keypress: o
523.7837 	EXP 	window1: recordFrameIntervals = False
524.2195 	DATA 	Keypress: b
528.2437 	EXP 	window1: recordFrameIntervals = False
528.7128 	DATA 	Keypress: f
532.7871 	EXP 	window1: recordFrameIntervals = False
533.3565 	DATA 	Keypress: a
537.5979 	EXP 	window1: recordFrameIntervals = False
538.7186 	DATA 	Keypress: x
542.7929 	EXP 	window1: recordFrameIntervals = False
543.9135 	DATA 	Keypress: d
554.7246 	DATA 	Keypress: space
558.5599 	EXP 	window1: recordFrameIntervals = False
558.5603 	ERROR 	trialnum=70 ERROR,1 frames were longer than 20.8 ms apparently screen refreshes skipped, interframe durs were:[ 21.1] and was these frames: [9]
558.5606 	INFO 	flankers also=[ 16.7  21.1  12.5]
560.6159 	DATA 	Keypress: a
564.4435 	EXP 	window1: recordFrameIntervals = False
568.0176 	DATA 	Keypress: b
571.8246 	EXP 	window1: recordFrameIntervals = False
576.8875 	DATA 	Keypress: s
580.9617 	EXP 	window1: recordFrameIntervals = False
581.9821 	DATA 	Keypress: f
585.9228 	EXP 	window1: recordFrameIntervals = False
587.6949 	DATA 	Keypress: g
591.9697 	EXP 	window1: recordFrameIntervals = False
592.4388 	DATA 	Keypress: a
596.5466 	EXP 	window1: recordFrameIntervals = False
597.0159 	DATA 	Keypress: r
600.9565 	EXP 	window1: recordFrameIntervals = False
601.3423 	DATA 	Keypress: b
605.1475 	EXP 	window1: recordFrameIntervals = False
605.7503 	DATA 	Keypress: m
609.6576 	EXP 	window1: recordFrameIntervals = False
610.5778 	DATA 	Keypress: e
614.7039 	EXP 	window1: recordFrameIntervals = False
615.0729 	DATA 	Keypress: a
619.3477 	EXP 	window1: recordFrameIntervals = False
619.8169 	DATA 	Keypress: p
623.9413 	EXP 	window1: recordFrameIntervals = False
624.2936 	DATA 	Keypress: w
628.1507 	EXP 	window1: recordFrameIntervals = False
628.6199 	DATA 	Keypress: e
632.6942 	EXP 	window1: recordFrameIntervals = False
633.5978 	DATA 	Keypress: z
637.7389 	EXP 	window1: recordFrameIntervals = False
638.1912 	DATA 	Keypress: e
641.9817 	EXP 	window1: recordFrameIntervals = False
642.3842 	DATA 	Keypress: s
646.5235 	EXP 	window1: recordFrameIntervals = False
646.9594 	DATA 	Keypress: b
650.8332 	EXP 	window1: recordFrameIntervals = False
652.0708 	DATA 	Keypress: m
656.3305 	EXP 	window1: recordFrameIntervals = False
657.1672 	DATA 	Keypress: q
661.2249 	EXP 	window1: recordFrameIntervals = False
661.6273 	DATA 	Keypress: s
665.7683 	EXP 	window1: recordFrameIntervals = False
666.1707 	DATA 	Keypress: g
670.3953 	EXP 	window1: recordFrameIntervals = False
670.9481 	DATA 	Keypress: c
674.8553 	EXP 	window1: recordFrameIntervals = False
675.5418 	DATA 	Keypress: z
679.6828 	EXP 	window1: recordFrameIntervals = False
680.8203 	DATA 	Keypress: b
684.9279 	EXP 	window1: recordFrameIntervals = False
685.3470 	DATA 	Keypress: c
689.1691 	EXP 	window1: recordFrameIntervals = False
689.6550 	DATA 	Keypress: c
693.6458 	EXP 	window1: recordFrameIntervals = False
694.2651 	DATA 	Keypress: g
698.4080 	EXP 	window1: recordFrameIntervals = False
698.8606 	DATA 	Keypress: i
702.8683 	EXP 	window1: recordFrameIntervals = False
703.8049 	DATA 	Keypress: k
707.2809 	DATA 	Keypress: b
707.6455 	EXP 	window1: recordFrameIntervals = False
708.7671 	DATA 	Keypress: b
712.9740 	EXP 	window1: recordFrameIntervals = False
714.7962 	DATA 	Keypress: b
718.7536 	EXP 	window1: recordFrameIntervals = False
719.3899 	DATA 	Keypress: a
723.5143 	EXP 	window1: recordFrameIntervals = False
724.0169 	DATA 	Keypress: q
727.8406 	EXP 	window1: recordFrameIntervals = False
729.5459 	DATA 	Keypress: l
733.5851 	EXP 	window1: recordFrameIntervals = False
734.0879 	DATA 	Keypress: q
738.3124 	EXP 	window1: recordFrameIntervals = False
738.7982 	DATA 	Keypress: w
742.9745 	EXP 	window1: recordFrameIntervals = False
743.4614 	DATA 	Keypress: r
747.5515 	EXP 	window1: recordFrameIntervals = False
748.3045 	DATA 	Keypress: l
752.3622 	EXP 	window1: recordFrameIntervals = False
753.3993 	DATA 	Keypress: e
757.4068 	EXP 	window1: recordFrameIntervals = False
757.7925 	DATA 	Keypress: q
761.9169 	EXP 	window1: recordFrameIntervals = False
762.6036 	DATA 	Keypress: t
766.6442 	EXP 	window1: recordFrameIntervals = False
768.0989 	DATA 	Keypress: l
772.1733 	EXP 	window1: recordFrameIntervals = False
772.9766 	DATA 	Keypress: k
777.1661 	EXP 	window1: recordFrameIntervals = False
778.9048 	DATA 	Keypress: e
782.8986 	DATA 	Keypress: c
782.9625 	EXP 	window1: recordFrameIntervals = False
784.2852 	DATA 	Keypress: c
788.4764 	EXP 	window1: recordFrameIntervals = False
789.9981 	DATA 	Keypress: b
794.0556 	EXP 	window1: recordFrameIntervals = False
794.5749 	DATA 	Keypress: q
798.7494 	EXP 	window1: recordFrameIntervals = False
800.1540 	DATA 	Keypress: l
804.2618 	EXP 	window1: recordFrameIntervals = False
805.3156 	DATA 	Keypress: b
809.5235 	EXP 	window1: recordFrameIntervals = False
810.3100 	DATA 	Keypress: r
814.4178 	EXP 	window1: recordFrameIntervals = False
814.9538 	DATA 	Keypress: f
818.8778 	EXP 	window1: recordFrameIntervals = False
822.2369 	DATA 	Keypress: b
826.0923 	EXP 	window1: recordFrameIntervals = False
827.0459 	DATA 	Keypress: a
831.1871 	EXP 	window1: recordFrameIntervals = False
832.1240 	DATA 	Keypress: e
835.9828 	EXP 	window1: recordFrameIntervals = False
836.3684 	DATA 	Keypress: r
840.2590 	EXP 	window1: recordFrameIntervals = False
840.6781 	DATA 	Keypress: d
844.9194 	EXP 	window1: recordFrameIntervals = False
845.3722 	DATA 	Keypress: y
849.1790 	EXP 	window1: recordFrameIntervals = False
850.1327 	DATA 	Keypress: r
854.3072 	EXP 	window1: recordFrameIntervals = False
855.4613 	DATA 	Keypress: r
859.7193 	EXP 	window1: recordFrameIntervals = False
860.1717 	DATA 	Keypress: w
864.3296 	EXP 	window1: recordFrameIntervals = False
864.8156 	DATA 	Keypress: c
868.9567 	EXP 	window1: recordFrameIntervals = False
870.9626 	DATA 	Keypress: d
874.8348 	EXP 	window1: recordFrameIntervals = False
875.3039 	DATA 	Keypress: p
879.3282 	EXP 	window1: recordFrameIntervals = False
880.3988 	DATA 	Keypress: h
884.2241 	EXP 	window1: recordFrameIntervals = False
884.6433 	DATA 	Keypress: b
888.8512 	EXP 	window1: recordFrameIntervals = False
889.3370 	DATA 	Keypress: d
893.3613 	EXP 	window1: recordFrameIntervals = False
894.1979 	DATA 	Keypress: b
898.0051 	EXP 	window1: recordFrameIntervals = False
898.9754 	DATA 	Keypress: q
902.9661 	EXP 	window1: recordFrameIntervals = False
903.7860 	DATA 	Keypress: p
925.7653 	DATA 	Keypress: space
929.6409 	EXP 	window1: recordFrameIntervals = False
930.7115 	DATA 	Keypress: q
934.8358 	EXP 	window1: recordFrameIntervals = False
936.8601 	DATA 	Keypress: v
940.7508 	EXP 	window1: recordFrameIntervals = False
941.3203 	DATA 	Keypress: x
945.2441 	EXP 	window1: recordFrameIntervals = False
945.7968 	DATA 	Keypress: u
949.7041 	EXP 	window1: recordFrameIntervals = False
950.5575 	DATA 	Keypress: t
954.5817 	EXP 	window1: recordFrameIntervals = False
955.0510 	DATA 	Keypress: b
958.9081 	EXP 	window1: recordFrameIntervals = False
959.3104 	DATA 	Keypress: v
963.3013 	EXP 	window1: recordFrameIntervals = False
963.7205 	DATA 	Keypress: v
967.7613 	EXP 	window1: recordFrameIntervals = False
968.2638 	DATA 	Keypress: u
972.2864 	EXP 	window1: recordFrameIntervals = False
973.0897 	DATA 	Keypress: i
977.0136 	EXP 	window1: recordFrameIntervals = False
977.5663 	DATA 	Keypress: t
981.5922 	EXP 	window1: recordFrameIntervals = False
982.0783 	DATA 	Keypress: b
985.9520 	EXP 	window1: recordFrameIntervals = False
986.3542 	DATA 	Keypress: p
990.3952 	EXP 	window1: recordFrameIntervals = False
990.9148 	DATA 	Keypress: q
995.0389 	EXP 	window1: recordFrameIntervals = False
995.7588 	DATA 	Keypress: w
999.7495 	EXP 	window1: recordFrameIntervals = False
1000.1351 	DATA 	Keypress: w
1004.1928 	EXP 	window1: recordFrameIntervals = False
1004.2445 	DATA 	Keypress: w
1008.5192 	EXP 	window1: recordFrameIntervals = False
1009.0385 	DATA 	Keypress: k
1013.3116 	EXP 	window1: recordFrameIntervals = False
1013.9811 	DATA 	Keypress: l
1018.2226 	EXP 	window1: recordFrameIntervals = False
1019.5954 	DATA 	Keypress: t
1023.4860 	EXP 	window1: recordFrameIntervals = False
1023.8551 	DATA 	Keypress: b
1027.7789 	EXP 	window1: recordFrameIntervals = False
1028.2314 	DATA 	Keypress: t
1032.3391 	EXP 	window1: recordFrameIntervals = False
1033.2260 	DATA 	Keypress: j
1037.2836 	EXP 	window1: recordFrameIntervals = False
1038.2371 	DATA 	Keypress: g
1042.3115 	EXP 	window1: recordFrameIntervals = False
1043.2651 	DATA 	Keypress: b
1047.2893 	EXP 	window1: recordFrameIntervals = False
1047.7085 	DATA 	Keypress: s
1051.9148 	EXP 	window1: recordFrameIntervals = False
1052.3338 	DATA 	Keypress: g
1056.2077 	EXP 	window1: recordFrameIntervals = False
1056.6936 	DATA 	Keypress: c
1060.5858 	EXP 	window1: recordFrameIntervals = False
1061.5727 	DATA 	Keypress: d
1065.6639 	EXP 	window1: recordFrameIntervals = False
1066.6175 	DATA 	Keypress: b
1070.4245 	EXP 	window1: recordFrameIntervals = False
1070.9103 	DATA 	Keypress: a
1074.7007 	EXP 	window1: recordFrameIntervals = False
1074.7024 	DATA 	Keypress: y
1075.2869 	DATA 	Keypress: y
1079.0772 	EXP 	window1: recordFrameIntervals = False
1080.9672 	DATA 	Keypress: c
1085.0739 	EXP 	window1: recordFrameIntervals = False
1085.5932 	DATA 	Keypress: r
1089.4838 	EXP 	window1: recordFrameIntervals = False
1090.5043 	DATA 	Keypress: p
1094.6271 	EXP 	window1: recordFrameIntervals = False
1094.9793 	DATA 	Keypress: x
1098.8531 	EXP 	window1: recordFrameIntervals = False
1099.8402 	DATA 	Keypress: q
1103.9995 	EXP 	window1: recordFrameIntervals = False
1104.5188 	DATA 	Keypress: e
1108.5765 	EXP 	window1: recordFrameIntervals = False
1109.7473 	DATA 	Keypress: w
1113.6212 	EXP 	window1: recordFrameIntervals = False
1114.5915 	DATA 	Keypress: n
1118.7827 	EXP 	window1: recordFrameIntervals = False
1119.7531 	DATA 	Keypress: x
1123.9443 	EXP 	window1: recordFrameIntervals = False
1124.4804 	DATA 	Keypress: y
1128.7216 	EXP 	window1: recordFrameIntervals = False
1129.9925 	DATA 	Keypress: r
1133.9167 	EXP 	window1: recordFrameIntervals = False
1134.4527 	DATA 	Keypress: q
1138.7107 	EXP 	window1: recordFrameIntervals = False
1139.4804 	DATA 	Keypress: w
1143.7369 	EXP 	window1: recordFrameIntervals = False
1144.2060 	DATA 	Keypress: e
1148.3306 	EXP 	window1: recordFrameIntervals = False
1148.8499 	DATA 	Keypress: q
1152.8926 	EXP 	window1: recordFrameIntervals = False
1153.5119 	DATA 	Keypress: g
1157.6865 	EXP 	window1: recordFrameIntervals = False
1158.4397 	DATA 	Keypress: t
1162.5640 	EXP 	window1: recordFrameIntervals = False
1163.5678 	DATA 	Keypress: b
1167.4250 	EXP 	window1: recordFrameIntervals = False
1167.9442 	DATA 	Keypress: e
1172.1523 	EXP 	window1: recordFrameIntervals = False
1172.6883 	DATA 	Keypress: l
1176.6623 	EXP 	window1: recordFrameIntervals = False
1177.7662 	DATA 	Keypress: g
1181.9074 	EXP 	window1: recordFrameIntervals = False
1182.8944 	DATA 	Keypress: y
1186.9671 	EXP 	window1: recordFrameIntervals = False
1188.3217 	DATA 	Keypress: k
1192.2122 	EXP 	window1: recordFrameIntervals = False
1193.0337 	DATA 	Keypress: p
1196.9411 	EXP 	window1: recordFrameIntervals = False
1198.0450 	DATA 	Keypress: g
1202.0692 	EXP 	window1: recordFrameIntervals = False
1203.4906 	DATA 	Keypress: b
1207.5482 	EXP 	window1: recordFrameIntervals = False
1208.1176 	DATA 	Keypress: l
1211.9080 	EXP 	window1: recordFrameIntervals = False
1212.6945 	DATA 	Keypress: q
1216.6519 	EXP 	window1: recordFrameIntervals = False
1217.7391 	DATA 	Keypress: p
1221.8468 	EXP 	window1: recordFrameIntervals = False
1222.2492 	DATA 	Keypress: p
1226.0563 	EXP 	window1: recordFrameIntervals = False
1226.9429 	DATA 	Keypress: m
1230.9489 	EXP 	window1: recordFrameIntervals = False
1231.7355 	DATA 	Keypress: k
1235.6263 	EXP 	window1: recordFrameIntervals = False
1236.7635 	DATA 	Keypress: v
1240.9061 	EXP 	window1: recordFrameIntervals = False
1241.5758 	DATA 	Keypress: b
1245.6668 	EXP 	window1: recordFrameIntervals = False
1246.2529 	DATA 	Keypress: g
1250.2771 	EXP 	window1: recordFrameIntervals = False
1251.1806 	DATA 	Keypress: p
1255.1214 	EXP 	window1: recordFrameIntervals = False
1255.7409 	DATA 	Keypress: c
1259.7985 	EXP 	window1: recordFrameIntervals = False
1260.9192 	DATA 	Keypress: v
1277.3189 	DATA 	Keypress: space
1281.4620 	EXP 	window1: recordFrameIntervals = False
1281.8811 	DATA 	Keypress: q
1285.9053 	EXP 	window1: recordFrameIntervals = False
1286.2745 	DATA 	Keypress: s
1290.3168 	EXP 	window1: recordFrameIntervals = False
1291.0865 	DATA 	Keypress: w
1295.2278 	EXP 	window1: recordFrameIntervals = False
1296.4486 	DATA 	Keypress: x
1300.6733 	EXP 	window1: recordFrameIntervals = False
1301.8606 	DATA 	Keypress: r
1305.7012 	EXP 	window1: recordFrameIntervals = False
1306.1203 	DATA 	Keypress: d
1310.0276 	EXP 	window1: recordFrameIntervals = False
1310.5802 	DATA 	Keypress: r
1314.4208 	EXP 	window1: recordFrameIntervals = False
1314.9068 	DATA 	Keypress: b
1318.8641 	EXP 	window1: recordFrameIntervals = False
1319.6173 	DATA 	Keypress: c
1323.4894 	EXP 	window1: recordFrameIntervals = False
1324.7773 	DATA 	Keypress: m
1328.8013 	EXP 	window1: recordFrameIntervals = False
1329.1370 	DATA 	Keypress: y
1333.3800 	EXP 	window1: recordFrameIntervals = False
1333.9325 	DATA 	Keypress: a
1338.1906 	EXP 	window1: recordFrameIntervals = False
1339.1609 	DATA 	Keypress: m
1343.0015 	EXP 	window1: recordFrameIntervals = False
1343.7882 	DATA 	Keypress: d
1347.7955 	EXP 	window1: recordFrameIntervals = False
1348.8160 	DATA 	Keypress: x
1352.6063 	EXP 	window1: recordFrameIntervals = False
1353.0587 	DATA 	Keypress: w
1356.9994 	EXP 	window1: recordFrameIntervals = False
1357.4519 	DATA 	Keypress: s
1361.5262 	EXP 	window1: recordFrameIntervals = False
1361.9787 	DATA 	Keypress: d
1366.1015 	EXP 	window1: recordFrameIntervals = False
1366.6209 	DATA 	Keypress: r
1370.6951 	EXP 	window1: recordFrameIntervals = False
1371.5484 	DATA 	Keypress: a
1375.4074 	EXP 	window1: recordFrameIntervals = False
1378.0147 	DATA 	Keypress: b
1382.1558 	EXP 	window1: recordFrameIntervals = False
1383.2598 	DATA 	Keypress: y
1387.3507 	EXP 	window1: recordFrameIntervals = False
1388.2542 	DATA 	Keypress: w
1392.3954 	EXP 	window1: recordFrameIntervals = False
1393.4159 	DATA 	Keypress: m
1397.6239 	EXP 	window1: recordFrameIntervals = False
1398.4771 	DATA 	Keypress: m
1402.3008 	EXP 	window1: recordFrameIntervals = False
1403.7222 	DATA 	Keypress: w
1407.5125 	EXP 	window1: recordFrameIntervals = False
1408.4328 	DATA 	Keypress: a
1412.3400 	EXP 	window1: recordFrameIntervals = False
1413.7446 	DATA 	Keypress: w
1417.6836 	EXP 	window1: recordFrameIntervals = False
1418.3533 	DATA 	Keypress: a
1422.4277 	EXP 	window1: recordFrameIntervals = False
1423.4314 	DATA 	Keypress: j
1427.4071 	EXP 	window1: recordFrameIntervals = False
1427.8262 	DATA 	Keypress: j
1432.0508 	EXP 	window1: recordFrameIntervals = False
1432.6204 	DATA 	Keypress: y
1436.7279 	EXP 	window1: recordFrameIntervals = False
1438.2328 	DATA 	Keypress: q
1442.1066 	EXP 	window1: recordFrameIntervals = False
1442.6927 	DATA 	Keypress: n
1446.5500 	EXP 	window1: recordFrameIntervals = False
1447.8878 	DATA 	Keypress: q
1452.1124 	EXP 	window1: recordFrameIntervals = False
1452.4815 	DATA 	Keypress: i
1456.5922 	DATA 	Keypress: q
1456.7394 	EXP 	window1: recordFrameIntervals = False
1457.1921 	DATA 	Keypress: q
1461.3481 	EXP 	window1: recordFrameIntervals = False
1461.8007 	DATA 	Keypress: v
1465.8916 	EXP 	window1: recordFrameIntervals = False
1466.4946 	DATA 	Keypress: q
1470.3699 	EXP 	window1: recordFrameIntervals = False
1471.6077 	DATA 	Keypress: l
1475.5816 	EXP 	window1: recordFrameIntervals = False
1476.0507 	DATA 	Keypress: e
1480.0416 	EXP 	window1: recordFrameIntervals = False
1480.5107 	DATA 	Keypress: l
1484.5851 	EXP 	window1: recordFrameIntervals = False
1485.0042 	DATA 	Keypress: i
1489.1787 	EXP 	window1: recordFrameIntervals = False
1489.5811 	DATA 	Keypress: i
1493.6888 	EXP 	window1: recordFrameIntervals = False
1494.8095 	DATA 	Keypress: b
1498.8337 	EXP 	window1: recordFrameIntervals = False
1500.3386 	DATA 	Keypress: f
1504.6134 	EXP 	window1: recordFrameIntervals = False
1505.0156 	DATA 	Keypress: w
1508.8879 	EXP 	window1: recordFrameIntervals = False
1509.4906 	DATA 	Keypress: m
1513.6319 	EXP 	window1: recordFrameIntervals = False
1514.6689 	DATA 	Keypress: d
1518.6280 	EXP 	window1: recordFrameIntervals = False
1519.9826 	DATA 	Keypress: c
1524.0902 	EXP 	window1: recordFrameIntervals = False
1524.4927 	DATA 	Keypress: l
1528.6338 	EXP 	window1: recordFrameIntervals = False
1529.0695 	DATA 	Keypress: e
1533.1940 	EXP 	window1: recordFrameIntervals = False
1533.7634 	DATA 	Keypress: y
1538.0214 	EXP 	window1: recordFrameIntervals = False
1538.6577 	DATA 	Keypress: b
1542.7654 	EXP 	window1: recordFrameIntervals = False
1543.4852 	DATA 	Keypress: b
1547.6596 	EXP 	window1: recordFrameIntervals = False
1548.0954 	DATA 	Keypress: w
1551.8036 	DATA 	Keypress: w
1552.0845 	EXP 	window1: recordFrameIntervals = False
1552.5370 	DATA 	Keypress: w
1556.8119 	EXP 	window1: recordFrameIntervals = False
1557.5650 	DATA 	Keypress: p
1561.7912 	EXP 	window1: recordFrameIntervals = False
1562.7951 	DATA 	Keypress: r
1566.6188 	EXP 	window1: recordFrameIntervals = False
1567.5557 	DATA 	Keypress: t
1571.7469 	EXP 	window1: recordFrameIntervals = False
1572.3163 	DATA 	Keypress: h
1576.1902 	EXP 	window1: recordFrameIntervals = False
1576.5926 	DATA 	Keypress: d
1580.7671 	EXP 	window1: recordFrameIntervals = False
1581.2364 	DATA 	Keypress: i
1585.3273 	EXP 	window1: recordFrameIntervals = False
1585.8634 	DATA 	Keypress: s
1589.7707 	EXP 	window1: recordFrameIntervals = False
1591.2589 	DATA 	Keypress: c
1595.3482 	EXP 	window1: recordFrameIntervals = False
1597.5223 	DATA 	Keypress: s
1601.6806 	EXP 	window1: recordFrameIntervals = False
1602.7678 	DATA 	Keypress: r
1606.6417 	EXP 	window1: recordFrameIntervals = False
1607.0942 	DATA 	Keypress: w
1611.3690 	EXP 	window1: recordFrameIntervals = False
1611.8215 	DATA 	Keypress: r
1616.0628 	EXP 	window1: recordFrameIntervals = False
1617.0164 	DATA 	Keypress: n
1617.5330 	INFO 	Finishing at 11:13 on 13 Feb 2019
1617.9089 	EXP 	window1: mouseVisible = True
