15.3712 	INFO 	Successfully set darwin thread to realtime
16.3839 	INFO 	#[ PsychoPy3 RuntimeInfoStart ]
  #[[ PsychoPy ]] #---------
    psychopyVersion: 3.0.3
    psychopyHaveExtRush: True
  #[[ Experiment ]] #---------
    experimentRunTime: 2019_02_12 18:05 (Year_Month_Day Hour:Min)
    experimentRunTime.epoch: 1550012753
    experimentScript: RSVP_visual_now.py
    experimentScript.digestSHA1: 3c04adefc855676c6b884b5c48e94d0fc51bd44d
    experimentScript.directory: /Users/vsg/Documents/GitHub/spatio_temporal_information_processing/RSVP_visual_now
  #[[ System ]] #---------
    systemHaveInternetAccess: True
    systemHostName: VSG-lab1.local
    systemLocale: C
    systemMemFreeRAM: 1461.2265625
    systemMemTotalRAM: 4096.0
    systemPlatform: darwin 10.10.5 x86_64
    systemRavailable: R version 3.2.3 (2015-12-10) -- Wooden Christmas-Tree
    systemRebooted: Feb 4 16:27
    systemSec.OpenSSLVersion: OpenSSL 0.9.8zg 14 July 2015
    systemSec.pythonSSL: True
    systemTimeNumpySD1000000_sec: 0.0162
    systemUser: vsg
    systemUserID: 502
    systemUserProcCount: 84
    systemUserProcFlagged: mdworker Safari
    systemUsersCount: 1
  #[[ Window ]] #---------
    windowWinType: pyglet
    windowUnits: deg
    windowSize_pix: [1920 1200]
    windowScreen: 0
    windowRgb: [-0.7 -0.7 -0.7]
    windowRefreshTimeSD_ms: 0.032
    windowRefreshTimeMedian_ms: 16.706
    windowRefreshTimeAvg_ms: 16.704
    windowPos_pix: [0, 0]
    windowMonitor.name: testmonitor
    windowMonitor.getWidth_cm: 52.0
    windowMonitor.getDistance_cm: 65.0
    windowMonitor.currentCalibName: 2019_02_04 12:46
    windowIsFullScr: True
  #[[ Python ]] #---------
    pythonVersion: 2.7.13
  #[[ OpenGL ]] #---------
#[ PsychoPy3 RuntimeInfoEnd ]

16.3862 	WARNING 	Could not load the desired click sound file, instead using manually created inferior click
16.7884 	EXP 	Created sequence: random, trialTypes=280, nReps=14, seed=None
17.0346 	INFO 	numtrials=280 and each trialDurFrames=156 or 2600.0 ms  task=T1
17.6075 	EXP 	Created text = TextStim(alignHoriz='center', alignVert='center', antialias=True, autoLog=True, bold=False, color=array([ 1.,  1.,  1.]), colorSpace='rgb', contrast=1.0, depth=-1.0, flipHoriz=False, flipVert=False, font='Arial', fontFiles=[], height=0.5, italic=False, languageStyle='LTR', name='text', opacity=1.0, ori=0, pos=array([ 0.,  0.]), rgb=array([ 1.,  1.,  1.]), text='', units='deg', win=Window(...), wrapWidth=30)
18.4310 	EXP 	text: text = "Welcome! Thank you for agreeing to participate in this study.\n\nYou will be presented with a Rapid Stream of letters. Your task is to identify one of the letters.\n\nThe letter you're supposed to identify is accompanied by a probe that can appear anywhere on the horizontal axis of the screen.\n\nThe probe is a circular disk that will be flashed for a very brief time.\n\nThe location of the probe is constant through out a block. This study has 4 blocks with breaks in between.\n\nOnce you've identified the letter after the trial ends, type it out on the keyboard.\n\nOh! And one more thing! You will perform this task while fixating in the center, and detecting the probe with your peripheral vision.If you're feeling uncomfortable, you can press ESC key any time to stop the experiment.\n\nPress any key when you are ready to begin the experiment.\n\n"
18.4310 	EXP 	text: autoDraw = True
142.1278 	DATA 	Keypress: space
142.1290 	EXP 	text: autoDraw = False
142.1294 	INFO 	Experiment will have 280 trials. Letters will be drawn with superposed noise of0.00%
142.1294 	INFO 	Starting main (non-staircase) part of experiment
145.9061 	EXP 	window1: recordFrameIntervals = False
147.9123 	DATA 	Keypress: b
152.1384 	EXP 	window1: recordFrameIntervals = False
152.1388 	ERROR 	trialnum=1 ERROR,1 frames were longer than 20.8 ms apparently screen refreshes skipped, interframe durs were:[ 21.1] and was these frames: [104]
152.1391 	INFO 	flankers also=[ 16.6  21.1  14.1]
153.9773 	DATA 	Keypress: h
158.2353 	EXP 	window1: recordFrameIntervals = False
159.7237 	DATA 	Keypress: e
163.9482 	EXP 	window1: recordFrameIntervals = False
165.3361 	DATA 	Keypress: n
169.2935 	EXP 	window1: recordFrameIntervals = False
170.9152 	DATA 	Keypress: e
174.7724 	EXP 	window1: recordFrameIntervals = False
175.9766 	DATA 	Keypress: q
179.8337 	EXP 	window1: recordFrameIntervals = False
180.9043 	DATA 	Keypress: y
185.0788 	EXP 	window1: recordFrameIntervals = False
186.1326 	DATA 	Keypress: a
189.9882 	EXP 	window1: recordFrameIntervals = False
191.0253 	DATA 	Keypress: x
194.8824 	EXP 	window1: recordFrameIntervals = False
196.3075 	DATA 	Keypress: t
200.1626 	EXP 	window1: recordFrameIntervals = False
200.8328 	DATA 	Keypress: i
204.7395 	EXP 	window1: recordFrameIntervals = False
205.6597 	DATA 	Keypress: w
209.5169 	EXP 	window1: recordFrameIntervals = False
210.3870 	DATA 	Keypress: s
214.2943 	EXP 	window1: recordFrameIntervals = False
215.4484 	DATA 	Keypress: j
219.6897 	EXP 	window1: recordFrameIntervals = False
220.9439 	DATA 	Keypress: r
225.0016 	EXP 	window1: recordFrameIntervals = False
226.5732 	DATA 	Keypress: o
230.3953 	EXP 	window1: recordFrameIntervals = False
230.3957 	ERROR 	trialnum=16 ERROR,1 frames were longer than 20.8 ms apparently screen refreshes skipped, interframe durs were:[ 41.2] and was these frames: [15]
230.3960 	INFO 	flankers also=[ 16.7  41.2   2. ]
231.3155 	DATA 	Keypress: p
235.2062 	EXP 	window1: recordFrameIntervals = False
236.2097 	DATA 	Keypress: o
240.1522 	EXP 	window1: recordFrameIntervals = False
241.2727 	DATA 	Keypress: r
245.4640 	EXP 	window1: recordFrameIntervals = False
246.7184 	DATA 	Keypress: y
250.7760 	EXP 	window1: recordFrameIntervals = False
251.9801 	DATA 	Keypress: u
255.8874 	EXP 	window1: recordFrameIntervals = False
257.0749 	DATA 	Keypress: f
261.3497 	EXP 	window1: recordFrameIntervals = False
261.9357 	DATA 	Keypress: g
265.8765 	EXP 	window1: recordFrameIntervals = False
267.7654 	DATA 	Keypress: e
271.9734 	EXP 	window1: recordFrameIntervals = False
273.1776 	DATA 	Keypress: p
277.3004 	EXP 	window1: recordFrameIntervals = False
278.1538 	DATA 	Keypress: q
282.1614 	EXP 	window1: recordFrameIntervals = False
282.8644 	DATA 	Keypress: g
286.7231 	EXP 	window1: recordFrameIntervals = False
287.7268 	DATA 	Keypress: p
291.7177 	EXP 	window1: recordFrameIntervals = False
292.5711 	DATA 	Keypress: k
296.7122 	EXP 	window1: recordFrameIntervals = False
297.9331 	DATA 	Keypress: z
301.8403 	EXP 	window1: recordFrameIntervals = False
303.0778 	DATA 	Keypress: n
306.8683 	EXP 	window1: recordFrameIntervals = False
307.7215 	DATA 	Keypress: a
311.7459 	EXP 	window1: recordFrameIntervals = False
313.1338 	DATA 	Keypress: x
317.1412 	EXP 	window1: recordFrameIntervals = False
318.1449 	DATA 	Keypress: r
322.1343 	EXP 	window1: recordFrameIntervals = False
324.2069 	DATA 	Keypress: b
328.0975 	EXP 	window1: recordFrameIntervals = False
329.2699 	DATA 	Keypress: m
333.2106 	EXP 	window1: recordFrameIntervals = False
334.1985 	DATA 	Keypress: d
338.2389 	EXP 	window1: recordFrameIntervals = False
339.4761 	DATA 	Keypress: r
343.6674 	EXP 	window1: recordFrameIntervals = False
344.5707 	DATA 	Keypress: w
348.4948 	EXP 	window1: recordFrameIntervals = False
349.9662 	DATA 	Keypress: i
353.8568 	EXP 	window1: recordFrameIntervals = False
354.5600 	DATA 	Keypress: a
358.4671 	EXP 	window1: recordFrameIntervals = False
359.2370 	DATA 	Keypress: z
363.0591 	EXP 	window1: recordFrameIntervals = False
363.8957 	DATA 	Keypress: m
368.0704 	EXP 	window1: recordFrameIntervals = False
369.0908 	DATA 	Keypress: h
372.9830 	EXP 	window1: recordFrameIntervals = False
374.0368 	DATA 	Keypress: h
377.8439 	EXP 	window1: recordFrameIntervals = False
378.2629 	DATA 	Keypress: t
382.1035 	EXP 	window1: recordFrameIntervals = False
383.0571 	DATA 	Keypress: u
386.9142 	EXP 	window1: recordFrameIntervals = False
387.8511 	DATA 	Keypress: g
391.7751 	EXP 	window1: recordFrameIntervals = False
393.0795 	DATA 	Keypress: n
397.3041 	EXP 	window1: recordFrameIntervals = False
398.6086 	DATA 	Keypress: j
402.4657 	EXP 	window1: recordFrameIntervals = False
403.8034 	DATA 	Keypress: w
407.6423 	EXP 	window1: recordFrameIntervals = False
408.3787 	DATA 	Keypress: s
412.5533 	EXP 	window1: recordFrameIntervals = False
413.6406 	DATA 	Keypress: h
417.4827 	EXP 	window1: recordFrameIntervals = False
421.1757 	DATA 	Keypress: g
425.0997 	EXP 	window1: recordFrameIntervals = False
426.2036 	DATA 	Keypress: w
430.4283 	EXP 	window1: recordFrameIntervals = False
431.4820 	DATA 	Keypress: o
435.3226 	EXP 	window1: recordFrameIntervals = False
436.2262 	DATA 	Keypress: x
440.4342 	EXP 	window1: recordFrameIntervals = False
441.3709 	DATA 	Keypress: r
445.4620 	EXP 	window1: recordFrameIntervals = False
446.8333 	DATA 	Keypress: y
450.8574 	EXP 	window1: recordFrameIntervals = False
452.1954 	DATA 	Keypress: s
456.0841 	EXP 	window1: recordFrameIntervals = False
457.4731 	DATA 	Keypress: n
461.6466 	EXP 	window1: recordFrameIntervals = False
462.5518 	DATA 	Keypress: s
466.4925 	EXP 	window1: recordFrameIntervals = False
467.3626 	DATA 	Keypress: x
471.6373 	EXP 	window1: recordFrameIntervals = False
472.5741 	DATA 	Keypress: w
476.8490 	EXP 	window1: recordFrameIntervals = False
477.8860 	DATA 	Keypress: g
482.1441 	EXP 	window1: recordFrameIntervals = False
483.5320 	DATA 	Keypress: p
487.5730 	EXP 	window1: recordFrameIntervals = False
488.5099 	DATA 	Keypress: h
492.4339 	EXP 	window1: recordFrameIntervals = False
493.4710 	DATA 	Keypress: m
497.7107 	EXP 	window1: recordFrameIntervals = False
498.7144 	DATA 	Keypress: y
502.8723 	EXP 	window1: recordFrameIntervals = False
503.8609 	DATA 	Keypress: l
511.8066 	DATA 	Keypress: space
515.5841 	EXP 	window1: recordFrameIntervals = False
516.4210 	DATA 	Keypress: a
520.5118 	EXP 	window1: recordFrameIntervals = False
521.4988 	DATA 	Keypress: u
525.6083 	EXP 	window1: recordFrameIntervals = False
526.5117 	DATA 	Keypress: r
530.7196 	EXP 	window1: recordFrameIntervals = False
531.6567 	DATA 	Keypress: l
535.6140 	EXP 	window1: recordFrameIntervals = False
536.8516 	DATA 	Keypress: b
541.0594 	EXP 	window1: recordFrameIntervals = False
542.0298 	DATA 	Keypress: k
545.8368 	EXP 	window1: recordFrameIntervals = False
546.9574 	DATA 	Keypress: e
551.1153 	EXP 	window1: recordFrameIntervals = False
551.7850 	DATA 	Keypress: p
555.6588 	EXP 	window1: recordFrameIntervals = False
556.5288 	DATA 	Keypress: u
560.7185 	EXP 	window1: recordFrameIntervals = False
561.5885 	DATA 	Keypress: m
565.8467 	EXP 	window1: recordFrameIntervals = False
566.7835 	DATA 	Keypress: j
571.0433 	EXP 	window1: recordFrameIntervals = False
572.0638 	DATA 	Keypress: v
575.9041 	EXP 	window1: recordFrameIntervals = False
576.8076 	DATA 	Keypress: m
581.0824 	EXP 	window1: recordFrameIntervals = False
582.0027 	DATA 	Keypress: x
586.2274 	EXP 	window1: recordFrameIntervals = False
587.3645 	DATA 	Keypress: h
591.3721 	EXP 	window1: recordFrameIntervals = False
592.4094 	DATA 	Keypress: x
596.5003 	EXP 	window1: recordFrameIntervals = False
597.5040 	DATA 	Keypress: w
601.3779 	EXP 	window1: recordFrameIntervals = False
602.1478 	DATA 	Keypress: s
606.0534 	EXP 	window1: recordFrameIntervals = False
607.0738 	DATA 	Keypress: v
611.0813 	EXP 	window1: recordFrameIntervals = False
611.9864 	DATA 	Keypress: m
615.8604 	EXP 	window1: recordFrameIntervals = False
616.8974 	DATA 	Keypress: d
620.8047 	EXP 	window1: recordFrameIntervals = False
624.9988 	DATA 	Keypress: r
628.9897 	EXP 	window1: recordFrameIntervals = False
629.9098 	DATA 	Keypress: e
634.0177 	EXP 	window1: recordFrameIntervals = False
634.8208 	DATA 	Keypress: w
638.6613 	EXP 	window1: recordFrameIntervals = False
640.1829 	DATA 	Keypress: b
644.1069 	EXP 	window1: recordFrameIntervals = False
645.0438 	DATA 	Keypress: u
648.9995 	EXP 	window1: recordFrameIntervals = False
649.0000 	ERROR 	trialnum=96 ERROR,1 frames were longer than 20.8 ms apparently screen refreshes skipped, interframe durs were:[ 42.4] and was these frames: [1]
649.0003 	INFO 	flankers also=[ 16.6  42.4   1.8]
650.0869 	DATA 	Keypress: f
654.2781 	EXP 	window1: recordFrameIntervals = False
654.9813 	DATA 	Keypress: a
659.0069 	EXP 	window1: recordFrameIntervals = False
659.8938 	DATA 	Keypress: j
663.9347 	EXP 	window1: recordFrameIntervals = False
664.9719 	DATA 	Keypress: d
669.2465 	EXP 	window1: recordFrameIntervals = False
670.1667 	DATA 	Keypress: w
674.2244 	EXP 	window1: recordFrameIntervals = False
674.7270 	DATA 	Keypress: m
678.7178 	EXP 	window1: recordFrameIntervals = False
679.6880 	DATA 	Keypress: r
683.5954 	EXP 	window1: recordFrameIntervals = False
684.4165 	DATA 	Keypress: z
688.3895 	EXP 	window1: recordFrameIntervals = False
689.4265 	DATA 	Keypress: j
693.2821 	EXP 	window1: recordFrameIntervals = False
693.2824 	ERROR 	trialnum=105 ERROR,1 frames were longer than 20.8 ms apparently screen refreshes skipped, interframe durs were:[ 41.2] and was these frames: [2]
693.2827 	INFO 	flankers also=[ 16.7  41.2   1.8]
693.7356 	DATA 	Keypress: t
697.9592 	EXP 	window1: recordFrameIntervals = False
698.8459 	DATA 	Keypress: w
702.7216 	EXP 	window1: recordFrameIntervals = False
703.3077 	DATA 	Keypress: c
707.2651 	EXP 	window1: recordFrameIntervals = False
708.0516 	DATA 	Keypress: y
712.0758 	EXP 	window1: recordFrameIntervals = False
713.0627 	DATA 	Keypress: p
717.0035 	EXP 	window1: recordFrameIntervals = False
718.2578 	DATA 	Keypress: r
722.3488 	EXP 	window1: recordFrameIntervals = False
723.3023 	DATA 	Keypress: o
727.4770 	EXP 	window1: recordFrameIntervals = False
728.3639 	DATA 	Keypress: n
732.4715 	EXP 	window1: recordFrameIntervals = False
733.5087 	DATA 	Keypress: s
737.4978 	EXP 	window1: recordFrameIntervals = False
738.5349 	DATA 	Keypress: b
742.3252 	EXP 	window1: recordFrameIntervals = False
743.2296 	DATA 	Keypress: n
747.2045 	EXP 	window1: recordFrameIntervals = False
748.2082 	DATA 	Keypress: g
752.3327 	EXP 	window1: recordFrameIntervals = False
753.4701 	DATA 	Keypress: y
757.6780 	EXP 	window1: recordFrameIntervals = False
758.7328 	DATA 	Keypress: s
762.6558 	EXP 	window1: recordFrameIntervals = False
764.0270 	DATA 	Keypress: f
768.0512 	EXP 	window1: recordFrameIntervals = False
769.0382 	DATA 	Keypress: d
773.1794 	EXP 	window1: recordFrameIntervals = False
774.7343 	DATA 	Keypress: b
779.0091 	EXP 	window1: recordFrameIntervals = False
780.2801 	DATA 	Keypress: p
784.4195 	EXP 	window1: recordFrameIntervals = False
785.3064 	DATA 	Keypress: z
789.3473 	EXP 	window1: recordFrameIntervals = False
790.2842 	DATA 	Keypress: s
794.3267 	EXP 	window1: recordFrameIntervals = False
795.3470 	DATA 	Keypress: u
799.6219 	EXP 	window1: recordFrameIntervals = False
801.1937 	DATA 	Keypress: j
805.2679 	EXP 	window1: recordFrameIntervals = False
806.1546 	DATA 	Keypress: m
810.3960 	EXP 	window1: recordFrameIntervals = False
811.4999 	DATA 	Keypress: m
815.5409 	EXP 	window1: recordFrameIntervals = False
817.0124 	DATA 	Keypress: g
821.2035 	EXP 	window1: recordFrameIntervals = False
821.9734 	DATA 	Keypress: w
826.2482 	EXP 	window1: recordFrameIntervals = False
827.4857 	DATA 	Keypress: e
831.6754 	EXP 	window1: recordFrameIntervals = False
837.9594 	DATA 	Keypress: y
841.7997 	EXP 	window1: recordFrameIntervals = False
842.9369 	DATA 	Keypress: t
846.8443 	EXP 	window1: recordFrameIntervals = False
848.0652 	DATA 	Keypress: b
851.9558 	EXP 	window1: recordFrameIntervals = False
853.0765 	DATA 	Keypress: m
857.0338 	EXP 	window1: recordFrameIntervals = False
858.0887 	DATA 	Keypress: u
862.3290 	EXP 	window1: recordFrameIntervals = False
863.3494 	DATA 	Keypress: o
867.4572 	EXP 	window1: recordFrameIntervals = False
868.4278 	DATA 	Keypress: g
872.6020 	EXP 	window1: recordFrameIntervals = False
873.8395 	DATA 	Keypress: u
877.2717 	DATA 	Keypress: space
880.9858 	EXP 	window1: recordFrameIntervals = False
881.9227 	DATA 	Keypress: a
885.8467 	EXP 	window1: recordFrameIntervals = False
886.8172 	DATA 	Keypress: b
890.8763 	EXP 	window1: recordFrameIntervals = False
891.8300 	DATA 	Keypress: h
895.8374 	EXP 	window1: recordFrameIntervals = False
896.7755 	DATA 	Keypress: c
900.9489 	EXP 	window1: recordFrameIntervals = False
902.1864 	DATA 	Keypress: j
906.3944 	EXP 	window1: recordFrameIntervals = False
907.3145 	DATA 	Keypress: t
911.3889 	EXP 	window1: recordFrameIntervals = False
912.8435 	DATA 	Keypress: f
916.9346 	EXP 	window1: recordFrameIntervals = False
918.2724 	DATA 	Keypress: g
922.4971 	EXP 	window1: recordFrameIntervals = False
923.8860 	DATA 	Keypress: k
927.8407 	EXP 	window1: recordFrameIntervals = False
928.9614 	DATA 	Keypress: d
933.1193 	EXP 	window1: recordFrameIntervals = False
934.2248 	DATA 	Keypress: r
938.3492 	EXP 	window1: recordFrameIntervals = False
939.6204 	DATA 	Keypress: k
943.8784 	EXP 	window1: recordFrameIntervals = False
945.0658 	DATA 	Keypress: e
948.8561 	EXP 	window1: recordFrameIntervals = False
949.8263 	DATA 	Keypress: n
953.7338 	EXP 	window1: recordFrameIntervals = False
954.6708 	DATA 	Keypress: x
958.5111 	EXP 	window1: recordFrameIntervals = False
959.5484 	DATA 	Keypress: r
963.8063 	EXP 	window1: recordFrameIntervals = False
964.7599 	DATA 	Keypress: t
968.6172 	EXP 	window1: recordFrameIntervals = False
969.5372 	DATA 	Keypress: m
973.4929 	EXP 	window1: recordFrameIntervals = False
974.3464 	DATA 	Keypress: q
978.5209 	EXP 	window1: recordFrameIntervals = False
979.5430 	DATA 	Keypress: u
983.3667 	EXP 	window1: recordFrameIntervals = False
984.4372 	DATA 	Keypress: m
988.4281 	EXP 	window1: recordFrameIntervals = False
989.4488 	DATA 	Keypress: x
993.6063 	EXP 	window1: recordFrameIntervals = False
994.6436 	DATA 	Keypress: r
998.8515 	EXP 	window1: recordFrameIntervals = False
999.7215 	DATA 	Keypress: w
1003.8293 	EXP 	window1: recordFrameIntervals = False
1005.6682 	DATA 	Keypress: b
1009.8412 	EXP 	window1: recordFrameIntervals = False
1010.9451 	DATA 	Keypress: k
1014.7522 	EXP 	window1: recordFrameIntervals = False
1015.5722 	DATA 	Keypress: x
1019.8151 	EXP 	window1: recordFrameIntervals = False
1021.0527 	DATA 	Keypress: j
1025.2606 	EXP 	window1: recordFrameIntervals = False
1026.1307 	DATA 	Keypress: x
1030.3720 	EXP 	window1: recordFrameIntervals = False
1032.3948 	DATA 	Keypress: b
1036.4524 	EXP 	window1: recordFrameIntervals = False
1037.4562 	DATA 	Keypress: j
1041.4636 	EXP 	window1: recordFrameIntervals = False
1041.9494 	DATA 	Keypress: e
1045.8901 	EXP 	window1: recordFrameIntervals = False
1046.7101 	DATA 	Keypress: q
1050.5173 	EXP 	window1: recordFrameIntervals = False
1051.5713 	DATA 	Keypress: u
1055.4265 	EXP 	window1: recordFrameIntervals = False
1055.4270 	ERROR 	trialnum=174 ERROR,1 frames were longer than 20.8 ms apparently screen refreshes skipped, interframe durs were:[ 41.3] and was these frames: [1]
1055.4273 	INFO 	flankers also=[ 16.7  41.3   2.1]
1056.9146 	DATA 	Keypress: m
1061.1560 	EXP 	window1: recordFrameIntervals = False
1062.1781 	DATA 	Keypress: n
1066.4028 	EXP 	window1: recordFrameIntervals = False
1067.4408 	DATA 	Keypress: g
1071.6311 	EXP 	window1: recordFrameIntervals = False
1072.4009 	DATA 	Keypress: m
1076.6089 	EXP 	window1: recordFrameIntervals = False
1077.4801 	DATA 	Keypress: w
1081.7538 	EXP 	window1: recordFrameIntervals = False
1082.7242 	DATA 	Keypress: z
1086.9154 	EXP 	window1: recordFrameIntervals = False
1088.0025 	DATA 	Keypress: u
1091.7930 	EXP 	window1: recordFrameIntervals = False
1092.7965 	DATA 	Keypress: e
1096.9862 	EXP 	window1: recordFrameIntervals = False
1097.7728 	DATA 	Keypress: d
1101.7469 	EXP 	window1: recordFrameIntervals = False
1102.6336 	DATA 	Keypress: w
1106.9102 	EXP 	window1: recordFrameIntervals = False
1107.8471 	DATA 	Keypress: z
1112.0216 	EXP 	window1: recordFrameIntervals = False
1113.1254 	DATA 	Keypress: r
1117.2166 	EXP 	window1: recordFrameIntervals = False
1118.2549 	DATA 	Keypress: j
1122.4282 	EXP 	window1: recordFrameIntervals = False
1123.7829 	DATA 	Keypress: c
1128.0408 	EXP 	window1: recordFrameIntervals = False
1128.8273 	DATA 	Keypress: d
1133.0186 	EXP 	window1: recordFrameIntervals = False
1133.8553 	DATA 	Keypress: z
1137.8629 	EXP 	window1: recordFrameIntervals = False
1138.3319 	DATA 	Keypress: t
1142.5049 	EXP 	window1: recordFrameIntervals = False
1143.7091 	DATA 	Keypress: y
1147.9003 	EXP 	window1: recordFrameIntervals = False
1148.9224 	DATA 	Keypress: c
1153.1972 	EXP 	window1: recordFrameIntervals = False
1154.1341 	DATA 	Keypress: f
1157.9245 	EXP 	window1: recordFrameIntervals = False
1159.0784 	DATA 	Keypress: p
1163.1528 	EXP 	window1: recordFrameIntervals = False
1164.2401 	DATA 	Keypress: u
1168.0972 	EXP 	window1: recordFrameIntervals = False
1169.1510 	DATA 	Keypress: f
1173.0750 	EXP 	window1: recordFrameIntervals = False
1173.8782 	DATA 	Keypress: d
1178.1196 	EXP 	window1: recordFrameIntervals = False
1179.0398 	DATA 	Keypress: u
1183.1141 	EXP 	window1: recordFrameIntervals = False
1184.1179 	DATA 	Keypress: k
1188.3242 	EXP 	window1: recordFrameIntervals = False
1189.1609 	DATA 	Keypress: n
1193.1685 	EXP 	window1: recordFrameIntervals = False
1194.5412 	DATA 	Keypress: m
1198.7993 	EXP 	window1: recordFrameIntervals = False
1199.8865 	DATA 	Keypress: c
1204.1613 	EXP 	window1: recordFrameIntervals = False
1205.0315 	DATA 	Keypress: z
1209.3062 	EXP 	window1: recordFrameIntervals = False
1210.3098 	DATA 	Keypress: m
1214.5847 	EXP 	window1: recordFrameIntervals = False
1215.4714 	DATA 	Keypress: w
1219.4956 	EXP 	window1: recordFrameIntervals = False
1220.3656 	DATA 	Keypress: u
1224.2230 	EXP 	window1: recordFrameIntervals = False
1225.1263 	DATA 	Keypress: p
1229.2843 	EXP 	window1: recordFrameIntervals = False
1230.1209 	DATA 	Keypress: a
1234.0767 	EXP 	window1: recordFrameIntervals = False
1235.3311 	DATA 	Keypress: j
1237.0171 	DATA 	Keypress: space
1240.8768 	EXP 	window1: recordFrameIntervals = False
1242.1144 	DATA 	Keypress: t
1246.2055 	EXP 	window1: recordFrameIntervals = False
1247.2593 	DATA 	Keypress: w
1251.4171 	EXP 	window1: recordFrameIntervals = False
1252.2538 	DATA 	Keypress: d
1256.4785 	EXP 	window1: recordFrameIntervals = False
1257.5657 	DATA 	Keypress: f
1261.7737 	EXP 	window1: recordFrameIntervals = False
1262.9445 	DATA 	Keypress: v
1266.9520 	EXP 	window1: recordFrameIntervals = False
1267.9224 	DATA 	Keypress: c
1271.7794 	EXP 	window1: recordFrameIntervals = False
1272.7164 	DATA 	Keypress: f
1277.0062 	EXP 	window1: recordFrameIntervals = False
1277.7603 	DATA 	Keypress: q
1281.8336 	EXP 	window1: recordFrameIntervals = False
1282.9559 	DATA 	Keypress: e
1286.8632 	EXP 	window1: recordFrameIntervals = False
1288.3011 	DATA 	Keypress: l
1292.4423 	EXP 	window1: recordFrameIntervals = False
1293.7467 	DATA 	Keypress: e
1297.7878 	EXP 	window1: recordFrameIntervals = False
1298.7579 	DATA 	Keypress: g
1302.6986 	EXP 	window1: recordFrameIntervals = False
1303.5187 	DATA 	Keypress: s
1307.7600 	EXP 	window1: recordFrameIntervals = False
1308.7304 	DATA 	Keypress: k
1312.9216 	EXP 	window1: recordFrameIntervals = False
1314.2761 	DATA 	Keypress: t
1318.2485 	EXP 	window1: recordFrameIntervals = False
1318.6175 	DATA 	Keypress: w
1322.5248 	EXP 	window1: recordFrameIntervals = False
1324.2838 	DATA 	Keypress: l
1328.3061 	EXP 	window1: recordFrameIntervals = False
1329.0759 	DATA 	Keypress: q
1333.3172 	EXP 	window1: recordFrameIntervals = False
1334.2207 	DATA 	Keypress: u
1338.2116 	EXP 	window1: recordFrameIntervals = False
1339.3990 	DATA 	Keypress: k
1343.4065 	EXP 	window1: recordFrameIntervals = False
1344.4437 	DATA 	Keypress: u
1348.4178 	EXP 	window1: recordFrameIntervals = False
1348.9872 	DATA 	Keypress: s
1352.7775 	EXP 	window1: recordFrameIntervals = False
1353.7479 	DATA 	Keypress: k
1357.8389 	EXP 	window1: recordFrameIntervals = False
1358.7422 	DATA 	Keypress: m
1362.7816 	EXP 	window1: recordFrameIntervals = False
1364.3030 	DATA 	Keypress: m
1368.2105 	EXP 	window1: recordFrameIntervals = False
1369.0654 	DATA 	Keypress: w
1373.3403 	EXP 	window1: recordFrameIntervals = False
1374.3941 	DATA 	Keypress: g
1378.5352 	EXP 	window1: recordFrameIntervals = False
1379.4557 	DATA 	Keypress: x
1383.6299 	EXP 	window1: recordFrameIntervals = False
1385.0346 	DATA 	Keypress: q
1388.9585 	EXP 	window1: recordFrameIntervals = False
1389.9956 	DATA 	Keypress: a
1393.7860 	EXP 	window1: recordFrameIntervals = False
1394.2721 	DATA 	Keypress: y
1398.5467 	EXP 	window1: recordFrameIntervals = False
1399.1661 	DATA 	Keypress: d
1403.4227 	EXP 	window1: recordFrameIntervals = False
1404.6602 	DATA 	Keypress: v
1408.4839 	EXP 	window1: recordFrameIntervals = False
1409.6732 	DATA 	Keypress: y
1413.6138 	EXP 	window1: recordFrameIntervals = False
1414.6343 	DATA 	Keypress: x
1418.6584 	EXP 	window1: recordFrameIntervals = False
1419.5286 	DATA 	Keypress: c
1423.8033 	EXP 	window1: recordFrameIntervals = False
1424.2891 	DATA 	Keypress: r
1428.4637 	EXP 	window1: recordFrameIntervals = False
1429.5175 	DATA 	Keypress: q
1433.7589 	EXP 	window1: recordFrameIntervals = False
1434.6458 	DATA 	Keypress: v
1438.8871 	EXP 	window1: recordFrameIntervals = False
1439.7907 	DATA 	Keypress: s
1443.6628 	EXP 	window1: recordFrameIntervals = False
1443.6632 	ERROR 	trialnum=250 ERROR,1 frames were longer than 20.8 ms apparently screen refreshes skipped, interframe durs were:[ 41.3] and was these frames: [3]
1443.6635 	INFO 	flankers also=[ 16.9  41.3   1.9]
1444.6173 	DATA 	Keypress: t
1448.4568 	EXP 	window1: recordFrameIntervals = False
1449.4605 	DATA 	Keypress: p
1453.2692 	EXP 	window1: recordFrameIntervals = False
1453.7385 	DATA 	Keypress: m
1457.5957 	EXP 	window1: recordFrameIntervals = False
1458.5158 	DATA 	Keypress: u
1462.4732 	EXP 	window1: recordFrameIntervals = False
1463.3098 	DATA 	Keypress: a
1467.1004 	EXP 	window1: recordFrameIntervals = False
1467.5694 	DATA 	Keypress: u
1471.8275 	EXP 	window1: recordFrameIntervals = False
1472.6976 	DATA 	Keypress: y
1476.7886 	EXP 	window1: recordFrameIntervals = False
1477.7255 	DATA 	Keypress: b
1481.6665 	EXP 	window1: recordFrameIntervals = False
1483.0374 	DATA 	Keypress: f
1487.1436 	EXP 	window1: recordFrameIntervals = False
1488.1806 	DATA 	Keypress: u
1492.3384 	EXP 	window1: recordFrameIntervals = False
1493.3772 	DATA 	Keypress: m
1497.1846 	EXP 	window1: recordFrameIntervals = False
1497.5365 	DATA 	Keypress: k
1501.6777 	EXP 	window1: recordFrameIntervals = False
1503.1157 	DATA 	Keypress: p
1506.9394 	EXP 	window1: recordFrameIntervals = False
1508.0768 	DATA 	Keypress: m
1512.1010 	EXP 	window1: recordFrameIntervals = False
1513.1883 	DATA 	Keypress: o
1517.1458 	EXP 	window1: recordFrameIntervals = False
1517.6651 	DATA 	Keypress: y
1521.6390 	EXP 	window1: recordFrameIntervals = False
1522.5592 	DATA 	Keypress: r
1526.4833 	EXP 	window1: recordFrameIntervals = False
1527.4702 	DATA 	Keypress: d
1531.4093 	EXP 	window1: recordFrameIntervals = False
1532.2460 	DATA 	Keypress: a
1536.1198 	EXP 	window1: recordFrameIntervals = False
1537.5429 	DATA 	Keypress: c
1541.7675 	EXP 	window1: recordFrameIntervals = False
1542.1532 	DATA 	Keypress: e
1546.0103 	EXP 	window1: recordFrameIntervals = False
1546.0290 	DATA 	Keypress: j
1549.8690 	EXP 	window1: recordFrameIntervals = False
1550.7559 	DATA 	Keypress: b
1554.9470 	EXP 	window1: recordFrameIntervals = False
1555.6837 	DATA 	Keypress: s
1559.8914 	EXP 	window1: recordFrameIntervals = False
1561.1124 	DATA 	Keypress: v
1564.8390 	DATA 	Keypress: s
1564.9527 	EXP 	window1: recordFrameIntervals = False
1566.3741 	DATA 	Keypress: s
1570.6471 	EXP 	window1: recordFrameIntervals = False
1571.6008 	DATA 	Keypress: d
1575.7252 	EXP 	window1: recordFrameIntervals = False
1576.6805 	DATA 	Keypress: c
1580.9385 	EXP 	window1: recordFrameIntervals = False
1582.1927 	DATA 	Keypress: r
1586.1002 	EXP 	window1: recordFrameIntervals = False
1587.1373 	DATA 	Keypress: m
1587.6544 	INFO 	Finishing at 18:32 on 12 Feb 2019
1588.0408 	EXP 	window1: mouseVisible = True
