19.2311 	INFO 	Successfully set darwin thread to realtime
20.2891 	INFO 	#[ PsychoPy2 RuntimeInfoStart ]
  #[[ PsychoPy ]] #---------
    psychopyVersion: 1.90.3
    psychopyHaveExtRush: True
  #[[ Experiment ]] #---------
    experimentRunTime: 2018_11_29 14:34 (Year_Month_Day Hour:Min)
    experimentRunTime.epoch: 1543520057
    experimentScript: AB_spatial.py
    experimentScript.digestSHA1: 6c75934539b5d4dbc4f4113fccae7592a8303625
    experimentScript.directory: /Users/vsgtest2/Desktop/Adi/spatio_temporal_information_processing-master/AB_spatial
  #[[ System ]] #---------
    systemHaveInternetAccess: True
    systemHostName: VSGTest2.ames.jhu.edu
    systemLocale: C
    systemMemFreeRAM: 489.76953125
    systemMemTotalRAM: 2048.0
    systemPlatform: darwin 10.8.5 x86_64
    systemRebooted: Oct 10 15:04
    systemSec.OpenSSLVersion: OpenSSL 0.9.8zg 14 July 2015
    systemSec.pythonSSL: True
    systemTimeNumpySD1000000_sec: 0.0128
    systemUser: vsgtest2
    systemUserID: 501
    systemUserProcCount: 31
    systemUserProcFlagged: mdworker
    systemUsersCount: 1
  #[[ Window ]] #---------
    windowWinType: pyglet
    windowUnits: deg
    windowSize_pix: [1680 1050]
    windowScreen: 0
    windowRgb: [-0.7 -0.7 -0.7]
    windowRefreshTimeSD_ms: 0.031
    windowRefreshTimeMedian_ms: 16.665
    windowRefreshTimeAvg_ms: 16.665
    windowPos_pix: [0, 0]
    windowMonitor.name: testmonitor
    windowMonitor.getWidth_cm: 47.2
    windowMonitor.getDistance_cm: 65.0
    windowMonitor.currentCalibName: 2011_04_11 11:18
    windowIsFullScr: True
  #[[ Python ]] #---------
    pythonVersion: 2.7.12
  #[[ OpenGL ]] #---------
#[ PsychoPy2 RuntimeInfoEnd ]

21.8999 	EXP 	Set  sound=C
21.9002 	WARNING 	Could not load the desired click sound file, instead using manually created inferior click
21.9005 	EXP 	Set  sound=D
22.1396 	EXP 	Set  sound=D
22.1400 	EXP 	Set  sound=A
22.1745 	EXP 	Created sequence: sequential, trialTypes=80, nReps=5, seed=None
22.3740 	EXP 	Created sequence: random, trialTypes=80, nReps=5, seed=None
22.3745 	INFO 	numtrials=400 and each trialDurFrames=182 or 3033.33333333 ms  task=T1T2
22.9823 	EXP 	Created text = TextStim(alignHoriz='center', alignVert='center', antialias=True, autoLog=True, bold=False, color=array([1., 1., 1.]), colorSpace='rgb', contrast=1.0, depth=-1.0, flipHoriz=False, flipVert=False, font='Arial', fontFiles=[], height=0.5, italic=False, name='text', opacity=1.0, ori=0, pos=array([0., 0.]), rgb=array([1., 1., 1.]), text='', units='deg', win=Window(...), wrapWidth=30)
23.6482 	EXP 	text: text = "Welcome! Thank you for agreeing to participate in this study.\n\nYou will be presented with two numbers embedded in a Rapid Stream of letters. Your task is to identify the two numbers.\n\nYour are required to fixate in the center during the experiment.\n\nThe RSVP stream can appear anywhere along the horizontal axis in the visual field.\n\nOnce you've identified the numbers, type them out on the keyboard after the trial ends.\n\nIf you're feeling uncomfortable, you can press ESC key any time to stop the experiment.\n\nPress any key when you are ready to begin the experiment.\n\n"
23.6482 	EXP 	text: autoDraw = True
31.8510 	DATA 	Keypress: space
31.8519 	EXP 	text: autoDraw = False
31.8521 	INFO 	Experiment will have 400 trials. Letters will be drawn with superposed noise of0.00%
31.8521 	INFO 	Starting main (non-staircase) part of experiment
31.8527 	EXP 	New trial (rep=0, index=0): {'cueCoords': [-2, 0], 'cue1pos': 6, 'cue2lag': 1}
36.0873 	EXP 	window1: recordFrameIntervals = False
38.0721 	DATA 	Keypress: 2
38.0729 	EXP 	Sound  started
38.5054 	DATA 	Keypress: 6
38.5060 	EXP 	Sound  started
38.5978 	EXP 	Created unnamed TextStim = TextStim(alignHoriz='center', alignVert='center', antialias=True, autoLog=True, bold=False, color=array([1., 1., 1.]), colorSpace='rgb', contrast=1.0, depth=0, flipHoriz=False, flipVert=False, font='', fontFiles=[], height=1.0, italic=False, name='unnamed TextStim', opacity=1.0, ori=0.0, pos=array([0., 0.]), rgb=array([1., 1., 1.]), text=newstr(...), units='deg', win=Window(...), wrapWidth=15.0)
39.3492 	DATA 	No keypress (maxWait exceeded)
40.8552 	DATA 	Keypress: space
40.8558 	WARNING 	Response was not present in the stimulus stream
40.8559 	WARNING 	Response was not present in the stimulus stream
41.3583 	EXP 	New trial (rep=0, index=1): {'cueCoords': [-2, 0], 'cue1pos': 6, 'cue2lag': 2}
45.3538 	EXP 	window1: recordFrameIntervals = False
47.9553 	DATA 	Keypress: 3
47.9559 	EXP 	Sound  started
48.0223 	DATA 	Keypress: 9
48.0229 	EXP 	Sound  started
48.1053 	EXP 	Created unnamed TextStim = TextStim(alignHoriz='center', alignVert='center', antialias=True, autoLog=True, bold=False, color=array([1., 1., 1.]), colorSpace='rgb', contrast=1.0, depth=0, flipHoriz=False, flipVert=False, font='', fontFiles=[], height=1.0, italic=False, name='unnamed TextStim', opacity=1.0, ori=0.0, pos=array([0., 0.]), rgb=array([1., 1., 1.]), text=newstr(...), units='deg', win=Window(...), wrapWidth=15.0)
48.8567 	DATA 	No keypress (maxWait exceeded)
50.3550 	DATA 	Keypress: space
50.3556 	WARNING 	Response was not present in the stimulus stream
50.3557 	WARNING 	Response was not present in the stimulus stream
50.8580 	EXP 	New trial (rep=0, index=2): {'cueCoords': [-2, 0], 'cue1pos': 6, 'cue2lag': 8}
54.9537 	EXP 	window1: recordFrameIntervals = False
56.2727 	DATA 	Keypress: 6
56.2877 	EXP 	Sound  started
56.3549 	DATA 	Keypress: 3
56.3560 	EXP 	Sound  started
56.4391 	EXP 	Created unnamed TextStim = TextStim(alignHoriz='center', alignVert='center', antialias=True, autoLog=True, bold=False, color=array([1., 1., 1.]), colorSpace='rgb', contrast=1.0, depth=0, flipHoriz=False, flipVert=False, font='', fontFiles=[], height=1.0, italic=False, name='unnamed TextStim', opacity=1.0, ori=0.0, pos=array([0., 0.]), rgb=array([1., 1., 1.]), text=newstr(...), units='deg', win=Window(...), wrapWidth=15.0)
57.1902 	DATA 	No keypress (maxWait exceeded)
59.3382 	DATA 	Keypress: space
59.3388 	WARNING 	Response was not present in the stimulus stream
59.3388 	WARNING 	Response was not present in the stimulus stream
59.8408 	EXP 	New trial (rep=0, index=3): {'cueCoords': [-2, 0], 'cue1pos': 6, 'cue2lag': 10}
63.9702 	EXP 	window1: recordFrameIntervals = False
65.3882 	DATA 	Keypress: 2
65.3888 	EXP 	Sound  started
65.4718 	DATA 	Keypress: 0
65.4724 	EXP 	Sound  started
65.5552 	EXP 	Created unnamed TextStim = TextStim(alignHoriz='center', alignVert='center', antialias=True, autoLog=True, bold=False, color=array([1., 1., 1.]), colorSpace='rgb', contrast=1.0, depth=0, flipHoriz=False, flipVert=False, font='', fontFiles=[], height=1.0, italic=False, name='unnamed TextStim', opacity=1.0, ori=0.0, pos=array([0., 0.]), rgb=array([1., 1., 1.]), text=newstr(...), units='deg', win=Window(...), wrapWidth=15.0)
66.3062 	DATA 	No keypress (maxWait exceeded)
67.0714 	DATA 	Keypress: space
67.0720 	WARNING 	Response was not present in the stimulus stream
67.0721 	WARNING 	Response was not present in the stimulus stream
67.5743 	EXP 	New trial (rep=0, index=4): {'cueCoords': [-2, 0], 'cue1pos': 6, 'cue2lag': 5}
71.8200 	EXP 	window1: recordFrameIntervals = False
72.5881 	DATA 	Keypress: 4
72.5889 	EXP 	Sound  started
72.6558 	DATA 	Keypress: 6
72.6709 	EXP 	Sound  started
72.7473 	EXP 	Created unnamed TextStim = TextStim(alignHoriz='center', alignVert='center', antialias=True, autoLog=True, bold=False, color=array([1., 1., 1.]), colorSpace='rgb', contrast=1.0, depth=0, flipHoriz=False, flipVert=False, font='', fontFiles=[], height=1.0, italic=False, name='unnamed TextStim', opacity=1.0, ori=0.0, pos=array([0., 0.]), rgb=array([1., 1., 1.]), text=newstr(...), units='deg', win=Window(...), wrapWidth=15.0)
73.4990 	DATA 	No keypress (maxWait exceeded)
74.9046 	DATA 	Keypress: space
74.9053 	WARNING 	Response was not present in the stimulus stream
74.9053 	WARNING 	Response was not present in the stimulus stream
75.4078 	EXP 	New trial (rep=0, index=5): {'cueCoords': [-2, 0], 'cue1pos': 8, 'cue2lag': 1}
79.5700 	EXP 	window1: recordFrameIntervals = False
81.0380 	DATA 	Keypress: 5
81.0386 	EXP 	Sound  started
81.0883 	DATA 	Keypress: 0
81.0889 	EXP 	Sound  started
81.1664 	EXP 	Created unnamed TextStim = TextStim(alignHoriz='center', alignVert='center', antialias=True, autoLog=True, bold=False, color=array([1., 1., 1.]), colorSpace='rgb', contrast=1.0, depth=0, flipHoriz=False, flipVert=False, font='', fontFiles=[], height=1.0, italic=False, name='unnamed TextStim', opacity=1.0, ori=0.0, pos=array([0., 0.]), rgb=array([1., 1., 1.]), text=newstr(...), units='deg', win=Window(...), wrapWidth=15.0)
81.9174 	DATA 	No keypress (maxWait exceeded)
83.0378 	DATA 	Keypress: space
83.0384 	WARNING 	Response was not present in the stimulus stream
83.0385 	WARNING 	Response was not present in the stimulus stream
83.5414 	EXP 	New trial (rep=0, index=6): {'cueCoords': [-2, 0], 'cue1pos': 8, 'cue2lag': 2}
87.4699 	EXP 	window1: recordFrameIntervals = False
91.5879 	DATA 	Keypress: 7
91.5885 	EXP 	Sound  started
91.6715 	DATA 	Keypress: 0
91.6721 	EXP 	Sound  started
91.7493 	EXP 	Created unnamed TextStim = TextStim(alignHoriz='center', alignVert='center', antialias=True, autoLog=True, bold=False, color=array([1., 1., 1.]), colorSpace='rgb', contrast=1.0, depth=0, flipHoriz=False, flipVert=False, font='', fontFiles=[], height=1.0, italic=False, name='unnamed TextStim', opacity=1.0, ori=0.0, pos=array([0., 0.]), rgb=array([1., 1., 1.]), text=newstr(...), units='deg', win=Window(...), wrapWidth=15.0)
92.5006 	DATA 	No keypress (maxWait exceeded)
93.3043 	DATA 	Keypress: space
93.3050 	WARNING 	Response was not present in the stimulus stream
93.3050 	WARNING 	Response was not present in the stimulus stream
93.8071 	EXP 	New trial (rep=0, index=7): {'cueCoords': [-2, 0], 'cue1pos': 8, 'cue2lag': 8}
98.0030 	EXP 	window1: recordFrameIntervals = False
99.3210 	DATA 	Keypress: 5
99.3216 	EXP 	Sound  started
99.4047 	DATA 	Keypress: 8
99.4056 	EXP 	Sound  started
99.4894 	EXP 	Created unnamed TextStim = TextStim(alignHoriz='center', alignVert='center', antialias=True, autoLog=True, bold=False, color=array([1., 1., 1.]), colorSpace='rgb', contrast=1.0, depth=0, flipHoriz=False, flipVert=False, font='', fontFiles=[], height=1.0, italic=False, name='unnamed TextStim', opacity=1.0, ori=0.0, pos=array([0., 0.]), rgb=array([1., 1., 1.]), text=newstr(...), units='deg', win=Window(...), wrapWidth=15.0)
100.2409 	DATA 	No keypress (maxWait exceeded)
101.1709 	DATA 	Keypress: space
101.1715 	WARNING 	Response was not present in the stimulus stream
101.1716 	WARNING 	Response was not present in the stimulus stream
101.6733 	EXP 	New trial (rep=0, index=8): {'cueCoords': [-2, 0], 'cue1pos': 8, 'cue2lag': 10}
105.4696 	EXP 	window1: recordFrameIntervals = False
107.8208 	DATA 	Keypress: 6
107.8214 	EXP 	Sound  started
107.9708 	DATA 	Keypress: 2
107.9714 	EXP 	Sound  started
108.0538 	EXP 	Created unnamed TextStim = TextStim(alignHoriz='center', alignVert='center', antialias=True, autoLog=True, bold=False, color=array([1., 1., 1.]), colorSpace='rgb', contrast=1.0, depth=0, flipHoriz=False, flipVert=False, font='', fontFiles=[], height=1.0, italic=False, name='unnamed TextStim', opacity=1.0, ori=0.0, pos=array([0., 0.]), rgb=array([1., 1., 1.]), text=newstr(...), units='deg', win=Window(...), wrapWidth=15.0)
108.8052 	DATA 	No keypress (maxWait exceeded)
110.0374 	DATA 	Keypress: space
110.0380 	WARNING 	Response was not present in the stimulus stream
110.0380 	WARNING 	Response was not present in the stimulus stream
110.5397 	EXP 	New trial (rep=0, index=9): {'cueCoords': [-2, 0], 'cue1pos': 8, 'cue2lag': 5}
114.5861 	EXP 	window1: recordFrameIntervals = False
117.5708 	DATA 	Keypress: 7
117.5716 	EXP 	Sound  started
117.7377 	DATA 	Keypress: 3
117.7383 	EXP 	Sound  started
117.8139 	EXP 	Created unnamed TextStim = TextStim(alignHoriz='center', alignVert='center', antialias=True, autoLog=True, bold=False, color=array([1., 1., 1.]), colorSpace='rgb', contrast=1.0, depth=0, flipHoriz=False, flipVert=False, font='', fontFiles=[], height=1.0, italic=False, name='unnamed TextStim', opacity=1.0, ori=0.0, pos=array([0., 0.]), rgb=array([1., 1., 1.]), text=newstr(...), units='deg', win=Window(...), wrapWidth=15.0)
118.5646 	DATA 	No keypress (maxWait exceeded)
120.0872 	DATA 	Keypress: space
120.0878 	WARNING 	Response was not present in the stimulus stream
120.0879 	WARNING 	Response was not present in the stimulus stream
120.5903 	EXP 	New trial (rep=0, index=10): {'cueCoords': [-2, 0], 'cue1pos': 10, 'cue2lag': 1}
124.4193 	EXP 	window1: recordFrameIntervals = False
125.8373 	DATA 	Keypress: 8
125.8379 	EXP 	Sound  started
125.9206 	DATA 	Keypress: 1
125.9217 	EXP 	Sound  started
126.0011 	EXP 	Created unnamed TextStim = TextStim(alignHoriz='center', alignVert='center', antialias=True, autoLog=True, bold=False, color=array([1., 1., 1.]), colorSpace='rgb', contrast=1.0, depth=0, flipHoriz=False, flipVert=False, font='', fontFiles=[], height=1.0, italic=False, name='unnamed TextStim', opacity=1.0, ori=0.0, pos=array([0., 0.]), rgb=array([1., 1., 1.]), text=newstr(...), units='deg', win=Window(...), wrapWidth=15.0)
126.7524 	DATA 	No keypress (maxWait exceeded)
203.0359 	DATA 	Keypress: space
203.0365 	WARNING 	Response was not present in the stimulus stream
203.0365 	WARNING 	Response was not present in the stimulus stream
203.5382 	EXP 	New trial (rep=0, index=11): {'cueCoords': [-2, 0], 'cue1pos': 10, 'cue2lag': 2}
207.8013 	EXP 	window1: recordFrameIntervals = False
208.9194 	DATA 	Keypress: 1
208.9200 	EXP 	Sound  started
209.4360 	DATA 	Keypress: 6
209.4468 	EXP 	Sound  started
209.5244 	EXP 	Created unnamed TextStim = TextStim(alignHoriz='center', alignVert='center', antialias=True, autoLog=True, bold=False, color=array([1., 1., 1.]), colorSpace='rgb', contrast=1.0, depth=0, flipHoriz=False, flipVert=False, font='', fontFiles=[], height=1.0, italic=False, name='unnamed TextStim', opacity=1.0, ori=0.0, pos=array([0., 0.]), rgb=array([1., 1., 1.]), text=newstr(...), units='deg', win=Window(...), wrapWidth=15.0)
210.2759 	DATA 	No keypress (maxWait exceeded)
211.0025 	DATA 	Keypress: space
211.0031 	WARNING 	Response was not present in the stimulus stream
211.0032 	WARNING 	Response was not present in the stimulus stream
211.5049 	EXP 	New trial (rep=0, index=12): {'cueCoords': [-2, 0], 'cue1pos': 10, 'cue2lag': 8}
215.5012 	EXP 	window1: recordFrameIntervals = False
216.3191 	DATA 	Keypress: 6
216.3198 	EXP 	Sound  started
216.4032 	DATA 	Keypress: 1
216.4186 	EXP 	Sound  started
216.4935 	EXP 	Created unnamed TextStim = TextStim(alignHoriz='center', alignVert='center', antialias=True, autoLog=True, bold=False, color=array([1., 1., 1.]), colorSpace='rgb', contrast=1.0, depth=0, flipHoriz=False, flipVert=False, font='', fontFiles=[], height=1.0, italic=False, name='unnamed TextStim', opacity=1.0, ori=0.0, pos=array([0., 0.]), rgb=array([1., 1., 1.]), text=newstr(...), units='deg', win=Window(...), wrapWidth=15.0)
217.2449 	DATA 	No keypress (maxWait exceeded)
217.6358 	DATA 	Keypress: space
217.6364 	WARNING 	Response was not present in the stimulus stream
217.6365 	WARNING 	Response was not present in the stimulus stream
218.1389 	EXP 	New trial (rep=0, index=13): {'cueCoords': [-2, 0], 'cue1pos': 10, 'cue2lag': 10}
222.2843 	EXP 	window1: recordFrameIntervals = False
225.9856 	DATA 	Keypress: 2
225.9862 	EXP 	Sound  started
226.2355 	DATA 	Keypress: 1
226.2361 	EXP 	Sound  started
226.3140 	EXP 	Created unnamed TextStim = TextStim(alignHoriz='center', alignVert='center', antialias=True, autoLog=True, bold=False, color=array([1., 1., 1.]), colorSpace='rgb', contrast=1.0, depth=0, flipHoriz=False, flipVert=False, font='', fontFiles=[], height=1.0, italic=False, name='unnamed TextStim', opacity=1.0, ori=0.0, pos=array([0., 0.]), rgb=array([1., 1., 1.]), text=newstr(...), units='deg', win=Window(...), wrapWidth=15.0)
227.0647 	DATA 	No keypress (maxWait exceeded)
228.4354 	DATA 	Keypress: space
228.4361 	WARNING 	Response was not present in the stimulus stream
228.4361 	WARNING 	Response was not present in the stimulus stream
228.9385 	EXP 	New trial (rep=0, index=14): {'cueCoords': [-2, 0], 'cue1pos': 10, 'cue2lag': 5}
233.1009 	EXP 	window1: recordFrameIntervals = False
235.4189 	DATA 	Keypress: 6
235.4195 	EXP 	Sound  started
235.5355 	DATA 	Keypress: 1
235.5363 	EXP 	Sound  started
235.6115 	EXP 	Created unnamed TextStim = TextStim(alignHoriz='center', alignVert='center', antialias=True, autoLog=True, bold=False, color=array([1., 1., 1.]), colorSpace='rgb', contrast=1.0, depth=0, flipHoriz=False, flipVert=False, font='', fontFiles=[], height=1.0, italic=False, name='unnamed TextStim', opacity=1.0, ori=0.0, pos=array([0., 0.]), rgb=array([1., 1., 1.]), text=newstr(...), units='deg', win=Window(...), wrapWidth=15.0)
236.3632 	DATA 	No keypress (maxWait exceeded)
237.2187 	DATA 	Keypress: space
237.2193 	WARNING 	Response was not present in the stimulus stream
237.2194 	WARNING 	Response was not present in the stimulus stream
237.7225 	EXP 	New trial (rep=0, index=15): {'cueCoords': [-2, 0], 'cue1pos': 14, 'cue2lag': 1}
241.6007 	EXP 	window1: recordFrameIntervals = False
242.9687 	DATA 	Keypress: 4
242.9694 	EXP 	Sound  started
243.0518 	DATA 	Keypress: 9
243.0524 	EXP 	Sound  started
243.1327 	EXP 	Created unnamed TextStim = TextStim(alignHoriz='center', alignVert='center', antialias=True, autoLog=True, bold=False, color=array([1., 1., 1.]), colorSpace='rgb', contrast=1.0, depth=0, flipHoriz=False, flipVert=False, font='', fontFiles=[], height=1.0, italic=False, name='unnamed TextStim', opacity=1.0, ori=0.0, pos=array([0., 0.]), rgb=array([1., 1., 1.]), text=newstr(...), units='deg', win=Window(...), wrapWidth=15.0)
243.8841 	DATA 	No keypress (maxWait exceeded)
244.9186 	DATA 	Keypress: space
244.9192 	WARNING 	Response was not present in the stimulus stream
244.9192 	WARNING 	Response was not present in the stimulus stream
245.4216 	EXP 	New trial (rep=0, index=16): {'cueCoords': [-2, 0], 'cue1pos': 14, 'cue2lag': 2}
249.3839 	EXP 	window1: recordFrameIntervals = False
252.9696 	DATA 	Keypress: 4
252.9845 	EXP 	Sound  started
253.0351 	DATA 	Keypress: 9
253.0358 	EXP 	Sound  started
253.1126 	EXP 	Created unnamed TextStim = TextStim(alignHoriz='center', alignVert='center', antialias=True, autoLog=True, bold=False, color=array([1., 1., 1.]), colorSpace='rgb', contrast=1.0, depth=0, flipHoriz=False, flipVert=False, font='', fontFiles=[], height=1.0, italic=False, name='unnamed TextStim', opacity=1.0, ori=0.0, pos=array([0., 0.]), rgb=array([1., 1., 1.]), text=newstr(...), units='deg', win=Window(...), wrapWidth=15.0)
253.8641 	DATA 	No keypress (maxWait exceeded)
254.7685 	DATA 	Keypress: space
254.7691 	WARNING 	Response was not present in the stimulus stream
254.7692 	WARNING 	Response was not present in the stimulus stream
255.2715 	EXP 	New trial (rep=0, index=17): {'cueCoords': [-2, 0], 'cue1pos': 14, 'cue2lag': 8}
259.4672 	EXP 	window1: recordFrameIntervals = False
260.4351 	DATA 	Keypress: 5
260.4357 	EXP 	Sound  started
260.9692 	DATA 	Keypress: 3
260.9844 	EXP 	Sound  started
261.0648 	EXP 	Created unnamed TextStim = TextStim(alignHoriz='center', alignVert='center', antialias=True, autoLog=True, bold=False, color=array([1., 1., 1.]), colorSpace='rgb', contrast=1.0, depth=0, flipHoriz=False, flipVert=False, font='', fontFiles=[], height=1.0, italic=False, name='unnamed TextStim', opacity=1.0, ori=0.0, pos=array([0., 0.]), rgb=array([1., 1., 1.]), text=newstr(...), units='deg', win=Window(...), wrapWidth=15.0)
261.8160 	DATA 	No keypress (maxWait exceeded)
263.7683 	DATA 	Keypress: space
263.7689 	WARNING 	Response was not present in the stimulus stream
263.7689 	WARNING 	Response was not present in the stimulus stream
264.2713 	EXP 	New trial (rep=0, index=18): {'cueCoords': [-2, 0], 'cue1pos': 14, 'cue2lag': 10}
268.2003 	EXP 	window1: recordFrameIntervals = False
269.3349 	DATA 	Keypress: 5
269.3356 	EXP 	Sound  started
269.4183 	DATA 	Keypress: 6
269.4192 	EXP 	Sound  started
269.4943 	EXP 	Created unnamed TextStim = TextStim(alignHoriz='center', alignVert='center', antialias=True, autoLog=True, bold=False, color=array([1., 1., 1.]), colorSpace='rgb', contrast=1.0, depth=0, flipHoriz=False, flipVert=False, font='', fontFiles=[], height=1.0, italic=False, name='unnamed TextStim', opacity=1.0, ori=0.0, pos=array([0., 0.]), rgb=array([1., 1., 1.]), text=newstr(...), units='deg', win=Window(...), wrapWidth=15.0)
270.2459 	DATA 	No keypress (maxWait exceeded)
271.2682 	DATA 	Keypress: space
271.2688 	WARNING 	Response was not present in the stimulus stream
271.2689 	WARNING 	Response was not present in the stimulus stream
271.7719 	EXP 	New trial (rep=0, index=19): {'cueCoords': [-2, 0], 'cue1pos': 14, 'cue2lag': 5}
275.8668 	EXP 	window1: recordFrameIntervals = False
278.0515 	DATA 	Keypress: 5
278.0522 	EXP 	Sound  started
278.6014 	DATA 	Keypress: 5
278.6021 	EXP 	Sound  started
278.6766 	EXP 	Created unnamed TextStim = TextStim(alignHoriz='center', alignVert='center', antialias=True, autoLog=True, bold=False, color=array([1., 1., 1.]), colorSpace='rgb', contrast=1.0, depth=0, flipHoriz=False, flipVert=False, font='', fontFiles=[], height=1.0, italic=False, name='unnamed TextStim', opacity=1.0, ori=0.0, pos=array([0., 0.]), rgb=array([1., 1., 1.]), text=newstr(...), units='deg', win=Window(...), wrapWidth=15.0)
279.4273 	DATA 	No keypress (maxWait exceeded)
336.4006 	DATA 	Keypress: space
336.4012 	WARNING 	Response was not present in the stimulus stream
336.4013 	WARNING 	Response was not present in the stimulus stream
336.9039 	EXP 	New trial (rep=0, index=20): {'cueCoords': [6, 0], 'cue1pos': 6, 'cue2lag': 1}
340.7158 	EXP 	window1: recordFrameIntervals = False
343.5507 	DATA 	Keypress: 3
343.5514 	EXP 	Sound  started
344.2838 	DATA 	Keypress: 7
344.2844 	EXP 	Sound  started
344.3597 	EXP 	Created unnamed TextStim = TextStim(alignHoriz='center', alignVert='center', antialias=True, autoLog=True, bold=False, color=array([1., 1., 1.]), colorSpace='rgb', contrast=1.0, depth=0, flipHoriz=False, flipVert=False, font='', fontFiles=[], height=1.0, italic=False, name='unnamed TextStim', opacity=1.0, ori=0.0, pos=array([0., 0.]), rgb=array([1., 1., 1.]), text=newstr(...), units='deg', win=Window(...), wrapWidth=15.0)
345.1110 	DATA 	No keypress (maxWait exceeded)
346.2502 	DATA 	Keypress: space
346.2509 	WARNING 	Response was not present in the stimulus stream
346.2510 	WARNING 	Response was not present in the stimulus stream
346.7534 	EXP 	New trial (rep=0, index=21): {'cueCoords': [6, 0], 'cue1pos': 6, 'cue2lag': 2}
350.8823 	EXP 	window1: recordFrameIntervals = False
352.9503 	DATA 	Keypress: 3
352.9509 	EXP 	Sound  started
353.1002 	DATA 	Keypress: 0
353.1009 	EXP 	Sound  started
353.1759 	EXP 	Created unnamed TextStim = TextStim(alignHoriz='center', alignVert='center', antialias=True, autoLog=True, bold=False, color=array([1., 1., 1.]), colorSpace='rgb', contrast=1.0, depth=0, flipHoriz=False, flipVert=False, font='', fontFiles=[], height=1.0, italic=False, name='unnamed TextStim', opacity=1.0, ori=0.0, pos=array([0., 0.]), rgb=array([1., 1., 1.]), text=newstr(...), units='deg', win=Window(...), wrapWidth=15.0)
353.9270 	DATA 	No keypress (maxWait exceeded)
364.2167 	DATA 	Keypress: space
364.2173 	WARNING 	Response was not present in the stimulus stream
364.2174 	WARNING 	Response was not present in the stimulus stream
364.7198 	EXP 	New trial (rep=0, index=22): {'cueCoords': [6, 0], 'cue1pos': 6, 'cue2lag': 8}
368.7654 	EXP 	window1: recordFrameIntervals = False
370.2999 	DATA 	Keypress: 9
370.3007 	EXP 	Sound  started
370.3664 	DATA 	Keypress: 6
370.3671 	EXP 	Sound  started
370.4437 	EXP 	Created unnamed TextStim = TextStim(alignHoriz='center', alignVert='center', antialias=True, autoLog=True, bold=False, color=array([1., 1., 1.]), colorSpace='rgb', contrast=1.0, depth=0, flipHoriz=False, flipVert=False, font='', fontFiles=[], height=1.0, italic=False, name='unnamed TextStim', opacity=1.0, ori=0.0, pos=array([0., 0.]), rgb=array([1., 1., 1.]), text=newstr(...), units='deg', win=Window(...), wrapWidth=15.0)
371.1948 	DATA 	No keypress (maxWait exceeded)
372.2166 	DATA 	Keypress: space
372.2172 	WARNING 	Response was not present in the stimulus stream
372.2173 	WARNING 	Response was not present in the stimulus stream
372.7194 	EXP 	New trial (rep=0, index=23): {'cueCoords': [6, 0], 'cue1pos': 6, 'cue2lag': 10}
376.5986 	EXP 	window1: recordFrameIntervals = False
379.7016 	DATA 	Keypress: 1
379.7161 	EXP 	Sound  started
379.8166 	DATA 	Keypress: 6
379.8173 	EXP 	Sound  started
379.8932 	EXP 	Created unnamed TextStim = TextStim(alignHoriz='center', alignVert='center', antialias=True, autoLog=True, bold=False, color=array([1., 1., 1.]), colorSpace='rgb', contrast=1.0, depth=0, flipHoriz=False, flipVert=False, font='', fontFiles=[], height=1.0, italic=False, name='unnamed TextStim', opacity=1.0, ori=0.0, pos=array([0., 0.]), rgb=array([1., 1., 1.]), text=newstr(...), units='deg', win=Window(...), wrapWidth=15.0)
380.6448 	DATA 	No keypress (maxWait exceeded)
381.3998 	DATA 	Keypress: space
381.4005 	WARNING 	Response was not present in the stimulus stream
381.4005 	WARNING 	Response was not present in the stimulus stream
381.9031 	EXP 	New trial (rep=0, index=24): {'cueCoords': [6, 0], 'cue1pos': 6, 'cue2lag': 5}
386.1484 	EXP 	window1: recordFrameIntervals = False
387.1497 	DATA 	Keypress: 6
387.1503 	EXP 	Sound  started
387.2330 	DATA 	Keypress: 5
387.2337 	EXP 	Sound  started
387.3102 	EXP 	Created unnamed TextStim = TextStim(alignHoriz='center', alignVert='center', antialias=True, autoLog=True, bold=False, color=array([1., 1., 1.]), colorSpace='rgb', contrast=1.0, depth=0, flipHoriz=False, flipVert=False, font='', fontFiles=[], height=1.0, italic=False, name='unnamed TextStim', opacity=1.0, ori=0.0, pos=array([0., 0.]), rgb=array([1., 1., 1.]), text=newstr(...), units='deg', win=Window(...), wrapWidth=15.0)
388.0619 	DATA 	No keypress (maxWait exceeded)
389.0330 	DATA 	Keypress: space
389.0336 	WARNING 	Response was not present in the stimulus stream
389.0337 	WARNING 	Response was not present in the stimulus stream
389.5360 	EXP 	New trial (rep=0, index=25): {'cueCoords': [6, 0], 'cue1pos': 8, 'cue2lag': 1}
393.3983 	EXP 	window1: recordFrameIntervals = False
398.6663 	DATA 	Keypress: 1
398.6698 	EXP 	Sound  started
398.7829 	DATA 	Keypress: 4
398.7835 	EXP 	Sound  started
398.8579 	EXP 	Created unnamed TextStim = TextStim(alignHoriz='center', alignVert='center', antialias=True, autoLog=True, bold=False, color=array([1., 1., 1.]), colorSpace='rgb', contrast=1.0, depth=0, flipHoriz=False, flipVert=False, font='', fontFiles=[], height=1.0, italic=False, name='unnamed TextStim', opacity=1.0, ori=0.0, pos=array([0., 0.]), rgb=array([1., 1., 1.]), text=newstr(...), units='deg', win=Window(...), wrapWidth=15.0)
399.6090 	DATA 	No keypress (maxWait exceeded)
400.5661 	DATA 	Keypress: space
400.5668 	WARNING 	Response was not present in the stimulus stream
400.5668 	WARNING 	Response was not present in the stimulus stream
401.0690 	EXP 	New trial (rep=0, index=26): {'cueCoords': [6, 0], 'cue1pos': 8, 'cue2lag': 2}
405.0481 	EXP 	window1: recordFrameIntervals = False
407.0993 	DATA 	Keypress: 1
407.1000 	EXP 	Sound  started
407.2162 	DATA 	Keypress: 3
407.2169 	EXP 	Sound  started
407.2925 	EXP 	Created unnamed TextStim = TextStim(alignHoriz='center', alignVert='center', antialias=True, autoLog=True, bold=False, color=array([1., 1., 1.]), colorSpace='rgb', contrast=1.0, depth=0, flipHoriz=False, flipVert=False, font='', fontFiles=[], height=1.0, italic=False, name='unnamed TextStim', opacity=1.0, ori=0.0, pos=array([0., 0.]), rgb=array([1., 1., 1.]), text=newstr(...), units='deg', win=Window(...), wrapWidth=15.0)
408.0442 	DATA 	No keypress (maxWait exceeded)
409.1992 	DATA 	Keypress: space
409.1998 	WARNING 	Response was not present in the stimulus stream
409.1999 	WARNING 	Response was not present in the stimulus stream
409.7025 	EXP 	New trial (rep=0, index=27): {'cueCoords': [6, 0], 'cue1pos': 8, 'cue2lag': 8}
413.8646 	EXP 	window1: recordFrameIntervals = False
418.0492 	DATA 	Keypress: 5
418.0498 	EXP 	Sound  started
418.1656 	DATA 	Keypress: 1
418.1662 	EXP 	Sound  started
418.2420 	EXP 	Created unnamed TextStim = TextStim(alignHoriz='center', alignVert='center', antialias=True, autoLog=True, bold=False, color=array([1., 1., 1.]), colorSpace='rgb', contrast=1.0, depth=0, flipHoriz=False, flipVert=False, font='', fontFiles=[], height=1.0, italic=False, name='unnamed TextStim', opacity=1.0, ori=0.0, pos=array([0., 0.]), rgb=array([1., 1., 1.]), text=newstr(...), units='deg', win=Window(...), wrapWidth=15.0)
418.9924 	DATA 	No keypress (maxWait exceeded)
442.1820 	DATA 	Keypress: space
442.1826 	WARNING 	Response was not present in the stimulus stream
442.1827 	WARNING 	Response was not present in the stimulus stream
442.6856 	EXP 	New trial (rep=0, index=28): {'cueCoords': [6, 0], 'cue1pos': 8, 'cue2lag': 10}
446.7141 	EXP 	window1: recordFrameIntervals = False
447.2321 	DATA 	Keypress: 3
447.2327 	EXP 	Sound  started
447.3820 	DATA 	Keypress: 4
447.3826 	EXP 	Sound  started
447.4591 	EXP 	Created unnamed TextStim = TextStim(alignHoriz='center', alignVert='center', antialias=True, autoLog=True, bold=False, color=array([1., 1., 1.]), colorSpace='rgb', contrast=1.0, depth=0, flipHoriz=False, flipVert=False, font='', fontFiles=[], height=1.0, italic=False, name='unnamed TextStim', opacity=1.0, ori=0.0, pos=array([0., 0.]), rgb=array([1., 1., 1.]), text=newstr(...), units='deg', win=Window(...), wrapWidth=15.0)
448.2104 	DATA 	No keypress (maxWait exceeded)
448.9820 	DATA 	Keypress: space
448.9826 	WARNING 	Response was not present in the stimulus stream
448.9826 	WARNING 	Response was not present in the stimulus stream
449.4853 	EXP 	New trial (rep=0, index=29): {'cueCoords': [6, 0], 'cue1pos': 8, 'cue2lag': 5}
453.6641 	EXP 	window1: recordFrameIntervals = False
454.0987 	DATA 	Keypress: 8
454.0993 	EXP 	Sound  started
454.7986 	DATA 	Keypress: 2
454.7992 	EXP 	Sound  started
454.8755 	EXP 	Created unnamed TextStim = TextStim(alignHoriz='center', alignVert='center', antialias=True, autoLog=True, bold=False, color=array([1., 1., 1.]), colorSpace='rgb', contrast=1.0, depth=0, flipHoriz=False, flipVert=False, font='', fontFiles=[], height=1.0, italic=False, name='unnamed TextStim', opacity=1.0, ori=0.0, pos=array([0., 0.]), rgb=array([1., 1., 1.]), text=newstr(...), units='deg', win=Window(...), wrapWidth=15.0)
455.6267 	DATA 	No keypress (maxWait exceeded)
456.1819 	DATA 	Keypress: space
456.1826 	WARNING 	Response was not present in the stimulus stream
456.1826 	WARNING 	Response was not present in the stimulus stream
456.6849 	EXP 	New trial (rep=0, index=30): {'cueCoords': [6, 0], 'cue1pos': 10, 'cue2lag': 1}
460.7471 	EXP 	window1: recordFrameIntervals = False
462.2318 	DATA 	Keypress: 9
462.2325 	EXP 	Sound  started
462.3484 	DATA 	Keypress: 0
462.3491 	EXP 	Sound  started
462.4246 	EXP 	Created unnamed TextStim = TextStim(alignHoriz='center', alignVert='center', antialias=True, autoLog=True, bold=False, color=array([1., 1., 1.]), colorSpace='rgb', contrast=1.0, depth=0, flipHoriz=False, flipVert=False, font='', fontFiles=[], height=1.0, italic=False, name='unnamed TextStim', opacity=1.0, ori=0.0, pos=array([0., 0.]), rgb=array([1., 1., 1.]), text=newstr(...), units='deg', win=Window(...), wrapWidth=15.0)
463.1760 	DATA 	No keypress (maxWait exceeded)
463.9484 	DATA 	Keypress: space
463.9491 	WARNING 	Response was not present in the stimulus stream
463.9492 	WARNING 	Response was not present in the stimulus stream
464.4513 	EXP 	New trial (rep=0, index=31): {'cueCoords': [6, 0], 'cue1pos': 10, 'cue2lag': 2}
468.2804 	EXP 	window1: recordFrameIntervals = False
469.8651 	DATA 	Keypress: 4
469.8658 	EXP 	Sound  started
469.9483 	DATA 	Keypress: 9
469.9489 	EXP 	Sound  started
470.0246 	EXP 	Created unnamed TextStim = TextStim(alignHoriz='center', alignVert='center', antialias=True, autoLog=True, bold=False, color=array([1., 1., 1.]), colorSpace='rgb', contrast=1.0, depth=0, flipHoriz=False, flipVert=False, font='', fontFiles=[], height=1.0, italic=False, name='unnamed TextStim', opacity=1.0, ori=0.0, pos=array([0., 0.]), rgb=array([1., 1., 1.]), text=newstr(...), units='deg', win=Window(...), wrapWidth=15.0)
470.7757 	DATA 	No keypress (maxWait exceeded)
471.3481 	DATA 	Keypress: space
471.3488 	WARNING 	Response was not present in the stimulus stream
471.3488 	WARNING 	Response was not present in the stimulus stream
471.8511 	EXP 	New trial (rep=0, index=32): {'cueCoords': [6, 0], 'cue1pos': 10, 'cue2lag': 8}
475.9635 	EXP 	window1: recordFrameIntervals = False
476.9150 	DATA 	Keypress: 3
476.9157 	EXP 	Sound  started
477.0150 	DATA 	Keypress: 7
477.0157 	EXP 	Sound  started
477.0910 	EXP 	Created unnamed TextStim = TextStim(alignHoriz='center', alignVert='center', antialias=True, autoLog=True, bold=False, color=array([1., 1., 1.]), colorSpace='rgb', contrast=1.0, depth=0, flipHoriz=False, flipVert=False, font='', fontFiles=[], height=1.0, italic=False, name='unnamed TextStim', opacity=1.0, ori=0.0, pos=array([0., 0.]), rgb=array([1., 1., 1.]), text=newstr(...), units='deg', win=Window(...), wrapWidth=15.0)
477.8421 	DATA 	No keypress (maxWait exceeded)
490.0312 	DATA 	Keypress: space
490.0318 	WARNING 	Response was not present in the stimulus stream
490.0319 	WARNING 	Response was not present in the stimulus stream
490.5347 	EXP 	New trial (rep=0, index=33): {'cueCoords': [6, 0], 'cue1pos': 10, 'cue2lag': 10}
494.6300 	EXP 	window1: recordFrameIntervals = False
495.9979 	DATA 	Keypress: 0
495.9986 	EXP 	Sound  started
496.0813 	DATA 	Keypress: 2
496.0822 	EXP 	Sound  started
496.1583 	EXP 	Created unnamed TextStim = TextStim(alignHoriz='center', alignVert='center', antialias=True, autoLog=True, bold=False, color=array([1., 1., 1.]), colorSpace='rgb', contrast=1.0, depth=0, flipHoriz=False, flipVert=False, font='', fontFiles=[], height=1.0, italic=False, name='unnamed TextStim', opacity=1.0, ori=0.0, pos=array([0., 0.]), rgb=array([1., 1., 1.]), text=newstr(...), units='deg', win=Window(...), wrapWidth=15.0)
496.9096 	DATA 	No keypress (maxWait exceeded)
497.2979 	DATA 	Keypress: space
497.2985 	WARNING 	Response was not present in the stimulus stream
497.2986 	WARNING 	Response was not present in the stimulus stream
497.8011 	EXP 	New trial (rep=0, index=34): {'cueCoords': [6, 0], 'cue1pos': 10, 'cue2lag': 5}
501.6633 	EXP 	window1: recordFrameIntervals = False
502.5479 	DATA 	Keypress: 4
502.5485 	EXP 	Sound  started
503.0311 	DATA 	Keypress: 7
503.0318 	EXP 	Sound  started
503.1151 	EXP 	Created unnamed TextStim = TextStim(alignHoriz='center', alignVert='center', antialias=True, autoLog=True, bold=False, color=array([1., 1., 1.]), colorSpace='rgb', contrast=1.0, depth=0, flipHoriz=False, flipVert=False, font='', fontFiles=[], height=1.0, italic=False, name='unnamed TextStim', opacity=1.0, ori=0.0, pos=array([0., 0.]), rgb=array([1., 1., 1.]), text=newstr(...), units='deg', win=Window(...), wrapWidth=15.0)
503.8664 	DATA 	No keypress (maxWait exceeded)
505.6314 	DATA 	Keypress: space
505.6321 	WARNING 	Response was not present in the stimulus stream
505.6321 	WARNING 	Response was not present in the stimulus stream
506.1344 	EXP 	New trial (rep=0, index=35): {'cueCoords': [6, 0], 'cue1pos': 14, 'cue2lag': 1}
510.3130 	EXP 	window1: recordFrameIntervals = False
511.5644 	DATA 	Keypress: 2
511.5651 	EXP 	Sound  started
511.6311 	DATA 	Keypress: 1
511.6317 	EXP 	Sound  started
511.7083 	EXP 	Created unnamed TextStim = TextStim(alignHoriz='center', alignVert='center', antialias=True, autoLog=True, bold=False, color=array([1., 1., 1.]), colorSpace='rgb', contrast=1.0, depth=0, flipHoriz=False, flipVert=False, font='', fontFiles=[], height=1.0, italic=False, name='unnamed TextStim', opacity=1.0, ori=0.0, pos=array([0., 0.]), rgb=array([1., 1., 1.]), text=newstr(...), units='deg', win=Window(...), wrapWidth=15.0)
512.4595 	DATA 	No keypress (maxWait exceeded)
513.4977 	DATA 	Keypress: space
513.4985 	WARNING 	Response was not present in the stimulus stream
513.4986 	WARNING 	Response was not present in the stimulus stream
514.0011 	EXP 	New trial (rep=0, index=36): {'cueCoords': [6, 0], 'cue1pos': 14, 'cue2lag': 2}
518.0796 	EXP 	window1: recordFrameIntervals = False
519.9142 	DATA 	Keypress: 4
519.9148 	EXP 	Sound  started
519.9808 	DATA 	Keypress: 7
519.9814 	EXP 	Sound  started
520.0575 	EXP 	Created unnamed TextStim = TextStim(alignHoriz='center', alignVert='center', antialias=True, autoLog=True, bold=False, color=array([1., 1., 1.]), colorSpace='rgb', contrast=1.0, depth=0, flipHoriz=False, flipVert=False, font='', fontFiles=[], height=1.0, italic=False, name='unnamed TextStim', opacity=1.0, ori=0.0, pos=array([0., 0.]), rgb=array([1., 1., 1.]), text=newstr(...), units='deg', win=Window(...), wrapWidth=15.0)
520.8091 	DATA 	No keypress (maxWait exceeded)
521.3976 	DATA 	Keypress: space
521.3982 	WARNING 	Response was not present in the stimulus stream
521.3983 	WARNING 	Response was not present in the stimulus stream
521.9010 	EXP 	New trial (rep=0, index=37): {'cueCoords': [6, 0], 'cue1pos': 14, 'cue2lag': 8}
525.8295 	EXP 	window1: recordFrameIntervals = False
530.2141 	DATA 	Keypress: 1
530.2147 	EXP 	Sound  started
530.3474 	DATA 	Keypress: 3
530.3480 	EXP 	Sound  started
530.4259 	EXP 	Created unnamed TextStim = TextStim(alignHoriz='center', alignVert='center', antialias=True, autoLog=True, bold=False, color=array([1., 1., 1.]), colorSpace='rgb', contrast=1.0, depth=0, flipHoriz=False, flipVert=False, font='', fontFiles=[], height=1.0, italic=False, name='unnamed TextStim', opacity=1.0, ori=0.0, pos=array([0., 0.]), rgb=array([1., 1., 1.]), text=newstr(...), units='deg', win=Window(...), wrapWidth=15.0)
530.5036 	DATA 	Keypress: 3
532.3805 	DATA 	Keypress: space
532.3811 	WARNING 	Response was not present in the stimulus stream
532.3812 	WARNING 	Response was not present in the stimulus stream
532.8839 	EXP 	New trial (rep=0, index=38): {'cueCoords': [6, 0], 'cue1pos': 14, 'cue2lag': 10}
537.1460 	EXP 	window1: recordFrameIntervals = False
538.4807 	DATA 	Keypress: 6
538.4813 	EXP 	Sound  started
539.2139 	DATA 	Keypress: 2
539.2146 	EXP 	Sound  started
539.2894 	EXP 	Created unnamed TextStim = TextStim(alignHoriz='center', alignVert='center', antialias=True, autoLog=True, bold=False, color=array([1., 1., 1.]), colorSpace='rgb', contrast=1.0, depth=0, flipHoriz=False, flipVert=False, font='', fontFiles=[], height=1.0, italic=False, name='unnamed TextStim', opacity=1.0, ori=0.0, pos=array([0., 0.]), rgb=array([1., 1., 1.]), text=newstr(...), units='deg', win=Window(...), wrapWidth=15.0)
540.0406 	DATA 	No keypress (maxWait exceeded)
540.5305 	DATA 	Keypress: space
540.5311 	WARNING 	Response was not present in the stimulus stream
540.5312 	WARNING 	Response was not present in the stimulus stream
541.0338 	EXP 	New trial (rep=0, index=39): {'cueCoords': [6, 0], 'cue1pos': 14, 'cue2lag': 5}
544.9291 	EXP 	window1: recordFrameIntervals = False
546.9138 	DATA 	Keypress: 3
546.9145 	EXP 	Sound  started
547.0471 	DATA 	Keypress: 1
547.0477 	EXP 	Sound  started
547.1227 	EXP 	Created unnamed TextStim = TextStim(alignHoriz='center', alignVert='center', antialias=True, autoLog=True, bold=False, color=array([1., 1., 1.]), colorSpace='rgb', contrast=1.0, depth=0, flipHoriz=False, flipVert=False, font='', fontFiles=[], height=1.0, italic=False, name='unnamed TextStim', opacity=1.0, ori=0.0, pos=array([0., 0.]), rgb=array([1., 1., 1.]), text=newstr(...), units='deg', win=Window(...), wrapWidth=15.0)
547.8738 	DATA 	No keypress (maxWait exceeded)
548.5637 	DATA 	Keypress: space
548.5643 	WARNING 	Response was not present in the stimulus stream
548.5643 	WARNING 	Response was not present in the stimulus stream
549.0667 	EXP 	New trial (rep=0, index=40): {'cueCoords': [-6, 0], 'cue1pos': 6, 'cue2lag': 1}
553.0957 	EXP 	window1: recordFrameIntervals = False
554.7637 	DATA 	Keypress: 3
554.7643 	EXP 	Sound  started
555.4137 	DATA 	Keypress: 0
555.4144 	EXP 	Sound  started
555.4903 	EXP 	Created unnamed TextStim = TextStim(alignHoriz='center', alignVert='center', antialias=True, autoLog=True, bold=False, color=array([1., 1., 1.]), colorSpace='rgb', contrast=1.0, depth=0, flipHoriz=False, flipVert=False, font='', fontFiles=[], height=1.0, italic=False, name='unnamed TextStim', opacity=1.0, ori=0.0, pos=array([0., 0.]), rgb=array([1., 1., 1.]), text=newstr(...), units='deg', win=Window(...), wrapWidth=15.0)
556.2414 	DATA 	No keypress (maxWait exceeded)
556.8301 	DATA 	Keypress: space
556.8307 	WARNING 	Response was not present in the stimulus stream
556.8308 	WARNING 	Response was not present in the stimulus stream
557.3335 	EXP 	New trial (rep=0, index=41): {'cueCoords': [-6, 0], 'cue1pos': 6, 'cue2lag': 2}
561.2122 	EXP 	window1: recordFrameIntervals = False
563.5470 	DATA 	Keypress: 2
563.5478 	EXP 	Sound  started
563.6472 	DATA 	Keypress: 1
563.6478 	EXP 	Sound  started
563.7240 	EXP 	Created unnamed TextStim = TextStim(alignHoriz='center', alignVert='center', antialias=True, autoLog=True, bold=False, color=array([1., 1., 1.]), colorSpace='rgb', contrast=1.0, depth=0, flipHoriz=False, flipVert=False, font='', fontFiles=[], height=1.0, italic=False, name='unnamed TextStim', opacity=1.0, ori=0.0, pos=array([0., 0.]), rgb=array([1., 1., 1.]), text=newstr(...), units='deg', win=Window(...), wrapWidth=15.0)
564.4752 	DATA 	No keypress (maxWait exceeded)
565.4637 	DATA 	Keypress: space
565.4643 	WARNING 	Response was not present in the stimulus stream
565.4644 	WARNING 	Response was not present in the stimulus stream
565.9665 	EXP 	New trial (rep=0, index=42): {'cueCoords': [-6, 0], 'cue1pos': 6, 'cue2lag': 8}
570.1787 	EXP 	window1: recordFrameIntervals = False
571.8301 	DATA 	Keypress: 5
571.8308 	EXP 	Sound  started
573.7468 	DATA 	Keypress: 1
573.7474 	EXP 	Sound  started
573.8224 	EXP 	Created unnamed TextStim = TextStim(alignHoriz='center', alignVert='center', antialias=True, autoLog=True, bold=False, color=array([1., 1., 1.]), colorSpace='rgb', contrast=1.0, depth=0, flipHoriz=False, flipVert=False, font='', fontFiles=[], height=1.0, italic=False, name='unnamed TextStim', opacity=1.0, ori=0.0, pos=array([0., 0.]), rgb=array([1., 1., 1.]), text=newstr(...), units='deg', win=Window(...), wrapWidth=15.0)
574.5737 	DATA 	No keypress (maxWait exceeded)
575.5467 	DATA 	Keypress: space
575.5474 	WARNING 	Response was not present in the stimulus stream
575.5474 	WARNING 	Response was not present in the stimulus stream
576.0497 	EXP 	New trial (rep=0, index=43): {'cueCoords': [-6, 0], 'cue1pos': 6, 'cue2lag': 10}
579.9453 	EXP 	window1: recordFrameIntervals = False
581.4303 	DATA 	Keypress: 6
581.4309 	EXP 	Sound  started
581.5135 	DATA 	Keypress: 5
581.5141 	EXP 	Sound  started
581.5903 	EXP 	Created unnamed TextStim = TextStim(alignHoriz='center', alignVert='center', antialias=True, autoLog=True, bold=False, color=array([1., 1., 1.]), colorSpace='rgb', contrast=1.0, depth=0, flipHoriz=False, flipVert=False, font='', fontFiles=[], height=1.0, italic=False, name='unnamed TextStim', opacity=1.0, ori=0.0, pos=array([0., 0.]), rgb=array([1., 1., 1.]), text=newstr(...), units='deg', win=Window(...), wrapWidth=15.0)
582.3416 	DATA 	No keypress (maxWait exceeded)
583.2466 	DATA 	Keypress: space
583.2472 	WARNING 	Response was not present in the stimulus stream
583.2472 	WARNING 	Response was not present in the stimulus stream
583.7497 	EXP 	New trial (rep=0, index=44): {'cueCoords': [-6, 0], 'cue1pos': 6, 'cue2lag': 5}
587.6452 	EXP 	window1: recordFrameIntervals = False
588.0299 	DATA 	Keypress: 1
588.0305 	EXP 	Sound  started
588.1632 	DATA 	Keypress: 2
588.1639 	EXP 	Sound  started
588.2402 	EXP 	Created unnamed TextStim = TextStim(alignHoriz='center', alignVert='center', antialias=True, autoLog=True, bold=False, color=array([1., 1., 1.]), colorSpace='rgb', contrast=1.0, depth=0, flipHoriz=False, flipVert=False, font='', fontFiles=[], height=1.0, italic=False, name='unnamed TextStim', opacity=1.0, ori=0.0, pos=array([0., 0.]), rgb=array([1., 1., 1.]), text=newstr(...), units='deg', win=Window(...), wrapWidth=15.0)
588.9914 	DATA 	No keypress (maxWait exceeded)
590.1797 	DATA 	Keypress: space
590.1803 	WARNING 	Response was not present in the stimulus stream
590.1804 	WARNING 	Response was not present in the stimulus stream
590.6822 	EXP 	New trial (rep=0, index=45): {'cueCoords': [-6, 0], 'cue1pos': 8, 'cue2lag': 1}
594.7284 	EXP 	window1: recordFrameIntervals = False
596.0630 	DATA 	Keypress: 0
596.0637 	EXP 	Sound  started
597.3464 	DATA 	Keypress: 2
597.3471 	EXP 	Sound  started
597.4253 	EXP 	Created unnamed TextStim = TextStim(alignHoriz='center', alignVert='center', antialias=True, autoLog=True, bold=False, color=array([1., 1., 1.]), colorSpace='rgb', contrast=1.0, depth=0, flipHoriz=False, flipVert=False, font='', fontFiles=[], height=1.0, italic=False, name='unnamed TextStim', opacity=1.0, ori=0.0, pos=array([0., 0.]), rgb=array([1., 1., 1.]), text=newstr(...), units='deg', win=Window(...), wrapWidth=15.0)
598.1767 	DATA 	No keypress (maxWait exceeded)
598.9295 	DATA 	Keypress: space
598.9301 	WARNING 	Response was not present in the stimulus stream
598.9303 	WARNING 	Response was not present in the stimulus stream
599.4329 	EXP 	New trial (rep=0, index=46): {'cueCoords': [-6, 0], 'cue1pos': 8, 'cue2lag': 2}
603.4282 	EXP 	window1: recordFrameIntervals = False
604.5629 	DATA 	Keypress: 9
604.5636 	EXP 	Sound  started
604.6794 	DATA 	Keypress: 0
604.6800 	EXP 	Sound  started
604.7613 	EXP 	Created unnamed TextStim = TextStim(alignHoriz='center', alignVert='center', antialias=True, autoLog=True, bold=False, color=array([1., 1., 1.]), colorSpace='rgb', contrast=1.0, depth=0, flipHoriz=False, flipVert=False, font='', fontFiles=[], height=1.0, italic=False, name='unnamed TextStim', opacity=1.0, ori=0.0, pos=array([0., 0.]), rgb=array([1., 1., 1.]), text=newstr(...), units='deg', win=Window(...), wrapWidth=15.0)
605.5127 	DATA 	No keypress (maxWait exceeded)
606.3794 	DATA 	Keypress: space
606.3800 	WARNING 	Response was not present in the stimulus stream
606.3800 	WARNING 	Response was not present in the stimulus stream
606.8826 	EXP 	New trial (rep=0, index=47): {'cueCoords': [-6, 0], 'cue1pos': 8, 'cue2lag': 8}
610.7114 	EXP 	window1: recordFrameIntervals = False
614.4138 	DATA 	Keypress: 7
614.4287 	EXP 	Sound  started
614.4963 	DATA 	Keypress: 1
614.4970 	EXP 	Sound  started
614.5735 	EXP 	Created unnamed TextStim = TextStim(alignHoriz='center', alignVert='center', antialias=True, autoLog=True, bold=False, color=array([1., 1., 1.]), colorSpace='rgb', contrast=1.0, depth=0, flipHoriz=False, flipVert=False, font='', fontFiles=[], height=1.0, italic=False, name='unnamed TextStim', opacity=1.0, ori=0.0, pos=array([0., 0.]), rgb=array([1., 1., 1.]), text=newstr(...), units='deg', win=Window(...), wrapWidth=15.0)
615.3247 	DATA 	No keypress (maxWait exceeded)
616.0292 	DATA 	Keypress: space
616.0298 	WARNING 	Response was not present in the stimulus stream
616.0299 	WARNING 	Response was not present in the stimulus stream
616.5325 	EXP 	New trial (rep=0, index=48): {'cueCoords': [-6, 0], 'cue1pos': 8, 'cue2lag': 10}
620.7113 	EXP 	window1: recordFrameIntervals = False
621.6130 	DATA 	Keypress: 0
621.6136 	EXP 	Sound  started
621.6461 	DATA 	Keypress: 9
621.6468 	EXP 	Sound  started
621.7292 	EXP 	Created unnamed TextStim = TextStim(alignHoriz='center', alignVert='center', antialias=True, autoLog=True, bold=False, color=array([1., 1., 1.]), colorSpace='rgb', contrast=1.0, depth=0, flipHoriz=False, flipVert=False, font='', fontFiles=[], height=1.0, italic=False, name='unnamed TextStim', opacity=1.0, ori=0.0, pos=array([0., 0.]), rgb=array([1., 1., 1.]), text=newstr(...), units='deg', win=Window(...), wrapWidth=15.0)
622.4810 	DATA 	No keypress (maxWait exceeded)
625.2125 	DATA 	Keypress: space
625.2131 	WARNING 	Response was not present in the stimulus stream
625.2132 	WARNING 	Response was not present in the stimulus stream
625.7155 	EXP 	New trial (rep=0, index=49): {'cueCoords': [-6, 0], 'cue1pos': 8, 'cue2lag': 5}
629.7279 	EXP 	window1: recordFrameIntervals = False
633.9123 	DATA 	Keypress: 6
633.9131 	EXP 	Sound  started
634.5624 	DATA 	Keypress: 2
634.5631 	EXP 	Sound  started
634.6391 	EXP 	Created unnamed TextStim = TextStim(alignHoriz='center', alignVert='center', antialias=True, autoLog=True, bold=False, color=array([1., 1., 1.]), colorSpace='rgb', contrast=1.0, depth=0, flipHoriz=False, flipVert=False, font='', fontFiles=[], height=1.0, italic=False, name='unnamed TextStim', opacity=1.0, ori=0.0, pos=array([0., 0.]), rgb=array([1., 1., 1.]), text=newstr(...), units='deg', win=Window(...), wrapWidth=15.0)
635.3899 	DATA 	No keypress (maxWait exceeded)
636.6956 	DATA 	Keypress: space
636.6962 	WARNING 	Response was not present in the stimulus stream
636.6963 	WARNING 	Response was not present in the stimulus stream
637.1988 	EXP 	New trial (rep=0, index=50): {'cueCoords': [-6, 0], 'cue1pos': 10, 'cue2lag': 1}
641.1610 	EXP 	window1: recordFrameIntervals = False
644.1789 	DATA 	Keypress: 3
644.1795 	EXP 	Sound  started
644.3289 	DATA 	Keypress: 1
644.3300 	EXP 	Sound  started
644.4060 	EXP 	Created unnamed TextStim = TextStim(alignHoriz='center', alignVert='center', antialias=True, autoLog=True, bold=False, color=array([1., 1., 1.]), colorSpace='rgb', contrast=1.0, depth=0, flipHoriz=False, flipVert=False, font='', fontFiles=[], height=1.0, italic=False, name='unnamed TextStim', opacity=1.0, ori=0.0, pos=array([0., 0.]), rgb=array([1., 1., 1.]), text=newstr(...), units='deg', win=Window(...), wrapWidth=15.0)
645.1568 	DATA 	No keypress (maxWait exceeded)
645.7789 	DATA 	Keypress: space
645.7795 	WARNING 	Response was not present in the stimulus stream
645.7796 	WARNING 	Response was not present in the stimulus stream
646.2819 	EXP 	New trial (rep=0, index=51): {'cueCoords': [-6, 0], 'cue1pos': 10, 'cue2lag': 2}
650.5609 	EXP 	window1: recordFrameIntervals = False
652.8120 	DATA 	Keypress: 7
652.8127 	EXP 	Sound  started
652.8957 	DATA 	Keypress: 0
652.8963 	EXP 	Sound  started
652.9746 	EXP 	Created unnamed TextStim = TextStim(alignHoriz='center', alignVert='center', antialias=True, autoLog=True, bold=False, color=array([1., 1., 1.]), colorSpace='rgb', contrast=1.0, depth=0, flipHoriz=False, flipVert=False, font='', fontFiles=[], height=1.0, italic=False, name='unnamed TextStim', opacity=1.0, ori=0.0, pos=array([0., 0.]), rgb=array([1., 1., 1.]), text=newstr(...), units='deg', win=Window(...), wrapWidth=15.0)
653.7261 	DATA 	No keypress (maxWait exceeded)
654.3620 	DATA 	Keypress: space
654.3627 	WARNING 	Response was not present in the stimulus stream
654.3627 	WARNING 	Response was not present in the stimulus stream
654.8652 	EXP 	New trial (rep=0, index=52): {'cueCoords': [-6, 0], 'cue1pos': 10, 'cue2lag': 8}
658.9606 	EXP 	window1: recordFrameIntervals = False
659.8618 	DATA 	Keypress: 6
659.8625 	EXP 	Sound  started
659.9454 	DATA 	Keypress: 4
659.9460 	EXP 	Sound  started
660.0202 	EXP 	Created unnamed TextStim = TextStim(alignHoriz='center', alignVert='center', antialias=True, autoLog=True, bold=False, color=array([1., 1., 1.]), colorSpace='rgb', contrast=1.0, depth=0, flipHoriz=False, flipVert=False, font='', fontFiles=[], height=1.0, italic=False, name='unnamed TextStim', opacity=1.0, ori=0.0, pos=array([0., 0.]), rgb=array([1., 1., 1.]), text=newstr(...), units='deg', win=Window(...), wrapWidth=15.0)
660.7717 	DATA 	No keypress (maxWait exceeded)
661.3953 	DATA 	Keypress: space
661.3961 	WARNING 	Response was not present in the stimulus stream
661.3962 	WARNING 	Response was not present in the stimulus stream
661.8981 	EXP 	New trial (rep=0, index=53): {'cueCoords': [-6, 0], 'cue1pos': 10, 'cue2lag': 10}
665.7605 	EXP 	window1: recordFrameIntervals = False
667.4786 	DATA 	Keypress: 9
667.4794 	EXP 	Sound  started
668.5952 	DATA 	Keypress: 3
668.5958 	EXP 	Sound  started
668.6758 	EXP 	Created unnamed TextStim = TextStim(alignHoriz='center', alignVert='center', antialias=True, autoLog=True, bold=False, color=array([1., 1., 1.]), colorSpace='rgb', contrast=1.0, depth=0, flipHoriz=False, flipVert=False, font='', fontFiles=[], height=1.0, italic=False, name='unnamed TextStim', opacity=1.0, ori=0.0, pos=array([0., 0.]), rgb=array([1., 1., 1.]), text=newstr(...), units='deg', win=Window(...), wrapWidth=15.0)
669.4265 	DATA 	No keypress (maxWait exceeded)
670.0451 	DATA 	Keypress: space
670.0457 	WARNING 	Response was not present in the stimulus stream
670.0457 	WARNING 	Response was not present in the stimulus stream
670.5472 	EXP 	New trial (rep=0, index=54): {'cueCoords': [-6, 0], 'cue1pos': 10, 'cue2lag': 5}
674.7437 	EXP 	window1: recordFrameIntervals = False
675.7119 	DATA 	Keypress: 7
675.7125 	EXP 	Sound  started
676.2117 	DATA 	Keypress: 4
676.2124 	EXP 	Sound  started
676.2926 	EXP 	Created unnamed TextStim = TextStim(alignHoriz='center', alignVert='center', antialias=True, autoLog=True, bold=False, color=array([1., 1., 1.]), colorSpace='rgb', contrast=1.0, depth=0, flipHoriz=False, flipVert=False, font='', fontFiles=[], height=1.0, italic=False, name='unnamed TextStim', opacity=1.0, ori=0.0, pos=array([0., 0.]), rgb=array([1., 1., 1.]), text=newstr(...), units='deg', win=Window(...), wrapWidth=15.0)
677.0438 	DATA 	No keypress (maxWait exceeded)
677.5117 	DATA 	Keypress: space
677.5124 	WARNING 	Response was not present in the stimulus stream
677.5126 	WARNING 	Response was not present in the stimulus stream
678.0150 	EXP 	New trial (rep=0, index=55): {'cueCoords': [-6, 0], 'cue1pos': 14, 'cue2lag': 1}
682.1769 	EXP 	window1: recordFrameIntervals = False
683.4118 	DATA 	Keypress: 6
683.4125 	EXP 	Sound  started
684.4116 	DATA 	Keypress: 1
684.4123 	EXP 	Sound  started
684.4925 	EXP 	Created unnamed TextStim = TextStim(alignHoriz='center', alignVert='center', antialias=True, autoLog=True, bold=False, color=array([1., 1., 1.]), colorSpace='rgb', contrast=1.0, depth=0, flipHoriz=False, flipVert=False, font='', fontFiles=[], height=1.0, italic=False, name='unnamed TextStim', opacity=1.0, ori=0.0, pos=array([0., 0.]), rgb=array([1., 1., 1.]), text=newstr(...), units='deg', win=Window(...), wrapWidth=15.0)
685.2430 	DATA 	No keypress (maxWait exceeded)
686.1114 	DATA 	Keypress: space
686.1121 	WARNING 	Response was not present in the stimulus stream
686.1121 	WARNING 	Response was not present in the stimulus stream
686.6145 	EXP 	New trial (rep=0, index=56): {'cueCoords': [-6, 0], 'cue1pos': 14, 'cue2lag': 2}
690.7935 	EXP 	window1: recordFrameIntervals = False
693.1614 	DATA 	Keypress: 8
693.1620 	EXP 	Sound  started
693.2115 	DATA 	Keypress: 0
693.2121 	EXP 	Sound  started
693.2906 	EXP 	Created unnamed TextStim = TextStim(alignHoriz='center', alignVert='center', antialias=True, autoLog=True, bold=False, color=array([1., 1., 1.]), colorSpace='rgb', contrast=1.0, depth=0, flipHoriz=False, flipVert=False, font='', fontFiles=[], height=1.0, italic=False, name='unnamed TextStim', opacity=1.0, ori=0.0, pos=array([0., 0.]), rgb=array([1., 1., 1.]), text=newstr(...), units='deg', win=Window(...), wrapWidth=15.0)
694.0423 	DATA 	No keypress (maxWait exceeded)
694.9280 	DATA 	Keypress: space
694.9286 	WARNING 	Response was not present in the stimulus stream
694.9287 	WARNING 	Response was not present in the stimulus stream
695.4312 	EXP 	New trial (rep=0, index=57): {'cueCoords': [-6, 0], 'cue1pos': 14, 'cue2lag': 8}
699.5100 	EXP 	window1: recordFrameIntervals = False
700.6114 	DATA 	Keypress: 9
700.6120 	EXP 	Sound  started
700.6610 	DATA 	Keypress: 0
700.6616 	EXP 	Sound  started
700.7441 	EXP 	Created unnamed TextStim = TextStim(alignHoriz='center', alignVert='center', antialias=True, autoLog=True, bold=False, color=array([1., 1., 1.]), colorSpace='rgb', contrast=1.0, depth=0, flipHoriz=False, flipVert=False, font='', fontFiles=[], height=1.0, italic=False, name='unnamed TextStim', opacity=1.0, ori=0.0, pos=array([0., 0.]), rgb=array([1., 1., 1.]), text=newstr(...), units='deg', win=Window(...), wrapWidth=15.0)
701.4957 	DATA 	No keypress (maxWait exceeded)
702.2111 	DATA 	Keypress: space
702.2118 	WARNING 	Response was not present in the stimulus stream
702.2118 	WARNING 	Response was not present in the stimulus stream
702.7141 	EXP 	New trial (rep=0, index=58): {'cueCoords': [-6, 0], 'cue1pos': 14, 'cue2lag': 10}
706.7433 	EXP 	window1: recordFrameIntervals = False
708.5946 	DATA 	Keypress: 3
708.5953 	EXP 	Sound  started
709.0444 	DATA 	Keypress: 8
709.0450 	EXP 	Sound  started
709.1272 	EXP 	Created unnamed TextStim = TextStim(alignHoriz='center', alignVert='center', antialias=True, autoLog=True, bold=False, color=array([1., 1., 1.]), colorSpace='rgb', contrast=1.0, depth=0, flipHoriz=False, flipVert=False, font='', fontFiles=[], height=1.0, italic=False, name='unnamed TextStim', opacity=1.0, ori=0.0, pos=array([0., 0.]), rgb=array([1., 1., 1.]), text=newstr(...), units='deg', win=Window(...), wrapWidth=15.0)
709.8783 	DATA 	No keypress (maxWait exceeded)
710.5778 	DATA 	Keypress: space
710.5784 	WARNING 	Response was not present in the stimulus stream
710.5785 	WARNING 	Response was not present in the stimulus stream
711.0814 	EXP 	New trial (rep=0, index=59): {'cueCoords': [-6, 0], 'cue1pos': 14, 'cue2lag': 5}
714.9431 	EXP 	window1: recordFrameIntervals = False
715.7277 	DATA 	Keypress: 7
715.7285 	EXP 	Sound  started
716.5443 	DATA 	Keypress: 1
716.5450 	EXP 	Sound  started
716.6270 	EXP 	Created unnamed TextStim = TextStim(alignHoriz='center', alignVert='center', antialias=True, autoLog=True, bold=False, color=array([1., 1., 1.]), colorSpace='rgb', contrast=1.0, depth=0, flipHoriz=False, flipVert=False, font='', fontFiles=[], height=1.0, italic=False, name='unnamed TextStim', opacity=1.0, ori=0.0, pos=array([0., 0.]), rgb=array([1., 1., 1.]), text=newstr(...), units='deg', win=Window(...), wrapWidth=15.0)
717.3782 	DATA 	No keypress (maxWait exceeded)
718.7609 	DATA 	Keypress: space
718.7615 	WARNING 	Response was not present in the stimulus stream
718.7616 	WARNING 	Response was not present in the stimulus stream
719.2643 	EXP 	New trial (rep=0, index=60): {'cueCoords': [2, 0], 'cue1pos': 6, 'cue2lag': 1}
723.4596 	EXP 	window1: recordFrameIntervals = False
725.9776 	DATA 	Keypress: 6
725.9783 	EXP 	Sound  started
726.8941 	DATA 	Keypress: 4
726.8947 	EXP 	Sound  started
726.9771 	EXP 	Created unnamed TextStim = TextStim(alignHoriz='center', alignVert='center', antialias=True, autoLog=True, bold=False, color=array([1., 1., 1.]), colorSpace='rgb', contrast=1.0, depth=0, flipHoriz=False, flipVert=False, font='', fontFiles=[], height=1.0, italic=False, name='unnamed TextStim', opacity=1.0, ori=0.0, pos=array([0., 0.]), rgb=array([1., 1., 1.]), text=newstr(...), units='deg', win=Window(...), wrapWidth=15.0)
727.7283 	DATA 	No keypress (maxWait exceeded)
728.5775 	DATA 	Keypress: space
728.5781 	WARNING 	Response was not present in the stimulus stream
728.5782 	WARNING 	Response was not present in the stimulus stream
729.0802 	EXP 	New trial (rep=0, index=61): {'cueCoords': [2, 0], 'cue1pos': 6, 'cue2lag': 2}
733.0428 	EXP 	window1: recordFrameIntervals = False
734.3774 	DATA 	Keypress: 0
734.3781 	EXP 	Sound  started
734.9774 	DATA 	Keypress: 6
734.9781 	EXP 	Sound  started
735.0594 	EXP 	Created unnamed TextStim = TextStim(alignHoriz='center', alignVert='center', antialias=True, autoLog=True, bold=False, color=array([1., 1., 1.]), colorSpace='rgb', contrast=1.0, depth=0, flipHoriz=False, flipVert=False, font='', fontFiles=[], height=1.0, italic=False, name='unnamed TextStim', opacity=1.0, ori=0.0, pos=array([0., 0.]), rgb=array([1., 1., 1.]), text=newstr(...), units='deg', win=Window(...), wrapWidth=15.0)
735.8106 	DATA 	No keypress (maxWait exceeded)
736.5106 	DATA 	Keypress: space
736.5113 	WARNING 	Response was not present in the stimulus stream
736.5113 	WARNING 	Response was not present in the stimulus stream
737.0137 	EXP 	New trial (rep=0, index=62): {'cueCoords': [2, 0], 'cue1pos': 6, 'cue2lag': 8}
741.2426 	EXP 	window1: recordFrameIntervals = False
742.5283 	DATA 	Keypress: 8
742.5433 	EXP 	Sound  started
742.6272 	DATA 	Keypress: 7
742.6278 	EXP 	Sound  started
742.7091 	EXP 	Created unnamed TextStim = TextStim(alignHoriz='center', alignVert='center', antialias=True, autoLog=True, bold=False, color=array([1., 1., 1.]), colorSpace='rgb', contrast=1.0, depth=0, flipHoriz=False, flipVert=False, font='', fontFiles=[], height=1.0, italic=False, name='unnamed TextStim', opacity=1.0, ori=0.0, pos=array([0., 0.]), rgb=array([1., 1., 1.]), text=newstr(...), units='deg', win=Window(...), wrapWidth=15.0)
743.4602 	DATA 	No keypress (maxWait exceeded)
744.5439 	DATA 	Keypress: space
744.5445 	WARNING 	Response was not present in the stimulus stream
744.5446 	WARNING 	Response was not present in the stimulus stream
745.0472 	EXP 	New trial (rep=0, index=63): {'cueCoords': [2, 0], 'cue1pos': 6, 'cue2lag': 10}
749.0759 	EXP 	window1: recordFrameIntervals = False
749.6608 	DATA 	Keypress: 3
749.6615 	EXP 	Sound  started
749.9772 	DATA 	Keypress: 4
749.9779 	EXP 	Sound  started
750.0538 	EXP 	Created unnamed TextStim = TextStim(alignHoriz='center', alignVert='center', antialias=True, autoLog=True, bold=False, color=array([1., 1., 1.]), colorSpace='rgb', contrast=1.0, depth=0, flipHoriz=False, flipVert=False, font='', fontFiles=[], height=1.0, italic=False, name='unnamed TextStim', opacity=1.0, ori=0.0, pos=array([0., 0.]), rgb=array([1., 1., 1.]), text=newstr(...), units='deg', win=Window(...), wrapWidth=15.0)
750.8053 	DATA 	No keypress (maxWait exceeded)
751.7108 	DATA 	Keypress: space
751.7114 	WARNING 	Response was not present in the stimulus stream
751.7115 	WARNING 	Response was not present in the stimulus stream
752.2146 	EXP 	New trial (rep=0, index=64): {'cueCoords': [2, 0], 'cue1pos': 6, 'cue2lag': 5}
756.4090 	EXP 	window1: recordFrameIntervals = False
760.0604 	DATA 	Keypress: 3
760.0611 	EXP 	Sound  started
760.1438 	DATA 	Keypress: 4
760.1445 	EXP 	Sound  started
760.2197 	EXP 	Created unnamed TextStim = TextStim(alignHoriz='center', alignVert='center', antialias=True, autoLog=True, bold=False, color=array([1., 1., 1.]), colorSpace='rgb', contrast=1.0, depth=0, flipHoriz=False, flipVert=False, font='', fontFiles=[], height=1.0, italic=False, name='unnamed TextStim', opacity=1.0, ori=0.0, pos=array([0., 0.]), rgb=array([1., 1., 1.]), text=newstr(...), units='deg', win=Window(...), wrapWidth=15.0)
760.9711 	DATA 	No keypress (maxWait exceeded)
763.2768 	DATA 	Keypress: space
763.2774 	WARNING 	Response was not present in the stimulus stream
763.2775 	WARNING 	Response was not present in the stimulus stream
763.7800 	EXP 	New trial (rep=0, index=65): {'cueCoords': [2, 0], 'cue1pos': 8, 'cue2lag': 1}
767.9922 	EXP 	window1: recordFrameIntervals = False
768.9280 	DATA 	Keypress: 0
768.9427 	EXP 	Sound  started
769.5435 	DATA 	Keypress: 1
769.5441 	EXP 	Sound  started
769.6197 	EXP 	Created unnamed TextStim = TextStim(alignHoriz='center', alignVert='center', antialias=True, autoLog=True, bold=False, color=array([1., 1., 1.]), colorSpace='rgb', contrast=1.0, depth=0, flipHoriz=False, flipVert=False, font='', fontFiles=[], height=1.0, italic=False, name='unnamed TextStim', opacity=1.0, ori=0.0, pos=array([0., 0.]), rgb=array([1., 1., 1.]), text=newstr(...), units='deg', win=Window(...), wrapWidth=15.0)
770.3708 	DATA 	No keypress (maxWait exceeded)
771.2768 	DATA 	Keypress: space
771.2775 	WARNING 	Response was not present in the stimulus stream
771.2775 	WARNING 	Response was not present in the stimulus stream
771.7800 	EXP 	New trial (rep=0, index=66): {'cueCoords': [2, 0], 'cue1pos': 8, 'cue2lag': 2}
775.6421 	EXP 	window1: recordFrameIntervals = False
777.1600 	DATA 	Keypress: 4
777.1608 	EXP 	Sound  started
777.4434 	DATA 	Keypress: 6
777.4452 	EXP 	Sound  started
777.5216 	EXP 	Created unnamed TextStim = TextStim(alignHoriz='center', alignVert='center', antialias=True, autoLog=True, bold=False, color=array([1., 1., 1.]), colorSpace='rgb', contrast=1.0, depth=0, flipHoriz=False, flipVert=False, font='', fontFiles=[], height=1.0, italic=False, name='unnamed TextStim', opacity=1.0, ori=0.0, pos=array([0., 0.]), rgb=array([1., 1., 1.]), text=newstr(...), units='deg', win=Window(...), wrapWidth=15.0)
778.2730 	DATA 	No keypress (maxWait exceeded)
779.7766 	DATA 	Keypress: space
779.7772 	WARNING 	Response was not present in the stimulus stream
779.7772 	WARNING 	Response was not present in the stimulus stream
780.2798 	EXP 	New trial (rep=0, index=67): {'cueCoords': [2, 0], 'cue1pos': 8, 'cue2lag': 8}
784.5252 	EXP 	window1: recordFrameIntervals = False
785.2099 	DATA 	Keypress: 1
785.2105 	EXP 	Sound  started
785.7598 	DATA 	Keypress: 9
785.7605 	EXP 	Sound  started
785.8425 	EXP 	Created unnamed TextStim = TextStim(alignHoriz='center', alignVert='center', antialias=True, autoLog=True, bold=False, color=array([1., 1., 1.]), colorSpace='rgb', contrast=1.0, depth=0, flipHoriz=False, flipVert=False, font='', fontFiles=[], height=1.0, italic=False, name='unnamed TextStim', opacity=1.0, ori=0.0, pos=array([0., 0.]), rgb=array([1., 1., 1.]), text=newstr(...), units='deg', win=Window(...), wrapWidth=15.0)
786.5933 	DATA 	No keypress (maxWait exceeded)
788.8097 	DATA 	Keypress: space
788.8103 	WARNING 	Response was not present in the stimulus stream
788.8104 	WARNING 	Response was not present in the stimulus stream
789.3125 	EXP 	New trial (rep=0, index=68): {'cueCoords': [2, 0], 'cue1pos': 8, 'cue2lag': 10}
793.5085 	EXP 	window1: recordFrameIntervals = False
794.5597 	DATA 	Keypress: 3
794.5604 	EXP 	Sound  started
795.0097 	DATA 	Keypress: 0
795.0103 	EXP 	Sound  started
795.0881 	EXP 	Created unnamed TextStim = TextStim(alignHoriz='center', alignVert='center', antialias=True, autoLog=True, bold=False, color=array([1., 1., 1.]), colorSpace='rgb', contrast=1.0, depth=0, flipHoriz=False, flipVert=False, font='', fontFiles=[], height=1.0, italic=False, name='unnamed TextStim', opacity=1.0, ori=0.0, pos=array([0., 0.]), rgb=array([1., 1., 1.]), text=newstr(...), units='deg', win=Window(...), wrapWidth=15.0)
795.8396 	DATA 	No keypress (maxWait exceeded)
797.4097 	DATA 	Keypress: space
797.4105 	WARNING 	Response was not present in the stimulus stream
797.4106 	WARNING 	Response was not present in the stimulus stream
797.9129 	EXP 	New trial (rep=0, index=69): {'cueCoords': [2, 0], 'cue1pos': 8, 'cue2lag': 5}
801.8415 	EXP 	window1: recordFrameIntervals = False
811.5430 	DATA 	Keypress: 2
811.5437 	EXP 	Sound  started
811.8095 	DATA 	Keypress: 4
811.8102 	EXP 	Sound  started
811.8842 	EXP 	Created unnamed TextStim = TextStim(alignHoriz='center', alignVert='center', antialias=True, autoLog=True, bold=False, color=array([1., 1., 1.]), colorSpace='rgb', contrast=1.0, depth=0, flipHoriz=False, flipVert=False, font='', fontFiles=[], height=1.0, italic=False, name='unnamed TextStim', opacity=1.0, ori=0.0, pos=array([0., 0.]), rgb=array([1., 1., 1.]), text=newstr(...), units='deg', win=Window(...), wrapWidth=15.0)
812.6351 	DATA 	No keypress (maxWait exceeded)
873.7588 	DATA 	Keypress: space
873.7595 	WARNING 	Response was not present in the stimulus stream
873.7596 	WARNING 	Response was not present in the stimulus stream
874.2621 	EXP 	New trial (rep=0, index=70): {'cueCoords': [2, 0], 'cue1pos': 10, 'cue2lag': 1}
878.1403 	EXP 	window1: recordFrameIntervals = False
882.8761 	DATA 	Keypress: 7
882.8908 	EXP 	Sound  started
882.9580 	DATA 	Keypress: 2
882.9588 	EXP 	Sound  started
883.0413 	EXP 	Created unnamed TextStim = TextStim(alignHoriz='center', alignVert='center', antialias=True, autoLog=True, bold=False, color=array([1., 1., 1.]), colorSpace='rgb', contrast=1.0, depth=0, flipHoriz=False, flipVert=False, font='', fontFiles=[], height=1.0, italic=False, name='unnamed TextStim', opacity=1.0, ori=0.0, pos=array([0., 0.]), rgb=array([1., 1., 1.]), text=newstr(...), units='deg', win=Window(...), wrapWidth=15.0)
883.7925 	DATA 	No keypress (maxWait exceeded)
884.6249 	DATA 	Keypress: space
884.6255 	WARNING 	Response was not present in the stimulus stream
884.6255 	WARNING 	Response was not present in the stimulus stream
885.1280 	EXP 	New trial (rep=0, index=71): {'cueCoords': [2, 0], 'cue1pos': 10, 'cue2lag': 2}
889.0736 	EXP 	window1: recordFrameIntervals = False
890.5580 	DATA 	Keypress: 1
890.5587 	EXP 	Sound  started
890.6419 	DATA 	Keypress: 7
890.6425 	EXP 	Sound  started
890.7256 	EXP 	Created unnamed TextStim = TextStim(alignHoriz='center', alignVert='center', antialias=True, autoLog=True, bold=False, color=array([1., 1., 1.]), colorSpace='rgb', contrast=1.0, depth=0, flipHoriz=False, flipVert=False, font='', fontFiles=[], height=1.0, italic=False, name='unnamed TextStim', opacity=1.0, ori=0.0, pos=array([0., 0.]), rgb=array([1., 1., 1.]), text=newstr(...), units='deg', win=Window(...), wrapWidth=15.0)
891.4768 	DATA 	No keypress (maxWait exceeded)
892.1079 	DATA 	Keypress: space
892.1086 	WARNING 	Response was not present in the stimulus stream
892.1086 	WARNING 	Response was not present in the stimulus stream
892.6108 	EXP 	New trial (rep=0, index=72): {'cueCoords': [2, 0], 'cue1pos': 10, 'cue2lag': 8}
896.8066 	EXP 	window1: recordFrameIntervals = False
897.6447 	DATA 	Keypress: 7
897.6506 	EXP 	Sound  started
897.9912 	DATA 	Keypress: 3
897.9918 	EXP 	Sound  started
898.0701 	EXP 	Created unnamed TextStim = TextStim(alignHoriz='center', alignVert='center', antialias=True, autoLog=True, bold=False, color=array([1., 1., 1.]), colorSpace='rgb', contrast=1.0, depth=0, flipHoriz=False, flipVert=False, font='', fontFiles=[], height=1.0, italic=False, name='unnamed TextStim', opacity=1.0, ori=0.0, pos=array([0., 0.]), rgb=array([1., 1., 1.]), text=newstr(...), units='deg', win=Window(...), wrapWidth=15.0)
898.8213 	DATA 	No keypress (maxWait exceeded)
899.3411 	DATA 	Keypress: space
899.3417 	WARNING 	Response was not present in the stimulus stream
899.3418 	WARNING 	Response was not present in the stimulus stream
899.8448 	EXP 	New trial (rep=0, index=73): {'cueCoords': [2, 0], 'cue1pos': 10, 'cue2lag': 10}
904.0065 	EXP 	window1: recordFrameIntervals = False
905.5926 	DATA 	Keypress: 4
905.5940 	EXP 	Sound  started
905.9410 	DATA 	Keypress: 2
905.9417 	EXP 	Sound  started
906.0213 	EXP 	Created unnamed TextStim = TextStim(alignHoriz='center', alignVert='center', antialias=True, autoLog=True, bold=False, color=array([1., 1., 1.]), colorSpace='rgb', contrast=1.0, depth=0, flipHoriz=False, flipVert=False, font='', fontFiles=[], height=1.0, italic=False, name='unnamed TextStim', opacity=1.0, ori=0.0, pos=array([0., 0.]), rgb=array([1., 1., 1.]), text=newstr(...), units='deg', win=Window(...), wrapWidth=15.0)
906.7721 	DATA 	No keypress (maxWait exceeded)
907.1743 	DATA 	Keypress: space
907.1749 	WARNING 	Response was not present in the stimulus stream
907.1750 	WARNING 	Response was not present in the stimulus stream
907.6785 	EXP 	New trial (rep=0, index=74): {'cueCoords': [2, 0], 'cue1pos': 10, 'cue2lag': 5}
911.7240 	EXP 	window1: recordFrameIntervals = False
913.8077 	DATA 	Keypress: 6
913.8084 	EXP 	Sound  started
913.8911 	DATA 	Keypress: 0
913.8917 	EXP 	Sound  started
913.9711 	EXP 	Created unnamed TextStim = TextStim(alignHoriz='center', alignVert='center', antialias=True, autoLog=True, bold=False, color=array([1., 1., 1.]), colorSpace='rgb', contrast=1.0, depth=0, flipHoriz=False, flipVert=False, font='', fontFiles=[], height=1.0, italic=False, name='unnamed TextStim', opacity=1.0, ori=0.0, pos=array([0., 0.]), rgb=array([1., 1., 1.]), text=newstr(...), units='deg', win=Window(...), wrapWidth=15.0)
914.7224 	DATA 	No keypress (maxWait exceeded)
915.3241 	DATA 	Keypress: space
915.3248 	WARNING 	Response was not present in the stimulus stream
915.3248 	WARNING 	Response was not present in the stimulus stream
915.8270 	EXP 	New trial (rep=0, index=75): {'cueCoords': [2, 0], 'cue1pos': 14, 'cue2lag': 1}
919.7563 	EXP 	window1: recordFrameIntervals = False
922.0241 	DATA 	Keypress: 0
922.0250 	EXP 	Sound  started
922.1406 	DATA 	Keypress: 9
922.1412 	EXP 	Sound  started
922.2225 	EXP 	Created unnamed TextStim = TextStim(alignHoriz='center', alignVert='center', antialias=True, autoLog=True, bold=False, color=array([1., 1., 1.]), colorSpace='rgb', contrast=1.0, depth=0, flipHoriz=False, flipVert=False, font='', fontFiles=[], height=1.0, italic=False, name='unnamed TextStim', opacity=1.0, ori=0.0, pos=array([0., 0.]), rgb=array([1., 1., 1.]), text=newstr(...), units='deg', win=Window(...), wrapWidth=15.0)
922.9730 	DATA 	No keypress (maxWait exceeded)
923.6921 	DATA 	Keypress: space
923.6927 	WARNING 	Response was not present in the stimulus stream
923.6928 	WARNING 	Response was not present in the stimulus stream
924.1948 	EXP 	New trial (rep=0, index=76): {'cueCoords': [2, 0], 'cue1pos': 14, 'cue2lag': 2}
928.4561 	EXP 	window1: recordFrameIntervals = False
930.5240 	DATA 	Keypress: 9
930.5247 	EXP 	Sound  started
930.9573 	DATA 	Keypress: 4
930.9581 	EXP 	Sound  started
931.0399 	EXP 	Created unnamed TextStim = TextStim(alignHoriz='center', alignVert='center', antialias=True, autoLog=True, bold=False, color=array([1., 1., 1.]), colorSpace='rgb', contrast=1.0, depth=0, flipHoriz=False, flipVert=False, font='', fontFiles=[], height=1.0, italic=False, name='unnamed TextStim', opacity=1.0, ori=0.0, pos=array([0., 0.]), rgb=array([1., 1., 1.]), text=newstr(...), units='deg', win=Window(...), wrapWidth=15.0)
931.7905 	DATA 	No keypress (maxWait exceeded)
932.5072 	DATA 	Keypress: space
932.5080 	WARNING 	Response was not present in the stimulus stream
932.5081 	WARNING 	Response was not present in the stimulus stream
933.0104 	EXP 	New trial (rep=0, index=77): {'cueCoords': [2, 0], 'cue1pos': 14, 'cue2lag': 8}
937.1392 	EXP 	window1: recordFrameIntervals = False
938.2418 	DATA 	Keypress: 9
938.2564 	EXP 	Sound  started
938.2909 	DATA 	Keypress: 8
938.2915 	EXP 	Sound  started
938.3755 	EXP 	Created unnamed TextStim = TextStim(alignHoriz='center', alignVert='center', antialias=True, autoLog=True, bold=False, color=array([1., 1., 1.]), colorSpace='rgb', contrast=1.0, depth=0, flipHoriz=False, flipVert=False, font='', fontFiles=[], height=1.0, italic=False, name='unnamed TextStim', opacity=1.0, ori=0.0, pos=array([0., 0.]), rgb=array([1., 1., 1.]), text=newstr(...), units='deg', win=Window(...), wrapWidth=15.0)
939.1275 	DATA 	No keypress (maxWait exceeded)
939.5072 	DATA 	Keypress: space
939.5078 	WARNING 	Response was not present in the stimulus stream
939.5079 	WARNING 	Response was not present in the stimulus stream
940.0105 	EXP 	New trial (rep=0, index=78): {'cueCoords': [2, 0], 'cue1pos': 14, 'cue2lag': 10}
944.0392 	EXP 	window1: recordFrameIntervals = False
945.4573 	DATA 	Keypress: 4
945.4583 	EXP 	Sound  started
945.4750 	DATA 	Keypress: 6
945.4903 	EXP 	Sound  started
945.5736 	EXP 	Created unnamed TextStim = TextStim(alignHoriz='center', alignVert='center', antialias=True, autoLog=True, bold=False, color=array([1., 1., 1.]), colorSpace='rgb', contrast=1.0, depth=0, flipHoriz=False, flipVert=False, font='', fontFiles=[], height=1.0, italic=False, name='unnamed TextStim', opacity=1.0, ori=0.0, pos=array([0., 0.]), rgb=array([1., 1., 1.]), text=newstr(...), units='deg', win=Window(...), wrapWidth=15.0)
946.3302 	DATA 	No keypress (maxWait exceeded)
946.8904 	DATA 	Keypress: space
946.8910 	WARNING 	Response was not present in the stimulus stream
946.8910 	WARNING 	Response was not present in the stimulus stream
947.3933 	EXP 	New trial (rep=0, index=79): {'cueCoords': [2, 0], 'cue1pos': 14, 'cue2lag': 5}
951.2724 	EXP 	window1: recordFrameIntervals = False
954.7069 	DATA 	Keypress: 6
954.7075 	EXP 	Sound  started
954.9068 	DATA 	Keypress: 1
954.9074 	EXP 	Sound  started
954.9828 	EXP 	Created unnamed TextStim = TextStim(alignHoriz='center', alignVert='center', antialias=True, autoLog=True, bold=False, color=array([1., 1., 1.]), colorSpace='rgb', contrast=1.0, depth=0, flipHoriz=False, flipVert=False, font='', fontFiles=[], height=1.0, italic=False, name='unnamed TextStim', opacity=1.0, ori=0.0, pos=array([0., 0.]), rgb=array([1., 1., 1.]), text=newstr(...), units='deg', win=Window(...), wrapWidth=15.0)
955.7333 	DATA 	No keypress (maxWait exceeded)
956.2402 	DATA 	Keypress: space
956.2408 	WARNING 	Response was not present in the stimulus stream
956.2409 	WARNING 	Response was not present in the stimulus stream
