13.1922 	ERROR 	Screen apparently NOT the desired resolution of 2560x1440 pixels!!
16.3942 	INFO 	Successfully set darwin thread to realtime
17.4564 	INFO 	#[ PsychoPy3 RuntimeInfoStart ]
  #[[ PsychoPy ]] #---------
    psychopyVersion: 3.2.3
    psychopyHaveExtRush: True
  #[[ Experiment ]] #---------
    experimentRunTime: 2019_10_31 12:43 (Year_Month_Day Hour:Min)
    experimentRunTime.epoch: 1572540191
    experimentScript: Eccentricity_duration_interaction_static_stimuli.py
    experimentScript.digestSHA1: 3e4b834863210be0ae2ac6fa776a53fb419bdf66
    experimentScript.directory: /Users/vsg/Documents/GitHub/spatio_temporal_information_processing/Time_Subjective_Expansion/Eccentricity_duration_interaction
  #[[ System ]] #---------
    systemHaveInternetAccess: True
    systemHostName: pbs-jf-imac.local
    systemLocale: C
    systemMemFreeRAM: 2504.046875
    systemMemTotalRAM: 8192.0
    systemPlatform: darwin 10.13.6 x86_64
    systemPyoVersion: -
    systemRebooted: Oct 25 17:49
    systemSec.OpenSSLVersion: LibreSSL 2.2.7
    systemSec.pythonSSL: True
    systemTimeNumpySD1000000_sec: 0.0038
    systemUser: vsg
    systemUserID: 502
    systemUsersCount: 1
  #[[ Window ]] #---------
    windowWinType: pyglet
    windowUnits: deg
    windowSize_pix: [5120 2880]
    windowScreen: 0
    windowRgb: [255. 255. 255.]
    windowRefreshTimeSD_ms: 0.543
    windowRefreshTimeMedian_ms: 16.649
    windowRefreshTimeAvg_ms: 16.652
    windowPos_pix: [0.0, 0.0]
    windowMonitor.name: testmonitor
    windowMonitor.getWidth_cm: 52.0
    windowMonitor.getDistance_cm: 65.0
    windowMonitor.currentCalibName: 2019_09_24 14:26
    windowIsFullScr: True
  #[[ Python ]] #---------
    pythonVersion: 3.6.1
  #[[ OpenGL ]] #---------
#[ PsychoPy3 RuntimeInfoEnd ]

