14.0950 	WARNING 	User requested fullscreen with size [2880 1800], but screen is actually [1440, 900]. Using actual size
14.9341 	INFO 	Successfully set darwin thread to realtime
15.9926 	INFO 	#[ PsychoPy3 RuntimeInfoStart ]
  #[[ PsychoPy ]] #---------
    psychopyVersion: 3.2.0
    psychopyHaveExtRush: True
  #[[ Experiment ]] #---------
    experimentRunTime: 2019_09_04 18:19 (Year_Month_Day Hour:Min)
    experimentRunTime.epoch: 1567635589
    experimentScript: Kanai_replication_study.py
    experimentScript.digestSHA1: 165dc4e1d51fa07cf25faf9dad50bca751b5d0dc
    experimentScript.directory: /Volumes/My Passport/Github/spatio_temporal_information_processing/Time_Subjective_Expansion/kanai_replication_study
  #[[ System ]] #---------
    systemHaveInternetAccess: True
    systemHostName: pbs-jf-aldi.local
    systemLocale: C
    systemMemFreeRAM: 5604.23046875
    systemMemTotalRAM: 16384.0
    systemPlatform: darwin 10.14.6 x86_64
    systemRavailable: R version 3.4.1 (2017-06-30) -- Single Candle
    systemRebooted: Aug 29 17:36
    systemSec.OpenSSLVersion: OpenSSL 1.1.1a  20 Nov 2018
    systemSec.pythonSSL: True
    systemTimeNumpySD1000000_sec: 0.0020
    systemUser: supadhy6
    systemUserID: 1903061739
    systemUserProcCount: 344
    systemUserProcFlagged: 'Google Chrome' Safari KeyNote iTunes Dropbox mdworker
    systemUsersCount: 1
  #[[ Window ]] #---------
    windowWinType: pyglet
    windowUnits: deg
    windowSize_pix: [2880 1800]
    windowScreen: 0
    windowRgb: [255. 255. 255.]
    windowRefreshTimeSD_ms: 0.579
    windowRefreshTimeMedian_ms: 16.812
    windowRefreshTimeAvg_ms: 16.659
    windowPos_pix: [0.0, 0.0]
    windowMonitor.name: testmonitor
    windowMonitor.getWidth_cm: 52.0
    windowMonitor.getDistance_cm: 65.0
    windowMonitor.currentCalibName: 2019_01_28 08:48
    windowIsFullScr: True
  #[[ Python ]] #---------
    pythonVersion: 3.6.0
  #[[ OpenGL ]] #---------
#[ PsychoPy3 RuntimeInfoEnd ]

16.0689 	EXP 	Created text = TextStim(__class__=<class 'psychopy.visual.text.TextStim'>, alignHoriz='center', alignVert='center', antialias=True, autoLog=True, bold=False, color='black', colorSpace='named', contrast=1.0, depth=-1.0, flipHoriz=False, flipVert=False, font='Arial', fontFiles=[], height=0.5, italic=False, languageStyle='LTR', name='text', opacity=1.0, ori=0, pos=array([ 0., -5.]), rgb=array([0., 0., 0.]), text=str(...), units='deg', win=Window(...), wrapWidth=30)
16.0724 	EXP 	Created unnamed DotStim = DotStim(__class__=<class 'psychopy.visual.dot.DotStim'>, autoLog=True, coherence=1.0, color=array([0., 0., 0.]), colorSpace='rgb', contrast=1.0, depth=0, dir=0, dotLife=13, dotSize=12.0, element=None, fieldPos=array([0., 0.]), fieldShape='square', fieldSize=array([8., 8.]), nDots=200, name='unnamed DotStim', noiseDots='direction', opacity=1.0, rgb=array([0., 0., 0.]), signalDots='same', speed=0.1, units='deg', win=Window(...))
16.1747 	EXP 	text: text = "Welcome! Thank you for agreeing to participate in this study.\n\nIn this study, you will judge the duration of the items presented on the screen.\n\nThe task is simple: You will see black disks appear, stay for a bit, and disappear on the screen. The black disks will all last for exactly the same amount of time. .\n\nOccasionally, you will see things other than a black disk appear and disappear — these might be spinning or differently colored things.\n\nAll you need to do is judge whether that oddball — the thing that is not a black disk — lasted longer or shorter on the screen than than the black disks.\n\nThese disks might appear at different locations on the screen, and move in circular orbits.\n\nYou will maintain fixation at the center of the screen while making the duration judgments.\n\nIf you're feeling uncomfortable, you can press ESC key any time to stop the experiment.\n\nPress any key when you are ready to begin the experiment.\n\n"
16.1747 	EXP 	text: autoDraw = True
17.0039 	DATA 	Keypress: space
17.0063 	EXP 	text: autoDraw = False
17.0206 	EXP 	text: text = 'Please fixate on the red dot while the stimuli appear on the screen. Press any key to begin the experiment.'
17.0206 	EXP 	text: autoDraw = True
17.3975 	DATA 	Keypress: space
17.3984 	EXP 	text: autoDraw = False
17.4307 	EXP 	text: text = 'Please press l if the 1st stimulus lasted for shorter duration, s if the 2nd stimulus lasted for shorter duration'
17.4307 	EXP 	unnamed DotStim: dir = 0.0
17.4307 	EXP 	unnamed DotStim: speed = 0.0
17.4307 	EXP 	unnamed DotStim: dotLife = 12000
19.5061 	EXP 	unnamed DotStim: dir = 180.0
20.0063 	EXP 	text: autoDraw = True
20.0233 	EXP 	text: autoDraw = True
20.0396 	EXP 	text: autoDraw = True
20.0559 	EXP 	text: autoDraw = True
20.0729 	EXP 	text: autoDraw = True
20.0886 	EXP 	text: autoDraw = True
20.1066 	EXP 	text: autoDraw = True
20.1230 	EXP 	text: autoDraw = True
20.1394 	EXP 	text: autoDraw = True
20.1561 	EXP 	text: autoDraw = True
20.1728 	EXP 	text: autoDraw = True
20.1894 	EXP 	text: autoDraw = True
20.2050 	EXP 	text: autoDraw = True
20.2218 	EXP 	text: autoDraw = True
20.2396 	EXP 	text: autoDraw = True
20.2563 	EXP 	text: autoDraw = True
20.2732 	EXP 	text: autoDraw = True
20.2895 	EXP 	text: autoDraw = True
20.3054 	EXP 	text: autoDraw = True
20.3224 	EXP 	text: autoDraw = True
20.3397 	EXP 	text: autoDraw = True
20.3564 	EXP 	text: autoDraw = True
20.3724 	EXP 	text: autoDraw = True
20.3897 	EXP 	text: autoDraw = True
20.4061 	EXP 	text: autoDraw = True
20.4224 	EXP 	text: autoDraw = True
20.4397 	EXP 	text: autoDraw = True
20.4563 	EXP 	text: autoDraw = True
20.4730 	EXP 	text: autoDraw = True
20.4897 	EXP 	text: autoDraw = True
20.5051 	EXP 	text: autoDraw = True
20.5227 	EXP 	text: autoDraw = True
20.5394 	EXP 	text: autoDraw = True
20.5565 	EXP 	text: autoDraw = True
20.5723 	EXP 	text: autoDraw = True
20.5897 	EXP 	text: autoDraw = True
20.6059 	EXP 	text: autoDraw = True
20.6232 	EXP 	text: autoDraw = True
20.6398 	EXP 	text: autoDraw = True
20.6562 	EXP 	text: autoDraw = True
20.6730 	EXP 	text: autoDraw = True
20.6895 	EXP 	text: autoDraw = True
20.7054 	EXP 	text: autoDraw = True
20.7230 	EXP 	text: autoDraw = True
20.7389 	EXP 	text: autoDraw = True
20.7564 	EXP 	text: autoDraw = True
20.7726 	EXP 	text: autoDraw = True
20.7898 	EXP 	text: autoDraw = True
20.8062 	EXP 	text: autoDraw = True
20.8231 	EXP 	text: autoDraw = True
20.8393 	EXP 	text: autoDraw = True
20.8566 	EXP 	text: autoDraw = True
20.8730 	EXP 	text: autoDraw = True
20.8895 	EXP 	text: autoDraw = True
20.9065 	EXP 	text: autoDraw = True
20.9230 	EXP 	text: autoDraw = True
20.9393 	EXP 	text: autoDraw = True
20.9562 	EXP 	text: autoDraw = True
20.9727 	EXP 	text: autoDraw = True
20.9896 	EXP 	text: autoDraw = True
21.0047 	EXP 	text: autoDraw = True
21.0230 	EXP 	text: autoDraw = True
21.0378 	EXP 	text: autoDraw = True
21.0563 	EXP 	text: autoDraw = True
21.0728 	EXP 	text: autoDraw = True
21.0897 	EXP 	text: autoDraw = True
21.1053 	EXP 	text: autoDraw = True
21.1227 	EXP 	text: autoDraw = True
21.1401 	EXP 	text: autoDraw = True
21.1564 	EXP 	text: autoDraw = True
21.1728 	EXP 	text: autoDraw = True
21.1893 	EXP 	text: autoDraw = True
21.2063 	EXP 	text: autoDraw = True
21.2230 	EXP 	text: autoDraw = True
21.2391 	EXP 	text: autoDraw = True
21.2565 	EXP 	text: autoDraw = True
21.2727 	EXP 	text: autoDraw = True
21.2895 	EXP 	text: autoDraw = True
21.3060 	EXP 	text: autoDraw = True
21.3224 	EXP 	text: autoDraw = True
21.3386 	EXP 	text: autoDraw = True
21.3559 	EXP 	text: autoDraw = True
21.3729 	EXP 	text: autoDraw = True
21.3904 	EXP 	text: autoDraw = True
21.4064 	EXP 	text: autoDraw = True
21.4230 	EXP 	text: autoDraw = True
21.4387 	EXP 	text: autoDraw = True
21.4550 	EXP 	text: autoDraw = True
21.4730 	EXP 	text: autoDraw = True
21.4897 	EXP 	text: autoDraw = True
21.5062 	EXP 	text: autoDraw = True
21.5231 	EXP 	text: autoDraw = True
21.5396 	EXP 	text: autoDraw = True
21.5552 	EXP 	text: autoDraw = True
21.5729 	EXP 	text: autoDraw = True
21.5898 	EXP 	text: autoDraw = True
21.6063 	EXP 	text: autoDraw = True
21.6212 	EXP 	text: autoDraw = True
21.6399 	EXP 	text: autoDraw = True
21.6562 	EXP 	text: autoDraw = True
21.6722 	EXP 	text: autoDraw = True
21.6897 	EXP 	text: autoDraw = True
21.7062 	EXP 	text: autoDraw = True
21.7229 	EXP 	text: autoDraw = True
21.7396 	EXP 	text: autoDraw = True
21.7550 	EXP 	text: autoDraw = True
21.7721 	EXP 	text: autoDraw = True
21.7880 	EXP 	text: autoDraw = True
21.8048 	EXP 	text: autoDraw = True
21.8235 	EXP 	text: autoDraw = True
21.8397 	EXP 	text: autoDraw = True
21.8563 	EXP 	text: autoDraw = True
21.8722 	EXP 	text: autoDraw = True
21.8902 	EXP 	text: autoDraw = True
21.9049 	EXP 	text: autoDraw = True
21.9234 	EXP 	text: autoDraw = True
21.9396 	EXP 	text: autoDraw = True
21.9559 	EXP 	text: autoDraw = True
21.9712 	EXP 	text: autoDraw = True
21.9750 	DATA 	Keypress: escape
21.9895 	EXP 	text: autoDraw = False
22.3644 	EXP 	window1: mouseVisible = True
