11.0996 	WARNING 	User requested fullscreen with size [2880 1800], but screen is actually [1440, 900]. Using actual size
11.9165 	INFO 	Successfully set darwin thread to realtime
12.9611 	INFO 	#[ PsychoPy3 RuntimeInfoStart ]
  #[[ PsychoPy ]] #---------
    psychopyVersion: 3.2.0
    psychopyHaveExtRush: True
  #[[ Experiment ]] #---------
    experimentRunTime: 2019_09_19 12:56 (Year_Month_Day Hour:Min)
    experimentRunTime.epoch: 1568912213
    experimentScript: Kanai_replication_study.py
    experimentScript.digestSHA1: 4a8e3ebf750b382677ef694cbfd83b6fe7b9bac0
    experimentScript.directory: /Volumes/My Passport/Github/spatio_temporal_information_processing/Time_Subjective_Expansion/kanai_replication_study
  #[[ System ]] #---------
    systemHaveInternetAccess: True
    systemHostName: pbs-jf-aldi.local
    systemLocale: C
    systemMemFreeRAM: 7209.38671875
    systemMemTotalRAM: 16384.0
    systemPlatform: darwin 10.14.6 x86_64
    systemRavailable: R version 3.4.1 (2017-06-30) -- Single Candle
    systemRebooted: Sep 16 14:05
    systemSec.OpenSSLVersion: OpenSSL 1.1.1a  20 Nov 2018
    systemSec.pythonSSL: True
    systemTimeNumpySD1000000_sec: 0.0020
    systemUser: supadhy6
    systemUserID: 1903061739
    systemUserProcCount: 363
    systemUserProcFlagged: Dropbox mdworker 'Google Chrome' Safari KeyNote Skype iTunes
    systemUsersCount: 1
  #[[ Window ]] #---------
    windowWinType: pyglet
    windowUnits: deg
    windowSize_pix: [2880 1800]
    windowScreen: 0
    windowRgb: [255. 255. 255.]
    windowRefreshTimeSD_ms: 1.805
    windowRefreshTimeMedian_ms: 16.692
    windowRefreshTimeAvg_ms: 16.455
    windowPos_pix: [0.0, 0.0]
    windowMonitor.name: testmonitor
    windowMonitor.getWidth_cm: 52.0
    windowMonitor.getDistance_cm: 65.0
    windowMonitor.currentCalibName: 2019_01_28 08:48
    windowIsFullScr: True
  #[[ Python ]] #---------
    pythonVersion: 3.6.0
  #[[ OpenGL ]] #---------
#[ PsychoPy3 RuntimeInfoEnd ]

13.0337 	EXP 	Created text = TextStim(__class__=<class 'psychopy.visual.text.TextStim'>, alignHoriz='center', alignVert='center', antialias=True, autoLog=True, bold=False, color='black', colorSpace='named', contrast=1.0, depth=-1.0, flipHoriz=False, flipVert=False, font='Arial', fontFiles=[], height=0.5, italic=False, languageStyle='LTR', name='text', opacity=1.0, ori=0, pos=array([0., 0.]), rgb=array([0., 0., 0.]), text=str(...), units='deg', win=Window(...), wrapWidth=30)
13.0377 	EXP 	Created unnamed DotStim = DotStim(__class__=<class 'psychopy.visual.dot.DotStim'>, autoLog=True, coherence=1.0, color=array([0., 0., 0.]), colorSpace='rgb', contrast=1.0, depth=0, dir=0, dotLife=13, dotSize=12.0, element=None, fieldPos=array([0., 0.]), fieldShape='square', fieldSize=array([8., 8.]), nDots=200, name='unnamed DotStim', noiseDots='direction', opacity=1.0, rgb=array([0., 0., 0.]), signalDots='same', speed=0.1, units='deg', win=Window(...))
13.1107 	EXP 	text: text = "Welcome! Thank you for agreeing to participate in this study.\n\nIn this study, you will judge the duration of the items presented on the screen.\n\nThe task is simple: You will see a field of dots that moves either to the left / right .\n\nAfter an interval, the direction of motion changes for the remainder of the trial.\n\nAll you need to do is judge whether the second interval lasted longer/shorter than the first.\n\nYou will indicate your judgment by typing [S]/ [L] keys.\n\nIf you're feeling uncomfortable, you can press ESC key any time to stop the experiment.\n\nPress any key when you are ready to begin the experiment.\n\n"
13.1107 	EXP 	text: autoDraw = True
14.2548 	DATA 	Keypress: space
14.2561 	EXP 	text: autoDraw = False
14.2634 	EXP 	text: text = 'Press any key to begin the experiment.'
14.2634 	EXP 	text: autoDraw = True
15.4367 	DATA 	Keypress: space
15.4378 	EXP 	text: autoDraw = False
17.3837 	EXP 	text: text = 'Please press [L] for long, \n [S] for short'
17.3837 	EXP 	unnamed DotStim: dir = 0.0
17.3914 	EXP 	unnamed DotStim: speed = 0.1
17.3914 	EXP 	unnamed DotStim: dotLife = 9
17.8924 	EXP 	unnamed DotStim: dir = 180.0
18.4932 	EXP 	text: autoDraw = True
18.5094 	EXP 	text: autoDraw = True
18.5249 	EXP 	text: autoDraw = True
18.5429 	EXP 	text: autoDraw = True
18.5603 	EXP 	text: autoDraw = True
18.5766 	EXP 	text: autoDraw = True
18.5931 	EXP 	text: autoDraw = True
18.6089 	EXP 	text: autoDraw = True
18.6265 	EXP 	text: autoDraw = True
18.6430 	EXP 	text: autoDraw = True
18.6597 	EXP 	text: autoDraw = True
18.6765 	EXP 	text: autoDraw = True
18.6932 	EXP 	text: autoDraw = True
18.7092 	EXP 	text: autoDraw = True
18.7273 	EXP 	text: autoDraw = True
18.7433 	EXP 	text: autoDraw = True
18.7596 	EXP 	text: autoDraw = True
18.7768 	EXP 	text: autoDraw = True
18.7932 	EXP 	text: autoDraw = True
18.8096 	EXP 	text: autoDraw = True
18.8265 	EXP 	text: autoDraw = True
18.8430 	EXP 	text: autoDraw = True
18.8604 	EXP 	text: autoDraw = True
18.8764 	EXP 	text: autoDraw = True
18.8932 	EXP 	text: autoDraw = True
18.9096 	EXP 	text: autoDraw = True
18.9261 	EXP 	text: autoDraw = True
18.9433 	EXP 	text: autoDraw = True
18.9597 	EXP 	text: autoDraw = True
18.9763 	EXP 	text: autoDraw = True
18.9930 	EXP 	text: autoDraw = True
19.0098 	EXP 	text: autoDraw = True
19.0253 	EXP 	text: autoDraw = True
19.0425 	EXP 	text: autoDraw = True
19.0605 	EXP 	text: autoDraw = True
19.0765 	EXP 	text: autoDraw = True
19.0930 	EXP 	text: autoDraw = True
19.1096 	EXP 	text: autoDraw = True
19.1263 	EXP 	text: autoDraw = True
19.1422 	EXP 	text: autoDraw = True
19.1597 	EXP 	text: autoDraw = True
19.1765 	EXP 	text: autoDraw = True
19.1932 	EXP 	text: autoDraw = True
19.2099 	EXP 	text: autoDraw = True
19.2264 	EXP 	text: autoDraw = True
19.2431 	EXP 	text: autoDraw = True
19.2596 	EXP 	text: autoDraw = True
19.2765 	EXP 	text: autoDraw = True
19.2931 	EXP 	text: autoDraw = True
19.3098 	EXP 	text: autoDraw = True
19.3264 	EXP 	text: autoDraw = True
19.3430 	EXP 	text: autoDraw = True
19.3593 	EXP 	text: autoDraw = True
19.3764 	EXP 	text: autoDraw = True
19.3928 	EXP 	text: autoDraw = True
19.4101 	EXP 	text: autoDraw = True
19.4268 	EXP 	text: autoDraw = True
19.4432 	EXP 	text: autoDraw = True
19.4592 	EXP 	text: autoDraw = True
19.4753 	EXP 	text: autoDraw = True
19.4923 	EXP 	text: autoDraw = True
19.5104 	EXP 	text: autoDraw = True
19.5269 	EXP 	text: autoDraw = True
19.5431 	EXP 	text: autoDraw = True
19.5596 	EXP 	text: autoDraw = True
19.5763 	EXP 	text: autoDraw = True
19.5929 	EXP 	text: autoDraw = True
19.6096 	EXP 	text: autoDraw = True
19.6262 	EXP 	text: autoDraw = True
19.6429 	EXP 	text: autoDraw = True
19.6595 	EXP 	text: autoDraw = True
19.6760 	EXP 	text: autoDraw = True
19.6931 	EXP 	text: autoDraw = True
19.7095 	EXP 	text: autoDraw = True
19.7264 	EXP 	text: autoDraw = True
19.7428 	EXP 	text: autoDraw = True
19.7595 	EXP 	text: autoDraw = True
19.7763 	EXP 	text: autoDraw = True
19.7926 	EXP 	text: autoDraw = True
19.8090 	EXP 	text: autoDraw = True
19.8263 	EXP 	text: autoDraw = True
19.8430 	EXP 	text: autoDraw = True
19.8596 	EXP 	text: autoDraw = True
19.8762 	EXP 	text: autoDraw = True
19.8925 	EXP 	text: autoDraw = True
19.9098 	EXP 	text: autoDraw = True
19.9263 	EXP 	text: autoDraw = True
19.9430 	EXP 	text: autoDraw = True
19.9596 	EXP 	text: autoDraw = True
19.9763 	EXP 	text: autoDraw = True
19.9930 	EXP 	text: autoDraw = True
20.0096 	EXP 	text: autoDraw = True
20.0260 	EXP 	text: autoDraw = True
20.0436 	EXP 	text: autoDraw = True
20.0617 	EXP 	text: autoDraw = True
20.0657 	DATA 	Keypress: s
20.0756 	EXP 	text: autoDraw = False
21.0834 	EXP 	text: text = 'Press any key to advance the trial.'
21.0834 	EXP 	text: autoDraw = True
22.6570 	DATA 	Keypress: space
22.6582 	EXP 	text: autoDraw = False
22.6759 	EXP 	text: autoDraw = True
24.2505 	DATA 	Keypress: space
24.2539 	DATA 	Keypress: space
24.4475 	EXP 	unnamed DotStim: dir = 0.0
24.4592 	EXP 	unnamed DotStim: speed = 0.1
24.4592 	EXP 	unnamed DotStim: dotLife = 9
24.6686 	DATA 	Keypress: space
24.9599 	EXP 	unnamed DotStim: dir = 180.0
25.6093 	EXP 	text: autoDraw = True
25.6265 	EXP 	text: autoDraw = True
25.6429 	EXP 	text: autoDraw = True
25.6595 	EXP 	text: autoDraw = True
25.6758 	EXP 	text: autoDraw = True
25.6932 	EXP 	text: autoDraw = True
25.7095 	EXP 	text: autoDraw = True
25.7262 	EXP 	text: autoDraw = True
25.7429 	EXP 	text: autoDraw = True
25.7596 	EXP 	text: autoDraw = True
25.7762 	EXP 	text: autoDraw = True
25.7929 	EXP 	text: autoDraw = True
25.8091 	EXP 	text: autoDraw = True
25.8266 	EXP 	text: autoDraw = True
25.8431 	EXP 	text: autoDraw = True
25.8583 	EXP 	text: autoDraw = True
25.8763 	EXP 	text: autoDraw = True
25.8929 	EXP 	text: autoDraw = True
25.9085 	EXP 	text: autoDraw = True
25.9264 	EXP 	text: autoDraw = True
25.9429 	EXP 	text: autoDraw = True
25.9592 	EXP 	text: autoDraw = True
25.9748 	EXP 	text: autoDraw = True
25.9920 	EXP 	text: autoDraw = True
26.0087 	EXP 	text: autoDraw = True
26.0254 	EXP 	text: autoDraw = True
26.0418 	EXP 	text: autoDraw = True
26.0584 	EXP 	text: autoDraw = True
26.0750 	EXP 	text: autoDraw = True
26.0918 	EXP 	text: autoDraw = True
26.1083 	EXP 	text: autoDraw = True
26.1242 	EXP 	text: autoDraw = True
26.1425 	EXP 	text: autoDraw = True
26.1591 	EXP 	text: autoDraw = True
26.1760 	EXP 	text: autoDraw = True
26.1918 	EXP 	text: autoDraw = True
26.2094 	EXP 	text: autoDraw = True
26.2258 	EXP 	text: autoDraw = True
26.2416 	EXP 	text: autoDraw = True
26.2587 	EXP 	text: autoDraw = True
26.2758 	EXP 	text: autoDraw = True
26.2926 	EXP 	text: autoDraw = True
26.3094 	EXP 	text: autoDraw = True
26.3257 	EXP 	text: autoDraw = True
26.3422 	EXP 	text: autoDraw = True
26.3587 	EXP 	text: autoDraw = True
26.3753 	EXP 	text: autoDraw = True
26.3921 	EXP 	text: autoDraw = True
26.4091 	EXP 	text: autoDraw = True
26.4258 	EXP 	text: autoDraw = True
26.4428 	EXP 	text: autoDraw = True
26.4597 	EXP 	text: autoDraw = True
26.4761 	EXP 	text: autoDraw = True
26.4923 	EXP 	text: autoDraw = True
26.5093 	EXP 	text: autoDraw = True
26.5258 	EXP 	text: autoDraw = True
26.5414 	EXP 	text: autoDraw = True
26.5584 	EXP 	text: autoDraw = True
26.5760 	EXP 	text: autoDraw = True
26.5924 	EXP 	text: autoDraw = True
26.6085 	EXP 	text: autoDraw = True
26.6258 	EXP 	text: autoDraw = True
26.6425 	EXP 	text: autoDraw = True
26.6594 	EXP 	text: autoDraw = True
26.6761 	EXP 	text: autoDraw = True
26.6924 	EXP 	text: autoDraw = True
26.7097 	EXP 	text: autoDraw = True
26.7258 	EXP 	text: autoDraw = True
26.7428 	EXP 	text: autoDraw = True
26.7590 	EXP 	text: autoDraw = True
26.7756 	EXP 	text: autoDraw = True
26.7927 	EXP 	text: autoDraw = True
26.8089 	EXP 	text: autoDraw = True
26.8250 	EXP 	text: autoDraw = True
26.8426 	EXP 	text: autoDraw = True
26.8467 	DATA 	Keypress: escape
26.8580 	EXP 	text: autoDraw = False
27.8608 	EXP 	text: text = 'Press any key to advance the trial.'
27.8608 	EXP 	text: autoDraw = True
28.5603 	DATA 	Keypress: escape
28.5613 	EXP 	text: autoDraw = False
28.5750 	EXP 	text: autoDraw = True
28.8683 	EXP 	window1: mouseVisible = True
