9.7945 	WARNING 	User requested fullscreen with size [2880 1800], but screen is actually [1440, 900]. Using actual size
10.6631 	INFO 	Successfully set darwin thread to realtime
11.7208 	INFO 	#[ PsychoPy3 RuntimeInfoStart ]
  #[[ PsychoPy ]] #---------
    psychopyVersion: 3.2.0
    psychopyHaveExtRush: True
  #[[ Experiment ]] #---------
    experimentRunTime: 2019_09_19 12:44 (Year_Month_Day Hour:Min)
    experimentRunTime.epoch: 1568911444
    experimentScript: Kanai_replication_study.py
    experimentScript.digestSHA1: 4235f76b351e777d737d2b7f679372b533318c45
    experimentScript.directory: /Volumes/My Passport/Github/spatio_temporal_information_processing/Time_Subjective_Expansion/kanai_replication_study
  #[[ System ]] #---------
    systemHaveInternetAccess: True
    systemHostName: pbs-jf-aldi.local
    systemLocale: C
    systemMemFreeRAM: 7636.3671875
    systemMemTotalRAM: 16384.0
    systemPlatform: darwin 10.14.6 x86_64
    systemRavailable: R version 3.4.1 (2017-06-30) -- Single Candle
    systemRebooted: Sep 16 14:05
    systemSec.OpenSSLVersion: OpenSSL 1.1.1a  20 Nov 2018
    systemSec.pythonSSL: True
    systemTimeNumpySD1000000_sec: 0.0028
    systemUser: supadhy6
    systemUserID: 1903061739
    systemUserProcCount: 359
    systemUserProcFlagged: mdworker Skype 'Google Chrome' KeyNote Dropbox iTunes Safari
    systemUsersCount: 1
  #[[ Window ]] #---------
    windowWinType: pyglet
    windowUnits: deg
    windowSize_pix: [2880 1800]
    windowScreen: 0
    windowRgb: [255. 255. 255.]
    windowRefreshTimeSD_ms: 0.747
    windowRefreshTimeMedian_ms: 16.770
    windowRefreshTimeAvg_ms: 16.664
    windowPos_pix: [0.0, 0.0]
    windowMonitor.name: testmonitor
    windowMonitor.getWidth_cm: 52.0
    windowMonitor.getDistance_cm: 65.0
    windowMonitor.currentCalibName: 2019_01_28 08:48
    windowIsFullScr: True
  #[[ Python ]] #---------
    pythonVersion: 3.6.0
  #[[ OpenGL ]] #---------
#[ PsychoPy3 RuntimeInfoEnd ]

11.7971 	EXP 	Created text = TextStim(__class__=<class 'psychopy.visual.text.TextStim'>, alignHoriz='center', alignVert='center', antialias=True, autoLog=True, bold=False, color='black', colorSpace='named', contrast=1.0, depth=-1.0, flipHoriz=False, flipVert=False, font='Arial', fontFiles=[], height=0.5, italic=False, languageStyle='LTR', name='text', opacity=1.0, ori=0, pos=array([0., 0.]), rgb=array([0., 0., 0.]), text=str(...), units='deg', win=Window(...), wrapWidth=30)
11.8010 	EXP 	Created unnamed DotStim = DotStim(__class__=<class 'psychopy.visual.dot.DotStim'>, autoLog=True, coherence=1.0, color=array([0., 0., 0.]), colorSpace='rgb', contrast=1.0, depth=0, dir=0, dotLife=13, dotSize=12.0, element=None, fieldPos=array([0., 0.]), fieldShape='square', fieldSize=array([8., 8.]), nDots=200, name='unnamed DotStim', noiseDots='direction', opacity=1.0, rgb=array([0., 0., 0.]), signalDots='same', speed=0.1, units='deg', win=Window(...))
11.8677 	EXP 	text: text = "Welcome! Thank you for agreeing to participate in this study.\n\nIn this study, you will judge the duration of the items presented on the screen.\n\nThe task is simple: You will see a field of dots that moves either to the left / right .\n\nAfter an interval, the direction of motion changes for the remainder of the trial.\n\nAll you need to do is judge whether the first interval lasted longer than the second.\n\nIf you're feeling uncomfortable, you can press ESC key any time to stop the experiment.\n\nPress any key when you are ready to begin the experiment.\n\n"
11.8677 	EXP 	text: autoDraw = True
12.8352 	DATA 	Keypress: space
12.8365 	EXP 	text: autoDraw = False
12.8569 	EXP 	text: text = 'Press any key to begin the experiment.'
12.8569 	EXP 	text: autoDraw = True
13.9402 	DATA 	Keypress: space
13.9415 	EXP 	text: autoDraw = False
13.9825 	EXP 	text: text = 'Please press [L] if the 2nd stimulus lasted for longer duration, \n [S] if the 2nd stimulus lasted for shorter duration'
13.9825 	EXP 	unnamed DotStim: dir = 0.0
13.9825 	EXP 	unnamed DotStim: speed = 0.0
13.9825 	EXP 	unnamed DotStim: dotLife = 12000
15.4465 	EXP 	unnamed DotStim: speed = 0.1
15.4465 	EXP 	unnamed DotStim: dotLife = 9
16.3273 	EXP 	window1: mouseVisible = True
