22.0100 	INFO 	Successfully set darwin thread to realtime
23.0206 	INFO 	#[ PsychoPy3 RuntimeInfoStart ]
  #[[ PsychoPy ]] #---------
    psychopyVersion: 3.0.3
    psychopyHaveExtRush: True
  #[[ Experiment ]] #---------
    experimentRunTime: 2019_03_10 10:39 (Year_Month_Day Hour:Min)
    experimentRunTime.epoch: 1552228769
    experimentScript: RSVP_visual_now.py
    experimentScript.digestSHA1: f79a35e55a66896b7753a56ffcbe7bdb6cc6a803
    experimentScript.directory: /Users/vsg/Documents/GitHub/spatio_temporal_information_processing/RSVP_visual_now
  #[[ System ]] #---------
    systemHaveInternetAccess: True
    systemHostName: VSG-lab1.local
    systemLocale: C
    systemMemFreeRAM: 1490.8671875
    systemMemTotalRAM: 4096.0
    systemPlatform: darwin 10.10.5 x86_64
    systemRavailable: R version 3.2.3 (2015-12-10) -- Wooden Christmas-Tree
    systemRebooted: Mar 4 09:06
    systemSec.OpenSSLVersion: OpenSSL 0.9.8zg 14 July 2015
    systemSec.pythonSSL: True
    systemTimeNumpySD1000000_sec: 0.0128
    systemUser: vsg
    systemUserID: 502
    systemUserProcCount: 82
    systemUserProcFlagged: mdworker Safari
    systemUsersCount: 1
  #[[ Window ]] #---------
    windowWinType: pyglet
    windowUnits: deg
    windowSize_pix: [1920 1200]
    windowScreen: 0
    windowRgb: [-0.7 -0.7 -0.7]
    windowRefreshTimeSD_ms: 0.068
    windowRefreshTimeMedian_ms: 16.703
    windowRefreshTimeAvg_ms: 16.703
    windowPos_pix: [0, 0]
    windowMonitor.name: testmonitor
    windowMonitor.getWidth_cm: 52.0
    windowMonitor.getDistance_cm: 65.0
    windowMonitor.currentCalibName: 2019_02_04 12:46
    windowIsFullScr: True
  #[[ Python ]] #---------
    pythonVersion: 2.7.13
  #[[ OpenGL ]] #---------
#[ PsychoPy3 RuntimeInfoEnd ]

23.0387 	WARNING 	Could not load the desired click sound file, instead using manually created inferior click
23.4702 	EXP 	Created sequence: random, trialTypes=280, nReps=14, seed=None
23.7543 	INFO 	numtrials=280 and each trialDurFrames=156 or 2600.0 ms  task=T1
24.3316 	EXP 	Created text = TextStim(alignHoriz='center', alignVert='center', antialias=True, autoLog=True, bold=False, color=array([ 1.,  1.,  1.]), colorSpace='rgb', contrast=1.0, depth=-1.0, flipHoriz=False, flipVert=False, font='Arial', fontFiles=[], height=0.5, italic=False, languageStyle='LTR', name='text', opacity=1.0, ori=0, pos=array([ 0.,  0.]), rgb=array([ 1.,  1.,  1.]), text='', units='deg', win=Window(...), wrapWidth=30)
24.9490 	EXP 	text: text = "Welcome! Thank you for agreeing to participate in this study.\n\nYou will be presented with a Rapid Stream of letters. Your task is to identify one of the letters.\n\nThe letter you're supposed to identify is accompanied by a probe that can appear anywhere on the horizontal axis of the screen.\n\nThe probe is a circular disk that will be flashed for a very brief time.\n\nOnce you've identified the letter after the trial ends, type it out on the keyboard.\n\nIf you're feeling uncomfortable, you can press ESC key any time to stop the experiment.\n\nPress any key when you are ready to begin the experiment.\n\n"
24.9490 	EXP 	text: autoDraw = True
111.9352 	DATA 	Keypress: m
111.9362 	EXP 	text: autoDraw = False
111.9365 	INFO 	Experiment will have 280 trials. Letters will be drawn with superposed noise of0.00%
111.9365 	INFO 	Starting main (non-staircase) part of experiment
115.3093 	EXP 	window1: recordFrameIntervals = False
117.4991 	DATA 	Keypress: p
121.7086 	EXP 	window1: recordFrameIntervals = False
122.8461 	DATA 	Keypress: q
126.9537 	EXP 	window1: recordFrameIntervals = False
128.6422 	DATA 	Keypress: g
132.5329 	EXP 	window1: recordFrameIntervals = False
133.6366 	DATA 	Keypress: t
137.8614 	EXP 	window1: recordFrameIntervals = False
138.3140 	DATA 	Keypress: a
142.3548 	EXP 	window1: recordFrameIntervals = False
143.5088 	DATA 	Keypress: g
147.6167 	EXP 	window1: recordFrameIntervals = False
148.5369 	DATA 	Keypress: m
152.4441 	EXP 	window1: recordFrameIntervals = False
152.9466 	DATA 	Keypress: h
157.2031 	EXP 	window1: recordFrameIntervals = False
157.7892 	DATA 	Keypress: n
161.7967 	EXP 	window1: recordFrameIntervals = False
161.7972 	ERROR 	trialnum=9 ERROR,1 frames were longer than 20.8 ms apparently screen refreshes skipped, interframe durs were:[ 67.2] and was these frames: [115]
161.7975 	INFO 	flankers also=[ 16.8  67.2  16.4]
163.2348 	DATA 	Keypress: k
167.0935 	EXP 	window1: recordFrameIntervals = False
168.3813 	DATA 	Keypress: y
172.1883 	EXP 	window1: recordFrameIntervals = False
173.6597 	DATA 	Keypress: l
177.9178 	EXP 	window1: recordFrameIntervals = False
178.9381 	DATA 	Keypress: d
183.0126 	EXP 	window1: recordFrameIntervals = False
184.0163 	DATA 	Keypress: y
187.8734 	EXP 	window1: recordFrameIntervals = False
188.4930 	DATA 	Keypress: s
192.4504 	EXP 	window1: recordFrameIntervals = False
193.3037 	DATA 	Keypress: o
197.5128 	EXP 	window1: recordFrameIntervals = False
197.8305 	DATA 	Keypress: c
202.1036 	EXP 	window1: recordFrameIntervals = False
202.9570 	DATA 	Keypress: z
206.8309 	EXP 	window1: recordFrameIntervals = False
207.4838 	DATA 	Keypress: r
211.4428 	EXP 	window1: recordFrameIntervals = False
211.4433 	ERROR 	trialnum=19 ERROR,3 frames were longer than 20.8 ms apparently screen refreshes skipped, interframe durs were:[ 67.4  58.3  30.5] and was these frames: [68 73 75]
211.4438 	INFO 	flankers also=[ 16.8  67.4  16.3   4.8  58.3   2.4   2.4  30.5   2.4]
212.3296 	DATA 	Keypress: p
216.4875 	EXP 	window1: recordFrameIntervals = False
216.4879 	ERROR 	trialnum=20 ERROR,1 frames were longer than 20.8 ms apparently screen refreshes skipped, interframe durs were:[ 67.2] and was these frames: [0]
216.4881 	INFO 	flankers also=[ 67.2  16.4]
216.9400 	DATA 	Keypress: w
220.7971 	EXP 	window1: recordFrameIntervals = False
221.2166 	DATA 	Keypress: t
225.4576 	EXP 	window1: recordFrameIntervals = False
226.6618 	DATA 	Keypress: w
230.9031 	EXP 	window1: recordFrameIntervals = False
231.3723 	DATA 	Keypress: s
235.1823 	DATA 	Keypress: t
235.3297 	EXP 	window1: recordFrameIntervals = False
235.7822 	DATA 	Keypress: t
239.7395 	EXP 	window1: recordFrameIntervals = False
240.3425 	DATA 	Keypress: z
244.2480 	EXP 	window1: recordFrameIntervals = False
244.6670 	DATA 	Keypress: e
248.6747 	EXP 	window1: recordFrameIntervals = False
249.4112 	DATA 	Keypress: i
253.3200 	EXP 	window1: recordFrameIntervals = False
253.3204 	ERROR 	trialnum=28 ERROR,1 frames were longer than 20.8 ms apparently screen refreshes skipped, interframe durs were:[ 67.1] and was these frames: [24]
253.3208 	INFO 	flankers also=[ 16.9  67.1  16.4]
253.8059 	DATA 	Keypress: z
257.7466 	EXP 	window1: recordFrameIntervals = False
258.3996 	DATA 	Keypress: x
262.2901 	EXP 	window1: recordFrameIntervals = False
263.8450 	DATA 	Keypress: q
267.9194 	EXP 	window1: recordFrameIntervals = False
268.3554 	DATA 	Keypress: s
272.4796 	EXP 	window1: recordFrameIntervals = False
272.4800 	ERROR 	trialnum=32 ERROR,2 frames were longer than 20.8 ms apparently screen refreshes skipped, interframe durs were:[ 67.4  66.7] and was these frames: [51 57]
272.4804 	INFO 	flankers also=[ 16.7  67.4  16.2   8.3  66.7  16.3]
274.1184 	DATA 	Keypress: i
278.2926 	EXP 	window1: recordFrameIntervals = False
278.7617 	DATA 	Keypress: j
282.6357 	EXP 	window1: recordFrameIntervals = False
282.6360 	ERROR 	trialnum=34 ERROR,1 frames were longer than 20.8 ms apparently screen refreshes skipped, interframe durs were:[ 67.4] and was these frames: [65]
282.6363 	INFO 	flankers also=[ 16.8  67.4  16.3]
283.7563 	DATA 	Keypress: s
287.5801 	EXP 	window1: recordFrameIntervals = False
288.4668 	DATA 	Keypress: j
292.3557 	EXP 	window1: recordFrameIntervals = False
293.4430 	DATA 	Keypress: c
297.5173 	EXP 	window1: recordFrameIntervals = False
297.9196 	DATA 	Keypress: p
302.0291 	EXP 	window1: recordFrameIntervals = False
302.0295 	ERROR 	trialnum=38 ERROR,2 frames were longer than 20.8 ms apparently screen refreshes skipped, interframe durs were:[ 67.2  66.7] and was these frames: [102 108]
302.0299 	INFO 	flankers also=[ 16.7  67.2  16.3   9.2  66.7  16.2]
303.0828 	DATA 	Keypress: t
306.8900 	EXP 	window1: recordFrameIntervals = False
309.2801 	DATA 	Keypress: s
313.5548 	EXP 	window1: recordFrameIntervals = False
313.5552 	ERROR 	trialnum=40 ERROR,1 frames were longer than 20.8 ms apparently screen refreshes skipped, interframe durs were:[ 67.2] and was these frames: [25]
313.5555 	INFO 	flankers also=[ 16.7  67.2  16.3]
314.4919 	DATA 	Keypress: k
318.4992 	EXP 	window1: recordFrameIntervals = False
319.4697 	DATA 	Keypress: j
323.2767 	EXP 	window1: recordFrameIntervals = False
324.1467 	DATA 	Keypress: c
328.2544 	EXP 	window1: recordFrameIntervals = False
328.2549 	ERROR 	trialnum=43 ERROR,2 frames were longer than 20.8 ms apparently screen refreshes skipped, interframe durs were:[ 67.5  67.4] and was these frames: [28 34]
328.2552 	INFO 	flankers also=[ 15.3  67.5  16.2  10.4  67.4  16.2]
328.7235 	DATA 	Keypress: a
332.5140 	EXP 	window1: recordFrameIntervals = False
333.1335 	DATA 	Keypress: k
337.2730 	EXP 	window1: recordFrameIntervals = False
338.3604 	DATA 	Keypress: q
342.5014 	EXP 	window1: recordFrameIntervals = False
342.5019 	ERROR 	trialnum=46 ERROR,2 frames were longer than 20.8 ms apparently screen refreshes skipped, interframe durs were:[ 67.3  67.1] and was these frames: [ 96 102]
342.5023 	INFO 	flankers also=[ 16.8  67.3  16.5  10.3  67.1  16.5]
343.2879 	DATA 	Keypress: z
347.3305 	EXP 	window1: recordFrameIntervals = False
347.9166 	DATA 	Keypress: k
352.0745 	EXP 	window1: recordFrameIntervals = False
354.2808 	DATA 	Keypress: e
358.2716 	EXP 	window1: recordFrameIntervals = False
359.2429 	DATA 	Keypress: p
363.4667 	EXP 	window1: recordFrameIntervals = False
363.4671 	ERROR 	trialnum=50 ERROR,2 frames were longer than 20.8 ms apparently screen refreshes skipped, interframe durs were:[ 67.3  67. ] and was these frames: [53 59]
363.4675 	INFO 	flankers also=[ 16.7  67.3  16.3  11.   67.   16.2]
363.6352 	DATA 	Keypress: w
367.5257 	EXP 	window1: recordFrameIntervals = False
368.5461 	DATA 	Keypress: a
372.4535 	EXP 	window1: recordFrameIntervals = False
373.8424 	DATA 	Keypress: semicolon
374.2254 	DATA 	Keypress: l
377.1670 	DATA 	Keypress: semicolon
378.0159 	EXP 	window1: recordFrameIntervals = False
379.1542 	DATA 	Keypress: e
383.1257 	EXP 	window1: recordFrameIntervals = False
383.1261 	ERROR 	trialnum=54 ERROR,2 frames were longer than 20.8 ms apparently screen refreshes skipped, interframe durs were:[ 67.3  66.8] and was these frames: [80 86]
383.1266 	INFO 	flankers also=[ 16.5  67.3  16.5  10.   66.8  16.5]
383.5447 	DATA 	Keypress: w
387.4854 	EXP 	window1: recordFrameIntervals = False
387.6373 	DATA 	Keypress: t
391.7634 	EXP 	window1: recordFrameIntervals = False
392.5331 	DATA 	Keypress: g
396.5407 	EXP 	window1: recordFrameIntervals = False
397.5110 	DATA 	Keypress: g
401.5519 	EXP 	window1: recordFrameIntervals = False
402.6057 	DATA 	Keypress: v
406.4462 	EXP 	window1: recordFrameIntervals = False
407.8508 	DATA 	Keypress: n
411.8918 	EXP 	window1: recordFrameIntervals = False
412.7618 	DATA 	Keypress: f
416.6858 	EXP 	window1: recordFrameIntervals = False
416.6862 	ERROR 	trialnum=61 ERROR,2 frames were longer than 20.8 ms apparently screen refreshes skipped, interframe durs were:[ 67.5  67.3] and was these frames: [122 136]
416.6867 	INFO 	flankers also=[ 16.6  67.5  16.2  16.8  67.3  16.3]
417.1383 	DATA 	Keypress: c
421.0790 	EXP 	window1: recordFrameIntervals = False
421.7320 	DATA 	Keypress: v
425.8881 	EXP 	window1: recordFrameIntervals = False
426.5921 	DATA 	Keypress: s
430.6655 	EXP 	window1: recordFrameIntervals = False
431.7695 	DATA 	Keypress: y
435.8788 	EXP 	window1: recordFrameIntervals = False
437.1998 	DATA 	Keypress: c
441.3410 	EXP 	window1: recordFrameIntervals = False
441.8770 	DATA 	Keypress: z
446.1351 	EXP 	window1: recordFrameIntervals = False
447.0217 	DATA 	Keypress: t
450.8623 	EXP 	window1: recordFrameIntervals = False
452.4005 	DATA 	Keypress: u
456.2076 	EXP 	window1: recordFrameIntervals = False
457.4453 	DATA 	Keypress: h
461.2857 	EXP 	window1: recordFrameIntervals = False
462.3064 	DATA 	Keypress: w
466.7823 	DATA 	Keypress: space
470.4741 	DATA 	Keypress: d
470.5714 	EXP 	window1: recordFrameIntervals = False
471.0908 	DATA 	Keypress: d
475.0982 	EXP 	window1: recordFrameIntervals = False
475.7847 	DATA 	Keypress: y
479.9274 	EXP 	window1: recordFrameIntervals = False
480.3631 	DATA 	Keypress: e
483.5551 	DATA 	Keypress: h
484.2872 	EXP 	window1: recordFrameIntervals = False
484.2876 	ERROR 	trialnum=74 ERROR,2 frames were longer than 20.8 ms apparently screen refreshes skipped, interframe durs were:[ 67.3  67.1] and was these frames: [50 56]
484.2880 	INFO 	flankers also=[ 16.7  67.3  16.7   7.2  67.1  16.3]
484.9400 	DATA 	Keypress: h
488.8474 	EXP 	window1: recordFrameIntervals = False
489.5171 	DATA 	Keypress: k
492.9432 	DATA 	Keypress: e
493.3575 	EXP 	window1: recordFrameIntervals = False
493.4091 	DATA 	Keypress: e
497.4834 	EXP 	window1: recordFrameIntervals = False
497.4839 	ERROR 	trialnum=77 ERROR,2 frames were longer than 20.8 ms apparently screen refreshes skipped, interframe durs were:[ 67.5  67.1] and was these frames: [74 87]
497.4843 	INFO 	flankers also=[ 16.7  67.5  16.4  16.9  67.1  16.3]
497.8859 	DATA 	Keypress: c
501.8933 	EXP 	window1: recordFrameIntervals = False
503.1141 	DATA 	Keypress: s
507.1384 	EXP 	window1: recordFrameIntervals = False
507.6076 	DATA 	Keypress: m
511.5161 	DATA 	Keypress: t
511.8806 	EXP 	window1: recordFrameIntervals = False
512.2998 	DATA 	Keypress: t
516.5746 	EXP 	window1: recordFrameIntervals = False
516.5751 	ERROR 	trialnum=81 ERROR,2 frames were longer than 20.8 ms apparently screen refreshes skipped, interframe durs were:[ 67.3  68.1] and was these frames: [137 148]
516.5754 	INFO 	flankers also=[ 16.7  67.3  16.5  16.7  68.1  15.6]
517.3944 	DATA 	Keypress: m
521.5205 	EXP 	window1: recordFrameIntervals = False
522.3572 	DATA 	Keypress: r
526.3647 	EXP 	window1: recordFrameIntervals = False
527.4686 	DATA 	Keypress: e
531.7100 	EXP 	window1: recordFrameIntervals = False
532.5468 	DATA 	Keypress: c
536.8215 	EXP 	window1: recordFrameIntervals = False
537.6582 	DATA 	Keypress: c
541.4819 	EXP 	window1: recordFrameIntervals = False
541.9678 	DATA 	Keypress: m
545.8250 	EXP 	window1: recordFrameIntervals = False
545.8254 	ERROR 	trialnum=87 ERROR,1 frames were longer than 20.8 ms apparently screen refreshes skipped, interframe durs were:[ 67.2] and was these frames: [11]
545.8256 	INFO 	flankers also=[ 16.8  67.2  16.3]
547.1293 	DATA 	Keypress: u
550.9198 	EXP 	window1: recordFrameIntervals = False
551.3556 	DATA 	Keypress: j
555.2128 	EXP 	window1: recordFrameIntervals = False
556.0828 	DATA 	Keypress: k
560.2723 	EXP 	window1: recordFrameIntervals = False
561.3261 	DATA 	Keypress: w
565.2836 	EXP 	window1: recordFrameIntervals = False
565.2840 	ERROR 	trialnum=91 ERROR,2 frames were longer than 20.8 ms apparently screen refreshes skipped, interframe durs were:[ 67.3  67.8] and was these frames: [40 52]
565.2844 	INFO 	flankers also=[ 15.8  67.3  16.4  16.7  67.8  15.8]
566.3558 	DATA 	Keypress: c
570.4134 	EXP 	window1: recordFrameIntervals = False
571.2834 	DATA 	Keypress: w
574.7428 	DATA 	Keypress: s
575.1240 	EXP 	window1: recordFrameIntervals = False
575.9939 	DATA 	Keypress: d
579.9514 	EXP 	window1: recordFrameIntervals = False
581.1562 	DATA 	Keypress: a
584.9794 	EXP 	window1: recordFrameIntervals = False
585.4663 	DATA 	Keypress: r
589.4561 	EXP 	window1: recordFrameIntervals = False
590.6102 	DATA 	Keypress: x
594.6844 	EXP 	window1: recordFrameIntervals = False
594.6848 	ERROR 	trialnum=97 ERROR,2 frames were longer than 20.8 ms apparently screen refreshes skipped, interframe durs were:[ 67.3  67.4] and was these frames: [ 94 109]
594.6852 	INFO 	flankers also=[ 16.7  67.3  16.3  16.8  67.4  16.2]
595.4542 	DATA 	Keypress: h
599.4601 	EXP 	window1: recordFrameIntervals = False
600.0130 	DATA 	Keypress: i
603.8033 	EXP 	window1: recordFrameIntervals = False
603.8551 	DATA 	Keypress: g
608.1312 	EXP 	window1: recordFrameIntervals = False
608.5503 	DATA 	Keypress: s
612.6915 	EXP 	window1: recordFrameIntervals = False
613.1438 	DATA 	Keypress: g
617.0846 	EXP 	window1: recordFrameIntervals = False
617.5540 	DATA 	Keypress: z
621.6615 	EXP 	window1: recordFrameIntervals = False
622.2141 	DATA 	Keypress: w
626.1889 	EXP 	window1: recordFrameIntervals = False
626.1893 	ERROR 	trialnum=104 ERROR,1 frames were longer than 20.8 ms apparently screen refreshes skipped, interframe durs were:[ 67.3] and was these frames: [154]
626.1896 	INFO 	flankers also=[ 16.7  67.3]
627.0418 	DATA 	Keypress: x
631.1160 	EXP 	window1: recordFrameIntervals = False
631.4516 	DATA 	Keypress: h
635.5426 	EXP 	window1: recordFrameIntervals = False
636.4962 	DATA 	Keypress: g
640.5355 	EXP 	window1: recordFrameIntervals = False
640.8543 	DATA 	Keypress: i
645.0456 	EXP 	window1: recordFrameIntervals = False
646.4836 	DATA 	Keypress: s
650.6097 	EXP 	window1: recordFrameIntervals = False
651.0286 	DATA 	Keypress: r
654.9361 	EXP 	window1: recordFrameIntervals = False
655.0878 	DATA 	Keypress: r
655.6079 	DATA 	Keypress: r
658.9617 	EXP 	window1: recordFrameIntervals = False
659.9319 	DATA 	Keypress: d
664.0398 	EXP 	window1: recordFrameIntervals = False
664.9768 	DATA 	Keypress: b
665.2864 	DATA 	Keypress: n
669.2179 	EXP 	window1: recordFrameIntervals = False
670.1548 	DATA 	Keypress: f
674.1290 	EXP 	window1: recordFrameIntervals = False
675.2164 	DATA 	Keypress: c
679.3407 	EXP 	window1: recordFrameIntervals = False
680.1608 	DATA 	Keypress: q
684.4003 	EXP 	window1: recordFrameIntervals = False
684.7359 	DATA 	Keypress: f
688.8770 	EXP 	window1: recordFrameIntervals = False
688.8957 	DATA 	Keypress: r
693.0046 	EXP 	window1: recordFrameIntervals = False
693.6241 	DATA 	Keypress: h
697.6650 	EXP 	window1: recordFrameIntervals = False
698.1509 	DATA 	Keypress: w
702.4257 	EXP 	window1: recordFrameIntervals = False
703.4795 	DATA 	Keypress: d
707.6207 	EXP 	window1: recordFrameIntervals = False
707.6211 	ERROR 	trialnum=121 ERROR,1 frames were longer than 20.8 ms apparently screen refreshes skipped, interframe durs were:[ 67.3] and was these frames: [2]
707.6214 	INFO 	flankers also=[ 16.7  67.3  16.3]
708.0397 	DATA 	Keypress: w
711.9972 	EXP 	window1: recordFrameIntervals = False
714.5886 	DATA 	Keypress: p
718.8458 	EXP 	window1: recordFrameIntervals = False
718.8462 	ERROR 	trialnum=123 ERROR,1 frames were longer than 20.8 ms apparently screen refreshes skipped, interframe durs were:[ 67.4] and was these frames: [9]
718.8465 	INFO 	flankers also=[ 16.8  67.4  16.2]
719.7003 	DATA 	Keypress: x
723.8070 	EXP 	window1: recordFrameIntervals = False
724.3261 	DATA 	Keypress: n
728.1316 	EXP 	window1: recordFrameIntervals = False
728.1320 	ERROR 	trialnum=125 ERROR,1 frames were longer than 20.8 ms apparently screen refreshes skipped, interframe durs were:[ 42.3] and was these frames: [8]
728.1322 	INFO 	flankers also=[ 16.7  42.3   2. ]
728.8525 	DATA 	Keypress: y
732.7921 	EXP 	window1: recordFrameIntervals = False
733.3447 	DATA 	Keypress: a
737.3205 	EXP 	window1: recordFrameIntervals = False
737.3209 	ERROR 	trialnum=127 ERROR,1 frames were longer than 20.8 ms apparently screen refreshes skipped, interframe durs were:[ 67.5] and was these frames: [13]
737.3212 	INFO 	flankers also=[ 16.8  67.5  16.1]
737.7729 	DATA 	Keypress: g
741.8807 	EXP 	window1: recordFrameIntervals = False
742.8011 	DATA 	Keypress: v
746.9086 	EXP 	window1: recordFrameIntervals = False
748.2297 	DATA 	Keypress: a
752.3542 	EXP 	window1: recordFrameIntervals = False
752.8235 	DATA 	Keypress: b
756.8642 	EXP 	window1: recordFrameIntervals = False
756.8647 	ERROR 	trialnum=131 ERROR,2 frames were longer than 20.8 ms apparently screen refreshes skipped, interframe durs were:[ 67.4  67.4] and was these frames: [32 38]
756.8652 	INFO 	flankers also=[ 16.8  67.4  16.2   7.9  67.4  16.1]
757.4514 	DATA 	Keypress: m
761.6416 	EXP 	window1: recordFrameIntervals = False
761.9605 	DATA 	Keypress: u
766.0014 	EXP 	window1: recordFrameIntervals = False
766.6710 	DATA 	Keypress: a
770.5599 	EXP 	window1: recordFrameIntervals = False
770.5603 	ERROR 	trialnum=134 ERROR,1 frames were longer than 20.8 ms apparently screen refreshes skipped, interframe durs were:[ 41.2] and was these frames: [6]
770.5606 	INFO 	flankers also=[ 16.7  41.2   1.8]
770.7452 	DATA 	Keypress: n
774.7193 	EXP 	window1: recordFrameIntervals = False
775.9570 	DATA 	Keypress: s
775.9937 	DATA 	Keypress: n
780.1163 	EXP 	window1: recordFrameIntervals = False
781.1368 	DATA 	Keypress: o
782.4732 	DATA 	Keypress: o
785.3282 	EXP 	window1: recordFrameIntervals = False
785.3292 	ERROR 	trialnum=137 ERROR,1 frames were longer than 20.8 ms apparently screen refreshes skipped, interframe durs were:[ 67.4] and was these frames: [149]
785.3295 	INFO 	flankers also=[ 16.7  67.4  16.3]
786.7158 	DATA 	Keypress: l
790.7068 	EXP 	window1: recordFrameIntervals = False
791.6270 	DATA 	Keypress: h
795.8349 	EXP 	window1: recordFrameIntervals = False
797.0389 	DATA 	Keypress: u
801.0299 	EXP 	window1: recordFrameIntervals = False
801.9500 	DATA 	Keypress: m
806.1284 	DATA 	Keypress: space
809.9482 	EXP 	window1: recordFrameIntervals = False
811.1357 	DATA 	Keypress: y
815.3301 	DATA 	Keypress: s
815.3937 	EXP 	window1: recordFrameIntervals = False
815.9480 	DATA 	Keypress: s
820.0391 	EXP 	window1: recordFrameIntervals = False
820.2412 	DATA 	Keypress: b
824.3488 	EXP 	window1: recordFrameIntervals = False
825.6199 	DATA 	Keypress: j
829.4602 	EXP 	window1: recordFrameIntervals = False
830.6644 	DATA 	Keypress: l
834.9058 	EXP 	window1: recordFrameIntervals = False
835.1579 	DATA 	Keypress: w
839.2989 	EXP 	window1: recordFrameIntervals = False
840.2023 	DATA 	Keypress: g
844.1430 	EXP 	window1: recordFrameIntervals = False
844.5120 	DATA 	Keypress: f
848.6180 	EXP 	window1: recordFrameIntervals = False
849.0038 	DATA 	Keypress: n
853.1449 	EXP 	window1: recordFrameIntervals = False
854.2822 	DATA 	Keypress: r
858.4752 	EXP 	window1: recordFrameIntervals = False
859.6293 	DATA 	Keypress: a
863.7203 	EXP 	window1: recordFrameIntervals = False
864.0891 	DATA 	Keypress: w
867.9296 	EXP 	window1: recordFrameIntervals = False
867.9301 	ERROR 	trialnum=153 ERROR,2 frames were longer than 20.8 ms apparently screen refreshes skipped, interframe durs were:[ 67.4  67.3] and was these frames: [ 5 11]
867.9306 	INFO 	flankers also=[ 16.6  67.4  16.3   7.8  67.3  16.3]
869.0001 	DATA 	Keypress: g
873.2248 	EXP 	window1: recordFrameIntervals = False
873.8777 	DATA 	Keypress: a
877.7015 	EXP 	window1: recordFrameIntervals = False
877.7019 	ERROR 	trialnum=155 ERROR,1 frames were longer than 20.8 ms apparently screen refreshes skipped, interframe durs were:[ 67.3] and was these frames: [59]
877.7023 	INFO 	flankers also=[ 16.8  67.3  16.3]
878.4056 	DATA 	Keypress: y
882.6960 	EXP 	window1: recordFrameIntervals = False
883.9003 	DATA 	Keypress: w
887.8075 	EXP 	window1: recordFrameIntervals = False
887.8079 	ERROR 	trialnum=157 ERROR,1 frames were longer than 20.8 ms apparently screen refreshes skipped, interframe durs were:[ 67.3] and was these frames: [31]
887.8082 	INFO 	flankers also=[ 16.7  67.3  16.3]
888.1764 	DATA 	Keypress: d
892.1656 	EXP 	window1: recordFrameIntervals = False
892.6850 	DATA 	Keypress: k
896.4618 	DATA 	Keypress: s
896.6423 	EXP 	window1: recordFrameIntervals = False
896.6426 	ERROR 	trialnum=159 ERROR,1 frames were longer than 20.8 ms apparently screen refreshes skipped, interframe durs were:[ 67.3] and was these frames: [123]
896.6429 	INFO 	flankers also=[ 16.8  67.3  16.4]
896.8943 	DATA 	Keypress: s
898.9521 	DATA 	Keypress: h
901.0204 	EXP 	window1: recordFrameIntervals = False
901.7903 	DATA 	Keypress: m
905.7339 	DATA 	Keypress: m
905.8813 	EXP 	window1: recordFrameIntervals = False
906.2837 	DATA 	Keypress: m
910.1909 	EXP 	window1: recordFrameIntervals = False
910.4596 	DATA 	Keypress: r
914.3336 	EXP 	window1: recordFrameIntervals = False
914.6191 	DATA 	Keypress: g
918.5764 	EXP 	window1: recordFrameIntervals = False
919.2628 	DATA 	Keypress: a
923.3037 	EXP 	window1: recordFrameIntervals = False
924.2238 	DATA 	Keypress: f
928.0810 	EXP 	window1: recordFrameIntervals = False
928.0815 	ERROR 	trialnum=166 ERROR,2 frames were longer than 20.8 ms apparently screen refreshes skipped, interframe durs were:[ 67.5  67.2] and was these frames: [38 44]
928.0819 	INFO 	flankers also=[ 16.8  67.5  16.2   7.4  67.2  16.2]
929.4856 	DATA 	Keypress: i
933.3762 	EXP 	window1: recordFrameIntervals = False
935.3990 	DATA 	Keypress: q
939.6386 	EXP 	window1: recordFrameIntervals = False
940.4251 	DATA 	Keypress: h
944.6665 	EXP 	window1: recordFrameIntervals = False
945.3379 	DATA 	Keypress: c
949.3955 	EXP 	window1: recordFrameIntervals = False
949.8312 	DATA 	Keypress: h
954.0225 	EXP 	window1: recordFrameIntervals = False
954.6921 	DATA 	Keypress: h
958.6996 	EXP 	window1: recordFrameIntervals = False
959.6364 	DATA 	Keypress: w
963.8945 	EXP 	window1: recordFrameIntervals = False
963.8949 	ERROR 	trialnum=173 ERROR,1 frames were longer than 20.8 ms apparently screen refreshes skipped, interframe durs were:[ 67.3] and was these frames: [11]
963.8952 	INFO 	flankers also=[ 16.8  67.3  16.3]
964.9149 	DATA 	Keypress: l
969.0896 	EXP 	window1: recordFrameIntervals = False
970.7615 	DATA 	Keypress: q
974.6353 	EXP 	window1: recordFrameIntervals = False
975.7394 	DATA 	Keypress: n
979.7117 	EXP 	window1: recordFrameIntervals = False
980.7321 	DATA 	Keypress: q
984.8064 	EXP 	window1: recordFrameIntervals = False
987.0479 	DATA 	Keypress: q
991.1055 	EXP 	window1: recordFrameIntervals = False
991.9255 	DATA 	Keypress: t
996.1836 	EXP 	window1: recordFrameIntervals = False
996.9368 	DATA 	Keypress: s
1000.7938 	EXP 	window1: recordFrameIntervals = False
1001.1964 	DATA 	Keypress: p
1005.3207 	EXP 	window1: recordFrameIntervals = False
1006.2074 	DATA 	Keypress: n
1010.2513 	DATA 	Keypress: e
1010.2651 	EXP 	window1: recordFrameIntervals = False
1010.5003 	DATA 	Keypress: e
1014.6750 	EXP 	window1: recordFrameIntervals = False
1015.3113 	DATA 	Keypress: p
1019.5509 	EXP 	window1: recordFrameIntervals = False
1020.4044 	DATA 	Keypress: y
1024.3784 	EXP 	window1: recordFrameIntervals = False
1024.9144 	DATA 	Keypress: p
1028.7064 	EXP 	window1: recordFrameIntervals = False
1028.7067 	ERROR 	trialnum=186 ERROR,1 frames were longer than 20.8 ms apparently screen refreshes skipped, interframe durs were:[ 67.2] and was these frames: [50]
1028.7070 	INFO 	flankers also=[ 16.5  67.2  16.4]
1029.2090 	DATA 	Keypress: q
1033.1830 	EXP 	window1: recordFrameIntervals = False
1034.0866 	DATA 	Keypress: p
1038.2277 	EXP 	window1: recordFrameIntervals = False
1038.6300 	DATA 	Keypress: p
1042.4872 	EXP 	window1: recordFrameIntervals = False
1042.9730 	DATA 	Keypress: h
1047.1688 	DATA 	Keypress: a
1047.2319 	EXP 	window1: recordFrameIntervals = False
1047.2324 	ERROR 	trialnum=190 ERROR,2 frames were longer than 20.8 ms apparently screen refreshes skipped, interframe durs were:[ 67.5  66.9] and was these frames: [148 154]
1047.2328 	INFO 	flankers also=[ 16.9  67.5  16.2  11.   66.9]
1047.6504 	DATA 	Keypress: a
1051.2765 	DATA 	Keypress: a
1051.6244 	EXP 	window1: recordFrameIntervals = False
1051.7261 	DATA 	Keypress: a
1055.8704 	DATA 	Keypress: a
1055.9005 	EXP 	window1: recordFrameIntervals = False
1056.2362 	DATA 	Keypress: a
1060.3590 	EXP 	window1: recordFrameIntervals = False
1060.3606 	DATA 	Keypress: r
1061.7803 	DATA 	Keypress: r
1066.0550 	EXP 	window1: recordFrameIntervals = False
1067.3778 	DATA 	Keypress: j
1071.4689 	EXP 	window1: recordFrameIntervals = False
1071.4693 	ERROR 	trialnum=195 ERROR,2 frames were longer than 20.8 ms apparently screen refreshes skipped, interframe durs were:[ 67.3  67.4] and was these frames: [133 146]
1071.4697 	INFO 	flankers also=[ 16.9  67.3  16.4  16.8  67.4  16.2]
1071.8043 	DATA 	Keypress: a
1075.9956 	EXP 	window1: recordFrameIntervals = False
1076.2643 	DATA 	Keypress: g
1079.3228 	DATA 	Keypress: x
1080.1549 	EXP 	window1: recordFrameIntervals = False
1080.6910 	DATA 	Keypress: x
1084.7318 	EXP 	window1: recordFrameIntervals = False
1085.0173 	DATA 	Keypress: c
1088.8577 	EXP 	window1: recordFrameIntervals = False
1088.8582 	ERROR 	trialnum=199 ERROR,3 frames were longer than 20.8 ms apparently screen refreshes skipped, interframe durs were:[ 67.3  67.3  30.8] and was these frames: [77 91 93]
1088.8587 	INFO 	flankers also=[ 16.6  67.3  16.2  16.8  67.3   2.1   2.1  30.8   2.3]
1089.6945 	DATA 	Keypress: c
1093.9190 	EXP 	window1: recordFrameIntervals = False
1093.9207 	DATA 	Keypress: r
1094.1711 	DATA 	Keypress: r
1098.2771 	EXP 	window1: recordFrameIntervals = False
1099.3311 	DATA 	Keypress: z
1103.0911 	DATA 	Keypress: j
1103.1548 	EXP 	window1: recordFrameIntervals = False
1103.4069 	DATA 	Keypress: j
1107.2322 	EXP 	window1: recordFrameIntervals = False
1108.0689 	DATA 	Keypress: p
1112.1933 	EXP 	window1: recordFrameIntervals = False
1112.3321 	DATA 	Keypress: w
1112.5483 	DATA 	Keypress: w
1116.4194 	EXP 	window1: recordFrameIntervals = False
1117.7573 	DATA 	Keypress: s
1121.9318 	EXP 	window1: recordFrameIntervals = False
1122.3174 	DATA 	Keypress: e
1126.2581 	EXP 	window1: recordFrameIntervals = False
1126.5938 	DATA 	Keypress: j
1130.6847 	EXP 	window1: recordFrameIntervals = False
1131.4545 	DATA 	Keypress: w
1135.4454 	EXP 	window1: recordFrameIntervals = False
1136.0993 	DATA 	Keypress: t
1139.8232 	DATA 	Keypress: i
1139.9538 	EXP 	window1: recordFrameIntervals = False
1139.9543 	ERROR 	trialnum=210 ERROR,3 frames were longer than 20.8 ms apparently screen refreshes skipped, interframe durs were:[ 41.3  67.3  66.6] and was these frames: [ 3 37 43]
1139.9548 	INFO 	flankers also=[ 16.7  41.3   1.8  15.3  67.3  16.3  11.1  66.6  16.2]
1140.4063 	DATA 	Keypress: i
1141.9708 	DATA 	Keypress: space
1142.4943 	DATA 	Keypress: space
1145.8336 	EXP 	window1: recordFrameIntervals = False
1146.7221 	DATA 	Keypress: y
1150.7965 	EXP 	window1: recordFrameIntervals = False
1151.3826 	DATA 	Keypress: j
1155.3900 	EXP 	window1: recordFrameIntervals = False
1155.9595 	DATA 	Keypress: i
1160.2175 	EXP 	window1: recordFrameIntervals = False
1160.3360 	DATA 	Keypress: q
1163.3945 	DATA 	Keypress: e
1164.1459 	DATA 	Keypress: e
1164.4967 	DATA 	Keypress: e
1164.5271 	EXP 	window1: recordFrameIntervals = False
1164.8626 	DATA 	Keypress: e
1169.1041 	EXP 	window1: recordFrameIntervals = False
1169.1045 	ERROR 	trialnum=216 ERROR,2 frames were longer than 20.8 ms apparently screen refreshes skipped, interframe durs were:[ 67.4  67.2] and was these frames: [105 111]
1169.1049 	INFO 	flankers also=[ 15.2  67.4  16.2  10.1  67.2  16.3]
1169.5566 	DATA 	Keypress: s
1173.4638 	EXP 	window1: recordFrameIntervals = False
1173.6492 	DATA 	Keypress: x
1173.8575 	DATA 	Keypress: x
1177.7885 	EXP 	window1: recordFrameIntervals = False
1178.0071 	DATA 	Keypress: d
1178.2014 	DATA 	Keypress: d
1180.8149 	DATA 	Keypress: o
1181.0993 	DATA 	Keypress: o
1181.4163 	DATA 	Keypress: o
1181.7169 	DATA 	Keypress: o
1181.7976 	EXP 	window1: recordFrameIntervals = False
1182.0173 	DATA 	Keypress: o
1182.2893 	DATA 	Keypress: o
1186.2926 	EXP 	window1: recordFrameIntervals = False
1186.7285 	DATA 	Keypress: k
1188.8014 	DATA 	Keypress: k
1190.8695 	EXP 	window1: recordFrameIntervals = False
1191.3888 	DATA 	Keypress: j
1194.1299 	DATA 	Keypress: d
1195.2459 	EXP 	window1: recordFrameIntervals = False
1195.3977 	DATA 	Keypress: a
1199.2215 	EXP 	window1: recordFrameIntervals = False
1199.2220 	ERROR 	trialnum=223 ERROR,2 frames were longer than 20.8 ms apparently screen refreshes skipped, interframe durs were:[ 67.4  67.3] and was these frames: [117 123]
1199.2225 	INFO 	flankers also=[ 16.3  67.4  16.3  10.6  67.3  16.3]
1199.6405 	DATA 	Keypress: d
1203.1333 	DATA 	Keypress: m
1203.5478 	EXP 	window1: recordFrameIntervals = False
1204.3010 	DATA 	Keypress: m
1204.6004 	DATA 	Keypress: m
1204.8207 	DATA 	Keypress: m
1207.5431 	DATA 	Keypress: m
1207.9106 	DATA 	Keypress: m
1208.2279 	DATA 	Keypress: m
1208.5591 	EXP 	window1: recordFrameIntervals = False
1208.5776 	DATA 	Keypress: m
1209.0973 	DATA 	Keypress: m
1209.6631 	DATA 	Keypress: m
1212.7351 	EXP 	window1: recordFrameIntervals = False
1213.1374 	DATA 	Keypress: m
1217.1600 	EXP 	window1: recordFrameIntervals = False
1218.0301 	DATA 	Keypress: a
1221.2558 	DATA 	Keypress: o
1222.1211 	EXP 	window1: recordFrameIntervals = False
1222.1216 	ERROR 	trialnum=228 ERROR,2 frames were longer than 20.8 ms apparently screen refreshes skipped, interframe durs were:[ 67.3  29.8] and was these frames: [103 106]
1222.1220 	INFO 	flankers also=[ 16.7  67.3  16.4   4.   29.8  16.3]
1222.2401 	DATA 	Keypress: o
1222.4876 	DATA 	Keypress: o
1225.7174 	DATA 	Keypress: b
1226.3823 	EXP 	window1: recordFrameIntervals = False
1226.5357 	DATA 	Keypress: b
1229.7261 	DATA 	Keypress: n
1230.4108 	DATA 	Keypress: n
1230.7282 	DATA 	Keypress: n
1230.8256 	EXP 	window1: recordFrameIntervals = False
1230.9775 	DATA 	Keypress: n
1231.2872 	DATA 	Keypress: n
1231.8795 	DATA 	Keypress: n
1233.1507 	DATA 	Keypress: a
1233.1838 	DATA 	Keypress: s
1233.3843 	DATA 	Keypress: d
1233.6013 	DATA 	Keypress: a
1233.6847 	DATA 	Keypress: s
1233.9354 	DATA 	Keypress: d
1234.0690 	DATA 	Keypress: a
1234.1861 	DATA 	Keypress: s
1234.3028 	DATA 	Keypress: d
1234.6369 	DATA 	Keypress: n
1234.7038 	DATA 	Keypress: i
1234.8875 	DATA 	Keypress: f
1234.9013 	EXP 	window1: recordFrameIntervals = False
1235.0865 	DATA 	Keypress: n
1235.1272 	DATA 	Keypress: w
1235.2790 	DATA 	Keypress: i
1235.3989 	DATA 	Keypress: j
1239.3514 	EXP 	window1: recordFrameIntervals = False
1239.3518 	ERROR 	trialnum=232 ERROR,1 frames were longer than 20.8 ms apparently screen refreshes skipped, interframe durs were:[ 67.4] and was these frames: [150]
1239.3521 	INFO 	flankers also=[ 16.8  67.4  16.2]
1241.4507 	DATA 	Keypress: w
1245.3749 	EXP 	window1: recordFrameIntervals = False
1245.9108 	DATA 	Keypress: i
1248.0170 	DATA 	Keypress: f
1250.0854 	EXP 	window1: recordFrameIntervals = False
1250.8887 	DATA 	Keypress: v
1254.6486 	DATA 	Keypress: f
1254.7458 	EXP 	window1: recordFrameIntervals = False
1255.3320 	DATA 	Keypress: f
1255.8518 	DATA 	Keypress: s
1255.9668 	DATA 	Keypress: d
1256.0668 	DATA 	Keypress: f
1257.6370 	DATA 	Keypress: s
1258.0713 	DATA 	Keypress: f
1259.0401 	DATA 	Keypress: f
1259.4911 	DATA 	Keypress: g
1259.6050 	EXP 	window1: recordFrameIntervals = False
1260.0910 	DATA 	Keypress: h
1264.3657 	EXP 	window1: recordFrameIntervals = False
1264.9852 	DATA 	Keypress: c
1268.2123 	DATA 	Keypress: j
1268.4628 	DATA 	Keypress: j
1268.6801 	DATA 	Keypress: j
1268.9308 	DATA 	Keypress: j
1269.1448 	EXP 	window1: recordFrameIntervals = False
1269.1531 	DATA 	Keypress: j
1269.3736 	DATA 	Keypress: j
1272.1879 	DATA 	Keypress: k
1272.4052 	DATA 	Keypress: a
1272.5554 	DATA 	Keypress: o
1272.9062 	DATA 	Keypress: k
1273.0869 	EXP 	window1: recordFrameIntervals = False
1273.0885 	DATA 	Keypress: f
1273.2556 	DATA 	Keypress: o
1273.5656 	DATA 	Keypress: k
1273.9570 	DATA 	Keypress: o
1274.1078 	DATA 	Keypress: d
1274.5252 	DATA 	Keypress: k
1274.7422 	DATA 	Keypress: o
1275.2116 	DATA 	Keypress: k
1275.2612 	DATA 	Keypress: o
1275.6456 	DATA 	Keypress: k
1275.8458 	DATA 	Keypress: d
1276.0130 	DATA 	Keypress: o
1276.7815 	DATA 	Keypress: m
1277.5134 	EXP 	window1: recordFrameIntervals = False
1277.6318 	DATA 	Keypress: t
1277.8213 	DATA 	Keypress: t
1281.6393 	EXP 	window1: recordFrameIntervals = False
1281.6397 	ERROR 	trialnum=241 ERROR,1 frames were longer than 20.8 ms apparently screen refreshes skipped, interframe durs were:[ 67.2] and was these frames: [122]
1281.6400 	INFO 	flankers also=[ 16.9  67.2  16.3]
1281.7921 	DATA 	Keypress: r
1281.9810 	DATA 	Keypress: r
1282.4052 	DATA 	Keypress: r
1285.8153 	EXP 	window1: recordFrameIntervals = False
1286.0841 	DATA 	Keypress: e
1289.8777 	DATA 	Keypress: g
1290.1281 	DATA 	Keypress: g
1290.2920 	EXP 	window1: recordFrameIntervals = False
1290.4942 	DATA 	Keypress: g
1294.6184 	EXP 	window1: recordFrameIntervals = False
1294.8537 	DATA 	Keypress: a
1295.1165 	DATA 	Keypress: a
1298.9766 	EXP 	window1: recordFrameIntervals = False
1299.7296 	DATA 	Keypress: s
1299.9645 	DATA 	Keypress: s
1303.7372 	EXP 	window1: recordFrameIntervals = False
1304.2231 	DATA 	Keypress: s
1308.3491 	EXP 	window1: recordFrameIntervals = False
1308.6515 	DATA 	Keypress: s
1311.7096 	DATA 	Keypress: s
1312.8593 	EXP 	window1: recordFrameIntervals = False
1312.8597 	ERROR 	trialnum=248 ERROR,1 frames were longer than 20.8 ms apparently screen refreshes skipped, interframe durs were:[ 181.7] and was these frames: [123]
1312.8600 	INFO 	flankers also=[  16.7  181.7    2.8]
1313.2633 	DATA 	Keypress: s
1316.1710 	DATA 	Keypress: s
1317.3026 	EXP 	window1: recordFrameIntervals = False
1317.6724 	DATA 	Keypress: s
1321.8961 	EXP 	window1: recordFrameIntervals = False
1322.5008 	DATA 	Keypress: y
1326.3932 	DATA 	Keypress: a
1326.6401 	EXP 	window1: recordFrameIntervals = False
1327.6613 	DATA 	Keypress: a
1331.8518 	EXP 	window1: recordFrameIntervals = False
1332.9400 	DATA 	Keypress: p
1336.9633 	EXP 	window1: recordFrameIntervals = False
1337.3498 	DATA 	Keypress: m
1341.2545 	EXP 	window1: recordFrameIntervals = False
1341.8915 	DATA 	Keypress: w
1346.0987 	EXP 	window1: recordFrameIntervals = False
1347.1366 	DATA 	Keypress: d
1350.9779 	EXP 	window1: recordFrameIntervals = False
1352.0669 	DATA 	Keypress: u
1355.9056 	EXP 	window1: recordFrameIntervals = False
1356.1419 	DATA 	Keypress: j
1360.1485 	EXP 	window1: recordFrameIntervals = False
1361.1028 	DATA 	Keypress: f
1365.0261 	EXP 	window1: recordFrameIntervals = False
1367.0663 	DATA 	Keypress: u
1370.9727 	EXP 	window1: recordFrameIntervals = False
1372.4282 	DATA 	Keypress: v
1376.6855 	EXP 	window1: recordFrameIntervals = False
1378.1243 	DATA 	Keypress: w
1381.9807 	EXP 	window1: recordFrameIntervals = False
1382.4674 	DATA 	Keypress: b
1386.3221 	EXP 	window1: recordFrameIntervals = False
1386.7423 	DATA 	Keypress: t
1390.5361 	DATA 	Keypress: s
1390.6986 	EXP 	window1: recordFrameIntervals = False
1390.8513 	DATA 	Keypress: s
1394.9139 	DATA 	Keypress: j
1395.0934 	EXP 	window1: recordFrameIntervals = False
1395.0938 	ERROR 	trialnum=265 ERROR,1 frames were longer than 20.8 ms apparently screen refreshes skipped, interframe durs were:[ 67.4] and was these frames: [61]
1395.0941 	INFO 	flankers also=[ 16.6  67.4  16.3]
1395.5969 	DATA 	Keypress: j
1399.5200 	EXP 	window1: recordFrameIntervals = False
1399.8898 	DATA 	Keypress: m
1404.1637 	EXP 	window1: recordFrameIntervals = False
1404.8174 	DATA 	Keypress: r
1405.0247 	DATA 	Keypress: r
1408.8742 	EXP 	window1: recordFrameIntervals = False
1409.3945 	DATA 	Keypress: x
1409.5928 	DATA 	Keypress: x
1413.6017 	EXP 	window1: recordFrameIntervals = False
1414.3387 	DATA 	Keypress: f
1417.3637 	DATA 	Keypress: l
1417.7310 	DATA 	Keypress: l
1417.9816 	DATA 	Keypress: l
1418.1784 	EXP 	window1: recordFrameIntervals = False
1418.2808 	DATA 	Keypress: l
1418.5362 	DATA 	Keypress: l
1422.2545 	EXP 	window1: recordFrameIntervals = False
1422.4904 	DATA 	Keypress: s
1422.7762 	DATA 	Keypress: s
1426.2987 	DATA 	Keypress: y
1426.5659 	DATA 	Keypress: y
1426.6791 	EXP 	window1: recordFrameIntervals = False
1426.8150 	DATA 	Keypress: y
1427.0480 	DATA 	Keypress: y
1430.6087 	DATA 	Keypress: q
1430.8217 	EXP 	window1: recordFrameIntervals = False
1431.0246 	DATA 	Keypress: q
1434.8490 	EXP 	window1: recordFrameIntervals = False
1434.8495 	ERROR 	trialnum=274 ERROR,2 frames were longer than 20.8 ms apparently screen refreshes skipped, interframe durs were:[ 67.5  67.5] and was these frames: [ 94 100]
1434.8499 	INFO 	flankers also=[ 16.7  67.5  16.2   8.4  67.5  16.1]
1435.4193 	DATA 	Keypress: s
1435.6316 	DATA 	Keypress: s
1439.4968 	DATA 	Keypress: s
1439.5263 	EXP 	window1: recordFrameIntervals = False
1439.7957 	DATA 	Keypress: s
1443.5726 	DATA 	Keypress: b
1443.6689 	EXP 	window1: recordFrameIntervals = False
1443.8716 	DATA 	Keypress: b
1444.1195 	DATA 	Keypress: b
1447.5313 	DATA 	Keypress: w
1447.7280 	EXP 	window1: recordFrameIntervals = False
1447.8478 	DATA 	Keypress: w
1447.9758 	DATA 	Keypress: w
1451.8538 	EXP 	window1: recordFrameIntervals = False
1452.0076 	DATA 	Keypress: r
1452.2069 	DATA 	Keypress: r
1455.7998 	DATA 	Keypress: c
1455.9797 	EXP 	window1: recordFrameIntervals = False
1456.6169 	DATA 	Keypress: c
1457.1325 	INFO 	Finishing at 11:03 on 10 Mar 2019
1457.5167 	EXP 	window1: mouseVisible = True
