25.3171 	INFO 	Successfully set darwin thread to realtime
26.3403 	INFO 	#[ PsychoPy3 RuntimeInfoStart ]
  #[[ PsychoPy ]] #---------
    psychopyVersion: 3.0.3
    psychopyHaveExtRush: True
  #[[ Experiment ]] #---------
    experimentRunTime: 2019_03_10 11:04 (Year_Month_Day Hour:Min)
    experimentRunTime.epoch: 1552230283
    experimentScript: RSVP_visual_now.py
    experimentScript.digestSHA1: f79a35e55a66896b7753a56ffcbe7bdb6cc6a803
    experimentScript.directory: /Users/vsg/Documents/GitHub/spatio_temporal_information_processing/RSVP_visual_now
  #[[ System ]] #---------
    systemHaveInternetAccess: True
    systemHostName: VSG-lab1.local
    systemLocale: C
    systemMemFreeRAM: 1543.4765625
    systemMemTotalRAM: 4096.0
    systemPlatform: darwin 10.10.5 x86_64
    systemRavailable: R version 3.2.3 (2015-12-10) -- Wooden Christmas-Tree
    systemRebooted: Mar 4 09:06
    systemSec.OpenSSLVersion: OpenSSL 0.9.8zg 14 July 2015
    systemSec.pythonSSL: True
    systemTimeNumpySD1000000_sec: 0.0129
    systemUser: vsg
    systemUserID: 502
    systemUserProcCount: 83
    systemUserProcFlagged: mdworker Safari
    systemUsersCount: 1
  #[[ Window ]] #---------
    windowWinType: pyglet
    windowUnits: deg
    windowSize_pix: [1920 1200]
    windowScreen: 0
    windowRgb: [-0.7 -0.7 -0.7]
    windowRefreshTimeSD_ms: 0.590
    windowRefreshTimeMedian_ms: 16.708
    windowRefreshTimeAvg_ms: 16.732
    windowPos_pix: [0, 0]
    windowMonitor.name: testmonitor
    windowMonitor.getWidth_cm: 52.0
    windowMonitor.getDistance_cm: 65.0
    windowMonitor.currentCalibName: 2019_02_04 12:46
    windowIsFullScr: True
  #[[ Python ]] #---------
    pythonVersion: 2.7.13
  #[[ OpenGL ]] #---------
#[ PsychoPy3 RuntimeInfoEnd ]

26.3701 	WARNING 	Could not load the desired click sound file, instead using manually created inferior click
26.7801 	EXP 	Created sequence: random, trialTypes=280, nReps=14, seed=None
27.0742 	INFO 	numtrials=280 and each trialDurFrames=156 or 2600.0 ms  task=T1
27.6179 	EXP 	Created text = TextStim(alignHoriz='center', alignVert='center', antialias=True, autoLog=True, bold=False, color=array([ 1.,  1.,  1.]), colorSpace='rgb', contrast=1.0, depth=-1.0, flipHoriz=False, flipVert=False, font='Arial', fontFiles=[], height=0.5, italic=False, languageStyle='LTR', name='text', opacity=1.0, ori=0, pos=array([ 0.,  0.]), rgb=array([ 1.,  1.,  1.]), text='', units='deg', win=Window(...), wrapWidth=30)
28.2283 	EXP 	text: text = "Welcome! Thank you for agreeing to participate in this study.\n\nYou will be presented with a Rapid Stream of letters. Your task is to identify one of the letters.\n\nThe letter you're supposed to identify is accompanied by a probe that can appear anywhere on the horizontal axis of the screen.\n\nThe probe is a circular disk that will be flashed for a very brief time.\n\nOnce you've identified the letter after the trial ends, type it out on the keyboard.\n\nIf you're feeling uncomfortable, you can press ESC key any time to stop the experiment.\n\nPress any key when you are ready to begin the experiment.\n\n"
28.2283 	EXP 	text: autoDraw = True
126.1310 	DATA 	Keypress: return
126.1320 	EXP 	text: autoDraw = False
126.1323 	INFO 	Experiment will have 280 trials. Letters will be drawn with superposed noise of0.00%
126.1324 	INFO 	Starting main (non-staircase) part of experiment
129.4851 	EXP 	window1: recordFrameIntervals = False
134.1983 	DATA 	Keypress: z
138.0559 	EXP 	window1: recordFrameIntervals = False
139.8783 	DATA 	Keypress: v
143.8022 	EXP 	window1: recordFrameIntervals = False
144.9895 	DATA 	Keypress: m
149.2477 	EXP 	window1: recordFrameIntervals = False
150.8194 	DATA 	Keypress: q
154.8603 	EXP 	window1: recordFrameIntervals = False
158.7035 	DATA 	Keypress: m
162.4941 	EXP 	window1: recordFrameIntervals = False
163.1636 	DATA 	Keypress: h
167.3883 	EXP 	window1: recordFrameIntervals = False
168.4923 	DATA 	Keypress: a
172.5498 	EXP 	window1: recordFrameIntervals = False
173.5869 	DATA 	Keypress: g
177.6095 	EXP 	window1: recordFrameIntervals = False
178.5131 	DATA 	Keypress: r
182.6040 	EXP 	window1: recordFrameIntervals = False
184.4953 	DATA 	Keypress: w
188.6526 	EXP 	window1: recordFrameIntervals = False
192.6800 	DATA 	Keypress: a
196.5370 	EXP 	window1: recordFrameIntervals = False
197.9592 	DATA 	Keypress: z
201.8154 	EXP 	window1: recordFrameIntervals = False
203.5540 	DATA 	Keypress: w
207.5449 	EXP 	window1: recordFrameIntervals = False
208.6154 	DATA 	Keypress: a
212.8902 	EXP 	window1: recordFrameIntervals = False
217.4018 	DATA 	Keypress: i
221.3258 	EXP 	window1: recordFrameIntervals = False
222.3461 	DATA 	Keypress: d
226.2685 	EXP 	window1: recordFrameIntervals = False
227.4560 	DATA 	Keypress: x
231.4801 	EXP 	window1: recordFrameIntervals = False
234.2729 	DATA 	Keypress: q
238.1634 	EXP 	window1: recordFrameIntervals = False
240.3364 	DATA 	Keypress: n
244.3272 	EXP 	window1: recordFrameIntervals = False
245.1972 	DATA 	Keypress: a
249.3053 	EXP 	window1: recordFrameIntervals = False
250.6261 	DATA 	Keypress: r
254.4666 	EXP 	window1: recordFrameIntervals = False
255.0193 	DATA 	Keypress: q
259.0102 	EXP 	window1: recordFrameIntervals = False
260.1975 	DATA 	Keypress: a
264.1884 	EXP 	window1: recordFrameIntervals = False
267.9983 	DATA 	Keypress: r
272.1712 	EXP 	window1: recordFrameIntervals = False
273.5590 	DATA 	Keypress: n
277.8005 	EXP 	window1: recordFrameIntervals = False
278.8560 	DATA 	Keypress: z
283.0806 	EXP 	window1: recordFrameIntervals = False
284.0845 	DATA 	Keypress: k
288.0585 	EXP 	window1: recordFrameIntervals = False
289.3965 	DATA 	Keypress: u
293.5541 	EXP 	window1: recordFrameIntervals = False
296.1280 	DATA 	Keypress: s
300.1689 	EXP 	window1: recordFrameIntervals = False
300.8553 	DATA 	Keypress: n
304.8294 	EXP 	window1: recordFrameIntervals = False
309.1740 	DATA 	Keypress: i
313.3985 	EXP 	window1: recordFrameIntervals = False
315.1381 	DATA 	Keypress: p
318.9928 	EXP 	window1: recordFrameIntervals = False
319.9463 	DATA 	Keypress: m
323.9705 	EXP 	window1: recordFrameIntervals = False
325.1262 	DATA 	Keypress: r
329.3843 	EXP 	window1: recordFrameIntervals = False
330.3712 	DATA 	Keypress: t
334.5793 	EXP 	window1: recordFrameIntervals = False
335.3995 	DATA 	Keypress: s
339.5571 	EXP 	window1: recordFrameIntervals = False
340.6611 	DATA 	Keypress: y
344.6018 	EXP 	window1: recordFrameIntervals = False
346.2904 	DATA 	Keypress: v
350.4649 	EXP 	window1: recordFrameIntervals = False
351.9373 	DATA 	Keypress: i
356.1443 	EXP 	window1: recordFrameIntervals = False
357.3483 	DATA 	Keypress: d
361.4060 	EXP 	window1: recordFrameIntervals = False
362.6436 	DATA 	Keypress: m
366.4657 	EXP 	window1: recordFrameIntervals = False
368.0709 	DATA 	Keypress: z
371.9948 	EXP 	window1: recordFrameIntervals = False
373.9356 	DATA 	Keypress: x
378.1936 	EXP 	window1: recordFrameIntervals = False
379.4154 	DATA 	Keypress: r
383.2382 	EXP 	window1: recordFrameIntervals = False
384.4424 	DATA 	Keypress: f
388.5001 	EXP 	window1: recordFrameIntervals = False
389.1696 	DATA 	Keypress: d
393.3108 	EXP 	window1: recordFrameIntervals = False
394.4814 	DATA 	Keypress: g
398.5059 	EXP 	window1: recordFrameIntervals = False
399.5095 	DATA 	Keypress: r
403.5671 	EXP 	window1: recordFrameIntervals = False
405.2891 	DATA 	Keypress: y
409.5455 	EXP 	window1: recordFrameIntervals = False
411.0003 	DATA 	Keypress: b
415.1748 	EXP 	window1: recordFrameIntervals = False
418.2347 	DATA 	Keypress: g
422.4761 	EXP 	window1: recordFrameIntervals = False
423.7816 	DATA 	Keypress: i
427.9884 	EXP 	window1: recordFrameIntervals = False
427.9889 	ERROR 	trialnum=52 ERROR,2 frames were longer than 20.8 ms apparently screen refreshes skipped, interframe durs were:[ 67.5  67.5] and was these frames: [13 19]
427.9893 	INFO 	flankers also=[ 16.8  67.5  16.3   9.3  67.5  16.1]
428.6246 	DATA 	Keypress: d
432.7157 	EXP 	window1: recordFrameIntervals = False
439.6328 	DATA 	Keypress: v
443.5232 	EXP 	window1: recordFrameIntervals = False
445.6796 	DATA 	Keypress: b
449.8206 	EXP 	window1: recordFrameIntervals = False
450.8076 	DATA 	Keypress: w
455.0323 	EXP 	window1: recordFrameIntervals = False
456.4370 	DATA 	Keypress: w
460.4110 	EXP 	window1: recordFrameIntervals = False
461.5651 	DATA 	Keypress: s
465.6952 	EXP 	window1: recordFrameIntervals = False
465.6957 	ERROR 	trialnum=58 ERROR,1 frames were longer than 20.8 ms apparently screen refreshes skipped, interframe durs were:[ 67.4] and was these frames: [151]
465.6959 	INFO 	flankers also=[ 16.8  67.4  16.3]
466.9255 	DATA 	Keypress: g
471.1835 	EXP 	window1: recordFrameIntervals = False
472.3558 	DATA 	Keypress: u
476.2465 	EXP 	window1: recordFrameIntervals = False
477.3170 	DATA 	Keypress: n
481.3245 	EXP 	window1: recordFrameIntervals = False
482.7459 	DATA 	Keypress: c
486.5697 	EXP 	window1: recordFrameIntervals = False
486.5701 	ERROR 	trialnum=62 ERROR,2 frames were longer than 20.8 ms apparently screen refreshes skipped, interframe durs were:[ 67.9  67.3] and was these frames: [109 115]
486.5705 	INFO 	flankers also=[ 16.8  67.9  15.8   8.   67.3  16.3]
487.8573 	DATA 	Keypress: a
492.0652 	EXP 	window1: recordFrameIntervals = False
493.0523 	DATA 	Keypress: s
497.1934 	EXP 	window1: recordFrameIntervals = False
497.1938 	ERROR 	trialnum=64 ERROR,1 frames were longer than 20.8 ms apparently screen refreshes skipped, interframe durs were:[ 67.4] and was these frames: [90]
497.1942 	INFO 	flankers also=[ 16.7  67.4  16.3]
497.7794 	DATA 	Keypress: p
501.7035 	EXP 	window1: recordFrameIntervals = False
504.4277 	DATA 	Keypress: p
508.5188 	EXP 	window1: recordFrameIntervals = False
508.5195 	ERROR 	trialnum=66 ERROR,2 frames were longer than 20.8 ms apparently screen refreshes skipped, interframe durs were:[ 67.4  67.1] and was these frames: [17 23]
508.5199 	INFO 	flankers also=[ 16.9  67.4  16.2  10.9  67.1  16.3]
509.7731 	DATA 	Keypress: u
513.9460 	EXP 	window1: recordFrameIntervals = False
515.7681 	DATA 	Keypress: v
519.7940 	EXP 	window1: recordFrameIntervals = False
520.2965 	DATA 	Keypress: l
524.5713 	EXP 	window1: recordFrameIntervals = False
525.7086 	DATA 	Keypress: r
529.6828 	EXP 	window1: recordFrameIntervals = False
531.3547 	DATA 	Keypress: c
557.9200 	DATA 	Keypress: space
561.9367 	EXP 	window1: recordFrameIntervals = False
563.3926 	DATA 	Keypress: m
567.5660 	EXP 	window1: recordFrameIntervals = False
567.5663 	ERROR 	trialnum=72 ERROR,1 frames were longer than 20.8 ms apparently screen refreshes skipped, interframe durs were:[ 67.3] and was these frames: [80]
567.5666 	INFO 	flankers also=[ 16.8  67.3  16.3]
568.8553 	DATA 	Keypress: o
572.9631 	EXP 	window1: recordFrameIntervals = False
574.1505 	DATA 	Keypress: m
578.2248 	EXP 	window1: recordFrameIntervals = False
581.9512 	DATA 	Keypress: e
586.1927 	EXP 	window1: recordFrameIntervals = False
587.4972 	DATA 	Keypress: b
591.5547 	EXP 	window1: recordFrameIntervals = False
592.3413 	DATA 	Keypress: j
596.2819 	EXP 	window1: recordFrameIntervals = False
596.7178 	DATA 	Keypress: w
600.5247 	EXP 	window1: recordFrameIntervals = False
601.9795 	DATA 	Keypress: l
606.2542 	EXP 	window1: recordFrameIntervals = False
607.3415 	DATA 	Keypress: b
611.3640 	EXP 	window1: recordFrameIntervals = False
613.8878 	DATA 	Keypress: r
617.9638 	EXP 	window1: recordFrameIntervals = False
617.9642 	ERROR 	trialnum=81 ERROR,1 frames were longer than 20.8 ms apparently screen refreshes skipped, interframe durs were:[ 67.2] and was these frames: [95]
617.9645 	INFO 	flankers also=[ 16.7  67.2  16.5]
618.8839 	DATA 	Keypress: u
623.0084 	EXP 	window1: recordFrameIntervals = False
623.6446 	DATA 	Keypress: f
627.7357 	EXP 	window1: recordFrameIntervals = False
628.7059 	DATA 	Keypress: m
632.5966 	EXP 	window1: recordFrameIntervals = False
634.3019 	DATA 	Keypress: b
638.4597 	EXP 	window1: recordFrameIntervals = False
638.4602 	ERROR 	trialnum=85 ERROR,2 frames were longer than 20.8 ms apparently screen refreshes skipped, interframe durs were:[ 67.5  67.2] and was these frames: [70 76]
638.4606 	INFO 	flankers also=[ 14.5  67.5  16.1   8.2  67.2  16.3]
639.4467 	DATA 	Keypress: a
643.5711 	EXP 	window1: recordFrameIntervals = False
643.9401 	DATA 	Keypress: m
647.9476 	EXP 	window1: recordFrameIntervals = False
647.9480 	ERROR 	trialnum=87 ERROR,1 frames were longer than 20.8 ms apparently screen refreshes skipped, interframe durs were:[ 67.3] and was these frames: [121]
647.9483 	INFO 	flankers also=[ 16.8  67.3  16.2]
652.6763 	DATA 	Keypress: n
656.8158 	EXP 	window1: recordFrameIntervals = False
657.8695 	DATA 	Keypress: m
662.1444 	EXP 	window1: recordFrameIntervals = False
663.8180 	DATA 	Keypress: v
667.9424 	EXP 	window1: recordFrameIntervals = False
667.9428 	ERROR 	trialnum=90 ERROR,2 frames were longer than 20.8 ms apparently screen refreshes skipped, interframe durs were:[ 67.5  67.4] and was these frames: [119 125]
667.9432 	INFO 	flankers also=[ 16.9  67.5  16.2   7.9  67.4  16.2]
669.4973 	DATA 	Keypress: n
673.5216 	EXP 	window1: recordFrameIntervals = False
674.3417 	DATA 	Keypress: q
678.4660 	EXP 	window1: recordFrameIntervals = False
678.4663 	ERROR 	trialnum=92 ERROR,1 frames were longer than 20.8 ms apparently screen refreshes skipped, interframe durs were:[ 67.6] and was these frames: [108]
678.4666 	INFO 	flankers also=[ 16.7  67.6  16. ]
679.1190 	DATA 	Keypress: k
683.3769 	EXP 	window1: recordFrameIntervals = False
684.3315 	DATA 	Keypress: a
688.5886 	EXP 	window1: recordFrameIntervals = False
691.2794 	DATA 	Keypress: b
695.3872 	EXP 	window1: recordFrameIntervals = False
695.8897 	DATA 	Keypress: r
700.1629 	EXP 	window1: recordFrameIntervals = False
701.1331 	DATA 	Keypress: t
705.2075 	EXP 	window1: recordFrameIntervals = False
706.4301 	DATA 	Keypress: j
710.2371 	EXP 	window1: recordFrameIntervals = False
710.8428 	DATA 	Keypress: y
714.8975 	EXP 	window1: recordFrameIntervals = False
718.1397 	DATA 	Keypress: n
722.0301 	EXP 	window1: recordFrameIntervals = False
723.2342 	DATA 	Keypress: e
727.3253 	EXP 	window1: recordFrameIntervals = False
727.7443 	DATA 	Keypress: w
731.9858 	EXP 	window1: recordFrameIntervals = False
733.1064 	DATA 	Keypress: g
737.0805 	EXP 	window1: recordFrameIntervals = False
738.0008 	DATA 	Keypress: s
742.2905 	EXP 	window1: recordFrameIntervals = False
742.7430 	DATA 	Keypress: e
747.0011 	EXP 	window1: recordFrameIntervals = False
747.6039 	DATA 	Keypress: a
751.3959 	EXP 	window1: recordFrameIntervals = False
752.3328 	DATA 	Keypress: c
756.6076 	EXP 	window1: recordFrameIntervals = False
757.5612 	DATA 	Keypress: r
761.7357 	EXP 	window1: recordFrameIntervals = False
762.9899 	DATA 	Keypress: g
766.9306 	EXP 	window1: recordFrameIntervals = False
767.7674 	DATA 	Keypress: a
771.6246 	EXP 	window1: recordFrameIntervals = False
772.6783 	DATA 	Keypress: i
776.9531 	EXP 	window1: recordFrameIntervals = False
777.9235 	DATA 	Keypress: r
782.0479 	EXP 	window1: recordFrameIntervals = False
783.1193 	DATA 	Keypress: b
787.1911 	EXP 	window1: recordFrameIntervals = False
788.4956 	DATA 	Keypress: w
792.3192 	EXP 	window1: recordFrameIntervals = False
793.6252 	DATA 	Keypress: e
797.7831 	EXP 	window1: recordFrameIntervals = False
798.3357 	DATA 	Keypress: a
802.2597 	EXP 	window1: recordFrameIntervals = False
803.3637 	DATA 	Keypress: p
807.4882 	EXP 	window1: recordFrameIntervals = False
809.6779 	DATA 	Keypress: s
813.4682 	EXP 	window1: recordFrameIntervals = False
814.6055 	DATA 	Keypress: e
818.8636 	EXP 	window1: recordFrameIntervals = False
819.3495 	DATA 	Keypress: t
823.1566 	EXP 	window1: recordFrameIntervals = False
823.2591 	DATA 	Keypress: w
827.4311 	EXP 	window1: recordFrameIntervals = False
827.5998 	DATA 	Keypress: k
831.5738 	EXP 	window1: recordFrameIntervals = False
832.6109 	DATA 	Keypress: e
836.8873 	EXP 	window1: recordFrameIntervals = False
838.3254 	DATA 	Keypress: v
842.3191 	DATA 	Keypress: j
842.4498 	EXP 	window1: recordFrameIntervals = False
844.4223 	DATA 	Keypress: j
848.6469 	EXP 	window1: recordFrameIntervals = False
850.2354 	DATA 	Keypress: x
854.3264 	EXP 	window1: recordFrameIntervals = False
854.7966 	DATA 	Keypress: i
858.9200 	EXP 	window1: recordFrameIntervals = False
862.4459 	DATA 	Keypress: n
866.3533 	EXP 	window1: recordFrameIntervals = False
868.3926 	DATA 	Keypress: w
872.5839 	EXP 	window1: recordFrameIntervals = False
872.5843 	ERROR 	trialnum=129 ERROR,1 frames were longer than 20.8 ms apparently screen refreshes skipped, interframe durs were:[ 67.4] and was these frames: [39]
872.5845 	INFO 	flankers also=[ 16.7  67.4  16.4]
874.2392 	DATA 	Keypress: b
878.3953 	EXP 	window1: recordFrameIntervals = False
878.8978 	DATA 	Keypress: g
882.9054 	EXP 	window1: recordFrameIntervals = False
882.9903 	DATA 	Keypress: a
887.0830 	EXP 	window1: recordFrameIntervals = False
887.4521 	DATA 	Keypress: k
891.5431 	EXP 	window1: recordFrameIntervals = False
891.5436 	ERROR 	trialnum=133 ERROR,3 frames were longer than 20.8 ms apparently screen refreshes skipped, interframe durs were:[ 67.4  57.7  30.7] and was these frames: [58 63 65]
891.5441 	INFO 	flankers also=[ 14.4  67.4  16.2   2.3  57.7   2.4   2.4  30.7   2.9]
891.9631 	DATA 	Keypress: e
895.8360 	EXP 	window1: recordFrameIntervals = False
896.9065 	DATA 	Keypress: w
900.7136 	EXP 	window1: recordFrameIntervals = False
900.7140 	ERROR 	trialnum=135 ERROR,2 frames were longer than 20.8 ms apparently screen refreshes skipped, interframe durs were:[ 67.3  67.3] and was these frames: [128 134]
900.7144 	INFO 	flankers also=[ 16.7  67.3  16.4   9.9  67.3  16.2]
901.8008 	DATA 	Keypress: b
905.7415 	EXP 	window1: recordFrameIntervals = False
906.0770 	DATA 	Keypress: m
909.8674 	EXP 	window1: recordFrameIntervals = False
911.2221 	DATA 	Keypress: x
915.3631 	EXP 	window1: recordFrameIntervals = False
916.7844 	DATA 	Keypress: r
920.6732 	EXP 	window1: recordFrameIntervals = False
920.6737 	ERROR 	trialnum=139 ERROR,3 frames were longer than 20.8 ms apparently screen refreshes skipped, interframe durs were:[ 41.3  67.1  67.3] and was these frames: [  4 134 148]
920.6743 	INFO 	flankers also=[ 16.7  41.3   1.8  16.7  67.1  16.4  16.8  67.3  16.4]
921.8608 	DATA 	Keypress: y
926.1355 	EXP 	window1: recordFrameIntervals = False
927.3914 	DATA 	Keypress: m
965.4873 	DATA 	Keypress: space
969.3489 	EXP 	window1: recordFrameIntervals = False
970.5699 	DATA 	Keypress: y
974.5440 	EXP 	window1: recordFrameIntervals = False
975.9334 	DATA 	Keypress: u
979.9410 	EXP 	window1: recordFrameIntervals = False
980.9283 	DATA 	Keypress: g
984.7351 	EXP 	window1: recordFrameIntervals = False
985.1374 	DATA 	Keypress: r
988.9278 	EXP 	window1: recordFrameIntervals = False
989.7646 	DATA 	Keypress: s
993.8554 	EXP 	window1: recordFrameIntervals = False
994.8425 	DATA 	Keypress: x
998.6495 	EXP 	window1: recordFrameIntervals = False
999.0019 	DATA 	Keypress: c
1003.0260 	EXP 	window1: recordFrameIntervals = False
1003.0264 	ERROR 	trialnum=148 ERROR,2 frames were longer than 20.8 ms apparently screen refreshes skipped, interframe durs were:[ 67.5  67.3] and was these frames: [54 60]
1003.0268 	INFO 	flankers also=[ 16.6  67.5  16.3  10.1  67.3  16.3]
1003.4784 	DATA 	Keypress: a
1007.5512 	EXP 	window1: recordFrameIntervals = False
1007.9200 	DATA 	Keypress: d
1012.0112 	EXP 	window1: recordFrameIntervals = False
1013.0983 	DATA 	Keypress: a
1017.2912 	EXP 	window1: recordFrameIntervals = False
1017.6937 	DATA 	Keypress: w
1021.7346 	EXP 	window1: recordFrameIntervals = False
1021.7351 	ERROR 	trialnum=152 ERROR,3 frames were longer than 20.8 ms apparently screen refreshes skipped, interframe durs were:[ 67.4  67.3  31. ] and was these frames: [140 146 148]
1021.7356 	INFO 	flankers also=[ 16.9  67.4  16.1   9.2  67.3   2.2   2.2  31.    2.3]
1022.6047 	DATA 	Keypress: z
1026.4785 	EXP 	window1: recordFrameIntervals = False
1027.6492 	DATA 	Keypress: l
1031.4397 	EXP 	window1: recordFrameIntervals = False
1031.5247 	DATA 	Keypress: s
1035.2344 	DATA 	Keypress: m
1035.4487 	EXP 	window1: recordFrameIntervals = False
1036.6204 	DATA 	Keypress: m
1040.8775 	EXP 	window1: recordFrameIntervals = False
1041.9311 	DATA 	Keypress: u
1046.0389 	EXP 	window1: recordFrameIntervals = False
1046.7420 	DATA 	Keypress: p
1050.9483 	EXP 	window1: recordFrameIntervals = False
1051.9855 	DATA 	Keypress: w
1056.0932 	EXP 	window1: recordFrameIntervals = False
1056.4957 	DATA 	Keypress: p
1060.4546 	EXP 	window1: recordFrameIntervals = False
1061.4919 	DATA 	Keypress: x
1065.5159 	EXP 	window1: recordFrameIntervals = False
1067.2546 	DATA 	Keypress: t
1071.5127 	EXP 	window1: recordFrameIntervals = False
1072.0488 	DATA 	Keypress: e
1075.8558 	EXP 	window1: recordFrameIntervals = False
1076.4752 	DATA 	Keypress: w
1080.5328 	EXP 	window1: recordFrameIntervals = False
1081.8706 	DATA 	Keypress: s
1086.0118 	EXP 	window1: recordFrameIntervals = False
1088.6860 	DATA 	Keypress: s
1092.6433 	EXP 	window1: recordFrameIntervals = False
1092.6437 	ERROR 	trialnum=166 ERROR,2 frames were longer than 20.8 ms apparently screen refreshes skipped, interframe durs were:[ 66.9  67.3] and was these frames: [89 95]
1092.6441 	INFO 	flankers also=[ 16.5  66.9  17.1   6.9  67.3  16.3]
1094.8664 	DATA 	Keypress: s
1098.9391 	EXP 	window1: recordFrameIntervals = False
1100.1432 	DATA 	Keypress: a
1104.4013 	EXP 	window1: recordFrameIntervals = False
1104.4017 	ERROR 	trialnum=168 ERROR,1 frames were longer than 20.8 ms apparently screen refreshes skipped, interframe durs were:[ 67.3] and was these frames: [4]
1104.4020 	INFO 	flankers also=[ 16.8  67.3  16.4]
1105.5068 	DATA 	Keypress: e
1109.6481 	EXP 	window1: recordFrameIntervals = False
1110.2175 	DATA 	Keypress: b
1114.0412 	EXP 	window1: recordFrameIntervals = False
1115.0449 	DATA 	Keypress: g
1118.9022 	EXP 	window1: recordFrameIntervals = False
1119.3380 	DATA 	Keypress: i
1123.5626 	EXP 	window1: recordFrameIntervals = False
1123.5630 	ERROR 	trialnum=172 ERROR,1 frames were longer than 20.8 ms apparently screen refreshes skipped, interframe durs were:[ 67.5] and was these frames: [63]
1123.5633 	INFO 	flankers also=[ 16.8  67.5  16.2]
1124.7499 	DATA 	Keypress: w
1128.9246 	EXP 	window1: recordFrameIntervals = False
1132.1832 	DATA 	Keypress: g
1135.9904 	EXP 	window1: recordFrameIntervals = False
1137.3290 	DATA 	Keypress: u
1141.3842 	EXP 	window1: recordFrameIntervals = False
1142.6385 	DATA 	Keypress: i
1146.4956 	EXP 	window1: recordFrameIntervals = False
1156.7716 	DATA 	Keypress: m
1160.6122 	EXP 	window1: recordFrameIntervals = False
1161.8330 	DATA 	Keypress: w
1165.6736 	EXP 	window1: recordFrameIntervals = False
1166.7942 	DATA 	Keypress: i
1170.8351 	EXP 	window1: recordFrameIntervals = False
1171.6049 	DATA 	Keypress: r
1175.7795 	EXP 	window1: recordFrameIntervals = False
1177.2175 	DATA 	Keypress: f
1181.1582 	EXP 	window1: recordFrameIntervals = False
1181.5105 	DATA 	Keypress: w
1185.7685 	EXP 	window1: recordFrameIntervals = False
1186.8891 	DATA 	Keypress: p
1191.1639 	EXP 	window1: recordFrameIntervals = False
1192.0675 	DATA 	Keypress: i
1196.2403 	EXP 	window1: recordFrameIntervals = False
1197.4278 	DATA 	Keypress: w
1201.4854 	EXP 	window1: recordFrameIntervals = False
1201.8376 	DATA 	Keypress: a
1205.7967 	EXP 	window1: recordFrameIntervals = False
1206.8673 	DATA 	Keypress: h
1210.7578 	EXP 	window1: recordFrameIntervals = False
1211.2772 	DATA 	Keypress: k
1215.2177 	EXP 	window1: recordFrameIntervals = False
1215.9877 	DATA 	Keypress: e
1220.2624 	EXP 	window1: recordFrameIntervals = False
1220.6992 	DATA 	Keypress: p
1224.5387 	EXP 	window1: recordFrameIntervals = False
1224.9912 	DATA 	Keypress: m
1228.8149 	EXP 	window1: recordFrameIntervals = False
1229.2509 	DATA 	Keypress: c
1233.0560 	EXP 	window1: recordFrameIntervals = False
1233.0564 	ERROR 	trialnum=192 ERROR,1 frames were longer than 20.8 ms apparently screen refreshes skipped, interframe durs were:[ 41.5] and was these frames: [10]
1233.0567 	INFO 	flankers also=[ 16.7  41.5   1.9]
1237.6521 	DATA 	Keypress: u
1237.6854 	DATA 	Keypress: h
1241.7271 	EXP 	window1: recordFrameIntervals = False
1242.7485 	DATA 	Keypress: m
1246.7216 	EXP 	window1: recordFrameIntervals = False
1248.0094 	DATA 	Keypress: x
1252.2172 	EXP 	window1: recordFrameIntervals = False
1253.0874 	DATA 	Keypress: a
1256.9446 	EXP 	window1: recordFrameIntervals = False
1257.4973 	DATA 	Keypress: j
1261.3210 	EXP 	window1: recordFrameIntervals = False
1261.8570 	DATA 	Keypress: r
1265.8481 	EXP 	window1: recordFrameIntervals = False
1267.2356 	DATA 	Keypress: f
1271.3935 	EXP 	window1: recordFrameIntervals = False
1272.5476 	DATA 	Keypress: b
1276.8057 	EXP 	window1: recordFrameIntervals = False
1279.0287 	DATA 	Keypress: o
1283.2520 	EXP 	window1: recordFrameIntervals = False
1284.1218 	DATA 	Keypress: d
1288.2296 	EXP 	window1: recordFrameIntervals = False
1289.7528 	DATA 	Keypress: f
1293.9607 	EXP 	window1: recordFrameIntervals = False
1294.4633 	DATA 	Keypress: m
1298.7214 	EXP 	window1: recordFrameIntervals = False
1299.5414 	DATA 	Keypress: j
1303.3652 	EXP 	window1: recordFrameIntervals = False
1304.3188 	DATA 	Keypress: p
1308.5769 	EXP 	window1: recordFrameIntervals = False
1309.5471 	DATA 	Keypress: a
1313.4210 	EXP 	window1: recordFrameIntervals = False
1314.2743 	DATA 	Keypress: f
1318.2819 	EXP 	window1: recordFrameIntervals = False
1318.2896 	DATA 	Keypress: t
1322.4896 	EXP 	window1: recordFrameIntervals = False
1322.9588 	DATA 	Keypress: r
1326.9998 	EXP 	window1: recordFrameIntervals = False
1327.8865 	DATA 	Keypress: j
1365.5989 	DATA 	Keypress: space
1369.7288 	EXP 	window1: recordFrameIntervals = False
1370.7492 	DATA 	Keypress: a
1374.7233 	EXP 	window1: recordFrameIntervals = False
1375.9626 	DATA 	Keypress: u
1380.1538 	EXP 	window1: recordFrameIntervals = False
1381.1578 	DATA 	Keypress: d
1385.1316 	EXP 	window1: recordFrameIntervals = False
1385.8517 	DATA 	Keypress: z
1390.0760 	EXP 	window1: recordFrameIntervals = False
1391.0296 	DATA 	Keypress: x
1394.8533 	EXP 	window1: recordFrameIntervals = False
1394.8538 	ERROR 	trialnum=216 ERROR,3 frames were longer than 20.8 ms apparently screen refreshes skipped, interframe durs were:[ 67.4  67.2  31. ] and was these frames: [ 92  98 100]
1394.8543 	INFO 	flankers also=[ 15.4  67.4  16.4   7.9  67.2   2.1   2.1  31.    2.2]
1395.4394 	DATA 	Keypress: d
1399.2966 	EXP 	window1: recordFrameIntervals = False
1402.3885 	DATA 	Keypress: v
1406.2289 	EXP 	window1: recordFrameIntervals = False
1407.7338 	DATA 	Keypress: r
1411.5757 	DATA 	Keypress: s
1411.6560 	EXP 	window1: recordFrameIntervals = False
1413.8624 	DATA 	Keypress: s
1417.9869 	EXP 	window1: recordFrameIntervals = False
1419.0757 	DATA 	Keypress: n
1423.2002 	EXP 	window1: recordFrameIntervals = False
1423.9699 	DATA 	Keypress: r
1427.7937 	EXP 	window1: recordFrameIntervals = False
1429.1151 	DATA 	Keypress: o
1433.1725 	EXP 	window1: recordFrameIntervals = False
1433.9591 	DATA 	Keypress: s
1438.2338 	EXP 	window1: recordFrameIntervals = False
1439.7221 	DATA 	Keypress: i
1443.9800 	EXP 	window1: recordFrameIntervals = False
1443.9805 	ERROR 	trialnum=225 ERROR,2 frames were longer than 20.8 ms apparently screen refreshes skipped, interframe durs were:[ 67.3  66.9] and was these frames: [137 143]
1443.9809 	INFO 	flankers also=[ 16.5  67.3  16.2  11.1  66.9  16.2]
1447.3224 	DATA 	Keypress: s
1451.4635 	EXP 	window1: recordFrameIntervals = False
1453.0195 	DATA 	Keypress: g
1457.0243 	EXP 	window1: recordFrameIntervals = False
1457.4275 	DATA 	Keypress: e
1461.5844 	EXP 	window1: recordFrameIntervals = False
1462.4713 	DATA 	Keypress: m
1466.4136 	EXP 	window1: recordFrameIntervals = False
1466.4140 	ERROR 	trialnum=229 ERROR,1 frames were longer than 20.8 ms apparently screen refreshes skipped, interframe durs were:[ 67.4] and was these frames: [15]
1466.4144 	INFO 	flankers also=[ 16.7  67.4  16.2]
1467.7513 	DATA 	Keypress: o
1471.5417 	EXP 	window1: recordFrameIntervals = False
1472.0444 	DATA 	Keypress: k
1476.1019 	EXP 	window1: recordFrameIntervals = False
1476.1023 	ERROR 	trialnum=231 ERROR,1 frames were longer than 20.8 ms apparently screen refreshes skipped, interframe durs were:[ 67.4] and was these frames: [126]
1476.1026 	INFO 	flankers also=[ 16.8  67.4  16.3]
1477.4063 	DATA 	Keypress: w
1481.6477 	EXP 	window1: recordFrameIntervals = False
1482.9520 	DATA 	Keypress: w
1486.8595 	EXP 	window1: recordFrameIntervals = False
1486.8599 	ERROR 	trialnum=233 ERROR,1 frames were longer than 20.8 ms apparently screen refreshes skipped, interframe durs were:[ 67.4] and was these frames: [2]
1486.8602 	INFO 	flankers also=[ 16.6  67.4  16.2]
1487.4788 	DATA 	Keypress: m
1491.2890 	DATA 	Keypress: d
1491.6200 	EXP 	window1: recordFrameIntervals = False
1492.2228 	DATA 	Keypress: d
1496.3807 	EXP 	window1: recordFrameIntervals = False
1496.8165 	DATA 	Keypress: z
1501.0745 	EXP 	window1: recordFrameIntervals = False
1503.8822 	DATA 	Keypress: m
1507.8882 	EXP 	window1: recordFrameIntervals = False
1509.5766 	DATA 	Keypress: u
1513.4673 	EXP 	window1: recordFrameIntervals = False
1514.4059 	DATA 	Keypress: g
1518.5470 	EXP 	window1: recordFrameIntervals = False
1518.9995 	DATA 	Keypress: f
1522.8566 	EXP 	window1: recordFrameIntervals = False
1523.6097 	DATA 	Keypress: a
1527.7509 	EXP 	window1: recordFrameIntervals = False
1529.5563 	DATA 	Keypress: a
1533.7811 	EXP 	window1: recordFrameIntervals = False
1534.7682 	DATA 	Keypress: s
1538.6086 	EXP 	window1: recordFrameIntervals = False
1540.6479 	DATA 	Keypress: r
1544.5552 	EXP 	window1: recordFrameIntervals = False
1545.3418 	DATA 	Keypress: t
1549.6149 	EXP 	window1: recordFrameIntervals = False
1550.5852 	DATA 	Keypress: b
1554.6762 	EXP 	window1: recordFrameIntervals = False
1555.5297 	DATA 	Keypress: s
1559.6891 	EXP 	window1: recordFrameIntervals = False
1559.8242 	DATA 	Keypress: j
1564.0322 	EXP 	window1: recordFrameIntervals = False
1564.2676 	DATA 	Keypress: q
1568.4421 	EXP 	window1: recordFrameIntervals = False
1568.6440 	DATA 	Keypress: s
1572.6515 	EXP 	window1: recordFrameIntervals = False
1573.4548 	DATA 	Keypress: z
1577.4956 	EXP 	window1: recordFrameIntervals = False
1577.4960 	ERROR 	trialnum=251 ERROR,1 frames were longer than 20.8 ms apparently screen refreshes skipped, interframe durs were:[ 67.2] and was these frames: [42]
1577.4963 	INFO 	flankers also=[ 16.8  67.2  16.3]
1577.7644 	DATA 	Keypress: p
1581.6246 	DATA 	Keypress: z
1581.7218 	EXP 	window1: recordFrameIntervals = False
1582.8759 	DATA 	Keypress: z
1587.0838 	EXP 	window1: recordFrameIntervals = False
1587.0842 	ERROR 	trialnum=253 ERROR,1 frames were longer than 20.8 ms apparently screen refreshes skipped, interframe durs were:[ 67.2] and was these frames: [62]
1587.0844 	INFO 	flankers also=[ 16.8  67.2  16.4]
1588.5052 	DATA 	Keypress: y
1592.7478 	DATA 	Keypress: a
1592.7615 	EXP 	window1: recordFrameIntervals = False
1593.3643 	DATA 	Keypress: a
1597.1881 	EXP 	window1: recordFrameIntervals = False
1598.2419 	DATA 	Keypress: b
1602.2009 	EXP 	window1: recordFrameIntervals = False
1602.2014 	ERROR 	trialnum=256 ERROR,2 frames were longer than 20.8 ms apparently screen refreshes skipped, interframe durs were:[ 67.4  67.4] and was these frames: [60 74]
1602.2019 	INFO 	flankers also=[ 15.1  67.4  16.3  16.8  67.4  16.2]
1602.2539 	DATA 	Keypress: a
1606.2433 	EXP 	window1: recordFrameIntervals = False
1606.2438 	ERROR 	trialnum=257 ERROR,2 frames were longer than 20.8 ms apparently screen refreshes skipped, interframe durs were:[ 67.2  58.5] and was these frames: [131 136]
1606.2441 	INFO 	flankers also=[ 17.   67.2  16.2   2.6  58.5  16.3]
1606.8795 	DATA 	Keypress: g
1610.7367 	EXP 	window1: recordFrameIntervals = False
1611.8406 	DATA 	Keypress: r
1615.7508 	DATA 	Keypress: w
1615.8486 	EXP 	window1: recordFrameIntervals = False
1616.2851 	DATA 	Keypress: w
1620.2081 	EXP 	window1: recordFrameIntervals = False
1620.4098 	DATA 	Keypress: y
1624.2337 	EXP 	window1: recordFrameIntervals = False
1624.4188 	DATA 	Keypress: r
1628.7087 	EXP 	window1: recordFrameIntervals = False
1629.3448 	DATA 	Keypress: a
1633.3858 	EXP 	window1: recordFrameIntervals = False
1633.9052 	DATA 	Keypress: k
1637.7806 	EXP 	window1: recordFrameIntervals = False
1637.7810 	ERROR 	trialnum=264 ERROR,2 frames were longer than 20.8 ms apparently screen refreshes skipped, interframe durs were:[ 67.4  67.4] and was these frames: [42 48]
1637.7814 	INFO 	flankers also=[ 16.8  67.4  16.2   8.7  67.4  16.2]
1638.1663 	DATA 	Keypress: t
1642.2240 	EXP 	window1: recordFrameIntervals = False
1642.6430 	DATA 	Keypress: w
1646.4028 	DATA 	Keypress: m
1646.6338 	EXP 	window1: recordFrameIntervals = False
1647.0529 	DATA 	Keypress: m
1651.1605 	EXP 	window1: recordFrameIntervals = False
1651.6129 	DATA 	Keypress: a
1655.8211 	EXP 	window1: recordFrameIntervals = False
1656.2568 	DATA 	Keypress: j
1660.0639 	EXP 	window1: recordFrameIntervals = False
1660.4335 	DATA 	Keypress: m
1664.1759 	DATA 	Keypress: p
1664.2900 	EXP 	window1: recordFrameIntervals = False
1664.7257 	DATA 	Keypress: p
1668.8836 	EXP 	window1: recordFrameIntervals = False
1668.8840 	ERROR 	trialnum=271 ERROR,1 frames were longer than 20.8 ms apparently screen refreshes skipped, interframe durs were:[ 67.4] and was these frames: [7]
1668.8843 	INFO 	flankers also=[ 16.8  67.4  16.3]
1669.7036 	DATA 	Keypress: j
1673.6760 	EXP 	window1: recordFrameIntervals = False
1674.6462 	DATA 	Keypress: d
1678.7373 	EXP 	window1: recordFrameIntervals = False
1678.8725 	DATA 	Keypress: k
1683.0487 	EXP 	window1: recordFrameIntervals = False
1684.5380 	DATA 	Keypress: b
1688.7614 	EXP 	window1: recordFrameIntervals = False
1688.7620 	ERROR 	trialnum=275 ERROR,2 frames were longer than 20.8 ms apparently screen refreshes skipped, interframe durs were:[ 67.5  67.3] and was these frames: [21 27]
1688.7624 	INFO 	flankers also=[ 16.8  67.5  16.1  10.8  67.3  16.5]
1688.8807 	DATA 	Keypress: e
1692.4561 	DATA 	Keypress: m
1692.8205 	EXP 	window1: recordFrameIntervals = False
1693.2395 	DATA 	Keypress: m
1697.3307 	EXP 	window1: recordFrameIntervals = False
1697.3312 	ERROR 	trialnum=277 ERROR,2 frames were longer than 20.8 ms apparently screen refreshes skipped, interframe durs were:[ 67.4  67.3] and was these frames: [128 134]
1697.3316 	INFO 	flankers also=[ 16.7  67.4  16.3  10.6  67.3  16.2]
1697.6331 	DATA 	Keypress: y
1701.6768 	DATA 	Keypress: k
1701.8575 	EXP 	window1: recordFrameIntervals = False
1702.3267 	DATA 	Keypress: k
1706.5346 	EXP 	window1: recordFrameIntervals = False
1706.6864 	DATA 	Keypress: x
1707.2036 	INFO 	Finishing at 11:32 on 10 Mar 2019
1707.5147 	EXP 	window1: mouseVisible = True
