26.1430 	INFO 	Successfully set darwin thread to realtime
27.1647 	INFO 	#[ PsychoPy3 RuntimeInfoStart ]
  #[[ PsychoPy ]] #---------
    psychopyVersion: 3.0.3
    psychopyHaveExtRush: True
  #[[ Experiment ]] #---------
    experimentRunTime: 2019_03_14 17:57 (Year_Month_Day Hour:Min)
    experimentRunTime.epoch: 1552600624
    experimentScript: RSVP_visual_now.py
    experimentScript.digestSHA1: f79a35e55a66896b7753a56ffcbe7bdb6cc6a803
    experimentScript.directory: /Users/vsg/Documents/GitHub/spatio_temporal_information_processing/RSVP_visual_now
  #[[ System ]] #---------
    systemHaveInternetAccess: True
    systemHostName: VSG-lab1.local
    systemLocale: C
    systemMemFreeRAM: 1709.92578125
    systemMemTotalRAM: 4096.0
    systemPlatform: darwin 10.10.5 x86_64
    systemRavailable: R version 3.2.3 (2015-12-10) -- Wooden Christmas-Tree
    systemRebooted: Mar 4 09:06
    systemSec.OpenSSLVersion: OpenSSL 0.9.8zg 14 July 2015
    systemSec.pythonSSL: True
    systemTimeNumpySD1000000_sec: 0.0126
    systemUser: vsg
    systemUserID: 502
    systemUserProcCount: 81
    systemUserProcFlagged: mdworker Safari
    systemUsersCount: 1
  #[[ Window ]] #---------
    windowWinType: pyglet
    windowUnits: deg
    windowSize_pix: [1920 1200]
    windowScreen: 0
    windowRgb: [-0.7 -0.7 -0.7]
    windowRefreshTimeSD_ms: 0.572
    windowRefreshTimeMedian_ms: 16.704
    windowRefreshTimeAvg_ms: 16.733
    windowPos_pix: [0, 0]
    windowMonitor.name: testmonitor
    windowMonitor.getWidth_cm: 52.0
    windowMonitor.getDistance_cm: 65.0
    windowMonitor.currentCalibName: 2019_02_04 12:46
    windowIsFullScr: True
  #[[ Python ]] #---------
    pythonVersion: 2.7.13
  #[[ OpenGL ]] #---------
#[ PsychoPy3 RuntimeInfoEnd ]

27.1670 	WARNING 	Could not load the desired click sound file, instead using manually created inferior click
27.5920 	EXP 	Created sequence: random, trialTypes=280, nReps=14, seed=None
27.9238 	INFO 	numtrials=280 and each trialDurFrames=156 or 2600.0 ms  task=T1
28.4923 	EXP 	Created text = TextStim(alignHoriz='center', alignVert='center', antialias=True, autoLog=True, bold=False, color=array([ 1.,  1.,  1.]), colorSpace='rgb', contrast=1.0, depth=-1.0, flipHoriz=False, flipVert=False, font='Arial', fontFiles=[], height=0.5, italic=False, languageStyle='LTR', name='text', opacity=1.0, ori=0, pos=array([ 0.,  0.]), rgb=array([ 1.,  1.,  1.]), text='', units='deg', win=Window(...), wrapWidth=30)
29.0972 	EXP 	text: text = "Welcome! Thank you for agreeing to participate in this study.\n\nYou will be presented with a Rapid Stream of letters. Your task is to identify one of the letters.\n\nThe letter you're supposed to identify is accompanied by a probe that can appear anywhere on the horizontal axis of the screen.\n\nThe probe is a circular disk that will be flashed for a very brief time.\n\nOnce you've identified the letter after the trial ends, type it out on the keyboard.\n\nIf you're feeling uncomfortable, you can press ESC key any time to stop the experiment.\n\nPress any key when you are ready to begin the experiment.\n\n"
29.0972 	EXP 	text: autoDraw = True
144.0224 	DATA 	Keypress: space
144.0234 	EXP 	text: autoDraw = False
144.0238 	INFO 	Experiment will have 280 trials. Letters will be drawn with superposed noise of0.00%
144.0238 	INFO 	Starting main (non-staircase) part of experiment
147.6146 	EXP 	window1: recordFrameIntervals = False
149.4871 	DATA 	Keypress: h
153.6965 	EXP 	window1: recordFrameIntervals = False
155.3016 	DATA 	Keypress: d
159.4761 	EXP 	window1: recordFrameIntervals = False
161.3485 	DATA 	Keypress: g
165.1722 	EXP 	window1: recordFrameIntervals = False
166.5267 	DATA 	Keypress: u
170.4340 	EXP 	window1: recordFrameIntervals = False
172.7406 	DATA 	Keypress: l
176.8984 	EXP 	window1: recordFrameIntervals = False
178.2864 	DATA 	Keypress: w
182.2271 	EXP 	window1: recordFrameIntervals = False
184.1328 	DATA 	Keypress: o
187.9231 	EXP 	window1: recordFrameIntervals = False
189.2945 	DATA 	Keypress: r
193.4505 	EXP 	window1: recordFrameIntervals = False
194.6214 	DATA 	Keypress: x
198.4451 	EXP 	window1: recordFrameIntervals = False
201.8558 	DATA 	Keypress: r
205.8968 	EXP 	window1: recordFrameIntervals = False
207.0340 	DATA 	Keypress: t
210.8578 	EXP 	window1: recordFrameIntervals = False
212.8137 	DATA 	Keypress: x
216.7710 	EXP 	window1: recordFrameIntervals = False
217.8583 	DATA 	Keypress: a
222.0328 	EXP 	window1: recordFrameIntervals = False
223.0703 	DATA 	Keypress: c
227.0942 	EXP 	window1: recordFrameIntervals = False
229.6014 	DATA 	Keypress: j
233.4752 	EXP 	window1: recordFrameIntervals = False
234.3953 	DATA 	Keypress: n
238.2341 	EXP 	window1: recordFrameIntervals = False
238.2345 	ERROR 	trialnum=16 ERROR,1 frames were longer than 20.8 ms apparently screen refreshes skipped, interframe durs were:[ 41.5] and was these frames: [0]
238.2347 	INFO 	flankers also=[ 41.5   1.8]
239.2888 	DATA 	Keypress: f
243.3623 	EXP 	window1: recordFrameIntervals = False
244.4662 	DATA 	Keypress: s
248.6591 	EXP 	window1: recordFrameIntervals = False
249.6627 	DATA 	Keypress: f
253.9042 	EXP 	window1: recordFrameIntervals = False
255.7264 	DATA 	Keypress: s
259.6169 	EXP 	window1: recordFrameIntervals = False
262.4581 	DATA 	Keypress: z
266.4656 	EXP 	window1: recordFrameIntervals = False
269.2232 	DATA 	Keypress: e
273.4312 	EXP 	window1: recordFrameIntervals = False
274.3847 	DATA 	Keypress: n
278.2921 	EXP 	window1: recordFrameIntervals = False
279.3628 	DATA 	Keypress: g
283.6374 	EXP 	window1: recordFrameIntervals = False
284.8917 	DATA 	Keypress: i
288.9310 	EXP 	window1: recordFrameIntervals = False
289.9190 	DATA 	Keypress: t
294.1593 	EXP 	window1: recordFrameIntervals = False
295.4486 	DATA 	Keypress: d
299.3726 	EXP 	window1: recordFrameIntervals = False
300.5936 	DATA 	Keypress: u
304.4340 	EXP 	window1: recordFrameIntervals = False
306.1226 	DATA 	Keypress: u
310.1801 	EXP 	window1: recordFrameIntervals = False
311.4513 	DATA 	Keypress: v
315.5255 	EXP 	window1: recordFrameIntervals = False
316.8298 	DATA 	Keypress: e
320.7538 	EXP 	window1: recordFrameIntervals = False
321.3567 	DATA 	Keypress: j
325.4310 	EXP 	window1: recordFrameIntervals = False
326.2678 	DATA 	Keypress: s
330.2585 	EXP 	window1: recordFrameIntervals = False
331.6797 	DATA 	Keypress: p
335.8192 	EXP 	window1: recordFrameIntervals = False
337.3083 	DATA 	Keypress: u
341.1144 	EXP 	window1: recordFrameIntervals = False
344.6923 	DATA 	Keypress: k
348.8668 	EXP 	window1: recordFrameIntervals = False
350.5887 	DATA 	Keypress: o
354.4626 	EXP 	window1: recordFrameIntervals = False
355.4841 	DATA 	Keypress: w
359.7077 	EXP 	window1: recordFrameIntervals = False
361.1958 	DATA 	Keypress: f
365.1198 	EXP 	window1: recordFrameIntervals = False
366.3073 	DATA 	Keypress: t
370.2480 	EXP 	window1: recordFrameIntervals = False
372.0202 	DATA 	Keypress: i
375.8272 	EXP 	window1: recordFrameIntervals = False
377.0314 	DATA 	Keypress: s
381.1541 	EXP 	window1: recordFrameIntervals = False
382.2592 	DATA 	Keypress: y
386.0985 	EXP 	window1: recordFrameIntervals = False
391.3633 	DATA 	Keypress: l
395.3542 	EXP 	window1: recordFrameIntervals = False
396.7589 	DATA 	Keypress: q
400.7496 	EXP 	window1: recordFrameIntervals = False
402.9059 	DATA 	Keypress: u
407.0971 	EXP 	window1: recordFrameIntervals = False
408.2021 	DATA 	Keypress: o
412.1418 	EXP 	window1: recordFrameIntervals = False
413.7469 	DATA 	Keypress: s
417.5540 	EXP 	window1: recordFrameIntervals = False
419.4596 	DATA 	Keypress: p
423.5339 	EXP 	window1: recordFrameIntervals = False
424.1868 	DATA 	Keypress: m
428.4116 	EXP 	window1: recordFrameIntervals = False
428.8640 	DATA 	Keypress: r
432.8031 	EXP 	window1: recordFrameIntervals = False
434.0575 	DATA 	Keypress: c
438.2987 	EXP 	window1: recordFrameIntervals = False
439.2707 	DATA 	Keypress: k
443.3283 	EXP 	window1: recordFrameIntervals = False
444.6661 	DATA 	Keypress: b
448.8574 	EXP 	window1: recordFrameIntervals = False
449.9612 	DATA 	Keypress: p
450.0396 	DATA 	Keypress: p
454.2193 	EXP 	window1: recordFrameIntervals = False
455.6409 	DATA 	Keypress: s
459.8486 	EXP 	window1: recordFrameIntervals = False
460.9024 	DATA 	Keypress: m
464.7763 	EXP 	window1: recordFrameIntervals = False
465.7968 	DATA 	Keypress: s
469.7875 	EXP 	window1: recordFrameIntervals = False
470.8916 	DATA 	Keypress: z
474.9808 	EXP 	window1: recordFrameIntervals = False
476.2185 	DATA 	Keypress: c
480.3262 	EXP 	window1: recordFrameIntervals = False
481.5986 	DATA 	Keypress: d
485.4893 	EXP 	window1: recordFrameIntervals = False
486.5099 	DATA 	Keypress: c
490.4337 	EXP 	window1: recordFrameIntervals = False
491.5878 	DATA 	Keypress: w
495.4450 	EXP 	window1: recordFrameIntervals = False
496.5490 	DATA 	Keypress: x
500.6400 	EXP 	window1: recordFrameIntervals = False
501.8609 	DATA 	Keypress: j
506.1189 	EXP 	window1: recordFrameIntervals = False
507.3232 	DATA 	Keypress: b
511.5477 	EXP 	window1: recordFrameIntervals = False
513.0525 	DATA 	Keypress: f
517.2588 	EXP 	window1: recordFrameIntervals = False
518.2960 	DATA 	Keypress: s
522.5373 	EXP 	window1: recordFrameIntervals = False
523.5259 	DATA 	Keypress: w
527.5001 	EXP 	window1: recordFrameIntervals = False
528.5540 	DATA 	Keypress: j
532.7452 	EXP 	window1: recordFrameIntervals = False
534.0997 	DATA 	Keypress: e
539.7882 	DATA 	Keypress: space
543.5677 	EXP 	window1: recordFrameIntervals = False
544.1873 	DATA 	Keypress: r
548.0445 	EXP 	window1: recordFrameIntervals = False
548.9646 	DATA 	Keypress: m
552.8736 	EXP 	window1: recordFrameIntervals = False
554.0442 	DATA 	Keypress: r
558.2356 	EXP 	window1: recordFrameIntervals = False
559.4397 	DATA 	Keypress: t
563.3972 	EXP 	window1: recordFrameIntervals = False
564.3341 	DATA 	Keypress: k
568.2246 	EXP 	window1: recordFrameIntervals = False
569.3619 	DATA 	Keypress: a
573.5699 	EXP 	window1: recordFrameIntervals = False
574.7740 	DATA 	Keypress: w
578.5979 	EXP 	window1: recordFrameIntervals = False
579.9021 	DATA 	Keypress: d
583.9432 	EXP 	window1: recordFrameIntervals = False
585.0806 	DATA 	Keypress: c
589.3369 	EXP 	window1: recordFrameIntervals = False
590.3572 	DATA 	Keypress: o
594.2145 	EXP 	window1: recordFrameIntervals = False
595.1015 	DATA 	Keypress: p
598.9101 	EXP 	window1: recordFrameIntervals = False
599.9138 	DATA 	Keypress: q
604.1884 	EXP 	window1: recordFrameIntervals = False
605.1587 	DATA 	Keypress: g
608.9491 	EXP 	window1: recordFrameIntervals = False
609.8694 	DATA 	Keypress: k
613.7933 	EXP 	window1: recordFrameIntervals = False
614.8816 	DATA 	Keypress: d
618.9381 	EXP 	window1: recordFrameIntervals = False
620.0253 	DATA 	Keypress: f
623.9160 	EXP 	window1: recordFrameIntervals = False
624.7194 	DATA 	Keypress: c
628.8771 	EXP 	window1: recordFrameIntervals = False
629.7805 	DATA 	Keypress: m
633.9869 	EXP 	window1: recordFrameIntervals = False
635.2579 	DATA 	Keypress: v
639.1485 	EXP 	window1: recordFrameIntervals = False
640.2707 	DATA 	Keypress: f
644.4620 	EXP 	window1: recordFrameIntervals = False
645.4490 	DATA 	Keypress: b
649.6235 	EXP 	window1: recordFrameIntervals = False
650.4770 	DATA 	Keypress: s
654.5011 	EXP 	window1: recordFrameIntervals = False
654.9537 	DATA 	Keypress: d
658.8108 	EXP 	window1: recordFrameIntervals = False
659.7478 	DATA 	Keypress: k
663.8721 	EXP 	window1: recordFrameIntervals = False
665.7944 	DATA 	Keypress: m
669.6350 	EXP 	window1: recordFrameIntervals = False
670.5386 	DATA 	Keypress: j
674.6462 	EXP 	window1: recordFrameIntervals = False
675.1321 	DATA 	Keypress: r
678.9877 	EXP 	window1: recordFrameIntervals = False
680.0248 	DATA 	Keypress: j
684.0155 	EXP 	window1: recordFrameIntervals = False
684.9896 	DATA 	Keypress: r
689.2623 	EXP 	window1: recordFrameIntervals = False
690.3830 	DATA 	Keypress: y
694.5575 	EXP 	window1: recordFrameIntervals = False
695.7282 	DATA 	Keypress: s
699.6857 	EXP 	window1: recordFrameIntervals = False
700.5389 	DATA 	Keypress: p
704.6133 	EXP 	window1: recordFrameIntervals = False
705.0323 	DATA 	Keypress: g
709.2236 	EXP 	window1: recordFrameIntervals = False
710.6451 	DATA 	Keypress: b
714.5857 	EXP 	window1: recordFrameIntervals = False
715.6060 	DATA 	Keypress: f
719.5785 	EXP 	window1: recordFrameIntervals = False
720.3985 	DATA 	Keypress: w
724.5397 	EXP 	window1: recordFrameIntervals = False
725.8940 	DATA 	Keypress: a
729.9367 	EXP 	window1: recordFrameIntervals = False
731.2911 	DATA 	Keypress: f
735.1986 	EXP 	window1: recordFrameIntervals = False
737.1711 	DATA 	Keypress: x
741.2453 	EXP 	window1: recordFrameIntervals = False
742.6499 	DATA 	Keypress: f
746.5406 	EXP 	window1: recordFrameIntervals = False
747.7280 	DATA 	Keypress: o
751.9360 	EXP 	window1: recordFrameIntervals = False
754.5266 	DATA 	Keypress: k
758.7011 	EXP 	window1: recordFrameIntervals = False
759.8385 	DATA 	Keypress: c
763.8292 	EXP 	window1: recordFrameIntervals = False
764.4322 	DATA 	Keypress: x
768.5565 	EXP 	window1: recordFrameIntervals = False
770.9469 	DATA 	Keypress: q
774.9859 	EXP 	window1: recordFrameIntervals = False
776.7247 	DATA 	Keypress: c
780.8341 	EXP 	window1: recordFrameIntervals = False
780.8345 	ERROR 	trialnum=117 ERROR,1 frames were longer than 20.8 ms apparently screen refreshes skipped, interframe durs were:[ 21.] and was these frames: [152]
780.8348 	INFO 	flankers also=[ 16.7  21.   14. ]
781.2698 	DATA 	Keypress: w
785.3441 	EXP 	window1: recordFrameIntervals = False
786.2643 	DATA 	Keypress: q
790.2885 	EXP 	window1: recordFrameIntervals = False
792.1442 	DATA 	Keypress: z
795.9846 	EXP 	window1: recordFrameIntervals = False
796.9057 	DATA 	Keypress: a
801.0627 	EXP 	window1: recordFrameIntervals = False
802.1165 	DATA 	Keypress: g
806.0739 	EXP 	window1: recordFrameIntervals = False
807.0443 	DATA 	Keypress: j
811.0182 	EXP 	window1: recordFrameIntervals = False
812.0898 	DATA 	Keypress: g
816.2467 	EXP 	window1: recordFrameIntervals = False
817.3007 	DATA 	Keypress: s
821.1727 	EXP 	window1: recordFrameIntervals = False
821.9759 	DATA 	Keypress: p
825.8498 	EXP 	window1: recordFrameIntervals = False
827.1041 	DATA 	Keypress: w
831.0799 	EXP 	window1: recordFrameIntervals = False
832.5012 	DATA 	Keypress: a
836.6924 	EXP 	window1: recordFrameIntervals = False
837.7633 	DATA 	Keypress: m
841.7204 	EXP 	window1: recordFrameIntervals = False
842.7074 	DATA 	Keypress: s
846.9822 	EXP 	window1: recordFrameIntervals = False
847.8690 	DATA 	Keypress: q
851.8430 	EXP 	window1: recordFrameIntervals = False
853.1474 	DATA 	Keypress: b
857.1548 	EXP 	window1: recordFrameIntervals = False
858.1089 	DATA 	Keypress: e
862.1995 	EXP 	window1: recordFrameIntervals = False
863.2700 	DATA 	Keypress: g
867.2926 	EXP 	window1: recordFrameIntervals = False
870.7351 	DATA 	Keypress: u
874.7610 	EXP 	window1: recordFrameIntervals = False
874.7614 	ERROR 	trialnum=135 ERROR,1 frames were longer than 20.8 ms apparently screen refreshes skipped, interframe durs were:[ 21.1] and was these frames: [61]
874.7617 	INFO 	flankers also=[ 16.7  21.1  14. ]
876.1823 	DATA 	Keypress: p
880.1898 	EXP 	window1: recordFrameIntervals = False
880.7259 	DATA 	Keypress: k
884.6164 	EXP 	window1: recordFrameIntervals = False
885.0189 	DATA 	Keypress: z
888.8258 	EXP 	window1: recordFrameIntervals = False
890.6648 	DATA 	Keypress: b
894.7224 	EXP 	window1: recordFrameIntervals = False
895.1585 	DATA 	Keypress: b
898.9986 	EXP 	window1: recordFrameIntervals = False
899.5514 	DATA 	Keypress: z
933.7241 	DATA 	Keypress: space
937.6836 	EXP 	window1: recordFrameIntervals = False
938.2029 	DATA 	Keypress: r
942.4610 	EXP 	window1: recordFrameIntervals = False
943.6350 	DATA 	Keypress: w
947.7411 	EXP 	window1: recordFrameIntervals = False
948.9286 	DATA 	Keypress: c
953.0865 	EXP 	window1: recordFrameIntervals = False
953.9566 	DATA 	Keypress: q
958.1811 	EXP 	window1: recordFrameIntervals = False
959.4688 	DATA 	Keypress: v
963.6434 	EXP 	window1: recordFrameIntervals = False
964.8811 	DATA 	Keypress: y
969.0722 	EXP 	window1: recordFrameIntervals = False
969.8754 	DATA 	Keypress: m
973.6993 	EXP 	window1: recordFrameIntervals = False
974.8199 	DATA 	Keypress: c
978.7422 	EXP 	window1: recordFrameIntervals = False
978.7427 	ERROR 	trialnum=149 ERROR,1 frames were longer than 20.8 ms apparently screen refreshes skipped, interframe durs were:[ 25.6] and was these frames: [9]
978.7430 	INFO 	flankers also=[ 16.7  25.6  16.1]
979.9463 	DATA 	Keypress: m
983.8369 	EXP 	window1: recordFrameIntervals = False
984.4063 	DATA 	Keypress: p
988.5492 	EXP 	window1: recordFrameIntervals = False
989.2688 	DATA 	Keypress: a
993.3265 	EXP 	window1: recordFrameIntervals = False
994.2968 	DATA 	Keypress: e
998.3879 	EXP 	window1: recordFrameIntervals = False
998.7902 	DATA 	Keypress: c
1002.9647 	EXP 	window1: recordFrameIntervals = False
1004.0187 	DATA 	Keypress: j
1008.0762 	EXP 	window1: recordFrameIntervals = False
1009.3472 	DATA 	Keypress: y
1013.4717 	EXP 	window1: recordFrameIntervals = False
1014.6091 	DATA 	Keypress: c
1018.5497 	EXP 	window1: recordFrameIntervals = False
1018.9531 	DATA 	Keypress: b
1022.8243 	EXP 	window1: recordFrameIntervals = False
1022.8247 	ERROR 	trialnum=158 ERROR,1 frames were longer than 20.8 ms apparently screen refreshes skipped, interframe durs were:[ 41.4] and was these frames: [3]
1022.8250 	INFO 	flankers also=[ 16.5  41.4   2. ]
1023.8781 	DATA 	Keypress: d
1027.7185 	EXP 	window1: recordFrameIntervals = False
1028.2378 	DATA 	Keypress: g
1032.0632 	EXP 	window1: recordFrameIntervals = False
1033.2173 	DATA 	Keypress: f
1037.0912 	EXP 	window1: recordFrameIntervals = False
1038.4624 	DATA 	Keypress: v
1042.3864 	EXP 	window1: recordFrameIntervals = False
1043.0393 	DATA 	Keypress: s
1047.0803 	EXP 	window1: recordFrameIntervals = False
1048.0839 	DATA 	Keypress: r
1051.9244 	EXP 	window1: recordFrameIntervals = False
1052.9281 	DATA 	Keypress: l
1056.8687 	EXP 	window1: recordFrameIntervals = False
1057.2043 	DATA 	Keypress: d
1061.0281 	EXP 	window1: recordFrameIntervals = False
1062.5162 	DATA 	Keypress: n
1066.7911 	EXP 	window1: recordFrameIntervals = False
1067.7279 	DATA 	Keypress: f
1071.9342 	EXP 	window1: recordFrameIntervals = False
1072.9880 	DATA 	Keypress: m
1076.8620 	EXP 	window1: recordFrameIntervals = False
1077.4664 	DATA 	Keypress: o
1081.6242 	EXP 	window1: recordFrameIntervals = False
1083.1458 	DATA 	Keypress: q
1087.1533 	EXP 	window1: recordFrameIntervals = False
1088.2907 	DATA 	Keypress: b
1092.5152 	EXP 	window1: recordFrameIntervals = False
1093.5691 	DATA 	Keypress: a
1097.5934 	EXP 	window1: recordFrameIntervals = False
1099.3320 	DATA 	Keypress: d
1103.3729 	EXP 	window1: recordFrameIntervals = False
1104.4435 	DATA 	Keypress: b
1108.6348 	EXP 	window1: recordFrameIntervals = False
1109.0704 	DATA 	Keypress: e
1113.3436 	EXP 	window1: recordFrameIntervals = False
1114.3650 	DATA 	Keypress: n
1118.2713 	EXP 	window1: recordFrameIntervals = False
1118.8241 	DATA 	Keypress: a
1123.0336 	EXP 	window1: recordFrameIntervals = False
1124.4215 	DATA 	Keypress: w
1128.5126 	EXP 	window1: recordFrameIntervals = False
1129.6832 	DATA 	Keypress: r
1133.8579 	EXP 	window1: recordFrameIntervals = False
1134.8281 	DATA 	Keypress: a
1138.9359 	EXP 	window1: recordFrameIntervals = False
1140.5578 	DATA 	Keypress: x
1144.8324 	EXP 	window1: recordFrameIntervals = False
1145.7527 	DATA 	Keypress: q
1149.8103 	EXP 	window1: recordFrameIntervals = False
1150.6804 	DATA 	Keypress: c
1154.8883 	EXP 	window1: recordFrameIntervals = False
1155.9087 	DATA 	Keypress: d
1159.8661 	EXP 	window1: recordFrameIntervals = False
1160.4020 	DATA 	Keypress: g
1164.4080 	EXP 	window1: recordFrameIntervals = False
1166.1466 	DATA 	Keypress: a
1170.3897 	EXP 	window1: recordFrameIntervals = False
1171.2266 	DATA 	Keypress: b
1175.4678 	EXP 	window1: recordFrameIntervals = False
1176.6551 	DATA 	Keypress: f
1180.7295 	EXP 	window1: recordFrameIntervals = False
1181.6330 	DATA 	Keypress: r
1185.5068 	EXP 	window1: recordFrameIntervals = False
1186.5607 	DATA 	Keypress: s
1190.4513 	EXP 	window1: recordFrameIntervals = False
1191.6388 	DATA 	Keypress: l
1195.6463 	EXP 	window1: recordFrameIntervals = False
1197.6692 	DATA 	Keypress: z
1201.5594 	EXP 	window1: recordFrameIntervals = False
1202.4798 	DATA 	Keypress: l
1206.7544 	EXP 	window1: recordFrameIntervals = False
1207.9753 	DATA 	Keypress: t
1212.2150 	EXP 	window1: recordFrameIntervals = False
1212.6341 	DATA 	Keypress: g
1216.5246 	EXP 	window1: recordFrameIntervals = False
1217.0608 	DATA 	Keypress: d
1221.2201 	EXP 	window1: recordFrameIntervals = False
1221.6570 	DATA 	Keypress: z
1225.8973 	EXP 	window1: recordFrameIntervals = False
1226.3165 	DATA 	Keypress: m
1230.5076 	EXP 	window1: recordFrameIntervals = False
1231.0939 	DATA 	Keypress: c
1235.3518 	EXP 	window1: recordFrameIntervals = False
1236.8567 	DATA 	Keypress: u
1240.6638 	EXP 	window1: recordFrameIntervals = False
1241.7175 	DATA 	Keypress: j
1245.8754 	EXP 	window1: recordFrameIntervals = False
1246.7620 	DATA 	Keypress: p
1250.6194 	EXP 	window1: recordFrameIntervals = False
1252.6253 	DATA 	Keypress: f
1256.5810 	EXP 	window1: recordFrameIntervals = False
1257.1839 	DATA 	Keypress: r
1261.1579 	EXP 	window1: recordFrameIntervals = False
1262.5294 	DATA 	Keypress: h
1266.7220 	EXP 	window1: recordFrameIntervals = False
1267.1745 	DATA 	Keypress: r
1271.0985 	EXP 	window1: recordFrameIntervals = False
1272.0187 	DATA 	Keypress: e
1276.1431 	EXP 	window1: recordFrameIntervals = False
1279.1180 	DATA 	Keypress: r
1282.9083 	EXP 	window1: recordFrameIntervals = False
1283.3106 	DATA 	Keypress: u
1287.1679 	EXP 	window1: recordFrameIntervals = False
1287.7204 	DATA 	Keypress: g
1320.4923 	DATA 	Keypress: space
1324.6668 	EXP 	window1: recordFrameIntervals = False
1326.2052 	DATA 	Keypress: s
1330.2810 	EXP 	window1: recordFrameIntervals = False
1331.2347 	DATA 	Keypress: i
1335.4761 	EXP 	window1: recordFrameIntervals = False
1335.7614 	DATA 	Keypress: u
1339.9861 	EXP 	window1: recordFrameIntervals = False
1340.3718 	DATA 	Keypress: k
1344.5463 	EXP 	window1: recordFrameIntervals = False
1344.9152 	DATA 	Keypress: f
1348.9061 	EXP 	window1: recordFrameIntervals = False
1349.5758 	DATA 	Keypress: k
1353.5832 	EXP 	window1: recordFrameIntervals = False
1354.4699 	DATA 	Keypress: a
1358.5444 	EXP 	window1: recordFrameIntervals = False
1359.8653 	DATA 	Keypress: r
1363.7543 	EXP 	window1: recordFrameIntervals = False
1363.7547 	ERROR 	trialnum=219 ERROR,1 frames were longer than 20.8 ms apparently screen refreshes skipped, interframe durs were:[ 24.5] and was these frames: [9]
1363.7550 	INFO 	flankers also=[ 16.7  24.5  17.2]
1364.2069 	DATA 	Keypress: k
1368.3814 	EXP 	window1: recordFrameIntervals = False
1368.8340 	DATA 	Keypress: z
1373.0436 	EXP 	window1: recordFrameIntervals = False
1373.7799 	DATA 	Keypress: k
1377.6037 	EXP 	window1: recordFrameIntervals = False
1378.8581 	DATA 	Keypress: s
1382.8352 	DATA 	Keypress: t
1383.1165 	EXP 	window1: recordFrameIntervals = False
1384.2701 	DATA 	Keypress: t
1388.2777 	EXP 	window1: recordFrameIntervals = False
1388.9473 	DATA 	Keypress: q
1392.9380 	EXP 	window1: recordFrameIntervals = False
1393.8749 	DATA 	Keypress: e
1398.0160 	EXP 	window1: recordFrameIntervals = False
1398.8696 	DATA 	Keypress: q
1403.0774 	EXP 	window1: recordFrameIntervals = False
1403.4964 	DATA 	Keypress: h
1407.4188 	EXP 	window1: recordFrameIntervals = False
1408.5895 	DATA 	Keypress: o
1412.3966 	EXP 	window1: recordFrameIntervals = False
1413.6024 	DATA 	Keypress: d
1417.6266 	EXP 	window1: recordFrameIntervals = False
1418.5970 	DATA 	Keypress: z
1422.6713 	EXP 	window1: recordFrameIntervals = False
1423.5581 	DATA 	Keypress: b
1427.5990 	EXP 	window1: recordFrameIntervals = False
1428.3688 	DATA 	Keypress: m
1432.5768 	EXP 	window1: recordFrameIntervals = False
1433.0292 	DATA 	Keypress: w
1436.8530 	EXP 	window1: recordFrameIntervals = False
1437.0718 	DATA 	Keypress: c
1441.3297 	EXP 	window1: recordFrameIntervals = False
1441.7488 	DATA 	Keypress: d
1445.8214 	EXP 	window1: recordFrameIntervals = False
1446.7917 	DATA 	Keypress: n
1451.0332 	EXP 	window1: recordFrameIntervals = False
1451.1181 	DATA 	Keypress: g
1455.1774 	EXP 	window1: recordFrameIntervals = False
1456.0642 	DATA 	Keypress: u
1460.2554 	EXP 	window1: recordFrameIntervals = False
1461.8438 	DATA 	Keypress: s
1466.0016 	EXP 	window1: recordFrameIntervals = False
1466.6043 	DATA 	Keypress: f
1470.5619 	EXP 	window1: recordFrameIntervals = False
1470.9140 	DATA 	Keypress: a
1475.0218 	EXP 	window1: recordFrameIntervals = False
1476.1425 	DATA 	Keypress: e
1480.0164 	EXP 	window1: recordFrameIntervals = False
1481.6715 	DATA 	Keypress: z
1485.6289 	EXP 	window1: recordFrameIntervals = False
1486.1482 	DATA 	Keypress: s
1490.2710 	EXP 	window1: recordFrameIntervals = False
1490.7737 	DATA 	Keypress: z
1494.9147 	EXP 	window1: recordFrameIntervals = False
1495.5343 	DATA 	Keypress: h
1499.6102 	EXP 	window1: recordFrameIntervals = False
1500.0293 	DATA 	Keypress: x
1504.0368 	EXP 	window1: recordFrameIntervals = False
1504.8066 	DATA 	Keypress: r
1508.9979 	EXP 	window1: recordFrameIntervals = False
1509.8178 	DATA 	Keypress: t
1514.0425 	EXP 	window1: recordFrameIntervals = False
1514.6459 	DATA 	Keypress: v
1518.8533 	EXP 	window1: recordFrameIntervals = False
1519.3225 	DATA 	Keypress: w
1523.2632 	EXP 	window1: recordFrameIntervals = False
1523.4818 	DATA 	Keypress: v
1527.5561 	EXP 	window1: recordFrameIntervals = False
1527.9920 	DATA 	Keypress: y
1531.8641 	EXP 	window1: recordFrameIntervals = False
1532.4502 	DATA 	Keypress: d
1536.3408 	EXP 	window1: recordFrameIntervals = False
1536.4606 	DATA 	Keypress: f
1540.4517 	EXP 	window1: recordFrameIntervals = False
1540.8373 	DATA 	Keypress: f
1544.7279 	EXP 	window1: recordFrameIntervals = False
1544.9131 	DATA 	Keypress: h
1549.1044 	EXP 	window1: recordFrameIntervals = False
1549.5069 	DATA 	Keypress: s
1553.3472 	EXP 	window1: recordFrameIntervals = False
1553.7495 	DATA 	Keypress: r
1557.9575 	EXP 	window1: recordFrameIntervals = False
1558.5436 	DATA 	Keypress: e
1562.8184 	EXP 	window1: recordFrameIntervals = False
1563.3386 	DATA 	Keypress: t
1567.5456 	EXP 	window1: recordFrameIntervals = False
1568.2665 	DATA 	Keypress: x
1572.1544 	EXP 	window1: recordFrameIntervals = False
1572.8240 	DATA 	Keypress: a
1577.0487 	EXP 	window1: recordFrameIntervals = False
1577.7350 	DATA 	Keypress: u
1581.8277 	EXP 	window1: recordFrameIntervals = False
1582.2301 	DATA 	Keypress: b
1585.9733 	DATA 	Keypress: r
1586.1206 	EXP 	window1: recordFrameIntervals = False
1587.2581 	DATA 	Keypress: r
1591.1819 	EXP 	window1: recordFrameIntervals = False
1591.7848 	DATA 	Keypress: y
1595.7422 	EXP 	window1: recordFrameIntervals = False
1596.2782 	DATA 	Keypress: a
1600.3859 	EXP 	window1: recordFrameIntervals = False
1601.3897 	DATA 	Keypress: y
1605.3970 	EXP 	window1: recordFrameIntervals = False
1606.0669 	DATA 	Keypress: j
1609.9239 	EXP 	window1: recordFrameIntervals = False
1610.7606 	DATA 	Keypress: r
1614.6498 	EXP 	window1: recordFrameIntervals = False
1615.0686 	DATA 	Keypress: w
1618.8590 	EXP 	window1: recordFrameIntervals = False
1619.4117 	DATA 	Keypress: z
1623.3372 	EXP 	window1: recordFrameIntervals = False
1623.5059 	DATA 	Keypress: s
1627.5634 	EXP 	window1: recordFrameIntervals = False
1627.6653 	DATA 	Keypress: n
1631.6925 	DATA 	Keypress: t
1631.8230 	EXP 	window1: recordFrameIntervals = False
1632.4090 	DATA 	Keypress: t
1636.4500 	EXP 	window1: recordFrameIntervals = False
1636.9202 	DATA 	Keypress: f
1641.0937 	EXP 	window1: recordFrameIntervals = False
1641.3959 	DATA 	Keypress: x
1645.5537 	EXP 	window1: recordFrameIntervals = False
1646.0730 	DATA 	Keypress: m
1646.5901 	INFO 	Finishing at 18:24 on 14 Mar 2019
1646.9786 	EXP 	window1: mouseVisible = True
