27.0910 	INFO 	Successfully set darwin thread to realtime
28.1136 	INFO 	#[ PsychoPy3 RuntimeInfoStart ]
  #[[ PsychoPy ]] #---------
    psychopyVersion: 3.0.3
    psychopyHaveExtRush: True
  #[[ Experiment ]] #---------
    experimentRunTime: 2019_03_15 17:32 (Year_Month_Day Hour:Min)
    experimentRunTime.epoch: 1552685552
    experimentScript: RSVP_visual_now.py
    experimentScript.digestSHA1: f79a35e55a66896b7753a56ffcbe7bdb6cc6a803
    experimentScript.directory: /Users/vsg/Documents/GitHub/spatio_temporal_information_processing/RSVP_visual_now
  #[[ System ]] #---------
    systemHaveInternetAccess: True
    systemHostName: VSG-lab1.local
    systemLocale: C
    systemMemFreeRAM: 1747.43359375
    systemMemTotalRAM: 4096.0
    systemPlatform: darwin 10.10.5 x86_64
    systemRavailable: R version 3.2.3 (2015-12-10) -- Wooden Christmas-Tree
    systemRebooted: Mar 4 09:06
    systemSec.OpenSSLVersion: OpenSSL 0.9.8zg 14 July 2015
    systemSec.pythonSSL: True
    systemTimeNumpySD1000000_sec: 0.0127
    systemUser: vsg
    systemUserID: 502
    systemUserProcCount: 84
    systemUserProcFlagged: mdworker Safari
    systemUsersCount: 1
  #[[ Window ]] #---------
    windowWinType: pyglet
    windowUnits: deg
    windowSize_pix: [1920 1200]
    windowScreen: 0
    windowRgb: [-0.7 -0.7 -0.7]
    windowRefreshTimeSD_ms: 0.041
    windowRefreshTimeMedian_ms: 16.705
    windowRefreshTimeAvg_ms: 16.702
    windowPos_pix: [0, 0]
    windowMonitor.name: testmonitor
    windowMonitor.getWidth_cm: 52.0
    windowMonitor.getDistance_cm: 65.0
    windowMonitor.currentCalibName: 2019_02_04 12:46
    windowIsFullScr: True
  #[[ Python ]] #---------
    pythonVersion: 2.7.13
  #[[ OpenGL ]] #---------
#[ PsychoPy3 RuntimeInfoEnd ]

28.1413 	WARNING 	Could not load the desired click sound file, instead using manually created inferior click
28.6488 	EXP 	Created sequence: random, trialTypes=280, nReps=14, seed=None
28.9278 	INFO 	numtrials=280 and each trialDurFrames=156 or 2600.0 ms  task=T1
29.4925 	EXP 	Created text = TextStim(alignHoriz='center', alignVert='center', antialias=True, autoLog=True, bold=False, color=array([ 1.,  1.,  1.]), colorSpace='rgb', contrast=1.0, depth=-1.0, flipHoriz=False, flipVert=False, font='Arial', fontFiles=[], height=0.5, italic=False, languageStyle='LTR', name='text', opacity=1.0, ori=0, pos=array([ 0.,  0.]), rgb=array([ 1.,  1.,  1.]), text='', units='deg', win=Window(...), wrapWidth=30)
30.0950 	EXP 	text: text = "Welcome! Thank you for agreeing to participate in this study.\n\nYou will be presented with a Rapid Stream of letters. Your task is to identify one of the letters.\n\nThe letter you're supposed to identify is accompanied by a probe that can appear anywhere on the horizontal axis of the screen.\n\nThe probe is a circular disk that will be flashed for a very brief time.\n\nOnce you've identified the letter after the trial ends, type it out on the keyboard.\n\nIf you're feeling uncomfortable, you can press ESC key any time to stop the experiment.\n\nPress any key when you are ready to begin the experiment.\n\n"
30.0950 	EXP 	text: autoDraw = True
154.0456 	DATA 	Keypress: space
154.0466 	EXP 	text: autoDraw = False
154.0469 	INFO 	Experiment will have 280 trials. Letters will be drawn with superposed noise of0.00%
154.0470 	INFO 	Starting main (non-staircase) part of experiment
157.7175 	EXP 	window1: recordFrameIntervals = False
159.0887 	DATA 	Keypress: a
163.1299 	EXP 	window1: recordFrameIntervals = False
164.2018 	DATA 	Keypress: u
168.2929 	EXP 	window1: recordFrameIntervals = False
169.4136 	DATA 	Keypress: b
173.6548 	EXP 	window1: recordFrameIntervals = False
174.7756 	DATA 	Keypress: v
178.6327 	EXP 	window1: recordFrameIntervals = False
179.9203 	DATA 	Keypress: a
184.1951 	EXP 	window1: recordFrameIntervals = False
185.2990 	DATA 	Keypress: g
189.2730 	EXP 	window1: recordFrameIntervals = False
191.0118 	DATA 	Keypress: k
195.1529 	EXP 	window1: recordFrameIntervals = False
196.3571 	DATA 	Keypress: o
200.3963 	EXP 	window1: recordFrameIntervals = False
201.5839 	DATA 	Keypress: q
205.4577 	EXP 	window1: recordFrameIntervals = False
206.5449 	DATA 	Keypress: m
210.5707 	EXP 	window1: recordFrameIntervals = False
211.6581 	DATA 	Keypress: j
215.8826 	EXP 	window1: recordFrameIntervals = False
217.0869 	DATA 	Keypress: q
221.2948 	EXP 	window1: recordFrameIntervals = False
222.6660 	DATA 	Keypress: q
226.5064 	EXP 	window1: recordFrameIntervals = False
227.8275 	DATA 	Keypress: y
231.7515 	EXP 	window1: recordFrameIntervals = False
232.7385 	DATA 	Keypress: h
236.8796 	EXP 	window1: recordFrameIntervals = False
238.6684 	DATA 	Keypress: e
242.8262 	EXP 	window1: recordFrameIntervals = False
243.9971 	DATA 	Keypress: v
247.9027 	EXP 	window1: recordFrameIntervals = False
248.8897 	DATA 	Keypress: b
253.0642 	EXP 	window1: recordFrameIntervals = False
254.0011 	DATA 	Keypress: i
257.8766 	EXP 	window1: recordFrameIntervals = False
258.8972 	DATA 	Keypress: m
263.0048 	EXP 	window1: recordFrameIntervals = False
264.2925 	DATA 	Keypress: d
268.3334 	EXP 	window1: recordFrameIntervals = False
269.4374 	DATA 	Keypress: j
273.6453 	EXP 	window1: recordFrameIntervals = False
274.8494 	DATA 	Keypress: f
278.7734 	EXP 	window1: recordFrameIntervals = False
280.0944 	DATA 	Keypress: e
284.0352 	EXP 	window1: recordFrameIntervals = False
284.9889 	DATA 	Keypress: b
288.8293 	EXP 	window1: recordFrameIntervals = False
290.1671 	DATA 	Keypress: y
294.3734 	EXP 	window1: recordFrameIntervals = False
295.2936 	DATA 	Keypress: l
299.5349 	EXP 	window1: recordFrameIntervals = False
300.4901 	DATA 	Keypress: h
304.4977 	EXP 	window1: recordFrameIntervals = False
305.4346 	DATA 	Keypress: h
309.3084 	EXP 	window1: recordFrameIntervals = False
310.3623 	DATA 	Keypress: m
314.6036 	EXP 	window1: recordFrameIntervals = False
315.5070 	DATA 	Keypress: l
319.3809 	EXP 	window1: recordFrameIntervals = False
320.4015 	DATA 	Keypress: y
324.5424 	EXP 	window1: recordFrameIntervals = False
325.4795 	DATA 	Keypress: g
329.5705 	EXP 	window1: recordFrameIntervals = False
330.6575 	DATA 	Keypress: n
334.8322 	EXP 	window1: recordFrameIntervals = False
336.0039 	DATA 	Keypress: e
339.8585 	EXP 	window1: recordFrameIntervals = False
340.8790 	DATA 	Keypress: i
344.8362 	EXP 	window1: recordFrameIntervals = False
345.8917 	DATA 	Keypress: z
349.7990 	EXP 	window1: recordFrameIntervals = False
351.1034 	DATA 	Keypress: w
355.0107 	EXP 	window1: recordFrameIntervals = False
355.8807 	DATA 	Keypress: e
359.7213 	EXP 	window1: recordFrameIntervals = False
360.9754 	DATA 	Keypress: r
364.8828 	EXP 	window1: recordFrameIntervals = False
366.0703 	DATA 	Keypress: f
370.0443 	EXP 	window1: recordFrameIntervals = False
371.0481 	DATA 	Keypress: g
375.1057 	EXP 	window1: recordFrameIntervals = False
376.6106 	DATA 	Keypress: x
380.9003 	EXP 	window1: recordFrameIntervals = False
381.8205 	DATA 	Keypress: d
385.6609 	EXP 	window1: recordFrameIntervals = False
386.7649 	DATA 	Keypress: j
390.6571 	EXP 	window1: recordFrameIntervals = False
391.9949 	DATA 	Keypress: g
395.9857 	EXP 	window1: recordFrameIntervals = False
396.9894 	DATA 	Keypress: p
401.0304 	EXP 	window1: recordFrameIntervals = False
401.9172 	DATA 	Keypress: m
405.8913 	EXP 	window1: recordFrameIntervals = False
406.7615 	DATA 	Keypress: j
410.6018 	EXP 	window1: recordFrameIntervals = False
411.4729 	DATA 	Keypress: o
415.3290 	EXP 	window1: recordFrameIntervals = False
416.3160 	DATA 	Keypress: w
420.3904 	EXP 	window1: recordFrameIntervals = False
421.4446 	DATA 	Keypress: a
425.3498 	EXP 	window1: recordFrameIntervals = False
426.3035 	DATA 	Keypress: w
430.5448 	EXP 	window1: recordFrameIntervals = False
432.1181 	DATA 	Keypress: k
436.0921 	EXP 	window1: recordFrameIntervals = False
437.0457 	DATA 	Keypress: e
441.1535 	EXP 	window1: recordFrameIntervals = False
442.1740 	DATA 	Keypress: r
446.2148 	EXP 	window1: recordFrameIntervals = False
447.2353 	DATA 	Keypress: x
451.2761 	EXP 	window1: recordFrameIntervals = False
452.2131 	DATA 	Keypress: v
456.3208 	EXP 	window1: recordFrameIntervals = False
457.1909 	DATA 	Keypress: z
461.3487 	EXP 	window1: recordFrameIntervals = False
462.2355 	DATA 	Keypress: y
466.4585 	EXP 	window1: recordFrameIntervals = False
467.7795 	DATA 	Keypress: n
472.0376 	EXP 	window1: recordFrameIntervals = False
473.2945 	DATA 	Keypress: v
477.2844 	EXP 	window1: recordFrameIntervals = False
478.2880 	DATA 	Keypress: b
482.5461 	EXP 	window1: recordFrameIntervals = False
483.5175 	DATA 	Keypress: j
487.7411 	EXP 	window1: recordFrameIntervals = False
488.5777 	DATA 	Keypress: g
492.6353 	EXP 	window1: recordFrameIntervals = False
494.0901 	DATA 	Keypress: x
497.8972 	EXP 	window1: recordFrameIntervals = False
499.1180 	DATA 	Keypress: a
503.3928 	EXP 	window1: recordFrameIntervals = False
505.0980 	DATA 	Keypress: w
509.0387 	EXP 	window1: recordFrameIntervals = False
510.0257 	DATA 	Keypress: a
514.0483 	EXP 	window1: recordFrameIntervals = False
515.1857 	DATA 	Keypress: z
519.0762 	EXP 	window1: recordFrameIntervals = False
519.9323 	DATA 	Keypress: s
525.5636 	DATA 	Keypress: space
529.5163 	EXP 	window1: recordFrameIntervals = False
530.5866 	DATA 	Keypress: f
534.8281 	EXP 	window1: recordFrameIntervals = False
535.8837 	DATA 	Keypress: y
539.7742 	EXP 	window1: recordFrameIntervals = False
540.3102 	DATA 	Keypress: m
544.1173 	EXP 	window1: recordFrameIntervals = False
544.7035 	DATA 	Keypress: i
548.9781 	EXP 	window1: recordFrameIntervals = False
549.8816 	DATA 	Keypress: b
553.8725 	EXP 	window1: recordFrameIntervals = False
555.6112 	DATA 	Keypress: q
559.4516 	EXP 	window1: recordFrameIntervals = False
559.8039 	DATA 	Keypress: r
563.8114 	EXP 	window1: recordFrameIntervals = False
564.1970 	DATA 	Keypress: q
568.0359 	EXP 	window1: recordFrameIntervals = False
568.0364 	ERROR 	trialnum=79 ERROR,1 frames were longer than 20.8 ms apparently screen refreshes skipped, interframe durs were:[ 24.5] and was these frames: [6]
568.0367 	INFO 	flankers also=[ 16.7  24.5  17.2]
568.6387 	DATA 	Keypress: v
572.8800 	EXP 	window1: recordFrameIntervals = False
573.3826 	DATA 	Keypress: k
577.5086 	EXP 	window1: recordFrameIntervals = False
577.8943 	DATA 	Keypress: z
581.9353 	EXP 	window1: recordFrameIntervals = False
582.4210 	DATA 	Keypress: e
586.4787 	EXP 	window1: recordFrameIntervals = False
587.3824 	DATA 	Keypress: x
591.2394 	EXP 	window1: recordFrameIntervals = False
591.8923 	DATA 	Keypress: l
595.8665 	EXP 	window1: recordFrameIntervals = False
596.2521 	DATA 	Keypress: o
600.2596 	EXP 	window1: recordFrameIntervals = False
600.7130 	DATA 	Keypress: o
604.9534 	EXP 	window1: recordFrameIntervals = False
605.3393 	DATA 	Keypress: q
609.5787 	EXP 	window1: recordFrameIntervals = False
610.0146 	DATA 	Keypress: q
613.9553 	EXP 	window1: recordFrameIntervals = False
614.3409 	DATA 	Keypress: k
618.2164 	EXP 	window1: recordFrameIntervals = False
620.5231 	DATA 	Keypress: bracketleft
621.8426 	DATA 	Keypress: p
625.6664 	EXP 	window1: recordFrameIntervals = False
626.6368 	DATA 	Keypress: j
630.5273 	EXP 	window1: recordFrameIntervals = False
630.9631 	DATA 	Keypress: z
634.8536 	EXP 	window1: recordFrameIntervals = False
636.5256 	DATA 	Keypress: i
640.5163 	EXP 	window1: recordFrameIntervals = False
640.9521 	DATA 	Keypress: o
645.1434 	EXP 	window1: recordFrameIntervals = False
645.7127 	DATA 	Keypress: u
649.9708 	EXP 	window1: recordFrameIntervals = False
651.0747 	DATA 	Keypress: t
655.3145 	EXP 	window1: recordFrameIntervals = False
656.2680 	DATA 	Keypress: u
660.5429 	EXP 	window1: recordFrameIntervals = False
661.1457 	DATA 	Keypress: s
665.1047 	EXP 	window1: recordFrameIntervals = False
666.1920 	DATA 	Keypress: k
670.1159 	EXP 	window1: recordFrameIntervals = False
670.6017 	DATA 	Keypress: d
674.4924 	EXP 	window1: recordFrameIntervals = False
675.0784 	DATA 	Keypress: w
679.1194 	EXP 	window1: recordFrameIntervals = False
680.1732 	DATA 	Keypress: u
684.3812 	EXP 	window1: recordFrameIntervals = False
685.7188 	DATA 	Keypress: e
689.8768 	EXP 	window1: recordFrameIntervals = False
690.3627 	DATA 	Keypress: e
694.4539 	EXP 	window1: recordFrameIntervals = False
695.4743 	DATA 	Keypress: i
699.4298 	EXP 	window1: recordFrameIntervals = False
699.8991 	DATA 	Keypress: l
703.7562 	EXP 	window1: recordFrameIntervals = False
704.1921 	DATA 	Keypress: q
708.0842 	EXP 	window1: recordFrameIntervals = False
708.6034 	DATA 	Keypress: w
712.5776 	EXP 	window1: recordFrameIntervals = False
713.6313 	DATA 	Keypress: h
717.4553 	EXP 	window1: recordFrameIntervals = False
718.0079 	DATA 	Keypress: j
722.0321 	EXP 	window1: recordFrameIntervals = False
722.6684 	DATA 	Keypress: u
726.4586 	EXP 	window1: recordFrameIntervals = False
727.0948 	DATA 	Keypress: u
730.9354 	EXP 	window1: recordFrameIntervals = False
731.4381 	DATA 	Keypress: c
735.2785 	EXP 	window1: recordFrameIntervals = False
736.3657 	DATA 	Keypress: b
740.5719 	EXP 	window1: recordFrameIntervals = False
741.0749 	DATA 	Keypress: z
745.2491 	EXP 	window1: recordFrameIntervals = False
745.7517 	DATA 	Keypress: s
749.6105 	EXP 	window1: recordFrameIntervals = False
750.1131 	DATA 	Keypress: m
754.1039 	EXP 	window1: recordFrameIntervals = False
755.2078 	DATA 	Keypress: i
759.3156 	EXP 	window1: recordFrameIntervals = False
759.8682 	DATA 	Keypress: w
763.7755 	EXP 	window1: recordFrameIntervals = False
764.7458 	DATA 	Keypress: u
768.7533 	EXP 	window1: recordFrameIntervals = False
769.7571 	DATA 	Keypress: b
773.6811 	EXP 	window1: recordFrameIntervals = False
774.5679 	DATA 	Keypress: x
778.3750 	EXP 	window1: recordFrameIntervals = False
778.9610 	DATA 	Keypress: o
782.8833 	EXP 	window1: recordFrameIntervals = False
782.8837 	ERROR 	trialnum=124 ERROR,1 frames were longer than 20.8 ms apparently screen refreshes skipped, interframe durs were:[ 42.2] and was these frames: [1]
782.8840 	INFO 	flankers also=[ 15.9  42.2   1.9]
784.3046 	DATA 	Keypress: f
788.1785 	EXP 	window1: recordFrameIntervals = False
788.6143 	DATA 	Keypress: j
792.5399 	EXP 	window1: recordFrameIntervals = False
793.0257 	DATA 	Keypress: t
797.2671 	EXP 	window1: recordFrameIntervals = False
797.6862 	DATA 	Keypress: n
801.6270 	EXP 	window1: recordFrameIntervals = False
803.0326 	DATA 	Keypress: e
806.9890 	EXP 	window1: recordFrameIntervals = False
807.3745 	DATA 	Keypress: a
811.5658 	EXP 	window1: recordFrameIntervals = False
812.0182 	DATA 	Keypress: m
816.1761 	EXP 	window1: recordFrameIntervals = False
816.7288 	DATA 	Keypress: r
820.9869 	EXP 	window1: recordFrameIntervals = False
821.5396 	DATA 	Keypress: p
825.7459 	EXP 	window1: recordFrameIntervals = False
827.2006 	DATA 	Keypress: n
831.1580 	EXP 	window1: recordFrameIntervals = False
831.7942 	DATA 	Keypress: w
835.9538 	EXP 	window1: recordFrameIntervals = False
837.0576 	DATA 	Keypress: r
840.9482 	EXP 	window1: recordFrameIntervals = False
841.2838 	DATA 	Keypress: k
845.1744 	EXP 	window1: recordFrameIntervals = False
846.2950 	DATA 	Keypress: b
850.3026 	EXP 	window1: recordFrameIntervals = False
851.7581 	DATA 	Keypress: e
855.6812 	EXP 	window1: recordFrameIntervals = False
856.2505 	DATA 	Keypress: p
860.1579 	EXP 	window1: recordFrameIntervals = False
861.2460 	DATA 	Keypress: e
874.6611 	DATA 	Keypress: space
878.5140 	EXP 	window1: recordFrameIntervals = False
879.9018 	DATA 	Keypress: e
883.8259 	EXP 	window1: recordFrameIntervals = False
884.6142 	DATA 	Keypress: b
888.6217 	EXP 	window1: recordFrameIntervals = False
889.1085 	DATA 	Keypress: k
892.9313 	EXP 	window1: recordFrameIntervals = False
893.3836 	DATA 	Keypress: t
897.4581 	EXP 	window1: recordFrameIntervals = False
897.9942 	DATA 	Keypress: w
902.1185 	EXP 	window1: recordFrameIntervals = False
902.5541 	DATA 	Keypress: t
906.5952 	EXP 	window1: recordFrameIntervals = False
907.4318 	DATA 	Keypress: u
911.4895 	EXP 	window1: recordFrameIntervals = False
912.0592 	DATA 	Keypress: k
916.3488 	EXP 	window1: recordFrameIntervals = False
916.7513 	DATA 	Keypress: s
920.9757 	EXP 	window1: recordFrameIntervals = False
921.5118 	DATA 	Keypress: b
925.7380 	EXP 	window1: recordFrameIntervals = False
927.0257 	DATA 	Keypress: p
931.0165 	EXP 	window1: recordFrameIntervals = False
931.4523 	DATA 	Keypress: w
935.5934 	EXP 	window1: recordFrameIntervals = False
936.6638 	DATA 	Keypress: p
940.7382 	EXP 	window1: recordFrameIntervals = False
941.9091 	DATA 	Keypress: v
945.9332 	EXP 	window1: recordFrameIntervals = False
946.2854 	DATA 	Keypress: t
950.4935 	EXP 	window1: recordFrameIntervals = False
950.8791 	DATA 	Keypress: x
954.8365 	EXP 	window1: recordFrameIntervals = False
955.3057 	DATA 	Keypress: r
959.6289 	EXP 	window1: recordFrameIntervals = False
960.7496 	DATA 	Keypress: b
964.8907 	EXP 	window1: recordFrameIntervals = False
965.4115 	DATA 	Keypress: t
969.4694 	EXP 	window1: recordFrameIntervals = False
969.8718 	DATA 	Keypress: o
974.1299 	EXP 	window1: recordFrameIntervals = False
974.6991 	DATA 	Keypress: j
978.7567 	EXP 	window1: recordFrameIntervals = False
979.2927 	DATA 	Keypress: m
983.2334 	EXP 	window1: recordFrameIntervals = False
984.9052 	DATA 	Keypress: z
988.7959 	EXP 	window1: recordFrameIntervals = False
989.1649 	DATA 	Keypress: s
993.3393 	EXP 	window1: recordFrameIntervals = False
994.0592 	DATA 	Keypress: x
998.2653 	EXP 	window1: recordFrameIntervals = False
998.8013 	DATA 	Keypress: r
1002.6752 	EXP 	window1: recordFrameIntervals = False
1003.0610 	DATA 	Keypress: s
1007.1369 	EXP 	window1: recordFrameIntervals = False
1008.5751 	DATA 	Keypress: b
1012.8497 	EXP 	window1: recordFrameIntervals = False
1013.4190 	DATA 	Keypress: d
1017.6938 	EXP 	window1: recordFrameIntervals = False
1018.0795 	DATA 	Keypress: z
1021.8866 	EXP 	window1: recordFrameIntervals = False
1022.8736 	DATA 	Keypress: u
1026.8142 	EXP 	window1: recordFrameIntervals = False
1027.4172 	DATA 	Keypress: x
1031.4580 	EXP 	window1: recordFrameIntervals = False
1032.9294 	DATA 	Keypress: b
1037.1374 	EXP 	window1: recordFrameIntervals = False
1037.4395 	DATA 	Keypress: m
1041.4470 	EXP 	window1: recordFrameIntervals = False
1044.2381 	DATA 	Keypress: c
1048.2607 	EXP 	window1: recordFrameIntervals = False
1049.7654 	DATA 	Keypress: p
1053.5893 	EXP 	window1: recordFrameIntervals = False
1054.8619 	DATA 	Keypress: g
1058.7357 	EXP 	window1: recordFrameIntervals = False
1059.7227 	DATA 	Keypress: h
1063.9140 	EXP 	window1: recordFrameIntervals = False
1064.3664 	DATA 	Keypress: w
1068.3906 	EXP 	window1: recordFrameIntervals = False
1068.8264 	DATA 	Keypress: x
1072.7170 	EXP 	window1: recordFrameIntervals = False
1073.2195 	DATA 	Keypress: e
1077.0099 	EXP 	window1: recordFrameIntervals = False
1077.4792 	DATA 	Keypress: j
1081.5870 	EXP 	window1: recordFrameIntervals = False
1082.6742 	DATA 	Keypress: b
1086.5981 	EXP 	window1: recordFrameIntervals = False
1087.0004 	DATA 	Keypress: m
1090.9896 	EXP 	window1: recordFrameIntervals = False
1091.9766 	DATA 	Keypress: b
1095.9507 	EXP 	window1: recordFrameIntervals = False
1096.4531 	DATA 	Keypress: f
1100.4291 	EXP 	window1: recordFrameIntervals = False
1101.0486 	DATA 	Keypress: k
1105.2064 	EXP 	window1: recordFrameIntervals = False
1105.8260 	DATA 	Keypress: n
1110.0672 	EXP 	window1: recordFrameIntervals = False
1111.2046 	DATA 	Keypress: y
1115.4627 	EXP 	window1: recordFrameIntervals = False
1115.8995 	DATA 	Keypress: i
1120.0396 	EXP 	window1: recordFrameIntervals = False
1120.4418 	DATA 	Keypress: m
1124.4662 	EXP 	window1: recordFrameIntervals = False
1125.7372 	DATA 	Keypress: b
1129.9117 	EXP 	window1: recordFrameIntervals = False
1131.1324 	DATA 	Keypress: p
1135.0732 	EXP 	window1: recordFrameIntervals = False
1136.1272 	DATA 	Keypress: j
1140.2832 	EXP 	window1: recordFrameIntervals = False
1140.7022 	DATA 	Keypress: a
1144.8602 	EXP 	window1: recordFrameIntervals = False
1145.2625 	DATA 	Keypress: m
1149.1881 	EXP 	window1: recordFrameIntervals = False
1149.7075 	DATA 	Keypress: k
1153.9488 	EXP 	window1: recordFrameIntervals = False
1155.0528 	DATA 	Keypress: v
1158.8598 	EXP 	window1: recordFrameIntervals = False
1159.2789 	DATA 	Keypress: k
1163.4868 	EXP 	window1: recordFrameIntervals = False
1163.8892 	DATA 	Keypress: l
1167.7965 	EXP 	window1: recordFrameIntervals = False
1168.1989 	DATA 	Keypress: q
1172.0226 	EXP 	window1: recordFrameIntervals = False
1172.6253 	DATA 	Keypress: d
1176.8334 	EXP 	window1: recordFrameIntervals = False
1177.3527 	DATA 	Keypress: z
1181.5088 	EXP 	window1: recordFrameIntervals = False
1182.5628 	DATA 	Keypress: j
1186.7372 	EXP 	window1: recordFrameIntervals = False
1187.7259 	DATA 	Keypress: y
1191.5329 	EXP 	window1: recordFrameIntervals = False
1191.9521 	DATA 	Keypress: l
1195.8593 	EXP 	window1: recordFrameIntervals = False
1196.2283 	DATA 	Keypress: j
1200.3860 	EXP 	window1: recordFrameIntervals = False
1200.8219 	DATA 	Keypress: p
1204.9629 	EXP 	window1: recordFrameIntervals = False
1205.8833 	DATA 	Keypress: y
1209.6736 	EXP 	window1: recordFrameIntervals = False
1210.4768 	DATA 	Keypress: y
1223.2383 	DATA 	Keypress: space
1227.3113 	EXP 	window1: recordFrameIntervals = False
1227.7137 	DATA 	Keypress: c
1231.8715 	EXP 	window1: recordFrameIntervals = False
1232.1904 	DATA 	Keypress: g
1236.4167 	EXP 	window1: recordFrameIntervals = False
1236.8524 	DATA 	Keypress: a
1240.9435 	EXP 	window1: recordFrameIntervals = False
1241.9472 	DATA 	Keypress: b
1245.8378 	EXP 	window1: recordFrameIntervals = False
1246.2236 	DATA 	Keypress: k
1250.3980 	EXP 	window1: recordFrameIntervals = False
1250.8504 	DATA 	Keypress: s
1255.1085 	EXP 	window1: recordFrameIntervals = False
1255.8451 	DATA 	Keypress: w
1259.6688 	EXP 	window1: recordFrameIntervals = False
1260.1211 	DATA 	Keypress: f
1264.3126 	EXP 	window1: recordFrameIntervals = False
1264.6146 	DATA 	Keypress: f
1268.5887 	EXP 	window1: recordFrameIntervals = False
1268.8239 	DATA 	Keypress: t
1272.8131 	EXP 	window1: recordFrameIntervals = False
1273.2657 	DATA 	Keypress: q
1277.4903 	EXP 	window1: recordFrameIntervals = False
1277.9762 	DATA 	Keypress: m
1281.8016 	EXP 	window1: recordFrameIntervals = False
1282.3544 	DATA 	Keypress: j
1286.1948 	EXP 	window1: recordFrameIntervals = False
1286.5804 	DATA 	Keypress: w
1290.5879 	EXP 	window1: recordFrameIntervals = False
1290.9079 	DATA 	Keypress: z
1294.8475 	EXP 	window1: recordFrameIntervals = False
1295.2664 	DATA 	Keypress: l
1299.1404 	EXP 	window1: recordFrameIntervals = False
1299.6098 	DATA 	Keypress: b
1303.4333 	EXP 	window1: recordFrameIntervals = False
1303.8524 	DATA 	Keypress: h
1307.6428 	EXP 	window1: recordFrameIntervals = False
1308.0118 	DATA 	Keypress: q
1312.0025 	EXP 	window1: recordFrameIntervals = False
1313.1733 	DATA 	Keypress: v
1317.2292 	EXP 	window1: recordFrameIntervals = False
1317.6316 	DATA 	Keypress: s
1321.8228 	EXP 	window1: recordFrameIntervals = False
1322.9117 	DATA 	Keypress: v
1326.8525 	EXP 	window1: recordFrameIntervals = False
1327.3049 	DATA 	Keypress: x
1331.4128 	EXP 	window1: recordFrameIntervals = False
1331.9654 	DATA 	Keypress: k
1336.1900 	EXP 	window1: recordFrameIntervals = False
1336.7259 	DATA 	Keypress: w
1340.8170 	EXP 	window1: recordFrameIntervals = False
1341.1526 	DATA 	Keypress: x
1345.2437 	EXP 	window1: recordFrameIntervals = False
1346.0981 	DATA 	Keypress: t
1350.2214 	EXP 	window1: recordFrameIntervals = False
1350.8075 	DATA 	Keypress: k
1354.6481 	EXP 	window1: recordFrameIntervals = False
1355.0505 	DATA 	Keypress: m
1359.0228 	EXP 	window1: recordFrameIntervals = False
1360.0266 	DATA 	Keypress: v
1364.0507 	EXP 	window1: recordFrameIntervals = False
1365.0580 	DATA 	Keypress: b
1369.2974 	EXP 	window1: recordFrameIntervals = False
1370.0339 	DATA 	Keypress: z
1374.1917 	EXP 	window1: recordFrameIntervals = False
1374.6107 	DATA 	Keypress: l
1378.6183 	EXP 	window1: recordFrameIntervals = False
1380.0240 	DATA 	Keypress: v
1384.2977 	EXP 	window1: recordFrameIntervals = False
1384.7336 	DATA 	Keypress: v
1388.5739 	EXP 	window1: recordFrameIntervals = False
1389.0096 	DATA 	Keypress: m
1392.9170 	EXP 	window1: recordFrameIntervals = False
1393.2859 	DATA 	Keypress: w
1397.4588 	EXP 	window1: recordFrameIntervals = False
1398.9638 	DATA 	Keypress: v
1403.1550 	EXP 	window1: recordFrameIntervals = False
1404.0266 	DATA 	Keypress: y
1408.2346 	EXP 	window1: recordFrameIntervals = False
1408.6203 	DATA 	Keypress: g
1412.8950 	EXP 	window1: recordFrameIntervals = False
1413.2806 	DATA 	Keypress: e
1417.0877 	EXP 	window1: recordFrameIntervals = False
1417.5069 	DATA 	Keypress: l
1421.7314 	EXP 	window1: recordFrameIntervals = False
1422.7687 	DATA 	Keypress: b
1426.8930 	EXP 	window1: recordFrameIntervals = False
1427.3288 	DATA 	Keypress: q
1431.3196 	EXP 	window1: recordFrameIntervals = False
1431.7552 	DATA 	Keypress: d
1436.0301 	EXP 	window1: recordFrameIntervals = False
1436.4993 	DATA 	Keypress: j
1440.7056 	EXP 	window1: recordFrameIntervals = False
1442.5278 	DATA 	Keypress: o
1446.6539 	EXP 	window1: recordFrameIntervals = False
1447.0227 	DATA 	Keypress: m
1450.9636 	EXP 	window1: recordFrameIntervals = False
1451.4328 	DATA 	Keypress: s
1455.3400 	EXP 	window1: recordFrameIntervals = False
1455.8091 	DATA 	Keypress: l
1459.7332 	EXP 	window1: recordFrameIntervals = False
1460.1522 	DATA 	Keypress: r
1464.0261 	EXP 	window1: recordFrameIntervals = False
1464.3116 	DATA 	Keypress: z
1468.3691 	EXP 	window1: recordFrameIntervals = False
1468.7048 	DATA 	Keypress: j
1472.7456 	EXP 	window1: recordFrameIntervals = False
1473.2148 	DATA 	Keypress: c
1477.1221 	EXP 	window1: recordFrameIntervals = False
1477.4910 	DATA 	Keypress: v
1481.7641 	EXP 	window1: recordFrameIntervals = False
1482.9683 	DATA 	Keypress: y
1486.9424 	EXP 	window1: recordFrameIntervals = False
1487.4801 	DATA 	Keypress: g
1491.3706 	EXP 	window1: recordFrameIntervals = False
1491.7563 	DATA 	Keypress: x
1495.7805 	EXP 	window1: recordFrameIntervals = False
1496.1996 	DATA 	Keypress: t
1500.4577 	EXP 	window1: recordFrameIntervals = False
1500.9769 	DATA 	Keypress: s
1505.0011 	EXP 	window1: recordFrameIntervals = False
1505.8545 	DATA 	Keypress: u
1509.7116 	EXP 	window1: recordFrameIntervals = False
1510.0806 	DATA 	Keypress: w
1514.3555 	EXP 	window1: recordFrameIntervals = False
1514.8914 	DATA 	Keypress: k
1518.9641 	EXP 	window1: recordFrameIntervals = False
1519.4165 	DATA 	Keypress: v
1523.2236 	EXP 	window1: recordFrameIntervals = False
1523.6093 	DATA 	Keypress: m
1527.8189 	EXP 	window1: recordFrameIntervals = False
1528.3884 	DATA 	Keypress: s
1532.5295 	EXP 	window1: recordFrameIntervals = False
1532.8661 	DATA 	Keypress: q
1536.7389 	EXP 	window1: recordFrameIntervals = False
1537.1411 	DATA 	Keypress: l
1541.3993 	EXP 	window1: recordFrameIntervals = False
1541.6012 	DATA 	Keypress: a
1542.1183 	INFO 	Finishing at 17:57 on 15 Mar 2019
1542.5338 	EXP 	window1: mouseVisible = True
