11.0171 	WARNING 	User requested fullscreen with size [2880 1800], but screen is actually [1440, 900]. Using actual size
11.8447 	INFO 	Successfully set darwin thread to realtime
12.9091 	INFO 	#[ PsychoPy3 RuntimeInfoStart ]
  #[[ PsychoPy ]] #---------
    psychopyVersion: 3.0.2
    psychopyHaveExtRush: True
  #[[ Experiment ]] #---------
    experimentRunTime: 2019_08_23 12:38 (Year_Month_Day Hour:Min)
    experimentRunTime.epoch: 1566578289
    experimentScript: Eccentricity_duration_interaction.py
    experimentScript.digestSHA1: d9e393d03c5af9df6dc06046d720776ed71ea8a3
    experimentScript.directory: /Volumes/My Passport/Github/spatio_temporal_information_processing/Time_Subjective_Expansion/code
  #[[ System ]] #---------
    systemHaveInternetAccess: True
    systemHostName: pbs-jf-aldi.local
    systemLocale: C
    systemMemFreeRAM: 7568.87109375
    systemMemTotalRAM: 16384.0
    systemPlatform: darwin 10.14.6 x86_64
    systemRavailable: R version 3.4.1 (2017-06-30) -- Single Candle
    systemRebooted: Aug 21 21:48
    systemSec.OpenSSLVersion: OpenSSL 1.1.1a  20 Nov 2018
    systemSec.pythonSSL: True
    systemTimeNumpySD1000000_sec: 0.0027
    systemUser: supadhy6
    systemUserID: 1903061739
    systemUserProcCount: 271
    systemUserProcFlagged: 'Google Chrome' Dropbox Safari mdworker iTunes KeyNote
    systemUsersCount: 1
  #[[ Window ]] #---------
    windowWinType: pyglet
    windowUnits: deg
    windowSize_pix: [2880 1800]
    windowScreen: 0
    windowRgb: [255. 255. 255.]
    windowRefreshTimeSD_ms: 0.550
    windowRefreshTimeMedian_ms: 16.675
    windowRefreshTimeAvg_ms: 16.662
    windowPos_pix: [0.0, 0.0]
    windowMonitor.name: testmonitor
    windowMonitor.getWidth_cm: 52.0
    windowMonitor.getDistance_cm: 65.0
    windowMonitor.currentCalibName: 2019_01_28 08:48
    windowIsFullScr: True
  #[[ Python ]] #---------
    pythonVersion: 3.6.0
  #[[ OpenGL ]] #---------
#[ PsychoPy3 RuntimeInfoEnd ]

12.9832 	EXP 	Created text = TextStim(__class__=<class 'psychopy.visual.text.TextStim'>, alignHoriz='center', alignVert='center', antialias=True, autoLog=True, bold=False, color='black', colorSpace='named', contrast=1.0, depth=-1.0, flipHoriz=False, flipVert=False, font='Arial', fontFiles=[], height=0.5, italic=False, languageStyle='LTR', name='text', opacity=1.0, ori=0, pos=array([ 0., -5.]), rgb=array([0., 0., 0.]), text=str(...), units='deg', win=Window(...), wrapWidth=30)
31.1327 	EXP 	text: autoDraw = True
33.2490 	EXP 	text: autoDraw = True
35.3189 	EXP 	text: autoDraw = True
37.4233 	EXP 	text: autoDraw = True
37.4261 	EXP 	text: autoDraw = True
37.4438 	EXP 	text: autoDraw = True
37.4607 	EXP 	text: autoDraw = True
37.4775 	EXP 	text: autoDraw = True
37.4940 	EXP 	text: autoDraw = True
37.5108 	EXP 	text: autoDraw = True
37.5274 	EXP 	text: autoDraw = True
37.5440 	EXP 	text: autoDraw = True
37.5607 	EXP 	text: autoDraw = True
37.5773 	EXP 	text: autoDraw = True
37.5940 	EXP 	text: autoDraw = True
37.6098 	EXP 	text: autoDraw = True
37.6261 	EXP 	text: autoDraw = True
37.6438 	EXP 	text: autoDraw = True
37.6609 	EXP 	text: autoDraw = True
37.6774 	EXP 	text: autoDraw = True
37.6941 	EXP 	text: autoDraw = True
37.7094 	EXP 	text: autoDraw = True
37.7253 	DATA 	Keypress: s
37.7283 	EXP 	text: autoDraw = False
51.6355 	EXP 	text: autoDraw = True
53.7627 	EXP 	text: autoDraw = True
55.8393 	EXP 	text: autoDraw = True
57.8717 	EXP 	text: autoDraw = True
57.8764 	EXP 	text: autoDraw = True
57.8937 	EXP 	text: autoDraw = True
57.9107 	EXP 	text: autoDraw = True
57.9265 	EXP 	text: autoDraw = True
57.9429 	EXP 	text: autoDraw = True
57.9604 	EXP 	text: autoDraw = True
57.9772 	EXP 	text: autoDraw = True
57.9937 	EXP 	text: autoDraw = True
58.0104 	EXP 	text: autoDraw = True
58.0272 	EXP 	text: autoDraw = True
58.0437 	EXP 	text: autoDraw = True
58.0589 	EXP 	text: autoDraw = True
58.0771 	EXP 	text: autoDraw = True
58.0938 	EXP 	text: autoDraw = True
58.1104 	EXP 	text: autoDraw = True
58.1272 	EXP 	text: autoDraw = True
58.1434 	EXP 	text: autoDraw = True
58.1605 	EXP 	text: autoDraw = True
58.1768 	EXP 	text: autoDraw = True
58.1926 	EXP 	text: autoDraw = True
58.2105 	EXP 	text: autoDraw = True
58.2271 	EXP 	text: autoDraw = True
58.2424 	EXP 	text: autoDraw = True
58.2600 	EXP 	text: autoDraw = True
58.2771 	EXP 	text: autoDraw = True
58.2933 	EXP 	text: autoDraw = True
58.3094 	EXP 	text: autoDraw = True
58.3270 	EXP 	text: autoDraw = True
58.3437 	EXP 	text: autoDraw = True
58.3602 	EXP 	text: autoDraw = True
58.3765 	EXP 	text: autoDraw = True
58.3925 	EXP 	text: autoDraw = True
58.4104 	EXP 	text: autoDraw = True
58.4271 	EXP 	text: autoDraw = True
58.4436 	EXP 	text: autoDraw = True
58.4603 	EXP 	text: autoDraw = True
58.4770 	EXP 	text: autoDraw = True
58.4937 	EXP 	text: autoDraw = True
58.5104 	EXP 	text: autoDraw = True
58.5271 	EXP 	text: autoDraw = True
58.5438 	EXP 	text: autoDraw = True
58.5603 	EXP 	text: autoDraw = True
58.5770 	EXP 	text: autoDraw = True
58.5938 	EXP 	text: autoDraw = True
58.6103 	EXP 	text: autoDraw = True
58.6271 	EXP 	text: autoDraw = True
58.6437 	EXP 	text: autoDraw = True
58.6604 	EXP 	text: autoDraw = True
58.6774 	EXP 	text: autoDraw = True
58.6935 	EXP 	text: autoDraw = True
58.7102 	EXP 	text: autoDraw = True
58.7251 	EXP 	text: autoDraw = True
58.7437 	EXP 	text: autoDraw = True
58.7604 	EXP 	text: autoDraw = True
58.7771 	EXP 	text: autoDraw = True
58.7937 	EXP 	text: autoDraw = True
58.8109 	EXP 	text: autoDraw = True
58.8264 	EXP 	text: autoDraw = True
58.8432 	EXP 	text: autoDraw = True
58.8602 	EXP 	text: autoDraw = True
58.8772 	EXP 	text: autoDraw = True
58.8932 	EXP 	text: autoDraw = True
58.9103 	EXP 	text: autoDraw = True
58.9269 	EXP 	text: autoDraw = True
58.9435 	EXP 	text: autoDraw = True
58.9605 	EXP 	text: autoDraw = True
58.9769 	EXP 	text: autoDraw = True
58.9934 	EXP 	text: autoDraw = True
59.0104 	EXP 	text: autoDraw = True
59.0272 	EXP 	text: autoDraw = True
59.0437 	EXP 	text: autoDraw = True
59.0605 	EXP 	text: autoDraw = True
59.0771 	EXP 	text: autoDraw = True
59.0934 	EXP 	text: autoDraw = True
59.1103 	EXP 	text: autoDraw = True
59.1270 	EXP 	text: autoDraw = True
59.1437 	EXP 	text: autoDraw = True
59.1604 	EXP 	text: autoDraw = True
59.1760 	EXP 	text: autoDraw = True
59.1928 	EXP 	text: autoDraw = True
59.2098 	EXP 	text: autoDraw = True
59.2271 	EXP 	text: autoDraw = True
59.2438 	EXP 	text: autoDraw = True
59.2602 	EXP 	text: autoDraw = True
59.2769 	EXP 	text: autoDraw = True
59.2923 	EXP 	text: autoDraw = True
59.3103 	EXP 	text: autoDraw = True
59.3271 	EXP 	text: autoDraw = True
59.3425 	EXP 	text: autoDraw = True
59.3598 	EXP 	text: autoDraw = True
59.3770 	EXP 	text: autoDraw = True
59.3938 	EXP 	text: autoDraw = True
59.4103 	EXP 	text: autoDraw = True
59.4266 	EXP 	text: autoDraw = True
59.4437 	EXP 	text: autoDraw = True
59.4605 	EXP 	text: autoDraw = True
59.4770 	EXP 	text: autoDraw = True
59.4941 	EXP 	text: autoDraw = True
59.5103 	EXP 	text: autoDraw = True
59.5271 	EXP 	text: autoDraw = True
59.5438 	EXP 	text: autoDraw = True
59.5603 	EXP 	text: autoDraw = True
59.5770 	EXP 	text: autoDraw = True
59.5937 	EXP 	text: autoDraw = True
59.6104 	EXP 	text: autoDraw = True
59.6270 	EXP 	text: autoDraw = True
59.6428 	EXP 	text: autoDraw = True
59.6601 	EXP 	text: autoDraw = True
59.6771 	EXP 	text: autoDraw = True
59.6938 	EXP 	text: autoDraw = True
59.7103 	EXP 	text: autoDraw = True
59.7270 	EXP 	text: autoDraw = True
59.7438 	EXP 	text: autoDraw = True
59.7587 	EXP 	text: autoDraw = True
59.7769 	EXP 	text: autoDraw = True
59.7936 	EXP 	text: autoDraw = True
59.8108 	EXP 	text: autoDraw = True
59.8271 	EXP 	text: autoDraw = True
59.8438 	EXP 	text: autoDraw = True
59.8601 	EXP 	text: autoDraw = True
59.8766 	EXP 	text: autoDraw = True
59.8933 	EXP 	text: autoDraw = True
59.9104 	EXP 	text: autoDraw = True
59.9268 	EXP 	text: autoDraw = True
59.9437 	EXP 	text: autoDraw = True
59.9604 	EXP 	text: autoDraw = True
59.9771 	EXP 	text: autoDraw = True
59.9932 	EXP 	text: autoDraw = True
60.0123 	EXP 	text: autoDraw = True
60.0189 	DATA 	Keypress: s
60.0265 	EXP 	text: autoDraw = True
60.0435 	EXP 	text: autoDraw = False
74.3117 	EXP 	text: autoDraw = True
76.4124 	EXP 	text: autoDraw = True
78.5177 	EXP 	text: autoDraw = True
80.6259 	EXP 	text: autoDraw = True
80.6434 	EXP 	text: autoDraw = True
80.6599 	EXP 	text: autoDraw = True
80.6769 	EXP 	text: autoDraw = True
80.6933 	EXP 	text: autoDraw = True
80.7100 	EXP 	text: autoDraw = True
80.7270 	EXP 	text: autoDraw = True
80.7423 	EXP 	text: autoDraw = True
80.7600 	EXP 	text: autoDraw = True
80.7758 	EXP 	text: autoDraw = True
80.7934 	EXP 	text: autoDraw = True
80.8102 	EXP 	text: autoDraw = True
80.8266 	EXP 	text: autoDraw = True
80.8432 	EXP 	text: autoDraw = True
80.8602 	EXP 	text: autoDraw = True
80.8766 	EXP 	text: autoDraw = True
80.8925 	EXP 	text: autoDraw = True
80.9096 	EXP 	text: autoDraw = True
80.9267 	EXP 	text: autoDraw = True
80.9434 	EXP 	text: autoDraw = True
80.9601 	EXP 	text: autoDraw = True
80.9767 	EXP 	text: autoDraw = True
80.9930 	EXP 	text: autoDraw = True
81.0100 	EXP 	text: autoDraw = True
81.0266 	EXP 	text: autoDraw = True
81.0434 	EXP 	text: autoDraw = True
81.0601 	EXP 	text: autoDraw = True
81.0767 	EXP 	text: autoDraw = True
81.0934 	EXP 	text: autoDraw = True
81.1097 	EXP 	text: autoDraw = True
81.1267 	EXP 	text: autoDraw = True
81.1436 	EXP 	text: autoDraw = True
81.1600 	EXP 	text: autoDraw = True
81.1754 	EXP 	text: autoDraw = True
81.1936 	EXP 	text: autoDraw = True
81.2088 	EXP 	text: autoDraw = True
81.2268 	EXP 	text: autoDraw = True
81.2432 	EXP 	text: autoDraw = True
81.2601 	EXP 	text: autoDraw = True
81.2767 	EXP 	text: autoDraw = True
81.2934 	EXP 	text: autoDraw = True
81.3094 	EXP 	text: autoDraw = True
81.3268 	EXP 	text: autoDraw = True
81.3434 	EXP 	text: autoDraw = True
81.3600 	EXP 	text: autoDraw = True
81.3756 	EXP 	text: autoDraw = True
81.3933 	EXP 	text: autoDraw = True
81.4100 	EXP 	text: autoDraw = True
81.4269 	EXP 	text: autoDraw = True
81.4432 	EXP 	text: autoDraw = True
81.4600 	EXP 	text: autoDraw = True
81.4767 	EXP 	text: autoDraw = True
81.4934 	EXP 	text: autoDraw = True
81.5100 	EXP 	text: autoDraw = True
81.5262 	EXP 	text: autoDraw = True
81.5434 	EXP 	text: autoDraw = True
81.5600 	EXP 	text: autoDraw = True
81.5767 	EXP 	text: autoDraw = True
81.5934 	EXP 	text: autoDraw = True
81.6101 	EXP 	text: autoDraw = True
81.6270 	EXP 	text: autoDraw = True
81.6434 	EXP 	text: autoDraw = True
81.6598 	EXP 	text: autoDraw = True
81.6759 	EXP 	text: autoDraw = True
81.6934 	EXP 	text: autoDraw = True
81.7095 	EXP 	text: autoDraw = True
81.7268 	EXP 	text: autoDraw = True
81.7427 	EXP 	text: autoDraw = True
81.7599 	EXP 	text: autoDraw = True
81.7760 	EXP 	text: autoDraw = True
81.7933 	EXP 	text: autoDraw = True
81.8100 	EXP 	text: autoDraw = True
81.8266 	EXP 	text: autoDraw = True
81.8433 	EXP 	text: autoDraw = True
81.8601 	EXP 	text: autoDraw = True
81.8767 	EXP 	text: autoDraw = True
81.8931 	EXP 	text: autoDraw = True
81.9101 	EXP 	text: autoDraw = True
81.9267 	EXP 	text: autoDraw = True
81.9434 	EXP 	text: autoDraw = True
81.9602 	EXP 	text: autoDraw = True
81.9766 	EXP 	text: autoDraw = True
81.9923 	EXP 	text: autoDraw = True
82.0100 	EXP 	text: autoDraw = True
82.0267 	EXP 	text: autoDraw = True
82.0434 	EXP 	text: autoDraw = True
82.0595 	EXP 	text: autoDraw = True
82.0765 	EXP 	text: autoDraw = True
82.0934 	EXP 	text: autoDraw = True
82.1097 	EXP 	text: autoDraw = True
82.1260 	EXP 	text: autoDraw = True
82.1432 	EXP 	text: autoDraw = True
82.1598 	EXP 	text: autoDraw = True
82.1767 	EXP 	text: autoDraw = True
82.1934 	EXP 	text: autoDraw = True
82.2104 	EXP 	text: autoDraw = True
82.2265 	EXP 	text: autoDraw = True
82.2432 	EXP 	text: autoDraw = True
82.2600 	EXP 	text: autoDraw = True
82.2765 	EXP 	text: autoDraw = True
82.2932 	EXP 	text: autoDraw = True
82.3099 	EXP 	text: autoDraw = True
82.3267 	EXP 	text: autoDraw = True
82.3434 	EXP 	text: autoDraw = True
82.3593 	EXP 	text: autoDraw = True
82.3765 	EXP 	text: autoDraw = True
82.3935 	EXP 	text: autoDraw = True
82.4090 	EXP 	text: autoDraw = True
82.4255 	EXP 	text: autoDraw = True
82.4434 	EXP 	text: autoDraw = True
82.4588 	EXP 	text: autoDraw = True
82.4766 	EXP 	text: autoDraw = True
82.4934 	EXP 	text: autoDraw = True
82.5100 	EXP 	text: autoDraw = True
82.5267 	EXP 	text: autoDraw = True
82.5433 	EXP 	text: autoDraw = True
82.5599 	EXP 	text: autoDraw = True
82.5756 	EXP 	text: autoDraw = True
82.5933 	EXP 	text: autoDraw = True
82.6100 	EXP 	text: autoDraw = True
82.6267 	EXP 	text: autoDraw = True
82.6422 	EXP 	text: autoDraw = True
82.6599 	EXP 	text: autoDraw = True
82.6764 	EXP 	text: autoDraw = True
82.6935 	EXP 	text: autoDraw = True
82.7093 	EXP 	text: autoDraw = True
82.7269 	EXP 	text: autoDraw = True
82.7432 	EXP 	text: autoDraw = True
82.7600 	EXP 	text: autoDraw = True
82.7769 	EXP 	text: autoDraw = True
82.7932 	EXP 	text: autoDraw = True
82.8099 	EXP 	text: autoDraw = True
82.8267 	EXP 	text: autoDraw = True
82.8433 	EXP 	text: autoDraw = True
82.8601 	EXP 	text: autoDraw = True
82.8762 	EXP 	text: autoDraw = True
82.8932 	EXP 	text: autoDraw = True
82.9102 	EXP 	text: autoDraw = True
82.9268 	EXP 	text: autoDraw = True
82.9428 	EXP 	text: autoDraw = True
82.9602 	EXP 	text: autoDraw = True
82.9765 	EXP 	text: autoDraw = True
82.9934 	EXP 	text: autoDraw = True
83.0100 	EXP 	text: autoDraw = True
83.0266 	EXP 	text: autoDraw = True
83.0431 	EXP 	text: autoDraw = True
83.0601 	EXP 	text: autoDraw = True
83.0767 	EXP 	text: autoDraw = True
83.0934 	EXP 	text: autoDraw = True
83.1099 	EXP 	text: autoDraw = True
83.1266 	EXP 	text: autoDraw = True
83.1421 	EXP 	text: autoDraw = True
83.1600 	EXP 	text: autoDraw = True
83.1767 	EXP 	text: autoDraw = True
83.1923 	EXP 	text: autoDraw = True
83.2100 	EXP 	text: autoDraw = True
83.2265 	EXP 	text: autoDraw = True
83.2426 	EXP 	text: autoDraw = True
83.2600 	EXP 	text: autoDraw = True
83.2755 	EXP 	text: autoDraw = True
83.2934 	EXP 	text: autoDraw = True
83.3100 	EXP 	text: autoDraw = True
83.3267 	EXP 	text: autoDraw = True
83.3435 	EXP 	text: autoDraw = True
83.3584 	EXP 	text: autoDraw = True
83.3765 	EXP 	text: autoDraw = True
83.3934 	EXP 	text: autoDraw = True
83.4089 	EXP 	text: autoDraw = True
83.4261 	EXP 	text: autoDraw = True
83.4433 	EXP 	text: autoDraw = True
83.4591 	EXP 	text: autoDraw = True
83.4760 	EXP 	text: autoDraw = True
83.4934 	EXP 	text: autoDraw = True
83.5097 	EXP 	text: autoDraw = True
83.5267 	EXP 	text: autoDraw = True
83.5432 	EXP 	text: autoDraw = True
83.5595 	EXP 	text: autoDraw = True
83.5767 	EXP 	text: autoDraw = True
83.5934 	EXP 	text: autoDraw = True
83.6098 	EXP 	text: autoDraw = True
83.6267 	EXP 	text: autoDraw = True
83.6431 	EXP 	text: autoDraw = True
83.6601 	EXP 	text: autoDraw = True
83.6765 	EXP 	text: autoDraw = True
83.6930 	EXP 	text: autoDraw = True
83.7093 	EXP 	text: autoDraw = True
83.7269 	EXP 	text: autoDraw = True
83.7432 	EXP 	text: autoDraw = True
83.7599 	EXP 	text: autoDraw = True
83.7763 	EXP 	text: autoDraw = True
83.7934 	EXP 	text: autoDraw = True
83.8083 	EXP 	text: autoDraw = True
83.8266 	EXP 	text: autoDraw = True
83.8434 	EXP 	text: autoDraw = True
83.8601 	EXP 	text: autoDraw = True
83.8765 	EXP 	text: autoDraw = True
83.8934 	EXP 	text: autoDraw = True
83.9103 	EXP 	text: autoDraw = True
83.9270 	EXP 	text: autoDraw = True
83.9434 	EXP 	text: autoDraw = True
83.9601 	EXP 	text: autoDraw = True
83.9765 	EXP 	text: autoDraw = True
83.9923 	EXP 	text: autoDraw = True
84.0100 	EXP 	text: autoDraw = True
84.0267 	EXP 	text: autoDraw = True
84.0428 	EXP 	text: autoDraw = True
84.0599 	EXP 	text: autoDraw = True
84.0760 	EXP 	text: autoDraw = True
84.0934 	EXP 	text: autoDraw = True
84.1100 	EXP 	text: autoDraw = True
84.1255 	EXP 	text: autoDraw = True
84.1425 	EXP 	text: autoDraw = True
84.1585 	EXP 	text: autoDraw = True
84.1754 	EXP 	text: autoDraw = True
84.1799 	DATA 	Keypress: escape
84.1926 	EXP 	text: autoDraw = False
84.5373 	EXP 	window1: mouseVisible = True
