11.4142 	ERROR 	Screen apparently NOT the desired resolution of 2560x1440 pixels!!
17.8943 	WARNING 	Couldn't measure a consistent frame rate.
  - Is your graphics card set to sync to vertical blank?
  - Are you running other processes on your computer?

18.2748 	INFO 	Successfully set darwin thread to realtime
18.2758 	WARNING 	t of last frame was 381.56ms (=1/2)
19.3290 	INFO 	#[ PsychoPy3 RuntimeInfoStart ]
  #[[ PsychoPy ]] #---------
    psychopyVersion: 3.2.3
    psychopyHaveExtRush: True
  #[[ Experiment ]] #---------
    experimentRunTime: 2019_11_07 14:00 (Year_Month_Day Hour:Min)
    experimentRunTime.epoch: 1573153215
    experimentScript: Time_perception_with_heterogenous_looming_dots.py
    experimentScript.digestSHA1: 4b9af0c770278a8b7b59a0bc5884cfef826ed4a2
    experimentScript.directory: /Users/vsg/Documents/GitHub/spatio_temporal_information_processing/Time_Subjective_Expansion/Object_files_and_Time_representation
  #[[ System ]] #---------
    systemHaveInternetAccess: True
    systemHostName: pbs-jf-imac.local
    systemLocale: C
    systemMemFreeRAM: 875.70703125
    systemMemTotalRAM: 8192.0
    systemPlatform: darwin 10.13.6 x86_64
    systemPyoVersion: -
    systemRebooted: Nov 4 16:52
    systemSec.OpenSSLVersion: LibreSSL 2.2.7
    systemSec.pythonSSL: True
    systemTimeNumpySD1000000_sec: 0.0046
    systemUser: vsg
    systemUserID: 502
    systemUsersCount: 1
  #[[ Window ]] #---------
    windowWinType: pyglet
    windowUnits: deg
    windowSize_pix: [5120 2880]
    windowScreen: 0
    windowRgb: [255. 255. 255.]
    windowRefreshTimeSD_ms: 0.460
    windowRefreshTimeMedian_ms: 16.610
    windowRefreshTimeAvg_ms: 16.660
    windowPos_pix: [0.0, 0.0]
    windowMonitor.name: testmonitor
    windowMonitor.getWidth_cm: 52.0
    windowMonitor.getDistance_cm: 65.0
    windowMonitor.currentCalibName: 2019_09_24 14:26
    windowIsFullScr: True
  #[[ Python ]] #---------
    pythonVersion: 3.6.1
  #[[ OpenGL ]] #---------
#[ PsychoPy3 RuntimeInfoEnd ]

19.4259 	EXP 	Created text = TextStim(__class__=<class 'psychopy.visual.text.TextStim'>, alignHoriz='center', alignVert='center', antialias=True, autoLog=True, bold=False, color='black', colorSpace='named', contrast=1.0, depth=-1.0, flipHoriz=False, flipVert=False, font='Arial', fontFiles=[], height=0.35, italic=False, languageStyle='LTR', name='text', opacity=1.0, ori=0, pos=array([0., 0.]), rgb=array([0., 0., 0.]), text=str(...), units='deg', win=Window(...), wrapWidth=20)
19.4323 	EXP 	Created text = TextStim(__class__=<class 'psychopy.visual.text.TextStim'>, alignHoriz='center', alignVert='center', antialias=True, autoLog=True, bold=False, color='black', colorSpace='named', contrast=1.0, depth=-1.0, flipHoriz=False, flipVert=False, font='Arial', fontFiles=[], height=0.35, italic=False, languageStyle='LTR', name='text', opacity=1.0, ori=0, pos=array([5., 5.]), rgb=array([0., 0., 0.]), text='Total points : 0', units='deg', win=Window(...), wrapWidth=20)
19.5046 	WARNING 	t of last frame was 176.64ms (=1/5)
19.5046 	EXP 	text: text = 'Welcome! Thank you for agreeing to participate in this study.\n\nYou will be presented with a scene that contains upto 3 objects.\n\nThese objects are looming discs - that either loom together, or independently.\n\nYou are supposed to judge the duration of the scene as a whole.\n\nAfter the scene ends, you are required to reproduce the duration of the scene by pressing and holding [SPACE BAR].\n\nOne more thing! You will perform this task while fixating the center of the screen. \n\nPress any key to continue to the next page. \n\n'
19.5046 	EXP 	text: autoDraw = True
99.0954 	DATA 	Keypress: space
99.0966 	WARNING 	t of last frame was 79591.99ms (=1/0)
99.0966 	EXP 	text: autoDraw = False
99.1786 	WARNING 	t of last frame was 81.99ms (=1/12)
99.1786 	EXP 	text: text = "We really want you to be as accurate as you can. So a game will be played to make it more fun. We want you to hold down the space bar for as long as you saw the scene lasted, but no longer! The closer you get to the right answer, the more points we will award you in that trial. But if you go over the actual duration you won't get any points on that trial. So you need to be as accurate as possible without going over to earn the max. Each trial will be for 10 points. There are about 100 trials. If you collect a total of 600 points by the end, we will double the credit you get for the experiment.\n\nIf you're feeling uncomfortable, you can press ESC key any time to stop the experiment.\n\nPress any key you are ready to do some practice trials.\n\n"
99.1786 	EXP 	text: autoDraw = True
142.2136 	DATA 	Keypress: space
142.2147 	WARNING 	Multiple dropped frames have occurred - I'll stop bothering you about them!
142.2147 	EXP 	text: autoDraw = False
142.2349 	EXP 	text: autoDraw = True
144.3669 	EXP 	text: text = 'Press and hold [SPACE] to report the duration of the scene.'
144.3669 	EXP 	text: autoDraw = True
145.5415 	DATA 	Keypress: space
145.5489 	EXP 	text: autoDraw = False
146.3717 	WARNING 	Stopping key buffers but this could be dangerous ifother keyboards rely on the same.
146.3885 	EXP 	text: text = 'Total points : 0'
146.3885 	EXP 	text: text = 'Your response exceeded the actual time.\n\n Press [SPACE] to advance'
146.3885 	EXP 	text: autoDraw = True
148.4055 	DATA 	Keypress: space
148.4132 	EXP 	text: autoDraw = False
150.6510 	EXP 	text: text = 'Press and hold [SPACE] to report the duration of the scene.'
150.6510 	EXP 	text: autoDraw = True
151.6216 	DATA 	Keypress: space
151.6294 	EXP 	text: autoDraw = False
152.3158 	WARNING 	Stopping key buffers but this could be dangerous ifother keyboards rely on the same.
152.3411 	EXP 	text: text = 'You earned 6.0 out of 10 points in this round.\n\n Press [SPACE] to advance'
152.3411 	EXP 	text: autoDraw = True
154.8054 	DATA 	Keypress: space
154.8130 	EXP 	text: autoDraw = False
154.8257 	EXP 	text: text = 'Total points : 6.0'
157.3818 	EXP 	text: text = 'Press and hold [SPACE] to report the duration of the scene.'
157.3818 	EXP 	text: autoDraw = True
158.0618 	DATA 	Keypress: space
158.0697 	EXP 	text: autoDraw = False
158.7878 	WARNING 	Stopping key buffers but this could be dangerous ifother keyboards rely on the same.
158.8177 	EXP 	text: text = 'You earned 3.5 out of 10 points in this round.\n\n Press [SPACE] to advance'
158.8177 	EXP 	text: autoDraw = True
158.8616 	DATA 	Keypress: space
158.8650 	EXP 	text: autoDraw = False
158.8924 	EXP 	text: text = 'Total points : 9.5'
158.8924 	EXP 	text: text = 'Total points : 0'
158.8924 	EXP 	text: text = 'Great! Now press any key to begin the experiment'
158.8924 	EXP 	text: autoDraw = True
184.7734 	DATA 	Keypress: space
184.7811 	EXP 	text: autoDraw = False
186.8092 	EXP 	text: text = 'Press and hold [SPACE] to report the duration of the scene.'
186.8092 	EXP 	text: autoDraw = True
187.9416 	DATA 	Keypress: space
187.9489 	EXP 	text: autoDraw = False
188.4760 	WARNING 	Stopping key buffers but this could be dangerous ifother keyboards rely on the same.
188.4938 	EXP 	text: text = 'You earned 6.5 out of 10 points in this round.\n\n Press [SPACE] to advance'
188.4938 	EXP 	text: autoDraw = True
189.6534 	DATA 	Keypress: space
189.6607 	EXP 	text: autoDraw = False
189.6703 	EXP 	text: text = 'Total points : 6.5'
191.6780 	EXP 	text: text = 'Press and hold [SPACE] to report the duration of the scene.'
191.6780 	EXP 	text: autoDraw = True
192.8054 	DATA 	Keypress: space
192.8127 	EXP 	text: autoDraw = False
193.2841 	WARNING 	Stopping key buffers but this could be dangerous ifother keyboards rely on the same.
193.2952 	EXP 	text: text = 'You earned 5.8 out of 10 points in this round.\n\n Press [SPACE] to advance'
193.2952 	EXP 	text: autoDraw = True
194.4453 	DATA 	Keypress: space
194.4513 	EXP 	text: autoDraw = False
194.4742 	EXP 	text: text = 'Total points : 12.3'
196.4798 	EXP 	text: text = 'Press and hold [SPACE] to report the duration of the scene.'
196.4798 	EXP 	text: autoDraw = True
197.4855 	DATA 	Keypress: space
197.4927 	EXP 	text: autoDraw = False
198.1880 	WARNING 	Stopping key buffers but this could be dangerous ifother keyboards rely on the same.
198.2048 	EXP 	text: text = 'You earned 9.1 out of 10 points in this round.\n\n Press [SPACE] to advance'
198.2048 	EXP 	text: autoDraw = True
199.1174 	DATA 	Keypress: space
199.1246 	EXP 	text: autoDraw = False
199.1422 	EXP 	text: text = 'Total points : 21.4'
201.1472 	EXP 	text: text = 'Press and hold [SPACE] to report the duration of the scene.'
201.1472 	EXP 	text: autoDraw = True
202.2294 	DATA 	Keypress: space
202.2368 	EXP 	text: autoDraw = False
202.9400 	WARNING 	Stopping key buffers but this could be dangerous ifother keyboards rely on the same.
202.9567 	EXP 	text: text = 'You earned 9.3 out of 10 points in this round.\n\n Press [SPACE] to advance'
202.9567 	EXP 	text: autoDraw = True
203.8774 	DATA 	Keypress: space
203.8847 	EXP 	text: autoDraw = False
203.8929 	EXP 	text: text = 'Total points : 30.7'
205.8991 	EXP 	text: text = 'Press and hold [SPACE] to report the duration of the scene.'
205.8991 	EXP 	text: autoDraw = True
206.9495 	DATA 	Keypress: space
206.9556 	EXP 	text: autoDraw = False
207.6199 	WARNING 	Stopping key buffers but this could be dangerous ifother keyboards rely on the same.
207.6380 	EXP 	text: text = 'You earned 8.6 out of 10 points in this round.\n\n Press [SPACE] to advance'
207.6380 	EXP 	text: autoDraw = True
208.3174 	DATA 	Keypress: space
208.3229 	EXP 	text: autoDraw = False
208.3444 	EXP 	text: text = 'Total points : 39.3'
210.3512 	EXP 	text: text = 'Press and hold [SPACE] to report the duration of the scene.'
210.3512 	EXP 	text: autoDraw = True
211.3975 	DATA 	Keypress: space
211.4049 	EXP 	text: autoDraw = False
212.1800 	WARNING 	Stopping key buffers but this could be dangerous ifother keyboards rely on the same.
212.1969 	EXP 	text: text = 'Total points : 39.3'
212.1969 	EXP 	text: text = 'Your response exceeded the actual time.\n\n Press [SPACE] to advance'
212.1969 	EXP 	text: autoDraw = True
212.9253 	DATA 	Keypress: space
212.9326 	EXP 	text: autoDraw = False
214.9705 	EXP 	text: text = 'Press and hold [SPACE] to report the duration of the scene.'
214.9705 	EXP 	text: autoDraw = True
216.2375 	DATA 	Keypress: space
216.2445 	EXP 	text: autoDraw = False
216.9960 	WARNING 	Stopping key buffers but this could be dangerous ifother keyboards rely on the same.
217.0112 	EXP 	text: text = 'Total points : 39.3'
217.0112 	EXP 	text: text = 'Your response exceeded the actual time.\n\n Press [SPACE] to advance'
217.0112 	EXP 	text: autoDraw = True
217.6374 	DATA 	Keypress: space
217.6444 	EXP 	text: autoDraw = False
219.6878 	EXP 	text: text = 'Press and hold [SPACE] to report the duration of the scene.'
219.6878 	EXP 	text: autoDraw = True
220.4535 	DATA 	Keypress: space
220.4596 	EXP 	text: autoDraw = False
220.5639 	WARNING 	Stopping key buffers but this could be dangerous ifother keyboards rely on the same.
220.5763 	EXP 	text: text = 'You earned 2.8 out of 10 points in this round.\n\n Press [SPACE] to advance'
220.5763 	EXP 	text: autoDraw = True
222.0853 	DATA 	Keypress: space
222.0926 	EXP 	text: autoDraw = False
222.1133 	EXP 	text: text = 'Total points : 42.1'
224.1237 	EXP 	text: text = 'Press and hold [SPACE] to report the duration of the scene.'
224.1237 	EXP 	text: autoDraw = True
225.2454 	DATA 	Keypress: space
225.2526 	EXP 	text: autoDraw = False
225.8839 	WARNING 	Stopping key buffers but this could be dangerous ifother keyboards rely on the same.
225.9014 	EXP 	text: text = 'You earned 8.0 out of 10 points in this round.\n\n Press [SPACE] to advance'
225.9014 	EXP 	text: autoDraw = True
226.5253 	DATA 	Keypress: space
226.5323 	EXP 	text: autoDraw = False
226.5486 	EXP 	text: text = 'Total points : 50.1'
228.5582 	EXP 	text: text = 'Press and hold [SPACE] to report the duration of the scene.'
228.5582 	EXP 	text: autoDraw = True
229.2055 	DATA 	Keypress: space
229.2125 	EXP 	text: autoDraw = False
229.2919 	WARNING 	Stopping key buffers but this could be dangerous ifother keyboards rely on the same.
229.3046 	EXP 	text: text = 'You earned 2.7 out of 10 points in this round.\n\n Press [SPACE] to advance'
229.3046 	EXP 	text: autoDraw = True
230.2214 	DATA 	Keypress: space
230.2286 	EXP 	text: autoDraw = False
230.2497 	EXP 	text: text = 'Total points : 52.8'
232.2576 	EXP 	text: text = 'Press and hold [SPACE] to report the duration of the scene.'
232.2576 	EXP 	text: autoDraw = True
233.5094 	DATA 	Keypress: space
233.5165 	EXP 	text: autoDraw = False
234.0281 	WARNING 	Stopping key buffers but this could be dangerous ifother keyboards rely on the same.
234.0456 	EXP 	text: text = 'You earned 6.3 out of 10 points in this round.\n\n Press [SPACE] to advance'
234.0456 	EXP 	text: autoDraw = True
234.7574 	DATA 	Keypress: space
234.7641 	EXP 	text: autoDraw = False
234.7859 	EXP 	text: text = 'Total points : 59.1'
236.8754 	EXP 	text: text = 'Press and hold [SPACE] to report the duration of the scene.'
236.8754 	EXP 	text: autoDraw = True
237.7333 	DATA 	Keypress: space
237.7406 	EXP 	text: autoDraw = False
238.3959 	WARNING 	Stopping key buffers but this could be dangerous ifother keyboards rely on the same.
238.4137 	EXP 	text: text = 'You earned 7.2 out of 10 points in this round.\n\n Press [SPACE] to advance'
238.4137 	EXP 	text: autoDraw = True
239.0374 	DATA 	Keypress: space
239.0448 	EXP 	text: autoDraw = False
239.0521 	EXP 	text: text = 'Total points : 66.3'
241.1274 	EXP 	text: text = 'Press and hold [SPACE] to report the duration of the scene.'
241.1274 	EXP 	text: autoDraw = True
241.9096 	DATA 	Keypress: space
241.9165 	EXP 	text: autoDraw = False
242.4040 	WARNING 	Stopping key buffers but this could be dangerous ifother keyboards rely on the same.
242.4181 	EXP 	text: text = 'You earned 5.2 out of 10 points in this round.\n\n Press [SPACE] to advance'
242.4181 	EXP 	text: autoDraw = True
242.9654 	DATA 	Keypress: space
242.9727 	EXP 	text: autoDraw = False
242.9885 	EXP 	text: text = 'Total points : 71.5'
244.9959 	EXP 	text: text = 'Press and hold [SPACE] to report the duration of the scene.'
244.9959 	EXP 	text: autoDraw = True
245.7414 	DATA 	Keypress: space
245.7487 	EXP 	text: autoDraw = False
246.2040 	WARNING 	Stopping key buffers but this could be dangerous ifother keyboards rely on the same.
246.2191 	EXP 	text: text = 'You earned 5.6 out of 10 points in this round.\n\n Press [SPACE] to advance'
246.2191 	EXP 	text: autoDraw = True
246.7414 	DATA 	Keypress: space
246.7487 	EXP 	text: autoDraw = False
246.7553 	EXP 	text: text = 'Total points : 77.1'
248.7644 	EXP 	text: text = 'Press and hold [SPACE] to report the duration of the scene.'
248.7644 	EXP 	text: autoDraw = True
249.7414 	DATA 	Keypress: space
249.7486 	EXP 	text: autoDraw = False
250.3480 	WARNING 	Stopping key buffers but this could be dangerous ifother keyboards rely on the same.
250.3656 	EXP 	text: text = 'You earned 7.5 out of 10 points in this round.\n\n Press [SPACE] to advance'
250.3656 	EXP 	text: autoDraw = True
250.8535 	DATA 	Keypress: space
250.8607 	EXP 	text: autoDraw = False
250.8729 	EXP 	text: text = 'Total points : 84.6'
252.8809 	EXP 	text: text = 'Press and hold [SPACE] to report the duration of the scene.'
252.8809 	EXP 	text: autoDraw = True
253.7174 	DATA 	Keypress: space
253.7244 	EXP 	text: autoDraw = False
254.2999 	WARNING 	Stopping key buffers but this could be dangerous ifother keyboards rely on the same.
254.3178 	EXP 	text: text = 'You earned 7.2 out of 10 points in this round.\n\n Press [SPACE] to advance'
254.3178 	EXP 	text: autoDraw = True
254.8455 	DATA 	Keypress: space
254.8527 	EXP 	text: autoDraw = False
254.8751 	EXP 	text: text = 'Total points : 91.8'
256.9657 	EXP 	text: text = 'Press and hold [SPACE] to report the duration of the scene.'
256.9657 	EXP 	text: autoDraw = True
257.6773 	DATA 	Keypress: space
257.6848 	EXP 	text: autoDraw = False
258.3480 	WARNING 	Stopping key buffers but this could be dangerous ifother keyboards rely on the same.
258.3660 	EXP 	text: text = 'You earned 7.4 out of 10 points in this round.\n\n Press [SPACE] to advance'
258.3660 	EXP 	text: autoDraw = True
258.8614 	DATA 	Keypress: space
258.8688 	EXP 	text: autoDraw = False
258.8755 	EXP 	text: text = 'Total points : 99.2'
260.9666 	EXP 	text: text = 'Press and hold [SPACE] to report the duration of the scene.'
260.9666 	EXP 	text: autoDraw = True
261.7414 	DATA 	Keypress: space
261.7488 	EXP 	text: autoDraw = False
262.2440 	WARNING 	Stopping key buffers but this could be dangerous ifother keyboards rely on the same.
262.2615 	EXP 	text: text = 'You earned 5.3 out of 10 points in this round.\n\n Press [SPACE] to advance'
262.2615 	EXP 	text: autoDraw = True
262.7173 	DATA 	Keypress: space
262.7236 	EXP 	text: autoDraw = False
262.7435 	EXP 	text: text = 'Total points : 104.5'
264.7534 	EXP 	text: text = 'Press and hold [SPACE] to report the duration of the scene.'
264.7534 	EXP 	text: autoDraw = True
265.5415 	DATA 	Keypress: space
265.5487 	EXP 	text: autoDraw = False
266.2600 	WARNING 	Stopping key buffers but this could be dangerous ifother keyboards rely on the same.
266.2771 	EXP 	text: text = 'You earned 9.4 out of 10 points in this round.\n\n Press [SPACE] to advance'
266.2771 	EXP 	text: autoDraw = True
266.8694 	DATA 	Keypress: space
266.8750 	EXP 	text: autoDraw = False
266.8947 	EXP 	text: text = 'Total points : 113.9'
268.9042 	EXP 	text: text = 'Press and hold [SPACE] to report the duration of the scene.'
268.9042 	EXP 	text: autoDraw = True
269.9014 	DATA 	Keypress: space
269.9088 	EXP 	text: autoDraw = False
270.5719 	WARNING 	Stopping key buffers but this could be dangerous ifother keyboards rely on the same.
270.5896 	EXP 	text: text = 'You earned 8.6 out of 10 points in this round.\n\n Press [SPACE] to advance'
270.5896 	EXP 	text: autoDraw = True
271.1733 	DATA 	Keypress: space
271.1804 	EXP 	text: autoDraw = False
271.1960 	EXP 	text: text = 'Total points : 122.5'
273.2056 	EXP 	text: text = 'Press and hold [SPACE] to report the duration of the scene.'
273.2056 	EXP 	text: autoDraw = True
274.1014 	DATA 	Keypress: space
274.1087 	EXP 	text: autoDraw = False
274.7320 	WARNING 	Stopping key buffers but this could be dangerous ifother keyboards rely on the same.
274.7495 	EXP 	text: text = 'You earned 7.9 out of 10 points in this round.\n\n Press [SPACE] to advance'
274.7495 	EXP 	text: autoDraw = True
275.2936 	DATA 	Keypress: space
275.3009 	EXP 	text: autoDraw = False
275.3151 	EXP 	text: text = 'Total points : 130.4'
277.3227 	EXP 	text: text = 'Press and hold [SPACE] to report the duration of the scene.'
277.3227 	EXP 	text: autoDraw = True
278.0455 	DATA 	Keypress: space
278.0527 	EXP 	text: autoDraw = False
278.6761 	WARNING 	Stopping key buffers but this could be dangerous ifother keyboards rely on the same.
278.6939 	EXP 	text: text = 'You earned 7.9 out of 10 points in this round.\n\n Press [SPACE] to advance'
278.6939 	EXP 	text: autoDraw = True
279.1894 	DATA 	Keypress: space
279.1956 	EXP 	text: autoDraw = False
279.2170 	EXP 	text: text = 'Total points : 138.3'
281.2230 	EXP 	text: text = 'Press and hold [SPACE] to report the duration of the scene.'
281.2230 	EXP 	text: autoDraw = True
281.9334 	DATA 	Keypress: space
281.9408 	EXP 	text: autoDraw = False
282.7240 	WARNING 	Stopping key buffers but this could be dangerous ifother keyboards rely on the same.
282.7411 	EXP 	text: text = 'Total points : 138.3'
282.7411 	EXP 	text: text = 'Your response exceeded the actual time.\n\n Press [SPACE] to advance'
282.7411 	EXP 	text: autoDraw = True
283.3094 	DATA 	Keypress: space
283.3163 	EXP 	text: autoDraw = False
285.4414 	EXP 	text: text = 'Press and hold [SPACE] to report the duration of the scene.'
285.4414 	EXP 	text: autoDraw = True
286.1175 	DATA 	Keypress: space
286.1247 	EXP 	text: autoDraw = False
286.7719 	WARNING 	Stopping key buffers but this could be dangerous ifother keyboards rely on the same.
286.7896 	EXP 	text: text = 'You earned 7.1 out of 10 points in this round.\n\n Press [SPACE] to advance'
286.7896 	EXP 	text: autoDraw = True
287.2614 	DATA 	Keypress: space
287.2685 	EXP 	text: autoDraw = False
287.2848 	EXP 	text: text = 'Total points : 145.4'
289.3615 	EXP 	text: text = 'Press and hold [SPACE] to report the duration of the scene.'
289.3615 	EXP 	text: autoDraw = True
290.2134 	DATA 	Keypress: space
290.2204 	EXP 	text: autoDraw = False
290.8759 	WARNING 	Stopping key buffers but this could be dangerous ifother keyboards rely on the same.
290.8937 	EXP 	text: text = 'You earned 7.2 out of 10 points in this round.\n\n Press [SPACE] to advance'
290.8937 	EXP 	text: autoDraw = True
291.3974 	DATA 	Keypress: space
291.4045 	EXP 	text: autoDraw = False
291.4191 	EXP 	text: text = 'Total points : 152.6'
293.4956 	EXP 	text: text = 'Press and hold [SPACE] to report the duration of the scene.'
293.4956 	EXP 	text: autoDraw = True
294.1095 	DATA 	Keypress: space
294.1167 	EXP 	text: autoDraw = False
294.7240 	WARNING 	Stopping key buffers but this could be dangerous ifother keyboards rely on the same.
294.7417 	EXP 	text: text = 'You earned 6.6 out of 10 points in this round.\n\n Press [SPACE] to advance'
294.7417 	EXP 	text: autoDraw = True
295.2135 	DATA 	Keypress: space
295.2204 	EXP 	text: autoDraw = False
295.2373 	EXP 	text: text = 'Total points : 159.2'
297.2453 	EXP 	text: text = 'Press and hold [SPACE] to report the duration of the scene.'
297.2453 	EXP 	text: autoDraw = True
297.8055 	DATA 	Keypress: space
297.8128 	EXP 	text: autoDraw = False
298.4519 	WARNING 	Stopping key buffers but this could be dangerous ifother keyboards rely on the same.
298.4696 	EXP 	text: text = 'You earned 8.2 out of 10 points in this round.\n\n Press [SPACE] to advance'
298.4696 	EXP 	text: autoDraw = True
298.9414 	DATA 	Keypress: space
298.9487 	EXP 	text: autoDraw = False
298.9554 	EXP 	text: text = 'Total points : 167.4'
300.9631 	EXP 	text: text = 'Press and hold [SPACE] to report the duration of the scene.'
300.9631 	EXP 	text: autoDraw = True
301.7174 	DATA 	Keypress: space
301.7248 	EXP 	text: autoDraw = False
302.3159 	WARNING 	Stopping key buffers but this could be dangerous ifother keyboards rely on the same.
302.3340 	EXP 	text: text = 'You earned 7.4 out of 10 points in this round.\n\n Press [SPACE] to advance'
302.3340 	EXP 	text: autoDraw = True
302.8295 	DATA 	Keypress: space
302.8364 	EXP 	text: autoDraw = False
302.8564 	EXP 	text: text = 'Total points : 174.8'
305.0162 	EXP 	text: text = 'Press and hold [SPACE] to report the duration of the scene.'
305.0162 	EXP 	text: autoDraw = True
305.7015 	DATA 	Keypress: space
305.7085 	EXP 	text: autoDraw = False
306.3720 	WARNING 	Stopping key buffers but this could be dangerous ifother keyboards rely on the same.
306.3899 	EXP 	text: text = 'You earned 6.3 out of 10 points in this round.\n\n Press [SPACE] to advance'
306.3899 	EXP 	text: autoDraw = True
306.8854 	DATA 	Keypress: space
306.8924 	EXP 	text: autoDraw = False
306.9078 	EXP 	text: text = 'Total points : 181.1'
309.0674 	EXP 	text: text = 'Press and hold [SPACE] to report the duration of the scene.'
309.0674 	EXP 	text: autoDraw = True
309.7096 	DATA 	Keypress: space
309.7170 	EXP 	text: autoDraw = False
310.5000 	WARNING 	Stopping key buffers but this could be dangerous ifother keyboards rely on the same.
310.5176 	EXP 	text: text = 'You earned 8.1 out of 10 points in this round.\n\n Press [SPACE] to advance'
310.5176 	EXP 	text: autoDraw = True
311.0133 	DATA 	Keypress: space
311.0206 	EXP 	text: autoDraw = False
311.0428 	EXP 	text: text = 'Total points : 189.2'
313.1339 	EXP 	text: text = 'Press and hold [SPACE] to report the duration of the scene.'
313.1339 	EXP 	text: autoDraw = True
313.6694 	DATA 	Keypress: space
313.6765 	EXP 	text: autoDraw = False
314.4519 	WARNING 	Stopping key buffers but this could be dangerous ifother keyboards rely on the same.
314.4697 	EXP 	text: text = 'You earned 9.2 out of 10 points in this round.\n\n Press [SPACE] to advance'
314.4697 	EXP 	text: autoDraw = True
314.9573 	DATA 	Keypress: space
314.9647 	EXP 	text: autoDraw = False
314.9772 	EXP 	text: text = 'Total points : 198.4'
316.9846 	EXP 	text: text = 'Press and hold [SPACE] to report the duration of the scene.'
316.9846 	EXP 	text: autoDraw = True
317.6135 	DATA 	Keypress: space
317.6209 	EXP 	text: autoDraw = False
318.2600 	WARNING 	Stopping key buffers but this could be dangerous ifother keyboards rely on the same.
318.2770 	EXP 	text: text = 'You earned 8.2 out of 10 points in this round.\n\n Press [SPACE] to advance'
318.2770 	EXP 	text: autoDraw = True
318.7894 	DATA 	Keypress: space
318.7967 	EXP 	text: autoDraw = False
318.8132 	EXP 	text: text = 'Total points : 206.6'
320.9701 	EXP 	text: text = 'Press and hold [SPACE] to report the duration of the scene.'
320.9701 	EXP 	text: autoDraw = True
321.5255 	DATA 	Keypress: space
321.5329 	EXP 	text: autoDraw = False
322.1559 	WARNING 	Stopping key buffers but this could be dangerous ifother keyboards rely on the same.
322.1736 	EXP 	text: text = 'You earned 5.9 out of 10 points in this round.\n\n Press [SPACE] to advance'
322.1736 	EXP 	text: autoDraw = True
322.6456 	DATA 	Keypress: space
322.6528 	EXP 	text: autoDraw = False
322.6626 	EXP 	text: text = 'Total points : 212.5'
324.7391 	EXP 	text: text = 'Press and hold [SPACE] to report the duration of the scene.'
324.7391 	EXP 	text: autoDraw = True
325.4374 	DATA 	Keypress: space
325.4438 	EXP 	text: autoDraw = False
326.0839 	WARNING 	Stopping key buffers but this could be dangerous ifother keyboards rely on the same.
326.1017 	EXP 	text: text = 'You earned 7.0 out of 10 points in this round.\n\n Press [SPACE] to advance'
326.1017 	EXP 	text: autoDraw = True
326.6294 	DATA 	Keypress: space
326.6367 	EXP 	text: autoDraw = False
326.6486 	EXP 	text: text = 'Total points : 219.5'
328.7237 	EXP 	text: text = 'Press and hold [SPACE] to report the duration of the scene.'
328.7237 	EXP 	text: autoDraw = True
329.2774 	DATA 	Keypress: space
329.2848 	EXP 	text: autoDraw = False
329.9640 	WARNING 	Stopping key buffers but this could be dangerous ifother keyboards rely on the same.
329.9810 	EXP 	text: text = 'You earned 7.6 out of 10 points in this round.\n\n Press [SPACE] to advance'
329.9810 	EXP 	text: autoDraw = True
330.5174 	DATA 	Keypress: space
330.5248 	EXP 	text: autoDraw = False
330.5321 	EXP 	text: text = 'Total points : 227.1'
332.5400 	EXP 	text: text = 'Press and hold [SPACE] to report the duration of the scene.'
332.5400 	EXP 	text: autoDraw = True
333.0936 	DATA 	Keypress: space
333.1006 	EXP 	text: autoDraw = False
333.7960 	WARNING 	Stopping key buffers but this could be dangerous ifother keyboards rely on the same.
333.8138 	EXP 	text: text = 'You earned 9.1 out of 10 points in this round.\n\n Press [SPACE] to advance'
333.8138 	EXP 	text: autoDraw = True
334.2693 	DATA 	Keypress: space
334.2766 	EXP 	text: autoDraw = False
334.2832 	EXP 	text: text = 'Total points : 236.2'
336.2910 	EXP 	text: text = 'Press and hold [SPACE] to report the duration of the scene.'
336.2910 	EXP 	text: autoDraw = True
337.0055 	DATA 	Keypress: space
337.0128 	EXP 	text: autoDraw = False
337.5799 	WARNING 	Stopping key buffers but this could be dangerous ifother keyboards rely on the same.
337.5981 	EXP 	text: text = 'You earned 7.1 out of 10 points in this round.\n\n Press [SPACE] to advance'
337.5981 	EXP 	text: autoDraw = True
338.0855 	DATA 	Keypress: space
338.0927 	EXP 	text: autoDraw = False
338.1013 	EXP 	text: text = 'Total points : 243.3'
340.1099 	EXP 	text: text = 'Press and hold [SPACE] to report the duration of the scene.'
340.1099 	EXP 	text: autoDraw = True
340.8214 	DATA 	Keypress: space
340.8288 	EXP 	text: autoDraw = False
341.5560 	WARNING 	Stopping key buffers but this could be dangerous ifother keyboards rely on the same.
341.5743 	EXP 	text: text = 'You earned 9.7 out of 10 points in this round.\n\n Press [SPACE] to advance'
341.5743 	EXP 	text: autoDraw = True
342.0452 	DATA 	Keypress: space
342.0522 	EXP 	text: autoDraw = False
342.0688 	EXP 	text: text = 'Total points : 253.0'
344.0789 	EXP 	text: text = 'Press and hold [SPACE] to report the duration of the scene.'
344.0789 	EXP 	text: autoDraw = True
344.6374 	DATA 	Keypress: space
344.6448 	EXP 	text: autoDraw = False
345.3000 	WARNING 	Stopping key buffers but this could be dangerous ifother keyboards rely on the same.
345.3182 	EXP 	text: text = 'You earned 8.4 out of 10 points in this round.\n\n Press [SPACE] to advance'
345.3182 	EXP 	text: autoDraw = True
345.7814 	DATA 	Keypress: space
345.7884 	EXP 	text: autoDraw = False
345.8038 	EXP 	text: text = 'Total points : 261.4'
347.8779 	EXP 	text: text = 'Press and hold [SPACE] to report the duration of the scene.'
347.8779 	EXP 	text: autoDraw = True
348.3895 	DATA 	Keypress: space
348.3968 	EXP 	text: autoDraw = False
349.1000 	WARNING 	Stopping key buffers but this could be dangerous ifother keyboards rely on the same.
349.1184 	EXP 	text: text = 'You earned 8.0 out of 10 points in this round.\n\n Press [SPACE] to advance'
349.1184 	EXP 	text: autoDraw = True
349.5893 	DATA 	Keypress: space
349.5966 	EXP 	text: autoDraw = False
349.6051 	EXP 	text: text = 'Total points : 269.4'
351.8299 	EXP 	text: text = 'Press and hold [SPACE] to report the duration of the scene.'
351.8299 	EXP 	text: autoDraw = True
352.5655 	DATA 	Keypress: space
352.5725 	EXP 	text: autoDraw = False
353.2600 	WARNING 	Stopping key buffers but this could be dangerous ifother keyboards rely on the same.
353.2783 	EXP 	text: text = 'You earned 5.7 out of 10 points in this round.\n\n Press [SPACE] to advance'
353.2783 	EXP 	text: autoDraw = True
353.7895 	DATA 	Keypress: space
353.7967 	EXP 	text: autoDraw = False
353.8065 	EXP 	text: text = 'Total points : 275.1'
355.8982 	EXP 	text: text = 'Press and hold [SPACE] to report the duration of the scene.'
355.8982 	EXP 	text: autoDraw = True
356.4775 	DATA 	Keypress: space
356.4848 	EXP 	text: autoDraw = False
357.3079 	WARNING 	Stopping key buffers but this could be dangerous ifother keyboards rely on the same.
357.3255 	EXP 	text: text = 'You earned 9.9 out of 10 points in this round.\n\n Press [SPACE] to advance'
357.3255 	EXP 	text: autoDraw = True
357.8054 	DATA 	Keypress: space
357.8128 	EXP 	text: autoDraw = False
357.8238 	EXP 	text: text = 'Total points : 285.0'
359.8341 	EXP 	text: text = 'Press and hold [SPACE] to report the duration of the scene.'
359.8341 	EXP 	text: autoDraw = True
360.5015 	DATA 	Keypress: space
360.5085 	EXP 	text: autoDraw = False
361.1719 	WARNING 	Stopping key buffers but this could be dangerous ifother keyboards rely on the same.
361.1906 	EXP 	text: text = 'You earned 8.6 out of 10 points in this round.\n\n Press [SPACE] to advance'
361.1906 	EXP 	text: autoDraw = True
361.6453 	DATA 	Keypress: space
361.6526 	EXP 	text: autoDraw = False
361.6595 	EXP 	text: text = 'Total points : 293.6'
363.8853 	EXP 	text: text = 'Press and hold [SPACE] to report the duration of the scene.'
363.8853 	EXP 	text: autoDraw = True
364.4775 	DATA 	Keypress: space
364.4851 	EXP 	text: autoDraw = False
365.1720 	WARNING 	Stopping key buffers but this could be dangerous ifother keyboards rely on the same.
365.1897 	EXP 	text: text = 'You earned 5.7 out of 10 points in this round.\n\n Press [SPACE] to advance'
365.1897 	EXP 	text: autoDraw = True
365.6534 	DATA 	Keypress: space
365.6603 	EXP 	text: autoDraw = False
365.6769 	EXP 	text: text = 'Total points : 299.3'
367.9848 	EXP 	text: text = 'Press and hold [SPACE] to report the duration of the scene.'
367.9848 	EXP 	text: autoDraw = True
368.5575 	DATA 	Keypress: space
368.5648 	EXP 	text: autoDraw = False
369.4840 	WARNING 	Stopping key buffers but this could be dangerous ifother keyboards rely on the same.
369.5018 	EXP 	text: text = 'You earned 7.8 out of 10 points in this round.\n\n Press [SPACE] to advance'
369.5018 	EXP 	text: autoDraw = True
369.9813 	DATA 	Keypress: space
369.9887 	EXP 	text: autoDraw = False
369.9953 	EXP 	text: text = 'Total points : 307.1'
372.2360 	EXP 	text: text = 'Press and hold [SPACE] to report the duration of the scene.'
372.2360 	EXP 	text: autoDraw = True
373.0775 	DATA 	Keypress: space
373.0849 	EXP 	text: autoDraw = False
373.9080 	WARNING 	Stopping key buffers but this could be dangerous ifother keyboards rely on the same.
373.9256 	EXP 	text: text = 'You earned 7.5 out of 10 points in this round.\n\n Press [SPACE] to advance'
373.9256 	EXP 	text: autoDraw = True
374.4855 	DATA 	Keypress: space
374.4925 	EXP 	text: autoDraw = False
374.5134 	EXP 	text: text = 'Total points : 314.6'
376.6039 	EXP 	text: text = 'Press and hold [SPACE] to report the duration of the scene.'
376.6039 	EXP 	text: autoDraw = True
377.4454 	DATA 	Keypress: space
377.4527 	EXP 	text: autoDraw = False
378.2760 	WARNING 	Stopping key buffers but this could be dangerous ifother keyboards rely on the same.
378.2939 	EXP 	text: text = 'You earned 9.9 out of 10 points in this round.\n\n Press [SPACE] to advance'
378.2939 	EXP 	text: autoDraw = True
378.7895 	DATA 	Keypress: space
378.7945 	EXP 	text: autoDraw = False
378.8157 	EXP 	text: text = 'Total points : 324.5'
380.9052 	EXP 	text: text = 'Press and hold [SPACE] to report the duration of the scene.'
380.9052 	EXP 	text: autoDraw = True
381.5655 	DATA 	Keypress: space
381.5728 	EXP 	text: autoDraw = False
382.3560 	WARNING 	Stopping key buffers but this could be dangerous ifother keyboards rely on the same.
382.3736 	EXP 	text: text = 'You earned 9.4 out of 10 points in this round.\n\n Press [SPACE] to advance'
382.3736 	EXP 	text: autoDraw = True
382.8695 	DATA 	Keypress: space
382.8767 	EXP 	text: autoDraw = False
382.8990 	EXP 	text: text = 'Total points : 333.9'
385.2077 	EXP 	text: text = 'Press and hold [SPACE] to report the duration of the scene.'
385.2077 	EXP 	text: autoDraw = True
385.8215 	DATA 	Keypress: space
385.8289 	EXP 	text: autoDraw = False
386.6839 	WARNING 	Stopping key buffers but this could be dangerous ifother keyboards rely on the same.
386.6998 	EXP 	text: text = 'You earned 6.9 out of 10 points in this round.\n\n Press [SPACE] to advance'
386.6998 	EXP 	text: autoDraw = True
387.1654 	DATA 	Keypress: space
387.1728 	EXP 	text: autoDraw = False
387.1841 	EXP 	text: text = 'Total points : 340.8'
389.3438 	EXP 	text: text = 'Press and hold [SPACE] to report the duration of the scene.'
389.3438 	EXP 	text: autoDraw = True
389.9415 	DATA 	Keypress: space
389.9477 	EXP 	text: autoDraw = False
390.7480 	WARNING 	Stopping key buffers but this could be dangerous ifother keyboards rely on the same.
390.7662 	EXP 	text: text = 'You earned 8.3 out of 10 points in this round.\n\n Press [SPACE] to advance'
390.7662 	EXP 	text: autoDraw = True
391.2455 	DATA 	Keypress: space
391.2527 	EXP 	text: autoDraw = False
391.2684 	EXP 	text: text = 'Total points : 349.1'
393.4278 	EXP 	text: text = 'Press and hold [SPACE] to report the duration of the scene.'
393.4278 	EXP 	text: autoDraw = True
393.9254 	DATA 	Keypress: space
393.9324 	EXP 	text: autoDraw = False
394.6039 	WARNING 	Stopping key buffers but this could be dangerous ifother keyboards rely on the same.
394.6213 	EXP 	text: text = 'You earned 6.4 out of 10 points in this round.\n\n Press [SPACE] to advance'
394.6213 	EXP 	text: autoDraw = True
395.1575 	DATA 	Keypress: space
395.1647 	EXP 	text: autoDraw = False
395.1864 	EXP 	text: text = 'Total points : 355.5'
397.4112 	EXP 	text: text = 'Press and hold [SPACE] to report the duration of the scene.'
397.4112 	EXP 	text: autoDraw = True
397.9575 	DATA 	Keypress: space
397.9647 	EXP 	text: autoDraw = False
398.8599 	WARNING 	Stopping key buffers but this could be dangerous ifother keyboards rely on the same.
398.8779 	EXP 	text: text = 'You earned 8.7 out of 10 points in this round.\n\n Press [SPACE] to advance'
398.8779 	EXP 	text: autoDraw = True
399.4134 	DATA 	Keypress: space
399.4205 	EXP 	text: autoDraw = False
399.4389 	EXP 	text: text = 'Total points : 364.2'
401.8286 	EXP 	text: text = 'Press and hold [SPACE] to report the duration of the scene.'
401.8286 	EXP 	text: autoDraw = True
402.4055 	DATA 	Keypress: space
402.4127 	EXP 	text: autoDraw = False
403.2999 	WARNING 	Stopping key buffers but this could be dangerous ifother keyboards rely on the same.
403.3178 	EXP 	text: text = 'You earned 6.3 out of 10 points in this round.\n\n Press [SPACE] to advance'
403.3178 	EXP 	text: autoDraw = True
403.8695 	DATA 	Keypress: space
403.8768 	EXP 	text: autoDraw = False
403.8909 	EXP 	text: text = 'Total points : 370.5'
406.0476 	EXP 	text: text = 'Press and hold [SPACE] to report the duration of the scene.'
406.0476 	EXP 	text: autoDraw = True
406.6374 	DATA 	Keypress: space
406.6447 	EXP 	text: autoDraw = False
407.4599 	WARNING 	Stopping key buffers but this could be dangerous ifother keyboards rely on the same.
407.4787 	EXP 	text: text = 'You earned 8.6 out of 10 points in this round.\n\n Press [SPACE] to advance'
407.4787 	EXP 	text: autoDraw = True
407.9654 	DATA 	Keypress: space
407.9707 	EXP 	text: autoDraw = False
407.9909 	EXP 	text: text = 'Total points : 379.1'
410.0665 	EXP 	text: text = 'Press and hold [SPACE] to report the duration of the scene.'
410.0665 	EXP 	text: autoDraw = True
410.7494 	DATA 	Keypress: space
410.7548 	EXP 	text: autoDraw = False
411.4840 	WARNING 	Stopping key buffers but this could be dangerous ifother keyboards rely on the same.
411.5018 	EXP 	text: text = 'You earned 8.4 out of 10 points in this round.\n\n Press [SPACE] to advance'
411.5018 	EXP 	text: autoDraw = True
412.0453 	DATA 	Keypress: space
412.0525 	EXP 	text: autoDraw = False
412.0596 	EXP 	text: text = 'Total points : 387.5'
414.3679 	EXP 	text: text = 'Press and hold [SPACE] to report the duration of the scene.'
414.3679 	EXP 	text: autoDraw = True
414.9174 	DATA 	Keypress: space
414.9229 	EXP 	text: autoDraw = False
415.8360 	WARNING 	Stopping key buffers but this could be dangerous ifother keyboards rely on the same.
415.8540 	EXP 	text: text = 'You earned 7.7 out of 10 points in this round.\n\n Press [SPACE] to advance'
415.8540 	EXP 	text: autoDraw = True
416.4134 	DATA 	Keypress: space
416.4206 	EXP 	text: autoDraw = False
416.4275 	EXP 	text: text = 'Total points : 395.2'
418.7361 	EXP 	text: text = 'Press and hold [SPACE] to report the duration of the scene.'
418.7361 	EXP 	text: autoDraw = True
419.2854 	DATA 	Keypress: space
419.2910 	EXP 	text: autoDraw = False
420.0680 	WARNING 	Stopping key buffers but this could be dangerous ifother keyboards rely on the same.
420.0857 	EXP 	text: text = 'You earned 5.9 out of 10 points in this round.\n\n Press [SPACE] to advance'
420.0857 	EXP 	text: autoDraw = True
420.5574 	DATA 	Keypress: space
420.5646 	EXP 	text: autoDraw = False
420.5779 	EXP 	text: text = 'Total points : 401.1'
422.8031 	EXP 	text: text = 'Press and hold [SPACE] to report the duration of the scene.'
422.8031 	EXP 	text: autoDraw = True
423.2455 	DATA 	Keypress: space
423.2527 	EXP 	text: autoDraw = False
423.9880 	WARNING 	Stopping key buffers but this could be dangerous ifother keyboards rely on the same.
424.0057 	EXP 	text: text = 'You earned 6.3 out of 10 points in this round.\n\n Press [SPACE] to advance'
424.0057 	EXP 	text: autoDraw = True
424.5174 	DATA 	Keypress: space
424.5248 	EXP 	text: autoDraw = False
424.5463 	EXP 	text: text = 'Total points : 407.4'
426.6370 	EXP 	text: text = 'Press and hold [SPACE] to report the duration of the scene.'
426.6370 	EXP 	text: autoDraw = True
427.1415 	DATA 	Keypress: space
427.1488 	EXP 	text: autoDraw = False
427.8759 	WARNING 	Stopping key buffers but this could be dangerous ifother keyboards rely on the same.
427.8937 	EXP 	text: text = 'You earned 8.4 out of 10 points in this round.\n\n Press [SPACE] to advance'
427.8937 	EXP 	text: autoDraw = True
428.4054 	DATA 	Keypress: space
428.4124 	EXP 	text: autoDraw = False
428.4321 	EXP 	text: text = 'Total points : 415.8'
430.8226 	EXP 	text: text = 'Press and hold [SPACE] to report the duration of the scene.'
430.8226 	EXP 	text: autoDraw = True
431.3256 	DATA 	Keypress: space
431.3326 	EXP 	text: autoDraw = False
432.3320 	WARNING 	Stopping key buffers but this could be dangerous ifother keyboards rely on the same.
432.3502 	EXP 	text: text = 'You earned 7.9 out of 10 points in this round.\n\n Press [SPACE] to advance'
432.3502 	EXP 	text: autoDraw = True
432.9014 	DATA 	Keypress: space
432.9088 	EXP 	text: autoDraw = False
432.9154 	EXP 	text: text = 'Total points : 423.7'
434.9251 	EXP 	text: text = 'Press and hold [SPACE] to report the duration of the scene.'
434.9251 	EXP 	text: autoDraw = True
435.3735 	DATA 	Keypress: space
435.3793 	EXP 	text: autoDraw = False
435.9082 	WARNING 	Stopping key buffers but this could be dangerous ifother keyboards rely on the same.
435.9260 	EXP 	text: text = 'You earned 6.5 out of 10 points in this round.\n\n Press [SPACE] to advance'
435.9260 	EXP 	text: autoDraw = True
436.4375 	DATA 	Keypress: space
436.4447 	EXP 	text: autoDraw = False
436.4666 	EXP 	text: text = 'Total points : 430.2'
438.7760 	EXP 	text: text = 'Press and hold [SPACE] to report the duration of the scene.'
438.7760 	EXP 	text: autoDraw = True
439.2535 	DATA 	Keypress: space
439.2608 	EXP 	text: autoDraw = False
440.1480 	WARNING 	Stopping key buffers but this could be dangerous ifother keyboards rely on the same.
440.1656 	EXP 	text: text = 'You earned 7.3 out of 10 points in this round.\n\n Press [SPACE] to advance'
440.1656 	EXP 	text: autoDraw = True
440.7094 	DATA 	Keypress: space
440.7145 	EXP 	text: autoDraw = False
440.7347 	EXP 	text: text = 'Total points : 437.5'
443.0428 	EXP 	text: text = 'Press and hold [SPACE] to report the duration of the scene.'
443.0428 	EXP 	text: autoDraw = True
443.6614 	DATA 	Keypress: space
443.6685 	EXP 	text: autoDraw = False
444.4521 	WARNING 	Stopping key buffers but this could be dangerous ifother keyboards rely on the same.
444.4680 	EXP 	text: text = 'You earned 6.0 out of 10 points in this round.\n\n Press [SPACE] to advance'
444.4680 	EXP 	text: autoDraw = True
446.1334 	DATA 	Keypress: space
446.1408 	EXP 	text: autoDraw = False
446.1531 	EXP 	text: text = 'Total points : 443.5'
448.1610 	EXP 	text: text = 'Press and hold [SPACE] to report the duration of the scene.'
448.1610 	EXP 	text: autoDraw = True
448.9654 	DATA 	Keypress: space
448.9728 	EXP 	text: autoDraw = False
450.0120 	WARNING 	Stopping key buffers but this could be dangerous ifother keyboards rely on the same.
450.0292 	EXP 	text: text = 'Total points : 443.5'
450.0292 	EXP 	text: text = 'Your response exceeded the actual time.\n\n Press [SPACE] to advance'
450.0292 	EXP 	text: autoDraw = True
450.5734 	DATA 	Keypress: space
450.5808 	EXP 	text: autoDraw = False
452.7621 	EXP 	text: text = 'Press and hold [SPACE] to report the duration of the scene.'
452.7621 	EXP 	text: autoDraw = True
453.5415 	DATA 	Keypress: space
453.5488 	EXP 	text: autoDraw = False
454.3160 	WARNING 	Stopping key buffers but this could be dangerous ifother keyboards rely on the same.
454.3338 	EXP 	text: text = 'You earned 7.8 out of 10 points in this round.\n\n Press [SPACE] to advance'
454.3338 	EXP 	text: autoDraw = True
455.0214 	DATA 	Keypress: space
455.0286 	EXP 	text: autoDraw = False
455.0386 	EXP 	text: text = 'Total points : 451.3'
457.2637 	EXP 	text: text = 'Press and hold [SPACE] to report the duration of the scene.'
457.2637 	EXP 	text: autoDraw = True
458.0375 	DATA 	Keypress: space
458.0449 	EXP 	text: autoDraw = False
458.9720 	WARNING 	Stopping key buffers but this could be dangerous ifother keyboards rely on the same.
458.9894 	EXP 	text: text = 'You earned 9.2 out of 10 points in this round.\n\n Press [SPACE] to advance'
458.9894 	EXP 	text: autoDraw = True
459.6615 	DATA 	Keypress: space
459.6687 	EXP 	text: autoDraw = False
459.6919 	EXP 	text: text = 'Total points : 460.5'
461.8483 	EXP 	text: text = 'Press and hold [SPACE] to report the duration of the scene.'
461.8483 	EXP 	text: autoDraw = True
462.5815 	DATA 	Keypress: space
462.5882 	EXP 	text: autoDraw = False
463.3561 	WARNING 	Stopping key buffers but this could be dangerous ifother keyboards rely on the same.
463.3737 	EXP 	text: text = 'You earned 7.8 out of 10 points in this round.\n\n Press [SPACE] to advance'
463.3737 	EXP 	text: autoDraw = True
463.9974 	DATA 	Keypress: space
464.0048 	EXP 	text: autoDraw = False
464.0263 	EXP 	text: text = 'Total points : 468.3'
466.2678 	EXP 	text: text = 'Press and hold [SPACE] to report the duration of the scene.'
466.2678 	EXP 	text: autoDraw = True
467.2855 	DATA 	Keypress: space
467.2925 	EXP 	text: autoDraw = False
468.2040 	WARNING 	Stopping key buffers but this could be dangerous ifother keyboards rely on the same.
468.2217 	EXP 	text: text = 'You earned 9.0 out of 10 points in this round.\n\n Press [SPACE] to advance'
468.2217 	EXP 	text: autoDraw = True
468.9334 	DATA 	Keypress: space
468.9399 	EXP 	text: autoDraw = False
468.9614 	EXP 	text: text = 'Total points : 477.3'
471.2021 	EXP 	text: text = 'Press and hold [SPACE] to report the duration of the scene.'
471.2021 	EXP 	text: autoDraw = True
471.9655 	DATA 	Keypress: space
471.9729 	EXP 	text: autoDraw = False
472.9800 	WARNING 	Stopping key buffers but this could be dangerous ifother keyboards rely on the same.
472.9969 	EXP 	text: text = 'Total points : 477.3'
472.9969 	EXP 	text: text = 'Your response exceeded the actual time.\n\n Press [SPACE] to advance'
472.9969 	EXP 	text: autoDraw = True
473.5094 	DATA 	Keypress: space
473.5167 	EXP 	text: autoDraw = False
475.7031 	EXP 	text: text = 'Press and hold [SPACE] to report the duration of the scene.'
475.7031 	EXP 	text: autoDraw = True
476.6375 	DATA 	Keypress: space
476.6431 	EXP 	text: autoDraw = False
477.3799 	WARNING 	Stopping key buffers but this could be dangerous ifother keyboards rely on the same.
477.3977 	EXP 	text: text = 'You earned 7.3 out of 10 points in this round.\n\n Press [SPACE] to advance'
477.3977 	EXP 	text: autoDraw = True
478.1178 	DATA 	Keypress: space
478.1251 	EXP 	text: autoDraw = False
478.1479 	EXP 	text: text = 'Total points : 484.6'
480.1546 	EXP 	text: text = 'Press and hold [SPACE] to report the duration of the scene.'
480.1546 	EXP 	text: autoDraw = True
480.7415 	DATA 	Keypress: space
480.7485 	EXP 	text: autoDraw = False
481.4279 	WARNING 	Stopping key buffers but this could be dangerous ifother keyboards rely on the same.
481.4456 	EXP 	text: text = 'You earned 8.8 out of 10 points in this round.\n\n Press [SPACE] to advance'
481.4456 	EXP 	text: autoDraw = True
481.9574 	DATA 	Keypress: space
481.9644 	EXP 	text: autoDraw = False
481.9811 	EXP 	text: text = 'Total points : 493.4'
484.0575 	EXP 	text: text = 'Press and hold [SPACE] to report the duration of the scene.'
484.0575 	EXP 	text: autoDraw = True
484.7573 	DATA 	Keypress: space
484.7622 	EXP 	text: autoDraw = False
485.5480 	WARNING 	Stopping key buffers but this could be dangerous ifother keyboards rely on the same.
485.5648 	EXP 	text: text = 'You earned 9.4 out of 10 points in this round.\n\n Press [SPACE] to advance'
485.5648 	EXP 	text: autoDraw = True
486.1173 	DATA 	Keypress: space
486.1246 	EXP 	text: autoDraw = False
486.1319 	EXP 	text: text = 'Total points : 502.8'
488.3582 	EXP 	text: text = 'Press and hold [SPACE] to report the duration of the scene.'
488.3582 	EXP 	text: autoDraw = True
489.1575 	DATA 	Keypress: space
489.1636 	EXP 	text: autoDraw = False
489.9000 	WARNING 	Stopping key buffers but this could be dangerous ifother keyboards rely on the same.
489.9162 	EXP 	text: text = 'You earned 6.3 out of 10 points in this round.\n\n Press [SPACE] to advance'
489.9162 	EXP 	text: autoDraw = True
490.5894 	DATA 	Keypress: space
490.5967 	EXP 	text: autoDraw = False
490.6175 	EXP 	text: text = 'Total points : 509.1'
492.9909 	EXP 	text: text = 'Press and hold [SPACE] to report the duration of the scene.'
492.9909 	EXP 	text: autoDraw = True
493.5895 	DATA 	Keypress: space
493.5967 	EXP 	text: autoDraw = False
494.3400 	WARNING 	Stopping key buffers but this could be dangerous ifother keyboards rely on the same.
494.3579 	EXP 	text: text = 'You earned 4.7 out of 10 points in this round.\n\n Press [SPACE] to advance'
494.3579 	EXP 	text: autoDraw = True
494.9815 	DATA 	Keypress: space
494.9888 	EXP 	text: autoDraw = False
495.0020 	EXP 	text: text = 'Total points : 513.8'
497.0093 	EXP 	text: text = 'Press and hold [SPACE] to report the duration of the scene.'
497.0093 	EXP 	text: autoDraw = True
497.9655 	DATA 	Keypress: space
497.9729 	EXP 	text: autoDraw = False
498.3640 	WARNING 	Stopping key buffers but this could be dangerous ifother keyboards rely on the same.
498.3806 	EXP 	text: text = 'You earned 5.0 out of 10 points in this round.\n\n Press [SPACE] to advance'
498.3806 	EXP 	text: autoDraw = True
498.9334 	DATA 	Keypress: space
498.9407 	EXP 	text: autoDraw = False
498.9549 	EXP 	text: text = 'Total points : 518.8'
501.4618 	EXP 	text: text = 'Press and hold [SPACE] to report the duration of the scene.'
501.4618 	EXP 	text: autoDraw = True
502.0855 	DATA 	Keypress: space
502.0928 	EXP 	text: autoDraw = False
502.9560 	WARNING 	Stopping key buffers but this could be dangerous ifother keyboards rely on the same.
502.9734 	EXP 	text: text = 'You earned 4.7 out of 10 points in this round.\n\n Press [SPACE] to advance'
502.9734 	EXP 	text: autoDraw = True
503.7014 	DATA 	Keypress: space
503.7086 	EXP 	text: autoDraw = False
503.7231 	EXP 	text: text = 'Total points : 523.5'
506.2299 	EXP 	text: text = 'Press and hold [SPACE] to report the duration of the scene.'
506.2299 	EXP 	text: autoDraw = True
506.9255 	DATA 	Keypress: space
506.9329 	EXP 	text: autoDraw = False
507.9560 	WARNING 	Stopping key buffers but this could be dangerous ifother keyboards rely on the same.
507.9724 	EXP 	text: text = 'You earned 6.5 out of 10 points in this round.\n\n Press [SPACE] to advance'
507.9724 	EXP 	text: autoDraw = True
508.5814 	DATA 	Keypress: space
508.5864 	EXP 	text: autoDraw = False
508.6077 	EXP 	text: text = 'Total points : 530.0'
510.8474 	EXP 	text: text = 'Press and hold [SPACE] to report the duration of the scene.'
510.8474 	EXP 	text: autoDraw = True
511.6854 	DATA 	Keypress: space
511.6928 	EXP 	text: autoDraw = False
512.5639 	WARNING 	Stopping key buffers but this could be dangerous ifother keyboards rely on the same.
512.5817 	EXP 	text: text = 'You earned 8.3 out of 10 points in this round.\n\n Press [SPACE] to advance'
512.5817 	EXP 	text: autoDraw = True
513.2054 	DATA 	Keypress: space
513.2128 	EXP 	text: autoDraw = False
513.2257 	EXP 	text: text = 'Total points : 538.3'
515.4654 	EXP 	text: text = 'Press and hold [SPACE] to report the duration of the scene.'
515.4654 	EXP 	text: autoDraw = True
516.2295 	DATA 	Keypress: space
516.2369 	EXP 	text: autoDraw = False
517.2040 	WARNING 	Stopping key buffers but this could be dangerous ifother keyboards rely on the same.
517.2223 	EXP 	text: text = 'You earned 10.0 out of 10 points in this round.\n\n Press [SPACE] to advance'
517.2223 	EXP 	text: autoDraw = True
518.3095 	DATA 	Keypress: space
518.3169 	EXP 	text: autoDraw = False
518.3266 	EXP 	text: text = 'Total points : 548.3'
520.8345 	EXP 	text: text = 'Press and hold [SPACE] to report the duration of the scene.'
520.8345 	EXP 	text: autoDraw = True
521.3654 	DATA 	Keypress: space
521.3729 	EXP 	text: autoDraw = False
522.4200 	WARNING 	Stopping key buffers but this could be dangerous ifother keyboards rely on the same.
522.4380 	EXP 	text: text = 'You earned 6.8 out of 10 points in this round.\n\n Press [SPACE] to advance'
522.4380 	EXP 	text: autoDraw = True
523.0615 	DATA 	Keypress: space
523.0688 	EXP 	text: autoDraw = False
523.0782 	EXP 	text: text = 'Total points : 555.1'
525.5860 	EXP 	text: text = 'Press and hold [SPACE] to report the duration of the scene.'
525.5860 	EXP 	text: autoDraw = True
526.4135 	DATA 	Keypress: space
526.4208 	EXP 	text: autoDraw = False
527.5000 	WARNING 	Stopping key buffers but this could be dangerous ifother keyboards rely on the same.
527.5177 	EXP 	text: text = 'You earned 7.2 out of 10 points in this round.\n\n Press [SPACE] to advance'
527.5177 	EXP 	text: autoDraw = True
528.1735 	DATA 	Keypress: space
528.1805 	EXP 	text: autoDraw = False
528.1975 	EXP 	text: text = 'Total points : 562.3'
530.2042 	EXP 	text: text = 'Press and hold [SPACE] to report the duration of the scene.'
530.2042 	EXP 	text: autoDraw = True
531.5655 	DATA 	Keypress: space
531.5727 	EXP 	text: autoDraw = False
532.0200 	WARNING 	Stopping key buffers but this could be dangerous ifother keyboards rely on the same.
532.0364 	EXP 	text: text = 'You earned 5.6 out of 10 points in this round.\n\n Press [SPACE] to advance'
532.0364 	EXP 	text: autoDraw = True
532.6374 	DATA 	Keypress: space
532.6440 	EXP 	text: autoDraw = False
532.6640 	EXP 	text: text = 'Total points : 567.9'
535.2905 	EXP 	text: text = 'Press and hold [SPACE] to report the duration of the scene.'
535.2905 	EXP 	text: autoDraw = True
535.9415 	DATA 	Keypress: space
535.9486 	EXP 	text: autoDraw = False
537.0919 	WARNING 	Stopping key buffers but this could be dangerous ifother keyboards rely on the same.
537.1101 	EXP 	text: text = 'You earned 6.4 out of 10 points in this round.\n\n Press [SPACE] to advance'
537.1101 	EXP 	text: autoDraw = True
537.6615 	DATA 	Keypress: space
537.6687 	EXP 	text: autoDraw = False
537.6823 	EXP 	text: text = 'Total points : 574.3'
539.9089 	EXP 	text: text = 'Press and hold [SPACE] to report the duration of the scene.'
539.9089 	EXP 	text: autoDraw = True
540.4694 	DATA 	Keypress: space
540.4768 	EXP 	text: autoDraw = False
541.3401 	WARNING 	Stopping key buffers but this could be dangerous ifother keyboards rely on the same.
541.3578 	EXP 	text: text = 'You earned 8.1 out of 10 points in this round.\n\n Press [SPACE] to advance'
541.3578 	EXP 	text: autoDraw = True
541.8775 	DATA 	Keypress: space
541.8847 	EXP 	text: autoDraw = False
541.9004 	EXP 	text: text = 'Total points : 582.4'
543.9099 	EXP 	text: text = 'Press and hold [SPACE] to report the duration of the scene.'
543.9099 	EXP 	text: autoDraw = True
544.7094 	DATA 	Keypress: space
544.7149 	EXP 	text: autoDraw = False
545.4761 	WARNING 	Stopping key buffers but this could be dangerous ifother keyboards rely on the same.
545.4937 	EXP 	text: text = 'Total points : 582.4'
545.4937 	EXP 	text: text = 'Your response exceeded the actual time.\n\n Press [SPACE] to advance'
545.4937 	EXP 	text: autoDraw = True
546.0535 	DATA 	Keypress: space
546.0607 	EXP 	text: autoDraw = False
548.2432 	EXP 	text: text = 'Press and hold [SPACE] to report the duration of the scene.'
548.2432 	EXP 	text: autoDraw = True
548.8213 	DATA 	Keypress: space
548.8286 	EXP 	text: autoDraw = False
549.5958 	WARNING 	Stopping key buffers but this could be dangerous ifother keyboards rely on the same.
549.6139 	EXP 	text: text = 'You earned 7.8 out of 10 points in this round.\n\n Press [SPACE] to advance'
549.6139 	EXP 	text: autoDraw = True
550.1973 	DATA 	Keypress: space
550.2043 	EXP 	text: autoDraw = False
550.2198 	EXP 	text: text = 'Total points : 590.2'
552.2274 	EXP 	text: text = 'Press and hold [SPACE] to report the duration of the scene.'
552.2274 	EXP 	text: autoDraw = True
553.0215 	DATA 	Keypress: space
553.0287 	EXP 	text: autoDraw = False
553.8682 	WARNING 	Stopping key buffers but this could be dangerous ifother keyboards rely on the same.
553.8851 	EXP 	text: text = 'Total points : 590.2'
553.8851 	EXP 	text: text = 'Your response exceeded the actual time.\n\n Press [SPACE] to advance'
553.8851 	EXP 	text: autoDraw = True
554.5734 	DATA 	Keypress: space
554.5807 	EXP 	text: autoDraw = False
556.9130 	EXP 	text: text = 'Press and hold [SPACE] to report the duration of the scene.'
556.9130 	EXP 	text: autoDraw = True
557.4535 	DATA 	Keypress: space
557.4608 	EXP 	text: autoDraw = False
558.3720 	WARNING 	Stopping key buffers but this could be dangerous ifother keyboards rely on the same.
558.3882 	EXP 	text: text = 'You earned 7.7 out of 10 points in this round.\n\n Press [SPACE] to advance'
558.3882 	EXP 	text: autoDraw = True
558.8933 	DATA 	Keypress: space
558.9005 	EXP 	text: autoDraw = False
558.9077 	EXP 	text: text = 'Total points : 597.9'
561.4138 	EXP 	text: text = 'Press and hold [SPACE] to report the duration of the scene.'
561.4138 	EXP 	text: autoDraw = True
561.9414 	DATA 	Keypress: space
561.9488 	EXP 	text: autoDraw = False
562.7641 	WARNING 	Stopping key buffers but this could be dangerous ifother keyboards rely on the same.
562.7819 	EXP 	text: text = 'You earned 4.3 out of 10 points in this round.\n\n Press [SPACE] to advance'
562.7819 	EXP 	text: autoDraw = True
563.3495 	DATA 	Keypress: space
563.3565 	EXP 	text: autoDraw = False
563.3755 	EXP 	text: text = 'Total points : 602.2'
566.0156 	EXP 	text: text = 'Press and hold [SPACE] to report the duration of the scene.'
566.0156 	EXP 	text: autoDraw = True
566.5495 	DATA 	Keypress: space
566.5551 	EXP 	text: autoDraw = False
567.6839 	WARNING 	Stopping key buffers but this could be dangerous ifother keyboards rely on the same.
567.7018 	EXP 	text: text = 'You earned 6.2 out of 10 points in this round.\n\n Press [SPACE] to advance'
567.7018 	EXP 	text: autoDraw = True
568.2374 	DATA 	Keypress: space
568.2447 	EXP 	text: autoDraw = False
568.2605 	EXP 	text: text = 'Total points : 608.4'
570.9012 	EXP 	text: text = 'Press and hold [SPACE] to report the duration of the scene.'
570.9012 	EXP 	text: autoDraw = True
571.5014 	DATA 	Keypress: space
571.5069 	EXP 	text: autoDraw = False
572.8040 	WARNING 	Stopping key buffers but this could be dangerous ifother keyboards rely on the same.
572.8222 	EXP 	text: text = 'You earned 8.7 out of 10 points in this round.\n\n Press [SPACE] to advance'
572.8222 	EXP 	text: autoDraw = True
573.3734 	DATA 	Keypress: space
573.3808 	EXP 	text: autoDraw = False
573.3952 	EXP 	text: text = 'Total points : 617.1'
575.4857 	EXP 	text: text = 'Press and hold [SPACE] to report the duration of the scene.'
575.4857 	EXP 	text: autoDraw = True
576.0856 	DATA 	Keypress: space
576.0915 	EXP 	text: autoDraw = False
576.9800 	WARNING 	Stopping key buffers but this could be dangerous ifother keyboards rely on the same.
576.9942 	EXP 	text: text = 'Total points : 617.1'
576.9942 	EXP 	text: text = 'Your response exceeded the actual time.\n\n Press [SPACE] to advance'
576.9942 	EXP 	text: autoDraw = True
577.4854 	DATA 	Keypress: space
577.4917 	EXP 	text: autoDraw = False
579.8380 	EXP 	text: text = 'Press and hold [SPACE] to report the duration of the scene.'
579.8380 	EXP 	text: autoDraw = True
580.3015 	DATA 	Keypress: space
580.3090 	EXP 	text: autoDraw = False
581.1241 	WARNING 	Stopping key buffers but this could be dangerous ifother keyboards rely on the same.
581.1416 	EXP 	text: text = 'You earned 6.4 out of 10 points in this round.\n\n Press [SPACE] to advance'
581.1416 	EXP 	text: autoDraw = True
581.5654 	DATA 	Keypress: space
581.5727 	EXP 	text: autoDraw = False
581.5800 	EXP 	text: text = 'Total points : 623.5'
583.9561 	EXP 	text: text = 'Press and hold [SPACE] to report the duration of the scene.'
583.9561 	EXP 	text: autoDraw = True
584.4854 	DATA 	Keypress: space
584.4928 	EXP 	text: autoDraw = False
585.5880 	WARNING 	Stopping key buffers but this could be dangerous ifother keyboards rely on the same.
585.6061 	EXP 	text: text = 'You earned 9.6 out of 10 points in this round.\n\n Press [SPACE] to advance'
585.6061 	EXP 	text: autoDraw = True
586.1895 	DATA 	Keypress: space
586.1951 	EXP 	text: autoDraw = False
586.2148 	EXP 	text: text = 'Total points : 633.1'
588.5246 	EXP 	text: text = 'Press and hold [SPACE] to report the duration of the scene.'
588.5246 	EXP 	text: autoDraw = True
589.0455 	DATA 	Keypress: space
589.0529 	EXP 	text: autoDraw = False
590.0520 	WARNING 	Stopping key buffers but this could be dangerous ifother keyboards rely on the same.
590.0694 	EXP 	text: text = 'You earned 9.2 out of 10 points in this round.\n\n Press [SPACE] to advance'
590.0694 	EXP 	text: autoDraw = True
590.6054 	DATA 	Keypress: space
590.6126 	EXP 	text: autoDraw = False
590.6330 	EXP 	text: text = 'Total points : 642.3'
592.6409 	EXP 	text: text = 'Press and hold [SPACE] to report the duration of the scene.'
592.6409 	EXP 	text: autoDraw = True
593.2216 	DATA 	Keypress: space
593.2289 	EXP 	text: autoDraw = False
594.2440 	WARNING 	Stopping key buffers but this could be dangerous ifother keyboards rely on the same.
594.2611 	EXP 	text: text = 'Total points : 642.3'
594.2611 	EXP 	text: text = 'Your response exceeded the actual time.\n\n Press [SPACE] to advance'
594.2611 	EXP 	text: autoDraw = True
594.7893 	DATA 	Keypress: space
594.7967 	EXP 	text: autoDraw = False
597.2090 	EXP 	text: text = 'Press and hold [SPACE] to report the duration of the scene.'
597.2090 	EXP 	text: autoDraw = True
597.5013 	DATA 	Keypress: space
597.5087 	EXP 	text: autoDraw = False
598.3878 	WARNING 	Stopping key buffers but this could be dangerous ifother keyboards rely on the same.
598.4056 	EXP 	text: text = 'You earned 6.2 out of 10 points in this round.\n\n Press [SPACE] to advance'
598.4056 	EXP 	text: autoDraw = True
598.8693 	DATA 	Keypress: space
598.8766 	EXP 	text: autoDraw = False
598.8861 	EXP 	text: text = 'Total points : 648.5'
601.5283 	EXP 	text: text = 'Press and hold [SPACE] to report the duration of the scene.'
601.5283 	EXP 	text: autoDraw = True
602.0054 	DATA 	Keypress: space
602.0127 	EXP 	text: autoDraw = False
603.1239 	WARNING 	Stopping key buffers but this could be dangerous ifother keyboards rely on the same.
603.1423 	EXP 	text: text = 'You earned 6.0 out of 10 points in this round.\n\n Press [SPACE] to advance'
603.1423 	EXP 	text: autoDraw = True
603.8214 	DATA 	Keypress: space
603.8288 	EXP 	text: autoDraw = False
603.8375 	EXP 	text: text = 'Total points : 654.5'
605.8461 	EXP 	text: text = 'Press and hold [SPACE] to report the duration of the scene.'
605.8461 	EXP 	text: autoDraw = True
606.3334 	DATA 	Keypress: space
606.3406 	EXP 	text: autoDraw = False
607.3001 	WARNING 	Stopping key buffers but this could be dangerous ifother keyboards rely on the same.
607.3172 	EXP 	text: text = 'Total points : 654.5'
607.3172 	EXP 	text: text = 'Your response exceeded the actual time.\n\n Press [SPACE] to advance'
607.3172 	EXP 	text: autoDraw = True
607.8854 	DATA 	Keypress: space
607.8927 	EXP 	text: autoDraw = False
610.5467 	EXP 	text: text = 'Press and hold [SPACE] to report the duration of the scene.'
610.5467 	EXP 	text: autoDraw = True
611.1016 	DATA 	Keypress: space
611.1089 	EXP 	text: autoDraw = False
612.3079 	WARNING 	Stopping key buffers but this could be dangerous ifother keyboards rely on the same.
612.3259 	EXP 	text: text = 'You earned 7.2 out of 10 points in this round.\n\n Press [SPACE] to advance'
612.3259 	EXP 	text: autoDraw = True
612.9254 	DATA 	Keypress: space
612.9327 	EXP 	text: autoDraw = False
612.9369 	INFO 	Finishing at 14:10 on 07 Nov 2019
613.2055 	EXP 	window1: mouseVisible = True
