8.9371 	ERROR 	Screen apparently NOT the desired resolution of 2560x1440 pixels!!
13.9031 	INFO 	Successfully set darwin thread to realtime
14.9662 	INFO 	#[ PsychoPy3 RuntimeInfoStart ]
  #[[ PsychoPy ]] #---------
    psychopyVersion: 3.2.3
    psychopyHaveExtRush: True
  #[[ Experiment ]] #---------
    experimentRunTime: 2019_11_20 11:34 (Year_Month_Day Hour:Min)
    experimentRunTime.epoch: 1574267643
    experimentScript: Time_perception_with_heterogenous_looming_dots.py
    experimentScript.digestSHA1: 0c10468aeaf2b5398b564c45078dc18c47cc7df6
    experimentScript.directory: /Users/vsg/Documents/GitHub/spatio_temporal_information_processing/Time_Subjective_Expansion/Object_files_and_Time_representation
  #[[ System ]] #---------
    systemHaveInternetAccess: True
    systemHostName: pbs-jf-imac.local
    systemLocale: C
    systemMemFreeRAM: 1489.8203125
    systemMemTotalRAM: 8192.0
    systemPlatform: darwin 10.13.6 x86_64
    systemPyoVersion: -
    systemRebooted: Nov 20 02:21
    systemSec.OpenSSLVersion: LibreSSL 2.2.7
    systemSec.pythonSSL: True
    systemTimeNumpySD1000000_sec: 0.0041
    systemUser: vsg
    systemUserID: 502
    systemUsersCount: 1
  #[[ Window ]] #---------
    windowWinType: pyglet
    windowUnits: deg
    windowSize_pix: [5120 2880]
    windowScreen: 0
    windowRgb: [255. 255. 255.]
    windowRefreshTimeSD_ms: 0.247
    windowRefreshTimeMedian_ms: 16.648
    windowRefreshTimeAvg_ms: 16.672
    windowPos_pix: [0.0, 0.0]
    windowMonitor.name: testmonitor
    windowMonitor.getWidth_cm: 52.0
    windowMonitor.getDistance_cm: 65.0
    windowMonitor.currentCalibName: 2019_09_24 14:26
    windowIsFullScr: True
  #[[ Python ]] #---------
    pythonVersion: 3.6.1
  #[[ OpenGL ]] #---------
#[ PsychoPy3 RuntimeInfoEnd ]

15.0492 	EXP 	Created text = TextStim(__class__=<class 'psychopy.visual.text.TextStim'>, alignHoriz='center', alignVert='center', antialias=True, autoLog=True, bold=False, color='black', colorSpace='named', contrast=1.0, depth=-1.0, flipHoriz=False, flipVert=False, font='Arial', fontFiles=[], height=0.35, italic=False, languageStyle='LTR', name='text', opacity=1.0, ori=0, pos=array([0., 0.]), rgb=array([0., 0., 0.]), text=str(...), units='deg', win=Window(...), wrapWidth=20)
15.0545 	EXP 	Created text = TextStim(__class__=<class 'psychopy.visual.text.TextStim'>, alignHoriz='center', alignVert='center', antialias=True, autoLog=True, bold=False, color='black', colorSpace='named', contrast=1.0, depth=-1.0, flipHoriz=False, flipVert=False, font='Arial', fontFiles=[], height=0.35, italic=False, languageStyle='LTR', name='text', opacity=1.0, ori=0, pos=array([5., 5.]), rgb=array([0., 0., 0.]), text='Total points : 0', units='deg', win=Window(...), wrapWidth=20)
15.1150 	EXP 	text: text = 'Welcome! Thank you for agreeing to participate in this study.\n\nYou will be presented with a scene that contains upto 3 objects.\n\nThese objects are looming discs - that either loom together, or independently.\n\nYou are supposed to judge the duration of the scene as a whole.\n\nAfter the scene ends, you are required to reproduce the duration of the scene by pressing and holding [SPACE BAR].\n\nOne more thing! You will perform this task while fixating the center of the screen. \n\nPress any key to continue to the next page. \n\n'
15.1150 	EXP 	text: autoDraw = True
59.3884 	DATA 	Keypress: space
59.3894 	EXP 	text: autoDraw = False
59.4571 	EXP 	text: text = "We really want you to be as accurate as you can. So a game will be played to make it more fun. We want you to hold down the space bar for as long as you saw the scene lasted, but no longer! The closer you get to the right answer, the more points we will award you in that trial. But if you go over the actual duration you won't get any points on that trial. So you need to be as accurate as possible without going over to earn the max. Each trial will be for 10 points. There are about 100 trials. If you collect a total of 600 points by the end, we will double the credit you get for the experiment.\n\nIf you're feeling uncomfortable, you can press ESC key any time to stop the experiment.\n\nPress any key you are ready to do some practice trials.\n\n"
59.4571 	EXP 	text: autoDraw = True
115.0109 	DATA 	Keypress: space
115.0117 	EXP 	text: autoDraw = False
115.0314 	EXP 	text: autoDraw = True
117.1471 	EXP 	text: text = 'Press and hold [SPACE] to report the duration of the scene.'
117.1471 	EXP 	text: autoDraw = True
117.6029 	DATA 	Keypress: space
117.6101 	EXP 	text: autoDraw = False
118.0654 	WARNING 	Stopping key buffers but this could be dangerous ifother keyboards rely on the same.
118.0913 	EXP 	text: text = 'You earned 5.6 out of 10 points in this round.\n\n Press [SPACE] to advance'
118.0913 	EXP 	text: autoDraw = True
120.8429 	DATA 	Keypress: space
120.8493 	EXP 	text: autoDraw = False
120.8692 	EXP 	text: text = 'Total points : 5.6'
123.0768 	EXP 	text: text = 'Press and hold [SPACE] to report the duration of the scene.'
123.0768 	EXP 	text: autoDraw = True
123.3949 	DATA 	Keypress: space
123.4005 	EXP 	text: autoDraw = False
124.7774 	WARNING 	Stopping key buffers but this could be dangerous ifother keyboards rely on the same.
124.7967 	EXP 	text: text = 'Total points : 5.6'
124.7967 	EXP 	text: text = 'Your response exceeded the actual time.\n\n Press [SPACE] to advance'
124.7967 	EXP 	text: autoDraw = True
126.9788 	DATA 	Keypress: space
126.9847 	EXP 	text: autoDraw = False
129.5307 	EXP 	text: text = 'Press and hold [SPACE] to report the duration of the scene.'
129.5307 	EXP 	text: autoDraw = True
129.7148 	DATA 	Keypress: space
129.7219 	EXP 	text: autoDraw = False
130.6334 	WARNING 	Stopping key buffers but this could be dangerous ifother keyboards rely on the same.
130.6625 	EXP 	text: text = 'You earned 5.2 out of 10 points in this round.\n\n Press [SPACE] to advance'
130.6625 	EXP 	text: autoDraw = True
132.9469 	DATA 	Keypress: space
132.9531 	EXP 	text: autoDraw = False
132.9852 	EXP 	text: text = 'Total points : 10.8'
132.9852 	EXP 	text: text = 'Total points : 0'
132.9852 	EXP 	text: text = 'Great! Now press any key to begin the experiment'
132.9852 	EXP 	text: autoDraw = True
142.4028 	DATA 	Keypress: space
142.4101 	EXP 	text: autoDraw = False
145.2021 	EXP 	text: text = 'Press and hold [SPACE] to report the duration of the scene.'
145.2021 	EXP 	text: autoDraw = True
145.4269 	DATA 	Keypress: space
145.4342 	EXP 	text: autoDraw = False
146.3295 	WARNING 	Stopping key buffers but this could be dangerous ifother keyboards rely on the same.
146.3416 	EXP 	text: text = 'You earned 2.9 out of 10 points in this round.\n\n Press [SPACE] to advance'
146.3416 	EXP 	text: autoDraw = True
148.4109 	DATA 	Keypress: space
148.4181 	EXP 	text: autoDraw = False
148.4277 	EXP 	text: text = 'Total points : 2.9'
150.4380 	EXP 	text: text = 'Press and hold [SPACE] to report the duration of the scene.'
150.4380 	EXP 	text: autoDraw = True
150.7308 	DATA 	Keypress: space
150.7380 	EXP 	text: autoDraw = False
151.4254 	WARNING 	Stopping key buffers but this could be dangerous ifother keyboards rely on the same.
151.4430 	EXP 	text: text = 'You earned 9.0 out of 10 points in this round.\n\n Press [SPACE] to advance'
151.4430 	EXP 	text: autoDraw = True
153.6428 	DATA 	Keypress: space
153.6500 	EXP 	text: autoDraw = False
153.6647 	EXP 	text: text = 'Total points : 11.9'
155.9048 	EXP 	text: text = 'Press and hold [SPACE] to report the duration of the scene.'
155.9048 	EXP 	text: autoDraw = True
156.0749 	DATA 	Keypress: space
156.0818 	EXP 	text: autoDraw = False
157.1854 	WARNING 	Stopping key buffers but this could be dangerous ifother keyboards rely on the same.
157.2025 	EXP 	text: text = 'Total points : 11.9'
157.2025 	EXP 	text: text = 'Your response exceeded the actual time.\n\n Press [SPACE] to advance'
157.2025 	EXP 	text: autoDraw = True
158.3709 	DATA 	Keypress: space
158.3780 	EXP 	text: autoDraw = False
161.1234 	EXP 	text: text = 'Press and hold [SPACE] to report the duration of the scene.'
161.1234 	EXP 	text: autoDraw = True
161.3629 	DATA 	Keypress: space
161.3701 	EXP 	text: autoDraw = False
162.3055 	WARNING 	Stopping key buffers but this could be dangerous ifother keyboards rely on the same.
162.3232 	EXP 	text: text = 'You earned 3.6 out of 10 points in this round.\n\n Press [SPACE] to advance'
162.3232 	EXP 	text: autoDraw = True
163.5549 	DATA 	Keypress: space
163.5626 	EXP 	text: autoDraw = False
163.5845 	EXP 	text: text = 'Total points : 15.5'
165.7413 	EXP 	text: text = 'Press and hold [SPACE] to report the duration of the scene.'
165.7413 	EXP 	text: autoDraw = True
165.8669 	DATA 	Keypress: space
165.8705 	EXP 	text: autoDraw = False
166.7054 	WARNING 	Stopping key buffers but this could be dangerous ifother keyboards rely on the same.
166.7233 	EXP 	text: text = 'You earned 8.9 out of 10 points in this round.\n\n Press [SPACE] to advance'
166.7233 	EXP 	text: autoDraw = True
169.1950 	DATA 	Keypress: space
169.2021 	EXP 	text: autoDraw = False
169.2207 	EXP 	text: text = 'Total points : 24.4'
172.0092 	EXP 	text: text = 'Press and hold [SPACE] to report the duration of the scene.'
172.0092 	EXP 	text: autoDraw = True
172.1708 	DATA 	Keypress: space
172.1780 	EXP 	text: autoDraw = False
173.1374 	WARNING 	Stopping key buffers but this could be dangerous ifother keyboards rely on the same.
173.1549 	EXP 	text: text = 'You earned 3.3 out of 10 points in this round.\n\n Press [SPACE] to advance'
173.1549 	EXP 	text: autoDraw = True
174.0589 	DATA 	Keypress: space
174.0661 	EXP 	text: autoDraw = False
174.0892 	EXP 	text: text = 'Total points : 27.7'
176.7277 	EXP 	text: text = 'Press and hold [SPACE] to report the duration of the scene.'
176.7277 	EXP 	text: autoDraw = True
176.8590 	DATA 	Keypress: space
176.8624 	EXP 	text: autoDraw = False
177.7855 	WARNING 	Stopping key buffers but this could be dangerous ifother keyboards rely on the same.
177.8032 	EXP 	text: text = 'You earned 4.1 out of 10 points in this round.\n\n Press [SPACE] to advance'
177.8032 	EXP 	text: autoDraw = True
178.7949 	DATA 	Keypress: space
178.8013 	EXP 	text: autoDraw = False
178.8230 	EXP 	text: text = 'Total points : 31.8'
181.6130 	EXP 	text: text = 'Press and hold [SPACE] to report the duration of the scene.'
181.6130 	EXP 	text: autoDraw = True
181.8429 	DATA 	Keypress: space
181.8502 	EXP 	text: autoDraw = False
182.8896 	WARNING 	Stopping key buffers but this could be dangerous ifother keyboards rely on the same.
182.9072 	EXP 	text: text = 'You earned 3.9 out of 10 points in this round.\n\n Press [SPACE] to advance'
182.9072 	EXP 	text: autoDraw = True
183.7787 	DATA 	Keypress: space
183.7860 	EXP 	text: autoDraw = False
183.8076 	EXP 	text: text = 'Total points : 35.7'
186.5972 	EXP 	text: text = 'Press and hold [SPACE] to report the duration of the scene.'
186.5972 	EXP 	text: autoDraw = True
186.8349 	DATA 	Keypress: space
186.8418 	EXP 	text: autoDraw = False
188.0894 	WARNING 	Stopping key buffers but this could be dangerous ifother keyboards rely on the same.
188.1065 	EXP 	text: text = 'You earned 5.8 out of 10 points in this round.\n\n Press [SPACE] to advance'
188.1065 	EXP 	text: autoDraw = True
189.0188 	DATA 	Keypress: space
189.0258 	EXP 	text: autoDraw = False
189.0425 	EXP 	text: text = 'Total points : 41.5'
191.0491 	EXP 	text: text = 'Press and hold [SPACE] to report the duration of the scene.'
191.0491 	EXP 	text: autoDraw = True
191.3869 	DATA 	Keypress: space
191.3940 	EXP 	text: autoDraw = False
191.8414 	WARNING 	Stopping key buffers but this could be dangerous ifother keyboards rely on the same.
191.8565 	EXP 	text: text = 'You earned 5.6 out of 10 points in this round.\n\n Press [SPACE] to advance'
191.8565 	EXP 	text: autoDraw = True
192.6909 	DATA 	Keypress: space
192.6981 	EXP 	text: autoDraw = False
192.7093 	EXP 	text: text = 'Total points : 47.1'
195.3345 	EXP 	text: text = 'Press and hold [SPACE] to report the duration of the scene.'
195.3345 	EXP 	text: autoDraw = True
195.4989 	DATA 	Keypress: space
195.5063 	EXP 	text: autoDraw = False
196.3373 	WARNING 	Stopping key buffers but this could be dangerous ifother keyboards rely on the same.
196.3551 	EXP 	text: text = 'You earned 3.4 out of 10 points in this round.\n\n Press [SPACE] to advance'
196.3551 	EXP 	text: autoDraw = True
197.0508 	DATA 	Keypress: space
197.0573 	EXP 	text: autoDraw = False
197.0772 	EXP 	text: text = 'Total points : 50.5'
199.7041 	EXP 	text: text = 'Press and hold [SPACE] to report the duration of the scene.'
199.7041 	EXP 	text: autoDraw = True
199.9149 	DATA 	Keypress: space
199.9222 	EXP 	text: autoDraw = False
201.0495 	WARNING 	Stopping key buffers but this could be dangerous ifother keyboards rely on the same.
201.0673 	EXP 	text: text = 'You earned 6.2 out of 10 points in this round.\n\n Press [SPACE] to advance'
201.0673 	EXP 	text: autoDraw = True
201.7628 	DATA 	Keypress: space
201.7701 	EXP 	text: autoDraw = False
201.7787 	EXP 	text: text = 'Total points : 56.7'
204.0052 	EXP 	text: text = 'Press and hold [SPACE] to report the duration of the scene.'
204.0052 	EXP 	text: autoDraw = True
204.1948 	DATA 	Keypress: space
204.2020 	EXP 	text: autoDraw = False
204.8413 	WARNING 	Stopping key buffers but this could be dangerous ifother keyboards rely on the same.
204.8593 	EXP 	text: text = 'You earned 5.2 out of 10 points in this round.\n\n Press [SPACE] to advance'
204.8593 	EXP 	text: autoDraw = True
205.6508 	DATA 	Keypress: space
205.6580 	EXP 	text: autoDraw = False
205.6644 	EXP 	text: text = 'Total points : 61.9'
207.9046 	EXP 	text: text = 'Press and hold [SPACE] to report the duration of the scene.'
207.9046 	EXP 	text: autoDraw = True
208.0349 	DATA 	Keypress: space
208.0381 	EXP 	text: autoDraw = False
208.7614 	WARNING 	Stopping key buffers but this could be dangerous ifother keyboards rely on the same.
208.7789 	EXP 	text: text = 'You earned 6.1 out of 10 points in this round.\n\n Press [SPACE] to advance'
208.7789 	EXP 	text: autoDraw = True
209.3629 	DATA 	Keypress: space
209.3700 	EXP 	text: autoDraw = False
209.3827 	EXP 	text: text = 'Total points : 68.0'
211.8893 	EXP 	text: text = 'Press and hold [SPACE] to report the duration of the scene.'
211.8893 	EXP 	text: autoDraw = True
212.0268 	DATA 	Keypress: space
212.0301 	EXP 	text: autoDraw = False
213.0975 	WARNING 	Stopping key buffers but this could be dangerous ifother keyboards rely on the same.
213.1148 	EXP 	text: text = 'You earned 7.0 out of 10 points in this round.\n\n Press [SPACE] to advance'
213.1148 	EXP 	text: autoDraw = True
213.6748 	DATA 	Keypress: space
213.6819 	EXP 	text: autoDraw = False
213.7010 	EXP 	text: text = 'Total points : 75.0'
216.0904 	EXP 	text: text = 'Press and hold [SPACE] to report the duration of the scene.'
216.0904 	EXP 	text: autoDraw = True
216.3949 	DATA 	Keypress: space
216.4022 	EXP 	text: autoDraw = False
217.1296 	WARNING 	Stopping key buffers but this could be dangerous ifother keyboards rely on the same.
217.1477 	EXP 	text: text = 'You earned 4.6 out of 10 points in this round.\n\n Press [SPACE] to advance'
217.1477 	EXP 	text: autoDraw = True
217.6988 	DATA 	Keypress: space
217.7061 	EXP 	text: autoDraw = False
217.7168 	EXP 	text: text = 'Total points : 79.6'
219.9421 	EXP 	text: text = 'Press and hold [SPACE] to report the duration of the scene.'
219.9421 	EXP 	text: autoDraw = True
220.1068 	DATA 	Keypress: space
220.1142 	EXP 	text: autoDraw = False
220.8814 	WARNING 	Stopping key buffers but this could be dangerous ifother keyboards rely on the same.
220.8998 	EXP 	text: text = 'You earned 6.7 out of 10 points in this round.\n\n Press [SPACE] to advance'
220.8998 	EXP 	text: autoDraw = True
221.3868 	DATA 	Keypress: space
221.3940 	EXP 	text: autoDraw = False
221.4014 	EXP 	text: text = 'Total points : 86.3'
223.5597 	EXP 	text: text = 'Press and hold [SPACE] to report the duration of the scene.'
223.5597 	EXP 	text: autoDraw = True
223.7150 	DATA 	Keypress: space
223.7222 	EXP 	text: autoDraw = False
224.5774 	WARNING 	Stopping key buffers but this could be dangerous ifother keyboards rely on the same.
224.5949 	EXP 	text: text = 'You earned 9.3 out of 10 points in this round.\n\n Press [SPACE] to advance'
224.5949 	EXP 	text: autoDraw = True
226.0909 	DATA 	Keypress: space
226.0983 	EXP 	text: autoDraw = False
226.1205 	EXP 	text: text = 'Total points : 95.6'
228.1283 	EXP 	text: text = 'Press and hold [SPACE] to report the duration of the scene.'
228.1283 	EXP 	text: autoDraw = True
228.3229 	DATA 	Keypress: space
228.3300 	EXP 	text: autoDraw = False
228.8973 	WARNING 	Stopping key buffers but this could be dangerous ifother keyboards rely on the same.
228.9152 	EXP 	text: text = 'You earned 7.1 out of 10 points in this round.\n\n Press [SPACE] to advance'
228.9152 	EXP 	text: autoDraw = True
229.3949 	DATA 	Keypress: space
229.4011 	EXP 	text: autoDraw = False
229.4227 	EXP 	text: text = 'Total points : 102.7'
231.8126 	EXP 	text: text = 'Press and hold [SPACE] to report the duration of the scene.'
231.8126 	EXP 	text: autoDraw = True
232.0749 	DATA 	Keypress: space
232.0821 	EXP 	text: autoDraw = False
232.8095 	WARNING 	Stopping key buffers but this could be dangerous ifother keyboards rely on the same.
232.8272 	EXP 	text: text = 'You earned 4.6 out of 10 points in this round.\n\n Press [SPACE] to advance'
232.8272 	EXP 	text: autoDraw = True
233.2907 	DATA 	Keypress: space
233.2980 	EXP 	text: autoDraw = False
233.3053 	EXP 	text: text = 'Total points : 107.3'
235.6820 	EXP 	text: text = 'Press and hold [SPACE] to report the duration of the scene.'
235.6820 	EXP 	text: autoDraw = True
235.8829 	DATA 	Keypress: space
235.8898 	EXP 	text: autoDraw = False
237.0815 	WARNING 	Stopping key buffers but this could be dangerous ifother keyboards rely on the same.
237.0987 	EXP 	text: text = 'Total points : 107.3'
237.0987 	EXP 	text: text = 'Your response exceeded the actual time.\n\n Press [SPACE] to advance'
237.0987 	EXP 	text: autoDraw = True
237.6109 	DATA 	Keypress: space
237.6182 	EXP 	text: autoDraw = False
239.7156 	EXP 	text: text = 'Press and hold [SPACE] to report the duration of the scene.'
239.7156 	EXP 	text: autoDraw = True
239.9870 	DATA 	Keypress: space
239.9943 	EXP 	text: autoDraw = False
240.6814 	WARNING 	Stopping key buffers but this could be dangerous ifother keyboards rely on the same.
240.6992 	EXP 	text: text = 'You earned 7.7 out of 10 points in this round.\n\n Press [SPACE] to advance'
240.6992 	EXP 	text: autoDraw = True
241.1148 	DATA 	Keypress: space
241.1216 	EXP 	text: autoDraw = False
241.1416 	EXP 	text: text = 'Total points : 115.0'
243.1495 	EXP 	text: text = 'Press and hold [SPACE] to report the duration of the scene.'
243.1495 	EXP 	text: autoDraw = True
243.5309 	DATA 	Keypress: space
243.5384 	EXP 	text: autoDraw = False
244.3054 	WARNING 	Stopping key buffers but this could be dangerous ifother keyboards rely on the same.
244.3223 	EXP 	text: text = 'Total points : 115.0'
244.3223 	EXP 	text: text = 'Your response exceeded the actual time.\n\n Press [SPACE] to advance'
244.3223 	EXP 	text: autoDraw = True
244.7869 	DATA 	Keypress: space
244.7938 	EXP 	text: autoDraw = False
247.1347 	EXP 	text: text = 'Press and hold [SPACE] to report the duration of the scene.'
247.1347 	EXP 	text: autoDraw = True
247.3549 	DATA 	Keypress: space
247.3622 	EXP 	text: autoDraw = False
248.2814 	WARNING 	Stopping key buffers but this could be dangerous ifother keyboards rely on the same.
248.2992 	EXP 	text: text = 'You earned 7.8 out of 10 points in this round.\n\n Press [SPACE] to advance'
248.2992 	EXP 	text: autoDraw = True
248.9548 	DATA 	Keypress: space
248.9618 	EXP 	text: autoDraw = False
248.9790 	EXP 	text: text = 'Total points : 122.8'
251.2860 	EXP 	text: text = 'Press and hold [SPACE] to report the duration of the scene.'
251.2860 	EXP 	text: autoDraw = True
251.7309 	DATA 	Keypress: space
251.7384 	EXP 	text: autoDraw = False
252.4334 	WARNING 	Stopping key buffers but this could be dangerous ifother keyboards rely on the same.
252.4512 	EXP 	text: text = 'You earned 5.0 out of 10 points in this round.\n\n Press [SPACE] to advance'
252.4512 	EXP 	text: autoDraw = True
253.1632 	DATA 	Keypress: space
253.1705 	EXP 	text: autoDraw = False
253.1783 	EXP 	text: text = 'Total points : 127.8'
255.3378 	EXP 	text: text = 'Press and hold [SPACE] to report the duration of the scene.'
255.3378 	EXP 	text: autoDraw = True
255.7070 	DATA 	Keypress: space
255.7139 	EXP 	text: autoDraw = False
256.3214 	WARNING 	Stopping key buffers but this could be dangerous ifother keyboards rely on the same.
256.3393 	EXP 	text: text = 'You earned 5.7 out of 10 points in this round.\n\n Press [SPACE] to advance'
256.3393 	EXP 	text: autoDraw = True
256.9388 	DATA 	Keypress: space
256.9459 	EXP 	text: autoDraw = False
256.9635 	EXP 	text: text = 'Total points : 133.5'
259.5897 	EXP 	text: text = 'Press and hold [SPACE] to report the duration of the scene.'
259.5897 	EXP 	text: autoDraw = True
259.8750 	DATA 	Keypress: space
259.8820 	EXP 	text: autoDraw = False
260.8254 	WARNING 	Stopping key buffers but this could be dangerous ifother keyboards rely on the same.
260.8433 	EXP 	text: text = 'You earned 4.3 out of 10 points in this round.\n\n Press [SPACE] to advance'
260.8433 	EXP 	text: autoDraw = True
261.5629 	DATA 	Keypress: space
261.5702 	EXP 	text: autoDraw = False
261.5811 	EXP 	text: text = 'Total points : 137.8'
264.2079 	EXP 	text: text = 'Press and hold [SPACE] to report the duration of the scene.'
264.2079 	EXP 	text: autoDraw = True
264.5149 	DATA 	Keypress: space
264.5221 	EXP 	text: autoDraw = False
265.4414 	WARNING 	Stopping key buffers but this could be dangerous ifother keyboards rely on the same.
265.4591 	EXP 	text: text = 'You earned 4.1 out of 10 points in this round.\n\n Press [SPACE] to advance'
265.4591 	EXP 	text: autoDraw = True
266.0188 	DATA 	Keypress: space
266.0262 	EXP 	text: autoDraw = False
266.0328 	EXP 	text: text = 'Total points : 141.9'
268.1079 	EXP 	text: text = 'Press and hold [SPACE] to report the duration of the scene.'
268.1079 	EXP 	text: autoDraw = True
268.6028 	DATA 	Keypress: space
268.6101 	EXP 	text: autoDraw = False
269.2894 	WARNING 	Stopping key buffers but this could be dangerous ifother keyboards rely on the same.
269.3072 	EXP 	text: text = 'You earned 7.6 out of 10 points in this round.\n\n Press [SPACE] to advance'
269.3072 	EXP 	text: autoDraw = True
269.8029 	DATA 	Keypress: space
269.8101 	EXP 	text: autoDraw = False
269.8175 	EXP 	text: text = 'Total points : 149.5'
272.1253 	EXP 	text: text = 'Press and hold [SPACE] to report the duration of the scene.'
272.1253 	EXP 	text: autoDraw = True
272.4909 	DATA 	Keypress: space
272.4981 	EXP 	text: autoDraw = False
273.2574 	WARNING 	Stopping key buffers but this could be dangerous ifother keyboards rely on the same.
273.2754 	EXP 	text: text = 'You earned 5.7 out of 10 points in this round.\n\n Press [SPACE] to advance'
273.2754 	EXP 	text: autoDraw = True
273.7068 	DATA 	Keypress: space
273.7140 	EXP 	text: autoDraw = False
273.7372 	EXP 	text: text = 'Total points : 155.2'
276.3779 	EXP 	text: text = 'Press and hold [SPACE] to report the duration of the scene.'
276.3779 	EXP 	text: autoDraw = True
276.7389 	DATA 	Keypress: space
276.7462 	EXP 	text: autoDraw = False
277.7294 	WARNING 	Stopping key buffers but this could be dangerous ifother keyboards rely on the same.
277.7476 	EXP 	text: text = 'You earned 4.6 out of 10 points in this round.\n\n Press [SPACE] to advance'
277.7476 	EXP 	text: autoDraw = True
278.1792 	DATA 	Keypress: space
278.1861 	EXP 	text: autoDraw = False
278.2036 	EXP 	text: text = 'Total points : 159.8'
280.5783 	EXP 	text: text = 'Press and hold [SPACE] to report the duration of the scene.'
280.5783 	EXP 	text: autoDraw = True
281.0348 	DATA 	Keypress: space
281.0421 	EXP 	text: autoDraw = False
281.9455 	WARNING 	Stopping key buffers but this could be dangerous ifother keyboards rely on the same.
281.9633 	EXP 	text: text = 'You earned 6.5 out of 10 points in this round.\n\n Press [SPACE] to advance'
281.9633 	EXP 	text: autoDraw = True
282.4188 	DATA 	Keypress: space
282.4260 	EXP 	text: autoDraw = False
282.4386 	EXP 	text: text = 'Total points : 166.3'
284.8143 	EXP 	text: text = 'Press and hold [SPACE] to report the duration of the scene.'
284.8143 	EXP 	text: autoDraw = True
285.2510 	DATA 	Keypress: space
285.2584 	EXP 	text: autoDraw = False
286.1133 	WARNING 	Stopping key buffers but this could be dangerous ifother keyboards rely on the same.
286.1311 	EXP 	text: text = 'You earned 5.9 out of 10 points in this round.\n\n Press [SPACE] to advance'
286.1311 	EXP 	text: autoDraw = True
286.5550 	DATA 	Keypress: space
286.5622 	EXP 	text: autoDraw = False
286.5740 	EXP 	text: text = 'Total points : 172.2'
289.3488 	EXP 	text: text = 'Press and hold [SPACE] to report the duration of the scene.'
289.3488 	EXP 	text: autoDraw = True
289.7309 	DATA 	Keypress: space
289.7373 	EXP 	text: autoDraw = False
290.6894 	WARNING 	Stopping key buffers but this could be dangerous ifother keyboards rely on the same.
290.7067 	EXP 	text: text = 'You earned 3.2 out of 10 points in this round.\n\n Press [SPACE] to advance'
290.7067 	EXP 	text: autoDraw = True
291.1708 	DATA 	Keypress: space
291.1781 	EXP 	text: autoDraw = False
291.1914 	EXP 	text: text = 'Total points : 175.4'
293.4166 	EXP 	text: text = 'Press and hold [SPACE] to report the duration of the scene.'
293.4166 	EXP 	text: autoDraw = True
293.8028 	DATA 	Keypress: space
293.8098 	EXP 	text: autoDraw = False
294.7854 	WARNING 	Stopping key buffers but this could be dangerous ifother keyboards rely on the same.
294.8025 	EXP 	text: text = 'Total points : 175.4'
294.8025 	EXP 	text: text = 'Your response exceeded the actual time.\n\n Press [SPACE] to advance'
294.8025 	EXP 	text: autoDraw = True
295.1788 	DATA 	Keypress: space
295.1860 	EXP 	text: autoDraw = False
296.2943 	DATA 	Keypress: space
297.3672 	EXP 	text: text = 'Press and hold [SPACE] to report the duration of the scene.'
297.3672 	EXP 	text: autoDraw = True
298.2349 	DATA 	Keypress: space
298.2401 	EXP 	text: autoDraw = False
298.9614 	WARNING 	Stopping key buffers but this could be dangerous ifother keyboards rely on the same.
298.9787 	EXP 	text: text = 'You earned 7.1 out of 10 points in this round.\n\n Press [SPACE] to advance'
298.9787 	EXP 	text: autoDraw = True
299.7628 	DATA 	Keypress: space
299.7701 	EXP 	text: autoDraw = False
299.7775 	EXP 	text: text = 'Total points : 182.5'
301.9355 	EXP 	text: text = 'Press and hold [SPACE] to report the duration of the scene.'
301.9355 	EXP 	text: autoDraw = True
302.2029 	DATA 	Keypress: space
302.2083 	EXP 	text: autoDraw = False
302.8495 	WARNING 	Stopping key buffers but this could be dangerous ifother keyboards rely on the same.
302.8673 	EXP 	text: text = 'You earned 6.0 out of 10 points in this round.\n\n Press [SPACE] to advance'
302.8673 	EXP 	text: autoDraw = True
303.3388 	DATA 	Keypress: space
303.3459 	EXP 	text: autoDraw = False
303.3619 	EXP 	text: text = 'Total points : 188.5'
305.5215 	EXP 	text: text = 'Press and hold [SPACE] to report the duration of the scene.'
305.5215 	EXP 	text: autoDraw = True
305.7228 	DATA 	Keypress: space
305.7297 	EXP 	text: autoDraw = False
306.4254 	WARNING 	Stopping key buffers but this could be dangerous ifother keyboards rely on the same.
306.4433 	EXP 	text: text = 'You earned 6.8 out of 10 points in this round.\n\n Press [SPACE] to advance'
306.4433 	EXP 	text: autoDraw = True
306.8267 	DATA 	Keypress: space
306.8339 	EXP 	text: autoDraw = False
306.8462 	EXP 	text: text = 'Total points : 195.3'
309.4727 	EXP 	text: text = 'Press and hold [SPACE] to report the duration of the scene.'
309.4727 	EXP 	text: autoDraw = True
309.7870 	DATA 	Keypress: space
309.7936 	EXP 	text: autoDraw = False
310.6814 	WARNING 	Stopping key buffers but this could be dangerous ifother keyboards rely on the same.
310.6993 	EXP 	text: text = 'You earned 3.8 out of 10 points in this round.\n\n Press [SPACE] to advance'
310.6993 	EXP 	text: autoDraw = True
311.1469 	DATA 	Keypress: space
311.1540 	EXP 	text: autoDraw = False
311.1637 	EXP 	text: text = 'Total points : 199.1'
313.8737 	EXP 	text: text = 'Press and hold [SPACE] to report the duration of the scene.'
313.8737 	EXP 	text: autoDraw = True
314.3629 	DATA 	Keypress: space
314.3703 	EXP 	text: autoDraw = False
315.1855 	WARNING 	Stopping key buffers but this could be dangerous ifother keyboards rely on the same.
315.2036 	EXP 	text: text = 'You earned 2.9 out of 10 points in this round.\n\n Press [SPACE] to advance'
315.2036 	EXP 	text: autoDraw = True
315.6668 	DATA 	Keypress: space
315.6741 	EXP 	text: autoDraw = False
315.6829 	EXP 	text: text = 'Total points : 202.0'
317.6900 	EXP 	text: text = 'Press and hold [SPACE] to report the duration of the scene.'
317.6900 	EXP 	text: autoDraw = True
318.2108 	DATA 	Keypress: space
318.2177 	EXP 	text: autoDraw = False
318.8494 	WARNING 	Stopping key buffers but this could be dangerous ifother keyboards rely on the same.
318.8658 	EXP 	text: text = 'You earned 8.0 out of 10 points in this round.\n\n Press [SPACE] to advance'
318.8658 	EXP 	text: autoDraw = True
319.4109 	DATA 	Keypress: space
319.4177 	EXP 	text: autoDraw = False
319.4349 	EXP 	text: text = 'Total points : 210.0'
321.6747 	EXP 	text: text = 'Press and hold [SPACE] to report the duration of the scene.'
321.6747 	EXP 	text: autoDraw = True
321.8589 	DATA 	Keypress: space
321.8644 	EXP 	text: autoDraw = False
322.8654 	WARNING 	Stopping key buffers but this could be dangerous ifother keyboards rely on the same.
322.8828 	EXP 	text: text = 'Total points : 210.0'
322.8828 	EXP 	text: text = 'Your response exceeded the actual time.\n\n Press [SPACE] to advance'
322.8828 	EXP 	text: autoDraw = True
323.5309 	DATA 	Keypress: space
323.5380 	EXP 	text: autoDraw = False
326.2768 	EXP 	text: text = 'Press and hold [SPACE] to report the duration of the scene.'
326.2768 	EXP 	text: autoDraw = True
326.7230 	DATA 	Keypress: space
326.7302 	EXP 	text: autoDraw = False
327.6895 	WARNING 	Stopping key buffers but this could be dangerous ifother keyboards rely on the same.
327.7075 	EXP 	text: text = 'You earned 3.8 out of 10 points in this round.\n\n Press [SPACE] to advance'
327.7075 	EXP 	text: autoDraw = True
328.1628 	DATA 	Keypress: space
328.1697 	EXP 	text: autoDraw = False
328.1864 	EXP 	text: text = 'Total points : 213.8'
330.1958 	EXP 	text: text = 'Press and hold [SPACE] to report the duration of the scene.'
330.1958 	EXP 	text: autoDraw = True
330.5149 	DATA 	Keypress: space
330.5218 	EXP 	text: autoDraw = False
331.0174 	WARNING 	Stopping key buffers but this could be dangerous ifother keyboards rely on the same.
331.0353 	EXP 	text: text = 'You earned 6.1 out of 10 points in this round.\n\n Press [SPACE] to advance'
331.0353 	EXP 	text: autoDraw = True
331.5948 	DATA 	Keypress: space
331.6009 	EXP 	text: autoDraw = False
331.6213 	EXP 	text: text = 'Total points : 219.9'
334.2472 	EXP 	text: text = 'Press and hold [SPACE] to report the duration of the scene.'
334.2472 	EXP 	text: autoDraw = True
334.7468 	DATA 	Keypress: space
334.7521 	EXP 	text: autoDraw = False
335.6094 	WARNING 	Stopping key buffers but this could be dangerous ifother keyboards rely on the same.
335.6272 	EXP 	text: text = 'You earned 3.6 out of 10 points in this round.\n\n Press [SPACE] to advance'
335.6272 	EXP 	text: autoDraw = True
336.0668 	DATA 	Keypress: space
336.0739 	EXP 	text: autoDraw = False
336.0895 	EXP 	text: text = 'Total points : 223.5'
338.5983 	EXP 	text: text = 'Press and hold [SPACE] to report the duration of the scene.'
338.5983 	EXP 	text: autoDraw = True
339.1229 	DATA 	Keypress: space
339.1303 	EXP 	text: autoDraw = False
340.0574 	WARNING 	Stopping key buffers but this could be dangerous ifother keyboards rely on the same.
340.0749 	EXP 	text: text = 'You earned 5.3 out of 10 points in this round.\n\n Press [SPACE] to advance'
340.0749 	EXP 	text: autoDraw = True
340.5547 	DATA 	Keypress: space
340.5619 	EXP 	text: autoDraw = False
340.5739 	EXP 	text: text = 'Total points : 228.8'
342.7982 	EXP 	text: text = 'Press and hold [SPACE] to report the duration of the scene.'
342.7982 	EXP 	text: autoDraw = True
343.2429 	DATA 	Keypress: space
343.2501 	EXP 	text: autoDraw = False
343.9054 	WARNING 	Stopping key buffers but this could be dangerous ifother keyboards rely on the same.
343.9234 	EXP 	text: text = 'You earned 5.4 out of 10 points in this round.\n\n Press [SPACE] to advance'
343.9234 	EXP 	text: autoDraw = True
344.4028 	DATA 	Keypress: space
344.4099 	EXP 	text: autoDraw = False
344.4263 	EXP 	text: text = 'Total points : 234.2'
347.1331 	EXP 	text: text = 'Press and hold [SPACE] to report the duration of the scene.'
347.1331 	EXP 	text: autoDraw = True
347.5788 	DATA 	Keypress: space
347.5862 	EXP 	text: autoDraw = False
348.7775 	WARNING 	Stopping key buffers but this could be dangerous ifother keyboards rely on the same.
348.7951 	EXP 	text: text = 'You earned 6.1 out of 10 points in this round.\n\n Press [SPACE] to advance'
348.7951 	EXP 	text: autoDraw = True
349.3868 	DATA 	Keypress: space
349.3937 	EXP 	text: autoDraw = False
349.4114 	EXP 	text: text = 'Total points : 240.3'
351.7177 	EXP 	text: text = 'Press and hold [SPACE] to report the duration of the scene.'
351.7177 	EXP 	text: autoDraw = True
352.0349 	DATA 	Keypress: space
352.0409 	EXP 	text: autoDraw = False
353.0415 	WARNING 	Stopping key buffers but this could be dangerous ifother keyboards rely on the same.
353.0593 	EXP 	text: text = 'You earned 9.2 out of 10 points in this round.\n\n Press [SPACE] to advance'
353.0593 	EXP 	text: autoDraw = True
353.8828 	DATA 	Keypress: space
353.8902 	EXP 	text: autoDraw = False
353.9128 	EXP 	text: text = 'Total points : 249.5'
356.1532 	EXP 	text: text = 'Press and hold [SPACE] to report the duration of the scene.'
356.1532 	EXP 	text: autoDraw = True
356.4668 	DATA 	Keypress: space
356.4742 	EXP 	text: autoDraw = False
357.2814 	WARNING 	Stopping key buffers but this could be dangerous ifother keyboards rely on the same.
357.2996 	EXP 	text: text = 'You earned 7.3 out of 10 points in this round.\n\n Press [SPACE] to advance'
357.2996 	EXP 	text: autoDraw = True
357.6828 	DATA 	Keypress: space
357.6901 	EXP 	text: autoDraw = False
357.6968 	EXP 	text: text = 'Total points : 256.8'
360.4724 	EXP 	text: text = 'Press and hold [SPACE] to report the duration of the scene.'
360.4724 	EXP 	text: autoDraw = True
360.8110 	DATA 	Keypress: space
360.8183 	EXP 	text: autoDraw = False
361.8416 	WARNING 	Stopping key buffers but this could be dangerous ifother keyboards rely on the same.
361.8594 	EXP 	text: text = 'You earned 3.7 out of 10 points in this round.\n\n Press [SPACE] to advance'
361.8594 	EXP 	text: autoDraw = True
362.4508 	DATA 	Keypress: space
362.4580 	EXP 	text: autoDraw = False
362.4646 	EXP 	text: text = 'Total points : 260.5'
364.8401 	EXP 	text: text = 'Press and hold [SPACE] to report the duration of the scene.'
364.8401 	EXP 	text: autoDraw = True
365.2110 	DATA 	Keypress: space
365.2182 	EXP 	text: autoDraw = False
366.2895 	WARNING 	Stopping key buffers but this could be dangerous ifother keyboards rely on the same.
366.3076 	EXP 	text: text = 'You earned 9.1 out of 10 points in this round.\n\n Press [SPACE] to advance'
366.3076 	EXP 	text: autoDraw = True
366.8508 	DATA 	Keypress: space
366.8580 	EXP 	text: autoDraw = False
366.8655 	EXP 	text: text = 'Total points : 269.6'
369.1752 	EXP 	text: text = 'Press and hold [SPACE] to report the duration of the scene.'
369.1752 	EXP 	text: autoDraw = True
369.6269 	DATA 	Keypress: space
369.6340 	EXP 	text: autoDraw = False
370.6574 	WARNING 	Stopping key buffers but this could be dangerous ifother keyboards rely on the same.
370.6754 	EXP 	text: text = 'You earned 9.6 out of 10 points in this round.\n\n Press [SPACE] to advance'
370.6754 	EXP 	text: autoDraw = True
371.1148 	DATA 	Keypress: space
371.1221 	EXP 	text: autoDraw = False
371.1332 	EXP 	text: text = 'Total points : 279.2'
373.1411 	EXP 	text: text = 'Press and hold [SPACE] to report the duration of the scene.'
373.1411 	EXP 	text: autoDraw = True
373.3789 	DATA 	Keypress: space
373.3859 	EXP 	text: autoDraw = False
374.3133 	WARNING 	Stopping key buffers but this could be dangerous ifother keyboards rely on the same.
374.3305 	EXP 	text: text = 'Total points : 279.2'
374.3305 	EXP 	text: text = 'Your response exceeded the actual time.\n\n Press [SPACE] to advance'
374.3305 	EXP 	text: autoDraw = True
374.8427 	DATA 	Keypress: space
374.8483 	EXP 	text: autoDraw = False
377.1926 	EXP 	text: text = 'Press and hold [SPACE] to report the duration of the scene.'
377.1926 	EXP 	text: autoDraw = True
377.4830 	DATA 	Keypress: space
377.4907 	EXP 	text: autoDraw = False
378.3134 	WARNING 	Stopping key buffers but this could be dangerous ifother keyboards rely on the same.
378.3314 	EXP 	text: text = 'You earned 6.5 out of 10 points in this round.\n\n Press [SPACE] to advance'
378.3314 	EXP 	text: autoDraw = True
378.7708 	DATA 	Keypress: space
378.7781 	EXP 	text: autoDraw = False
378.7866 	EXP 	text: text = 'Total points : 285.7'
380.9446 	EXP 	text: text = 'Press and hold [SPACE] to report the duration of the scene.'
380.9446 	EXP 	text: autoDraw = True
381.4829 	DATA 	Keypress: space
381.4901 	EXP 	text: autoDraw = False
382.2335 	WARNING 	Stopping key buffers but this could be dangerous ifother keyboards rely on the same.
382.2519 	EXP 	text: text = 'You earned 7.4 out of 10 points in this round.\n\n Press [SPACE] to advance'
382.2519 	EXP 	text: autoDraw = True
382.7549 	DATA 	Keypress: space
382.7621 	EXP 	text: autoDraw = False
382.7701 	EXP 	text: text = 'Total points : 293.1'
385.4801 	EXP 	text: text = 'Press and hold [SPACE] to report the duration of the scene.'
385.4801 	EXP 	text: autoDraw = True
386.1628 	DATA 	Keypress: space
386.1687 	EXP 	text: autoDraw = False
386.9613 	WARNING 	Stopping key buffers but this could be dangerous ifother keyboards rely on the same.
386.9793 	EXP 	text: text = 'You earned 2.7 out of 10 points in this round.\n\n Press [SPACE] to advance'
386.9793 	EXP 	text: autoDraw = True
387.4508 	DATA 	Keypress: space
387.4582 	EXP 	text: autoDraw = False
387.4733 	EXP 	text: text = 'Total points : 295.8'
390.1820 	EXP 	text: text = 'Press and hold [SPACE] to report the duration of the scene.'
390.1820 	EXP 	text: autoDraw = True
391.2269 	DATA 	Keypress: space
391.2341 	EXP 	text: autoDraw = False
392.3373 	WARNING 	Stopping key buffers but this could be dangerous ifother keyboards rely on the same.
392.3560 	EXP 	text: text = 'You earned 5.1 out of 10 points in this round.\n\n Press [SPACE] to advance'
392.3560 	EXP 	text: autoDraw = True
392.9628 	DATA 	Keypress: space
392.9702 	EXP 	text: autoDraw = False
392.9907 	EXP 	text: text = 'Total points : 300.9'
395.0665 	EXP 	text: text = 'Press and hold [SPACE] to report the duration of the scene.'
395.0665 	EXP 	text: autoDraw = True
395.6908 	DATA 	Keypress: space
395.6981 	EXP 	text: autoDraw = False
396.1373 	WARNING 	Stopping key buffers but this could be dangerous ifother keyboards rely on the same.
396.1535 	EXP 	text: text = 'You earned 4.7 out of 10 points in this round.\n\n Press [SPACE] to advance'
396.1535 	EXP 	text: autoDraw = True
396.6189 	DATA 	Keypress: space
396.6258 	EXP 	text: autoDraw = False
396.6428 	EXP 	text: text = 'Total points : 305.6'
399.1517 	EXP 	text: text = 'Press and hold [SPACE] to report the duration of the scene.'
399.1517 	EXP 	text: autoDraw = True
399.4109 	DATA 	Keypress: space
399.4182 	EXP 	text: autoDraw = False
400.3214 	WARNING 	Stopping key buffers but this could be dangerous ifother keyboards rely on the same.
400.3392 	EXP 	text: text = 'You earned 5.1 out of 10 points in this round.\n\n Press [SPACE] to advance'
400.3392 	EXP 	text: autoDraw = True
400.7148 	DATA 	Keypress: space
400.7220 	EXP 	text: autoDraw = False
400.7441 	EXP 	text: text = 'Total points : 310.7'
403.1341 	EXP 	text: text = 'Press and hold [SPACE] to report the duration of the scene.'
403.1341 	EXP 	text: autoDraw = True
403.2909 	DATA 	Keypress: space
403.2981 	EXP 	text: autoDraw = False
403.5134 	WARNING 	Stopping key buffers but this could be dangerous ifother keyboards rely on the same.
403.5295 	EXP 	text: text = 'You earned 1.6 out of 10 points in this round.\n\n Press [SPACE] to advance'
403.5295 	EXP 	text: autoDraw = True
404.5548 	DATA 	Keypress: space
404.5619 	EXP 	text: autoDraw = False
404.5793 	EXP 	text: text = 'Total points : 312.3'
406.7359 	EXP 	text: text = 'Press and hold [SPACE] to report the duration of the scene.'
406.7359 	EXP 	text: autoDraw = True
407.0029 	DATA 	Keypress: space
407.0088 	EXP 	text: autoDraw = False
407.9935 	WARNING 	Stopping key buffers but this could be dangerous ifother keyboards rely on the same.
408.0108 	EXP 	text: text = 'Total points : 312.3'
408.0108 	EXP 	text: text = 'Your response exceeded the actual time.\n\n Press [SPACE] to advance'
408.0108 	EXP 	text: autoDraw = True
408.7389 	DATA 	Keypress: space
408.7461 	EXP 	text: autoDraw = False
411.5712 	EXP 	text: text = 'Press and hold [SPACE] to report the duration of the scene.'
411.5712 	EXP 	text: autoDraw = True
412.0909 	DATA 	Keypress: space
412.0978 	EXP 	text: autoDraw = False
413.1294 	WARNING 	Stopping key buffers but this could be dangerous ifother keyboards rely on the same.
413.1465 	EXP 	text: text = 'You earned 3.8 out of 10 points in this round.\n\n Press [SPACE] to advance'
413.1465 	EXP 	text: autoDraw = True
413.7868 	DATA 	Keypress: space
413.7940 	EXP 	text: autoDraw = False
413.8158 	EXP 	text: text = 'Total points : 316.1'
416.4555 	EXP 	text: text = 'Press and hold [SPACE] to report the duration of the scene.'
416.4555 	EXP 	text: autoDraw = True
416.9469 	DATA 	Keypress: space
416.9541 	EXP 	text: autoDraw = False
417.9134 	WARNING 	Stopping key buffers but this could be dangerous ifother keyboards rely on the same.
417.9310 	EXP 	text: text = 'You earned 4.4 out of 10 points in this round.\n\n Press [SPACE] to advance'
417.9310 	EXP 	text: autoDraw = True
418.3308 	DATA 	Keypress: space
418.3380 	EXP 	text: autoDraw = False
418.3498 	EXP 	text: text = 'Total points : 320.5'
421.1413 	EXP 	text: text = 'Press and hold [SPACE] to report the duration of the scene.'
421.1413 	EXP 	text: autoDraw = True
421.7629 	DATA 	Keypress: space
421.7701 	EXP 	text: autoDraw = False
422.6895 	WARNING 	Stopping key buffers but this could be dangerous ifother keyboards rely on the same.
422.7072 	EXP 	text: text = 'You earned 3.0 out of 10 points in this round.\n\n Press [SPACE] to advance'
422.7072 	EXP 	text: autoDraw = True
423.2348 	DATA 	Keypress: space
423.2420 	EXP 	text: autoDraw = False
423.2503 	EXP 	text: text = 'Total points : 323.5'
425.3270 	EXP 	text: text = 'Press and hold [SPACE] to report the duration of the scene.'
425.3270 	EXP 	text: autoDraw = True
425.7629 	DATA 	Keypress: space
425.7700 	EXP 	text: autoDraw = False
426.6575 	WARNING 	Stopping key buffers but this could be dangerous ifother keyboards rely on the same.
426.6748 	EXP 	text: text = 'Total points : 323.5'
426.6748 	EXP 	text: text = 'Your response exceeded the actual time.\n\n Press [SPACE] to advance'
426.6748 	EXP 	text: autoDraw = True
427.1149 	DATA 	Keypress: space
427.1222 	EXP 	text: autoDraw = False
429.9280 	EXP 	text: text = 'Press and hold [SPACE] to report the duration of the scene.'
429.9280 	EXP 	text: autoDraw = True
430.2189 	DATA 	Keypress: space
430.2262 	EXP 	text: autoDraw = False
431.3293 	WARNING 	Stopping key buffers but this could be dangerous ifother keyboards rely on the same.
431.3474 	EXP 	text: text = 'You earned 4.4 out of 10 points in this round.\n\n Press [SPACE] to advance'
431.3474 	EXP 	text: autoDraw = True
432.8268 	DATA 	Keypress: space
432.8334 	EXP 	text: autoDraw = False
432.8539 	EXP 	text: text = 'Total points : 327.9'
435.1629 	EXP 	text: text = 'Press and hold [SPACE] to report the duration of the scene.'
435.1629 	EXP 	text: autoDraw = True
435.5628 	DATA 	Keypress: space
435.5684 	EXP 	text: autoDraw = False
436.6015 	WARNING 	Stopping key buffers but this could be dangerous ifother keyboards rely on the same.
436.6192 	EXP 	text: text = 'You earned 9.8 out of 10 points in this round.\n\n Press [SPACE] to advance'
436.6192 	EXP 	text: autoDraw = True
437.3870 	DATA 	Keypress: space
437.3943 	EXP 	text: autoDraw = False
437.4061 	EXP 	text: text = 'Total points : 337.7'
440.1147 	EXP 	text: text = 'Press and hold [SPACE] to report the duration of the scene.'
440.1147 	EXP 	text: autoDraw = True
440.4989 	DATA 	Keypress: space
440.5058 	EXP 	text: autoDraw = False
441.6014 	WARNING 	Stopping key buffers but this could be dangerous ifother keyboards rely on the same.
441.6192 	EXP 	text: text = 'You earned 5.0 out of 10 points in this round.\n\n Press [SPACE] to advance'
441.6192 	EXP 	text: autoDraw = True
442.1547 	DATA 	Keypress: space
442.1621 	EXP 	text: autoDraw = False
442.1730 	EXP 	text: text = 'Total points : 342.7'
444.2499 	EXP 	text: text = 'Press and hold [SPACE] to report the duration of the scene.'
444.2499 	EXP 	text: autoDraw = True
444.6988 	DATA 	Keypress: space
444.7043 	EXP 	text: autoDraw = False
445.7535 	WARNING 	Stopping key buffers but this could be dangerous ifother keyboards rely on the same.
445.7707 	EXP 	text: text = 'Total points : 342.7'
445.7707 	EXP 	text: text = 'Your response exceeded the actual time.\n\n Press [SPACE] to advance'
445.7707 	EXP 	text: autoDraw = True
446.3628 	DATA 	Keypress: space
446.3701 	EXP 	text: autoDraw = False
448.4993 	EXP 	text: text = 'Press and hold [SPACE] to report the duration of the scene.'
448.4993 	EXP 	text: autoDraw = True
448.6110 	DATA 	Keypress: space
448.6142 	EXP 	text: autoDraw = False
449.5934 	WARNING 	Stopping key buffers but this could be dangerous ifother keyboards rely on the same.
449.6087 	EXP 	text: text = 'Total points : 342.7'
449.6087 	EXP 	text: text = 'Your response exceeded the actual time.\n\n Press [SPACE] to advance'
449.6087 	EXP 	text: autoDraw = True
450.2429 	DATA 	Keypress: space
450.2500 	EXP 	text: autoDraw = False
452.5839 	EXP 	text: text = 'Press and hold [SPACE] to report the duration of the scene.'
452.5839 	EXP 	text: autoDraw = True
452.9629 	DATA 	Keypress: space
452.9701 	EXP 	text: autoDraw = False
453.7452 	WARNING 	Stopping key buffers but this could be dangerous ifother keyboards rely on the same.
453.7629 	EXP 	text: text = 'You earned 5.9 out of 10 points in this round.\n\n Press [SPACE] to advance'
453.7629 	EXP 	text: autoDraw = True
454.2348 	DATA 	Keypress: space
454.2406 	EXP 	text: autoDraw = False
454.2621 	EXP 	text: text = 'Total points : 348.6'
456.6516 	EXP 	text: text = 'Press and hold [SPACE] to report the duration of the scene.'
456.6516 	EXP 	text: autoDraw = True
456.7948 	DATA 	Keypress: space
456.7983 	EXP 	text: autoDraw = False
457.5295 	WARNING 	Stopping key buffers but this could be dangerous ifother keyboards rely on the same.
457.5468 	EXP 	text: text = 'You earned 4.6 out of 10 points in this round.\n\n Press [SPACE] to advance'
457.5468 	EXP 	text: autoDraw = True
458.0508 	DATA 	Keypress: space
458.0582 	EXP 	text: autoDraw = False
458.0791 	EXP 	text: text = 'Total points : 353.2'
460.4548 	EXP 	text: text = 'Press and hold [SPACE] to report the duration of the scene.'
460.4548 	EXP 	text: autoDraw = True
460.9789 	DATA 	Keypress: space
460.9862 	EXP 	text: autoDraw = False
461.8174 	WARNING 	Stopping key buffers but this could be dangerous ifother keyboards rely on the same.
461.8351 	EXP 	text: text = 'You earned 5.7 out of 10 points in this round.\n\n Press [SPACE] to advance'
461.8351 	EXP 	text: autoDraw = True
462.3868 	DATA 	Keypress: space
462.3931 	EXP 	text: autoDraw = False
462.4136 	EXP 	text: text = 'Total points : 358.9'
464.4895 	EXP 	text: text = 'Press and hold [SPACE] to report the duration of the scene.'
464.4895 	EXP 	text: autoDraw = True
464.9549 	DATA 	Keypress: space
464.9609 	EXP 	text: autoDraw = False
465.5054 	WARNING 	Stopping key buffers but this could be dangerous ifother keyboards rely on the same.
465.5231 	EXP 	text: text = 'You earned 5.8 out of 10 points in this round.\n\n Press [SPACE] to advance'
465.5231 	EXP 	text: autoDraw = True
465.9948 	DATA 	Keypress: space
466.0021 	EXP 	text: autoDraw = False
466.0147 	EXP 	text: text = 'Total points : 364.7'
468.3907 	EXP 	text: text = 'Press and hold [SPACE] to report the duration of the scene.'
468.3907 	EXP 	text: autoDraw = True
468.8988 	DATA 	Keypress: space
468.9060 	EXP 	text: autoDraw = False
469.5293 	WARNING 	Stopping key buffers but this could be dangerous ifother keyboards rely on the same.
469.5476 	EXP 	text: text = 'You earned 3.7 out of 10 points in this round.\n\n Press [SPACE] to advance'
469.5476 	EXP 	text: autoDraw = True
469.9788 	DATA 	Keypress: space
469.9861 	EXP 	text: autoDraw = False
470.0008 	EXP 	text: text = 'Total points : 368.4'
472.1570 	EXP 	text: text = 'Press and hold [SPACE] to report the duration of the scene.'
472.1570 	EXP 	text: autoDraw = True
472.4669 	DATA 	Keypress: space
472.4741 	EXP 	text: autoDraw = False
473.3455 	WARNING 	Stopping key buffers but this could be dangerous ifother keyboards rely on the same.
473.3633 	EXP 	text: text = 'You earned 9.6 out of 10 points in this round.\n\n Press [SPACE] to advance'
473.3633 	EXP 	text: autoDraw = True
474.2108 	DATA 	Keypress: space
474.2178 	EXP 	text: autoDraw = False
474.2352 	EXP 	text: text = 'Total points : 378.0'
476.7418 	EXP 	text: text = 'Press and hold [SPACE] to report the duration of the scene.'
476.7418 	EXP 	text: autoDraw = True
477.0830 	DATA 	Keypress: space
477.0902 	EXP 	text: autoDraw = False
478.3054 	WARNING 	Stopping key buffers but this could be dangerous ifother keyboards rely on the same.
478.3238 	EXP 	text: text = 'You earned 9.5 out of 10 points in this round.\n\n Press [SPACE] to advance'
478.3238 	EXP 	text: autoDraw = True
478.8108 	DATA 	Keypress: space
478.8179 	EXP 	text: autoDraw = False
478.8372 	EXP 	text: text = 'Total points : 387.5'
481.6273 	EXP 	text: text = 'Press and hold [SPACE] to report the duration of the scene.'
481.6273 	EXP 	text: autoDraw = True
481.9149 	DATA 	Keypress: space
481.9220 	EXP 	text: autoDraw = False
483.2895 	WARNING 	Stopping key buffers but this could be dangerous ifother keyboards rely on the same.
483.3071 	EXP 	text: text = 'You earned 7.4 out of 10 points in this round.\n\n Press [SPACE] to advance'
483.3071 	EXP 	text: autoDraw = True
483.8508 	DATA 	Keypress: space
483.8581 	EXP 	text: autoDraw = False
483.8718 	EXP 	text: text = 'Total points : 394.9'
485.9622 	EXP 	text: text = 'Press and hold [SPACE] to report the duration of the scene.'
485.9622 	EXP 	text: autoDraw = True
486.3949 	DATA 	Keypress: space
486.4011 	EXP 	text: autoDraw = False
487.0974 	WARNING 	Stopping key buffers but this could be dangerous ifother keyboards rely on the same.
487.1152 	EXP 	text: text = 'You earned 7.9 out of 10 points in this round.\n\n Press [SPACE] to advance'
487.1152 	EXP 	text: autoDraw = True
487.5149 	DATA 	Keypress: space
487.5219 	EXP 	text: autoDraw = False
487.5386 	EXP 	text: text = 'Total points : 402.8'
489.8476 	EXP 	text: text = 'Press and hold [SPACE] to report the duration of the scene.'
489.8476 	EXP 	text: autoDraw = True
490.1630 	DATA 	Keypress: space
490.1692 	EXP 	text: autoDraw = False
491.3375 	WARNING 	Stopping key buffers but this could be dangerous ifother keyboards rely on the same.
491.3547 	EXP 	text: text = 'Total points : 402.8'
491.3547 	EXP 	text: text = 'Your response exceeded the actual time.\n\n Press [SPACE] to advance'
491.3547 	EXP 	text: autoDraw = True
491.8350 	DATA 	Keypress: space
491.8423 	EXP 	text: autoDraw = False
493.9489 	EXP 	text: text = 'Press and hold [SPACE] to report the duration of the scene.'
493.9489 	EXP 	text: autoDraw = True
494.4270 	DATA 	Keypress: space
494.4343 	EXP 	text: autoDraw = False
495.3695 	WARNING 	Stopping key buffers but this could be dangerous ifother keyboards rely on the same.
495.3866 	EXP 	text: text = 'Total points : 402.8'
495.3866 	EXP 	text: text = 'Your response exceeded the actual time.\n\n Press [SPACE] to advance'
495.3866 	EXP 	text: autoDraw = True
495.8269 	DATA 	Keypress: space
495.8342 	EXP 	text: autoDraw = False
498.3658 	EXP 	text: text = 'Press and hold [SPACE] to report the duration of the scene.'
498.3658 	EXP 	text: autoDraw = True
498.7150 	DATA 	Keypress: space
498.7217 	EXP 	text: autoDraw = False
499.8254 	WARNING 	Stopping key buffers but this could be dangerous ifother keyboards rely on the same.
499.8416 	EXP 	text: text = 'You earned 7.6 out of 10 points in this round.\n\n Press [SPACE] to advance'
499.8416 	EXP 	text: autoDraw = True
500.4108 	DATA 	Keypress: space
500.4180 	EXP 	text: autoDraw = False
500.4253 	EXP 	text: text = 'Total points : 410.4'
502.5001 	EXP 	text: text = 'Press and hold [SPACE] to report the duration of the scene.'
502.5001 	EXP 	text: autoDraw = True
503.0349 	DATA 	Keypress: space
503.0420 	EXP 	text: autoDraw = False
504.2654 	WARNING 	Stopping key buffers but this could be dangerous ifother keyboards rely on the same.
504.2826 	EXP 	text: text = 'Total points : 410.4'
504.2826 	EXP 	text: text = 'Your response exceeded the actual time.\n\n Press [SPACE] to advance'
504.2826 	EXP 	text: autoDraw = True
504.7789 	DATA 	Keypress: space
504.7862 	EXP 	text: autoDraw = False
506.8186 	EXP 	text: text = 'Press and hold [SPACE] to report the duration of the scene.'
506.8186 	EXP 	text: autoDraw = True
507.2830 	DATA 	Keypress: space
507.2902 	EXP 	text: autoDraw = False
507.8414 	WARNING 	Stopping key buffers but this could be dangerous ifother keyboards rely on the same.
507.8593 	EXP 	text: text = 'You earned 6.8 out of 10 points in this round.\n\n Press [SPACE] to advance'
507.8593 	EXP 	text: autoDraw = True
508.1948 	DATA 	Keypress: space
508.2020 	EXP 	text: autoDraw = False
508.2110 	EXP 	text: text = 'Total points : 417.2'
510.3713 	EXP 	text: text = 'Press and hold [SPACE] to report the duration of the scene.'
510.3713 	EXP 	text: autoDraw = True
510.7469 	DATA 	Keypress: space
510.7541 	EXP 	text: autoDraw = False
511.5135 	WARNING 	Stopping key buffers but this could be dangerous ifother keyboards rely on the same.
511.5286 	EXP 	text: text = 'You earned 7.7 out of 10 points in this round.\n\n Press [SPACE] to advance'
511.5286 	EXP 	text: autoDraw = True
512.0269 	DATA 	Keypress: space
512.0340 	EXP 	text: autoDraw = False
512.0462 	EXP 	text: text = 'Total points : 424.9'
514.2728 	EXP 	text: text = 'Press and hold [SPACE] to report the duration of the scene.'
514.2728 	EXP 	text: autoDraw = True
514.8109 	DATA 	Keypress: space
514.8182 	EXP 	text: autoDraw = False
515.6813 	WARNING 	Stopping key buffers but this could be dangerous ifother keyboards rely on the same.
515.6993 	EXP 	text: text = 'You earned 8.1 out of 10 points in this round.\n\n Press [SPACE] to advance'
515.6993 	EXP 	text: autoDraw = True
516.0908 	DATA 	Keypress: space
516.0977 	EXP 	text: autoDraw = False
516.1144 	EXP 	text: text = 'Total points : 433.0'
518.3383 	EXP 	text: text = 'Press and hold [SPACE] to report the duration of the scene.'
518.3383 	EXP 	text: autoDraw = True
518.8269 	DATA 	Keypress: space
518.8342 	EXP 	text: autoDraw = False
520.3374 	WARNING 	Stopping key buffers but this could be dangerous ifother keyboards rely on the same.
520.3553 	EXP 	text: text = 'Total points : 433.0'
520.3553 	EXP 	text: text = 'Your response exceeded the actual time.\n\n Press [SPACE] to advance'
520.3553 	EXP 	text: autoDraw = True
520.7949 	DATA 	Keypress: space
520.8020 	EXP 	text: autoDraw = False
522.9177 	DATA 	Keypress: space
523.5411 	EXP 	text: text = 'Press and hold [SPACE] to report the duration of the scene.'
523.5411 	EXP 	text: autoDraw = True
524.3148 	DATA 	Keypress: space
524.3219 	EXP 	text: autoDraw = False
525.5535 	WARNING 	Stopping key buffers but this could be dangerous ifother keyboards rely on the same.
525.5715 	EXP 	text: text = 'You earned 6.6 out of 10 points in this round.\n\n Press [SPACE] to advance'
525.5715 	EXP 	text: autoDraw = True
525.9069 	DATA 	Keypress: space
525.9138 	EXP 	text: autoDraw = False
525.9340 	EXP 	text: text = 'Total points : 439.6'
527.9416 	EXP 	text: text = 'Press and hold [SPACE] to report the duration of the scene.'
527.9416 	EXP 	text: autoDraw = True
528.3069 	DATA 	Keypress: space
528.3142 	EXP 	text: autoDraw = False
528.9694 	WARNING 	Stopping key buffers but this could be dangerous ifother keyboards rely on the same.
528.9872 	EXP 	text: text = 'You earned 8.4 out of 10 points in this round.\n\n Press [SPACE] to advance'
528.9872 	EXP 	text: autoDraw = True
529.3068 	DATA 	Keypress: space
529.3141 	EXP 	text: autoDraw = False
529.3362 	EXP 	text: text = 'Total points : 448.0'
531.8431 	EXP 	text: text = 'Press and hold [SPACE] to report the duration of the scene.'
531.8431 	EXP 	text: autoDraw = True
532.2349 	DATA 	Keypress: space
532.2423 	EXP 	text: autoDraw = False
533.3774 	WARNING 	Stopping key buffers but this could be dangerous ifother keyboards rely on the same.
533.3954 	EXP 	text: text = 'You earned 8.1 out of 10 points in this round.\n\n Press [SPACE] to advance'
533.3954 	EXP 	text: autoDraw = True
533.7628 	DATA 	Keypress: space
533.7697 	EXP 	text: autoDraw = False
533.7882 	EXP 	text: text = 'Total points : 456.1'
536.2940 	EXP 	text: text = 'Press and hold [SPACE] to report the duration of the scene.'
536.2940 	EXP 	text: autoDraw = True
536.6429 	DATA 	Keypress: space
536.6503 	EXP 	text: autoDraw = False
537.7534 	WARNING 	Stopping key buffers but this could be dangerous ifother keyboards rely on the same.
537.7703 	EXP 	text: text = 'You earned 7.6 out of 10 points in this round.\n\n Press [SPACE] to advance'
537.7703 	EXP 	text: autoDraw = True
538.2029 	DATA 	Keypress: space
538.2102 	EXP 	text: autoDraw = False
538.2215 	EXP 	text: text = 'Total points : 463.7'
540.9312 	EXP 	text: text = 'Press and hold [SPACE] to report the duration of the scene.'
540.9312 	EXP 	text: autoDraw = True
541.2669 	DATA 	Keypress: space
541.2740 	EXP 	text: autoDraw = False
542.6574 	WARNING 	Stopping key buffers but this could be dangerous ifother keyboards rely on the same.
542.6751 	EXP 	text: text = 'You earned 8.9 out of 10 points in this round.\n\n Press [SPACE] to advance'
542.6751 	EXP 	text: autoDraw = True
543.0989 	DATA 	Keypress: space
543.1058 	EXP 	text: autoDraw = False
543.1238 	EXP 	text: text = 'Total points : 472.6'
545.7479 	EXP 	text: text = 'Press and hold [SPACE] to report the duration of the scene.'
545.7479 	EXP 	text: autoDraw = True
546.1628 	DATA 	Keypress: space
546.1701 	EXP 	text: autoDraw = False
547.3294 	WARNING 	Stopping key buffers but this could be dangerous ifother keyboards rely on the same.
547.3475 	EXP 	text: text = 'You earned 6.6 out of 10 points in this round.\n\n Press [SPACE] to advance'
547.3475 	EXP 	text: autoDraw = True
547.6669 	DATA 	Keypress: space
547.6738 	EXP 	text: autoDraw = False
547.6912 	EXP 	text: text = 'Total points : 479.2'
550.1997 	EXP 	text: text = 'Press and hold [SPACE] to report the duration of the scene.'
550.1997 	EXP 	text: autoDraw = True
550.7229 	DATA 	Keypress: space
550.7302 	EXP 	text: autoDraw = False
552.2255 	WARNING 	Stopping key buffers but this could be dangerous ifother keyboards rely on the same.
552.2415 	EXP 	text: text = 'Total points : 479.2'
552.2415 	EXP 	text: text = 'Your response exceeded the actual time.\n\n Press [SPACE] to advance'
552.2415 	EXP 	text: autoDraw = True
552.7308 	DATA 	Keypress: space
552.7380 	EXP 	text: autoDraw = False
555.4859 	EXP 	text: text = 'Press and hold [SPACE] to report the duration of the scene.'
555.4859 	EXP 	text: autoDraw = True
555.7469 	DATA 	Keypress: space
555.7543 	EXP 	text: autoDraw = False
557.2414 	WARNING 	Stopping key buffers but this could be dangerous ifother keyboards rely on the same.
557.2589 	EXP 	text: text = 'Total points : 479.2'
557.2589 	EXP 	text: text = 'Your response exceeded the actual time.\n\n Press [SPACE] to advance'
557.2589 	EXP 	text: autoDraw = True
557.7549 	DATA 	Keypress: space
557.7619 	EXP 	text: autoDraw = False
560.1042 	EXP 	text: text = 'Press and hold [SPACE] to report the duration of the scene.'
560.1042 	EXP 	text: autoDraw = True
560.6510 	DATA 	Keypress: space
560.6581 	EXP 	text: autoDraw = False
561.7614 	WARNING 	Stopping key buffers but this could be dangerous ifother keyboards rely on the same.
561.7779 	EXP 	text: text = 'Total points : 479.2'
561.7779 	EXP 	text: text = 'Your response exceeded the actual time.\n\n Press [SPACE] to advance'
561.7779 	EXP 	text: autoDraw = True
562.2188 	DATA 	Keypress: space
562.2254 	EXP 	text: autoDraw = False
564.7718 	EXP 	text: text = 'Press and hold [SPACE] to report the duration of the scene.'
564.7718 	EXP 	text: autoDraw = True
565.2429 	DATA 	Keypress: space
565.2501 	EXP 	text: autoDraw = False
566.1615 	WARNING 	Stopping key buffers but this could be dangerous ifother keyboards rely on the same.
566.1790 	EXP 	text: text = 'You earned 5.2 out of 10 points in this round.\n\n Press [SPACE] to advance'
566.1790 	EXP 	text: autoDraw = True
566.5868 	DATA 	Keypress: space
566.5935 	EXP 	text: autoDraw = False
566.6140 	EXP 	text: text = 'Total points : 484.4'
569.1239 	EXP 	text: text = 'Press and hold [SPACE] to report the duration of the scene.'
569.1239 	EXP 	text: autoDraw = True
569.5229 	DATA 	Keypress: space
569.5281 	EXP 	text: autoDraw = False
570.6334 	WARNING 	Stopping key buffers but this could be dangerous ifother keyboards rely on the same.
570.6513 	EXP 	text: text = 'You earned 7.6 out of 10 points in this round.\n\n Press [SPACE] to advance'
570.6513 	EXP 	text: autoDraw = True
571.3069 	DATA 	Keypress: space
571.3121 	EXP 	text: autoDraw = False
571.3323 	EXP 	text: text = 'Total points : 492.0'
573.3395 	EXP 	text: text = 'Press and hold [SPACE] to report the duration of the scene.'
573.3395 	EXP 	text: autoDraw = True
573.7629 	DATA 	Keypress: space
573.7701 	EXP 	text: autoDraw = False
575.1615 	WARNING 	Stopping key buffers but this could be dangerous ifother keyboards rely on the same.
575.1788 	EXP 	text: text = 'Total points : 492.0'
575.1788 	EXP 	text: text = 'Your response exceeded the actual time.\n\n Press [SPACE] to advance'
575.1788 	EXP 	text: autoDraw = True
575.6909 	DATA 	Keypress: space
575.6970 	EXP 	text: autoDraw = False
575.7168 	INFO 	Finishing at 11:43 on 20 Nov 2019
575.9853 	EXP 	window1: mouseVisible = True
