9.3758 	ERROR 	Screen apparently NOT the desired resolution of 2560x1440 pixels!!
13.8090 	INFO 	Successfully set darwin thread to realtime
14.8765 	INFO 	#[ PsychoPy3 RuntimeInfoStart ]
  #[[ PsychoPy ]] #---------
    psychopyVersion: 3.2.3
    psychopyHaveExtRush: True
  #[[ Experiment ]] #---------
    experimentRunTime: 2019_11_20 12:25 (Year_Month_Day Hour:Min)
    experimentRunTime.epoch: 1574270714
    experimentScript: Time_perception_with_heterogenous_looming_dots.py
    experimentScript.digestSHA1: 0c10468aeaf2b5398b564c45078dc18c47cc7df6
    experimentScript.directory: /Users/vsg/Documents/GitHub/spatio_temporal_information_processing/Time_Subjective_Expansion/Object_files_and_Time_representation
  #[[ System ]] #---------
    systemHaveInternetAccess: True
    systemHostName: pbs-jf-imac.local
    systemLocale: C
    systemMemFreeRAM: 1466.5703125
    systemMemTotalRAM: 8192.0
    systemPlatform: darwin 10.13.6 x86_64
    systemPyoVersion: -
    systemRebooted: Nov 20 02:21
    systemSec.OpenSSLVersion: LibreSSL 2.2.7
    systemSec.pythonSSL: True
    systemTimeNumpySD1000000_sec: 0.0040
    systemUser: vsg
    systemUserID: 502
    systemUsersCount: 1
  #[[ Window ]] #---------
    windowWinType: pyglet
    windowUnits: deg
    windowSize_pix: [5120 2880]
    windowScreen: 0
    windowRgb: [255. 255. 255.]
    windowRefreshTimeSD_ms: 0.287
    windowRefreshTimeMedian_ms: 16.665
    windowRefreshTimeAvg_ms: 16.652
    windowPos_pix: [0.0, 0.0]
    windowMonitor.name: testmonitor
    windowMonitor.getWidth_cm: 52.0
    windowMonitor.getDistance_cm: 65.0
    windowMonitor.currentCalibName: 2019_09_24 14:26
    windowIsFullScr: True
  #[[ Python ]] #---------
    pythonVersion: 3.6.1
  #[[ OpenGL ]] #---------
#[ PsychoPy3 RuntimeInfoEnd ]

14.9578 	EXP 	Created text = TextStim(__class__=<class 'psychopy.visual.text.TextStim'>, alignHoriz='center', alignVert='center', antialias=True, autoLog=True, bold=False, color='black', colorSpace='named', contrast=1.0, depth=-1.0, flipHoriz=False, flipVert=False, font='Arial', fontFiles=[], height=0.35, italic=False, languageStyle='LTR', name='text', opacity=1.0, ori=0, pos=array([0., 0.]), rgb=array([0., 0., 0.]), text=str(...), units='deg', win=Window(...), wrapWidth=20)
14.9632 	EXP 	Created text = TextStim(__class__=<class 'psychopy.visual.text.TextStim'>, alignHoriz='center', alignVert='center', antialias=True, autoLog=True, bold=False, color='black', colorSpace='named', contrast=1.0, depth=-1.0, flipHoriz=False, flipVert=False, font='Arial', fontFiles=[], height=0.35, italic=False, languageStyle='LTR', name='text', opacity=1.0, ori=0, pos=array([5., 5.]), rgb=array([0., 0., 0.]), text='Total points : 0', units='deg', win=Window(...), wrapWidth=20)
15.0238 	EXP 	text: text = 'Welcome! Thank you for agreeing to participate in this study.\n\nYou will be presented with a scene that contains upto 3 objects.\n\nThese objects are looming discs - that either loom together, or independently.\n\nYou are supposed to judge the duration of the scene as a whole.\n\nAfter the scene ends, you are required to reproduce the duration of the scene by pressing and holding [SPACE BAR].\n\nOne more thing! You will perform this task while fixating the center of the screen. \n\nPress any key to continue to the next page. \n\n'
15.0238 	EXP 	text: autoDraw = True
55.4509 	DATA 	Keypress: space
55.4519 	EXP 	text: autoDraw = False
55.5164 	EXP 	text: text = "We really want you to be as accurate as you can. So a game will be played to make it more fun. We want you to hold down the space bar for as long as you saw the scene lasted, but no longer! The closer you get to the right answer, the more points we will award you in that trial. But if you go over the actual duration you won't get any points on that trial. So you need to be as accurate as possible without going over to earn the max. Each trial will be for 10 points. There are about 100 trials. If you collect a total of 600 points by the end, we will double the credit you get for the experiment.\n\nIf you're feeling uncomfortable, you can press ESC key any time to stop the experiment.\n\nPress any key you are ready to do some practice trials.\n\n"
55.5164 	EXP 	text: autoDraw = True
114.3775 	DATA 	Keypress: space
114.3784 	EXP 	text: autoDraw = False
114.3943 	EXP 	text: autoDraw = True
116.5043 	EXP 	text: text = 'Press and hold [SPACE] to report the duration of the scene.'
116.5043 	EXP 	text: autoDraw = True
117.5615 	DATA 	Keypress: space
117.5688 	EXP 	text: autoDraw = False
118.4640 	WARNING 	Stopping key buffers but this could be dangerous ifother keyboards rely on the same.
118.4817 	EXP 	text: text = 'Total points : 0'
118.4817 	EXP 	text: text = 'Your response exceeded the actual time.\n\n Press [SPACE] to advance'
118.4817 	EXP 	text: autoDraw = True
121.2415 	DATA 	Keypress: space
121.2487 	EXP 	text: autoDraw = False
123.4873 	EXP 	text: text = 'Press and hold [SPACE] to report the duration of the scene.'
123.4873 	EXP 	text: autoDraw = True
124.0176 	DATA 	Keypress: space
124.0249 	EXP 	text: autoDraw = False
125.1920 	WARNING 	Stopping key buffers but this could be dangerous ifother keyboards rely on the same.
125.2094 	EXP 	text: text = 'Total points : 0'
125.2094 	EXP 	text: text = 'Your response exceeded the actual time.\n\n Press [SPACE] to advance'
125.2094 	EXP 	text: autoDraw = True
127.8254 	DATA 	Keypress: space
127.8323 	EXP 	text: autoDraw = False
130.4143 	EXP 	text: text = 'Press and hold [SPACE] to report the duration of the scene.'
130.4143 	EXP 	text: autoDraw = True
131.0575 	DATA 	Keypress: space
131.0629 	EXP 	text: autoDraw = False
132.3840 	WARNING 	Stopping key buffers but this could be dangerous ifother keyboards rely on the same.
132.3993 	EXP 	text: text = 'Total points : 0'
132.3993 	EXP 	text: text = 'Your response exceeded the actual time.\n\n Press [SPACE] to advance'
132.3993 	EXP 	text: autoDraw = True
134.5614 	DATA 	Keypress: space
134.5685 	EXP 	text: autoDraw = False
134.6058 	EXP 	text: text = 'Total points : 0'
134.6058 	EXP 	text: text = 'Great! Now press any key to begin the experiment'
134.6058 	EXP 	text: autoDraw = True
146.5374 	DATA 	Keypress: space
146.5446 	EXP 	text: autoDraw = False
148.9304 	EXP 	text: text = 'Press and hold [SPACE] to report the duration of the scene.'
148.9304 	EXP 	text: autoDraw = True
149.3295 	DATA 	Keypress: space
149.3356 	EXP 	text: autoDraw = False
150.2720 	WARNING 	Stopping key buffers but this could be dangerous ifother keyboards rely on the same.
150.2842 	EXP 	text: text = 'You earned 7.0 out of 10 points in this round.\n\n Press [SPACE] to advance'
150.2842 	EXP 	text: autoDraw = True
151.9214 	DATA 	Keypress: space
151.9288 	EXP 	text: autoDraw = False
151.9400 	EXP 	text: text = 'Total points : 7.0'
154.7153 	EXP 	text: text = 'Press and hold [SPACE] to report the duration of the scene.'
154.7153 	EXP 	text: autoDraw = True
155.0734 	DATA 	Keypress: space
155.0807 	EXP 	text: autoDraw = False
156.2159 	WARNING 	Stopping key buffers but this could be dangerous ifother keyboards rely on the same.
156.2283 	EXP 	text: text = 'You earned 4.7 out of 10 points in this round.\n\n Press [SPACE] to advance'
156.2283 	EXP 	text: autoDraw = True
158.5374 	DATA 	Keypress: space
158.5447 	EXP 	text: autoDraw = False
158.5597 	EXP 	text: text = 'Total points : 11.7'
160.6504 	EXP 	text: text = 'Press and hold [SPACE] to report the duration of the scene.'
160.6504 	EXP 	text: autoDraw = True
161.0734 	DATA 	Keypress: space
161.0807 	EXP 	text: autoDraw = False
161.6879 	WARNING 	Stopping key buffers but this could be dangerous ifother keyboards rely on the same.
161.7055 	EXP 	text: text = 'You earned 6.6 out of 10 points in this round.\n\n Press [SPACE] to advance'
161.7055 	EXP 	text: autoDraw = True
163.1134 	DATA 	Keypress: space
163.1208 	EXP 	text: autoDraw = False
163.1278 	EXP 	text: text = 'Total points : 18.3'
165.7687 	EXP 	text: text = 'Press and hold [SPACE] to report the duration of the scene.'
165.7687 	EXP 	text: autoDraw = True
166.4254 	DATA 	Keypress: space
166.4327 	EXP 	text: autoDraw = False
167.3760 	WARNING 	Stopping key buffers but this could be dangerous ifother keyboards rely on the same.
167.3935 	EXP 	text: text = 'You earned 4.3 out of 10 points in this round.\n\n Press [SPACE] to advance'
167.3935 	EXP 	text: autoDraw = True
168.6814 	DATA 	Keypress: space
168.6889 	EXP 	text: autoDraw = False
168.6973 	EXP 	text: text = 'Total points : 22.6'
171.4034 	EXP 	text: text = 'Press and hold [SPACE] to report the duration of the scene.'
171.4034 	EXP 	text: autoDraw = True
172.2495 	DATA 	Keypress: space
172.2569 	EXP 	text: autoDraw = False
173.3839 	WARNING 	Stopping key buffers but this could be dangerous ifother keyboards rely on the same.
173.3963 	EXP 	text: text = 'You earned 5.3 out of 10 points in this round.\n\n Press [SPACE] to advance'
173.3963 	EXP 	text: autoDraw = True
174.9534 	DATA 	Keypress: space
174.9601 	EXP 	text: autoDraw = False
174.9829 	EXP 	text: text = 'Total points : 27.9'
176.9884 	EXP 	text: text = 'Press and hold [SPACE] to report the duration of the scene.'
176.9884 	EXP 	text: autoDraw = True
177.4014 	DATA 	Keypress: space
177.4088 	EXP 	text: autoDraw = False
178.1600 	WARNING 	Stopping key buffers but this could be dangerous ifother keyboards rely on the same.
178.1772 	EXP 	text: text = 'Total points : 27.9'
178.1772 	EXP 	text: text = 'Your response exceeded the actual time.\n\n Press [SPACE] to advance'
178.1772 	EXP 	text: autoDraw = True
179.8093 	DATA 	Keypress: space
179.8163 	EXP 	text: autoDraw = False
182.0897 	EXP 	text: text = 'Press and hold [SPACE] to report the duration of the scene.'
182.0897 	EXP 	text: autoDraw = True
182.8895 	DATA 	Keypress: space
182.8963 	EXP 	text: autoDraw = False
183.7439 	WARNING 	Stopping key buffers but this could be dangerous ifother keyboards rely on the same.
183.7615 	EXP 	text: text = 'You earned 7.9 out of 10 points in this round.\n\n Press [SPACE] to advance'
183.7615 	EXP 	text: autoDraw = True
185.1374 	DATA 	Keypress: space
185.1447 	EXP 	text: autoDraw = False
185.1512 	EXP 	text: text = 'Total points : 35.8'
187.3079 	EXP 	text: text = 'Press and hold [SPACE] to report the duration of the scene.'
187.3079 	EXP 	text: autoDraw = True
187.9295 	DATA 	Keypress: space
187.9367 	EXP 	text: autoDraw = False
188.8481 	WARNING 	Stopping key buffers but this could be dangerous ifother keyboards rely on the same.
188.8651 	EXP 	text: text = 'Total points : 35.8'
188.8651 	EXP 	text: text = 'Your response exceeded the actual time.\n\n Press [SPACE] to advance'
188.8651 	EXP 	text: autoDraw = True
189.6173 	DATA 	Keypress: space
189.6246 	EXP 	text: autoDraw = False
191.7432 	EXP 	text: text = 'Press and hold [SPACE] to report the duration of the scene.'
191.7432 	EXP 	text: autoDraw = True
192.4095 	DATA 	Keypress: space
192.4159 	EXP 	text: autoDraw = False
193.1679 	WARNING 	Stopping key buffers but this could be dangerous ifother keyboards rely on the same.
193.1852 	EXP 	text: text = 'You earned 8.8 out of 10 points in this round.\n\n Press [SPACE] to advance'
193.1852 	EXP 	text: autoDraw = True
194.1933 	DATA 	Keypress: space
194.1999 	EXP 	text: autoDraw = False
194.2209 	EXP 	text: text = 'Total points : 44.6'
196.4615 	EXP 	text: text = 'Press and hold [SPACE] to report the duration of the scene.'
196.4615 	EXP 	text: autoDraw = True
196.8335 	DATA 	Keypress: space
196.8408 	EXP 	text: autoDraw = False
197.6320 	WARNING 	Stopping key buffers but this could be dangerous ifother keyboards rely on the same.
197.6499 	EXP 	text: text = 'You earned 7.0 out of 10 points in this round.\n\n Press [SPACE] to advance'
197.6499 	EXP 	text: autoDraw = True
198.6254 	DATA 	Keypress: space
198.6327 	EXP 	text: autoDraw = False
198.6391 	EXP 	text: text = 'Total points : 51.6'
200.6458 	EXP 	text: text = 'Press and hold [SPACE] to report the duration of the scene.'
200.6458 	EXP 	text: autoDraw = True
200.9855 	DATA 	Keypress: space
200.9927 	EXP 	text: autoDraw = False
201.5600 	WARNING 	Stopping key buffers but this could be dangerous ifother keyboards rely on the same.
201.5776 	EXP 	text: text = 'You earned 7.1 out of 10 points in this round.\n\n Press [SPACE] to advance'
201.5776 	EXP 	text: autoDraw = True
202.5454 	DATA 	Keypress: space
202.5524 	EXP 	text: autoDraw = False
202.5731 	EXP 	text: text = 'Total points : 58.7'
204.8811 	EXP 	text: text = 'Press and hold [SPACE] to report the duration of the scene.'
204.8811 	EXP 	text: autoDraw = True
205.2575 	DATA 	Keypress: space
205.2648 	EXP 	text: autoDraw = False
206.0399 	WARNING 	Stopping key buffers but this could be dangerous ifother keyboards rely on the same.
206.0562 	EXP 	text: text = 'You earned 5.9 out of 10 points in this round.\n\n Press [SPACE] to advance'
206.0562 	EXP 	text: autoDraw = True
206.8414 	DATA 	Keypress: space
206.8487 	EXP 	text: autoDraw = False
206.8573 	EXP 	text: text = 'Total points : 64.6'
209.5673 	EXP 	text: text = 'Press and hold [SPACE] to report the duration of the scene.'
209.5673 	EXP 	text: autoDraw = True
210.0494 	DATA 	Keypress: space
210.0551 	EXP 	text: autoDraw = False
210.8960 	WARNING 	Stopping key buffers but this could be dangerous ifother keyboards rely on the same.
210.9139 	EXP 	text: text = 'You earned 3.0 out of 10 points in this round.\n\n Press [SPACE] to advance'
210.9139 	EXP 	text: autoDraw = True
211.7693 	DATA 	Keypress: space
211.7763 	EXP 	text: autoDraw = False
211.7926 	EXP 	text: text = 'Total points : 67.6'
213.8022 	EXP 	text: text = 'Press and hold [SPACE] to report the duration of the scene.'
213.8022 	EXP 	text: autoDraw = True
214.2094 	DATA 	Keypress: space
214.2167 	EXP 	text: autoDraw = False
214.6641 	WARNING 	Stopping key buffers but this could be dangerous ifother keyboards rely on the same.
214.6804 	EXP 	text: text = 'You earned 5.6 out of 10 points in this round.\n\n Press [SPACE] to advance'
214.6804 	EXP 	text: autoDraw = True
215.9133 	DATA 	Keypress: space
215.9207 	EXP 	text: autoDraw = False
215.9277 	EXP 	text: text = 'Total points : 73.2'
218.6364 	EXP 	text: text = 'Press and hold [SPACE] to report the duration of the scene.'
218.6364 	EXP 	text: autoDraw = True
219.1533 	DATA 	Keypress: space
219.1586 	EXP 	text: autoDraw = False
220.1359 	WARNING 	Stopping key buffers but this could be dangerous ifother keyboards rely on the same.
220.1538 	EXP 	text: text = 'You earned 3.9 out of 10 points in this round.\n\n Press [SPACE] to advance'
220.1538 	EXP 	text: autoDraw = True
221.2413 	DATA 	Keypress: space
221.2485 	EXP 	text: autoDraw = False
221.2622 	EXP 	text: text = 'Total points : 77.1'
223.7719 	EXP 	text: text = 'Press and hold [SPACE] to report the duration of the scene.'
223.7719 	EXP 	text: autoDraw = True
224.4255 	DATA 	Keypress: space
224.4328 	EXP 	text: autoDraw = False
225.3759 	WARNING 	Stopping key buffers but this could be dangerous ifother keyboards rely on the same.
225.3936 	EXP 	text: text = 'You earned 5.5 out of 10 points in this round.\n\n Press [SPACE] to advance'
225.3936 	EXP 	text: autoDraw = True
226.5533 	DATA 	Keypress: space
226.5604 	EXP 	text: autoDraw = False
226.5807 	EXP 	text: text = 'Total points : 82.6'
228.7401 	EXP 	text: text = 'Press and hold [SPACE] to report the duration of the scene.'
228.7401 	EXP 	text: autoDraw = True
229.4574 	DATA 	Keypress: space
229.4645 	EXP 	text: autoDraw = False
230.2800 	WARNING 	Stopping key buffers but this could be dangerous ifother keyboards rely on the same.
230.2974 	EXP 	text: text = 'You earned 8.6 out of 10 points in this round.\n\n Press [SPACE] to advance'
230.2974 	EXP 	text: autoDraw = True
231.4734 	DATA 	Keypress: space
231.4791 	EXP 	text: autoDraw = False
231.4988 	EXP 	text: text = 'Total points : 91.2'
233.7246 	EXP 	text: text = 'Press and hold [SPACE] to report the duration of the scene.'
233.7246 	EXP 	text: autoDraw = True
234.3134 	DATA 	Keypress: space
234.3208 	EXP 	text: autoDraw = False
235.2479 	WARNING 	Stopping key buffers but this could be dangerous ifother keyboards rely on the same.
235.2655 	EXP 	text: text = 'You earned 9.2 out of 10 points in this round.\n\n Press [SPACE] to advance'
235.2655 	EXP 	text: autoDraw = True
236.3534 	DATA 	Keypress: space
236.3608 	EXP 	text: autoDraw = False
236.3678 	EXP 	text: text = 'Total points : 100.4'
238.5256 	EXP 	text: text = 'Press and hold [SPACE] to report the duration of the scene.'
238.5256 	EXP 	text: autoDraw = True
238.9934 	DATA 	Keypress: space
239.0006 	EXP 	text: autoDraw = False
239.7680 	WARNING 	Stopping key buffers but this could be dangerous ifother keyboards rely on the same.
239.7840 	EXP 	text: text = 'You earned 7.8 out of 10 points in this round.\n\n Press [SPACE] to advance'
239.7840 	EXP 	text: autoDraw = True
240.6173 	DATA 	Keypress: space
240.6245 	EXP 	text: autoDraw = False
240.6344 	EXP 	text: text = 'Total points : 108.2'
243.0098 	EXP 	text: text = 'Press and hold [SPACE] to report the duration of the scene.'
243.0098 	EXP 	text: autoDraw = True
243.4575 	DATA 	Keypress: space
243.4647 	EXP 	text: autoDraw = False
244.5119 	WARNING 	Stopping key buffers but this could be dangerous ifother keyboards rely on the same.
244.5300 	EXP 	text: text = 'You earned 8.7 out of 10 points in this round.\n\n Press [SPACE] to advance'
244.5300 	EXP 	text: autoDraw = True
245.4735 	DATA 	Keypress: space
245.4808 	EXP 	text: autoDraw = False
245.4875 	EXP 	text: text = 'Total points : 116.9'
247.6443 	EXP 	text: text = 'Press and hold [SPACE] to report the duration of the scene.'
247.6443 	EXP 	text: autoDraw = True
248.0094 	DATA 	Keypress: space
248.0169 	EXP 	text: autoDraw = False
248.5519 	WARNING 	Stopping key buffers but this could be dangerous ifother keyboards rely on the same.
248.5696 	EXP 	text: text = 'You earned 4.9 out of 10 points in this round.\n\n Press [SPACE] to advance'
248.5696 	EXP 	text: autoDraw = True
249.6335 	DATA 	Keypress: space
249.6408 	EXP 	text: autoDraw = False
249.6559 	EXP 	text: text = 'Total points : 121.8'
251.9628 	EXP 	text: text = 'Press and hold [SPACE] to report the duration of the scene.'
251.9628 	EXP 	text: autoDraw = True
252.5054 	DATA 	Keypress: space
252.5127 	EXP 	text: autoDraw = False
253.3440 	WARNING 	Stopping key buffers but this could be dangerous ifother keyboards rely on the same.
253.3616 	EXP 	text: text = 'You earned 6.6 out of 10 points in this round.\n\n Press [SPACE] to advance'
253.3616 	EXP 	text: autoDraw = True
253.9614 	DATA 	Keypress: space
253.9689 	EXP 	text: autoDraw = False
253.9909 	EXP 	text: text = 'Total points : 128.4'
256.1475 	EXP 	text: text = 'Press and hold [SPACE] to report the duration of the scene.'
256.1475 	EXP 	text: autoDraw = True
256.6814 	DATA 	Keypress: space
256.6869 	EXP 	text: autoDraw = False
257.4801 	WARNING 	Stopping key buffers but this could be dangerous ifother keyboards rely on the same.
257.4978 	EXP 	text: text = 'You earned 8.2 out of 10 points in this round.\n\n Press [SPACE] to advance'
257.4978 	EXP 	text: autoDraw = True
258.0174 	DATA 	Keypress: space
258.0245 	EXP 	text: autoDraw = False
258.0405 	EXP 	text: text = 'Total points : 136.6'
260.1168 	EXP 	text: text = 'Press and hold [SPACE] to report the duration of the scene.'
260.1168 	EXP 	text: autoDraw = True
260.5614 	DATA 	Keypress: space
260.5686 	EXP 	text: autoDraw = False
261.4240 	WARNING 	Stopping key buffers but this could be dangerous ifother keyboards rely on the same.
261.4408 	EXP 	text: text = 'Total points : 136.6'
261.4408 	EXP 	text: text = 'Your response exceeded the actual time.\n\n Press [SPACE] to advance'
261.4408 	EXP 	text: autoDraw = True
262.1935 	DATA 	Keypress: space
262.2007 	EXP 	text: autoDraw = False
264.3011 	EXP 	text: text = 'Press and hold [SPACE] to report the duration of the scene.'
264.3011 	EXP 	text: autoDraw = True
264.8174 	DATA 	Keypress: space
264.8230 	EXP 	text: autoDraw = False
265.6720 	WARNING 	Stopping key buffers but this could be dangerous ifother keyboards rely on the same.
265.6893 	EXP 	text: text = 'Total points : 136.6'
265.6893 	EXP 	text: text = 'Your response exceeded the actual time.\n\n Press [SPACE] to advance'
265.6893 	EXP 	text: autoDraw = True
266.2574 	DATA 	Keypress: space
266.2647 	EXP 	text: autoDraw = False
269.0701 	EXP 	text: text = 'Press and hold [SPACE] to report the duration of the scene.'
269.0701 	EXP 	text: autoDraw = True
269.5615 	DATA 	Keypress: space
269.5687 	EXP 	text: autoDraw = False
270.3999 	WARNING 	Stopping key buffers but this could be dangerous ifother keyboards rely on the same.
270.4179 	EXP 	text: text = 'You earned 2.5 out of 10 points in this round.\n\n Press [SPACE] to advance'
270.4179 	EXP 	text: autoDraw = True
271.1534 	DATA 	Keypress: space
271.1604 	EXP 	text: autoDraw = False
271.1791 	EXP 	text: text = 'Total points : 139.1'
273.8046 	EXP 	text: text = 'Press and hold [SPACE] to report the duration of the scene.'
273.8046 	EXP 	text: autoDraw = True
274.4655 	DATA 	Keypress: space
274.4729 	EXP 	text: autoDraw = False
275.4320 	WARNING 	Stopping key buffers but this could be dangerous ifother keyboards rely on the same.
275.4496 	EXP 	text: text = 'You earned 4.4 out of 10 points in this round.\n\n Press [SPACE] to advance'
275.4496 	EXP 	text: autoDraw = True
276.1613 	DATA 	Keypress: space
276.1686 	EXP 	text: autoDraw = False
276.1810 	EXP 	text: text = 'Total points : 143.5'
278.3374 	EXP 	text: text = 'Press and hold [SPACE] to report the duration of the scene.'
278.3374 	EXP 	text: autoDraw = True
278.7854 	DATA 	Keypress: space
278.7928 	EXP 	text: autoDraw = False
279.4720 	WARNING 	Stopping key buffers but this could be dangerous ifother keyboards rely on the same.
279.4899 	EXP 	text: text = 'You earned 6.5 out of 10 points in this round.\n\n Press [SPACE] to advance'
279.4899 	EXP 	text: autoDraw = True
280.1295 	DATA 	Keypress: space
280.1368 	EXP 	text: autoDraw = False
280.1479 	EXP 	text: text = 'Total points : 150.0'
282.8562 	EXP 	text: text = 'Press and hold [SPACE] to report the duration of the scene.'
282.8562 	EXP 	text: autoDraw = True
283.5853 	DATA 	Keypress: space
283.5926 	EXP 	text: autoDraw = False
284.4641 	WARNING 	Stopping key buffers but this could be dangerous ifother keyboards rely on the same.
284.4813 	EXP 	text: text = 'You earned 3.2 out of 10 points in this round.\n\n Press [SPACE] to advance'
284.4813 	EXP 	text: autoDraw = True
285.1454 	DATA 	Keypress: space
285.1527 	EXP 	text: autoDraw = False
285.1676 	EXP 	text: text = 'Total points : 153.2'
287.5574 	EXP 	text: text = 'Press and hold [SPACE] to report the duration of the scene.'
287.5574 	EXP 	text: autoDraw = True
288.1454 	DATA 	Keypress: space
288.1527 	EXP 	text: autoDraw = False
289.1280 	WARNING 	Stopping key buffers but this could be dangerous ifother keyboards rely on the same.
289.1458 	EXP 	text: text = 'You earned 7.5 out of 10 points in this round.\n\n Press [SPACE] to advance'
289.1458 	EXP 	text: autoDraw = True
289.6174 	DATA 	Keypress: space
289.6247 	EXP 	text: autoDraw = False
289.6339 	EXP 	text: text = 'Total points : 160.7'
292.0091 	EXP 	text: text = 'Press and hold [SPACE] to report the duration of the scene.'
292.0091 	EXP 	text: autoDraw = True
292.5055 	DATA 	Keypress: space
292.5128 	EXP 	text: autoDraw = False
293.5039 	WARNING 	Stopping key buffers but this could be dangerous ifother keyboards rely on the same.
293.5215 	EXP 	text: text = 'You earned 7.8 out of 10 points in this round.\n\n Press [SPACE] to advance'
293.5215 	EXP 	text: autoDraw = True
294.0894 	DATA 	Keypress: space
294.0966 	EXP 	text: autoDraw = False
294.1032 	EXP 	text: text = 'Total points : 168.5'
296.8937 	EXP 	text: text = 'Press and hold [SPACE] to report the duration of the scene.'
296.8937 	EXP 	text: autoDraw = True
297.4095 	DATA 	Keypress: space
297.4165 	EXP 	text: autoDraw = False
298.4718 	WARNING 	Stopping key buffers but this could be dangerous ifother keyboards rely on the same.
298.4895 	EXP 	text: text = 'You earned 4.0 out of 10 points in this round.\n\n Press [SPACE] to advance'
298.4895 	EXP 	text: autoDraw = True
298.9214 	DATA 	Keypress: space
298.9286 	EXP 	text: autoDraw = False
298.9370 	EXP 	text: text = 'Total points : 172.5'
301.0120 	EXP 	text: text = 'Press and hold [SPACE] to report the duration of the scene.'
301.0120 	EXP 	text: autoDraw = True
301.3374 	DATA 	Keypress: space
301.3446 	EXP 	text: autoDraw = False
302.0399 	WARNING 	Stopping key buffers but this could be dangerous ifother keyboards rely on the same.
302.0574 	EXP 	text: text = 'You earned 7.9 out of 10 points in this round.\n\n Press [SPACE] to advance'
302.0574 	EXP 	text: autoDraw = True
302.6974 	DATA 	Keypress: space
302.7043 	EXP 	text: autoDraw = False
302.7219 	EXP 	text: text = 'Total points : 180.4'
304.9492 	EXP 	text: text = 'Press and hold [SPACE] to report the duration of the scene.'
304.9492 	EXP 	text: autoDraw = True
305.3695 	DATA 	Keypress: space
305.3768 	EXP 	text: autoDraw = False
306.1920 	WARNING 	Stopping key buffers but this could be dangerous ifother keyboards rely on the same.
306.2095 	EXP 	text: text = 'You earned 7.4 out of 10 points in this round.\n\n Press [SPACE] to advance'
306.2095 	EXP 	text: autoDraw = True
306.8174 	DATA 	Keypress: space
306.8244 	EXP 	text: autoDraw = False
306.8399 	EXP 	text: text = 'Total points : 187.8'
309.1497 	EXP 	text: text = 'Press and hold [SPACE] to report the duration of the scene.'
309.1497 	EXP 	text: autoDraw = True
309.7454 	DATA 	Keypress: space
309.7527 	EXP 	text: autoDraw = False
310.5360 	WARNING 	Stopping key buffers but this could be dangerous ifother keyboards rely on the same.
310.5539 	EXP 	text: text = 'You earned 6.0 out of 10 points in this round.\n\n Press [SPACE] to advance'
310.5539 	EXP 	text: autoDraw = True
310.7773 	DATA 	Keypress: space
310.7847 	EXP 	text: autoDraw = False
310.7913 	EXP 	text: text = 'Total points : 193.8'
313.0990 	EXP 	text: text = 'Press and hold [SPACE] to report the duration of the scene.'
313.0990 	EXP 	text: autoDraw = True
313.6255 	DATA 	Keypress: space
313.6327 	EXP 	text: autoDraw = False
314.4480 	WARNING 	Stopping key buffers but this could be dangerous ifother keyboards rely on the same.
314.4658 	EXP 	text: text = 'You earned 6.4 out of 10 points in this round.\n\n Press [SPACE] to advance'
314.4658 	EXP 	text: autoDraw = True
314.9134 	DATA 	Keypress: space
314.9208 	EXP 	text: autoDraw = False
314.9441 	EXP 	text: text = 'Total points : 200.2'
317.2503 	EXP 	text: text = 'Press and hold [SPACE] to report the duration of the scene.'
317.2503 	EXP 	text: autoDraw = True
317.7694 	DATA 	Keypress: space
317.7764 	EXP 	text: autoDraw = False
318.4400 	WARNING 	Stopping key buffers but this could be dangerous ifother keyboards rely on the same.
318.4576 	EXP 	text: text = 'You earned 4.7 out of 10 points in this round.\n\n Press [SPACE] to advance'
318.4576 	EXP 	text: autoDraw = True
318.7135 	DATA 	Keypress: space
318.7206 	EXP 	text: autoDraw = False
318.7272 	EXP 	text: text = 'Total points : 204.9'
321.3520 	EXP 	text: text = 'Press and hold [SPACE] to report the duration of the scene.'
321.3520 	EXP 	text: autoDraw = True
321.6895 	DATA 	Keypress: space
321.6967 	EXP 	text: autoDraw = False
322.4880 	WARNING 	Stopping key buffers but this could be dangerous ifother keyboards rely on the same.
322.5055 	EXP 	text: text = 'You earned 3.2 out of 10 points in this round.\n\n Press [SPACE] to advance'
322.5055 	EXP 	text: autoDraw = True
323.1854 	DATA 	Keypress: space
323.1919 	EXP 	text: autoDraw = False
323.2118 	EXP 	text: text = 'Total points : 208.1'
325.7206 	EXP 	text: text = 'Press and hold [SPACE] to report the duration of the scene.'
325.7206 	EXP 	text: autoDraw = True
326.3854 	DATA 	Keypress: space
326.3926 	EXP 	text: autoDraw = False
327.1679 	WARNING 	Stopping key buffers but this could be dangerous ifother keyboards rely on the same.
327.1857 	EXP 	text: text = 'You earned 3.9 out of 10 points in this round.\n\n Press [SPACE] to advance'
327.1857 	EXP 	text: autoDraw = True
327.8974 	DATA 	Keypress: space
327.9047 	EXP 	text: autoDraw = False
327.9134 	EXP 	text: text = 'Total points : 212.0'
330.2228 	EXP 	text: text = 'Press and hold [SPACE] to report the duration of the scene.'
330.2228 	EXP 	text: autoDraw = True
330.8094 	DATA 	Keypress: space
330.8168 	EXP 	text: autoDraw = False
331.5999 	WARNING 	Stopping key buffers but this could be dangerous ifother keyboards rely on the same.
331.6174 	EXP 	text: text = 'You earned 6.0 out of 10 points in this round.\n\n Press [SPACE] to advance'
331.6174 	EXP 	text: autoDraw = True
332.3054 	DATA 	Keypress: space
332.3116 	EXP 	text: autoDraw = False
332.3314 	EXP 	text: text = 'Total points : 218.0'
334.9578 	EXP 	text: text = 'Press and hold [SPACE] to report the duration of the scene.'
334.9578 	EXP 	text: autoDraw = True
335.4335 	DATA 	Keypress: space
335.4408 	EXP 	text: autoDraw = False
336.5839 	WARNING 	Stopping key buffers but this could be dangerous ifother keyboards rely on the same.
336.6015 	EXP 	text: text = 'You earned 6.4 out of 10 points in this round.\n\n Press [SPACE] to advance'
336.6015 	EXP 	text: autoDraw = True
337.4574 	DATA 	Keypress: space
337.4631 	EXP 	text: autoDraw = False
337.4833 	EXP 	text: text = 'Total points : 224.4'
340.2586 	EXP 	text: text = 'Press and hold [SPACE] to report the duration of the scene.'
340.2586 	EXP 	text: autoDraw = True
340.8575 	DATA 	Keypress: space
340.8640 	EXP 	text: autoDraw = False
342.4000 	WARNING 	Stopping key buffers but this could be dangerous ifother keyboards rely on the same.
342.4169 	EXP 	text: text = 'Total points : 224.4'
342.4169 	EXP 	text: text = 'Your response exceeded the actual time.\n\n Press [SPACE] to advance'
342.4169 	EXP 	text: autoDraw = True
343.0573 	DATA 	Keypress: space
343.0646 	EXP 	text: autoDraw = False
345.1114 	EXP 	text: text = 'Press and hold [SPACE] to report the duration of the scene.'
345.1114 	EXP 	text: autoDraw = True
345.5374 	DATA 	Keypress: space
345.5448 	EXP 	text: autoDraw = False
345.9519 	WARNING 	Stopping key buffers but this could be dangerous ifother keyboards rely on the same.
345.9671 	EXP 	text: text = 'You earned 5.1 out of 10 points in this round.\n\n Press [SPACE] to advance'
345.9671 	EXP 	text: autoDraw = True
346.6493 	DATA 	Keypress: space
346.6565 	EXP 	text: autoDraw = False
346.6698 	EXP 	text: text = 'Total points : 229.5'
348.8958 	EXP 	text: text = 'Press and hold [SPACE] to report the duration of the scene.'
348.8958 	EXP 	text: autoDraw = True
349.2575 	DATA 	Keypress: space
349.2647 	EXP 	text: autoDraw = False
349.8960 	WARNING 	Stopping key buffers but this could be dangerous ifother keyboards rely on the same.
349.9140 	EXP 	text: text = 'You earned 5.1 out of 10 points in this round.\n\n Press [SPACE] to advance'
349.9140 	EXP 	text: autoDraw = True
350.2733 	DATA 	Keypress: space
350.2806 	EXP 	text: autoDraw = False
350.2872 	EXP 	text: text = 'Total points : 234.6'
352.6620 	EXP 	text: text = 'Press and hold [SPACE] to report the duration of the scene.'
352.6620 	EXP 	text: autoDraw = True
353.0335 	DATA 	Keypress: space
353.0409 	EXP 	text: autoDraw = False
353.8239 	WARNING 	Stopping key buffers but this could be dangerous ifother keyboards rely on the same.
353.8414 	EXP 	text: text = 'You earned 5.1 out of 10 points in this round.\n\n Press [SPACE] to advance'
353.8414 	EXP 	text: autoDraw = True
354.3373 	DATA 	Keypress: space
354.3447 	EXP 	text: autoDraw = False
354.3558 	EXP 	text: text = 'Total points : 239.7'
357.0635 	EXP 	text: text = 'Press and hold [SPACE] to report the duration of the scene.'
357.0635 	EXP 	text: autoDraw = True
357.7534 	DATA 	Keypress: space
357.7606 	EXP 	text: autoDraw = False
358.8960 	WARNING 	Stopping key buffers but this could be dangerous ifother keyboards rely on the same.
358.9138 	EXP 	text: text = 'You earned 5.4 out of 10 points in this round.\n\n Press [SPACE] to advance'
358.9138 	EXP 	text: autoDraw = True
359.6973 	DATA 	Keypress: space
359.7038 	EXP 	text: autoDraw = False
359.7249 	EXP 	text: text = 'Total points : 245.1'
362.5148 	EXP 	text: text = 'Press and hold [SPACE] to report the duration of the scene.'
362.5148 	EXP 	text: autoDraw = True
363.4094 	DATA 	Keypress: space
363.4167 	EXP 	text: autoDraw = False
364.7759 	WARNING 	Stopping key buffers but this could be dangerous ifother keyboards rely on the same.
364.7913 	EXP 	text: text = 'You earned 7.3 out of 10 points in this round.\n\n Press [SPACE] to advance'
364.7913 	EXP 	text: autoDraw = True
365.7054 	DATA 	Keypress: space
365.7127 	EXP 	text: autoDraw = False
365.7260 	EXP 	text: text = 'Total points : 252.4'
367.8008 	EXP 	text: text = 'Press and hold [SPACE] to report the duration of the scene.'
367.8008 	EXP 	text: autoDraw = True
368.3054 	DATA 	Keypress: space
368.3127 	EXP 	text: autoDraw = False
369.3439 	WARNING 	Stopping key buffers but this could be dangerous ifother keyboards rely on the same.
369.3593 	EXP 	text: text = 'Total points : 252.4'
369.3593 	EXP 	text: text = 'Your response exceeded the actual time.\n\n Press [SPACE] to advance'
369.3593 	EXP 	text: autoDraw = True
369.9533 	DATA 	Keypress: space
369.9603 	EXP 	text: autoDraw = False
372.3847 	EXP 	text: text = 'Press and hold [SPACE] to report the duration of the scene.'
372.3847 	EXP 	text: autoDraw = True
372.9775 	DATA 	Keypress: space
372.9849 	EXP 	text: autoDraw = False
373.6959 	WARNING 	Stopping key buffers but this could be dangerous ifother keyboards rely on the same.
373.7134 	EXP 	text: text = 'You earned 4.4 out of 10 points in this round.\n\n Press [SPACE] to advance'
373.7134 	EXP 	text: autoDraw = True
374.4013 	DATA 	Keypress: space
374.4083 	EXP 	text: autoDraw = False
374.4297 	EXP 	text: text = 'Total points : 256.8'
376.7360 	EXP 	text: text = 'Press and hold [SPACE] to report the duration of the scene.'
376.7360 	EXP 	text: autoDraw = True
377.4575 	DATA 	Keypress: space
377.4648 	EXP 	text: autoDraw = False
378.1202 	WARNING 	Stopping key buffers but this could be dangerous ifother keyboards rely on the same.
378.1378 	EXP 	text: text = 'You earned 4.6 out of 10 points in this round.\n\n Press [SPACE] to advance'
378.1378 	EXP 	text: autoDraw = True
378.8813 	DATA 	Keypress: space
378.8887 	EXP 	text: autoDraw = False
378.8969 	EXP 	text: text = 'Total points : 261.4'
381.4043 	EXP 	text: text = 'Press and hold [SPACE] to report the duration of the scene.'
381.4043 	EXP 	text: autoDraw = True
381.9054 	DATA 	Keypress: space
381.9112 	EXP 	text: autoDraw = False
383.1921 	WARNING 	Stopping key buffers but this could be dangerous ifother keyboards rely on the same.
383.2093 	EXP 	text: text = 'Total points : 261.4'
383.2093 	EXP 	text: text = 'Your response exceeded the actual time.\n\n Press [SPACE] to advance'
383.2093 	EXP 	text: autoDraw = True
383.7774 	DATA 	Keypress: space
383.7847 	EXP 	text: autoDraw = False
386.3233 	EXP 	text: text = 'Press and hold [SPACE] to report the duration of the scene.'
386.3233 	EXP 	text: autoDraw = True
386.6336 	DATA 	Keypress: space
386.6410 	EXP 	text: autoDraw = False
387.3999 	WARNING 	Stopping key buffers but this could be dangerous ifother keyboards rely on the same.
387.4173 	EXP 	text: text = 'You earned 3.8 out of 10 points in this round.\n\n Press [SPACE] to advance'
387.4173 	EXP 	text: autoDraw = True
388.0014 	DATA 	Keypress: space
388.0087 	EXP 	text: autoDraw = False
388.0152 	EXP 	text: text = 'Total points : 265.2'
390.1751 	EXP 	text: text = 'Press and hold [SPACE] to report the duration of the scene.'
390.1751 	EXP 	text: autoDraw = True
390.8255 	DATA 	Keypress: space
390.8309 	EXP 	text: autoDraw = False
391.4081 	WARNING 	Stopping key buffers but this could be dangerous ifother keyboards rely on the same.
391.4258 	EXP 	text: text = 'You earned 5.3 out of 10 points in this round.\n\n Press [SPACE] to advance'
391.4258 	EXP 	text: autoDraw = True
392.2573 	DATA 	Keypress: space
392.2640 	EXP 	text: autoDraw = False
392.2845 	EXP 	text: text = 'Total points : 270.5'
394.5111 	EXP 	text: text = 'Press and hold [SPACE] to report the duration of the scene.'
394.5111 	EXP 	text: autoDraw = True
395.1614 	DATA 	Keypress: space
395.1686 	EXP 	text: autoDraw = False
395.7759 	WARNING 	Stopping key buffers but this could be dangerous ifother keyboards rely on the same.
395.7936 	EXP 	text: text = 'You earned 4.9 out of 10 points in this round.\n\n Press [SPACE] to advance'
395.7936 	EXP 	text: autoDraw = True
396.5215 	DATA 	Keypress: space
396.5287 	EXP 	text: autoDraw = False
396.5352 	EXP 	text: text = 'Total points : 275.4'
399.0451 	EXP 	text: text = 'Press and hold [SPACE] to report the duration of the scene.'
399.0451 	EXP 	text: autoDraw = True
399.4895 	DATA 	Keypress: space
399.4968 	EXP 	text: autoDraw = False
400.3920 	WARNING 	Stopping key buffers but this could be dangerous ifother keyboards rely on the same.
400.4096 	EXP 	text: text = 'You earned 5.0 out of 10 points in this round.\n\n Press [SPACE] to advance'
400.4096 	EXP 	text: autoDraw = True
401.0653 	DATA 	Keypress: space
401.0727 	EXP 	text: autoDraw = False
401.0872 	EXP 	text: text = 'Total points : 280.4'
403.7967 	EXP 	text: text = 'Press and hold [SPACE] to report the duration of the scene.'
403.7967 	EXP 	text: autoDraw = True
404.1693 	DATA 	Keypress: space
404.1768 	EXP 	text: autoDraw = False
405.3680 	WARNING 	Stopping key buffers but this could be dangerous ifother keyboards rely on the same.
405.3859 	EXP 	text: text = 'You earned 6.1 out of 10 points in this round.\n\n Press [SPACE] to advance'
405.3859 	EXP 	text: autoDraw = True
406.1134 	DATA 	Keypress: space
406.1188 	EXP 	text: autoDraw = False
406.1393 	EXP 	text: text = 'Total points : 286.5'
408.4471 	EXP 	text: text = 'Press and hold [SPACE] to report the duration of the scene.'
408.4471 	EXP 	text: autoDraw = True
408.8654 	DATA 	Keypress: space
408.8724 	EXP 	text: autoDraw = False
409.9280 	WARNING 	Stopping key buffers but this could be dangerous ifother keyboards rely on the same.
409.9453 	EXP 	text: text = 'Total points : 286.5'
409.9453 	EXP 	text: text = 'Your response exceeded the actual time.\n\n Press [SPACE] to advance'
409.9453 	EXP 	text: autoDraw = True
410.4894 	DATA 	Keypress: space
410.4965 	EXP 	text: autoDraw = False
413.0311 	EXP 	text: text = 'Press and hold [SPACE] to report the duration of the scene.'
413.0311 	EXP 	text: autoDraw = True
413.3375 	DATA 	Keypress: space
413.3447 	EXP 	text: autoDraw = False
414.4158 	WARNING 	Stopping key buffers but this could be dangerous ifother keyboards rely on the same.
414.4338 	EXP 	text: text = 'You earned 7.1 out of 10 points in this round.\n\n Press [SPACE] to advance'
414.4338 	EXP 	text: autoDraw = True
415.1614 	DATA 	Keypress: space
415.1686 	EXP 	text: autoDraw = False
415.1753 	EXP 	text: text = 'Total points : 293.6'
417.6836 	EXP 	text: text = 'Press and hold [SPACE] to report the duration of the scene.'
417.6836 	EXP 	text: autoDraw = True
417.9935 	DATA 	Keypress: space
418.0008 	EXP 	text: autoDraw = False
419.3360 	WARNING 	Stopping key buffers but this could be dangerous ifother keyboards rely on the same.
419.3535 	EXP 	text: text = 'Total points : 293.6'
419.3535 	EXP 	text: text = 'Your response exceeded the actual time.\n\n Press [SPACE] to advance'
419.3535 	EXP 	text: autoDraw = True
419.8174 	DATA 	Keypress: space
419.8233 	EXP 	text: autoDraw = False
422.3678 	EXP 	text: text = 'Press and hold [SPACE] to report the duration of the scene.'
422.3678 	EXP 	text: autoDraw = True
422.7376 	DATA 	Keypress: space
422.7449 	EXP 	text: autoDraw = False
423.9121 	WARNING 	Stopping key buffers but this could be dangerous ifother keyboards rely on the same.
423.9295 	EXP 	text: text = 'You earned 8.6 out of 10 points in this round.\n\n Press [SPACE] to advance'
423.9295 	EXP 	text: autoDraw = True
424.6253 	DATA 	Keypress: space
424.6326 	EXP 	text: autoDraw = False
424.6462 	EXP 	text: text = 'Total points : 302.2'
427.0356 	EXP 	text: text = 'Press and hold [SPACE] to report the duration of the scene.'
427.0356 	EXP 	text: autoDraw = True
427.3775 	DATA 	Keypress: space
427.3849 	EXP 	text: autoDraw = False
428.2400 	WARNING 	Stopping key buffers but this could be dangerous ifother keyboards rely on the same.
428.2580 	EXP 	text: text = 'You earned 5.9 out of 10 points in this round.\n\n Press [SPACE] to advance'
428.2580 	EXP 	text: autoDraw = True
428.8974 	DATA 	Keypress: space
428.9046 	EXP 	text: autoDraw = False
428.9132 	EXP 	text: text = 'Total points : 308.1'
431.2213 	EXP 	text: text = 'Press and hold [SPACE] to report the duration of the scene.'
431.2213 	EXP 	text: autoDraw = True
431.6493 	DATA 	Keypress: space
431.6566 	EXP 	text: autoDraw = False
432.5839 	WARNING 	Stopping key buffers but this could be dangerous ifother keyboards rely on the same.
432.6018 	EXP 	text: text = 'You earned 8.0 out of 10 points in this round.\n\n Press [SPACE] to advance'
432.6018 	EXP 	text: autoDraw = True
433.2254 	DATA 	Keypress: space
433.2326 	EXP 	text: autoDraw = False
433.2477 	EXP 	text: text = 'Total points : 316.1'
435.9560 	EXP 	text: text = 'Press and hold [SPACE] to report the duration of the scene.'
435.9560 	EXP 	text: autoDraw = True
436.3935 	DATA 	Keypress: space
436.4008 	EXP 	text: autoDraw = False
437.4159 	WARNING 	Stopping key buffers but this could be dangerous ifother keyboards rely on the same.
437.4319 	EXP 	text: text = 'You earned 4.3 out of 10 points in this round.\n\n Press [SPACE] to advance'
437.4319 	EXP 	text: autoDraw = True
438.1454 	DATA 	Keypress: space
438.1527 	EXP 	text: autoDraw = False
438.1659 	EXP 	text: text = 'Total points : 320.4'
440.8757 	EXP 	text: text = 'Press and hold [SPACE] to report the duration of the scene.'
440.8757 	EXP 	text: autoDraw = True
441.4094 	DATA 	Keypress: space
441.4165 	EXP 	text: autoDraw = False
442.6561 	WARNING 	Stopping key buffers but this could be dangerous ifother keyboards rely on the same.
442.6741 	EXP 	text: text = 'You earned 6.7 out of 10 points in this round.\n\n Press [SPACE] to advance'
442.6741 	EXP 	text: autoDraw = True
443.3933 	DATA 	Keypress: space
443.4004 	EXP 	text: autoDraw = False
443.4174 	EXP 	text: text = 'Total points : 327.1'
446.0422 	EXP 	text: text = 'Press and hold [SPACE] to report the duration of the scene.'
446.0422 	EXP 	text: autoDraw = True
446.5854 	DATA 	Keypress: space
446.5928 	EXP 	text: autoDraw = False
447.8881 	WARNING 	Stopping key buffers but this could be dangerous ifother keyboards rely on the same.
447.9058 	EXP 	text: text = 'You earned 8.7 out of 10 points in this round.\n\n Press [SPACE] to advance'
447.9058 	EXP 	text: autoDraw = True
448.5373 	DATA 	Keypress: space
448.5447 	EXP 	text: autoDraw = False
448.5529 	EXP 	text: text = 'Total points : 335.8'
450.7942 	EXP 	text: text = 'Press and hold [SPACE] to report the duration of the scene.'
450.7942 	EXP 	text: autoDraw = True
451.3614 	DATA 	Keypress: space
451.3671 	EXP 	text: autoDraw = False
452.2240 	WARNING 	Stopping key buffers but this could be dangerous ifother keyboards rely on the same.
452.2420 	EXP 	text: text = 'You earned 8.0 out of 10 points in this round.\n\n Press [SPACE] to advance'
452.2420 	EXP 	text: autoDraw = True
452.9215 	DATA 	Keypress: space
452.9288 	EXP 	text: autoDraw = False
452.9367 	EXP 	text: text = 'Total points : 343.8'
454.9467 	EXP 	text: text = 'Press and hold [SPACE] to report the duration of the scene.'
454.9467 	EXP 	text: autoDraw = True
455.2654 	DATA 	Keypress: space
455.2725 	EXP 	text: autoDraw = False
455.8239 	WARNING 	Stopping key buffers but this could be dangerous ifother keyboards rely on the same.
455.8415 	EXP 	text: text = 'You earned 6.8 out of 10 points in this round.\n\n Press [SPACE] to advance'
455.8415 	EXP 	text: autoDraw = True
456.5133 	DATA 	Keypress: space
456.5186 	EXP 	text: autoDraw = False
456.5388 	EXP 	text: text = 'Total points : 350.6'
458.5465 	EXP 	text: text = 'Press and hold [SPACE] to report the duration of the scene.'
458.5465 	EXP 	text: autoDraw = True
459.0174 	DATA 	Keypress: space
459.0247 	EXP 	text: autoDraw = False
459.7281 	WARNING 	Stopping key buffers but this could be dangerous ifother keyboards rely on the same.
459.7457 	EXP 	text: text = 'You earned 9.3 out of 10 points in this round.\n\n Press [SPACE] to advance'
459.7457 	EXP 	text: autoDraw = True
460.3855 	DATA 	Keypress: space
460.3929 	EXP 	text: autoDraw = False
460.4064 	EXP 	text: text = 'Total points : 359.9'
462.4811 	EXP 	text: text = 'Press and hold [SPACE] to report the duration of the scene.'
462.4811 	EXP 	text: autoDraw = True
462.9374 	DATA 	Keypress: space
462.9446 	EXP 	text: autoDraw = False
463.6960 	WARNING 	Stopping key buffers but this could be dangerous ifother keyboards rely on the same.
463.7139 	EXP 	text: text = 'You earned 8.8 out of 10 points in this round.\n\n Press [SPACE] to advance'
463.7139 	EXP 	text: autoDraw = True
464.3134 	DATA 	Keypress: space
464.3206 	EXP 	text: autoDraw = False
464.3424 	EXP 	text: text = 'Total points : 368.7'
466.8488 	EXP 	text: text = 'Press and hold [SPACE] to report the duration of the scene.'
466.8488 	EXP 	text: autoDraw = True
467.2095 	DATA 	Keypress: space
467.2167 	EXP 	text: autoDraw = False
468.1360 	WARNING 	Stopping key buffers but this could be dangerous ifother keyboards rely on the same.
468.1537 	EXP 	text: text = 'You earned 5.3 out of 10 points in this round.\n\n Press [SPACE] to advance'
468.1537 	EXP 	text: autoDraw = True
468.7693 	DATA 	Keypress: space
468.7763 	EXP 	text: autoDraw = False
468.7937 	EXP 	text: text = 'Total points : 374.0'
471.5837 	EXP 	text: text = 'Press and hold [SPACE] to report the duration of the scene.'
471.5837 	EXP 	text: autoDraw = True
472.0655 	DATA 	Keypress: space
472.0730 	EXP 	text: autoDraw = False
473.1759 	WARNING 	Stopping key buffers but this could be dangerous ifother keyboards rely on the same.
473.1928 	EXP 	text: text = 'You earned 4.4 out of 10 points in this round.\n\n Press [SPACE] to advance'
473.1928 	EXP 	text: autoDraw = True
473.8974 	DATA 	Keypress: space
473.9048 	EXP 	text: autoDraw = False
473.9117 	EXP 	text: text = 'Total points : 378.4'
476.5518 	EXP 	text: text = 'Press and hold [SPACE] to report the duration of the scene.'
476.5518 	EXP 	text: autoDraw = True
477.1614 	DATA 	Keypress: space
477.1689 	EXP 	text: autoDraw = False
478.4640 	WARNING 	Stopping key buffers but this could be dangerous ifother keyboards rely on the same.
478.4815 	EXP 	text: text = 'You earned 8.7 out of 10 points in this round.\n\n Press [SPACE] to advance'
478.4815 	EXP 	text: autoDraw = True
479.1773 	DATA 	Keypress: space
479.1845 	EXP 	text: autoDraw = False
479.1972 	EXP 	text: text = 'Total points : 387.1'
481.9868 	EXP 	text: text = 'Press and hold [SPACE] to report the duration of the scene.'
481.9868 	EXP 	text: autoDraw = True
482.4734 	DATA 	Keypress: space
482.4804 	EXP 	text: autoDraw = False
483.7680 	WARNING 	Stopping key buffers but this could be dangerous ifother keyboards rely on the same.
483.7857 	EXP 	text: text = 'You earned 6.3 out of 10 points in this round.\n\n Press [SPACE] to advance'
483.7857 	EXP 	text: autoDraw = True
484.4334 	DATA 	Keypress: space
484.4406 	EXP 	text: autoDraw = False
484.4477 	EXP 	text: text = 'Total points : 393.4'
486.6890 	EXP 	text: text = 'Press and hold [SPACE] to report the duration of the scene.'
486.6890 	EXP 	text: autoDraw = True
487.4494 	DATA 	Keypress: space
487.4567 	EXP 	text: autoDraw = False
488.1680 	WARNING 	Stopping key buffers but this could be dangerous ifother keyboards rely on the same.
488.1855 	EXP 	text: text = 'You earned 6.0 out of 10 points in this round.\n\n Press [SPACE] to advance'
488.1855 	EXP 	text: autoDraw = True
488.7532 	DATA 	Keypress: space
488.7606 	EXP 	text: autoDraw = False
488.7673 	EXP 	text: text = 'Total points : 399.4'
491.4733 	EXP 	text: text = 'Press and hold [SPACE] to report the duration of the scene.'
491.4733 	EXP 	text: autoDraw = True
492.0654 	DATA 	Keypress: space
492.0727 	EXP 	text: autoDraw = False
493.0800 	WARNING 	Stopping key buffers but this could be dangerous ifother keyboards rely on the same.
493.0977 	EXP 	text: text = 'You earned 4.2 out of 10 points in this round.\n\n Press [SPACE] to advance'
493.0977 	EXP 	text: autoDraw = True
493.8254 	DATA 	Keypress: space
493.8306 	EXP 	text: autoDraw = False
493.8521 	EXP 	text: text = 'Total points : 403.6'
496.6418 	EXP 	text: text = 'Press and hold [SPACE] to report the duration of the scene.'
496.6418 	EXP 	text: autoDraw = True
497.1775 	DATA 	Keypress: space
497.1846 	EXP 	text: autoDraw = False
498.5520 	WARNING 	Stopping key buffers but this could be dangerous ifother keyboards rely on the same.
498.5681 	EXP 	text: text = 'You earned 7.4 out of 10 points in this round.\n\n Press [SPACE] to advance'
498.5681 	EXP 	text: autoDraw = True
499.2894 	DATA 	Keypress: space
499.2966 	EXP 	text: autoDraw = False
499.3033 	EXP 	text: text = 'Total points : 411.0'
501.9441 	EXP 	text: text = 'Press and hold [SPACE] to report the duration of the scene.'
501.9441 	EXP 	text: autoDraw = True
502.3454 	DATA 	Keypress: space
502.3524 	EXP 	text: autoDraw = False
503.6959 	WARNING 	Stopping key buffers but this could be dangerous ifother keyboards rely on the same.
503.7138 	EXP 	text: text = 'You earned 9.6 out of 10 points in this round.\n\n Press [SPACE] to advance'
503.7138 	EXP 	text: autoDraw = True
504.3294 	DATA 	Keypress: space
504.3364 	EXP 	text: autoDraw = False
504.3555 	EXP 	text: text = 'Total points : 420.6'
506.7455 	EXP 	text: text = 'Press and hold [SPACE] to report the duration of the scene.'
506.7455 	EXP 	text: autoDraw = True
507.1134 	DATA 	Keypress: space
507.1205 	EXP 	text: autoDraw = False
508.3601 	WARNING 	Stopping key buffers but this could be dangerous ifother keyboards rely on the same.
508.3773 	EXP 	text: text = 'Total points : 420.6'
508.3773 	EXP 	text: text = 'Your response exceeded the actual time.\n\n Press [SPACE] to advance'
508.3773 	EXP 	text: autoDraw = True
509.0655 	DATA 	Keypress: space
509.0726 	EXP 	text: autoDraw = False
511.1968 	EXP 	text: text = 'Press and hold [SPACE] to report the duration of the scene.'
511.1968 	EXP 	text: autoDraw = True
511.4894 	DATA 	Keypress: space
511.4966 	EXP 	text: autoDraw = False
512.2320 	WARNING 	Stopping key buffers but this could be dangerous ifother keyboards rely on the same.
512.2498 	EXP 	text: text = 'You earned 8.5 out of 10 points in this round.\n\n Press [SPACE] to advance'
512.2498 	EXP 	text: autoDraw = True
512.8334 	DATA 	Keypress: space
512.8404 	EXP 	text: autoDraw = False
512.8570 	EXP 	text: text = 'Total points : 429.1'
515.5667 	EXP 	text: text = 'Press and hold [SPACE] to report the duration of the scene.'
515.5667 	EXP 	text: autoDraw = True
515.8976 	DATA 	Keypress: space
515.9044 	EXP 	text: autoDraw = False
516.8319 	WARNING 	Stopping key buffers but this could be dangerous ifother keyboards rely on the same.
516.8496 	EXP 	text: text = 'You earned 3.6 out of 10 points in this round.\n\n Press [SPACE] to advance'
516.8496 	EXP 	text: autoDraw = True
517.4413 	DATA 	Keypress: space
517.4487 	EXP 	text: autoDraw = False
517.4574 	EXP 	text: text = 'Total points : 432.7'
520.2331 	EXP 	text: text = 'Press and hold [SPACE] to report the duration of the scene.'
520.2331 	EXP 	text: autoDraw = True
520.6095 	DATA 	Keypress: space
520.6168 	EXP 	text: autoDraw = False
521.7759 	WARNING 	Stopping key buffers but this could be dangerous ifother keyboards rely on the same.
521.7924 	EXP 	text: text = 'You earned 4.9 out of 10 points in this round.\n\n Press [SPACE] to advance'
521.7924 	EXP 	text: autoDraw = True
522.3853 	DATA 	Keypress: space
522.3923 	EXP 	text: autoDraw = False
522.4103 	EXP 	text: text = 'Total points : 437.6'
524.7863 	EXP 	text: text = 'Press and hold [SPACE] to report the duration of the scene.'
524.7863 	EXP 	text: autoDraw = True
525.2414 	DATA 	Keypress: space
525.2488 	EXP 	text: autoDraw = False
526.2479 	WARNING 	Stopping key buffers but this could be dangerous ifother keyboards rely on the same.
526.2663 	EXP 	text: text = 'You earned 7.9 out of 10 points in this round.\n\n Press [SPACE] to advance'
526.2663 	EXP 	text: autoDraw = True
526.9054 	DATA 	Keypress: space
526.9124 	EXP 	text: autoDraw = False
526.9279 	EXP 	text: text = 'Total points : 445.5'
529.7037 	EXP 	text: text = 'Press and hold [SPACE] to report the duration of the scene.'
529.7037 	EXP 	text: autoDraw = True
530.0254 	DATA 	Keypress: space
530.0326 	EXP 	text: autoDraw = False
531.2719 	WARNING 	Stopping key buffers but this could be dangerous ifother keyboards rely on the same.
531.2897 	EXP 	text: text = 'You earned 5.7 out of 10 points in this round.\n\n Press [SPACE] to advance'
531.2897 	EXP 	text: autoDraw = True
531.8734 	DATA 	Keypress: space
531.8804 	EXP 	text: autoDraw = False
531.8962 	EXP 	text: text = 'Total points : 451.2'
534.2057 	EXP 	text: text = 'Press and hold [SPACE] to report the duration of the scene.'
534.2057 	EXP 	text: autoDraw = True
534.5694 	DATA 	Keypress: space
534.5767 	EXP 	text: autoDraw = False
535.8480 	WARNING 	Stopping key buffers but this could be dangerous ifother keyboards rely on the same.
535.8634 	EXP 	text: text = 'Total points : 451.2'
535.8634 	EXP 	text: text = 'Your response exceeded the actual time.\n\n Press [SPACE] to advance'
535.8634 	EXP 	text: autoDraw = True
536.5375 	DATA 	Keypress: space
536.5444 	EXP 	text: autoDraw = False
538.8072 	EXP 	text: text = 'Press and hold [SPACE] to report the duration of the scene.'
538.8072 	EXP 	text: autoDraw = True
539.0894 	DATA 	Keypress: space
539.0952 	EXP 	text: autoDraw = False
539.7041 	WARNING 	Stopping key buffers but this could be dangerous ifother keyboards rely on the same.
539.7220 	EXP 	text: text = 'You earned 4.9 out of 10 points in this round.\n\n Press [SPACE] to advance'
539.7220 	EXP 	text: autoDraw = True
540.3133 	DATA 	Keypress: space
540.3206 	EXP 	text: autoDraw = False
540.3335 	EXP 	text: text = 'Total points : 456.1'
542.3401 	EXP 	text: text = 'Press and hold [SPACE] to report the duration of the scene.'
542.3401 	EXP 	text: autoDraw = True
542.5855 	DATA 	Keypress: space
542.5926 	EXP 	text: autoDraw = False
543.2719 	WARNING 	Stopping key buffers but this could be dangerous ifother keyboards rely on the same.
543.2897 	EXP 	text: text = 'You earned 8.8 out of 10 points in this round.\n\n Press [SPACE] to advance'
543.2897 	EXP 	text: autoDraw = True
543.7694 	DATA 	Keypress: space
543.7768 	EXP 	text: autoDraw = False
543.7834 	EXP 	text: text = 'Total points : 464.9'
545.8585 	EXP 	text: text = 'Press and hold [SPACE] to report the duration of the scene.'
545.8585 	EXP 	text: autoDraw = True
546.0334 	DATA 	Keypress: space
546.0407 	EXP 	text: autoDraw = False
546.8160 	WARNING 	Stopping key buffers but this could be dangerous ifother keyboards rely on the same.
546.8333 	EXP 	text: text = 'You earned 9.2 out of 10 points in this round.\n\n Press [SPACE] to advance'
546.8333 	EXP 	text: autoDraw = True
547.2015 	DATA 	Keypress: space
547.2088 	EXP 	text: autoDraw = False
547.2174 	EXP 	text: text = 'Total points : 474.1'
549.8428 	EXP 	text: text = 'Press and hold [SPACE] to report the duration of the scene.'
549.8428 	EXP 	text: autoDraw = True
550.1375 	DATA 	Keypress: space
550.1447 	EXP 	text: autoDraw = False
551.0719 	WARNING 	Stopping key buffers but this could be dangerous ifother keyboards rely on the same.
551.0893 	EXP 	text: text = 'You earned 4.2 out of 10 points in this round.\n\n Press [SPACE] to advance'
551.0893 	EXP 	text: autoDraw = True
551.5934 	DATA 	Keypress: space
551.5995 	EXP 	text: autoDraw = False
551.6193 	EXP 	text: text = 'Total points : 478.3'
554.2457 	EXP 	text: text = 'Press and hold [SPACE] to report the duration of the scene.'
554.2457 	EXP 	text: autoDraw = True
554.6655 	DATA 	Keypress: space
554.6727 	EXP 	text: autoDraw = False
555.8800 	WARNING 	Stopping key buffers but this could be dangerous ifother keyboards rely on the same.
555.8980 	EXP 	text: text = 'You earned 7.3 out of 10 points in this round.\n\n Press [SPACE] to advance'
555.8980 	EXP 	text: autoDraw = True
556.4253 	DATA 	Keypress: space
556.4326 	EXP 	text: autoDraw = False
556.4544 	EXP 	text: text = 'Total points : 485.6'
558.6793 	EXP 	text: text = 'Press and hold [SPACE] to report the duration of the scene.'
558.6793 	EXP 	text: autoDraw = True
559.0734 	DATA 	Keypress: space
559.0807 	EXP 	text: autoDraw = False
559.8480 	WARNING 	Stopping key buffers but this could be dangerous ifother keyboards rely on the same.
559.8657 	EXP 	text: text = 'You earned 6.7 out of 10 points in this round.\n\n Press [SPACE] to advance'
559.8657 	EXP 	text: autoDraw = True
560.5135 	DATA 	Keypress: space
560.5191 	EXP 	text: autoDraw = False
560.5389 	EXP 	text: text = 'Total points : 492.3'
562.5467 	EXP 	text: text = 'Press and hold [SPACE] to report the duration of the scene.'
562.5467 	EXP 	text: autoDraw = True
562.9775 	DATA 	Keypress: space
562.9849 	EXP 	text: autoDraw = False
563.6400 	WARNING 	Stopping key buffers but this could be dangerous ifother keyboards rely on the same.
563.6558 	EXP 	text: text = 'You earned 8.4 out of 10 points in this round.\n\n Press [SPACE] to advance'
563.6558 	EXP 	text: autoDraw = True
564.1454 	DATA 	Keypress: space
564.1528 	EXP 	text: autoDraw = False
564.1749 	EXP 	text: text = 'Total points : 500.7'
566.3323 	EXP 	text: text = 'Press and hold [SPACE] to report the duration of the scene.'
566.3323 	EXP 	text: autoDraw = True
566.6415 	DATA 	Keypress: space
566.6488 	EXP 	text: autoDraw = False
567.4880 	WARNING 	Stopping key buffers but this could be dangerous ifother keyboards rely on the same.
567.5056 	EXP 	text: text = 'You earned 9.0 out of 10 points in this round.\n\n Press [SPACE] to advance'
567.5056 	EXP 	text: autoDraw = True
568.0494 	DATA 	Keypress: space
568.0547 	EXP 	text: autoDraw = False
568.0750 	EXP 	text: text = 'Total points : 509.7'
570.4515 	EXP 	text: text = 'Press and hold [SPACE] to report the duration of the scene.'
570.4515 	EXP 	text: autoDraw = True
570.6654 	DATA 	Keypress: space
570.6722 	EXP 	text: autoDraw = False
571.4879 	WARNING 	Stopping key buffers but this could be dangerous ifother keyboards rely on the same.
571.5057 	EXP 	text: text = 'You earned 5.5 out of 10 points in this round.\n\n Press [SPACE] to advance'
571.5057 	EXP 	text: autoDraw = True
572.0333 	DATA 	Keypress: space
572.0393 	EXP 	text: autoDraw = False
572.0592 	EXP 	text: text = 'Total points : 515.2'
574.0689 	EXP 	text: text = 'Press and hold [SPACE] to report the duration of the scene.'
574.0689 	EXP 	text: autoDraw = True
574.3853 	DATA 	Keypress: space
574.3923 	EXP 	text: autoDraw = False
575.0480 	WARNING 	Stopping key buffers but this could be dangerous ifother keyboards rely on the same.
575.0661 	EXP 	text: text = 'You earned 8.4 out of 10 points in this round.\n\n Press [SPACE] to advance'
575.0661 	EXP 	text: autoDraw = True
575.6414 	DATA 	Keypress: space
575.6486 	EXP 	text: autoDraw = False
575.6600 	EXP 	text: text = 'Total points : 523.6'
577.8184 	EXP 	text: text = 'Press and hold [SPACE] to report the duration of the scene.'
577.8184 	EXP 	text: autoDraw = True
578.1455 	DATA 	Keypress: space
578.1527 	EXP 	text: autoDraw = False
578.8560 	WARNING 	Stopping key buffers but this could be dangerous ifother keyboards rely on the same.
578.8738 	EXP 	text: text = 'You earned 6.9 out of 10 points in this round.\n\n Press [SPACE] to advance'
578.8738 	EXP 	text: autoDraw = True
579.4095 	DATA 	Keypress: space
579.4167 	EXP 	text: autoDraw = False
579.4296 	EXP 	text: text = 'Total points : 530.5'
581.9363 	EXP 	text: text = 'Press and hold [SPACE] to report the duration of the scene.'
581.9363 	EXP 	text: autoDraw = True
582.0735 	DATA 	Keypress: space
582.0769 	EXP 	text: autoDraw = False
582.8560 	WARNING 	Stopping key buffers but this could be dangerous ifother keyboards rely on the same.
582.8741 	EXP 	text: text = 'You earned 3.9 out of 10 points in this round.\n\n Press [SPACE] to advance'
582.8741 	EXP 	text: autoDraw = True
583.4974 	DATA 	Keypress: space
583.5047 	EXP 	text: autoDraw = False
583.5132 	EXP 	text: text = 'Total points : 534.4'
585.6056 	EXP 	text: text = 'Press and hold [SPACE] to report the duration of the scene.'
585.6056 	EXP 	text: autoDraw = True
585.9534 	DATA 	Keypress: space
585.9602 	EXP 	text: autoDraw = False
586.6320 	WARNING 	Stopping key buffers but this could be dangerous ifother keyboards rely on the same.
586.6495 	EXP 	text: text = 'You earned 7.5 out of 10 points in this round.\n\n Press [SPACE] to advance'
586.6495 	EXP 	text: autoDraw = True
587.1773 	DATA 	Keypress: space
587.1847 	EXP 	text: autoDraw = False
587.1973 	EXP 	text: text = 'Total points : 541.9'
589.8236 	EXP 	text: text = 'Press and hold [SPACE] to report the duration of the scene.'
589.8236 	EXP 	text: autoDraw = True
590.0814 	DATA 	Keypress: space
590.0887 	EXP 	text: autoDraw = False
591.0240 	WARNING 	Stopping key buffers but this could be dangerous ifother keyboards rely on the same.
591.0423 	EXP 	text: text = 'You earned 4.2 out of 10 points in this round.\n\n Press [SPACE] to advance'
591.0423 	EXP 	text: autoDraw = True
591.6173 	DATA 	Keypress: space
591.6246 	EXP 	text: autoDraw = False
591.6320 	EXP 	text: text = 'Total points : 546.1'
593.6402 	EXP 	text: text = 'Press and hold [SPACE] to report the duration of the scene.'
593.6402 	EXP 	text: autoDraw = True
593.9615 	DATA 	Keypress: space
593.9688 	EXP 	text: autoDraw = False
594.9040 	WARNING 	Stopping key buffers but this could be dangerous ifother keyboards rely on the same.
594.9211 	EXP 	text: text = 'Total points : 546.1'
594.9211 	EXP 	text: text = 'Your response exceeded the actual time.\n\n Press [SPACE] to advance'
594.9211 	EXP 	text: autoDraw = True
595.3854 	DATA 	Keypress: space
595.3928 	EXP 	text: autoDraw = False
597.5750 	EXP 	text: text = 'Press and hold [SPACE] to report the duration of the scene.'
597.5750 	EXP 	text: autoDraw = True
597.9534 	DATA 	Keypress: space
597.9607 	EXP 	text: autoDraw = False
598.8879 	WARNING 	Stopping key buffers but this could be dangerous ifother keyboards rely on the same.
598.9048 	EXP 	text: text = 'Total points : 546.1'
598.9048 	EXP 	text: text = 'Your response exceeded the actual time.\n\n Press [SPACE] to advance'
598.9048 	EXP 	text: autoDraw = True
599.4333 	DATA 	Keypress: space
599.4407 	EXP 	text: autoDraw = False
599.4527 	INFO 	Finishing at 12:35 on 20 Nov 2019
599.7214 	EXP 	window1: mouseVisible = True
