8.6497 	ERROR 	Screen apparently NOT the desired resolution of 2560x1440 pixels!!
11.3140 	INFO 	Successfully set darwin thread to realtime
12.3779 	INFO 	#[ PsychoPy3 RuntimeInfoStart ]
  #[[ PsychoPy ]] #---------
    psychopyVersion: 3.2.3
    psychopyHaveExtRush: True
  #[[ Experiment ]] #---------
    experimentRunTime: 2019_11_20 16:12 (Year_Month_Day Hour:Min)
    experimentRunTime.epoch: 1574284332
    experimentScript: Time_perception_with_heterogenous_looming_dots.py
    experimentScript.digestSHA1: fd6ea7ab9f0066f4e18261433a21280d662be232
    experimentScript.directory: /Users/vsg/Documents/GitHub/spatio_temporal_information_processing/Time_Subjective_Expansion/Object_files_and_Time_representation
  #[[ System ]] #---------
    systemHaveInternetAccess: True
    systemHostName: pbs-jf-imac.local
    systemLocale: C
    systemMemFreeRAM: 1989.609375
    systemMemTotalRAM: 8192.0
    systemPlatform: darwin 10.13.6 x86_64
    systemPyoVersion: -
    systemRebooted: Nov 20 02:21
    systemSec.OpenSSLVersion: LibreSSL 2.2.7
    systemSec.pythonSSL: True
    systemTimeNumpySD1000000_sec: 0.0041
    systemUser: vsg
    systemUserID: 502
    systemUsersCount: 1
  #[[ Window ]] #---------
    windowWinType: pyglet
    windowUnits: deg
    windowSize_pix: [5120 2880]
    windowScreen: 0
    windowRgb: [255. 255. 255.]
    windowRefreshTimeSD_ms: 0.522
    windowRefreshTimeMedian_ms: 16.671
    windowRefreshTimeAvg_ms: 16.650
    windowPos_pix: [0.0, 0.0]
    windowMonitor.name: testmonitor
    windowMonitor.getWidth_cm: 52.0
    windowMonitor.getDistance_cm: 65.0
    windowMonitor.currentCalibName: 2019_09_24 14:26
    windowIsFullScr: True
  #[[ Python ]] #---------
    pythonVersion: 3.6.1
  #[[ OpenGL ]] #---------
#[ PsychoPy3 RuntimeInfoEnd ]

