8.7232 	ERROR 	Screen apparently NOT the desired resolution of 2560x1440 pixels!!
11.6338 	INFO 	Successfully set darwin thread to realtime
12.7011 	INFO 	#[ PsychoPy3 RuntimeInfoStart ]
  #[[ PsychoPy ]] #---------
    psychopyVersion: 3.2.3
    psychopyHaveExtRush: True
  #[[ Experiment ]] #---------
    experimentRunTime: 2019_11_07 12:35 (Year_Month_Day Hour:Min)
    experimentRunTime.epoch: 1573148120
    experimentScript: Time_perception_with_heterogenous_looming_dots.py
    experimentScript.digestSHA1: 4b9af0c770278a8b7b59a0bc5884cfef826ed4a2
    experimentScript.directory: /Users/vsg/Documents/GitHub/spatio_temporal_information_processing/Time_Subjective_Expansion/Object_files_and_Time_representation
  #[[ System ]] #---------
    systemHaveInternetAccess: True
    systemHostName: pbs-jf-imac.local
    systemLocale: C
    systemMemFreeRAM: 1352.3203125
    systemMemTotalRAM: 8192.0
    systemPlatform: darwin 10.13.6 x86_64
    systemPyoVersion: -
    systemRebooted: Nov 4 16:52
    systemSec.OpenSSLVersion: LibreSSL 2.2.7
    systemSec.pythonSSL: True
    systemTimeNumpySD1000000_sec: 0.0039
    systemUser: vsg
    systemUserID: 502
    systemUsersCount: 1
  #[[ Window ]] #---------
    windowWinType: pyglet
    windowUnits: deg
    windowSize_pix: [5120 2880]
    windowScreen: 0
    windowRgb: [255. 255. 255.]
    windowRefreshTimeSD_ms: 0.081
    windowRefreshTimeMedian_ms: 16.672
    windowRefreshTimeAvg_ms: 16.671
    windowPos_pix: [0.0, 0.0]
    windowMonitor.name: testmonitor
    windowMonitor.getWidth_cm: 52.0
    windowMonitor.getDistance_cm: 65.0
    windowMonitor.currentCalibName: 2019_09_24 14:26
    windowIsFullScr: True
  #[[ Python ]] #---------
    pythonVersion: 3.6.1
  #[[ OpenGL ]] #---------
#[ PsychoPy3 RuntimeInfoEnd ]

12.7827 	EXP 	Created text = TextStim(__class__=<class 'psychopy.visual.text.TextStim'>, alignHoriz='center', alignVert='center', antialias=True, autoLog=True, bold=False, color='black', colorSpace='named', contrast=1.0, depth=-1.0, flipHoriz=False, flipVert=False, font='Arial', fontFiles=[], height=0.35, italic=False, languageStyle='LTR', name='text', opacity=1.0, ori=0, pos=array([0., 0.]), rgb=array([0., 0., 0.]), text=str(...), units='deg', win=Window(...), wrapWidth=20)
12.7880 	EXP 	Created text = TextStim(__class__=<class 'psychopy.visual.text.TextStim'>, alignHoriz='center', alignVert='center', antialias=True, autoLog=True, bold=False, color='black', colorSpace='named', contrast=1.0, depth=-1.0, flipHoriz=False, flipVert=False, font='Arial', fontFiles=[], height=0.35, italic=False, languageStyle='LTR', name='text', opacity=1.0, ori=0, pos=array([5., 5.]), rgb=array([0., 0., 0.]), text='Total points : 0', units='deg', win=Window(...), wrapWidth=20)
12.8490 	EXP 	text: text = 'Welcome! Thank you for agreeing to participate in this study.\n\nYou will be presented with a scene that contains upto 3 objects.\n\nThese objects are looming discs - that either loom together, or independently.\n\nYou are supposed to judge the duration of the scene as a whole.\n\nAfter the scene ends, you are required to reproduce the duration of the scene by pressing and holding [SPACE BAR].\n\nOne more thing! You will perform this task while fixating the center of the screen. \n\nPress any key to continue to the next page. \n\n'
12.8490 	EXP 	text: autoDraw = True
14.0892 	DATA 	Keypress: space
14.0902 	EXP 	text: autoDraw = False
14.1631 	EXP 	text: text = "We really want you to be as accurate as you can. So a game will be played to make it more fun. We want you to hold down the space bar for as long as you saw the scene lasted, but no longer! The closer you get to the right answer, the more points we will award you in that trial. But if you go over the actual duration you won't get any points on that trial. So you need to be as accurate as possible without going over to earn the max. Each trial will be for 10 points. There are about 100 trials. If you collect a total of 600 points by the end, we will double the credit you get for the experiment.\n\nIf you're feeling uncomfortable, you can press ESC key any time to stop the experiment.\n\nPress any key you are ready to do some practice trials.\n\n"
14.1631 	EXP 	text: autoDraw = True
17.9134 	DATA 	Keypress: space
17.9142 	EXP 	text: autoDraw = False
17.9223 	EXP 	text: autoDraw = True
20.0348 	EXP 	text: text = 'Press and hold [SPACE] to report the duration of the scene.'
20.0348 	EXP 	text: autoDraw = True
21.5136 	DATA 	Keypress: space
21.5204 	EXP 	text: autoDraw = False
22.3283 	WARNING 	Stopping key buffers but this could be dangerous ifother keyboards rely on the same.
22.3458 	EXP 	text: text = 'Total points : 0'
22.3458 	EXP 	text: text = 'Your response exceeded the actual time.\n\n Press [SPACE] to advance'
22.3458 	EXP 	text: autoDraw = True
23.5056 	DATA 	Keypress: space
23.5128 	EXP 	text: autoDraw = False
25.7506 	EXP 	text: text = 'Press and hold [SPACE] to report the duration of the scene.'
25.7506 	EXP 	text: autoDraw = True
27.4737 	DATA 	Keypress: space
27.4809 	EXP 	text: autoDraw = False
28.3040 	WARNING 	Stopping key buffers but this could be dangerous ifother keyboards rely on the same.
28.3326 	EXP 	text: text = 'You earned 7.9 out of 10 points in this round.\n\n Press [SPACE] to advance'
28.3326 	EXP 	text: autoDraw = True
29.1057 	DATA 	Keypress: space
29.1131 	EXP 	text: autoDraw = False
29.1277 	EXP 	text: text = 'Total points : 7.9'
31.6779 	EXP 	text: text = 'Press and hold [SPACE] to report the duration of the scene.'
31.6779 	EXP 	text: autoDraw = True
32.4016 	DATA 	Keypress: space
32.4073 	EXP 	text: autoDraw = False
33.3841 	WARNING 	Stopping key buffers but this could be dangerous ifother keyboards rely on the same.
33.4171 	EXP 	text: text = 'You earned 5.9 out of 10 points in this round.\n\n Press [SPACE] to advance'
33.4171 	EXP 	text: autoDraw = True
34.6335 	DATA 	Keypress: space
34.6410 	EXP 	text: autoDraw = False
34.6745 	EXP 	text: text = 'Total points : 13.8'
34.6745 	EXP 	text: text = 'Total points : 0'
34.6745 	EXP 	text: text = 'Great! Now press any key to begin the experiment'
34.6745 	EXP 	text: autoDraw = True
36.0096 	DATA 	Keypress: space
36.0174 	EXP 	text: autoDraw = False
38.0375 	EXP 	text: text = 'Press and hold [SPACE] to report the duration of the scene.'
38.0375 	EXP 	text: autoDraw = True
38.5455 	DATA 	Keypress: space
38.5529 	EXP 	text: autoDraw = False
39.4402 	WARNING 	Stopping key buffers but this could be dangerous ifother keyboards rely on the same.
39.4573 	EXP 	text: text = 'Total points : 0'
39.4573 	EXP 	text: text = 'Your response exceeded the actual time.\n\n Press [SPACE] to advance'
39.4573 	EXP 	text: autoDraw = True
40.2256 	DATA 	Keypress: space
40.2328 	EXP 	text: autoDraw = False
42.2706 	EXP 	text: text = 'Press and hold [SPACE] to report the duration of the scene.'
42.2706 	EXP 	text: autoDraw = True
43.2655 	DATA 	Keypress: space
43.2727 	EXP 	text: autoDraw = False
44.2640 	WARNING 	Stopping key buffers but this could be dangerous ifother keyboards rely on the same.
44.2805 	EXP 	text: text = 'Total points : 0'
44.2805 	EXP 	text: text = 'Your response exceeded the actual time.\n\n Press [SPACE] to advance'
44.2805 	EXP 	text: autoDraw = True
45.2895 	DATA 	Keypress: space
45.2949 	EXP 	text: autoDraw = False
47.3391 	EXP 	text: text = 'Press and hold [SPACE] to report the duration of the scene.'
47.3391 	EXP 	text: autoDraw = True
48.1936 	DATA 	Keypress: space
48.2007 	EXP 	text: autoDraw = False
49.0641 	WARNING 	Stopping key buffers but this could be dangerous ifother keyboards rely on the same.
49.0814 	EXP 	text: text = 'Total points : 0'
49.0814 	EXP 	text: text = 'Your response exceeded the actual time.\n\n Press [SPACE] to advance'
49.0814 	EXP 	text: autoDraw = True
49.8734 	DATA 	Keypress: space
49.8798 	EXP 	text: autoDraw = False
51.9243 	EXP 	text: text = 'Press and hold [SPACE] to report the duration of the scene.'
51.9243 	EXP 	text: autoDraw = True
52.6096 	DATA 	Keypress: space
52.6167 	EXP 	text: autoDraw = False
53.2001 	WARNING 	Stopping key buffers but this could be dangerous ifother keyboards rely on the same.
53.2165 	EXP 	text: text = 'You earned 7.3 out of 10 points in this round.\n\n Press [SPACE] to advance'
53.2165 	EXP 	text: autoDraw = True
53.9616 	DATA 	Keypress: space
53.9686 	EXP 	text: autoDraw = False
53.9859 	EXP 	text: text = 'Total points : 7.3'
55.9932 	EXP 	text: text = 'Press and hold [SPACE] to report the duration of the scene.'
55.9932 	EXP 	text: autoDraw = True
56.6576 	DATA 	Keypress: space
56.6649 	EXP 	text: autoDraw = False
57.3520 	WARNING 	Stopping key buffers but this could be dangerous ifother keyboards rely on the same.
57.3679 	EXP 	text: text = 'You earned 9.0 out of 10 points in this round.\n\n Press [SPACE] to advance'
57.3679 	EXP 	text: autoDraw = True
58.0736 	DATA 	Keypress: space
58.0808 	EXP 	text: autoDraw = False
58.1022 	EXP 	text: text = 'Total points : 16.3'
60.1118 	EXP 	text: text = 'Press and hold [SPACE] to report the duration of the scene.'
60.1118 	EXP 	text: autoDraw = True
61.7616 	DATA 	Keypress: space
61.7670 	EXP 	text: autoDraw = False
62.5601 	WARNING 	Stopping key buffers but this could be dangerous ifother keyboards rely on the same.
62.5773 	EXP 	text: text = 'Total points : 16.3'
62.5773 	EXP 	text: text = 'Your response exceeded the actual time.\n\n Press [SPACE] to advance'
62.5773 	EXP 	text: autoDraw = True
63.6175 	DATA 	Keypress: space
63.6249 	EXP 	text: autoDraw = False
64.9395 	DATA 	Keypress: lctrl
65.0559 	DATA 	Keypress: escape
65.6630 	EXP 	text: text = 'Press and hold [SPACE] to report the duration of the scene.'
65.6630 	EXP 	text: autoDraw = True
66.4895 	DATA 	Keypress: escape
66.6893 	DATA 	Keypress: escape
66.8653 	DATA 	Keypress: escape
67.0332 	DATA 	Keypress: escape
67.2092 	DATA 	Keypress: escape
67.3853 	DATA 	Keypress: escape
67.5612 	DATA 	Keypress: escape
67.9612 	DATA 	Keypress: escape
68.2172 	DATA 	Keypress: escape
68.3535 	DATA 	Keypress: space
68.3608 	EXP 	text: autoDraw = False
68.6324 	EXP 	window1: mouseVisible = True
