9.3768 	ERROR 	Screen apparently NOT the desired resolution of 3840x2160 pixels!!
14.2418 	WARNING 	User requested fullscreen with size [3840 2160], but screen is actually [1920, 1080]. Using actual size
14.8307 	INFO 	Successfully set darwin thread to realtime
15.8991 	INFO 	#[ PsychoPy3 RuntimeInfoStart ]
  #[[ PsychoPy ]] #---------
    psychopyVersion: 3.2.3
    psychopyHaveExtRush: True
  #[[ Experiment ]] #---------
    experimentRunTime: 2019_10_17 15:01 (Year_Month_Day Hour:Min)
    experimentRunTime.epoch: 1571338892
    experimentScript: Experiment 2.py
    experimentScript.digestSHA1: fe71705ab97eafb8e28311b91940a8d0e5f8437c
    experimentScript.directory: /Users/supadhy6/Documents/GitHub/spatio_temporal_information_processing/Time_Subjective_Expansion/Jon_Ian_collaboration
  #[[ System ]] #---------
    systemHaveInternetAccess: True
    systemHostName: pbs-cf-mini1.local
    systemLocale: C
    systemMemFreeRAM: 11125.1015625
    systemMemTotalRAM: 16384.0
    systemPlatform: darwin 10.12.6 x86_64
    systemPyoVersion: -
    systemRebooted: Oct 17 09:57
    systemSec.OpenSSLVersion: OpenSSL 0.9.8zh 14 Jan 2016
    systemSec.pythonSSL: True
    systemTimeNumpySD1000000_sec: 0.0060
    systemUser: supadhy6
    systemUserID: 1903061739
    systemUsersCount: 1
  #[[ Window ]] #---------
    windowWinType: pyglet
    windowUnits: deg
    windowSize_pix: [1920 1080]
    windowScreen: 0
    windowRgb: [255. 255. 255.]
    windowRefreshTimeSD_ms: 0.064
    windowRefreshTimeMedian_ms: 16.665
    windowRefreshTimeAvg_ms: 16.666
    windowPos_pix: [0.0, 0.0]
    windowMonitor.name: testmonitor
    windowMonitor.getWidth_cm: 56.0
    windowMonitor.getDistance_cm: 65.0
    windowMonitor.currentCalibName: 2019_09_24 12:00
    windowIsFullScr: True
  #[[ Python ]] #---------
    pythonVersion: 3.6.1
  #[[ OpenGL ]] #---------
#[ PsychoPy3 RuntimeInfoEnd ]

15.9915 	EXP 	Created text = TextStim(__class__=<class 'psychopy.visual.text.TextStim'>, alignHoriz='center', alignVert='center', antialias=True, autoLog=True, bold=False, color='black', colorSpace='named', contrast=1.0, depth=-1.0, flipHoriz=False, flipVert=False, font='Arial', fontFiles=[], height=0.35, italic=False, languageStyle='LTR', name='text', opacity=1.0, ori=0, pos=array([0., 0.]), rgb=array([0., 0., 0.]), text=str(...), units='deg', win=Window(...), wrapWidth=20)
15.9979 	EXP 	Created text = TextStim(__class__=<class 'psychopy.visual.text.TextStim'>, alignHoriz='center', alignVert='center', antialias=True, autoLog=True, bold=False, color='black', colorSpace='named', contrast=1.0, depth=-1.0, flipHoriz=False, flipVert=False, font='Arial', fontFiles=[], height=0.35, italic=False, languageStyle='LTR', name='text', opacity=1.0, ori=0, pos=array([5., 5.]), rgb=array([0., 0., 0.]), text='Total points : 0', units='deg', win=Window(...), wrapWidth=20)
16.0705 	EXP 	text: text = 'Welcome! Thank you for agreeing to participate in this study.\n\nIn this study, we want to examine your ability to perceive duration — how long something lasts.\n\nThe task is simple. In each trial, you will see a disc appear on the screen and then disappear. There will be four such disks. We want you to pay attention to how long the last disc lasts. Get a sense of its duration.\n\nThe fourth disk could be either the same / different type depending on the trial. After the fourth disc disappears it will be your turn to report its duration. Press and hold down the spacebar. \n\nPress any key to continue to the next page. \n\n'
16.0705 	EXP 	text: autoDraw = True
52.4787 	DATA 	Keypress: space
52.4795 	EXP 	text: autoDraw = False
52.5535 	EXP 	text: text = "We really want you to be as accurate as you can. So a game will be played to make it more fun. We want you to hold down the space bar for as long as you saw the last disc lasted, but no longer! The closer you get to the right answer, the more points we will award you in that trial. But if you go over the actual duration you won't get any points on that trial. So you need to be as accurate as possible without going over to earn the max. Each trial will be for 10 points. There are about 100 trials. If you collect a total of 600 points by the end, we will double the credit you get for the experiment.\n\nIf you're feeling uncomfortable, you can press ESC key any time to stop the experiment.\n\nPress any key you are ready to do some practice trials.\n\n"
52.5535 	EXP 	text: autoDraw = True
91.1574 	DATA 	Keypress: space
91.1581 	EXP 	text: autoDraw = False
91.1646 	EXP 	text: autoDraw = True
98.3164 	EXP 	text: text = 'Press and hold [SPACE] to report the duration of the stimulus'
98.3164 	EXP 	text: autoDraw = True
100.0049 	DATA 	Keypress: space
100.0061 	EXP 	text: autoDraw = False
100.6514 	WARNING 	Stopping key buffers but this could be dangerous ifother keyboards rely on the same.
100.6690 	EXP 	text: text = 'You earned 8.2 out of 10 points in this round.\n\n Press [SPACE] to advance'
100.6690 	EXP 	text: autoDraw = True
103.3889 	DATA 	Keypress: space
103.3899 	EXP 	text: autoDraw = False
103.3980 	EXP 	text: text = 'Total points : 8.2'
111.2540 	EXP 	text: text = 'Press and hold [SPACE] to report the duration of the stimulus'
111.2540 	EXP 	text: autoDraw = True
112.7570 	DATA 	Keypress: space
112.7581 	EXP 	text: autoDraw = False
113.6194 	WARNING 	Stopping key buffers but this could be dangerous ifother keyboards rely on the same.
113.6338 	EXP 	text: text = 'You earned 8.4 out of 10 points in this round.\n\n Press [SPACE] to advance'
113.6338 	EXP 	text: autoDraw = True
115.8369 	DATA 	Keypress: space
115.8380 	EXP 	text: autoDraw = False
115.8480 	EXP 	text: text = 'Total points : 16.6'
124.9313 	EXP 	text: text = 'Press and hold [SPACE] to report the duration of the stimulus'
124.9313 	EXP 	text: autoDraw = True
126.2370 	DATA 	Keypress: space
126.2380 	EXP 	text: autoDraw = False
127.1794 	WARNING 	Stopping key buffers but this could be dangerous ifother keyboards rely on the same.
127.1979 	EXP 	text: text = 'You earned 5.4 out of 10 points in this round.\n\n Press [SPACE] to advance'
127.1979 	EXP 	text: autoDraw = True
131.2528 	DATA 	Keypress: space
131.2538 	EXP 	text: autoDraw = False
131.2708 	EXP 	text: text = 'Total points : 22.0'
131.2708 	EXP 	text: text = 'Total points : 0'
131.2708 	EXP 	text: text = 'Great! Now press any key to begin the experiment'
131.2708 	EXP 	text: autoDraw = True
133.5330 	DATA 	Keypress: space
133.5339 	EXP 	text: autoDraw = False
142.1146 	EXP 	text: text = 'Press and hold [SPACE] to report the duration of the stimulus'
142.1146 	EXP 	text: autoDraw = True
143.2290 	DATA 	Keypress: space
143.2301 	EXP 	text: autoDraw = False
144.0594 	WARNING 	Stopping key buffers but this could be dangerous ifother keyboards rely on the same.
144.0722 	EXP 	text: text = 'You earned 5.6 out of 10 points in this round.\n\n Press [SPACE] to advance'
144.0722 	EXP 	text: autoDraw = True
148.0369 	DATA 	Keypress: space
148.0380 	EXP 	text: autoDraw = False
148.0480 	EXP 	text: text = 'Total points : 5.6'
155.9869 	EXP 	text: text = 'Press and hold [SPACE] to report the duration of the stimulus'
155.9869 	EXP 	text: autoDraw = True
156.9650 	DATA 	Keypress: space
156.9660 	EXP 	text: autoDraw = False
157.5074 	WARNING 	Stopping key buffers but this could be dangerous ifother keyboards rely on the same.
157.5203 	EXP 	text: text = 'You earned 4.2 out of 10 points in this round.\n\n Press [SPACE] to advance'
157.5203 	EXP 	text: autoDraw = True
161.8289 	DATA 	Keypress: space
161.8298 	EXP 	text: autoDraw = False
161.8365 	EXP 	text: text = 'Total points : 9.8'
170.1146 	EXP 	text: text = 'Press and hold [SPACE] to report the duration of the stimulus'
170.1146 	EXP 	text: autoDraw = True
171.0531 	DATA 	Keypress: space
171.0542 	EXP 	text: autoDraw = False
172.3794 	WARNING 	Stopping key buffers but this could be dangerous ifother keyboards rely on the same.
172.3912 	EXP 	text: text = 'Total points : 9.8'
172.3912 	EXP 	text: text = 'Your response exceeded the actual time.\n\n Press [SPACE] to advance'
172.3912 	EXP 	text: autoDraw = True
173.9569 	DATA 	Keypress: space
173.9580 	EXP 	text: autoDraw = False
181.3209 	EXP 	text: text = 'Press and hold [SPACE] to report the duration of the stimulus'
181.3209 	EXP 	text: autoDraw = True
182.1170 	DATA 	Keypress: space
182.1181 	EXP 	text: autoDraw = False
182.7554 	WARNING 	Stopping key buffers but this could be dangerous ifother keyboards rely on the same.
182.7682 	EXP 	text: text = 'You earned 6.9 out of 10 points in this round.\n\n Press [SPACE] to advance'
182.7682 	EXP 	text: autoDraw = True
186.6449 	DATA 	Keypress: space
186.6460 	EXP 	text: autoDraw = False
186.6528 	EXP 	text: text = 'Total points : 16.7'
194.9047 	EXP 	text: text = 'Press and hold [SPACE] to report the duration of the stimulus'
194.9047 	EXP 	text: autoDraw = True
195.5330 	DATA 	Keypress: space
195.5340 	EXP 	text: autoDraw = False
196.1155 	WARNING 	Stopping key buffers but this could be dangerous ifother keyboards rely on the same.
196.1313 	EXP 	text: text = 'You earned 3.9 out of 10 points in this round.\n\n Press [SPACE] to advance'
196.1313 	EXP 	text: autoDraw = True
197.9969 	DATA 	Keypress: space
197.9980 	EXP 	text: autoDraw = False
198.0146 	EXP 	text: text = 'Total points : 20.6'
207.0712 	EXP 	text: text = 'Press and hold [SPACE] to report the duration of the stimulus'
207.0712 	EXP 	text: autoDraw = True
207.9250 	DATA 	Keypress: space
207.9259 	EXP 	text: autoDraw = False
208.8595 	WARNING 	Stopping key buffers but this could be dangerous ifother keyboards rely on the same.
208.8723 	EXP 	text: text = 'You earned 5.3 out of 10 points in this round.\n\n Press [SPACE] to advance'
208.8723 	EXP 	text: autoDraw = True
210.9489 	DATA 	Keypress: space
210.9499 	EXP 	text: autoDraw = False
210.9647 	EXP 	text: text = 'Total points : 25.9'
218.6823 	EXP 	text: text = 'Press and hold [SPACE] to report the duration of the stimulus'
218.6823 	EXP 	text: autoDraw = True
219.4772 	DATA 	Keypress: space
219.4783 	EXP 	text: autoDraw = False
220.4034 	WARNING 	Stopping key buffers but this could be dangerous ifother keyboards rely on the same.
220.4147 	EXP 	text: text = 'Total points : 25.9'
220.4147 	EXP 	text: text = 'Your response exceeded the actual time.\n\n Press [SPACE] to advance'
220.4147 	EXP 	text: autoDraw = True
221.3649 	DATA 	Keypress: space
221.3659 	EXP 	text: autoDraw = False
230.4550 	EXP 	text: text = 'Press and hold [SPACE] to report the duration of the stimulus'
230.4550 	EXP 	text: autoDraw = True
231.3171 	DATA 	Keypress: space
231.3180 	EXP 	text: autoDraw = False
232.0994 	WARNING 	Stopping key buffers but this could be dangerous ifother keyboards rely on the same.
232.1147 	EXP 	text: text = 'You earned 3.9 out of 10 points in this round.\n\n Press [SPACE] to advance'
232.1147 	EXP 	text: autoDraw = True
233.4129 	DATA 	Keypress: space
233.4138 	EXP 	text: autoDraw = False
233.4313 	EXP 	text: text = 'Total points : 29.8'
241.6876 	EXP 	text: text = 'Press and hold [SPACE] to report the duration of the stimulus'
241.6876 	EXP 	text: autoDraw = True
242.3090 	DATA 	Keypress: space
242.3100 	EXP 	text: autoDraw = False
242.9074 	WARNING 	Stopping key buffers but this could be dangerous ifother keyboards rely on the same.
242.9202 	EXP 	text: text = 'You earned 4.1 out of 10 points in this round.\n\n Press [SPACE] to advance'
242.9202 	EXP 	text: autoDraw = True
245.4368 	DATA 	Keypress: space
245.4378 	EXP 	text: autoDraw = False
245.4480 	EXP 	text: text = 'Total points : 33.9'
252.5313 	EXP 	text: text = 'Press and hold [SPACE] to report the duration of the stimulus'
252.5313 	EXP 	text: autoDraw = True
253.2851 	DATA 	Keypress: space
253.2862 	EXP 	text: autoDraw = False
253.9394 	WARNING 	Stopping key buffers but this could be dangerous ifother keyboards rely on the same.
253.9524 	EXP 	text: text = 'You earned 8.3 out of 10 points in this round.\n\n Press [SPACE] to advance'
253.9524 	EXP 	text: autoDraw = True
255.4048 	DATA 	Keypress: space
255.4058 	EXP 	text: autoDraw = False
255.4147 	EXP 	text: text = 'Total points : 42.2'
263.0710 	EXP 	text: text = 'Press and hold [SPACE] to report the duration of the stimulus'
263.0710 	EXP 	text: autoDraw = True
263.8049 	DATA 	Keypress: space
263.8059 	EXP 	text: autoDraw = False
264.3394 	WARNING 	Stopping key buffers but this could be dangerous ifother keyboards rely on the same.
264.3527 	EXP 	text: text = 'You earned 4.8 out of 10 points in this round.\n\n Press [SPACE] to advance'
264.3527 	EXP 	text: autoDraw = True
265.5089 	DATA 	Keypress: space
265.5098 	EXP 	text: autoDraw = False
265.5151 	EXP 	text: text = 'Total points : 47.0'
275.6813 	EXP 	text: text = 'Press and hold [SPACE] to report the duration of the stimulus'
275.6813 	EXP 	text: autoDraw = True
276.5731 	DATA 	Keypress: space
276.5742 	EXP 	text: autoDraw = False
277.5714 	WARNING 	Stopping key buffers but this could be dangerous ifother keyboards rely on the same.
277.5844 	EXP 	text: text = 'You earned 3.5 out of 10 points in this round.\n\n Press [SPACE] to advance'
277.5844 	EXP 	text: autoDraw = True
278.8852 	DATA 	Keypress: space
278.8864 	EXP 	text: autoDraw = False
278.8979 	EXP 	text: text = 'Total points : 50.5'
288.4376 	EXP 	text: text = 'Press and hold [SPACE] to report the duration of the stimulus'
288.4376 	EXP 	text: autoDraw = True
289.3009 	DATA 	Keypress: space
289.3018 	EXP 	text: autoDraw = False
290.2115 	WARNING 	Stopping key buffers but this could be dangerous ifother keyboards rely on the same.
290.2313 	EXP 	text: text = 'You earned 4.0 out of 10 points in this round.\n\n Press [SPACE] to advance'
290.2313 	EXP 	text: autoDraw = True
291.5569 	DATA 	Keypress: space
291.5580 	EXP 	text: autoDraw = False
291.5647 	EXP 	text: text = 'Total points : 54.5'
299.8214 	EXP 	text: text = 'Press and hold [SPACE] to report the duration of the stimulus'
299.8214 	EXP 	text: autoDraw = True
300.8210 	DATA 	Keypress: space
300.8221 	EXP 	text: autoDraw = False
301.8115 	WARNING 	Stopping key buffers but this could be dangerous ifother keyboards rely on the same.
301.8313 	EXP 	text: text = 'You earned 8.9 out of 10 points in this round.\n\n Press [SPACE] to advance'
301.8313 	EXP 	text: autoDraw = True
303.0049 	DATA 	Keypress: space
303.0058 	EXP 	text: autoDraw = False
303.0147 	EXP 	text: text = 'Total points : 63.4'
311.5557 	EXP 	text: text = 'Press and hold [SPACE] to report the duration of the stimulus'
311.5557 	EXP 	text: autoDraw = True
312.2451 	DATA 	Keypress: space
312.2462 	EXP 	text: autoDraw = False
313.3074 	WARNING 	Stopping key buffers but this could be dangerous ifother keyboards rely on the same.
313.3203 	EXP 	text: text = 'You earned 8.9 out of 10 points in this round.\n\n Press [SPACE] to advance'
313.3203 	EXP 	text: autoDraw = True
314.8289 	DATA 	Keypress: space
314.8300 	EXP 	text: autoDraw = False
314.8356 	EXP 	text: text = 'Total points : 72.3'
321.8878 	EXP 	text: text = 'Press and hold [SPACE] to report the duration of the stimulus'
321.8878 	EXP 	text: autoDraw = True
322.7329 	DATA 	Keypress: space
322.7339 	EXP 	text: autoDraw = False
323.4354 	WARNING 	Stopping key buffers but this could be dangerous ifother keyboards rely on the same.
323.4483 	EXP 	text: text = 'You earned 9.1 out of 10 points in this round.\n\n Press [SPACE] to advance'
323.4483 	EXP 	text: autoDraw = True
324.9168 	DATA 	Keypress: space
324.9177 	EXP 	text: autoDraw = False
324.9313 	EXP 	text: text = 'Total points : 81.4'
333.9868 	EXP 	text: text = 'Press and hold [SPACE] to report the duration of the stimulus'
333.9868 	EXP 	text: autoDraw = True
334.6131 	DATA 	Keypress: space
334.6143 	EXP 	text: autoDraw = False
335.5394 	WARNING 	Stopping key buffers but this could be dangerous ifother keyboards rely on the same.
335.5523 	EXP 	text: text = 'You earned 5.3 out of 10 points in this round.\n\n Press [SPACE] to advance'
335.5523 	EXP 	text: autoDraw = True
336.5329 	DATA 	Keypress: space
336.5338 	EXP 	text: autoDraw = False
336.5480 	EXP 	text: text = 'Total points : 86.7'
345.6313 	EXP 	text: text = 'Press and hold [SPACE] to report the duration of the stimulus'
345.6313 	EXP 	text: autoDraw = True
346.3011 	DATA 	Keypress: space
346.3021 	EXP 	text: autoDraw = False
347.1954 	WARNING 	Stopping key buffers but this could be dangerous ifother keyboards rely on the same.
347.2146 	EXP 	text: text = 'You earned 4.9 out of 10 points in this round.\n\n Press [SPACE] to advance'
347.2146 	EXP 	text: autoDraw = True
348.2049 	DATA 	Keypress: space
348.2058 	EXP 	text: autoDraw = False
348.2146 	EXP 	text: text = 'Total points : 91.6'
355.2980 	EXP 	text: text = 'Press and hold [SPACE] to report the duration of the stimulus'
355.2980 	EXP 	text: autoDraw = True
356.1732 	DATA 	Keypress: space
356.1742 	EXP 	text: autoDraw = False
356.8114 	WARNING 	Stopping key buffers but this could be dangerous ifother keyboards rely on the same.
356.8313 	EXP 	text: text = 'You earned 8.0 out of 10 points in this round.\n\n Press [SPACE] to advance'
356.8313 	EXP 	text: autoDraw = True
357.8609 	DATA 	Keypress: space
357.8619 	EXP 	text: autoDraw = False
357.8671 	EXP 	text: text = 'Total points : 99.6'
364.9211 	EXP 	text: text = 'Press and hold [SPACE] to report the duration of the stimulus'
364.9211 	EXP 	text: autoDraw = True
365.7490 	DATA 	Keypress: space
365.7501 	EXP 	text: autoDraw = False
366.2754 	WARNING 	Stopping key buffers but this could be dangerous ifother keyboards rely on the same.
366.2883 	EXP 	text: text = 'You earned 6.4 out of 10 points in this round.\n\n Press [SPACE] to advance'
366.2883 	EXP 	text: autoDraw = True
367.3009 	DATA 	Keypress: space
367.3019 	EXP 	text: autoDraw = False
367.3146 	EXP 	text: text = 'Total points : 106.0'
374.6539 	EXP 	text: text = 'Press and hold [SPACE] to report the duration of the stimulus'
374.6539 	EXP 	text: autoDraw = True
375.2771 	DATA 	Keypress: space
375.2780 	EXP 	text: autoDraw = False
375.8754 	WARNING 	Stopping key buffers but this could be dangerous ifother keyboards rely on the same.
375.8884 	EXP 	text: text = 'You earned 6.4 out of 10 points in this round.\n\n Press [SPACE] to advance'
375.8884 	EXP 	text: autoDraw = True
376.7168 	DATA 	Keypress: space
376.7177 	EXP 	text: autoDraw = False
376.7314 	EXP 	text: text = 'Total points : 112.4'
383.7870 	EXP 	text: text = 'Press and hold [SPACE] to report the duration of the stimulus'
383.7870 	EXP 	text: autoDraw = True
384.6771 	DATA 	Keypress: space
384.6780 	EXP 	text: autoDraw = False
385.5315 	WARNING 	Stopping key buffers but this could be dangerous ifother keyboards rely on the same.
385.5430 	EXP 	text: text = 'Total points : 112.4'
385.5430 	EXP 	text: text = 'Your response exceeded the actual time.\n\n Press [SPACE] to advance'
385.5430 	EXP 	text: autoDraw = True
386.3889 	DATA 	Keypress: space
386.3898 	EXP 	text: autoDraw = False
394.3540 	EXP 	text: text = 'Press and hold [SPACE] to report the duration of the stimulus'
394.3540 	EXP 	text: autoDraw = True
395.0131 	DATA 	Keypress: space
395.0141 	EXP 	text: autoDraw = False
395.4674 	WARNING 	Stopping key buffers but this could be dangerous ifother keyboards rely on the same.
395.4813 	EXP 	text: text = 'You earned 3.5 out of 10 points in this round.\n\n Press [SPACE] to advance'
395.4813 	EXP 	text: autoDraw = True
396.4208 	DATA 	Keypress: space
396.4219 	EXP 	text: autoDraw = False
396.4313 	EXP 	text: text = 'Total points : 115.9'
404.0871 	EXP 	text: text = 'Press and hold [SPACE] to report the duration of the stimulus'
404.0871 	EXP 	text: autoDraw = True
404.8210 	DATA 	Keypress: space
404.8221 	EXP 	text: autoDraw = False
405.6114 	WARNING 	Stopping key buffers but this could be dangerous ifother keyboards rely on the same.
405.6313 	EXP 	text: text = 'You earned 8.1 out of 10 points in this round.\n\n Press [SPACE] to advance'
405.6313 	EXP 	text: autoDraw = True
406.5889 	DATA 	Keypress: space
406.5899 	EXP 	text: autoDraw = False
406.5980 	EXP 	text: text = 'Total points : 124.0'
414.5375 	EXP 	text: text = 'Press and hold [SPACE] to report the duration of the stimulus'
414.5375 	EXP 	text: autoDraw = True
415.4770 	DATA 	Keypress: space
415.4781 	EXP 	text: autoDraw = False
416.2594 	WARNING 	Stopping key buffers but this could be dangerous ifother keyboards rely on the same.
416.2724 	EXP 	text: text = 'You earned 6.8 out of 10 points in this round.\n\n Press [SPACE] to advance'
416.2724 	EXP 	text: autoDraw = True
417.2289 	DATA 	Keypress: space
417.2298 	EXP 	text: autoDraw = False
417.2354 	EXP 	text: text = 'Total points : 130.8'
425.4877 	EXP 	text: text = 'Press and hold [SPACE] to report the duration of the stimulus'
425.4877 	EXP 	text: autoDraw = True
427.1331 	DATA 	Keypress: space
427.1341 	EXP 	text: autoDraw = False
428.0835 	WARNING 	Stopping key buffers but this could be dangerous ifother keyboards rely on the same.
428.0980 	EXP 	text: text = 'You earned 8.2 out of 10 points in this round.\n\n Press [SPACE] to advance'
428.0980 	EXP 	text: autoDraw = True
429.0369 	DATA 	Keypress: space
429.0378 	EXP 	text: autoDraw = False
429.0480 	EXP 	text: text = 'Total points : 139.0'
437.5879 	EXP 	text: text = 'Press and hold [SPACE] to report the duration of the stimulus'
437.5879 	EXP 	text: autoDraw = True
438.5811 	DATA 	Keypress: space
438.5821 	EXP 	text: autoDraw = False
439.4594 	WARNING 	Stopping key buffers but this could be dangerous ifother keyboards rely on the same.
439.4732 	EXP 	text: text = 'You earned 6.1 out of 10 points in this round.\n\n Press [SPACE] to advance'
439.4732 	EXP 	text: autoDraw = True
440.5089 	DATA 	Keypress: space
440.5098 	EXP 	text: autoDraw = False
440.5150 	EXP 	text: text = 'Total points : 145.1'
450.3716 	EXP 	text: text = 'Press and hold [SPACE] to report the duration of the stimulus'
450.3716 	EXP 	text: autoDraw = True
451.4130 	DATA 	Keypress: space
451.4141 	EXP 	text: autoDraw = False
452.3955 	WARNING 	Stopping key buffers but this could be dangerous ifother keyboards rely on the same.
452.4146 	EXP 	text: text = 'You earned 3.9 out of 10 points in this round.\n\n Press [SPACE] to advance'
452.4146 	EXP 	text: autoDraw = True
453.4769 	DATA 	Keypress: space
453.4779 	EXP 	text: autoDraw = False
453.4831 	EXP 	text: text = 'Total points : 149.0'
462.5387 	EXP 	text: text = 'Press and hold [SPACE] to report the duration of the stimulus'
462.5387 	EXP 	text: autoDraw = True
463.4931 	DATA 	Keypress: space
463.4941 	EXP 	text: autoDraw = False
464.5955 	WARNING 	Stopping key buffers but this could be dangerous ifother keyboards rely on the same.
464.6147 	EXP 	text: text = 'You earned 7.5 out of 10 points in this round.\n\n Press [SPACE] to advance'
464.6147 	EXP 	text: autoDraw = True
465.6689 	DATA 	Keypress: space
465.6698 	EXP 	text: autoDraw = False
465.6813 	EXP 	text: text = 'Total points : 156.5'
475.5376 	EXP 	text: text = 'Press and hold [SPACE] to report the duration of the stimulus'
475.5376 	EXP 	text: autoDraw = True
476.4210 	DATA 	Keypress: space
476.4221 	EXP 	text: autoDraw = False
477.5234 	WARNING 	Stopping key buffers but this could be dangerous ifother keyboards rely on the same.
477.5371 	EXP 	text: text = 'You earned 5.0 out of 10 points in this round.\n\n Press [SPACE] to advance'
477.5371 	EXP 	text: autoDraw = True
478.6608 	DATA 	Keypress: space
478.6619 	EXP 	text: autoDraw = False
478.6671 	EXP 	text: text = 'Total points : 161.5'
488.8313 	EXP 	text: text = 'Press and hold [SPACE] to report the duration of the stimulus'
488.8313 	EXP 	text: autoDraw = True
490.3170 	DATA 	Keypress: space
490.3181 	EXP 	text: autoDraw = False
491.2434 	WARNING 	Stopping key buffers but this could be dangerous ifother keyboards rely on the same.
491.2563 	EXP 	text: text = 'You earned 3.0 out of 10 points in this round.\n\n Press [SPACE] to advance'
491.2563 	EXP 	text: autoDraw = True
492.2769 	DATA 	Keypress: space
492.2780 	EXP 	text: autoDraw = False
492.2832 	EXP 	text: text = 'Total points : 164.5'
499.6193 	EXP 	text: text = 'Press and hold [SPACE] to report the duration of the stimulus'
499.6193 	EXP 	text: autoDraw = True
501.1330 	DATA 	Keypress: space
501.1341 	EXP 	text: autoDraw = False
501.9154 	WARNING 	Stopping key buffers but this could be dangerous ifother keyboards rely on the same.
501.9314 	EXP 	text: text = 'You earned 9.2 out of 10 points in this round.\n\n Press [SPACE] to advance'
501.9314 	EXP 	text: autoDraw = True
502.8848 	DATA 	Keypress: space
502.8859 	EXP 	text: autoDraw = False
502.8980 	EXP 	text: text = 'Total points : 173.7'
511.4383 	EXP 	text: text = 'Press and hold [SPACE] to report the duration of the stimulus'
511.4383 	EXP 	text: autoDraw = True
512.2211 	DATA 	Keypress: space
512.2221 	EXP 	text: autoDraw = False
513.4354 	WARNING 	Stopping key buffers but this could be dangerous ifother keyboards rely on the same.
513.4467 	EXP 	text: text = 'Total points : 173.7'
513.4467 	EXP 	text: text = 'Your response exceeded the actual time.\n\n Press [SPACE] to advance'
513.4467 	EXP 	text: autoDraw = True
514.2208 	DATA 	Keypress: space
514.2218 	EXP 	text: autoDraw = False
524.3881 	EXP 	text: text = 'Press and hold [SPACE] to report the duration of the stimulus'
524.3881 	EXP 	text: autoDraw = True
525.2290 	DATA 	Keypress: space
525.2301 	EXP 	text: autoDraw = False
525.9874 	WARNING 	Stopping key buffers but this could be dangerous ifother keyboards rely on the same.
526.0006 	EXP 	text: text = 'You earned 2.2 out of 10 points in this round.\n\n Press [SPACE] to advance'
526.0006 	EXP 	text: autoDraw = True
527.1489 	DATA 	Keypress: space
527.1500 	EXP 	text: autoDraw = False
527.1647 	EXP 	text: text = 'Total points : 175.9'
537.3037 	EXP 	text: text = 'Press and hold [SPACE] to report the duration of the stimulus'
537.3037 	EXP 	text: autoDraw = True
538.0531 	DATA 	Keypress: space
538.0542 	EXP 	text: autoDraw = False
538.9874 	WARNING 	Stopping key buffers but this could be dangerous ifother keyboards rely on the same.
539.0003 	EXP 	text: text = 'You earned 3.1 out of 10 points in this round.\n\n Press [SPACE] to advance'
539.0003 	EXP 	text: autoDraw = True
540.1169 	DATA 	Keypress: space
540.1178 	EXP 	text: autoDraw = False
540.1313 	EXP 	text: text = 'Total points : 179.0'
550.0145 	EXP 	text: text = 'Press and hold [SPACE] to report the duration of the stimulus'
550.0145 	EXP 	text: autoDraw = True
550.9811 	DATA 	Keypress: space
550.9822 	EXP 	text: autoDraw = False
552.0434 	WARNING 	Stopping key buffers but this could be dangerous ifother keyboards rely on the same.
552.0568 	EXP 	text: text = 'You earned 4.6 out of 10 points in this round.\n\n Press [SPACE] to advance'
552.0568 	EXP 	text: autoDraw = True
552.8609 	DATA 	Keypress: space
552.8618 	EXP 	text: autoDraw = False
552.8671 	EXP 	text: text = 'Total points : 183.6'
562.7218 	EXP 	text: text = 'Press and hold [SPACE] to report the duration of the stimulus'
562.7218 	EXP 	text: autoDraw = True
563.5651 	DATA 	Keypress: space
563.5662 	EXP 	text: autoDraw = False
564.6194 	WARNING 	Stopping key buffers but this could be dangerous ifother keyboards rely on the same.
564.6324 	EXP 	text: text = 'You earned 4.5 out of 10 points in this round.\n\n Press [SPACE] to advance'
564.6324 	EXP 	text: autoDraw = True
565.7968 	DATA 	Keypress: space
565.7979 	EXP 	text: autoDraw = False
565.8146 	EXP 	text: text = 'Total points : 188.1'
575.3551 	EXP 	text: text = 'Press and hold [SPACE] to report the duration of the stimulus'
575.3551 	EXP 	text: autoDraw = True
576.5010 	DATA 	Keypress: space
576.5021 	EXP 	text: autoDraw = False
577.1714 	WARNING 	Stopping key buffers but this could be dangerous ifother keyboards rely on the same.
577.1843 	EXP 	text: text = 'You earned 2.5 out of 10 points in this round.\n\n Press [SPACE] to advance'
577.1843 	EXP 	text: autoDraw = True
578.1409 	DATA 	Keypress: space
578.1418 	EXP 	text: autoDraw = False
578.1480 	EXP 	text: text = 'Total points : 190.6'
585.2052 	EXP 	text: text = 'Press and hold [SPACE] to report the duration of the stimulus'
585.2052 	EXP 	text: autoDraw = True
586.0452 	DATA 	Keypress: space
586.0462 	EXP 	text: autoDraw = False
586.5234 	WARNING 	Stopping key buffers but this could be dangerous ifother keyboards rely on the same.
586.5349 	EXP 	text: text = 'You earned 5.8 out of 10 points in this round.\n\n Press [SPACE] to advance'
586.5349 	EXP 	text: autoDraw = True
587.5968 	DATA 	Keypress: space
587.5980 	EXP 	text: autoDraw = False
587.6146 	EXP 	text: text = 'Total points : 196.4'
597.7548 	EXP 	text: text = 'Press and hold [SPACE] to report the duration of the stimulus'
597.7548 	EXP 	text: autoDraw = True
598.6610 	DATA 	Keypress: space
598.6620 	EXP 	text: autoDraw = False
599.9874 	WARNING 	Stopping key buffers but this could be dangerous ifother keyboards rely on the same.
600.0004 	EXP 	text: text = 'You earned 6.7 out of 10 points in this round.\n\n Press [SPACE] to advance'
600.0004 	EXP 	text: autoDraw = True
600.7648 	DATA 	Keypress: space
600.7659 	EXP 	text: autoDraw = False
600.7813 	EXP 	text: text = 'Total points : 203.1'
608.4372 	EXP 	text: text = 'Press and hold [SPACE] to report the duration of the stimulus'
608.4372 	EXP 	text: autoDraw = True
609.6772 	DATA 	Keypress: space
609.6782 	EXP 	text: autoDraw = False
610.2274 	WARNING 	Stopping key buffers but this could be dangerous ifother keyboards rely on the same.
610.2404 	EXP 	text: text = 'You earned 5.0 out of 10 points in this round.\n\n Press [SPACE] to advance'
610.2404 	EXP 	text: autoDraw = True
611.1569 	DATA 	Keypress: space
611.1580 	EXP 	text: autoDraw = False
611.1646 	EXP 	text: text = 'Total points : 208.1'
620.7044 	EXP 	text: text = 'Press and hold [SPACE] to report the duration of the stimulus'
620.7044 	EXP 	text: autoDraw = True
621.5491 	DATA 	Keypress: space
621.5501 	EXP 	text: autoDraw = False
622.9315 	WARNING 	Stopping key buffers but this could be dangerous ifother keyboards rely on the same.
622.9479 	EXP 	text: text = 'You earned 9.8 out of 10 points in this round.\n\n Press [SPACE] to advance'
622.9479 	EXP 	text: autoDraw = True
623.9969 	DATA 	Keypress: space
623.9978 	EXP 	text: autoDraw = False
624.0147 	EXP 	text: text = 'Total points : 217.9'
632.5546 	EXP 	text: text = 'Press and hold [SPACE] to report the duration of the stimulus'
632.5546 	EXP 	text: autoDraw = True
633.5892 	DATA 	Keypress: space
633.5903 	EXP 	text: autoDraw = False
634.4755 	WARNING 	Stopping key buffers but this could be dangerous ifother keyboards rely on the same.
634.4884 	EXP 	text: text = 'You earned 6.2 out of 10 points in this round.\n\n Press [SPACE] to advance'
634.4884 	EXP 	text: autoDraw = True
635.4208 	DATA 	Keypress: space
635.4217 	EXP 	text: autoDraw = False
635.4313 	EXP 	text: text = 'Total points : 224.1'
642.7980 	EXP 	text: text = 'Press and hold [SPACE] to report the duration of the stimulus'
642.7980 	EXP 	text: autoDraw = True
643.6772 	DATA 	Keypress: space
643.6781 	EXP 	text: autoDraw = False
644.6114 	WARNING 	Stopping key buffers but this could be dangerous ifother keyboards rely on the same.
644.6230 	EXP 	text: text = 'Total points : 224.1'
644.6230 	EXP 	text: text = 'Your response exceeded the actual time.\n\n Press [SPACE] to advance'
644.6230 	EXP 	text: autoDraw = True
645.4049 	DATA 	Keypress: space
645.4058 	EXP 	text: autoDraw = False
655.5708 	EXP 	text: text = 'Press and hold [SPACE] to report the duration of the stimulus'
655.5708 	EXP 	text: autoDraw = True
656.2930 	DATA 	Keypress: space
656.2940 	EXP 	text: autoDraw = False
657.6274 	WARNING 	Stopping key buffers but this could be dangerous ifother keyboards rely on the same.
657.6405 	EXP 	text: text = 'You earned 6.9 out of 10 points in this round.\n\n Press [SPACE] to advance'
657.6405 	EXP 	text: autoDraw = True
658.7089 	DATA 	Keypress: space
658.7099 	EXP 	text: autoDraw = False
658.7154 	EXP 	text: text = 'Total points : 231.0'
668.5699 	EXP 	text: text = 'Press and hold [SPACE] to report the duration of the stimulus'
668.5699 	EXP 	text: autoDraw = True
669.7732 	DATA 	Keypress: space
669.7743 	EXP 	text: autoDraw = False
670.7554 	WARNING 	Stopping key buffers but this could be dangerous ifother keyboards rely on the same.
670.7684 	EXP 	text: text = 'You earned 3.9 out of 10 points in this round.\n\n Press [SPACE] to advance'
670.7684 	EXP 	text: autoDraw = True
671.7089 	DATA 	Keypress: space
671.7100 	EXP 	text: autoDraw = False
671.7151 	EXP 	text: text = 'Total points : 234.9'
679.3709 	EXP 	text: text = 'Press and hold [SPACE] to report the duration of the stimulus'
679.3709 	EXP 	text: autoDraw = True
680.3331 	DATA 	Keypress: space
680.3342 	EXP 	text: autoDraw = False
681.2114 	WARNING 	Stopping key buffers but this could be dangerous ifother keyboards rely on the same.
681.2314 	EXP 	text: text = 'You earned 9.6 out of 10 points in this round.\n\n Press [SPACE] to advance'
681.2314 	EXP 	text: autoDraw = True
682.2529 	DATA 	Keypress: space
682.2539 	EXP 	text: autoDraw = False
682.2647 	EXP 	text: text = 'Total points : 244.5'
691.3212 	EXP 	text: text = 'Press and hold [SPACE] to report the duration of the stimulus'
691.3212 	EXP 	text: autoDraw = True
692.2529 	DATA 	Keypress: space
692.2541 	EXP 	text: autoDraw = False
693.1874 	WARNING 	Stopping key buffers but this could be dangerous ifother keyboards rely on the same.
693.2008 	EXP 	text: text = 'You earned 5.3 out of 10 points in this round.\n\n Press [SPACE] to advance'
693.2008 	EXP 	text: autoDraw = True
694.3489 	DATA 	Keypress: space
694.3499 	EXP 	text: autoDraw = False
694.3646 	EXP 	text: text = 'Total points : 249.8'
703.9050 	EXP 	text: text = 'Press and hold [SPACE] to report the duration of the stimulus'
703.9050 	EXP 	text: autoDraw = True
704.8609 	DATA 	Keypress: space
704.8620 	EXP 	text: autoDraw = False
705.8434 	WARNING 	Stopping key buffers but this could be dangerous ifother keyboards rely on the same.
705.8568 	EXP 	text: text = 'You earned 4.6 out of 10 points in this round.\n\n Press [SPACE] to advance'
705.8568 	EXP 	text: autoDraw = True
706.8049 	DATA 	Keypress: space
706.8060 	EXP 	text: autoDraw = False
706.8147 	EXP 	text: text = 'Total points : 254.4'
716.6980 	EXP 	text: text = 'Press and hold [SPACE] to report the duration of the stimulus'
716.6980 	EXP 	text: autoDraw = True
717.5970 	DATA 	Keypress: space
717.5981 	EXP 	text: autoDraw = False
718.7394 	WARNING 	Stopping key buffers but this could be dangerous ifother keyboards rely on the same.
718.7525 	EXP 	text: text = 'You earned 5.4 out of 10 points in this round.\n\n Press [SPACE] to advance'
718.7525 	EXP 	text: autoDraw = True
719.8129 	DATA 	Keypress: space
719.8139 	EXP 	text: autoDraw = False
719.8313 	EXP 	text: text = 'Total points : 259.8'
729.3980 	EXP 	text: text = 'Press and hold [SPACE] to report the duration of the stimulus'
729.3980 	EXP 	text: autoDraw = True
730.5491 	DATA 	Keypress: space
730.5502 	EXP 	text: autoDraw = False
732.2834 	WARNING 	Stopping key buffers but this could be dangerous ifother keyboards rely on the same.
732.2948 	EXP 	text: text = 'Total points : 259.8'
732.2948 	EXP 	text: text = 'Your response exceeded the actual time.\n\n Press [SPACE] to advance'
732.2948 	EXP 	text: autoDraw = True
733.0209 	DATA 	Keypress: space
733.0218 	EXP 	text: autoDraw = False
742.6146 	EXP 	text: text = 'Press and hold [SPACE] to report the duration of the stimulus'
742.6146 	EXP 	text: autoDraw = True
743.6449 	DATA 	Keypress: space
743.6460 	EXP 	text: autoDraw = False
744.7635 	WARNING 	Stopping key buffers but this could be dangerous ifother keyboards rely on the same.
744.7813 	EXP 	text: text = 'You earned 6.0 out of 10 points in this round.\n\n Press [SPACE] to advance'
744.7813 	EXP 	text: autoDraw = True
745.7409 	DATA 	Keypress: space
745.7419 	EXP 	text: autoDraw = False
745.7481 	EXP 	text: text = 'Total points : 265.8'
754.2879 	EXP 	text: text = 'Press and hold [SPACE] to report the duration of the stimulus'
754.2879 	EXP 	text: autoDraw = True
755.3729 	DATA 	Keypress: space
755.3739 	EXP 	text: autoDraw = False
756.3314 	WARNING 	Stopping key buffers but this could be dangerous ifother keyboards rely on the same.
756.3480 	EXP 	text: text = 'You earned 7.2 out of 10 points in this round.\n\n Press [SPACE] to advance'
756.3480 	EXP 	text: autoDraw = True
757.2528 	DATA 	Keypress: space
757.2539 	EXP 	text: autoDraw = False
757.2647 	EXP 	text: text = 'Total points : 273.0'
765.5219 	EXP 	text: text = 'Press and hold [SPACE] to report the duration of the stimulus'
765.5219 	EXP 	text: autoDraw = True
766.4689 	DATA 	Keypress: space
766.4701 	EXP 	text: autoDraw = False
767.3234 	WARNING 	Stopping key buffers but this could be dangerous ifother keyboards rely on the same.
767.3367 	EXP 	text: text = 'You earned 6.8 out of 10 points in this round.\n\n Press [SPACE] to advance'
767.3367 	EXP 	text: autoDraw = True
768.3009 	DATA 	Keypress: space
768.3018 	EXP 	text: autoDraw = False
768.3146 	EXP 	text: text = 'Total points : 279.8'
778.1712 	EXP 	text: text = 'Press and hold [SPACE] to report the duration of the stimulus'
778.1712 	EXP 	text: autoDraw = True
779.0371 	DATA 	Keypress: space
779.0381 	EXP 	text: autoDraw = False
780.0834 	WARNING 	Stopping key buffers but this could be dangerous ifother keyboards rely on the same.
780.0980 	EXP 	text: text = 'You earned 4.5 out of 10 points in this round.\n\n Press [SPACE] to advance'
780.0980 	EXP 	text: autoDraw = True
781.1889 	DATA 	Keypress: space
781.1900 	EXP 	text: autoDraw = False
781.1980 	EXP 	text: text = 'Total points : 284.3'
789.4545 	EXP 	text: text = 'Press and hold [SPACE] to report the duration of the stimulus'
789.4545 	EXP 	text: autoDraw = True
790.5811 	DATA 	Keypress: space
790.5823 	EXP 	text: autoDraw = False
791.5074 	WARNING 	Stopping key buffers but this could be dangerous ifother keyboards rely on the same.
791.5204 	EXP 	text: text = 'You earned 7.8 out of 10 points in this round.\n\n Press [SPACE] to advance'
791.5204 	EXP 	text: autoDraw = True
792.5808 	DATA 	Keypress: space
792.5817 	EXP 	text: autoDraw = False
792.5980 	EXP 	text: text = 'Total points : 292.1'
800.5375 	EXP 	text: text = 'Press and hold [SPACE] to report the duration of the stimulus'
800.5375 	EXP 	text: autoDraw = True
801.5330 	DATA 	Keypress: space
801.5341 	EXP 	text: autoDraw = False
802.4354 	WARNING 	Stopping key buffers but this could be dangerous ifother keyboards rely on the same.
802.4485 	EXP 	text: text = 'You earned 8.7 out of 10 points in this round.\n\n Press [SPACE] to advance'
802.4485 	EXP 	text: autoDraw = True
803.1489 	DATA 	Keypress: space
803.1503 	EXP 	text: autoDraw = False
803.1647 	EXP 	text: text = 'Total points : 300.8'
810.8213 	EXP 	text: text = 'Press and hold [SPACE] to report the duration of the stimulus'
810.8213 	EXP 	text: autoDraw = True
811.6290 	DATA 	Keypress: space
811.6300 	EXP 	text: autoDraw = False
812.5074 	WARNING 	Stopping key buffers but this could be dangerous ifother keyboards rely on the same.
812.5204 	EXP 	text: text = 'You earned 9.6 out of 10 points in this round.\n\n Press [SPACE] to advance'
812.5204 	EXP 	text: autoDraw = True
813.4449 	DATA 	Keypress: space
813.4458 	EXP 	text: autoDraw = False
813.4513 	EXP 	text: text = 'Total points : 310.4'
823.0313 	EXP 	text: text = 'Press and hold [SPACE] to report the duration of the stimulus'
823.0313 	EXP 	text: autoDraw = True
823.9010 	DATA 	Keypress: space
823.9021 	EXP 	text: autoDraw = False
824.9474 	WARNING 	Stopping key buffers but this could be dangerous ifother keyboards rely on the same.
824.9647 	EXP 	text: text = 'You earned 5.2 out of 10 points in this round.\n\n Press [SPACE] to advance'
824.9647 	EXP 	text: autoDraw = True
826.0129 	DATA 	Keypress: space
826.0139 	EXP 	text: autoDraw = False
826.0313 	EXP 	text: text = 'Total points : 315.6'
833.9714 	EXP 	text: text = 'Press and hold [SPACE] to report the duration of the stimulus'
833.9714 	EXP 	text: autoDraw = True
834.9091 	DATA 	Keypress: space
834.9102 	EXP 	text: autoDraw = False
835.8594 	WARNING 	Stopping key buffers but this could be dangerous ifother keyboards rely on the same.
835.8724 	EXP 	text: text = 'You earned 9.6 out of 10 points in this round.\n\n Press [SPACE] to advance'
835.8724 	EXP 	text: autoDraw = True
836.9808 	DATA 	Keypress: space
836.9818 	EXP 	text: autoDraw = False
836.9979 	EXP 	text: text = 'Total points : 325.2'
844.0544 	EXP 	text: text = 'Press and hold [SPACE] to report the duration of the stimulus'
844.0544 	EXP 	text: autoDraw = True
844.9410 	DATA 	Keypress: space
844.9421 	EXP 	text: autoDraw = False
845.8034 	WARNING 	Stopping key buffers but this could be dangerous ifother keyboards rely on the same.
845.8147 	EXP 	text: text = 'Total points : 325.2'
845.8147 	EXP 	text: text = 'Your response exceeded the actual time.\n\n Press [SPACE] to advance'
845.8147 	EXP 	text: autoDraw = True
846.6049 	DATA 	Keypress: space
846.6060 	EXP 	text: autoDraw = False
856.4876 	EXP 	text: text = 'Press and hold [SPACE] to report the duration of the stimulus'
856.4876 	EXP 	text: autoDraw = True
857.3890 	DATA 	Keypress: space
857.3902 	EXP 	text: autoDraw = False
858.5314 	WARNING 	Stopping key buffers but this could be dangerous ifother keyboards rely on the same.
858.5479 	EXP 	text: text = 'You earned 5.4 out of 10 points in this round.\n\n Press [SPACE] to advance'
858.5479 	EXP 	text: autoDraw = True
859.5329 	DATA 	Keypress: space
859.5338 	EXP 	text: autoDraw = False
859.5479 	EXP 	text: text = 'Total points : 330.6'
867.2313 	EXP 	text: text = 'Press and hold [SPACE] to report the duration of the stimulus'
867.2313 	EXP 	text: autoDraw = True
868.2530 	DATA 	Keypress: space
868.2541 	EXP 	text: autoDraw = False
868.9234 	WARNING 	Stopping key buffers but this could be dangerous ifother keyboards rely on the same.
868.9363 	EXP 	text: text = 'You earned 6.3 out of 10 points in this round.\n\n Press [SPACE] to advance'
868.9363 	EXP 	text: autoDraw = True
869.9169 	DATA 	Keypress: space
869.9178 	EXP 	text: autoDraw = False
869.9313 	EXP 	text: text = 'Total points : 336.9'
877.8980 	EXP 	text: text = 'Press and hold [SPACE] to report the duration of the stimulus'
877.8980 	EXP 	text: autoDraw = True
878.8371 	DATA 	Keypress: space
878.8381 	EXP 	text: autoDraw = False
879.6434 	WARNING 	Stopping key buffers but this could be dangerous ifother keyboards rely on the same.
879.6565 	EXP 	text: text = 'You earned 7.2 out of 10 points in this round.\n\n Press [SPACE] to advance'
879.6565 	EXP 	text: autoDraw = True
880.5649 	DATA 	Keypress: space
880.5659 	EXP 	text: autoDraw = False
880.5813 	EXP 	text: text = 'Total points : 344.1'
889.6369 	EXP 	text: text = 'Press and hold [SPACE] to report the duration of the stimulus'
889.6369 	EXP 	text: autoDraw = True
890.6291 	DATA 	Keypress: space
890.6300 	EXP 	text: autoDraw = False
891.5794 	WARNING 	Stopping key buffers but this could be dangerous ifother keyboards rely on the same.
891.5979 	EXP 	text: text = 'You earned 5.5 out of 10 points in this round.\n\n Press [SPACE] to advance'
891.5979 	EXP 	text: autoDraw = True
892.7569 	DATA 	Keypress: space
892.7579 	EXP 	text: autoDraw = False
892.7646 	EXP 	text: text = 'Total points : 349.6'
900.1041 	EXP 	text: text = 'Press and hold [SPACE] to report the duration of the stimulus'
900.1041 	EXP 	text: autoDraw = True
901.0130 	DATA 	Keypress: space
901.0141 	EXP 	text: autoDraw = False
901.7234 	WARNING 	Stopping key buffers but this could be dangerous ifother keyboards rely on the same.
901.7366 	EXP 	text: text = 'You earned 8.0 out of 10 points in this round.\n\n Press [SPACE] to advance'
901.7366 	EXP 	text: autoDraw = True
902.7089 	DATA 	Keypress: space
902.7098 	EXP 	text: autoDraw = False
902.7150 	EXP 	text: text = 'Total points : 357.6'
910.9716 	EXP 	text: text = 'Press and hold [SPACE] to report the duration of the stimulus'
910.9716 	EXP 	text: autoDraw = True
911.7492 	DATA 	Keypress: space
911.7503 	EXP 	text: autoDraw = False
912.4034 	WARNING 	Stopping key buffers but this could be dangerous ifother keyboards rely on the same.
912.4165 	EXP 	text: text = 'You earned 4.5 out of 10 points in this round.\n\n Press [SPACE] to advance'
912.4165 	EXP 	text: autoDraw = True
913.4928 	DATA 	Keypress: space
913.4938 	EXP 	text: autoDraw = False
913.4991 	EXP 	text: text = 'Total points : 362.1'
923.6379 	EXP 	text: text = 'Press and hold [SPACE] to report the duration of the stimulus'
923.6379 	EXP 	text: autoDraw = True
924.3971 	DATA 	Keypress: space
924.3982 	EXP 	text: autoDraw = False
925.5474 	WARNING 	Stopping key buffers but this could be dangerous ifother keyboards rely on the same.
925.5647 	EXP 	text: text = 'You earned 4.7 out of 10 points in this round.\n\n Press [SPACE] to advance'
925.5647 	EXP 	text: autoDraw = True
926.4369 	DATA 	Keypress: space
926.4379 	EXP 	text: autoDraw = False
926.4480 	EXP 	text: text = 'Total points : 366.8'
934.4146 	EXP 	text: text = 'Press and hold [SPACE] to report the duration of the stimulus'
934.4146 	EXP 	text: autoDraw = True
935.2050 	DATA 	Keypress: space
935.2062 	EXP 	text: autoDraw = False
936.0594 	WARNING 	Stopping key buffers but this could be dangerous ifother keyboards rely on the same.
936.0728 	EXP 	text: text = 'You earned 7.9 out of 10 points in this round.\n\n Press [SPACE] to advance'
936.0728 	EXP 	text: autoDraw = True
937.0128 	DATA 	Keypress: space
937.0137 	EXP 	text: autoDraw = False
937.0313 	EXP 	text: text = 'Total points : 374.7'
944.0874 	EXP 	text: text = 'Press and hold [SPACE] to report the duration of the stimulus'
944.0874 	EXP 	text: autoDraw = True
945.0690 	DATA 	Keypress: space
945.0700 	EXP 	text: autoDraw = False
945.6994 	WARNING 	Stopping key buffers but this could be dangerous ifother keyboards rely on the same.
945.7147 	EXP 	text: text = 'You earned 7.9 out of 10 points in this round.\n\n Press [SPACE] to advance'
945.7147 	EXP 	text: autoDraw = True
953.9650 	DATA 	Keypress: space
953.9662 	EXP 	text: autoDraw = False
953.9813 	EXP 	text: text = 'Total points : 382.6'
962.5480 	EXP 	text: text = 'Press and hold [SPACE] to report the duration of the stimulus'
962.5480 	EXP 	text: autoDraw = True
963.3651 	DATA 	Keypress: space
963.3662 	EXP 	text: autoDraw = False
964.3634 	WARNING 	Stopping key buffers but this could be dangerous ifother keyboards rely on the same.
964.3813 	EXP 	text: text = 'You earned 7.8 out of 10 points in this round.\n\n Press [SPACE] to advance'
964.3813 	EXP 	text: autoDraw = True
966.3810 	DATA 	Keypress: space
966.3821 	EXP 	text: autoDraw = False
966.3980 	EXP 	text: text = 'Total points : 390.4'
974.6548 	EXP 	text: text = 'Press and hold [SPACE] to report the duration of the stimulus'
974.6548 	EXP 	text: autoDraw = True
975.6450 	DATA 	Keypress: space
975.6461 	EXP 	text: autoDraw = False
976.4035 	WARNING 	Stopping key buffers but this could be dangerous ifother keyboards rely on the same.
976.4166 	EXP 	text: text = 'You earned 5.6 out of 10 points in this round.\n\n Press [SPACE] to advance'
976.4166 	EXP 	text: autoDraw = True
977.3568 	DATA 	Keypress: space
977.3578 	EXP 	text: autoDraw = False
977.3646 	EXP 	text: text = 'Total points : 396.0'
984.7049 	EXP 	text: text = 'Press and hold [SPACE] to report the duration of the stimulus'
984.7049 	EXP 	text: autoDraw = True
985.4371 	DATA 	Keypress: space
985.4380 	EXP 	text: autoDraw = False
986.2594 	WARNING 	Stopping key buffers but this could be dangerous ifother keyboards rely on the same.
986.2726 	EXP 	text: text = 'You earned 10.0 out of 10 points in this round.\n\n Press [SPACE] to advance'
986.2726 	EXP 	text: autoDraw = True
987.5969 	DATA 	Keypress: space
987.5979 	EXP 	text: autoDraw = False
987.6147 	EXP 	text: text = 'Total points : 406.0'
995.5549 	EXP 	text: text = 'Press and hold [SPACE] to report the duration of the stimulus'
995.5549 	EXP 	text: autoDraw = True
996.1810 	DATA 	Keypress: space
996.1821 	EXP 	text: autoDraw = False
996.9394 	WARNING 	Stopping key buffers but this could be dangerous ifother keyboards rely on the same.
996.9525 	EXP 	text: text = 'You earned 6.5 out of 10 points in this round.\n\n Press [SPACE] to advance'
996.9525 	EXP 	text: autoDraw = True
997.8849 	DATA 	Keypress: space
997.8859 	EXP 	text: autoDraw = False
997.8980 	EXP 	text: text = 'Total points : 412.5'
1004.9548 	EXP 	text: text = 'Press and hold [SPACE] to report the duration of the stimulus'
1004.9548 	EXP 	text: autoDraw = True
1005.7890 	DATA 	Keypress: space
1005.7901 	EXP 	text: autoDraw = False
1006.4514 	WARNING 	Stopping key buffers but this could be dangerous ifother keyboards rely on the same.
1006.4645 	EXP 	text: text = 'You earned 8.4 out of 10 points in this round.\n\n Press [SPACE] to advance'
1006.4645 	EXP 	text: autoDraw = True
1007.2689 	DATA 	Keypress: space
1007.2698 	EXP 	text: autoDraw = False
1007.2813 	EXP 	text: text = 'Total points : 420.9'
1014.9647 	EXP 	text: text = 'Press and hold [SPACE] to report the duration of the stimulus'
1014.9647 	EXP 	text: autoDraw = True
1015.9091 	DATA 	Keypress: space
1015.9102 	EXP 	text: autoDraw = False
1016.6034 	WARNING 	Stopping key buffers but this could be dangerous ifother keyboards rely on the same.
1016.6165 	EXP 	text: text = 'You earned 6.7 out of 10 points in this round.\n\n Press [SPACE] to advance'
1016.6165 	EXP 	text: autoDraw = True
1017.7729 	DATA 	Keypress: space
1017.7739 	EXP 	text: autoDraw = False
1017.7813 	EXP 	text: text = 'Total points : 427.6'
1027.3222 	EXP 	text: text = 'Press and hold [SPACE] to report the duration of the stimulus'
1027.3222 	EXP 	text: autoDraw = True
1028.0612 	DATA 	Keypress: space
1028.0623 	EXP 	text: autoDraw = False
1029.2914 	WARNING 	Stopping key buffers but this could be dangerous ifother keyboards rely on the same.
1029.3045 	EXP 	text: text = 'You earned 7.5 out of 10 points in this round.\n\n Press [SPACE] to advance'
1029.3045 	EXP 	text: autoDraw = True
1030.1489 	DATA 	Keypress: space
1030.1498 	EXP 	text: autoDraw = False
1030.1646 	EXP 	text: text = 'Total points : 435.1'
1039.2217 	EXP 	text: text = 'Press and hold [SPACE] to report the duration of the stimulus'
1039.2217 	EXP 	text: autoDraw = True
1040.2049 	DATA 	Keypress: space
1040.2059 	EXP 	text: autoDraw = False
1041.2515 	WARNING 	Stopping key buffers but this could be dangerous ifother keyboards rely on the same.
1041.2644 	EXP 	text: text = 'You earned 6.7 out of 10 points in this round.\n\n Press [SPACE] to advance'
1041.2644 	EXP 	text: autoDraw = True
1042.2769 	DATA 	Keypress: space
1042.2778 	EXP 	text: autoDraw = False
1042.2833 	EXP 	text: text = 'Total points : 441.8'
1052.4213 	EXP 	text: text = 'Press and hold [SPACE] to report the duration of the stimulus'
1052.4213 	EXP 	text: autoDraw = True
1053.2291 	DATA 	Keypress: space
1053.2302 	EXP 	text: autoDraw = False
1054.4354 	WARNING 	Stopping key buffers but this could be dangerous ifother keyboards rely on the same.
1054.4485 	EXP 	text: text = 'You earned 5.3 out of 10 points in this round.\n\n Press [SPACE] to advance'
1054.4485 	EXP 	text: autoDraw = True
1055.4130 	DATA 	Keypress: space
1055.4139 	EXP 	text: autoDraw = False
1055.4313 	EXP 	text: text = 'Total points : 447.1'
1064.4879 	EXP 	text: text = 'Press and hold [SPACE] to report the duration of the stimulus'
1064.4879 	EXP 	text: autoDraw = True
1065.3571 	DATA 	Keypress: space
1065.3582 	EXP 	text: autoDraw = False
1066.2994 	WARNING 	Stopping key buffers but this could be dangerous ifother keyboards rely on the same.
1066.3147 	EXP 	text: text = 'You earned 5.4 out of 10 points in this round.\n\n Press [SPACE] to advance'
1066.3147 	EXP 	text: autoDraw = True
1067.3489 	DATA 	Keypress: space
1067.3499 	EXP 	text: autoDraw = False
1067.3647 	EXP 	text: text = 'Total points : 452.5'
1074.7314 	EXP 	text: text = 'Press and hold [SPACE] to report the duration of the stimulus'
1074.7314 	EXP 	text: autoDraw = True
1075.6451 	DATA 	Keypress: space
1075.6460 	EXP 	text: autoDraw = False
1076.2834 	WARNING 	Stopping key buffers but this could be dangerous ifother keyboards rely on the same.
1076.2980 	EXP 	text: text = 'You earned 6.9 out of 10 points in this round.\n\n Press [SPACE] to advance'
1076.2980 	EXP 	text: autoDraw = True
1077.4050 	DATA 	Keypress: space
1077.4060 	EXP 	text: autoDraw = False
1077.4147 	EXP 	text: text = 'Total points : 459.4'
1084.4711 	EXP 	text: text = 'Press and hold [SPACE] to report the duration of the stimulus'
1084.4711 	EXP 	text: autoDraw = True
1085.1171 	DATA 	Keypress: space
1085.1182 	EXP 	text: autoDraw = False
1085.8834 	WARNING 	Stopping key buffers but this could be dangerous ifother keyboards rely on the same.
1085.8948 	EXP 	text: text = 'Total points : 459.4'
1085.8948 	EXP 	text: text = 'Your response exceeded the actual time.\n\n Press [SPACE] to advance'
1085.8948 	EXP 	text: autoDraw = True
1086.5809 	DATA 	Keypress: space
1086.5819 	EXP 	text: autoDraw = False
1096.1549 	EXP 	text: text = 'Press and hold [SPACE] to report the duration of the stimulus'
1096.1549 	EXP 	text: autoDraw = True
1097.0449 	DATA 	Keypress: space
1097.0459 	EXP 	text: autoDraw = False
1098.2114 	WARNING 	Stopping key buffers but this could be dangerous ifother keyboards rely on the same.
1098.2313 	EXP 	text: text = 'You earned 6.6 out of 10 points in this round.\n\n Press [SPACE] to advance'
1098.2313 	EXP 	text: autoDraw = True
1099.1248 	DATA 	Keypress: space
1099.1259 	EXP 	text: autoDraw = False
1099.1314 	EXP 	text: text = 'Total points : 466.0'
1108.6706 	EXP 	text: text = 'Press and hold [SPACE] to report the duration of the stimulus'
1108.6706 	EXP 	text: autoDraw = True
1109.6769 	DATA 	Keypress: space
1109.6779 	EXP 	text: autoDraw = False
1110.7714 	WARNING 	Stopping key buffers but this could be dangerous ifother keyboards rely on the same.
1110.7844 	EXP 	text: text = 'You earned 5.7 out of 10 points in this round.\n\n Press [SPACE] to advance'
1110.7844 	EXP 	text: autoDraw = True
1111.7249 	DATA 	Keypress: space
1111.7258 	EXP 	text: autoDraw = False
1111.7311 	EXP 	text: text = 'Total points : 471.7'
1120.2980 	EXP 	text: text = 'Press and hold [SPACE] to report the duration of the stimulus'
1120.2980 	EXP 	text: autoDraw = True
1120.9331 	DATA 	Keypress: space
1120.9342 	EXP 	text: autoDraw = False
1121.9634 	WARNING 	Stopping key buffers but this could be dangerous ifother keyboards rely on the same.
1121.9813 	EXP 	text: text = 'You earned 8.3 out of 10 points in this round.\n\n Press [SPACE] to advance'
1121.9813 	EXP 	text: autoDraw = True
1122.8768 	DATA 	Keypress: space
1122.8777 	EXP 	text: autoDraw = False
1122.8830 	EXP 	text: text = 'Total points : 480.0'
1131.4217 	EXP 	text: text = 'Press and hold [SPACE] to report the duration of the stimulus'
1131.4217 	EXP 	text: autoDraw = True
1132.0370 	DATA 	Keypress: space
1132.0381 	EXP 	text: autoDraw = False
1133.0354 	WARNING 	Stopping key buffers but this could be dangerous ifother keyboards rely on the same.
1133.0484 	EXP 	text: text = 'You earned 7.8 out of 10 points in this round.\n\n Press [SPACE] to advance'
1133.0484 	EXP 	text: autoDraw = True
1134.0849 	DATA 	Keypress: space
1134.0859 	EXP 	text: autoDraw = False
1134.0980 	EXP 	text: text = 'Total points : 487.8'
1141.4377 	EXP 	text: text = 'Press and hold [SPACE] to report the duration of the stimulus'
1141.4377 	EXP 	text: autoDraw = True
1142.3250 	DATA 	Keypress: space
1142.3260 	EXP 	text: autoDraw = False
1143.0674 	WARNING 	Stopping key buffers but this could be dangerous ifother keyboards rely on the same.
1143.0813 	EXP 	text: text = 'You earned 8.5 out of 10 points in this round.\n\n Press [SPACE] to advance'
1143.0813 	EXP 	text: autoDraw = True
1143.9409 	DATA 	Keypress: space
1143.9420 	EXP 	text: autoDraw = False
1143.9479 	EXP 	text: text = 'Total points : 496.3'
1154.1146 	EXP 	text: text = 'Press and hold [SPACE] to report the duration of the stimulus'
1154.1146 	EXP 	text: autoDraw = True
1154.7891 	DATA 	Keypress: space
1154.7901 	EXP 	text: autoDraw = False
1156.3794 	WARNING 	Stopping key buffers but this could be dangerous ifother keyboards rely on the same.
1156.3908 	EXP 	text: text = 'Total points : 496.3'
1156.3908 	EXP 	text: text = 'Your response exceeded the actual time.\n\n Press [SPACE] to advance'
1156.3908 	EXP 	text: autoDraw = True
1157.1408 	DATA 	Keypress: space
1157.1418 	EXP 	text: autoDraw = False
1167.0215 	EXP 	text: text = 'Press and hold [SPACE] to report the duration of the stimulus'
1167.0215 	EXP 	text: autoDraw = True
1167.7090 	DATA 	Keypress: space
1167.7101 	EXP 	text: autoDraw = False
1168.8994 	WARNING 	Stopping key buffers but this could be dangerous ifother keyboards rely on the same.
1168.9147 	EXP 	text: text = 'You earned 6.0 out of 10 points in this round.\n\n Press [SPACE] to advance'
1168.9147 	EXP 	text: autoDraw = True
1170.0449 	DATA 	Keypress: space
1170.0460 	EXP 	text: autoDraw = False
1170.0513 	EXP 	text: text = 'Total points : 502.3'
1177.9879 	EXP 	text: text = 'Press and hold [SPACE] to report the duration of the stimulus'
1177.9879 	EXP 	text: autoDraw = True
1178.8131 	DATA 	Keypress: space
1178.8141 	EXP 	text: autoDraw = False
1179.6034 	WARNING 	Stopping key buffers but this could be dangerous ifother keyboards rely on the same.
1179.6165 	EXP 	text: text = 'You earned 6.9 out of 10 points in this round.\n\n Press [SPACE] to advance'
1179.6165 	EXP 	text: autoDraw = True
1180.8208 	DATA 	Keypress: space
1180.8218 	EXP 	text: autoDraw = False
1180.8313 	EXP 	text: text = 'Total points : 509.2'
1188.7980 	EXP 	text: text = 'Press and hold [SPACE] to report the duration of the stimulus'
1188.7980 	EXP 	text: autoDraw = True
1189.4851 	DATA 	Keypress: space
1189.4862 	EXP 	text: autoDraw = False
1190.6275 	WARNING 	Stopping key buffers but this could be dangerous ifother keyboards rely on the same.
1190.6389 	EXP 	text: text = 'Total points : 509.2'
1190.6389 	EXP 	text: text = 'Your response exceeded the actual time.\n\n Press [SPACE] to advance'
1190.6389 	EXP 	text: autoDraw = True
1191.3809 	DATA 	Keypress: space
1191.3818 	EXP 	text: autoDraw = False
1199.0716 	EXP 	text: text = 'Press and hold [SPACE] to report the duration of the stimulus'
1199.0716 	EXP 	text: autoDraw = True
1199.8610 	DATA 	Keypress: space
1199.8621 	EXP 	text: autoDraw = False
1200.6754 	WARNING 	Stopping key buffers but this could be dangerous ifother keyboards rely on the same.
1200.6883 	EXP 	text: text = 'You earned 8.5 out of 10 points in this round.\n\n Press [SPACE] to advance'
1200.6883 	EXP 	text: autoDraw = True
1201.7249 	DATA 	Keypress: space
1201.7259 	EXP 	text: autoDraw = False
1201.7312 	EXP 	text: text = 'Total points : 517.7'
1209.0703 	EXP 	text: text = 'Press and hold [SPACE] to report the duration of the stimulus'
1209.0703 	EXP 	text: autoDraw = True
1209.6691 	DATA 	Keypress: space
1209.6702 	EXP 	text: autoDraw = False
1210.6194 	WARNING 	Stopping key buffers but this could be dangerous ifother keyboards rely on the same.
1210.6309 	EXP 	text: text = 'Total points : 517.7'
1210.6309 	EXP 	text: text = 'Your response exceeded the actual time.\n\n Press [SPACE] to advance'
1210.6309 	EXP 	text: autoDraw = True
1211.5009 	DATA 	Keypress: space
1211.5018 	EXP 	text: autoDraw = False
1218.8980 	EXP 	text: text = 'Press and hold [SPACE] to report the duration of the stimulus'
1218.8980 	EXP 	text: autoDraw = True
1219.5570 	DATA 	Keypress: space
1219.5581 	EXP 	text: autoDraw = False
1220.3234 	WARNING 	Stopping key buffers but this could be dangerous ifother keyboards rely on the same.
1220.3367 	EXP 	text: text = 'You earned 8.9 out of 10 points in this round.\n\n Press [SPACE] to advance'
1220.3367 	EXP 	text: autoDraw = True
1221.3171 	DATA 	Keypress: space
1221.3182 	EXP 	text: autoDraw = False
1221.3313 	EXP 	text: text = 'Total points : 526.6'
1231.4714 	EXP 	text: text = 'Press and hold [SPACE] to report the duration of the stimulus'
1231.4714 	EXP 	text: autoDraw = True
1232.2690 	DATA 	Keypress: space
1232.2700 	EXP 	text: autoDraw = False
1233.3634 	WARNING 	Stopping key buffers but this could be dangerous ifother keyboards rely on the same.
1233.3813 	EXP 	text: text = 'You earned 4.2 out of 10 points in this round.\n\n Press [SPACE] to advance'
1233.3813 	EXP 	text: autoDraw = True
1234.4688 	DATA 	Keypress: space
1234.4699 	EXP 	text: autoDraw = False
1234.4813 	EXP 	text: text = 'Total points : 530.8'
1243.5647 	EXP 	text: text = 'Press and hold [SPACE] to report the duration of the stimulus'
1243.5647 	EXP 	text: autoDraw = True
1244.2450 	DATA 	Keypress: space
1244.2461 	EXP 	text: autoDraw = False
1245.7954 	WARNING 	Stopping key buffers but this could be dangerous ifother keyboards rely on the same.
1245.8069 	EXP 	text: text = 'Total points : 530.8'
1245.8069 	EXP 	text: text = 'Your response exceeded the actual time.\n\n Press [SPACE] to advance'
1245.8069 	EXP 	text: autoDraw = True
1246.6289 	DATA 	Keypress: space
1246.6298 	EXP 	text: autoDraw = False
1256.5045 	EXP 	text: text = 'Press and hold [SPACE] to report the duration of the stimulus'
1256.5045 	EXP 	text: autoDraw = True
1256.9332 	DATA 	Keypress: space
1256.9342 	EXP 	text: autoDraw = False
1258.0194 	WARNING 	Stopping key buffers but this could be dangerous ifother keyboards rely on the same.
1258.0326 	EXP 	text: text = 'You earned 4.8 out of 10 points in this round.\n\n Press [SPACE] to advance'
1258.0326 	EXP 	text: autoDraw = True
1259.1249 	DATA 	Keypress: space
1259.1259 	EXP 	text: autoDraw = False
1259.1313 	EXP 	text: text = 'Total points : 535.6'
1266.7872 	EXP 	text: text = 'Press and hold [SPACE] to report the duration of the stimulus'
1266.7872 	EXP 	text: autoDraw = True
1267.7329 	DATA 	Keypress: space
1267.7340 	EXP 	text: autoDraw = False
1268.7074 	WARNING 	Stopping key buffers but this could be dangerous ifother keyboards rely on the same.
1268.7186 	EXP 	text: text = 'Total points : 535.6'
1268.7186 	EXP 	text: text = 'Your response exceeded the actual time.\n\n Press [SPACE] to advance'
1268.7186 	EXP 	text: autoDraw = True
1269.5648 	DATA 	Keypress: space
1269.5657 	EXP 	text: autoDraw = False
1277.8813 	EXP 	text: text = 'Press and hold [SPACE] to report the duration of the stimulus'
1277.8813 	EXP 	text: autoDraw = True
1278.4771 	DATA 	Keypress: space
1278.4781 	EXP 	text: autoDraw = False
1279.4594 	WARNING 	Stopping key buffers but this could be dangerous ifother keyboards rely on the same.
1279.4723 	EXP 	text: text = 'You earned 8.8 out of 10 points in this round.\n\n Press [SPACE] to advance'
1279.4723 	EXP 	text: autoDraw = True
1280.4609 	DATA 	Keypress: space
1280.4620 	EXP 	text: autoDraw = False
1280.4673 	EXP 	text: text = 'Total points : 544.4'
1289.0052 	EXP 	text: text = 'Press and hold [SPACE] to report the duration of the stimulus'
1289.0052 	EXP 	text: autoDraw = True
1289.9651 	DATA 	Keypress: space
1289.9662 	EXP 	text: autoDraw = False
1290.8114 	WARNING 	Stopping key buffers but this could be dangerous ifother keyboards rely on the same.
1290.8313 	EXP 	text: text = 'You earned 5.7 out of 10 points in this round.\n\n Press [SPACE] to advance'
1290.8313 	EXP 	text: autoDraw = True
1291.7889 	DATA 	Keypress: space
1291.7900 	EXP 	text: autoDraw = False
1291.7946 	INFO 	Finishing at 15:22 on 17 Oct 2019
1292.0587 	EXP 	window1: mouseVisible = True
