9.0940 	ERROR 	Screen apparently NOT the desired resolution of 3840x2160 pixels!!
14.7966 	WARNING 	User requested fullscreen with size [3840 2160], but screen is actually [1920, 1080]. Using actual size
15.3761 	INFO 	Successfully set darwin thread to realtime
16.4325 	INFO 	#[ PsychoPy3 RuntimeInfoStart ]
  #[[ PsychoPy ]] #---------
    psychopyVersion: 3.2.3
    psychopyHaveExtRush: True
  #[[ Experiment ]] #---------
    experimentRunTime: 2019_10_17 16:05 (Year_Month_Day Hour:Min)
    experimentRunTime.epoch: 1571342709
    experimentScript: Experiment 2.py
    experimentScript.digestSHA1: fe71705ab97eafb8e28311b91940a8d0e5f8437c
    experimentScript.directory: /Users/supadhy6/Documents/GitHub/spatio_temporal_information_processing/Time_Subjective_Expansion/Jon_Ian_collaboration
  #[[ System ]] #---------
    systemHaveInternetAccess: True
    systemHostName: pbs-cf-mini1.local
    systemLocale: C
    systemMemFreeRAM: 11112.7109375
    systemMemTotalRAM: 16384.0
    systemPlatform: darwin 10.12.6 x86_64
    systemPyoVersion: -
    systemRebooted: Oct 17 09:57
    systemSec.OpenSSLVersion: OpenSSL 0.9.8zh 14 Jan 2016
    systemSec.pythonSSL: True
    systemTimeNumpySD1000000_sec: 0.0058
    systemUser: supadhy6
    systemUserID: 1903061739
    systemUsersCount: 1
  #[[ Window ]] #---------
    windowWinType: pyglet
    windowUnits: deg
    windowSize_pix: [1920 1080]
    windowScreen: 0
    windowRgb: [255. 255. 255.]
    windowRefreshTimeSD_ms: 0.084
    windowRefreshTimeMedian_ms: 16.672
    windowRefreshTimeAvg_ms: 16.666
    windowPos_pix: [0.0, 0.0]
    windowMonitor.name: testmonitor
    windowMonitor.getWidth_cm: 56.0
    windowMonitor.getDistance_cm: 65.0
    windowMonitor.currentCalibName: 2019_09_24 12:00
    windowIsFullScr: True
  #[[ Python ]] #---------
    pythonVersion: 3.6.1
  #[[ OpenGL ]] #---------
#[ PsychoPy3 RuntimeInfoEnd ]

16.5268 	EXP 	Created text = TextStim(__class__=<class 'psychopy.visual.text.TextStim'>, alignHoriz='center', alignVert='center', antialias=True, autoLog=True, bold=False, color='black', colorSpace='named', contrast=1.0, depth=-1.0, flipHoriz=False, flipVert=False, font='Arial', fontFiles=[], height=0.35, italic=False, languageStyle='LTR', name='text', opacity=1.0, ori=0, pos=array([0., 0.]), rgb=array([0., 0., 0.]), text=str(...), units='deg', win=Window(...), wrapWidth=20)
16.5336 	EXP 	Created text = TextStim(__class__=<class 'psychopy.visual.text.TextStim'>, alignHoriz='center', alignVert='center', antialias=True, autoLog=True, bold=False, color='black', colorSpace='named', contrast=1.0, depth=-1.0, flipHoriz=False, flipVert=False, font='Arial', fontFiles=[], height=0.35, italic=False, languageStyle='LTR', name='text', opacity=1.0, ori=0, pos=array([5., 5.]), rgb=array([0., 0., 0.]), text='Total points : 0', units='deg', win=Window(...), wrapWidth=20)
16.6062 	EXP 	text: text = 'Welcome! Thank you for agreeing to participate in this study.\n\nIn this study, we want to examine your ability to perceive duration — how long something lasts.\n\nThe task is simple. In each trial, you will see a disc appear on the screen and then disappear. There will be four such disks. We want you to pay attention to how long the last disc lasts. Get a sense of its duration.\n\nThe fourth disk could be either the same / different type depending on the trial. After the fourth disc disappears it will be your turn to report its duration. Press and hold down the spacebar. \n\nPress any key to continue to the next page. \n\n'
16.6062 	EXP 	text: autoDraw = True
42.1620 	DATA 	Keypress: space
42.1630 	EXP 	text: autoDraw = False
42.2383 	EXP 	text: text = "We really want you to be as accurate as you can. So a game will be played to make it more fun. We want you to hold down the space bar for as long as you saw the last disc lasted, but no longer! The closer you get to the right answer, the more points we will award you in that trial. But if you go over the actual duration you won't get any points on that trial. So you need to be as accurate as possible without going over to earn the max. Each trial will be for 10 points. There are about 100 trials. If you collect a total of 600 points by the end, we will double the credit you get for the experiment.\n\nIf you're feeling uncomfortable, you can press ESC key any time to stop the experiment.\n\nPress any key you are ready to do some practice trials.\n\n"
42.2383 	EXP 	text: autoDraw = True
87.1763 	DATA 	Keypress: space
87.1772 	EXP 	text: autoDraw = False
87.1816 	EXP 	text: autoDraw = True
90.5204 	DATA 	Keypress: space
94.3329 	EXP 	text: text = 'Press and hold [SPACE] to report the duration of the stimulus'
94.3329 	EXP 	text: autoDraw = True
97.6880 	DATA 	Keypress: space
97.6890 	EXP 	text: autoDraw = False
97.9744 	WARNING 	Stopping key buffers but this could be dangerous ifother keyboards rely on the same.
97.9888 	EXP 	text: text = 'You earned 4.0 out of 10 points in this round.\n\n Press [SPACE] to advance'
97.9888 	EXP 	text: autoDraw = True
100.6239 	DATA 	Keypress: space
100.6250 	EXP 	text: autoDraw = False
100.6316 	EXP 	text: text = 'Total points : 4.0'
108.4888 	EXP 	text: text = 'Press and hold [SPACE] to report the duration of the stimulus'
108.4888 	EXP 	text: autoDraw = True
109.8320 	DATA 	Keypress: space
109.8331 	EXP 	text: autoDraw = False
110.3264 	WARNING 	Stopping key buffers but this could be dangerous ifother keyboards rely on the same.
110.3382 	EXP 	text: text = 'You earned 4.0 out of 10 points in this round.\n\n Press [SPACE] to advance'
110.3382 	EXP 	text: autoDraw = True
112.0719 	DATA 	Keypress: space
112.0730 	EXP 	text: autoDraw = False
112.0817 	EXP 	text: text = 'Total points : 8.0'
121.1650 	EXP 	text: text = 'Press and hold [SPACE] to report the duration of the stimulus'
121.1650 	EXP 	text: autoDraw = True
122.5840 	DATA 	Keypress: space
122.5850 	EXP 	text: autoDraw = False
123.1504 	WARNING 	Stopping key buffers but this could be dangerous ifother keyboards rely on the same.
123.1653 	EXP 	text: text = 'You earned 2.6 out of 10 points in this round.\n\n Press [SPACE] to advance'
123.1653 	EXP 	text: autoDraw = True
129.0720 	DATA 	Keypress: space
129.0731 	EXP 	text: autoDraw = False
129.0909 	EXP 	text: text = 'Total points : 10.6'
129.0909 	EXP 	text: text = 'Total points : 0'
129.0909 	EXP 	text: text = 'Great! Now press any key to begin the experiment'
129.0909 	EXP 	text: autoDraw = True
130.6559 	DATA 	Keypress: space
130.6570 	EXP 	text: autoDraw = False
139.7483 	EXP 	text: text = 'Press and hold [SPACE] to report the duration of the stimulus'
139.7483 	EXP 	text: autoDraw = True
141.2399 	DATA 	Keypress: space
141.2411 	EXP 	text: autoDraw = False
141.7824 	WARNING 	Stopping key buffers but this could be dangerous ifother keyboards rely on the same.
141.7983 	EXP 	text: text = 'You earned 2.4 out of 10 points in this round.\n\n Press [SPACE] to advance'
141.7983 	EXP 	text: autoDraw = True
142.9439 	DATA 	Keypress: space
142.9450 	EXP 	text: autoDraw = False
142.9500 	EXP 	text: text = 'Total points : 2.4'
152.4884 	EXP 	text: text = 'Press and hold [SPACE] to report the duration of the stimulus'
152.4884 	EXP 	text: autoDraw = True
153.5839 	DATA 	Keypress: space
153.5851 	EXP 	text: autoDraw = False
154.1424 	WARNING 	Stopping key buffers but this could be dangerous ifother keyboards rely on the same.
154.1557 	EXP 	text: text = 'You earned 2.0 out of 10 points in this round.\n\n Press [SPACE] to advance'
154.1557 	EXP 	text: autoDraw = True
155.3440 	DATA 	Keypress: space
155.3450 	EXP 	text: autoDraw = False
155.3501 	EXP 	text: text = 'Total points : 4.4'
162.4317 	EXP 	text: text = 'Press and hold [SPACE] to report the duration of the stimulus'
162.4317 	EXP 	text: autoDraw = True
164.0721 	DATA 	Keypress: space
164.0732 	EXP 	text: autoDraw = False
164.3664 	WARNING 	Stopping key buffers but this could be dangerous ifother keyboards rely on the same.
164.3817 	EXP 	text: text = 'You earned 4.0 out of 10 points in this round.\n\n Press [SPACE] to advance'
164.3817 	EXP 	text: autoDraw = True
165.2880 	DATA 	Keypress: space
165.2890 	EXP 	text: autoDraw = False
165.2983 	EXP 	text: text = 'Total points : 8.4'
174.3540 	EXP 	text: text = 'Press and hold [SPACE] to report the duration of the stimulus'
174.3540 	EXP 	text: autoDraw = True
175.3360 	DATA 	Keypress: space
175.3370 	EXP 	text: autoDraw = False
176.2624 	WARNING 	Stopping key buffers but this could be dangerous ifother keyboards rely on the same.
176.2817 	EXP 	text: text = 'You earned 5.3 out of 10 points in this round.\n\n Press [SPACE] to advance'
176.2817 	EXP 	text: autoDraw = True
177.3599 	DATA 	Keypress: space
177.3611 	EXP 	text: autoDraw = False
177.3673 	EXP 	text: text = 'Total points : 13.7'
184.4212 	EXP 	text: text = 'Press and hold [SPACE] to report the duration of the stimulus'
184.4212 	EXP 	text: autoDraw = True
185.7281 	DATA 	Keypress: space
185.7291 	EXP 	text: autoDraw = False
186.0464 	WARNING 	Stopping key buffers but this could be dangerous ifother keyboards rely on the same.
186.0650 	EXP 	text: text = 'You earned 4.2 out of 10 points in this round.\n\n Press [SPACE] to advance'
186.0650 	EXP 	text: autoDraw = True
187.0399 	DATA 	Keypress: space
187.0410 	EXP 	text: autoDraw = False
187.0483 	EXP 	text: text = 'Total points : 17.9'
194.9878 	EXP 	text: text = 'Press and hold [SPACE] to report the duration of the stimulus'
194.9878 	EXP 	text: autoDraw = True
196.0720 	DATA 	Keypress: space
196.0731 	EXP 	text: autoDraw = False
196.8624 	WARNING 	Stopping key buffers but this could be dangerous ifother keyboards rely on the same.
196.8816 	EXP 	text: text = 'You earned 6.9 out of 10 points in this round.\n\n Press [SPACE] to advance'
196.8816 	EXP 	text: autoDraw = True
197.7679 	DATA 	Keypress: space
197.7688 	EXP 	text: autoDraw = False
197.8338 	EXP 	text: text = 'Total points : 24.8'
204.9150 	EXP 	text: text = 'Press and hold [SPACE] to report the duration of the stimulus'
204.9150 	EXP 	text: autoDraw = True
206.5441 	DATA 	Keypress: space
206.5451 	EXP 	text: autoDraw = False
206.9983 	WARNING 	Stopping key buffers but this could be dangerous ifother keyboards rely on the same.
207.0149 	EXP 	text: text = 'You earned 5.6 out of 10 points in this round.\n\n Press [SPACE] to advance'
207.0149 	EXP 	text: autoDraw = True
207.7839 	DATA 	Keypress: space
207.7849 	EXP 	text: autoDraw = False
207.7983 	EXP 	text: text = 'Total points : 30.4'
215.1370 	EXP 	text: text = 'Press and hold [SPACE] to report the duration of the stimulus'
215.1370 	EXP 	text: autoDraw = True
216.1281 	DATA 	Keypress: space
216.1291 	EXP 	text: autoDraw = False
216.7264 	WARNING 	Stopping key buffers but this could be dangerous ifother keyboards rely on the same.
216.7394 	EXP 	text: text = 'You earned 6.4 out of 10 points in this round.\n\n Press [SPACE] to advance'
216.7394 	EXP 	text: autoDraw = True
217.5359 	DATA 	Keypress: space
217.5370 	EXP 	text: autoDraw = False
217.5483 	EXP 	text: text = 'Total points : 36.8'
227.7149 	EXP 	text: text = 'Press and hold [SPACE] to report the duration of the stimulus'
227.7149 	EXP 	text: autoDraw = True
228.7441 	DATA 	Keypress: space
228.7451 	EXP 	text: autoDraw = False
229.7184 	WARNING 	Stopping key buffers but this could be dangerous ifother keyboards rely on the same.
229.7321 	EXP 	text: text = 'You earned 3.3 out of 10 points in this round.\n\n Press [SPACE] to advance'
229.7321 	EXP 	text: autoDraw = True
231.3360 	DATA 	Keypress: space
231.3371 	EXP 	text: autoDraw = False
231.3483 	EXP 	text: text = 'Total points : 40.1'
241.4878 	EXP 	text: text = 'Press and hold [SPACE] to report the duration of the stimulus'
241.4878 	EXP 	text: autoDraw = True
242.7600 	DATA 	Keypress: space
242.7611 	EXP 	text: autoDraw = False
244.1184 	WARNING 	Stopping key buffers but this could be dangerous ifother keyboards rely on the same.
244.1315 	EXP 	text: text = 'You earned 7.2 out of 10 points in this round.\n\n Press [SPACE] to advance'
244.1315 	EXP 	text: autoDraw = True
245.0478 	DATA 	Keypress: space
245.0489 	EXP 	text: autoDraw = False
245.0650 	EXP 	text: text = 'Total points : 47.3'
252.7221 	EXP 	text: text = 'Press and hold [SPACE] to report the duration of the stimulus'
252.7221 	EXP 	text: autoDraw = True
253.6881 	DATA 	Keypress: space
253.6892 	EXP 	text: autoDraw = False
254.3584 	WARNING 	Stopping key buffers but this could be dangerous ifother keyboards rely on the same.
254.3714 	EXP 	text: text = 'You earned 6.3 out of 10 points in this round.\n\n Press [SPACE] to advance'
254.3714 	EXP 	text: autoDraw = True
255.1199 	DATA 	Keypress: space
255.1209 	EXP 	text: autoDraw = False
255.1316 	EXP 	text: text = 'Total points : 53.6'
263.6723 	EXP 	text: text = 'Press and hold [SPACE] to report the duration of the stimulus'
263.6723 	EXP 	text: autoDraw = True
264.7761 	DATA 	Keypress: space
264.7771 	EXP 	text: autoDraw = False
265.7505 	WARNING 	Stopping key buffers but this could be dangerous ifother keyboards rely on the same.
265.7650 	EXP 	text: text = 'You earned 7.4 out of 10 points in this round.\n\n Press [SPACE] to advance'
265.7650 	EXP 	text: autoDraw = True
266.5359 	DATA 	Keypress: space
266.5368 	EXP 	text: autoDraw = False
266.5483 	EXP 	text: text = 'Total points : 61.0'
275.1150 	EXP 	text: text = 'Press and hold [SPACE] to report the duration of the stimulus'
275.1150 	EXP 	text: autoDraw = True
276.3281 	DATA 	Keypress: space
276.3291 	EXP 	text: autoDraw = False
277.3264 	WARNING 	Stopping key buffers but this could be dangerous ifother keyboards rely on the same.
277.3401 	EXP 	text: text = 'You earned 7.8 out of 10 points in this round.\n\n Press [SPACE] to advance'
277.3401 	EXP 	text: autoDraw = True
277.9999 	DATA 	Keypress: space
278.0010 	EXP 	text: autoDraw = False
278.0150 	EXP 	text: text = 'Total points : 68.8'
287.5816 	EXP 	text: text = 'Press and hold [SPACE] to report the duration of the stimulus'
287.5816 	EXP 	text: autoDraw = True
289.1200 	DATA 	Keypress: space
289.1210 	EXP 	text: autoDraw = False
290.1664 	WARNING 	Stopping key buffers but this could be dangerous ifother keyboards rely on the same.
290.1816 	EXP 	text: text = 'You earned 5.2 out of 10 points in this round.\n\n Press [SPACE] to advance'
290.1816 	EXP 	text: autoDraw = True
291.0159 	DATA 	Keypress: space
291.0169 	EXP 	text: autoDraw = False
291.0316 	EXP 	text: text = 'Total points : 74.0'
298.9713 	EXP 	text: text = 'Press and hold [SPACE] to report the duration of the stimulus'
298.9713 	EXP 	text: autoDraw = True
300.3520 	DATA 	Keypress: space
300.3532 	EXP 	text: autoDraw = False
301.4465 	WARNING 	Stopping key buffers but this could be dangerous ifother keyboards rely on the same.
301.4582 	EXP 	text: text = 'Total points : 74.0'
301.4582 	EXP 	text: text = 'Your response exceeded the actual time.\n\n Press [SPACE] to advance'
301.4582 	EXP 	text: autoDraw = True
302.6639 	DATA 	Keypress: space
302.6650 	EXP 	text: autoDraw = False
310.6389 	EXP 	text: text = 'Press and hold [SPACE] to report the duration of the stimulus'
310.6389 	EXP 	text: autoDraw = True
312.0561 	DATA 	Keypress: space
312.0571 	EXP 	text: autoDraw = False
312.7504 	WARNING 	Stopping key buffers but this could be dangerous ifother keyboards rely on the same.
312.7650 	EXP 	text: text = 'You earned 5.7 out of 10 points in this round.\n\n Press [SPACE] to advance'
312.7650 	EXP 	text: autoDraw = True
313.7519 	DATA 	Keypress: space
313.7530 	EXP 	text: autoDraw = False
313.7650 	EXP 	text: text = 'Total points : 79.7'
321.1316 	EXP 	text: text = 'Press and hold [SPACE] to report the duration of the stimulus'
321.1316 	EXP 	text: autoDraw = True
322.3041 	DATA 	Keypress: space
322.3053 	EXP 	text: autoDraw = False
323.1184 	WARNING 	Stopping key buffers but this could be dangerous ifother keyboards rely on the same.
323.1366 	EXP 	text: text = 'You earned 9.8 out of 10 points in this round.\n\n Press [SPACE] to advance'
323.1366 	EXP 	text: autoDraw = True
323.9039 	DATA 	Keypress: space
323.9048 	EXP 	text: autoDraw = False
323.9150 	EXP 	text: text = 'Total points : 89.5'
332.4548 	EXP 	text: text = 'Press and hold [SPACE] to report the duration of the stimulus'
332.4548 	EXP 	text: autoDraw = True
333.7042 	DATA 	Keypress: space
333.7053 	EXP 	text: autoDraw = False
334.8224 	WARNING 	Stopping key buffers but this could be dangerous ifother keyboards rely on the same.
334.8355 	EXP 	text: text = 'You earned 9.9 out of 10 points in this round.\n\n Press [SPACE] to advance'
334.8355 	EXP 	text: autoDraw = True
335.5518 	DATA 	Keypress: space
335.5528 	EXP 	text: autoDraw = False
335.5650 	EXP 	text: text = 'Total points : 99.4'
345.1051 	EXP 	text: text = 'Press and hold [SPACE] to report the duration of the stimulus'
345.1051 	EXP 	text: autoDraw = True
346.1920 	DATA 	Keypress: space
346.1931 	EXP 	text: autoDraw = False
347.2225 	WARNING 	Stopping key buffers but this could be dangerous ifother keyboards rely on the same.
347.2356 	EXP 	text: text = 'You earned 5.0 out of 10 points in this round.\n\n Press [SPACE] to advance'
347.2356 	EXP 	text: autoDraw = True
348.0159 	DATA 	Keypress: space
348.0168 	EXP 	text: autoDraw = False
348.0316 	EXP 	text: text = 'Total points : 104.4'
357.0878 	EXP 	text: text = 'Press and hold [SPACE] to report the duration of the stimulus'
357.0878 	EXP 	text: autoDraw = True
358.0320 	DATA 	Keypress: space
358.0331 	EXP 	text: autoDraw = False
359.2784 	WARNING 	Stopping key buffers but this could be dangerous ifother keyboards rely on the same.
359.2983 	EXP 	text: text = 'You earned 10.0 out of 10 points in this round.\n\n Press [SPACE] to advance'
359.2983 	EXP 	text: autoDraw = True
360.1759 	DATA 	Keypress: space
360.1770 	EXP 	text: autoDraw = False
360.1829 	EXP 	text: text = 'Total points : 114.4'
368.7215 	EXP 	text: text = 'Press and hold [SPACE] to report the duration of the stimulus'
368.7215 	EXP 	text: autoDraw = True
370.0401 	DATA 	Keypress: space
370.0411 	EXP 	text: autoDraw = False
371.0144 	WARNING 	Stopping key buffers but this could be dangerous ifother keyboards rely on the same.
371.0316 	EXP 	text: text = 'You earned 7.4 out of 10 points in this round.\n\n Press [SPACE] to advance'
371.0316 	EXP 	text: autoDraw = True
371.7679 	DATA 	Keypress: space
371.7690 	EXP 	text: autoDraw = False
371.7816 	EXP 	text: text = 'Total points : 121.8'
380.8386 	EXP 	text: text = 'Press and hold [SPACE] to report the duration of the stimulus'
380.8386 	EXP 	text: autoDraw = True
381.8719 	DATA 	Keypress: space
381.8731 	EXP 	text: autoDraw = False
382.8945 	WARNING 	Stopping key buffers but this could be dangerous ifother keyboards rely on the same.
382.9078 	EXP 	text: text = 'You earned 6.4 out of 10 points in this round.\n\n Press [SPACE] to advance'
382.9078 	EXP 	text: autoDraw = True
383.6959 	DATA 	Keypress: space
383.6969 	EXP 	text: autoDraw = False
383.7023 	EXP 	text: text = 'Total points : 128.2'
393.5550 	EXP 	text: text = 'Press and hold [SPACE] to report the duration of the stimulus'
393.5550 	EXP 	text: autoDraw = True
394.6960 	DATA 	Keypress: space
394.6970 	EXP 	text: autoDraw = False
395.7665 	WARNING 	Stopping key buffers but this could be dangerous ifother keyboards rely on the same.
395.7816 	EXP 	text: text = 'You earned 4.7 out of 10 points in this round.\n\n Press [SPACE] to advance'
395.7816 	EXP 	text: autoDraw = True
396.6959 	DATA 	Keypress: space
396.6970 	EXP 	text: autoDraw = False
396.7022 	EXP 	text: text = 'Total points : 132.9'
405.2550 	EXP 	text: text = 'Press and hold [SPACE] to report the duration of the stimulus'
405.2550 	EXP 	text: autoDraw = True
406.3121 	DATA 	Keypress: space
406.3133 	EXP 	text: autoDraw = False
407.3104 	WARNING 	Stopping key buffers but this could be dangerous ifother keyboards rely on the same.
407.3236 	EXP 	text: text = 'You earned 7.8 out of 10 points in this round.\n\n Press [SPACE] to advance'
407.3236 	EXP 	text: autoDraw = True
408.0639 	DATA 	Keypress: space
408.0649 	EXP 	text: autoDraw = False
408.0817 	EXP 	text: text = 'Total points : 140.7'
415.1381 	EXP 	text: text = 'Press and hold [SPACE] to report the duration of the stimulus'
415.1381 	EXP 	text: autoDraw = True
416.2081 	DATA 	Keypress: space
416.2090 	EXP 	text: autoDraw = False
416.9184 	WARNING 	Stopping key buffers but this could be dangerous ifother keyboards rely on the same.
416.9314 	EXP 	text: text = 'You earned 9.3 out of 10 points in this round.\n\n Press [SPACE] to advance'
416.9314 	EXP 	text: autoDraw = True
417.7119 	DATA 	Keypress: space
417.7129 	EXP 	text: autoDraw = False
417.7185 	EXP 	text: text = 'Total points : 150.0'
426.7716 	EXP 	text: text = 'Press and hold [SPACE] to report the duration of the stimulus'
426.7716 	EXP 	text: autoDraw = True
428.0321 	DATA 	Keypress: space
428.0332 	EXP 	text: autoDraw = False
429.0224 	WARNING 	Stopping key buffers but this could be dangerous ifother keyboards rely on the same.
429.0356 	EXP 	text: text = 'You earned 6.0 out of 10 points in this round.\n\n Press [SPACE] to advance'
429.0356 	EXP 	text: autoDraw = True
429.8400 	DATA 	Keypress: space
429.8410 	EXP 	text: autoDraw = False
429.8483 	EXP 	text: text = 'Total points : 156.0'
439.7047 	EXP 	text: text = 'Press and hold [SPACE] to report the duration of the stimulus'
439.7047 	EXP 	text: autoDraw = True
440.8961 	DATA 	Keypress: space
440.8971 	EXP 	text: autoDraw = False
441.9824 	WARNING 	Stopping key buffers but this could be dangerous ifother keyboards rely on the same.
441.9983 	EXP 	text: text = 'You earned 4.8 out of 10 points in this round.\n\n Press [SPACE] to advance'
441.9983 	EXP 	text: autoDraw = True
443.2640 	DATA 	Keypress: space
443.2651 	EXP 	text: autoDraw = False
443.2816 	EXP 	text: text = 'Total points : 160.8'
451.8483 	EXP 	text: text = 'Press and hold [SPACE] to report the duration of the stimulus'
451.8483 	EXP 	text: autoDraw = True
453.3120 	DATA 	Keypress: space
453.3130 	EXP 	text: autoDraw = False
454.3744 	WARNING 	Stopping key buffers but this could be dangerous ifother keyboards rely on the same.
454.3876 	EXP 	text: text = 'You earned 8.9 out of 10 points in this round.\n\n Press [SPACE] to advance'
454.3876 	EXP 	text: autoDraw = True
455.1839 	DATA 	Keypress: space
455.1848 	EXP 	text: autoDraw = False
455.1982 	EXP 	text: text = 'Total points : 169.7'
463.1650 	EXP 	text: text = 'Press and hold [SPACE] to report the duration of the stimulus'
463.1650 	EXP 	text: autoDraw = True
464.2881 	DATA 	Keypress: space
464.2890 	EXP 	text: autoDraw = False
465.2464 	WARNING 	Stopping key buffers but this could be dangerous ifother keyboards rely on the same.
465.2650 	EXP 	text: text = 'You earned 9.7 out of 10 points in this round.\n\n Press [SPACE] to advance'
465.2650 	EXP 	text: autoDraw = True
466.0319 	DATA 	Keypress: space
466.0329 	EXP 	text: autoDraw = False
466.0483 	EXP 	text: text = 'Total points : 179.4'
473.7052 	EXP 	text: text = 'Press and hold [SPACE] to report the duration of the stimulus'
473.7052 	EXP 	text: autoDraw = True
474.6081 	DATA 	Keypress: space
474.6093 	EXP 	text: autoDraw = False
475.3744 	WARNING 	Stopping key buffers but this could be dangerous ifother keyboards rely on the same.
475.3885 	EXP 	text: text = 'You earned 7.7 out of 10 points in this round.\n\n Press [SPACE] to advance'
475.3885 	EXP 	text: autoDraw = True
476.1359 	DATA 	Keypress: space
476.1369 	EXP 	text: autoDraw = False
476.1483 	EXP 	text: text = 'Total points : 187.1'
484.4317 	EXP 	text: text = 'Press and hold [SPACE] to report the duration of the stimulus'
484.4317 	EXP 	text: autoDraw = True
485.6241 	DATA 	Keypress: space
485.6251 	EXP 	text: autoDraw = False
486.6064 	WARNING 	Stopping key buffers but this could be dangerous ifother keyboards rely on the same.
486.6194 	EXP 	text: text = 'You earned 8.8 out of 10 points in this round.\n\n Press [SPACE] to advance'
486.6194 	EXP 	text: autoDraw = True
487.2559 	DATA 	Keypress: space
487.2570 	EXP 	text: autoDraw = False
487.2650 	EXP 	text: text = 'Total points : 195.9'
496.3213 	EXP 	text: text = 'Press and hold [SPACE] to report the duration of the stimulus'
496.3213 	EXP 	text: autoDraw = True
497.3280 	DATA 	Keypress: space
497.3291 	EXP 	text: autoDraw = False
498.5745 	WARNING 	Stopping key buffers but this could be dangerous ifother keyboards rely on the same.
498.5881 	EXP 	text: text = 'You earned 10.0 out of 10 points in this round.\n\n Press [SPACE] to advance'
498.5881 	EXP 	text: autoDraw = True
499.2958 	DATA 	Keypress: space
499.2969 	EXP 	text: autoDraw = False
499.3022 	EXP 	text: text = 'Total points : 205.9'
506.9548 	EXP 	text: text = 'Press and hold [SPACE] to report the duration of the stimulus'
506.9548 	EXP 	text: autoDraw = True
507.9041 	DATA 	Keypress: space
507.9052 	EXP 	text: autoDraw = False
508.6704 	WARNING 	Stopping key buffers but this could be dangerous ifother keyboards rely on the same.
508.6835 	EXP 	text: text = 'You earned 7.7 out of 10 points in this round.\n\n Press [SPACE] to advance'
508.6835 	EXP 	text: autoDraw = True
509.4399 	DATA 	Keypress: space
509.4410 	EXP 	text: autoDraw = False
509.4483 	EXP 	text: text = 'Total points : 213.6'
516.8150 	EXP 	text: text = 'Press and hold [SPACE] to report the duration of the stimulus'
516.8150 	EXP 	text: autoDraw = True
517.6962 	DATA 	Keypress: space
517.6972 	EXP 	text: autoDraw = False
518.6544 	WARNING 	Stopping key buffers but this could be dangerous ifother keyboards rely on the same.
518.6659 	EXP 	text: text = 'Total points : 213.6'
518.6659 	EXP 	text: text = 'Your response exceeded the actual time.\n\n Press [SPACE] to advance'
518.6659 	EXP 	text: autoDraw = True
519.4559 	DATA 	Keypress: space
519.4570 	EXP 	text: autoDraw = False
527.4483 	EXP 	text: text = 'Press and hold [SPACE] to report the duration of the stimulus'
527.4483 	EXP 	text: autoDraw = True
528.3522 	DATA 	Keypress: space
528.3533 	EXP 	text: autoDraw = False
529.2384 	WARNING 	Stopping key buffers but this could be dangerous ifother keyboards rely on the same.
529.2516 	EXP 	text: text = 'You earned 8.4 out of 10 points in this round.\n\n Press [SPACE] to advance'
529.2516 	EXP 	text: autoDraw = True
529.8879 	DATA 	Keypress: space
529.8890 	EXP 	text: autoDraw = False
529.8983 	EXP 	text: text = 'Total points : 222.0'
540.0650 	EXP 	text: text = 'Press and hold [SPACE] to report the duration of the stimulus'
540.0650 	EXP 	text: autoDraw = True
540.9441 	DATA 	Keypress: space
540.9452 	EXP 	text: autoDraw = False
542.0144 	WARNING 	Stopping key buffers but this could be dangerous ifother keyboards rely on the same.
542.0316 	EXP 	text: text = 'You earned 4.0 out of 10 points in this round.\n\n Press [SPACE] to advance'
542.0316 	EXP 	text: autoDraw = True
542.9359 	DATA 	Keypress: space
542.9369 	EXP 	text: autoDraw = False
542.9483 	EXP 	text: text = 'Total points : 226.0'
552.4885 	EXP 	text: text = 'Press and hold [SPACE] to report the duration of the stimulus'
552.4885 	EXP 	text: autoDraw = True
553.6561 	DATA 	Keypress: space
553.6572 	EXP 	text: autoDraw = False
554.7104 	WARNING 	Stopping key buffers but this could be dangerous ifother keyboards rely on the same.
554.7236 	EXP 	text: text = 'You earned 5.3 out of 10 points in this round.\n\n Press [SPACE] to advance'
554.7236 	EXP 	text: autoDraw = True
555.4799 	DATA 	Keypress: space
555.4808 	EXP 	text: autoDraw = False
555.4984 	EXP 	text: text = 'Total points : 231.3'
564.0392 	EXP 	text: text = 'Press and hold [SPACE] to report the duration of the stimulus'
564.0392 	EXP 	text: autoDraw = True
564.9600 	DATA 	Keypress: space
564.9610 	EXP 	text: autoDraw = False
565.8464 	WARNING 	Stopping key buffers but this could be dangerous ifother keyboards rely on the same.
565.8650 	EXP 	text: text = 'You earned 6.2 out of 10 points in this round.\n\n Press [SPACE] to advance'
565.8650 	EXP 	text: autoDraw = True
566.6799 	DATA 	Keypress: space
566.6810 	EXP 	text: autoDraw = False
566.6983 	EXP 	text: text = 'Total points : 237.5'
576.5549 	EXP 	text: text = 'Press and hold [SPACE] to report the duration of the stimulus'
576.5549 	EXP 	text: autoDraw = True
577.4641 	DATA 	Keypress: space
577.4651 	EXP 	text: autoDraw = False
578.5904 	WARNING 	Stopping key buffers but this could be dangerous ifother keyboards rely on the same.
578.6035 	EXP 	text: text = 'You earned 5.3 out of 10 points in this round.\n\n Press [SPACE] to advance'
578.6035 	EXP 	text: autoDraw = True
579.3839 	DATA 	Keypress: space
579.3850 	EXP 	text: autoDraw = False
579.3984 	EXP 	text: text = 'Total points : 242.8'
587.0547 	EXP 	text: text = 'Press and hold [SPACE] to report the duration of the stimulus'
587.0547 	EXP 	text: autoDraw = True
588.0801 	DATA 	Keypress: space
588.0810 	EXP 	text: autoDraw = False
589.0144 	WARNING 	Stopping key buffers but this could be dangerous ifother keyboards rely on the same.
589.0258 	EXP 	text: text = 'Total points : 242.8'
589.0258 	EXP 	text: text = 'Your response exceeded the actual time.\n\n Press [SPACE] to advance'
589.0258 	EXP 	text: autoDraw = True
589.8238 	DATA 	Keypress: space
589.8248 	EXP 	text: autoDraw = False
598.9056 	EXP 	text: text = 'Press and hold [SPACE] to report the duration of the stimulus'
598.9056 	EXP 	text: autoDraw = True
599.8161 	DATA 	Keypress: space
599.8171 	EXP 	text: autoDraw = False
600.6224 	WARNING 	Stopping key buffers but this could be dangerous ifother keyboards rely on the same.
600.6355 	EXP 	text: text = 'You earned 4.1 out of 10 points in this round.\n\n Press [SPACE] to advance'
600.6355 	EXP 	text: autoDraw = True
601.5119 	DATA 	Keypress: space
601.5128 	EXP 	text: autoDraw = False
601.5182 	EXP 	text: text = 'Total points : 246.9'
611.3983 	EXP 	text: text = 'Press and hold [SPACE] to report the duration of the stimulus'
611.3983 	EXP 	text: autoDraw = True
612.4401 	DATA 	Keypress: space
612.4413 	EXP 	text: autoDraw = False
613.5024 	WARNING 	Stopping key buffers but this could be dangerous ifother keyboards rely on the same.
613.5154 	EXP 	text: text = 'You earned 4.6 out of 10 points in this round.\n\n Press [SPACE] to advance'
613.5154 	EXP 	text: autoDraw = True
614.3838 	DATA 	Keypress: space
614.3849 	EXP 	text: autoDraw = False
614.3983 	EXP 	text: text = 'Total points : 251.5'
622.6553 	EXP 	text: text = 'Press and hold [SPACE] to report the duration of the stimulus'
622.6553 	EXP 	text: autoDraw = True
623.5680 	DATA 	Keypress: space
623.5692 	EXP 	text: autoDraw = False
624.4464 	WARNING 	Stopping key buffers but this could be dangerous ifother keyboards rely on the same.
624.4650 	EXP 	text: text = 'You earned 7.1 out of 10 points in this round.\n\n Press [SPACE] to advance'
624.4650 	EXP 	text: autoDraw = True
625.1599 	DATA 	Keypress: space
625.1610 	EXP 	text: autoDraw = False
625.1664 	EXP 	text: text = 'Total points : 258.6'
635.3052 	EXP 	text: text = 'Press and hold [SPACE] to report the duration of the stimulus'
635.3052 	EXP 	text: autoDraw = True
636.2480 	DATA 	Keypress: space
636.2490 	EXP 	text: autoDraw = False
637.3025 	WARNING 	Stopping key buffers but this could be dangerous ifother keyboards rely on the same.
637.3155 	EXP 	text: text = 'You earned 3.9 out of 10 points in this round.\n\n Press [SPACE] to advance'
637.3155 	EXP 	text: autoDraw = True
638.4319 	DATA 	Keypress: space
638.4328 	EXP 	text: autoDraw = False
638.4483 	EXP 	text: text = 'Total points : 262.5'
646.1059 	EXP 	text: text = 'Press and hold [SPACE] to report the duration of the stimulus'
646.1059 	EXP 	text: autoDraw = True
646.9522 	DATA 	Keypress: space
646.9531 	EXP 	text: autoDraw = False
647.6144 	WARNING 	Stopping key buffers but this could be dangerous ifother keyboards rely on the same.
647.6317 	EXP 	text: text = 'You earned 6.2 out of 10 points in this round.\n\n Press [SPACE] to advance'
647.6317 	EXP 	text: autoDraw = True
648.4480 	DATA 	Keypress: space
648.4490 	EXP 	text: autoDraw = False
648.4650 	EXP 	text: text = 'Total points : 268.7'
656.1483 	EXP 	text: text = 'Press and hold [SPACE] to report the duration of the stimulus'
656.1483 	EXP 	text: autoDraw = True
657.3281 	DATA 	Keypress: space
657.3291 	EXP 	text: autoDraw = False
657.9664 	WARNING 	Stopping key buffers but this could be dangerous ifother keyboards rely on the same.
657.9817 	EXP 	text: text = 'You earned 5.9 out of 10 points in this round.\n\n Press [SPACE] to advance'
657.9817 	EXP 	text: autoDraw = True
658.6880 	DATA 	Keypress: space
658.6890 	EXP 	text: autoDraw = False
658.6983 	EXP 	text: text = 'Total points : 274.6'
666.9552 	EXP 	text: text = 'Press and hold [SPACE] to report the duration of the stimulus'
666.9552 	EXP 	text: autoDraw = True
667.9120 	DATA 	Keypress: space
667.9132 	EXP 	text: autoDraw = False
668.7024 	WARNING 	Stopping key buffers but this could be dangerous ifother keyboards rely on the same.
668.7155 	EXP 	text: text = 'You earned 6.0 out of 10 points in this round.\n\n Press [SPACE] to advance'
668.7155 	EXP 	text: autoDraw = True
669.4960 	DATA 	Keypress: space
669.4970 	EXP 	text: autoDraw = False
669.5026 	EXP 	text: text = 'Total points : 280.6'
677.7817 	EXP 	text: text = 'Press and hold [SPACE] to report the duration of the stimulus'
677.7817 	EXP 	text: autoDraw = True
678.7761 	DATA 	Keypress: space
678.7771 	EXP 	text: autoDraw = False
679.5904 	WARNING 	Stopping key buffers but this could be dangerous ifother keyboards rely on the same.
679.6038 	EXP 	text: text = 'You earned 6.3 out of 10 points in this round.\n\n Press [SPACE] to advance'
679.6038 	EXP 	text: autoDraw = True
680.4719 	DATA 	Keypress: space
680.4729 	EXP 	text: autoDraw = False
680.4817 	EXP 	text: text = 'Total points : 286.9'
687.8215 	EXP 	text: text = 'Press and hold [SPACE] to report the duration of the stimulus'
687.8215 	EXP 	text: autoDraw = True
688.9521 	DATA 	Keypress: space
688.9532 	EXP 	text: autoDraw = False
689.4704 	WARNING 	Stopping key buffers but this could be dangerous ifother keyboards rely on the same.
689.4835 	EXP 	text: text = 'You earned 5.4 out of 10 points in this round.\n\n Press [SPACE] to advance'
689.4835 	EXP 	text: autoDraw = True
690.2399 	DATA 	Keypress: space
690.2409 	EXP 	text: autoDraw = False
690.2483 	EXP 	text: text = 'Total points : 292.3'
700.1047 	EXP 	text: text = 'Press and hold [SPACE] to report the duration of the stimulus'
700.1047 	EXP 	text: autoDraw = True
701.3602 	DATA 	Keypress: space
701.3615 	EXP 	text: autoDraw = False
702.4544 	WARNING 	Stopping key buffers but this could be dangerous ifother keyboards rely on the same.
702.4676 	EXP 	text: text = 'You earned 4.9 out of 10 points in this round.\n\n Press [SPACE] to advance'
702.4676 	EXP 	text: autoDraw = True
703.3518 	DATA 	Keypress: space
703.3529 	EXP 	text: autoDraw = False
703.3651 	EXP 	text: text = 'Total points : 297.2'
711.3050 	EXP 	text: text = 'Press and hold [SPACE] to report the duration of the stimulus'
711.3050 	EXP 	text: autoDraw = True
712.5519 	DATA 	Keypress: space
712.5530 	EXP 	text: autoDraw = False
713.3344 	WARNING 	Stopping key buffers but this could be dangerous ifother keyboards rely on the same.
713.3483 	EXP 	text: text = 'You earned 6.8 out of 10 points in this round.\n\n Press [SPACE] to advance'
713.3483 	EXP 	text: autoDraw = True
714.1919 	DATA 	Keypress: space
714.1930 	EXP 	text: autoDraw = False
714.1988 	EXP 	text: text = 'Total points : 304.0'
723.7650 	EXP 	text: text = 'Press and hold [SPACE] to report the duration of the stimulus'
723.7650 	EXP 	text: autoDraw = True
724.9201 	DATA 	Keypress: space
724.9211 	EXP 	text: autoDraw = False
725.9904 	WARNING 	Stopping key buffers but this could be dangerous ifother keyboards rely on the same.
726.0039 	EXP 	text: text = 'You earned 5.5 out of 10 points in this round.\n\n Press [SPACE] to advance'
726.0039 	EXP 	text: autoDraw = True
726.8799 	DATA 	Keypress: space
726.8809 	EXP 	text: autoDraw = False
726.8983 	EXP 	text: text = 'Total points : 309.5'
737.0650 	EXP 	text: text = 'Press and hold [SPACE] to report the duration of the stimulus'
737.0650 	EXP 	text: autoDraw = True
738.3440 	DATA 	Keypress: space
738.3452 	EXP 	text: autoDraw = False
739.4144 	WARNING 	Stopping key buffers but this could be dangerous ifother keyboards rely on the same.
739.4317 	EXP 	text: text = 'You earned 4.0 out of 10 points in this round.\n\n Press [SPACE] to advance'
739.4317 	EXP 	text: autoDraw = True
740.2718 	DATA 	Keypress: space
740.2728 	EXP 	text: autoDraw = False
740.2817 	EXP 	text: text = 'Total points : 313.5'
750.1381 	EXP 	text: text = 'Press and hold [SPACE] to report the duration of the stimulus'
750.1381 	EXP 	text: autoDraw = True
751.4081 	DATA 	Keypress: space
751.4091 	EXP 	text: autoDraw = False
752.2544 	WARNING 	Stopping key buffers but this could be dangerous ifother keyboards rely on the same.
752.2677 	EXP 	text: text = 'You earned 3.0 out of 10 points in this round.\n\n Press [SPACE] to advance'
752.2677 	EXP 	text: autoDraw = True
753.1918 	DATA 	Keypress: space
753.1928 	EXP 	text: autoDraw = False
753.1981 	EXP 	text: text = 'Total points : 316.5'
761.1650 	EXP 	text: text = 'Press and hold [SPACE] to report the duration of the stimulus'
761.1650 	EXP 	text: autoDraw = True
762.2802 	DATA 	Keypress: space
762.2813 	EXP 	text: autoDraw = False
763.4064 	WARNING 	Stopping key buffers but this could be dangerous ifother keyboards rely on the same.
763.4179 	EXP 	text: text = 'Total points : 316.5'
763.4179 	EXP 	text: text = 'Your response exceeded the actual time.\n\n Press [SPACE] to advance'
763.4179 	EXP 	text: autoDraw = True
764.0638 	DATA 	Keypress: space
764.0648 	EXP 	text: autoDraw = False
771.4650 	EXP 	text: text = 'Press and hold [SPACE] to report the duration of the stimulus'
771.4650 	EXP 	text: autoDraw = True
772.3999 	DATA 	Keypress: space
772.4010 	EXP 	text: autoDraw = False
773.1664 	WARNING 	Stopping key buffers but this could be dangerous ifother keyboards rely on the same.
773.1817 	EXP 	text: text = 'You earned 8.9 out of 10 points in this round.\n\n Press [SPACE] to advance'
773.1817 	EXP 	text: autoDraw = True
773.8480 	DATA 	Keypress: space
773.8490 	EXP 	text: autoDraw = False
773.8650 	EXP 	text: text = 'Total points : 325.4'
781.2049 	EXP 	text: text = 'Press and hold [SPACE] to report the duration of the stimulus'
781.2049 	EXP 	text: autoDraw = True
782.2162 	DATA 	Keypress: space
782.2173 	EXP 	text: autoDraw = False
782.9504 	WARNING 	Stopping key buffers but this could be dangerous ifother keyboards rely on the same.
782.9650 	EXP 	text: text = 'You earned 8.4 out of 10 points in this round.\n\n Press [SPACE] to advance'
782.9650 	EXP 	text: autoDraw = True
783.5518 	DATA 	Keypress: space
783.5529 	EXP 	text: autoDraw = False
783.5650 	EXP 	text: text = 'Total points : 333.8'
792.1050 	EXP 	text: text = 'Press and hold [SPACE] to report the duration of the stimulus'
792.1050 	EXP 	text: autoDraw = True
793.0321 	DATA 	Keypress: space
793.0333 	EXP 	text: autoDraw = False
793.9424 	WARNING 	Stopping key buffers but this could be dangerous ifother keyboards rely on the same.
793.9560 	EXP 	text: text = 'You earned 6.5 out of 10 points in this round.\n\n Press [SPACE] to advance'
793.9560 	EXP 	text: autoDraw = True
794.7598 	DATA 	Keypress: space
794.7608 	EXP 	text: autoDraw = False
794.7662 	EXP 	text: text = 'Total points : 340.3'
804.6483 	EXP 	text: text = 'Press and hold [SPACE] to report the duration of the stimulus'
804.6483 	EXP 	text: autoDraw = True
805.7200 	DATA 	Keypress: space
805.7211 	EXP 	text: autoDraw = False
807.1184 	WARNING 	Stopping key buffers but this could be dangerous ifother keyboards rely on the same.
807.1315 	EXP 	text: text = 'You earned 9.0 out of 10 points in this round.\n\n Press [SPACE] to advance'
807.1315 	EXP 	text: autoDraw = True
808.1119 	DATA 	Keypress: space
808.1128 	EXP 	text: autoDraw = False
808.1182 	EXP 	text: text = 'Total points : 349.3'
815.1735 	EXP 	text: text = 'Press and hold [SPACE] to report the duration of the stimulus'
815.1735 	EXP 	text: autoDraw = True
816.1121 	DATA 	Keypress: space
816.1131 	EXP 	text: autoDraw = False
816.7265 	WARNING 	Stopping key buffers but this could be dangerous ifother keyboards rely on the same.
816.7396 	EXP 	text: text = 'You earned 7.7 out of 10 points in this round.\n\n Press [SPACE] to advance'
816.7396 	EXP 	text: autoDraw = True
817.3358 	DATA 	Keypress: space
817.3369 	EXP 	text: autoDraw = False
817.3483 	EXP 	text: text = 'Total points : 357.0'
826.8886 	EXP 	text: text = 'Press and hold [SPACE] to report the duration of the stimulus'
826.8886 	EXP 	text: autoDraw = True
828.1439 	DATA 	Keypress: space
828.1450 	EXP 	text: autoDraw = False
829.2144 	WARNING 	Stopping key buffers but this could be dangerous ifother keyboards rely on the same.
829.2316 	EXP 	text: text = 'You earned 5.5 out of 10 points in this round.\n\n Press [SPACE] to advance'
829.2316 	EXP 	text: autoDraw = True
830.0080 	DATA 	Keypress: space
830.0091 	EXP 	text: autoDraw = False
830.0147 	EXP 	text: text = 'Total points : 362.5'
840.1554 	EXP 	text: text = 'Press and hold [SPACE] to report the duration of the stimulus'
840.1554 	EXP 	text: autoDraw = True
841.0880 	DATA 	Keypress: space
841.0891 	EXP 	text: autoDraw = False
842.3424 	WARNING 	Stopping key buffers but this could be dangerous ifother keyboards rely on the same.
842.3555 	EXP 	text: text = 'You earned 5.8 out of 10 points in this round.\n\n Press [SPACE] to advance'
842.3555 	EXP 	text: autoDraw = True
843.1279 	DATA 	Keypress: space
843.1289 	EXP 	text: autoDraw = False
843.1343 	EXP 	text: text = 'Total points : 368.3'
852.6714 	EXP 	text: text = 'Press and hold [SPACE] to report the duration of the stimulus'
852.6714 	EXP 	text: autoDraw = True
853.9279 	DATA 	Keypress: space
853.9289 	EXP 	text: autoDraw = False
855.0705 	WARNING 	Stopping key buffers but this could be dangerous ifother keyboards rely on the same.
855.0840 	EXP 	text: text = 'You earned 6.3 out of 10 points in this round.\n\n Press [SPACE] to advance'
855.0840 	EXP 	text: autoDraw = True
855.7519 	DATA 	Keypress: space
855.7529 	EXP 	text: autoDraw = False
855.7649 	EXP 	text: text = 'Total points : 374.6'
864.0220 	EXP 	text: text = 'Press and hold [SPACE] to report the duration of the stimulus'
864.0220 	EXP 	text: autoDraw = True
865.3521 	DATA 	Keypress: space
865.3533 	EXP 	text: autoDraw = False
866.3984 	WARNING 	Stopping key buffers but this could be dangerous ifother keyboards rely on the same.
866.4150 	EXP 	text: text = 'You earned 10.0 out of 10 points in this round.\n\n Press [SPACE] to advance'
866.4150 	EXP 	text: autoDraw = True
867.0959 	DATA 	Keypress: space
867.0970 	EXP 	text: autoDraw = False
867.1024 	EXP 	text: text = 'Total points : 384.6'
875.0552 	EXP 	text: text = 'Press and hold [SPACE] to report the duration of the stimulus'
875.0552 	EXP 	text: autoDraw = True
876.0800 	DATA 	Keypress: space
876.0810 	EXP 	text: autoDraw = False
876.6864 	WARNING 	Stopping key buffers but this could be dangerous ifother keyboards rely on the same.
876.6997 	EXP 	text: text = 'You earned 4.8 out of 10 points in this round.\n\n Press [SPACE] to advance'
876.6997 	EXP 	text: autoDraw = True
877.4559 	DATA 	Keypress: space
877.4570 	EXP 	text: autoDraw = False
877.4650 	EXP 	text: text = 'Total points : 389.4'
886.0316 	EXP 	text: text = 'Press and hold [SPACE] to report the duration of the stimulus'
886.0316 	EXP 	text: autoDraw = True
887.2560 	DATA 	Keypress: space
887.2571 	EXP 	text: autoDraw = False
888.0865 	WARNING 	Stopping key buffers but this could be dangerous ifother keyboards rely on the same.
888.0999 	EXP 	text: text = 'You earned 5.6 out of 10 points in this round.\n\n Press [SPACE] to advance'
888.0999 	EXP 	text: autoDraw = True
888.8799 	DATA 	Keypress: space
888.8810 	EXP 	text: autoDraw = False
888.8983 	EXP 	text: text = 'Total points : 395.0'
896.8385 	EXP 	text: text = 'Press and hold [SPACE] to report the duration of the stimulus'
896.8385 	EXP 	text: autoDraw = True
898.5040 	DATA 	Keypress: space
898.5051 	EXP 	text: autoDraw = False
899.1904 	WARNING 	Stopping key buffers but this could be dangerous ifother keyboards rely on the same.
899.2035 	EXP 	text: text = 'You earned 5.6 out of 10 points in this round.\n\n Press [SPACE] to advance'
899.2035 	EXP 	text: autoDraw = True
899.8958 	DATA 	Keypress: space
899.8969 	EXP 	text: autoDraw = False
899.9022 	EXP 	text: text = 'Total points : 400.6'
907.2547 	EXP 	text: text = 'Press and hold [SPACE] to report the duration of the stimulus'
907.2547 	EXP 	text: autoDraw = True
908.5121 	DATA 	Keypress: space
908.5132 	EXP 	text: autoDraw = False
909.2704 	WARNING 	Stopping key buffers but this could be dangerous ifother keyboards rely on the same.
909.2838 	EXP 	text: text = 'You earned 8.8 out of 10 points in this round.\n\n Press [SPACE] to advance'
909.2838 	EXP 	text: autoDraw = True
909.9359 	DATA 	Keypress: space
909.9370 	EXP 	text: autoDraw = False
909.9483 	EXP 	text: text = 'Total points : 409.4'
917.6042 	EXP 	text: text = 'Press and hold [SPACE] to report the duration of the stimulus'
917.6042 	EXP 	text: autoDraw = True
918.8959 	DATA 	Keypress: space
918.8971 	EXP 	text: autoDraw = False
919.6784 	WARNING 	Stopping key buffers but this could be dangerous ifother keyboards rely on the same.
919.6983 	EXP 	text: text = 'You earned 7.9 out of 10 points in this round.\n\n Press [SPACE] to advance'
919.6983 	EXP 	text: autoDraw = True
920.3118 	DATA 	Keypress: space
920.3129 	EXP 	text: autoDraw = False
920.3182 	EXP 	text: text = 'Total points : 417.3'
928.8560 	EXP 	text: text = 'Press and hold [SPACE] to report the duration of the stimulus'
928.8560 	EXP 	text: autoDraw = True
929.8561 	DATA 	Keypress: space
929.8571 	EXP 	text: autoDraw = False
930.8544 	WARNING 	Stopping key buffers but this could be dangerous ifother keyboards rely on the same.
930.8677 	EXP 	text: text = 'You earned 7.8 out of 10 points in this round.\n\n Press [SPACE] to advance'
930.8677 	EXP 	text: autoDraw = True
931.4478 	DATA 	Keypress: space
931.4489 	EXP 	text: autoDraw = False
931.4649 	EXP 	text: text = 'Total points : 425.1'
939.7215 	EXP 	text: text = 'Press and hold [SPACE] to report the duration of the stimulus'
939.7215 	EXP 	text: autoDraw = True
940.9521 	DATA 	Keypress: space
940.9533 	EXP 	text: autoDraw = False
942.0304 	WARNING 	Stopping key buffers but this could be dangerous ifother keyboards rely on the same.
942.0419 	EXP 	text: text = 'Total points : 425.1'
942.0419 	EXP 	text: text = 'Your response exceeded the actual time.\n\n Press [SPACE] to advance'
942.0419 	EXP 	text: autoDraw = True
942.7599 	DATA 	Keypress: space
942.7610 	EXP 	text: autoDraw = False
952.6372 	EXP 	text: text = 'Press and hold [SPACE] to report the duration of the stimulus'
952.6372 	EXP 	text: autoDraw = True
953.9441 	DATA 	Keypress: space
953.9452 	EXP 	text: autoDraw = False
955.0304 	WARNING 	Stopping key buffers but this could be dangerous ifother keyboards rely on the same.
955.0483 	EXP 	text: text = 'You earned 4.8 out of 10 points in this round.\n\n Press [SPACE] to advance'
955.0483 	EXP 	text: autoDraw = True
956.0319 	DATA 	Keypress: space
956.0330 	EXP 	text: autoDraw = False
956.0483 	EXP 	text: text = 'Total points : 429.9'
964.3042 	EXP 	text: text = 'Press and hold [SPACE] to report the duration of the stimulus'
964.3042 	EXP 	text: autoDraw = True
965.3041 	DATA 	Keypress: space
965.3051 	EXP 	text: autoDraw = False
966.1905 	WARNING 	Stopping key buffers but this could be dangerous ifother keyboards rely on the same.
966.2036 	EXP 	text: text = 'You earned 7.2 out of 10 points in this round.\n\n Press [SPACE] to advance'
966.2036 	EXP 	text: autoDraw = True
966.8239 	DATA 	Keypress: space
966.8250 	EXP 	text: autoDraw = False
966.8317 	EXP 	text: text = 'Total points : 437.1'
975.8885 	EXP 	text: text = 'Press and hold [SPACE] to report the duration of the stimulus'
975.8885 	EXP 	text: autoDraw = True
977.5681 	DATA 	Keypress: space
977.5693 	EXP 	text: autoDraw = False
978.3504 	WARNING 	Stopping key buffers but this could be dangerous ifother keyboards rely on the same.
978.3650 	EXP 	text: text = 'You earned 3.9 out of 10 points in this round.\n\n Press [SPACE] to advance'
978.3650 	EXP 	text: autoDraw = True
979.1920 	DATA 	Keypress: space
979.1931 	EXP 	text: autoDraw = False
979.1985 	EXP 	text: text = 'Total points : 441.0'
989.0554 	EXP 	text: text = 'Press and hold [SPACE] to report the duration of the stimulus'
989.0554 	EXP 	text: autoDraw = True
989.9519 	DATA 	Keypress: space
989.9530 	EXP 	text: autoDraw = False
990.8464 	WARNING 	Stopping key buffers but this could be dangerous ifother keyboards rely on the same.
990.8650 	EXP 	text: text = 'You earned 3.3 out of 10 points in this round.\n\n Press [SPACE] to advance'
990.8650 	EXP 	text: autoDraw = True
991.5598 	DATA 	Keypress: space
991.5607 	EXP 	text: autoDraw = False
991.5660 	EXP 	text: text = 'Total points : 444.3'
998.6217 	EXP 	text: text = 'Press and hold [SPACE] to report the duration of the stimulus'
998.6217 	EXP 	text: autoDraw = True
999.6400 	DATA 	Keypress: space
999.6411 	EXP 	text: autoDraw = False
1000.3104 	WARNING 	Stopping key buffers but this could be dangerous ifother keyboards rely on the same.
1000.3236 	EXP 	text: text = 'You earned 8.6 out of 10 points in this round.\n\n Press [SPACE] to advance'
1000.3236 	EXP 	text: autoDraw = True
1001.0159 	DATA 	Keypress: space
1001.0169 	EXP 	text: autoDraw = False
1001.0316 	EXP 	text: text = 'Total points : 452.9'
1010.0879 	EXP 	text: text = 'Press and hold [SPACE] to report the duration of the stimulus'
1010.0879 	EXP 	text: autoDraw = True
1010.9280 	DATA 	Keypress: space
1010.9290 	EXP 	text: autoDraw = False
1011.9985 	WARNING 	Stopping key buffers but this could be dangerous ifother keyboards rely on the same.
1012.0150 	EXP 	text: text = 'You earned 7.0 out of 10 points in this round.\n\n Press [SPACE] to advance'
1012.0150 	EXP 	text: autoDraw = True
1012.7519 	DATA 	Keypress: space
1012.7528 	EXP 	text: autoDraw = False
1012.7650 	EXP 	text: text = 'Total points : 459.9'
1020.4216 	EXP 	text: text = 'Press and hold [SPACE] to report the duration of the stimulus'
1020.4216 	EXP 	text: autoDraw = True
1021.5122 	DATA 	Keypress: space
1021.5133 	EXP 	text: autoDraw = False
1022.3264 	WARNING 	Stopping key buffers but this could be dangerous ifother keyboards rely on the same.
1022.3396 	EXP 	text: text = 'You earned 8.5 out of 10 points in this round.\n\n Press [SPACE] to advance'
1022.3396 	EXP 	text: autoDraw = True
1022.9038 	DATA 	Keypress: space
1022.9049 	EXP 	text: autoDraw = False
1022.9150 	EXP 	text: text = 'Total points : 468.4'
1033.0539 	EXP 	text: text = 'Press and hold [SPACE] to report the duration of the stimulus'
1033.0539 	EXP 	text: autoDraw = True
1034.1361 	DATA 	Keypress: space
1034.1372 	EXP 	text: autoDraw = False
1035.4864 	WARNING 	Stopping key buffers but this could be dangerous ifother keyboards rely on the same.
1035.5001 	EXP 	text: text = 'You earned 7.1 out of 10 points in this round.\n\n Press [SPACE] to advance'
1035.5001 	EXP 	text: autoDraw = True
1036.1599 	DATA 	Keypress: space
1036.1610 	EXP 	text: autoDraw = False
1036.1666 	EXP 	text: text = 'Total points : 475.5'
1044.4215 	EXP 	text: text = 'Press and hold [SPACE] to report the duration of the stimulus'
1044.4215 	EXP 	text: autoDraw = True
1045.2481 	DATA 	Keypress: space
1045.2492 	EXP 	text: autoDraw = False
1046.2144 	WARNING 	Stopping key buffers but this could be dangerous ifother keyboards rely on the same.
1046.2316 	EXP 	text: text = 'You earned 8.5 out of 10 points in this round.\n\n Press [SPACE] to advance'
1046.2316 	EXP 	text: autoDraw = True
1046.7519 	DATA 	Keypress: space
1046.7529 	EXP 	text: autoDraw = False
1046.7650 	EXP 	text: text = 'Total points : 484.0'
1054.1037 	EXP 	text: text = 'Press and hold [SPACE] to report the duration of the stimulus'
1054.1037 	EXP 	text: autoDraw = True
1055.6079 	DATA 	Keypress: space
1055.6091 	EXP 	text: autoDraw = False
1056.5584 	WARNING 	Stopping key buffers but this could be dangerous ifother keyboards rely on the same.
1056.5710 	EXP 	text: text = 'Total points : 484.0'
1056.5710 	EXP 	text: text = 'Your response exceeded the actual time.\n\n Press [SPACE] to advance'
1056.5710 	EXP 	text: autoDraw = True
1057.1358 	DATA 	Keypress: space
1057.1367 	EXP 	text: autoDraw = False
1064.8214 	EXP 	text: text = 'Press and hold [SPACE] to report the duration of the stimulus'
1064.8214 	EXP 	text: autoDraw = True
1065.7680 	DATA 	Keypress: space
1065.7690 	EXP 	text: autoDraw = False
1066.6944 	WARNING 	Stopping key buffers but this could be dangerous ifother keyboards rely on the same.
1066.7058 	EXP 	text: text = 'Total points : 484.0'
1066.7058 	EXP 	text: text = 'Your response exceeded the actual time.\n\n Press [SPACE] to advance'
1066.7058 	EXP 	text: autoDraw = True
1067.2798 	DATA 	Keypress: space
1067.2809 	EXP 	text: autoDraw = False
1075.2539 	EXP 	text: text = 'Press and hold [SPACE] to report the duration of the stimulus'
1075.2539 	EXP 	text: autoDraw = True
1076.2080 	DATA 	Keypress: space
1076.2090 	EXP 	text: autoDraw = False
1077.0224 	WARNING 	Stopping key buffers but this could be dangerous ifother keyboards rely on the same.
1077.0356 	EXP 	text: text = 'You earned 7.3 out of 10 points in this round.\n\n Press [SPACE] to advance'
1077.0356 	EXP 	text: autoDraw = True
1077.6639 	DATA 	Keypress: space
1077.6648 	EXP 	text: autoDraw = False
1077.6817 	EXP 	text: text = 'Total points : 491.3'
1087.2483 	EXP 	text: text = 'Press and hold [SPACE] to report the duration of the stimulus'
1087.2483 	EXP 	text: autoDraw = True
1088.3600 	DATA 	Keypress: space
1088.3611 	EXP 	text: autoDraw = False
1089.5984 	WARNING 	Stopping key buffers but this could be dangerous ifother keyboards rely on the same.
1089.6149 	EXP 	text: text = 'You earned 7.6 out of 10 points in this round.\n\n Press [SPACE] to advance'
1089.6149 	EXP 	text: autoDraw = True
1090.2319 	DATA 	Keypress: space
1090.2330 	EXP 	text: autoDraw = False
1090.2483 	EXP 	text: text = 'Total points : 498.9'
1097.3048 	EXP 	text: text = 'Press and hold [SPACE] to report the duration of the stimulus'
1097.3048 	EXP 	text: autoDraw = True
1098.3519 	DATA 	Keypress: space
1098.3529 	EXP 	text: autoDraw = False
1099.0784 	WARNING 	Stopping key buffers but this could be dangerous ifother keyboards rely on the same.
1099.0983 	EXP 	text: text = 'You earned 9.6 out of 10 points in this round.\n\n Press [SPACE] to advance'
1099.0983 	EXP 	text: autoDraw = True
1099.6799 	DATA 	Keypress: space
1099.6809 	EXP 	text: autoDraw = False
1099.6983 	EXP 	text: text = 'Total points : 508.5'
1107.9554 	EXP 	text: text = 'Press and hold [SPACE] to report the duration of the stimulus'
1107.9554 	EXP 	text: autoDraw = True
1108.8960 	DATA 	Keypress: space
1108.8972 	EXP 	text: autoDraw = False
1109.7584 	WARNING 	Stopping key buffers but this could be dangerous ifother keyboards rely on the same.
1109.7715 	EXP 	text: text = 'You earned 6.9 out of 10 points in this round.\n\n Press [SPACE] to advance'
1109.7715 	EXP 	text: autoDraw = True
1110.5039 	DATA 	Keypress: space
1110.5049 	EXP 	text: autoDraw = False
1110.5150 	EXP 	text: text = 'Total points : 515.4'
1120.0551 	EXP 	text: text = 'Press and hold [SPACE] to report the duration of the stimulus'
1120.0551 	EXP 	text: autoDraw = True
1121.3921 	DATA 	Keypress: space
1121.3931 	EXP 	text: autoDraw = False
1122.5904 	WARNING 	Stopping key buffers but this could be dangerous ifother keyboards rely on the same.
1122.6035 	EXP 	text: text = 'You earned 7.0 out of 10 points in this round.\n\n Press [SPACE] to advance'
1122.6035 	EXP 	text: autoDraw = True
1123.2399 	DATA 	Keypress: space
1123.2408 	EXP 	text: autoDraw = False
1123.2483 	EXP 	text: text = 'Total points : 522.4'
1131.5045 	EXP 	text: text = 'Press and hold [SPACE] to report the duration of the stimulus'
1131.5045 	EXP 	text: autoDraw = True
1132.3601 	DATA 	Keypress: space
1132.3611 	EXP 	text: autoDraw = False
1133.3664 	WARNING 	Stopping key buffers but this could be dangerous ifother keyboards rely on the same.
1133.3816 	EXP 	text: text = 'You earned 9.2 out of 10 points in this round.\n\n Press [SPACE] to advance'
1133.3816 	EXP 	text: autoDraw = True
1133.9759 	DATA 	Keypress: space
1133.9768 	EXP 	text: autoDraw = False
1133.9822 	EXP 	text: text = 'Total points : 531.6'
1141.0379 	EXP 	text: text = 'Press and hold [SPACE] to report the duration of the stimulus'
1141.0379 	EXP 	text: autoDraw = True
1141.8722 	DATA 	Keypress: space
1141.8732 	EXP 	text: autoDraw = False
1142.4704 	WARNING 	Stopping key buffers but this could be dangerous ifother keyboards rely on the same.
1142.4836 	EXP 	text: text = 'You earned 7.4 out of 10 points in this round.\n\n Press [SPACE] to advance'
1142.4836 	EXP 	text: autoDraw = True
1143.0718 	DATA 	Keypress: space
1143.0728 	EXP 	text: autoDraw = False
1143.0817 	EXP 	text: text = 'Total points : 539.0'
1150.4215 	EXP 	text: text = 'Press and hold [SPACE] to report the duration of the stimulus'
1150.4215 	EXP 	text: autoDraw = True
1151.3761 	DATA 	Keypress: space
1151.3771 	EXP 	text: autoDraw = False
1151.9904 	WARNING 	Stopping key buffers but this could be dangerous ifother keyboards rely on the same.
1152.0037 	EXP 	text: text = 'You earned 6.6 out of 10 points in this round.\n\n Press [SPACE] to advance'
1152.0037 	EXP 	text: autoDraw = True
1152.5758 	DATA 	Keypress: space
1152.5768 	EXP 	text: autoDraw = False
1152.5822 	EXP 	text: text = 'Total points : 545.6'
1162.7215 	EXP 	text: text = 'Press and hold [SPACE] to report the duration of the stimulus'
1162.7215 	EXP 	text: autoDraw = True
1163.6960 	DATA 	Keypress: space
1163.6971 	EXP 	text: autoDraw = False
1164.8944 	WARNING 	Stopping key buffers but this could be dangerous ifother keyboards rely on the same.
1164.9079 	EXP 	text: text = 'You earned 5.2 out of 10 points in this round.\n\n Press [SPACE] to advance'
1164.9079 	EXP 	text: autoDraw = True
1165.6959 	DATA 	Keypress: space
1165.6968 	EXP 	text: autoDraw = False
1165.7030 	EXP 	text: text = 'Total points : 550.8'
1172.7549 	EXP 	text: text = 'Press and hold [SPACE] to report the duration of the stimulus'
1172.7549 	EXP 	text: autoDraw = True
1173.7440 	DATA 	Keypress: space
1173.7451 	EXP 	text: autoDraw = False
1174.2464 	WARNING 	Stopping key buffers but this could be dangerous ifother keyboards rely on the same.
1174.2649 	EXP 	text: text = 'You earned 6.1 out of 10 points in this round.\n\n Press [SPACE] to advance'
1174.2649 	EXP 	text: autoDraw = True
1175.1839 	DATA 	Keypress: space
1175.1848 	EXP 	text: autoDraw = False
1175.1983 	EXP 	text: text = 'Total points : 556.9'
1185.3381 	EXP 	text: text = 'Press and hold [SPACE] to report the duration of the stimulus'
1185.3381 	EXP 	text: autoDraw = True
1186.5920 	DATA 	Keypress: space
1186.5931 	EXP 	text: autoDraw = False
1187.8545 	WARNING 	Stopping key buffers but this could be dangerous ifother keyboards rely on the same.
1187.8677 	EXP 	text: text = 'You earned 5.9 out of 10 points in this round.\n\n Press [SPACE] to advance'
1187.8677 	EXP 	text: autoDraw = True
1188.5679 	DATA 	Keypress: space
1188.5689 	EXP 	text: autoDraw = False
1188.5817 	EXP 	text: text = 'Total points : 562.8'
1195.9220 	EXP 	text: text = 'Press and hold [SPACE] to report the duration of the stimulus'
1195.9220 	EXP 	text: autoDraw = True
1196.9201 	DATA 	Keypress: space
1196.9212 	EXP 	text: autoDraw = False
1197.6385 	WARNING 	Stopping key buffers but this could be dangerous ifother keyboards rely on the same.
1197.6516 	EXP 	text: text = 'You earned 8.1 out of 10 points in this round.\n\n Press [SPACE] to advance'
1197.6516 	EXP 	text: autoDraw = True
1198.2639 	DATA 	Keypress: space
1198.2650 	EXP 	text: autoDraw = False
1198.2817 	EXP 	text: text = 'Total points : 570.9'
1208.1380 	EXP 	text: text = 'Press and hold [SPACE] to report the duration of the stimulus'
1208.1380 	EXP 	text: autoDraw = True
1209.1040 	DATA 	Keypress: space
1209.1052 	EXP 	text: autoDraw = False
1210.1584 	WARNING 	Stopping key buffers but this could be dangerous ifother keyboards rely on the same.
1210.1716 	EXP 	text: text = 'You earned 4.5 out of 10 points in this round.\n\n Press [SPACE] to advance'
1210.1716 	EXP 	text: autoDraw = True
1211.0399 	DATA 	Keypress: space
1211.0408 	EXP 	text: autoDraw = False
1211.0483 	EXP 	text: text = 'Total points : 575.4'
1220.1316 	EXP 	text: text = 'Press and hold [SPACE] to report the duration of the stimulus'
1220.1316 	EXP 	text: autoDraw = True
1221.1441 	DATA 	Keypress: space
1221.1452 	EXP 	text: autoDraw = False
1222.2704 	WARNING 	Stopping key buffers but this could be dangerous ifother keyboards rely on the same.
1222.2836 	EXP 	text: text = 'You earned 7.8 out of 10 points in this round.\n\n Press [SPACE] to advance'
1222.2836 	EXP 	text: autoDraw = True
1222.8719 	DATA 	Keypress: space
1222.8729 	EXP 	text: autoDraw = False
1222.8816 	EXP 	text: text = 'Total points : 583.2'
1233.0217 	EXP 	text: text = 'Press and hold [SPACE] to report the duration of the stimulus'
1233.0217 	EXP 	text: autoDraw = True
1234.0000 	DATA 	Keypress: space
1234.0012 	EXP 	text: autoDraw = False
1235.2864 	WARNING 	Stopping key buffers but this could be dangerous ifother keyboards rely on the same.
1235.2995 	EXP 	text: text = 'You earned 6.2 out of 10 points in this round.\n\n Press [SPACE] to advance'
1235.2995 	EXP 	text: autoDraw = True
1235.9599 	DATA 	Keypress: space
1235.9610 	EXP 	text: autoDraw = False
1235.9668 	EXP 	text: text = 'Total points : 589.4'
1243.6483 	EXP 	text: text = 'Press and hold [SPACE] to report the duration of the stimulus'
1243.6483 	EXP 	text: autoDraw = True
1244.6482 	DATA 	Keypress: space
1244.6493 	EXP 	text: autoDraw = False
1245.4144 	WARNING 	Stopping key buffers but this could be dangerous ifother keyboards rely on the same.
1245.4317 	EXP 	text: text = 'You earned 7.7 out of 10 points in this round.\n\n Press [SPACE] to advance'
1245.4317 	EXP 	text: autoDraw = True
1245.9360 	DATA 	Keypress: space
1245.9370 	EXP 	text: autoDraw = False
1245.9483 	EXP 	text: text = 'Total points : 597.1'
1253.0048 	EXP 	text: text = 'Press and hold [SPACE] to report the duration of the stimulus'
1253.0048 	EXP 	text: autoDraw = True
1253.8001 	DATA 	Keypress: space
1253.8012 	EXP 	text: autoDraw = False
1254.3744 	WARNING 	Stopping key buffers but this could be dangerous ifother keyboards rely on the same.
1254.3876 	EXP 	text: text = 'You earned 7.1 out of 10 points in this round.\n\n Press [SPACE] to advance'
1254.3876 	EXP 	text: autoDraw = True
1254.9519 	DATA 	Keypress: space
1254.9528 	EXP 	text: autoDraw = False
1254.9650 	EXP 	text: text = 'Total points : 604.2'
1264.5048 	EXP 	text: text = 'Press and hold [SPACE] to report the duration of the stimulus'
1264.5048 	EXP 	text: autoDraw = True
1265.2800 	DATA 	Keypress: space
1265.2810 	EXP 	text: autoDraw = False
1266.1184 	WARNING 	Stopping key buffers but this could be dangerous ifother keyboards rely on the same.
1266.1328 	EXP 	text: text = 'You earned 3.4 out of 10 points in this round.\n\n Press [SPACE] to advance'
1266.1328 	EXP 	text: autoDraw = True
1266.9359 	DATA 	Keypress: space
1266.9369 	EXP 	text: autoDraw = False
1266.9416 	INFO 	Finishing at 16:26 on 17 Oct 2019
1267.2031 	EXP 	window1: mouseVisible = True
