8.8748 	ERROR 	Screen apparently NOT the desired resolution of 3840x2160 pixels!!
12.6699 	WARNING 	User requested fullscreen with size [3840 2160], but screen is actually [1920, 1080]. Using actual size
13.2554 	INFO 	Successfully set darwin thread to realtime
14.3130 	INFO 	#[ PsychoPy3 RuntimeInfoStart ]
  #[[ PsychoPy ]] #---------
    psychopyVersion: 3.2.3
    psychopyHaveExtRush: True
  #[[ Experiment ]] #---------
    experimentRunTime: 2019_10_17 16:31 (Year_Month_Day Hour:Min)
    experimentRunTime.epoch: 1571344293
    experimentScript: Experiment 2.py
    experimentScript.digestSHA1: fe71705ab97eafb8e28311b91940a8d0e5f8437c
    experimentScript.directory: /Users/supadhy6/Documents/GitHub/spatio_temporal_information_processing/Time_Subjective_Expansion/Jon_Ian_collaboration
  #[[ System ]] #---------
    systemHaveInternetAccess: True
    systemHostName: pbs-cf-mini1.local
    systemLocale: C
    systemMemFreeRAM: 11116.30078125
    systemMemTotalRAM: 16384.0
    systemPlatform: darwin 10.12.6 x86_64
    systemPyoVersion: -
    systemRebooted: Oct 17 09:57
    systemSec.OpenSSLVersion: OpenSSL 0.9.8zh 14 Jan 2016
    systemSec.pythonSSL: True
    systemTimeNumpySD1000000_sec: 0.0060
    systemUser: supadhy6
    systemUserID: 1903061739
    systemUsersCount: 1
  #[[ Window ]] #---------
    windowWinType: pyglet
    windowUnits: deg
    windowSize_pix: [1920 1080]
    windowScreen: 0
    windowRgb: [255. 255. 255.]
    windowRefreshTimeSD_ms: 0.053
    windowRefreshTimeMedian_ms: 16.662
    windowRefreshTimeAvg_ms: 16.666
    windowPos_pix: [0.0, 0.0]
    windowMonitor.name: testmonitor
    windowMonitor.getWidth_cm: 56.0
    windowMonitor.getDistance_cm: 65.0
    windowMonitor.currentCalibName: 2019_09_24 12:00
    windowIsFullScr: True
  #[[ Python ]] #---------
    pythonVersion: 3.6.1
  #[[ OpenGL ]] #---------
#[ PsychoPy3 RuntimeInfoEnd ]

14.4095 	EXP 	Created text = TextStim(__class__=<class 'psychopy.visual.text.TextStim'>, alignHoriz='center', alignVert='center', antialias=True, autoLog=True, bold=False, color='black', colorSpace='named', contrast=1.0, depth=-1.0, flipHoriz=False, flipVert=False, font='Arial', fontFiles=[], height=0.35, italic=False, languageStyle='LTR', name='text', opacity=1.0, ori=0, pos=array([0., 0.]), rgb=array([0., 0., 0.]), text=str(...), units='deg', win=Window(...), wrapWidth=20)
14.4166 	EXP 	Created text = TextStim(__class__=<class 'psychopy.visual.text.TextStim'>, alignHoriz='center', alignVert='center', antialias=True, autoLog=True, bold=False, color='black', colorSpace='named', contrast=1.0, depth=-1.0, flipHoriz=False, flipVert=False, font='Arial', fontFiles=[], height=0.35, italic=False, languageStyle='LTR', name='text', opacity=1.0, ori=0, pos=array([5., 5.]), rgb=array([0., 0., 0.]), text='Total points : 0', units='deg', win=Window(...), wrapWidth=20)
14.4898 	EXP 	text: text = 'Welcome! Thank you for agreeing to participate in this study.\n\nIn this study, we want to examine your ability to perceive duration — how long something lasts.\n\nThe task is simple. In each trial, you will see a disc appear on the screen and then disappear. There will be four such disks. We want you to pay attention to how long the last disc lasts. Get a sense of its duration.\n\nThe fourth disk could be either the same / different type depending on the trial. After the fourth disc disappears it will be your turn to report its duration. Press and hold down the spacebar. \n\nPress any key to continue to the next page. \n\n'
14.4898 	EXP 	text: autoDraw = True
43.5149 	DATA 	Keypress: space
43.5160 	EXP 	text: autoDraw = False
43.5903 	EXP 	text: text = "We really want you to be as accurate as you can. So a game will be played to make it more fun. We want you to hold down the space bar for as long as you saw the last disc lasted, but no longer! The closer you get to the right answer, the more points we will award you in that trial. But if you go over the actual duration you won't get any points on that trial. So you need to be as accurate as possible without going over to earn the max. Each trial will be for 10 points. There are about 100 trials. If you collect a total of 600 points by the end, we will double the credit you get for the experiment.\n\nIf you're feeling uncomfortable, you can press ESC key any time to stop the experiment.\n\nPress any key you are ready to do some practice trials.\n\n"
43.5903 	EXP 	text: autoDraw = True
78.1374 	DATA 	Keypress: space
78.1382 	EXP 	text: autoDraw = False
78.1455 	EXP 	text: autoDraw = True
85.2964 	EXP 	text: text = 'Press and hold [SPACE] to report the duration of the stimulus'
85.2964 	EXP 	text: autoDraw = True
86.3373 	DATA 	Keypress: space
86.3385 	EXP 	text: autoDraw = False
87.0637 	WARNING 	Stopping key buffers but this could be dangerous ifother keyboards rely on the same.
87.0804 	EXP 	text: text = 'You earned 9.6 out of 10 points in this round.\n\n Press [SPACE] to advance'
87.0804 	EXP 	text: autoDraw = True
89.3932 	DATA 	Keypress: space
89.3941 	EXP 	text: autoDraw = False
89.3999 	EXP 	text: text = 'Total points : 9.6'
97.2521 	EXP 	text: text = 'Press and hold [SPACE] to report the duration of the stimulus'
97.2521 	EXP 	text: autoDraw = True
97.7613 	DATA 	Keypress: space
97.7624 	EXP 	text: autoDraw = False
98.6316 	WARNING 	Stopping key buffers but this could be dangerous ifother keyboards rely on the same.
98.6462 	EXP 	text: text = 'You earned 8.6 out of 10 points in this round.\n\n Press [SPACE] to advance'
98.6462 	EXP 	text: autoDraw = True
100.3450 	DATA 	Keypress: space
100.3461 	EXP 	text: autoDraw = False
100.3623 	EXP 	text: text = 'Total points : 18.2'
109.4455 	EXP 	text: text = 'Press and hold [SPACE] to report the duration of the stimulus'
109.4455 	EXP 	text: autoDraw = True
110.3213 	DATA 	Keypress: space
110.3224 	EXP 	text: autoDraw = False
112.1197 	WARNING 	Stopping key buffers but this could be dangerous ifother keyboards rely on the same.
112.1315 	EXP 	text: text = 'Total points : 18.2'
112.1315 	EXP 	text: text = 'Your response exceeded the actual time.\n\n Press [SPACE] to advance'
112.1315 	EXP 	text: autoDraw = True
119.6492 	DATA 	Keypress: space
119.6503 	EXP 	text: autoDraw = False
119.6788 	EXP 	text: text = 'Total points : 0'
119.6788 	EXP 	text: text = 'Great! Now press any key to begin the experiment'
119.6788 	EXP 	text: autoDraw = True
121.0332 	DATA 	Keypress: space
121.0343 	EXP 	text: autoDraw = False
129.3021 	EXP 	text: text = 'Press and hold [SPACE] to report the duration of the stimulus'
129.3021 	EXP 	text: autoDraw = True
130.4172 	DATA 	Keypress: space
130.4184 	EXP 	text: autoDraw = False
131.3756 	WARNING 	Stopping key buffers but this could be dangerous ifother keyboards rely on the same.
131.3955 	EXP 	text: text = 'You earned 8.4 out of 10 points in this round.\n\n Press [SPACE] to advance'
131.3955 	EXP 	text: autoDraw = True
132.9211 	DATA 	Keypress: space
132.9221 	EXP 	text: autoDraw = False
132.9289 	EXP 	text: text = 'Total points : 8.4'
142.7861 	EXP 	text: text = 'Press and hold [SPACE] to report the duration of the stimulus'
142.7861 	EXP 	text: autoDraw = True
143.5134 	DATA 	Keypress: space
143.5145 	EXP 	text: autoDraw = False
144.8716 	WARNING 	Stopping key buffers but this could be dangerous ifother keyboards rely on the same.
144.8850 	EXP 	text: text = 'You earned 8.4 out of 10 points in this round.\n\n Press [SPACE] to advance'
144.8850 	EXP 	text: autoDraw = True
145.9132 	DATA 	Keypress: space
145.9141 	EXP 	text: autoDraw = False
145.9288 	EXP 	text: text = 'Total points : 16.8'
153.5860 	EXP 	text: text = 'Press and hold [SPACE] to report the duration of the stimulus'
153.5860 	EXP 	text: autoDraw = True
154.3373 	DATA 	Keypress: space
154.3384 	EXP 	text: autoDraw = False
155.3117 	WARNING 	Stopping key buffers but this could be dangerous ifother keyboards rely on the same.
155.3233 	EXP 	text: text = 'Total points : 16.8'
155.3233 	EXP 	text: text = 'Your response exceeded the actual time.\n\n Press [SPACE] to advance'
155.3233 	EXP 	text: autoDraw = True
156.2651 	DATA 	Keypress: space
156.2662 	EXP 	text: autoDraw = False
163.6357 	EXP 	text: text = 'Press and hold [SPACE] to report the duration of the stimulus'
163.6357 	EXP 	text: autoDraw = True
164.5053 	DATA 	Keypress: space
164.5065 	EXP 	text: autoDraw = False
165.0556 	WARNING 	Stopping key buffers but this could be dangerous ifother keyboards rely on the same.
165.0701 	EXP 	text: text = 'You earned 5.8 out of 10 points in this round.\n\n Press [SPACE] to advance'
165.0701 	EXP 	text: autoDraw = True
166.2651 	DATA 	Keypress: space
166.2662 	EXP 	text: autoDraw = False
166.2788 	EXP 	text: text = 'Total points : 22.6'
173.6455 	EXP 	text: text = 'Press and hold [SPACE] to report the duration of the stimulus'
173.6455 	EXP 	text: autoDraw = True
174.8253 	DATA 	Keypress: space
174.8263 	EXP 	text: autoDraw = False
175.7836 	WARNING 	Stopping key buffers but this could be dangerous ifother keyboards rely on the same.
175.7951 	EXP 	text: text = 'Total points : 22.6'
175.7951 	EXP 	text: text = 'Your response exceeded the actual time.\n\n Press [SPACE] to advance'
175.7951 	EXP 	text: autoDraw = True
176.4730 	DATA 	Keypress: space
176.4739 	EXP 	text: autoDraw = False
183.8353 	EXP 	text: text = 'Press and hold [SPACE] to report the duration of the stimulus'
183.8353 	EXP 	text: autoDraw = True
184.7212 	DATA 	Keypress: space
184.7224 	EXP 	text: autoDraw = False
185.3436 	WARNING 	Stopping key buffers but this could be dangerous ifother keyboards rely on the same.
185.3622 	EXP 	text: text = 'You earned 6.7 out of 10 points in this round.\n\n Press [SPACE] to advance'
185.3622 	EXP 	text: autoDraw = True
186.2411 	DATA 	Keypress: space
186.2422 	EXP 	text: autoDraw = False
186.2485 	EXP 	text: text = 'Total points : 29.3'
193.3289 	EXP 	text: text = 'Press and hold [SPACE] to report the duration of the stimulus'
193.3289 	EXP 	text: autoDraw = True
194.2092 	DATA 	Keypress: space
194.2102 	EXP 	text: autoDraw = False
194.8557 	WARNING 	Stopping key buffers but this could be dangerous ifother keyboards rely on the same.
194.8687 	EXP 	text: text = 'You earned 8.2 out of 10 points in this round.\n\n Press [SPACE] to advance'
194.8687 	EXP 	text: autoDraw = True
195.5690 	DATA 	Keypress: space
195.5701 	EXP 	text: autoDraw = False
195.5788 	EXP 	text: text = 'Total points : 37.5'
202.6621 	EXP 	text: text = 'Press and hold [SPACE] to report the duration of the stimulus'
202.6621 	EXP 	text: autoDraw = True
203.3933 	DATA 	Keypress: space
203.3945 	EXP 	text: autoDraw = False
203.9916 	WARNING 	Stopping key buffers but this could be dangerous ifother keyboards rely on the same.
204.0049 	EXP 	text: text = 'You earned 7.4 out of 10 points in this round.\n\n Press [SPACE] to advance'
204.0049 	EXP 	text: autoDraw = True
204.8092 	DATA 	Keypress: space
204.8103 	EXP 	text: autoDraw = False
204.8155 	EXP 	text: text = 'Total points : 44.9'
212.7956 	EXP 	text: text = 'Press and hold [SPACE] to report the duration of the stimulus'
212.7956 	EXP 	text: autoDraw = True
213.8652 	DATA 	Keypress: space
213.8664 	EXP 	text: autoDraw = False
214.8556 	WARNING 	Stopping key buffers but this could be dangerous ifother keyboards rely on the same.
214.8671 	EXP 	text: text = 'Total points : 44.9'
214.8671 	EXP 	text: text = 'Your response exceeded the actual time.\n\n Press [SPACE] to advance'
214.8671 	EXP 	text: autoDraw = True
215.5371 	DATA 	Keypress: space
215.5380 	EXP 	text: autoDraw = False
223.2194 	EXP 	text: text = 'Press and hold [SPACE] to report the duration of the stimulus'
223.2194 	EXP 	text: autoDraw = True
224.1773 	DATA 	Keypress: space
224.1783 	EXP 	text: autoDraw = False
224.6797 	WARNING 	Stopping key buffers but this could be dangerous ifother keyboards rely on the same.
224.6956 	EXP 	text: text = 'You earned 4.5 out of 10 points in this round.\n\n Press [SPACE] to advance'
224.6956 	EXP 	text: autoDraw = True
225.3532 	DATA 	Keypress: space
225.3542 	EXP 	text: autoDraw = False
225.3622 	EXP 	text: text = 'Total points : 49.4'
234.9021 	EXP 	text: text = 'Press and hold [SPACE] to report the duration of the stimulus'
234.9021 	EXP 	text: autoDraw = True
236.0332 	DATA 	Keypress: space
236.0344 	EXP 	text: autoDraw = False
237.0797 	WARNING 	Stopping key buffers but this could be dangerous ifother keyboards rely on the same.
237.0956 	EXP 	text: text = 'You earned 5.2 out of 10 points in this round.\n\n Press [SPACE] to advance'
237.0956 	EXP 	text: autoDraw = True
237.7771 	DATA 	Keypress: space
237.7781 	EXP 	text: autoDraw = False
237.7955 	EXP 	text: text = 'Total points : 54.6'
247.9351 	EXP 	text: text = 'Press and hold [SPACE] to report the duration of the stimulus'
247.9351 	EXP 	text: autoDraw = True
248.8732 	DATA 	Keypress: space
248.8743 	EXP 	text: autoDraw = False
249.8156 	WARNING 	Stopping key buffers but this could be dangerous ifother keyboards rely on the same.
249.8286 	EXP 	text: text = 'You earned 3.1 out of 10 points in this round.\n\n Press [SPACE] to advance'
249.8286 	EXP 	text: autoDraw = True
251.2172 	DATA 	Keypress: space
251.2182 	EXP 	text: autoDraw = False
251.2288 	EXP 	text: text = 'Total points : 57.7'
258.2854 	EXP 	text: text = 'Press and hold [SPACE] to report the duration of the stimulus'
258.2854 	EXP 	text: autoDraw = True
259.0972 	DATA 	Keypress: space
259.0983 	EXP 	text: autoDraw = False
259.5516 	WARNING 	Stopping key buffers but this could be dangerous ifother keyboards rely on the same.
259.5635 	EXP 	text: text = 'You earned 5.6 out of 10 points in this round.\n\n Press [SPACE] to advance'
259.5635 	EXP 	text: autoDraw = True
260.2651 	DATA 	Keypress: space
260.2662 	EXP 	text: autoDraw = False
260.2789 	EXP 	text: text = 'Total points : 63.3'
270.4185 	EXP 	text: text = 'Press and hold [SPACE] to report the duration of the stimulus'
270.4185 	EXP 	text: autoDraw = True
271.6172 	DATA 	Keypress: space
271.6182 	EXP 	text: autoDraw = False
272.6716 	WARNING 	Stopping key buffers but this could be dangerous ifother keyboards rely on the same.
272.6848 	EXP 	text: text = 'You earned 3.9 out of 10 points in this round.\n\n Press [SPACE] to advance'
272.6848 	EXP 	text: autoDraw = True
273.3931 	DATA 	Keypress: space
273.3941 	EXP 	text: autoDraw = False
273.3992 	EXP 	text: text = 'Total points : 67.2'
283.5622 	EXP 	text: text = 'Press and hold [SPACE] to report the duration of the stimulus'
283.5622 	EXP 	text: autoDraw = True
284.4172 	DATA 	Keypress: space
284.4183 	EXP 	text: autoDraw = False
285.3516 	WARNING 	Stopping key buffers but this could be dangerous ifother keyboards rely on the same.
285.3655 	EXP 	text: text = 'You earned 3.1 out of 10 points in this round.\n\n Press [SPACE] to advance'
285.3655 	EXP 	text: autoDraw = True
286.0012 	DATA 	Keypress: space
286.0022 	EXP 	text: autoDraw = False
286.0124 	EXP 	text: text = 'Total points : 70.3'
294.5520 	EXP 	text: text = 'Press and hold [SPACE] to report the duration of the stimulus'
294.5520 	EXP 	text: autoDraw = True
295.7772 	DATA 	Keypress: space
295.7782 	EXP 	text: autoDraw = False
296.8317 	WARNING 	Stopping key buffers but this could be dangerous ifother keyboards rely on the same.
296.8455 	EXP 	text: text = 'You earned 8.7 out of 10 points in this round.\n\n Press [SPACE] to advance'
296.8455 	EXP 	text: autoDraw = True
297.5370 	DATA 	Keypress: space
297.5380 	EXP 	text: autoDraw = False
297.5456 	EXP 	text: text = 'Total points : 79.0'
304.6023 	EXP 	text: text = 'Press and hold [SPACE] to report the duration of the stimulus'
304.6023 	EXP 	text: autoDraw = True
305.3293 	DATA 	Keypress: space
305.3303 	EXP 	text: autoDraw = False
305.8476 	WARNING 	Stopping key buffers but this could be dangerous ifother keyboards rely on the same.
305.8622 	EXP 	text: text = 'You earned 6.3 out of 10 points in this round.\n\n Press [SPACE] to advance'
305.8622 	EXP 	text: autoDraw = True
306.4891 	DATA 	Keypress: space
306.4901 	EXP 	text: autoDraw = False
306.4954 	EXP 	text: text = 'Total points : 85.3'
316.6622 	EXP 	text: text = 'Press and hold [SPACE] to report the duration of the stimulus'
316.6622 	EXP 	text: autoDraw = True
317.7293 	DATA 	Keypress: space
317.7303 	EXP 	text: autoDraw = False
318.8476 	WARNING 	Stopping key buffers but this could be dangerous ifother keyboards rely on the same.
318.8622 	EXP 	text: text = 'You earned 4.4 out of 10 points in this round.\n\n Press [SPACE] to advance'
318.8622 	EXP 	text: autoDraw = True
319.6092 	DATA 	Keypress: space
319.6101 	EXP 	text: autoDraw = False
319.6154 	EXP 	text: text = 'Total points : 89.7'
328.1513 	EXP 	text: text = 'Press and hold [SPACE] to report the duration of the stimulus'
328.1513 	EXP 	text: autoDraw = True
329.0173 	DATA 	Keypress: space
329.0183 	EXP 	text: autoDraw = False
329.7036 	WARNING 	Stopping key buffers but this could be dangerous ifother keyboards rely on the same.
329.7168 	EXP 	text: text = 'You earned 4.2 out of 10 points in this round.\n\n Press [SPACE] to advance'
329.7168 	EXP 	text: autoDraw = True
330.3531 	DATA 	Keypress: space
330.3541 	EXP 	text: autoDraw = False
330.3622 	EXP 	text: text = 'Total points : 93.9'
337.4184 	EXP 	text: text = 'Press and hold [SPACE] to report the duration of the stimulus'
337.4184 	EXP 	text: autoDraw = True
338.2652 	DATA 	Keypress: space
338.2663 	EXP 	text: autoDraw = False
338.7436 	WARNING 	Stopping key buffers but this could be dangerous ifother keyboards rely on the same.
338.7622 	EXP 	text: text = 'You earned 5.8 out of 10 points in this round.\n\n Press [SPACE] to advance'
338.7622 	EXP 	text: autoDraw = True
339.3691 	DATA 	Keypress: space
339.3703 	EXP 	text: autoDraw = False
339.3788 	EXP 	text: text = 'Total points : 99.7'
348.4355 	EXP 	text: text = 'Press and hold [SPACE] to report the duration of the stimulus'
348.4355 	EXP 	text: autoDraw = True
349.3774 	DATA 	Keypress: space
349.3784 	EXP 	text: autoDraw = False
350.2237 	WARNING 	Stopping key buffers but this could be dangerous ifother keyboards rely on the same.
350.2369 	EXP 	text: text = 'You earned 4.5 out of 10 points in this round.\n\n Press [SPACE] to advance'
350.2369 	EXP 	text: autoDraw = True
350.8012 	DATA 	Keypress: space
350.8022 	EXP 	text: autoDraw = False
350.8122 	EXP 	text: text = 'Total points : 104.2'
358.7516 	EXP 	text: text = 'Press and hold [SPACE] to report the duration of the stimulus'
358.7516 	EXP 	text: autoDraw = True
359.5132 	DATA 	Keypress: space
359.5143 	EXP 	text: autoDraw = False
360.4156 	WARNING 	Stopping key buffers but this could be dangerous ifother keyboards rely on the same.
360.4286 	EXP 	text: text = 'You earned 8.7 out of 10 points in this round.\n\n Press [SPACE] to advance'
360.4286 	EXP 	text: autoDraw = True
361.0171 	DATA 	Keypress: space
361.0182 	EXP 	text: autoDraw = False
361.0288 	EXP 	text: text = 'Total points : 112.9'
369.5955 	EXP 	text: text = 'Press and hold [SPACE] to report the duration of the stimulus'
369.5955 	EXP 	text: autoDraw = True
370.6332 	DATA 	Keypress: space
370.6342 	EXP 	text: autoDraw = False
371.7676 	WARNING 	Stopping key buffers but this could be dangerous ifother keyboards rely on the same.
371.7811 	EXP 	text: text = 'You earned 9.8 out of 10 points in this round.\n\n Press [SPACE] to advance'
371.7811 	EXP 	text: autoDraw = True
372.4971 	DATA 	Keypress: space
372.4980 	EXP 	text: autoDraw = False
372.5122 	EXP 	text: text = 'Total points : 122.7'
382.3680 	EXP 	text: text = 'Press and hold [SPACE] to report the duration of the stimulus'
382.3680 	EXP 	text: autoDraw = True
384.0572 	DATA 	Keypress: space
384.0582 	EXP 	text: autoDraw = False
385.3276 	WARNING 	Stopping key buffers but this could be dangerous ifother keyboards rely on the same.
385.3455 	EXP 	text: text = 'You earned 7.0 out of 10 points in this round.\n\n Press [SPACE] to advance'
385.3455 	EXP 	text: autoDraw = True
386.0011 	DATA 	Keypress: space
386.0022 	EXP 	text: autoDraw = False
386.0122 	EXP 	text: text = 'Total points : 129.7'
395.8694 	EXP 	text: text = 'Press and hold [SPACE] to report the duration of the stimulus'
395.8694 	EXP 	text: autoDraw = True
396.9533 	DATA 	Keypress: space
396.9544 	EXP 	text: autoDraw = False
398.2636 	WARNING 	Stopping key buffers but this could be dangerous ifother keyboards rely on the same.
398.2788 	EXP 	text: text = 'You earned 7.6 out of 10 points in this round.\n\n Press [SPACE] to advance'
398.2788 	EXP 	text: autoDraw = True
398.8650 	DATA 	Keypress: space
398.8660 	EXP 	text: autoDraw = False
398.8788 	EXP 	text: text = 'Total points : 137.3'
405.9354 	EXP 	text: text = 'Press and hold [SPACE] to report the duration of the stimulus'
405.9354 	EXP 	text: autoDraw = True
407.2892 	DATA 	Keypress: space
407.2903 	EXP 	text: autoDraw = False
407.7516 	WARNING 	Stopping key buffers but this could be dangerous ifother keyboards rely on the same.
407.7636 	EXP 	text: text = 'You earned 5.6 out of 10 points in this round.\n\n Press [SPACE] to advance'
407.7636 	EXP 	text: autoDraw = True
408.3291 	DATA 	Keypress: space
408.3300 	EXP 	text: autoDraw = False
408.3456 	EXP 	text: text = 'Total points : 142.9'
418.2014 	EXP 	text: text = 'Press and hold [SPACE] to report the duration of the stimulus'
418.2014 	EXP 	text: autoDraw = True
419.3533 	DATA 	Keypress: space
419.3543 	EXP 	text: autoDraw = False
420.4956 	WARNING 	Stopping key buffers but this could be dangerous ifother keyboards rely on the same.
420.5122 	EXP 	text: text = 'You earned 5.4 out of 10 points in this round.\n\n Press [SPACE] to advance'
420.5122 	EXP 	text: autoDraw = True
421.1612 	DATA 	Keypress: space
421.1622 	EXP 	text: autoDraw = False
421.1789 	EXP 	text: text = 'Total points : 148.3'
428.5189 	EXP 	text: text = 'Press and hold [SPACE] to report the duration of the stimulus'
428.5189 	EXP 	text: autoDraw = True
429.5053 	DATA 	Keypress: space
429.5064 	EXP 	text: autoDraw = False
430.0236 	WARNING 	Stopping key buffers but this could be dangerous ifother keyboards rely on the same.
430.0369 	EXP 	text: text = 'You earned 5.4 out of 10 points in this round.\n\n Press [SPACE] to advance'
430.0369 	EXP 	text: autoDraw = True
430.5610 	DATA 	Keypress: space
430.5621 	EXP 	text: autoDraw = False
430.5789 	EXP 	text: text = 'Total points : 153.7'
439.1190 	EXP 	text: text = 'Press and hold [SPACE] to report the duration of the stimulus'
439.1190 	EXP 	text: autoDraw = True
440.3692 	DATA 	Keypress: space
440.3704 	EXP 	text: autoDraw = False
441.6077 	WARNING 	Stopping key buffers but this could be dangerous ifother keyboards rely on the same.
441.6191 	EXP 	text: text = 'Total points : 153.7'
441.6191 	EXP 	text: text = 'Your response exceeded the actual time.\n\n Press [SPACE] to advance'
441.6191 	EXP 	text: autoDraw = True
442.3451 	DATA 	Keypress: space
442.3462 	EXP 	text: autoDraw = False
451.9189 	EXP 	text: text = 'Press and hold [SPACE] to report the duration of the stimulus'
451.9189 	EXP 	text: autoDraw = True
452.9213 	DATA 	Keypress: space
452.9224 	EXP 	text: autoDraw = False
453.9116 	WARNING 	Stopping key buffers but this could be dangerous ifother keyboards rely on the same.
453.9289 	EXP 	text: text = 'You earned 4.6 out of 10 points in this round.\n\n Press [SPACE] to advance'
453.9289 	EXP 	text: autoDraw = True
454.6252 	DATA 	Keypress: space
454.6262 	EXP 	text: autoDraw = False
454.6316 	EXP 	text: text = 'Total points : 158.3'
463.1690 	EXP 	text: text = 'Press and hold [SPACE] to report the duration of the stimulus'
463.1690 	EXP 	text: autoDraw = True
463.9133 	DATA 	Keypress: space
463.9144 	EXP 	text: autoDraw = False
464.9596 	WARNING 	Stopping key buffers but this could be dangerous ifother keyboards rely on the same.
464.9788 	EXP 	text: text = 'You earned 8.6 out of 10 points in this round.\n\n Press [SPACE] to advance'
464.9788 	EXP 	text: autoDraw = True
465.7532 	DATA 	Keypress: space
465.7543 	EXP 	text: autoDraw = False
465.7622 	EXP 	text: text = 'Total points : 166.9'
474.3026 	EXP 	text: text = 'Press and hold [SPACE] to report the duration of the stimulus'
474.3026 	EXP 	text: autoDraw = True
475.1293 	DATA 	Keypress: space
475.1303 	EXP 	text: autoDraw = False
475.8637 	WARNING 	Stopping key buffers but this could be dangerous ifother keyboards rely on the same.
475.8789 	EXP 	text: text = 'You earned 4.6 out of 10 points in this round.\n\n Press [SPACE] to advance'
475.8789 	EXP 	text: autoDraw = True
476.5371 	DATA 	Keypress: space
476.5382 	EXP 	text: autoDraw = False
476.5456 	EXP 	text: text = 'Total points : 171.5'
486.6856 	EXP 	text: text = 'Press and hold [SPACE] to report the duration of the stimulus'
486.6856 	EXP 	text: autoDraw = True
487.6893 	DATA 	Keypress: space
487.6904 	EXP 	text: autoDraw = False
488.8876 	WARNING 	Stopping key buffers but this could be dangerous ifother keyboards rely on the same.
488.9007 	EXP 	text: text = 'You earned 5.2 out of 10 points in this round.\n\n Press [SPACE] to advance'
488.9007 	EXP 	text: autoDraw = True
489.6251 	DATA 	Keypress: space
489.6262 	EXP 	text: autoDraw = False
489.6326 	EXP 	text: text = 'Total points : 176.7'
499.7830 	EXP 	text: text = 'Press and hold [SPACE] to report the duration of the stimulus'
499.7830 	EXP 	text: autoDraw = True
501.6174 	DATA 	Keypress: space
501.6186 	EXP 	text: autoDraw = False
503.4876 	WARNING 	Stopping key buffers but this could be dangerous ifother keyboards rely on the same.
503.4991 	EXP 	text: text = 'Total points : 176.7'
503.4991 	EXP 	text: text = 'Your response exceeded the actual time.\n\n Press [SPACE] to advance'
503.4991 	EXP 	text: autoDraw = True
504.1451 	DATA 	Keypress: space
504.1460 	EXP 	text: autoDraw = False
514.0353 	EXP 	text: text = 'Press and hold [SPACE] to report the duration of the stimulus'
514.0353 	EXP 	text: autoDraw = True
515.0492 	DATA 	Keypress: space
515.0504 	EXP 	text: autoDraw = False
516.1677 	WARNING 	Stopping key buffers but this could be dangerous ifother keyboards rely on the same.
516.1808 	EXP 	text: text = 'You earned 5.2 out of 10 points in this round.\n\n Press [SPACE] to advance'
516.1808 	EXP 	text: autoDraw = True
516.8411 	DATA 	Keypress: space
516.8422 	EXP 	text: autoDraw = False
516.8474 	EXP 	text: text = 'Total points : 181.9'
524.7861 	EXP 	text: text = 'Press and hold [SPACE] to report the duration of the stimulus'
524.7861 	EXP 	text: autoDraw = True
525.6492 	DATA 	Keypress: space
525.6502 	EXP 	text: autoDraw = False
526.4717 	WARNING 	Stopping key buffers but this could be dangerous ifother keyboards rely on the same.
526.4848 	EXP 	text: text = 'You earned 7.4 out of 10 points in this round.\n\n Press [SPACE] to advance'
526.4848 	EXP 	text: autoDraw = True
527.0971 	DATA 	Keypress: space
527.0982 	EXP 	text: autoDraw = False
527.1122 	EXP 	text: text = 'Total points : 189.3'
534.7691 	EXP 	text: text = 'Press and hold [SPACE] to report the duration of the stimulus'
534.7691 	EXP 	text: autoDraw = True
535.6732 	DATA 	Keypress: space
535.6743 	EXP 	text: autoDraw = False
536.4476 	WARNING 	Stopping key buffers but this could be dangerous ifother keyboards rely on the same.
536.4622 	EXP 	text: text = 'You earned 7.8 out of 10 points in this round.\n\n Press [SPACE] to advance'
536.4622 	EXP 	text: autoDraw = True
537.1931 	DATA 	Keypress: space
537.1940 	EXP 	text: autoDraw = False
537.1996 	EXP 	text: text = 'Total points : 197.1'
545.4535 	EXP 	text: text = 'Press and hold [SPACE] to report the duration of the stimulus'
545.4535 	EXP 	text: autoDraw = True
546.4333 	DATA 	Keypress: space
546.4344 	EXP 	text: autoDraw = False
547.5597 	WARNING 	Stopping key buffers but this could be dangerous ifother keyboards rely on the same.
547.5713 	EXP 	text: text = 'Total points : 197.1'
547.5713 	EXP 	text: text = 'Your response exceeded the actual time.\n\n Press [SPACE] to advance'
547.5713 	EXP 	text: autoDraw = True
548.2891 	DATA 	Keypress: space
548.2902 	EXP 	text: autoDraw = False
557.3690 	EXP 	text: text = 'Press and hold [SPACE] to report the duration of the stimulus'
557.3690 	EXP 	text: autoDraw = True
558.2331 	DATA 	Keypress: space
558.2341 	EXP 	text: autoDraw = False
559.1357 	WARNING 	Stopping key buffers but this could be dangerous ifother keyboards rely on the same.
559.1489 	EXP 	text: text = 'You earned 5.0 out of 10 points in this round.\n\n Press [SPACE] to advance'
559.1489 	EXP 	text: autoDraw = True
559.8970 	DATA 	Keypress: space
559.8981 	EXP 	text: autoDraw = False
559.9121 	EXP 	text: text = 'Total points : 202.1'
569.4534 	EXP 	text: text = 'Press and hold [SPACE] to report the duration of the stimulus'
569.4534 	EXP 	text: autoDraw = True
570.8572 	DATA 	Keypress: space
570.8584 	EXP 	text: autoDraw = False
572.1676 	WARNING 	Stopping key buffers but this could be dangerous ifother keyboards rely on the same.
572.1808 	EXP 	text: text = 'You earned 8.8 out of 10 points in this round.\n\n Press [SPACE] to advance'
572.1808 	EXP 	text: autoDraw = True
573.8571 	DATA 	Keypress: space
573.8581 	EXP 	text: autoDraw = False
573.8634 	EXP 	text: text = 'Total points : 210.9'
582.4289 	EXP 	text: text = 'Press and hold [SPACE] to report the duration of the stimulus'
582.4289 	EXP 	text: autoDraw = True
583.4573 	DATA 	Keypress: space
583.4583 	EXP 	text: autoDraw = False
584.5996 	WARNING 	Stopping key buffers but this could be dangerous ifother keyboards rely on the same.
584.6112 	EXP 	text: text = 'Total points : 210.9'
584.6112 	EXP 	text: text = 'Your response exceeded the actual time.\n\n Press [SPACE] to advance'
584.6112 	EXP 	text: autoDraw = True
585.3691 	DATA 	Keypress: space
585.3701 	EXP 	text: autoDraw = False
594.4523 	EXP 	text: text = 'Press and hold [SPACE] to report the duration of the stimulus'
594.4523 	EXP 	text: autoDraw = True
595.2732 	DATA 	Keypress: space
595.2743 	EXP 	text: autoDraw = False
596.1597 	WARNING 	Stopping key buffers but this could be dangerous ifother keyboards rely on the same.
596.1789 	EXP 	text: text = 'You earned 4.8 out of 10 points in this round.\n\n Press [SPACE] to advance'
596.1789 	EXP 	text: autoDraw = True
596.8731 	DATA 	Keypress: space
596.8740 	EXP 	text: autoDraw = False
596.8796 	EXP 	text: text = 'Total points : 215.7'
604.8190 	EXP 	text: text = 'Press and hold [SPACE] to report the duration of the stimulus'
604.8190 	EXP 	text: autoDraw = True
605.5853 	DATA 	Keypress: space
605.5864 	EXP 	text: autoDraw = False
606.3676 	WARNING 	Stopping key buffers but this could be dangerous ifother keyboards rely on the same.
606.3808 	EXP 	text: text = 'You earned 6.8 out of 10 points in this round.\n\n Press [SPACE] to advance'
606.3808 	EXP 	text: autoDraw = True
607.1291 	DATA 	Keypress: space
607.1300 	EXP 	text: autoDraw = False
607.1456 	EXP 	text: text = 'Total points : 222.5'
615.7122 	EXP 	text: text = 'Press and hold [SPACE] to report the duration of the stimulus'
615.7122 	EXP 	text: autoDraw = True
616.7772 	DATA 	Keypress: space
616.7784 	EXP 	text: autoDraw = False
617.7596 	WARNING 	Stopping key buffers but this could be dangerous ifother keyboards rely on the same.
617.7789 	EXP 	text: text = 'You earned 7.5 out of 10 points in this round.\n\n Press [SPACE] to advance'
617.7789 	EXP 	text: autoDraw = True
618.4332 	DATA 	Keypress: space
618.4341 	EXP 	text: autoDraw = False
618.4455 	EXP 	text: text = 'Total points : 230.0'
625.7851 	EXP 	text: text = 'Press and hold [SPACE] to report the duration of the stimulus'
625.7851 	EXP 	text: autoDraw = True
626.7373 	DATA 	Keypress: space
626.7383 	EXP 	text: autoDraw = False
627.1196 	WARNING 	Stopping key buffers but this could be dangerous ifother keyboards rely on the same.
627.1318 	EXP 	text: text = 'You earned 4.1 out of 10 points in this round.\n\n Press [SPACE] to advance'
627.1318 	EXP 	text: autoDraw = True
627.8812 	DATA 	Keypress: space
627.8821 	EXP 	text: autoDraw = False
627.8956 	EXP 	text: text = 'Total points : 234.1'
637.7789 	EXP 	text: text = 'Press and hold [SPACE] to report the duration of the stimulus'
637.7789 	EXP 	text: autoDraw = True
639.7134 	DATA 	Keypress: space
639.7145 	EXP 	text: autoDraw = False
641.2157 	WARNING 	Stopping key buffers but this could be dangerous ifother keyboards rely on the same.
641.2275 	EXP 	text: text = 'Total points : 234.1'
641.2275 	EXP 	text: text = 'Your response exceeded the actual time.\n\n Press [SPACE] to advance'
641.2275 	EXP 	text: autoDraw = True
641.9051 	DATA 	Keypress: space
641.9062 	EXP 	text: autoDraw = False
649.5854 	EXP 	text: text = 'Press and hold [SPACE] to report the duration of the stimulus'
649.5854 	EXP 	text: autoDraw = True
650.3052 	DATA 	Keypress: space
650.3064 	EXP 	text: autoDraw = False
650.6476 	WARNING 	Stopping key buffers but this could be dangerous ifother keyboards rely on the same.
650.6622 	EXP 	text: text = 'You earned 3.3 out of 10 points in this round.\n\n Press [SPACE] to advance'
650.6622 	EXP 	text: autoDraw = True
651.2492 	DATA 	Keypress: space
651.2503 	EXP 	text: autoDraw = False
651.2621 	EXP 	text: text = 'Total points : 237.4'
658.3193 	EXP 	text: text = 'Press and hold [SPACE] to report the duration of the stimulus'
658.3193 	EXP 	text: autoDraw = True
659.1054 	DATA 	Keypress: space
659.1065 	EXP 	text: autoDraw = False
659.6237 	WARNING 	Stopping key buffers but this could be dangerous ifother keyboards rely on the same.
659.6368 	EXP 	text: text = 'You earned 6.3 out of 10 points in this round.\n\n Press [SPACE] to advance'
659.6368 	EXP 	text: autoDraw = True
660.2971 	DATA 	Keypress: space
660.2981 	EXP 	text: autoDraw = False
660.3122 	EXP 	text: text = 'Total points : 243.7'
670.1690 	EXP 	text: text = 'Press and hold [SPACE] to report the duration of the stimulus'
670.1690 	EXP 	text: autoDraw = True
670.8973 	DATA 	Keypress: space
670.8984 	EXP 	text: autoDraw = False
671.7996 	WARNING 	Stopping key buffers but this could be dangerous ifother keyboards rely on the same.
671.8128 	EXP 	text: text = 'You earned 3.4 out of 10 points in this round.\n\n Press [SPACE] to advance'
671.8128 	EXP 	text: autoDraw = True
672.3931 	DATA 	Keypress: space
672.3941 	EXP 	text: autoDraw = False
672.3997 	EXP 	text: text = 'Total points : 247.1'
681.9789 	EXP 	text: text = 'Press and hold [SPACE] to report the duration of the stimulus'
681.9789 	EXP 	text: autoDraw = True
683.6252 	DATA 	Keypress: space
683.6264 	EXP 	text: autoDraw = False
684.8076 	WARNING 	Stopping key buffers but this could be dangerous ifother keyboards rely on the same.
684.8208 	EXP 	text: text = 'You earned 6.8 out of 10 points in this round.\n\n Press [SPACE] to advance'
684.8208 	EXP 	text: autoDraw = True
685.3610 	DATA 	Keypress: space
685.3620 	EXP 	text: autoDraw = False
685.3789 	EXP 	text: text = 'Total points : 253.9'
691.9188 	DATA 	Keypress: space
693.0622 	EXP 	text: text = 'Press and hold [SPACE] to report the duration of the stimulus'
693.0622 	EXP 	text: autoDraw = True
694.3132 	DATA 	Keypress: space
694.3142 	EXP 	text: autoDraw = False
694.9116 	WARNING 	Stopping key buffers but this could be dangerous ifother keyboards rely on the same.
694.9289 	EXP 	text: text = 'You earned 5.5 out of 10 points in this round.\n\n Press [SPACE] to advance'
694.9289 	EXP 	text: autoDraw = True
695.4412 	DATA 	Keypress: space
695.4423 	EXP 	text: autoDraw = False
695.4481 	EXP 	text: text = 'Total points : 259.4'
703.4122 	EXP 	text: text = 'Press and hold [SPACE] to report the duration of the stimulus'
703.4122 	EXP 	text: autoDraw = True
704.2734 	DATA 	Keypress: space
704.2744 	EXP 	text: autoDraw = False
705.0636 	WARNING 	Stopping key buffers but this could be dangerous ifother keyboards rely on the same.
705.0789 	EXP 	text: text = 'You earned 6.9 out of 10 points in this round.\n\n Press [SPACE] to advance'
705.0789 	EXP 	text: autoDraw = True
705.8571 	DATA 	Keypress: space
705.8582 	EXP 	text: autoDraw = False
705.8635 	EXP 	text: text = 'Total points : 266.3'
715.4025 	EXP 	text: text = 'Press and hold [SPACE] to report the duration of the stimulus'
715.4025 	EXP 	text: autoDraw = True
716.3452 	DATA 	Keypress: space
716.3464 	EXP 	text: autoDraw = False
717.2316 	WARNING 	Stopping key buffers but this could be dangerous ifother keyboards rely on the same.
717.2452 	EXP 	text: text = 'You earned 3.8 out of 10 points in this round.\n\n Press [SPACE] to advance'
717.2452 	EXP 	text: autoDraw = True
718.3931 	DATA 	Keypress: space
718.3942 	EXP 	text: autoDraw = False
718.3997 	EXP 	text: text = 'Total points : 270.1'
728.2523 	EXP 	text: text = 'Press and hold [SPACE] to report the duration of the stimulus'
728.2523 	EXP 	text: autoDraw = True
729.9452 	DATA 	Keypress: space
729.9464 	EXP 	text: autoDraw = False
731.1836 	WARNING 	Stopping key buffers but this could be dangerous ifother keyboards rely on the same.
731.1968 	EXP 	text: text = 'You earned 6.6 out of 10 points in this round.\n\n Press [SPACE] to advance'
731.1968 	EXP 	text: autoDraw = True
731.7531 	DATA 	Keypress: space
731.7540 	EXP 	text: autoDraw = False
731.7622 	EXP 	text: text = 'Total points : 276.7'
741.9288 	EXP 	text: text = 'Press and hold [SPACE] to report the duration of the stimulus'
741.9288 	EXP 	text: autoDraw = True
742.7693 	DATA 	Keypress: space
742.7703 	EXP 	text: autoDraw = False
743.9756 	WARNING 	Stopping key buffers but this could be dangerous ifother keyboards rely on the same.
743.9955 	EXP 	text: text = 'You earned 5.3 out of 10 points in this round.\n\n Press [SPACE] to advance'
743.9955 	EXP 	text: autoDraw = True
744.6972 	DATA 	Keypress: space
744.6981 	EXP 	text: autoDraw = False
744.7121 	EXP 	text: text = 'Total points : 282.0'
752.9955 	EXP 	text: text = 'Press and hold [SPACE] to report the duration of the stimulus'
752.9955 	EXP 	text: autoDraw = True
753.7292 	DATA 	Keypress: space
753.7302 	EXP 	text: autoDraw = False
754.5436 	WARNING 	Stopping key buffers but this could be dangerous ifother keyboards rely on the same.
754.5622 	EXP 	text: text = 'You earned 6.3 out of 10 points in this round.\n\n Press [SPACE] to advance'
754.5622 	EXP 	text: autoDraw = True
755.0892 	DATA 	Keypress: space
755.0901 	EXP 	text: autoDraw = False
755.0959 	EXP 	text: text = 'Total points : 288.3'
763.0354 	EXP 	text: text = 'Press and hold [SPACE] to report the duration of the stimulus'
763.0354 	EXP 	text: autoDraw = True
763.6732 	DATA 	Keypress: space
763.6742 	EXP 	text: autoDraw = False
764.4316 	WARNING 	Stopping key buffers but this could be dangerous ifother keyboards rely on the same.
764.4455 	EXP 	text: text = 'You earned 6.5 out of 10 points in this round.\n\n Press [SPACE] to advance'
764.4455 	EXP 	text: autoDraw = True
764.9691 	DATA 	Keypress: space
764.9701 	EXP 	text: autoDraw = False
764.9788 	EXP 	text: text = 'Total points : 294.8'
772.9455 	EXP 	text: text = 'Press and hold [SPACE] to report the duration of the stimulus'
772.9455 	EXP 	text: autoDraw = True
773.7932 	DATA 	Keypress: space
773.7944 	EXP 	text: autoDraw = False
774.7437 	WARNING 	Stopping key buffers but this could be dangerous ifother keyboards rely on the same.
774.7622 	EXP 	text: text = 'You earned 9.6 out of 10 points in this round.\n\n Press [SPACE] to advance'
774.7622 	EXP 	text: autoDraw = True
775.3610 	DATA 	Keypress: space
775.3620 	EXP 	text: autoDraw = False
775.3789 	EXP 	text: text = 'Total points : 304.4'
783.3186 	EXP 	text: text = 'Press and hold [SPACE] to report the duration of the stimulus'
783.3186 	EXP 	text: autoDraw = True
783.8252 	DATA 	Keypress: space
783.8263 	EXP 	text: autoDraw = False
784.5197 	WARNING 	Stopping key buffers but this could be dangerous ifother keyboards rely on the same.
784.5330 	EXP 	text: text = 'You earned 5.7 out of 10 points in this round.\n\n Press [SPACE] to advance'
784.5330 	EXP 	text: autoDraw = True
785.0491 	DATA 	Keypress: space
785.0502 	EXP 	text: autoDraw = False
785.0622 	EXP 	text: text = 'Total points : 310.1'
793.0023 	EXP 	text: text = 'Press and hold [SPACE] to report the duration of the stimulus'
793.0023 	EXP 	text: autoDraw = True
793.6333 	DATA 	Keypress: space
793.6342 	EXP 	text: autoDraw = False
794.1836 	WARNING 	Stopping key buffers but this could be dangerous ifother keyboards rely on the same.
794.1969 	EXP 	text: text = 'You earned 4.3 out of 10 points in this round.\n\n Press [SPACE] to advance'
794.1969 	EXP 	text: autoDraw = True
794.7371 	DATA 	Keypress: space
794.7380 	EXP 	text: autoDraw = False
794.7455 	EXP 	text: text = 'Total points : 314.4'
803.0022 	EXP 	text: text = 'Press and hold [SPACE] to report the duration of the stimulus'
803.0022 	EXP 	text: autoDraw = True
803.5533 	DATA 	Keypress: space
803.5545 	EXP 	text: autoDraw = False
804.3196 	WARNING 	Stopping key buffers but this could be dangerous ifother keyboards rely on the same.
804.3332 	EXP 	text: text = 'You earned 5.7 out of 10 points in this round.\n\n Press [SPACE] to advance'
804.3332 	EXP 	text: autoDraw = True
804.9211 	DATA 	Keypress: space
804.9222 	EXP 	text: autoDraw = False
804.9288 	EXP 	text: text = 'Total points : 320.1'
813.4695 	EXP 	text: text = 'Press and hold [SPACE] to report the duration of the stimulus'
813.4695 	EXP 	text: autoDraw = True
814.5851 	DATA 	Keypress: space
814.5863 	EXP 	text: autoDraw = False
815.5916 	WARNING 	Stopping key buffers but this could be dangerous ifother keyboards rely on the same.
815.6052 	EXP 	text: text = 'You earned 7.9 out of 10 points in this round.\n\n Press [SPACE] to advance'
815.6052 	EXP 	text: autoDraw = True
816.2091 	DATA 	Keypress: space
816.2101 	EXP 	text: autoDraw = False
816.2158 	EXP 	text: text = 'Total points : 328.0'
825.7683 	EXP 	text: text = 'Press and hold [SPACE] to report the duration of the stimulus'
825.7683 	EXP 	text: autoDraw = True
826.5452 	DATA 	Keypress: space
826.5463 	EXP 	text: autoDraw = False
827.6236 	WARNING 	Stopping key buffers but this could be dangerous ifother keyboards rely on the same.
827.6368 	EXP 	text: text = 'You earned 5.5 out of 10 points in this round.\n\n Press [SPACE] to advance'
827.6368 	EXP 	text: autoDraw = True
828.3132 	DATA 	Keypress: space
828.3142 	EXP 	text: autoDraw = False
828.3289 	EXP 	text: text = 'Total points : 333.5'
835.3858 	EXP 	text: text = 'Press and hold [SPACE] to report the duration of the stimulus'
835.3858 	EXP 	text: autoDraw = True
836.1373 	DATA 	Keypress: space
836.1384 	EXP 	text: autoDraw = False
836.9277 	WARNING 	Stopping key buffers but this could be dangerous ifother keyboards rely on the same.
836.9392 	EXP 	text: text = 'Total points : 333.5'
836.9392 	EXP 	text: text = 'Your response exceeded the actual time.\n\n Press [SPACE] to advance'
836.9392 	EXP 	text: autoDraw = True
837.6011 	DATA 	Keypress: space
837.6022 	EXP 	text: autoDraw = False
846.1693 	EXP 	text: text = 'Press and hold [SPACE] to report the duration of the stimulus'
846.1693 	EXP 	text: autoDraw = True
846.7054 	DATA 	Keypress: space
846.7065 	EXP 	text: autoDraw = False
847.4316 	WARNING 	Stopping key buffers but this could be dangerous ifother keyboards rely on the same.
847.4455 	EXP 	text: text = 'You earned 4.5 out of 10 points in this round.\n\n Press [SPACE] to advance'
847.4455 	EXP 	text: autoDraw = True
847.9931 	DATA 	Keypress: space
847.9942 	EXP 	text: autoDraw = False
847.9996 	EXP 	text: text = 'Total points : 338.0'
856.2517 	EXP 	text: text = 'Press and hold [SPACE] to report the duration of the stimulus'
856.2517 	EXP 	text: autoDraw = True
856.8413 	DATA 	Keypress: space
856.8422 	EXP 	text: autoDraw = False
857.6796 	WARNING 	Stopping key buffers but this could be dangerous ifother keyboards rely on the same.
857.6956 	EXP 	text: text = 'You earned 6.6 out of 10 points in this round.\n\n Press [SPACE] to advance'
857.6956 	EXP 	text: autoDraw = True
858.2651 	DATA 	Keypress: space
858.2660 	EXP 	text: autoDraw = False
858.2789 	EXP 	text: text = 'Total points : 344.6'
867.8188 	EXP 	text: text = 'Press and hold [SPACE] to report the duration of the stimulus'
867.8188 	EXP 	text: autoDraw = True
868.4172 	DATA 	Keypress: space
868.4182 	EXP 	text: autoDraw = False
869.2316 	WARNING 	Stopping key buffers but this could be dangerous ifother keyboards rely on the same.
869.2454 	EXP 	text: text = 'You earned 3.3 out of 10 points in this round.\n\n Press [SPACE] to advance'
869.2454 	EXP 	text: autoDraw = True
869.7851 	DATA 	Keypress: space
869.7861 	EXP 	text: autoDraw = False
869.7953 	EXP 	text: text = 'Total points : 347.9'
878.0520 	EXP 	text: text = 'Press and hold [SPACE] to report the duration of the stimulus'
878.0520 	EXP 	text: autoDraw = True
878.7533 	DATA 	Keypress: space
878.7543 	EXP 	text: autoDraw = False
879.6316 	WARNING 	Stopping key buffers but this could be dangerous ifother keyboards rely on the same.
879.6455 	EXP 	text: text = 'You earned 7.1 out of 10 points in this round.\n\n Press [SPACE] to advance'
879.6455 	EXP 	text: autoDraw = True
880.1851 	DATA 	Keypress: space
880.1861 	EXP 	text: autoDraw = False
880.1955 	EXP 	text: text = 'Total points : 355.0'
890.0788 	EXP 	text: text = 'Press and hold [SPACE] to report the duration of the stimulus'
890.0788 	EXP 	text: autoDraw = True
890.8094 	DATA 	Keypress: space
890.8105 	EXP 	text: autoDraw = False
892.0396 	WARNING 	Stopping key buffers but this could be dangerous ifother keyboards rely on the same.
892.0527 	EXP 	text: text = 'You earned 6.5 out of 10 points in this round.\n\n Press [SPACE] to advance'
892.0527 	EXP 	text: autoDraw = True
892.6411 	DATA 	Keypress: space
892.6420 	EXP 	text: autoDraw = False
892.6473 	EXP 	text: text = 'Total points : 361.5'
902.7852 	EXP 	text: text = 'Press and hold [SPACE] to report the duration of the stimulus'
902.7852 	EXP 	text: autoDraw = True
903.7853 	DATA 	Keypress: space
903.7864 	EXP 	text: autoDraw = False
905.2396 	WARNING 	Stopping key buffers but this could be dangerous ifother keyboards rely on the same.
905.2528 	EXP 	text: text = 'You earned 8.7 out of 10 points in this round.\n\n Press [SPACE] to advance'
905.2528 	EXP 	text: autoDraw = True
905.8651 	DATA 	Keypress: space
905.8661 	EXP 	text: autoDraw = False
905.8789 	EXP 	text: text = 'Total points : 370.2'
913.2187 	EXP 	text: text = 'Press and hold [SPACE] to report the duration of the stimulus'
913.2187 	EXP 	text: autoDraw = True
913.8574 	DATA 	Keypress: space
913.8584 	EXP 	text: autoDraw = False
914.4316 	WARNING 	Stopping key buffers but this could be dangerous ifother keyboards rely on the same.
914.4455 	EXP 	text: text = 'You earned 6.1 out of 10 points in this round.\n\n Press [SPACE] to advance'
914.4455 	EXP 	text: autoDraw = True
914.9372 	DATA 	Keypress: space
914.9383 	EXP 	text: autoDraw = False
914.9455 	EXP 	text: text = 'Total points : 376.3'
924.8019 	EXP 	text: text = 'Press and hold [SPACE] to report the duration of the stimulus'
924.8019 	EXP 	text: autoDraw = True
925.6573 	DATA 	Keypress: space
925.6583 	EXP 	text: autoDraw = False
926.8956 	WARNING 	Stopping key buffers but this could be dangerous ifother keyboards rely on the same.
926.9122 	EXP 	text: text = 'You earned 6.6 out of 10 points in this round.\n\n Press [SPACE] to advance'
926.9122 	EXP 	text: autoDraw = True
927.4251 	DATA 	Keypress: space
927.4261 	EXP 	text: autoDraw = False
927.4325 	EXP 	text: text = 'Total points : 382.9'
936.5121 	EXP 	text: text = 'Press and hold [SPACE] to report the duration of the stimulus'
936.5121 	EXP 	text: autoDraw = True
937.2413 	DATA 	Keypress: space
937.2425 	EXP 	text: autoDraw = False
938.1757 	WARNING 	Stopping key buffers but this could be dangerous ifother keyboards rely on the same.
938.1955 	EXP 	text: text = 'You earned 5.3 out of 10 points in this round.\n\n Press [SPACE] to advance'
938.1955 	EXP 	text: autoDraw = True
938.7851 	DATA 	Keypress: space
938.7862 	EXP 	text: autoDraw = False
938.7955 	EXP 	text: text = 'Total points : 388.2'
947.8517 	EXP 	text: text = 'Press and hold [SPACE] to report the duration of the stimulus'
947.8517 	EXP 	text: autoDraw = True
948.4251 	DATA 	Keypress: space
948.4263 	EXP 	text: autoDraw = False
949.4077 	WARNING 	Stopping key buffers but this could be dangerous ifother keyboards rely on the same.
949.4208 	EXP 	text: text = 'You earned 5.9 out of 10 points in this round.\n\n Press [SPACE] to advance'
949.4208 	EXP 	text: autoDraw = True
949.9612 	DATA 	Keypress: space
949.9621 	EXP 	text: autoDraw = False
949.9789 	EXP 	text: text = 'Total points : 394.1'
957.6622 	EXP 	text: text = 'Press and hold [SPACE] to report the duration of the stimulus'
957.6622 	EXP 	text: autoDraw = True
958.3613 	DATA 	Keypress: space
958.3623 	EXP 	text: autoDraw = False
959.4876 	WARNING 	Stopping key buffers but this could be dangerous ifother keyboards rely on the same.
959.4992 	EXP 	text: text = 'Total points : 394.1'
959.4992 	EXP 	text: text = 'Your response exceeded the actual time.\n\n Press [SPACE] to advance'
959.4992 	EXP 	text: autoDraw = True
960.0891 	DATA 	Keypress: space
960.0901 	EXP 	text: autoDraw = False
969.1695 	EXP 	text: text = 'Press and hold [SPACE] to report the duration of the stimulus'
969.1695 	EXP 	text: autoDraw = True
969.5453 	DATA 	Keypress: space
969.5464 	EXP 	text: autoDraw = False
970.2876 	WARNING 	Stopping key buffers but this could be dangerous ifother keyboards rely on the same.
970.3008 	EXP 	text: text = 'You earned 3.6 out of 10 points in this round.\n\n Press [SPACE] to advance'
970.3008 	EXP 	text: autoDraw = True
970.8572 	DATA 	Keypress: space
970.8582 	EXP 	text: autoDraw = False
970.8636 	EXP 	text: text = 'Total points : 397.7'
979.1184 	EXP 	text: text = 'Press and hold [SPACE] to report the duration of the stimulus'
979.1184 	EXP 	text: autoDraw = True
979.8493 	DATA 	Keypress: space
979.8504 	EXP 	text: autoDraw = False
980.7996 	WARNING 	Stopping key buffers but this could be dangerous ifother keyboards rely on the same.
980.8128 	EXP 	text: text = 'You earned 8.2 out of 10 points in this round.\n\n Press [SPACE] to advance'
980.8128 	EXP 	text: autoDraw = True
981.3451 	DATA 	Keypress: space
981.3462 	EXP 	text: autoDraw = False
981.3622 	EXP 	text: text = 'Total points : 405.9'
989.6456 	EXP 	text: text = 'Press and hold [SPACE] to report the duration of the stimulus'
989.6456 	EXP 	text: autoDraw = True
990.4574 	DATA 	Keypress: space
990.4586 	EXP 	text: autoDraw = False
991.5196 	WARNING 	Stopping key buffers but this could be dangerous ifother keyboards rely on the same.
991.5312 	EXP 	text: text = 'Total points : 405.9'
991.5312 	EXP 	text: text = 'Your response exceeded the actual time.\n\n Press [SPACE] to advance'
991.5312 	EXP 	text: autoDraw = True
992.0331 	DATA 	Keypress: space
992.0342 	EXP 	text: autoDraw = False
999.1196 	EXP 	text: text = 'Press and hold [SPACE] to report the duration of the stimulus'
999.1196 	EXP 	text: autoDraw = True
999.9053 	DATA 	Keypress: space
999.9063 	EXP 	text: autoDraw = False
1000.3597 	WARNING 	Stopping key buffers but this could be dangerous ifother keyboards rely on the same.
1000.3718 	EXP 	text: text = 'You earned 5.6 out of 10 points in this round.\n\n Press [SPACE] to advance'
1000.3718 	EXP 	text: autoDraw = True
1000.9370 	DATA 	Keypress: space
1000.9381 	EXP 	text: autoDraw = False
1000.9456 	EXP 	text: text = 'Total points : 411.5'
1008.6026 	EXP 	text: text = 'Press and hold [SPACE] to report the duration of the stimulus'
1008.6026 	EXP 	text: autoDraw = True
1009.0812 	DATA 	Keypress: space
1009.0824 	EXP 	text: autoDraw = False
1009.6316 	WARNING 	Stopping key buffers but this could be dangerous ifother keyboards rely on the same.
1009.6455 	EXP 	text: text = 'You earned 5.0 out of 10 points in this round.\n\n Press [SPACE] to advance'
1009.6455 	EXP 	text: autoDraw = True
1010.1370 	DATA 	Keypress: space
1010.1381 	EXP 	text: autoDraw = False
1010.1455 	EXP 	text: text = 'Total points : 416.5'
1017.5121 	EXP 	text: text = 'Press and hold [SPACE] to report the duration of the stimulus'
1017.5121 	EXP 	text: autoDraw = True
1018.0573 	DATA 	Keypress: space
1018.0583 	EXP 	text: autoDraw = False
1018.8316 	WARNING 	Stopping key buffers but this could be dangerous ifother keyboards rely on the same.
1018.8456 	EXP 	text: text = 'You earned 9.1 out of 10 points in this round.\n\n Press [SPACE] to advance'
1018.8456 	EXP 	text: autoDraw = True
1020.6491 	DATA 	Keypress: space
1020.6501 	EXP 	text: autoDraw = False
1020.6622 	EXP 	text: text = 'Total points : 425.6'
1028.6022 	EXP 	text: text = 'Press and hold [SPACE] to report the duration of the stimulus'
1028.6022 	EXP 	text: autoDraw = True
1029.0012 	DATA 	Keypress: space
1029.0024 	EXP 	text: autoDraw = False
1029.5837 	WARNING 	Stopping key buffers but this could be dangerous ifother keyboards rely on the same.
1029.5970 	EXP 	text: text = 'You earned 4.6 out of 10 points in this round.\n\n Press [SPACE] to advance'
1029.5970 	EXP 	text: autoDraw = True
1030.1211 	DATA 	Keypress: space
1030.1220 	EXP 	text: autoDraw = False
1030.1289 	EXP 	text: text = 'Total points : 430.2'
1039.6955 	EXP 	text: text = 'Press and hold [SPACE] to report the duration of the stimulus'
1039.6955 	EXP 	text: autoDraw = True
1040.3453 	DATA 	Keypress: space
1040.3463 	EXP 	text: autoDraw = False
1041.1836 	WARNING 	Stopping key buffers but this could be dangerous ifother keyboards rely on the same.
1041.1968 	EXP 	text: text = 'You earned 3.4 out of 10 points in this round.\n\n Press [SPACE] to advance'
1041.1968 	EXP 	text: autoDraw = True
1041.7611 	DATA 	Keypress: space
1041.7621 	EXP 	text: autoDraw = False
1041.7788 	EXP 	text: text = 'Total points : 433.6'
1051.3202 	EXP 	text: text = 'Press and hold [SPACE] to report the duration of the stimulus'
1051.3202 	EXP 	text: autoDraw = True
1051.8253 	DATA 	Keypress: space
1051.8263 	EXP 	text: autoDraw = False
1052.7757 	WARNING 	Stopping key buffers but this could be dangerous ifother keyboards rely on the same.
1052.7955 	EXP 	text: text = 'You earned 4.3 out of 10 points in this round.\n\n Press [SPACE] to advance'
1052.7955 	EXP 	text: autoDraw = True
1053.3371 	DATA 	Keypress: space
1053.3382 	EXP 	text: autoDraw = False
1053.3456 	EXP 	text: text = 'Total points : 437.9'
1061.0019 	EXP 	text: text = 'Press and hold [SPACE] to report the duration of the stimulus'
1061.0019 	EXP 	text: autoDraw = True
1061.4731 	DATA 	Keypress: space
1061.4741 	EXP 	text: autoDraw = False
1062.1116 	WARNING 	Stopping key buffers but this could be dangerous ifother keyboards rely on the same.
1062.1288 	EXP 	text: text = 'You earned 5.9 out of 10 points in this round.\n\n Press [SPACE] to advance'
1062.1288 	EXP 	text: autoDraw = True
1062.6412 	DATA 	Keypress: space
1062.6422 	EXP 	text: autoDraw = False
1062.6478 	EXP 	text: text = 'Total points : 443.8'
1070.3027 	EXP 	text: text = 'Press and hold [SPACE] to report the duration of the stimulus'
1070.3027 	EXP 	text: autoDraw = True
1070.9293 	DATA 	Keypress: space
1070.9303 	EXP 	text: autoDraw = False
1071.6157 	WARNING 	Stopping key buffers but this could be dangerous ifother keyboards rely on the same.
1071.6289 	EXP 	text: text = 'You earned 6.5 out of 10 points in this round.\n\n Press [SPACE] to advance'
1071.6289 	EXP 	text: autoDraw = True
1072.0730 	DATA 	Keypress: space
1072.0739 	EXP 	text: autoDraw = False
1072.0792 	EXP 	text: text = 'Total points : 450.3'
1081.1351 	EXP 	text: text = 'Press and hold [SPACE] to report the duration of the stimulus'
1081.1351 	EXP 	text: autoDraw = True
1081.6412 	DATA 	Keypress: space
1081.6423 	EXP 	text: autoDraw = False
1082.4077 	WARNING 	Stopping key buffers but this could be dangerous ifother keyboards rely on the same.
1082.4208 	EXP 	text: text = 'You earned 3.8 out of 10 points in this round.\n\n Press [SPACE] to advance'
1082.4208 	EXP 	text: autoDraw = True
1083.1530 	DATA 	Keypress: space
1083.1540 	EXP 	text: autoDraw = False
1083.1622 	EXP 	text: text = 'Total points : 454.1'
1090.8192 	EXP 	text: text = 'Press and hold [SPACE] to report the duration of the stimulus'
1090.8192 	EXP 	text: autoDraw = True
1091.7213 	DATA 	Keypress: space
1091.7223 	EXP 	text: autoDraw = False
1092.4876 	WARNING 	Stopping key buffers but this could be dangerous ifother keyboards rely on the same.
1092.5009 	EXP 	text: text = 'You earned 7.7 out of 10 points in this round.\n\n Press [SPACE] to advance'
1092.5009 	EXP 	text: autoDraw = True
1093.0171 	DATA 	Keypress: space
1093.0182 	EXP 	text: autoDraw = False
1093.0289 	EXP 	text: text = 'Total points : 461.8'
1101.2850 	EXP 	text: text = 'Press and hold [SPACE] to report the duration of the stimulus'
1101.2850 	EXP 	text: autoDraw = True
1101.7132 	DATA 	Keypress: space
1101.7143 	EXP 	text: autoDraw = False
1102.5596 	WARNING 	Stopping key buffers but this could be dangerous ifother keyboards rely on the same.
1102.5788 	EXP 	text: text = 'You earned 6.7 out of 10 points in this round.\n\n Press [SPACE] to advance'
1102.5788 	EXP 	text: autoDraw = True
1103.0732 	DATA 	Keypress: space
1103.0741 	EXP 	text: autoDraw = False
1103.0799 	EXP 	text: text = 'Total points : 468.5'
1112.1354 	EXP 	text: text = 'Press and hold [SPACE] to report the duration of the stimulus'
1112.1354 	EXP 	text: autoDraw = True
1112.8892 	DATA 	Keypress: space
1112.8904 	EXP 	text: autoDraw = False
1113.8796 	WARNING 	Stopping key buffers but this could be dangerous ifother keyboards rely on the same.
1113.8955 	EXP 	text: text = 'You earned 6.0 out of 10 points in this round.\n\n Press [SPACE] to advance'
1113.8955 	EXP 	text: autoDraw = True
1114.3691 	DATA 	Keypress: space
1114.3702 	EXP 	text: autoDraw = False
1114.3788 	EXP 	text: text = 'Total points : 474.5'
1124.5187 	EXP 	text: text = 'Press and hold [SPACE] to report the duration of the stimulus'
1124.5187 	EXP 	text: autoDraw = True
1125.0653 	DATA 	Keypress: space
1125.0663 	EXP 	text: autoDraw = False
1126.1676 	WARNING 	Stopping key buffers but this could be dangerous ifother keyboards rely on the same.
1126.1812 	EXP 	text: text = 'You earned 4.3 out of 10 points in this round.\n\n Press [SPACE] to advance'
1126.1812 	EXP 	text: autoDraw = True
1126.6972 	DATA 	Keypress: space
1126.6981 	EXP 	text: autoDraw = False
1126.7121 	EXP 	text: text = 'Total points : 478.8'
1134.0788 	EXP 	text: text = 'Press and hold [SPACE] to report the duration of the stimulus'
1134.0788 	EXP 	text: autoDraw = True
1134.7932 	DATA 	Keypress: space
1134.7943 	EXP 	text: autoDraw = False
1135.5036 	WARNING 	Stopping key buffers but this could be dangerous ifother keyboards rely on the same.
1135.5171 	EXP 	text: text = 'You earned 8.0 out of 10 points in this round.\n\n Press [SPACE] to advance'
1135.5171 	EXP 	text: autoDraw = True
1136.0091 	DATA 	Keypress: space
1136.0101 	EXP 	text: autoDraw = False
1136.0154 	EXP 	text: text = 'Total points : 486.8'
1145.0686 	EXP 	text: text = 'Press and hold [SPACE] to report the duration of the stimulus'
1145.0686 	EXP 	text: autoDraw = True
1145.7532 	DATA 	Keypress: space
1145.7542 	EXP 	text: autoDraw = False
1146.7596 	WARNING 	Stopping key buffers but this could be dangerous ifother keyboards rely on the same.
1146.7789 	EXP 	text: text = 'You earned 6.2 out of 10 points in this round.\n\n Press [SPACE] to advance'
1146.7789 	EXP 	text: autoDraw = True
1147.2891 	DATA 	Keypress: space
1147.2902 	EXP 	text: autoDraw = False
1147.2955 	EXP 	text: text = 'Total points : 493.0'
1154.3521 	EXP 	text: text = 'Press and hold [SPACE] to report the duration of the stimulus'
1154.3521 	EXP 	text: autoDraw = True
1154.8493 	DATA 	Keypress: space
1154.8503 	EXP 	text: autoDraw = False
1155.4076 	WARNING 	Stopping key buffers but this could be dangerous ifother keyboards rely on the same.
1155.4210 	EXP 	text: text = 'You earned 6.8 out of 10 points in this round.\n\n Press [SPACE] to advance'
1155.4210 	EXP 	text: autoDraw = True
1155.8732 	DATA 	Keypress: space
1155.8742 	EXP 	text: autoDraw = False
1155.8795 	EXP 	text: text = 'Total points : 499.8'
1163.2186 	EXP 	text: text = 'Press and hold [SPACE] to report the duration of the stimulus'
1163.2186 	EXP 	text: autoDraw = True
1163.9372 	DATA 	Keypress: space
1163.9383 	EXP 	text: autoDraw = False
1164.5436 	WARNING 	Stopping key buffers but this could be dangerous ifother keyboards rely on the same.
1164.5622 	EXP 	text: text = 'You earned 6.5 out of 10 points in this round.\n\n Press [SPACE] to advance'
1164.5622 	EXP 	text: autoDraw = True
1165.0012 	DATA 	Keypress: space
1165.0022 	EXP 	text: autoDraw = False
1165.0122 	EXP 	text: text = 'Total points : 506.3'
1174.0956 	EXP 	text: text = 'Press and hold [SPACE] to report the duration of the stimulus'
1174.0956 	EXP 	text: autoDraw = True
1174.7692 	DATA 	Keypress: space
1174.7703 	EXP 	text: autoDraw = False
1175.8077 	WARNING 	Stopping key buffers but this could be dangerous ifother keyboards rely on the same.
1175.8213 	EXP 	text: text = 'You earned 6.6 out of 10 points in this round.\n\n Press [SPACE] to advance'
1175.8213 	EXP 	text: autoDraw = True
1176.3452 	DATA 	Keypress: space
1176.3462 	EXP 	text: autoDraw = False
1176.3622 	EXP 	text: text = 'Total points : 512.9'
1183.7020 	EXP 	text: text = 'Press and hold [SPACE] to report the duration of the stimulus'
1183.7020 	EXP 	text: autoDraw = True
1184.1614 	DATA 	Keypress: space
1184.1623 	EXP 	text: autoDraw = False
1184.7596 	WARNING 	Stopping key buffers but this could be dangerous ifother keyboards rely on the same.
1184.7789 	EXP 	text: text = 'You earned 6.4 out of 10 points in this round.\n\n Press [SPACE] to advance'
1184.7789 	EXP 	text: autoDraw = True
1185.2652 	DATA 	Keypress: space
1185.2663 	EXP 	text: autoDraw = False
1185.2789 	EXP 	text: text = 'Total points : 519.3'
1193.5357 	EXP 	text: text = 'Press and hold [SPACE] to report the duration of the stimulus'
1193.5357 	EXP 	text: autoDraw = True
1193.9772 	DATA 	Keypress: space
1193.9782 	EXP 	text: autoDraw = False
1194.7596 	WARNING 	Stopping key buffers but this could be dangerous ifother keyboards rely on the same.
1194.7788 	EXP 	text: text = 'You earned 5.9 out of 10 points in this round.\n\n Press [SPACE] to advance'
1194.7788 	EXP 	text: autoDraw = True
1195.3132 	DATA 	Keypress: space
1195.3141 	EXP 	text: autoDraw = False
1195.3288 	EXP 	text: text = 'Total points : 525.2'
1205.4685 	EXP 	text: text = 'Press and hold [SPACE] to report the duration of the stimulus'
1205.4685 	EXP 	text: autoDraw = True
1205.9613 	DATA 	Keypress: space
1205.9624 	EXP 	text: autoDraw = False
1206.9757 	WARNING 	Stopping key buffers but this could be dangerous ifother keyboards rely on the same.
1206.9955 	EXP 	text: text = 'You earned 3.6 out of 10 points in this round.\n\n Press [SPACE] to advance'
1206.9955 	EXP 	text: autoDraw = True
1207.5371 	DATA 	Keypress: space
1207.5382 	EXP 	text: autoDraw = False
1207.5455 	EXP 	text: text = 'Total points : 528.8'
1217.1119 	EXP 	text: text = 'Press and hold [SPACE] to report the duration of the stimulus'
1217.1119 	EXP 	text: autoDraw = True
1217.6972 	DATA 	Keypress: space
1217.6984 	EXP 	text: autoDraw = False
1218.7676 	WARNING 	Stopping key buffers but this could be dangerous ifother keyboards rely on the same.
1218.7812 	EXP 	text: text = 'You earned 5.5 out of 10 points in this round.\n\n Press [SPACE] to advance'
1218.7812 	EXP 	text: autoDraw = True
1219.3211 	DATA 	Keypress: space
1219.3222 	EXP 	text: autoDraw = False
1219.3268 	INFO 	Finishing at 16:51 on 17 Oct 2019
1219.5894 	EXP 	window1: mouseVisible = True
