9.6733 	ERROR 	Screen apparently NOT the desired resolution of 3840x2160 pixels!!
12.4944 	WARNING 	User requested fullscreen with size [3840 2160], but screen is actually [1920, 1080]. Using actual size
13.0954 	INFO 	Successfully set darwin thread to realtime
14.1579 	INFO 	#[ PsychoPy3 RuntimeInfoStart ]
  #[[ PsychoPy ]] #---------
    psychopyVersion: 3.2.3
    psychopyHaveExtRush: True
  #[[ Experiment ]] #---------
    experimentRunTime: 2019_10_18 14:14 (Year_Month_Day Hour:Min)
    experimentRunTime.epoch: 1571422452
    experimentScript: Experiment 2.py
    experimentScript.digestSHA1: fe71705ab97eafb8e28311b91940a8d0e5f8437c
    experimentScript.directory: /Users/supadhy6/Documents/GitHub/spatio_temporal_information_processing/Time_Subjective_Expansion/Jon_Ian_collaboration
  #[[ System ]] #---------
    systemHaveInternetAccess: True
    systemHostName: pbs-cf-mini1.local
    systemLocale: C
    systemMemFreeRAM: 12878.24609375
    systemMemTotalRAM: 16384.0
    systemPlatform: darwin 10.12.6 x86_64
    systemPyoVersion: -
    systemRebooted: Oct 17 09:57
    systemSec.OpenSSLVersion: OpenSSL 0.9.8zh 14 Jan 2016
    systemSec.pythonSSL: True
    systemTimeNumpySD1000000_sec: 0.0059
    systemUser: supadhy6
    systemUserID: 1903061739
    systemUsersCount: 1
  #[[ Window ]] #---------
    windowWinType: pyglet
    windowUnits: deg
    windowSize_pix: [1920 1080]
    windowScreen: 0
    windowRgb: [255. 255. 255.]
    windowRefreshTimeSD_ms: 0.073
    windowRefreshTimeMedian_ms: 16.670
    windowRefreshTimeAvg_ms: 16.666
    windowPos_pix: [0.0, 0.0]
    windowMonitor.name: testmonitor
    windowMonitor.getWidth_cm: 56.0
    windowMonitor.getDistance_cm: 65.0
    windowMonitor.currentCalibName: 2019_09_24 12:00
    windowIsFullScr: True
  #[[ Python ]] #---------
    pythonVersion: 3.6.1
  #[[ OpenGL ]] #---------
#[ PsychoPy3 RuntimeInfoEnd ]

14.2708 	EXP 	Created text = TextStim(__class__=<class 'psychopy.visual.text.TextStim'>, alignHoriz='center', alignVert='center', antialias=True, autoLog=True, bold=False, color='black', colorSpace='named', contrast=1.0, depth=-1.0, flipHoriz=False, flipVert=False, font='Arial', fontFiles=[], height=0.35, italic=False, languageStyle='LTR', name='text', opacity=1.0, ori=0, pos=array([0., 0.]), rgb=array([0., 0., 0.]), text=str(...), units='deg', win=Window(...), wrapWidth=20)
14.2772 	EXP 	Created text = TextStim(__class__=<class 'psychopy.visual.text.TextStim'>, alignHoriz='center', alignVert='center', antialias=True, autoLog=True, bold=False, color='black', colorSpace='named', contrast=1.0, depth=-1.0, flipHoriz=False, flipVert=False, font='Arial', fontFiles=[], height=0.35, italic=False, languageStyle='LTR', name='text', opacity=1.0, ori=0, pos=array([5., 5.]), rgb=array([0., 0., 0.]), text='Total points : 0', units='deg', win=Window(...), wrapWidth=20)
14.3515 	EXP 	text: text = 'Welcome! Thank you for agreeing to participate in this study.\n\nIn this study, we want to examine your ability to perceive duration — how long something lasts.\n\nThe task is simple. In each trial, you will see a disc appear on the screen and then disappear. There will be four such disks. We want you to pay attention to how long the last disc lasts. Get a sense of its duration.\n\nThe fourth disk could be either the same / different type depending on the trial. After the fourth disc disappears it will be your turn to report its duration. Press and hold down the spacebar. \n\nPress any key to continue to the next page. \n\n'
14.3515 	EXP 	text: autoDraw = True
62.1383 	DATA 	Keypress: space
62.1393 	EXP 	text: autoDraw = False
62.2138 	EXP 	text: text = "We really want you to be as accurate as you can. So a game will be played to make it more fun. We want you to hold down the space bar for as long as you saw the last disc lasted, but no longer! The closer you get to the right answer, the more points we will award you in that trial. But if you go over the actual duration you won't get any points on that trial. So you need to be as accurate as possible without going over to earn the max. Each trial will be for 10 points. There are about 100 trials. If you collect a total of 600 points by the end, we will double the credit you get for the experiment.\n\nIf you're feeling uncomfortable, you can press ESC key any time to stop the experiment.\n\nPress any key you are ready to do some practice trials.\n\n"
62.2138 	EXP 	text: autoDraw = True
100.8648 	DATA 	Keypress: space
100.8657 	EXP 	text: autoDraw = False
100.8736 	EXP 	text: autoDraw = True
108.0601 	EXP 	text: text = 'Press and hold [SPACE] to report the duration of the stimulus'
108.0601 	EXP 	text: autoDraw = True
109.2168 	DATA 	Keypress: space
109.2178 	EXP 	text: autoDraw = False
109.7431 	WARNING 	Stopping key buffers but this could be dangerous ifother keyboards rely on the same.
109.7596 	EXP 	text: text = 'You earned 6.4 out of 10 points in this round.\n\n Press [SPACE] to advance'
109.7596 	EXP 	text: autoDraw = True
112.0725 	DATA 	Keypress: space
112.0736 	EXP 	text: autoDraw = False
112.0903 	EXP 	text: text = 'Total points : 6.4'
119.9465 	EXP 	text: text = 'Press and hold [SPACE] to report the duration of the stimulus'
119.9465 	EXP 	text: autoDraw = True
121.2566 	DATA 	Keypress: space
121.2576 	EXP 	text: autoDraw = False
121.8631 	WARNING 	Stopping key buffers but this could be dangerous ifother keyboards rely on the same.
121.8780 	EXP 	text: text = 'You earned 5.0 out of 10 points in this round.\n\n Press [SPACE] to advance'
121.8780 	EXP 	text: autoDraw = True
123.4885 	DATA 	Keypress: space
123.4895 	EXP 	text: autoDraw = False
123.5070 	EXP 	text: text = 'Total points : 11.4'
132.5903 	EXP 	text: text = 'Press and hold [SPACE] to report the duration of the stimulus'
132.5903 	EXP 	text: autoDraw = True
133.6807 	DATA 	Keypress: space
133.6817 	EXP 	text: autoDraw = False
134.9671 	WARNING 	Stopping key buffers but this could be dangerous ifother keyboards rely on the same.
134.9785 	EXP 	text: text = 'Total points : 11.4'
134.9785 	EXP 	text: text = 'Your response exceeded the actual time.\n\n Press [SPACE] to advance'
134.9785 	EXP 	text: autoDraw = True
136.4246 	DATA 	Keypress: space
136.4257 	EXP 	text: autoDraw = False
136.4569 	EXP 	text: text = 'Total points : 0'
136.4569 	EXP 	text: text = 'Great! Now press any key to begin the experiment'
136.4569 	EXP 	text: autoDraw = True
153.9529 	DATA 	Keypress: space
153.9541 	EXP 	text: autoDraw = False
164.1236 	EXP 	text: text = 'Press and hold [SPACE] to report the duration of the stimulus'
164.1236 	EXP 	text: autoDraw = True
165.2807 	DATA 	Keypress: space
165.2817 	EXP 	text: autoDraw = False
166.4551 	WARNING 	Stopping key buffers but this could be dangerous ifother keyboards rely on the same.
166.4736 	EXP 	text: text = 'You earned 5.0 out of 10 points in this round.\n\n Press [SPACE] to advance'
166.4736 	EXP 	text: autoDraw = True
169.6646 	DATA 	Keypress: space
169.6656 	EXP 	text: autoDraw = False
169.6736 	EXP 	text: text = 'Total points : 5.0'
177.9570 	EXP 	text: text = 'Press and hold [SPACE] to report the duration of the stimulus'
177.9570 	EXP 	text: autoDraw = True
178.8009 	DATA 	Keypress: space
178.8020 	EXP 	text: autoDraw = False
179.6871 	WARNING 	Stopping key buffers but this could be dangerous ifother keyboards rely on the same.
179.7071 	EXP 	text: text = 'You earned 7.2 out of 10 points in this round.\n\n Press [SPACE] to advance'
179.7071 	EXP 	text: autoDraw = True
182.4645 	DATA 	Keypress: space
182.4656 	EXP 	text: autoDraw = False
182.4736 	EXP 	text: text = 'Total points : 12.2'
192.0133 	EXP 	text: text = 'Press and hold [SPACE] to report the duration of the stimulus'
192.0133 	EXP 	text: autoDraw = True
192.9446 	DATA 	Keypress: space
192.9457 	EXP 	text: autoDraw = False
193.9431 	WARNING 	Stopping key buffers but this could be dangerous ifother keyboards rely on the same.
193.9568 	EXP 	text: text = 'You earned 4.7 out of 10 points in this round.\n\n Press [SPACE] to advance'
193.9568 	EXP 	text: autoDraw = True
196.9127 	DATA 	Keypress: space
196.9136 	EXP 	text: autoDraw = False
196.9236 	EXP 	text: text = 'Total points : 16.9'
205.4903 	EXP 	text: text = 'Press and hold [SPACE] to report the duration of the stimulus'
205.4903 	EXP 	text: autoDraw = True
206.2088 	DATA 	Keypress: space
206.2098 	EXP 	text: autoDraw = False
207.1911 	WARNING 	Stopping key buffers but this could be dangerous ifother keyboards rely on the same.
207.2070 	EXP 	text: text = 'You earned 7.5 out of 10 points in this round.\n\n Press [SPACE] to advance'
207.2070 	EXP 	text: autoDraw = True
208.9206 	DATA 	Keypress: space
208.9216 	EXP 	text: autoDraw = False
208.9267 	EXP 	text: text = 'Total points : 24.4'
217.1794 	EXP 	text: text = 'Press and hold [SPACE] to report the duration of the stimulus'
217.1794 	EXP 	text: autoDraw = True
218.0406 	DATA 	Keypress: space
218.0416 	EXP 	text: autoDraw = False
218.6070 	WARNING 	Stopping key buffers but this could be dangerous ifother keyboards rely on the same.
218.6237 	EXP 	text: text = 'You earned 3.8 out of 10 points in this round.\n\n Press [SPACE] to advance'
218.6237 	EXP 	text: autoDraw = True
222.5445 	DATA 	Keypress: space
222.5457 	EXP 	text: autoDraw = False
222.6104 	EXP 	text: text = 'Total points : 28.2'
232.4630 	EXP 	text: text = 'Press and hold [SPACE] to report the duration of the stimulus'
232.4630 	EXP 	text: autoDraw = True
233.2647 	DATA 	Keypress: space
233.2658 	EXP 	text: autoDraw = False
234.4071 	WARNING 	Stopping key buffers but this could be dangerous ifother keyboards rely on the same.
234.4235 	EXP 	text: text = 'You earned 5.4 out of 10 points in this round.\n\n Press [SPACE] to advance'
234.4235 	EXP 	text: autoDraw = True
235.9286 	DATA 	Keypress: space
235.9297 	EXP 	text: autoDraw = False
235.9403 	EXP 	text: text = 'Total points : 33.6'
245.0237 	EXP 	text: text = 'Press and hold [SPACE] to report the duration of the stimulus'
245.0237 	EXP 	text: autoDraw = True
245.8168 	DATA 	Keypress: space
245.8178 	EXP 	text: autoDraw = False
247.0551 	WARNING 	Stopping key buffers but this could be dangerous ifother keyboards rely on the same.
247.0737 	EXP 	text: text = 'You earned 9.8 out of 10 points in this round.\n\n Press [SPACE] to advance'
247.0737 	EXP 	text: autoDraw = True
249.8885 	DATA 	Keypress: space
249.8896 	EXP 	text: autoDraw = False
249.9070 	EXP 	text: text = 'Total points : 43.4'
257.2468 	EXP 	text: text = 'Press and hold [SPACE] to report the duration of the stimulus'
257.2468 	EXP 	text: autoDraw = True
258.5848 	DATA 	Keypress: space
258.5858 	EXP 	text: autoDraw = False
259.2710 	WARNING 	Stopping key buffers but this could be dangerous ifother keyboards rely on the same.
259.2903 	EXP 	text: text = 'You earned 7.6 out of 10 points in this round.\n\n Press [SPACE] to advance'
259.2903 	EXP 	text: autoDraw = True
260.5846 	DATA 	Keypress: space
260.5856 	EXP 	text: autoDraw = False
260.5907 	EXP 	text: text = 'Total points : 51.0'
269.6465 	EXP 	text: text = 'Press and hold [SPACE] to report the duration of the stimulus'
269.6465 	EXP 	text: autoDraw = True
270.4167 	DATA 	Keypress: space
270.4177 	EXP 	text: autoDraw = False
271.4390 	WARNING 	Stopping key buffers but this could be dangerous ifother keyboards rely on the same.
271.4570 	EXP 	text: text = 'You earned 6.4 out of 10 points in this round.\n\n Press [SPACE] to advance'
271.4570 	EXP 	text: autoDraw = True
272.9446 	DATA 	Keypress: space
272.9456 	EXP 	text: autoDraw = False
272.9570 	EXP 	text: text = 'Total points : 57.4'
280.8968 	EXP 	text: text = 'Press and hold [SPACE] to report the duration of the stimulus'
280.8968 	EXP 	text: autoDraw = True
281.7447 	DATA 	Keypress: space
281.7458 	EXP 	text: autoDraw = False
282.9351 	WARNING 	Stopping key buffers but this could be dangerous ifother keyboards rely on the same.
282.9464 	EXP 	text: text = 'Total points : 57.4'
282.9464 	EXP 	text: text = 'Your response exceeded the actual time.\n\n Press [SPACE] to advance'
282.9464 	EXP 	text: autoDraw = True
283.9366 	DATA 	Keypress: space
283.9375 	EXP 	text: autoDraw = False
291.8959 	EXP 	text: text = 'Press and hold [SPACE] to report the duration of the stimulus'
291.8959 	EXP 	text: autoDraw = True
292.7607 	DATA 	Keypress: space
292.7617 	EXP 	text: autoDraw = False
293.4871 	WARNING 	Stopping key buffers but this could be dangerous ifother keyboards rely on the same.
293.5070 	EXP 	text: text = 'You earned 6.1 out of 10 points in this round.\n\n Press [SPACE] to advance'
293.5070 	EXP 	text: autoDraw = True
295.1126 	DATA 	Keypress: space
295.1136 	EXP 	text: autoDraw = False
295.1237 	EXP 	text: text = 'Total points : 63.5'
302.1797 	EXP 	text: text = 'Press and hold [SPACE] to report the duration of the stimulus'
302.1797 	EXP 	text: autoDraw = True
302.9847 	DATA 	Keypress: space
302.9857 	EXP 	text: autoDraw = False
304.1271 	WARNING 	Stopping key buffers but this could be dangerous ifother keyboards rely on the same.
304.1384 	EXP 	text: text = 'Total points : 63.5'
304.1384 	EXP 	text: text = 'Your response exceeded the actual time.\n\n Press [SPACE] to advance'
304.1384 	EXP 	text: autoDraw = True
305.8166 	DATA 	Keypress: space
305.8175 	EXP 	text: autoDraw = False
314.4070 	EXP 	text: text = 'Press and hold [SPACE] to report the duration of the stimulus'
314.4070 	EXP 	text: autoDraw = True
315.1847 	DATA 	Keypress: space
315.1857 	EXP 	text: autoDraw = False
316.2311 	WARNING 	Stopping key buffers but this could be dangerous ifother keyboards rely on the same.
316.2446 	EXP 	text: text = 'You earned 8.6 out of 10 points in this round.\n\n Press [SPACE] to advance'
316.2446 	EXP 	text: autoDraw = True
318.1045 	DATA 	Keypress: space
318.1055 	EXP 	text: autoDraw = False
318.1107 	EXP 	text: text = 'Total points : 72.1'
326.6473 	EXP 	text: text = 'Press and hold [SPACE] to report the duration of the stimulus'
326.6473 	EXP 	text: autoDraw = True
327.4408 	DATA 	Keypress: space
327.4419 	EXP 	text: autoDraw = False
328.3751 	WARNING 	Stopping key buffers but this could be dangerous ifother keyboards rely on the same.
328.3903 	EXP 	text: text = 'You earned 6.9 out of 10 points in this round.\n\n Press [SPACE] to advance'
328.3903 	EXP 	text: autoDraw = True
329.9446 	DATA 	Keypress: space
329.9455 	EXP 	text: autoDraw = False
329.9570 	EXP 	text: text = 'Total points : 79.0'
337.0136 	EXP 	text: text = 'Press and hold [SPACE] to report the duration of the stimulus'
337.0136 	EXP 	text: autoDraw = True
337.8487 	DATA 	Keypress: space
337.8497 	EXP 	text: autoDraw = False
338.5671 	WARNING 	Stopping key buffers but this could be dangerous ifother keyboards rely on the same.
338.5801 	EXP 	text: text = 'You earned 9.4 out of 10 points in this round.\n\n Press [SPACE] to advance'
338.5801 	EXP 	text: autoDraw = True
340.3686 	DATA 	Keypress: space
340.3697 	EXP 	text: autoDraw = False
340.3748 	EXP 	text: text = 'Total points : 88.4'
349.4309 	EXP 	text: text = 'Press and hold [SPACE] to report the duration of the stimulus'
349.4309 	EXP 	text: autoDraw = True
350.2248 	DATA 	Keypress: space
350.2259 	EXP 	text: autoDraw = False
351.0390 	WARNING 	Stopping key buffers but this could be dangerous ifother keyboards rely on the same.
351.0570 	EXP 	text: text = 'You earned 4.2 out of 10 points in this round.\n\n Press [SPACE] to advance'
351.0570 	EXP 	text: autoDraw = True
352.0566 	DATA 	Keypress: space
352.0576 	EXP 	text: autoDraw = False
352.0736 	EXP 	text: text = 'Total points : 92.6'
360.6133 	EXP 	text: text = 'Press and hold [SPACE] to report the duration of the stimulus'
360.6133 	EXP 	text: autoDraw = True
361.4007 	DATA 	Keypress: space
361.4019 	EXP 	text: autoDraw = False
362.2231 	WARNING 	Stopping key buffers but this could be dangerous ifother keyboards rely on the same.
362.2402 	EXP 	text: text = 'You earned 5.5 out of 10 points in this round.\n\n Press [SPACE] to advance'
362.2402 	EXP 	text: autoDraw = True
363.4165 	DATA 	Keypress: space
363.4176 	EXP 	text: autoDraw = False
363.4237 	EXP 	text: text = 'Total points : 98.1'
373.5633 	EXP 	text: text = 'Press and hold [SPACE] to report the duration of the stimulus'
373.5633 	EXP 	text: autoDraw = True
375.0568 	DATA 	Keypress: space
375.0578 	EXP 	text: autoDraw = False
376.5590 	WARNING 	Stopping key buffers but this could be dangerous ifother keyboards rely on the same.
376.5737 	EXP 	text: text = 'You earned 9.6 out of 10 points in this round.\n\n Press [SPACE] to advance'
376.5737 	EXP 	text: autoDraw = True
379.2646 	DATA 	Keypress: space
379.2656 	EXP 	text: autoDraw = False
379.2737 	EXP 	text: text = 'Total points : 107.7'
388.8402 	EXP 	text: text = 'Press and hold [SPACE] to report the duration of the stimulus'
388.8402 	EXP 	text: autoDraw = True
390.9928 	DATA 	Keypress: space
390.9940 	EXP 	text: autoDraw = False
392.4631 	WARNING 	Stopping key buffers but this could be dangerous ifother keyboards rely on the same.
392.4750 	EXP 	text: text = 'Total points : 107.7'
392.4750 	EXP 	text: text = 'Your response exceeded the actual time.\n\n Press [SPACE] to advance'
392.4750 	EXP 	text: autoDraw = True
394.4085 	DATA 	Keypress: space
394.4096 	EXP 	text: autoDraw = False
402.0968 	EXP 	text: text = 'Press and hold [SPACE] to report the duration of the stimulus'
402.0968 	EXP 	text: autoDraw = True
403.6088 	DATA 	Keypress: space
403.6099 	EXP 	text: autoDraw = False
404.4311 	WARNING 	Stopping key buffers but this could be dangerous ifother keyboards rely on the same.
404.4442 	EXP 	text: text = 'You earned 8.6 out of 10 points in this round.\n\n Press [SPACE] to advance'
404.4442 	EXP 	text: autoDraw = True
405.6086 	DATA 	Keypress: space
405.6095 	EXP 	text: autoDraw = False
405.6236 	EXP 	text: text = 'Total points : 116.3'
412.6801 	EXP 	text: text = 'Press and hold [SPACE] to report the duration of the stimulus'
412.6801 	EXP 	text: autoDraw = True
413.6167 	DATA 	Keypress: space
413.6176 	EXP 	text: autoDraw = False
414.3831 	WARNING 	Stopping key buffers but this could be dangerous ifother keyboards rely on the same.
414.3946 	EXP 	text: text = 'Total points : 116.3'
414.3946 	EXP 	text: text = 'Your response exceeded the actual time.\n\n Press [SPACE] to advance'
414.3946 	EXP 	text: autoDraw = True
415.3686 	DATA 	Keypress: space
415.3697 	EXP 	text: autoDraw = False
423.0736 	EXP 	text: text = 'Press and hold [SPACE] to report the duration of the stimulus'
423.0736 	EXP 	text: autoDraw = True
423.8967 	DATA 	Keypress: space
423.8977 	EXP 	text: autoDraw = False
424.5431 	WARNING 	Stopping key buffers but this could be dangerous ifother keyboards rely on the same.
424.5570 	EXP 	text: text = 'You earned 6.0 out of 10 points in this round.\n\n Press [SPACE] to advance'
424.5570 	EXP 	text: autoDraw = True
425.8885 	DATA 	Keypress: space
425.8895 	EXP 	text: autoDraw = False
425.9070 	EXP 	text: text = 'Total points : 122.3'
436.0736 	EXP 	text: text = 'Press and hold [SPACE] to report the duration of the stimulus'
436.0736 	EXP 	text: autoDraw = True
437.3367 	DATA 	Keypress: space
437.3377 	EXP 	text: autoDraw = False
438.6791 	WARNING 	Stopping key buffers but this could be dangerous ifother keyboards rely on the same.
438.6922 	EXP 	text: text = 'You earned 7.0 out of 10 points in this round.\n\n Press [SPACE] to advance'
438.6922 	EXP 	text: autoDraw = True
440.2326 	DATA 	Keypress: space
440.2337 	EXP 	text: autoDraw = False
440.2403 	EXP 	text: text = 'Total points : 129.3'
448.4970 	EXP 	text: text = 'Press and hold [SPACE] to report the duration of the stimulus'
448.4970 	EXP 	text: autoDraw = True
449.7287 	DATA 	Keypress: space
449.7298 	EXP 	text: autoDraw = False
450.4631 	WARNING 	Stopping key buffers but this could be dangerous ifother keyboards rely on the same.
450.4761 	EXP 	text: text = 'You earned 5.3 out of 10 points in this round.\n\n Press [SPACE] to advance'
450.4761 	EXP 	text: autoDraw = True
451.8246 	DATA 	Keypress: space
451.8256 	EXP 	text: autoDraw = False
451.8404 	EXP 	text: text = 'Total points : 134.6'
461.3802 	EXP 	text: text = 'Press and hold [SPACE] to report the duration of the stimulus'
461.3802 	EXP 	text: autoDraw = True
462.8887 	DATA 	Keypress: space
462.8899 	EXP 	text: autoDraw = False
464.0071 	WARNING 	Stopping key buffers but this could be dangerous ifother keyboards rely on the same.
464.0236 	EXP 	text: text = 'You earned 6.0 out of 10 points in this round.\n\n Press [SPACE] to advance'
464.0236 	EXP 	text: autoDraw = True
466.8966 	DATA 	Keypress: space
466.8978 	EXP 	text: autoDraw = False
466.9069 	EXP 	text: text = 'Total points : 140.6'
475.1634 	EXP 	text: text = 'Press and hold [SPACE] to report the duration of the stimulus'
475.1634 	EXP 	text: autoDraw = True
476.3367 	DATA 	Keypress: space
476.3377 	EXP 	text: autoDraw = False
477.2150 	WARNING 	Stopping key buffers but this could be dangerous ifother keyboards rely on the same.
477.2286 	EXP 	text: text = 'You earned 7.1 out of 10 points in this round.\n\n Press [SPACE] to advance'
477.2286 	EXP 	text: autoDraw = True
479.2485 	DATA 	Keypress: space
479.2495 	EXP 	text: autoDraw = False
479.2569 	EXP 	text: text = 'Total points : 147.7'
488.3136 	EXP 	text: text = 'Press and hold [SPACE] to report the duration of the stimulus'
488.3136 	EXP 	text: autoDraw = True
489.7127 	DATA 	Keypress: space
489.7139 	EXP 	text: autoDraw = False
490.8391 	WARNING 	Stopping key buffers but this could be dangerous ifother keyboards rely on the same.
490.8570 	EXP 	text: text = 'You earned 7.8 out of 10 points in this round.\n\n Press [SPACE] to advance'
490.8570 	EXP 	text: autoDraw = True
492.1606 	DATA 	Keypress: space
492.1617 	EXP 	text: autoDraw = False
492.1736 	EXP 	text: text = 'Total points : 155.5'
499.2570 	EXP 	text: text = 'Press and hold [SPACE] to report the duration of the stimulus'
499.2570 	EXP 	text: autoDraw = True
500.8326 	DATA 	Keypress: space
500.8338 	EXP 	text: autoDraw = False
501.7271 	WARNING 	Stopping key buffers but this could be dangerous ifother keyboards rely on the same.
501.7385 	EXP 	text: text = 'Total points : 155.5'
501.7385 	EXP 	text: text = 'Your response exceeded the actual time.\n\n Press [SPACE] to advance'
501.7385 	EXP 	text: autoDraw = True
502.6085 	DATA 	Keypress: space
502.6096 	EXP 	text: autoDraw = False
510.9236 	EXP 	text: text = 'Press and hold [SPACE] to report the duration of the stimulus'
510.9236 	EXP 	text: autoDraw = True
512.0167 	DATA 	Keypress: space
512.0179 	EXP 	text: autoDraw = False
512.8071 	WARNING 	Stopping key buffers but this could be dangerous ifother keyboards rely on the same.
512.8235 	EXP 	text: text = 'You earned 6.0 out of 10 points in this round.\n\n Press [SPACE] to advance'
512.8235 	EXP 	text: autoDraw = True
513.8566 	DATA 	Keypress: space
513.8575 	EXP 	text: autoDraw = False
513.8737 	EXP 	text: text = 'Total points : 161.5'
521.8403 	EXP 	text: text = 'Press and hold [SPACE] to report the duration of the stimulus'
521.8403 	EXP 	text: autoDraw = True
523.2407 	DATA 	Keypress: space
523.2419 	EXP 	text: autoDraw = False
523.9591 	WARNING 	Stopping key buffers but this could be dangerous ifother keyboards rely on the same.
523.9736 	EXP 	text: text = 'You earned 6.0 out of 10 points in this round.\n\n Press [SPACE] to advance'
523.9736 	EXP 	text: autoDraw = True
525.0486 	DATA 	Keypress: space
525.0497 	EXP 	text: autoDraw = False
525.0570 	EXP 	text: text = 'Total points : 167.5'
534.1122 	EXP 	text: text = 'Press and hold [SPACE] to report the duration of the stimulus'
534.1122 	EXP 	text: autoDraw = True
535.6168 	DATA 	Keypress: space
535.6178 	EXP 	text: autoDraw = False
536.5750 	WARNING 	Stopping key buffers but this could be dangerous ifother keyboards rely on the same.
536.5903 	EXP 	text: text = 'You earned 5.6 out of 10 points in this round.\n\n Press [SPACE] to advance'
536.5903 	EXP 	text: autoDraw = True
537.8886 	DATA 	Keypress: space
537.8896 	EXP 	text: autoDraw = False
537.9069 	EXP 	text: text = 'Total points : 173.1'
545.8465 	EXP 	text: text = 'Press and hold [SPACE] to report the duration of the stimulus'
545.8465 	EXP 	text: autoDraw = True
547.3768 	DATA 	Keypress: space
547.3779 	EXP 	text: autoDraw = False
548.5191 	WARNING 	Stopping key buffers but this could be dangerous ifother keyboards rely on the same.
548.5305 	EXP 	text: text = 'Total points : 173.1'
548.5305 	EXP 	text: text = 'Your response exceeded the actual time.\n\n Press [SPACE] to advance'
548.5305 	EXP 	text: autoDraw = True
549.4325 	DATA 	Keypress: space
549.4335 	EXP 	text: autoDraw = False
556.7967 	EXP 	text: text = 'Press and hold [SPACE] to report the duration of the stimulus'
556.7967 	EXP 	text: autoDraw = True
557.9048 	DATA 	Keypress: space
557.9059 	EXP 	text: autoDraw = False
558.8311 	WARNING 	Stopping key buffers but this could be dangerous ifother keyboards rely on the same.
558.8428 	EXP 	text: text = 'Total points : 173.1'
558.8428 	EXP 	text: text = 'Your response exceeded the actual time.\n\n Press [SPACE] to advance'
558.8428 	EXP 	text: autoDraw = True
559.6406 	DATA 	Keypress: space
559.6416 	EXP 	text: autoDraw = False
568.2403 	EXP 	text: text = 'Press and hold [SPACE] to report the duration of the stimulus'
568.2403 	EXP 	text: autoDraw = True
569.5767 	DATA 	Keypress: space
569.5777 	EXP 	text: autoDraw = False
570.4791 	WARNING 	Stopping key buffers but this could be dangerous ifother keyboards rely on the same.
570.4921 	EXP 	text: text = 'You earned 6.4 out of 10 points in this round.\n\n Press [SPACE] to advance'
570.4921 	EXP 	text: autoDraw = True
571.8325 	DATA 	Keypress: space
571.8336 	EXP 	text: autoDraw = False
571.8402 	EXP 	text: text = 'Total points : 179.5'
579.4968 	EXP 	text: text = 'Press and hold [SPACE] to report the duration of the stimulus'
579.4968 	EXP 	text: autoDraw = True
580.9847 	DATA 	Keypress: space
580.9858 	EXP 	text: autoDraw = False
581.5511 	WARNING 	Stopping key buffers but this could be dangerous ifother keyboards rely on the same.
581.5642 	EXP 	text: text = 'You earned 5.1 out of 10 points in this round.\n\n Press [SPACE] to advance'
581.5642 	EXP 	text: autoDraw = True
582.5046 	DATA 	Keypress: space
582.5056 	EXP 	text: autoDraw = False
582.5111 	EXP 	text: text = 'Total points : 184.6'
592.3633 	EXP 	text: text = 'Press and hold [SPACE] to report the duration of the stimulus'
592.3633 	EXP 	text: autoDraw = True
593.9608 	DATA 	Keypress: space
593.9620 	EXP 	text: autoDraw = False
595.2711 	WARNING 	Stopping key buffers but this could be dangerous ifother keyboards rely on the same.
595.2903 	EXP 	text: text = 'You earned 7.6 out of 10 points in this round.\n\n Press [SPACE] to advance'
595.2903 	EXP 	text: autoDraw = True
596.4646 	DATA 	Keypress: space
596.4655 	EXP 	text: autoDraw = False
596.4736 	EXP 	text: text = 'Total points : 192.2'
604.4133 	EXP 	text: text = 'Press and hold [SPACE] to report the duration of the stimulus'
604.4133 	EXP 	text: autoDraw = True
606.0568 	DATA 	Keypress: space
606.0578 	EXP 	text: autoDraw = False
607.1031 	WARNING 	Stopping key buffers but this could be dangerous ifother keyboards rely on the same.
607.1145 	EXP 	text: text = 'Total points : 192.2'
607.1145 	EXP 	text: text = 'Your response exceeded the actual time.\n\n Press [SPACE] to advance'
607.1145 	EXP 	text: autoDraw = True
607.8646 	DATA 	Keypress: space
607.8656 	EXP 	text: autoDraw = False
615.2570 	EXP 	text: text = 'Press and hold [SPACE] to report the duration of the stimulus'
615.2570 	EXP 	text: autoDraw = True
616.5288 	DATA 	Keypress: space
616.5299 	EXP 	text: autoDraw = False
617.3351 	WARNING 	Stopping key buffers but this could be dangerous ifother keyboards rely on the same.
617.3482 	EXP 	text: text = 'You earned 9.7 out of 10 points in this round.\n\n Press [SPACE] to advance'
617.3482 	EXP 	text: autoDraw = True
618.9525 	DATA 	Keypress: space
618.9536 	EXP 	text: autoDraw = False
618.9592 	EXP 	text: text = 'Total points : 201.9'
628.6001 	DATA 	Keypress: space
628.8141 	EXP 	text: text = 'Press and hold [SPACE] to report the duration of the stimulus'
628.8141 	EXP 	text: autoDraw = True
631.2886 	DATA 	Keypress: space
631.2896 	EXP 	text: autoDraw = False
633.1511 	WARNING 	Stopping key buffers but this could be dangerous ifother keyboards rely on the same.
633.1628 	EXP 	text: text = 'Total points : 201.9'
633.1628 	EXP 	text: text = 'Your response exceeded the actual time.\n\n Press [SPACE] to advance'
633.1628 	EXP 	text: autoDraw = True
633.9605 	DATA 	Keypress: space
633.9616 	EXP 	text: autoDraw = False
643.0736 	EXP 	text: text = 'Press and hold [SPACE] to report the duration of the stimulus'
643.0736 	EXP 	text: autoDraw = True
643.6487 	DATA 	Keypress: space
643.6498 	EXP 	text: autoDraw = False
644.6951 	WARNING 	Stopping key buffers but this could be dangerous ifother keyboards rely on the same.
644.7081 	EXP 	text: text = 'You earned 6.7 out of 10 points in this round.\n\n Press [SPACE] to advance'
644.7081 	EXP 	text: autoDraw = True
645.6886 	DATA 	Keypress: space
645.6897 	EXP 	text: autoDraw = False
645.7070 	EXP 	text: text = 'Total points : 208.6'
654.2464 	EXP 	text: text = 'Press and hold [SPACE] to report the duration of the stimulus'
654.2464 	EXP 	text: autoDraw = True
655.1768 	DATA 	Keypress: space
655.1779 	EXP 	text: autoDraw = False
656.0311 	WARNING 	Stopping key buffers but this could be dangerous ifother keyboards rely on the same.
656.0445 	EXP 	text: text = 'You earned 5.8 out of 10 points in this round.\n\n Press [SPACE] to advance'
656.0445 	EXP 	text: autoDraw = True
656.8406 	DATA 	Keypress: space
656.8416 	EXP 	text: autoDraw = False
656.8570 	EXP 	text: text = 'Total points : 214.4'
664.1956 	EXP 	text: text = 'Press and hold [SPACE] to report the duration of the stimulus'
664.1956 	EXP 	text: autoDraw = True
665.1688 	DATA 	Keypress: space
665.1698 	EXP 	text: autoDraw = False
666.1191 	WARNING 	Stopping key buffers but this could be dangerous ifother keyboards rely on the same.
666.1304 	EXP 	text: text = 'Total points : 214.4'
666.1304 	EXP 	text: text = 'Your response exceeded the actual time.\n\n Press [SPACE] to advance'
666.1304 	EXP 	text: autoDraw = True
666.8645 	DATA 	Keypress: space
666.8654 	EXP 	text: autoDraw = False
675.1464 	EXP 	text: text = 'Press and hold [SPACE] to report the duration of the stimulus'
675.1464 	EXP 	text: autoDraw = True
676.0007 	DATA 	Keypress: space
676.0019 	EXP 	text: autoDraw = False
676.7911 	WARNING 	Stopping key buffers but this could be dangerous ifother keyboards rely on the same.
676.8069 	EXP 	text: text = 'You earned 6.0 out of 10 points in this round.\n\n Press [SPACE] to advance'
676.8069 	EXP 	text: autoDraw = True
677.7606 	DATA 	Keypress: space
677.7615 	EXP 	text: autoDraw = False
677.7736 	EXP 	text: text = 'Total points : 220.4'
685.4300 	EXP 	text: text = 'Press and hold [SPACE] to report the duration of the stimulus'
685.4300 	EXP 	text: autoDraw = True
686.3048 	DATA 	Keypress: space
686.3058 	EXP 	text: autoDraw = False
686.8790 	WARNING 	Stopping key buffers but this could be dangerous ifother keyboards rely on the same.
686.8922 	EXP 	text: text = 'You earned 5.2 out of 10 points in this round.\n\n Press [SPACE] to advance'
686.8922 	EXP 	text: autoDraw = True
687.7125 	DATA 	Keypress: space
687.7136 	EXP 	text: autoDraw = False
687.7236 	EXP 	text: text = 'Total points : 225.6'
696.7800 	EXP 	text: text = 'Press and hold [SPACE] to report the duration of the stimulus'
696.7800 	EXP 	text: autoDraw = True
697.6408 	DATA 	Keypress: space
697.6419 	EXP 	text: autoDraw = False
698.4951 	WARNING 	Stopping key buffers but this could be dangerous ifother keyboards rely on the same.
698.5087 	EXP 	text: text = 'You earned 4.5 out of 10 points in this round.\n\n Press [SPACE] to advance'
698.5087 	EXP 	text: autoDraw = True
699.5206 	DATA 	Keypress: space
699.5217 	EXP 	text: autoDraw = False
699.5270 	EXP 	text: text = 'Total points : 230.1'
707.2069 	EXP 	text: text = 'Press and hold [SPACE] to report the duration of the stimulus'
707.2069 	EXP 	text: autoDraw = True
708.4809 	DATA 	Keypress: space
708.4819 	EXP 	text: autoDraw = False
709.3591 	WARNING 	Stopping key buffers but this could be dangerous ifother keyboards rely on the same.
709.3736 	EXP 	text: text = 'You earned 9.6 out of 10 points in this round.\n\n Press [SPACE] to advance'
709.3736 	EXP 	text: autoDraw = True
710.6325 	DATA 	Keypress: space
710.6336 	EXP 	text: autoDraw = False
710.6403 	EXP 	text: text = 'Total points : 239.7'
720.1805 	EXP 	text: text = 'Press and hold [SPACE] to report the duration of the stimulus'
720.1805 	EXP 	text: autoDraw = True
721.4088 	DATA 	Keypress: space
721.4098 	EXP 	text: autoDraw = False
722.4151 	WARNING 	Stopping key buffers but this could be dangerous ifother keyboards rely on the same.
722.4281 	EXP 	text: text = 'You earned 4.8 out of 10 points in this round.\n\n Press [SPACE] to advance'
722.4281 	EXP 	text: autoDraw = True
723.2245 	DATA 	Keypress: space
723.2255 	EXP 	text: autoDraw = False
723.2404 	EXP 	text: text = 'Total points : 244.5'
731.4965 	EXP 	text: text = 'Press and hold [SPACE] to report the duration of the stimulus'
731.4965 	EXP 	text: autoDraw = True
732.4486 	DATA 	Keypress: space
732.4496 	EXP 	text: autoDraw = False
733.2550 	WARNING 	Stopping key buffers but this could be dangerous ifother keyboards rely on the same.
733.2736 	EXP 	text: text = 'You earned 6.2 out of 10 points in this round.\n\n Press [SPACE] to advance'
733.2736 	EXP 	text: autoDraw = True
734.1206 	DATA 	Keypress: space
734.1215 	EXP 	text: autoDraw = False
734.1270 	EXP 	text: text = 'Total points : 250.7'
743.1796 	EXP 	text: text = 'Press and hold [SPACE] to report the duration of the stimulus'
743.1796 	EXP 	text: autoDraw = True
744.0646 	DATA 	Keypress: space
744.0656 	EXP 	text: autoDraw = False
745.0871 	WARNING 	Stopping key buffers but this could be dangerous ifother keyboards rely on the same.
745.1070 	EXP 	text: text = 'You earned 6.4 out of 10 points in this round.\n\n Press [SPACE] to advance'
745.1070 	EXP 	text: autoDraw = True
746.1126 	DATA 	Keypress: space
746.1135 	EXP 	text: autoDraw = False
746.1237 	EXP 	text: text = 'Total points : 257.1'
752.9664 	DATA 	Keypress: k
753.1800 	EXP 	text: text = 'Press and hold [SPACE] to report the duration of the stimulus'
753.1800 	EXP 	text: autoDraw = True
754.2325 	DATA 	Keypress: space
754.2336 	EXP 	text: autoDraw = False
754.8631 	WARNING 	Stopping key buffers but this could be dangerous ifother keyboards rely on the same.
754.8762 	EXP 	text: text = 'You earned 7.9 out of 10 points in this round.\n\n Press [SPACE] to advance'
754.8762 	EXP 	text: autoDraw = True
756.0325 	DATA 	Keypress: space
756.0334 	EXP 	text: autoDraw = False
756.0403 	EXP 	text: text = 'Total points : 265.0'
765.9237 	EXP 	text: text = 'Press and hold [SPACE] to report the duration of the stimulus'
765.9237 	EXP 	text: autoDraw = True
766.5206 	DATA 	Keypress: space
766.5217 	EXP 	text: autoDraw = False
767.6071 	WARNING 	Stopping key buffers but this could be dangerous ifother keyboards rely on the same.
767.6237 	EXP 	text: text = 'You earned 4.8 out of 10 points in this round.\n\n Press [SPACE] to advance'
767.6237 	EXP 	text: autoDraw = True
768.5366 	DATA 	Keypress: space
768.5376 	EXP 	text: autoDraw = False
768.5435 	EXP 	text: text = 'Total points : 269.8'
777.0967 	EXP 	text: text = 'Press and hold [SPACE] to report the duration of the stimulus'
777.0967 	EXP 	text: autoDraw = True
777.9448 	DATA 	Keypress: space
777.9458 	EXP 	text: autoDraw = False
778.7751 	WARNING 	Stopping key buffers but this could be dangerous ifother keyboards rely on the same.
778.7903 	EXP 	text: text = 'You earned 5.6 out of 10 points in this round.\n\n Press [SPACE] to advance'
778.7903 	EXP 	text: autoDraw = True
779.7046 	DATA 	Keypress: space
779.7056 	EXP 	text: autoDraw = False
779.7109 	EXP 	text: text = 'Total points : 275.4'
786.7637 	EXP 	text: text = 'Press and hold [SPACE] to report the duration of the stimulus'
786.7637 	EXP 	text: autoDraw = True
787.7128 	DATA 	Keypress: space
787.7138 	EXP 	text: autoDraw = False
788.4311 	WARNING 	Stopping key buffers but this could be dangerous ifother keyboards rely on the same.
788.4447 	EXP 	text: text = 'You earned 9.4 out of 10 points in this round.\n\n Press [SPACE] to advance'
788.4447 	EXP 	text: autoDraw = True
789.4406 	DATA 	Keypress: space
789.4415 	EXP 	text: autoDraw = False
789.4570 	EXP 	text: text = 'Total points : 284.8'
799.5969 	EXP 	text: text = 'Press and hold [SPACE] to report the duration of the stimulus'
799.5969 	EXP 	text: autoDraw = True
801.1207 	DATA 	Keypress: space
801.1217 	EXP 	text: autoDraw = False
802.3031 	WARNING 	Stopping key buffers but this could be dangerous ifother keyboards rely on the same.
802.3162 	EXP 	text: text = 'You earned 5.1 out of 10 points in this round.\n\n Press [SPACE] to advance'
802.3162 	EXP 	text: autoDraw = True
803.2806 	DATA 	Keypress: space
803.2816 	EXP 	text: autoDraw = False
803.2903 	EXP 	text: text = 'Total points : 289.9'
811.5471 	EXP 	text: text = 'Press and hold [SPACE] to report the duration of the stimulus'
811.5471 	EXP 	text: autoDraw = True
812.4166 	DATA 	Keypress: space
812.4177 	EXP 	text: autoDraw = False
813.1751 	WARNING 	Stopping key buffers but this could be dangerous ifother keyboards rely on the same.
813.1904 	EXP 	text: text = 'You earned 5.6 out of 10 points in this round.\n\n Press [SPACE] to advance'
813.1904 	EXP 	text: autoDraw = True
814.1606 	DATA 	Keypress: space
814.1615 	EXP 	text: autoDraw = False
814.1737 	EXP 	text: text = 'Total points : 295.5'
821.8307 	EXP 	text: text = 'Press and hold [SPACE] to report the duration of the stimulus'
821.8307 	EXP 	text: autoDraw = True
822.9208 	DATA 	Keypress: space
822.9217 	EXP 	text: autoDraw = False
823.7910 	WARNING 	Stopping key buffers but this could be dangerous ifother keyboards rely on the same.
823.8069 	EXP 	text: text = 'You earned 9.5 out of 10 points in this round.\n\n Press [SPACE] to advance'
823.8069 	EXP 	text: autoDraw = True
825.1845 	DATA 	Keypress: space
825.1856 	EXP 	text: autoDraw = False
825.1908 	EXP 	text: text = 'Total points : 305.0'
833.4471 	EXP 	text: text = 'Press and hold [SPACE] to report the duration of the stimulus'
833.4471 	EXP 	text: autoDraw = True
834.3207 	DATA 	Keypress: space
834.3217 	EXP 	text: autoDraw = False
835.3191 	WARNING 	Stopping key buffers but this could be dangerous ifother keyboards rely on the same.
835.3323 	EXP 	text: text = 'You earned 9.0 out of 10 points in this round.\n\n Press [SPACE] to advance'
835.3323 	EXP 	text: autoDraw = True
836.3205 	DATA 	Keypress: space
836.3215 	EXP 	text: autoDraw = False
836.3270 	EXP 	text: text = 'Total points : 314.0'
843.6624 	EXP 	text: text = 'Press and hold [SPACE] to report the duration of the stimulus'
843.6624 	EXP 	text: autoDraw = True
844.6567 	DATA 	Keypress: space
844.6577 	EXP 	text: autoDraw = False
845.2871 	WARNING 	Stopping key buffers but this could be dangerous ifother keyboards rely on the same.
845.3069 	EXP 	text: text = 'You earned 6.8 out of 10 points in this round.\n\n Press [SPACE] to advance'
845.3069 	EXP 	text: autoDraw = True
846.2245 	DATA 	Keypress: space
846.2254 	EXP 	text: autoDraw = False
846.2403 	EXP 	text: text = 'Total points : 320.8'
855.7803 	EXP 	text: text = 'Press and hold [SPACE] to report the duration of the stimulus'
855.7803 	EXP 	text: autoDraw = True
856.6567 	DATA 	Keypress: space
856.6577 	EXP 	text: autoDraw = False
857.6791 	WARNING 	Stopping key buffers but this could be dangerous ifother keyboards rely on the same.
857.6925 	EXP 	text: text = 'You earned 5.0 out of 10 points in this round.\n\n Press [SPACE] to advance'
857.6925 	EXP 	text: autoDraw = True
858.6407 	DATA 	Keypress: space
858.6417 	EXP 	text: autoDraw = False
858.6570 	EXP 	text: text = 'Total points : 325.8'
866.0237 	EXP 	text: text = 'Press and hold [SPACE] to report the duration of the stimulus'
866.0237 	EXP 	text: autoDraw = True
867.0567 	DATA 	Keypress: space
867.0577 	EXP 	text: autoDraw = False
867.6070 	WARNING 	Stopping key buffers but this could be dangerous ifother keyboards rely on the same.
867.6237 	EXP 	text: text = 'You earned 5.8 out of 10 points in this round.\n\n Press [SPACE] to advance'
867.6237 	EXP 	text: autoDraw = True
868.4406 	DATA 	Keypress: space
868.4415 	EXP 	text: autoDraw = False
868.4570 	EXP 	text: text = 'Total points : 331.6'
876.9959 	EXP 	text: text = 'Press and hold [SPACE] to report the duration of the stimulus'
876.9959 	EXP 	text: autoDraw = True
877.8808 	DATA 	Keypress: space
877.8819 	EXP 	text: autoDraw = False
879.0071 	WARNING 	Stopping key buffers but this could be dangerous ifother keyboards rely on the same.
879.0235 	EXP 	text: text = 'You earned 9.9 out of 10 points in this round.\n\n Press [SPACE] to advance'
879.0235 	EXP 	text: autoDraw = True
880.8886 	DATA 	Keypress: space
880.8897 	EXP 	text: autoDraw = False
880.9070 	EXP 	text: text = 'Total points : 341.5'
888.5641 	EXP 	text: text = 'Press and hold [SPACE] to report the duration of the stimulus'
888.5641 	EXP 	text: autoDraw = True
889.4488 	DATA 	Keypress: space
889.4499 	EXP 	text: autoDraw = False
890.2390 	WARNING 	Stopping key buffers but this could be dangerous ifother keyboards rely on the same.
890.2570 	EXP 	text: text = 'You earned 8.1 out of 10 points in this round.\n\n Press [SPACE] to advance'
890.2570 	EXP 	text: autoDraw = True
891.2245 	DATA 	Keypress: space
891.2256 	EXP 	text: autoDraw = False
891.2403 	EXP 	text: text = 'Total points : 349.6'
899.2069 	EXP 	text: text = 'Press and hold [SPACE] to report the duration of the stimulus'
899.2069 	EXP 	text: autoDraw = True
899.9688 	DATA 	Keypress: space
899.9697 	EXP 	text: autoDraw = False
900.7991 	WARNING 	Stopping key buffers but this could be dangerous ifother keyboards rely on the same.
900.8125 	EXP 	text: text = 'You earned 7.5 out of 10 points in this round.\n\n Press [SPACE] to advance'
900.8125 	EXP 	text: autoDraw = True
901.6805 	DATA 	Keypress: space
901.6816 	EXP 	text: autoDraw = False
901.6902 	EXP 	text: text = 'Total points : 357.1'
911.2306 	EXP 	text: text = 'Press and hold [SPACE] to report the duration of the stimulus'
911.2306 	EXP 	text: autoDraw = True
911.9285 	DATA 	Keypress: space
911.9297 	EXP 	text: autoDraw = False
912.9271 	WARNING 	Stopping key buffers but this could be dangerous ifother keyboards rely on the same.
912.9403 	EXP 	text: text = 'You earned 4.7 out of 10 points in this round.\n\n Press [SPACE] to advance'
912.9403 	EXP 	text: autoDraw = True
913.6727 	DATA 	Keypress: space
913.6736 	EXP 	text: autoDraw = False
913.6903 	EXP 	text: text = 'Total points : 361.8'
923.8308 	EXP 	text: text = 'Press and hold [SPACE] to report the duration of the stimulus'
923.8308 	EXP 	text: autoDraw = True
925.0886 	DATA 	Keypress: space
925.0896 	EXP 	text: autoDraw = False
926.2711 	WARNING 	Stopping key buffers but this could be dangerous ifother keyboards rely on the same.
926.2903 	EXP 	text: text = 'You earned 5.1 out of 10 points in this round.\n\n Press [SPACE] to advance'
926.2903 	EXP 	text: autoDraw = True
927.3526 	DATA 	Keypress: space
927.3536 	EXP 	text: autoDraw = False
927.3589 	EXP 	text: text = 'Total points : 366.9'
934.4403 	EXP 	text: text = 'Press and hold [SPACE] to report the duration of the stimulus'
934.4403 	EXP 	text: autoDraw = True
935.4568 	DATA 	Keypress: space
935.4578 	EXP 	text: autoDraw = False
936.2231 	WARNING 	Stopping key buffers but this could be dangerous ifother keyboards rely on the same.
936.2404 	EXP 	text: text = 'You earned 9.6 out of 10 points in this round.\n\n Press [SPACE] to advance'
936.2404 	EXP 	text: autoDraw = True
937.1286 	DATA 	Keypress: space
937.1297 	EXP 	text: autoDraw = False
937.1404 	EXP 	text: text = 'Total points : 376.5'
946.1953 	EXP 	text: text = 'Press and hold [SPACE] to report the duration of the stimulus'
946.1953 	EXP 	text: autoDraw = True
946.8728 	DATA 	Keypress: space
946.8738 	EXP 	text: autoDraw = False
947.7591 	WARNING 	Stopping key buffers but this could be dangerous ifother keyboards rely on the same.
947.7736 	EXP 	text: text = 'You earned 4.8 out of 10 points in this round.\n\n Press [SPACE] to advance'
947.7736 	EXP 	text: autoDraw = True
948.5926 	DATA 	Keypress: space
948.5935 	EXP 	text: autoDraw = False
948.6070 	EXP 	text: text = 'Total points : 381.3'
958.4633 	EXP 	text: text = 'Press and hold [SPACE] to report the duration of the stimulus'
958.4633 	EXP 	text: autoDraw = True
959.2166 	DATA 	Keypress: space
959.2177 	EXP 	text: autoDraw = False
960.2471 	WARNING 	Stopping key buffers but this could be dangerous ifother keyboards rely on the same.
960.2602 	EXP 	text: text = 'You earned 4.3 out of 10 points in this round.\n\n Press [SPACE] to advance'
960.2602 	EXP 	text: autoDraw = True
961.0806 	DATA 	Keypress: space
961.0817 	EXP 	text: autoDraw = False
961.0903 	EXP 	text: text = 'Total points : 385.6'
968.4300 	EXP 	text: text = 'Press and hold [SPACE] to report the duration of the stimulus'
968.4300 	EXP 	text: autoDraw = True
969.4487 	DATA 	Keypress: space
969.4498 	EXP 	text: autoDraw = False
970.5191 	WARNING 	Stopping key buffers but this could be dangerous ifother keyboards rely on the same.
970.5305 	EXP 	text: text = 'Total points : 385.6'
970.5305 	EXP 	text: text = 'Your response exceeded the actual time.\n\n Press [SPACE] to advance'
970.5305 	EXP 	text: autoDraw = True
971.2645 	DATA 	Keypress: space
971.2655 	EXP 	text: autoDraw = False
978.6569 	EXP 	text: text = 'Press and hold [SPACE] to report the duration of the stimulus'
978.6569 	EXP 	text: autoDraw = True
979.7688 	DATA 	Keypress: space
979.7698 	EXP 	text: autoDraw = False
980.5591 	WARNING 	Stopping key buffers but this could be dangerous ifother keyboards rely on the same.
980.5736 	EXP 	text: text = 'You earned 9.4 out of 10 points in this round.\n\n Press [SPACE] to advance'
980.5736 	EXP 	text: autoDraw = True
981.4166 	DATA 	Keypress: space
981.4177 	EXP 	text: autoDraw = False
981.4234 	EXP 	text: text = 'Total points : 395.0'
989.3631 	EXP 	text: text = 'Press and hold [SPACE] to report the duration of the stimulus'
989.3631 	EXP 	text: autoDraw = True
990.1607 	DATA 	Keypress: space
990.1618 	EXP 	text: autoDraw = False
990.9911 	WARNING 	Stopping key buffers but this could be dangerous ifother keyboards rely on the same.
991.0071 	EXP 	text: text = 'You earned 7.5 out of 10 points in this round.\n\n Press [SPACE] to advance'
991.0071 	EXP 	text: autoDraw = True
991.8005 	DATA 	Keypress: space
991.8016 	EXP 	text: autoDraw = False
991.8069 	EXP 	text: text = 'Total points : 402.5'
999.7466 	EXP 	text: text = 'Press and hold [SPACE] to report the duration of the stimulus'
999.7466 	EXP 	text: autoDraw = True
1000.7527 	DATA 	Keypress: space
1000.7537 	EXP 	text: autoDraw = False
1001.2391 	WARNING 	Stopping key buffers but this could be dangerous ifother keyboards rely on the same.
1001.2570 	EXP 	text: text = 'You earned 3.8 out of 10 points in this round.\n\n Press [SPACE] to advance'
1001.2570 	EXP 	text: autoDraw = True
1001.9925 	DATA 	Keypress: space
1001.9935 	EXP 	text: autoDraw = False
1002.0070 	EXP 	text: text = 'Total points : 406.3'
1009.9466 	EXP 	text: text = 'Press and hold [SPACE] to report the duration of the stimulus'
1009.9466 	EXP 	text: autoDraw = True
1010.8727 	DATA 	Keypress: space
1010.8738 	EXP 	text: autoDraw = False
1011.7031 	WARNING 	Stopping key buffers but this could be dangerous ifother keyboards rely on the same.
1011.7162 	EXP 	text: text = 'You earned 7.5 out of 10 points in this round.\n\n Press [SPACE] to advance'
1011.7162 	EXP 	text: autoDraw = True
1012.5365 	DATA 	Keypress: space
1012.5374 	EXP 	text: autoDraw = False
1012.5430 	EXP 	text: text = 'Total points : 413.8'
1022.6806 	EXP 	text: text = 'Press and hold [SPACE] to report the duration of the stimulus'
1022.6806 	EXP 	text: autoDraw = True
1024.2167 	DATA 	Keypress: space
1024.2177 	EXP 	text: autoDraw = False
1025.2391 	WARNING 	Stopping key buffers but this could be dangerous ifother keyboards rely on the same.
1025.2570 	EXP 	text: text = 'You earned 3.7 out of 10 points in this round.\n\n Press [SPACE] to advance'
1025.2570 	EXP 	text: autoDraw = True
1026.5365 	DATA 	Keypress: space
1026.5375 	EXP 	text: autoDraw = False
1026.5429 	EXP 	text: text = 'Total points : 417.5'
1033.5972 	EXP 	text: text = 'Press and hold [SPACE] to report the duration of the stimulus'
1033.5972 	EXP 	text: autoDraw = True
1034.5367 	DATA 	Keypress: space
1034.5377 	EXP 	text: autoDraw = False
1035.3190 	WARNING 	Stopping key buffers but this could be dangerous ifother keyboards rely on the same.
1035.3305 	EXP 	text: text = 'Total points : 417.5'
1035.3305 	EXP 	text: text = 'Your response exceeded the actual time.\n\n Press [SPACE] to advance'
1035.3305 	EXP 	text: autoDraw = True
1036.1445 	DATA 	Keypress: space
1036.1456 	EXP 	text: autoDraw = False
1043.2306 	EXP 	text: text = 'Press and hold [SPACE] to report the duration of the stimulus'
1043.2306 	EXP 	text: autoDraw = True
1044.2488 	DATA 	Keypress: space
1044.2497 	EXP 	text: autoDraw = False
1045.0231 	WARNING 	Stopping key buffers but this could be dangerous ifother keyboards rely on the same.
1045.0347 	EXP 	text: text = 'Total points : 417.5'
1045.0347 	EXP 	text: text = 'Your response exceeded the actual time.\n\n Press [SPACE] to advance'
1045.0347 	EXP 	text: autoDraw = True
1045.6965 	DATA 	Keypress: space
1045.6976 	EXP 	text: autoDraw = False
1055.2634 	EXP 	text: text = 'Press and hold [SPACE] to report the duration of the stimulus'
1055.2634 	EXP 	text: autoDraw = True
1056.7128 	DATA 	Keypress: space
1056.7140 	EXP 	text: autoDraw = False
1057.6631 	WARNING 	Stopping key buffers but this could be dangerous ifother keyboards rely on the same.
1057.6762 	EXP 	text: text = 'You earned 4.3 out of 10 points in this round.\n\n Press [SPACE] to advance'
1057.6762 	EXP 	text: autoDraw = True
1058.8326 	DATA 	Keypress: space
1058.8335 	EXP 	text: autoDraw = False
1058.8403 	EXP 	text: text = 'Total points : 421.8'
1066.4969 	EXP 	text: text = 'Press and hold [SPACE] to report the duration of the stimulus'
1066.4969 	EXP 	text: autoDraw = True
1067.4728 	DATA 	Keypress: space
1067.4739 	EXP 	text: autoDraw = False
1068.3030 	WARNING 	Stopping key buffers but this could be dangerous ifother keyboards rely on the same.
1068.3162 	EXP 	text: text = 'You earned 8.7 out of 10 points in this round.\n\n Press [SPACE] to advance'
1068.3162 	EXP 	text: autoDraw = True
1069.0726 	DATA 	Keypress: space
1069.0735 	EXP 	text: autoDraw = False
1069.0903 	EXP 	text: text = 'Total points : 430.5'
1079.2301 	EXP 	text: text = 'Press and hold [SPACE] to report the duration of the stimulus'
1079.2301 	EXP 	text: autoDraw = True
1080.6007 	DATA 	Keypress: space
1080.6017 	EXP 	text: autoDraw = False
1081.5430 	WARNING 	Stopping key buffers but this could be dangerous ifother keyboards rely on the same.
1081.5567 	EXP 	text: text = 'You earned 3.1 out of 10 points in this round.\n\n Press [SPACE] to advance'
1081.5567 	EXP 	text: autoDraw = True
1085.7685 	DATA 	Keypress: space
1085.7695 	EXP 	text: autoDraw = False
1085.7748 	EXP 	text: text = 'Total points : 433.6'
1095.3403 	EXP 	text: text = 'Press and hold [SPACE] to report the duration of the stimulus'
1095.3403 	EXP 	text: autoDraw = True
1097.0808 	DATA 	Keypress: space
1097.0818 	EXP 	text: autoDraw = False
1098.5270 	WARNING 	Stopping key buffers but this could be dangerous ifother keyboards rely on the same.
1098.5384 	EXP 	text: text = 'Total points : 433.6'
1098.5384 	EXP 	text: text = 'Your response exceeded the actual time.\n\n Press [SPACE] to advance'
1098.5384 	EXP 	text: autoDraw = True
1100.4725 	DATA 	Keypress: space
1100.4736 	EXP 	text: autoDraw = False
1110.6473 	EXP 	text: text = 'Press and hold [SPACE] to report the duration of the stimulus'
1110.6473 	EXP 	text: autoDraw = True
1111.3288 	DATA 	Keypress: space
1111.3297 	EXP 	text: autoDraw = False
1111.9351 	WARNING 	Stopping key buffers but this could be dangerous ifother keyboards rely on the same.
1111.9481 	EXP 	text: text = 'You earned 1.6 out of 10 points in this round.\n\n Press [SPACE] to advance'
1111.9481 	EXP 	text: autoDraw = True
1116.7686 	DATA 	Keypress: space
1116.7697 	EXP 	text: autoDraw = False
1116.7751 	EXP 	text: text = 'Total points : 435.2'
1124.1140 	EXP 	text: text = 'Press and hold [SPACE] to report the duration of the stimulus'
1124.1140 	EXP 	text: autoDraw = True
1125.4408 	DATA 	Keypress: space
1125.4419 	EXP 	text: autoDraw = False
1126.0951 	WARNING 	Stopping key buffers but this could be dangerous ifother keyboards rely on the same.
1126.1083 	EXP 	text: text = 'You earned 7.1 out of 10 points in this round.\n\n Press [SPACE] to advance'
1126.1083 	EXP 	text: autoDraw = True
1126.9045 	DATA 	Keypress: space
1126.9054 	EXP 	text: autoDraw = False
1126.9107 	EXP 	text: text = 'Total points : 442.3'
1136.4903 	EXP 	text: text = 'Press and hold [SPACE] to report the duration of the stimulus'
1136.4903 	EXP 	text: autoDraw = True
1138.3528 	DATA 	Keypress: space
1138.3539 	EXP 	text: autoDraw = False
1139.7512 	WARNING 	Stopping key buffers but this could be dangerous ifother keyboards rely on the same.
1139.7626 	EXP 	text: text = 'Total points : 442.3'
1139.7626 	EXP 	text: text = 'Your response exceeded the actual time.\n\n Press [SPACE] to advance'
1139.7626 	EXP 	text: autoDraw = True
1140.8964 	DATA 	Keypress: space
1140.8974 	EXP 	text: autoDraw = False
1150.8070 	EXP 	text: text = 'Press and hold [SPACE] to report the duration of the stimulus'
1150.8070 	EXP 	text: autoDraw = True
1152.0728 	DATA 	Keypress: space
1152.0738 	EXP 	text: autoDraw = False
1152.9991 	WARNING 	Stopping key buffers but this could be dangerous ifother keyboards rely on the same.
1153.0121 	EXP 	text: text = 'You earned 3.5 out of 10 points in this round.\n\n Press [SPACE] to advance'
1153.0121 	EXP 	text: autoDraw = True
1154.4806 	DATA 	Keypress: space
1154.4816 	EXP 	text: autoDraw = False
1154.4903 	EXP 	text: text = 'Total points : 445.8'
1164.6310 	EXP 	text: text = 'Press and hold [SPACE] to report the duration of the stimulus'
1164.6310 	EXP 	text: autoDraw = True
1166.0647 	DATA 	Keypress: space
1166.0658 	EXP 	text: autoDraw = False
1167.0710 	WARNING 	Stopping key buffers but this could be dangerous ifother keyboards rely on the same.
1167.0903 	EXP 	text: text = 'You earned 3.6 out of 10 points in this round.\n\n Press [SPACE] to advance'
1167.0903 	EXP 	text: autoDraw = True
1167.8885 	DATA 	Keypress: space
1167.8896 	EXP 	text: autoDraw = False
1167.9070 	EXP 	text: text = 'Total points : 449.4'
1175.5631 	EXP 	text: text = 'Press and hold [SPACE] to report the duration of the stimulus'
1175.5631 	EXP 	text: autoDraw = True
1177.3127 	DATA 	Keypress: space
1177.3137 	EXP 	text: autoDraw = False
1177.5831 	WARNING 	Stopping key buffers but this could be dangerous ifother keyboards rely on the same.
1177.5946 	EXP 	text: text = 'You earned 2.8 out of 10 points in this round.\n\n Press [SPACE] to advance'
1177.5946 	EXP 	text: autoDraw = True
1179.0966 	DATA 	Keypress: space
1179.0977 	EXP 	text: autoDraw = False
1179.1069 	EXP 	text: text = 'Total points : 452.2'
1186.1633 	EXP 	text: text = 'Press and hold [SPACE] to report the duration of the stimulus'
1186.1633 	EXP 	text: autoDraw = True
1187.2567 	DATA 	Keypress: space
1187.2579 	EXP 	text: autoDraw = False
1187.7910 	WARNING 	Stopping key buffers but this could be dangerous ifother keyboards rely on the same.
1187.8070 	EXP 	text: text = 'You earned 6.5 out of 10 points in this round.\n\n Press [SPACE] to advance'
1187.8070 	EXP 	text: autoDraw = True
1188.7365 	DATA 	Keypress: space
1188.7376 	EXP 	text: autoDraw = False
1188.7429 	EXP 	text: text = 'Total points : 458.7'
1196.3967 	EXP 	text: text = 'Press and hold [SPACE] to report the duration of the stimulus'
1196.3967 	EXP 	text: autoDraw = True
1197.3687 	DATA 	Keypress: space
1197.3698 	EXP 	text: autoDraw = False
1197.9111 	WARNING 	Stopping key buffers but this could be dangerous ifother keyboards rely on the same.
1197.9246 	EXP 	text: text = 'You earned 4.9 out of 10 points in this round.\n\n Press [SPACE] to advance'
1197.9246 	EXP 	text: autoDraw = True
1198.9126 	DATA 	Keypress: space
1198.9136 	EXP 	text: autoDraw = False
1198.9236 	EXP 	text: text = 'Total points : 463.6'
1209.0903 	EXP 	text: text = 'Press and hold [SPACE] to report the duration of the stimulus'
1209.0903 	EXP 	text: autoDraw = True
1210.3447 	DATA 	Keypress: space
1210.3459 	EXP 	text: autoDraw = False
1211.4151 	WARNING 	Stopping key buffers but this could be dangerous ifother keyboards rely on the same.
1211.4285 	EXP 	text: text = 'You earned 4.0 out of 10 points in this round.\n\n Press [SPACE] to advance'
1211.4285 	EXP 	text: autoDraw = True
1212.2725 	DATA 	Keypress: space
1212.2736 	EXP 	text: autoDraw = False
1212.2903 	EXP 	text: text = 'Total points : 467.6'
1220.8299 	EXP 	text: text = 'Press and hold [SPACE] to report the duration of the stimulus'
1220.8299 	EXP 	text: autoDraw = True
1221.9207 	DATA 	Keypress: space
1221.9218 	EXP 	text: autoDraw = False
1222.9351 	WARNING 	Stopping key buffers but this could be dangerous ifother keyboards rely on the same.
1222.9485 	EXP 	text: text = 'You earned 8.0 out of 10 points in this round.\n\n Press [SPACE] to advance'
1222.9485 	EXP 	text: autoDraw = True
1223.8886 	DATA 	Keypress: space
1223.8897 	EXP 	text: autoDraw = False
1223.9070 	EXP 	text: text = 'Total points : 475.6'
1233.7635 	EXP 	text: text = 'Press and hold [SPACE] to report the duration of the stimulus'
1233.7635 	EXP 	text: autoDraw = True
1234.4967 	DATA 	Keypress: space
1234.4976 	EXP 	text: autoDraw = False
1235.4310 	WARNING 	Stopping key buffers but this could be dangerous ifother keyboards rely on the same.
1235.4440 	EXP 	text: text = 'You earned 3.6 out of 10 points in this round.\n\n Press [SPACE] to advance'
1235.4440 	EXP 	text: autoDraw = True
1236.1845 	DATA 	Keypress: space
1236.1856 	EXP 	text: autoDraw = False
1236.1908 	EXP 	text: text = 'Total points : 479.2'
1246.0470 	EXP 	text: text = 'Press and hold [SPACE] to report the duration of the stimulus'
1246.0470 	EXP 	text: autoDraw = True
1246.8728 	DATA 	Keypress: space
1246.8739 	EXP 	text: autoDraw = False
1248.1591 	WARNING 	Stopping key buffers but this could be dangerous ifother keyboards rely on the same.
1248.1737 	EXP 	text: text = 'You earned 7.2 out of 10 points in this round.\n\n Press [SPACE] to advance'
1248.1737 	EXP 	text: autoDraw = True
1251.8886 	DATA 	Keypress: space
1251.8896 	EXP 	text: autoDraw = False
1251.9069 	EXP 	text: text = 'Total points : 486.4'
1259.2471 	EXP 	text: text = 'Press and hold [SPACE] to report the duration of the stimulus'
1259.2471 	EXP 	text: autoDraw = True
1260.3208 	DATA 	Keypress: space
1260.3220 	EXP 	text: autoDraw = False
1260.8711 	WARNING 	Stopping key buffers but this could be dangerous ifother keyboards rely on the same.
1260.8903 	EXP 	text: text = 'You earned 5.8 out of 10 points in this round.\n\n Press [SPACE] to advance'
1260.8903 	EXP 	text: autoDraw = True
1261.8325 	DATA 	Keypress: space
1261.8336 	EXP 	text: autoDraw = False
1261.8403 	EXP 	text: text = 'Total points : 492.2'
1270.3802 	EXP 	text: text = 'Press and hold [SPACE] to report the duration of the stimulus'
1270.3802 	EXP 	text: autoDraw = True
1271.2007 	DATA 	Keypress: space
1271.2018 	EXP 	text: autoDraw = False
1271.9991 	WARNING 	Stopping key buffers but this could be dangerous ifother keyboards rely on the same.
1272.0129 	EXP 	text: text = 'You earned 5.2 out of 10 points in this round.\n\n Press [SPACE] to advance'
1272.0129 	EXP 	text: autoDraw = True
1272.9047 	DATA 	Keypress: space
1272.9057 	EXP 	text: autoDraw = False
1272.9111 	EXP 	text: text = 'Total points : 497.4'
1282.4639 	EXP 	text: text = 'Press and hold [SPACE] to report the duration of the stimulus'
1282.4639 	EXP 	text: autoDraw = True
1283.2967 	DATA 	Keypress: space
1283.2978 	EXP 	text: autoDraw = False
1284.1991 	WARNING 	Stopping key buffers but this could be dangerous ifother keyboards rely on the same.
1284.2122 	EXP 	text: text = 'You earned 3.9 out of 10 points in this round.\n\n Press [SPACE] to advance'
1284.2122 	EXP 	text: autoDraw = True
1285.6725 	DATA 	Keypress: space
1285.6735 	EXP 	text: autoDraw = False
1285.6903 	EXP 	text: text = 'Total points : 501.3'
1295.5468 	EXP 	text: text = 'Press and hold [SPACE] to report the duration of the stimulus'
1295.5468 	EXP 	text: autoDraw = True
1297.0488 	DATA 	Keypress: space
1297.0498 	EXP 	text: autoDraw = False
1298.1431 	WARNING 	Stopping key buffers but this could be dangerous ifother keyboards rely on the same.
1298.1567 	EXP 	text: text = 'You earned 4.9 out of 10 points in this round.\n\n Press [SPACE] to advance'
1298.1567 	EXP 	text: autoDraw = True
1299.0966 	DATA 	Keypress: space
1299.0976 	EXP 	text: autoDraw = False
1299.1070 	EXP 	text: text = 'Total points : 506.2'
1308.1627 	EXP 	text: text = 'Press and hold [SPACE] to report the duration of the stimulus'
1308.1627 	EXP 	text: autoDraw = True
1309.1286 	DATA 	Keypress: space
1309.1298 	EXP 	text: autoDraw = False
1310.0871 	WARNING 	Stopping key buffers but this could be dangerous ifother keyboards rely on the same.
1310.1069 	EXP 	text: text = 'You earned 5.6 out of 10 points in this round.\n\n Press [SPACE] to advance'
1310.1069 	EXP 	text: autoDraw = True
1310.9446 	DATA 	Keypress: space
1310.9457 	EXP 	text: autoDraw = False
1310.9569 	EXP 	text: text = 'Total points : 511.8'
1319.2135 	EXP 	text: text = 'Press and hold [SPACE] to report the duration of the stimulus'
1319.2135 	EXP 	text: autoDraw = True
1320.1848 	DATA 	Keypress: space
1320.1858 	EXP 	text: autoDraw = False
1321.1671 	WARNING 	Stopping key buffers but this could be dangerous ifother keyboards rely on the same.
1321.1801 	EXP 	text: text = 'You earned 8.8 out of 10 points in this round.\n\n Press [SPACE] to advance'
1321.1801 	EXP 	text: autoDraw = True
1322.0566 	DATA 	Keypress: space
1322.0577 	EXP 	text: autoDraw = False
1322.0737 	EXP 	text: text = 'Total points : 520.6'
1331.9304 	EXP 	text: text = 'Press and hold [SPACE] to report the duration of the stimulus'
1331.9304 	EXP 	text: autoDraw = True
1332.6486 	DATA 	Keypress: space
1332.6496 	EXP 	text: autoDraw = False
1333.5510 	WARNING 	Stopping key buffers but this could be dangerous ifother keyboards rely on the same.
1333.5642 	EXP 	text: text = 'You earned 3.4 out of 10 points in this round.\n\n Press [SPACE] to advance'
1333.5642 	EXP 	text: autoDraw = True
1334.3605 	DATA 	Keypress: space
1334.3616 	EXP 	text: autoDraw = False
1334.3737 	EXP 	text: text = 'Total points : 524.0'
1341.9598 	DATA 	Keypress: space
1342.3403 	EXP 	text: text = 'Press and hold [SPACE] to report the duration of the stimulus'
1342.3403 	EXP 	text: autoDraw = True
1343.5685 	DATA 	Keypress: space
1343.5695 	EXP 	text: autoDraw = False
1344.4391 	WARNING 	Stopping key buffers but this could be dangerous ifother keyboards rely on the same.
1344.4570 	EXP 	text: text = 'You earned 8.1 out of 10 points in this round.\n\n Press [SPACE] to advance'
1344.4570 	EXP 	text: autoDraw = True
1345.3046 	DATA 	Keypress: space
1345.3056 	EXP 	text: autoDraw = False
1345.3107 	INFO 	Finishing at 14:36 on 18 Oct 2019
1345.5721 	EXP 	window1: mouseVisible = True
