9.7260 	ERROR 	Screen apparently NOT the desired resolution of 3840x2160 pixels!!
12.4307 	WARNING 	User requested fullscreen with size [3840 2160], but screen is actually [1920, 1080]. Using actual size
13.0063 	INFO 	Successfully set darwin thread to realtime
14.0645 	INFO 	#[ PsychoPy3 RuntimeInfoStart ]
  #[[ PsychoPy ]] #---------
    psychopyVersion: 3.2.3
    psychopyHaveExtRush: True
  #[[ Experiment ]] #---------
    experimentRunTime: 2019_10_18 14:38 (Year_Month_Day Hour:Min)
    experimentRunTime.epoch: 1571423918
    experimentScript: Experiment 2.py
    experimentScript.digestSHA1: fe71705ab97eafb8e28311b91940a8d0e5f8437c
    experimentScript.directory: /Users/supadhy6/Documents/GitHub/spatio_temporal_information_processing/Time_Subjective_Expansion/Jon_Ian_collaboration
  #[[ System ]] #---------
    systemHaveInternetAccess: True
    systemHostName: pbs-cf-mini1.local
    systemLocale: C
    systemMemFreeRAM: 12893.98046875
    systemMemTotalRAM: 16384.0
    systemPlatform: darwin 10.12.6 x86_64
    systemPyoVersion: -
    systemRebooted: Oct 17 09:57
    systemSec.OpenSSLVersion: OpenSSL 0.9.8zh 14 Jan 2016
    systemSec.pythonSSL: True
    systemTimeNumpySD1000000_sec: 0.0059
    systemUser: supadhy6
    systemUserID: 1903061739
    systemUsersCount: 1
  #[[ Window ]] #---------
    windowWinType: pyglet
    windowUnits: deg
    windowSize_pix: [1920 1080]
    windowScreen: 0
    windowRgb: [255. 255. 255.]
    windowRefreshTimeSD_ms: 0.088
    windowRefreshTimeMedian_ms: 16.677
    windowRefreshTimeAvg_ms: 16.669
    windowPos_pix: [0.0, 0.0]
    windowMonitor.name: testmonitor
    windowMonitor.getWidth_cm: 56.0
    windowMonitor.getDistance_cm: 65.0
    windowMonitor.currentCalibName: 2019_09_24 12:00
    windowIsFullScr: True
  #[[ Python ]] #---------
    pythonVersion: 3.6.1
  #[[ OpenGL ]] #---------
#[ PsychoPy3 RuntimeInfoEnd ]

14.1580 	EXP 	Created text = TextStim(__class__=<class 'psychopy.visual.text.TextStim'>, alignHoriz='center', alignVert='center', antialias=True, autoLog=True, bold=False, color='black', colorSpace='named', contrast=1.0, depth=-1.0, flipHoriz=False, flipVert=False, font='Arial', fontFiles=[], height=0.35, italic=False, languageStyle='LTR', name='text', opacity=1.0, ori=0, pos=array([0., 0.]), rgb=array([0., 0., 0.]), text=str(...), units='deg', win=Window(...), wrapWidth=20)
14.1646 	EXP 	Created text = TextStim(__class__=<class 'psychopy.visual.text.TextStim'>, alignHoriz='center', alignVert='center', antialias=True, autoLog=True, bold=False, color='black', colorSpace='named', contrast=1.0, depth=-1.0, flipHoriz=False, flipVert=False, font='Arial', fontFiles=[], height=0.35, italic=False, languageStyle='LTR', name='text', opacity=1.0, ori=0, pos=array([5., 5.]), rgb=array([0., 0., 0.]), text='Total points : 0', units='deg', win=Window(...), wrapWidth=20)
14.2382 	EXP 	text: text = 'Welcome! Thank you for agreeing to participate in this study.\n\nIn this study, we want to examine your ability to perceive duration — how long something lasts.\n\nThe task is simple. In each trial, you will see a disc appear on the screen and then disappear. There will be four such disks. We want you to pay attention to how long the last disc lasts. Get a sense of its duration.\n\nThe fourth disk could be either the same / different type depending on the trial. After the fourth disc disappears it will be your turn to report its duration. Press and hold down the spacebar. \n\nPress any key to continue to the next page. \n\n'
14.2382 	EXP 	text: autoDraw = True
61.8044 	DATA 	Keypress: right
61.8051 	EXP 	text: autoDraw = False
61.8788 	EXP 	text: text = "We really want you to be as accurate as you can. So a game will be played to make it more fun. We want you to hold down the space bar for as long as you saw the last disc lasted, but no longer! The closer you get to the right answer, the more points we will award you in that trial. But if you go over the actual duration you won't get any points on that trial. So you need to be as accurate as possible without going over to earn the max. Each trial will be for 10 points. There are about 100 trials. If you collect a total of 600 points by the end, we will double the credit you get for the experiment.\n\nIf you're feeling uncomfortable, you can press ESC key any time to stop the experiment.\n\nPress any key you are ready to do some practice trials.\n\n"
61.8788 	EXP 	text: autoDraw = True
101.2908 	DATA 	Keypress: space
101.2917 	EXP 	text: autoDraw = False
101.2969 	EXP 	text: autoDraw = True
108.4482 	EXP 	text: text = 'Press and hold [SPACE] to report the duration of the stimulus'
108.4482 	EXP 	text: autoDraw = True
109.3461 	DATA 	Keypress: space
109.3471 	EXP 	text: autoDraw = False
109.9683 	WARNING 	Stopping key buffers but this could be dangerous ifother keyboards rely on the same.
109.9857 	EXP 	text: text = 'You earned 7.8 out of 10 points in this round.\n\n Press [SPACE] to advance'
109.9857 	EXP 	text: autoDraw = True
112.3139 	DATA 	Keypress: space
112.3150 	EXP 	text: autoDraw = False
112.3303 	EXP 	text: text = 'Total points : 7.8'
120.1862 	EXP 	text: text = 'Press and hold [SPACE] to report the duration of the stimulus'
120.1862 	EXP 	text: autoDraw = True
120.9779 	DATA 	Keypress: space
120.9788 	EXP 	text: autoDraw = False
121.6003 	WARNING 	Stopping key buffers but this could be dangerous ifother keyboards rely on the same.
121.6154 	EXP 	text: text = 'You earned 5.2 out of 10 points in this round.\n\n Press [SPACE] to advance'
121.6154 	EXP 	text: autoDraw = True
122.8820 	DATA 	Keypress: space
122.8829 	EXP 	text: autoDraw = False
122.8969 	EXP 	text: text = 'Total points : 13.0'
131.9802 	EXP 	text: text = 'Press and hold [SPACE] to report the duration of the stimulus'
131.9802 	EXP 	text: autoDraw = True
132.8341 	DATA 	Keypress: space
132.8351 	EXP 	text: autoDraw = False
133.5523 	WARNING 	Stopping key buffers but this could be dangerous ifother keyboards rely on the same.
133.5658 	EXP 	text: text = 'You earned 3.5 out of 10 points in this round.\n\n Press [SPACE] to advance'
133.5658 	EXP 	text: autoDraw = True
134.7297 	DATA 	Keypress: space
134.7307 	EXP 	text: autoDraw = False
134.7478 	EXP 	text: text = 'Total points : 16.5'
134.7478 	EXP 	text: text = 'Total points : 0'
134.7478 	EXP 	text: text = 'Great! Now press any key to begin the experiment'
134.7478 	EXP 	text: autoDraw = True
147.9458 	DATA 	Keypress: space
147.9469 	EXP 	text: autoDraw = False
157.8207 	EXP 	text: text = 'Press and hold [SPACE] to report the duration of the stimulus'
157.8207 	EXP 	text: autoDraw = True
158.7860 	DATA 	Keypress: space
158.7870 	EXP 	text: autoDraw = False
159.6163 	WARNING 	Stopping key buffers but this could be dangerous ifother keyboards rely on the same.
159.6308 	EXP 	text: text = 'You earned 2.9 out of 10 points in this round.\n\n Press [SPACE] to advance'
159.6308 	EXP 	text: autoDraw = True
161.5059 	DATA 	Keypress: space
161.5070 	EXP 	text: autoDraw = False
161.5135 	EXP 	text: text = 'Total points : 2.9'
169.7710 	EXP 	text: text = 'Press and hold [SPACE] to report the duration of the stimulus'
169.7710 	EXP 	text: autoDraw = True
170.6019 	DATA 	Keypress: space
170.6029 	EXP 	text: autoDraw = False
171.4643 	WARNING 	Stopping key buffers but this could be dangerous ifother keyboards rely on the same.
171.4803 	EXP 	text: text = 'You earned 6.9 out of 10 points in this round.\n\n Press [SPACE] to advance'
171.4803 	EXP 	text: autoDraw = True
172.4897 	DATA 	Keypress: space
172.4907 	EXP 	text: autoDraw = False
172.4969 	EXP 	text: text = 'Total points : 9.8'
180.1540 	EXP 	text: text = 'Press and hold [SPACE] to report the duration of the stimulus'
180.1540 	EXP 	text: autoDraw = True
181.1459 	DATA 	Keypress: space
181.1469 	EXP 	text: autoDraw = False
181.9044 	WARNING 	Stopping key buffers but this could be dangerous ifother keyboards rely on the same.
181.9176 	EXP 	text: text = 'You earned 7.6 out of 10 points in this round.\n\n Press [SPACE] to advance'
181.9176 	EXP 	text: autoDraw = True
182.7619 	DATA 	Keypress: space
182.7628 	EXP 	text: autoDraw = False
182.7802 	EXP 	text: text = 'Total points : 17.4'
191.0372 	EXP 	text: text = 'Press and hold [SPACE] to report the duration of the stimulus'
191.0372 	EXP 	text: autoDraw = True
191.9859 	DATA 	Keypress: space
191.9870 	EXP 	text: autoDraw = False
192.7683 	WARNING 	Stopping key buffers but this could be dangerous ifother keyboards rely on the same.
192.7817 	EXP 	text: text = 'You earned 5.9 out of 10 points in this round.\n\n Press [SPACE] to advance'
192.7817 	EXP 	text: autoDraw = True
193.5778 	DATA 	Keypress: space
193.5789 	EXP 	text: autoDraw = False
193.5840 	EXP 	text: text = 'Total points : 23.3'
202.6367 	EXP 	text: text = 'Press and hold [SPACE] to report the duration of the stimulus'
202.6367 	EXP 	text: autoDraw = True
203.6179 	DATA 	Keypress: space
203.6191 	EXP 	text: autoDraw = False
204.4803 	WARNING 	Stopping key buffers but this could be dangerous ifother keyboards rely on the same.
204.4968 	EXP 	text: text = 'You earned 4.6 out of 10 points in this round.\n\n Press [SPACE] to advance'
204.4968 	EXP 	text: autoDraw = True
205.3137 	DATA 	Keypress: space
205.3147 	EXP 	text: autoDraw = False
205.3302 	EXP 	text: text = 'Total points : 27.9'
212.6696 	EXP 	text: text = 'Press and hold [SPACE] to report the duration of the stimulus'
212.6696 	EXP 	text: autoDraw = True
213.2978 	DATA 	Keypress: space
213.2989 	EXP 	text: autoDraw = False
214.0803 	WARNING 	Stopping key buffers but this could be dangerous ifother keyboards rely on the same.
214.0969 	EXP 	text: text = 'You earned 9.2 out of 10 points in this round.\n\n Press [SPACE] to advance'
214.0969 	EXP 	text: autoDraw = True
215.0418 	DATA 	Keypress: space
215.0427 	EXP 	text: autoDraw = False
215.0478 	EXP 	text: text = 'Total points : 37.1'
222.4896 	DATA 	Keypress: space
222.7054 	EXP 	text: text = 'Press and hold [SPACE] to report the duration of the stimulus'
222.7054 	EXP 	text: autoDraw = True
223.8418 	DATA 	Keypress: space
223.8427 	EXP 	text: autoDraw = False
224.6803 	WARNING 	Stopping key buffers but this could be dangerous ifother keyboards rely on the same.
224.6970 	EXP 	text: text = 'You earned 8.9 out of 10 points in this round.\n\n Press [SPACE] to advance'
224.6970 	EXP 	text: autoDraw = True
225.6338 	DATA 	Keypress: space
225.6347 	EXP 	text: autoDraw = False
225.6468 	EXP 	text: text = 'Total points : 46.0'
230.2100 	DATA 	Keypress: space
235.1871 	EXP 	text: text = 'Press and hold [SPACE] to report the duration of the stimulus'
235.1871 	EXP 	text: autoDraw = True
236.0819 	DATA 	Keypress: space
236.0829 	EXP 	text: autoDraw = False
236.9283 	WARNING 	Stopping key buffers but this could be dangerous ifother keyboards rely on the same.
236.9469 	EXP 	text: text = 'You earned 3.5 out of 10 points in this round.\n\n Press [SPACE] to advance'
236.9469 	EXP 	text: autoDraw = True
237.7777 	DATA 	Keypress: space
237.7787 	EXP 	text: autoDraw = False
237.8435 	EXP 	text: text = 'Total points : 49.5'
245.7870 	EXP 	text: text = 'Press and hold [SPACE] to report the duration of the stimulus'
245.7870 	EXP 	text: autoDraw = True
246.6019 	DATA 	Keypress: space
246.6030 	EXP 	text: autoDraw = False
247.4163 	WARNING 	Stopping key buffers but this could be dangerous ifother keyboards rely on the same.
247.4302 	EXP 	text: text = 'You earned 7.3 out of 10 points in this round.\n\n Press [SPACE] to advance'
247.4302 	EXP 	text: autoDraw = True
248.1378 	DATA 	Keypress: space
248.1389 	EXP 	text: autoDraw = False
248.1468 	EXP 	text: text = 'Total points : 56.8'
258.2873 	EXP 	text: text = 'Press and hold [SPACE] to report the duration of the stimulus'
258.2873 	EXP 	text: autoDraw = True
259.2579 	DATA 	Keypress: space
259.2590 	EXP 	text: autoDraw = False
260.2243 	WARNING 	Stopping key buffers but this could be dangerous ifother keyboards rely on the same.
260.2374 	EXP 	text: text = 'You earned 3.3 out of 10 points in this round.\n\n Press [SPACE] to advance'
260.2374 	EXP 	text: autoDraw = True
261.0419 	DATA 	Keypress: space
261.0429 	EXP 	text: autoDraw = False
261.0481 	EXP 	text: text = 'Total points : 60.1'
270.9026 	EXP 	text: text = 'Press and hold [SPACE] to report the duration of the stimulus'
270.9026 	EXP 	text: autoDraw = True
272.2419 	DATA 	Keypress: space
272.2430 	EXP 	text: autoDraw = False
273.3443 	WARNING 	Stopping key buffers but this could be dangerous ifother keyboards rely on the same.
273.3635 	EXP 	text: text = 'You earned 5.0 out of 10 points in this round.\n\n Press [SPACE] to advance'
273.3635 	EXP 	text: autoDraw = True
274.2658 	DATA 	Keypress: space
274.2669 	EXP 	text: autoDraw = False
274.2803 	EXP 	text: text = 'Total points : 65.1'
281.6468 	EXP 	text: text = 'Press and hold [SPACE] to report the duration of the stimulus'
281.6468 	EXP 	text: autoDraw = True
282.4580 	DATA 	Keypress: space
282.4590 	EXP 	text: autoDraw = False
283.1523 	WARNING 	Stopping key buffers but this could be dangerous ifother keyboards rely on the same.
283.1653 	EXP 	text: text = 'You earned 7.7 out of 10 points in this round.\n\n Press [SPACE] to advance'
283.1653 	EXP 	text: autoDraw = True
283.8338 	DATA 	Keypress: space
283.8348 	EXP 	text: autoDraw = False
283.8469 	EXP 	text: text = 'Total points : 72.8'
292.3877 	EXP 	text: text = 'Press and hold [SPACE] to report the duration of the stimulus'
292.3877 	EXP 	text: autoDraw = True
293.1060 	DATA 	Keypress: space
293.1071 	EXP 	text: autoDraw = False
293.9124 	WARNING 	Stopping key buffers but this could be dangerous ifother keyboards rely on the same.
293.9302 	EXP 	text: text = 'You earned 5.3 out of 10 points in this round.\n\n Press [SPACE] to advance'
293.9302 	EXP 	text: autoDraw = True
294.6498 	DATA 	Keypress: space
294.6509 	EXP 	text: autoDraw = False
294.6636 	EXP 	text: text = 'Total points : 78.1'
304.2032 	EXP 	text: text = 'Press and hold [SPACE] to report the duration of the stimulus'
304.2032 	EXP 	text: autoDraw = True
305.0020 	DATA 	Keypress: space
305.0030 	EXP 	text: autoDraw = False
305.9764 	WARNING 	Stopping key buffers but this could be dangerous ifother keyboards rely on the same.
305.9893 	EXP 	text: text = 'You earned 4.5 out of 10 points in this round.\n\n Press [SPACE] to advance'
305.9893 	EXP 	text: autoDraw = True
306.6257 	DATA 	Keypress: space
306.6267 	EXP 	text: autoDraw = False
306.6321 	EXP 	text: text = 'Total points : 82.6'
316.4873 	EXP 	text: text = 'Press and hold [SPACE] to report the duration of the stimulus'
316.4873 	EXP 	text: autoDraw = True
317.4180 	DATA 	Keypress: space
317.4191 	EXP 	text: autoDraw = False
318.8563 	WARNING 	Stopping key buffers but this could be dangerous ifother keyboards rely on the same.
318.8698 	EXP 	text: text = 'You earned 9.8 out of 10 points in this round.\n\n Press [SPACE] to advance'
318.8698 	EXP 	text: autoDraw = True
319.6179 	DATA 	Keypress: space
319.6188 	EXP 	text: autoDraw = False
319.6302 	EXP 	text: text = 'Total points : 92.4'
327.8862 	EXP 	text: text = 'Press and hold [SPACE] to report the duration of the stimulus'
327.8862 	EXP 	text: autoDraw = True
328.8179 	DATA 	Keypress: space
328.8189 	EXP 	text: autoDraw = False
329.7923 	WARNING 	Stopping key buffers but this could be dangerous ifother keyboards rely on the same.
329.8055 	EXP 	text: text = 'You earned 8.6 out of 10 points in this round.\n\n Press [SPACE] to advance'
329.8055 	EXP 	text: autoDraw = True
330.5218 	DATA 	Keypress: space
330.5227 	EXP 	text: autoDraw = False
330.5301 	EXP 	text: text = 'Total points : 101.0'
339.0968 	EXP 	text: text = 'Press and hold [SPACE] to report the duration of the stimulus'
339.0968 	EXP 	text: autoDraw = True
340.1540 	DATA 	Keypress: space
340.1550 	EXP 	text: autoDraw = False
341.3763 	WARNING 	Stopping key buffers but this could be dangerous ifother keyboards rely on the same.
341.3880 	EXP 	text: text = 'Total points : 101.0'
341.3880 	EXP 	text: text = 'Your response exceeded the actual time.\n\n Press [SPACE] to advance'
341.3880 	EXP 	text: autoDraw = True
342.5378 	DATA 	Keypress: space
342.5388 	EXP 	text: autoDraw = False
349.9041 	EXP 	text: text = 'Press and hold [SPACE] to report the duration of the stimulus'
349.9041 	EXP 	text: autoDraw = True
350.6179 	DATA 	Keypress: space
350.6190 	EXP 	text: autoDraw = False
351.5043 	WARNING 	Stopping key buffers but this could be dangerous ifother keyboards rely on the same.
351.5158 	EXP 	text: text = 'Total points : 101.0'
351.5158 	EXP 	text: text = 'Your response exceeded the actual time.\n\n Press [SPACE] to advance'
351.5158 	EXP 	text: autoDraw = True
352.1377 	DATA 	Keypress: space
352.1387 	EXP 	text: autoDraw = False
361.7044 	EXP 	text: text = 'Press and hold [SPACE] to report the duration of the stimulus'
361.7044 	EXP 	text: autoDraw = True
362.7299 	DATA 	Keypress: space
362.7310 	EXP 	text: autoDraw = False
363.8323 	WARNING 	Stopping key buffers but this could be dangerous ifother keyboards rely on the same.
363.8468 	EXP 	text: text = 'You earned 5.8 out of 10 points in this round.\n\n Press [SPACE] to advance'
363.8468 	EXP 	text: autoDraw = True
364.4658 	DATA 	Keypress: space
364.4668 	EXP 	text: autoDraw = False
364.4802 	EXP 	text: text = 'Total points : 106.8'
366.1855 	DATA 	Keypress: space
372.1376 	EXP 	text: text = 'Press and hold [SPACE] to report the duration of the stimulus'
372.1376 	EXP 	text: autoDraw = True
372.9058 	DATA 	Keypress: space
372.9068 	EXP 	text: autoDraw = False
373.7363 	WARNING 	Stopping key buffers but this could be dangerous ifother keyboards rely on the same.
373.7493 	EXP 	text: text = 'You earned 8.7 out of 10 points in this round.\n\n Press [SPACE] to advance'
373.7493 	EXP 	text: autoDraw = True
374.7778 	DATA 	Keypress: space
374.7788 	EXP 	text: autoDraw = False
374.7840 	EXP 	text: text = 'Total points : 115.5'
384.6369 	EXP 	text: text = 'Press and hold [SPACE] to report the duration of the stimulus'
384.6369 	EXP 	text: autoDraw = True
385.4099 	DATA 	Keypress: space
385.4109 	EXP 	text: autoDraw = False
387.0003 	WARNING 	Stopping key buffers but this could be dangerous ifother keyboards rely on the same.
387.0121 	EXP 	text: text = 'Total points : 115.5'
387.0121 	EXP 	text: text = 'Your response exceeded the actual time.\n\n Press [SPACE] to advance'
387.0121 	EXP 	text: autoDraw = True
387.6017 	DATA 	Keypress: space
387.6028 	EXP 	text: autoDraw = False
396.6871 	EXP 	text: text = 'Press and hold [SPACE] to report the duration of the stimulus'
396.6871 	EXP 	text: autoDraw = True
397.7458 	DATA 	Keypress: space
397.7468 	EXP 	text: autoDraw = False
398.6084 	WARNING 	Stopping key buffers but this could be dangerous ifother keyboards rely on the same.
398.6215 	EXP 	text: text = 'You earned 4.6 out of 10 points in this round.\n\n Press [SPACE] to advance'
398.6215 	EXP 	text: autoDraw = True
399.3058 	DATA 	Keypress: space
399.3069 	EXP 	text: autoDraw = False
399.3136 	EXP 	text: text = 'Total points : 120.1'
407.8537 	EXP 	text: text = 'Press and hold [SPACE] to report the duration of the stimulus'
407.8537 	EXP 	text: autoDraw = True
408.6659 	DATA 	Keypress: space
408.6670 	EXP 	text: autoDraw = False
409.4084 	WARNING 	Stopping key buffers but this could be dangerous ifother keyboards rely on the same.
409.4216 	EXP 	text: text = 'You earned 4.7 out of 10 points in this round.\n\n Press [SPACE] to advance'
409.4216 	EXP 	text: autoDraw = True
410.1538 	DATA 	Keypress: space
410.1547 	EXP 	text: autoDraw = False
410.1636 	EXP 	text: text = 'Total points : 124.8'
419.7040 	EXP 	text: text = 'Press and hold [SPACE] to report the duration of the stimulus'
419.7040 	EXP 	text: autoDraw = True
420.4180 	DATA 	Keypress: space
420.4191 	EXP 	text: autoDraw = False
421.4003 	WARNING 	Stopping key buffers but this could be dangerous ifother keyboards rely on the same.
421.4134 	EXP 	text: text = 'You earned 4.6 out of 10 points in this round.\n\n Press [SPACE] to advance'
421.4134 	EXP 	text: autoDraw = True
422.0818 	DATA 	Keypress: space
422.0829 	EXP 	text: autoDraw = False
422.0969 	EXP 	text: text = 'Total points : 129.4'
431.9543 	EXP 	text: text = 'Press and hold [SPACE] to report the duration of the stimulus'
431.9543 	EXP 	text: autoDraw = True
433.0499 	DATA 	Keypress: space
433.0508 	EXP 	text: autoDraw = False
434.0083 	WARNING 	Stopping key buffers but this could be dangerous ifother keyboards rely on the same.
434.0218 	EXP 	text: text = 'You earned 3.8 out of 10 points in this round.\n\n Press [SPACE] to advance'
434.0218 	EXP 	text: autoDraw = True
434.8578 	DATA 	Keypress: space
434.8587 	EXP 	text: autoDraw = False
434.8640 	EXP 	text: text = 'Total points : 133.2'
441.9469 	EXP 	text: text = 'Press and hold [SPACE] to report the duration of the stimulus'
441.9469 	EXP 	text: autoDraw = True
443.0658 	DATA 	Keypress: space
443.0670 	EXP 	text: autoDraw = False
443.6803 	WARNING 	Stopping key buffers but this could be dangerous ifother keyboards rely on the same.
443.6969 	EXP 	text: text = 'You earned 7.6 out of 10 points in this round.\n\n Press [SPACE] to advance'
443.6969 	EXP 	text: autoDraw = True
444.2978 	DATA 	Keypress: space
444.2987 	EXP 	text: autoDraw = False
444.3136 	EXP 	text: text = 'Total points : 140.8'
454.4803 	EXP 	text: text = 'Press and hold [SPACE] to report the duration of the stimulus'
454.4803 	EXP 	text: autoDraw = True
455.6500 	DATA 	Keypress: space
455.6510 	EXP 	text: autoDraw = False
456.7763 	WARNING 	Stopping key buffers but this could be dangerous ifother keyboards rely on the same.
456.7893 	EXP 	text: text = 'You earned 4.5 out of 10 points in this round.\n\n Press [SPACE] to advance'
456.7893 	EXP 	text: autoDraw = True
457.4017 	DATA 	Keypress: space
457.4027 	EXP 	text: autoDraw = False
457.4136 	EXP 	text: text = 'Total points : 145.3'
461.3359 	DATA 	Keypress: space
463.4019 	DATA 	Keypress: space
464.7829 	DATA 	Keypress: space
465.6968 	EXP 	text: text = 'Press and hold [SPACE] to report the duration of the stimulus'
465.6968 	EXP 	text: autoDraw = True
466.9299 	DATA 	Keypress: space
466.9309 	EXP 	text: autoDraw = False
467.8803 	WARNING 	Stopping key buffers but this could be dangerous ifother keyboards rely on the same.
467.8968 	EXP 	text: text = 'You earned 8.2 out of 10 points in this round.\n\n Press [SPACE] to advance'
467.8968 	EXP 	text: autoDraw = True
468.9697 	DATA 	Keypress: space
468.9707 	EXP 	text: autoDraw = False
468.9802 	EXP 	text: text = 'Total points : 153.5'
471.0360 	DATA 	Keypress: space
473.3020 	DATA 	Keypress: space
475.5686 	DATA 	Keypress: space
477.8226 	DATA 	Keypress: space
478.0370 	EXP 	text: text = 'Press and hold [SPACE] to report the duration of the stimulus'
478.0370 	EXP 	text: autoDraw = True
479.2178 	DATA 	Keypress: space
479.2188 	EXP 	text: autoDraw = False
480.1683 	WARNING 	Stopping key buffers but this could be dangerous ifother keyboards rely on the same.
480.1818 	EXP 	text: text = 'You earned 5.5 out of 10 points in this round.\n\n Press [SPACE] to advance'
480.1818 	EXP 	text: autoDraw = True
480.7938 	DATA 	Keypress: space
480.7948 	EXP 	text: autoDraw = False
480.8001 	EXP 	text: text = 'Total points : 159.0'
483.1301 	DATA 	Keypress: space
485.6601 	DATA 	Keypress: space
488.1932 	DATA 	Keypress: space
489.5829 	DATA 	Keypress: space
490.9636 	EXP 	text: text = 'Press and hold [SPACE] to report the duration of the stimulus'
490.9636 	EXP 	text: autoDraw = True
492.0737 	DATA 	Keypress: space
492.0747 	EXP 	text: autoDraw = False
493.1843 	WARNING 	Stopping key buffers but this could be dangerous ifother keyboards rely on the same.
493.1973 	EXP 	text: text = 'You earned 4.4 out of 10 points in this round.\n\n Press [SPACE] to advance'
493.1973 	EXP 	text: autoDraw = True
493.8178 	DATA 	Keypress: space
493.8189 	EXP 	text: autoDraw = False
493.8302 	EXP 	text: text = 'Total points : 163.4'
495.3857 	DATA 	Keypress: space
497.1522 	DATA 	Keypress: space
498.9186 	DATA 	Keypress: space
500.6730 	DATA 	Keypress: space
500.8872 	EXP 	text: text = 'Press and hold [SPACE] to report the duration of the stimulus'
500.8872 	EXP 	text: autoDraw = True
501.8978 	DATA 	Keypress: space
501.8987 	EXP 	text: autoDraw = False
502.5924 	WARNING 	Stopping key buffers but this could be dangerous ifother keyboards rely on the same.
502.6053 	EXP 	text: text = 'You earned 9.0 out of 10 points in this round.\n\n Press [SPACE] to advance'
502.6053 	EXP 	text: autoDraw = True
503.2898 	DATA 	Keypress: space
503.2908 	EXP 	text: autoDraw = False
503.2968 	EXP 	text: text = 'Total points : 172.4'
504.2097 	DATA 	Keypress: space
506.3857 	DATA 	Keypress: space
509.4938 	DATA 	Keypress: space
510.7829 	DATA 	Keypress: space
511.8635 	EXP 	text: text = 'Press and hold [SPACE] to report the duration of the stimulus'
511.8635 	EXP 	text: autoDraw = True
512.7618 	DATA 	Keypress: space
512.7629 	EXP 	text: autoDraw = False
513.7603 	WARNING 	Stopping key buffers but this could be dangerous ifother keyboards rely on the same.
513.7802 	EXP 	text: text = 'You earned 7.8 out of 10 points in this round.\n\n Press [SPACE] to advance'
513.7802 	EXP 	text: autoDraw = True
514.7378 	DATA 	Keypress: space
514.7389 	EXP 	text: autoDraw = False
514.7469 	EXP 	text: text = 'Total points : 180.2'
516.3770 	DATA 	Keypress: space
518.2105 	DATA 	Keypress: space
519.4098 	DATA 	Keypress: space
521.3495 	DATA 	Keypress: space
522.1140 	EXP 	text: text = 'Press and hold [SPACE] to report the duration of the stimulus'
522.1140 	EXP 	text: autoDraw = True
523.1939 	DATA 	Keypress: space
523.1950 	EXP 	text: autoDraw = False
524.0003 	WARNING 	Stopping key buffers but this could be dangerous ifother keyboards rely on the same.
524.0133 	EXP 	text: text = 'You earned 9.7 out of 10 points in this round.\n\n Press [SPACE] to advance'
524.0133 	EXP 	text: autoDraw = True
524.7937 	DATA 	Keypress: space
524.7948 	EXP 	text: autoDraw = False
524.8000 	EXP 	text: text = 'Total points : 189.9'
526.4292 	DATA 	Keypress: space
527.6097 	DATA 	Keypress: space
529.3699 	DATA 	Keypress: space
531.9227 	DATA 	Keypress: space
532.1372 	EXP 	text: text = 'Press and hold [SPACE] to report the duration of the stimulus'
532.1372 	EXP 	text: autoDraw = True
533.0819 	DATA 	Keypress: space
533.0828 	EXP 	text: autoDraw = False
533.8563 	WARNING 	Stopping key buffers but this could be dangerous ifother keyboards rely on the same.
533.8693 	EXP 	text: text = 'You earned 9.1 out of 10 points in this round.\n\n Press [SPACE] to advance'
533.8693 	EXP 	text: autoDraw = True
534.6260 	DATA 	Keypress: space
534.6269 	EXP 	text: autoDraw = False
534.6321 	EXP 	text: text = 'Total points : 199.0'
536.8873 	DATA 	Keypress: space
537.8999 	DATA 	Keypress: space
539.3518 	DATA 	Keypress: space
541.8191 	DATA 	Keypress: space
544.2732 	DATA 	Keypress: space
544.4887 	EXP 	text: text = 'Press and hold [SPACE] to report the duration of the stimulus'
544.4887 	EXP 	text: autoDraw = True
545.5299 	DATA 	Keypress: space
545.5309 	EXP 	text: autoDraw = False
546.7123 	WARNING 	Stopping key buffers but this could be dangerous ifother keyboards rely on the same.
546.7302 	EXP 	text: text = 'You earned 5.9 out of 10 points in this round.\n\n Press [SPACE] to advance'
546.7302 	EXP 	text: autoDraw = True
547.4657 	DATA 	Keypress: space
547.4666 	EXP 	text: autoDraw = False
547.4803 	EXP 	text: text = 'Total points : 204.9'
549.1857 	DATA 	Keypress: space
551.1026 	DATA 	Keypress: space
552.2416 	DATA 	Keypress: space
554.1538 	DATA 	Keypress: space
555.1372 	EXP 	text: text = 'Press and hold [SPACE] to report the duration of the stimulus'
555.1372 	EXP 	text: autoDraw = True
556.0098 	DATA 	Keypress: space
556.0108 	EXP 	text: autoDraw = False
556.8803 	WARNING 	Stopping key buffers but this could be dangerous ifother keyboards rely on the same.
556.8969 	EXP 	text: text = 'You earned 9.5 out of 10 points in this round.\n\n Press [SPACE] to advance'
556.8969 	EXP 	text: autoDraw = True
557.6178 	DATA 	Keypress: space
557.6189 	EXP 	text: autoDraw = False
557.6302 	EXP 	text: text = 'Total points : 214.4'
559.4106 	DATA 	Keypress: space
561.3940 	DATA 	Keypress: space
562.5457 	DATA 	Keypress: space
564.5138 	DATA 	Keypress: space
565.5695 	EXP 	text: text = 'Press and hold [SPACE] to report the duration of the stimulus'
565.5695 	EXP 	text: autoDraw = True
566.5378 	DATA 	Keypress: space
566.5387 	EXP 	text: autoDraw = False
567.4163 	WARNING 	Stopping key buffers but this could be dangerous ifother keyboards rely on the same.
567.4301 	EXP 	text: text = 'You earned 8.3 out of 10 points in this round.\n\n Press [SPACE] to advance'
567.4301 	EXP 	text: autoDraw = True
568.0738 	DATA 	Keypress: space
568.0747 	EXP 	text: autoDraw = False
568.0803 	EXP 	text: text = 'Total points : 222.7'
570.3356 	DATA 	Keypress: space
572.8019 	DATA 	Keypress: space
575.2688 	DATA 	Keypress: space
577.7227 	DATA 	Keypress: space
577.9374 	EXP 	text: text = 'Press and hold [SPACE] to report the duration of the stimulus'
577.9374 	EXP 	text: autoDraw = True
578.8978 	DATA 	Keypress: space
578.8988 	EXP 	text: autoDraw = False
580.0643 	WARNING 	Stopping key buffers but this could be dangerous ifother keyboards rely on the same.
580.0802 	EXP 	text: text = 'You earned 5.7 out of 10 points in this round.\n\n Press [SPACE] to advance'
580.0802 	EXP 	text: autoDraw = True
580.7378 	DATA 	Keypress: space
580.7388 	EXP 	text: autoDraw = False
580.7469 	EXP 	text: text = 'Total points : 228.4'
582.5271 	DATA 	Keypress: space
584.5104 	DATA 	Keypress: space
585.6338 	DATA 	Keypress: space
587.6338 	DATA 	Keypress: space
588.7135 	EXP 	text: text = 'Press and hold [SPACE] to report the duration of the stimulus'
588.7135 	EXP 	text: autoDraw = True
589.6018 	DATA 	Keypress: space
589.6028 	EXP 	text: autoDraw = False
590.5043 	WARNING 	Stopping key buffers but this could be dangerous ifother keyboards rely on the same.
590.5178 	EXP 	text: text = 'You earned 8.7 out of 10 points in this round.\n\n Press [SPACE] to advance'
590.5178 	EXP 	text: autoDraw = True
591.0818 	DATA 	Keypress: space
591.0827 	EXP 	text: autoDraw = False
591.0967 	EXP 	text: text = 'Total points : 237.1'
593.4271 	DATA 	Keypress: space
594.6339 	DATA 	Keypress: space
598.4937 	DATA 	Keypress: space
601.0227 	DATA 	Keypress: space
601.2377 	EXP 	text: text = 'Press and hold [SPACE] to report the duration of the stimulus'
601.2377 	EXP 	text: autoDraw = True
602.2738 	DATA 	Keypress: space
602.2747 	EXP 	text: autoDraw = False
603.3683 	WARNING 	Stopping key buffers but this could be dangerous ifother keyboards rely on the same.
603.3819 	EXP 	text: text = 'You earned 4.2 out of 10 points in this round.\n\n Press [SPACE] to advance'
603.3819 	EXP 	text: autoDraw = True
603.9698 	DATA 	Keypress: space
603.9707 	EXP 	text: autoDraw = False
603.9802 	EXP 	text: text = 'Total points : 241.3'
605.9105 	DATA 	Keypress: space
608.0436 	DATA 	Keypress: space
609.1938 	DATA 	Keypress: space
611.3618 	DATA 	Keypress: space
612.5204 	EXP 	text: text = 'Press and hold [SPACE] to report the duration of the stimulus'
612.5204 	EXP 	text: autoDraw = True
613.4898 	DATA 	Keypress: space
613.4908 	EXP 	text: autoDraw = False
614.5203 	WARNING 	Stopping key buffers but this could be dangerous ifother keyboards rely on the same.
614.5334 	EXP 	text: text = 'You earned 8.3 out of 10 points in this round.\n\n Press [SPACE] to advance'
614.5334 	EXP 	text: autoDraw = True
615.2258 	DATA 	Keypress: space
615.2267 	EXP 	text: autoDraw = False
615.2319 	EXP 	text: text = 'Total points : 249.6'
617.4860 	DATA 	Keypress: space
618.6659 	DATA 	Keypress: space
621.0737 	DATA 	Keypress: space
623.5777 	DATA 	Keypress: space
625.1143 	EXP 	text: text = 'Press and hold [SPACE] to report the duration of the stimulus'
625.1143 	EXP 	text: autoDraw = True
626.1137 	DATA 	Keypress: space
626.1147 	EXP 	text: autoDraw = False
627.3764 	WARNING 	Stopping key buffers but this could be dangerous ifother keyboards rely on the same.
627.3899 	EXP 	text: text = 'You earned 6.9 out of 10 points in this round.\n\n Press [SPACE] to advance'
627.3899 	EXP 	text: autoDraw = True
628.0578 	DATA 	Keypress: space
628.0588 	EXP 	text: autoDraw = False
628.0640 	EXP 	text: text = 'Total points : 256.5'
629.9940 	DATA 	Keypress: space
632.1277 	DATA 	Keypress: space
633.2577 	DATA 	Keypress: space
636.3887 	DATA 	Keypress: space
636.6030 	EXP 	text: text = 'Press and hold [SPACE] to report the duration of the stimulus'
636.6030 	EXP 	text: autoDraw = True
637.6098 	DATA 	Keypress: space
637.6107 	EXP 	text: autoDraw = False
638.6563 	WARNING 	Stopping key buffers but this could be dangerous ifother keyboards rely on the same.
638.6693 	EXP 	text: text = 'You earned 8.6 out of 10 points in this round.\n\n Press [SPACE] to advance'
638.6693 	EXP 	text: autoDraw = True
639.2898 	DATA 	Keypress: space
639.2907 	EXP 	text: autoDraw = False
639.2969 	EXP 	text: text = 'Total points : 265.1'
640.2818 	DATA 	Keypress: space
642.5379 	DATA 	Keypress: space
644.8258 	DATA 	Keypress: space
647.0418 	DATA 	Keypress: space
648.3802 	EXP 	text: text = 'Press and hold [SPACE] to report the duration of the stimulus'
648.3802 	EXP 	text: autoDraw = True
649.3219 	DATA 	Keypress: space
649.3228 	EXP 	text: autoDraw = False
650.3923 	WARNING 	Stopping key buffers but this could be dangerous ifother keyboards rely on the same.
650.4053 	EXP 	text: text = 'You earned 7.0 out of 10 points in this round.\n\n Press [SPACE] to advance'
650.4053 	EXP 	text: autoDraw = True
650.9138 	DATA 	Keypress: space
650.9147 	EXP 	text: autoDraw = False
650.9302 	EXP 	text: text = 'Total points : 272.1'
653.2606 	DATA 	Keypress: space
654.4420 	DATA 	Keypress: space
656.9299 	DATA 	Keypress: space
659.6162 	DATA 	Keypress: space
661.0969 	EXP 	text: text = 'Press and hold [SPACE] to report the duration of the stimulus'
661.0969 	EXP 	text: autoDraw = True
662.2178 	DATA 	Keypress: space
662.2188 	EXP 	text: autoDraw = False
663.6243 	WARNING 	Stopping key buffers but this could be dangerous ifother keyboards rely on the same.
663.6376 	EXP 	text: text = 'You earned 7.9 out of 10 points in this round.\n\n Press [SPACE] to advance'
663.6376 	EXP 	text: autoDraw = True
664.3058 	DATA 	Keypress: space
664.3068 	EXP 	text: autoDraw = False
664.3136 	EXP 	text: text = 'Total points : 280.0'
666.2438 	DATA 	Keypress: space
668.3773 	DATA 	Keypress: space
669.5137 	DATA 	Keypress: space
671.5938 	DATA 	Keypress: space
672.8802 	EXP 	text: text = 'Press and hold [SPACE] to report the duration of the stimulus'
672.8802 	EXP 	text: autoDraw = True
673.8419 	DATA 	Keypress: space
673.8429 	EXP 	text: autoDraw = False
674.9923 	WARNING 	Stopping key buffers but this could be dangerous ifother keyboards rely on the same.
675.0037 	EXP 	text: text = 'Total points : 280.0'
675.0037 	EXP 	text: text = 'Your response exceeded the actual time.\n\n Press [SPACE] to advance'
675.0037 	EXP 	text: autoDraw = True
675.5697 	DATA 	Keypress: space
675.5708 	EXP 	text: autoDraw = False
677.3020 	DATA 	Keypress: space
678.4496 	DATA 	Keypress: space
680.3937 	DATA 	Keypress: space
682.1776 	DATA 	Keypress: space
683.2543 	EXP 	text: text = 'Press and hold [SPACE] to report the duration of the stimulus'
683.2543 	EXP 	text: autoDraw = True
683.9858 	DATA 	Keypress: space
683.9867 	EXP 	text: autoDraw = False
684.8564 	WARNING 	Stopping key buffers but this could be dangerous ifother keyboards rely on the same.
684.8702 	EXP 	text: text = 'You earned 9.5 out of 10 points in this round.\n\n Press [SPACE] to advance'
684.8702 	EXP 	text: autoDraw = True
685.6418 	DATA 	Keypress: space
685.6427 	EXP 	text: autoDraw = False
685.6480 	EXP 	text: text = 'Total points : 289.5'
686.5617 	DATA 	Keypress: space
688.7219 	DATA 	Keypress: space
691.1216 	DATA 	Keypress: space
693.3456 	DATA 	Keypress: space
694.7302 	EXP 	text: text = 'Press and hold [SPACE] to report the duration of the stimulus'
694.7302 	EXP 	text: autoDraw = True
695.4577 	DATA 	Keypress: space
695.4588 	EXP 	text: autoDraw = False
696.7123 	WARNING 	Stopping key buffers but this could be dangerous ifother keyboards rely on the same.
696.7302 	EXP 	text: text = 'You earned 9.9 out of 10 points in this round.\n\n Press [SPACE] to advance'
696.7302 	EXP 	text: autoDraw = True
697.3138 	DATA 	Keypress: space
697.3147 	EXP 	text: autoDraw = False
697.3302 	EXP 	text: text = 'Total points : 299.4'
698.2978 	DATA 	Keypress: space
700.3057 	DATA 	Keypress: space
702.3216 	DATA 	Keypress: space
704.4257 	DATA 	Keypress: space
705.5864 	EXP 	text: text = 'Press and hold [SPACE] to report the duration of the stimulus'
705.5864 	EXP 	text: autoDraw = True
706.2818 	DATA 	Keypress: space
706.2827 	EXP 	text: autoDraw = False
707.4643 	WARNING 	Stopping key buffers but this could be dangerous ifother keyboards rely on the same.
707.4757 	EXP 	text: text = 'Total points : 299.4'
707.4757 	EXP 	text: text = 'Your response exceeded the actual time.\n\n Press [SPACE] to advance'
707.4757 	EXP 	text: autoDraw = True
708.0898 	DATA 	Keypress: space
708.0909 	EXP 	text: autoDraw = False
709.0418 	DATA 	Keypress: space
711.0098 	DATA 	Keypress: space
713.1698 	DATA 	Keypress: space
715.1697 	DATA 	Keypress: space
716.3708 	EXP 	text: text = 'Press and hold [SPACE] to report the duration of the stimulus'
716.3708 	EXP 	text: autoDraw = True
716.9858 	DATA 	Keypress: space
716.9869 	EXP 	text: autoDraw = False
717.9283 	WARNING 	Stopping key buffers but this could be dangerous ifother keyboards rely on the same.
717.9469 	EXP 	text: text = 'You earned 8.1 out of 10 points in this round.\n\n Press [SPACE] to advance'
717.9469 	EXP 	text: autoDraw = True
718.6498 	DATA 	Keypress: space
718.6508 	EXP 	text: autoDraw = False
718.6636 	EXP 	text: text = 'Total points : 307.5'
719.5618 	DATA 	Keypress: space
721.5345 	DATA 	Keypress: space
723.6097 	DATA 	Keypress: space
725.8098 	DATA 	Keypress: space
726.9206 	EXP 	text: text = 'Press and hold [SPACE] to report the duration of the stimulus'
726.9206 	EXP 	text: autoDraw = True
727.6978 	DATA 	Keypress: space
727.6987 	EXP 	text: autoDraw = False
728.7364 	WARNING 	Stopping key buffers but this could be dangerous ifother keyboards rely on the same.
728.7495 	EXP 	text: text = 'You earned 9.8 out of 10 points in this round.\n\n Press [SPACE] to advance'
728.7495 	EXP 	text: autoDraw = True
729.3618 	DATA 	Keypress: space
729.3628 	EXP 	text: autoDraw = False
729.3802 	EXP 	text: text = 'Total points : 317.3'
731.2345 	DATA 	Keypress: space
732.3858 	DATA 	Keypress: space
734.4497 	DATA 	Keypress: space
736.4818 	DATA 	Keypress: space
737.6378 	EXP 	text: text = 'Press and hold [SPACE] to report the duration of the stimulus'
737.6378 	EXP 	text: autoDraw = True
738.4099 	DATA 	Keypress: space
738.4109 	EXP 	text: autoDraw = False
739.5283 	WARNING 	Stopping key buffers but this could be dangerous ifother keyboards rely on the same.
739.5400 	EXP 	text: text = 'Total points : 317.3'
739.5400 	EXP 	text: text = 'Your response exceeded the actual time.\n\n Press [SPACE] to advance'
739.5400 	EXP 	text: autoDraw = True
740.0577 	DATA 	Keypress: space
740.0587 	EXP 	text: autoDraw = False
741.7861 	DATA 	Keypress: space
742.9138 	DATA 	Keypress: space
744.8337 	DATA 	Keypress: space
746.7698 	DATA 	Keypress: space
747.7369 	EXP 	text: text = 'Press and hold [SPACE] to report the duration of the stimulus'
747.7369 	EXP 	text: autoDraw = True
748.6897 	DATA 	Keypress: space
748.6907 	EXP 	text: autoDraw = False
749.5603 	WARNING 	Stopping key buffers but this could be dangerous ifother keyboards rely on the same.
749.5802 	EXP 	text: text = 'You earned 9.5 out of 10 points in this round.\n\n Press [SPACE] to advance'
749.5802 	EXP 	text: autoDraw = True
750.3778 	DATA 	Keypress: space
750.3789 	EXP 	text: autoDraw = False
750.3842 	EXP 	text: text = 'Total points : 326.8'
751.9398 	DATA 	Keypress: space
753.1056 	DATA 	Keypress: space
754.8257 	DATA 	Keypress: space
756.5937 	DATA 	Keypress: space
757.4370 	EXP 	text: text = 'Press and hold [SPACE] to report the duration of the stimulus'
757.4370 	EXP 	text: autoDraw = True
758.3618 	DATA 	Keypress: space
758.3628 	EXP 	text: autoDraw = False
759.1923 	WARNING 	Stopping key buffers but this could be dangerous ifother keyboards rely on the same.
759.2040 	EXP 	text: text = 'Total points : 326.8'
759.2040 	EXP 	text: text = 'Your response exceeded the actual time.\n\n Press [SPACE] to advance'
759.2040 	EXP 	text: autoDraw = True
759.8338 	DATA 	Keypress: space
759.8348 	EXP 	text: autoDraw = False
761.6435 	DATA 	Keypress: space
762.7299 	DATA 	Keypress: space
764.8098 	DATA 	Keypress: space
767.5893 	DATA 	Keypress: space
767.8038 	EXP 	text: text = 'Press and hold [SPACE] to report the duration of the stimulus'
767.8038 	EXP 	text: autoDraw = True
768.6180 	DATA 	Keypress: space
768.6189 	EXP 	text: autoDraw = False
769.4724 	WARNING 	Stopping key buffers but this could be dangerous ifother keyboards rely on the same.
769.4854 	EXP 	text: text = 'You earned 7.9 out of 10 points in this round.\n\n Press [SPACE] to advance'
769.4854 	EXP 	text: autoDraw = True
770.1218 	DATA 	Keypress: space
770.1228 	EXP 	text: autoDraw = False
770.1302 	EXP 	text: text = 'Total points : 334.7'
772.1860 	DATA 	Keypress: space
774.4520 	DATA 	Keypress: space
776.7186 	DATA 	Keypress: space
778.9725 	DATA 	Keypress: space
779.1886 	EXP 	text: text = 'Press and hold [SPACE] to report the duration of the stimulus'
779.1886 	EXP 	text: autoDraw = True
780.3700 	DATA 	Keypress: space
780.3710 	EXP 	text: autoDraw = False
781.3764 	WARNING 	Stopping key buffers but this could be dangerous ifother keyboards rely on the same.
781.3903 	EXP 	text: text = 'You earned 6.2 out of 10 points in this round.\n\n Press [SPACE] to advance'
781.3903 	EXP 	text: autoDraw = True
782.0419 	DATA 	Keypress: space
782.0430 	EXP 	text: autoDraw = False
782.0483 	EXP 	text: text = 'Total points : 340.9'
783.6036 	DATA 	Keypress: space
785.3686 	DATA 	Keypress: space
786.4577 	DATA 	Keypress: space
788.1697 	DATA 	Keypress: space
789.1302 	EXP 	text: text = 'Press and hold [SPACE] to report the duration of the stimulus'
789.1302 	EXP 	text: autoDraw = True
789.9938 	DATA 	Keypress: space
789.9949 	EXP 	text: autoDraw = False
790.7763 	WARNING 	Stopping key buffers but this could be dangerous ifother keyboards rely on the same.
790.7880 	EXP 	text: text = 'Total points : 340.9'
790.7880 	EXP 	text: text = 'Your response exceeded the actual time.\n\n Press [SPACE] to advance'
790.7880 	EXP 	text: autoDraw = True
791.2258 	DATA 	Keypress: space
791.2268 	EXP 	text: autoDraw = False
792.2018 	DATA 	Keypress: space
794.3299 	DATA 	Keypress: space
797.4437 	DATA 	Keypress: space
799.5727 	DATA 	Keypress: space
799.7875 	EXP 	text: text = 'Press and hold [SPACE] to report the duration of the stimulus'
799.7875 	EXP 	text: autoDraw = True
800.4899 	DATA 	Keypress: space
800.4910 	EXP 	text: autoDraw = False
801.2004 	WARNING 	Stopping key buffers but this could be dangerous ifother keyboards rely on the same.
801.2140 	EXP 	text: text = 'You earned 4.4 out of 10 points in this round.\n\n Press [SPACE] to advance'
801.2140 	EXP 	text: autoDraw = True
801.6417 	DATA 	Keypress: space
801.6428 	EXP 	text: autoDraw = False
801.6481 	EXP 	text: text = 'Total points : 345.3'
803.7033 	DATA 	Keypress: space
804.9059 	DATA 	Keypress: space
808.2355 	DATA 	Keypress: space
810.4897 	DATA 	Keypress: space
810.7042 	EXP 	text: text = 'Press and hold [SPACE] to report the duration of the stimulus'
810.7042 	EXP 	text: autoDraw = True
811.4739 	DATA 	Keypress: space
811.4748 	EXP 	text: autoDraw = False
812.3924 	WARNING 	Stopping key buffers but this could be dangerous ifother keyboards rely on the same.
812.4058 	EXP 	text: text = 'You earned 5.2 out of 10 points in this round.\n\n Press [SPACE] to advance'
812.4058 	EXP 	text: autoDraw = True
812.9059 	DATA 	Keypress: space
812.9069 	EXP 	text: autoDraw = False
812.9135 	EXP 	text: text = 'Total points : 350.5'
814.7688 	DATA 	Keypress: space
816.8353 	DATA 	Keypress: space
818.0259 	DATA 	Keypress: space
820.0737 	DATA 	Keypress: space
821.1720 	EXP 	text: text = 'Press and hold [SPACE] to report the duration of the stimulus'
821.1720 	EXP 	text: autoDraw = True
822.0577 	DATA 	Keypress: space
822.0588 	EXP 	text: autoDraw = False
822.8963 	WARNING 	Stopping key buffers but this could be dangerous ifother keyboards rely on the same.
822.9135 	EXP 	text: text = 'You earned 6.6 out of 10 points in this round.\n\n Press [SPACE] to advance'
822.9135 	EXP 	text: autoDraw = True
823.3938 	DATA 	Keypress: space
823.3949 	EXP 	text: autoDraw = False
823.4001 	EXP 	text: text = 'Total points : 357.1'
824.3857 	DATA 	Keypress: space
828.2603 	DATA 	Keypress: space
830.7937 	DATA 	Keypress: space
833.3222 	DATA 	Keypress: space
833.5366 	EXP 	text: text = 'Press and hold [SPACE] to report the duration of the stimulus'
833.5366 	EXP 	text: autoDraw = True
834.4419 	DATA 	Keypress: space
834.4430 	EXP 	text: autoDraw = False
835.4403 	WARNING 	Stopping key buffers but this could be dangerous ifother keyboards rely on the same.
835.4535 	EXP 	text: text = 'You earned 3.5 out of 10 points in this round.\n\n Press [SPACE] to advance'
835.4535 	EXP 	text: autoDraw = True
836.0417 	DATA 	Keypress: space
836.0428 	EXP 	text: autoDraw = False
836.0482 	EXP 	text: text = 'Total points : 360.6'
837.7534 	DATA 	Keypress: space
838.9378 	DATA 	Keypress: space
840.7537 	DATA 	Keypress: space
842.6497 	DATA 	Keypress: space
843.7302 	EXP 	text: text = 'Press and hold [SPACE] to report the duration of the stimulus'
843.7302 	EXP 	text: autoDraw = True
844.6497 	DATA 	Keypress: space
844.6508 	EXP 	text: autoDraw = False
845.5763 	WARNING 	Stopping key buffers but this could be dangerous ifother keyboards rely on the same.
845.5878 	EXP 	text: text = 'Total points : 360.6'
845.5878 	EXP 	text: text = 'Your response exceeded the actual time.\n\n Press [SPACE] to advance'
845.5878 	EXP 	text: autoDraw = True
846.0417 	DATA 	Keypress: space
846.0426 	EXP 	text: autoDraw = False
848.2433 	DATA 	Keypress: space
850.6273 	DATA 	Keypress: space
853.0101 	DATA 	Keypress: space
854.1858 	DATA 	Keypress: space
855.6031 	EXP 	text: text = 'Press and hold [SPACE] to report the duration of the stimulus'
855.6031 	EXP 	text: autoDraw = True
856.3698 	DATA 	Keypress: space
856.3708 	EXP 	text: autoDraw = False
857.4003 	WARNING 	Stopping key buffers but this could be dangerous ifother keyboards rely on the same.
857.4135 	EXP 	text: text = 'You earned 5.0 out of 10 points in this round.\n\n Press [SPACE] to advance'
857.4135 	EXP 	text: autoDraw = True
858.0018 	DATA 	Keypress: space
858.0028 	EXP 	text: autoDraw = False
858.0136 	EXP 	text: text = 'Total points : 365.6'
860.1938 	DATA 	Keypress: space
862.5773 	DATA 	Keypress: space
863.7698 	DATA 	Keypress: space
866.1298 	DATA 	Keypress: space
867.5800 	EXP 	text: text = 'Press and hold [SPACE] to report the duration of the stimulus'
867.5800 	EXP 	text: autoDraw = True
868.3698 	DATA 	Keypress: space
868.3708 	EXP 	text: autoDraw = False
869.4003 	WARNING 	Stopping key buffers but this could be dangerous ifother keyboards rely on the same.
869.4133 	EXP 	text: text = 'You earned 5.0 out of 10 points in this round.\n\n Press [SPACE] to advance'
869.4133 	EXP 	text: autoDraw = True
869.9778 	DATA 	Keypress: space
869.9788 	EXP 	text: autoDraw = False
869.9840 	EXP 	text: text = 'Total points : 370.6'
872.1637 	DATA 	Keypress: space
873.2417 	DATA 	Keypress: space
875.7378 	DATA 	Keypress: space
878.0578 	DATA 	Keypress: space
879.5377 	EXP 	text: text = 'Press and hold [SPACE] to report the duration of the stimulus'
879.5377 	EXP 	text: autoDraw = True
880.1619 	DATA 	Keypress: space
880.1630 	EXP 	text: autoDraw = False
881.2403 	WARNING 	Stopping key buffers but this could be dangerous ifother keyboards rely on the same.
881.2538 	EXP 	text: text = 'You earned 5.5 out of 10 points in this round.\n\n Press [SPACE] to advance'
881.2538 	EXP 	text: autoDraw = True
881.7778 	DATA 	Keypress: space
881.7787 	EXP 	text: autoDraw = False
881.7854 	EXP 	text: text = 'Total points : 376.1'
883.9656 	DATA 	Keypress: space
885.1537 	DATA 	Keypress: space
887.4978 	DATA 	Keypress: space
889.8658 	DATA 	Keypress: space
891.3376 	EXP 	text: text = 'Press and hold [SPACE] to report the duration of the stimulus'
891.3376 	EXP 	text: autoDraw = True
891.9938 	DATA 	Keypress: space
891.9948 	EXP 	text: autoDraw = False
893.2084 	WARNING 	Stopping key buffers but this could be dangerous ifother keyboards rely on the same.
893.2214 	EXP 	text: text = 'You earned 7.3 out of 10 points in this round.\n\n Press [SPACE] to advance'
893.2214 	EXP 	text: autoDraw = True
893.7777 	DATA 	Keypress: space
893.7786 	EXP 	text: autoDraw = False
893.7841 	EXP 	text: text = 'Total points : 383.4'
895.8392 	DATA 	Keypress: space
896.9937 	DATA 	Keypress: space
899.1698 	DATA 	Keypress: space
901.4416 	DATA 	Keypress: space
902.8374 	EXP 	text: text = 'Press and hold [SPACE] to report the duration of the stimulus'
902.8374 	EXP 	text: autoDraw = True
903.4418 	DATA 	Keypress: space
903.4427 	EXP 	text: autoDraw = False
904.3683 	WARNING 	Stopping key buffers but this could be dangerous ifother keyboards rely on the same.
904.3814 	EXP 	text: text = 'You earned 5.3 out of 10 points in this round.\n\n Press [SPACE] to advance'
904.3814 	EXP 	text: autoDraw = True
904.8258 	DATA 	Keypress: space
904.8268 	EXP 	text: autoDraw = False
904.8326 	EXP 	text: text = 'Total points : 388.7'
906.6127 	DATA 	Keypress: space
907.6977 	DATA 	Keypress: space
909.6012 	DATA 	Keypress: space
911.6817 	DATA 	Keypress: space
912.7710 	EXP 	text: text = 'Press and hold [SPACE] to report the duration of the stimulus'
912.7710 	EXP 	text: autoDraw = True
913.4417 	DATA 	Keypress: space
913.4426 	EXP 	text: autoDraw = False
914.3684 	WARNING 	Stopping key buffers but this could be dangerous ifother keyboards rely on the same.
914.3815 	EXP 	text: text = 'You earned 9.1 out of 10 points in this round.\n\n Press [SPACE] to advance'
914.3815 	EXP 	text: autoDraw = True
914.9057 	DATA 	Keypress: space
914.9068 	EXP 	text: autoDraw = False
914.9135 	EXP 	text: text = 'Total points : 397.8'
915.9138 	DATA 	Keypress: space
917.4836 	DATA 	Keypress: space
919.2512 	DATA 	Keypress: space
921.1056 	DATA 	Keypress: space
921.9727 	EXP 	text: text = 'Press and hold [SPACE] to report the duration of the stimulus'
921.9727 	EXP 	text: autoDraw = True
922.7858 	DATA 	Keypress: space
922.7868 	EXP 	text: autoDraw = False
923.3523 	WARNING 	Stopping key buffers but this could be dangerous ifother keyboards rely on the same.
923.3656 	EXP 	text: text = 'You earned 6.9 out of 10 points in this round.\n\n Press [SPACE] to advance'
923.3656 	EXP 	text: autoDraw = True
923.8098 	DATA 	Keypress: space
923.8108 	EXP 	text: autoDraw = False
923.8162 	EXP 	text: text = 'Total points : 404.7'
924.7938 	DATA 	Keypress: space
926.4978 	DATA 	Keypress: space
928.3697 	DATA 	Keypress: space
930.1938 	DATA 	Keypress: space
931.1548 	EXP 	text: text = 'Press and hold [SPACE] to report the duration of the stimulus'
931.1548 	EXP 	text: autoDraw = True
932.1219 	DATA 	Keypress: space
932.1229 	EXP 	text: autoDraw = False
932.9843 	WARNING 	Stopping key buffers but this could be dangerous ifother keyboards rely on the same.
932.9958 	EXP 	text: text = 'Total points : 404.7'
932.9958 	EXP 	text: text = 'Your response exceeded the actual time.\n\n Press [SPACE] to advance'
932.9958 	EXP 	text: autoDraw = True
933.5378 	DATA 	Keypress: space
933.5387 	EXP 	text: autoDraw = False
935.1187 	DATA 	Keypress: space
936.8852 	DATA 	Keypress: space
938.0177 	DATA 	Keypress: space
939.6898 	DATA 	Keypress: space
940.6204 	EXP 	text: text = 'Press and hold [SPACE] to report the duration of the stimulus'
940.6204 	EXP 	text: autoDraw = True
941.3777 	DATA 	Keypress: space
941.3788 	EXP 	text: autoDraw = False
942.0243 	WARNING 	Stopping key buffers but this could be dangerous ifother keyboards rely on the same.
942.0373 	EXP 	text: text = 'You earned 8.2 out of 10 points in this round.\n\n Press [SPACE] to advance'
942.0373 	EXP 	text: autoDraw = True
942.9059 	DATA 	Keypress: space
942.9069 	EXP 	text: autoDraw = False
942.9136 	EXP 	text: text = 'Total points : 412.9'
944.6936 	DATA 	Keypress: space
946.6771 	DATA 	Keypress: space
947.8738 	DATA 	Keypress: space
949.9662 	DATA 	Keypress: space
950.8803 	EXP 	text: text = 'Press and hold [SPACE] to report the duration of the stimulus'
950.8803 	EXP 	text: autoDraw = True
951.6738 	DATA 	Keypress: space
951.6749 	EXP 	text: autoDraw = False
952.4083 	WARNING 	Stopping key buffers but this could be dangerous ifother keyboards rely on the same.
952.4218 	EXP 	text: text = 'You earned 6.2 out of 10 points in this round.\n\n Press [SPACE] to advance'
952.4218 	EXP 	text: autoDraw = True
953.0338 	DATA 	Keypress: space
953.0349 	EXP 	text: autoDraw = False
953.0469 	EXP 	text: text = 'Total points : 419.1'
954.0417 	DATA 	Keypress: space
956.3688 	DATA 	Keypress: space
957.4577 	DATA 	Keypress: space
959.1537 	DATA 	Keypress: space
960.1044 	EXP 	text: text = 'Press and hold [SPACE] to report the duration of the stimulus'
960.1044 	EXP 	text: autoDraw = True
961.0657 	DATA 	Keypress: space
961.0667 	EXP 	text: autoDraw = False
961.6643 	WARNING 	Stopping key buffers but this could be dangerous ifother keyboards rely on the same.
961.6803 	EXP 	text: text = 'You earned 7.4 out of 10 points in this round.\n\n Press [SPACE] to advance'
961.6803 	EXP 	text: autoDraw = True
962.1219 	DATA 	Keypress: space
962.1229 	EXP 	text: autoDraw = False
962.1302 	EXP 	text: text = 'Total points : 426.5'
963.7604 	DATA 	Keypress: space
964.9058 	DATA 	Keypress: space
966.6098 	DATA 	Keypress: space
968.5617 	DATA 	Keypress: space
969.4969 	EXP 	text: text = 'Press and hold [SPACE] to report the duration of the stimulus'
969.4969 	EXP 	text: autoDraw = True
970.3218 	DATA 	Keypress: space
970.3229 	EXP 	text: autoDraw = False
971.2004 	WARNING 	Stopping key buffers but this could be dangerous ifother keyboards rely on the same.
971.2118 	EXP 	text: text = 'Total points : 426.5'
971.2118 	EXP 	text: text = 'Your response exceeded the actual time.\n\n Press [SPACE] to advance'
971.2118 	EXP 	text: autoDraw = True
971.7058 	DATA 	Keypress: space
971.7069 	EXP 	text: autoDraw = False
972.6337 	DATA 	Keypress: space
975.0499 	DATA 	Keypress: space
978.6768 	DATA 	Keypress: space
979.9995 	DATA 	Keypress: space
981.2969 	EXP 	text: text = 'Press and hold [SPACE] to report the duration of the stimulus'
981.2969 	EXP 	text: autoDraw = True
982.1219 	DATA 	Keypress: space
982.1229 	EXP 	text: autoDraw = False
982.9363 	WARNING 	Stopping key buffers but this could be dangerous ifother keyboards rely on the same.
982.9493 	EXP 	text: text = 'You earned 3.3 out of 10 points in this round.\n\n Press [SPACE] to advance'
982.9493 	EXP 	text: autoDraw = True
983.5938 	DATA 	Keypress: space
983.5948 	EXP 	text: autoDraw = False
983.6001 	EXP 	text: text = 'Total points : 429.8'
984.5777 	DATA 	Keypress: space
986.8018 	DATA 	Keypress: space
990.1858 	DATA 	Keypress: space
991.3137 	DATA 	Keypress: space
992.6545 	EXP 	text: text = 'Press and hold [SPACE] to report the duration of the stimulus'
992.6545 	EXP 	text: autoDraw = True
993.4737 	DATA 	Keypress: space
993.4747 	EXP 	text: autoDraw = False
994.2643 	WARNING 	Stopping key buffers but this could be dangerous ifother keyboards rely on the same.
994.2802 	EXP 	text: text = 'You earned 4.0 out of 10 points in this round.\n\n Press [SPACE] to advance'
994.2802 	EXP 	text: autoDraw = True
994.7937 	DATA 	Keypress: space
994.7947 	EXP 	text: autoDraw = False
994.8000 	EXP 	text: text = 'Total points : 433.8'
996.7292 	DATA 	Keypress: space
998.8584 	DATA 	Keypress: space
1000.9932 	DATA 	Keypress: space
1002.1938 	DATA 	Keypress: space
1003.3378 	EXP 	text: text = 'Press and hold [SPACE] to report the duration of the stimulus'
1003.3378 	EXP 	text: autoDraw = True
1004.3778 	DATA 	Keypress: space
1004.3789 	EXP 	text: autoDraw = False
1005.4163 	WARNING 	Stopping key buffers but this could be dangerous ifother keyboards rely on the same.
1005.4302 	EXP 	text: text = 'You earned 8.4 out of 10 points in this round.\n\n Press [SPACE] to advance'
1005.4302 	EXP 	text: autoDraw = True
1006.0258 	DATA 	Keypress: space
1006.0269 	EXP 	text: autoDraw = False
1006.0324 	EXP 	text: text = 'Total points : 442.2'
1007.7378 	DATA 	Keypress: space
1009.6521 	DATA 	Keypress: space
1010.8496 	DATA 	Keypress: space
1013.4729 	DATA 	Keypress: space
1013.6868 	EXP 	text: text = 'Press and hold [SPACE] to report the duration of the stimulus'
1013.6868 	EXP 	text: autoDraw = True
1014.7938 	DATA 	Keypress: space
1014.7948 	EXP 	text: autoDraw = False
1015.7763 	WARNING 	Stopping key buffers but this could be dangerous ifother keyboards rely on the same.
1015.7878 	EXP 	text: text = 'Total points : 442.2'
1015.7878 	EXP 	text: text = 'Your response exceeded the actual time.\n\n Press [SPACE] to advance'
1015.7878 	EXP 	text: autoDraw = True
1016.4018 	DATA 	Keypress: space
1016.4029 	EXP 	text: autoDraw = False
1018.7604 	DATA 	Keypress: space
1021.2937 	DATA 	Keypress: space
1023.8261 	DATA 	Keypress: space
1026.3551 	DATA 	Keypress: space
1026.5696 	EXP 	text: text = 'Press and hold [SPACE] to report the duration of the stimulus'
1026.5696 	EXP 	text: autoDraw = True
1027.4977 	DATA 	Keypress: space
1027.4986 	EXP 	text: autoDraw = False
1029.0243 	WARNING 	Stopping key buffers but this could be dangerous ifother keyboards rely on the same.
1029.0376 	EXP 	text: text = 'You earned 9.9 out of 10 points in this round.\n\n Press [SPACE] to advance'
1029.0376 	EXP 	text: autoDraw = True
1029.6337 	DATA 	Keypress: space
1029.6346 	EXP 	text: autoDraw = False
1029.6469 	EXP 	text: text = 'Total points : 452.1'
1031.3511 	DATA 	Keypress: space
1033.2686 	DATA 	Keypress: space
1034.2845 	DATA 	Keypress: space
1035.1854 	DATA 	Keypress: space
1036.2978 	DATA 	Keypress: space
1037.3302 	EXP 	text: text = 'Press and hold [SPACE] to report the duration of the stimulus'
1037.3302 	EXP 	text: autoDraw = True
1038.0898 	DATA 	Keypress: space
1038.0907 	EXP 	text: autoDraw = False
1038.9763 	WARNING 	Stopping key buffers but this could be dangerous ifother keyboards rely on the same.
1038.9893 	EXP 	text: text = 'You earned 9.8 out of 10 points in this round.\n\n Press [SPACE] to advance'
1038.9893 	EXP 	text: autoDraw = True
1039.6018 	DATA 	Keypress: space
1039.6027 	EXP 	text: autoDraw = False
1039.6135 	EXP 	text: text = 'Total points : 461.9'
1047.8969 	EXP 	text: text = 'Press and hold [SPACE] to report the duration of the stimulus'
1047.8969 	EXP 	text: autoDraw = True
1048.5139 	DATA 	Keypress: space
1048.5149 	EXP 	text: autoDraw = False
1049.3363 	WARNING 	Stopping key buffers but this could be dangerous ifother keyboards rely on the same.
1049.3496 	EXP 	text: text = 'You earned 6.4 out of 10 points in this round.\n\n Press [SPACE] to advance'
1049.3496 	EXP 	text: autoDraw = True
1049.9458 	DATA 	Keypress: space
1049.9467 	EXP 	text: autoDraw = False
1049.9636 	EXP 	text: text = 'Total points : 468.3'
1059.0203 	EXP 	text: text = 'Press and hold [SPACE] to report the duration of the stimulus'
1059.0203 	EXP 	text: autoDraw = True
1060.2020 	DATA 	Keypress: space
1060.2030 	EXP 	text: autoDraw = False
1061.2644 	WARNING 	Stopping key buffers but this could be dangerous ifother keyboards rely on the same.
1061.2803 	EXP 	text: text = 'You earned 6.9 out of 10 points in this round.\n\n Press [SPACE] to advance'
1061.2803 	EXP 	text: autoDraw = True
1061.8818 	DATA 	Keypress: space
1061.8828 	EXP 	text: autoDraw = False
1061.8969 	EXP 	text: text = 'Total points : 475.2'
1069.8380 	EXP 	text: text = 'Press and hold [SPACE] to report the duration of the stimulus'
1069.8380 	EXP 	text: autoDraw = True
1070.7139 	DATA 	Keypress: space
1070.7149 	EXP 	text: autoDraw = False
1071.6163 	WARNING 	Stopping key buffers but this could be dangerous ifother keyboards rely on the same.
1071.6299 	EXP 	text: text = 'You earned 8.7 out of 10 points in this round.\n\n Press [SPACE] to advance'
1071.6299 	EXP 	text: autoDraw = True
1072.1138 	DATA 	Keypress: space
1072.1149 	EXP 	text: autoDraw = False
1072.1303 	EXP 	text: text = 'Total points : 483.9'
1082.0135 	EXP 	text: text = 'Press and hold [SPACE] to report the duration of the stimulus'
1082.0135 	EXP 	text: autoDraw = True
1082.9139 	DATA 	Keypress: space
1082.9149 	EXP 	text: autoDraw = False
1084.2724 	WARNING 	Stopping key buffers but this could be dangerous ifother keyboards rely on the same.
1084.2854 	EXP 	text: text = 'You earned 8.4 out of 10 points in this round.\n\n Press [SPACE] to advance'
1084.2854 	EXP 	text: autoDraw = True
1084.8737 	DATA 	Keypress: space
1084.8747 	EXP 	text: autoDraw = False
1084.8799 	EXP 	text: text = 'Total points : 492.3'
1093.4213 	EXP 	text: text = 'Press and hold [SPACE] to report the duration of the stimulus'
1093.4213 	EXP 	text: autoDraw = True
1094.6259 	DATA 	Keypress: space
1094.6269 	EXP 	text: autoDraw = False
1095.4403 	WARNING 	Stopping key buffers but this could be dangerous ifother keyboards rely on the same.
1095.4538 	EXP 	text: text = 'You earned 5.4 out of 10 points in this round.\n\n Press [SPACE] to advance'
1095.4538 	EXP 	text: autoDraw = True
1095.8819 	DATA 	Keypress: space
1095.8828 	EXP 	text: autoDraw = False
1095.8969 	EXP 	text: text = 'Total points : 497.7'
1102.9544 	EXP 	text: text = 'Press and hold [SPACE] to report the duration of the stimulus'
1102.9544 	EXP 	text: autoDraw = True
1103.9060 	DATA 	Keypress: space
1103.9070 	EXP 	text: autoDraw = False
1104.6804 	WARNING 	Stopping key buffers but this could be dangerous ifother keyboards rely on the same.
1104.6919 	EXP 	text: text = 'Total points : 497.7'
1104.6919 	EXP 	text: text = 'Your response exceeded the actual time.\n\n Press [SPACE] to advance'
1104.6919 	EXP 	text: autoDraw = True
1105.2498 	DATA 	Keypress: space
1105.2508 	EXP 	text: autoDraw = False
1112.9379 	EXP 	text: text = 'Press and hold [SPACE] to report the duration of the stimulus'
1112.9379 	EXP 	text: autoDraw = True
1113.7220 	DATA 	Keypress: space
1113.7231 	EXP 	text: autoDraw = False
1114.5044 	WARNING 	Stopping key buffers but this could be dangerous ifother keyboards rely on the same.
1114.5176 	EXP 	text: text = 'You earned 7.9 out of 10 points in this round.\n\n Press [SPACE] to advance'
1114.5176 	EXP 	text: autoDraw = True
1115.0979 	DATA 	Keypress: space
1115.0988 	EXP 	text: autoDraw = False
1115.1136 	EXP 	text: text = 'Total points : 505.6'
1125.2547 	EXP 	text: text = 'Press and hold [SPACE] to report the duration of the stimulus'
1125.2547 	EXP 	text: autoDraw = True
1126.0820 	DATA 	Keypress: space
1126.0832 	EXP 	text: autoDraw = False
1127.4163 	WARNING 	Stopping key buffers but this could be dangerous ifother keyboards rely on the same.
1127.4302 	EXP 	text: text = 'You earned 6.9 out of 10 points in this round.\n\n Press [SPACE] to advance'
1127.4302 	EXP 	text: autoDraw = True
1128.1217 	DATA 	Keypress: space
1128.1228 	EXP 	text: autoDraw = False
1128.1302 	EXP 	text: text = 'Total points : 512.5'
1137.9860 	EXP 	text: text = 'Press and hold [SPACE] to report the duration of the stimulus'
1137.9860 	EXP 	text: autoDraw = True
1138.9700 	DATA 	Keypress: space
1138.9711 	EXP 	text: autoDraw = False
1140.4483 	WARNING 	Stopping key buffers but this could be dangerous ifother keyboards rely on the same.
1140.4602 	EXP 	text: text = 'Total points : 512.5'
1140.4602 	EXP 	text: text = 'Your response exceeded the actual time.\n\n Press [SPACE] to advance'
1140.4602 	EXP 	text: autoDraw = True
1141.0338 	DATA 	Keypress: space
1141.0349 	EXP 	text: autoDraw = False
1151.2043 	EXP 	text: text = 'Press and hold [SPACE] to report the duration of the stimulus'
1151.2043 	EXP 	text: autoDraw = True
1152.0419 	DATA 	Keypress: space
1152.0430 	EXP 	text: autoDraw = False
1153.4003 	WARNING 	Stopping key buffers but this could be dangerous ifother keyboards rely on the same.
1153.4134 	EXP 	text: text = 'You earned 7.2 out of 10 points in this round.\n\n Press [SPACE] to advance'
1153.4134 	EXP 	text: autoDraw = True
1154.1138 	DATA 	Keypress: space
1154.1147 	EXP 	text: autoDraw = False
1154.1302 	EXP 	text: text = 'Total points : 519.7'
1161.4699 	EXP 	text: text = 'Press and hold [SPACE] to report the duration of the stimulus'
1161.4699 	EXP 	text: autoDraw = True
1162.3060 	DATA 	Keypress: space
1162.3069 	EXP 	text: autoDraw = False
1163.0404 	WARNING 	Stopping key buffers but this could be dangerous ifother keyboards rely on the same.
1163.0534 	EXP 	text: text = 'You earned 8.4 out of 10 points in this round.\n\n Press [SPACE] to advance'
1163.0534 	EXP 	text: autoDraw = True
1163.5297 	DATA 	Keypress: space
1163.5308 	EXP 	text: autoDraw = False
1163.5469 	EXP 	text: text = 'Total points : 528.1'
1170.6040 	EXP 	text: text = 'Press and hold [SPACE] to report the duration of the stimulus'
1170.6040 	EXP 	text: autoDraw = True
1171.4661 	DATA 	Keypress: space
1171.4672 	EXP 	text: autoDraw = False
1172.2243 	WARNING 	Stopping key buffers but this could be dangerous ifother keyboards rely on the same.
1172.2373 	EXP 	text: text = 'You earned 9.8 out of 10 points in this round.\n\n Press [SPACE] to advance'
1172.2373 	EXP 	text: autoDraw = True
1172.7138 	DATA 	Keypress: space
1172.7148 	EXP 	text: autoDraw = False
1172.7302 	EXP 	text: text = 'Total points : 537.9'
1179.7869 	EXP 	text: text = 'Press and hold [SPACE] to report the duration of the stimulus'
1179.7869 	EXP 	text: autoDraw = True
1180.5779 	DATA 	Keypress: space
1180.5790 	EXP 	text: autoDraw = False
1181.4083 	WARNING 	Stopping key buffers but this could be dangerous ifother keyboards rely on the same.
1181.4201 	EXP 	text: text = 'Total points : 537.9'
1181.4201 	EXP 	text: text = 'Your response exceeded the actual time.\n\n Press [SPACE] to advance'
1181.4201 	EXP 	text: autoDraw = True
1181.9617 	DATA 	Keypress: space
1181.9627 	EXP 	text: autoDraw = False
1189.3367 	EXP 	text: text = 'Press and hold [SPACE] to report the duration of the stimulus'
1189.3367 	EXP 	text: autoDraw = True
1190.3060 	DATA 	Keypress: space
1190.3069 	EXP 	text: autoDraw = False
1191.0563 	WARNING 	Stopping key buffers but this could be dangerous ifother keyboards rely on the same.
1191.0697 	EXP 	text: text = 'You earned 8.6 out of 10 points in this round.\n\n Press [SPACE] to advance'
1191.0697 	EXP 	text: autoDraw = True
1191.5218 	DATA 	Keypress: space
1191.5228 	EXP 	text: autoDraw = False
1191.5302 	EXP 	text: text = 'Total points : 546.5'
1201.6697 	EXP 	text: text = 'Press and hold [SPACE] to report the duration of the stimulus'
1201.6697 	EXP 	text: autoDraw = True
1202.5460 	DATA 	Keypress: space
1202.5470 	EXP 	text: autoDraw = False
1203.9603 	WARNING 	Stopping key buffers but this could be dangerous ifother keyboards rely on the same.
1203.9802 	EXP 	text: text = 'You earned 8.0 out of 10 points in this round.\n\n Press [SPACE] to advance'
1203.9802 	EXP 	text: autoDraw = True
1204.4019 	DATA 	Keypress: space
1204.4028 	EXP 	text: autoDraw = False
1204.4136 	EXP 	text: text = 'Total points : 554.5'
1213.9802 	EXP 	text: text = 'Press and hold [SPACE] to report the duration of the stimulus'
1213.9802 	EXP 	text: autoDraw = True
1214.9221 	DATA 	Keypress: space
1214.9230 	EXP 	text: autoDraw = False
1216.2804 	WARNING 	Stopping key buffers but this could be dangerous ifother keyboards rely on the same.
1216.2969 	EXP 	text: text = 'You earned 9.7 out of 10 points in this round.\n\n Press [SPACE] to advance'
1216.2969 	EXP 	text: autoDraw = True
1216.7378 	DATA 	Keypress: space
1216.7388 	EXP 	text: autoDraw = False
1216.7468 	EXP 	text: text = 'Total points : 564.2'
1224.0901 	EXP 	text: text = 'Press and hold [SPACE] to report the duration of the stimulus'
1224.0901 	EXP 	text: autoDraw = True
1225.0899 	DATA 	Keypress: space
1225.0911 	EXP 	text: autoDraw = False
1225.8804 	WARNING 	Stopping key buffers but this could be dangerous ifother keyboards rely on the same.
1225.8968 	EXP 	text: text = 'You earned 9.4 out of 10 points in this round.\n\n Press [SPACE] to advance'
1225.8968 	EXP 	text: autoDraw = True
1226.3378 	DATA 	Keypress: space
1226.3387 	EXP 	text: autoDraw = False
1226.3468 	EXP 	text: text = 'Total points : 573.6'
1234.3136 	EXP 	text: text = 'Press and hold [SPACE] to report the duration of the stimulus'
1234.3136 	EXP 	text: autoDraw = True
1235.2340 	DATA 	Keypress: space
1235.2350 	EXP 	text: autoDraw = False
1236.0723 	WARNING 	Stopping key buffers but this could be dangerous ifother keyboards rely on the same.
1236.0857 	EXP 	text: text = 'You earned 7.6 out of 10 points in this round.\n\n Press [SPACE] to advance'
1236.0857 	EXP 	text: autoDraw = True
1236.5138 	DATA 	Keypress: space
1236.5148 	EXP 	text: autoDraw = False
1236.5302 	EXP 	text: text = 'Total points : 581.2'
1244.4709 	EXP 	text: text = 'Press and hold [SPACE] to report the duration of the stimulus'
1244.4709 	EXP 	text: autoDraw = True
1245.4819 	DATA 	Keypress: space
1245.4831 	EXP 	text: autoDraw = False
1246.3763 	WARNING 	Stopping key buffers but this could be dangerous ifother keyboards rely on the same.
1246.3894 	EXP 	text: text = 'You earned 8.5 out of 10 points in this round.\n\n Press [SPACE] to advance'
1246.3894 	EXP 	text: autoDraw = True
1246.9058 	DATA 	Keypress: space
1246.9068 	EXP 	text: autoDraw = False
1246.9135 	EXP 	text: text = 'Total points : 589.7'
1254.8551 	EXP 	text: text = 'Press and hold [SPACE] to report the duration of the stimulus'
1254.8551 	EXP 	text: autoDraw = True
1255.8821 	DATA 	Keypress: space
1255.8832 	EXP 	text: autoDraw = False
1256.7443 	WARNING 	Stopping key buffers but this could be dangerous ifother keyboards rely on the same.
1256.7636 	EXP 	text: text = 'You earned 8.0 out of 10 points in this round.\n\n Press [SPACE] to advance'
1256.7636 	EXP 	text: autoDraw = True
1257.2577 	DATA 	Keypress: space
1257.2587 	EXP 	text: autoDraw = False
1257.2633 	INFO 	Finishing at 14:59 on 18 Oct 2019
1257.5247 	EXP 	window1: mouseVisible = True
