9.3595 	ERROR 	Screen apparently NOT the desired resolution of 3840x2160 pixels!!
13.2316 	WARNING 	User requested fullscreen with size [3840 2160], but screen is actually [1920, 1080]. Using actual size
13.8070 	INFO 	Successfully set darwin thread to realtime
14.8641 	INFO 	#[ PsychoPy3 RuntimeInfoStart ]
  #[[ PsychoPy ]] #---------
    psychopyVersion: 3.2.3
    psychopyHaveExtRush: True
  #[[ Experiment ]] #---------
    experimentRunTime: 2019_10_18 15:01 (Year_Month_Day Hour:Min)
    experimentRunTime.epoch: 1571425271
    experimentScript: Experiment 2.py
    experimentScript.digestSHA1: fe71705ab97eafb8e28311b91940a8d0e5f8437c
    experimentScript.directory: /Users/supadhy6/Documents/GitHub/spatio_temporal_information_processing/Time_Subjective_Expansion/Jon_Ian_collaboration
  #[[ System ]] #---------
    systemHaveInternetAccess: True
    systemHostName: pbs-cf-mini1.local
    systemLocale: C
    systemMemFreeRAM: 12897.8203125
    systemMemTotalRAM: 16384.0
    systemPlatform: darwin 10.12.6 x86_64
    systemPyoVersion: -
    systemRebooted: Oct 17 09:57
    systemSec.OpenSSLVersion: OpenSSL 0.9.8zh 14 Jan 2016
    systemSec.pythonSSL: True
    systemTimeNumpySD1000000_sec: 0.0058
    systemUser: supadhy6
    systemUserID: 1903061739
    systemUsersCount: 1
  #[[ Window ]] #---------
    windowWinType: pyglet
    windowUnits: deg
    windowSize_pix: [1920 1080]
    windowScreen: 0
    windowRgb: [255. 255. 255.]
    windowRefreshTimeSD_ms: 0.084
    windowRefreshTimeMedian_ms: 16.666
    windowRefreshTimeAvg_ms: 16.666
    windowPos_pix: [0.0, 0.0]
    windowMonitor.name: testmonitor
    windowMonitor.getWidth_cm: 56.0
    windowMonitor.getDistance_cm: 65.0
    windowMonitor.currentCalibName: 2019_09_24 12:00
    windowIsFullScr: True
  #[[ Python ]] #---------
    pythonVersion: 3.6.1
  #[[ OpenGL ]] #---------
#[ PsychoPy3 RuntimeInfoEnd ]

14.9596 	EXP 	Created text = TextStim(__class__=<class 'psychopy.visual.text.TextStim'>, alignHoriz='center', alignVert='center', antialias=True, autoLog=True, bold=False, color='black', colorSpace='named', contrast=1.0, depth=-1.0, flipHoriz=False, flipVert=False, font='Arial', fontFiles=[], height=0.35, italic=False, languageStyle='LTR', name='text', opacity=1.0, ori=0, pos=array([0., 0.]), rgb=array([0., 0., 0.]), text=str(...), units='deg', win=Window(...), wrapWidth=20)
14.9661 	EXP 	Created text = TextStim(__class__=<class 'psychopy.visual.text.TextStim'>, alignHoriz='center', alignVert='center', antialias=True, autoLog=True, bold=False, color='black', colorSpace='named', contrast=1.0, depth=-1.0, flipHoriz=False, flipVert=False, font='Arial', fontFiles=[], height=0.35, italic=False, languageStyle='LTR', name='text', opacity=1.0, ori=0, pos=array([5., 5.]), rgb=array([0., 0., 0.]), text='Total points : 0', units='deg', win=Window(...), wrapWidth=20)
15.0401 	EXP 	text: text = 'Welcome! Thank you for agreeing to participate in this study.\n\nIn this study, we want to examine your ability to perceive duration — how long something lasts.\n\nThe task is simple. In each trial, you will see a disc appear on the screen and then disappear. There will be four such disks. We want you to pay attention to how long the last disc lasts. Get a sense of its duration.\n\nThe fourth disk could be either the same / different type depending on the trial. After the fourth disc disappears it will be your turn to report its duration. Press and hold down the spacebar. \n\nPress any key to continue to the next page. \n\n'
15.0401 	EXP 	text: autoDraw = True
98.4359 	DATA 	Keypress: space
98.4367 	EXP 	text: autoDraw = False
98.5107 	EXP 	text: text = "We really want you to be as accurate as you can. So a game will be played to make it more fun. We want you to hold down the space bar for as long as you saw the last disc lasted, but no longer! The closer you get to the right answer, the more points we will award you in that trial. But if you go over the actual duration you won't get any points on that trial. So you need to be as accurate as possible without going over to earn the max. Each trial will be for 10 points. There are about 100 trials. If you collect a total of 600 points by the end, we will double the credit you get for the experiment.\n\nIf you're feeling uncomfortable, you can press ESC key any time to stop the experiment.\n\nPress any key you are ready to do some practice trials.\n\n"
98.5107 	EXP 	text: autoDraw = True
144.4665 	DATA 	Keypress: space
144.4673 	EXP 	text: autoDraw = False
144.4798 	EXP 	text: autoDraw = True
151.6307 	EXP 	text: text = 'Press and hold [SPACE] to report the duration of the stimulus'
151.6307 	EXP 	text: autoDraw = True
152.9463 	DATA 	Keypress: space
152.9474 	EXP 	text: autoDraw = False
153.4807 	WARNING 	Stopping key buffers but this could be dangerous ifother keyboards rely on the same.
153.4973 	EXP 	text: text = 'You earned 6.5 out of 10 points in this round.\n\n Press [SPACE] to advance'
153.4973 	EXP 	text: autoDraw = True
158.1302 	DATA 	Keypress: space
158.1313 	EXP 	text: autoDraw = False
158.1465 	EXP 	text: text = 'Total points : 6.5'
166.0028 	EXP 	text: text = 'Press and hold [SPACE] to report the duration of the stimulus'
166.0028 	EXP 	text: autoDraw = True
166.9142 	DATA 	Keypress: space
166.9153 	EXP 	text: autoDraw = False
167.4726 	WARNING 	Stopping key buffers but this could be dangerous ifother keyboards rely on the same.
167.4876 	EXP 	text: text = 'You earned 4.6 out of 10 points in this round.\n\n Press [SPACE] to advance'
167.4876 	EXP 	text: autoDraw = True
170.6741 	DATA 	Keypress: space
170.6752 	EXP 	text: autoDraw = False
170.6805 	EXP 	text: text = 'Total points : 11.1'
179.7632 	EXP 	text: text = 'Press and hold [SPACE] to report the duration of the stimulus'
179.7632 	EXP 	text: autoDraw = True
180.7852 	DATA 	Keypress: roption
180.8181 	DATA 	Keypress: space
180.8191 	EXP 	text: autoDraw = False
181.8006 	WARNING 	Stopping key buffers but this could be dangerous ifother keyboards rely on the same.
181.8165 	EXP 	text: text = 'You earned 5.9 out of 10 points in this round.\n\n Press [SPACE] to advance'
181.8165 	EXP 	text: autoDraw = True
183.5302 	DATA 	Keypress: space
183.5312 	EXP 	text: autoDraw = False
183.5494 	EXP 	text: text = 'Total points : 17.0'
183.5494 	EXP 	text: text = 'Total points : 0'
183.5494 	EXP 	text: text = 'Great! Now press any key to begin the experiment'
183.5494 	EXP 	text: autoDraw = True
197.6024 	DATA 	Keypress: space
197.6034 	EXP 	text: autoDraw = False
206.1798 	EXP 	text: text = 'Press and hold [SPACE] to report the duration of the stimulus'
206.1798 	EXP 	text: autoDraw = True
206.6824 	DATA 	Keypress: space
206.6834 	EXP 	text: autoDraw = False
207.5126 	WARNING 	Stopping key buffers but this could be dangerous ifother keyboards rely on the same.
207.5298 	EXP 	text: text = 'You earned 5.6 out of 10 points in this round.\n\n Press [SPACE] to advance'
207.5298 	EXP 	text: autoDraw = True
208.4021 	DATA 	Keypress: space
208.4031 	EXP 	text: autoDraw = False
208.4131 	EXP 	text: text = 'Total points : 5.6'
216.0692 	EXP 	text: text = 'Press and hold [SPACE] to report the duration of the stimulus'
216.0692 	EXP 	text: autoDraw = True
216.8262 	DATA 	Keypress: space
216.8272 	EXP 	text: autoDraw = False
217.4086 	WARNING 	Stopping key buffers but this could be dangerous ifother keyboards rely on the same.
217.4232 	EXP 	text: text = 'You earned 5.3 out of 10 points in this round.\n\n Press [SPACE] to advance'
217.4232 	EXP 	text: autoDraw = True
218.2902 	DATA 	Keypress: space
218.2911 	EXP 	text: autoDraw = False
218.2965 	EXP 	text: text = 'Total points : 10.9'
227.8356 	EXP 	text: text = 'Press and hold [SPACE] to report the duration of the stimulus'
227.8356 	EXP 	text: autoDraw = True
228.4023 	DATA 	Keypress: space
228.4034 	EXP 	text: autoDraw = False
229.4966 	WARNING 	Stopping key buffers but this could be dangerous ifother keyboards rely on the same.
229.5132 	EXP 	text: text = 'You earned 5.7 out of 10 points in this round.\n\n Press [SPACE] to advance'
229.5132 	EXP 	text: autoDraw = True
230.3141 	DATA 	Keypress: space
230.3151 	EXP 	text: autoDraw = False
230.3298 	EXP 	text: text = 'Total points : 16.6'
237.3865 	EXP 	text: text = 'Press and hold [SPACE] to report the duration of the stimulus'
237.3865 	EXP 	text: autoDraw = True
237.9541 	DATA 	Keypress: space
237.9552 	EXP 	text: autoDraw = False
238.5366 	WARNING 	Stopping key buffers but this could be dangerous ifother keyboards rely on the same.
238.5510 	EXP 	text: text = 'You earned 7.2 out of 10 points in this round.\n\n Press [SPACE] to advance'
238.5510 	EXP 	text: autoDraw = True
239.4261 	DATA 	Keypress: space
239.4270 	EXP 	text: autoDraw = False
239.4335 	EXP 	text: text = 'Total points : 23.8'
247.3862 	EXP 	text: text = 'Press and hold [SPACE] to report the duration of the stimulus'
247.3862 	EXP 	text: autoDraw = True
248.1382 	DATA 	Keypress: space
248.1393 	EXP 	text: autoDraw = False
248.8566 	WARNING 	Stopping key buffers but this could be dangerous ifother keyboards rely on the same.
248.8697 	EXP 	text: text = 'You earned 6.0 out of 10 points in this round.\n\n Press [SPACE] to advance'
248.8697 	EXP 	text: autoDraw = True
249.6420 	DATA 	Keypress: space
249.6430 	EXP 	text: autoDraw = False
249.6480 	EXP 	text: text = 'Total points : 29.8'
256.9865 	EXP 	text: text = 'Press and hold [SPACE] to report the duration of the stimulus'
256.9865 	EXP 	text: autoDraw = True
257.5543 	DATA 	Keypress: space
257.5554 	EXP 	text: autoDraw = False
258.1606 	WARNING 	Stopping key buffers but this could be dangerous ifother keyboards rely on the same.
258.1798 	EXP 	text: text = 'You earned 6.5 out of 10 points in this round.\n\n Press [SPACE] to advance'
258.1798 	EXP 	text: autoDraw = True
258.8821 	DATA 	Keypress: space
258.8832 	EXP 	text: autoDraw = False
258.8966 	EXP 	text: text = 'Total points : 36.3'
268.7524 	EXP 	text: text = 'Press and hold [SPACE] to report the duration of the stimulus'
268.7524 	EXP 	text: autoDraw = True
269.4022 	DATA 	Keypress: space
269.4032 	EXP 	text: autoDraw = False
270.5526 	WARNING 	Stopping key buffers but this could be dangerous ifother keyboards rely on the same.
270.5657 	EXP 	text: text = 'You earned 5.5 out of 10 points in this round.\n\n Press [SPACE] to advance'
270.5657 	EXP 	text: autoDraw = True
271.1541 	DATA 	Keypress: space
271.1552 	EXP 	text: autoDraw = False
271.2247 	EXP 	text: text = 'Total points : 41.8'
280.7965 	EXP 	text: text = 'Press and hold [SPACE] to report the duration of the stimulus'
280.7965 	EXP 	text: autoDraw = True
281.4022 	DATA 	Keypress: space
281.4032 	EXP 	text: autoDraw = False
282.5286 	WARNING 	Stopping key buffers but this could be dangerous ifother keyboards rely on the same.
282.5465 	EXP 	text: text = 'You earned 6.1 out of 10 points in this round.\n\n Press [SPACE] to advance'
282.5465 	EXP 	text: autoDraw = True
283.2420 	DATA 	Keypress: space
283.2430 	EXP 	text: autoDraw = False
283.2482 	EXP 	text: text = 'Total points : 47.9'
290.9027 	EXP 	text: text = 'Press and hold [SPACE] to report the duration of the stimulus'
290.9027 	EXP 	text: autoDraw = True
291.5541 	DATA 	Keypress: space
291.5552 	EXP 	text: autoDraw = False
292.0646 	WARNING 	Stopping key buffers but this could be dangerous ifother keyboards rely on the same.
292.0798 	EXP 	text: text = 'You earned 4.6 out of 10 points in this round.\n\n Press [SPACE] to advance'
292.0798 	EXP 	text: autoDraw = True
292.6181 	DATA 	Keypress: space
292.6190 	EXP 	text: autoDraw = False
292.6299 	EXP 	text: text = 'Total points : 52.5'
302.1703 	EXP 	text: text = 'Press and hold [SPACE] to report the duration of the stimulus'
302.1703 	EXP 	text: autoDraw = True
302.7222 	DATA 	Keypress: space
302.7232 	EXP 	text: autoDraw = False
303.8166 	WARNING 	Stopping key buffers but this could be dangerous ifother keyboards rely on the same.
303.8295 	EXP 	text: text = 'You earned 5.7 out of 10 points in this round.\n\n Press [SPACE] to advance'
303.8295 	EXP 	text: autoDraw = True
304.4421 	DATA 	Keypress: space
304.4431 	EXP 	text: autoDraw = False
304.4482 	EXP 	text: text = 'Total points : 58.2'
311.7868 	EXP 	text: text = 'Press and hold [SPACE] to report the duration of the stimulus'
311.7868 	EXP 	text: autoDraw = True
312.2662 	DATA 	Keypress: space
312.2672 	EXP 	text: autoDraw = False
312.7766 	WARNING 	Stopping key buffers but this could be dangerous ifother keyboards rely on the same.
312.7965 	EXP 	text: text = 'You earned 5.3 out of 10 points in this round.\n\n Press [SPACE] to advance'
312.7965 	EXP 	text: autoDraw = True
313.3541 	DATA 	Keypress: space
313.3552 	EXP 	text: autoDraw = False
313.3631 	EXP 	text: text = 'Total points : 63.5'
323.2465 	EXP 	text: text = 'Press and hold [SPACE] to report the duration of the stimulus'
323.2465 	EXP 	text: autoDraw = True
323.8102 	DATA 	Keypress: space
323.8114 	EXP 	text: autoDraw = False
325.1927 	WARNING 	Stopping key buffers but this could be dangerous ifother keyboards rely on the same.
325.2059 	EXP 	text: text = 'You earned 8.8 out of 10 points in this round.\n\n Press [SPACE] to advance'
325.2059 	EXP 	text: autoDraw = True
325.8660 	DATA 	Keypress: space
325.8671 	EXP 	text: autoDraw = False
325.8799 	EXP 	text: text = 'Total points : 72.3'
335.7353 	EXP 	text: text = 'Press and hold [SPACE] to report the duration of the stimulus'
335.7353 	EXP 	text: autoDraw = True
336.3062 	DATA 	Keypress: space
336.3073 	EXP 	text: autoDraw = False
337.3046 	WARNING 	Stopping key buffers but this could be dangerous ifother keyboards rely on the same.
337.3178 	EXP 	text: text = 'You earned 4.1 out of 10 points in this round.\n\n Press [SPACE] to advance'
337.3178 	EXP 	text: autoDraw = True
337.9301 	DATA 	Keypress: space
337.9310 	EXP 	text: autoDraw = False
337.9465 	EXP 	text: text = 'Total points : 76.4'
345.6001 	EXP 	text: text = 'Press and hold [SPACE] to report the duration of the stimulus'
345.6001 	EXP 	text: autoDraw = True
346.1061 	DATA 	Keypress: space
346.1071 	EXP 	text: autoDraw = False
346.6086 	WARNING 	Stopping key buffers but this could be dangerous ifother keyboards rely on the same.
346.6201 	EXP 	text: text = 'You earned 4.5 out of 10 points in this round.\n\n Press [SPACE] to advance'
346.6201 	EXP 	text: autoDraw = True
347.1461 	DATA 	Keypress: space
347.1471 	EXP 	text: autoDraw = False
347.1632 	EXP 	text: text = 'Total points : 80.9'
356.7035 	EXP 	text: text = 'Press and hold [SPACE] to report the duration of the stimulus'
356.7035 	EXP 	text: autoDraw = True
357.2102 	DATA 	Keypress: space
357.2113 	EXP 	text: autoDraw = False
358.4886 	WARNING 	Stopping key buffers but this could be dangerous ifother keyboards rely on the same.
358.5018 	EXP 	text: text = 'You earned 8.3 out of 10 points in this round.\n\n Press [SPACE] to advance'
358.5018 	EXP 	text: autoDraw = True
359.0741 	DATA 	Keypress: space
359.0750 	EXP 	text: autoDraw = False
359.0802 	EXP 	text: text = 'Total points : 89.2'
367.6196 	EXP 	text: text = 'Press and hold [SPACE] to report the duration of the stimulus'
367.6196 	EXP 	text: autoDraw = True
368.1382 	DATA 	Keypress: space
368.1393 	EXP 	text: autoDraw = False
369.1766 	WARNING 	Stopping key buffers but this could be dangerous ifother keyboards rely on the same.
369.1965 	EXP 	text: text = 'You earned 8.4 out of 10 points in this round.\n\n Press [SPACE] to advance'
369.1965 	EXP 	text: autoDraw = True
369.7540 	DATA 	Keypress: space
369.7551 	EXP 	text: autoDraw = False
369.7632 	EXP 	text: text = 'Total points : 97.6'
379.3042 	EXP 	text: text = 'Press and hold [SPACE] to report the duration of the stimulus'
379.3042 	EXP 	text: autoDraw = True
379.7303 	DATA 	Keypress: space
379.7312 	EXP 	text: autoDraw = False
380.8326 	WARNING 	Stopping key buffers but this could be dangerous ifother keyboards rely on the same.
380.8465 	EXP 	text: text = 'You earned 5.8 out of 10 points in this round.\n\n Press [SPACE] to advance'
380.8465 	EXP 	text: autoDraw = True
381.4421 	DATA 	Keypress: space
381.4430 	EXP 	text: autoDraw = False
381.4485 	EXP 	text: text = 'Total points : 103.4'
389.7303 	EXP 	text: text = 'Press and hold [SPACE] to report the duration of the stimulus'
389.7303 	EXP 	text: autoDraw = True
390.1383 	DATA 	Keypress: space
390.1393 	EXP 	text: autoDraw = False
391.1126 	WARNING 	Stopping key buffers but this could be dangerous ifother keyboards rely on the same.
391.1298 	EXP 	text: text = 'You earned 8.6 out of 10 points in this round.\n\n Press [SPACE] to advance'
391.1298 	EXP 	text: autoDraw = True
391.7061 	DATA 	Keypress: space
391.7072 	EXP 	text: autoDraw = False
391.7132 	EXP 	text: text = 'Total points : 112.0'
399.9699 	EXP 	text: text = 'Press and hold [SPACE] to report the duration of the stimulus'
399.9699 	EXP 	text: autoDraw = True
400.4743 	DATA 	Keypress: space
400.4752 	EXP 	text: autoDraw = False
401.3046 	WARNING 	Stopping key buffers but this could be dangerous ifother keyboards rely on the same.
401.3181 	EXP 	text: text = 'You earned 6.5 out of 10 points in this round.\n\n Press [SPACE] to advance'
401.3181 	EXP 	text: autoDraw = True
401.9301 	DATA 	Keypress: space
401.9310 	EXP 	text: autoDraw = False
401.9465 	EXP 	text: text = 'Total points : 118.5'
411.0027 	EXP 	text: text = 'Press and hold [SPACE] to report the duration of the stimulus'
411.0027 	EXP 	text: autoDraw = True
411.5782 	DATA 	Keypress: space
411.5792 	EXP 	text: autoDraw = False
412.4566 	WARNING 	Stopping key buffers but this could be dangerous ifother keyboards rely on the same.
412.4697 	EXP 	text: text = 'You earned 4.8 out of 10 points in this round.\n\n Press [SPACE] to advance'
412.4697 	EXP 	text: autoDraw = True
413.0981 	DATA 	Keypress: space
413.0990 	EXP 	text: autoDraw = False
413.1132 	EXP 	text: text = 'Total points : 123.3'
422.1699 	EXP 	text: text = 'Press and hold [SPACE] to report the duration of the stimulus'
422.1699 	EXP 	text: autoDraw = True
422.7781 	DATA 	Keypress: space
422.7792 	EXP 	text: autoDraw = False
423.6086 	WARNING 	Stopping key buffers but this could be dangerous ifother keyboards rely on the same.
423.6221 	EXP 	text: text = 'You earned 4.3 out of 10 points in this round.\n\n Press [SPACE] to advance'
423.6221 	EXP 	text: autoDraw = True
424.3542 	DATA 	Keypress: space
424.3551 	EXP 	text: autoDraw = False
424.3631 	EXP 	text: text = 'Total points : 127.6'
433.4200 	EXP 	text: text = 'Press and hold [SPACE] to report the duration of the stimulus'
433.4200 	EXP 	text: autoDraw = True
434.0182 	DATA 	Keypress: space
434.0194 	EXP 	text: autoDraw = False
435.1606 	WARNING 	Stopping key buffers but this could be dangerous ifother keyboards rely on the same.
435.1799 	EXP 	text: text = 'You earned 8.1 out of 10 points in this round.\n\n Press [SPACE] to advance'
435.1799 	EXP 	text: autoDraw = True
435.7541 	DATA 	Keypress: space
435.7552 	EXP 	text: autoDraw = False
435.7632 	EXP 	text: text = 'Total points : 135.7'
445.3038 	EXP 	text: text = 'Press and hold [SPACE] to report the duration of the stimulus'
445.3038 	EXP 	text: autoDraw = True
445.8344 	DATA 	Keypress: space
445.8354 	EXP 	text: autoDraw = False
447.2086 	WARNING 	Stopping key buffers but this could be dangerous ifother keyboards rely on the same.
447.2224 	EXP 	text: text = 'You earned 10.0 out of 10 points in this round.\n\n Press [SPACE] to advance'
447.2224 	EXP 	text: autoDraw = True
447.8340 	DATA 	Keypress: space
447.8351 	EXP 	text: autoDraw = False
447.8465 	EXP 	text: text = 'Total points : 145.7'
456.3845 	EXP 	text: text = 'Press and hold [SPACE] to report the duration of the stimulus'
456.3845 	EXP 	text: autoDraw = True
457.1864 	DATA 	Keypress: space
457.1873 	EXP 	text: autoDraw = False
458.4726 	WARNING 	Stopping key buffers but this could be dangerous ifother keyboards rely on the same.
458.4843 	EXP 	text: text = 'Total points : 145.7'
458.4843 	EXP 	text: text = 'Your response exceeded the actual time.\n\n Press [SPACE] to advance'
458.4843 	EXP 	text: autoDraw = True
459.2581 	DATA 	Keypress: space
459.2591 	EXP 	text: autoDraw = False
467.8206 	EXP 	text: text = 'Press and hold [SPACE] to report the duration of the stimulus'
467.8206 	EXP 	text: autoDraw = True
468.2983 	DATA 	Keypress: space
468.2993 	EXP 	text: autoDraw = False
469.2086 	WARNING 	Stopping key buffers but this could be dangerous ifother keyboards rely on the same.
469.2217 	EXP 	text: text = 'You earned 6.5 out of 10 points in this round.\n\n Press [SPACE] to advance'
469.2217 	EXP 	text: autoDraw = True
469.8181 	DATA 	Keypress: space
469.8192 	EXP 	text: autoDraw = False
469.8298 	EXP 	text: text = 'Total points : 152.2'
478.0859 	EXP 	text: text = 'Press and hold [SPACE] to report the duration of the stimulus'
478.0859 	EXP 	text: autoDraw = True
478.6021 	DATA 	Keypress: space
478.6033 	EXP 	text: autoDraw = False
479.4246 	WARNING 	Stopping key buffers but this could be dangerous ifother keyboards rely on the same.
479.4377 	EXP 	text: text = 'You earned 6.4 out of 10 points in this round.\n\n Press [SPACE] to advance'
479.4377 	EXP 	text: autoDraw = True
480.0421 	DATA 	Keypress: space
480.0430 	EXP 	text: autoDraw = False
480.0487 	EXP 	text: text = 'Total points : 158.6'
487.9849 	EXP 	text: text = 'Press and hold [SPACE] to report the duration of the stimulus'
487.9849 	EXP 	text: autoDraw = True
488.4422 	DATA 	Keypress: space
488.4433 	EXP 	text: autoDraw = False
489.2486 	WARNING 	Stopping key buffers but this could be dangerous ifother keyboards rely on the same.
489.2631 	EXP 	text: text = 'You earned 7.2 out of 10 points in this round.\n\n Press [SPACE] to advance'
489.2631 	EXP 	text: autoDraw = True
489.8182 	DATA 	Keypress: space
489.8191 	EXP 	text: autoDraw = False
489.8298 	EXP 	text: text = 'Total points : 165.8'
497.4863 	EXP 	text: text = 'Press and hold [SPACE] to report the duration of the stimulus'
497.4863 	EXP 	text: autoDraw = True
498.0584 	DATA 	Keypress: space
498.0595 	EXP 	text: autoDraw = False
498.9366 	WARNING 	Stopping key buffers but this could be dangerous ifother keyboards rely on the same.
498.9500 	EXP 	text: text = 'You earned 9.6 out of 10 points in this round.\n\n Press [SPACE] to advance'
498.9500 	EXP 	text: autoDraw = True
499.6021 	DATA 	Keypress: space
499.6031 	EXP 	text: autoDraw = False
499.6132 	EXP 	text: text = 'Total points : 175.4'
506.9521 	EXP 	text: text = 'Press and hold [SPACE] to report the duration of the stimulus'
506.9521 	EXP 	text: autoDraw = True
507.4183 	DATA 	Keypress: space
507.4194 	EXP 	text: autoDraw = False
508.1047 	WARNING 	Stopping key buffers but this could be dangerous ifother keyboards rely on the same.
508.1178 	EXP 	text: text = 'You earned 7.6 out of 10 points in this round.\n\n Press [SPACE] to advance'
508.1178 	EXP 	text: autoDraw = True
508.6821 	DATA 	Keypress: space
508.6830 	EXP 	text: autoDraw = False
508.6965 	EXP 	text: text = 'Total points : 183.0'
516.6357 	EXP 	text: text = 'Press and hold [SPACE] to report the duration of the stimulus'
516.6357 	EXP 	text: autoDraw = True
517.1063 	DATA 	Keypress: space
517.1074 	EXP 	text: autoDraw = False
517.8726 	WARNING 	Stopping key buffers but this could be dangerous ifother keyboards rely on the same.
517.8856 	EXP 	text: text = 'You earned 6.6 out of 10 points in this round.\n\n Press [SPACE] to advance'
517.8856 	EXP 	text: autoDraw = True
572.6583 	DATA 	Keypress: space
572.6595 	EXP 	text: autoDraw = False
572.6656 	EXP 	text: text = 'Total points : 189.6'
580.3200 	EXP 	text: text = 'Press and hold [SPACE] to report the duration of the stimulus'
580.3200 	EXP 	text: autoDraw = True
580.8582 	DATA 	Keypress: space
580.8592 	EXP 	text: autoDraw = False
581.4806 	WARNING 	Stopping key buffers but this could be dangerous ifother keyboards rely on the same.
581.4965 	EXP 	text: text = 'You earned 5.8 out of 10 points in this round.\n\n Press [SPACE] to advance'
581.4965 	EXP 	text: autoDraw = True
582.1301 	DATA 	Keypress: space
582.1312 	EXP 	text: autoDraw = False
582.1465 	EXP 	text: text = 'Total points : 195.4'
590.6858 	EXP 	text: text = 'Press and hold [SPACE] to report the duration of the stimulus'
590.6858 	EXP 	text: autoDraw = True
591.2663 	DATA 	Keypress: space
591.2673 	EXP 	text: autoDraw = False
592.1686 	WARNING 	Stopping key buffers but this could be dangerous ifother keyboards rely on the same.
592.1817 	EXP 	text: text = 'You earned 6.4 out of 10 points in this round.\n\n Press [SPACE] to advance'
592.1817 	EXP 	text: autoDraw = True
596.1942 	DATA 	Keypress: space
596.1952 	EXP 	text: autoDraw = False
596.2011 	EXP 	text: text = 'Total points : 201.8'
603.8522 	EXP 	text: text = 'Press and hold [SPACE] to report the duration of the stimulus'
603.8522 	EXP 	text: autoDraw = True
604.4022 	DATA 	Keypress: space
604.4032 	EXP 	text: autoDraw = False
605.2966 	WARNING 	Stopping key buffers but this could be dangerous ifother keyboards rely on the same.
605.3132 	EXP 	text: text = 'You earned 9.9 out of 10 points in this round.\n\n Press [SPACE] to advance'
605.3132 	EXP 	text: autoDraw = True
674.7944 	DATA 	Keypress: space
674.7955 	EXP 	text: autoDraw = False
674.8017 	EXP 	text: text = 'Total points : 211.7'
684.6534 	EXP 	text: text = 'Press and hold [SPACE] to report the duration of the stimulus'
684.6534 	EXP 	text: autoDraw = True
685.1383 	DATA 	Keypress: space
685.1393 	EXP 	text: autoDraw = False
686.1526 	WARNING 	Stopping key buffers but this could be dangerous ifother keyboards rely on the same.
686.1657 	EXP 	text: text = 'You earned 4.2 out of 10 points in this round.\n\n Press [SPACE] to advance'
686.1657 	EXP 	text: autoDraw = True
686.7541 	DATA 	Keypress: space
686.7552 	EXP 	text: autoDraw = False
686.7632 	EXP 	text: text = 'Total points : 215.9'
696.6238 	EXP 	text: text = 'Press and hold [SPACE] to report the duration of the stimulus'
696.6238 	EXP 	text: autoDraw = True
697.1704 	DATA 	Keypress: space
697.1715 	EXP 	text: autoDraw = False
698.1447 	WARNING 	Stopping key buffers but this could be dangerous ifother keyboards rely on the same.
698.1632 	EXP 	text: text = 'You earned 3.9 out of 10 points in this round.\n\n Press [SPACE] to advance'
698.1632 	EXP 	text: autoDraw = True
698.9063 	DATA 	Keypress: space
698.9073 	EXP 	text: autoDraw = False
698.9129 	EXP 	text: text = 'Total points : 219.8'
706.5965 	EXP 	text: text = 'Press and hold [SPACE] to report the duration of the stimulus'
706.5965 	EXP 	text: autoDraw = True
707.0982 	DATA 	Keypress: space
707.0994 	EXP 	text: autoDraw = False
707.8806 	WARNING 	Stopping key buffers but this could be dangerous ifother keyboards rely on the same.
707.8965 	EXP 	text: text = 'You earned 7.9 out of 10 points in this round.\n\n Press [SPACE] to advance'
707.8965 	EXP 	text: autoDraw = True
708.5300 	DATA 	Keypress: space
708.5311 	EXP 	text: autoDraw = False
708.5465 	EXP 	text: text = 'Total points : 227.7'
718.6857 	EXP 	text: text = 'Press and hold [SPACE] to report the duration of the stimulus'
718.6857 	EXP 	text: autoDraw = True
719.0583 	DATA 	Keypress: space
719.0594 	EXP 	text: autoDraw = False
720.1766 	WARNING 	Stopping key buffers but this could be dangerous ifother keyboards rely on the same.
720.1965 	EXP 	text: text = 'You earned 4.4 out of 10 points in this round.\n\n Press [SPACE] to advance'
720.1965 	EXP 	text: autoDraw = True
720.8422 	DATA 	Keypress: space
720.8433 	EXP 	text: autoDraw = False
720.8487 	EXP 	text: text = 'Total points : 232.1'
729.9298 	EXP 	text: text = 'Press and hold [SPACE] to report the duration of the stimulus'
729.9298 	EXP 	text: autoDraw = True
730.3543 	DATA 	Keypress: space
730.3554 	EXP 	text: autoDraw = False
731.4806 	WARNING 	Stopping key buffers but this could be dangerous ifother keyboards rely on the same.
731.4965 	EXP 	text: text = 'You earned 7.8 out of 10 points in this round.\n\n Press [SPACE] to advance'
731.4965 	EXP 	text: autoDraw = True
732.1941 	DATA 	Keypress: space
732.1952 	EXP 	text: autoDraw = False
732.2005 	EXP 	text: text = 'Total points : 239.9'
739.2530 	EXP 	text: text = 'Press and hold [SPACE] to report the duration of the stimulus'
739.2530 	EXP 	text: autoDraw = True
739.9461 	DATA 	Keypress: space
739.9472 	EXP 	text: autoDraw = False
740.5447 	WARNING 	Stopping key buffers but this could be dangerous ifother keyboards rely on the same.
740.5632 	EXP 	text: text = 'You earned 7.4 out of 10 points in this round.\n\n Press [SPACE] to advance'
740.5632 	EXP 	text: autoDraw = True
740.5941 	DATA 	Keypress: comma
741.2100 	DATA 	Keypress: space
741.2111 	EXP 	text: autoDraw = False
741.2163 	EXP 	text: text = 'Total points : 247.3'
749.1798 	EXP 	text: text = 'Press and hold [SPACE] to report the duration of the stimulus'
749.1798 	EXP 	text: autoDraw = True
749.6184 	DATA 	Keypress: space
749.6195 	EXP 	text: autoDraw = False
750.5366 	WARNING 	Stopping key buffers but this could be dangerous ifother keyboards rely on the same.
750.5500 	EXP 	text: text = 'You earned 9.0 out of 10 points in this round.\n\n Press [SPACE] to advance'
750.5500 	EXP 	text: autoDraw = True
751.2022 	DATA 	Keypress: space
751.2032 	EXP 	text: autoDraw = False
751.2131 	EXP 	text: text = 'Total points : 256.3'
759.4703 	EXP 	text: text = 'Press and hold [SPACE] to report the duration of the stimulus'
759.4703 	EXP 	text: autoDraw = True
759.9941 	DATA 	Keypress: space
759.9953 	EXP 	text: autoDraw = False
760.7606 	WARNING 	Stopping key buffers but this could be dangerous ifother keyboards rely on the same.
760.7799 	EXP 	text: text = 'You earned 5.7 out of 10 points in this round.\n\n Press [SPACE] to advance'
760.7799 	EXP 	text: autoDraw = True
761.4342 	DATA 	Keypress: space
761.4351 	EXP 	text: autoDraw = False
761.4465 	EXP 	text: text = 'Total points : 262.0'
768.8132 	EXP 	text: text = 'Press and hold [SPACE] to report the duration of the stimulus'
768.8132 	EXP 	text: autoDraw = True
769.1942 	DATA 	Keypress: space
769.1953 	EXP 	text: autoDraw = False
770.0326 	WARNING 	Stopping key buffers but this could be dangerous ifother keyboards rely on the same.
770.0442 	EXP 	text: text = 'Total points : 262.0'
770.0442 	EXP 	text: text = 'Your response exceeded the actual time.\n\n Press [SPACE] to advance'
770.0442 	EXP 	text: autoDraw = True
770.8101 	DATA 	Keypress: space
770.8110 	EXP 	text: autoDraw = False
777.9131 	EXP 	text: text = 'Press and hold [SPACE] to report the duration of the stimulus'
777.9131 	EXP 	text: autoDraw = True
778.2822 	DATA 	Keypress: space
778.2833 	EXP 	text: autoDraw = False
778.9046 	WARNING 	Stopping key buffers but this could be dangerous ifother keyboards rely on the same.
778.9176 	EXP 	text: text = 'You earned 7.8 out of 10 points in this round.\n\n Press [SPACE] to advance'
778.9176 	EXP 	text: autoDraw = True
779.5142 	DATA 	Keypress: space
779.5152 	EXP 	text: autoDraw = False
779.5298 	EXP 	text: text = 'Total points : 269.8'
787.7867 	EXP 	text: text = 'Press and hold [SPACE] to report the duration of the stimulus'
787.7867 	EXP 	text: autoDraw = True
788.1621 	DATA 	Keypress: space
788.1632 	EXP 	text: autoDraw = False
788.8566 	WARNING 	Stopping key buffers but this could be dangerous ifother keyboards rely on the same.
788.8697 	EXP 	text: text = 'You earned 4.9 out of 10 points in this round.\n\n Press [SPACE] to advance'
788.8697 	EXP 	text: autoDraw = True
792.0661 	DATA 	Keypress: space
792.0672 	EXP 	text: autoDraw = False
792.0799 	EXP 	text: text = 'Total points : 274.7'
802.2465 	EXP 	text: text = 'Press and hold [SPACE] to report the duration of the stimulus'
802.2465 	EXP 	text: autoDraw = True
802.6822 	DATA 	Keypress: space
802.6833 	EXP 	text: autoDraw = False
803.8246 	WARNING 	Stopping key buffers but this could be dangerous ifother keyboards rely on the same.
803.8377 	EXP 	text: text = 'You earned 4.7 out of 10 points in this round.\n\n Press [SPACE] to advance'
803.8377 	EXP 	text: autoDraw = True
805.3700 	DATA 	Keypress: space
805.3710 	EXP 	text: autoDraw = False
805.3799 	EXP 	text: text = 'Total points : 279.4'
814.9464 	EXP 	text: text = 'Press and hold [SPACE] to report the duration of the stimulus'
814.9464 	EXP 	text: autoDraw = True
815.3703 	DATA 	Keypress: space
815.3713 	EXP 	text: autoDraw = False
816.5846 	WARNING 	Stopping key buffers but this could be dangerous ifother keyboards rely on the same.
816.5977 	EXP 	text: text = 'You earned 7.3 out of 10 points in this round.\n\n Press [SPACE] to advance'
816.5977 	EXP 	text: autoDraw = True
817.3461 	DATA 	Keypress: space
817.3471 	EXP 	text: autoDraw = False
817.3632 	EXP 	text: text = 'Total points : 286.7'
824.4196 	EXP 	text: text = 'Press and hold [SPACE] to report the duration of the stimulus'
824.4196 	EXP 	text: autoDraw = True
824.8983 	DATA 	Keypress: space
824.8994 	EXP 	text: autoDraw = False
825.3765 	WARNING 	Stopping key buffers but this could be dangerous ifother keyboards rely on the same.
825.3890 	EXP 	text: text = 'You earned 5.8 out of 10 points in this round.\n\n Press [SPACE] to advance'
825.3890 	EXP 	text: autoDraw = True
825.9781 	DATA 	Keypress: space
825.9790 	EXP 	text: autoDraw = False
825.9965 	EXP 	text: text = 'Total points : 292.5'
833.9367 	EXP 	text: text = 'Press and hold [SPACE] to report the duration of the stimulus'
833.9367 	EXP 	text: autoDraw = True
834.7143 	DATA 	Keypress: space
834.7154 	EXP 	text: autoDraw = False
835.2967 	WARNING 	Stopping key buffers but this could be dangerous ifother keyboards rely on the same.
835.3131 	EXP 	text: text = 'You earned 4.6 out of 10 points in this round.\n\n Press [SPACE] to advance'
835.3131 	EXP 	text: autoDraw = True
835.9221 	DATA 	Keypress: space
835.9231 	EXP 	text: autoDraw = False
835.9299 	EXP 	text: text = 'Total points : 297.1'
846.0692 	EXP 	text: text = 'Press and hold [SPACE] to report the duration of the stimulus'
846.0692 	EXP 	text: autoDraw = True
846.5702 	DATA 	Keypress: space
846.5712 	EXP 	text: autoDraw = False
847.4806 	WARNING 	Stopping key buffers but this could be dangerous ifother keyboards rely on the same.
847.4965 	EXP 	text: text = 'You earned 2.9 out of 10 points in this round.\n\n Press [SPACE] to advance'
847.4965 	EXP 	text: autoDraw = True
848.2101 	DATA 	Keypress: space
848.2110 	EXP 	text: autoDraw = False
848.2162 	EXP 	text: text = 'Total points : 300.0'
855.5538 	EXP 	text: text = 'Press and hold [SPACE] to report the duration of the stimulus'
855.5538 	EXP 	text: autoDraw = True
856.0181 	DATA 	Keypress: space
856.0192 	EXP 	text: autoDraw = False
856.4326 	WARNING 	Stopping key buffers but this could be dangerous ifother keyboards rely on the same.
856.4464 	EXP 	text: text = 'You earned 4.4 out of 10 points in this round.\n\n Press [SPACE] to advance'
856.4464 	EXP 	text: autoDraw = True
857.0341 	DATA 	Keypress: space
857.0352 	EXP 	text: autoDraw = False
857.0465 	EXP 	text: text = 'Total points : 304.4'
867.1859 	EXP 	text: text = 'Press and hold [SPACE] to report the duration of the stimulus'
867.1859 	EXP 	text: autoDraw = True
867.8183 	DATA 	Keypress: space
867.8194 	EXP 	text: autoDraw = False
868.8646 	WARNING 	Stopping key buffers but this could be dangerous ifother keyboards rely on the same.
868.8799 	EXP 	text: text = 'You earned 3.9 out of 10 points in this round.\n\n Press [SPACE] to advance'
868.8799 	EXP 	text: autoDraw = True
869.4742 	DATA 	Keypress: space
869.4752 	EXP 	text: autoDraw = False
869.4804 	EXP 	text: text = 'Total points : 308.3'
877.1368 	EXP 	text: text = 'Press and hold [SPACE] to report the duration of the stimulus'
877.1368 	EXP 	text: autoDraw = True
877.5142 	DATA 	Keypress: space
877.5153 	EXP 	text: autoDraw = False
878.1686 	WARNING 	Stopping key buffers but this could be dangerous ifother keyboards rely on the same.
878.1819 	EXP 	text: text = 'You earned 6.1 out of 10 points in this round.\n\n Press [SPACE] to advance'
878.1819 	EXP 	text: autoDraw = True
878.7942 	DATA 	Keypress: space
878.7951 	EXP 	text: autoDraw = False
878.8005 	EXP 	text: text = 'Total points : 314.4'
887.8799 	EXP 	text: text = 'Press and hold [SPACE] to report the duration of the stimulus'
887.8799 	EXP 	text: autoDraw = True
888.3065 	DATA 	Keypress: space
888.3076 	EXP 	text: autoDraw = False
889.5126 	WARNING 	Stopping key buffers but this could be dangerous ifother keyboards rely on the same.
889.5298 	EXP 	text: text = 'You earned 9.2 out of 10 points in this round.\n\n Press [SPACE] to advance'
889.5298 	EXP 	text: autoDraw = True
890.2582 	DATA 	Keypress: space
890.2591 	EXP 	text: autoDraw = False
890.2645 	EXP 	text: text = 'Total points : 323.6'
899.8034 	EXP 	text: text = 'Press and hold [SPACE] to report the duration of the stimulus'
899.8034 	EXP 	text: autoDraw = True
900.2343 	DATA 	Keypress: space
900.2354 	EXP 	text: autoDraw = False
901.3047 	WARNING 	Stopping key buffers but this could be dangerous ifother keyboards rely on the same.
901.3179 	EXP 	text: text = 'You earned 5.5 out of 10 points in this round.\n\n Press [SPACE] to advance'
901.3179 	EXP 	text: autoDraw = True
901.9221 	DATA 	Keypress: space
901.9230 	EXP 	text: autoDraw = False
901.9298 	EXP 	text: text = 'Total points : 329.1'
910.2132 	EXP 	text: text = 'Press and hold [SPACE] to report the duration of the stimulus'
910.2132 	EXP 	text: autoDraw = True
910.7302 	DATA 	Keypress: space
910.7313 	EXP 	text: autoDraw = False
911.6406 	WARNING 	Stopping key buffers but this could be dangerous ifother keyboards rely on the same.
911.6540 	EXP 	text: text = 'You earned 7.6 out of 10 points in this round.\n\n Press [SPACE] to advance'
911.6540 	EXP 	text: autoDraw = True
912.2902 	DATA 	Keypress: space
912.2912 	EXP 	text: autoDraw = False
912.2965 	EXP 	text: text = 'Total points : 336.7'
920.2363 	EXP 	text: text = 'Press and hold [SPACE] to report the duration of the stimulus'
920.2363 	EXP 	text: autoDraw = True
920.8023 	DATA 	Keypress: space
920.8034 	EXP 	text: autoDraw = False
921.5606 	WARNING 	Stopping key buffers but this could be dangerous ifother keyboards rely on the same.
921.5798 	EXP 	text: text = 'You earned 6.5 out of 10 points in this round.\n\n Press [SPACE] to advance'
921.5798 	EXP 	text: autoDraw = True
922.1941 	DATA 	Keypress: space
922.1951 	EXP 	text: autoDraw = False
922.2006 	EXP 	text: text = 'Total points : 343.2'
930.7522 	EXP 	text: text = 'Press and hold [SPACE] to report the duration of the stimulus'
930.7522 	EXP 	text: autoDraw = True
931.1384 	DATA 	Keypress: space
931.1395 	EXP 	text: autoDraw = False
932.0486 	WARNING 	Stopping key buffers but this could be dangerous ifother keyboards rely on the same.
932.0632 	EXP 	text: text = 'You earned 6.5 out of 10 points in this round.\n\n Press [SPACE] to advance'
932.0632 	EXP 	text: autoDraw = True
932.6661 	DATA 	Keypress: space
932.6671 	EXP 	text: autoDraw = False
932.6798 	EXP 	text: text = 'Total points : 349.7'
940.0189 	EXP 	text: text = 'Press and hold [SPACE] to report the duration of the stimulus'
940.0189 	EXP 	text: autoDraw = True
940.4822 	DATA 	Keypress: space
940.4832 	EXP 	text: autoDraw = False
941.1766 	WARNING 	Stopping key buffers but this could be dangerous ifother keyboards rely on the same.
941.1965 	EXP 	text: text = 'You earned 7.7 out of 10 points in this round.\n\n Press [SPACE] to advance'
941.1965 	EXP 	text: autoDraw = True
941.8101 	DATA 	Keypress: space
941.8112 	EXP 	text: autoDraw = False
941.8166 	EXP 	text: text = 'Total points : 357.4'
948.8705 	EXP 	text: text = 'Press and hold [SPACE] to report the duration of the stimulus'
948.8705 	EXP 	text: autoDraw = True
949.3623 	DATA 	Keypress: space
949.3633 	EXP 	text: autoDraw = False
949.8486 	WARNING 	Stopping key buffers but this could be dangerous ifother keyboards rely on the same.
949.8632 	EXP 	text: text = 'You earned 5.9 out of 10 points in this round.\n\n Press [SPACE] to advance'
949.8632 	EXP 	text: autoDraw = True
950.5461 	DATA 	Keypress: space
950.5471 	EXP 	text: autoDraw = False
950.5632 	EXP 	text: text = 'Total points : 363.3'
958.2465 	EXP 	text: text = 'Press and hold [SPACE] to report the duration of the stimulus'
958.2465 	EXP 	text: autoDraw = True
958.6742 	DATA 	Keypress: space
958.6754 	EXP 	text: autoDraw = False
959.6086 	WARNING 	Stopping key buffers but this could be dangerous ifother keyboards rely on the same.
959.6201 	EXP 	text: text = 'Total points : 363.3'
959.6201 	EXP 	text: text = 'Your response exceeded the actual time.\n\n Press [SPACE] to advance'
959.6201 	EXP 	text: autoDraw = True
960.2021 	DATA 	Keypress: space
960.2030 	EXP 	text: autoDraw = False
970.1131 	EXP 	text: text = 'Press and hold [SPACE] to report the duration of the stimulus'
970.1131 	EXP 	text: autoDraw = True
970.6343 	DATA 	Keypress: space
970.6354 	EXP 	text: autoDraw = False
971.6966 	WARNING 	Stopping key buffers but this could be dangerous ifother keyboards rely on the same.
971.7131 	EXP 	text: text = 'You earned 4.6 out of 10 points in this round.\n\n Press [SPACE] to advance'
971.7131 	EXP 	text: autoDraw = True
972.4021 	DATA 	Keypress: space
972.4032 	EXP 	text: autoDraw = False
972.4132 	EXP 	text: text = 'Total points : 367.9'
980.3799 	EXP 	text: text = 'Press and hold [SPACE] to report the duration of the stimulus'
980.3799 	EXP 	text: autoDraw = True
980.8263 	DATA 	Keypress: space
980.8273 	EXP 	text: autoDraw = False
981.5847 	WARNING 	Stopping key buffers but this could be dangerous ifother keyboards rely on the same.
981.5977 	EXP 	text: text = 'You earned 6.5 out of 10 points in this round.\n\n Press [SPACE] to advance'
981.5977 	EXP 	text: autoDraw = True
982.2261 	DATA 	Keypress: space
982.2270 	EXP 	text: autoDraw = False
982.2323 	EXP 	text: text = 'Total points : 374.4'
992.3707 	EXP 	text: text = 'Press and hold [SPACE] to report the duration of the stimulus'
992.3707 	EXP 	text: autoDraw = True
992.8663 	DATA 	Keypress: space
992.8674 	EXP 	text: autoDraw = False
993.9286 	WARNING 	Stopping key buffers but this could be dangerous ifother keyboards rely on the same.
993.9465 	EXP 	text: text = 'You earned 4.0 out of 10 points in this round.\n\n Press [SPACE] to advance'
993.9465 	EXP 	text: autoDraw = True
994.5061 	DATA 	Keypress: space
994.5071 	EXP 	text: autoDraw = False
994.5131 	EXP 	text: text = 'Total points : 378.4'
1003.5694 	EXP 	text: text = 'Press and hold [SPACE] to report the duration of the stimulus'
1003.5694 	EXP 	text: autoDraw = True
1004.0423 	DATA 	Keypress: space
1004.0434 	EXP 	text: autoDraw = False
1004.8087 	WARNING 	Stopping key buffers but this could be dangerous ifother keyboards rely on the same.
1004.8218 	EXP 	text: text = 'You earned 3.8 out of 10 points in this round.\n\n Press [SPACE] to advance'
1004.8218 	EXP 	text: autoDraw = True
1005.4340 	DATA 	Keypress: space
1005.4351 	EXP 	text: autoDraw = False
1005.4465 	EXP 	text: text = 'Total points : 382.2'
1012.8132 	EXP 	text: text = 'Press and hold [SPACE] to report the duration of the stimulus'
1012.8132 	EXP 	text: autoDraw = True
1013.2345 	DATA 	Keypress: space
1013.2355 	EXP 	text: autoDraw = False
1014.0086 	WARNING 	Stopping key buffers but this could be dangerous ifother keyboards rely on the same.
1014.0218 	EXP 	text: text = 'You earned 9.1 out of 10 points in this round.\n\n Press [SPACE] to advance'
1014.0218 	EXP 	text: autoDraw = True
1014.5702 	DATA 	Keypress: space
1014.5712 	EXP 	text: autoDraw = False
1014.5799 	EXP 	text: text = 'Total points : 391.3'
1022.5465 	EXP 	text: text = 'Press and hold [SPACE] to report the duration of the stimulus'
1022.5465 	EXP 	text: autoDraw = True
1023.0983 	DATA 	Keypress: space
1023.0992 	EXP 	text: autoDraw = False
1024.0166 	WARNING 	Stopping key buffers but this could be dangerous ifother keyboards rely on the same.
1024.0296 	EXP 	text: text = 'You earned 9.0 out of 10 points in this round.\n\n Press [SPACE] to advance'
1024.0296 	EXP 	text: autoDraw = True
1024.6420 	DATA 	Keypress: space
1024.6430 	EXP 	text: autoDraw = False
1024.6484 	EXP 	text: text = 'Total points : 400.3'
1033.7021 	EXP 	text: text = 'Press and hold [SPACE] to report the duration of the stimulus'
1033.7021 	EXP 	text: autoDraw = True
1034.2663 	DATA 	Keypress: space
1034.2673 	EXP 	text: autoDraw = False
1035.1206 	WARNING 	Stopping key buffers but this could be dangerous ifother keyboards rely on the same.
1035.1338 	EXP 	text: text = 'You earned 4.5 out of 10 points in this round.\n\n Press [SPACE] to advance'
1035.1338 	EXP 	text: autoDraw = True
1035.8182 	DATA 	Keypress: space
1035.8192 	EXP 	text: autoDraw = False
1035.8299 	EXP 	text: text = 'Total points : 404.8'
1044.0868 	EXP 	text: text = 'Press and hold [SPACE] to report the duration of the stimulus'
1044.0868 	EXP 	text: autoDraw = True
1044.5464 	DATA 	Keypress: space
1044.5475 	EXP 	text: autoDraw = False
1045.1206 	WARNING 	Stopping key buffers but this could be dangerous ifother keyboards rely on the same.
1045.1337 	EXP 	text: text = 'You earned 3.9 out of 10 points in this round.\n\n Press [SPACE] to advance'
1045.1337 	EXP 	text: autoDraw = True
1045.7061 	DATA 	Keypress: space
1045.7071 	EXP 	text: autoDraw = False
1045.7130 	EXP 	text: text = 'Total points : 408.7'
1052.7685 	EXP 	text: text = 'Press and hold [SPACE] to report the duration of the stimulus'
1052.7685 	EXP 	text: autoDraw = True
1053.2503 	DATA 	Keypress: space
1053.2514 	EXP 	text: autoDraw = False
1053.9846 	WARNING 	Stopping key buffers but this could be dangerous ifother keyboards rely on the same.
1053.9976 	EXP 	text: text = 'You earned 9.7 out of 10 points in this round.\n\n Press [SPACE] to advance'
1053.9976 	EXP 	text: autoDraw = True
1054.5381 	DATA 	Keypress: space
1054.5391 	EXP 	text: autoDraw = False
1054.5465 	EXP 	text: text = 'Total points : 418.4'
1062.8028 	EXP 	text: text = 'Press and hold [SPACE] to report the duration of the stimulus'
1062.8028 	EXP 	text: autoDraw = True
1063.2662 	DATA 	Keypress: space
1063.2672 	EXP 	text: autoDraw = False
1063.9846 	WARNING 	Stopping key buffers but this could be dangerous ifother keyboards rely on the same.
1063.9979 	EXP 	text: text = 'You earned 5.2 out of 10 points in this round.\n\n Press [SPACE] to advance'
1063.9979 	EXP 	text: autoDraw = True
1064.5461 	DATA 	Keypress: space
1064.5472 	EXP 	text: autoDraw = False
1064.5632 	EXP 	text: text = 'Total points : 423.6'
1072.2195 	EXP 	text: text = 'Press and hold [SPACE] to report the duration of the stimulus'
1072.2195 	EXP 	text: autoDraw = True
1072.8983 	DATA 	Keypress: space
1072.8993 	EXP 	text: autoDraw = False
1073.6646 	WARNING 	Stopping key buffers but this could be dangerous ifother keyboards rely on the same.
1073.6799 	EXP 	text: text = 'You earned 7.7 out of 10 points in this round.\n\n Press [SPACE] to advance'
1073.6799 	EXP 	text: autoDraw = True
1074.2980 	DATA 	Keypress: space
1074.2991 	EXP 	text: autoDraw = False
1074.3132 	EXP 	text: text = 'Total points : 431.3'
1084.1691 	EXP 	text: text = 'Press and hold [SPACE] to report the duration of the stimulus'
1084.1691 	EXP 	text: autoDraw = True
1084.6022 	DATA 	Keypress: space
1084.6032 	EXP 	text: autoDraw = False
1085.6006 	WARNING 	Stopping key buffers but this could be dangerous ifother keyboards rely on the same.
1085.6137 	EXP 	text: text = 'You earned 4.1 out of 10 points in this round.\n\n Press [SPACE] to advance'
1085.6137 	EXP 	text: autoDraw = True
1086.1621 	DATA 	Keypress: space
1086.1632 	EXP 	text: autoDraw = False
1086.1798 	EXP 	text: text = 'Total points : 435.4'
1093.2361 	EXP 	text: text = 'Press and hold [SPACE] to report the duration of the stimulus'
1093.2361 	EXP 	text: autoDraw = True
1093.7302 	DATA 	Keypress: space
1093.7313 	EXP 	text: autoDraw = False
1094.5046 	WARNING 	Stopping key buffers but this could be dangerous ifother keyboards rely on the same.
1094.5162 	EXP 	text: text = 'Total points : 435.4'
1094.5162 	EXP 	text: text = 'Your response exceeded the actual time.\n\n Press [SPACE] to advance'
1094.5162 	EXP 	text: autoDraw = True
1095.1221 	DATA 	Keypress: space
1095.1231 	EXP 	text: autoDraw = False
1103.6865 	EXP 	text: text = 'Press and hold [SPACE] to report the duration of the stimulus'
1103.6865 	EXP 	text: autoDraw = True
1104.3464 	DATA 	Keypress: space
1104.3474 	EXP 	text: autoDraw = False
1105.0646 	WARNING 	Stopping key buffers but this could be dangerous ifother keyboards rely on the same.
1105.0797 	EXP 	text: text = 'You earned 4.4 out of 10 points in this round.\n\n Press [SPACE] to advance'
1105.0797 	EXP 	text: autoDraw = True
1105.6661 	DATA 	Keypress: space
1105.6672 	EXP 	text: autoDraw = False
1105.6798 	EXP 	text: text = 'Total points : 439.8'
1113.6194 	EXP 	text: text = 'Press and hold [SPACE] to report the duration of the stimulus'
1113.6194 	EXP 	text: autoDraw = True
1114.2423 	DATA 	Keypress: space
1114.2433 	EXP 	text: autoDraw = False
1114.9526 	WARNING 	Stopping key buffers but this could be dangerous ifother keyboards rely on the same.
1114.9658 	EXP 	text: text = 'You earned 5.9 out of 10 points in this round.\n\n Press [SPACE] to advance'
1114.9658 	EXP 	text: autoDraw = True
1115.5781 	DATA 	Keypress: space
1115.5790 	EXP 	text: autoDraw = False
1115.5965 	EXP 	text: text = 'Total points : 445.7'
1122.9632 	EXP 	text: text = 'Press and hold [SPACE] to report the duration of the stimulus'
1122.9632 	EXP 	text: autoDraw = True
1123.5304 	DATA 	Keypress: space
1123.5315 	EXP 	text: autoDraw = False
1124.3127 	WARNING 	Stopping key buffers but this could be dangerous ifother keyboards rely on the same.
1124.3299 	EXP 	text: text = 'You earned 9.2 out of 10 points in this round.\n\n Press [SPACE] to advance'
1124.3299 	EXP 	text: autoDraw = True
1124.8581 	DATA 	Keypress: space
1124.8591 	EXP 	text: autoDraw = False
1124.8647 	EXP 	text: text = 'Total points : 454.9'
1131.9198 	EXP 	text: text = 'Press and hold [SPACE] to report the duration of the stimulus'
1131.9198 	EXP 	text: autoDraw = True
1132.6103 	DATA 	Keypress: space
1132.6114 	EXP 	text: autoDraw = False
1133.2406 	WARNING 	Stopping key buffers but this could be dangerous ifother keyboards rely on the same.
1133.2537 	EXP 	text: text = 'You earned 7.9 out of 10 points in this round.\n\n Press [SPACE] to advance'
1133.2537 	EXP 	text: autoDraw = True
1133.8341 	DATA 	Keypress: space
1133.8350 	EXP 	text: autoDraw = False
1133.8465 	EXP 	text: text = 'Total points : 462.8'
1142.9026 	EXP 	text: text = 'Press and hold [SPACE] to report the duration of the stimulus'
1142.9026 	EXP 	text: autoDraw = True
1143.3862 	DATA 	Keypress: space
1143.3872 	EXP 	text: autoDraw = False
1144.4166 	WARNING 	Stopping key buffers but this could be dangerous ifother keyboards rely on the same.
1144.4299 	EXP 	text: text = 'You earned 6.5 out of 10 points in this round.\n\n Press [SPACE] to advance'
1144.4299 	EXP 	text: autoDraw = True
1145.0662 	DATA 	Keypress: space
1145.0673 	EXP 	text: autoDraw = False
1145.0799 	EXP 	text: text = 'Total points : 469.3'
1153.0196 	EXP 	text: text = 'Press and hold [SPACE] to report the duration of the stimulus'
1153.0196 	EXP 	text: autoDraw = True
1153.6662 	DATA 	Keypress: space
1153.6674 	EXP 	text: autoDraw = False
1154.5527 	WARNING 	Stopping key buffers but this could be dangerous ifother keyboards rely on the same.
1154.5657 	EXP 	text: text = 'You earned 8.4 out of 10 points in this round.\n\n Press [SPACE] to advance'
1154.5657 	EXP 	text: autoDraw = True
1155.1541 	DATA 	Keypress: space
1155.1552 	EXP 	text: autoDraw = False
1155.1631 	EXP 	text: text = 'Total points : 477.7'
1164.2204 	EXP 	text: text = 'Press and hold [SPACE] to report the duration of the stimulus'
1164.2204 	EXP 	text: autoDraw = True
1164.9383 	DATA 	Keypress: space
1164.9394 	EXP 	text: autoDraw = False
1165.9286 	WARNING 	Stopping key buffers but this could be dangerous ifother keyboards rely on the same.
1165.9465 	EXP 	text: text = 'You earned 6.0 out of 10 points in this round.\n\n Press [SPACE] to advance'
1165.9465 	EXP 	text: autoDraw = True
1166.4822 	DATA 	Keypress: space
1166.4832 	EXP 	text: autoDraw = False
1166.4965 	EXP 	text: text = 'Total points : 483.7'
1176.6362 	EXP 	text: text = 'Press and hold [SPACE] to report the duration of the stimulus'
1176.6362 	EXP 	text: autoDraw = True
1177.1383 	DATA 	Keypress: space
1177.1394 	EXP 	text: autoDraw = False
1178.3206 	WARNING 	Stopping key buffers but this could be dangerous ifother keyboards rely on the same.
1178.3340 	EXP 	text: text = 'You earned 5.1 out of 10 points in this round.\n\n Press [SPACE] to advance'
1178.3340 	EXP 	text: autoDraw = True
1178.8741 	DATA 	Keypress: space
1178.8752 	EXP 	text: autoDraw = False
1178.8804 	EXP 	text: text = 'Total points : 488.8'
1188.4208 	EXP 	text: text = 'Press and hold [SPACE] to report the duration of the stimulus'
1188.4208 	EXP 	text: autoDraw = True
1188.8663 	DATA 	Keypress: space
1188.8674 	EXP 	text: autoDraw = False
1189.8967 	WARNING 	Stopping key buffers but this could be dangerous ifother keyboards rely on the same.
1189.9131 	EXP 	text: text = 'You earned 5.0 out of 10 points in this round.\n\n Press [SPACE] to advance'
1189.9131 	EXP 	text: autoDraw = True
1190.4261 	DATA 	Keypress: space
1190.4272 	EXP 	text: autoDraw = False
1190.4325 	EXP 	text: text = 'Total points : 493.8'
1197.7695 	EXP 	text: text = 'Press and hold [SPACE] to report the duration of the stimulus'
1197.7695 	EXP 	text: autoDraw = True
1198.5142 	DATA 	Keypress: space
1198.5152 	EXP 	text: autoDraw = False
1199.1367 	WARNING 	Stopping key buffers but this could be dangerous ifother keyboards rely on the same.
1199.1498 	EXP 	text: text = 'You earned 6.7 out of 10 points in this round.\n\n Press [SPACE] to advance'
1199.1498 	EXP 	text: autoDraw = True
1199.6741 	DATA 	Keypress: space
1199.6750 	EXP 	text: autoDraw = False
1199.6802 	EXP 	text: text = 'Total points : 500.5'
1208.7376 	EXP 	text: text = 'Press and hold [SPACE] to report the duration of the stimulus'
1208.7376 	EXP 	text: autoDraw = True
1209.4103 	DATA 	Keypress: space
1209.4113 	EXP 	text: autoDraw = False
1210.1686 	WARNING 	Stopping key buffers but this could be dangerous ifother keyboards rely on the same.
1210.1816 	EXP 	text: text = 'You earned 3.8 out of 10 points in this round.\n\n Press [SPACE] to advance'
1210.1816 	EXP 	text: autoDraw = True
1210.7460 	DATA 	Keypress: space
1210.7470 	EXP 	text: autoDraw = False
1210.7632 	EXP 	text: text = 'Total points : 504.3'
1217.8465 	EXP 	text: text = 'Press and hold [SPACE] to report the duration of the stimulus'
1217.8465 	EXP 	text: autoDraw = True
1218.2504 	DATA 	Keypress: space
1218.2514 	EXP 	text: autoDraw = False
1219.1526 	WARNING 	Stopping key buffers but this could be dangerous ifother keyboards rely on the same.
1219.1641 	EXP 	text: text = 'Total points : 504.3'
1219.1641 	EXP 	text: text = 'Your response exceeded the actual time.\n\n Press [SPACE] to advance'
1219.1641 	EXP 	text: autoDraw = True
1219.7781 	DATA 	Keypress: space
1219.7792 	EXP 	text: autoDraw = False
1228.0696 	EXP 	text: text = 'Press and hold [SPACE] to report the duration of the stimulus'
1228.0696 	EXP 	text: autoDraw = True
1228.4902 	DATA 	Keypress: space
1228.4911 	EXP 	text: autoDraw = False
1229.3766 	WARNING 	Stopping key buffers but this could be dangerous ifother keyboards rely on the same.
1229.3965 	EXP 	text: text = 'You earned 7.2 out of 10 points in this round.\n\n Press [SPACE] to advance'
1229.3965 	EXP 	text: autoDraw = True
1229.9541 	DATA 	Keypress: space
1229.9551 	EXP 	text: autoDraw = False
1229.9633 	EXP 	text: text = 'Total points : 511.5'
1240.1036 	EXP 	text: text = 'Press and hold [SPACE] to report the duration of the stimulus'
1240.1036 	EXP 	text: autoDraw = True
1240.5144 	DATA 	Keypress: space
1240.5155 	EXP 	text: autoDraw = False
1241.4646 	WARNING 	Stopping key buffers but this could be dangerous ifother keyboards rely on the same.
1241.4798 	EXP 	text: text = 'You earned 3.2 out of 10 points in this round.\n\n Press [SPACE] to advance'
1241.4798 	EXP 	text: autoDraw = True
1241.9861 	DATA 	Keypress: space
1241.9871 	EXP 	text: autoDraw = False
1241.9965 	EXP 	text: text = 'Total points : 514.7'
1251.8535 	EXP 	text: text = 'Press and hold [SPACE] to report the duration of the stimulus'
1251.8535 	EXP 	text: autoDraw = True
1252.3464 	DATA 	Keypress: space
1252.3475 	EXP 	text: autoDraw = False
1253.3207 	WARNING 	Stopping key buffers but this could be dangerous ifother keyboards rely on the same.
1253.3338 	EXP 	text: text = 'You earned 3.9 out of 10 points in this round.\n\n Press [SPACE] to advance'
1253.3338 	EXP 	text: autoDraw = True
1253.9540 	DATA 	Keypress: space
1253.9550 	EXP 	text: autoDraw = False
1253.9632 	EXP 	text: text = 'Total points : 518.6'
1264.1029 	EXP 	text: text = 'Press and hold [SPACE] to report the duration of the stimulus'
1264.1029 	EXP 	text: autoDraw = True
1264.5383 	DATA 	Keypress: space
1264.5393 	EXP 	text: autoDraw = False
1265.5446 	WARNING 	Stopping key buffers but this could be dangerous ifother keyboards rely on the same.
1265.5632 	EXP 	text: text = 'You earned 3.6 out of 10 points in this round.\n\n Press [SPACE] to advance'
1265.5632 	EXP 	text: autoDraw = True
1266.1542 	DATA 	Keypress: space
1266.1553 	EXP 	text: autoDraw = False
1266.1632 	EXP 	text: text = 'Total points : 522.2'
1274.4197 	EXP 	text: text = 'Press and hold [SPACE] to report the duration of the stimulus'
1274.4197 	EXP 	text: autoDraw = True
1274.9302 	DATA 	Keypress: space
1274.9312 	EXP 	text: autoDraw = False
1275.6966 	WARNING 	Stopping key buffers but this could be dangerous ifother keyboards rely on the same.
1275.7132 	EXP 	text: text = 'You earned 5.7 out of 10 points in this round.\n\n Press [SPACE] to advance'
1275.7132 	EXP 	text: autoDraw = True
1276.2822 	DATA 	Keypress: space
1276.2833 	EXP 	text: autoDraw = False
1276.2965 	EXP 	text: text = 'Total points : 527.9'
1286.4632 	EXP 	text: text = 'Press and hold [SPACE] to report the duration of the stimulus'
1286.4632 	EXP 	text: autoDraw = True
1287.1382 	DATA 	Keypress: space
1287.1394 	EXP 	text: autoDraw = False
1288.3366 	WARNING 	Stopping key buffers but this could be dangerous ifother keyboards rely on the same.
1288.3497 	EXP 	text: text = 'You earned 5.2 out of 10 points in this round.\n\n Press [SPACE] to advance'
1288.3497 	EXP 	text: autoDraw = True
1288.9141 	DATA 	Keypress: space
1288.9151 	EXP 	text: autoDraw = False
1288.9299 	EXP 	text: text = 'Total points : 533.1'
1297.4966 	EXP 	text: text = 'Press and hold [SPACE] to report the duration of the stimulus'
1297.4966 	EXP 	text: autoDraw = True
1297.9383 	DATA 	Keypress: space
1297.9393 	EXP 	text: autoDraw = False
1298.8886 	WARNING 	Stopping key buffers but this could be dangerous ifother keyboards rely on the same.
1298.9017 	EXP 	text: text = 'You earned 7.1 out of 10 points in this round.\n\n Press [SPACE] to advance'
1298.9017 	EXP 	text: autoDraw = True
1299.4741 	DATA 	Keypress: space
1299.4750 	EXP 	text: autoDraw = False
1299.4810 	EXP 	text: text = 'Total points : 540.2'
1309.6465 	EXP 	text: text = 'Press and hold [SPACE] to report the duration of the stimulus'
1309.6465 	EXP 	text: autoDraw = True
1310.2424 	DATA 	Keypress: space
1310.2435 	EXP 	text: autoDraw = False
1311.3526 	WARNING 	Stopping key buffers but this could be dangerous ifother keyboards rely on the same.
1311.3657 	EXP 	text: text = 'You earned 4.4 out of 10 points in this round.\n\n Press [SPACE] to advance'
1311.3657 	EXP 	text: autoDraw = True
1311.9381 	DATA 	Keypress: space
1311.9390 	EXP 	text: autoDraw = False
1311.9465 	EXP 	text: text = 'Total points : 544.6'
1320.4874 	EXP 	text: text = 'Press and hold [SPACE] to report the duration of the stimulus'
1320.4874 	EXP 	text: autoDraw = True
1321.2504 	DATA 	Keypress: space
1321.2513 	EXP 	text: autoDraw = False
1322.0326 	WARNING 	Stopping key buffers but this could be dangerous ifother keyboards rely on the same.
1322.0465 	EXP 	text: text = 'You earned 5.1 out of 10 points in this round.\n\n Press [SPACE] to advance'
1322.0465 	EXP 	text: autoDraw = True
1322.5701 	DATA 	Keypress: space
1322.5711 	EXP 	text: autoDraw = False
1322.5798 	EXP 	text: text = 'Total points : 549.7'
1329.9199 	EXP 	text: text = 'Press and hold [SPACE] to report the duration of the stimulus'
1329.9199 	EXP 	text: autoDraw = True
1330.4182 	DATA 	Keypress: space
1330.4193 	EXP 	text: autoDraw = False
1331.2806 	WARNING 	Stopping key buffers but this could be dangerous ifother keyboards rely on the same.
1331.2921 	EXP 	text: text = 'Total points : 549.7'
1331.2921 	EXP 	text: text = 'Your response exceeded the actual time.\n\n Press [SPACE] to advance'
1331.2921 	EXP 	text: autoDraw = True
1331.8021 	DATA 	Keypress: space
1331.8031 	EXP 	text: autoDraw = False
1341.6866 	EXP 	text: text = 'Press and hold [SPACE] to report the duration of the stimulus'
1341.6866 	EXP 	text: autoDraw = True
1342.2264 	DATA 	Keypress: space
1342.2274 	EXP 	text: autoDraw = False
1343.0086 	WARNING 	Stopping key buffers but this could be dangerous ifother keyboards rely on the same.
1343.0217 	EXP 	text: text = 'You earned 2.6 out of 10 points in this round.\n\n Press [SPACE] to advance'
1343.0217 	EXP 	text: autoDraw = True
1343.6101 	DATA 	Keypress: space
1343.6110 	EXP 	text: autoDraw = False
1343.6163 	EXP 	text: text = 'Total points : 552.3'
1352.1798 	EXP 	text: text = 'Press and hold [SPACE] to report the duration of the stimulus'
1352.1798 	EXP 	text: autoDraw = True
1352.6023 	DATA 	Keypress: space
1352.6033 	EXP 	text: autoDraw = False
1353.7126 	WARNING 	Stopping key buffers but this could be dangerous ifother keyboards rely on the same.
1353.7298 	EXP 	text: text = 'You earned 9.7 out of 10 points in this round.\n\n Press [SPACE] to advance'
1353.7298 	EXP 	text: autoDraw = True
1354.2340 	DATA 	Keypress: space
1354.2351 	EXP 	text: autoDraw = False
1354.2465 	EXP 	text: text = 'Total points : 562.0'
1361.3037 	EXP 	text: text = 'Press and hold [SPACE] to report the duration of the stimulus'
1361.3037 	EXP 	text: autoDraw = True
1361.8502 	DATA 	Keypress: space
1361.8514 	EXP 	text: autoDraw = False
1362.5686 	WARNING 	Stopping key buffers but this could be dangerous ifother keyboards rely on the same.
1362.5823 	EXP 	text: text = 'You earned 9.4 out of 10 points in this round.\n\n Press [SPACE] to advance'
1362.5823 	EXP 	text: autoDraw = True
1363.1142 	DATA 	Keypress: space
1363.1151 	EXP 	text: autoDraw = False
1363.1299 	EXP 	text: text = 'Total points : 571.4'
1372.9864 	EXP 	text: text = 'Press and hold [SPACE] to report the duration of the stimulus'
1372.9864 	EXP 	text: autoDraw = True
1373.4903 	DATA 	Keypress: space
1373.4913 	EXP 	text: autoDraw = False
1374.3446 	WARNING 	Stopping key buffers but this could be dangerous ifother keyboards rely on the same.
1374.3632 	EXP 	text: text = 'You earned 3.0 out of 10 points in this round.\n\n Press [SPACE] to advance'
1374.3632 	EXP 	text: autoDraw = True
1375.0021 	DATA 	Keypress: space
1375.0030 	EXP 	text: autoDraw = False
1375.0132 	EXP 	text: text = 'Total points : 574.4'
1384.5798 	EXP 	text: text = 'Press and hold [SPACE] to report the duration of the stimulus'
1384.5798 	EXP 	text: autoDraw = True
1385.0344 	DATA 	Keypress: space
1385.0355 	EXP 	text: autoDraw = False
1386.1046 	WARNING 	Stopping key buffers but this could be dangerous ifother keyboards rely on the same.
1386.1180 	EXP 	text: text = 'You earned 5.5 out of 10 points in this round.\n\n Press [SPACE] to advance'
1386.1180 	EXP 	text: autoDraw = True
1386.6582 	DATA 	Keypress: space
1386.6591 	EXP 	text: autoDraw = False
1386.6639 	INFO 	Finishing at 15:24 on 18 Oct 2019
1386.9260 	EXP 	window1: mouseVisible = True
