11.0904 	INFO 	Successfully set darwin thread to realtime
12.1645 	INFO 	#[ PsychoPy2 RuntimeInfoStart ]
  #[[ PsychoPy ]] #---------
    psychopyVersion: 1.90.2
    psychopyHaveExtRush: True
  #[[ Experiment ]] #---------
    experimentRunTime: 2018_11_08 07:04 (Year_Month_Day Hour:Min)
    experimentRunTime.epoch: 1541678667
    experimentScript: RSVP_visual_now.py
    experimentScript.digestSHA1: 2dcb93a7e36690293ea6efbdd0c04bf36e7c9841
    experimentScript.directory: /Users/supadhy6/Documents/GitHub/spatio_temporal_information_processing/RSVP_visual_now
  #[[ System ]] #---------
    systemHaveInternetAccess: True
    systemHostName: pbs-jf-aldi.local
    systemLocale: C
    systemMemFreeRAM: 6378.03515625
    systemMemTotalRAM: 16384.0
    systemPlatform: darwin 10.14.1 x86_64
    systemRavailable: R version 3.3.2 (2016-10-31) -- Sincere Pumpkin Patch
    systemRebooted: Nov 6 13:14
    systemSec.OpenSSLVersion: OpenSSL 1.0.2j  26 Sep 2016
    systemSec.pythonSSL: True
    systemTimeNumpySD1000000_sec: 0.0030
    systemUser: supadhy6
    systemUserID: 1903061739
    systemUserProcCount: 289
    systemUserProcFlagged: iTunes mdworker Safari Dropbox
    systemUsersCount: 1
  #[[ Window ]] #---------
    windowWinType: pyglet
    windowUnits: deg
    windowSize_pix: [1440  900]
    windowScreen: 0
    windowRgb: [-0.7 -0.7 -0.7]
    windowRefreshTimeSD_ms: 1.281
    windowRefreshTimeMedian_ms: 16.645
    windowRefreshTimeAvg_ms: 16.680
    windowPos_pix: [0, 0]
    windowMonitor.name: testmonitor
    windowMonitor.getWidth_cm: 28.2
    windowMonitor.getDistance_cm: 57.0
    windowMonitor.currentCalibName: 2017_01_17 14:52
    windowIsFullScr: True
  #[[ Python ]] #---------
    pythonVersion: 2.7.13
  #[[ OpenGL ]] #---------
#[ PsychoPy2 RuntimeInfoEnd ]

12.2002 	WARNING 	Could not load the desired click sound file, instead using manually created inferior click
12.2005 	EXP 	Set  sound=D
12.3265 	EXP 	Set  sound=D
12.3267 	EXP 	Set  sound=A
12.3379 	EXP 	Created sequence: random, trialTypes=25, nReps=8, seed=None
12.4827 	EXP 	Created sequence: random, trialTypes=25, nReps=8, seed=None
12.4833 	INFO 	numtrials=200 and each trialDurFrames=182 or 3033.33333333 ms  task=T1
12.6962 	INFO 	Experiment will have 200 trials. Letters will be drawn with superposed noise of0.00%
12.6962 	INFO 	Starting main (non-staircase) part of experiment
12.6965 	EXP 	New trial (rep=0, index=0): {'cue1pos': 7, 'cue2lag': 1}
16.4781 	EXP 	window1: recordFrameIntervals = False
17.3263 	DATA 	Keypress: z
17.3283 	EXP 	Sound  started
17.3631 	EXP 	Created unnamed TextStim = TextStim(alignHoriz='center', alignVert='center', antialias=True, autoLog=True, bold=False, color=array([1., 1., 1.]), colorSpace='rgb', contrast=1.0, depth=0, flipHoriz=False, flipVert=False, font='', fontFiles=[], height=1.0, italic=False, name='unnamed TextStim', opacity=1.0, ori=0.0, pos=array([0., 0.]), rgb=array([1., 1., 1.]), text=newstr(...), units='deg', win=Window(...), wrapWidth=15.0)
19.5608 	DATA 	Keypress: space
22.5827 	DATA 	Keypress: space
23.0871 	EXP 	New trial (rep=0, index=1): {'cue1pos': 10, 'cue2lag': 1}
27.3286 	EXP 	window1: recordFrameIntervals = False
29.2507 	DATA 	Keypress: z
29.2629 	EXP 	Sound  started
29.3102 	EXP 	Created unnamed TextStim = TextStim(alignHoriz='center', alignVert='center', antialias=True, autoLog=True, bold=False, color=array([1., 1., 1.]), colorSpace='rgb', contrast=1.0, depth=0, flipHoriz=False, flipVert=False, font='', fontFiles=[], height=1.0, italic=False, name='unnamed TextStim', opacity=1.0, ori=0.0, pos=array([0., 0.]), rgb=array([1., 1., 1.]), text=newstr(...), units='deg', win=Window(...), wrapWidth=15.0)
30.8437 	DATA 	Keypress: space
33.5994 	DATA 	Keypress: space
34.1035 	EXP 	New trial (rep=0, index=2): {'cue1pos': 6, 'cue2lag': 8}
38.0615 	EXP 	window1: recordFrameIntervals = False
39.0013 	DATA 	Keypress: m
39.0131 	EXP 	Sound  started
39.0541 	EXP 	Created unnamed TextStim = TextStim(alignHoriz='center', alignVert='center', antialias=True, autoLog=True, bold=False, color=array([1., 1., 1.]), colorSpace='rgb', contrast=1.0, depth=0, flipHoriz=False, flipVert=False, font='', fontFiles=[], height=1.0, italic=False, name='unnamed TextStim', opacity=1.0, ori=0.0, pos=array([0., 0.]), rgb=array([1., 1., 1.]), text=newstr(...), units='deg', win=Window(...), wrapWidth=15.0)
40.3754 	DATA 	Keypress: space
44.1168 	DATA 	Keypress: space
44.6209 	EXP 	New trial (rep=0, index=3): {'cue1pos': 9, 'cue2lag': 2}
48.4455 	EXP 	window1: recordFrameIntervals = False
49.3494 	DATA 	Keypress: l
49.3504 	EXP 	Sound  started
49.3878 	EXP 	Created unnamed TextStim = TextStim(alignHoriz='center', alignVert='center', antialias=True, autoLog=True, bold=False, color=array([1., 1., 1.]), colorSpace='rgb', contrast=1.0, depth=0, flipHoriz=False, flipVert=False, font='', fontFiles=[], height=1.0, italic=False, name='unnamed TextStim', opacity=1.0, ori=0.0, pos=array([0., 0.]), rgb=array([1., 1., 1.]), text=newstr(...), units='deg', win=Window(...), wrapWidth=15.0)
50.1455 	DATA 	Keypress: space
53.1664 	DATA 	Keypress: space
53.6702 	EXP 	New trial (rep=0, index=4): {'cue1pos': 8, 'cue2lag': 2}
57.5293 	EXP 	window1: recordFrameIntervals = False
58.5997 	DATA 	Keypress: y
58.6007 	EXP 	Sound  started
58.6404 	EXP 	Created unnamed TextStim = TextStim(alignHoriz='center', alignVert='center', antialias=True, autoLog=True, bold=False, color=array([1., 1., 1.]), colorSpace='rgb', contrast=1.0, depth=0, flipHoriz=False, flipVert=False, font='', fontFiles=[], height=1.0, italic=False, name='unnamed TextStim', opacity=1.0, ori=0.0, pos=array([0., 0.]), rgb=array([1., 1., 1.]), text=newstr(...), units='deg', win=Window(...), wrapWidth=15.0)
60.9380 	DATA 	Keypress: space
63.6160 	DATA 	Keypress: space
64.1195 	EXP 	New trial (rep=0, index=5): {'cue1pos': 9, 'cue2lag': 1}
67.9960 	EXP 	window1: recordFrameIntervals = False
69.1975 	DATA 	Keypress: j
69.1981 	EXP 	Sound  started
69.2348 	EXP 	Created unnamed TextStim = TextStim(alignHoriz='center', alignVert='center', antialias=True, autoLog=True, bold=False, color=array([1., 1., 1.]), colorSpace='rgb', contrast=1.0, depth=0, flipHoriz=False, flipVert=False, font='', fontFiles=[], height=1.0, italic=False, name='unnamed TextStim', opacity=1.0, ori=0.0, pos=array([0., 0.]), rgb=array([1., 1., 1.]), text=newstr(...), units='deg', win=Window(...), wrapWidth=15.0)
70.0443 	DATA 	Keypress: space
73.4164 	DATA 	Keypress: space
73.9203 	EXP 	New trial (rep=0, index=6): {'cue1pos': 8, 'cue2lag': 10}
78.0459 	EXP 	window1: recordFrameIntervals = False
79.1349 	DATA 	Keypress: c
79.1459 	EXP 	Sound  started
79.1905 	EXP 	Created unnamed TextStim = TextStim(alignHoriz='center', alignVert='center', antialias=True, autoLog=True, bold=False, color=array([1., 1., 1.]), colorSpace='rgb', contrast=1.0, depth=0, flipHoriz=False, flipVert=False, font='', fontFiles=[], height=1.0, italic=False, name='unnamed TextStim', opacity=1.0, ori=0.0, pos=array([0., 0.]), rgb=array([1., 1., 1.]), text=newstr(...), units='deg', win=Window(...), wrapWidth=15.0)
79.6687 	DATA 	Keypress: space
83.2499 	DATA 	Keypress: space
83.7538 	EXP 	New trial (rep=0, index=7): {'cue1pos': 7, 'cue2lag': 8}
87.7959 	EXP 	window1: recordFrameIntervals = False
88.7024 	DATA 	Keypress: p
88.7133 	EXP 	Sound  started
88.7548 	EXP 	Created unnamed TextStim = TextStim(alignHoriz='center', alignVert='center', antialias=True, autoLog=True, bold=False, color=array([1., 1., 1.]), colorSpace='rgb', contrast=1.0, depth=0, flipHoriz=False, flipVert=False, font='', fontFiles=[], height=1.0, italic=False, name='unnamed TextStim', opacity=1.0, ori=0.0, pos=array([0., 0.]), rgb=array([1., 1., 1.]), text=newstr(...), units='deg', win=Window(...), wrapWidth=15.0)
89.4005 	DATA 	Keypress: space
94.0502 	DATA 	Keypress: space
94.5544 	EXP 	New trial (rep=0, index=8): {'cue1pos': 6, 'cue2lag': 5}
98.4793 	EXP 	window1: recordFrameIntervals = False
99.3351 	DATA 	Keypress: m
99.3469 	EXP 	Sound  started
99.3960 	EXP 	Created unnamed TextStim = TextStim(alignHoriz='center', alignVert='center', antialias=True, autoLog=True, bold=False, color=array([1., 1., 1.]), colorSpace='rgb', contrast=1.0, depth=0, flipHoriz=False, flipVert=False, font='', fontFiles=[], height=1.0, italic=False, name='unnamed TextStim', opacity=1.0, ori=0.0, pos=array([0., 0.]), rgb=array([1., 1., 1.]), text=newstr(...), units='deg', win=Window(...), wrapWidth=15.0)
99.7671 	DATA 	Keypress: space
102.4664 	DATA 	Keypress: space
102.9700 	EXP 	New trial (rep=0, index=9): {'cue1pos': 6, 'cue2lag': 1}
107.1961 	EXP 	window1: recordFrameIntervals = False
108.0013 	DATA 	Keypress: s
108.0023 	EXP 	Sound  started
108.0402 	EXP 	Created unnamed TextStim = TextStim(alignHoriz='center', alignVert='center', antialias=True, autoLog=True, bold=False, color=array([1., 1., 1.]), colorSpace='rgb', contrast=1.0, depth=0, flipHoriz=False, flipVert=False, font='', fontFiles=[], height=1.0, italic=False, name='unnamed TextStim', opacity=1.0, ori=0.0, pos=array([0., 0.]), rgb=array([1., 1., 1.]), text=newstr(...), units='deg', win=Window(...), wrapWidth=15.0)
108.6526 	DATA 	Keypress: space
111.0836 	DATA 	Keypress: space
111.5869 	EXP 	New trial (rep=0, index=10): {'cue1pos': 6, 'cue2lag': 10}
115.4963 	EXP 	window1: recordFrameIntervals = False
116.2993 	DATA 	Keypress: f
116.3001 	EXP 	Sound  started
116.3340 	EXP 	Created unnamed TextStim = TextStim(alignHoriz='center', alignVert='center', antialias=True, autoLog=True, bold=False, color=array([1., 1., 1.]), colorSpace='rgb', contrast=1.0, depth=0, flipHoriz=False, flipVert=False, font='', fontFiles=[], height=1.0, italic=False, name='unnamed TextStim', opacity=1.0, ori=0.0, pos=array([0., 0.]), rgb=array([1., 1., 1.]), text=newstr(...), units='deg', win=Window(...), wrapWidth=15.0)
116.8280 	DATA 	Keypress: space
120.4855 	DATA 	Keypress: space
121.0028 	EXP 	New trial (rep=0, index=11): {'cue1pos': 8, 'cue2lag': 8}
124.8962 	EXP 	window1: recordFrameIntervals = False
125.5696 	DATA 	Keypress: v
125.5804 	EXP 	Sound  started
125.6218 	EXP 	Created unnamed TextStim = TextStim(alignHoriz='center', alignVert='center', antialias=True, autoLog=True, bold=False, color=array([1., 1., 1.]), colorSpace='rgb', contrast=1.0, depth=0, flipHoriz=False, flipVert=False, font='', fontFiles=[], height=1.0, italic=False, name='unnamed TextStim', opacity=1.0, ori=0.0, pos=array([0., 0.]), rgb=array([1., 1., 1.]), text=newstr(...), units='deg', win=Window(...), wrapWidth=15.0)
127.3605 	DATA 	Keypress: space
131.9333 	DATA 	Keypress: space
132.4373 	EXP 	New trial (rep=0, index=12): {'cue1pos': 10, 'cue2lag': 10}
136.5966 	EXP 	window1: recordFrameIntervals = False
137.4007 	DATA 	Keypress: d
137.4017 	EXP 	Sound  started
137.4340 	EXP 	Created unnamed TextStim = TextStim(alignHoriz='center', alignVert='center', antialias=True, autoLog=True, bold=False, color=array([1., 1., 1.]), colorSpace='rgb', contrast=1.0, depth=0, flipHoriz=False, flipVert=False, font='', fontFiles=[], height=1.0, italic=False, name='unnamed TextStim', opacity=1.0, ori=0.0, pos=array([0., 0.]), rgb=array([1., 1., 1.]), text=newstr(...), units='deg', win=Window(...), wrapWidth=15.0)
138.6505 	DATA 	Keypress: space
140.7337 	DATA 	Keypress: space
141.2372 	EXP 	New trial (rep=0, index=13): {'cue1pos': 6, 'cue2lag': 2}
144.9966 	EXP 	window1: recordFrameIntervals = False
145.4000 	DATA 	Keypress: d
145.4011 	EXP 	Sound  started
145.4440 	EXP 	Created unnamed TextStim = TextStim(alignHoriz='center', alignVert='center', antialias=True, autoLog=True, bold=False, color=array([1., 1., 1.]), colorSpace='rgb', contrast=1.0, depth=0, flipHoriz=False, flipVert=False, font='', fontFiles=[], height=1.0, italic=False, name='unnamed TextStim', opacity=1.0, ori=0.0, pos=array([0., 0.]), rgb=array([1., 1., 1.]), text=newstr(...), units='deg', win=Window(...), wrapWidth=15.0)
145.7958 	DATA 	Keypress: space
148.7186 	DATA 	Keypress: escape
149.2330 	EXP 	New trial (rep=0, index=14): {'cue1pos': 7, 'cue2lag': 2}
149.4158 	DATA 	Keypress: space
149.6828 	DATA 	Keypress: escape
150.0166 	DATA 	Keypress: escape
150.3655 	DATA 	Keypress: escape
150.6311 	DATA 	Keypress: escape
150.8659 	DATA 	Keypress: escape
151.2674 	DATA 	Keypress: escape
151.5183 	DATA 	Keypress: escape
151.7310 	DATA 	Keypress: escape
151.9309 	DATA 	Keypress: escape
152.1315 	DATA 	Keypress: escape
152.3486 	DATA 	Keypress: escape
152.5364 	DATA 	Keypress: escape
152.7347 	DATA 	Keypress: escape
152.9484 	DATA 	Keypress: escape
153.1488 	DATA 	Keypress: escape
153.2623 	EXP 	window1: recordFrameIntervals = False
153.3307 	DATA 	Keypress: escape
153.6636 	EXP 	window1: mouseVisible = True
