13.5167 	INFO 	Successfully set darwin thread to realtime
14.5760 	INFO 	#[ PsychoPy2 RuntimeInfoStart ]
  #[[ PsychoPy ]] #---------
    psychopyVersion: 1.90.2
    psychopyHaveExtRush: True
  #[[ Experiment ]] #---------
    experimentRunTime: 2018_11_07 15:39 (Year_Month_Day Hour:Min)
    experimentRunTime.epoch: 1541623198
    experimentScript: AB_spatial.py
    experimentScript.digestSHA1: 0b2ba85450e9253b126ea5741760fa5383969491
    experimentScript.directory: /Users/supadhy6/Documents/GitHub/spatio_temporal_information_processing/AB_spatial
  #[[ System ]] #---------
    systemHaveInternetAccess: True
    systemHostName: pbs-jf-aldi.local
    systemLocale: C
    systemMemFreeRAM: 6392.42578125
    systemMemTotalRAM: 16384.0
    systemPlatform: darwin 10.14.1 x86_64
    systemRavailable: R version 3.3.2 (2016-10-31) -- Sincere Pumpkin Patch
    systemRebooted: Nov 6 13:14
    systemSec.OpenSSLVersion: OpenSSL 1.0.2j  26 Sep 2016
    systemSec.pythonSSL: True
    systemTimeNumpySD1000000_sec: 0.0030
    systemUser: supadhy6
    systemUserID: 1903061739
    systemUserProcCount: 294
    systemUserProcFlagged: iTunes mdworker KeyNote Safari Dropbox
    systemUsersCount: 1
  #[[ Window ]] #---------
    windowWinType: pyglet
    windowUnits: deg
    windowSize_pix: [1440  900]
    windowScreen: 0
    windowRgb: [-0.7 -0.7 -0.7]
    windowRefreshTimeSD_ms: 0.662
    windowRefreshTimeMedian_ms: 16.735
    windowRefreshTimeAvg_ms: 16.701
    windowPos_pix: [0, 0]
    windowMonitor.name: testmonitor
    windowMonitor.getWidth_cm: 28.2
    windowMonitor.getDistance_cm: 57.0
    windowMonitor.currentCalibName: 2017_01_17 14:52
    windowIsFullScr: True
  #[[ Python ]] #---------
    pythonVersion: 2.7.13
  #[[ OpenGL ]] #---------
#[ PsychoPy2 RuntimeInfoEnd ]

14.6161 	WARNING 	Could not load the desired click sound file, instead using manually created inferior click
14.6164 	EXP 	Set  sound=D
14.7147 	EXP 	Set  sound=D
14.7148 	EXP 	Set  sound=A
14.7255 	EXP 	Created sequence: random, trialTypes=25, nReps=8, seed=None
14.8603 	EXP 	Created sequence: random, trialTypes=25, nReps=8, seed=None
14.8608 	INFO 	numtrials=200 and each trialDurFrames=182 or 3033.33333333 ms  task=T1T2
15.0838 	INFO 	Experiment will have 200 trials. Letters will be drawn with superposed noise of0.00%
15.0838 	INFO 	Starting main (non-staircase) part of experiment
15.0841 	EXP 	New trial (rep=0, index=0): {'cue1pos': 8, 'cue2lag': 5}
19.2899 	EXP 	window1: recordFrameIntervals = False
28.1000 	DATA 	Keypress: x
28.1009 	EXP 	Sound  started
28.5583 	DATA 	Keypress: v
28.5589 	EXP 	Sound  started
29.0820 	EXP 	New trial (rep=0, index=1): {'cue1pos': 10, 'cue2lag': 2}
33.1734 	EXP 	window1: recordFrameIntervals = False
37.7279 	DATA 	Keypress: space
37.7289 	EXP 	Sound  started
38.7253 	DATA 	Keypress: n
38.7258 	EXP 	Sound  started
39.3414 	DATA 	Keypress: n
39.3418 	EXP 	Sound  started
39.8593 	EXP 	New trial (rep=0, index=2): {'cue1pos': 9, 'cue2lag': 5}
43.6555 	EXP 	window1: recordFrameIntervals = False
44.5238 	DATA 	Keypress: rshift
44.5242 	EXP 	Sound  started
44.7274 	DATA 	Keypress: d
44.7284 	EXP 	Sound  started
44.9579 	DATA 	Keypress: rshift
44.9584 	EXP 	Sound  started
45.0579 	DATA 	Keypress: w
45.0584 	EXP 	Sound  started
45.5753 	EXP 	New trial (rep=0, index=3): {'cue1pos': 10, 'cue2lag': 10}
45.5793 	DATA 	Keypress: return
49.6569 	EXP 	window1: recordFrameIntervals = False
51.3603 	DATA 	Keypress: rshift
51.3743 	EXP 	Sound  started
51.5439 	DATA 	Keypress: q
51.5448 	EXP 	Sound  started
51.7581 	DATA 	Keypress: rshift
51.7584 	EXP 	Sound  started
51.8774 	DATA 	Keypress: x
51.8782 	EXP 	Sound  started
52.3941 	EXP 	New trial (rep=0, index=4): {'cue1pos': 7, 'cue2lag': 5}
52.3976 	DATA 	Keypress: return
56.6729 	EXP 	window1: recordFrameIntervals = False
57.5433 	DATA 	Keypress: rshift
57.5577 	EXP 	Sound  started
57.7268 	DATA 	Keypress: g
57.7278 	EXP 	Sound  started
57.8578 	DATA 	Keypress: rshift
57.8582 	EXP 	Sound  started
57.9920 	DATA 	Keypress: n
57.9925 	EXP 	Sound  started
58.5093 	EXP 	New trial (rep=0, index=5): {'cue1pos': 9, 'cue2lag': 2}
58.5133 	DATA 	Keypress: return
62.3388 	EXP 	window1: recordFrameIntervals = False
67.6744 	DATA 	Keypress: escape
67.6893 	INFO 	Finishing at 15:40 on 07 Nov 2018
67.6894 	ERROR 	user aborted experiment on keypress with trials done=5 of 201
68.0087 	EXP 	window1: mouseVisible = True
