11.6933 	INFO 	Successfully set darwin thread to realtime
12.7587 	INFO 	#[ PsychoPy2 RuntimeInfoStart ]
  #[[ PsychoPy ]] #---------
    psychopyVersion: 1.90.2
    psychopyHaveExtRush: True
  #[[ Experiment ]] #---------
    experimentRunTime: 2018_11_07 07:04 (Year_Month_Day Hour:Min)
    experimentRunTime.epoch: 1541592277
    experimentScript: RSVP_visual_now.py
    experimentScript.digestSHA1: 41b370a09184866ebfc57bc84f79b4832e28a158
    experimentScript.directory: /Users/supadhy6/Documents/GitHub/spatio_temporal_information_processing/RSVP_visual_now
  #[[ System ]] #---------
    systemHaveInternetAccess: True
    systemHostName: pbs-jf-aldi.local
    systemLocale: C
    systemMemFreeRAM: 7543.58984375
    systemMemTotalRAM: 16384.0
    systemPlatform: darwin 10.14.1 x86_64
    systemRavailable: R version 3.3.2 (2016-10-31) -- Sincere Pumpkin Patch
    systemRebooted: Nov 6 13:14
    systemSec.OpenSSLVersion: OpenSSL 1.0.2j  26 Sep 2016
    systemSec.pythonSSL: True
    systemTimeNumpySD1000000_sec: 0.0029
    systemUser: supadhy6
    systemUserID: 1903061739
    systemUserProcCount: 248
    systemUserProcFlagged: iTunes mdworker Safari Dropbox
    systemUsersCount: 1
  #[[ Window ]] #---------
    windowWinType: pyglet
    windowUnits: deg
    windowSize_pix: [1440  900]
    windowScreen: 0
    windowRgb: [-0.7 -0.7 -0.7]
    windowRefreshTimeSD_ms: 1.416
    windowRefreshTimeMedian_ms: 16.693
    windowRefreshTimeAvg_ms: 16.686
    windowPos_pix: [0, 0]
    windowMonitor.name: testmonitor
    windowMonitor.getWidth_cm: 28.2
    windowMonitor.getDistance_cm: 57.0
    windowMonitor.currentCalibName: 2017_01_17 14:52
    windowIsFullScr: True
  #[[ Python ]] #---------
    pythonVersion: 2.7.13
  #[[ OpenGL ]] #---------
#[ PsychoPy2 RuntimeInfoEnd ]

12.7945 	WARNING 	Could not load the desired click sound file, instead using manually created inferior click
12.7949 	EXP 	Set  sound=D
12.9144 	EXP 	Set  sound=D
12.9146 	EXP 	Set  sound=A
12.9287 	EXP 	Created sequence: random, trialTypes=25, nReps=8, seed=None
13.0862 	EXP 	Created sequence: random, trialTypes=25, nReps=8, seed=None
13.0866 	INFO 	numtrials=200 and each trialDurFrames=182 or 3033.33333333 ms  task=T1
13.2662 	INFO 	Experiment will have 200 trials. Letters will be drawn with superposed noise of0.00%
13.2662 	INFO 	Starting main (non-staircase) part of experiment
13.2665 	EXP 	New trial (rep=0, index=0): {'cue1pos': 9, 'cue2lag': 8}
17.4909 	EXP 	window1: recordFrameIntervals = False
23.6920 	DATA 	Keypress: lshift
23.6923 	EXP 	Sound  started
23.8056 	DATA 	Keypress: x
23.8071 	EXP 	Sound  started
24.3249 	EXP 	New trial (rep=0, index=1): {'cue1pos': 9, 'cue2lag': 1}
28.2076 	EXP 	window1: recordFrameIntervals = False
30.1255 	DATA 	Keypress: lshift
30.1258 	EXP 	Sound  started
30.3277 	DATA 	Keypress: w
30.3286 	EXP 	Sound  started
30.8438 	EXP 	New trial (rep=0, index=2): {'cue1pos': 8, 'cue2lag': 5}
35.0243 	EXP 	window1: recordFrameIntervals = False
39.8110 	DATA 	Keypress: c
39.8116 	EXP 	Sound  started
40.0756 	DATA 	Keypress: escape
40.3304 	EXP 	New trial (rep=0, index=3): {'cue1pos': 6, 'cue2lag': 5}
40.3345 	DATA 	Keypress: escape
40.3363 	DATA 	Keypress: escape
40.5103 	DATA 	Keypress: escape
41.6618 	DATA 	Keypress: escape
41.8765 	DATA 	Keypress: escape
42.0437 	DATA 	Keypress: escape
42.2768 	DATA 	Keypress: escape
42.4623 	DATA 	Keypress: escape
42.6629 	DATA 	Keypress: escape
42.8764 	DATA 	Keypress: escape
43.0764 	DATA 	Keypress: escape
43.2956 	DATA 	Keypress: escape
43.5108 	DATA 	Keypress: escape
43.7275 	DATA 	Keypress: escape
43.9302 	DATA 	Keypress: escape
44.1424 	DATA 	Keypress: escape
44.2399 	EXP 	window1: recordFrameIntervals = False
44.3586 	DATA 	Keypress: escape
44.3739 	INFO 	Finishing at 07:05 on 07 Nov 2018
44.3739 	ERROR 	user aborted experiment on keypress with trials done=3 of 201
44.6798 	EXP 	window1: mouseVisible = True
