11.3906 	INFO 	Successfully set darwin thread to realtime
12.4514 	INFO 	#[ PsychoPy2 RuntimeInfoStart ]
  #[[ PsychoPy ]] #---------
    psychopyVersion: 1.90.2
    psychopyHaveExtRush: True
  #[[ Experiment ]] #---------
    experimentRunTime: 2018_11_08 07:02 (Year_Month_Day Hour:Min)
    experimentRunTime.epoch: 1541678559
    experimentScript: RSVP_visual_now.py
    experimentScript.digestSHA1: 74a51c356f5a30e318f20eaec14d147ce73709ed
    experimentScript.directory: /Users/supadhy6/Documents/GitHub/spatio_temporal_information_processing/RSVP_visual_now
  #[[ System ]] #---------
    systemHaveInternetAccess: True
    systemHostName: pbs-jf-aldi.local
    systemLocale: C
    systemMemFreeRAM: 6446.0390625
    systemMemTotalRAM: 16384.0
    systemPlatform: darwin 10.14.1 x86_64
    systemRavailable: R version 3.3.2 (2016-10-31) -- Sincere Pumpkin Patch
    systemRebooted: Nov 6 13:14
    systemSec.OpenSSLVersion: OpenSSL 1.0.2j  26 Sep 2016
    systemSec.pythonSSL: True
    systemTimeNumpySD1000000_sec: 0.0034
    systemUser: supadhy6
    systemUserID: 1903061739
    systemUserProcCount: 288
    systemUserProcFlagged: iTunes mdworker Safari Dropbox
    systemUsersCount: 1
  #[[ Window ]] #---------
    windowWinType: pyglet
    windowUnits: deg
    windowSize_pix: [1440  900]
    windowScreen: 0
    windowRgb: [-0.7 -0.7 -0.7]
    windowRefreshTimeSD_ms: 0.833
    windowRefreshTimeMedian_ms: 16.851
    windowRefreshTimeAvg_ms: 16.662
    windowPos_pix: [0, 0]
    windowMonitor.name: testmonitor
    windowMonitor.getWidth_cm: 28.2
    windowMonitor.getDistance_cm: 57.0
    windowMonitor.currentCalibName: 2017_01_17 14:52
    windowIsFullScr: True
  #[[ Python ]] #---------
    pythonVersion: 2.7.13
  #[[ OpenGL ]] #---------
#[ PsychoPy2 RuntimeInfoEnd ]

12.4848 	WARNING 	Could not load the desired click sound file, instead using manually created inferior click
12.4853 	EXP 	Set  sound=D
12.5910 	EXP 	Set  sound=D
12.5912 	EXP 	Set  sound=A
12.6017 	EXP 	Created sequence: random, trialTypes=25, nReps=8, seed=None
12.7633 	EXP 	Created sequence: random, trialTypes=25, nReps=8, seed=None
12.7639 	INFO 	numtrials=200 and each trialDurFrames=182 or 3033.33333333 ms  task=T1
12.9578 	INFO 	Experiment will have 200 trials. Letters will be drawn with superposed noise of0.00%
12.9578 	INFO 	Starting main (non-staircase) part of experiment
12.9582 	EXP 	New trial (rep=0, index=0): {'cue1pos': 10, 'cue2lag': 5}
16.7846 	EXP 	window1: recordFrameIntervals = False
18.0009 	DATA 	Keypress: d
18.0018 	EXP 	Sound  started
18.3278 	EXP 	window1: mouseVisible = True
