12.0511 	INFO 	Successfully set darwin thread to realtime
13.1113 	INFO 	#[ PsychoPy2 RuntimeInfoStart ]
  #[[ PsychoPy ]] #---------
    psychopyVersion: 1.90.2
    psychopyHaveExtRush: True
  #[[ Experiment ]] #---------
    experimentRunTime: 2018_11_08 06:52 (Year_Month_Day Hour:Min)
    experimentRunTime.epoch: 1541677959
    experimentScript: RSVP_visual_now.py
    experimentScript.digestSHA1: f9fd31049c531253f84f9c7698a826b4cbe58af4
    experimentScript.directory: /Users/supadhy6/Documents/GitHub/spatio_temporal_information_processing/RSVP_visual_now
  #[[ System ]] #---------
    systemHaveInternetAccess: True
    systemHostName: pbs-jf-aldi.local
    systemLocale: C
    systemMemFreeRAM: 6680.44921875
    systemMemTotalRAM: 16384.0
    systemPlatform: darwin 10.14.1 x86_64
    systemRavailable: R version 3.3.2 (2016-10-31) -- Sincere Pumpkin Patch
    systemRebooted: Nov 6 13:14
    systemSec.OpenSSLVersion: OpenSSL 1.0.2j  26 Sep 2016
    systemSec.pythonSSL: True
    systemTimeNumpySD1000000_sec: 0.0038
    systemUser: supadhy6
    systemUserID: 1903061739
    systemUserProcCount: 287
    systemUserProcFlagged: iTunes mdworker Safari Dropbox
    systemUsersCount: 1
  #[[ Window ]] #---------
    windowWinType: pyglet
    windowUnits: deg
    windowSize_pix: [1440  900]
    windowScreen: 0
    windowRgb: [-0.7 -0.7 -0.7]
    windowRefreshTimeSD_ms: 0.530
    windowRefreshTimeMedian_ms: 16.715
    windowRefreshTimeAvg_ms: 16.651
    windowPos_pix: [0, 0]
    windowMonitor.name: testmonitor
    windowMonitor.getWidth_cm: 28.2
    windowMonitor.getDistance_cm: 57.0
    windowMonitor.currentCalibName: 2017_01_17 14:52
    windowIsFullScr: True
  #[[ Python ]] #---------
    pythonVersion: 2.7.13
  #[[ OpenGL ]] #---------
#[ PsychoPy2 RuntimeInfoEnd ]

13.1438 	WARNING 	Could not load the desired click sound file, instead using manually created inferior click
13.1441 	EXP 	Set  sound=D
13.2257 	EXP 	Set  sound=D
13.2259 	EXP 	Set  sound=A
13.2359 	EXP 	Created sequence: random, trialTypes=25, nReps=8, seed=None
13.3830 	EXP 	Created sequence: random, trialTypes=25, nReps=8, seed=None
13.3835 	INFO 	numtrials=200 and each trialDurFrames=182 or 3033.33333333 ms  task=T1
13.5791 	INFO 	Experiment will have 200 trials. Letters will be drawn with superposed noise of0.00%
13.5791 	INFO 	Starting main (non-staircase) part of experiment
13.5794 	EXP 	New trial (rep=0, index=0): {'cue1pos': 7, 'cue2lag': 8}
17.4635 	EXP 	window1: recordFrameIntervals = False
18.3166 	DATA 	Keypress: l
18.3175 	EXP 	Sound  started
18.3498 	EXP 	Created unnamed TextStim = TextStim(alignHoriz='center', alignVert='center', antialias=True, autoLog=True, bold=False, color=array([1., 1., 1.]), colorSpace='rgb', contrast=1.0, depth=0, flipHoriz=False, flipVert=False, font='', fontFiles=[], height=1.0, italic=False, name='unnamed TextStim', opacity=1.0, ori=0.0, pos=array([0., 0.]), rgb=array([1., 1., 1.]), text=newstr(...), units='deg', win=Window(...), wrapWidth=15.0)
20.4134 	DATA 	Keypress: space
24.9355 	DATA 	Keypress: space
25.2274 	DATA 	Keypress: escape
25.4515 	EXP 	New trial (rep=0, index=1): {'cue1pos': 9, 'cue2lag': 1}
26.0321 	DATA 	Keypress: escape
26.6853 	DATA 	Keypress: escape
29.3304 	EXP 	window1: recordFrameIntervals = False
30.1013 	DATA 	Keypress: d
30.1023 	EXP 	Sound  started
30.1392 	EXP 	Created unnamed TextStim = TextStim(alignHoriz='center', alignVert='center', antialias=True, autoLog=True, bold=False, color=array([1., 1., 1.]), colorSpace='rgb', contrast=1.0, depth=0, flipHoriz=False, flipVert=False, font='', fontFiles=[], height=1.0, italic=False, name='unnamed TextStim', opacity=1.0, ori=0.0, pos=array([0., 0.]), rgb=array([1., 1., 1.]), text=newstr(...), units='deg', win=Window(...), wrapWidth=15.0)
31.1481 	DATA 	Keypress: escape
31.5991 	DATA 	Keypress: escape
31.8763 	DATA 	Keypress: escape
32.1014 	EXP 	New trial (rep=0, index=2): {'cue1pos': 10, 'cue2lag': 1}
32.1464 	DATA 	Keypress: escape
32.6320 	DATA 	Keypress: escape
32.9500 	DATA 	Keypress: escape
33.2176 	DATA 	Keypress: escape
33.4506 	DATA 	Keypress: escape
33.6863 	DATA 	Keypress: escape
33.8988 	DATA 	Keypress: escape
34.0824 	DATA 	Keypress: escape
34.2321 	DATA 	Keypress: escape
34.4517 	DATA 	Keypress: escape
34.6350 	DATA 	Keypress: escape
34.8355 	DATA 	Keypress: escape
35.0034 	DATA 	Keypress: escape
35.1701 	DATA 	Keypress: escape
35.3666 	DATA 	Keypress: escape
35.5336 	DATA 	Keypress: escape
35.7166 	DATA 	Keypress: escape
35.9178 	DATA 	Keypress: escape
36.0305 	EXP 	window1: recordFrameIntervals = False
36.1497 	DATA 	Keypress: escape
36.1939 	EXP 	Created unnamed TextStim = TextStim(alignHoriz='center', alignVert='center', antialias=True, autoLog=True, bold=False, color=array([1., 1., 1.]), colorSpace='rgb', contrast=1.0, depth=0, flipHoriz=False, flipVert=False, font='', fontFiles=[], height=1.0, italic=False, name='unnamed TextStim', opacity=1.0, ori=0.0, pos=array([0., 0.]), rgb=array([1., 1., 1.]), text=newstr(...), units='deg', win=Window(...), wrapWidth=15.0)
36.3799 	DATA 	Keypress: escape
36.4340 	DATA 	Keypress: n
36.4353 	INFO 	Finishing at 06:53 on 08 Nov 2018
36.4353 	ERROR 	user aborted experiment on keypress with trials done=2 of 201
36.7606 	EXP 	window1: mouseVisible = True
