10.9880 	INFO 	Successfully set darwin thread to realtime
12.0491 	INFO 	#[ PsychoPy2 RuntimeInfoStart ]
  #[[ PsychoPy ]] #---------
    psychopyVersion: 1.90.2
    psychopyHaveExtRush: True
  #[[ Experiment ]] #---------
    experimentRunTime: 2018_11_08 06:46 (Year_Month_Day Hour:Min)
    experimentRunTime.epoch: 1541677601
    experimentScript: RSVP_visual_now.py
    experimentScript.digestSHA1: 4640f23c36a196b1ea95a03d302c79f1f0c6b5d2
    experimentScript.directory: /Users/supadhy6/Documents/GitHub/spatio_temporal_information_processing/RSVP_visual_now
  #[[ System ]] #---------
    systemHaveInternetAccess: True
    systemHostName: pbs-jf-aldi.local
    systemLocale: C
    systemMemFreeRAM: 6886.58203125
    systemMemTotalRAM: 16384.0
    systemPlatform: darwin 10.14.1 x86_64
    systemRavailable: R version 3.3.2 (2016-10-31) -- Sincere Pumpkin Patch
    systemRebooted: Nov 6 13:14
    systemSec.OpenSSLVersion: OpenSSL 1.0.2j  26 Sep 2016
    systemSec.pythonSSL: True
    systemTimeNumpySD1000000_sec: 0.0030
    systemUser: supadhy6
    systemUserID: 1903061739
    systemUserProcCount: 288
    systemUserProcFlagged: iTunes mdworker Safari Dropbox
    systemUsersCount: 1
  #[[ Window ]] #---------
    windowWinType: pyglet
    windowUnits: deg
    windowSize_pix: [1440  900]
    windowScreen: 0
    windowRgb: [-0.7 -0.7 -0.7]
    windowRefreshTimeSD_ms: 0.852
    windowRefreshTimeMedian_ms: 16.679
    windowRefreshTimeAvg_ms: 16.670
    windowPos_pix: [0, 0]
    windowMonitor.name: testmonitor
    windowMonitor.getWidth_cm: 28.2
    windowMonitor.getDistance_cm: 57.0
    windowMonitor.currentCalibName: 2017_01_17 14:52
    windowIsFullScr: True
  #[[ Python ]] #---------
    pythonVersion: 2.7.13
  #[[ OpenGL ]] #---------
#[ PsychoPy2 RuntimeInfoEnd ]

12.0858 	WARNING 	Could not load the desired click sound file, instead using manually created inferior click
12.0861 	EXP 	Set  sound=D
12.1790 	EXP 	Set  sound=D
12.1792 	EXP 	Set  sound=A
12.1902 	EXP 	Created sequence: random, trialTypes=25, nReps=8, seed=None
12.3368 	EXP 	Created sequence: random, trialTypes=25, nReps=8, seed=None
12.3373 	INFO 	numtrials=200 and each trialDurFrames=182 or 3033.33333333 ms  task=T1
12.5653 	INFO 	Experiment will have 200 trials. Letters will be drawn with superposed noise of0.00%
12.5653 	INFO 	Starting main (non-staircase) part of experiment
12.5657 	EXP 	New trial (rep=0, index=0): {'cue1pos': 10, 'cue2lag': 1}
16.5796 	EXP 	window1: recordFrameIntervals = False
17.6166 	DATA 	Keypress: z
17.6180 	EXP 	Sound  started
17.9624 	EXP 	window1: mouseVisible = True
