11.5373 	ERROR 	Screen apparently NOT the desired resolution of 2560x1440 pixels!!
17.2648 	INFO 	Successfully set darwin thread to realtime
18.3316 	INFO 	#[ PsychoPy3 RuntimeInfoStart ]
  #[[ PsychoPy ]] #---------
    psychopyVersion: 3.2.3
    psychopyHaveExtRush: True
  #[[ Experiment ]] #---------
    experimentRunTime: 2019_12_03 19:26 (Year_Month_Day Hour:Min)
    experimentRunTime.epoch: 1575419219
    experimentScript: Time_perception_with_heterogenous_looming_dots_experiment_2.py
    experimentScript.digestSHA1: e9f6a70ded3bce2618402740fa0a2d0ef59faa81
    experimentScript.directory: /Users/vsg/Documents/GitHub/spatio_temporal_information_processing/Time_Subjective_Expansion/Object_files_and_Time_representation
  #[[ System ]] #---------
    systemHaveInternetAccess: True
    systemHostName: pbs-jf-imac.local
    systemLocale: C
    systemMemFreeRAM: 3445.8671875
    systemMemTotalRAM: 8192.0
    systemPlatform: darwin 10.13.6 x86_64
    systemPyoVersion: -
    systemRebooted: Nov 20 02:21
    systemSec.OpenSSLVersion: LibreSSL 2.2.7
    systemSec.pythonSSL: True
    systemTimeNumpySD1000000_sec: 0.0041
    systemUser: vsg
    systemUserID: 502
    systemUsersCount: 1
  #[[ Window ]] #---------
    windowWinType: pyglet
    windowUnits: deg
    windowSize_pix: [5120 2880]
    windowScreen: 0
    windowRgb: [255. 255. 255.]
    windowRefreshTimeSD_ms: 0.370
    windowRefreshTimeMedian_ms: 16.624
    windowRefreshTimeAvg_ms: 16.674
    windowPos_pix: [0.0, 0.0]
    windowMonitor.name: testmonitor
    windowMonitor.getWidth_cm: 52.0
    windowMonitor.getDistance_cm: 65.0
    windowMonitor.currentCalibName: 2019_09_24 14:26
    windowIsFullScr: True
  #[[ Python ]] #---------
    pythonVersion: 3.6.1
  #[[ OpenGL ]] #---------
#[ PsychoPy3 RuntimeInfoEnd ]

18.4223 	EXP 	Created text = TextStim(__class__=<class 'psychopy.visual.text.TextStim'>, alignHoriz='center', alignVert='center', antialias=True, autoLog=True, bold=False, color='black', colorSpace='named', contrast=1.0, depth=-1.0, flipHoriz=False, flipVert=False, font='Arial', fontFiles=[], height=0.35, italic=False, languageStyle='LTR', name='text', opacity=1.0, ori=0, pos=array([0., 0.]), rgb=array([0., 0., 0.]), text=str(...), units='deg', win=Window(...), wrapWidth=20)
18.4276 	EXP 	Created text = TextStim(__class__=<class 'psychopy.visual.text.TextStim'>, alignHoriz='center', alignVert='center', antialias=True, autoLog=True, bold=False, color='black', colorSpace='named', contrast=1.0, depth=-1.0, flipHoriz=False, flipVert=False, font='Arial', fontFiles=[], height=0.35, italic=False, languageStyle='LTR', name='text', opacity=1.0, ori=0, pos=array([5., 5.]), rgb=array([0., 0., 0.]), text='Total points : 0', units='deg', win=Window(...), wrapWidth=20)
18.4898 	EXP 	text: text = 'Welcome! Thank you for agreeing to participate in this study.\n\nYou will be presented with a scene that contains upto 3 objects.\n\nThese objects are looming discs - that either loom together, or independently.\n\nYou are supposed to judge the duration of the scene as a whole.\n\nAfter the scene ends, you are required to reproduce the duration of the scene by pressing and holding [SPACE BAR].\n\nOne more thing! You will perform this task while fixating the center of the screen. \n\nPress any key to continue to the next page. \n\n'
18.4898 	EXP 	text: autoDraw = True
64.9678 	DATA 	Keypress: space
64.9688 	EXP 	text: autoDraw = False
65.0412 	EXP 	text: text = "We really want you to be as accurate as you can. So a game will be played to make it more fun. We want you to hold down the space bar for as long as you saw the scene lasted, but no longer! The closer you get to the right answer, the more points we will award you in that trial. But if you go over the actual duration you won't get any points on that trial. So you need to be as accurate as possible without going over to earn the max. Each trial will be for 10 points. There are about 100 trials. If you collect a total of 600 points by the end, we will double the credit you get for the experiment.\n\nIf you're feeling uncomfortable, you can press ESC key any time to stop the experiment.\n\nPress any key you are ready to do some practice trials.\n\n"
65.0412 	EXP 	text: autoDraw = True
121.9577 	DATA 	Keypress: space
121.9585 	EXP 	text: autoDraw = False
121.9676 	EXP 	text: autoDraw = True
124.1391 	EXP 	text: text = 'Press and hold [SPACE] to report the duration of the scene.'
124.1391 	EXP 	text: autoDraw = True
124.8137 	DATA 	Keypress: space
124.8207 	EXP 	text: autoDraw = False
125.5962 	WARNING 	Stopping key buffers but this could be dangerous ifother keyboards rely on the same.
125.6141 	EXP 	text: text = 'Total points : 0'
125.6141 	EXP 	text: text = 'Your response exceeded the actual time.\n\n Press [SPACE] to advance'
125.6141 	EXP 	text: autoDraw = True
128.4297 	DATA 	Keypress: space
128.4368 	EXP 	text: autoDraw = False
130.6627 	EXP 	text: text = 'Press and hold [SPACE] to report the duration of the scene.'
130.6627 	EXP 	text: autoDraw = True
131.2857 	DATA 	Keypress: space
131.2930 	EXP 	text: autoDraw = False
131.7161 	WARNING 	Stopping key buffers but this could be dangerous ifother keyboards rely on the same.
131.7438 	EXP 	text: text = 'You earned 3.5 out of 10 points in this round.\n\n Press [SPACE] to advance'
131.7438 	EXP 	text: autoDraw = True
133.3495 	DATA 	Keypress: space
133.3565 	EXP 	text: autoDraw = False
133.3721 	EXP 	text: text = 'Total points : 3.5'
135.8808 	EXP 	text: text = 'Press and hold [SPACE] to report the duration of the scene.'
135.8808 	EXP 	text: autoDraw = True
136.1576 	DATA 	Keypress: space
136.1651 	EXP 	text: autoDraw = False
136.7800 	WARNING 	Stopping key buffers but this could be dangerous ifother keyboards rely on the same.
136.8142 	EXP 	text: text = 'You earned 2.9 out of 10 points in this round.\n\n Press [SPACE] to advance'
136.8142 	EXP 	text: autoDraw = True
138.1257 	DATA 	Keypress: space
138.1332 	EXP 	text: autoDraw = False
138.1517 	EXP 	text: text = 'Total points : 6.4'
138.1517 	EXP 	text: text = 'Total points : 0'
138.1517 	EXP 	text: text = 'Great! Now press any key to begin the experiment'
138.1517 	EXP 	text: autoDraw = True
161.9735 	DATA 	Keypress: space
161.9808 	EXP 	text: autoDraw = False
164.3056 	EXP 	text: text = 'Press and hold [SPACE] to report the duration of the scene.'
164.3056 	EXP 	text: autoDraw = True
164.8056 	DATA 	Keypress: space
164.8120 	EXP 	text: autoDraw = False
165.4201 	WARNING 	Stopping key buffers but this could be dangerous ifother keyboards rely on the same.
165.4380 	EXP 	text: text = 'You earned 4.2 out of 10 points in this round.\n\n Press [SPACE] to advance'
165.4380 	EXP 	text: autoDraw = True
166.7576 	DATA 	Keypress: space
166.7627 	EXP 	text: autoDraw = False
166.7829 	EXP 	text: text = 'Total points : 4.2'
169.1571 	EXP 	text: text = 'Press and hold [SPACE] to report the duration of the scene.'
169.1571 	EXP 	text: autoDraw = True
169.4856 	DATA 	Keypress: space
169.4930 	EXP 	text: autoDraw = False
170.2282 	WARNING 	Stopping key buffers but this could be dangerous ifother keyboards rely on the same.
170.2405 	EXP 	text: text = 'You earned 4.7 out of 10 points in this round.\n\n Press [SPACE] to advance'
170.2405 	EXP 	text: autoDraw = True
171.0376 	DATA 	Keypress: space
171.0451 	EXP 	text: autoDraw = False
171.0520 	EXP 	text: text = 'Total points : 8.9'
173.3581 	EXP 	text: text = 'Press and hold [SPACE] to report the duration of the scene.'
173.3581 	EXP 	text: autoDraw = True
173.8295 	DATA 	Keypress: space
173.8369 	EXP 	text: autoDraw = False
174.7242 	WARNING 	Stopping key buffers but this could be dangerous ifother keyboards rely on the same.
174.7419 	EXP 	text: text = 'You earned 7.3 out of 10 points in this round.\n\n Press [SPACE] to advance'
174.7419 	EXP 	text: autoDraw = True
175.9181 	DATA 	Keypress: space
175.9254 	EXP 	text: autoDraw = False
175.9372 	EXP 	text: text = 'Total points : 16.2'
178.7102 	EXP 	text: text = 'Press and hold [SPACE] to report the duration of the scene.'
178.7102 	EXP 	text: autoDraw = True
179.1656 	DATA 	Keypress: space
179.1728 	EXP 	text: autoDraw = False
180.3643 	WARNING 	Stopping key buffers but this could be dangerous ifother keyboards rely on the same.
180.3828 	EXP 	text: text = 'You earned 5.2 out of 10 points in this round.\n\n Press [SPACE] to advance'
180.3828 	EXP 	text: autoDraw = True
181.1817 	DATA 	Keypress: space
181.1889 	EXP 	text: autoDraw = False
181.2056 	EXP 	text: text = 'Total points : 21.4'
183.5116 	EXP 	text: text = 'Press and hold [SPACE] to report the duration of the scene.'
183.5116 	EXP 	text: autoDraw = True
183.9416 	DATA 	Keypress: space
183.9489 	EXP 	text: autoDraw = False
184.7481 	WARNING 	Stopping key buffers but this could be dangerous ifother keyboards rely on the same.
184.7658 	EXP 	text: text = 'You earned 6.2 out of 10 points in this round.\n\n Press [SPACE] to advance'
184.7658 	EXP 	text: autoDraw = True
185.5897 	DATA 	Keypress: space
185.5972 	EXP 	text: autoDraw = False
185.6058 	EXP 	text: text = 'Total points : 27.6'
188.1130 	EXP 	text: text = 'Press and hold [SPACE] to report the duration of the scene.'
188.1130 	EXP 	text: autoDraw = True
188.5016 	DATA 	Keypress: space
188.5089 	EXP 	text: autoDraw = False
189.3401 	WARNING 	Stopping key buffers but this could be dangerous ifother keyboards rely on the same.
189.3561 	EXP 	text: text = 'You earned 4.4 out of 10 points in this round.\n\n Press [SPACE] to advance'
189.3561 	EXP 	text: autoDraw = True
190.0615 	DATA 	Keypress: space
190.0689 	EXP 	text: autoDraw = False
190.0914 	EXP 	text: text = 'Total points : 32.0'
192.1651 	EXP 	text: text = 'Press and hold [SPACE] to report the duration of the scene.'
192.1651 	EXP 	text: autoDraw = True
192.6216 	DATA 	Keypress: space
192.6288 	EXP 	text: autoDraw = False
193.1882 	WARNING 	Stopping key buffers but this could be dangerous ifother keyboards rely on the same.
193.2059 	EXP 	text: text = 'You earned 6.0 out of 10 points in this round.\n\n Press [SPACE] to advance'
193.2059 	EXP 	text: autoDraw = True
194.3096 	DATA 	Keypress: space
194.3170 	EXP 	text: autoDraw = False
194.3246 	EXP 	text: text = 'Total points : 38.0'
196.3170 	EXP 	text: text = 'Press and hold [SPACE] to report the duration of the scene.'
196.3170 	EXP 	text: autoDraw = True
196.6535 	DATA 	Keypress: space
196.6607 	EXP 	text: autoDraw = False
197.3561 	WARNING 	Stopping key buffers but this could be dangerous ifother keyboards rely on the same.
197.3744 	EXP 	text: text = 'You earned 9.1 out of 10 points in this round.\n\n Press [SPACE] to advance'
197.3744 	EXP 	text: autoDraw = True
198.1415 	DATA 	Keypress: space
198.1488 	EXP 	text: autoDraw = False
198.1601 	EXP 	text: text = 'Total points : 47.1'
200.3016 	EXP 	text: text = 'Press and hold [SPACE] to report the duration of the scene.'
200.3016 	EXP 	text: autoDraw = True
200.5817 	DATA 	Keypress: space
200.5891 	EXP 	text: autoDraw = False
201.3321 	WARNING 	Stopping key buffers but this could be dangerous ifother keyboards rely on the same.
201.3507 	EXP 	text: text = 'You earned 7.4 out of 10 points in this round.\n\n Press [SPACE] to advance'
201.3507 	EXP 	text: autoDraw = True
202.0216 	DATA 	Keypress: space
202.0287 	EXP 	text: autoDraw = False
202.0450 	EXP 	text: text = 'Total points : 54.5'
204.5526 	EXP 	text: text = 'Press and hold [SPACE] to report the duration of the scene.'
204.5526 	EXP 	text: autoDraw = True
204.8857 	DATA 	Keypress: space
204.8916 	EXP 	text: autoDraw = False
205.9721 	WARNING 	Stopping key buffers but this could be dangerous ifother keyboards rely on the same.
205.9901 	EXP 	text: text = 'You earned 7.2 out of 10 points in this round.\n\n Press [SPACE] to advance'
205.9901 	EXP 	text: autoDraw = True
206.6694 	DATA 	Keypress: space
206.6755 	EXP 	text: autoDraw = False
206.6960 	EXP 	text: text = 'Total points : 61.7'
208.8533 	EXP 	text: text = 'Press and hold [SPACE] to report the duration of the scene.'
208.8533 	EXP 	text: autoDraw = True
209.4296 	DATA 	Keypress: space
209.4368 	EXP 	text: autoDraw = False
210.0042 	WARNING 	Stopping key buffers but this could be dangerous ifother keyboards rely on the same.
210.0221 	EXP 	text: text = 'You earned 5.2 out of 10 points in this round.\n\n Press [SPACE] to advance'
210.0221 	EXP 	text: autoDraw = True
210.6136 	DATA 	Keypress: space
210.6210 	EXP 	text: autoDraw = False
210.6307 	EXP 	text: text = 'Total points : 66.9'
212.8550 	EXP 	text: text = 'Press and hold [SPACE] to report the duration of the scene.'
212.8550 	EXP 	text: autoDraw = True
213.2936 	DATA 	Keypress: space
213.3008 	EXP 	text: autoDraw = False
214.0041 	WARNING 	Stopping key buffers but this could be dangerous ifother keyboards rely on the same.
214.0219 	EXP 	text: text = 'You earned 5.9 out of 10 points in this round.\n\n Press [SPACE] to advance'
214.0219 	EXP 	text: autoDraw = True
214.5656 	DATA 	Keypress: space
214.5730 	EXP 	text: autoDraw = False
214.5806 	EXP 	text: text = 'Total points : 72.8'
217.3561 	EXP 	text: text = 'Press and hold [SPACE] to report the duration of the scene.'
217.3561 	EXP 	text: autoDraw = True
217.7017 	DATA 	Keypress: space
217.7088 	EXP 	text: autoDraw = False
218.7881 	WARNING 	Stopping key buffers but this could be dangerous ifother keyboards rely on the same.
218.8063 	EXP 	text: text = 'You earned 4.2 out of 10 points in this round.\n\n Press [SPACE] to advance'
218.8063 	EXP 	text: autoDraw = True
219.3096 	DATA 	Keypress: space
219.3166 	EXP 	text: autoDraw = False
219.3330 	EXP 	text: text = 'Total points : 77.0'
221.6255 	EXP 	text: text = 'Press and hold [SPACE] to report the duration of the scene.'
221.6255 	EXP 	text: autoDraw = True
222.1816 	DATA 	Keypress: space
222.1890 	EXP 	text: autoDraw = False
222.8682 	WARNING 	Stopping key buffers but this could be dangerous ifother keyboards rely on the same.
222.8860 	EXP 	text: text = 'You earned 4.8 out of 10 points in this round.\n\n Press [SPACE] to advance'
222.8860 	EXP 	text: autoDraw = True
223.4296 	DATA 	Keypress: space
223.4369 	EXP 	text: autoDraw = False
223.4511 	EXP 	text: text = 'Total points : 81.8'
225.6768 	EXP 	text: text = 'Press and hold [SPACE] to report the duration of the scene.'
225.6768 	EXP 	text: autoDraw = True
226.0856 	DATA 	Keypress: space
226.0929 	EXP 	text: autoDraw = False
227.0200 	WARNING 	Stopping key buffers but this could be dangerous ifother keyboards rely on the same.
227.0385 	EXP 	text: text = 'You earned 9.2 out of 10 points in this round.\n\n Press [SPACE] to advance'
227.0385 	EXP 	text: autoDraw = True
227.5655 	DATA 	Keypress: space
227.5729 	EXP 	text: autoDraw = False
227.5855 	EXP 	text: text = 'Total points : 91.0'
229.9612 	EXP 	text: text = 'Press and hold [SPACE] to report the duration of the scene.'
229.9612 	EXP 	text: autoDraw = True
230.2297 	DATA 	Keypress: space
230.2368 	EXP 	text: autoDraw = False
231.4522 	WARNING 	Stopping key buffers but this could be dangerous ifother keyboards rely on the same.
231.4691 	EXP 	text: text = 'Total points : 91.0'
231.4691 	EXP 	text: text = 'Your response exceeded the actual time.\n\n Press [SPACE] to advance'
231.4691 	EXP 	text: autoDraw = True
232.4617 	DATA 	Keypress: space
232.4673 	EXP 	text: autoDraw = False
234.5115 	EXP 	text: text = 'Press and hold [SPACE] to report the duration of the scene.'
234.5115 	EXP 	text: autoDraw = True
234.8696 	DATA 	Keypress: space
234.8768 	EXP 	text: autoDraw = False
235.7161 	WARNING 	Stopping key buffers but this could be dangerous ifother keyboards rely on the same.
235.7333 	EXP 	text: text = 'Total points : 91.0'
235.7333 	EXP 	text: text = 'Your response exceeded the actual time.\n\n Press [SPACE] to advance'
235.7333 	EXP 	text: autoDraw = True
236.4775 	DATA 	Keypress: space
236.4848 	EXP 	text: autoDraw = False
239.2127 	EXP 	text: text = 'Press and hold [SPACE] to report the duration of the scene.'
239.2127 	EXP 	text: autoDraw = True
239.5257 	DATA 	Keypress: space
239.5330 	EXP 	text: autoDraw = False
240.6601 	WARNING 	Stopping key buffers but this could be dangerous ifother keyboards rely on the same.
240.6779 	EXP 	text: text = 'You earned 5.3 out of 10 points in this round.\n\n Press [SPACE] to advance'
240.6779 	EXP 	text: autoDraw = True
241.3496 	DATA 	Keypress: space
241.3566 	EXP 	text: autoDraw = False
241.3749 	EXP 	text: text = 'Total points : 96.3'
243.5309 	EXP 	text: text = 'Press and hold [SPACE] to report the duration of the scene.'
243.5309 	EXP 	text: autoDraw = True
243.9496 	DATA 	Keypress: space
243.9567 	EXP 	text: autoDraw = False
244.6600 	WARNING 	Stopping key buffers but this could be dangerous ifother keyboards rely on the same.
244.6776 	EXP 	text: text = 'You earned 6.9 out of 10 points in this round.\n\n Press [SPACE] to advance'
244.6776 	EXP 	text: autoDraw = True
245.1816 	DATA 	Keypress: space
245.1882 	EXP 	text: autoDraw = False
245.2093 	EXP 	text: text = 'Total points : 103.2'
247.2161 	EXP 	text: text = 'Press and hold [SPACE] to report the duration of the scene.'
247.2161 	EXP 	text: autoDraw = True
247.5337 	DATA 	Keypress: space
247.5408 	EXP 	text: autoDraw = False
248.0761 	WARNING 	Stopping key buffers but this could be dangerous ifother keyboards rely on the same.
248.0914 	EXP 	text: text = 'You earned 6.6 out of 10 points in this round.\n\n Press [SPACE] to advance'
248.0914 	EXP 	text: autoDraw = True
248.5496 	DATA 	Keypress: space
248.5558 	EXP 	text: autoDraw = False
248.5762 	EXP 	text: text = 'Total points : 109.8'
251.2012 	EXP 	text: text = 'Press and hold [SPACE] to report the duration of the scene.'
251.2012 	EXP 	text: autoDraw = True
251.4538 	DATA 	Keypress: space
251.4609 	EXP 	text: autoDraw = False
252.7320 	WARNING 	Stopping key buffers but this could be dangerous ifother keyboards rely on the same.
252.7505 	EXP 	text: text = 'You earned 8.3 out of 10 points in this round.\n\n Press [SPACE] to advance'
252.7505 	EXP 	text: autoDraw = True
253.2215 	DATA 	Keypress: space
253.2286 	EXP 	text: autoDraw = False
253.2438 	EXP 	text: text = 'Total points : 118.1'
255.9365 	EXP 	text: text = 'Press and hold [SPACE] to report the duration of the scene.'
255.9365 	EXP 	text: autoDraw = True
256.2617 	DATA 	Keypress: space
256.2692 	EXP 	text: autoDraw = False
257.4363 	WARNING 	Stopping key buffers but this could be dangerous ifother keyboards rely on the same.
257.4541 	EXP 	text: text = 'You earned 5.8 out of 10 points in this round.\n\n Press [SPACE] to advance'
257.4541 	EXP 	text: autoDraw = True
257.9977 	DATA 	Keypress: space
258.0050 	EXP 	text: autoDraw = False
258.0120 	EXP 	text: text = 'Total points : 123.9'
260.5046 	EXP 	text: text = 'Press and hold [SPACE] to report the duration of the scene.'
260.5046 	EXP 	text: autoDraw = True
260.8296 	DATA 	Keypress: space
260.8369 	EXP 	text: autoDraw = False
262.2842 	WARNING 	Stopping key buffers but this could be dangerous ifother keyboards rely on the same.
262.3012 	EXP 	text: text = 'Total points : 123.9'
262.3012 	EXP 	text: text = 'Your response exceeded the actual time.\n\n Press [SPACE] to advance'
262.3012 	EXP 	text: autoDraw = True
262.8136 	DATA 	Keypress: space
262.8210 	EXP 	text: autoDraw = False
265.0728 	EXP 	text: text = 'Press and hold [SPACE] to report the duration of the scene.'
265.0728 	EXP 	text: autoDraw = True
265.3496 	DATA 	Keypress: space
265.3570 	EXP 	text: autoDraw = False
266.2600 	WARNING 	Stopping key buffers but this could be dangerous ifother keyboards rely on the same.
266.2780 	EXP 	text: text = 'You earned 8.8 out of 10 points in this round.\n\n Press [SPACE] to advance'
266.2780 	EXP 	text: autoDraw = True
266.7976 	DATA 	Keypress: space
266.8048 	EXP 	text: autoDraw = False
266.8145 	EXP 	text: text = 'Total points : 132.7'
269.1893 	EXP 	text: text = 'Press and hold [SPACE] to report the duration of the scene.'
269.1893 	EXP 	text: autoDraw = True
269.4456 	DATA 	Keypress: space
269.4529 	EXP 	text: autoDraw = False
270.2521 	WARNING 	Stopping key buffers but this could be dangerous ifother keyboards rely on the same.
270.2695 	EXP 	text: text = 'You earned 5.3 out of 10 points in this round.\n\n Press [SPACE] to advance'
270.2695 	EXP 	text: autoDraw = True
270.7656 	DATA 	Keypress: space
270.7730 	EXP 	text: autoDraw = False
270.7839 	EXP 	text: text = 'Total points : 138.0'
273.5576 	EXP 	text: text = 'Press and hold [SPACE] to report the duration of the scene.'
273.5576 	EXP 	text: autoDraw = True
273.9577 	DATA 	Keypress: space
273.9640 	EXP 	text: autoDraw = False
275.0762 	WARNING 	Stopping key buffers but this could be dangerous ifother keyboards rely on the same.
275.0941 	EXP 	text: text = 'You earned 4.4 out of 10 points in this round.\n\n Press [SPACE] to advance'
275.0941 	EXP 	text: autoDraw = True
275.5415 	DATA 	Keypress: space
275.5479 	EXP 	text: autoDraw = False
275.5696 	EXP 	text: text = 'Total points : 142.4'
277.7926 	EXP 	text: text = 'Press and hold [SPACE] to report the duration of the scene.'
277.7926 	EXP 	text: autoDraw = True
278.2216 	DATA 	Keypress: space
278.2289 	EXP 	text: autoDraw = False
279.1160 	WARNING 	Stopping key buffers but this could be dangerous ifother keyboards rely on the same.
279.1342 	EXP 	text: text = 'You earned 8.5 out of 10 points in this round.\n\n Press [SPACE] to advance'
279.1342 	EXP 	text: autoDraw = True
279.6776 	DATA 	Keypress: space
279.6847 	EXP 	text: autoDraw = False
279.7030 	EXP 	text: text = 'Total points : 150.9'
281.7106 	EXP 	text: text = 'Press and hold [SPACE] to report the duration of the scene.'
281.7106 	EXP 	text: autoDraw = True
282.1335 	DATA 	Keypress: space
282.1408 	EXP 	text: autoDraw = False
282.5641 	WARNING 	Stopping key buffers but this could be dangerous ifother keyboards rely on the same.
282.5806 	EXP 	text: text = 'You earned 5.3 out of 10 points in this round.\n\n Press [SPACE] to advance'
282.5806 	EXP 	text: autoDraw = True
283.1096 	DATA 	Keypress: space
283.1166 	EXP 	text: autoDraw = False
283.1372 	EXP 	text: text = 'Total points : 156.2'
285.3632 	EXP 	text: text = 'Press and hold [SPACE] to report the duration of the scene.'
285.3632 	EXP 	text: autoDraw = True
285.5657 	DATA 	Keypress: space
285.5730 	EXP 	text: autoDraw = False
286.6521 	WARNING 	Stopping key buffers but this could be dangerous ifother keyboards rely on the same.
286.6696 	EXP 	text: text = 'Total points : 156.2'
286.6696 	EXP 	text: text = 'Your response exceeded the actual time.\n\n Press [SPACE] to advance'
286.6696 	EXP 	text: autoDraw = True
287.1815 	DATA 	Keypress: space
287.1887 	EXP 	text: autoDraw = False
289.3802 	EXP 	text: text = 'Press and hold [SPACE] to report the duration of the scene.'
289.3802 	EXP 	text: autoDraw = True
289.8056 	DATA 	Keypress: space
289.8130 	EXP 	text: autoDraw = False
290.4682 	WARNING 	Stopping key buffers but this could be dangerous ifother keyboards rely on the same.
290.4861 	EXP 	text: text = 'You earned 6.2 out of 10 points in this round.\n\n Press [SPACE] to advance'
290.4861 	EXP 	text: autoDraw = True
291.0615 	DATA 	Keypress: space
291.0690 	EXP 	text: autoDraw = False
291.0908 	EXP 	text: text = 'Total points : 162.4'
293.1643 	EXP 	text: text = 'Press and hold [SPACE] to report the duration of the scene.'
293.1643 	EXP 	text: autoDraw = True
293.3897 	DATA 	Keypress: space
293.3970 	EXP 	text: autoDraw = False
293.9320 	WARNING 	Stopping key buffers but this could be dangerous ifother keyboards rely on the same.
293.9499 	EXP 	text: text = 'You earned 5.7 out of 10 points in this round.\n\n Press [SPACE] to advance'
293.9499 	EXP 	text: autoDraw = True
294.4694 	DATA 	Keypress: space
294.4767 	EXP 	text: autoDraw = False
294.4907 	EXP 	text: text = 'Total points : 168.1'
296.9836 	EXP 	text: text = 'Press and hold [SPACE] to report the duration of the scene.'
296.9836 	EXP 	text: autoDraw = True
297.1816 	DATA 	Keypress: space
297.1881 	EXP 	text: autoDraw = False
298.1640 	WARNING 	Stopping key buffers but this could be dangerous ifother keyboards rely on the same.
298.1817 	EXP 	text: text = 'You earned 5.9 out of 10 points in this round.\n\n Press [SPACE] to advance'
298.1817 	EXP 	text: autoDraw = True
298.7335 	DATA 	Keypress: space
298.7389 	EXP 	text: autoDraw = False
298.7590 	EXP 	text: text = 'Total points : 174.0'
301.3849 	EXP 	text: text = 'Press and hold [SPACE] to report the duration of the scene.'
301.3849 	EXP 	text: autoDraw = True
301.4058 	DATA 	Keypress: space
301.4093 	EXP 	text: autoDraw = False
302.4921 	WARNING 	Stopping key buffers but this could be dangerous ifother keyboards rely on the same.
302.5091 	EXP 	text: text = 'You earned 5.6 out of 10 points in this round.\n\n Press [SPACE] to advance'
302.5091 	EXP 	text: autoDraw = True
303.1176 	DATA 	Keypress: space
303.1237 	EXP 	text: autoDraw = False
303.1435 	EXP 	text: text = 'Total points : 179.6'
305.7693 	EXP 	text: text = 'Press and hold [SPACE] to report the duration of the scene.'
305.7693 	EXP 	text: autoDraw = True
306.0937 	DATA 	Keypress: space
306.1011 	EXP 	text: autoDraw = False
307.4121 	WARNING 	Stopping key buffers but this could be dangerous ifother keyboards rely on the same.
307.4298 	EXP 	text: text = 'You earned 9.0 out of 10 points in this round.\n\n Press [SPACE] to advance'
307.4298 	EXP 	text: autoDraw = True
308.0777 	DATA 	Keypress: space
308.0849 	EXP 	text: autoDraw = False
308.0947 	EXP 	text: text = 'Total points : 188.6'
310.3877 	EXP 	text: text = 'Press and hold [SPACE] to report the duration of the scene.'
310.3877 	EXP 	text: autoDraw = True
310.6855 	DATA 	Keypress: space
310.6925 	EXP 	text: autoDraw = False
311.3080 	WARNING 	Stopping key buffers but this could be dangerous ifother keyboards rely on the same.
311.3259 	EXP 	text: text = 'You earned 4.3 out of 10 points in this round.\n\n Press [SPACE] to advance'
311.3259 	EXP 	text: autoDraw = True
311.8616 	DATA 	Keypress: space
311.8690 	EXP 	text: autoDraw = False
311.8802 	EXP 	text: text = 'Total points : 192.9'
314.5873 	EXP 	text: text = 'Press and hold [SPACE] to report the duration of the scene.'
314.5873 	EXP 	text: autoDraw = True
314.8137 	DATA 	Keypress: space
314.8210 	EXP 	text: autoDraw = False
316.3562 	WARNING 	Stopping key buffers but this could be dangerous ifother keyboards rely on the same.
316.3735 	EXP 	text: text = 'Total points : 192.9'
316.3735 	EXP 	text: text = 'Your response exceeded the actual time.\n\n Press [SPACE] to advance'
316.3735 	EXP 	text: autoDraw = True
317.0536 	DATA 	Keypress: space
317.0610 	EXP 	text: autoDraw = False
319.8060 	EXP 	text: text = 'Press and hold [SPACE] to report the duration of the scene.'
319.8060 	EXP 	text: autoDraw = True
320.0137 	DATA 	Keypress: space
320.0210 	EXP 	text: autoDraw = False
321.0842 	WARNING 	Stopping key buffers but this could be dangerous ifother keyboards rely on the same.
321.1021 	EXP 	text: text = 'You earned 4.7 out of 10 points in this round.\n\n Press [SPACE] to advance'
321.1021 	EXP 	text: autoDraw = True
321.6695 	DATA 	Keypress: space
321.6768 	EXP 	text: autoDraw = False
321.6838 	EXP 	text: text = 'Total points : 197.6'
324.1904 	EXP 	text: text = 'Press and hold [SPACE] to report the duration of the scene.'
324.1904 	EXP 	text: autoDraw = True
324.5577 	DATA 	Keypress: space
324.5638 	EXP 	text: autoDraw = False
325.4121 	WARNING 	Stopping key buffers but this could be dangerous ifother keyboards rely on the same.
325.4299 	EXP 	text: text = 'You earned 4.5 out of 10 points in this round.\n\n Press [SPACE] to advance'
325.4299 	EXP 	text: autoDraw = True
326.1577 	DATA 	Keypress: space
326.1641 	EXP 	text: autoDraw = False
326.1856 	EXP 	text: text = 'Total points : 202.1'
328.8086 	EXP 	text: text = 'Press and hold [SPACE] to report the duration of the scene.'
328.8086 	EXP 	text: autoDraw = True
329.1257 	DATA 	Keypress: space
329.1320 	EXP 	text: autoDraw = False
330.1562 	WARNING 	Stopping key buffers but this could be dangerous ifother keyboards rely on the same.
330.1743 	EXP 	text: text = 'You earned 5.0 out of 10 points in this round.\n\n Press [SPACE] to advance'
330.1743 	EXP 	text: autoDraw = True
330.7496 	DATA 	Keypress: space
330.7568 	EXP 	text: autoDraw = False
330.7707 	EXP 	text: text = 'Total points : 207.1'
332.9268 	EXP 	text: text = 'Press and hold [SPACE] to report the duration of the scene.'
332.9268 	EXP 	text: autoDraw = True
333.3816 	DATA 	Keypress: space
333.3889 	EXP 	text: autoDraw = False
333.8760 	WARNING 	Stopping key buffers but this could be dangerous ifother keyboards rely on the same.
333.8927 	EXP 	text: text = 'You earned 4.5 out of 10 points in this round.\n\n Press [SPACE] to advance'
333.8927 	EXP 	text: autoDraw = True
334.4136 	DATA 	Keypress: space
334.4206 	EXP 	text: autoDraw = False
334.4372 	EXP 	text: text = 'Total points : 211.6'
335.9063 	DATA 	Keypress: space
337.1449 	EXP 	text: text = 'Press and hold [SPACE] to report the duration of the scene.'
337.1449 	EXP 	text: autoDraw = True
340.7817 	DATA 	Keypress: space
340.7889 	EXP 	text: autoDraw = False
342.1481 	WARNING 	Stopping key buffers but this could be dangerous ifother keyboards rely on the same.
342.1664 	EXP 	text: text = 'You earned 8.5 out of 10 points in this round.\n\n Press [SPACE] to advance'
342.1664 	EXP 	text: autoDraw = True
342.8376 	DATA 	Keypress: space
342.8450 	EXP 	text: autoDraw = False
342.8574 	EXP 	text: text = 'Total points : 220.1'
345.6325 	EXP 	text: text = 'Press and hold [SPACE] to report the duration of the scene.'
345.6325 	EXP 	text: autoDraw = True
346.1338 	DATA 	Keypress: space
346.1410 	EXP 	text: autoDraw = False
346.9321 	WARNING 	Stopping key buffers but this could be dangerous ifother keyboards rely on the same.
346.9498 	EXP 	text: text = 'You earned 2.3 out of 10 points in this round.\n\n Press [SPACE] to advance'
346.9498 	EXP 	text: autoDraw = True
347.5575 	DATA 	Keypress: space
347.5649 	EXP 	text: autoDraw = False
347.5745 	EXP 	text: text = 'Total points : 222.4'
350.2673 	EXP 	text: text = 'Press and hold [SPACE] to report the duration of the scene.'
350.2673 	EXP 	text: autoDraw = True
350.7976 	DATA 	Keypress: space
350.8051 	EXP 	text: autoDraw = False
351.9322 	WARNING 	Stopping key buffers but this could be dangerous ifother keyboards rely on the same.
351.9502 	EXP 	text: text = 'You earned 5.3 out of 10 points in this round.\n\n Press [SPACE] to advance'
351.9502 	EXP 	text: autoDraw = True
352.5176 	DATA 	Keypress: space
352.5233 	EXP 	text: autoDraw = False
352.5430 	EXP 	text: text = 'Total points : 227.7'
355.3189 	EXP 	text: text = 'Press and hold [SPACE] to report the duration of the scene.'
355.3189 	EXP 	text: autoDraw = True
355.7896 	DATA 	Keypress: space
355.7970 	EXP 	text: autoDraw = False
356.8441 	WARNING 	Stopping key buffers but this could be dangerous ifother keyboards rely on the same.
356.8603 	EXP 	text: text = 'You earned 3.9 out of 10 points in this round.\n\n Press [SPACE] to advance'
356.8603 	EXP 	text: autoDraw = True
357.5416 	DATA 	Keypress: space
357.5491 	EXP 	text: autoDraw = False
357.5613 	EXP 	text: text = 'Total points : 231.6'
359.5691 	EXP 	text: text = 'Press and hold [SPACE] to report the duration of the scene.'
359.5691 	EXP 	text: autoDraw = True
360.0697 	DATA 	Keypress: space
360.0757 	EXP 	text: autoDraw = False
360.6521 	WARNING 	Stopping key buffers but this could be dangerous ifother keyboards rely on the same.
360.6700 	EXP 	text: text = 'You earned 7.2 out of 10 points in this round.\n\n Press [SPACE] to advance'
360.6700 	EXP 	text: autoDraw = True
361.2295 	DATA 	Keypress: space
361.2368 	EXP 	text: autoDraw = False
361.2462 	EXP 	text: text = 'Total points : 238.8'
363.9535 	EXP 	text: text = 'Press and hold [SPACE] to report the duration of the scene.'
363.9535 	EXP 	text: autoDraw = True
364.4297 	DATA 	Keypress: space
364.4371 	EXP 	text: autoDraw = False
365.5002 	WARNING 	Stopping key buffers but this could be dangerous ifother keyboards rely on the same.
365.5178 	EXP 	text: text = 'You earned 4.7 out of 10 points in this round.\n\n Press [SPACE] to advance'
365.5178 	EXP 	text: autoDraw = True
366.2056 	DATA 	Keypress: space
366.2111 	EXP 	text: autoDraw = False
366.2319 	EXP 	text: text = 'Total points : 243.5'
368.4546 	EXP 	text: text = 'Press and hold [SPACE] to report the duration of the scene.'
368.4546 	EXP 	text: autoDraw = True
368.9335 	DATA 	Keypress: space
368.9408 	EXP 	text: autoDraw = False
369.6921 	WARNING 	Stopping key buffers but this could be dangerous ifother keyboards rely on the same.
369.7100 	EXP 	text: text = 'You earned 6.5 out of 10 points in this round.\n\n Press [SPACE] to advance'
369.7100 	EXP 	text: autoDraw = True
370.2056 	DATA 	Keypress: space
370.2121 	EXP 	text: autoDraw = False
370.2337 	EXP 	text: text = 'Total points : 250.0'
373.0067 	EXP 	text: text = 'Press and hold [SPACE] to report the duration of the scene.'
373.0067 	EXP 	text: autoDraw = True
373.3657 	DATA 	Keypress: space
373.3729 	EXP 	text: autoDraw = False
374.4122 	WARNING 	Stopping key buffers but this could be dangerous ifother keyboards rely on the same.
374.4301 	EXP 	text: text = 'You earned 3.9 out of 10 points in this round.\n\n Press [SPACE] to advance'
374.4301 	EXP 	text: autoDraw = True
374.4616 	DATA 	Keypress: space
374.4653 	EXP 	text: autoDraw = False
374.4831 	EXP 	text: text = 'Total points : 253.9'
376.6259 	EXP 	text: text = 'Press and hold [SPACE] to report the duration of the scene.'
376.6259 	EXP 	text: autoDraw = True
377.2377 	DATA 	Keypress: space
377.2449 	EXP 	text: autoDraw = False
377.8682 	WARNING 	Stopping key buffers but this could be dangerous ifother keyboards rely on the same.
377.8837 	EXP 	text: text = 'You earned 5.9 out of 10 points in this round.\n\n Press [SPACE] to advance'
377.8837 	EXP 	text: autoDraw = True
378.7096 	DATA 	Keypress: space
378.7149 	EXP 	text: autoDraw = False
378.7347 	EXP 	text: text = 'Total points : 259.8'
380.9603 	EXP 	text: text = 'Press and hold [SPACE] to report the duration of the scene.'
380.9603 	EXP 	text: autoDraw = True
381.3583 	DATA 	Keypress: space
381.3653 	EXP 	text: autoDraw = False
382.3321 	WARNING 	Stopping key buffers but this could be dangerous ifother keyboards rely on the same.
382.3506 	EXP 	text: text = 'You earned 10.0 out of 10 points in this round.\n\n Press [SPACE] to advance'
382.3506 	EXP 	text: autoDraw = True
383.0935 	DATA 	Keypress: space
383.0993 	EXP 	text: autoDraw = False
383.1198 	EXP 	text: text = 'Total points : 269.8'
385.4956 	EXP 	text: text = 'Press and hold [SPACE] to report the duration of the scene.'
385.4956 	EXP 	text: autoDraw = True
385.7017 	DATA 	Keypress: space
385.7089 	EXP 	text: autoDraw = False
386.5320 	WARNING 	Stopping key buffers but this could be dangerous ifother keyboards rely on the same.
386.5501 	EXP 	text: text = 'You earned 5.6 out of 10 points in this round.\n\n Press [SPACE] to advance'
386.5501 	EXP 	text: autoDraw = True
387.0936 	DATA 	Keypress: space
387.1007 	EXP 	text: autoDraw = False
387.1209 	EXP 	text: text = 'Total points : 275.4'
389.2780 	EXP 	text: text = 'Press and hold [SPACE] to report the duration of the scene.'
389.2780 	EXP 	text: autoDraw = True
389.5576 	DATA 	Keypress: space
389.5650 	EXP 	text: autoDraw = False
390.2201 	WARNING 	Stopping key buffers but this could be dangerous ifother keyboards rely on the same.
390.2376 	EXP 	text: text = 'You earned 6.2 out of 10 points in this round.\n\n Press [SPACE] to advance'
390.2376 	EXP 	text: autoDraw = True
390.7977 	DATA 	Keypress: space
390.8052 	EXP 	text: autoDraw = False
390.8232 	EXP 	text: text = 'Total points : 281.6'
393.1969 	EXP 	text: text = 'Press and hold [SPACE] to report the duration of the scene.'
393.1969 	EXP 	text: autoDraw = True
393.3575 	DATA 	Keypress: space
393.3648 	EXP 	text: autoDraw = False
394.1000 	WARNING 	Stopping key buffers but this could be dangerous ifother keyboards rely on the same.
394.1179 	EXP 	text: text = 'You earned 4.7 out of 10 points in this round.\n\n Press [SPACE] to advance'
394.1179 	EXP 	text: autoDraw = True
394.5896 	DATA 	Keypress: space
394.5968 	EXP 	text: autoDraw = False
394.6062 	EXP 	text: text = 'Total points : 286.3'
396.6822 	EXP 	text: text = 'Press and hold [SPACE] to report the duration of the scene.'
396.6822 	EXP 	text: autoDraw = True
396.9417 	DATA 	Keypress: space
396.9492 	EXP 	text: autoDraw = False
397.6602 	WARNING 	Stopping key buffers but this could be dangerous ifother keyboards rely on the same.
397.6778 	EXP 	text: text = 'You earned 8.1 out of 10 points in this round.\n\n Press [SPACE] to advance'
397.6778 	EXP 	text: autoDraw = True
398.3576 	DATA 	Keypress: space
398.3649 	EXP 	text: autoDraw = False
398.3736 	EXP 	text: text = 'Total points : 294.4'
400.3671 	EXP 	text: text = 'Press and hold [SPACE] to report the duration of the scene.'
400.3671 	EXP 	text: autoDraw = True
400.6617 	DATA 	Keypress: space
400.6690 	EXP 	text: autoDraw = False
401.1721 	WARNING 	Stopping key buffers but this could be dangerous ifother keyboards rely on the same.
401.1899 	EXP 	text: text = 'You earned 6.2 out of 10 points in this round.\n\n Press [SPACE] to advance'
401.1899 	EXP 	text: autoDraw = True
401.7576 	DATA 	Keypress: space
401.7649 	EXP 	text: autoDraw = False
401.7762 	EXP 	text: text = 'Total points : 300.6'
403.8505 	EXP 	text: text = 'Press and hold [SPACE] to report the duration of the scene.'
403.8505 	EXP 	text: autoDraw = True
404.0616 	DATA 	Keypress: space
404.0689 	EXP 	text: autoDraw = False
404.8761 	WARNING 	Stopping key buffers but this could be dangerous ifother keyboards rely on the same.
404.8925 	EXP 	text: text = 'You earned 9.8 out of 10 points in this round.\n\n Press [SPACE] to advance'
404.8925 	EXP 	text: autoDraw = True
406.0456 	DATA 	Keypress: space
406.0531 	EXP 	text: autoDraw = False
406.0605 	EXP 	text: text = 'Total points : 310.4'
408.3678 	EXP 	text: text = 'Press and hold [SPACE] to report the duration of the scene.'
408.3678 	EXP 	text: autoDraw = True
408.7096 	DATA 	Keypress: space
408.7170 	EXP 	text: autoDraw = False
409.3721 	WARNING 	Stopping key buffers but this could be dangerous ifother keyboards rely on the same.
409.3898 	EXP 	text: text = 'You earned 4.6 out of 10 points in this round.\n\n Press [SPACE] to advance'
409.3898 	EXP 	text: autoDraw = True
409.8936 	DATA 	Keypress: space
409.9009 	EXP 	text: autoDraw = False
409.9128 	EXP 	text: text = 'Total points : 315.0'
412.5351 	EXP 	text: text = 'Press and hold [SPACE] to report the duration of the scene.'
412.5351 	EXP 	text: autoDraw = True
412.7817 	DATA 	Keypress: space
412.7890 	EXP 	text: autoDraw = False
413.9480 	WARNING 	Stopping key buffers but this could be dangerous ifother keyboards rely on the same.
413.9657 	EXP 	text: text = 'You earned 6.6 out of 10 points in this round.\n\n Press [SPACE] to advance'
413.9657 	EXP 	text: autoDraw = True
414.4776 	DATA 	Keypress: space
414.4848 	EXP 	text: autoDraw = False
414.4959 	EXP 	text: text = 'Total points : 321.6'
417.2044 	EXP 	text: text = 'Press and hold [SPACE] to report the duration of the scene.'
417.2044 	EXP 	text: autoDraw = True
417.5496 	DATA 	Keypress: space
417.5568 	EXP 	text: autoDraw = False
418.9561 	WARNING 	Stopping key buffers but this could be dangerous ifother keyboards rely on the same.
418.9743 	EXP 	text: text = 'You earned 9.2 out of 10 points in this round.\n\n Press [SPACE] to advance'
418.9743 	EXP 	text: autoDraw = True
421.8135 	DATA 	Keypress: space
421.8209 	EXP 	text: autoDraw = False
421.8318 	EXP 	text: text = 'Total points : 330.8'
424.3396 	EXP 	text: text = 'Press and hold [SPACE] to report the duration of the scene.'
424.3396 	EXP 	text: autoDraw = True
424.5016 	DATA 	Keypress: space
424.5088 	EXP 	text: autoDraw = False
425.7561 	WARNING 	Stopping key buffers but this could be dangerous ifother keyboards rely on the same.
425.7742 	EXP 	text: text = 'You earned 9.9 out of 10 points in this round.\n\n Press [SPACE] to advance'
425.7742 	EXP 	text: autoDraw = True
426.3575 	DATA 	Keypress: space
426.3635 	EXP 	text: autoDraw = False
426.3850 	EXP 	text: text = 'Total points : 340.7'
428.6910 	EXP 	text: text = 'Press and hold [SPACE] to report the duration of the scene.'
428.6910 	EXP 	text: autoDraw = True
429.1177 	DATA 	Keypress: space
429.1251 	EXP 	text: autoDraw = False
429.9321 	WARNING 	Stopping key buffers but this could be dangerous ifother keyboards rely on the same.
429.9499 	EXP 	text: text = 'You earned 6.3 out of 10 points in this round.\n\n Press [SPACE] to advance'
429.9499 	EXP 	text: autoDraw = True
430.4936 	DATA 	Keypress: space
430.4987 	EXP 	text: autoDraw = False
430.5194 	EXP 	text: text = 'Total points : 347.0'
432.6761 	EXP 	text: text = 'Press and hold [SPACE] to report the duration of the scene.'
432.6761 	EXP 	text: autoDraw = True
432.9576 	DATA 	Keypress: space
432.9651 	EXP 	text: autoDraw = False
433.8762 	WARNING 	Stopping key buffers but this could be dangerous ifother keyboards rely on the same.
433.8933 	EXP 	text: text = 'Total points : 347.0'
433.8933 	EXP 	text: text = 'Your response exceeded the actual time.\n\n Press [SPACE] to advance'
433.8933 	EXP 	text: autoDraw = True
434.5416 	DATA 	Keypress: space
434.5490 	EXP 	text: autoDraw = False
436.7285 	EXP 	text: text = 'Press and hold [SPACE] to report the duration of the scene.'
436.7285 	EXP 	text: autoDraw = True
436.9016 	DATA 	Keypress: space
436.9089 	EXP 	text: autoDraw = False
437.5642 	WARNING 	Stopping key buffers but this could be dangerous ifother keyboards rely on the same.
437.5823 	EXP 	text: text = 'You earned 6.2 out of 10 points in this round.\n\n Press [SPACE] to advance'
437.5823 	EXP 	text: autoDraw = True
438.0536 	DATA 	Keypress: space
438.0610 	EXP 	text: autoDraw = False
438.0708 	EXP 	text: text = 'Total points : 353.2'
440.2963 	EXP 	text: text = 'Press and hold [SPACE] to report the duration of the scene.'
440.2963 	EXP 	text: autoDraw = True
440.4137 	DATA 	Keypress: space
440.4171 	EXP 	text: autoDraw = False
441.2521 	WARNING 	Stopping key buffers but this could be dangerous ifother keyboards rely on the same.
441.2702 	EXP 	text: text = 'You earned 7.6 out of 10 points in this round.\n\n Press [SPACE] to advance'
441.2702 	EXP 	text: autoDraw = True
441.9256 	DATA 	Keypress: space
441.9330 	EXP 	text: autoDraw = False
441.9399 	EXP 	text: text = 'Total points : 360.8'
444.1627 	EXP 	text: text = 'Press and hold [SPACE] to report the duration of the scene.'
444.1627 	EXP 	text: autoDraw = True
444.5656 	DATA 	Keypress: space
444.5726 	EXP 	text: autoDraw = False
445.4840 	WARNING 	Stopping key buffers but this could be dangerous ifother keyboards rely on the same.
445.5016 	EXP 	text: text = 'You earned 9.0 out of 10 points in this round.\n\n Press [SPACE] to advance'
445.5016 	EXP 	text: autoDraw = True
446.0375 	DATA 	Keypress: space
446.0450 	EXP 	text: autoDraw = False
446.0580 	EXP 	text: text = 'Total points : 369.8'
448.3639 	EXP 	text: text = 'Press and hold [SPACE] to report the duration of the scene.'
448.3639 	EXP 	text: autoDraw = True
448.5736 	DATA 	Keypress: space
448.5810 	EXP 	text: autoDraw = False
449.5321 	WARNING 	Stopping key buffers but this could be dangerous ifother keyboards rely on the same.
449.5499 	EXP 	text: text = 'You earned 8.4 out of 10 points in this round.\n\n Press [SPACE] to advance'
449.5499 	EXP 	text: autoDraw = True
450.0616 	DATA 	Keypress: space
450.0689 	EXP 	text: autoDraw = False
450.0758 	EXP 	text: text = 'Total points : 378.2'
452.1492 	EXP 	text: text = 'Press and hold [SPACE] to report the duration of the scene.'
452.1492 	EXP 	text: autoDraw = True
452.3576 	DATA 	Keypress: space
452.3649 	EXP 	text: autoDraw = False
453.2201 	WARNING 	Stopping key buffers but this could be dangerous ifother keyboards rely on the same.
453.2372 	EXP 	text: text = 'Total points : 378.2'
453.2372 	EXP 	text: text = 'Your response exceeded the actual time.\n\n Press [SPACE] to advance'
453.2372 	EXP 	text: autoDraw = True
454.0217 	DATA 	Keypress: space
454.0290 	EXP 	text: autoDraw = False
456.4355 	EXP 	text: text = 'Press and hold [SPACE] to report the duration of the scene.'
456.4355 	EXP 	text: autoDraw = True
456.7016 	DATA 	Keypress: space
456.7070 	EXP 	text: autoDraw = False
457.6042 	WARNING 	Stopping key buffers but this could be dangerous ifother keyboards rely on the same.
457.6221 	EXP 	text: text = 'You earned 6.4 out of 10 points in this round.\n\n Press [SPACE] to advance'
457.6221 	EXP 	text: autoDraw = True
458.1894 	DATA 	Keypress: space
458.1968 	EXP 	text: autoDraw = False
458.2107 	EXP 	text: text = 'Total points : 384.6'
460.2865 	EXP 	text: text = 'Press and hold [SPACE] to report the duration of the scene.'
460.2865 	EXP 	text: autoDraw = True
460.7016 	DATA 	Keypress: space
460.7081 	EXP 	text: autoDraw = False
461.2442 	WARNING 	Stopping key buffers but this could be dangerous ifother keyboards rely on the same.
461.2606 	EXP 	text: text = 'You earned 5.7 out of 10 points in this round.\n\n Press [SPACE] to advance'
461.2606 	EXP 	text: autoDraw = True
461.7255 	DATA 	Keypress: space
461.7329 	EXP 	text: autoDraw = False
461.7451 	EXP 	text: text = 'Total points : 390.3'
464.3689 	EXP 	text: text = 'Press and hold [SPACE] to report the duration of the scene.'
464.3689 	EXP 	text: autoDraw = True
464.6377 	DATA 	Keypress: space
464.6448 	EXP 	text: autoDraw = False
465.9080 	WARNING 	Stopping key buffers but this could be dangerous ifother keyboards rely on the same.
465.9260 	EXP 	text: text = 'You earned 8.1 out of 10 points in this round.\n\n Press [SPACE] to advance'
465.9260 	EXP 	text: autoDraw = True
466.5173 	DATA 	Keypress: space
466.5247 	EXP 	text: autoDraw = False
466.5470 	EXP 	text: text = 'Total points : 398.4'
468.9210 	EXP 	text: text = 'Press and hold [SPACE] to report the duration of the scene.'
468.9210 	EXP 	text: autoDraw = True
469.1018 	DATA 	Keypress: space
469.1092 	EXP 	text: autoDraw = False
470.3242 	WARNING 	Stopping key buffers but this could be dangerous ifother keyboards rely on the same.
470.3416 	EXP 	text: text = 'Total points : 398.4'
470.3416 	EXP 	text: text = 'Your response exceeded the actual time.\n\n Press [SPACE] to advance'
470.3416 	EXP 	text: autoDraw = True
471.1655 	DATA 	Keypress: space
471.1729 	EXP 	text: autoDraw = False
473.9720 	EXP 	text: text = 'Press and hold [SPACE] to report the duration of the scene.'
473.9720 	EXP 	text: autoDraw = True
474.3576 	DATA 	Keypress: space
474.3625 	EXP 	text: autoDraw = False
475.9162 	WARNING 	Stopping key buffers but this could be dangerous ifother keyboards rely on the same.
475.9323 	EXP 	text: text = 'Total points : 398.4'
475.9323 	EXP 	text: text = 'Your response exceeded the actual time.\n\n Press [SPACE] to advance'
475.9323 	EXP 	text: autoDraw = True
476.7656 	DATA 	Keypress: space
476.7730 	EXP 	text: autoDraw = False
479.3076 	EXP 	text: text = 'Press and hold [SPACE] to report the duration of the scene.'
479.3076 	EXP 	text: autoDraw = True
479.6696 	DATA 	Keypress: space
479.6768 	EXP 	text: autoDraw = False
480.5323 	WARNING 	Stopping key buffers but this could be dangerous ifother keyboards rely on the same.
480.5496 	EXP 	text: text = 'You earned 4.6 out of 10 points in this round.\n\n Press [SPACE] to advance'
480.5496 	EXP 	text: autoDraw = True
481.0774 	DATA 	Keypress: space
481.0846 	EXP 	text: autoDraw = False
481.1018 	EXP 	text: text = 'Total points : 403.0'
483.4766 	EXP 	text: text = 'Press and hold [SPACE] to report the duration of the scene.'
483.4766 	EXP 	text: autoDraw = True
483.9097 	DATA 	Keypress: space
483.9155 	EXP 	text: autoDraw = False
485.0440 	WARNING 	Stopping key buffers but this could be dangerous ifother keyboards rely on the same.
485.0616 	EXP 	text: text = 'Total points : 403.0'
485.0616 	EXP 	text: text = 'Your response exceeded the actual time.\n\n Press [SPACE] to advance'
485.0616 	EXP 	text: autoDraw = True
485.7176 	DATA 	Keypress: space
485.7249 	EXP 	text: autoDraw = False
487.6376 	DATA 	Keypress: space
488.5273 	EXP 	text: text = 'Press and hold [SPACE] to report the duration of the scene.'
488.5273 	EXP 	text: autoDraw = True
489.0215 	DATA 	Keypress: space
489.0288 	EXP 	text: autoDraw = False
490.0521 	WARNING 	Stopping key buffers but this could be dangerous ifother keyboards rely on the same.
490.0699 	EXP 	text: text = 'You earned 3.7 out of 10 points in this round.\n\n Press [SPACE] to advance'
490.0699 	EXP 	text: autoDraw = True
490.6215 	DATA 	Keypress: space
490.6289 	EXP 	text: autoDraw = False
490.6375 	EXP 	text: text = 'Total points : 406.7'
492.7124 	EXP 	text: text = 'Press and hold [SPACE] to report the duration of the scene.'
492.7124 	EXP 	text: autoDraw = True
493.2375 	DATA 	Keypress: space
493.2449 	EXP 	text: autoDraw = False
494.2682 	WARNING 	Stopping key buffers but this could be dangerous ifother keyboards rely on the same.
494.2854 	EXP 	text: text = 'Total points : 406.7'
494.2854 	EXP 	text: text = 'Your response exceeded the actual time.\n\n Press [SPACE] to advance'
494.2854 	EXP 	text: autoDraw = True
494.8216 	DATA 	Keypress: space
494.8289 	EXP 	text: autoDraw = False
497.3637 	EXP 	text: text = 'Press and hold [SPACE] to report the duration of the scene.'
497.3637 	EXP 	text: autoDraw = True
497.6376 	DATA 	Keypress: space
497.6449 	EXP 	text: autoDraw = False
498.4362 	WARNING 	Stopping key buffers but this could be dangerous ifother keyboards rely on the same.
498.4544 	EXP 	text: text = 'You earned 4.1 out of 10 points in this round.\n\n Press [SPACE] to advance'
498.4544 	EXP 	text: autoDraw = True
499.0216 	DATA 	Keypress: space
499.0290 	EXP 	text: autoDraw = False
499.0408 	EXP 	text: text = 'Total points : 410.8'
501.6660 	EXP 	text: text = 'Press and hold [SPACE] to report the duration of the scene.'
501.6660 	EXP 	text: autoDraw = True
502.0056 	DATA 	Keypress: space
502.0129 	EXP 	text: autoDraw = False
502.8203 	WARNING 	Stopping key buffers but this could be dangerous ifother keyboards rely on the same.
502.8378 	EXP 	text: text = 'You earned 3.3 out of 10 points in this round.\n\n Press [SPACE] to advance'
502.8378 	EXP 	text: autoDraw = True
503.4455 	DATA 	Keypress: space
503.4529 	EXP 	text: autoDraw = False
503.4599 	EXP 	text: text = 'Total points : 414.1'
505.4672 	EXP 	text: text = 'Press and hold [SPACE] to report the duration of the scene.'
505.4672 	EXP 	text: autoDraw = True
506.1095 	DATA 	Keypress: space
506.1170 	EXP 	text: autoDraw = False
506.5480 	WARNING 	Stopping key buffers but this could be dangerous ifother keyboards rely on the same.
506.5645 	EXP 	text: text = 'You earned 5.4 out of 10 points in this round.\n\n Press [SPACE] to advance'
506.5645 	EXP 	text: autoDraw = True
507.0777 	DATA 	Keypress: space
507.0850 	EXP 	text: autoDraw = False
507.0923 	EXP 	text: text = 'Total points : 419.5'
509.1673 	EXP 	text: text = 'Press and hold [SPACE] to report the duration of the scene.'
509.1673 	EXP 	text: autoDraw = True
509.5656 	DATA 	Keypress: space
509.5728 	EXP 	text: autoDraw = False
510.2362 	WARNING 	Stopping key buffers but this could be dangerous ifother keyboards rely on the same.
510.2540 	EXP 	text: text = 'You earned 7.4 out of 10 points in this round.\n\n Press [SPACE] to advance'
510.2540 	EXP 	text: autoDraw = True
510.7654 	DATA 	Keypress: space
510.7727 	EXP 	text: autoDraw = False
510.7957 	EXP 	text: text = 'Total points : 426.9'
513.4184 	EXP 	text: text = 'Press and hold [SPACE] to report the duration of the scene.'
513.4184 	EXP 	text: autoDraw = True
513.7259 	DATA 	Keypress: space
513.7332 	EXP 	text: autoDraw = False
514.6361 	WARNING 	Stopping key buffers but this could be dangerous ifother keyboards rely on the same.
514.6540 	EXP 	text: text = 'You earned 4.0 out of 10 points in this round.\n\n Press [SPACE] to advance'
514.6540 	EXP 	text: autoDraw = True
515.2056 	DATA 	Keypress: space
515.2127 	EXP 	text: autoDraw = False
515.2301 	EXP 	text: text = 'Total points : 430.9'
517.5379 	EXP 	text: text = 'Press and hold [SPACE] to report the duration of the scene.'
517.5379 	EXP 	text: autoDraw = True
518.1335 	DATA 	Keypress: space
518.1409 	EXP 	text: autoDraw = False
519.0521 	WARNING 	Stopping key buffers but this could be dangerous ifother keyboards rely on the same.
519.0698 	EXP 	text: text = 'You earned 7.7 out of 10 points in this round.\n\n Press [SPACE] to advance'
519.0698 	EXP 	text: autoDraw = True
519.6535 	DATA 	Keypress: space
519.6602 	EXP 	text: autoDraw = False
519.6802 	EXP 	text: text = 'Total points : 438.6'
521.7561 	EXP 	text: text = 'Press and hold [SPACE] to report the duration of the scene.'
521.7561 	EXP 	text: autoDraw = True
522.3256 	DATA 	Keypress: space
522.3326 	EXP 	text: autoDraw = False
523.0601 	WARNING 	Stopping key buffers but this could be dangerous ifother keyboards rely on the same.
523.0783 	EXP 	text: text = 'You earned 8.4 out of 10 points in this round.\n\n Press [SPACE] to advance'
523.0783 	EXP 	text: autoDraw = True
523.5735 	DATA 	Keypress: space
523.5788 	EXP 	text: autoDraw = False
523.5984 	EXP 	text: text = 'Total points : 447.0'
525.7409 	EXP 	text: text = 'Press and hold [SPACE] to report the duration of the scene.'
525.7409 	EXP 	text: autoDraw = True
526.2937 	DATA 	Keypress: space
526.3008 	EXP 	text: autoDraw = False
527.0201 	WARNING 	Stopping key buffers but this could be dangerous ifother keyboards rely on the same.
527.0378 	EXP 	text: text = 'You earned 7.1 out of 10 points in this round.\n\n Press [SPACE] to advance'
527.0378 	EXP 	text: autoDraw = True
527.5256 	DATA 	Keypress: space
527.5329 	EXP 	text: autoDraw = False
527.5497 	EXP 	text: text = 'Total points : 454.1'
529.9242 	EXP 	text: text = 'Press and hold [SPACE] to report the duration of the scene.'
529.9242 	EXP 	text: autoDraw = True
530.2536 	DATA 	Keypress: space
530.2609 	EXP 	text: autoDraw = False
531.0121 	WARNING 	Stopping key buffers but this could be dangerous ifother keyboards rely on the same.
531.0305 	EXP 	text: text = 'You earned 4.8 out of 10 points in this round.\n\n Press [SPACE] to advance'
531.0305 	EXP 	text: autoDraw = True
531.5256 	DATA 	Keypress: space
531.5312 	EXP 	text: autoDraw = False
531.5510 	EXP 	text: text = 'Total points : 458.9'
533.9257 	EXP 	text: text = 'Press and hold [SPACE] to report the duration of the scene.'
533.9257 	EXP 	text: autoDraw = True
534.2456 	DATA 	Keypress: space
534.2526 	EXP 	text: autoDraw = False
534.9240 	WARNING 	Stopping key buffers but this could be dangerous ifother keyboards rely on the same.
534.9418 	EXP 	text: text = 'You earned 4.1 out of 10 points in this round.\n\n Press [SPACE] to advance'
534.9418 	EXP 	text: autoDraw = True
535.4375 	DATA 	Keypress: space
535.4449 	EXP 	text: autoDraw = False
535.4525 	EXP 	text: text = 'Total points : 463.0'
537.5268 	EXP 	text: text = 'Press and hold [SPACE] to report the duration of the scene.'
537.5268 	EXP 	text: autoDraw = True
537.9896 	DATA 	Keypress: space
537.9970 	EXP 	text: autoDraw = False
538.7881 	WARNING 	Stopping key buffers but this could be dangerous ifother keyboards rely on the same.
538.8056 	EXP 	text: text = 'You earned 9.5 out of 10 points in this round.\n\n Press [SPACE] to advance'
538.8056 	EXP 	text: autoDraw = True
539.3655 	DATA 	Keypress: space
539.3730 	EXP 	text: autoDraw = False
539.3872 	EXP 	text: text = 'Total points : 472.5'
541.3792 	EXP 	text: text = 'Press and hold [SPACE] to report the duration of the scene.'
541.3792 	EXP 	text: autoDraw = True
541.7255 	DATA 	Keypress: space
541.7329 	EXP 	text: autoDraw = False
542.2362 	WARNING 	Stopping key buffers but this could be dangerous ifother keyboards rely on the same.
542.2532 	EXP 	text: text = 'You earned 6.2 out of 10 points in this round.\n\n Press [SPACE] to advance'
542.2532 	EXP 	text: autoDraw = True
542.7895 	DATA 	Keypress: space
542.7967 	EXP 	text: autoDraw = False
542.8046 	EXP 	text: text = 'Total points : 478.7'
544.8123 	EXP 	text: text = 'Press and hold [SPACE] to report the duration of the scene.'
544.8123 	EXP 	text: autoDraw = True
545.0456 	DATA 	Keypress: space
545.0518 	EXP 	text: autoDraw = False
545.6841 	WARNING 	Stopping key buffers but this could be dangerous ifother keyboards rely on the same.
545.7020 	EXP 	text: text = 'You earned 8.0 out of 10 points in this round.\n\n Press [SPACE] to advance'
545.7020 	EXP 	text: autoDraw = True
546.1816 	DATA 	Keypress: space
546.1886 	EXP 	text: autoDraw = False
546.2074 	EXP 	text: text = 'Total points : 486.7'
548.4304 	EXP 	text: text = 'Press and hold [SPACE] to report the duration of the scene.'
548.4304 	EXP 	text: autoDraw = True
548.6456 	DATA 	Keypress: space
548.6528 	EXP 	text: autoDraw = False
549.3160 	WARNING 	Stopping key buffers but this could be dangerous ifother keyboards rely on the same.
549.3340 	EXP 	text: text = 'You earned 5.5 out of 10 points in this round.\n\n Press [SPACE] to advance'
549.3340 	EXP 	text: autoDraw = True
549.7496 	DATA 	Keypress: space
549.7568 	EXP 	text: autoDraw = False
549.7738 	EXP 	text: text = 'Total points : 492.2'
552.3986 	EXP 	text: text = 'Press and hold [SPACE] to report the duration of the scene.'
552.3986 	EXP 	text: autoDraw = True
552.7337 	DATA 	Keypress: space
552.7408 	EXP 	text: autoDraw = False
553.6760 	WARNING 	Stopping key buffers but this could be dangerous ifother keyboards rely on the same.
553.6938 	EXP 	text: text = 'You earned 4.2 out of 10 points in this round.\n\n Press [SPACE] to advance'
553.6938 	EXP 	text: autoDraw = True
554.2536 	DATA 	Keypress: space
554.2609 	EXP 	text: autoDraw = False
554.2750 	EXP 	text: text = 'Total points : 496.4'
556.8997 	EXP 	text: text = 'Press and hold [SPACE] to report the duration of the scene.'
556.8997 	EXP 	text: autoDraw = True
557.2376 	DATA 	Keypress: space
557.2450 	EXP 	text: autoDraw = False
558.5722 	WARNING 	Stopping key buffers but this could be dangerous ifother keyboards rely on the same.
558.5902 	EXP 	text: text = 'You earned 9.2 out of 10 points in this round.\n\n Press [SPACE] to advance'
558.5902 	EXP 	text: autoDraw = True
559.1415 	DATA 	Keypress: space
559.1489 	EXP 	text: autoDraw = False
559.1610 	EXP 	text: text = 'Total points : 505.6'
561.8682 	EXP 	text: text = 'Press and hold [SPACE] to report the duration of the scene.'
561.8682 	EXP 	text: autoDraw = True
562.1736 	DATA 	Keypress: space
562.1810 	EXP 	text: autoDraw = False
563.6040 	WARNING 	Stopping key buffers but this could be dangerous ifother keyboards rely on the same.
563.6219 	EXP 	text: text = 'You earned 9.6 out of 10 points in this round.\n\n Press [SPACE] to advance'
563.6219 	EXP 	text: autoDraw = True
564.2215 	DATA 	Keypress: space
564.2285 	EXP 	text: autoDraw = False
564.2447 	EXP 	text: text = 'Total points : 515.2'
566.7375 	EXP 	text: text = 'Press and hold [SPACE] to report the duration of the scene.'
566.7375 	EXP 	text: autoDraw = True
567.1977 	DATA 	Keypress: space
567.2050 	EXP 	text: autoDraw = False
568.3642 	WARNING 	Stopping key buffers but this could be dangerous ifother keyboards rely on the same.
568.3818 	EXP 	text: text = 'You earned 8.5 out of 10 points in this round.\n\n Press [SPACE] to advance'
568.3818 	EXP 	text: autoDraw = True
568.9495 	DATA 	Keypress: space
568.9569 	EXP 	text: autoDraw = False
568.9636 	EXP 	text: text = 'Total points : 523.7'
571.2728 	EXP 	text: text = 'Press and hold [SPACE] to report the duration of the scene.'
571.2728 	EXP 	text: autoDraw = True
571.5736 	DATA 	Keypress: space
571.5806 	EXP 	text: autoDraw = False
572.8041 	WARNING 	Stopping key buffers but this could be dangerous ifother keyboards rely on the same.
572.8214 	EXP 	text: text = 'Total points : 523.7'
572.8214 	EXP 	text: text = 'Your response exceeded the actual time.\n\n Press [SPACE] to advance'
572.8214 	EXP 	text: autoDraw = True
573.3815 	DATA 	Keypress: space
573.3889 	EXP 	text: autoDraw = False
575.4069 	EXP 	text: text = 'Press and hold [SPACE] to report the duration of the scene.'
575.4069 	EXP 	text: autoDraw = True
575.7416 	DATA 	Keypress: space
575.7486 	EXP 	text: autoDraw = False
576.3560 	WARNING 	Stopping key buffers but this could be dangerous ifother keyboards rely on the same.
576.3738 	EXP 	text: text = 'You earned 7.6 out of 10 points in this round.\n\n Press [SPACE] to advance'
576.3738 	EXP 	text: autoDraw = True
576.8535 	DATA 	Keypress: space
576.8610 	EXP 	text: autoDraw = False
576.8823 	EXP 	text: text = 'Total points : 531.3'
579.3902 	EXP 	text: text = 'Press and hold [SPACE] to report the duration of the scene.'
579.3902 	EXP 	text: autoDraw = True
579.7737 	DATA 	Keypress: space
579.7798 	EXP 	text: autoDraw = False
580.7481 	WARNING 	Stopping key buffers but this could be dangerous ifother keyboards rely on the same.
580.7658 	EXP 	text: text = 'You earned 5.8 out of 10 points in this round.\n\n Press [SPACE] to advance'
580.7658 	EXP 	text: autoDraw = True
581.3815 	DATA 	Keypress: space
581.3888 	EXP 	text: autoDraw = False
581.4016 	EXP 	text: text = 'Total points : 537.1'
584.1753 	EXP 	text: text = 'Press and hold [SPACE] to report the duration of the scene.'
584.1753 	EXP 	text: autoDraw = True
584.4855 	DATA 	Keypress: space
584.4928 	EXP 	text: autoDraw = False
585.4922 	WARNING 	Stopping key buffers but this could be dangerous ifother keyboards rely on the same.
585.5103 	EXP 	text: text = 'You earned 3.6 out of 10 points in this round.\n\n Press [SPACE] to advance'
585.5103 	EXP 	text: autoDraw = True
586.2695 	DATA 	Keypress: space
586.2769 	EXP 	text: autoDraw = False
586.2856 	EXP 	text: text = 'Total points : 540.7'
589.0600 	EXP 	text: text = 'Press and hold [SPACE] to report the duration of the scene.'
589.0600 	EXP 	text: autoDraw = True
589.3977 	DATA 	Keypress: space
589.4048 	EXP 	text: autoDraw = False
590.8922 	WARNING 	Stopping key buffers but this could be dangerous ifother keyboards rely on the same.
590.9102 	EXP 	text: text = 'You earned 9.4 out of 10 points in this round.\n\n Press [SPACE] to advance'
590.9102 	EXP 	text: autoDraw = True
591.4616 	DATA 	Keypress: space
591.4674 	EXP 	text: autoDraw = False
591.4872 	EXP 	text: text = 'Total points : 550.1'
594.1950 	EXP 	text: text = 'Press and hold [SPACE] to report the duration of the scene.'
594.1950 	EXP 	text: autoDraw = True
594.6296 	DATA 	Keypress: space
594.6348 	EXP 	text: autoDraw = False
595.6361 	WARNING 	Stopping key buffers but this could be dangerous ifother keyboards rely on the same.
595.6538 	EXP 	text: text = 'You earned 4.1 out of 10 points in this round.\n\n Press [SPACE] to advance'
595.6538 	EXP 	text: autoDraw = True
596.3497 	DATA 	Keypress: space
596.3568 	EXP 	text: autoDraw = False
596.3608 	INFO 	Finishing at 19:36 on 03 Dec 2019
596.6330 	EXP 	window1: mouseVisible = True
