12.0786 	ERROR 	Screen apparently NOT the desired resolution of 2560x1440 pixels!!
17.8229 	INFO 	Successfully set darwin thread to realtime
18.8896 	INFO 	#[ PsychoPy3 RuntimeInfoStart ]
  #[[ PsychoPy ]] #---------
    psychopyVersion: 3.2.3
    psychopyHaveExtRush: True
  #[[ Experiment ]] #---------
    experimentRunTime: 2019_12_03 16:15 (Year_Month_Day Hour:Min)
    experimentRunTime.epoch: 1575407753
    experimentScript: Time_perception_with_heterogenous_looming_dots_experiment_2.py
    experimentScript.digestSHA1: e9f6a70ded3bce2618402740fa0a2d0ef59faa81
    experimentScript.directory: /Users/vsg/Documents/GitHub/spatio_temporal_information_processing/Time_Subjective_Expansion/Object_files_and_Time_representation
  #[[ System ]] #---------
    systemHaveInternetAccess: True
    systemHostName: pbs-jf-imac.local
    systemLocale: C
    systemMemFreeRAM: 3456.609375
    systemMemTotalRAM: 8192.0
    systemPlatform: darwin 10.13.6 x86_64
    systemPyoVersion: -
    systemRebooted: Nov 20 02:21
    systemSec.OpenSSLVersion: LibreSSL 2.2.7
    systemSec.pythonSSL: True
    systemTimeNumpySD1000000_sec: 0.0041
    systemUser: vsg
    systemUserID: 502
    systemUsersCount: 1
  #[[ Window ]] #---------
    windowWinType: pyglet
    windowUnits: deg
    windowSize_pix: [5120 2880]
    windowScreen: 0
    windowRgb: [255. 255. 255.]
    windowRefreshTimeSD_ms: 0.153
    windowRefreshTimeMedian_ms: 16.669
    windowRefreshTimeAvg_ms: 16.671
    windowPos_pix: [0.0, 0.0]
    windowMonitor.name: testmonitor
    windowMonitor.getWidth_cm: 52.0
    windowMonitor.getDistance_cm: 65.0
    windowMonitor.currentCalibName: 2019_09_24 14:26
    windowIsFullScr: True
  #[[ Python ]] #---------
    pythonVersion: 3.6.1
  #[[ OpenGL ]] #---------
#[ PsychoPy3 RuntimeInfoEnd ]

19.0910 	EXP 	Created text = TextStim(__class__=<class 'psychopy.visual.text.TextStim'>, alignHoriz='center', alignVert='center', antialias=True, autoLog=True, bold=False, color='black', colorSpace='named', contrast=1.0, depth=-1.0, flipHoriz=False, flipVert=False, font='Arial', fontFiles=[], height=0.35, italic=False, languageStyle='LTR', name='text', opacity=1.0, ori=0, pos=array([0., 0.]), rgb=array([0., 0., 0.]), text=str(...), units='deg', win=Window(...), wrapWidth=20)
19.0963 	EXP 	Created text = TextStim(__class__=<class 'psychopy.visual.text.TextStim'>, alignHoriz='center', alignVert='center', antialias=True, autoLog=True, bold=False, color='black', colorSpace='named', contrast=1.0, depth=-1.0, flipHoriz=False, flipVert=False, font='Arial', fontFiles=[], height=0.35, italic=False, languageStyle='LTR', name='text', opacity=1.0, ori=0, pos=array([5., 5.]), rgb=array([0., 0., 0.]), text='Total points : 0', units='deg', win=Window(...), wrapWidth=20)
19.1571 	EXP 	text: text = 'Welcome! Thank you for agreeing to participate in this study.\n\nYou will be presented with a scene that contains upto 3 objects.\n\nThese objects are looming discs - that either loom together, or independently.\n\nYou are supposed to judge the duration of the scene as a whole.\n\nAfter the scene ends, you are required to reproduce the duration of the scene by pressing and holding [SPACE BAR].\n\nOne more thing! You will perform this task while fixating the center of the screen. \n\nPress any key to continue to the next page. \n\n'
19.1571 	EXP 	text: autoDraw = True
66.9419 	DATA 	Keypress: space
66.9429 	EXP 	text: autoDraw = False
67.0163 	EXP 	text: text = "We really want you to be as accurate as you can. So a game will be played to make it more fun. We want you to hold down the space bar for as long as you saw the scene lasted, but no longer! The closer you get to the right answer, the more points we will award you in that trial. But if you go over the actual duration you won't get any points on that trial. So you need to be as accurate as possible without going over to earn the max. Each trial will be for 10 points. There are about 100 trials. If you collect a total of 600 points by the end, we will double the credit you get for the experiment.\n\nIf you're feeling uncomfortable, you can press ESC key any time to stop the experiment.\n\nPress any key you are ready to do some practice trials.\n\n"
67.0163 	EXP 	text: autoDraw = True
111.0925 	DATA 	Keypress: space
111.0933 	EXP 	text: autoDraw = False
111.1060 	EXP 	text: autoDraw = True
113.2678 	EXP 	text: text = 'Press and hold [SPACE] to report the duration of the scene.'
113.2678 	EXP 	text: autoDraw = True
115.8606 	DATA 	Keypress: space
115.8679 	EXP 	text: autoDraw = False
116.6670 	WARNING 	Stopping key buffers but this could be dangerous ifother keyboards rely on the same.
116.6847 	EXP 	text: text = 'Total points : 0'
116.6847 	EXP 	text: text = 'Your response exceeded the actual time.\n\n Press [SPACE] to advance'
116.6847 	EXP 	text: autoDraw = True
120.3646 	DATA 	Keypress: space
120.3722 	EXP 	text: autoDraw = False
122.6172 	EXP 	text: text = 'Press and hold [SPACE] to report the duration of the scene.'
122.6172 	EXP 	text: autoDraw = True
123.8765 	DATA 	Keypress: space
123.8837 	EXP 	text: autoDraw = False
124.6510 	WARNING 	Stopping key buffers but this could be dangerous ifother keyboards rely on the same.
124.6918 	EXP 	text: text = 'You earned 7.1 out of 10 points in this round.\n\n Press [SPACE] to advance'
124.6918 	EXP 	text: autoDraw = True
127.1166 	DATA 	Keypress: space
127.1243 	EXP 	text: autoDraw = False
127.1449 	EXP 	text: text = 'Total points : 7.1'
129.6528 	EXP 	text: text = 'Press and hold [SPACE] to report the duration of the scene.'
129.6528 	EXP 	text: autoDraw = True
130.3486 	DATA 	Keypress: space
130.3559 	EXP 	text: autoDraw = False
131.1790 	WARNING 	Stopping key buffers but this could be dangerous ifother keyboards rely on the same.
131.2021 	EXP 	text: text = 'You earned 4.3 out of 10 points in this round.\n\n Press [SPACE] to advance'
131.2021 	EXP 	text: autoDraw = True
153.0205 	DATA 	Keypress: space
153.0279 	EXP 	text: autoDraw = False
153.0444 	EXP 	text: text = 'Total points : 11.4'
153.0444 	EXP 	text: text = 'Total points : 0'
153.0444 	EXP 	text: text = 'Great! Now press any key to begin the experiment'
153.0444 	EXP 	text: autoDraw = True
164.8285 	DATA 	Keypress: space
164.8359 	EXP 	text: autoDraw = False
167.1653 	EXP 	text: text = 'Press and hold [SPACE] to report the duration of the scene.'
167.1653 	EXP 	text: autoDraw = True
167.7964 	DATA 	Keypress: space
167.8040 	EXP 	text: autoDraw = False
169.0270 	WARNING 	Stopping key buffers but this could be dangerous ifother keyboards rely on the same.
169.0444 	EXP 	text: text = 'Total points : 0'
169.0444 	EXP 	text: text = 'Your response exceeded the actual time.\n\n Press [SPACE] to advance'
169.0444 	EXP 	text: autoDraw = True
170.8525 	DATA 	Keypress: space
170.8596 	EXP 	text: autoDraw = False
173.6680 	EXP 	text: text = 'Press and hold [SPACE] to report the duration of the scene.'
173.6680 	EXP 	text: autoDraw = True
174.3085 	DATA 	Keypress: space
174.3160 	EXP 	text: autoDraw = False
175.3309 	WARNING 	Stopping key buffers but this could be dangerous ifother keyboards rely on the same.
175.3487 	EXP 	text: text = 'You earned 3.7 out of 10 points in this round.\n\n Press [SPACE] to advance'
175.3487 	EXP 	text: autoDraw = True
178.4604 	DATA 	Keypress: space
178.4677 	EXP 	text: autoDraw = False
178.4776 	EXP 	text: text = 'Total points : 3.7'
180.8534 	EXP 	text: text = 'Press and hold [SPACE] to report the duration of the scene.'
180.8534 	EXP 	text: autoDraw = True
181.5884 	DATA 	Keypress: space
181.5955 	EXP 	text: autoDraw = False
182.6350 	WARNING 	Stopping key buffers but this could be dangerous ifother keyboards rely on the same.
182.6479 	EXP 	text: text = 'You earned 8.6 out of 10 points in this round.\n\n Press [SPACE] to advance'
182.6479 	EXP 	text: autoDraw = True
184.5244 	DATA 	Keypress: space
184.5315 	EXP 	text: autoDraw = False
184.5478 	EXP 	text: text = 'Total points : 12.3'
186.9225 	EXP 	text: text = 'Press and hold [SPACE] to report the duration of the scene.'
186.9225 	EXP 	text: autoDraw = True
187.5485 	DATA 	Keypress: space
187.5560 	EXP 	text: autoDraw = False
188.3151 	WARNING 	Stopping key buffers but this could be dangerous ifother keyboards rely on the same.
188.3273 	EXP 	text: text = 'You earned 4.9 out of 10 points in this round.\n\n Press [SPACE] to advance'
188.3273 	EXP 	text: autoDraw = True
189.7166 	DATA 	Keypress: space
189.7241 	EXP 	text: autoDraw = False
189.7315 	EXP 	text: text = 'Total points : 17.2'
192.3559 	EXP 	text: text = 'Press and hold [SPACE] to report the duration of the scene.'
192.3559 	EXP 	text: autoDraw = True
192.8285 	DATA 	Keypress: space
192.8358 	EXP 	text: autoDraw = False
193.7710 	WARNING 	Stopping key buffers but this could be dangerous ifother keyboards rely on the same.
193.7886 	EXP 	text: text = 'You earned 4.2 out of 10 points in this round.\n\n Press [SPACE] to advance'
193.7886 	EXP 	text: autoDraw = True
195.1486 	DATA 	Keypress: space
195.1560 	EXP 	text: autoDraw = False
195.1683 	EXP 	text: text = 'Total points : 21.4'
197.9413 	EXP 	text: text = 'Press and hold [SPACE] to report the duration of the scene.'
197.9413 	EXP 	text: autoDraw = True
198.5565 	DATA 	Keypress: space
198.5641 	EXP 	text: autoDraw = False
199.6989 	WARNING 	Stopping key buffers but this could be dangerous ifother keyboards rely on the same.
199.7170 	EXP 	text: text = 'You earned 4.7 out of 10 points in this round.\n\n Press [SPACE] to advance'
199.7170 	EXP 	text: autoDraw = True
201.2844 	DATA 	Keypress: space
201.2919 	EXP 	text: autoDraw = False
201.3036 	EXP 	text: text = 'Total points : 26.1'
203.6767 	EXP 	text: text = 'Press and hold [SPACE] to report the duration of the scene.'
203.6767 	EXP 	text: autoDraw = True
204.4205 	DATA 	Keypress: space
204.4279 	EXP 	text: autoDraw = False
205.2269 	WARNING 	Stopping key buffers but this could be dangerous ifother keyboards rely on the same.
205.2390 	EXP 	text: text = 'You earned 5.3 out of 10 points in this round.\n\n Press [SPACE] to advance'
205.2390 	EXP 	text: autoDraw = True
206.4765 	DATA 	Keypress: space
206.4835 	EXP 	text: autoDraw = False
206.5051 	EXP 	text: text = 'Total points : 31.4'
208.8781 	EXP 	text: text = 'Press and hold [SPACE] to report the duration of the scene.'
208.8781 	EXP 	text: autoDraw = True
209.6606 	DATA 	Keypress: space
209.6679 	EXP 	text: autoDraw = False
210.8431 	WARNING 	Stopping key buffers but this could be dangerous ifother keyboards rely on the same.
210.8603 	EXP 	text: text = 'Total points : 31.4'
210.8603 	EXP 	text: text = 'Your response exceeded the actual time.\n\n Press [SPACE] to advance'
210.8603 	EXP 	text: autoDraw = True
212.0365 	DATA 	Keypress: space
212.0438 	EXP 	text: autoDraw = False
214.7631 	EXP 	text: text = 'Press and hold [SPACE] to report the duration of the scene.'
214.7631 	EXP 	text: autoDraw = True
215.2847 	DATA 	Keypress: space
215.2921 	EXP 	text: autoDraw = False
216.6271 	WARNING 	Stopping key buffers but this could be dangerous ifother keyboards rely on the same.
216.6446 	EXP 	text: text = 'You earned 8.1 out of 10 points in this round.\n\n Press [SPACE] to advance'
216.6446 	EXP 	text: autoDraw = True
217.8444 	DATA 	Keypress: space
217.8517 	EXP 	text: autoDraw = False
217.8583 	EXP 	text: text = 'Total points : 39.5'
219.8654 	EXP 	text: text = 'Press and hold [SPACE] to report the duration of the scene.'
219.8654 	EXP 	text: autoDraw = True
220.6526 	DATA 	Keypress: space
220.6596 	EXP 	text: autoDraw = False
221.1470 	WARNING 	Stopping key buffers but this could be dangerous ifother keyboards rely on the same.
221.1635 	EXP 	text: text = 'You earned 6.0 out of 10 points in this round.\n\n Press [SPACE] to advance'
221.1635 	EXP 	text: autoDraw = True
222.7245 	DATA 	Keypress: space
222.7318 	EXP 	text: autoDraw = False
222.7419 	EXP 	text: text = 'Total points : 45.5'
225.2349 	EXP 	text: text = 'Press and hold [SPACE] to report the duration of the scene.'
225.2349 	EXP 	text: autoDraw = True
225.8765 	DATA 	Keypress: space
225.8840 	EXP 	text: autoDraw = False
226.8270 	WARNING 	Stopping key buffers but this could be dangerous ifother keyboards rely on the same.
226.8429 	EXP 	text: text = 'You earned 5.5 out of 10 points in this round.\n\n Press [SPACE] to advance'
226.8429 	EXP 	text: autoDraw = True
228.1565 	DATA 	Keypress: space
228.1639 	EXP 	text: autoDraw = False
228.1775 	EXP 	text: text = 'Total points : 51.0'
230.6699 	EXP 	text: text = 'Press and hold [SPACE] to report the duration of the scene.'
230.6699 	EXP 	text: autoDraw = True
231.7485 	DATA 	Keypress: space
231.7559 	EXP 	text: autoDraw = False
232.6910 	WARNING 	Stopping key buffers but this could be dangerous ifother keyboards rely on the same.
232.7087 	EXP 	text: text = 'You earned 5.4 out of 10 points in this round.\n\n Press [SPACE] to advance'
232.7087 	EXP 	text: autoDraw = True
234.0204 	DATA 	Keypress: space
234.0261 	EXP 	text: autoDraw = False
234.0457 	EXP 	text: text = 'Total points : 56.4'
236.5393 	EXP 	text: text = 'Press and hold [SPACE] to report the duration of the scene.'
236.5393 	EXP 	text: autoDraw = True
237.0207 	DATA 	Keypress: space
237.0270 	EXP 	text: autoDraw = False
238.0191 	WARNING 	Stopping key buffers but this could be dangerous ifother keyboards rely on the same.
238.0370 	EXP 	text: text = 'You earned 6.1 out of 10 points in this round.\n\n Press [SPACE] to advance'
238.0370 	EXP 	text: autoDraw = True
239.5085 	DATA 	Keypress: space
239.5155 	EXP 	text: autoDraw = False
239.5311 	EXP 	text: text = 'Total points : 62.5'
241.6068 	EXP 	text: text = 'Press and hold [SPACE] to report the duration of the scene.'
241.6068 	EXP 	text: autoDraw = True
242.2045 	DATA 	Keypress: space
242.2118 	EXP 	text: autoDraw = False
242.5710 	WARNING 	Stopping key buffers but this could be dangerous ifother keyboards rely on the same.
242.5873 	EXP 	text: text = 'You earned 4.0 out of 10 points in this round.\n\n Press [SPACE] to advance'
242.5873 	EXP 	text: autoDraw = True
243.9484 	DATA 	Keypress: space
243.9558 	EXP 	text: autoDraw = False
243.9653 	EXP 	text: text = 'Total points : 66.5'
245.9580 	EXP 	text: text = 'Press and hold [SPACE] to report the duration of the scene.'
245.9580 	EXP 	text: autoDraw = True
246.5646 	DATA 	Keypress: space
246.5719 	EXP 	text: autoDraw = False
247.2271 	WARNING 	Stopping key buffers but this could be dangerous ifother keyboards rely on the same.
247.2476 	EXP 	text: text = 'You earned 8.4 out of 10 points in this round.\n\n Press [SPACE] to advance'
247.2476 	EXP 	text: autoDraw = True
248.5805 	DATA 	Keypress: space
248.5879 	EXP 	text: autoDraw = False
248.6014 	EXP 	text: text = 'Total points : 74.9'
250.9100 	EXP 	text: text = 'Press and hold [SPACE] to report the duration of the scene.'
250.9100 	EXP 	text: autoDraw = True
251.4925 	DATA 	Keypress: space
251.4987 	EXP 	text: autoDraw = False
252.2910 	WARNING 	Stopping key buffers but this could be dangerous ifother keyboards rely on the same.
252.3090 	EXP 	text: text = 'You earned 6.1 out of 10 points in this round.\n\n Press [SPACE] to advance'
252.3090 	EXP 	text: autoDraw = True
253.4044 	DATA 	Keypress: space
253.4118 	EXP 	text: autoDraw = False
253.4184 	EXP 	text: text = 'Total points : 81.0'
255.7123 	EXP 	text: text = 'Press and hold [SPACE] to report the duration of the scene.'
255.7123 	EXP 	text: autoDraw = True
256.2605 	DATA 	Keypress: space
256.2668 	EXP 	text: autoDraw = False
257.0990 	WARNING 	Stopping key buffers but this could be dangerous ifother keyboards rely on the same.
257.1166 	EXP 	text: text = 'You earned 6.6 out of 10 points in this round.\n\n Press [SPACE] to advance'
257.1166 	EXP 	text: autoDraw = True
258.3485 	DATA 	Keypress: space
258.3556 	EXP 	text: autoDraw = False
258.3707 	EXP 	text: text = 'Total points : 87.6'
261.0637 	EXP 	text: text = 'Press and hold [SPACE] to report the duration of the scene.'
261.0637 	EXP 	text: autoDraw = True
261.3644 	DATA 	Keypress: space
261.3715 	EXP 	text: autoDraw = False
262.4750 	WARNING 	Stopping key buffers but this could be dangerous ifother keyboards rely on the same.
262.4928 	EXP 	text: text = 'You earned 5.1 out of 10 points in this round.\n\n Press [SPACE] to advance'
262.4928 	EXP 	text: autoDraw = True
263.5164 	DATA 	Keypress: space
263.5235 	EXP 	text: autoDraw = False
263.5390 	EXP 	text: text = 'Total points : 92.7'
265.6147 	EXP 	text: text = 'Press and hold [SPACE] to report the duration of the scene.'
265.6147 	EXP 	text: autoDraw = True
266.0925 	DATA 	Keypress: space
266.0999 	EXP 	text: autoDraw = False
266.9471 	WARNING 	Stopping key buffers but this could be dangerous ifother keyboards rely on the same.
266.9640 	EXP 	text: text = 'Total points : 92.7'
266.9640 	EXP 	text: text = 'Your response exceeded the actual time.\n\n Press [SPACE] to advance'
266.9640 	EXP 	text: autoDraw = True
267.8605 	DATA 	Keypress: space
267.8677 	EXP 	text: autoDraw = False
269.8982 	EXP 	text: text = 'Press and hold [SPACE] to report the duration of the scene.'
269.8982 	EXP 	text: autoDraw = True
270.3245 	DATA 	Keypress: space
270.3319 	EXP 	text: autoDraw = False
270.9309 	WARNING 	Stopping key buffers but this could be dangerous ifother keyboards rely on the same.
270.9487 	EXP 	text: text = 'You earned 7.5 out of 10 points in this round.\n\n Press [SPACE] to advance'
270.9487 	EXP 	text: autoDraw = True
271.9885 	DATA 	Keypress: space
271.9957 	EXP 	text: autoDraw = False
272.0086 	EXP 	text: text = 'Total points : 100.2'
274.7162 	EXP 	text: text = 'Press and hold [SPACE] to report the duration of the scene.'
274.7162 	EXP 	text: autoDraw = True
275.1806 	DATA 	Keypress: space
275.1880 	EXP 	text: autoDraw = False
276.1871 	WARNING 	Stopping key buffers but this could be dangerous ifother keyboards rely on the same.
276.2048 	EXP 	text: text = 'You earned 4.1 out of 10 points in this round.\n\n Press [SPACE] to advance'
276.2048 	EXP 	text: autoDraw = True
277.5485 	DATA 	Keypress: space
277.5562 	EXP 	text: autoDraw = False
277.5628 	EXP 	text: text = 'Total points : 104.3'
280.3359 	EXP 	text: text = 'Press and hold [SPACE] to report the duration of the scene.'
280.3359 	EXP 	text: autoDraw = True
280.7248 	DATA 	Keypress: space
280.7321 	EXP 	text: autoDraw = False
281.8030 	WARNING 	Stopping key buffers but this could be dangerous ifother keyboards rely on the same.
281.8210 	EXP 	text: text = 'You earned 4.1 out of 10 points in this round.\n\n Press [SPACE] to advance'
281.8210 	EXP 	text: autoDraw = True
283.1006 	DATA 	Keypress: space
283.1082 	EXP 	text: autoDraw = False
283.1290 	EXP 	text: text = 'Total points : 108.4'
285.7548 	EXP 	text: text = 'Press and hold [SPACE] to report the duration of the scene.'
285.7548 	EXP 	text: autoDraw = True
286.7086 	DATA 	Keypress: space
286.7158 	EXP 	text: autoDraw = False
288.0830 	WARNING 	Stopping key buffers but this could be dangerous ifother keyboards rely on the same.
288.1007 	EXP 	text: text = 'You earned 10.0 out of 10 points in this round.\n\n Press [SPACE] to advance'
288.1007 	EXP 	text: autoDraw = True
291.2045 	DATA 	Keypress: space
291.2110 	EXP 	text: autoDraw = False
291.2326 	EXP 	text: text = 'Total points : 118.4'
293.9392 	EXP 	text: text = 'Press and hold [SPACE] to report the duration of the scene.'
293.9392 	EXP 	text: autoDraw = True
295.3885 	DATA 	Keypress: space
295.3958 	EXP 	text: autoDraw = False
296.6350 	WARNING 	Stopping key buffers but this could be dangerous ifother keyboards rely on the same.
296.6526 	EXP 	text: text = 'You earned 6.7 out of 10 points in this round.\n\n Press [SPACE] to advance'
296.6526 	EXP 	text: autoDraw = True
299.4924 	DATA 	Keypress: space
299.4996 	EXP 	text: autoDraw = False
299.5178 	EXP 	text: text = 'Total points : 125.1'
301.5929 	EXP 	text: text = 'Press and hold [SPACE] to report the duration of the scene.'
301.5929 	EXP 	text: autoDraw = True
304.0204 	DATA 	Keypress: space
304.0277 	EXP 	text: autoDraw = False
304.3310 	WARNING 	Stopping key buffers but this could be dangerous ifother keyboards rely on the same.
304.3477 	EXP 	text: text = 'You earned 3.6 out of 10 points in this round.\n\n Press [SPACE] to advance'
304.3477 	EXP 	text: autoDraw = True
304.4284 	DATA 	Keypress: space
304.4316 	EXP 	text: autoDraw = False
304.4523 	EXP 	text: text = 'Total points : 128.7'
307.0770 	EXP 	text: text = 'Press and hold [SPACE] to report the duration of the scene.'
307.0770 	EXP 	text: autoDraw = True
309.3326 	DATA 	Keypress: space
309.3399 	EXP 	text: autoDraw = False
310.6510 	WARNING 	Stopping key buffers but this could be dangerous ifother keyboards rely on the same.
310.6689 	EXP 	text: text = 'You earned 9.0 out of 10 points in this round.\n\n Press [SPACE] to advance'
310.6689 	EXP 	text: autoDraw = True
313.7166 	DATA 	Keypress: space
313.7237 	EXP 	text: autoDraw = False
313.7388 	EXP 	text: text = 'Total points : 137.7'
315.7306 	EXP 	text: text = 'Press and hold [SPACE] to report the duration of the scene.'
315.7306 	EXP 	text: autoDraw = True
317.3006 	DATA 	Keypress: space
317.3078 	EXP 	text: autoDraw = False
318.0910 	WARNING 	Stopping key buffers but this could be dangerous ifother keyboards rely on the same.
318.1079 	EXP 	text: text = 'Total points : 137.7'
318.1079 	EXP 	text: text = 'Your response exceeded the actual time.\n\n Press [SPACE] to advance'
318.1079 	EXP 	text: autoDraw = True
319.2526 	DATA 	Keypress: space
319.2598 	EXP 	text: autoDraw = False
321.5821 	EXP 	text: text = 'Press and hold [SPACE] to report the duration of the scene.'
321.5821 	EXP 	text: autoDraw = True
322.8446 	DATA 	Keypress: space
322.8520 	EXP 	text: autoDraw = False
323.7629 	WARNING 	Stopping key buffers but this could be dangerous ifother keyboards rely on the same.
323.7808 	EXP 	text: text = 'You earned 7.7 out of 10 points in this round.\n\n Press [SPACE] to advance'
323.7808 	EXP 	text: autoDraw = True
324.9884 	DATA 	Keypress: space
324.9957 	EXP 	text: autoDraw = False
325.0104 	EXP 	text: text = 'Total points : 145.4'
327.1664 	EXP 	text: text = 'Press and hold [SPACE] to report the duration of the scene.'
327.1664 	EXP 	text: autoDraw = True
328.1805 	DATA 	Keypress: space
328.1880 	EXP 	text: autoDraw = False
328.8029 	WARNING 	Stopping key buffers but this could be dangerous ifother keyboards rely on the same.
328.8206 	EXP 	text: text = 'You earned 5.8 out of 10 points in this round.\n\n Press [SPACE] to advance'
328.8206 	EXP 	text: autoDraw = True
331.1005 	DATA 	Keypress: space
331.1073 	EXP 	text: autoDraw = False
331.1280 	EXP 	text: text = 'Total points : 151.2'
333.9017 	EXP 	text: text = 'Press and hold [SPACE] to report the duration of the scene.'
333.9017 	EXP 	text: autoDraw = True
335.3165 	DATA 	Keypress: space
335.3239 	EXP 	text: autoDraw = False
336.7631 	WARNING 	Stopping key buffers but this could be dangerous ifother keyboards rely on the same.
336.7814 	EXP 	text: text = 'You earned 8.6 out of 10 points in this round.\n\n Press [SPACE] to advance'
336.7814 	EXP 	text: autoDraw = True
339.4365 	DATA 	Keypress: space
339.4434 	EXP 	text: autoDraw = False
339.4633 	EXP 	text: text = 'Total points : 159.8'
342.2383 	EXP 	text: text = 'Press and hold [SPACE] to report the duration of the scene.'
342.2383 	EXP 	text: autoDraw = True
343.5566 	DATA 	Keypress: space
343.5619 	EXP 	text: autoDraw = False
345.0830 	WARNING 	Stopping key buffers but this could be dangerous ifother keyboards rely on the same.
345.1008 	EXP 	text: text = 'You earned 9.9 out of 10 points in this round.\n\n Press [SPACE] to advance'
345.1008 	EXP 	text: autoDraw = True
347.5805 	DATA 	Keypress: space
347.5879 	EXP 	text: autoDraw = False
347.5992 	EXP 	text: text = 'Total points : 169.7'
350.2254 	EXP 	text: text = 'Press and hold [SPACE] to report the duration of the scene.'
350.2254 	EXP 	text: autoDraw = True
351.1406 	DATA 	Keypress: space
351.1471 	EXP 	text: autoDraw = False
352.6270 	WARNING 	Stopping key buffers but this could be dangerous ifother keyboards rely on the same.
352.6444 	EXP 	text: text = 'Total points : 169.7'
352.6444 	EXP 	text: text = 'Your response exceeded the actual time.\n\n Press [SPACE] to advance'
352.6444 	EXP 	text: autoDraw = True
353.6205 	DATA 	Keypress: space
353.6280 	EXP 	text: autoDraw = False
356.1440 	EXP 	text: text = 'Press and hold [SPACE] to report the duration of the scene.'
356.1440 	EXP 	text: autoDraw = True
357.3329 	DATA 	Keypress: space
357.3408 	EXP 	text: autoDraw = False
358.6671 	WARNING 	Stopping key buffers but this could be dangerous ifother keyboards rely on the same.
358.6846 	EXP 	text: text = 'Total points : 169.7'
358.6846 	EXP 	text: text = 'Your response exceeded the actual time.\n\n Press [SPACE] to advance'
358.6846 	EXP 	text: autoDraw = True
359.5405 	DATA 	Keypress: space
359.5478 	EXP 	text: autoDraw = False
361.6624 	EXP 	text: text = 'Press and hold [SPACE] to report the duration of the scene.'
361.6624 	EXP 	text: autoDraw = True
362.2846 	DATA 	Keypress: space
362.2920 	EXP 	text: autoDraw = False
363.0990 	WARNING 	Stopping key buffers but this could be dangerous ifother keyboards rely on the same.
363.1167 	EXP 	text: text = 'You earned 9.8 out of 10 points in this round.\n\n Press [SPACE] to advance'
363.1167 	EXP 	text: autoDraw = True
365.4604 	DATA 	Keypress: space
365.4677 	EXP 	text: autoDraw = False
365.4905 	EXP 	text: text = 'Total points : 179.5'
368.2631 	EXP 	text: text = 'Press and hold [SPACE] to report the duration of the scene.'
368.2631 	EXP 	text: autoDraw = True
369.1484 	DATA 	Keypress: space
369.1555 	EXP 	text: autoDraw = False
370.4031 	WARNING 	Stopping key buffers but this could be dangerous ifother keyboards rely on the same.
370.4210 	EXP 	text: text = 'You earned 5.8 out of 10 points in this round.\n\n Press [SPACE] to advance'
370.4210 	EXP 	text: autoDraw = True
372.1005 	DATA 	Keypress: space
372.1076 	EXP 	text: autoDraw = False
372.1241 	EXP 	text: text = 'Total points : 185.3'
374.8319 	EXP 	text: text = 'Press and hold [SPACE] to report the duration of the scene.'
374.8319 	EXP 	text: autoDraw = True
375.3567 	DATA 	Keypress: space
375.3641 	EXP 	text: autoDraw = False
376.7550 	WARNING 	Stopping key buffers but this could be dangerous ifother keyboards rely on the same.
376.7729 	EXP 	text: text = 'You earned 9.0 out of 10 points in this round.\n\n Press [SPACE] to advance'
376.7729 	EXP 	text: autoDraw = True
378.4046 	DATA 	Keypress: space
378.4119 	EXP 	text: autoDraw = False
378.4263 	EXP 	text: text = 'Total points : 194.3'
380.6513 	EXP 	text: text = 'Press and hold [SPACE] to report the duration of the scene.'
380.6513 	EXP 	text: autoDraw = True
381.4125 	DATA 	Keypress: space
381.4200 	EXP 	text: autoDraw = False
382.2751 	WARNING 	Stopping key buffers but this could be dangerous ifother keyboards rely on the same.
382.2927 	EXP 	text: text = 'You earned 8.0 out of 10 points in this round.\n\n Press [SPACE] to advance'
382.2927 	EXP 	text: autoDraw = True
383.3483 	DATA 	Keypress: space
383.3555 	EXP 	text: autoDraw = False
383.3622 	EXP 	text: text = 'Total points : 202.3'
385.8703 	EXP 	text: text = 'Press and hold [SPACE] to report the duration of the scene.'
385.8703 	EXP 	text: autoDraw = True
386.8845 	DATA 	Keypress: space
386.8919 	EXP 	text: autoDraw = False
387.9950 	WARNING 	Stopping key buffers but this could be dangerous ifother keyboards rely on the same.
388.0116 	EXP 	text: text = 'You earned 7.6 out of 10 points in this round.\n\n Press [SPACE] to advance'
388.0116 	EXP 	text: autoDraw = True
389.3085 	DATA 	Keypress: space
389.3159 	EXP 	text: autoDraw = False
389.3300 	EXP 	text: text = 'Total points : 209.9'
391.3219 	EXP 	text: text = 'Press and hold [SPACE] to report the duration of the scene.'
391.3219 	EXP 	text: autoDraw = True
392.1245 	DATA 	Keypress: space
392.1316 	EXP 	text: autoDraw = False
392.8031 	WARNING 	Stopping key buffers but this could be dangerous ifother keyboards rely on the same.
392.8212 	EXP 	text: text = 'You earned 8.7 out of 10 points in this round.\n\n Press [SPACE] to advance'
392.8212 	EXP 	text: autoDraw = True
393.9885 	DATA 	Keypress: space
393.9946 	EXP 	text: autoDraw = False
394.0144 	EXP 	text: text = 'Total points : 218.6'
396.1568 	EXP 	text: text = 'Press and hold [SPACE] to report the duration of the scene.'
396.1568 	EXP 	text: autoDraw = True
396.7324 	DATA 	Keypress: space
396.7397 	EXP 	text: autoDraw = False
397.4511 	WARNING 	Stopping key buffers but this could be dangerous ifother keyboards rely on the same.
397.4684 	EXP 	text: text = 'You earned 7.0 out of 10 points in this round.\n\n Press [SPACE] to advance'
397.4684 	EXP 	text: autoDraw = True
398.5964 	DATA 	Keypress: space
398.6037 	EXP 	text: autoDraw = False
398.6164 	EXP 	text: text = 'Total points : 225.6'
401.3083 	EXP 	text: text = 'Press and hold [SPACE] to report the duration of the scene.'
401.3083 	EXP 	text: autoDraw = True
401.7805 	DATA 	Keypress: space
401.7878 	EXP 	text: autoDraw = False
402.9310 	WARNING 	Stopping key buffers but this could be dangerous ifother keyboards rely on the same.
402.9489 	EXP 	text: text = 'You earned 5.5 out of 10 points in this round.\n\n Press [SPACE] to advance'
402.9489 	EXP 	text: autoDraw = True
403.9885 	DATA 	Keypress: space
403.9958 	EXP 	text: autoDraw = False
404.0179 	EXP 	text: text = 'Total points : 231.1'
406.6435 	EXP 	text: text = 'Press and hold [SPACE] to report the duration of the scene.'
406.6435 	EXP 	text: autoDraw = True
407.4766 	DATA 	Keypress: space
407.4824 	EXP 	text: autoDraw = False
408.5150 	WARNING 	Stopping key buffers but this could be dangerous ifother keyboards rely on the same.
408.5327 	EXP 	text: text = 'You earned 5.1 out of 10 points in this round.\n\n Press [SPACE] to advance'
408.5327 	EXP 	text: autoDraw = True
409.4765 	DATA 	Keypress: space
409.4831 	EXP 	text: autoDraw = False
409.5031 	EXP 	text: text = 'Total points : 236.2'
412.2778 	EXP 	text: text = 'Press and hold [SPACE] to report the duration of the scene.'
412.2778 	EXP 	text: autoDraw = True
413.6045 	DATA 	Keypress: space
413.6119 	EXP 	text: autoDraw = False
414.9070 	WARNING 	Stopping key buffers but this could be dangerous ifother keyboards rely on the same.
414.9248 	EXP 	text: text = 'You earned 6.4 out of 10 points in this round.\n\n Press [SPACE] to advance'
414.9248 	EXP 	text: autoDraw = True
415.8044 	DATA 	Keypress: space
415.8116 	EXP 	text: autoDraw = False
415.8220 	EXP 	text: text = 'Total points : 242.6'
418.5292 	EXP 	text: text = 'Press and hold [SPACE] to report the duration of the scene.'
418.5292 	EXP 	text: autoDraw = True
419.6925 	DATA 	Keypress: space
419.6998 	EXP 	text: autoDraw = False
420.9070 	WARNING 	Stopping key buffers but this could be dangerous ifother keyboards rely on the same.
420.9245 	EXP 	text: text = 'You earned 6.3 out of 10 points in this round.\n\n Press [SPACE] to advance'
420.9245 	EXP 	text: autoDraw = True
421.7325 	DATA 	Keypress: space
421.7397 	EXP 	text: autoDraw = False
421.7569 	EXP 	text: text = 'Total points : 248.9'
424.2647 	EXP 	text: text = 'Press and hold [SPACE] to report the duration of the scene.'
424.2647 	EXP 	text: autoDraw = True
425.5166 	DATA 	Keypress: space
425.5236 	EXP 	text: autoDraw = False
426.8190 	WARNING 	Stopping key buffers but this could be dangerous ifother keyboards rely on the same.
426.8363 	EXP 	text: text = 'Total points : 248.9'
426.8363 	EXP 	text: text = 'Your response exceeded the actual time.\n\n Press [SPACE] to advance'
426.8363 	EXP 	text: autoDraw = True
427.6444 	DATA 	Keypress: space
427.6518 	EXP 	text: autoDraw = False
430.3015 	EXP 	text: text = 'Press and hold [SPACE] to report the duration of the scene.'
430.3015 	EXP 	text: autoDraw = True
430.6845 	DATA 	Keypress: space
430.6899 	EXP 	text: autoDraw = False
431.7390 	WARNING 	Stopping key buffers but this could be dangerous ifother keyboards rely on the same.
431.7569 	EXP 	text: text = 'You earned 5.3 out of 10 points in this round.\n\n Press [SPACE] to advance'
431.7569 	EXP 	text: autoDraw = True
432.4924 	DATA 	Keypress: space
432.4997 	EXP 	text: autoDraw = False
432.5112 	EXP 	text: text = 'Total points : 254.2'
434.5842 	EXP 	text: text = 'Press and hold [SPACE] to report the duration of the scene.'
434.5842 	EXP 	text: autoDraw = True
434.9165 	DATA 	Keypress: space
434.9240 	EXP 	text: autoDraw = False
435.6429 	WARNING 	Stopping key buffers but this could be dangerous ifother keyboards rely on the same.
435.6601 	EXP 	text: text = 'You earned 8.2 out of 10 points in this round.\n\n Press [SPACE] to advance'
435.6601 	EXP 	text: autoDraw = True
436.3965 	DATA 	Keypress: space
436.4038 	EXP 	text: autoDraw = False
436.4114 	EXP 	text: text = 'Total points : 262.4'
438.7862 	EXP 	text: text = 'Press and hold [SPACE] to report the duration of the scene.'
438.7862 	EXP 	text: autoDraw = True
439.0524 	DATA 	Keypress: space
439.0589 	EXP 	text: autoDraw = False
439.9950 	WARNING 	Stopping key buffers but this could be dangerous ifother keyboards rely on the same.
440.0122 	EXP 	text: text = 'You earned 7.0 out of 10 points in this round.\n\n Press [SPACE] to advance'
440.0122 	EXP 	text: autoDraw = True
440.8045 	DATA 	Keypress: space
440.8101 	EXP 	text: autoDraw = False
440.8316 	EXP 	text: text = 'Total points : 269.4'
443.4545 	EXP 	text: text = 'Press and hold [SPACE] to report the duration of the scene.'
443.4545 	EXP 	text: autoDraw = True
443.7406 	DATA 	Keypress: space
443.7476 	EXP 	text: autoDraw = False
444.7790 	WARNING 	Stopping key buffers but this could be dangerous ifother keyboards rely on the same.
444.7968 	EXP 	text: text = 'You earned 5.1 out of 10 points in this round.\n\n Press [SPACE] to advance'
444.7968 	EXP 	text: autoDraw = True
445.4764 	DATA 	Keypress: space
445.4838 	EXP 	text: autoDraw = False
445.4991 	EXP 	text: text = 'Total points : 274.5'
447.6558 	EXP 	text: text = 'Press and hold [SPACE] to report the duration of the scene.'
447.6558 	EXP 	text: autoDraw = True
448.0449 	DATA 	Keypress: space
448.0523 	EXP 	text: autoDraw = False
448.7469 	WARNING 	Stopping key buffers but this could be dangerous ifother keyboards rely on the same.
448.7645 	EXP 	text: text = 'You earned 6.8 out of 10 points in this round.\n\n Press [SPACE] to advance'
448.7645 	EXP 	text: autoDraw = True
449.8924 	DATA 	Keypress: space
449.8994 	EXP 	text: autoDraw = False
449.9174 	EXP 	text: text = 'Total points : 281.3'
452.0742 	EXP 	text: text = 'Press and hold [SPACE] to report the duration of the scene.'
452.0742 	EXP 	text: autoDraw = True
452.4606 	DATA 	Keypress: space
452.4679 	EXP 	text: autoDraw = False
453.0750 	WARNING 	Stopping key buffers but this could be dangerous ifother keyboards rely on the same.
453.0926 	EXP 	text: text = 'You earned 5.7 out of 10 points in this round.\n\n Press [SPACE] to advance'
453.0926 	EXP 	text: autoDraw = True
453.8283 	DATA 	Keypress: space
453.8354 	EXP 	text: autoDraw = False
453.8510 	EXP 	text: text = 'Total points : 287.0'
456.0762 	EXP 	text: text = 'Press and hold [SPACE] to report the duration of the scene.'
456.0762 	EXP 	text: autoDraw = True
456.4124 	DATA 	Keypress: space
456.4193 	EXP 	text: autoDraw = False
457.3469 	WARNING 	Stopping key buffers but this could be dangerous ifother keyboards rely on the same.
457.3650 	EXP 	text: text = 'You earned 9.2 out of 10 points in this round.\n\n Press [SPACE] to advance'
457.3650 	EXP 	text: autoDraw = True
458.2684 	DATA 	Keypress: space
458.2757 	EXP 	text: autoDraw = False
458.2855 	EXP 	text: text = 'Total points : 296.2'
460.3615 	EXP 	text: text = 'Press and hold [SPACE] to report the duration of the scene.'
460.3615 	EXP 	text: autoDraw = True
460.8045 	DATA 	Keypress: space
460.8118 	EXP 	text: autoDraw = False
461.6030 	WARNING 	Stopping key buffers but this could be dangerous ifother keyboards rely on the same.
461.6189 	EXP 	text: text = 'You earned 9.5 out of 10 points in this round.\n\n Press [SPACE] to advance'
461.6189 	EXP 	text: autoDraw = True
462.8525 	DATA 	Keypress: space
462.8599 	EXP 	text: autoDraw = False
462.8703 	EXP 	text: text = 'Total points : 305.7'
465.0297 	EXP 	text: text = 'Press and hold [SPACE] to report the duration of the scene.'
465.0297 	EXP 	text: autoDraw = True
465.4526 	DATA 	Keypress: space
465.4599 	EXP 	text: autoDraw = False
466.1230 	WARNING 	Stopping key buffers but this could be dangerous ifother keyboards rely on the same.
466.1406 	EXP 	text: text = 'You earned 6.3 out of 10 points in this round.\n\n Press [SPACE] to advance'
466.1406 	EXP 	text: autoDraw = True
466.8924 	DATA 	Keypress: space
466.8994 	EXP 	text: autoDraw = False
466.9059 	EXP 	text: text = 'Total points : 312.0'
469.6124 	EXP 	text: text = 'Press and hold [SPACE] to report the duration of the scene.'
469.6124 	EXP 	text: autoDraw = True
469.9325 	DATA 	Keypress: space
469.9394 	EXP 	text: autoDraw = False
471.0269 	WARNING 	Stopping key buffers but this could be dangerous ifother keyboards rely on the same.
471.0448 	EXP 	text: text = 'You earned 4.9 out of 10 points in this round.\n\n Press [SPACE] to advance'
471.0448 	EXP 	text: autoDraw = True
472.0365 	DATA 	Keypress: space
472.0438 	EXP 	text: autoDraw = False
472.0566 	EXP 	text: text = 'Total points : 316.9'
474.2804 	EXP 	text: text = 'Press and hold [SPACE] to report the duration of the scene.'
474.2804 	EXP 	text: autoDraw = True
474.6765 	DATA 	Keypress: space
474.6838 	EXP 	text: autoDraw = False
475.4670 	WARNING 	Stopping key buffers but this could be dangerous ifother keyboards rely on the same.
475.4852 	EXP 	text: text = 'You earned 6.9 out of 10 points in this round.\n\n Press [SPACE] to advance'
475.4852 	EXP 	text: autoDraw = True
476.3725 	DATA 	Keypress: space
476.3798 	EXP 	text: autoDraw = False
476.3927 	EXP 	text: text = 'Total points : 323.8'
478.4654 	EXP 	text: text = 'Press and hold [SPACE] to report the duration of the scene.'
478.4654 	EXP 	text: autoDraw = True
478.8844 	DATA 	Keypress: space
478.8915 	EXP 	text: autoDraw = False
479.5470 	WARNING 	Stopping key buffers but this could be dangerous ifother keyboards rely on the same.
479.5649 	EXP 	text: text = 'You earned 7.2 out of 10 points in this round.\n\n Press [SPACE] to advance'
479.5649 	EXP 	text: autoDraw = True
480.4125 	DATA 	Keypress: space
480.4199 	EXP 	text: autoDraw = False
480.4266 	EXP 	text: text = 'Total points : 331.0'
482.7338 	EXP 	text: text = 'Press and hold [SPACE] to report the duration of the scene.'
482.7338 	EXP 	text: autoDraw = True
483.7566 	DATA 	Keypress: space
483.7640 	EXP 	text: autoDraw = False
484.5789 	WARNING 	Stopping key buffers but this could be dangerous ifother keyboards rely on the same.
484.5967 	EXP 	text: text = 'You earned 6.4 out of 10 points in this round.\n\n Press [SPACE] to advance'
484.5967 	EXP 	text: autoDraw = True
485.3964 	DATA 	Keypress: space
485.4038 	EXP 	text: autoDraw = False
485.4105 	EXP 	text: text = 'Total points : 337.4'
488.1853 	EXP 	text: text = 'Press and hold [SPACE] to report the duration of the scene.'
488.1853 	EXP 	text: autoDraw = True
488.4206 	DATA 	Keypress: space
488.4278 	EXP 	text: autoDraw = False
489.6190 	WARNING 	Stopping key buffers but this could be dangerous ifother keyboards rely on the same.
489.6369 	EXP 	text: text = 'You earned 5.2 out of 10 points in this round.\n\n Press [SPACE] to advance'
489.6369 	EXP 	text: autoDraw = True
490.4284 	DATA 	Keypress: space
490.4357 	EXP 	text: autoDraw = False
490.4467 	EXP 	text: text = 'Total points : 342.6'
492.6702 	EXP 	text: text = 'Press and hold [SPACE] to report the duration of the scene.'
492.6702 	EXP 	text: autoDraw = True
493.1246 	DATA 	Keypress: space
493.1316 	EXP 	text: autoDraw = False
493.9151 	WARNING 	Stopping key buffers but this could be dangerous ifother keyboards rely on the same.
493.9325 	EXP 	text: text = 'You earned 6.9 out of 10 points in this round.\n\n Press [SPACE] to advance'
493.9325 	EXP 	text: autoDraw = True
494.7007 	DATA 	Keypress: space
494.7083 	EXP 	text: autoDraw = False
494.7305 	EXP 	text: text = 'Total points : 349.5'
496.7384 	EXP 	text: text = 'Press and hold [SPACE] to report the duration of the scene.'
496.7384 	EXP 	text: autoDraw = True
497.1485 	DATA 	Keypress: space
497.1558 	EXP 	text: autoDraw = False
497.9310 	WARNING 	Stopping key buffers but this could be dangerous ifother keyboards rely on the same.
497.9473 	EXP 	text: text = 'Total points : 349.5'
497.9473 	EXP 	text: text = 'Your response exceeded the actual time.\n\n Press [SPACE] to advance'
497.9473 	EXP 	text: autoDraw = True
498.9086 	DATA 	Keypress: space
498.9156 	EXP 	text: autoDraw = False
501.2408 	EXP 	text: text = 'Press and hold [SPACE] to report the duration of the scene.'
501.2408 	EXP 	text: autoDraw = True
501.7005 	DATA 	Keypress: space
501.7080 	EXP 	text: autoDraw = False
502.4191 	WARNING 	Stopping key buffers but this could be dangerous ifother keyboards rely on the same.
502.4364 	EXP 	text: text = 'You earned 5.2 out of 10 points in this round.\n\n Press [SPACE] to advance'
502.4364 	EXP 	text: autoDraw = True
503.0605 	DATA 	Keypress: space
503.0675 	EXP 	text: autoDraw = False
503.0833 	EXP 	text: text = 'Total points : 354.7'
505.7092 	EXP 	text: text = 'Press and hold [SPACE] to report the duration of the scene.'
505.7092 	EXP 	text: autoDraw = True
506.0126 	DATA 	Keypress: space
506.0200 	EXP 	text: autoDraw = False
506.9150 	WARNING 	Stopping key buffers but this could be dangerous ifother keyboards rely on the same.
506.9330 	EXP 	text: text = 'You earned 3.9 out of 10 points in this round.\n\n Press [SPACE] to advance'
506.9330 	EXP 	text: autoDraw = True
507.9645 	DATA 	Keypress: space
507.9717 	EXP 	text: autoDraw = False
507.9853 	EXP 	text: text = 'Total points : 358.6'
510.7610 	EXP 	text: text = 'Press and hold [SPACE] to report the duration of the scene.'
510.7610 	EXP 	text: autoDraw = True
511.0125 	DATA 	Keypress: space
511.0196 	EXP 	text: autoDraw = False
512.2751 	WARNING 	Stopping key buffers but this could be dangerous ifother keyboards rely on the same.
512.2928 	EXP 	text: text = 'You earned 5.9 out of 10 points in this round.\n\n Press [SPACE] to advance'
512.2928 	EXP 	text: autoDraw = True
513.1085 	DATA 	Keypress: space
513.1161 	EXP 	text: autoDraw = False
513.1368 	EXP 	text: text = 'Total points : 364.5'
515.3627 	EXP 	text: text = 'Press and hold [SPACE] to report the duration of the scene.'
515.3627 	EXP 	text: autoDraw = True
515.7965 	DATA 	Keypress: space
515.8037 	EXP 	text: autoDraw = False
516.6591 	WARNING 	Stopping key buffers but this could be dangerous ifother keyboards rely on the same.
516.6769 	EXP 	text: text = 'You earned 8.0 out of 10 points in this round.\n\n Press [SPACE] to advance'
516.6769 	EXP 	text: autoDraw = True
517.4444 	DATA 	Keypress: space
517.4510 	EXP 	text: autoDraw = False
517.4717 	EXP 	text: text = 'Total points : 372.5'
520.1637 	EXP 	text: text = 'Press and hold [SPACE] to report the duration of the scene.'
520.1637 	EXP 	text: autoDraw = True
520.4606 	DATA 	Keypress: space
520.4679 	EXP 	text: autoDraw = False
521.7550 	WARNING 	Stopping key buffers but this could be dangerous ifother keyboards rely on the same.
521.7720 	EXP 	text: text = 'You earned 7.3 out of 10 points in this round.\n\n Press [SPACE] to advance'
521.7720 	EXP 	text: autoDraw = True
522.5484 	DATA 	Keypress: space
522.5532 	EXP 	text: autoDraw = False
522.5732 	EXP 	text: text = 'Total points : 379.8'
524.9478 	EXP 	text: text = 'Press and hold [SPACE] to report the duration of the scene.'
524.9478 	EXP 	text: autoDraw = True
525.3565 	DATA 	Keypress: space
525.3639 	EXP 	text: autoDraw = False
526.5151 	WARNING 	Stopping key buffers but this could be dangerous ifother keyboards rely on the same.
526.5322 	EXP 	text: text = 'Total points : 379.8'
526.5322 	EXP 	text: text = 'Your response exceeded the actual time.\n\n Press [SPACE] to advance'
526.5322 	EXP 	text: autoDraw = True
527.1724 	DATA 	Keypress: space
527.1797 	EXP 	text: autoDraw = False
529.9156 	EXP 	text: text = 'Press and hold [SPACE] to report the duration of the scene.'
529.9156 	EXP 	text: autoDraw = True
530.0926 	DATA 	Keypress: space
530.1000 	EXP 	text: autoDraw = False
531.2831 	WARNING 	Stopping key buffers but this could be dangerous ifother keyboards rely on the same.
531.3011 	EXP 	text: text = 'You earned 6.0 out of 10 points in this round.\n\n Press [SPACE] to advance'
531.3011 	EXP 	text: autoDraw = True
532.0125 	DATA 	Keypress: space
532.0197 	EXP 	text: autoDraw = False
532.0264 	EXP 	text: text = 'Total points : 385.8'
534.1007 	EXP 	text: text = 'Press and hold [SPACE] to report the duration of the scene.'
534.1007 	EXP 	text: autoDraw = True
534.5566 	DATA 	Keypress: space
534.5639 	EXP 	text: autoDraw = False
535.2351 	WARNING 	Stopping key buffers but this could be dangerous ifother keyboards rely on the same.
535.2528 	EXP 	text: text = 'You earned 7.5 out of 10 points in this round.\n\n Press [SPACE] to advance'
535.2528 	EXP 	text: autoDraw = True
536.0364 	DATA 	Keypress: space
536.0436 	EXP 	text: autoDraw = False
536.0620 	EXP 	text: text = 'Total points : 393.3'
538.4351 	EXP 	text: text = 'Press and hold [SPACE] to report the duration of the scene.'
538.4351 	EXP 	text: autoDraw = True
538.7486 	DATA 	Keypress: space
538.7559 	EXP 	text: autoDraw = False
539.5869 	WARNING 	Stopping key buffers but this could be dangerous ifother keyboards rely on the same.
539.6048 	EXP 	text: text = 'You earned 5.7 out of 10 points in this round.\n\n Press [SPACE] to advance'
539.6048 	EXP 	text: autoDraw = True
540.4285 	DATA 	Keypress: space
540.4360 	EXP 	text: autoDraw = False
540.4459 	EXP 	text: text = 'Total points : 399.0'
542.6028 	EXP 	text: text = 'Press and hold [SPACE] to report the duration of the scene.'
542.6028 	EXP 	text: autoDraw = True
542.9565 	DATA 	Keypress: space
542.9636 	EXP 	text: autoDraw = False
543.8991 	WARNING 	Stopping key buffers but this could be dangerous ifother keyboards rely on the same.
543.9158 	EXP 	text: text = 'Total points : 399.0'
543.9158 	EXP 	text: text = 'Your response exceeded the actual time.\n\n Press [SPACE] to advance'
543.9158 	EXP 	text: autoDraw = True
544.5245 	DATA 	Keypress: space
544.5316 	EXP 	text: autoDraw = False
547.0553 	EXP 	text: text = 'Press and hold [SPACE] to report the duration of the scene.'
547.0553 	EXP 	text: autoDraw = True
547.3085 	DATA 	Keypress: space
547.3156 	EXP 	text: autoDraw = False
548.1311 	WARNING 	Stopping key buffers but this could be dangerous ifother keyboards rely on the same.
548.1473 	EXP 	text: text = 'You earned 4.3 out of 10 points in this round.\n\n Press [SPACE] to advance'
548.1473 	EXP 	text: autoDraw = True
548.7486 	DATA 	Keypress: space
548.7558 	EXP 	text: autoDraw = False
548.7645 	EXP 	text: text = 'Total points : 403.3'
550.9075 	EXP 	text: text = 'Press and hold [SPACE] to report the duration of the scene.'
550.9075 	EXP 	text: autoDraw = True
551.3325 	DATA 	Keypress: space
551.3398 	EXP 	text: autoDraw = False
552.0029 	WARNING 	Stopping key buffers but this could be dangerous ifother keyboards rely on the same.
552.0209 	EXP 	text: text = 'You earned 6.3 out of 10 points in this round.\n\n Press [SPACE] to advance'
552.0209 	EXP 	text: autoDraw = True
552.7325 	DATA 	Keypress: space
552.7399 	EXP 	text: autoDraw = False
552.7497 	EXP 	text: text = 'Total points : 409.6'
554.9076 	EXP 	text: text = 'Press and hold [SPACE] to report the duration of the scene.'
554.9076 	EXP 	text: autoDraw = True
555.2845 	DATA 	Keypress: space
555.2917 	EXP 	text: autoDraw = False
555.9390 	WARNING 	Stopping key buffers but this could be dangerous ifother keyboards rely on the same.
555.9570 	EXP 	text: text = 'You earned 6.1 out of 10 points in this round.\n\n Press [SPACE] to advance'
555.9570 	EXP 	text: autoDraw = True
556.6764 	DATA 	Keypress: space
556.6836 	EXP 	text: autoDraw = False
556.7010 	EXP 	text: text = 'Total points : 415.7'
559.0078 	EXP 	text: text = 'Press and hold [SPACE] to report the duration of the scene.'
559.0078 	EXP 	text: autoDraw = True
559.3085 	DATA 	Keypress: space
559.3147 	EXP 	text: autoDraw = False
560.0911 	WARNING 	Stopping key buffers but this could be dangerous ifother keyboards rely on the same.
560.1091 	EXP 	text: text = 'You earned 5.9 out of 10 points in this round.\n\n Press [SPACE] to advance'
560.1091 	EXP 	text: autoDraw = True
560.7323 	DATA 	Keypress: space
560.7396 	EXP 	text: autoDraw = False
560.7533 	EXP 	text: text = 'Total points : 421.6'
562.9767 	EXP 	text: text = 'Press and hold [SPACE] to report the duration of the scene.'
562.9767 	EXP 	text: autoDraw = True
563.3564 	DATA 	Keypress: space
563.3636 	EXP 	text: autoDraw = False
564.3310 	WARNING 	Stopping key buffers but this could be dangerous ifother keyboards rely on the same.
564.3493 	EXP 	text: text = 'You earned 10.0 out of 10 points in this round.\n\n Press [SPACE] to advance'
564.3493 	EXP 	text: autoDraw = True
565.2204 	DATA 	Keypress: space
565.2277 	EXP 	text: autoDraw = False
565.2368 	EXP 	text: text = 'Total points : 431.6'
567.8613 	EXP 	text: text = 'Press and hold [SPACE] to report the duration of the scene.'
567.8613 	EXP 	text: autoDraw = True
568.1326 	DATA 	Keypress: space
568.1400 	EXP 	text: autoDraw = False
569.0990 	WARNING 	Stopping key buffers but this could be dangerous ifother keyboards rely on the same.
569.1168 	EXP 	text: text = 'You earned 4.4 out of 10 points in this round.\n\n Press [SPACE] to advance'
569.1168 	EXP 	text: autoDraw = True
569.8044 	DATA 	Keypress: space
569.8117 	EXP 	text: autoDraw = False
569.8227 	EXP 	text: text = 'Total points : 436.0'
572.0465 	EXP 	text: text = 'Press and hold [SPACE] to report the duration of the scene.'
572.0465 	EXP 	text: autoDraw = True
572.2604 	DATA 	Keypress: space
572.2679 	EXP 	text: autoDraw = False
573.1390 	WARNING 	Stopping key buffers but this could be dangerous ifother keyboards rely on the same.
573.1550 	EXP 	text: text = 'You earned 8.3 out of 10 points in this round.\n\n Press [SPACE] to advance'
573.1550 	EXP 	text: autoDraw = True
573.8044 	DATA 	Keypress: space
573.8118 	EXP 	text: autoDraw = False
573.8239 	EXP 	text: text = 'Total points : 444.3'
575.9830 	EXP 	text: text = 'Press and hold [SPACE] to report the duration of the scene.'
575.9830 	EXP 	text: autoDraw = True
576.3406 	DATA 	Keypress: space
576.3480 	EXP 	text: autoDraw = False
577.2030 	WARNING 	Stopping key buffers but this could be dangerous ifother keyboards rely on the same.
577.2209 	EXP 	text: text = 'You earned 9.3 out of 10 points in this round.\n\n Press [SPACE] to advance'
577.2209 	EXP 	text: autoDraw = True
577.9484 	DATA 	Keypress: space
577.9545 	EXP 	text: autoDraw = False
577.9743 	EXP 	text: text = 'Total points : 453.6'
580.2671 	EXP 	text: text = 'Press and hold [SPACE] to report the duration of the scene.'
580.2671 	EXP 	text: autoDraw = True
580.6446 	DATA 	Keypress: space
580.6520 	EXP 	text: autoDraw = False
581.4270 	WARNING 	Stopping key buffers but this could be dangerous ifother keyboards rely on the same.
581.4447 	EXP 	text: text = 'You earned 5.9 out of 10 points in this round.\n\n Press [SPACE] to advance'
581.4447 	EXP 	text: autoDraw = True
582.1725 	DATA 	Keypress: space
582.1797 	EXP 	text: autoDraw = False
582.1925 	EXP 	text: text = 'Total points : 459.5'
584.2664 	EXP 	text: text = 'Press and hold [SPACE] to report the duration of the scene.'
584.2664 	EXP 	text: autoDraw = True
584.7486 	DATA 	Keypress: space
584.7560 	EXP 	text: autoDraw = False
585.5070 	WARNING 	Stopping key buffers but this could be dangerous ifother keyboards rely on the same.
585.5248 	EXP 	text: text = 'You earned 8.8 out of 10 points in this round.\n\n Press [SPACE] to advance'
585.5248 	EXP 	text: autoDraw = True
586.1725 	DATA 	Keypress: space
586.1799 	EXP 	text: autoDraw = False
586.1938 	EXP 	text: text = 'Total points : 468.3'
588.5695 	EXP 	text: text = 'Press and hold [SPACE] to report the duration of the scene.'
588.5695 	EXP 	text: autoDraw = True
588.9085 	DATA 	Keypress: space
588.9158 	EXP 	text: autoDraw = False
589.6990 	WARNING 	Stopping key buffers but this could be dangerous ifother keyboards rely on the same.
589.7171 	EXP 	text: text = 'You earned 5.1 out of 10 points in this round.\n\n Press [SPACE] to advance'
589.7171 	EXP 	text: autoDraw = True
590.3484 	DATA 	Keypress: space
590.3556 	EXP 	text: autoDraw = False
590.3624 	EXP 	text: text = 'Total points : 473.4'
592.8698 	EXP 	text: text = 'Press and hold [SPACE] to report the duration of the scene.'
592.8698 	EXP 	text: autoDraw = True
593.1484 	DATA 	Keypress: space
593.1558 	EXP 	text: autoDraw = False
594.1791 	WARNING 	Stopping key buffers but this could be dangerous ifother keyboards rely on the same.
594.1954 	EXP 	text: text = 'You earned 6.5 out of 10 points in this round.\n\n Press [SPACE] to advance'
594.1954 	EXP 	text: autoDraw = True
594.8125 	DATA 	Keypress: space
594.8198 	EXP 	text: autoDraw = False
594.8306 	EXP 	text: text = 'Total points : 479.9'
597.2041 	EXP 	text: text = 'Press and hold [SPACE] to report the duration of the scene.'
597.2041 	EXP 	text: autoDraw = True
597.4366 	DATA 	Keypress: space
597.4435 	EXP 	text: autoDraw = False
598.3952 	WARNING 	Stopping key buffers but this could be dangerous ifother keyboards rely on the same.
598.4129 	EXP 	text: text = 'You earned 7.2 out of 10 points in this round.\n\n Press [SPACE] to advance'
598.4129 	EXP 	text: autoDraw = True
598.9726 	DATA 	Keypress: space
598.9779 	EXP 	text: autoDraw = False
598.9982 	EXP 	text: text = 'Total points : 487.1'
601.2232 	EXP 	text: text = 'Press and hold [SPACE] to report the duration of the scene.'
601.2232 	EXP 	text: autoDraw = True
601.4205 	DATA 	Keypress: space
601.4280 	EXP 	text: autoDraw = False
602.3710 	WARNING 	Stopping key buffers but this could be dangerous ifother keyboards rely on the same.
602.3887 	EXP 	text: text = 'You earned 9.6 out of 10 points in this round.\n\n Press [SPACE] to advance'
602.3887 	EXP 	text: autoDraw = True
603.2125 	DATA 	Keypress: space
603.2199 	EXP 	text: autoDraw = False
603.2327 	EXP 	text: text = 'Total points : 496.7'
605.2245 	EXP 	text: text = 'Press and hold [SPACE] to report the duration of the scene.'
605.2245 	EXP 	text: autoDraw = True
605.6126 	DATA 	Keypress: space
605.6199 	EXP 	text: autoDraw = False
606.3710 	WARNING 	Stopping key buffers but this could be dangerous ifother keyboards rely on the same.
606.3883 	EXP 	text: text = 'Total points : 496.7'
606.3883 	EXP 	text: text = 'Your response exceeded the actual time.\n\n Press [SPACE] to advance'
606.3883 	EXP 	text: autoDraw = True
607.3245 	DATA 	Keypress: space
607.3303 	EXP 	text: autoDraw = False
609.5909 	EXP 	text: text = 'Press and hold [SPACE] to report the duration of the scene.'
609.5909 	EXP 	text: autoDraw = True
609.9165 	DATA 	Keypress: space
609.9238 	EXP 	text: autoDraw = False
610.8752 	WARNING 	Stopping key buffers but this could be dangerous ifother keyboards rely on the same.
610.8928 	EXP 	text: text = 'You earned 9.7 out of 10 points in this round.\n\n Press [SPACE] to advance'
610.8928 	EXP 	text: autoDraw = True
611.6604 	DATA 	Keypress: space
611.6656 	EXP 	text: autoDraw = False
611.6852 	EXP 	text: text = 'Total points : 506.4'
613.9928 	EXP 	text: text = 'Press and hold [SPACE] to report the duration of the scene.'
613.9928 	EXP 	text: autoDraw = True
614.2365 	DATA 	Keypress: space
614.2438 	EXP 	text: autoDraw = False
615.0350 	WARNING 	Stopping key buffers but this could be dangerous ifother keyboards rely on the same.
615.0524 	EXP 	text: text = 'You earned 6.1 out of 10 points in this round.\n\n Press [SPACE] to advance'
615.0524 	EXP 	text: autoDraw = True
615.6525 	DATA 	Keypress: space
615.6598 	EXP 	text: autoDraw = False
615.6711 	EXP 	text: text = 'Total points : 512.5'
618.0442 	EXP 	text: text = 'Press and hold [SPACE] to report the duration of the scene.'
618.0442 	EXP 	text: autoDraw = True
618.3325 	DATA 	Keypress: space
618.3398 	EXP 	text: autoDraw = False
619.1949 	WARNING 	Stopping key buffers but this could be dangerous ifother keyboards rely on the same.
619.2127 	EXP 	text: text = 'You earned 5.9 out of 10 points in this round.\n\n Press [SPACE] to advance'
619.2127 	EXP 	text: autoDraw = True
619.9325 	DATA 	Keypress: space
619.9398 	EXP 	text: autoDraw = False
619.9563 	EXP 	text: text = 'Total points : 518.4'
622.2619 	EXP 	text: text = 'Press and hold [SPACE] to report the duration of the scene.'
622.2619 	EXP 	text: autoDraw = True
622.6045 	DATA 	Keypress: space
622.6119 	EXP 	text: autoDraw = False
623.4270 	WARNING 	Stopping key buffers but this could be dangerous ifother keyboards rely on the same.
623.4448 	EXP 	text: text = 'You earned 6.4 out of 10 points in this round.\n\n Press [SPACE] to advance'
623.4448 	EXP 	text: autoDraw = True
624.0847 	DATA 	Keypress: space
624.0921 	EXP 	text: autoDraw = False
624.1059 	EXP 	text: text = 'Total points : 524.8'
626.5974 	EXP 	text: text = 'Press and hold [SPACE] to report the duration of the scene.'
626.5974 	EXP 	text: autoDraw = True
626.8766 	DATA 	Keypress: space
626.8840 	EXP 	text: autoDraw = False
627.7950 	WARNING 	Stopping key buffers but this could be dangerous ifother keyboards rely on the same.
627.8127 	EXP 	text: text = 'You earned 5.2 out of 10 points in this round.\n\n Press [SPACE] to advance'
627.8127 	EXP 	text: autoDraw = True
628.3804 	DATA 	Keypress: space
628.3871 	EXP 	text: autoDraw = False
628.4072 	EXP 	text: text = 'Total points : 530.0'
630.4829 	EXP 	text: text = 'Press and hold [SPACE] to report the duration of the scene.'
630.4829 	EXP 	text: autoDraw = True
630.8686 	DATA 	Keypress: space
630.8756 	EXP 	text: autoDraw = False
631.7951 	WARNING 	Stopping key buffers but this could be dangerous ifother keyboards rely on the same.
631.8119 	EXP 	text: text = 'Total points : 530.0'
631.8119 	EXP 	text: text = 'Your response exceeded the actual time.\n\n Press [SPACE] to advance'
631.8119 	EXP 	text: autoDraw = True
632.4045 	DATA 	Keypress: space
632.4119 	EXP 	text: autoDraw = False
634.9500 	EXP 	text: text = 'Press and hold [SPACE] to report the duration of the scene.'
634.9500 	EXP 	text: autoDraw = True
635.1325 	DATA 	Keypress: space
635.1394 	EXP 	text: autoDraw = False
636.1871 	WARNING 	Stopping key buffers but this could be dangerous ifother keyboards rely on the same.
636.2051 	EXP 	text: text = 'You earned 6.8 out of 10 points in this round.\n\n Press [SPACE] to advance'
636.2051 	EXP 	text: autoDraw = True
636.9805 	DATA 	Keypress: space
636.9879 	EXP 	text: autoDraw = False
636.9945 	EXP 	text: text = 'Total points : 536.8'
639.2176 	EXP 	text: text = 'Press and hold [SPACE] to report the duration of the scene.'
639.2176 	EXP 	text: autoDraw = True
639.5245 	DATA 	Keypress: space
639.5318 	EXP 	text: autoDraw = False
640.3631 	WARNING 	Stopping key buffers but this could be dangerous ifother keyboards rely on the same.
640.3808 	EXP 	text: text = 'You earned 7.6 out of 10 points in this round.\n\n Press [SPACE] to advance'
640.3808 	EXP 	text: autoDraw = True
640.9887 	DATA 	Keypress: space
640.9958 	EXP 	text: autoDraw = False
641.0127 	EXP 	text: text = 'Total points : 544.4'
643.1694 	EXP 	text: text = 'Press and hold [SPACE] to report the duration of the scene.'
643.1694 	EXP 	text: autoDraw = True
643.4205 	DATA 	Keypress: space
643.4256 	EXP 	text: autoDraw = False
644.3071 	WARNING 	Stopping key buffers but this could be dangerous ifother keyboards rely on the same.
644.3253 	EXP 	text: text = 'You earned 9.8 out of 10 points in this round.\n\n Press [SPACE] to advance'
644.3253 	EXP 	text: autoDraw = True
645.1004 	DATA 	Keypress: space
645.1077 	EXP 	text: autoDraw = False
645.1147 	EXP 	text: text = 'Total points : 554.2'
647.8879 	EXP 	text: text = 'Press and hold [SPACE] to report the duration of the scene.'
647.8879 	EXP 	text: autoDraw = True
648.0685 	DATA 	Keypress: space
648.0759 	EXP 	text: autoDraw = False
649.2270 	WARNING 	Stopping key buffers but this could be dangerous ifother keyboards rely on the same.
649.2449 	EXP 	text: text = 'You earned 4.8 out of 10 points in this round.\n\n Press [SPACE] to advance'
649.2449 	EXP 	text: autoDraw = True
649.9965 	DATA 	Keypress: space
650.0039 	EXP 	text: autoDraw = False
650.0158 	EXP 	text: text = 'Total points : 559.0'
652.6390 	EXP 	text: text = 'Press and hold [SPACE] to report the duration of the scene.'
652.6390 	EXP 	text: autoDraw = True
652.8926 	DATA 	Keypress: space
652.8996 	EXP 	text: autoDraw = False
653.9870 	WARNING 	Stopping key buffers but this could be dangerous ifother keyboards rely on the same.
654.0053 	EXP 	text: text = 'You earned 5.7 out of 10 points in this round.\n\n Press [SPACE] to advance'
654.0053 	EXP 	text: autoDraw = True
654.7408 	DATA 	Keypress: space
654.7478 	EXP 	text: autoDraw = False
654.7657 	EXP 	text: text = 'Total points : 564.7'
656.7572 	EXP 	text: text = 'Press and hold [SPACE] to report the duration of the scene.'
656.7572 	EXP 	text: autoDraw = True
657.1166 	DATA 	Keypress: space
657.1240 	EXP 	text: autoDraw = False
657.7550 	WARNING 	Stopping key buffers but this could be dangerous ifother keyboards rely on the same.
657.7729 	EXP 	text: text = 'You earned 8.0 out of 10 points in this round.\n\n Press [SPACE] to advance'
657.7729 	EXP 	text: autoDraw = True
659.0285 	DATA 	Keypress: space
659.0361 	EXP 	text: autoDraw = False
659.0507 	EXP 	text: text = 'Total points : 572.7'
661.0433 	EXP 	text: text = 'Press and hold [SPACE] to report the duration of the scene.'
661.0433 	EXP 	text: autoDraw = True
661.3645 	DATA 	Keypress: space
661.3717 	EXP 	text: autoDraw = False
661.9310 	WARNING 	Stopping key buffers but this could be dangerous ifother keyboards rely on the same.
661.9488 	EXP 	text: text = 'You earned 6.9 out of 10 points in this round.\n\n Press [SPACE] to advance'
661.9488 	EXP 	text: autoDraw = True
662.7564 	DATA 	Keypress: space
662.7637 	EXP 	text: autoDraw = False
662.7851 	EXP 	text: text = 'Total points : 579.6'
664.7928 	EXP 	text: text = 'Press and hold [SPACE] to report the duration of the scene.'
664.7928 	EXP 	text: autoDraw = True
665.0846 	DATA 	Keypress: space
665.0919 	EXP 	text: autoDraw = False
665.7071 	WARNING 	Stopping key buffers but this could be dangerous ifother keyboards rely on the same.
665.7248 	EXP 	text: text = 'You earned 7.8 out of 10 points in this round.\n\n Press [SPACE] to advance'
665.7248 	EXP 	text: autoDraw = True
666.5085 	DATA 	Keypress: space
666.5159 	EXP 	text: autoDraw = False
666.5198 	INFO 	Finishing at 16:26 on 03 Dec 2019
666.7925 	EXP 	window1: mouseVisible = True
