8.6800 	ERROR 	Screen apparently NOT the desired resolution of 5120x2880 pixels!!
12.7441 	WARNING 	User requested fullscreen with size [5120 2880], but screen is actually [1440, 900]. Using actual size
14.0202 	INFO 	Successfully set darwin thread to realtime
15.0944 	INFO 	#[ PsychoPy3 RuntimeInfoStart ]
  #[[ PsychoPy ]] #---------
    psychopyVersion: 3.2.0
    psychopyHaveExtRush: True
  #[[ Experiment ]] #---------
    experimentRunTime: 2019_09_20 13:59 (Year_Month_Day Hour:Min)
    experimentRunTime.epoch: 1569002381
    experimentScript: eccentricity_dependent_duration_reproduction_using_spacebar.py
    experimentScript.digestSHA1: 97bfafb4328ad57f567712d5507f8494bdca305a
    experimentScript.directory: /Volumes/My Passport/Github/spatio_temporal_information_processing/Time_Subjective_Expansion/Eccentricity_duration_interaction
  #[[ System ]] #---------
    systemHaveInternetAccess: True
    systemHostName: pbs-jf-aldi.local
    systemLocale: en_US.UTF-8
    systemMemFreeRAM: 7442.13671875
    systemMemTotalRAM: 16384.0
    systemPlatform: darwin 10.14.6 x86_64
    systemRavailable: R version 3.4.1 (2017-06-30) -- Single Candle
    systemRebooted: Sep 16 14:05
    systemSec.OpenSSLVersion: OpenSSL 1.0.2r  26 Feb 2019
    systemSec.pythonSSL: True
    systemTimeNumpySD1000000_sec: 0.0026
    systemUser: supadhy6
    systemUserID: 1903061739
    systemUserProcCount: 374
    systemUserProcFlagged: Safari Dropbox 'Google Chrome' Skype mdworker iTunes KeyNote
    systemUsersCount: 1
  #[[ Window ]] #---------
    windowWinType: pyglet
    windowUnits: deg
    windowSize_pix: [2880 1800]
    windowScreen: 0
    windowRgb: [255. 255. 255.]
    windowRefreshTimeSD_ms: 0.887
    windowRefreshTimeMedian_ms: 16.657
    windowRefreshTimeAvg_ms: 16.655
    windowPos_pix: [0.0, 0.0]
    windowMonitor.name: testmonitor
    windowMonitor.getWidth_cm: 52.0
    windowMonitor.getDistance_cm: 65.0
    windowMonitor.currentCalibName: 2019_01_28 08:48
    windowIsFullScr: True
  #[[ Python ]] #---------
    pythonVersion: 3.6.0
  #[[ OpenGL ]] #---------
#[ PsychoPy3 RuntimeInfoEnd ]

