15.7022 	INFO 	Successfully set darwin thread to realtime
16.7227 	INFO 	#[ PsychoPy3 RuntimeInfoStart ]
  #[[ PsychoPy ]] #---------
    psychopyVersion: 3.0.3
    psychopyHaveExtRush: True
  #[[ Experiment ]] #---------
    experimentRunTime: 2019_02_06 11:01 (Year_Month_Day Hour:Min)
    experimentRunTime.epoch: 1549468890
    experimentScript: RSVP_visual_now.py
    experimentScript.digestSHA1: 5747e7b028e5214bb1487bf8cad4d19d8f419680
    experimentScript.directory: /Users/vsg/Documents/GitHub/spatio_temporal_information_processing/RSVP_visual_now
  #[[ System ]] #---------
    systemHaveInternetAccess: True
    systemHostName: VSG-lab1.local
    systemLocale: C
    systemMemFreeRAM: 1566.39453125
    systemMemTotalRAM: 4096.0
    systemPlatform: darwin 10.10.5 x86_64
    systemRavailable: R version 3.2.3 (2015-12-10) -- Wooden Christmas-Tree
    systemRebooted: Feb 4 16:27
    systemSec.OpenSSLVersion: OpenSSL 0.9.8zg 14 July 2015
    systemSec.pythonSSL: True
    systemTimeNumpySD1000000_sec: 0.0126
    systemUser: vsg
    systemUserID: 502
    systemUserProcCount: 78
    systemUserProcFlagged: mdworker Safari
    systemUsersCount: 1
  #[[ Window ]] #---------
    windowWinType: pyglet
    windowUnits: deg
    windowSize_pix: [1920 1200]
    windowScreen: 0
    windowRgb: [-0.7 -0.7 -0.7]
    windowRefreshTimeSD_ms: 0.038
    windowRefreshTimeMedian_ms: 16.707
    windowRefreshTimeAvg_ms: 16.704
    windowPos_pix: [0, 0]
    windowMonitor.name: testmonitor
    windowMonitor.getWidth_cm: 52.0
    windowMonitor.getDistance_cm: 65.0
    windowMonitor.currentCalibName: 2019_02_04 12:46
    windowIsFullScr: True
  #[[ Python ]] #---------
    pythonVersion: 2.7.13
  #[[ OpenGL ]] #---------
#[ PsychoPy3 RuntimeInfoEnd ]

16.7249 	WARNING 	Could not load the desired click sound file, instead using manually created inferior click
17.1248 	EXP 	Created sequence: random, trialTypes=280, nReps=14, seed=None
17.3655 	INFO 	numtrials=280 and each trialDurFrames=156 or 2600.0 ms  task=T1
17.9098 	EXP 	Created text = TextStim(alignHoriz='center', alignVert='center', antialias=True, autoLog=True, bold=False, color=array([ 1.,  1.,  1.]), colorSpace='rgb', contrast=1.0, depth=-1.0, flipHoriz=False, flipVert=False, font='Arial', fontFiles=[], height=0.5, italic=False, languageStyle='LTR', name='text', opacity=1.0, ori=0, pos=array([ 0.,  0.]), rgb=array([ 1.,  1.,  1.]), text='', units='deg', win=Window(...), wrapWidth=30)
18.5043 	EXP 	text: text = "Welcome! Thank you for agreeing to participate in this study.\n\nYou will be presented with a Rapid Stream of letters. Your task is to identify one of the letters.\n\nThe letter you're supposed to identify is accompanied by a probe that can appear anywhere on the horizontal axis of the screen.\n\nThe probe is a circular disk that will be flashed for a very brief time.\n\nOnce you've identified the letter after the trial ends, type it out on the keyboard.\n\nIf you're feeling uncomfortable, you can press ESC key any time to stop the experiment.\n\nPress any key when you are ready to begin the experiment.\n\n"
18.5043 	EXP 	text: autoDraw = True
146.0805 	DATA 	Keypress: space
146.0815 	EXP 	text: autoDraw = False
146.0818 	INFO 	Experiment will have 280 trials. Letters will be drawn with superposed noise of0.00%
146.0818 	INFO 	Starting main (non-staircase) part of experiment
149.3684 	EXP 	window1: recordFrameIntervals = False
154.1964 	DATA 	Keypress: rshift
154.3476 	DATA 	Keypress: f
158.2566 	EXP 	window1: recordFrameIntervals = False
159.1091 	DATA 	Keypress: rshift
159.4441 	DATA 	Keypress: x
163.4850 	EXP 	window1: recordFrameIntervals = False
164.1036 	DATA 	Keypress: rshift
164.1545 	DATA 	Keypress: t
168.1454 	EXP 	window1: recordFrameIntervals = False
168.5970 	DATA 	Keypress: rshift
168.6814 	DATA 	Keypress: c
172.8894 	EXP 	window1: recordFrameIntervals = False
173.6081 	DATA 	Keypress: rshift
173.7593 	DATA 	Keypress: b
177.5498 	EXP 	window1: recordFrameIntervals = False
178.3864 	DATA 	Keypress: w
182.5610 	EXP 	window1: recordFrameIntervals = False
183.1639 	DATA 	Keypress: s
187.1880 	EXP 	window1: recordFrameIntervals = False
188.3923 	DATA 	Keypress: k
192.3312 	EXP 	window1: recordFrameIntervals = False
192.7336 	DATA 	Keypress: g
196.7077 	EXP 	window1: recordFrameIntervals = False
198.0122 	DATA 	Keypress: y
202.2885 	EXP 	window1: recordFrameIntervals = False
202.8077 	DATA 	Keypress: p
206.7819 	EXP 	window1: recordFrameIntervals = False
207.2011 	DATA 	Keypress: z
211.3588 	EXP 	window1: recordFrameIntervals = False
211.7945 	DATA 	Keypress: m
215.7186 	EXP 	window1: recordFrameIntervals = False
216.3883 	DATA 	Keypress: d
220.6296 	EXP 	window1: recordFrameIntervals = False
221.1489 	DATA 	Keypress: s
225.2232 	EXP 	window1: recordFrameIntervals = False
225.6256 	DATA 	Keypress: h
229.8336 	EXP 	window1: recordFrameIntervals = False
230.1857 	DATA 	Keypress: m
234.3921 	EXP 	window1: recordFrameIntervals = False
234.7778 	DATA 	Keypress: d
239.0191 	EXP 	window1: recordFrameIntervals = False
239.5886 	DATA 	Keypress: f
243.4807 	EXP 	window1: recordFrameIntervals = False
243.8329 	DATA 	Keypress: u
248.0409 	EXP 	window1: recordFrameIntervals = False
249.1281 	DATA 	Keypress: a
253.2359 	EXP 	window1: recordFrameIntervals = False
254.3567 	DATA 	Keypress: c
258.5478 	EXP 	window1: recordFrameIntervals = False
258.6161 	DATA 	Keypress: t
261.5576 	DATA 	Keypress: b
262.5735 	EXP 	window1: recordFrameIntervals = False
263.2934 	DATA 	Keypress: b
266.7693 	DATA 	Keypress: a
267.4176 	EXP 	window1: recordFrameIntervals = False
267.7375 	DATA 	Keypress: a
271.5437 	EXP 	window1: recordFrameIntervals = False
271.8959 	DATA 	Keypress: b
276.1522 	EXP 	window1: recordFrameIntervals = False
276.4545 	DATA 	Keypress: f
280.5621 	EXP 	window1: recordFrameIntervals = False
280.9312 	DATA 	Keypress: b
284.7399 	EXP 	window1: recordFrameIntervals = False
285.1589 	DATA 	Keypress: b
288.6850 	DATA 	Keypress: a
289.0022 	DATA 	Keypress: a
289.0828 	EXP 	window1: recordFrameIntervals = False
289.5186 	DATA 	Keypress: a
293.7266 	EXP 	window1: recordFrameIntervals = False
294.0287 	DATA 	Keypress: t
298.0697 	EXP 	window1: recordFrameIntervals = False
298.4052 	DATA 	Keypress: u
302.1956 	EXP 	window1: recordFrameIntervals = False
302.6146 	DATA 	Keypress: h
306.4384 	EXP 	window1: recordFrameIntervals = False
307.0748 	DATA 	Keypress: c
310.8817 	EXP 	window1: recordFrameIntervals = False
311.4677 	DATA 	Keypress: f
315.5571 	EXP 	window1: recordFrameIntervals = False
315.8427 	DATA 	Keypress: b
319.7833 	EXP 	window1: recordFrameIntervals = False
320.1021 	DATA 	Keypress: z
324.2114 	EXP 	window1: recordFrameIntervals = False
324.6139 	DATA 	Keypress: s
328.7384 	EXP 	window1: recordFrameIntervals = False
329.0906 	DATA 	Keypress: c
333.2484 	EXP 	window1: recordFrameIntervals = False
333.8011 	DATA 	Keypress: y
337.6583 	EXP 	window1: recordFrameIntervals = False
338.4448 	DATA 	Keypress: r
342.6027 	EXP 	window1: recordFrameIntervals = False
343.0719 	DATA 	Keypress: k
347.2464 	EXP 	window1: recordFrameIntervals = False
347.7325 	DATA 	Keypress: s
351.6898 	EXP 	window1: recordFrameIntervals = False
352.3093 	DATA 	Keypress: z
356.5155 	EXP 	window1: recordFrameIntervals = False
357.0682 	DATA 	Keypress: l
360.8585 	EXP 	window1: recordFrameIntervals = False
361.3778 	DATA 	Keypress: v
365.2199 	EXP 	window1: recordFrameIntervals = False
366.2572 	DATA 	Keypress: s
370.1643 	EXP 	window1: recordFrameIntervals = False
370.7337 	DATA 	Keypress: d
374.9752 	EXP 	window1: recordFrameIntervals = False
376.3807 	DATA 	Keypress: p
380.4040 	EXP 	window1: recordFrameIntervals = False
381.0401 	DATA 	Keypress: f
385.1479 	EXP 	window1: recordFrameIntervals = False
385.5335 	DATA 	Keypress: g
389.5411 	EXP 	window1: recordFrameIntervals = False
390.6951 	DATA 	Keypress: r
394.6526 	EXP 	window1: recordFrameIntervals = False
395.7231 	DATA 	Keypress: c
399.5468 	EXP 	window1: recordFrameIntervals = False
400.9682 	DATA 	Keypress: t
405.1243 	EXP 	window1: recordFrameIntervals = False
407.1638 	DATA 	Keypress: w
411.0559 	EXP 	window1: recordFrameIntervals = False
411.4749 	DATA 	Keypress: e
415.4324 	EXP 	window1: recordFrameIntervals = False
415.9350 	DATA 	Keypress: z
419.8590 	EXP 	window1: recordFrameIntervals = False
420.4115 	DATA 	Keypress: p
424.3357 	EXP 	window1: recordFrameIntervals = False
424.4041 	DATA 	Keypress: l
428.5618 	EXP 	window1: recordFrameIntervals = False
428.6971 	DATA 	Keypress: j
432.7879 	EXP 	window1: recordFrameIntervals = False
434.0087 	DATA 	Keypress: t
438.2668 	EXP 	window1: recordFrameIntervals = False
439.6046 	DATA 	Keypress: p
443.4313 	DATA 	Keypress: f
443.6122 	EXP 	window1: recordFrameIntervals = False
444.6326 	DATA 	Keypress: f
448.5215 	EXP 	window1: recordFrameIntervals = False
449.4083 	DATA 	Keypress: t
452.1993 	DATA 	Keypress: r
453.2989 	EXP 	window1: recordFrameIntervals = False
453.6844 	DATA 	Keypress: r
457.9275 	EXP 	window1: recordFrameIntervals = False
458.3465 	DATA 	Keypress: n
462.4883 	EXP 	window1: recordFrameIntervals = False
462.4902 	DATA 	Keypress: r
462.9567 	DATA 	Keypress: r
466.9143 	EXP 	window1: recordFrameIntervals = False
467.5840 	DATA 	Keypress: k
471.0597 	DATA 	Keypress: l
471.4774 	DATA 	Keypress: l
471.7919 	EXP 	window1: recordFrameIntervals = False
472.1942 	DATA 	Keypress: l
476.4021 	EXP 	window1: recordFrameIntervals = False
477.1219 	DATA 	Keypress: p
481.0125 	EXP 	window1: recordFrameIntervals = False
481.5818 	DATA 	Keypress: e
489.7681 	DATA 	Keypress: space
493.8897 	EXP 	window1: recordFrameIntervals = False
494.5437 	DATA 	Keypress: t
498.7673 	EXP 	window1: recordFrameIntervals = False
499.2866 	DATA 	Keypress: n
503.3960 	EXP 	window1: recordFrameIntervals = False
503.8819 	DATA 	Keypress: c
507.7390 	EXP 	window1: recordFrameIntervals = False
508.2416 	DATA 	Keypress: u
512.2157 	EXP 	window1: recordFrameIntervals = False
512.5349 	DATA 	Keypress: w
516.5253 	EXP 	window1: recordFrameIntervals = False
516.6604 	DATA 	Keypress: r
520.5706 	DATA 	Keypress: f
520.8016 	EXP 	window1: recordFrameIntervals = False
521.2707 	DATA 	Keypress: f
525.2950 	EXP 	window1: recordFrameIntervals = False
525.5471 	DATA 	Keypress: z
529.7032 	EXP 	window1: recordFrameIntervals = False
530.3061 	DATA 	Keypress: i
534.2000 	DATA 	Keypress: h
534.4805 	EXP 	window1: recordFrameIntervals = False
534.9998 	DATA 	Keypress: h
538.8921 	EXP 	window1: recordFrameIntervals = False
539.2609 	DATA 	Keypress: o
543.4022 	EXP 	window1: recordFrameIntervals = False
543.9048 	DATA 	Keypress: j
547.4476 	DATA 	Keypress: t
547.8288 	EXP 	window1: recordFrameIntervals = False
548.1142 	DATA 	Keypress: t
552.3055 	EXP 	window1: recordFrameIntervals = False
552.6411 	DATA 	Keypress: x
556.4815 	EXP 	window1: recordFrameIntervals = False
556.9004 	DATA 	Keypress: p
560.7410 	EXP 	window1: recordFrameIntervals = False
561.4275 	DATA 	Keypress: v
565.3513 	EXP 	window1: recordFrameIntervals = False
566.4554 	DATA 	Keypress: b
570.5447 	EXP 	window1: recordFrameIntervals = False
570.9471 	DATA 	Keypress: v
574.9379 	EXP 	window1: recordFrameIntervals = False
575.2900 	DATA 	Keypress: e
579.0988 	EXP 	window1: recordFrameIntervals = False
579.7851 	DATA 	Keypress: g
583.9262 	EXP 	window1: recordFrameIntervals = False
584.5970 	DATA 	Keypress: x
588.4865 	EXP 	window1: recordFrameIntervals = False
589.0224 	DATA 	Keypress: d
592.8127 	EXP 	window1: recordFrameIntervals = False
593.2320 	DATA 	Keypress: c
597.3563 	EXP 	window1: recordFrameIntervals = False
598.4269 	DATA 	Keypress: v
602.2202 	DATA 	Keypress: i
602.4707 	DATA 	Keypress: i
602.6014 	EXP 	window1: recordFrameIntervals = False
602.8200 	DATA 	Keypress: i
607.0113 	EXP 	window1: recordFrameIntervals = False
607.6477 	DATA 	Keypress: m
611.5197 	EXP 	window1: recordFrameIntervals = False
611.9555 	DATA 	Keypress: w
616.2303 	EXP 	window1: recordFrameIntervals = False
617.0502 	DATA 	Keypress: j
620.9759 	EXP 	window1: recordFrameIntervals = False
621.7125 	DATA 	Keypress: q
625.6196 	EXP 	window1: recordFrameIntervals = False
626.0721 	DATA 	Keypress: h
630.3468 	EXP 	window1: recordFrameIntervals = False
631.1167 	DATA 	Keypress: s
635.1910 	EXP 	window1: recordFrameIntervals = False
635.4263 	DATA 	Keypress: f
639.1028 	DATA 	Keypress: z
639.4672 	EXP 	window1: recordFrameIntervals = False
639.7527 	DATA 	Keypress: z
643.5796 	DATA 	Keypress: b
643.6433 	EXP 	window1: recordFrameIntervals = False
644.0123 	DATA 	Keypress: b
648.0531 	EXP 	window1: recordFrameIntervals = False
648.5391 	DATA 	Keypress: n
652.6117 	EXP 	window1: recordFrameIntervals = False
653.5319 	DATA 	Keypress: b
657.4058 	EXP 	window1: recordFrameIntervals = False
657.7412 	DATA 	Keypress: p
661.6837 	EXP 	window1: recordFrameIntervals = False
662.9056 	DATA 	Keypress: o
667.0289 	EXP 	window1: recordFrameIntervals = False
667.4490 	DATA 	Keypress: g
671.5224 	EXP 	window1: recordFrameIntervals = False
672.6932 	DATA 	Keypress: y
676.5539 	DATA 	Keypress: m
676.8176 	EXP 	window1: recordFrameIntervals = False
677.1865 	DATA 	Keypress: m
680.8463 	DATA 	Keypress: c
681.1105 	EXP 	window1: recordFrameIntervals = False
681.4795 	DATA 	Keypress: c
685.2698 	EXP 	window1: recordFrameIntervals = False
686.4239 	DATA 	Keypress: h
690.6819 	EXP 	window1: recordFrameIntervals = False
691.1678 	DATA 	Keypress: x
695.3574 	EXP 	window1: recordFrameIntervals = False
696.1942 	DATA 	Keypress: b
700.3853 	EXP 	window1: recordFrameIntervals = False
700.8211 	DATA 	Keypress: d
705.0976 	EXP 	window1: recordFrameIntervals = False
705.4497 	DATA 	Keypress: g
709.6076 	EXP 	window1: recordFrameIntervals = False
710.0269 	DATA 	Keypress: k
713.9841 	EXP 	window1: recordFrameIntervals = False
714.6371 	DATA 	Keypress: z
718.7113 	EXP 	window1: recordFrameIntervals = False
719.0313 	DATA 	Keypress: t
723.1880 	EXP 	window1: recordFrameIntervals = False
723.4567 	DATA 	Keypress: d
727.2806 	EXP 	window1: recordFrameIntervals = False
727.6328 	DATA 	Keypress: r
731.9075 	EXP 	window1: recordFrameIntervals = False
732.2933 	DATA 	Keypress: q
736.1671 	EXP 	window1: recordFrameIntervals = False
736.2020 	DATA 	Keypress: l
738.8581 	DATA 	Keypress: z
739.3756 	DATA 	Keypress: z
739.7097 	DATA 	Keypress: z
739.9936 	DATA 	Keypress: z
740.0408 	EXP 	window1: recordFrameIntervals = False
740.5768 	DATA 	Keypress: z
744.1697 	DATA 	Keypress: j
744.4340 	EXP 	window1: recordFrameIntervals = False
744.8541 	DATA 	Keypress: j
748.2137 	DATA 	Keypress: a
748.7147 	DATA 	Keypress: a
748.9624 	EXP 	window1: recordFrameIntervals = False
748.9973 	DATA 	Keypress: a
749.5173 	DATA 	Keypress: a
752.9046 	EXP 	window1: recordFrameIntervals = False
753.5075 	DATA 	Keypress: t
757.4648 	EXP 	window1: recordFrameIntervals = False
757.8004 	DATA 	Keypress: j
761.6408 	EXP 	window1: recordFrameIntervals = False
762.0932 	DATA 	Keypress: g
766.1843 	EXP 	window1: recordFrameIntervals = False
766.5031 	DATA 	Keypress: n
770.3102 	EXP 	window1: recordFrameIntervals = False
770.4955 	DATA 	Keypress: c
774.6031 	EXP 	window1: recordFrameIntervals = False
775.1568 	DATA 	Keypress: m
779.2953 	EXP 	window1: recordFrameIntervals = False
779.7321 	DATA 	Keypress: u
784.0059 	EXP 	window1: recordFrameIntervals = False
784.4583 	DATA 	Keypress: h
788.4842 	EXP 	window1: recordFrameIntervals = False
788.9868 	DATA 	Keypress: j
792.9108 	EXP 	window1: recordFrameIntervals = False
793.6807 	DATA 	Keypress: s
797.5545 	EXP 	window1: recordFrameIntervals = False
799.1262 	DATA 	Keypress: v
803.1336 	EXP 	window1: recordFrameIntervals = False
803.3023 	DATA 	Keypress: g
807.1594 	EXP 	window1: recordFrameIntervals = False
807.6119 	DATA 	Keypress: f
818.6822 	DATA 	Keypress: space
822.7927 	EXP 	window1: recordFrameIntervals = False
823.1783 	DATA 	Keypress: w
827.1024 	EXP 	window1: recordFrameIntervals = False
827.6886 	DATA 	Keypress: b
831.5504 	DATA 	Keypress: z
831.6308 	EXP 	window1: recordFrameIntervals = False
831.9664 	DATA 	Keypress: z
836.0073 	EXP 	window1: recordFrameIntervals = False
836.5433 	DATA 	Keypress: w
840.7178 	EXP 	window1: recordFrameIntervals = False
841.0534 	DATA 	Keypress: e
845.2112 	EXP 	window1: recordFrameIntervals = False
846.0813 	DATA 	Keypress: b
850.2224 	EXP 	window1: recordFrameIntervals = False
850.3743 	DATA 	Keypress: y
854.5321 	EXP 	window1: recordFrameIntervals = False
855.4021 	DATA 	Keypress: g
859.5433 	EXP 	window1: recordFrameIntervals = False
859.8966 	DATA 	Keypress: g
863.9030 	EXP 	window1: recordFrameIntervals = False
864.2385 	DATA 	Keypress: a
868.3782 	EXP 	window1: recordFrameIntervals = False
869.1146 	DATA 	Keypress: x
873.1221 	EXP 	window1: recordFrameIntervals = False
873.5078 	DATA 	Keypress: c
877.6339 	EXP 	window1: recordFrameIntervals = False
879.0217 	DATA 	Keypress: h
883.1294 	EXP 	window1: recordFrameIntervals = False
884.1667 	DATA 	Keypress: b
888.2742 	EXP 	window1: recordFrameIntervals = False
888.6934 	DATA 	Keypress: m
892.8512 	EXP 	window1: recordFrameIntervals = False
894.0553 	DATA 	Keypress: r
898.0128 	EXP 	window1: recordFrameIntervals = False
898.0644 	DATA 	Keypress: g
902.0247 	DATA 	Keypress: w
902.2556 	EXP 	window1: recordFrameIntervals = False
902.6414 	DATA 	Keypress: w
906.7824 	EXP 	window1: recordFrameIntervals = False
907.5021 	DATA 	Keypress: t
911.6098 	EXP 	window1: recordFrameIntervals = False
912.1625 	DATA 	Keypress: b
916.3521 	EXP 	window1: recordFrameIntervals = False
916.7043 	DATA 	Keypress: u
920.7954 	EXP 	window1: recordFrameIntervals = False
922.0513 	DATA 	Keypress: p
926.0755 	EXP 	window1: recordFrameIntervals = False
927.2964 	DATA 	Keypress: e
931.5211 	EXP 	window1: recordFrameIntervals = False
931.7741 	DATA 	Keypress: g
935.9310 	EXP 	window1: recordFrameIntervals = False
936.8177 	DATA 	Keypress: a
940.8253 	EXP 	window1: recordFrameIntervals = False
943.7333 	DATA 	Keypress: s
947.8576 	EXP 	window1: recordFrameIntervals = False
949.2958 	DATA 	Keypress: c
953.2364 	EXP 	window1: recordFrameIntervals = False
954.3905 	DATA 	Keypress: y
958.3478 	EXP 	window1: recordFrameIntervals = False
958.9006 	DATA 	Keypress: e
962.9398 	EXP 	window1: recordFrameIntervals = False
963.2422 	DATA 	Keypress: h
967.1325 	EXP 	window1: recordFrameIntervals = False
968.2364 	DATA 	Keypress: d
972.0146 	DATA 	Keypress: f
972.0786 	EXP 	window1: recordFrameIntervals = False
972.4141 	DATA 	Keypress: f
976.5218 	EXP 	window1: recordFrameIntervals = False
976.6068 	DATA 	Keypress: s
976.9077 	DATA 	Keypress: s
980.6310 	EXP 	window1: recordFrameIntervals = False
981.2672 	DATA 	Keypress: r
985.2413 	EXP 	window1: recordFrameIntervals = False
985.5935 	DATA 	Keypress: e
989.4842 	EXP 	window1: recordFrameIntervals = False
990.1717 	DATA 	Keypress: s
994.3952 	EXP 	window1: recordFrameIntervals = False
995.6161 	DATA 	Keypress: b
999.4064 	EXP 	window1: recordFrameIntervals = False
999.7086 	DATA 	Keypress: x
1003.9833 	EXP 	window1: recordFrameIntervals = False
1003.9850 	DATA 	Keypress: j
1004.3856 	DATA 	Keypress: j
1008.5085 	EXP 	window1: recordFrameIntervals = False
1009.6124 	DATA 	Keypress: x
1013.8872 	EXP 	window1: recordFrameIntervals = False
1014.9928 	DATA 	Keypress: r
1019.2508 	EXP 	window1: recordFrameIntervals = False
1020.2379 	DATA 	Keypress: j
1024.1952 	EXP 	window1: recordFrameIntervals = False
1026.0007 	DATA 	Keypress: e
1029.7910 	EXP 	window1: recordFrameIntervals = False
1031.1288 	DATA 	Keypress: o
1035.2199 	EXP 	window1: recordFrameIntervals = False
1036.2904 	DATA 	Keypress: f
1040.4650 	EXP 	window1: recordFrameIntervals = False
1041.1011 	DATA 	Keypress: p
1045.1422 	EXP 	window1: recordFrameIntervals = False
1045.7616 	DATA 	Keypress: p
1049.8009 	EXP 	window1: recordFrameIntervals = False
1050.8046 	DATA 	Keypress: h
1054.6117 	EXP 	window1: recordFrameIntervals = False
1055.5654 	DATA 	Keypress: k
1059.6746 	EXP 	window1: recordFrameIntervals = False
1060.5950 	DATA 	Keypress: x
1064.4353 	EXP 	window1: recordFrameIntervals = False
1065.8398 	DATA 	Keypress: d
1069.8975 	EXP 	window1: recordFrameIntervals = False
1070.9847 	DATA 	Keypress: t
1074.8753 	EXP 	window1: recordFrameIntervals = False
1075.8622 	DATA 	Keypress: l
1079.9533 	EXP 	window1: recordFrameIntervals = False
1080.7399 	DATA 	Keypress: j
1084.5304 	EXP 	window1: recordFrameIntervals = False
1085.5342 	DATA 	Keypress: x
1089.5750 	EXP 	window1: recordFrameIntervals = False
1090.0942 	DATA 	Keypress: s
1094.2503 	EXP 	window1: recordFrameIntervals = False
1095.3710 	DATA 	Keypress: u
1099.5790 	EXP 	window1: recordFrameIntervals = False
1100.5676 	DATA 	Keypress: f
1104.7756 	EXP 	window1: recordFrameIntervals = False
1105.9130 	DATA 	Keypress: k
1109.9038 	EXP 	window1: recordFrameIntervals = False
1110.7570 	DATA 	Keypress: r
1114.6979 	EXP 	window1: recordFrameIntervals = False
1115.6850 	DATA 	Keypress: x
1119.9429 	EXP 	window1: recordFrameIntervals = False
1121.0302 	DATA 	Keypress: n
1125.0042 	EXP 	window1: recordFrameIntervals = False
1126.0748 	DATA 	Keypress: x
1129.8818 	EXP 	window1: recordFrameIntervals = False
1130.7018 	DATA 	Keypress: k
1134.8078 	EXP 	window1: recordFrameIntervals = False
1135.7446 	DATA 	Keypress: g
1139.6854 	EXP 	window1: recordFrameIntervals = False
1140.8227 	DATA 	Keypress: g
1145.0324 	EXP 	window1: recordFrameIntervals = False
1145.1842 	DATA 	Keypress: g
1149.3253 	EXP 	window1: recordFrameIntervals = False
1150.2288 	DATA 	Keypress: d
1154.3031 	EXP 	window1: recordFrameIntervals = False
1155.3068 	DATA 	Keypress: u
1159.3310 	EXP 	window1: recordFrameIntervals = False
1159.9172 	DATA 	Keypress: z
1163.5159 	DATA 	Keypress: space
1167.5312 	EXP 	window1: recordFrameIntervals = False
1167.5319 	ERROR 	trialnum=211 ERROR,2 frames were longer than 20.8 ms apparently screen refreshes skipped, interframe durs were:[ 20.9  24. ] and was these frames: [ 23 142]
1167.5323 	INFO 	flankers also=[ 16.7  20.9  12.7  17.   24.   13.7]
1168.8189 	DATA 	Keypress: f
1172.9933 	EXP 	window1: recordFrameIntervals = False
1173.3640 	DATA 	Keypress: v
1177.3380 	EXP 	window1: recordFrameIntervals = False
1177.3384 	ERROR 	trialnum=213 ERROR,1 frames were longer than 20.8 ms apparently screen refreshes skipped, interframe durs were:[ 21.3] and was these frames: [50]
1177.3387 	INFO 	flankers also=[ 16.7  21.3  12.6]
1178.1247 	DATA 	Keypress: b
1182.2657 	EXP 	window1: recordFrameIntervals = False
1182.8852 	DATA 	Keypress: l
1186.6924 	EXP 	window1: recordFrameIntervals = False
1187.6963 	DATA 	Keypress: u
1191.6534 	EXP 	window1: recordFrameIntervals = False
1193.1749 	DATA 	Keypress: r
1197.4331 	EXP 	window1: recordFrameIntervals = False
1198.8208 	DATA 	Keypress: a
1202.7950 	EXP 	window1: recordFrameIntervals = False
1203.8503 	DATA 	Keypress: b
1208.0051 	EXP 	window1: recordFrameIntervals = False
1208.8754 	DATA 	Keypress: v
1212.8994 	EXP 	window1: recordFrameIntervals = False
1212.8999 	ERROR 	trialnum=220 ERROR,1 frames were longer than 20.8 ms apparently screen refreshes skipped, interframe durs were:[ 22.1] and was these frames: [130]
1212.9002 	INFO 	flankers also=[ 16.8  22.1  11.3]
1214.2559 	DATA 	Keypress: f
1218.5302 	EXP 	window1: recordFrameIntervals = False
1218.9661 	DATA 	Keypress: y
1223.1907 	EXP 	window1: recordFrameIntervals = False
1224.7121 	DATA 	Keypress: n
1228.9870 	EXP 	window1: recordFrameIntervals = False
1229.3893 	DATA 	Keypress: m
1233.5639 	EXP 	window1: recordFrameIntervals = False
1233.9496 	DATA 	Keypress: v
1237.7399 	EXP 	window1: recordFrameIntervals = False
1238.8105 	DATA 	Keypress: x
1242.8012 	EXP 	window1: recordFrameIntervals = False
1243.5211 	DATA 	Keypress: m
1247.5769 	EXP 	window1: recordFrameIntervals = False
1248.4637 	DATA 	Keypress: r
1252.5046 	EXP 	window1: recordFrameIntervals = False
1252.9404 	DATA 	Keypress: b
1256.7354 	DATA 	Keypress: u
1256.8827 	EXP 	window1: recordFrameIntervals = False
1257.2516 	DATA 	Keypress: u
1261.5098 	EXP 	window1: recordFrameIntervals = False
1262.2964 	DATA 	Keypress: r
1266.5544 	EXP 	window1: recordFrameIntervals = False
1267.3242 	DATA 	Keypress: f
1271.2649 	EXP 	window1: recordFrameIntervals = False
1271.6839 	DATA 	Keypress: d
1275.8252 	EXP 	window1: recordFrameIntervals = False
1276.3612 	DATA 	Keypress: h
1280.1516 	EXP 	window1: recordFrameIntervals = False
1281.2722 	DATA 	Keypress: f
1285.1962 	EXP 	window1: recordFrameIntervals = False
1285.2478 	DATA 	Keypress: z
1289.2536 	EXP 	window1: recordFrameIntervals = False
1289.7895 	DATA 	Keypress: u
1293.2491 	DATA 	Keypress: j
1293.6665 	DATA 	Keypress: j
1293.9808 	EXP 	window1: recordFrameIntervals = False
1294.6187 	DATA 	Keypress: j
1298.5427 	EXP 	window1: recordFrameIntervals = False
1300.1654 	DATA 	Keypress: l
1304.2054 	EXP 	window1: recordFrameIntervals = False
1305.0093 	DATA 	Keypress: o
1309.2501 	EXP 	window1: recordFrameIntervals = False
1309.6364 	DATA 	Keypress: u
1313.8938 	EXP 	window1: recordFrameIntervals = False
1314.4472 	DATA 	Keypress: a
1318.4540 	EXP 	window1: recordFrameIntervals = False
1318.7569 	DATA 	Keypress: p
1322.8972 	EXP 	window1: recordFrameIntervals = False
1324.0688 	DATA 	Keypress: b
1327.9586 	EXP 	window1: recordFrameIntervals = False
1329.2805 	DATA 	Keypress: j
1333.0851 	EXP 	window1: recordFrameIntervals = False
1333.0855 	ERROR 	trialnum=245 ERROR,1 frames were longer than 20.8 ms apparently screen refreshes skipped, interframe durs were:[ 42.3] and was these frames: [9]
1333.0858 	INFO 	flankers also=[ 16.8  42.3   2. ]
1333.5216 	DATA 	Keypress: a
1337.5116 	EXP 	window1: recordFrameIntervals = False
1337.8981 	DATA 	Keypress: a
1342.1236 	EXP 	window1: recordFrameIntervals = False
1343.8798 	DATA 	Keypress: r
1348.1037 	EXP 	window1: recordFrameIntervals = False
1348.1732 	DATA 	Keypress: l
1352.3297 	EXP 	window1: recordFrameIntervals = False
1352.6662 	DATA 	Keypress: u
1356.7897 	EXP 	window1: recordFrameIntervals = False
1357.4612 	DATA 	Keypress: x
1361.6339 	EXP 	window1: recordFrameIntervals = False
1362.8556 	DATA 	Keypress: q
1367.1128 	EXP 	window1: recordFrameIntervals = False
1367.8667 	DATA 	Keypress: h
1371.7231 	EXP 	window1: recordFrameIntervals = False
1373.1285 	DATA 	Keypress: a
1376.9833 	EXP 	window1: recordFrameIntervals = False
1376.9837 	ERROR 	trialnum=254 ERROR,1 frames were longer than 20.8 ms apparently screen refreshes skipped, interframe durs were:[ 41.5] and was these frames: [3]
1376.9840 	INFO 	flankers also=[ 16.5  41.5   1.9]
1378.5726 	DATA 	Keypress: l
1382.7128 	EXP 	window1: recordFrameIntervals = False
1383.5186 	DATA 	Keypress: x
1387.5252 	EXP 	window1: recordFrameIntervals = False
1387.9284 	DATA 	Keypress: p
1392.0559 	DATA 	Keypress: a
1392.1188 	EXP 	window1: recordFrameIntervals = False
1392.4888 	DATA 	Keypress: a
1396.6623 	EXP 	window1: recordFrameIntervals = False
1397.5333 	DATA 	Keypress: b
1401.6107 	DATA 	Keypress: c
1401.6401 	EXP 	window1: recordFrameIntervals = False
1402.0433 	DATA 	Keypress: c
1405.9998 	EXP 	window1: recordFrameIntervals = False
1406.9553 	DATA 	Keypress: d
1411.1782 	EXP 	window1: recordFrameIntervals = False
1412.1327 	DATA 	Keypress: b
1416.3381 	EXP 	window1: recordFrameIntervals = False
1416.8584 	DATA 	Keypress: i
1419.6669 	DATA 	Keypress: i
1420.4846 	DATA 	Keypress: p
1420.8481 	EXP 	window1: recordFrameIntervals = False
1421.3516 	DATA 	Keypress: i
1425.2596 	EXP 	window1: recordFrameIntervals = False
1425.8466 	DATA 	Keypress: m
1429.7864 	EXP 	window1: recordFrameIntervals = False
1431.2255 	DATA 	Keypress: g
1434.8350 	DATA 	Keypress: b
1435.4157 	EXP 	window1: recordFrameIntervals = False
1436.1865 	DATA 	Keypress: v
1439.5454 	DATA 	Keypress: n
1440.1931 	EXP 	window1: recordFrameIntervals = False
1440.6966 	DATA 	Keypress: n
1444.6865 	EXP 	window1: recordFrameIntervals = False
1444.7724 	DATA 	Keypress: s
1448.1146 	DATA 	Keypress: z
1448.5619 	EXP 	window1: recordFrameIntervals = False
1448.6478 	DATA 	Keypress: z
1452.7211 	EXP 	window1: recordFrameIntervals = False
1452.8739 	DATA 	Keypress: j
1453.0487 	DATA 	Keypress: j
1457.1310 	EXP 	window1: recordFrameIntervals = False
1457.5675 	DATA 	Keypress: n
1461.5893 	EXP 	window1: recordFrameIntervals = False
1461.9425 	DATA 	Keypress: j
1465.8155 	EXP 	window1: recordFrameIntervals = False
1466.8703 	DATA 	Keypress: v
1470.9787 	EXP 	window1: recordFrameIntervals = False
1471.4153 	DATA 	Keypress: f
1475.3219 	EXP 	window1: recordFrameIntervals = False
1475.6915 	DATA 	Keypress: a
1479.5813 	EXP 	window1: recordFrameIntervals = False
1480.6860 	DATA 	Keypress: p
1484.4756 	EXP 	window1: recordFrameIntervals = False
1484.8119 	DATA 	Keypress: u
1488.8687 	EXP 	window1: recordFrameIntervals = False
1489.1383 	DATA 	Keypress: r
1493.2619 	EXP 	window1: recordFrameIntervals = False
1493.7820 	DATA 	Keypress: c
1494.2975 	INFO 	Finishing at 11:26 on 06 Feb 2019
1494.7198 	EXP 	window1: mouseVisible = True
