46.0992 	INFO 	Successfully set darwin thread to realtime
47.1107 	INFO 	#[ PsychoPy3 RuntimeInfoStart ]
  #[[ PsychoPy ]] #---------
    psychopyVersion: 3.0.3
    psychopyHaveExtRush: True
  #[[ Experiment ]] #---------
    experimentRunTime: 2019_02_07 12:10 (Year_Month_Day Hour:Min)
    experimentRunTime.epoch: 1549559436
    experimentScript: RSVP_visual_now.py
    experimentScript.digestSHA1: 5747e7b028e5214bb1487bf8cad4d19d8f419680
    experimentScript.directory: /Users/vsg/Documents/GitHub/spatio_temporal_information_processing/RSVP_visual_now
  #[[ System ]] #---------
    systemHaveInternetAccess: True
    systemHostName: VSG-lab1.local
    systemLocale: C
    systemMemFreeRAM: 1753.9453125
    systemMemTotalRAM: 4096.0
    systemPlatform: darwin 10.10.5 x86_64
    systemRavailable: R version 3.2.3 (2015-12-10) -- Wooden Christmas-Tree
    systemRebooted: Feb 4 16:27
    systemSec.OpenSSLVersion: OpenSSL 0.9.8zg 14 July 2015
    systemSec.pythonSSL: True
    systemTimeNumpySD1000000_sec: 0.0123
    systemUser: vsg
    systemUserID: 502
    systemUserProcCount: 78
    systemUserProcFlagged: mdworker Safari
    systemUsersCount: 1
  #[[ Window ]] #---------
    windowWinType: pyglet
    windowUnits: deg
    windowSize_pix: [1920 1200]
    windowScreen: 0
    windowRgb: [-0.7 -0.7 -0.7]
    windowRefreshTimeSD_ms: 0.046
    windowRefreshTimeMedian_ms: 16.709
    windowRefreshTimeAvg_ms: 16.705
    windowPos_pix: [0, 0]
    windowMonitor.name: testmonitor
    windowMonitor.getWidth_cm: 52.0
    windowMonitor.getDistance_cm: 65.0
    windowMonitor.currentCalibName: 2019_02_04 12:46
    windowIsFullScr: True
  #[[ Python ]] #---------
    pythonVersion: 2.7.13
  #[[ OpenGL ]] #---------
#[ PsychoPy3 RuntimeInfoEnd ]

47.1300 	WARNING 	Could not load the desired click sound file, instead using manually created inferior click
48.0015 	EXP 	Created sequence: random, trialTypes=280, nReps=14, seed=None
48.5714 	INFO 	numtrials=280 and each trialDurFrames=156 or 2600.0 ms  task=T1
49.1910 	EXP 	Created text = TextStim(alignHoriz='center', alignVert='center', antialias=True, autoLog=True, bold=False, color=array([ 1.,  1.,  1.]), colorSpace='rgb', contrast=1.0, depth=-1.0, flipHoriz=False, flipVert=False, font='Arial', fontFiles=[], height=0.5, italic=False, languageStyle='LTR', name='text', opacity=1.0, ori=0, pos=array([ 0.,  0.]), rgb=array([ 1.,  1.,  1.]), text='', units='deg', win=Window(...), wrapWidth=30)
49.8288 	EXP 	text: text = "Welcome! Thank you for agreeing to participate in this study.\n\nYou will be presented with a Rapid Stream of letters. Your task is to identify one of the letters.\n\nThe letter you're supposed to identify is accompanied by a probe that can appear anywhere on the horizontal axis of the screen.\n\nThe probe is a circular disk that will be flashed for a very brief time.\n\nOnce you've identified the letter after the trial ends, type it out on the keyboard.\n\nIf you're feeling uncomfortable, you can press ESC key any time to stop the experiment.\n\nPress any key when you are ready to begin the experiment.\n\n"
49.8288 	EXP 	text: autoDraw = True
195.2314 	DATA 	Keypress: return
195.2322 	EXP 	text: autoDraw = False
195.2325 	INFO 	Experiment will have 280 trials. Letters will be drawn with superposed noise of0.00%
195.2325 	INFO 	Starting main (non-staircase) part of experiment
198.7328 	EXP 	window1: recordFrameIntervals = False
200.5226 	DATA 	Keypress: r
204.3787 	EXP 	window1: recordFrameIntervals = False
206.0190 	DATA 	Keypress: j
209.8927 	EXP 	window1: recordFrameIntervals = False
211.3307 	DATA 	Keypress: p
215.3550 	EXP 	window1: recordFrameIntervals = False
216.8776 	DATA 	Keypress: t
221.0343 	EXP 	window1: recordFrameIntervals = False
222.3721 	DATA 	Keypress: a
226.5133 	EXP 	window1: recordFrameIntervals = False
227.6851 	DATA 	Keypress: g
231.4912 	EXP 	window1: recordFrameIntervals = False
233.1462 	DATA 	Keypress: n
237.0035 	EXP 	window1: recordFrameIntervals = False
238.1241 	DATA 	Keypress: z
242.3972 	EXP 	window1: recordFrameIntervals = False
243.6684 	DATA 	Keypress: b
247.7760 	EXP 	window1: recordFrameIntervals = False
248.9984 	DATA 	Keypress: w
253.1898 	EXP 	window1: recordFrameIntervals = False
254.4940 	DATA 	Keypress: t
258.5685 	EXP 	window1: recordFrameIntervals = False
259.8561 	DATA 	Keypress: s
263.7300 	EXP 	window1: recordFrameIntervals = False
265.0176 	DATA 	Keypress: a
269.1588 	EXP 	window1: recordFrameIntervals = False
270.3129 	DATA 	Keypress: c
274.4540 	EXP 	window1: recordFrameIntervals = False
275.8420 	DATA 	Keypress: v
279.7492 	EXP 	window1: recordFrameIntervals = False
280.9533 	DATA 	Keypress: r
285.1763 	EXP 	window1: recordFrameIntervals = False
286.3973 	DATA 	Keypress: z
290.4215 	EXP 	window1: recordFrameIntervals = False
291.4435 	DATA 	Keypress: g
295.2673 	EXP 	window1: recordFrameIntervals = False
296.3210 	DATA 	Keypress: t
300.4790 	EXP 	window1: recordFrameIntervals = False
301.0828 	DATA 	Keypress: s
305.3398 	EXP 	window1: recordFrameIntervals = False
305.8758 	DATA 	Keypress: a
309.6996 	EXP 	window1: recordFrameIntervals = False
310.1688 	DATA 	Keypress: k
314.4436 	EXP 	window1: recordFrameIntervals = False
314.8460 	DATA 	Keypress: w
319.1041 	EXP 	window1: recordFrameIntervals = False
320.8762 	DATA 	Keypress: y
325.1493 	EXP 	window1: recordFrameIntervals = False
326.3033 	DATA 	Keypress: c
330.2272 	EXP 	window1: recordFrameIntervals = False
330.7300 	DATA 	Keypress: q
334.9228 	EXP 	window1: recordFrameIntervals = False
335.8430 	DATA 	Keypress: s
339.7336 	EXP 	window1: recordFrameIntervals = False
340.8208 	DATA 	Keypress: c
344.9285 	EXP 	window1: recordFrameIntervals = False
345.6482 	DATA 	Keypress: a
349.8563 	EXP 	window1: recordFrameIntervals = False
350.3754 	DATA 	Keypress: r
354.4666 	EXP 	window1: recordFrameIntervals = False
355.2030 	DATA 	Keypress: t
359.0435 	EXP 	window1: recordFrameIntervals = False
359.5460 	DATA 	Keypress: w
363.8042 	EXP 	window1: recordFrameIntervals = False
364.3401 	DATA 	Keypress: l
368.3461 	EXP 	window1: recordFrameIntervals = False
369.5502 	DATA 	Keypress: m
373.6579 	EXP 	window1: recordFrameIntervals = False
374.2272 	DATA 	Keypress: h
378.0862 	EXP 	window1: recordFrameIntervals = False
378.6724 	DATA 	Keypress: b
382.5628 	EXP 	window1: recordFrameIntervals = False
383.8006 	DATA 	Keypress: c
388.0417 	EXP 	window1: recordFrameIntervals = False
389.2961 	DATA 	Keypress: j
393.0865 	EXP 	window1: recordFrameIntervals = False
394.3907 	DATA 	Keypress: n
398.5987 	EXP 	window1: recordFrameIntervals = False
399.5023 	DATA 	Keypress: x
403.4930 	EXP 	window1: recordFrameIntervals = False
403.9122 	DATA 	Keypress: b
407.7191 	EXP 	window1: recordFrameIntervals = False
408.8900 	DATA 	Keypress: s
412.8958 	EXP 	window1: recordFrameIntervals = False
413.4986 	DATA 	Keypress: d
417.4393 	EXP 	window1: recordFrameIntervals = False
418.0087 	DATA 	Keypress: e
422.2517 	EXP 	window1: recordFrameIntervals = False
422.7711 	DATA 	Keypress: v
426.7619 	EXP 	window1: recordFrameIntervals = False
427.3313 	DATA 	Keypress: z
431.1216 	EXP 	window1: recordFrameIntervals = False
431.6576 	DATA 	Keypress: b
435.4813 	EXP 	window1: recordFrameIntervals = False
435.9338 	DATA 	Keypress: w
439.9246 	EXP 	window1: recordFrameIntervals = False
440.3271 	DATA 	Keypress: s
444.2510 	EXP 	window1: recordFrameIntervals = False
444.6210 	DATA 	Keypress: f
448.7444 	EXP 	window1: recordFrameIntervals = False
449.1134 	DATA 	Keypress: q
453.1192 	EXP 	window1: recordFrameIntervals = False
453.9894 	DATA 	Keypress: p
457.8966 	EXP 	window1: recordFrameIntervals = False
458.5161 	DATA 	Keypress: u
462.7592 	EXP 	window1: recordFrameIntervals = False
463.3787 	DATA 	Keypress: t
467.2024 	EXP 	window1: recordFrameIntervals = False
467.5881 	DATA 	Keypress: v
471.7292 	EXP 	window1: recordFrameIntervals = False
472.1985 	DATA 	Keypress: w
476.2226 	EXP 	window1: recordFrameIntervals = False
476.6751 	DATA 	Keypress: x
480.8330 	EXP 	window1: recordFrameIntervals = False
481.9869 	DATA 	Keypress: m
486.0613 	EXP 	window1: recordFrameIntervals = False
486.8478 	DATA 	Keypress: e
490.9723 	EXP 	window1: recordFrameIntervals = False
491.4248 	DATA 	Keypress: d
495.6645 	EXP 	window1: recordFrameIntervals = False
497.0023 	DATA 	Keypress: u
501.0599 	EXP 	window1: recordFrameIntervals = False
502.5333 	DATA 	Keypress: y
506.5739 	EXP 	window1: recordFrameIntervals = False
507.0265 	DATA 	Keypress: y
511.1342 	EXP 	window1: recordFrameIntervals = False
511.8039 	DATA 	Keypress: s
515.6777 	EXP 	window1: recordFrameIntervals = False
516.2804 	DATA 	Keypress: m
520.3213 	EXP 	window1: recordFrameIntervals = False
521.2091 	DATA 	Keypress: g
525.4829 	EXP 	window1: recordFrameIntervals = False
526.0022 	DATA 	Keypress: p
530.2102 	EXP 	window1: recordFrameIntervals = False
530.7962 	DATA 	Keypress: a
534.6201 	EXP 	window1: recordFrameIntervals = False
535.0727 	DATA 	Keypress: i
539.0617 	EXP 	window1: recordFrameIntervals = False
539.5979 	DATA 	Keypress: q
543.5885 	EXP 	window1: recordFrameIntervals = False
544.2416 	DATA 	Keypress: b
546.8800 	DATA 	Keypress: space
550.6059 	EXP 	window1: recordFrameIntervals = False
550.9927 	DATA 	Keypress: j
555.2830 	EXP 	window1: recordFrameIntervals = False
555.6853 	DATA 	Keypress: m
559.8266 	EXP 	window1: recordFrameIntervals = False
560.6632 	DATA 	Keypress: u
564.7693 	EXP 	window1: recordFrameIntervals = False
565.2052 	DATA 	Keypress: z
569.0288 	EXP 	window1: recordFrameIntervals = False
569.5992 	DATA 	Keypress: d
573.7076 	EXP 	window1: recordFrameIntervals = False
574.2770 	DATA 	Keypress: z
578.2011 	EXP 	window1: recordFrameIntervals = False
578.6535 	DATA 	Keypress: i
582.4605 	EXP 	window1: recordFrameIntervals = False
583.1803 	DATA 	Keypress: y
587.1544 	EXP 	window1: recordFrameIntervals = False
587.8574 	DATA 	Keypress: r
592.0821 	EXP 	window1: recordFrameIntervals = False
592.9187 	DATA 	Keypress: h
596.9097 	EXP 	window1: recordFrameIntervals = False
597.7464 	DATA 	Keypress: y
601.6535 	EXP 	window1: recordFrameIntervals = False
602.9586 	DATA 	Keypress: r
606.8135 	EXP 	window1: recordFrameIntervals = False
607.3996 	DATA 	Keypress: r
611.5908 	EXP 	window1: recordFrameIntervals = False
612.0433 	DATA 	Keypress: l
616.2697 	EXP 	window1: recordFrameIntervals = False
616.7556 	DATA 	Keypress: k
620.7296 	EXP 	window1: recordFrameIntervals = False
621.1654 	DATA 	Keypress: q
625.1729 	EXP 	window1: recordFrameIntervals = False
625.6254 	DATA 	Keypress: a
629.5827 	EXP 	window1: recordFrameIntervals = False
630.0354 	DATA 	Keypress: j
634.0428 	EXP 	window1: recordFrameIntervals = False
634.4131 	DATA 	Keypress: k
638.5194 	EXP 	window1: recordFrameIntervals = False
638.9720 	DATA 	Keypress: j
642.8291 	EXP 	window1: recordFrameIntervals = False
643.1981 	DATA 	Keypress: j
647.0034 	EXP 	window1: recordFrameIntervals = False
647.5895 	DATA 	Keypress: r
651.7976 	EXP 	window1: recordFrameIntervals = False
652.6676 	DATA 	Keypress: f
656.9107 	EXP 	window1: recordFrameIntervals = False
657.3130 	DATA 	Keypress: x
661.3038 	EXP 	window1: recordFrameIntervals = False
661.9401 	DATA 	Keypress: b
665.7303 	EXP 	window1: recordFrameIntervals = False
666.1662 	DATA 	Keypress: w
670.0568 	EXP 	window1: recordFrameIntervals = False
670.9269 	DATA 	Keypress: y
674.7840 	EXP 	window1: recordFrameIntervals = False
675.2365 	DATA 	Keypress: w
679.0769 	EXP 	window1: recordFrameIntervals = False
679.5295 	DATA 	Keypress: u
683.7207 	EXP 	window1: recordFrameIntervals = False
684.1564 	DATA 	Keypress: w
688.3962 	EXP 	window1: recordFrameIntervals = False
688.7818 	DATA 	Keypress: b
692.8562 	EXP 	window1: recordFrameIntervals = False
693.2752 	DATA 	Keypress: f
697.5183 	EXP 	window1: recordFrameIntervals = False
698.1043 	DATA 	Keypress: e
702.3291 	EXP 	window1: recordFrameIntervals = False
702.8150 	DATA 	Keypress: v
707.0396 	EXP 	window1: recordFrameIntervals = False
707.4253 	DATA 	Keypress: j
711.6499 	EXP 	window1: recordFrameIntervals = False
712.2693 	DATA 	Keypress: n
716.2269 	EXP 	window1: recordFrameIntervals = False
717.1471 	DATA 	Keypress: v
720.9373 	EXP 	window1: recordFrameIntervals = False
721.3564 	DATA 	Keypress: p
725.4308 	EXP 	window1: recordFrameIntervals = False
725.8332 	DATA 	Keypress: i
729.8557 	EXP 	window1: recordFrameIntervals = False
730.5420 	DATA 	Keypress: r
734.5329 	EXP 	window1: recordFrameIntervals = False
735.0524 	DATA 	Keypress: t
739.1782 	EXP 	window1: recordFrameIntervals = False
739.5807 	DATA 	Keypress: s
743.8220 	EXP 	window1: recordFrameIntervals = False
744.1574 	DATA 	Keypress: p
748.0815 	EXP 	window1: recordFrameIntervals = False
748.4671 	DATA 	Keypress: f
752.3076 	EXP 	window1: recordFrameIntervals = False
752.3081 	ERROR 	trialnum=115 ERROR,1 frames were longer than 20.8 ms apparently screen refreshes skipped, interframe durs were:[ 21.4] and was these frames: [73]
752.3084 	INFO 	flankers also=[ 16.7  21.4  12. ]
752.7436 	DATA 	Keypress: f
756.7509 	EXP 	window1: recordFrameIntervals = False
757.2870 	DATA 	Keypress: m
761.4280 	EXP 	window1: recordFrameIntervals = False
761.7971 	DATA 	Keypress: a
765.9047 	EXP 	window1: recordFrameIntervals = False
766.7416 	DATA 	Keypress: m
771.0313 	EXP 	window1: recordFrameIntervals = False
771.4504 	DATA 	Keypress: w
775.6918 	EXP 	window1: recordFrameIntervals = False
776.3614 	DATA 	Keypress: r
780.5208 	EXP 	window1: recordFrameIntervals = False
781.0067 	DATA 	Keypress: p
784.9140 	EXP 	window1: recordFrameIntervals = False
785.3163 	DATA 	Keypress: r
789.2405 	EXP 	window1: recordFrameIntervals = False
790.3276 	DATA 	Keypress: p
794.3853 	EXP 	window1: recordFrameIntervals = False
795.0047 	DATA 	Keypress: p
799.0958 	EXP 	window1: recordFrameIntervals = False
799.6819 	DATA 	Keypress: j
803.6727 	EXP 	window1: recordFrameIntervals = False
804.1252 	DATA 	Keypress: a
808.1494 	EXP 	window1: recordFrameIntervals = False
809.6709 	DATA 	Keypress: n
813.8605 	EXP 	window1: recordFrameIntervals = False
814.4968 	DATA 	Keypress: k
818.5711 	EXP 	window1: recordFrameIntervals = False
819.3420 	DATA 	Keypress: b
823.2833 	EXP 	window1: recordFrameIntervals = False
823.7859 	DATA 	Keypress: r
828.0105 	EXP 	window1: recordFrameIntervals = False
828.3973 	DATA 	Keypress: e
832.4371 	EXP 	window1: recordFrameIntervals = False
832.8728 	DATA 	Keypress: a
836.8136 	EXP 	window1: recordFrameIntervals = False
837.2995 	DATA 	Keypress: f
841.2402 	EXP 	window1: recordFrameIntervals = False
841.6425 	DATA 	Keypress: j
845.8839 	EXP 	window1: recordFrameIntervals = False
846.5870 	DATA 	Keypress: h
850.4275 	EXP 	window1: recordFrameIntervals = False
850.9299 	DATA 	Keypress: e
854.7354 	EXP 	window1: recordFrameIntervals = False
854.7359 	ERROR 	trialnum=137 ERROR,1 frames were longer than 20.8 ms apparently screen refreshes skipped, interframe durs were:[ 41.3] and was these frames: [6]
854.7362 	INFO 	flankers also=[ 16.7  41.3   1.9]
855.1545 	DATA 	Keypress: e
858.9449 	EXP 	window1: recordFrameIntervals = False
860.2492 	DATA 	Keypress: m
864.1248 	EXP 	window1: recordFrameIntervals = False
864.6107 	DATA 	Keypress: g
868.6683 	EXP 	window1: recordFrameIntervals = False
869.4047 	DATA 	Keypress: h
870.9150 	DATA 	Keypress: j
871.7871 	DATA 	Keypress: space
875.8845 	EXP 	window1: recordFrameIntervals = False
876.4538 	DATA 	Keypress: r
880.2442 	EXP 	window1: recordFrameIntervals = False
880.7635 	DATA 	Keypress: h
884.9698 	EXP 	window1: recordFrameIntervals = False
886.3912 	DATA 	Keypress: k
890.5531 	EXP 	window1: recordFrameIntervals = False
890.9196 	DATA 	Keypress: n
894.8102 	EXP 	window1: recordFrameIntervals = False
895.3797 	DATA 	Keypress: x
899.2702 	EXP 	window1: recordFrameIntervals = False
899.9063 	DATA 	Keypress: n
904.1143 	EXP 	window1: recordFrameIntervals = False
905.1849 	DATA 	Keypress: h
909.3928 	EXP 	window1: recordFrameIntervals = False
910.1627 	DATA 	Keypress: r
914.0532 	EXP 	window1: recordFrameIntervals = False
914.4224 	DATA 	Keypress: f
918.4131 	EXP 	window1: recordFrameIntervals = False
918.8655 	DATA 	Keypress: s
922.6709 	EXP 	window1: recordFrameIntervals = False
922.6712 	ERROR 	trialnum=151 ERROR,1 frames were longer than 20.8 ms apparently screen refreshes skipped, interframe durs were:[ 24.6] and was these frames: [2]
922.6715 	INFO 	flankers also=[ 16.5  24.6  17.3]
923.1570 	DATA 	Keypress: s
927.0141 	EXP 	window1: recordFrameIntervals = False
927.7848 	DATA 	Keypress: r
931.6427 	EXP 	window1: recordFrameIntervals = False
932.0117 	DATA 	Keypress: s
936.2864 	EXP 	window1: recordFrameIntervals = False
936.6387 	DATA 	Keypress: w
940.6128 	EXP 	window1: recordFrameIntervals = False
941.3826 	DATA 	Keypress: n
945.2564 	EXP 	window1: recordFrameIntervals = False
945.6755 	DATA 	Keypress: r
949.7666 	EXP 	window1: recordFrameIntervals = False
951.0876 	DATA 	Keypress: t
955.0116 	EXP 	window1: recordFrameIntervals = False
955.4475 	DATA 	Keypress: z
959.4048 	EXP 	window1: recordFrameIntervals = False
959.8740 	DATA 	Keypress: r
963.6962 	EXP 	window1: recordFrameIntervals = False
963.6966 	ERROR 	trialnum=160 ERROR,1 frames were longer than 20.8 ms apparently screen refreshes skipped, interframe durs were:[ 24.8] and was these frames: [6]
963.6968 	INFO 	flankers also=[ 16.8  24.8  16.9]
964.7676 	DATA 	Keypress: m
968.9245 	EXP 	window1: recordFrameIntervals = False
969.3111 	DATA 	Keypress: w
973.6034 	EXP 	window1: recordFrameIntervals = False
974.2061 	DATA 	Keypress: x
978.0967 	EXP 	window1: recordFrameIntervals = False
978.5669 	DATA 	Keypress: u
982.4230 	EXP 	window1: recordFrameIntervals = False
983.0426 	DATA 	Keypress: x
986.8329 	EXP 	window1: recordFrameIntervals = False
987.9702 	DATA 	Keypress: n
992.0279 	EXP 	window1: recordFrameIntervals = False
992.5973 	DATA 	Keypress: b
996.6883 	EXP 	window1: recordFrameIntervals = False
997.4248 	DATA 	Keypress: t
1001.5493 	EXP 	window1: recordFrameIntervals = False
1001.9683 	DATA 	Keypress: y
1006.0912 	EXP 	window1: recordFrameIntervals = False
1006.4934 	DATA 	Keypress: d
1010.6513 	EXP 	window1: recordFrameIntervals = False
1011.2707 	DATA 	Keypress: t
1015.1964 	EXP 	window1: recordFrameIntervals = False
1015.6489 	DATA 	Keypress: h
1019.6398 	EXP 	window1: recordFrameIntervals = False
1020.0088 	DATA 	Keypress: p
1023.8324 	EXP 	window1: recordFrameIntervals = False
1024.4530 	DATA 	Keypress: h
1028.3927 	EXP 	window1: recordFrameIntervals = False
1028.9788 	DATA 	Keypress: s
1033.1366 	EXP 	window1: recordFrameIntervals = False
1033.7062 	DATA 	Keypress: x
1037.7135 	EXP 	window1: recordFrameIntervals = False
1038.2162 	DATA 	Keypress: k
1042.4909 	EXP 	window1: recordFrameIntervals = False
1042.8933 	DATA 	Keypress: b
1047.1496 	EXP 	window1: recordFrameIntervals = False
1047.6689 	DATA 	Keypress: p
1051.7934 	EXP 	window1: recordFrameIntervals = False
1052.1793 	DATA 	Keypress: q
1056.0045 	EXP 	window1: recordFrameIntervals = False
1056.3567 	DATA 	Keypress: t
1060.2306 	EXP 	window1: recordFrameIntervals = False
1060.7333 	DATA 	Keypress: s
1064.5737 	EXP 	window1: recordFrameIntervals = False
1065.0430 	DATA 	Keypress: j
1069.2341 	EXP 	window1: recordFrameIntervals = False
1070.3381 	DATA 	Keypress: n
1074.2621 	EXP 	window1: recordFrameIntervals = False
1074.9316 	DATA 	Keypress: p
1079.1230 	EXP 	window1: recordFrameIntervals = False
1079.4417 	DATA 	Keypress: k
1083.6330 	EXP 	window1: recordFrameIntervals = False
1084.0522 	DATA 	Keypress: z
1088.1582 	EXP 	window1: recordFrameIntervals = False
1088.5438 	DATA 	Keypress: m
1092.4845 	EXP 	window1: recordFrameIntervals = False
1092.8201 	DATA 	Keypress: q
1096.9629 	EXP 	window1: recordFrameIntervals = False
1097.6502 	DATA 	Keypress: r
1101.7904 	EXP 	window1: recordFrameIntervals = False
1102.7941 	DATA 	Keypress: a
1106.9186 	EXP 	window1: recordFrameIntervals = False
1107.3218 	DATA 	Keypress: u
1111.3785 	EXP 	window1: recordFrameIntervals = False
1111.8979 	DATA 	Keypress: y
1115.6912 	DATA 	Keypress: q
1115.7383 	EXP 	window1: recordFrameIntervals = False
1116.3077 	DATA 	Keypress: q
1120.5020 	DATA 	Keypress: m
1120.5490 	EXP 	window1: recordFrameIntervals = False
1121.0348 	DATA 	Keypress: m
1124.8253 	EXP 	window1: recordFrameIntervals = False
1125.2277 	DATA 	Keypress: i
1128.6521 	DATA 	Keypress: z
1129.4507 	EXP 	window1: recordFrameIntervals = False
1129.8364 	DATA 	Keypress: z
1134.1111 	EXP 	window1: recordFrameIntervals = False
1134.5468 	DATA 	Keypress: l
1138.7732 	EXP 	window1: recordFrameIntervals = False
1139.2591 	DATA 	Keypress: y
1143.3668 	EXP 	window1: recordFrameIntervals = False
1143.7190 	DATA 	Keypress: u
1147.7433 	EXP 	window1: recordFrameIntervals = False
1148.1957 	DATA 	Keypress: u
1152.3369 	EXP 	window1: recordFrameIntervals = False
1152.8405 	DATA 	Keypress: p
1156.8136 	EXP 	window1: recordFrameIntervals = False
1157.3997 	DATA 	Keypress: j
1161.3738 	EXP 	window1: recordFrameIntervals = False
1161.8263 	DATA 	Keypress: i
1166.1011 	EXP 	window1: recordFrameIntervals = False
1166.5702 	DATA 	Keypress: a
1170.5927 	EXP 	window1: recordFrameIntervals = False
1170.9282 	DATA 	Keypress: p
1175.0027 	EXP 	window1: recordFrameIntervals = False
1175.3716 	DATA 	Keypress: j
1179.4810 	EXP 	window1: recordFrameIntervals = False
1180.2175 	DATA 	Keypress: c
1184.2250 	EXP 	window1: recordFrameIntervals = False
1184.6941 	DATA 	Keypress: m
1188.7017 	EXP 	window1: recordFrameIntervals = False
1189.1877 	DATA 	Keypress: s
1193.0948 	EXP 	window1: recordFrameIntervals = False
1193.4470 	DATA 	Keypress: p
1194.7743 	DATA 	Keypress: semicolon
1195.6379 	DATA 	Keypress: space
1199.5242 	EXP 	window1: recordFrameIntervals = False
1200.0434 	DATA 	Keypress: p
1204.0845 	EXP 	window1: recordFrameIntervals = False
1204.5869 	DATA 	Keypress: e
1208.4291 	EXP 	window1: recordFrameIntervals = False
1208.7815 	DATA 	Keypress: m
1212.5884 	EXP 	window1: recordFrameIntervals = False
1213.0409 	DATA 	Keypress: l
1217.1654 	EXP 	window1: recordFrameIntervals = False
1217.6348 	DATA 	Keypress: s
1221.6922 	EXP 	window1: recordFrameIntervals = False
1222.0454 	DATA 	Keypress: s
1226.0018 	EXP 	window1: recordFrameIntervals = False
1226.4376 	DATA 	Keypress: l
1230.2448 	EXP 	window1: recordFrameIntervals = False
1231.5826 	DATA 	Keypress: s
1235.8573 	EXP 	window1: recordFrameIntervals = False
1236.4444 	DATA 	Keypress: z
1240.5494 	EXP 	window1: recordFrameIntervals = False
1241.0187 	DATA 	Keypress: q
1245.2266 	EXP 	window1: recordFrameIntervals = False
1245.7291 	DATA 	Keypress: h
1249.5546 	EXP 	window1: recordFrameIntervals = False
1250.0070 	DATA 	Keypress: w
1253.9143 	EXP 	window1: recordFrameIntervals = False
1254.4669 	DATA 	Keypress: d
1258.5914 	EXP 	window1: recordFrameIntervals = False
1259.1274 	DATA 	Keypress: r
1262.9513 	EXP 	window1: recordFrameIntervals = False
1263.6877 	DATA 	Keypress: a
1267.5950 	EXP 	window1: recordFrameIntervals = False
1269.7847 	DATA 	Keypress: o
1273.6585 	EXP 	window1: recordFrameIntervals = False
1274.1276 	DATA 	Keypress: p
1277.9681 	EXP 	window1: recordFrameIntervals = False
1278.3705 	DATA 	Keypress: u
1282.4784 	EXP 	window1: recordFrameIntervals = False
1282.8807 	DATA 	Keypress: c
1287.0535 	EXP 	window1: recordFrameIntervals = False
1287.6231 	DATA 	Keypress: v
1291.6138 	EXP 	window1: recordFrameIntervals = False
1292.0328 	DATA 	Keypress: e
1296.2425 	EXP 	window1: recordFrameIntervals = False
1296.7450 	DATA 	Keypress: x
1300.5354 	EXP 	window1: recordFrameIntervals = False
1300.9543 	DATA 	Keypress: m
1305.0121 	EXP 	window1: recordFrameIntervals = False
1305.9823 	DATA 	Keypress: u
1310.1569 	EXP 	window1: recordFrameIntervals = False
1310.6595 	DATA 	Keypress: s
1314.8675 	EXP 	window1: recordFrameIntervals = False
1315.3200 	DATA 	Keypress: u
1319.3609 	EXP 	window1: recordFrameIntervals = False
1319.7297 	DATA 	Keypress: a
1323.5203 	EXP 	window1: recordFrameIntervals = False
1324.6073 	DATA 	Keypress: t
1328.5798 	EXP 	window1: recordFrameIntervals = False
1328.9487 	DATA 	Keypress: g
1333.1066 	EXP 	window1: recordFrameIntervals = False
1333.5091 	DATA 	Keypress: z
1337.5517 	EXP 	window1: recordFrameIntervals = False
1338.0375 	DATA 	Keypress: f
1342.1953 	EXP 	window1: recordFrameIntervals = False
1342.6812 	DATA 	Keypress: o
1346.7221 	EXP 	window1: recordFrameIntervals = False
1347.3083 	DATA 	Keypress: x
1351.1988 	EXP 	window1: recordFrameIntervals = False
1351.9686 	DATA 	Keypress: f
1355.8426 	EXP 	window1: recordFrameIntervals = False
1356.3118 	DATA 	Keypress: i
1360.2190 	EXP 	window1: recordFrameIntervals = False
1361.6074 	DATA 	Keypress: y
1365.5643 	EXP 	window1: recordFrameIntervals = False
1365.9165 	DATA 	Keypress: f
1369.9408 	EXP 	window1: recordFrameIntervals = False
1370.4600 	DATA 	Keypress: p
1374.5662 	EXP 	window1: recordFrameIntervals = False
1374.9518 	DATA 	Keypress: u
1378.9426 	EXP 	window1: recordFrameIntervals = False
1379.4120 	DATA 	Keypress: q
1383.4210 	EXP 	window1: recordFrameIntervals = False
1383.7900 	DATA 	Keypress: s
1387.5999 	DATA 	Keypress: u
1387.6471 	EXP 	window1: recordFrameIntervals = False
1388.0995 	DATA 	Keypress: u
1391.7759 	DATA 	Keypress: r
1392.3410 	EXP 	window1: recordFrameIntervals = False
1392.7433 	DATA 	Keypress: r
1396.6506 	EXP 	window1: recordFrameIntervals = False
1397.2535 	DATA 	Keypress: v
1401.1440 	EXP 	window1: recordFrameIntervals = False
1401.6299 	DATA 	Keypress: b
1405.8044 	EXP 	window1: recordFrameIntervals = False
1406.2069 	DATA 	Keypress: b
1410.0974 	EXP 	window1: recordFrameIntervals = False
1411.2849 	DATA 	Keypress: v
1415.2406 	EXP 	window1: recordFrameIntervals = False
1415.8099 	DATA 	Keypress: f
1419.8509 	EXP 	window1: recordFrameIntervals = False
1420.3870 	DATA 	Keypress: j
1424.4461 	EXP 	window1: recordFrameIntervals = False
1426.3352 	DATA 	Keypress: y
1430.5599 	EXP 	window1: recordFrameIntervals = False
1431.0623 	DATA 	Keypress: f
1435.1535 	EXP 	window1: recordFrameIntervals = False
1436.3075 	DATA 	Keypress: semicolon
1437.4100 	DATA 	Keypress: l
1441.4676 	EXP 	window1: recordFrameIntervals = False
1441.8866 	DATA 	Keypress: e
1445.6938 	EXP 	window1: recordFrameIntervals = False
1446.2632 	DATA 	Keypress: u
1450.2373 	EXP 	window1: recordFrameIntervals = False
1450.5728 	DATA 	Keypress: r
1454.3798 	EXP 	window1: recordFrameIntervals = False
1454.8323 	DATA 	Keypress: d
1458.8399 	EXP 	window1: recordFrameIntervals = False
1459.2756 	DATA 	Keypress: k
1463.3650 	EXP 	window1: recordFrameIntervals = False
1463.7842 	DATA 	Keypress: j
1467.9920 	EXP 	window1: recordFrameIntervals = False
1468.3945 	DATA 	Keypress: q
1472.4537 	EXP 	window1: recordFrameIntervals = False
1473.0564 	DATA 	Keypress: f
1476.9470 	EXP 	window1: recordFrameIntervals = False
1477.2992 	DATA 	Keypress: h
1481.4572 	EXP 	window1: recordFrameIntervals = False
1482.0432 	DATA 	Keypress: m
1486.1845 	EXP 	window1: recordFrameIntervals = False
1487.0212 	DATA 	Keypress: k
1489.6787 	DATA 	Keypress: e
1490.9117 	EXP 	window1: recordFrameIntervals = False
1491.2983 	DATA 	Keypress: e
1495.4050 	EXP 	window1: recordFrameIntervals = False
1495.7909 	DATA 	Keypress: j
1499.7648 	EXP 	window1: recordFrameIntervals = False
1500.1337 	DATA 	Keypress: u
1504.3918 	EXP 	window1: recordFrameIntervals = False
1505.3622 	DATA 	Keypress: k
1509.5351 	EXP 	window1: recordFrameIntervals = False
1510.1222 	DATA 	Keypress: n
1514.2790 	EXP 	window1: recordFrameIntervals = False
1514.6146 	DATA 	Keypress: p
1515.1315 	INFO 	Finishing at 12:35 on 07 Feb 2019
1515.5781 	EXP 	window1: mouseVisible = True
