25.8265 	INFO 	Successfully set darwin thread to realtime
26.8434 	INFO 	#[ PsychoPy3 RuntimeInfoStart ]
  #[[ PsychoPy ]] #---------
    psychopyVersion: 3.0.3
    psychopyHaveExtRush: True
  #[[ Experiment ]] #---------
    experimentRunTime: 2019_02_07 14:00 (Year_Month_Day Hour:Min)
    experimentRunTime.epoch: 1549566015
    experimentScript: RSVP_visual_now.py
    experimentScript.digestSHA1: 5747e7b028e5214bb1487bf8cad4d19d8f419680
    experimentScript.directory: /Users/vsg/Documents/GitHub/spatio_temporal_information_processing/RSVP_visual_now
  #[[ System ]] #---------
    systemHaveInternetAccess: True
    systemHostName: VSG-lab1.local
    systemLocale: C
    systemMemFreeRAM: 1711.69921875
    systemMemTotalRAM: 4096.0
    systemPlatform: darwin 10.10.5 x86_64
    systemRavailable: R version 3.2.3 (2015-12-10) -- Wooden Christmas-Tree
    systemRebooted: Feb 4 16:27
    systemSec.OpenSSLVersion: OpenSSL 0.9.8zg 14 July 2015
    systemSec.pythonSSL: True
    systemTimeNumpySD1000000_sec: 0.0126
    systemUser: vsg
    systemUserID: 502
    systemUserProcCount: 85
    systemUserProcFlagged: mdworker Safari
    systemUsersCount: 1
  #[[ Window ]] #---------
    windowWinType: pyglet
    windowUnits: deg
    windowSize_pix: [1920 1200]
    windowScreen: 0
    windowRgb: [-0.7 -0.7 -0.7]
    windowRefreshTimeSD_ms: 0.033
    windowRefreshTimeMedian_ms: 16.705
    windowRefreshTimeAvg_ms: 16.703
    windowPos_pix: [0, 0]
    windowMonitor.name: testmonitor
    windowMonitor.getWidth_cm: 52.0
    windowMonitor.getDistance_cm: 65.0
    windowMonitor.currentCalibName: 2019_02_04 12:46
    windowIsFullScr: True
  #[[ Python ]] #---------
    pythonVersion: 2.7.13
  #[[ OpenGL ]] #---------
#[ PsychoPy3 RuntimeInfoEnd ]

26.8641 	WARNING 	Could not load the desired click sound file, instead using manually created inferior click
27.3028 	EXP 	Created sequence: random, trialTypes=280, nReps=14, seed=None
27.5609 	INFO 	numtrials=280 and each trialDurFrames=156 or 2600.0 ms  task=T1
28.1163 	EXP 	Created text = TextStim(alignHoriz='center', alignVert='center', antialias=True, autoLog=True, bold=False, color=array([ 1.,  1.,  1.]), colorSpace='rgb', contrast=1.0, depth=-1.0, flipHoriz=False, flipVert=False, font='Arial', fontFiles=[], height=0.5, italic=False, languageStyle='LTR', name='text', opacity=1.0, ori=0, pos=array([ 0.,  0.]), rgb=array([ 1.,  1.,  1.]), text='', units='deg', win=Window(...), wrapWidth=30)
28.7122 	EXP 	text: text = "Welcome! Thank you for agreeing to participate in this study.\n\nYou will be presented with a Rapid Stream of letters. Your task is to identify one of the letters.\n\nThe letter you're supposed to identify is accompanied by a probe that can appear anywhere on the horizontal axis of the screen.\n\nThe probe is a circular disk that will be flashed for a very brief time.\n\nOnce you've identified the letter after the trial ends, type it out on the keyboard.\n\nIf you're feeling uncomfortable, you can press ESC key any time to stop the experiment.\n\nPress any key when you are ready to begin the experiment.\n\n"
28.7122 	EXP 	text: autoDraw = True
132.4940 	DATA 	Keypress: space
132.4952 	EXP 	text: autoDraw = False
132.4955 	INFO 	Experiment will have 280 trials. Letters will be drawn with superposed noise of0.00%
132.4955 	INFO 	Starting main (non-staircase) part of experiment
135.9883 	DATA 	Keypress: d
136.0685 	EXP 	window1: recordFrameIntervals = False
141.1982 	DATA 	Keypress: d
145.4245 	EXP 	window1: recordFrameIntervals = False
145.7768 	DATA 	Keypress: d
149.9513 	EXP 	window1: recordFrameIntervals = False
151.0719 	DATA 	Keypress: p
154.9291 	EXP 	window1: recordFrameIntervals = False
155.4986 	DATA 	Keypress: z
159.0580 	DATA 	Keypress: g
159.5562 	EXP 	window1: recordFrameIntervals = False
160.3927 	DATA 	Keypress: g
164.6176 	EXP 	window1: recordFrameIntervals = False
165.4875 	DATA 	Keypress: m
169.5285 	EXP 	window1: recordFrameIntervals = False
170.1145 	DATA 	Keypress: w
174.0887 	EXP 	window1: recordFrameIntervals = False
176.9632 	DATA 	Keypress: g
181.1546 	EXP 	window1: recordFrameIntervals = False
181.8242 	DATA 	Keypress: j
186.0305 	EXP 	window1: recordFrameIntervals = False
186.4329 	DATA 	Keypress: k
190.2900 	EXP 	window1: recordFrameIntervals = False
190.5587 	DATA 	Keypress: x
194.4844 	EXP 	window1: recordFrameIntervals = False
195.2710 	DATA 	Keypress: a
199.4456 	EXP 	window1: recordFrameIntervals = False
199.9815 	DATA 	Keypress: j
204.0224 	EXP 	window1: recordFrameIntervals = False
204.8757 	DATA 	Keypress: r
208.9334 	EXP 	window1: recordFrameIntervals = False
209.4694 	DATA 	Keypress: b
213.5938 	EXP 	window1: recordFrameIntervals = False
214.1131 	DATA 	Keypress: a
218.3377 	EXP 	window1: recordFrameIntervals = False
220.3938 	DATA 	Keypress: w
224.6353 	EXP 	window1: recordFrameIntervals = False
225.5052 	DATA 	Keypress: m
229.5296 	EXP 	window1: recordFrameIntervals = False
234.4753 	DATA 	Keypress: t
238.3310 	EXP 	window1: recordFrameIntervals = False
239.2010 	DATA 	Keypress: b
243.1417 	EXP 	window1: recordFrameIntervals = False
243.5775 	DATA 	Keypress: a
247.7036 	EXP 	window1: recordFrameIntervals = False
249.1917 	DATA 	Keypress: w
252.9988 	EXP 	window1: recordFrameIntervals = False
253.4346 	DATA 	Keypress: j
257.6760 	EXP 	window1: recordFrameIntervals = False
259.0305 	DATA 	Keypress: b
263.1882 	EXP 	window1: recordFrameIntervals = False
263.6407 	DATA 	Keypress: p
267.7985 	EXP 	window1: recordFrameIntervals = False
268.3189 	DATA 	Keypress: k
272.3253 	EXP 	window1: recordFrameIntervals = False
272.8446 	DATA 	Keypress: w
276.8355 	EXP 	window1: recordFrameIntervals = False
277.6554 	DATA 	Keypress: f
281.7130 	EXP 	window1: recordFrameIntervals = False
282.1656 	DATA 	Keypress: k
286.3217 	EXP 	window1: recordFrameIntervals = False
286.8745 	DATA 	Keypress: g
290.1164 	DATA 	Keypress: a
290.8485 	EXP 	window1: recordFrameIntervals = False
291.3177 	DATA 	Keypress: a
295.4772 	EXP 	window1: recordFrameIntervals = False
296.0799 	DATA 	Keypress: w
299.9539 	EXP 	window1: recordFrameIntervals = False
300.8740 	DATA 	Keypress: d
305.0153 	EXP 	window1: recordFrameIntervals = False
306.5703 	DATA 	Keypress: r
310.4775 	EXP 	window1: recordFrameIntervals = False
310.8799 	DATA 	Keypress: z
315.1045 	EXP 	window1: recordFrameIntervals = False
315.9746 	DATA 	Keypress: y
319.8652 	EXP 	window1: recordFrameIntervals = False
320.7854 	DATA 	Keypress: l
324.7093 	EXP 	window1: recordFrameIntervals = False
325.2453 	DATA 	Keypress: p
329.2011 	EXP 	window1: recordFrameIntervals = False
331.5578 	DATA 	Keypress: r
335.5169 	EXP 	window1: recordFrameIntervals = False
336.1867 	DATA 	Keypress: b
340.0270 	EXP 	window1: recordFrameIntervals = False
340.4629 	DATA 	Keypress: z
344.5873 	EXP 	window1: recordFrameIntervals = False
345.0230 	DATA 	Keypress: w
348.8969 	EXP 	window1: recordFrameIntervals = False
349.3494 	DATA 	Keypress: b
353.3235 	EXP 	window1: recordFrameIntervals = False
353.7760 	DATA 	Keypress: e
357.6331 	EXP 	window1: recordFrameIntervals = False
358.3862 	DATA 	Keypress: p
362.4104 	EXP 	window1: recordFrameIntervals = False
363.2973 	DATA 	Keypress: w
367.5370 	EXP 	window1: recordFrameIntervals = False
367.9392 	DATA 	Keypress: a
372.1138 	EXP 	window1: recordFrameIntervals = False
372.5830 	DATA 	Keypress: r
376.5588 	EXP 	window1: recordFrameIntervals = False
377.0947 	DATA 	Keypress: a
381.3362 	EXP 	window1: recordFrameIntervals = False
381.8220 	DATA 	Keypress: a
386.0968 	EXP 	window1: recordFrameIntervals = False
386.5661 	DATA 	Keypress: p
390.7239 	EXP 	window1: recordFrameIntervals = False
392.5628 	DATA 	Keypress: b
396.6538 	EXP 	window1: recordFrameIntervals = False
397.4069 	DATA 	Keypress: g
401.2474 	EXP 	window1: recordFrameIntervals = False
401.8669 	DATA 	Keypress: h
405.7075 	EXP 	window1: recordFrameIntervals = False
407.4128 	DATA 	Keypress: r
411.4018 	EXP 	window1: recordFrameIntervals = False
411.8211 	DATA 	Keypress: z
415.7449 	EXP 	window1: recordFrameIntervals = False
416.5315 	DATA 	Keypress: g
420.4237 	EXP 	window1: recordFrameIntervals = False
420.8093 	DATA 	Keypress: a
424.6832 	EXP 	window1: recordFrameIntervals = False
425.3697 	DATA 	Keypress: x
429.5943 	EXP 	window1: recordFrameIntervals = False
429.9968 	DATA 	Keypress: j
433.8538 	EXP 	window1: recordFrameIntervals = False
434.5234 	DATA 	Keypress: m
438.7147 	EXP 	window1: recordFrameIntervals = False
439.8856 	DATA 	Keypress: a
444.0266 	EXP 	window1: recordFrameIntervals = False
444.8465 	DATA 	Keypress: f
449.0879 	EXP 	window1: recordFrameIntervals = False
450.1751 	DATA 	Keypress: w
454.2813 	EXP 	window1: recordFrameIntervals = False
455.2516 	DATA 	Keypress: z
459.3259 	EXP 	window1: recordFrameIntervals = False
459.8117 	DATA 	Keypress: b
463.6873 	EXP 	window1: recordFrameIntervals = False
464.1397 	DATA 	Keypress: p
468.1139 	EXP 	window1: recordFrameIntervals = False
469.9196 	DATA 	Keypress: k
473.9937 	EXP 	window1: recordFrameIntervals = False
474.5631 	DATA 	Keypress: k
478.4203 	EXP 	window1: recordFrameIntervals = False
479.1399 	DATA 	Keypress: g
482.9972 	EXP 	window1: recordFrameIntervals = False
483.4665 	DATA 	Keypress: s
495.8689 	DATA 	Keypress: space
499.9836 	EXP 	window1: recordFrameIntervals = False
500.4361 	DATA 	Keypress: a
504.3768 	EXP 	window1: recordFrameIntervals = False
505.5476 	DATA 	Keypress: q
509.4564 	EXP 	window1: recordFrameIntervals = False
509.9256 	DATA 	Keypress: t
514.1168 	EXP 	window1: recordFrameIntervals = False
514.5192 	DATA 	Keypress: a
518.5769 	EXP 	window1: recordFrameIntervals = False
519.1796 	DATA 	Keypress: m
523.2206 	EXP 	window1: recordFrameIntervals = False
523.7901 	DATA 	Keypress: d
527.5971 	EXP 	window1: recordFrameIntervals = False
528.0162 	DATA 	Keypress: m
531.8398 	EXP 	window1: recordFrameIntervals = False
533.1108 	DATA 	Keypress: r
536.9331 	EXP 	window1: recordFrameIntervals = False
537.4857 	DATA 	Keypress: m
541.3929 	EXP 	window1: recordFrameIntervals = False
541.8789 	DATA 	Keypress: s
546.0384 	EXP 	window1: recordFrameIntervals = False
546.4074 	DATA 	Keypress: z
550.5652 	EXP 	window1: recordFrameIntervals = False
551.0514 	DATA 	Keypress: j
554.8414 	EXP 	window1: recordFrameIntervals = False
555.3105 	DATA 	Keypress: a
559.2012 	EXP 	window1: recordFrameIntervals = False
561.6915 	DATA 	Keypress: m
565.8327 	EXP 	window1: recordFrameIntervals = False
567.2706 	DATA 	Keypress: e
571.3784 	EXP 	window1: recordFrameIntervals = False
572.2486 	DATA 	Keypress: q
576.1558 	EXP 	window1: recordFrameIntervals = False
576.5915 	DATA 	Keypress: a
580.7478 	EXP 	window1: recordFrameIntervals = False
581.2170 	DATA 	Keypress: q
585.1910 	EXP 	window1: recordFrameIntervals = False
585.6436 	DATA 	Keypress: n
589.8866 	EXP 	window1: recordFrameIntervals = False
590.5062 	DATA 	Keypress: z
594.5136 	EXP 	window1: recordFrameIntervals = False
594.9159 	DATA 	Keypress: m
598.9735 	EXP 	window1: recordFrameIntervals = False
599.3769 	DATA 	Keypress: k
603.5337 	EXP 	window1: recordFrameIntervals = False
604.1207 	DATA 	Keypress: w
608.3278 	EXP 	window1: recordFrameIntervals = False
608.8806 	DATA 	Keypress: q
612.8212 	EXP 	window1: recordFrameIntervals = False
615.2783 	DATA 	Keypress: z
619.2022 	EXP 	window1: recordFrameIntervals = False
620.0389 	DATA 	Keypress: y
624.2969 	EXP 	window1: recordFrameIntervals = False
626.5701 	DATA 	Keypress: s
630.7430 	EXP 	window1: recordFrameIntervals = False
631.3458 	DATA 	Keypress: a
635.6207 	EXP 	window1: recordFrameIntervals = False
636.0564 	DATA 	Keypress: m
639.8651 	EXP 	window1: recordFrameIntervals = False
641.4702 	DATA 	Keypress: r
645.6113 	EXP 	window1: recordFrameIntervals = False
646.4981 	DATA 	Keypress: z
650.5557 	EXP 	window1: recordFrameIntervals = False
652.9959 	DATA 	Keypress: n
656.9534 	EXP 	window1: recordFrameIntervals = False
659.7444 	DATA 	Keypress: r
663.5348 	EXP 	window1: recordFrameIntervals = False
663.9539 	DATA 	Keypress: s
668.1451 	EXP 	window1: recordFrameIntervals = False
669.6668 	DATA 	Keypress: z
673.5739 	EXP 	window1: recordFrameIntervals = False
674.0598 	DATA 	Keypress: r
678.2160 	EXP 	window1: recordFrameIntervals = False
679.9213 	DATA 	Keypress: x
684.0123 	EXP 	window1: recordFrameIntervals = False
685.0678 	DATA 	Keypress: z
689.1254 	EXP 	window1: recordFrameIntervals = False
689.5946 	DATA 	Keypress: b
693.5187 	EXP 	window1: recordFrameIntervals = False
693.8875 	DATA 	Keypress: z
697.9117 	EXP 	window1: recordFrameIntervals = False
698.8821 	DATA 	Keypress: r
702.9564 	EXP 	window1: recordFrameIntervals = False
703.3421 	DATA 	Keypress: a
707.3161 	EXP 	window1: recordFrameIntervals = False
709.3388 	DATA 	Keypress: f
713.5634 	EXP 	window1: recordFrameIntervals = False
713.9659 	DATA 	Keypress: s
718.2390 	EXP 	window1: recordFrameIntervals = False
718.6914 	DATA 	Keypress: z
722.9328 	EXP 	window1: recordFrameIntervals = False
723.3686 	DATA 	Keypress: y
727.3444 	EXP 	window1: recordFrameIntervals = False
727.8469 	DATA 	Keypress: p
731.7876 	EXP 	window1: recordFrameIntervals = False
732.2068 	DATA 	Keypress: w
736.4814 	EXP 	window1: recordFrameIntervals = False
738.4374 	DATA 	Keypress: n
742.2277 	EXP 	window1: recordFrameIntervals = False
742.6467 	DATA 	Keypress: f
746.9215 	EXP 	window1: recordFrameIntervals = False
747.3238 	DATA 	Keypress: m
751.3147 	EXP 	window1: recordFrameIntervals = False
751.9675 	DATA 	Keypress: t
755.7746 	EXP 	window1: recordFrameIntervals = False
756.1605 	DATA 	Keypress: s
760.3014 	EXP 	window1: recordFrameIntervals = False
760.7874 	DATA 	Keypress: k
764.8266 	EXP 	window1: recordFrameIntervals = False
765.2289 	DATA 	Keypress: a
769.4369 	EXP 	window1: recordFrameIntervals = False
769.9062 	DATA 	Keypress: q
773.8181 	DATA 	Keypress: k
774.0489 	EXP 	window1: recordFrameIntervals = False
774.4847 	DATA 	Keypress: k
778.5590 	EXP 	window1: recordFrameIntervals = False
779.1116 	DATA 	Keypress: a
783.0357 	EXP 	window1: recordFrameIntervals = False
783.4904 	DATA 	Keypress: q
787.4122 	EXP 	window1: recordFrameIntervals = False
787.8480 	DATA 	Keypress: b
792.0726 	EXP 	window1: recordFrameIntervals = False
792.5752 	DATA 	Keypress: w
796.3655 	EXP 	window1: recordFrameIntervals = False
796.8180 	DATA 	Keypress: b
801.0927 	EXP 	window1: recordFrameIntervals = False
801.5286 	DATA 	Keypress: j
805.4342 	EXP 	window1: recordFrameIntervals = False
805.4346 	ERROR 	trialnum=134 ERROR,1 frames were longer than 20.8 ms apparently screen refreshes skipped, interframe durs were:[ 24.5] and was these frames: [3]
805.4348 	INFO 	flankers also=[ 16.7  24.5  17.1]
805.8198 	DATA 	Keypress: a
809.6937 	EXP 	window1: recordFrameIntervals = False
810.2464 	DATA 	Keypress: y
814.4727 	EXP 	window1: recordFrameIntervals = False
814.9587 	DATA 	Keypress: b
819.0664 	EXP 	window1: recordFrameIntervals = False
819.9531 	DATA 	Keypress: a
823.9773 	EXP 	window1: recordFrameIntervals = False
824.7806 	DATA 	Keypress: j
828.7883 	EXP 	window1: recordFrameIntervals = False
829.2239 	DATA 	Keypress: k
833.2815 	EXP 	window1: recordFrameIntervals = False
833.6838 	DATA 	Keypress: t
855.5903 	DATA 	Keypress: space
859.5052 	EXP 	window1: recordFrameIntervals = False
859.7908 	DATA 	Keypress: q
863.5977 	EXP 	window1: recordFrameIntervals = False
864.0836 	DATA 	Keypress: s
867.8618 	DATA 	Keypress: a
867.8756 	EXP 	window1: recordFrameIntervals = False
867.8761 	ERROR 	trialnum=143 ERROR,1 frames were longer than 20.8 ms apparently screen refreshes skipped, interframe durs were:[ 20.9] and was these frames: [2]
867.8763 	INFO 	flankers also=[ 16.8  20.9  14.1]
868.3614 	DATA 	Keypress: a
872.5193 	EXP 	window1: recordFrameIntervals = False
872.8883 	DATA 	Keypress: z
876.7288 	EXP 	window1: recordFrameIntervals = False
877.1645 	DATA 	Keypress: r
881.2556 	EXP 	window1: recordFrameIntervals = False
881.7247 	DATA 	Keypress: a
885.6989 	EXP 	window1: recordFrameIntervals = False
886.1012 	DATA 	Keypress: k
890.3259 	EXP 	window1: recordFrameIntervals = False
891.4966 	DATA 	Keypress: m
895.6544 	EXP 	window1: recordFrameIntervals = False
896.1571 	DATA 	Keypress: t
900.2632 	EXP 	window1: recordFrameIntervals = False
901.6176 	DATA 	Keypress: d
905.5918 	EXP 	window1: recordFrameIntervals = False
906.0459 	DATA 	Keypress: f
910.2873 	EXP 	window1: recordFrameIntervals = False
910.9068 	DATA 	Keypress: a
914.7139 	EXP 	window1: recordFrameIntervals = False
915.4670 	DATA 	Keypress: w
919.2573 	EXP 	window1: recordFrameIntervals = False
920.1275 	DATA 	Keypress: s
924.0013 	EXP 	window1: recordFrameIntervals = False
924.3870 	DATA 	Keypress: k
928.2441 	EXP 	window1: recordFrameIntervals = False
928.7299 	DATA 	Keypress: p
932.8211 	EXP 	window1: recordFrameIntervals = False
934.5931 	DATA 	Keypress: u
938.8663 	EXP 	window1: recordFrameIntervals = False
939.6361 	DATA 	Keypress: d
943.4766 	EXP 	window1: recordFrameIntervals = False
943.8956 	DATA 	Keypress: w
947.7378 	EXP 	window1: recordFrameIntervals = False
948.2069 	DATA 	Keypress: k
952.4483 	EXP 	window1: recordFrameIntervals = False
952.7171 	DATA 	Keypress: j
956.8248 	EXP 	window1: recordFrameIntervals = False
958.6636 	DATA 	Keypress: p
962.4875 	EXP 	window1: recordFrameIntervals = False
962.8062 	DATA 	Keypress: n
966.8640 	EXP 	window1: recordFrameIntervals = False
967.3499 	DATA 	Keypress: z
971.2571 	EXP 	window1: recordFrameIntervals = False
971.7596 	DATA 	Keypress: d
975.9009 	EXP 	window1: recordFrameIntervals = False
976.3700 	DATA 	Keypress: b
980.4276 	EXP 	window1: recordFrameIntervals = False
981.2978 	DATA 	Keypress: v
985.4539 	EXP 	window1: recordFrameIntervals = False
986.0233 	DATA 	Keypress: d
990.1478 	EXP 	window1: recordFrameIntervals = False
990.7506 	DATA 	Keypress: f
994.5927 	EXP 	window1: recordFrameIntervals = False
995.2957 	DATA 	Keypress: r
999.0861 	EXP 	window1: recordFrameIntervals = False
999.4217 	DATA 	Keypress: s
1003.3958 	EXP 	window1: recordFrameIntervals = False
1004.1656 	DATA 	Keypress: w
1008.3902 	EXP 	window1: recordFrameIntervals = False
1009.5611 	DATA 	Keypress: y
1013.4350 	EXP 	window1: recordFrameIntervals = False
1013.8037 	DATA 	Keypress: d
1017.8447 	EXP 	window1: recordFrameIntervals = False
1022.5067 	DATA 	Keypress: d
1026.3305 	EXP 	window1: recordFrameIntervals = False
1026.8998 	DATA 	Keypress: w
1030.9892 	EXP 	window1: recordFrameIntervals = False
1031.4083 	DATA 	Keypress: p
1035.1986 	EXP 	window1: recordFrameIntervals = False
1035.6010 	DATA 	Keypress: t
1039.3930 	EXP 	window1: recordFrameIntervals = False
1039.5949 	DATA 	Keypress: f
1043.4521 	EXP 	window1: recordFrameIntervals = False
1043.8712 	DATA 	Keypress: j
1048.0290 	EXP 	window1: recordFrameIntervals = False
1048.4648 	DATA 	Keypress: e
1052.4055 	EXP 	window1: recordFrameIntervals = False
1052.9581 	DATA 	Keypress: g
1056.7486 	EXP 	window1: recordFrameIntervals = False
1057.1675 	DATA 	Keypress: f
1061.1083 	EXP 	window1: recordFrameIntervals = False
1064.3002 	DATA 	Keypress: f
1068.1074 	EXP 	window1: recordFrameIntervals = False
1068.5598 	DATA 	Keypress: q
1072.4655 	EXP 	window1: recordFrameIntervals = False
1072.4658 	ERROR 	trialnum=186 ERROR,1 frames were longer than 20.8 ms apparently screen refreshes skipped, interframe durs were:[ 41.5] and was these frames: [0]
1072.4661 	INFO 	flankers also=[ 41.5   2.1]
1073.0682 	DATA 	Keypress: w
1076.9922 	EXP 	window1: recordFrameIntervals = False
1077.4447 	DATA 	Keypress: p
1081.7044 	EXP 	window1: recordFrameIntervals = False
1083.5601 	DATA 	Keypress: l
1087.6011 	EXP 	window1: recordFrameIntervals = False
1088.2205 	DATA 	Keypress: e
1092.1779 	EXP 	window1: recordFrameIntervals = False
1092.5636 	DATA 	Keypress: n
1096.5043 	EXP 	window1: recordFrameIntervals = False
1097.1572 	DATA 	Keypress: s
1101.3485 	EXP 	window1: recordFrameIntervals = False
1102.3187 	DATA 	Keypress: w
1106.2761 	EXP 	window1: recordFrameIntervals = False
1106.6617 	DATA 	Keypress: a
1110.7529 	EXP 	window1: recordFrameIntervals = False
1114.9803 	DATA 	Keypress: d
1119.1216 	EXP 	window1: recordFrameIntervals = False
1119.2065 	DATA 	Keypress: m
1123.4963 	EXP 	window1: recordFrameIntervals = False
1123.9321 	DATA 	Keypress: l
1128.1735 	EXP 	window1: recordFrameIntervals = False
1128.5424 	DATA 	Keypress: w
1132.8189 	EXP 	window1: recordFrameIntervals = False
1135.8772 	DATA 	Keypress: w
1139.8179 	EXP 	window1: recordFrameIntervals = False
1140.5041 	DATA 	Keypress: p
1144.4450 	EXP 	window1: recordFrameIntervals = False
1144.7971 	DATA 	Keypress: w
1148.8882 	EXP 	window1: recordFrameIntervals = False
1149.3073 	DATA 	Keypress: g
1153.5320 	EXP 	window1: recordFrameIntervals = False
1155.4377 	DATA 	Keypress: d
1159.3784 	EXP 	window1: recordFrameIntervals = False
1159.7640 	DATA 	Keypress: j
1163.8717 	EXP 	window1: recordFrameIntervals = False
1164.3076 	DATA 	Keypress: a
1168.4136 	EXP 	window1: recordFrameIntervals = False
1168.9664 	DATA 	Keypress: m
1173.1743 	EXP 	window1: recordFrameIntervals = False
1173.5766 	DATA 	Keypress: g
1177.5357 	EXP 	window1: recordFrameIntervals = False
1178.6564 	DATA 	Keypress: v
1182.5971 	EXP 	window1: recordFrameIntervals = False
1183.4336 	DATA 	Keypress: m
1187.2575 	EXP 	window1: recordFrameIntervals = False
1187.9605 	DATA 	Keypress: a
1192.2353 	EXP 	window1: recordFrameIntervals = False
1192.7712 	DATA 	Keypress: f
1208.2001 	DATA 	Keypress: space
1212.3621 	EXP 	window1: recordFrameIntervals = False
1212.6977 	DATA 	Keypress: s
1216.7886 	EXP 	window1: recordFrameIntervals = False
1217.2580 	DATA 	Keypress: b
1221.3672 	EXP 	window1: recordFrameIntervals = False
1221.8530 	DATA 	Keypress: w
1226.0444 	EXP 	window1: recordFrameIntervals = False
1226.5136 	DATA 	Keypress: g
1230.5043 	EXP 	window1: recordFrameIntervals = False
1231.2241 	DATA 	Keypress: f
1235.1815 	EXP 	window1: recordFrameIntervals = False
1235.6005 	DATA 	Keypress: r
1239.5245 	EXP 	window1: recordFrameIntervals = False
1239.9112 	DATA 	Keypress: k
1243.9678 	EXP 	window1: recordFrameIntervals = False
1244.3535 	DATA 	Keypress: z
1248.1606 	EXP 	window1: recordFrameIntervals = False
1248.6969 	DATA 	Keypress: q
1252.6206 	EXP 	window1: recordFrameIntervals = False
1253.1064 	DATA 	Keypress: b
1256.9619 	EXP 	window1: recordFrameIntervals = False
1257.2808 	DATA 	Keypress: k
1261.3050 	EXP 	window1: recordFrameIntervals = False
1261.7074 	DATA 	Keypress: z
1265.7333 	EXP 	window1: recordFrameIntervals = False
1266.1356 	DATA 	Keypress: b
1270.2267 	EXP 	window1: recordFrameIntervals = False
1270.6791 	DATA 	Keypress: f
1274.7535 	EXP 	window1: recordFrameIntervals = False
1275.3896 	DATA 	Keypress: w
1279.1800 	EXP 	window1: recordFrameIntervals = False
1279.6493 	DATA 	Keypress: b
1283.5064 	EXP 	window1: recordFrameIntervals = False
1283.9924 	DATA 	Keypress: j
1288.1501 	EXP 	window1: recordFrameIntervals = False
1288.5525 	DATA 	Keypress: w
1292.6602 	EXP 	window1: recordFrameIntervals = False
1293.2798 	DATA 	Keypress: p
1297.1854 	EXP 	window1: recordFrameIntervals = False
1297.7046 	DATA 	Keypress: f
1301.5785 	EXP 	window1: recordFrameIntervals = False
1301.7805 	DATA 	Keypress: k
1305.9901 	EXP 	window1: recordFrameIntervals = False
1306.3923 	DATA 	Keypress: d
1310.4167 	EXP 	window1: recordFrameIntervals = False
1310.5016 	DATA 	Keypress: l
1314.6261 	EXP 	window1: recordFrameIntervals = False
1315.4292 	DATA 	Keypress: h
1319.7041 	EXP 	window1: recordFrameIntervals = False
1320.8915 	DATA 	Keypress: a
1324.8489 	EXP 	window1: recordFrameIntervals = False
1325.2179 	DATA 	Keypress: s
1329.3423 	EXP 	window1: recordFrameIntervals = False
1329.9954 	DATA 	Keypress: v
1334.0195 	EXP 	window1: recordFrameIntervals = False
1335.0734 	DATA 	Keypress: b
1338.8804 	EXP 	window1: recordFrameIntervals = False
1340.1847 	DATA 	Keypress: u
1344.2574 	EXP 	window1: recordFrameIntervals = False
1345.1778 	DATA 	Keypress: z
1349.2352 	EXP 	window1: recordFrameIntervals = False
1350.3076 	DATA 	Keypress: i
1354.3316 	EXP 	window1: recordFrameIntervals = False
1354.7340 	DATA 	Keypress: f
1358.6580 	EXP 	window1: recordFrameIntervals = False
1359.9459 	DATA 	Keypress: g
1363.8697 	EXP 	window1: recordFrameIntervals = False
1366.6272 	DATA 	Keypress: r
1370.4511 	EXP 	window1: recordFrameIntervals = False
1370.4662 	DATA 	Keypress: f
1374.4935 	EXP 	window1: recordFrameIntervals = False
1374.6121 	DATA 	Keypress: g
1378.4190 	EXP 	window1: recordFrameIntervals = False
1380.0909 	DATA 	Keypress: k
1384.1300 	EXP 	window1: recordFrameIntervals = False
1385.3676 	DATA 	Keypress: r
1389.6257 	EXP 	window1: recordFrameIntervals = False
1390.0615 	DATA 	Keypress: w
1394.1208 	EXP 	window1: recordFrameIntervals = False
1394.5398 	DATA 	Keypress: l
1398.5975 	EXP 	window1: recordFrameIntervals = False
1398.8996 	DATA 	Keypress: n
1402.9572 	EXP 	window1: recordFrameIntervals = False
1406.4999 	DATA 	Keypress: b
1410.6077 	EXP 	window1: recordFrameIntervals = False
1410.7928 	DATA 	Keypress: w
1414.7503 	EXP 	window1: recordFrameIntervals = False
1415.3041 	DATA 	Keypress: j
1419.2771 	EXP 	window1: recordFrameIntervals = False
1420.5481 	DATA 	Keypress: b
1424.5223 	EXP 	window1: recordFrameIntervals = False
1425.2256 	DATA 	Keypress: h
1429.0473 	EXP 	window1: recordFrameIntervals = False
1429.5678 	DATA 	Keypress: z
1433.5408 	EXP 	window1: recordFrameIntervals = False
1435.9493 	DATA 	Keypress: c
1439.9067 	EXP 	window1: recordFrameIntervals = False
1440.7433 	DATA 	Keypress: g
1444.6342 	EXP 	window1: recordFrameIntervals = False
1445.3537 	DATA 	Keypress: y
1448.8630 	DATA 	Keypress: w
1449.1440 	EXP 	window1: recordFrameIntervals = False
1450.2647 	DATA 	Keypress: w
1454.1386 	EXP 	window1: recordFrameIntervals = False
1454.6077 	DATA 	Keypress: w
1458.5317 	EXP 	window1: recordFrameIntervals = False
1458.7837 	DATA 	Keypress: w
1462.6910 	EXP 	window1: recordFrameIntervals = False
1463.4275 	DATA 	Keypress: z
1467.3832 	EXP 	window1: recordFrameIntervals = False
1467.8357 	DATA 	Keypress: f
1471.7263 	EXP 	window1: recordFrameIntervals = False
1472.7135 	DATA 	Keypress: b
1476.9396 	EXP 	window1: recordFrameIntervals = False
1477.3254 	DATA 	Keypress: z
1481.3328 	EXP 	window1: recordFrameIntervals = False
1481.8688 	DATA 	Keypress: a
1485.7093 	EXP 	window1: recordFrameIntervals = False
1486.1450 	DATA 	Keypress: p
1490.0189 	EXP 	window1: recordFrameIntervals = False
1490.4546 	DATA 	Keypress: f
1494.4455 	EXP 	window1: recordFrameIntervals = False
1494.5974 	DATA 	Keypress: f
1498.4043 	EXP 	window1: recordFrameIntervals = False
1498.7565 	DATA 	Keypress: w
1502.7808 	EXP 	window1: recordFrameIntervals = False
1503.4003 	DATA 	Keypress: m
1507.6734 	EXP 	window1: recordFrameIntervals = False
1508.2428 	DATA 	Keypress: a
1512.1001 	EXP 	window1: recordFrameIntervals = False
1512.4857 	DATA 	Keypress: w
1516.5952 	EXP 	window1: recordFrameIntervals = False
1516.7970 	DATA 	Keypress: b
1520.8046 	EXP 	window1: recordFrameIntervals = False
1522.0255 	DATA 	Keypress: z
1525.8658 	EXP 	window1: recordFrameIntervals = False
1526.3018 	DATA 	Keypress: w
1530.2089 	EXP 	window1: recordFrameIntervals = False
1532.7829 	DATA 	Keypress: k
1533.3000 	INFO 	Finishing at 14:25 on 07 Feb 2019
1533.7109 	EXP 	window1: mouseVisible = True
