52.6321 	INFO 	Successfully set darwin thread to realtime
53.6475 	INFO 	#[ PsychoPy3 RuntimeInfoStart ]
  #[[ PsychoPy ]] #---------
    psychopyVersion: 3.0.3
    psychopyHaveExtRush: True
  #[[ Experiment ]] #---------
    experimentRunTime: 2019_02_08 16:40 (Year_Month_Day Hour:Min)
    experimentRunTime.epoch: 1549662040
    experimentScript: RSVP_visual_now.py
    experimentScript.digestSHA1: 5747e7b028e5214bb1487bf8cad4d19d8f419680
    experimentScript.directory: /Users/vsg/Documents/GitHub/spatio_temporal_information_processing/RSVP_visual_now
  #[[ System ]] #---------
    systemHaveInternetAccess: True
    systemHostName: VSG-lab1.local
    systemLocale: C
    systemMemFreeRAM: 1669.0703125
    systemMemTotalRAM: 4096.0
    systemPlatform: darwin 10.10.5 x86_64
    systemRavailable: R version 3.2.3 (2015-12-10) -- Wooden Christmas-Tree
    systemRebooted: Feb 4 16:27
    systemSec.OpenSSLVersion: OpenSSL 0.9.8zg 14 July 2015
    systemSec.pythonSSL: True
    systemTimeNumpySD1000000_sec: 0.0123
    systemUser: vsg
    systemUserID: 502
    systemUserProcCount: 79
    systemUserProcFlagged: mdworker Safari
    systemUsersCount: 1
  #[[ Window ]] #---------
    windowWinType: pyglet
    windowUnits: deg
    windowSize_pix: [1920 1200]
    windowScreen: 0
    windowRgb: [-0.7 -0.7 -0.7]
    windowRefreshTimeSD_ms: 0.036
    windowRefreshTimeMedian_ms: 16.708
    windowRefreshTimeAvg_ms: 16.704
    windowPos_pix: [0, 0]
    windowMonitor.name: testmonitor
    windowMonitor.getWidth_cm: 52.0
    windowMonitor.getDistance_cm: 65.0
    windowMonitor.currentCalibName: 2019_02_04 12:46
    windowIsFullScr: True
  #[[ Python ]] #---------
    pythonVersion: 2.7.13
  #[[ OpenGL ]] #---------
#[ PsychoPy3 RuntimeInfoEnd ]

53.6716 	WARNING 	Could not load the desired click sound file, instead using manually created inferior click
54.5551 	EXP 	Created sequence: random, trialTypes=280, nReps=14, seed=None
54.8214 	INFO 	numtrials=280 and each trialDurFrames=156 or 2600.0 ms  task=T1
55.5078 	EXP 	Created text = TextStim(alignHoriz='center', alignVert='center', antialias=True, autoLog=True, bold=False, color=array([ 1.,  1.,  1.]), colorSpace='rgb', contrast=1.0, depth=-1.0, flipHoriz=False, flipVert=False, font='Arial', fontFiles=[], height=0.5, italic=False, languageStyle='LTR', name='text', opacity=1.0, ori=0, pos=array([ 0.,  0.]), rgb=array([ 1.,  1.,  1.]), text='', units='deg', win=Window(...), wrapWidth=30)
56.2333 	EXP 	text: text = "Welcome! Thank you for agreeing to participate in this study.\n\nYou will be presented with a Rapid Stream of letters. Your task is to identify one of the letters.\n\nThe letter you're supposed to identify is accompanied by a probe that can appear anywhere on the horizontal axis of the screen.\n\nThe probe is a circular disk that will be flashed for a very brief time.\n\nOnce you've identified the letter after the trial ends, type it out on the keyboard.\n\nIf you're feeling uncomfortable, you can press ESC key any time to stop the experiment.\n\nPress any key when you are ready to begin the experiment.\n\n"
56.2333 	EXP 	text: autoDraw = True
120.1998 	DATA 	Keypress: space
120.2008 	EXP 	text: autoDraw = False
120.2011 	INFO 	Experiment will have 280 trials. Letters will be drawn with superposed noise of0.00%
120.2011 	INFO 	Starting main (non-staircase) part of experiment
123.8033 	EXP 	window1: recordFrameIntervals = False
126.2938 	DATA 	Keypress: n
130.2194 	EXP 	window1: recordFrameIntervals = False
131.3568 	DATA 	Keypress: a
135.4978 	EXP 	window1: recordFrameIntervals = False
136.8540 	DATA 	Keypress: h
141.0102 	EXP 	window1: recordFrameIntervals = False
142.1475 	DATA 	Keypress: l
145.9379 	EXP 	window1: recordFrameIntervals = False
147.1588 	DATA 	Keypress: e
150.9493 	EXP 	window1: recordFrameIntervals = False
152.1700 	DATA 	Keypress: h
156.1107 	EXP 	window1: recordFrameIntervals = False
157.1647 	DATA 	Keypress: b
161.0219 	EXP 	window1: recordFrameIntervals = False
162.0598 	DATA 	Keypress: m
166.0646 	EXP 	window1: recordFrameIntervals = False
167.1520 	DATA 	Keypress: b
171.1093 	EXP 	window1: recordFrameIntervals = False
172.1633 	DATA 	Keypress: y
176.3561 	EXP 	window1: recordFrameIntervals = False
177.3262 	DATA 	Keypress: a
181.3839 	EXP 	window1: recordFrameIntervals = False
182.7386 	DATA 	Keypress: j
186.6457 	EXP 	window1: recordFrameIntervals = False
187.8667 	DATA 	Keypress: s
192.1414 	EXP 	window1: recordFrameIntervals = False
193.1627 	DATA 	Keypress: t
197.3698 	EXP 	window1: recordFrameIntervals = False
198.4571 	DATA 	Keypress: i
202.4813 	EXP 	window1: recordFrameIntervals = False
203.5684 	DATA 	Keypress: n
207.5409 	EXP 	window1: recordFrameIntervals = False
208.6113 	DATA 	Keypress: a
212.6022 	EXP 	window1: recordFrameIntervals = False
213.8231 	DATA 	Keypress: q
217.6151 	EXP 	window1: recordFrameIntervals = False
218.6188 	DATA 	Keypress: k
222.7098 	EXP 	window1: recordFrameIntervals = False
223.9140 	DATA 	Keypress: w
228.1721 	EXP 	window1: recordFrameIntervals = False
229.4597 	DATA 	Keypress: n
233.4005 	EXP 	window1: recordFrameIntervals = False
234.8887 	DATA 	Keypress: x
238.8961 	EXP 	window1: recordFrameIntervals = False
240.3340 	DATA 	Keypress: t
244.4920 	EXP 	window1: recordFrameIntervals = False
245.7295 	DATA 	Keypress: m
250.0194 	EXP 	window1: recordFrameIntervals = False
251.4575 	DATA 	Keypress: d
255.2811 	EXP 	window1: recordFrameIntervals = False
256.3203 	DATA 	Keypress: x
260.1437 	EXP 	window1: recordFrameIntervals = False
261.2310 	DATA 	Keypress: b
265.2051 	EXP 	window1: recordFrameIntervals = False
266.5438 	DATA 	Keypress: m
270.6172 	EXP 	window1: recordFrameIntervals = False
272.9572 	DATA 	Keypress: y
276.7977 	EXP 	window1: recordFrameIntervals = False
278.1188 	DATA 	Keypress: b
282.1597 	EXP 	window1: recordFrameIntervals = False
283.4307 	DATA 	Keypress: j
287.4549 	EXP 	window1: recordFrameIntervals = False
287.8574 	DATA 	Keypress: x
291.7796 	EXP 	window1: recordFrameIntervals = False
291.7801 	ERROR 	trialnum=32 ERROR,1 frames were longer than 20.8 ms apparently screen refreshes skipped, interframe durs were:[ 24.6] and was these frames: [2]
291.7804 	INFO 	flankers also=[ 16.9  24.6  17.1]
292.6496 	DATA 	Keypress: g
296.8576 	EXP 	window1: recordFrameIntervals = False
297.9783 	DATA 	Keypress: x
302.0042 	EXP 	window1: recordFrameIntervals = False
303.2083 	DATA 	Keypress: k
307.4330 	EXP 	window1: recordFrameIntervals = False
308.5202 	DATA 	Keypress: u
312.5778 	EXP 	window1: recordFrameIntervals = False
313.7987 	DATA 	Keypress: f
317.8062 	EXP 	window1: recordFrameIntervals = False
318.7934 	DATA 	Keypress: b
322.9678 	EXP 	window1: recordFrameIntervals = False
324.0382 	DATA 	Keypress: m
327.9122 	EXP 	window1: recordFrameIntervals = False
329.0829 	DATA 	Keypress: w
333.1573 	EXP 	window1: recordFrameIntervals = False
334.0774 	DATA 	Keypress: a
338.0499 	EXP 	window1: recordFrameIntervals = False
339.0036 	DATA 	Keypress: j
343.0444 	EXP 	window1: recordFrameIntervals = False
344.1818 	DATA 	Keypress: z
348.4248 	EXP 	window1: recordFrameIntervals = False
349.2784 	DATA 	Keypress: v
353.1688 	EXP 	window1: recordFrameIntervals = False
354.1391 	DATA 	Keypress: i
358.2635 	EXP 	window1: recordFrameIntervals = False
359.3343 	DATA 	Keypress: x
363.2915 	EXP 	window1: recordFrameIntervals = False
364.1950 	DATA 	Keypress: l
368.3862 	EXP 	window1: recordFrameIntervals = False
369.3399 	DATA 	Keypress: c
373.4809 	EXP 	window1: recordFrameIntervals = False
375.1194 	DATA 	Keypress: z
379.0083 	EXP 	window1: recordFrameIntervals = False
379.0087 	ERROR 	trialnum=49 ERROR,1 frames were longer than 20.8 ms apparently screen refreshes skipped, interframe durs were:[ 42.2] and was these frames: [5]
379.0090 	INFO 	flankers also=[ 16.7  42.2   1.9]
379.4775 	DATA 	Keypress: b
383.3514 	EXP 	window1: recordFrameIntervals = False
384.7729 	DATA 	Keypress: m
388.8988 	EXP 	window1: recordFrameIntervals = False
390.0028 	DATA 	Keypress: b
394.1606 	EXP 	window1: recordFrameIntervals = False
395.4485 	DATA 	Keypress: k
399.4725 	EXP 	window1: recordFrameIntervals = False
400.7100 	DATA 	Keypress: d
404.5172 	EXP 	window1: recordFrameIntervals = False
406.1388 	DATA 	Keypress: f
410.2633 	EXP 	window1: recordFrameIntervals = False
411.5011 	DATA 	Keypress: m
415.3748 	EXP 	window1: recordFrameIntervals = False
416.9131 	DATA 	Keypress: r
420.8537 	EXP 	window1: recordFrameIntervals = False
422.3419 	DATA 	Keypress: i
426.3143 	EXP 	window1: recordFrameIntervals = False
427.8023 	DATA 	Keypress: m
431.7766 	EXP 	window1: recordFrameIntervals = False
432.7319 	DATA 	Keypress: o
436.5222 	EXP 	window1: recordFrameIntervals = False
437.5926 	DATA 	Keypress: t
441.4832 	EXP 	window1: recordFrameIntervals = False
442.6208 	DATA 	Keypress: x
446.7951 	EXP 	window1: recordFrameIntervals = False
448.2164 	DATA 	Keypress: d
452.2407 	EXP 	window1: recordFrameIntervals = False
453.5953 	DATA 	Keypress: b
457.3855 	EXP 	window1: recordFrameIntervals = False
458.7568 	DATA 	Keypress: z
462.6808 	EXP 	window1: recordFrameIntervals = False
464.0519 	DATA 	Keypress: p
467.9743 	EXP 	window1: recordFrameIntervals = False
469.1952 	DATA 	Keypress: y
473.0190 	EXP 	window1: recordFrameIntervals = False
474.3235 	DATA 	Keypress: z
478.3659 	EXP 	window1: recordFrameIntervals = False
479.5868 	DATA 	Keypress: y
483.8615 	EXP 	window1: recordFrameIntervals = False
485.0156 	DATA 	Keypress: p
489.0732 	EXP 	window1: recordFrameIntervals = False
490.0770 	DATA 	Keypress: s
497.1104 	DATA 	Keypress: space
501.2822 	EXP 	window1: recordFrameIntervals = False
502.5199 	DATA 	Keypress: l
506.3268 	EXP 	window1: recordFrameIntervals = False
507.9837 	DATA 	Keypress: x
511.9912 	EXP 	window1: recordFrameIntervals = False
513.0617 	DATA 	Keypress: k
517.2196 	EXP 	window1: recordFrameIntervals = False
518.3068 	DATA 	Keypress: j
522.4312 	EXP 	window1: recordFrameIntervals = False
523.8192 	DATA 	Keypress: j
527.7264 	EXP 	window1: recordFrameIntervals = False
528.8973 	DATA 	Keypress: s
532.7711 	EXP 	window1: recordFrameIntervals = False
533.9920 	DATA 	Keypress: a
538.2500 	EXP 	window1: recordFrameIntervals = False
539.4208 	DATA 	Keypress: g
543.2612 	EXP 	window1: recordFrameIntervals = False
544.4487 	DATA 	Keypress: n
548.4211 	EXP 	window1: recordFrameIntervals = False
549.5918 	DATA 	Keypress: e
553.6160 	EXP 	window1: recordFrameIntervals = False
554.8386 	DATA 	Keypress: h
559.0132 	EXP 	window1: recordFrameIntervals = False
562.4055 	DATA 	Keypress: r
566.4465 	EXP 	window1: recordFrameIntervals = False
568.0016 	DATA 	Keypress: z
572.0423 	EXP 	window1: recordFrameIntervals = False
573.5638 	DATA 	Keypress: w
577.3877 	EXP 	window1: recordFrameIntervals = False
578.5418 	DATA 	Keypress: y
582.3321 	EXP 	window1: recordFrameIntervals = False
583.5529 	DATA 	Keypress: m
587.8110 	EXP 	window1: recordFrameIntervals = False
589.0986 	DATA 	Keypress: u
593.3218 	EXP 	window1: recordFrameIntervals = False
594.4089 	DATA 	Keypress: w
598.2828 	EXP 	window1: recordFrameIntervals = False
599.9565 	DATA 	Keypress: x
603.9471 	EXP 	window1: recordFrameIntervals = False
605.0188 	DATA 	Keypress: f
609.2089 	EXP 	window1: recordFrameIntervals = False
610.5801 	DATA 	Keypress: c
614.6878 	EXP 	window1: recordFrameIntervals = False
616.1259 	DATA 	Keypress: m
620.2002 	EXP 	window1: recordFrameIntervals = False
621.0035 	DATA 	Keypress: a
625.2616 	EXP 	window1: recordFrameIntervals = False
626.7164 	DATA 	Keypress: k
630.8908 	EXP 	window1: recordFrameIntervals = False
632.1451 	DATA 	Keypress: m
636.0506 	EXP 	window1: recordFrameIntervals = False
637.0877 	DATA 	Keypress: e
641.3292 	EXP 	window1: recordFrameIntervals = False
642.4348 	DATA 	Keypress: d
646.4924 	EXP 	window1: recordFrameIntervals = False
647.5797 	DATA 	Keypress: k
651.5037 	EXP 	window1: recordFrameIntervals = False
652.4405 	DATA 	Keypress: f
656.2643 	EXP 	window1: recordFrameIntervals = False
657.7192 	DATA 	Keypress: v
661.9771 	EXP 	window1: recordFrameIntervals = False
663.4985 	DATA 	Keypress: g
667.3224 	EXP 	window1: recordFrameIntervals = False
668.2759 	DATA 	Keypress: n
672.1332 	EXP 	window1: recordFrameIntervals = False
673.5711 	DATA 	Keypress: a
677.7441 	EXP 	window1: recordFrameIntervals = False
678.6978 	DATA 	Keypress: a
682.5214 	EXP 	window1: recordFrameIntervals = False
683.6087 	DATA 	Keypress: u
687.5176 	EXP 	window1: recordFrameIntervals = False
688.8219 	DATA 	Keypress: d
693.0300 	EXP 	window1: recordFrameIntervals = False
694.4178 	DATA 	Keypress: v
698.6425 	EXP 	window1: recordFrameIntervals = False
699.6963 	DATA 	Keypress: r
703.6704 	EXP 	window1: recordFrameIntervals = False
704.8246 	DATA 	Keypress: x
708.8153 	EXP 	window1: recordFrameIntervals = False
710.8546 	DATA 	Keypress: d
714.9958 	EXP 	window1: recordFrameIntervals = False
716.4338 	DATA 	Keypress: n
720.6736 	EXP 	window1: recordFrameIntervals = False
721.6271 	DATA 	Keypress: l
725.8017 	EXP 	window1: recordFrameIntervals = False
727.0910 	DATA 	Keypress: w
731.3658 	EXP 	window1: recordFrameIntervals = False
732.5033 	DATA 	Keypress: v
736.6109 	EXP 	window1: recordFrameIntervals = False
737.8317 	DATA 	Keypress: h
741.6388 	EXP 	window1: recordFrameIntervals = False
742.7260 	DATA 	Keypress: p
746.9006 	EXP 	window1: recordFrameIntervals = False
747.8541 	DATA 	Keypress: g
752.0120 	EXP 	window1: recordFrameIntervals = False
753.3999 	DATA 	Keypress: p
757.5912 	EXP 	window1: recordFrameIntervals = False
758.9791 	DATA 	Keypress: p
763.1520 	EXP 	window1: recordFrameIntervals = False
764.4898 	DATA 	Keypress: u
768.7646 	EXP 	window1: recordFrameIntervals = False
769.7200 	DATA 	Keypress: k
773.7274 	EXP 	window1: recordFrameIntervals = False
774.9983 	DATA 	Keypress: r
778.9891 	EXP 	window1: recordFrameIntervals = False
780.3102 	DATA 	Keypress: e
784.3845 	EXP 	window1: recordFrameIntervals = False
785.6555 	DATA 	Keypress: r
789.7633 	EXP 	window1: recordFrameIntervals = False
790.6332 	DATA 	Keypress: a
794.8413 	EXP 	window1: recordFrameIntervals = False
795.8450 	DATA 	Keypress: e
799.8024 	EXP 	window1: recordFrameIntervals = False
801.1234 	DATA 	Keypress: d
805.4133 	EXP 	window1: recordFrameIntervals = False
807.0017 	DATA 	Keypress: y
811.0259 	EXP 	window1: recordFrameIntervals = False
812.3819 	DATA 	Keypress: r
816.5232 	EXP 	window1: recordFrameIntervals = False
817.9621 	DATA 	Keypress: t
822.0522 	EXP 	window1: recordFrameIntervals = False
823.2731 	DATA 	Keypress: t
827.5478 	EXP 	window1: recordFrameIntervals = False
828.7521 	DATA 	Keypress: k
832.6760 	EXP 	window1: recordFrameIntervals = False
833.5962 	DATA 	Keypress: c
837.5703 	EXP 	window1: recordFrameIntervals = False
838.8747 	DATA 	Keypress: h
843.0994 	EXP 	window1: recordFrameIntervals = False
844.1866 	DATA 	Keypress: f
848.1089 	EXP 	window1: recordFrameIntervals = False
849.3966 	DATA 	Keypress: j
853.2538 	EXP 	window1: recordFrameIntervals = False
854.5098 	DATA 	Keypress: s
858.7010 	EXP 	window1: recordFrameIntervals = False
859.7548 	DATA 	Keypress: j
863.7289 	EXP 	window1: recordFrameIntervals = False
864.8997 	DATA 	Keypress: v
868.9238 	EXP 	window1: recordFrameIntervals = False
870.4119 	DATA 	Keypress: r
882.0151 	DATA 	Keypress: space
885.7599 	EXP 	window1: recordFrameIntervals = False
887.0642 	DATA 	Keypress: m
891.0718 	EXP 	window1: recordFrameIntervals = False
892.0938 	DATA 	Keypress: l
896.1348 	EXP 	window1: recordFrameIntervals = False
896.9882 	DATA 	Keypress: b
901.1293 	EXP 	window1: recordFrameIntervals = False
902.5351 	DATA 	Keypress: s
906.4246 	EXP 	window1: recordFrameIntervals = False
906.9437 	DATA 	Keypress: f
911.1183 	EXP 	window1: recordFrameIntervals = False
912.7233 	DATA 	Keypress: r
916.8813 	EXP 	window1: recordFrameIntervals = False
918.0020 	DATA 	Keypress: l
922.1263 	EXP 	window1: recordFrameIntervals = False
922.9629 	DATA 	Keypress: u
927.0356 	EXP 	window1: recordFrameIntervals = False
927.9057 	DATA 	Keypress: o
932.0469 	EXP 	window1: recordFrameIntervals = False
933.4029 	DATA 	Keypress: w
937.6778 	EXP 	window1: recordFrameIntervals = False
939.1159 	DATA 	Keypress: l
942.9063 	EXP 	window1: recordFrameIntervals = False
943.7430 	DATA 	Keypress: b
947.7170 	EXP 	window1: recordFrameIntervals = False
948.6038 	DATA 	Keypress: h
952.8785 	EXP 	window1: recordFrameIntervals = False
954.6339 	DATA 	Keypress: f
958.4744 	EXP 	window1: recordFrameIntervals = False
959.9459 	DATA 	Keypress: z
963.7529 	EXP 	window1: recordFrameIntervals = False
965.1242 	DATA 	Keypress: j
968.9629 	EXP 	window1: recordFrameIntervals = False
970.2172 	DATA 	Keypress: z
974.1913 	EXP 	window1: recordFrameIntervals = False
974.9613 	DATA 	Keypress: s
978.8701 	EXP 	window1: recordFrameIntervals = False
979.8571 	DATA 	Keypress: e
983.9314 	EXP 	window1: recordFrameIntervals = False
984.8349 	DATA 	Keypress: k
988.9928 	EXP 	window1: recordFrameIntervals = False
989.9631 	DATA 	Keypress: x
994.2378 	EXP 	window1: recordFrameIntervals = False
994.8073 	DATA 	Keypress: y
999.0152 	EXP 	window1: recordFrameIntervals = False
1000.0523 	DATA 	Keypress: r
1003.9930 	EXP 	window1: recordFrameIntervals = False
1005.5647 	DATA 	Keypress: k
1009.5889 	EXP 	window1: recordFrameIntervals = False
1010.4089 	DATA 	Keypress: j
1014.6152 	EXP 	window1: recordFrameIntervals = False
1015.6189 	DATA 	Keypress: g
1019.7433 	EXP 	window1: recordFrameIntervals = False
1020.8322 	DATA 	Keypress: m
1025.0067 	EXP 	window1: recordFrameIntervals = False
1026.4449 	DATA 	Keypress: k
1030.5860 	EXP 	window1: recordFrameIntervals = False
1031.6730 	DATA 	Keypress: a
1035.4970 	EXP 	window1: recordFrameIntervals = False
1036.7678 	DATA 	Keypress: o
1040.8255 	EXP 	window1: recordFrameIntervals = False
1041.4116 	DATA 	Keypress: h
1045.6697 	EXP 	window1: recordFrameIntervals = False
1047.1077 	DATA 	Keypress: x
1051.2490 	EXP 	window1: recordFrameIntervals = False
1052.3028 	DATA 	Keypress: z
1056.1432 	EXP 	window1: recordFrameIntervals = False
1057.2304 	DATA 	Keypress: s
1061.2029 	EXP 	window1: recordFrameIntervals = False
1062.9082 	DATA 	Keypress: j
1067.1679 	EXP 	window1: recordFrameIntervals = False
1068.4221 	DATA 	Keypress: d
1072.5132 	EXP 	window1: recordFrameIntervals = False
1073.7174 	DATA 	Keypress: z
1077.7081 	EXP 	window1: recordFrameIntervals = False
1078.8455 	DATA 	Keypress: h
1082.9031 	EXP 	window1: recordFrameIntervals = False
1083.8401 	DATA 	Keypress: s
1087.6304 	EXP 	window1: recordFrameIntervals = False
1088.7344 	DATA 	Keypress: h
1092.5413 	EXP 	window1: recordFrameIntervals = False
1093.4950 	DATA 	Keypress: f
1097.3688 	EXP 	window1: recordFrameIntervals = False
1098.2556 	DATA 	Keypress: k
1102.3116 	EXP 	window1: recordFrameIntervals = False
1103.2150 	DATA 	Keypress: a
1107.0389 	EXP 	window1: recordFrameIntervals = False
1107.9268 	DATA 	Keypress: b
1112.1019 	EXP 	window1: recordFrameIntervals = False
1113.3232 	DATA 	Keypress: v
1117.5307 	EXP 	window1: recordFrameIntervals = False
1118.2838 	DATA 	Keypress: m
1122.3248 	EXP 	window1: recordFrameIntervals = False
1123.4286 	DATA 	Keypress: a
1127.3527 	EXP 	window1: recordFrameIntervals = False
1128.5401 	DATA 	Keypress: n
1132.7147 	EXP 	window1: recordFrameIntervals = False
1133.2173 	DATA 	Keypress: k
1137.4253 	EXP 	window1: recordFrameIntervals = False
1138.0282 	DATA 	Keypress: w
1142.0005 	EXP 	window1: recordFrameIntervals = False
1142.9709 	DATA 	Keypress: v
1147.0451 	EXP 	window1: recordFrameIntervals = False
1148.1841 	DATA 	Keypress: d
1152.2919 	EXP 	window1: recordFrameIntervals = False
1153.3623 	DATA 	Keypress: w
1157.5036 	EXP 	window1: recordFrameIntervals = False
1158.5074 	DATA 	Keypress: d
1162.4479 	EXP 	window1: recordFrameIntervals = False
1163.4184 	DATA 	Keypress: j
1167.6429 	EXP 	window1: recordFrameIntervals = False
1168.6633 	DATA 	Keypress: p
1172.6040 	EXP 	window1: recordFrameIntervals = False
1173.8082 	DATA 	Keypress: v
1177.6487 	EXP 	window1: recordFrameIntervals = False
1179.0032 	DATA 	Keypress: p
1182.9422 	EXP 	window1: recordFrameIntervals = False
1182.9426 	ERROR 	trialnum=199 ERROR,1 frames were longer than 20.8 ms apparently screen refreshes skipped, interframe durs were:[ 42.4] and was these frames: [2]
1182.9429 	INFO 	flankers also=[ 16.6  42.4   1.9]
1184.0129 	DATA 	Keypress: s
1188.2875 	EXP 	window1: recordFrameIntervals = False
1189.7607 	DATA 	Keypress: c
1193.8182 	EXP 	window1: recordFrameIntervals = False
1194.8553 	DATA 	Keypress: w
1198.7125 	EXP 	window1: recordFrameIntervals = False
1199.7997 	DATA 	Keypress: e
1203.8908 	EXP 	window1: recordFrameIntervals = False
1204.9111 	DATA 	Keypress: a
1209.0022 	EXP 	window1: recordFrameIntervals = False
1210.0396 	DATA 	Keypress: a
1213.9634 	EXP 	window1: recordFrameIntervals = False
1215.0338 	DATA 	Keypress: f
1219.0581 	EXP 	window1: recordFrameIntervals = False
1220.0453 	DATA 	Keypress: j
1224.1846 	EXP 	window1: recordFrameIntervals = False
1225.3385 	DATA 	Keypress: r
1229.3796 	EXP 	window1: recordFrameIntervals = False
1230.5020 	DATA 	Keypress: s
1234.7266 	EXP 	window1: recordFrameIntervals = False
1236.2480 	DATA 	Keypress: f
1240.1554 	EXP 	window1: recordFrameIntervals = False
1240.7926 	DATA 	Keypress: w
1250.4563 	DATA 	Keypress: space
1254.2853 	EXP 	window1: recordFrameIntervals = False
1254.8714 	DATA 	Keypress: w
1258.8455 	EXP 	window1: recordFrameIntervals = False
1259.8326 	DATA 	Keypress: b
1263.6246 	EXP 	window1: recordFrameIntervals = False
1264.7953 	DATA 	Keypress: e
1268.6024 	EXP 	window1: recordFrameIntervals = False
1269.4390 	DATA 	Keypress: r
1273.3799 	EXP 	window1: recordFrameIntervals = False
1274.2833 	DATA 	Keypress: b
1278.3243 	EXP 	window1: recordFrameIntervals = False
1279.4113 	DATA 	Keypress: m
1283.5525 	EXP 	window1: recordFrameIntervals = False
1284.4726 	DATA 	Keypress: n
1288.2966 	EXP 	window1: recordFrameIntervals = False
1289.4674 	DATA 	Keypress: j
1293.7086 	EXP 	window1: recordFrameIntervals = False
1295.7482 	DATA 	Keypress: q
1299.6202 	EXP 	window1: recordFrameIntervals = False
1299.6206 	ERROR 	trialnum=220 ERROR,1 frames were longer than 20.8 ms apparently screen refreshes skipped, interframe durs were:[ 41.2] and was these frames: [4]
1299.6209 	INFO 	flankers also=[ 16.7  41.2   2.1]
1300.6573 	DATA 	Keypress: t
1304.8820 	EXP 	window1: recordFrameIntervals = False
1306.0361 	DATA 	Keypress: m
1310.2791 	EXP 	window1: recordFrameIntervals = False
1311.4164 	DATA 	Keypress: g
1315.6912 	EXP 	window1: recordFrameIntervals = False
1316.7117 	DATA 	Keypress: v
1320.8027 	EXP 	window1: recordFrameIntervals = False
1321.9900 	DATA 	Keypress: n
1325.8808 	EXP 	window1: recordFrameIntervals = False
1327.2696 	DATA 	Keypress: j
1331.1759 	EXP 	window1: recordFrameIntervals = False
1332.3132 	DATA 	Keypress: d
1336.2206 	EXP 	window1: recordFrameIntervals = False
1336.7575 	DATA 	Keypress: a
1340.8476 	EXP 	window1: recordFrameIntervals = False
1341.7511 	DATA 	Keypress: v
1345.5732 	EXP 	window1: recordFrameIntervals = False
1346.7610 	DATA 	Keypress: a
1350.9186 	EXP 	window1: recordFrameIntervals = False
1352.0408 	DATA 	Keypress: a
1355.8646 	EXP 	window1: recordFrameIntervals = False
1356.8519 	DATA 	Keypress: a
1361.1097 	EXP 	window1: recordFrameIntervals = False
1361.4955 	DATA 	Keypress: a
1365.5530 	EXP 	window1: recordFrameIntervals = False
1366.8073 	DATA 	Keypress: v
1370.6811 	EXP 	window1: recordFrameIntervals = False
1371.5678 	DATA 	Keypress: h
1375.3916 	EXP 	window1: recordFrameIntervals = False
1376.3285 	DATA 	Keypress: p
1380.2191 	EXP 	window1: recordFrameIntervals = False
1381.6571 	DATA 	Keypress: m
1385.5310 	EXP 	window1: recordFrameIntervals = False
1386.6850 	DATA 	Keypress: m
1390.5573 	EXP 	window1: recordFrameIntervals = False
1391.9284 	DATA 	Keypress: e
1396.2033 	EXP 	window1: recordFrameIntervals = False
1397.4091 	DATA 	Keypress: a
1401.6671 	EXP 	window1: recordFrameIntervals = False
1402.4203 	DATA 	Keypress: b
1406.3276 	EXP 	window1: recordFrameIntervals = False
1407.4660 	DATA 	Keypress: b
1411.2888 	EXP 	window1: recordFrameIntervals = False
1412.0753 	DATA 	Keypress: v
1415.9993 	EXP 	window1: recordFrameIntervals = False
1417.2368 	DATA 	Keypress: g
1421.1442 	EXP 	window1: recordFrameIntervals = False
1422.3818 	DATA 	Keypress: w
1426.2055 	EXP 	window1: recordFrameIntervals = False
1428.3116 	DATA 	Keypress: r
1432.2006 	EXP 	window1: recordFrameIntervals = False
1433.2879 	DATA 	Keypress: r
1437.1115 	EXP 	window1: recordFrameIntervals = False
1437.6980 	DATA 	Keypress: m
1441.4897 	EXP 	window1: recordFrameIntervals = False
1442.4934 	DATA 	Keypress: r
1446.7515 	EXP 	window1: recordFrameIntervals = False
1447.5047 	DATA 	Keypress: a
1451.4955 	EXP 	window1: recordFrameIntervals = False
1452.3654 	DATA 	Keypress: n
1456.4065 	EXP 	window1: recordFrameIntervals = False
1457.5105 	DATA 	Keypress: b
1461.7684 	EXP 	window1: recordFrameIntervals = False
1462.7054 	DATA 	Keypress: r
1466.6628 	EXP 	window1: recordFrameIntervals = False
1467.4494 	DATA 	Keypress: i
1471.3231 	EXP 	window1: recordFrameIntervals = False
1472.2601 	DATA 	Keypress: w
1476.1156 	EXP 	window1: recordFrameIntervals = False
1476.9023 	DATA 	Keypress: y
1480.7762 	EXP 	window1: recordFrameIntervals = False
1483.0008 	DATA 	Keypress: l
1487.0919 	EXP 	window1: recordFrameIntervals = False
1488.4464 	DATA 	Keypress: y
1492.4873 	EXP 	window1: recordFrameIntervals = False
1494.0254 	DATA 	Keypress: d
1497.8327 	EXP 	window1: recordFrameIntervals = False
1498.6360 	DATA 	Keypress: z
1502.6935 	EXP 	window1: recordFrameIntervals = False
1503.8477 	DATA 	Keypress: k
1507.8884 	EXP 	window1: recordFrameIntervals = False
1509.1104 	DATA 	Keypress: w
1513.3173 	EXP 	window1: recordFrameIntervals = False
1514.1038 	DATA 	Keypress: i
1518.2767 	EXP 	window1: recordFrameIntervals = False
1519.2137 	DATA 	Keypress: k
1523.2212 	EXP 	window1: recordFrameIntervals = False
1524.1256 	DATA 	Keypress: p
1528.3509 	EXP 	window1: recordFrameIntervals = False
1529.5718 	DATA 	Keypress: e
1533.4290 	EXP 	window1: recordFrameIntervals = False
1534.5329 	DATA 	Keypress: y
1538.8077 	EXP 	window1: recordFrameIntervals = False
1540.0288 	DATA 	Keypress: z
1544.0361 	EXP 	window1: recordFrameIntervals = False
1545.4406 	DATA 	Keypress: m
1549.4315 	EXP 	window1: recordFrameIntervals = False
1551.0532 	DATA 	Keypress: e
1554.9104 	EXP 	window1: recordFrameIntervals = False
1556.4319 	DATA 	Keypress: l
1560.5548 	EXP 	window1: recordFrameIntervals = False
1561.4918 	DATA 	Keypress: h
1565.6830 	EXP 	window1: recordFrameIntervals = False
1566.3359 	DATA 	Keypress: y
1570.6123 	EXP 	window1: recordFrameIntervals = False
1571.4324 	DATA 	Keypress: a
1575.5400 	EXP 	window1: recordFrameIntervals = False
1576.6438 	DATA 	Keypress: m
1580.8854 	EXP 	window1: recordFrameIntervals = False
1582.1396 	DATA 	Keypress: r
1586.2139 	EXP 	window1: recordFrameIntervals = False
1586.9169 	DATA 	Keypress: a
1590.9746 	EXP 	window1: recordFrameIntervals = False
1592.1788 	DATA 	Keypress: x
1596.3031 	EXP 	window1: recordFrameIntervals = False
1597.3569 	DATA 	Keypress: e
1601.5149 	EXP 	window1: recordFrameIntervals = False
1602.4854 	DATA 	Keypress: x
1603.0015 	INFO 	Finishing at 17:06 on 08 Feb 2019
1603.4118 	EXP 	window1: mouseVisible = True
