40.9078 	INFO 	Successfully set darwin thread to realtime
41.9281 	INFO 	#[ PsychoPy3 RuntimeInfoStart ]
  #[[ PsychoPy ]] #---------
    psychopyVersion: 3.0.3
    psychopyHaveExtRush: True
  #[[ Experiment ]] #---------
    experimentRunTime: 2019_02_05 17:55 (Year_Month_Day Hour:Min)
    experimentRunTime.epoch: 1549407300
    experimentScript: RSVP_visual_now.py
    experimentScript.digestSHA1: 5747e7b028e5214bb1487bf8cad4d19d8f419680
    experimentScript.directory: /Users/vsg/Documents/GitHub/spatio_temporal_information_processing/RSVP_visual_now
  #[[ System ]] #---------
    systemHaveInternetAccess: True
    systemHostName: VSG-lab1.local
    systemLocale: C
    systemMemFreeRAM: 1439.44140625
    systemMemTotalRAM: 4096.0
    systemPlatform: darwin 10.10.5 x86_64
    systemRavailable: R version 3.2.3 (2015-12-10) -- Wooden Christmas-Tree
    systemRebooted: Feb 4 16:27
    systemSec.OpenSSLVersion: OpenSSL 0.9.8zg 14 July 2015
    systemSec.pythonSSL: True
    systemTimeNumpySD1000000_sec: 0.0123
    systemUser: vsg
    systemUserID: 502
    systemUserProcCount: 80
    systemUserProcFlagged: mdworker Safari
    systemUsersCount: 1
  #[[ Window ]] #---------
    windowWinType: pyglet
    windowUnits: deg
    windowSize_pix: [1920 1200]
    windowScreen: 0
    windowRgb: [-0.7 -0.7 -0.7]
    windowRefreshTimeSD_ms: 0.029
    windowRefreshTimeMedian_ms: 16.704
    windowRefreshTimeAvg_ms: 16.704
    windowPos_pix: [0, 0]
    windowMonitor.name: testmonitor
    windowMonitor.getWidth_cm: 52.0
    windowMonitor.getDistance_cm: 65.0
    windowMonitor.currentCalibName: 2019_02_04 12:46
    windowIsFullScr: True
  #[[ Python ]] #---------
    pythonVersion: 2.7.13
  #[[ OpenGL ]] #---------
#[ PsychoPy3 RuntimeInfoEnd ]

41.9304 	WARNING 	Could not load the desired click sound file, instead using manually created inferior click
42.3300 	EXP 	Created sequence: random, trialTypes=280, nReps=14, seed=None
42.5709 	INFO 	numtrials=280 and each trialDurFrames=156 or 2600.0 ms  task=T1
43.1329 	EXP 	Created text = TextStim(alignHoriz='center', alignVert='center', antialias=True, autoLog=True, bold=False, color=array([ 1.,  1.,  1.]), colorSpace='rgb', contrast=1.0, depth=-1.0, flipHoriz=False, flipVert=False, font='Arial', fontFiles=[], height=0.5, italic=False, languageStyle='LTR', name='text', opacity=1.0, ori=0, pos=array([ 0.,  0.]), rgb=array([ 1.,  1.,  1.]), text='', units='deg', win=Window(...), wrapWidth=30)
43.7361 	EXP 	text: text = "Welcome! Thank you for agreeing to participate in this study.\n\nYou will be presented with a Rapid Stream of letters. Your task is to identify one of the letters.\n\nThe letter you're supposed to identify is accompanied by a probe that can appear anywhere on the horizontal axis of the screen.\n\nThe probe is a circular disk that will be flashed for a very brief time.\n\nOnce you've identified the letter after the trial ends, type it out on the keyboard.\n\nIf you're feeling uncomfortable, you can press ESC key any time to stop the experiment.\n\nPress any key when you are ready to begin the experiment.\n\n"
43.7361 	EXP 	text: autoDraw = True
166.9263 	DATA 	Keypress: space
166.9273 	EXP 	text: autoDraw = False
166.9277 	INFO 	Experiment will have 280 trials. Letters will be drawn with superposed noise of0.00%
166.9277 	INFO 	Starting main (non-staircase) part of experiment
170.6151 	EXP 	window1: recordFrameIntervals = False
172.2872 	DATA 	Keypress: s
176.5284 	EXP 	window1: recordFrameIntervals = False
177.8010 	DATA 	Keypress: t
181.9589 	EXP 	window1: recordFrameIntervals = False
183.4971 	DATA 	Keypress: s
187.4210 	EXP 	window1: recordFrameIntervals = False
188.6086 	DATA 	Keypress: b
192.4324 	EXP 	window1: recordFrameIntervals = False
194.4216 	DATA 	Keypress: k
198.2620 	EXP 	window1: recordFrameIntervals = False
199.9506 	DATA 	Keypress: f
204.0751 	EXP 	window1: recordFrameIntervals = False
206.3817 	DATA 	Keypress: p
210.5729 	EXP 	window1: recordFrameIntervals = False
211.9441 	DATA 	Keypress: g
216.2340 	EXP 	window1: recordFrameIntervals = False
217.3547 	DATA 	Keypress: m
221.3287 	EXP 	window1: recordFrameIntervals = False
222.2505 	DATA 	Keypress: m
226.2748 	EXP 	window1: recordFrameIntervals = False
227.3119 	DATA 	Keypress: g
231.4196 	EXP 	window1: recordFrameIntervals = False
232.5571 	DATA 	Keypress: c
236.4643 	EXP 	window1: recordFrameIntervals = False
237.5181 	DATA 	Keypress: m
241.4421 	EXP 	window1: recordFrameIntervals = False
242.3625 	DATA 	Keypress: p
246.3197 	EXP 	window1: recordFrameIntervals = False
247.6073 	DATA 	Keypress: a
251.8153 	EXP 	window1: recordFrameIntervals = False
252.9193 	DATA 	Keypress: h
256.9602 	EXP 	window1: recordFrameIntervals = False
258.0977 	DATA 	Keypress: s
262.2704 	EXP 	window1: recordFrameIntervals = False
263.5080 	DATA 	Keypress: p
267.3151 	EXP 	window1: recordFrameIntervals = False
269.4398 	DATA 	Keypress: b
273.2970 	EXP 	window1: recordFrameIntervals = False
274.3006 	DATA 	Keypress: s
278.5419 	EXP 	window1: recordFrameIntervals = False
280.0635 	DATA 	Keypress: e
283.8872 	EXP 	window1: recordFrameIntervals = False
286.2941 	DATA 	Keypress: q
290.3351 	EXP 	window1: recordFrameIntervals = False
291.4557 	DATA 	Keypress: b
295.6469 	EXP 	window1: recordFrameIntervals = False
296.1493 	DATA 	Keypress: f
300.3407 	EXP 	window1: recordFrameIntervals = False
300.8267 	DATA 	Keypress: z
304.6504 	EXP 	window1: recordFrameIntervals = False
306.0885 	DATA 	Keypress: k
309.9104 	EXP 	window1: recordFrameIntervals = False
310.9977 	DATA 	Keypress: v
315.2391 	EXP 	window1: recordFrameIntervals = False
316.2277 	DATA 	Keypress: f
320.3355 	EXP 	window1: recordFrameIntervals = False
322.1588 	DATA 	Keypress: x
326.1318 	EXP 	window1: recordFrameIntervals = False
326.8516 	DATA 	Keypress: a
330.7422 	EXP 	window1: recordFrameIntervals = False
331.2114 	DATA 	Keypress: v
335.4694 	EXP 	window1: recordFrameIntervals = False
336.5744 	DATA 	Keypress: f
340.4640 	EXP 	window1: recordFrameIntervals = False
340.9341 	DATA 	Keypress: n
345.0576 	EXP 	window1: recordFrameIntervals = False
345.6102 	DATA 	Keypress: a
349.5159 	EXP 	window1: recordFrameIntervals = False
349.5163 	ERROR 	trialnum=34 ERROR,1 frames were longer than 20.8 ms apparently screen refreshes skipped, interframe durs were:[ 42.4] and was these frames: [0]
349.5166 	INFO 	flankers also=[ 42.4   1.9]
350.5863 	DATA 	Keypress: l
354.7276 	EXP 	window1: recordFrameIntervals = False
355.2301 	DATA 	Keypress: t
359.4230 	EXP 	window1: recordFrameIntervals = False
360.6773 	DATA 	Keypress: s
364.8853 	EXP 	window1: recordFrameIntervals = False
368.3279 	DATA 	Keypress: u
372.5859 	EXP 	window1: recordFrameIntervals = False
373.6564 	DATA 	Keypress: a
377.5470 	EXP 	window1: recordFrameIntervals = False
378.7346 	DATA 	Keypress: h
382.5917 	EXP 	window1: recordFrameIntervals = False
384.1645 	DATA 	Keypress: s
388.0872 	EXP 	window1: recordFrameIntervals = False
389.1244 	DATA 	Keypress: x
393.1820 	EXP 	window1: recordFrameIntervals = False
394.1356 	DATA 	Keypress: s
398.1932 	EXP 	window1: recordFrameIntervals = False
399.1969 	DATA 	Keypress: h
403.1026 	EXP 	window1: recordFrameIntervals = False
403.5718 	DATA 	Keypress: z
407.5292 	EXP 	window1: recordFrameIntervals = False
409.1881 	DATA 	Keypress: f
413.4276 	EXP 	window1: recordFrameIntervals = False
414.6482 	DATA 	Keypress: r
418.5889 	EXP 	window1: recordFrameIntervals = False
419.8099 	DATA 	Keypress: b
424.0846 	EXP 	window1: recordFrameIntervals = False
425.4558 	DATA 	Keypress: b
429.6136 	EXP 	window1: recordFrameIntervals = False
430.9848 	DATA 	Keypress: e
435.1761 	EXP 	window1: recordFrameIntervals = False
436.2133 	DATA 	Keypress: a
440.3711 	EXP 	window1: recordFrameIntervals = False
441.5252 	DATA 	Keypress: z
445.5978 	EXP 	window1: recordFrameIntervals = False
446.6348 	DATA 	Keypress: w
450.5924 	EXP 	window1: recordFrameIntervals = False
452.7670 	DATA 	Keypress: x
456.7077 	EXP 	window1: recordFrameIntervals = False
457.8451 	DATA 	Keypress: j
461.8693 	EXP 	window1: recordFrameIntervals = False
463.1068 	DATA 	Keypress: n
467.3148 	EXP 	window1: recordFrameIntervals = False
469.4887 	DATA 	Keypress: r
473.3950 	EXP 	window1: recordFrameIntervals = False
474.7829 	DATA 	Keypress: w
478.7404 	EXP 	window1: recordFrameIntervals = False
479.9947 	DATA 	Keypress: b
483.8351 	EXP 	window1: recordFrameIntervals = False
485.7408 	DATA 	Keypress: e
489.8987 	EXP 	window1: recordFrameIntervals = False
491.2031 	DATA 	Keypress: s
495.0084 	EXP 	window1: recordFrameIntervals = False
496.3463 	DATA 	Keypress: m
500.4206 	EXP 	window1: recordFrameIntervals = False
501.9938 	DATA 	Keypress: p
505.8344 	EXP 	window1: recordFrameIntervals = False
507.0052 	DATA 	Keypress: w
511.0961 	EXP 	window1: recordFrameIntervals = False
512.2337 	DATA 	Keypress: s
516.4248 	EXP 	window1: recordFrameIntervals = False
517.1277 	DATA 	Keypress: a
521.0017 	EXP 	window1: recordFrameIntervals = False
523.0077 	DATA 	Keypress: i
527.0152 	EXP 	window1: recordFrameIntervals = False
528.0868 	DATA 	Keypress: o
532.3438 	EXP 	window1: recordFrameIntervals = False
533.7317 	DATA 	Keypress: p
538.0049 	EXP 	window1: recordFrameIntervals = False
539.0252 	DATA 	Keypress: j
543.2332 	EXP 	window1: recordFrameIntervals = False
544.8399 	DATA 	Keypress: v
571.9803 	DATA 	Keypress: space
575.8063 	EXP 	window1: recordFrameIntervals = False
576.8933 	DATA 	Keypress: w
580.7505 	EXP 	window1: recordFrameIntervals = False
581.6556 	DATA 	Keypress: d
585.6298 	EXP 	window1: recordFrameIntervals = False
586.4163 	DATA 	Keypress: p
590.6911 	EXP 	window1: recordFrameIntervals = False
591.5277 	DATA 	Keypress: m
595.4183 	EXP 	window1: recordFrameIntervals = False
596.8564 	DATA 	Keypress: r
600.9641 	EXP 	window1: recordFrameIntervals = False
601.9343 	DATA 	Keypress: e
605.9753 	EXP 	window1: recordFrameIntervals = False
607.2130 	DATA 	Keypress: g
611.4042 	EXP 	window1: recordFrameIntervals = False
614.5961 	DATA 	Keypress: x
618.7858 	EXP 	window1: recordFrameIntervals = False
619.7563 	DATA 	Keypress: s
623.8137 	EXP 	window1: recordFrameIntervals = False
624.8841 	DATA 	Keypress: m
628.8767 	EXP 	window1: recordFrameIntervals = False
629.6131 	DATA 	Keypress: a
633.5705 	EXP 	window1: recordFrameIntervals = False
634.4583 	DATA 	Keypress: e
638.2644 	EXP 	window1: recordFrameIntervals = False
639.2346 	DATA 	Keypress: m
643.1253 	EXP 	window1: recordFrameIntervals = False
644.1958 	DATA 	Keypress: h
648.1701 	EXP 	window1: recordFrameIntervals = False
648.7561 	DATA 	Keypress: c
652.7969 	EXP 	window1: recordFrameIntervals = False
653.2829 	DATA 	Keypress: e
657.0882 	EXP 	window1: recordFrameIntervals = False
657.0886 	ERROR 	trialnum=87 ERROR,1 frames were longer than 20.8 ms apparently screen refreshes skipped, interframe durs were:[ 42.3] and was these frames: [9]
657.0889 	INFO 	flankers also=[ 16.6  42.3   1.8]
657.5239 	DATA 	Keypress: e
661.5482 	EXP 	window1: recordFrameIntervals = False
663.2200 	DATA 	Keypress: f
667.0956 	EXP 	window1: recordFrameIntervals = False
668.0168 	DATA 	Keypress: a
672.2405 	EXP 	window1: recordFrameIntervals = False
673.7955 	DATA 	Keypress: b
677.7695 	EXP 	window1: recordFrameIntervals = False
679.7086 	DATA 	Keypress: t
683.7830 	EXP 	window1: recordFrameIntervals = False
684.6532 	DATA 	Keypress: z
688.5773 	EXP 	window1: recordFrameIntervals = False
690.4828 	DATA 	Keypress: b
694.5571 	EXP 	window1: recordFrameIntervals = False
695.8450 	DATA 	Keypress: k
700.1196 	EXP 	window1: recordFrameIntervals = False
701.3740 	DATA 	Keypress: y
705.4482 	EXP 	window1: recordFrameIntervals = False
706.4519 	DATA 	Keypress: n
710.2740 	EXP 	window1: recordFrameIntervals = False
711.4448 	DATA 	Keypress: w
715.7196 	EXP 	window1: recordFrameIntervals = False
716.9254 	DATA 	Keypress: c
720.8160 	EXP 	window1: recordFrameIntervals = False
722.3709 	DATA 	Keypress: o
726.1780 	EXP 	window1: recordFrameIntervals = False
728.0502 	DATA 	Keypress: t
732.2416 	EXP 	window1: recordFrameIntervals = False
733.2787 	DATA 	Keypress: z
737.3530 	EXP 	window1: recordFrameIntervals = False
738.3400 	DATA 	Keypress: s
742.1638 	EXP 	window1: recordFrameIntervals = False
743.9526 	DATA 	Keypress: k
747.8432 	EXP 	window1: recordFrameIntervals = False
749.0473 	DATA 	Keypress: f
752.8861 	EXP 	window1: recordFrameIntervals = False
752.8865 	ERROR 	trialnum=105 ERROR,1 frames were longer than 20.8 ms apparently screen refreshes skipped, interframe durs were:[ 41.2] and was these frames: [10]
752.8868 	INFO 	flankers also=[ 16.7  41.2   1.8]
754.0403 	DATA 	Keypress: j
758.0310 	EXP 	window1: recordFrameIntervals = False
759.1851 	DATA 	Keypress: n
763.2444 	EXP 	window1: recordFrameIntervals = False
764.3325 	DATA 	Keypress: l
768.4059 	EXP 	window1: recordFrameIntervals = False
769.7604 	DATA 	Keypress: f
773.5842 	EXP 	window1: recordFrameIntervals = False
775.1392 	DATA 	Keypress: z
779.0966 	EXP 	window1: recordFrameIntervals = False
779.5825 	DATA 	Keypress: a
783.7737 	EXP 	window1: recordFrameIntervals = False
784.6938 	DATA 	Keypress: a
788.9352 	EXP 	window1: recordFrameIntervals = False
790.0226 	DATA 	Keypress: s
794.0299 	EXP 	window1: recordFrameIntervals = False
795.1674 	DATA 	Keypress: b
799.2082 	EXP 	window1: recordFrameIntervals = False
800.8801 	DATA 	Keypress: v
805.0863 	EXP 	window1: recordFrameIntervals = False
806.6914 	DATA 	Keypress: d
810.7674 	EXP 	window1: recordFrameIntervals = False
810.7678 	ERROR 	trialnum=116 ERROR,2 frames were longer than 20.8 ms apparently screen refreshes skipped, interframe durs were:[ 28.7  21. ] and was these frames: [ 76 151]
810.7682 	INFO 	flankers also=[ 16.7  28.7   4.7  16.6  21.   14.1]
812.0217 	DATA 	Keypress: a
815.8288 	EXP 	window1: recordFrameIntervals = False
817.7846 	DATA 	Keypress: b
821.8088 	EXP 	window1: recordFrameIntervals = False
822.8794 	DATA 	Keypress: c
827.1374 	EXP 	window1: recordFrameIntervals = False
828.9263 	DATA 	Keypress: a
833.1342 	EXP 	window1: recordFrameIntervals = False
834.0878 	DATA 	Keypress: x
838.0452 	EXP 	window1: recordFrameIntervals = False
838.9487 	DATA 	Keypress: m
842.9228 	EXP 	window1: recordFrameIntervals = False
843.0254 	DATA 	Keypress: t
846.9333 	DATA 	Keypress: s
847.3143 	EXP 	window1: recordFrameIntervals = False
847.8839 	DATA 	Keypress: s
852.1417 	EXP 	window1: recordFrameIntervals = False
853.3142 	DATA 	Keypress: g
857.5221 	EXP 	window1: recordFrameIntervals = False
858.7097 	DATA 	Keypress: k
862.9510 	EXP 	window1: recordFrameIntervals = False
865.1071 	DATA 	Keypress: g
868.9143 	EXP 	window1: recordFrameIntervals = False
869.4503 	DATA 	Keypress: v
873.6415 	EXP 	window1: recordFrameIntervals = False
874.8802 	DATA 	Keypress: w
878.9200 	EXP 	window1: recordFrameIntervals = False
879.3725 	DATA 	Keypress: f
883.2464 	EXP 	window1: recordFrameIntervals = False
884.4506 	DATA 	Keypress: v
888.4731 	EXP 	window1: recordFrameIntervals = False
888.8421 	DATA 	Keypress: f
893.0166 	EXP 	window1: recordFrameIntervals = False
894.2542 	DATA 	Keypress: n
898.4304 	EXP 	window1: recordFrameIntervals = False
900.2869 	DATA 	Keypress: r
904.3437 	EXP 	window1: recordFrameIntervals = False
904.7794 	DATA 	Keypress: w
908.8704 	EXP 	window1: recordFrameIntervals = False
910.1415 	DATA 	Keypress: k
914.1823 	EXP 	window1: recordFrameIntervals = False
915.2027 	DATA 	Keypress: b
919.4441 	EXP 	window1: recordFrameIntervals = False
919.8968 	DATA 	Keypress: c
923.8038 	EXP 	window1: recordFrameIntervals = False
925.2586 	DATA 	Keypress: t
929.4999 	EXP 	window1: recordFrameIntervals = False
930.6542 	DATA 	Keypress: c
934.9121 	EXP 	window1: recordFrameIntervals = False
935.9334 	DATA 	Keypress: f
989.2912 	DATA 	Keypress: space
993.3580 	EXP 	window1: recordFrameIntervals = False
993.7937 	DATA 	Keypress: f
998.0017 	EXP 	window1: recordFrameIntervals = False
998.2705 	DATA 	Keypress: z
1002.3965 	EXP 	window1: recordFrameIntervals = False
1002.7822 	DATA 	Keypress: t
1007.0403 	EXP 	window1: recordFrameIntervals = False
1007.5427 	DATA 	Keypress: n
1011.6340 	EXP 	window1: recordFrameIntervals = False
1012.0696 	DATA 	Keypress: w
1016.2442 	EXP 	window1: recordFrameIntervals = False
1016.8805 	DATA 	Keypress: b
1020.8378 	EXP 	window1: recordFrameIntervals = False
1021.4072 	DATA 	Keypress: r
1025.3145 	EXP 	window1: recordFrameIntervals = False
1026.2013 	DATA 	Keypress: m
1030.3591 	EXP 	window1: recordFrameIntervals = False
1030.7950 	DATA 	Keypress: u
1034.6838 	EXP 	window1: recordFrameIntervals = False
1035.9549 	DATA 	Keypress: k
1040.0792 	EXP 	window1: recordFrameIntervals = False
1041.1693 	DATA 	Keypress: j
1045.3427 	EXP 	window1: recordFrameIntervals = False
1045.7115 	DATA 	Keypress: a
1049.5188 	EXP 	window1: recordFrameIntervals = False
1050.9235 	DATA 	Keypress: c
1054.9977 	EXP 	window1: recordFrameIntervals = False
1056.2186 	DATA 	Keypress: y
1060.2260 	EXP 	window1: recordFrameIntervals = False
1062.4659 	DATA 	Keypress: t
1066.3064 	EXP 	window1: recordFrameIntervals = False
1067.4103 	DATA 	Keypress: z
1071.2340 	EXP 	window1: recordFrameIntervals = False
1072.0873 	DATA 	Keypress: h
1075.8777 	EXP 	window1: recordFrameIntervals = False
1076.2633 	DATA 	Keypress: p
1080.5366 	EXP 	window1: recordFrameIntervals = False
1082.2252 	DATA 	Keypress: g
1086.1658 	EXP 	window1: recordFrameIntervals = False
1087.0376 	DATA 	Keypress: k
1090.9283 	EXP 	window1: recordFrameIntervals = False
1091.5977 	DATA 	Keypress: u
1095.6721 	EXP 	window1: recordFrameIntervals = False
1096.1247 	DATA 	Keypress: c
1100.3325 	EXP 	window1: recordFrameIntervals = False
1101.3528 	DATA 	Keypress: a
1105.4439 	EXP 	window1: recordFrameIntervals = False
1105.9464 	DATA 	Keypress: r
1110.2046 	EXP 	window1: recordFrameIntervals = False
1110.8240 	DATA 	Keypress: f
1114.7982 	EXP 	window1: recordFrameIntervals = False
1115.8187 	DATA 	Keypress: u
1119.7092 	EXP 	window1: recordFrameIntervals = False
1121.0305 	DATA 	Keypress: s
1124.9025 	EXP 	window1: recordFrameIntervals = False
1126.2238 	DATA 	Keypress: x
1130.2479 	EXP 	window1: recordFrameIntervals = False
1130.6502 	DATA 	Keypress: a
1134.7429 	EXP 	window1: recordFrameIntervals = False
1135.1788 	DATA 	Keypress: c
1139.2364 	EXP 	window1: recordFrameIntervals = False
1139.7054 	DATA 	Keypress: n
1143.8132 	EXP 	window1: recordFrameIntervals = False
1144.9171 	DATA 	Keypress: p
1149.0917 	EXP 	window1: recordFrameIntervals = False
1149.6276 	DATA 	Keypress: g
1153.5350 	EXP 	window1: recordFrameIntervals = False
1154.0042 	DATA 	Keypress: o
1158.2288 	EXP 	window1: recordFrameIntervals = False
1158.6144 	DATA 	Keypress: f
1162.6053 	EXP 	window1: recordFrameIntervals = False
1163.9431 	DATA 	Keypress: v
1168.1828 	EXP 	window1: recordFrameIntervals = False
1169.1198 	DATA 	Keypress: n
1173.0437 	EXP 	window1: recordFrameIntervals = False
1173.9305 	DATA 	Keypress: k
1178.1902 	EXP 	window1: recordFrameIntervals = False
1178.6760 	DATA 	Keypress: m
1182.8673 	EXP 	window1: recordFrameIntervals = False
1184.0381 	DATA 	Keypress: x
1188.1625 	EXP 	window1: recordFrameIntervals = False
1188.7487 	DATA 	Keypress: f
1192.8230 	EXP 	window1: recordFrameIntervals = False
1193.2420 	DATA 	Keypress: e
1197.2662 	EXP 	window1: recordFrameIntervals = False
1197.7354 	DATA 	Keypress: x
1201.4787 	DATA 	Keypress: h
1201.6094 	EXP 	window1: recordFrameIntervals = False
1202.1621 	DATA 	Keypress: h
1206.3533 	EXP 	window1: recordFrameIntervals = False
1206.6052 	DATA 	Keypress: u
1210.5610 	EXP 	window1: recordFrameIntervals = False
1210.5615 	ERROR 	trialnum=186 ERROR,1 frames were longer than 20.8 ms apparently screen refreshes skipped, interframe durs were:[ 24.7] and was these frames: [0]
1210.5617 	INFO 	flankers also=[ 24.7  17. ]
1211.7318 	DATA 	Keypress: a
1215.6892 	EXP 	window1: recordFrameIntervals = False
1216.3756 	DATA 	Keypress: a
1220.3512 	EXP 	window1: recordFrameIntervals = False
1221.1378 	DATA 	Keypress: e
1225.3959 	EXP 	window1: recordFrameIntervals = False
1226.6501 	DATA 	Keypress: d
1230.8080 	EXP 	window1: recordFrameIntervals = False
1231.4777 	DATA 	Keypress: n
1235.4350 	EXP 	window1: recordFrameIntervals = False
1237.0235 	DATA 	Keypress: n
1240.9307 	EXP 	window1: recordFrameIntervals = False
1244.5237 	DATA 	Keypress: b
1248.5979 	EXP 	window1: recordFrameIntervals = False
1249.8355 	DATA 	Keypress: q
1254.0935 	EXP 	window1: recordFrameIntervals = False
1254.4791 	DATA 	Keypress: s
1258.6353 	EXP 	window1: recordFrameIntervals = False
1259.1714 	DATA 	Keypress: m
1263.3626 	EXP 	window1: recordFrameIntervals = False
1264.2494 	DATA 	Keypress: f
1268.1082 	EXP 	window1: recordFrameIntervals = False
1269.2622 	DATA 	Keypress: r
1273.3533 	EXP 	window1: recordFrameIntervals = False
1273.8392 	DATA 	Keypress: t
1278.0638 	EXP 	window1: recordFrameIntervals = False
1279.0842 	DATA 	Keypress: h
1283.3089 	EXP 	window1: recordFrameIntervals = False
1284.5633 	DATA 	Keypress: z
1288.6710 	EXP 	window1: recordFrameIntervals = False
1289.5244 	DATA 	Keypress: a
1293.5485 	EXP 	window1: recordFrameIntervals = False
1294.4185 	DATA 	Keypress: a
1298.5264 	EXP 	window1: recordFrameIntervals = False
1299.7472 	DATA 	Keypress: z
1303.9535 	EXP 	window1: recordFrameIntervals = False
1304.9573 	DATA 	Keypress: k
1308.7643 	EXP 	window1: recordFrameIntervals = False
1310.0202 	DATA 	Keypress: o
1313.9275 	EXP 	window1: recordFrameIntervals = False
1315.0147 	DATA 	Keypress: n
1318.8051 	EXP 	window1: recordFrameIntervals = False
1320.2941 	DATA 	Keypress: r
1324.2005 	EXP 	window1: recordFrameIntervals = False
1325.1373 	DATA 	Keypress: a
1329.3955 	EXP 	window1: recordFrameIntervals = False
1332.0530 	DATA 	Keypress: j
1335.8599 	EXP 	window1: recordFrameIntervals = False
1337.2813 	DATA 	Keypress: k
1341.8848 	DATA 	Keypress: space
1345.7000 	DATA 	Keypress: k
1345.9977 	EXP 	window1: recordFrameIntervals = False
1346.5505 	DATA 	Keypress: k
1350.4576 	EXP 	window1: recordFrameIntervals = False
1351.4112 	DATA 	Keypress: m
1355.5373 	EXP 	window1: recordFrameIntervals = False
1356.0566 	DATA 	Keypress: k
1360.2145 	EXP 	window1: recordFrameIntervals = False
1360.6334 	DATA 	Keypress: g
1364.5074 	EXP 	window1: recordFrameIntervals = False
1365.9288 	DATA 	Keypress: e
1370.0699 	EXP 	window1: recordFrameIntervals = False
1371.5078 	DATA 	Keypress: f
1375.3484 	EXP 	window1: recordFrameIntervals = False
1376.6862 	DATA 	Keypress: s
1380.9108 	EXP 	window1: recordFrameIntervals = False
1381.2964 	DATA 	Keypress: d
1385.2355 	EXP 	window1: recordFrameIntervals = False
1385.2359 	ERROR 	trialnum=219 ERROR,1 frames were longer than 20.8 ms apparently screen refreshes skipped, interframe durs were:[ 25.7] and was these frames: [2]
1385.2362 	INFO 	flankers also=[ 16.6  25.7  16.1]
1385.6379 	DATA 	Keypress: e
1389.5952 	EXP 	window1: recordFrameIntervals = False
1390.7660 	DATA 	Keypress: f
1394.6416 	EXP 	window1: recordFrameIntervals = False
1395.8458 	DATA 	Keypress: x
1399.9535 	EXP 	window1: recordFrameIntervals = False
1400.4560 	DATA 	Keypress: n
1404.4302 	EXP 	window1: recordFrameIntervals = False
1405.5508 	DATA 	Keypress: a
1409.3579 	EXP 	window1: recordFrameIntervals = False
1410.7124 	DATA 	Keypress: n
1414.8368 	EXP 	window1: recordFrameIntervals = False
1415.8239 	DATA 	Keypress: a
1420.0986 	EXP 	window1: recordFrameIntervals = False
1420.8015 	DATA 	Keypress: h
1424.6087 	EXP 	window1: recordFrameIntervals = False
1426.5812 	DATA 	Keypress: n
1430.7876 	EXP 	window1: recordFrameIntervals = False
1431.2736 	DATA 	Keypress: c
1435.2642 	EXP 	window1: recordFrameIntervals = False
1435.7334 	DATA 	Keypress: m
1439.7593 	EXP 	window1: recordFrameIntervals = False
1440.4123 	DATA 	Keypress: p
1444.4531 	EXP 	window1: recordFrameIntervals = False
1445.6573 	DATA 	Keypress: f
1449.4476 	EXP 	window1: recordFrameIntervals = False
1449.8667 	DATA 	Keypress: x
1453.8408 	EXP 	window1: recordFrameIntervals = False
1454.3100 	DATA 	Keypress: c
1458.5180 	EXP 	window1: recordFrameIntervals = False
1459.3881 	DATA 	Keypress: b
1463.5124 	EXP 	window1: recordFrameIntervals = False
1463.8648 	DATA 	Keypress: s
1467.9056 	EXP 	window1: recordFrameIntervals = False
1468.0574 	DATA 	Keypress: d
1472.2303 	EXP 	window1: recordFrameIntervals = False
1472.5492 	DATA 	Keypress: j
1476.7071 	EXP 	window1: recordFrameIntervals = False
1477.0260 	DATA 	Keypress: b
1481.0851 	EXP 	window1: recordFrameIntervals = False
1481.4875 	DATA 	Keypress: h
1485.4449 	EXP 	window1: recordFrameIntervals = False
1485.8473 	DATA 	Keypress: f
1490.0886 	EXP 	window1: recordFrameIntervals = False
1490.6914 	DATA 	Keypress: m
1494.8826 	EXP 	window1: recordFrameIntervals = False
1495.2517 	DATA 	Keypress: m
1499.0587 	EXP 	window1: recordFrameIntervals = False
1501.0814 	DATA 	Keypress: y
1504.9553 	EXP 	window1: recordFrameIntervals = False
1505.4078 	DATA 	Keypress: h
1509.3487 	EXP 	window1: recordFrameIntervals = False
1509.7341 	DATA 	Keypress: k
1513.7567 	EXP 	window1: recordFrameIntervals = False
1515.2949 	DATA 	Keypress: q
1519.5697 	EXP 	window1: recordFrameIntervals = False
1520.1575 	DATA 	Keypress: e
1524.4155 	EXP 	window1: recordFrameIntervals = False
1524.7845 	DATA 	Keypress: f
1528.5915 	EXP 	window1: recordFrameIntervals = False
1530.1131 	DATA 	Keypress: g
1534.3712 	EXP 	window1: recordFrameIntervals = False
1535.1577 	DATA 	Keypress: h
1539.3490 	EXP 	window1: recordFrameIntervals = False
1540.1690 	DATA 	Keypress: u
1544.2098 	EXP 	window1: recordFrameIntervals = False
1544.6289 	DATA 	Keypress: w
1548.8536 	EXP 	window1: recordFrameIntervals = False
1549.0890 	DATA 	Keypress: d
1552.7805 	DATA 	Keypress: c
1553.2117 	EXP 	window1: recordFrameIntervals = False
1553.5974 	DATA 	Keypress: c
1557.7218 	EXP 	window1: recordFrameIntervals = False
1558.1575 	DATA 	Keypress: g
1562.1667 	EXP 	window1: recordFrameIntervals = False
1562.5858 	DATA 	Keypress: n
1566.8272 	EXP 	window1: recordFrameIntervals = False
1567.4468 	DATA 	Keypress: g
1571.2871 	EXP 	window1: recordFrameIntervals = False
1571.3220 	DATA 	Keypress: a
1575.3964 	EXP 	window1: recordFrameIntervals = False
1575.8832 	DATA 	Keypress: w
1579.7060 	EXP 	window1: recordFrameIntervals = False
1580.0585 	DATA 	Keypress: a
1583.9990 	EXP 	window1: recordFrameIntervals = False
1584.1507 	DATA 	Keypress: n
1588.1917 	EXP 	window1: recordFrameIntervals = False
1589.8302 	DATA 	Keypress: e
1593.9880 	EXP 	window1: recordFrameIntervals = False
1595.3259 	DATA 	Keypress: k
1599.4987 	EXP 	window1: recordFrameIntervals = False
1599.9177 	DATA 	Keypress: m
1603.9254 	EXP 	window1: recordFrameIntervals = False
1604.3109 	DATA 	Keypress: c
1608.4037 	EXP 	window1: recordFrameIntervals = False
1609.1901 	DATA 	Keypress: t
1613.1475 	EXP 	window1: recordFrameIntervals = False
1613.6179 	DATA 	Keypress: p
1617.4906 	EXP 	window1: recordFrameIntervals = False
1617.9097 	DATA 	Keypress: m
1622.1678 	EXP 	window1: recordFrameIntervals = False
1622.5869 	DATA 	Keypress: x
1626.8616 	EXP 	window1: recordFrameIntervals = False
1627.2474 	DATA 	Keypress: j
1631.0376 	EXP 	window1: recordFrameIntervals = False
1632.0080 	DATA 	Keypress: c
1636.0154 	EXP 	window1: recordFrameIntervals = False
1637.0859 	DATA 	Keypress: r
1641.1419 	EXP 	window1: recordFrameIntervals = False
1641.5611 	DATA 	Keypress: x
1645.6854 	EXP 	window1: recordFrameIntervals = False
1646.1045 	DATA 	Keypress: n
1650.2139 	EXP 	window1: recordFrameIntervals = False
1650.6163 	DATA 	Keypress: r
1654.7240 	EXP 	window1: recordFrameIntervals = False
1655.1431 	DATA 	Keypress: h
1658.8028 	DATA 	Keypress: d
1659.2675 	EXP 	window1: recordFrameIntervals = False
1659.2757 	DATA 	Keypress: d
1663.1930 	EXP 	window1: recordFrameIntervals = False
1663.4784 	DATA 	Keypress: s
1667.1888 	DATA 	Keypress: u
1667.4025 	EXP 	window1: recordFrameIntervals = False
1667.8049 	DATA 	Keypress: u
1668.3220 	INFO 	Finishing at 18:22 on 05 Feb 2019
1668.7254 	EXP 	window1: mouseVisible = True
