9.3990 	ERROR 	Screen apparently NOT the desired resolution of 1920x1200 pixels!!
11.2973 	WARNING 	User requested fullscreen with size [1920 1200], but screen is actually [1920, 1080]. Using actual size
12.3958 	INFO 	Successfully set darwin thread to realtime
13.4592 	INFO 	#[ PsychoPy3 RuntimeInfoStart ]
  #[[ PsychoPy ]] #---------
    psychopyVersion: 3.0.2
    psychopyHaveExtRush: True
  #[[ Experiment ]] #---------
    experimentRunTime: 2019_03_27 11:10 (Year_Month_Day Hour:Min)
    experimentRunTime.epoch: 1553699441
    experimentScript: 1_05Feb2019_17-00.py
    experimentScript.digestSHA1: 5bc137cd858b530333e951a7ad3323a390312a4f
    experimentScript.directory: /Users/supadhy6/Documents/GitHub/spatio_temporal_information_processing/RSVP_visual_now
  #[[ System ]] #---------
    systemHaveInternetAccess: True
    systemHostName: pbs-jf-aldi.local
    systemLocale: C
    systemMemFreeRAM: 8385.765625
    systemMemTotalRAM: 16384.0
    systemPlatform: darwin 10.14.3 x86_64
    systemRavailable: R version 3.4.1 (2017-06-30) -- Single Candle
    systemRebooted: Mar 27 11:03
    systemSec.OpenSSLVersion: OpenSSL 1.1.1a  20 Nov 2018
    systemSec.pythonSSL: True
    systemTimeNumpySD1000000_sec: 0.0033
    systemUser: supadhy6
    systemUserID: 1903061739
    systemUserProcCount: 226
    systemUserProcFlagged: KeyNote iTunes Safari 'Google Chrome' Dropbox mdworker
    systemUsersCount: 1
  #[[ Window ]] #---------
    windowWinType: pyglet
    windowUnits: deg
    windowSize_pix: [1920 1080]
    windowScreen: 0
    windowRgb: [-0.7 -0.7 -0.7]
    windowRefreshTimeSD_ms: 1.773
    windowRefreshTimeMedian_ms: 16.653
    windowRefreshTimeAvg_ms: 16.665
    windowPos_pix: [0.0, 0.0]
    windowMonitor.name: testmonitor
    windowMonitor.getWidth_cm: 52.0
    windowMonitor.getDistance_cm: 65.0
    windowMonitor.currentCalibName: 2019_01_28 08:48
    windowIsFullScr: True
  #[[ Python ]] #---------
    pythonVersion: 3.6.0
  #[[ OpenGL ]] #---------
#[ PsychoPy3 RuntimeInfoEnd ]

13.4631 	WARNING 	Could not load the desired click sound file, instead using manually created inferior click
13.6217 	EXP 	Created sequence: random, trialTypes=280, nReps=14, seed=None
13.8183 	INFO 	numtrials=280 and each trialDurFrames=156 or 2600.0 ms  task=T1
14.0222 	EXP 	Created text = TextStim(__class__=<class 'psychopy.visual.text.TextStim'>, alignHoriz='center', alignVert='center', antialias=True, autoLog=True, bold=False, color=array([1., 1., 1.]), colorSpace='rgb', contrast=1.0, depth=-1.0, flipHoriz=False, flipVert=False, font='Arial', fontFiles=[], height=0.5, italic=False, languageStyle='LTR', name='text', opacity=1.0, ori=0, pos=array([0., 0.]), rgb=array([1., 1., 1.]), text='', units='deg', win=Window(...), wrapWidth=30)
14.1879 	EXP 	text: text = "Welcome! Thank you for agreeing to participate in this study.\n\nYou will be presented with a Rapid Stream of letters. Your task is to identify one of the letters.\n\nThe letter you're supposed to identify is accompanied by a probe that can appear anywhere on the horizontal axis of the screen.\n\nThe probe is a circular disk that will be flashed for a very brief time.\n\nOnce you've identified the letter after the trial ends, type it out on the keyboard.\n\nIf you're feeling uncomfortable, you can press ESC key any time to stop the experiment.\n\nPress any key when you are ready to begin the experiment.\n\n"
14.1879 	EXP 	text: autoDraw = True
19.8900 	DATA 	Keypress: space
19.8915 	EXP 	text: autoDraw = False
19.8919 	INFO 	Experiment will have 280 trials. Letters will be drawn with superposed noise of0.00%
19.8919 	INFO 	Starting main (non-staircase) part of experiment
23.3216 	EXP 	window1: recordFrameIntervals = False
25.0085 	DATA 	Keypress: a
29.1882 	EXP 	window1: recordFrameIntervals = False
34.0925 	DATA 	Keypress: f
38.0047 	EXP 	window1: recordFrameIntervals = False
41.3247 	DATA 	Keypress: escape
41.3378 	INFO 	Finishing at 11:11 on 27 Mar 2019
41.3378 	ERROR 	user aborted experiment on keypress with trials done=2 of 281
41.6568 	EXP 	window1: mouseVisible = True
