8.8372 	ERROR 	Screen apparently NOT the desired resolution of 1920x1200 pixels!!
10.4122 	WARNING 	User requested fullscreen with size [1920 1200], but screen is actually [1440, 900]. Using actual size
11.1803 	INFO 	Successfully set darwin thread to realtime
12.2420 	INFO 	#[ PsychoPy3 RuntimeInfoStart ]
  #[[ PsychoPy ]] #---------
    psychopyVersion: 3.0.2
    psychopyHaveExtRush: True
  #[[ Experiment ]] #---------
    experimentRunTime: 2019_03_27 22:03 (Year_Month_Day Hour:Min)
    experimentRunTime.epoch: 1553738593
    experimentScript: 1_05Feb2019_17-00.py
    experimentScript.digestSHA1: 11f367d94b6bd86a9bfff9408021c799e2c8d721
    experimentScript.directory: /Users/supadhy6/Documents/GitHub/spatio_temporal_information_processing/RSVP_visual_now
  #[[ System ]] #---------
    systemHaveInternetAccess: True
    systemHostName: pbs-jf-aldi.local
    systemLocale: C
    systemMemFreeRAM: 7958.88671875
    systemMemTotalRAM: 16384.0
    systemPlatform: darwin 10.14.3 x86_64
    systemRavailable: R version 3.4.1 (2017-06-30) -- Single Candle
    systemRebooted: Mar 27 11:03
    systemSec.OpenSSLVersion: OpenSSL 1.1.1a  20 Nov 2018
    systemSec.pythonSSL: True
    systemTimeNumpySD1000000_sec: 0.0035
    systemUser: supadhy6
    systemUserID: 1903061739
    systemUserProcCount: 235
    systemUserProcFlagged: mdworker Safari Dropbox 'Google Chrome' iTunes KeyNote
    systemUsersCount: 1
  #[[ Window ]] #---------
    windowWinType: pyglet
    windowUnits: deg
    windowSize_pix: [2880 1800]
    windowScreen: 0
    windowRgb: [-0.7 -0.7 -0.7]
    windowRefreshTimeSD_ms: 0.690
    windowRefreshTimeMedian_ms: 16.675
    windowRefreshTimeAvg_ms: 16.708
    windowPos_pix: [0.0, 0.0]
    windowMonitor.name: testmonitor
    windowMonitor.getWidth_cm: 52.0
    windowMonitor.getDistance_cm: 65.0
    windowMonitor.currentCalibName: 2019_01_28 08:48
    windowIsFullScr: True
  #[[ Python ]] #---------
    pythonVersion: 3.6.0
  #[[ OpenGL ]] #---------
#[ PsychoPy3 RuntimeInfoEnd ]

12.2439 	WARNING 	Could not load the desired click sound file, instead using manually created inferior click
12.4323 	EXP 	Created sequence: random, trialTypes=280, nReps=14, seed=None
12.6054 	INFO 	numtrials=280 and each trialDurFrames=156 or 2600.0 ms  task=T1
12.8040 	EXP 	Created text = TextStim(__class__=<class 'psychopy.visual.text.TextStim'>, alignHoriz='center', alignVert='center', antialias=True, autoLog=True, bold=False, color=array([1., 1., 1.]), colorSpace='rgb', contrast=1.0, depth=-1.0, flipHoriz=False, flipVert=False, font='Arial', fontFiles=[], height=0.5, italic=False, languageStyle='LTR', name='text', opacity=1.0, ori=0, pos=array([0., 0.]), rgb=array([1., 1., 1.]), text='', units='deg', win=Window(...), wrapWidth=30)
12.8877 	EXP 	text: text = "Welcome! Thank you for agreeing to participate in this study.\n\nYou will be presented with a Rapid Stream of letters. Your task is to identify one of the letters.\n\nThe letter you're supposed to identify is accompanied by a probe that can appear anywhere on the horizontal axis of the screen.\n\nThe probe is a circular disk that will be flashed for a very brief time.\n\nOnce you've identified the letter after the trial ends, type it out on the keyboard.\n\nIf you're feeling uncomfortable, you can press ESC key any time to stop the experiment.\n\nPress any key when you are ready to begin the experiment.\n\n"
12.8877 	EXP 	text: autoDraw = True
14.0162 	DATA 	Keypress: space
14.0182 	EXP 	text: autoDraw = False
14.0185 	INFO 	Experiment will have 280 trials. Letters will be drawn with superposed noise of0.00%
14.0186 	INFO 	Starting main (non-staircase) part of experiment
17.3882 	EXP 	window1: recordFrameIntervals = False
18.2903 	DATA 	Keypress: a
18.3387 	EXP 	Created unnamed TextStim = TextStim(__class__=<class 'psychopy.visual.text.TextStim'>, alignHoriz='center', alignVert='center', antialias=True, autoLog=True, bold=False, color=array([1., 1., 1.]), colorSpace='rgb', contrast=1.0, depth=0, flipHoriz=False, flipVert=False, font='', fontFiles=[], height=1.0, italic=False, languageStyle='LTR', name='unnamed TextStim', opacity=1.0, ori=0.0, pos=array([0., 0.]), rgb=array([1., 1., 1.]), text=str(...), units='deg', win=Window(...), wrapWidth=15.0)
20.1105 	DATA 	Keypress: space
23.6582 	DATA 	Keypress: space
27.8548 	EXP 	window1: recordFrameIntervals = False
28.6586 	DATA 	Keypress: b
28.6990 	EXP 	Created unnamed TextStim = TextStim(__class__=<class 'psychopy.visual.text.TextStim'>, alignHoriz='center', alignVert='center', antialias=True, autoLog=True, bold=False, color=array([1., 1., 1.]), colorSpace='rgb', contrast=1.0, depth=0, flipHoriz=False, flipVert=False, font='', fontFiles=[], height=1.0, italic=False, languageStyle='LTR', name='unnamed TextStim', opacity=1.0, ori=0.0, pos=array([0., 0.]), rgb=array([1., 1., 1.]), text=str(...), units='deg', win=Window(...), wrapWidth=15.0)
29.9151 	DATA 	Keypress: space
31.8415 	DATA 	Keypress: space
36.0716 	EXP 	window1: recordFrameIntervals = False
37.0083 	DATA 	Keypress: s
37.0495 	EXP 	Created unnamed TextStim = TextStim(__class__=<class 'psychopy.visual.text.TextStim'>, alignHoriz='center', alignVert='center', antialias=True, autoLog=True, bold=False, color=array([1., 1., 1.]), colorSpace='rgb', contrast=1.0, depth=0, flipHoriz=False, flipVert=False, font='', fontFiles=[], height=1.0, italic=False, languageStyle='LTR', name='unnamed TextStim', opacity=1.0, ori=0.0, pos=array([0., 0.]), rgb=array([1., 1., 1.]), text=str(...), units='deg', win=Window(...), wrapWidth=15.0)
38.1513 	DATA 	Keypress: space
41.6596 	DATA 	Keypress: space
45.9702 	EXP 	window1: recordFrameIntervals = False
46.9899 	DATA 	Keypress: j
47.0305 	EXP 	Created unnamed TextStim = TextStim(__class__=<class 'psychopy.visual.text.TextStim'>, alignHoriz='center', alignVert='center', antialias=True, autoLog=True, bold=False, color=array([1., 1., 1.]), colorSpace='rgb', contrast=1.0, depth=0, flipHoriz=False, flipVert=False, font='', fontFiles=[], height=1.0, italic=False, languageStyle='LTR', name='unnamed TextStim', opacity=1.0, ori=0.0, pos=array([0., 0.]), rgb=array([1., 1., 1.]), text=str(...), units='deg', win=Window(...), wrapWidth=15.0)
48.9075 	DATA 	Keypress: space
53.6069 	DATA 	Keypress: escape
53.9076 	DATA 	Keypress: escape
54.8396 	DATA 	Keypress: escape
55.1900 	DATA 	Keypress: escape
55.4580 	DATA 	Keypress: escape
55.7569 	DATA 	Keypress: escape
56.0241 	DATA 	Keypress: escape
56.2739 	DATA 	Keypress: escape
56.5404 	DATA 	Keypress: escape
56.7909 	DATA 	Keypress: escape
57.0572 	DATA 	Keypress: escape
57.3071 	DATA 	Keypress: escape
57.6073 	DATA 	Keypress: escape
57.7378 	EXP 	window1: recordFrameIntervals = False
57.8559 	DATA 	Keypress: escape
58.1900 	EXP 	window1: mouseVisible = True
