10.2342 	ERROR 	Screen apparently NOT the desired resolution of 3840x2160 pixels!!
15.5007 	WARNING 	User requested fullscreen with size [3840 2160], but screen is actually [1920, 1080]. Using actual size
16.0811 	INFO 	Successfully set darwin thread to realtime
17.1399 	INFO 	#[ PsychoPy3 RuntimeInfoStart ]
  #[[ PsychoPy ]] #---------
    psychopyVersion: 3.2.3
    psychopyHaveExtRush: True
  #[[ Experiment ]] #---------
    experimentRunTime: 2019_09_26 10:28 (Year_Month_Day Hour:Min)
    experimentRunTime.epoch: 1569508083
    experimentScript: duration_judgments_using_space_bar.py
    experimentScript.digestSHA1: ead666b2086157db92d78c27bc2c6c75df3e20e5
    experimentScript.directory: /Users/supadhy6/Documents/GitHub/spatio_temporal_information_processing/Time_Subjective_Expansion/Jon_Ian_collaboration
  #[[ System ]] #---------
    systemHaveInternetAccess: True
    systemHostName: pbs-cf-mini1.local
    systemLocale: C
    systemMemFreeRAM: 12203.37890625
    systemMemTotalRAM: 16384.0
    systemPlatform: darwin 10.12.6 x86_64
    systemPyoVersion: -
    systemRebooted: Sep 25 02:06
    systemSec.OpenSSLVersion: OpenSSL 0.9.8zh 14 Jan 2016
    systemSec.pythonSSL: True
    systemTimeNumpySD1000000_sec: 0.0059
    systemUser: supadhy6
    systemUserID: 1903061739
    systemUsersCount: 1
  #[[ Window ]] #---------
    windowWinType: pyglet
    windowUnits: deg
    windowSize_pix: [1920 1080]
    windowScreen: 0
    windowRgb: [255. 255. 255.]
    windowRefreshTimeSD_ms: 0.068
    windowRefreshTimeMedian_ms: 16.669
    windowRefreshTimeAvg_ms: 16.667
    windowPos_pix: [0.0, 0.0]
    windowMonitor.name: testmonitor
    windowMonitor.getWidth_cm: 56.0
    windowMonitor.getDistance_cm: 65.0
    windowMonitor.currentCalibName: 2019_09_24 12:00
    windowIsFullScr: True
  #[[ Python ]] #---------
    pythonVersion: 3.6.1
  #[[ OpenGL ]] #---------
#[ PsychoPy3 RuntimeInfoEnd ]

17.2371 	EXP 	Created text = TextStim(__class__=<class 'psychopy.visual.text.TextStim'>, alignHoriz='center', alignVert='center', antialias=True, autoLog=True, bold=False, color='black', colorSpace='named', contrast=1.0, depth=-1.0, flipHoriz=False, flipVert=False, font='Arial', fontFiles=[], height=0.35, italic=False, languageStyle='LTR', name='text', opacity=1.0, ori=0, pos=array([0., 0.]), rgb=array([0., 0., 0.]), text=str(...), units='deg', win=Window(...), wrapWidth=20)
17.2444 	EXP 	Created text = TextStim(__class__=<class 'psychopy.visual.text.TextStim'>, alignHoriz='center', alignVert='center', antialias=True, autoLog=True, bold=False, color='black', colorSpace='named', contrast=1.0, depth=-1.0, flipHoriz=False, flipVert=False, font='Arial', fontFiles=[], height=0.35, italic=False, languageStyle='LTR', name='text', opacity=1.0, ori=0, pos=array([5., 5.]), rgb=array([0., 0., 0.]), text='Total points : 0', units='deg', win=Window(...), wrapWidth=20)
17.3687 	EXP 	text: text = 'Welcome! Thank you for agreeing to participate in this study.\n\nIn this study, we want to examine your ability to perceive duration — how long something lasts.\n\nThe task is simple. In each trial, you will see a black disc appear on the screen and then disappear. Actually, the disc will appear and disappear three times in each trial, and each time, it will last for the same amount of time. We want you to pay attention to how long the disc lasts. Get a sense of its duration. It is repeated three times in a trial to help you get an accurate sense of its duration.\n\nAfter the third time the disc disappears it will be your turn to report its duration. Press and hold down the spacebar. This will make a disc appear on the screen. Let go of the spacebar when you think your disc has been on the screen as long as the standard disc you saw on that trial. So the point is we want you to reproduce the duration that you experienced. Remember we want to know how long each of the three black discs lasted, not how long they lasted in all together. \n\nPress any key to continue to the next page. \n\n'
17.3687 	EXP 	text: autoDraw = True
47.3855 	DATA 	Keypress: space
47.3864 	EXP 	text: autoDraw = False
47.4639 	EXP 	text: text = "We really want you to be as accurate as you can. So a game will be played to make it more fun. We want you to hold down the space bar for as long as you saw the standard disc last, but no longer! The closer you get to the right answer, the more points we will award you in that trial. But if you go over, your disc will disappear on its own and you won't get any points on that trial. So you need to be as accurate as possible without going over to earn the max. Each trial will be for 10 points. There are about 120 trials. If you collect a total of 650 points by the end, we will double the credit you get for the experiment.\n\nIf you're feeling uncomfortable, you can press ESC key any time to stop the experiment.\n\nPress any key you are ready to do some practice trials.\n\n"
47.4639 	EXP 	text: autoDraw = True
99.3040 	DATA 	Keypress: space
99.3048 	EXP 	text: autoDraw = False
99.3222 	EXP 	text: autoDraw = True
104.7208 	EXP 	text: text = 'Press and hold [SPACE] to report the duration of the stimulus'
104.7208 	EXP 	text: autoDraw = True
108.7759 	DATA 	Keypress: space
108.7770 	EXP 	text: autoDraw = False
109.3824 	WARNING 	Stopping key buffers but this could be dangerous ifother keyboards rely on the same.
109.3989 	EXP 	text: text = 'You earned 7.5 out of 10 points in this round.\n\n Press [SPACE] to advance'
109.3989 	EXP 	text: autoDraw = True
111.3199 	DATA 	Keypress: space
111.3208 	EXP 	text: autoDraw = False
111.3262 	EXP 	text: text = 'Total points : 7.5'
117.2242 	EXP 	text: text = 'Press and hold [SPACE] to report the duration of the stimulus'
117.2242 	EXP 	text: autoDraw = True
118.6401 	DATA 	Keypress: space
118.6412 	EXP 	text: autoDraw = False
119.3104 	WARNING 	Stopping key buffers but this could be dangerous ifother keyboards rely on the same.
119.3237 	EXP 	text: text = 'You earned 5.7 out of 10 points in this round.\n\n Press [SPACE] to advance'
119.3237 	EXP 	text: autoDraw = True
120.7038 	DATA 	Keypress: space
120.7048 	EXP 	text: autoDraw = False
120.7224 	EXP 	text: text = 'Total points : 13.2'
127.5245 	EXP 	text: text = 'Press and hold [SPACE] to report the duration of the stimulus'
127.5245 	EXP 	text: autoDraw = True
128.5601 	DATA 	Keypress: space
128.5611 	EXP 	text: autoDraw = False
129.6724 	WARNING 	Stopping key buffers but this could be dangerous ifother keyboards rely on the same.
129.7056 	EXP 	text: text = 'You earned 7.4 out of 10 points in this round.\n\n Press [SPACE] to advance'
129.7056 	EXP 	text: autoDraw = True
130.8318 	DATA 	Keypress: space
130.8329 	EXP 	text: autoDraw = False
130.8499 	EXP 	text: text = 'Total points : 20.6'
130.8499 	EXP 	text: text = 'Total points : 0'
130.8499 	EXP 	text: text = 'Great! Now press any key to begin the experiment'
130.8499 	EXP 	text: autoDraw = True
135.1519 	DATA 	Keypress: space
135.1529 	EXP 	text: autoDraw = False
142.7659 	EXP 	text: text = 'Press and hold [SPACE] to report the duration of the stimulus'
142.7659 	EXP 	text: autoDraw = True
143.8960 	DATA 	Keypress: space
143.8971 	EXP 	text: autoDraw = False
145.2391 	WARNING 	Stopping key buffers but this could be dangerous ifother keyboards rely on the same.
145.2723 	EXP 	text: text = 'You earned 6.7 out of 10 points in this round.\n\n Press [SPACE] to advance'
145.2723 	EXP 	text: autoDraw = True
146.2718 	DATA 	Keypress: space
146.2727 	EXP 	text: autoDraw = False
146.2890 	EXP 	text: text = 'Total points : 6.7'
153.4497 	EXP 	text: text = 'Press and hold [SPACE] to report the duration of the stimulus'
153.4497 	EXP 	text: autoDraw = True
154.3440 	DATA 	Keypress: space
154.3450 	EXP 	text: autoDraw = False
155.6223 	WARNING 	Stopping key buffers but this could be dangerous ifother keyboards rely on the same.
155.6386 	EXP 	text: text = 'You earned 8.3 out of 10 points in this round.\n\n Press [SPACE] to advance'
155.6386 	EXP 	text: autoDraw = True
156.7518 	DATA 	Keypress: space
156.7527 	EXP 	text: autoDraw = False
156.7579 	EXP 	text: text = 'Total points : 15.0'
162.7159 	EXP 	text: text = 'Press and hold [SPACE] to report the duration of the stimulus'
162.7159 	EXP 	text: autoDraw = True
163.5040 	DATA 	Keypress: space
163.5050 	EXP 	text: autoDraw = False
164.4384 	WARNING 	Stopping key buffers but this could be dangerous ifother keyboards rely on the same.
164.4556 	EXP 	text: text = 'You earned 9.2 out of 10 points in this round.\n\n Press [SPACE] to advance'
164.4556 	EXP 	text: autoDraw = True
165.3198 	DATA 	Keypress: space
165.3208 	EXP 	text: autoDraw = False
165.3261 	EXP 	text: text = 'Total points : 24.2'
172.4995 	EXP 	text: text = 'Press and hold [SPACE] to report the duration of the stimulus'
172.4995 	EXP 	text: autoDraw = True
173.3840 	DATA 	Keypress: space
173.3850 	EXP 	text: autoDraw = False
174.8558 	WARNING 	Stopping key buffers but this could be dangerous ifother keyboards rely on the same.
174.8723 	EXP 	text: text = 'Total points : 24.2'
174.8723 	EXP 	text: text = 'Your response exceeded the actual time.\n\n Press [SPACE] to advance'
174.8723 	EXP 	text: autoDraw = True
175.7678 	DATA 	Keypress: space
175.7688 	EXP 	text: autoDraw = False
181.2994 	EXP 	text: text = 'Press and hold [SPACE] to report the duration of the stimulus'
181.2994 	EXP 	text: autoDraw = True
182.0319 	DATA 	Keypress: space
182.0330 	EXP 	text: autoDraw = False
182.6223 	WARNING 	Stopping key buffers but this could be dangerous ifother keyboards rely on the same.
182.6389 	EXP 	text: text = 'You earned 6.3 out of 10 points in this round.\n\n Press [SPACE] to advance'
182.6389 	EXP 	text: autoDraw = True
183.4397 	DATA 	Keypress: space
183.4407 	EXP 	text: autoDraw = False
183.4556 	EXP 	text: text = 'Total points : 30.5'
190.6764 	EXP 	text: text = 'Press and hold [SPACE] to report the duration of the stimulus'
190.6764 	EXP 	text: autoDraw = True
191.4321 	DATA 	Keypress: space
191.4333 	EXP 	text: autoDraw = False
192.3584 	WARNING 	Stopping key buffers but this could be dangerous ifother keyboards rely on the same.
192.3722 	EXP 	text: text = 'You earned 4.1 out of 10 points in this round.\n\n Press [SPACE] to advance'
192.3722 	EXP 	text: autoDraw = True
193.4158 	DATA 	Keypress: space
193.4167 	EXP 	text: autoDraw = False
193.4220 	EXP 	text: text = 'Total points : 34.6'
199.6247 	EXP 	text: text = 'Press and hold [SPACE] to report the duration of the stimulus'
199.6247 	EXP 	text: autoDraw = True
200.5521 	DATA 	Keypress: space
200.5530 	EXP 	text: autoDraw = False
201.5263 	WARNING 	Stopping key buffers but this could be dangerous ifother keyboards rely on the same.
201.5394 	EXP 	text: text = 'You earned 8.6 out of 10 points in this round.\n\n Press [SPACE] to advance'
201.5394 	EXP 	text: autoDraw = True
202.4158 	DATA 	Keypress: space
202.4167 	EXP 	text: autoDraw = False
202.4219 	EXP 	text: text = 'Total points : 43.2'
208.8334 	EXP 	text: text = 'Press and hold [SPACE] to report the duration of the stimulus'
208.8334 	EXP 	text: autoDraw = True
209.5359 	DATA 	Keypress: space
209.5371 	EXP 	text: autoDraw = False
210.4463 	WARNING 	Stopping key buffers but this could be dangerous ifother keyboards rely on the same.
210.4598 	EXP 	text: text = 'You earned 6.5 out of 10 points in this round.\n\n Press [SPACE] to advance'
210.4598 	EXP 	text: autoDraw = True
211.3118 	DATA 	Keypress: space
211.3127 	EXP 	text: autoDraw = False
211.3222 	EXP 	text: text = 'Total points : 49.7'
217.2829 	EXP 	text: text = 'Press and hold [SPACE] to report the duration of the stimulus'
217.2829 	EXP 	text: autoDraw = True
218.1999 	DATA 	Keypress: space
218.2010 	EXP 	text: autoDraw = False
219.0784 	WARNING 	Stopping key buffers but this could be dangerous ifother keyboards rely on the same.
219.0914 	EXP 	text: text = 'You earned 8.3 out of 10 points in this round.\n\n Press [SPACE] to advance'
219.0914 	EXP 	text: autoDraw = True
219.7998 	DATA 	Keypress: space
219.8007 	EXP 	text: autoDraw = False
219.8061 	EXP 	text: text = 'Total points : 58.0'
225.5579 	EXP 	text: text = 'Press and hold [SPACE] to report the duration of the stimulus'
225.5579 	EXP 	text: autoDraw = True
226.5200 	DATA 	Keypress: space
226.5210 	EXP 	text: autoDraw = False
227.0223 	WARNING 	Stopping key buffers but this could be dangerous ifother keyboards rely on the same.
227.0389 	EXP 	text: text = 'You earned 4.5 out of 10 points in this round.\n\n Press [SPACE] to advance'
227.0389 	EXP 	text: autoDraw = True
227.8477 	DATA 	Keypress: space
227.8488 	EXP 	text: autoDraw = False
227.8556 	EXP 	text: text = 'Total points : 62.5'
233.6079 	EXP 	text: text = 'Press and hold [SPACE] to report the duration of the stimulus'
233.6079 	EXP 	text: autoDraw = True
234.3920 	DATA 	Keypress: space
234.3931 	EXP 	text: autoDraw = False
235.3890 	WARNING 	Stopping key buffers but this could be dangerous ifother keyboards rely on the same.
235.4055 	EXP 	text: text = 'Total points : 62.5'
235.4055 	EXP 	text: text = 'Your response exceeded the actual time.\n\n Press [SPACE] to advance'
235.4055 	EXP 	text: autoDraw = True
236.0718 	DATA 	Keypress: space
236.0729 	EXP 	text: autoDraw = False
241.4082 	EXP 	text: text = 'Press and hold [SPACE] to report the duration of the stimulus'
241.4082 	EXP 	text: autoDraw = True
242.1920 	DATA 	Keypress: space
242.1932 	EXP 	text: autoDraw = False
242.6544 	WARNING 	Stopping key buffers but this could be dangerous ifother keyboards rely on the same.
242.6722 	EXP 	text: text = 'You earned 5.6 out of 10 points in this round.\n\n Press [SPACE] to advance'
242.6722 	EXP 	text: autoDraw = True
243.5358 	DATA 	Keypress: space
243.5368 	EXP 	text: autoDraw = False
243.5420 	EXP 	text: text = 'Total points : 68.1'
250.7000 	EXP 	text: text = 'Press and hold [SPACE] to report the duration of the stimulus'
250.7000 	EXP 	text: autoDraw = True
251.5120 	DATA 	Keypress: space
251.5130 	EXP 	text: autoDraw = False
252.8224 	WARNING 	Stopping key buffers but this could be dangerous ifother keyboards rely on the same.
252.8556 	EXP 	text: text = 'You earned 8.3 out of 10 points in this round.\n\n Press [SPACE] to advance'
252.8556 	EXP 	text: autoDraw = True
253.6238 	DATA 	Keypress: space
253.6249 	EXP 	text: autoDraw = False
253.6389 	EXP 	text: text = 'Total points : 76.4'
259.3913 	EXP 	text: text = 'Press and hold [SPACE] to report the duration of the stimulus'
259.3913 	EXP 	text: autoDraw = True
260.1920 	DATA 	Keypress: space
260.1930 	EXP 	text: autoDraw = False
260.9904 	WARNING 	Stopping key buffers but this could be dangerous ifother keyboards rely on the same.
261.0056 	EXP 	text: text = 'You earned 8.2 out of 10 points in this round.\n\n Press [SPACE] to advance'
261.0056 	EXP 	text: autoDraw = True
261.6638 	DATA 	Keypress: space
261.6648 	EXP 	text: autoDraw = False
261.6723 	EXP 	text: text = 'Total points : 84.6'
268.0829 	EXP 	text: text = 'Press and hold [SPACE] to report the duration of the stimulus'
268.0829 	EXP 	text: autoDraw = True
269.0160 	DATA 	Keypress: space
269.0170 	EXP 	text: autoDraw = False
269.8304 	WARNING 	Stopping key buffers but this could be dangerous ifother keyboards rely on the same.
269.8434 	EXP 	text: text = 'You earned 5.4 out of 10 points in this round.\n\n Press [SPACE] to advance'
269.8434 	EXP 	text: autoDraw = True
270.6878 	DATA 	Keypress: space
270.6889 	EXP 	text: autoDraw = False
270.7056 	EXP 	text: text = 'Total points : 90.0'
277.5080 	EXP 	text: text = 'Press and hold [SPACE] to report the duration of the stimulus'
277.5080 	EXP 	text: autoDraw = True
278.4401 	DATA 	Keypress: space
278.4412 	EXP 	text: autoDraw = False
279.5903 	WARNING 	Stopping key buffers but this could be dangerous ifother keyboards rely on the same.
279.6056 	EXP 	text: text = 'You earned 8.2 out of 10 points in this round.\n\n Press [SPACE] to advance'
279.6056 	EXP 	text: autoDraw = True
280.3998 	DATA 	Keypress: space
280.4007 	EXP 	text: autoDraw = False
280.4064 	EXP 	text: text = 'Total points : 98.2'
287.2077 	EXP 	text: text = 'Press and hold [SPACE] to report the duration of the stimulus'
287.2077 	EXP 	text: autoDraw = True
288.1119 	DATA 	Keypress: space
288.1129 	EXP 	text: autoDraw = False
289.0863 	WARNING 	Stopping key buffers but this could be dangerous ifother keyboards rely on the same.
289.1056 	EXP 	text: text = 'You earned 5.8 out of 10 points in this round.\n\n Press [SPACE] to advance'
289.1056 	EXP 	text: autoDraw = True
289.9118 	DATA 	Keypress: space
289.9129 	EXP 	text: autoDraw = False
289.9223 	EXP 	text: text = 'Total points : 104.0'
295.6735 	EXP 	text: text = 'Press and hold [SPACE] to report the duration of the stimulus'
295.6735 	EXP 	text: autoDraw = True
296.4800 	DATA 	Keypress: space
296.4811 	EXP 	text: autoDraw = False
297.3184 	WARNING 	Stopping key buffers but this could be dangerous ifother keyboards rely on the same.
297.3314 	EXP 	text: text = 'You earned 8.9 out of 10 points in this round.\n\n Press [SPACE] to advance'
297.3314 	EXP 	text: autoDraw = True
298.0158 	DATA 	Keypress: space
298.0167 	EXP 	text: autoDraw = False
298.0219 	EXP 	text: text = 'Total points : 112.9'
303.5329 	EXP 	text: text = 'Press and hold [SPACE] to report the duration of the stimulus'
303.5329 	EXP 	text: autoDraw = True
304.3999 	DATA 	Keypress: space
304.4009 	EXP 	text: autoDraw = False
305.0703 	WARNING 	Stopping key buffers but this could be dangerous ifother keyboards rely on the same.
305.0889 	EXP 	text: text = 'You earned 7.4 out of 10 points in this round.\n\n Press [SPACE] to advance'
305.0889 	EXP 	text: autoDraw = True
305.7838 	DATA 	Keypress: space
305.7848 	EXP 	text: autoDraw = False
305.7902 	EXP 	text: text = 'Total points : 120.3'
311.0919 	EXP 	text: text = 'Press and hold [SPACE] to report the duration of the stimulus'
311.0919 	EXP 	text: autoDraw = True
311.8400 	DATA 	Keypress: space
311.8411 	EXP 	text: autoDraw = False
312.4783 	WARNING 	Stopping key buffers but this could be dangerous ifother keyboards rely on the same.
312.4913 	EXP 	text: text = 'You earned 8.0 out of 10 points in this round.\n\n Press [SPACE] to advance'
312.4913 	EXP 	text: autoDraw = True
313.1598 	DATA 	Keypress: space
313.1608 	EXP 	text: autoDraw = False
313.1723 	EXP 	text: text = 'Total points : 128.3'
320.7821 	EXP 	text: text = 'Press and hold [SPACE] to report the duration of the stimulus'
320.7821 	EXP 	text: autoDraw = True
321.5919 	DATA 	Keypress: space
321.5931 	EXP 	text: autoDraw = False
323.0391 	WARNING 	Stopping key buffers but this could be dangerous ifother keyboards rely on the same.
323.0723 	EXP 	text: text = 'You earned 8.2 out of 10 points in this round.\n\n Press [SPACE] to advance'
323.0723 	EXP 	text: autoDraw = True
323.7759 	DATA 	Keypress: space
323.7770 	EXP 	text: autoDraw = False
323.7889 	EXP 	text: text = 'Total points : 136.5'
330.2001 	EXP 	text: text = 'Press and hold [SPACE] to report the duration of the stimulus'
330.2001 	EXP 	text: autoDraw = True
331.2240 	DATA 	Keypress: space
331.2251 	EXP 	text: autoDraw = False
332.0544 	WARNING 	Stopping key buffers but this could be dangerous ifother keyboards rely on the same.
332.0722 	EXP 	text: text = 'You earned 5.6 out of 10 points in this round.\n\n Press [SPACE] to advance'
332.0722 	EXP 	text: autoDraw = True
333.1437 	DATA 	Keypress: space
333.1448 	EXP 	text: autoDraw = False
333.1556 	EXP 	text: text = 'Total points : 142.1'
338.9081 	EXP 	text: text = 'Press and hold [SPACE] to report the duration of the stimulus'
338.9081 	EXP 	text: autoDraw = True
339.8719 	DATA 	Keypress: space
339.8728 	EXP 	text: autoDraw = False
340.7584 	WARNING 	Stopping key buffers but this could be dangerous ifother keyboards rely on the same.
340.7719 	EXP 	text: text = 'You earned 9.8 out of 10 points in this round.\n\n Press [SPACE] to advance'
340.7719 	EXP 	text: autoDraw = True
342.0558 	DATA 	Keypress: space
342.0568 	EXP 	text: autoDraw = False
342.0723 	EXP 	text: text = 'Total points : 151.9'
348.0330 	EXP 	text: text = 'Press and hold [SPACE] to report the duration of the stimulus'
348.0330 	EXP 	text: autoDraw = True
348.8720 	DATA 	Keypress: space
348.8731 	EXP 	text: autoDraw = False
349.7824 	WARNING 	Stopping key buffers but this could be dangerous ifother keyboards rely on the same.
349.7954 	EXP 	text: text = 'You earned 8.8 out of 10 points in this round.\n\n Press [SPACE] to advance'
349.7954 	EXP 	text: autoDraw = True
350.5358 	DATA 	Keypress: space
350.5369 	EXP 	text: autoDraw = False
350.5427 	EXP 	text: text = 'Total points : 160.7'
355.8413 	EXP 	text: text = 'Press and hold [SPACE] to report the duration of the stimulus'
355.8413 	EXP 	text: autoDraw = True
356.8239 	DATA 	Keypress: space
356.8250 	EXP 	text: autoDraw = False
357.4303 	WARNING 	Stopping key buffers but this could be dangerous ifother keyboards rely on the same.
357.4433 	EXP 	text: text = 'You earned 7.5 out of 10 points in this round.\n\n Press [SPACE] to advance'
357.4433 	EXP 	text: autoDraw = True
358.1918 	DATA 	Keypress: space
358.1927 	EXP 	text: autoDraw = False
358.2056 	EXP 	text: text = 'Total points : 168.2'
365.8160 	EXP 	text: text = 'Press and hold [SPACE] to report the duration of the stimulus'
365.8160 	EXP 	text: autoDraw = True
366.8320 	DATA 	Keypress: space
366.8330 	EXP 	text: autoDraw = False
367.9891 	WARNING 	Stopping key buffers but this could be dangerous ifother keyboards rely on the same.
368.0223 	EXP 	text: text = 'You earned 4.6 out of 10 points in this round.\n\n Press [SPACE] to advance'
368.0223 	EXP 	text: autoDraw = True
369.1279 	DATA 	Keypress: space
369.1290 	EXP 	text: autoDraw = False
369.1389 	EXP 	text: text = 'Total points : 172.8'
375.5494 	EXP 	text: text = 'Press and hold [SPACE] to report the duration of the stimulus'
375.5494 	EXP 	text: autoDraw = True
376.5600 	DATA 	Keypress: space
376.5611 	EXP 	text: autoDraw = False
377.4784 	WARNING 	Stopping key buffers but this could be dangerous ifother keyboards rely on the same.
377.4915 	EXP 	text: text = 'You earned 6.6 out of 10 points in this round.\n\n Press [SPACE] to advance'
377.4915 	EXP 	text: autoDraw = True
378.4798 	DATA 	Keypress: space
378.4807 	EXP 	text: autoDraw = False
378.4889 	EXP 	text: text = 'Total points : 179.4'
384.4499 	EXP 	text: text = 'Press and hold [SPACE] to report the duration of the stimulus'
384.4499 	EXP 	text: autoDraw = True
385.3761 	DATA 	Keypress: space
385.3771 	EXP 	text: autoDraw = False
386.2144 	WARNING 	Stopping key buffers but this could be dangerous ifother keyboards rely on the same.
386.2274 	EXP 	text: text = 'You earned 7.6 out of 10 points in this round.\n\n Press [SPACE] to advance'
386.2274 	EXP 	text: autoDraw = True
386.9358 	DATA 	Keypress: space
386.9367 	EXP 	text: autoDraw = False
386.9419 	EXP 	text: text = 'Total points : 187.0'
393.1418 	EXP 	text: text = 'Press and hold [SPACE] to report the duration of the stimulus'
393.1418 	EXP 	text: autoDraw = True
394.1120 	DATA 	Keypress: space
394.1131 	EXP 	text: autoDraw = False
394.9903 	WARNING 	Stopping key buffers but this could be dangerous ifother keyboards rely on the same.
395.0055 	EXP 	text: text = 'You earned 7.1 out of 10 points in this round.\n\n Press [SPACE] to advance'
395.0055 	EXP 	text: autoDraw = True
395.7599 	DATA 	Keypress: space
395.7609 	EXP 	text: autoDraw = False
395.7723 	EXP 	text: text = 'Total points : 194.1'
401.9751 	EXP 	text: text = 'Press and hold [SPACE] to report the duration of the stimulus'
401.9751 	EXP 	text: autoDraw = True
403.0479 	DATA 	Keypress: space
403.0489 	EXP 	text: autoDraw = False
404.0143 	WARNING 	Stopping key buffers but this could be dangerous ifother keyboards rely on the same.
404.0273 	EXP 	text: text = 'You earned 8.5 out of 10 points in this round.\n\n Press [SPACE] to advance'
404.0273 	EXP 	text: autoDraw = True
404.7599 	DATA 	Keypress: space
404.7608 	EXP 	text: autoDraw = False
404.7723 	EXP 	text: text = 'Total points : 202.6'
412.1740 	EXP 	text: text = 'Press and hold [SPACE] to report the duration of the stimulus'
412.1740 	EXP 	text: autoDraw = True
413.0559 	DATA 	Keypress: space
413.0569 	EXP 	text: autoDraw = False
414.0558 	WARNING 	Stopping key buffers but this could be dangerous ifother keyboards rely on the same.
414.0889 	EXP 	text: text = 'You earned 3.9 out of 10 points in this round.\n\n Press [SPACE] to advance'
414.0889 	EXP 	text: autoDraw = True
416.2318 	DATA 	Keypress: space
416.2329 	EXP 	text: autoDraw = False
416.2387 	EXP 	text: text = 'Total points : 206.5'
422.6504 	EXP 	text: text = 'Press and hold [SPACE] to report the duration of the stimulus'
422.6504 	EXP 	text: autoDraw = True
423.4240 	DATA 	Keypress: space
423.4251 	EXP 	text: autoDraw = False
424.4143 	WARNING 	Stopping key buffers but this could be dangerous ifother keyboards rely on the same.
424.4276 	EXP 	text: text = 'You earned 7.7 out of 10 points in this round.\n\n Press [SPACE] to advance'
424.4276 	EXP 	text: autoDraw = True
425.2079 	DATA 	Keypress: space
425.2088 	EXP 	text: autoDraw = False
425.2222 	EXP 	text: text = 'Total points : 214.2'
432.8335 	EXP 	text: text = 'Press and hold [SPACE] to report the duration of the stimulus'
432.8335 	EXP 	text: autoDraw = True
433.8800 	DATA 	Keypress: space
433.8811 	EXP 	text: autoDraw = False
435.2724 	WARNING 	Stopping key buffers but this could be dangerous ifother keyboards rely on the same.
435.3056 	EXP 	text: text = 'You earned 7.4 out of 10 points in this round.\n\n Press [SPACE] to advance'
435.3056 	EXP 	text: autoDraw = True
436.1119 	DATA 	Keypress: space
436.1129 	EXP 	text: autoDraw = False
436.1222 	EXP 	text: text = 'Total points : 221.6'
441.4249 	EXP 	text: text = 'Press and hold [SPACE] to report the duration of the stimulus'
441.4249 	EXP 	text: autoDraw = True
442.1200 	DATA 	Keypress: space
442.1210 	EXP 	text: autoDraw = False
442.6463 	WARNING 	Stopping key buffers but this could be dangerous ifother keyboards rely on the same.
442.6593 	EXP 	text: text = 'You earned 6.4 out of 10 points in this round.\n\n Press [SPACE] to advance'
442.6593 	EXP 	text: autoDraw = True
443.4878 	DATA 	Keypress: space
443.4888 	EXP 	text: autoDraw = False
443.5056 	EXP 	text: text = 'Total points : 228.0'
449.0162 	EXP 	text: text = 'Press and hold [SPACE] to report the duration of the stimulus'
449.0162 	EXP 	text: autoDraw = True
450.0880 	DATA 	Keypress: space
450.0890 	EXP 	text: autoDraw = False
450.9024 	WARNING 	Stopping key buffers but this could be dangerous ifother keyboards rely on the same.
450.9222 	EXP 	text: text = 'You earned 9.8 out of 10 points in this round.\n\n Press [SPACE] to advance'
450.9222 	EXP 	text: autoDraw = True
451.5679 	DATA 	Keypress: space
451.5689 	EXP 	text: autoDraw = False
451.5747 	EXP 	text: text = 'Total points : 237.8'
457.7750 	EXP 	text: text = 'Press and hold [SPACE] to report the duration of the stimulus'
457.7750 	EXP 	text: autoDraw = True
458.6639 	DATA 	Keypress: space
458.6650 	EXP 	text: autoDraw = False
459.5904 	WARNING 	Stopping key buffers but this could be dangerous ifother keyboards rely on the same.
459.6056 	EXP 	text: text = 'You earned 7.8 out of 10 points in this round.\n\n Press [SPACE] to advance'
459.6056 	EXP 	text: autoDraw = True
460.3679 	DATA 	Keypress: space
460.3688 	EXP 	text: autoDraw = False
460.3744 	EXP 	text: text = 'Total points : 245.6'
466.3330 	EXP 	text: text = 'Press and hold [SPACE] to report the duration of the stimulus'
466.3330 	EXP 	text: autoDraw = True
467.3841 	DATA 	Keypress: space
467.3852 	EXP 	text: autoDraw = False
468.1983 	WARNING 	Stopping key buffers but this could be dangerous ifother keyboards rely on the same.
468.2116 	EXP 	text: text = 'You earned 7.3 out of 10 points in this round.\n\n Press [SPACE] to advance'
468.2116 	EXP 	text: autoDraw = True
468.8958 	DATA 	Keypress: space
468.8968 	EXP 	text: autoDraw = False
468.9056 	EXP 	text: text = 'Total points : 252.9'
476.3079 	EXP 	text: text = 'Press and hold [SPACE] to report the duration of the stimulus'
476.3079 	EXP 	text: autoDraw = True
477.2399 	DATA 	Keypress: space
477.2409 	EXP 	text: autoDraw = False
478.6558 	WARNING 	Stopping key buffers but this could be dangerous ifother keyboards rely on the same.
478.6890 	EXP 	text: text = 'You earned 9.1 out of 10 points in this round.\n\n Press [SPACE] to advance'
478.6890 	EXP 	text: autoDraw = True
479.3918 	DATA 	Keypress: space
479.3928 	EXP 	text: autoDraw = False
479.4056 	EXP 	text: text = 'Total points : 262.0'
487.0163 	EXP 	text: text = 'Press and hold [SPACE] to report the duration of the stimulus'
487.0163 	EXP 	text: autoDraw = True
488.0481 	DATA 	Keypress: space
488.0491 	EXP 	text: autoDraw = False
489.2890 	WARNING 	Stopping key buffers but this could be dangerous ifother keyboards rely on the same.
489.3222 	EXP 	text: text = 'You earned 5.4 out of 10 points in this round.\n\n Press [SPACE] to advance'
489.3222 	EXP 	text: autoDraw = True
490.2719 	DATA 	Keypress: space
490.2730 	EXP 	text: autoDraw = False
490.2890 	EXP 	text: text = 'Total points : 267.4'
496.4913 	EXP 	text: text = 'Press and hold [SPACE] to report the duration of the stimulus'
496.4913 	EXP 	text: autoDraw = True
497.5200 	DATA 	Keypress: space
497.5210 	EXP 	text: autoDraw = False
498.4944 	WARNING 	Stopping key buffers but this could be dangerous ifother keyboards rely on the same.
498.5074 	EXP 	text: text = 'You earned 8.6 out of 10 points in this round.\n\n Press [SPACE] to advance'
498.5074 	EXP 	text: autoDraw = True
499.3598 	DATA 	Keypress: space
499.3607 	EXP 	text: autoDraw = False
499.3723 	EXP 	text: text = 'Total points : 276.0'
504.8831 	EXP 	text: text = 'Press and hold [SPACE] to report the duration of the stimulus'
504.8831 	EXP 	text: autoDraw = True
505.6240 	DATA 	Keypress: space
505.6252 	EXP 	text: autoDraw = False
506.4464 	WARNING 	Stopping key buffers but this could be dangerous ifother keyboards rely on the same.
506.4598 	EXP 	text: text = 'You earned 10.0 out of 10 points in this round.\n\n Press [SPACE] to advance'
506.4598 	EXP 	text: autoDraw = True
507.6558 	DATA 	Keypress: space
507.6568 	EXP 	text: autoDraw = False
507.6722 	EXP 	text: text = 'Total points : 286.0'
514.8328 	EXP 	text: text = 'Press and hold [SPACE] to report the duration of the stimulus'
514.8328 	EXP 	text: autoDraw = True
515.7758 	DATA 	Keypress: space
515.7768 	EXP 	text: autoDraw = False
517.0224 	WARNING 	Stopping key buffers but this could be dangerous ifother keyboards rely on the same.
517.0389 	EXP 	text: text = 'You earned 7.8 out of 10 points in this round.\n\n Press [SPACE] to advance'
517.0389 	EXP 	text: autoDraw = True
517.8158 	DATA 	Keypress: space
517.8169 	EXP 	text: autoDraw = False
517.8221 	EXP 	text: text = 'Total points : 293.8'
523.1254 	EXP 	text: text = 'Press and hold [SPACE] to report the duration of the stimulus'
523.1254 	EXP 	text: autoDraw = True
524.0159 	DATA 	Keypress: space
524.0170 	EXP 	text: autoDraw = False
524.8557 	WARNING 	Stopping key buffers but this could be dangerous ifother keyboards rely on the same.
524.8723 	EXP 	text: text = 'Total points : 293.8'
524.8723 	EXP 	text: text = 'Your response exceeded the actual time.\n\n Press [SPACE] to advance'
524.8723 	EXP 	text: autoDraw = True
525.4399 	DATA 	Keypress: space
525.4410 	EXP 	text: autoDraw = False
532.8749 	EXP 	text: text = 'Press and hold [SPACE] to report the duration of the stimulus'
532.8749 	EXP 	text: autoDraw = True
534.0400 	DATA 	Keypress: space
534.0410 	EXP 	text: autoDraw = False
535.2057 	WARNING 	Stopping key buffers but this could be dangerous ifother keyboards rely on the same.
535.2389 	EXP 	text: text = 'You earned 5.4 out of 10 points in this round.\n\n Press [SPACE] to advance'
535.2389 	EXP 	text: autoDraw = True
536.1758 	DATA 	Keypress: space
536.1767 	EXP 	text: autoDraw = False
536.1889 	EXP 	text: text = 'Total points : 299.2'
542.9915 	EXP 	text: text = 'Press and hold [SPACE] to report the duration of the stimulus'
542.9915 	EXP 	text: autoDraw = True
544.0879 	DATA 	Keypress: space
544.0890 	EXP 	text: autoDraw = False
545.0303 	WARNING 	Stopping key buffers but this could be dangerous ifother keyboards rely on the same.
545.0435 	EXP 	text: text = 'You earned 5.4 out of 10 points in this round.\n\n Press [SPACE] to advance'
545.0435 	EXP 	text: autoDraw = True
545.9598 	DATA 	Keypress: space
545.9609 	EXP 	text: autoDraw = False
545.9723 	EXP 	text: text = 'Total points : 304.6'
552.3830 	EXP 	text: text = 'Press and hold [SPACE] to report the duration of the stimulus'
552.3830 	EXP 	text: autoDraw = True
553.3680 	DATA 	Keypress: space
553.3692 	EXP 	text: autoDraw = False
554.2304 	WARNING 	Stopping key buffers but this could be dangerous ifother keyboards rely on the same.
554.2435 	EXP 	text: text = 'You earned 5.9 out of 10 points in this round.\n\n Press [SPACE] to advance'
554.2435 	EXP 	text: autoDraw = True
554.9840 	DATA 	Keypress: space
554.9851 	EXP 	text: autoDraw = False
554.9909 	EXP 	text: text = 'Total points : 310.5'
560.4996 	EXP 	text: text = 'Press and hold [SPACE] to report the duration of the stimulus'
560.4996 	EXP 	text: autoDraw = True
561.4240 	DATA 	Keypress: space
561.4252 	EXP 	text: autoDraw = False
562.1104 	WARNING 	Stopping key buffers but this could be dangerous ifother keyboards rely on the same.
562.1233 	EXP 	text: text = 'You earned 7.6 out of 10 points in this round.\n\n Press [SPACE] to advance'
562.1233 	EXP 	text: autoDraw = True
562.8639 	DATA 	Keypress: space
562.8649 	EXP 	text: autoDraw = False
562.8723 	EXP 	text: text = 'Total points : 318.1'
570.2737 	EXP 	text: text = 'Press and hold [SPACE] to report the duration of the stimulus'
570.2737 	EXP 	text: autoDraw = True
571.1600 	DATA 	Keypress: space
571.1611 	EXP 	text: autoDraw = False
572.4390 	WARNING 	Stopping key buffers but this could be dangerous ifother keyboards rely on the same.
572.4722 	EXP 	text: text = 'You earned 6.8 out of 10 points in this round.\n\n Press [SPACE] to advance'
572.4722 	EXP 	text: autoDraw = True
573.2638 	DATA 	Keypress: space
573.2648 	EXP 	text: autoDraw = False
573.2722 	EXP 	text: text = 'Total points : 324.9'
579.4744 	EXP 	text: text = 'Press and hold [SPACE] to report the duration of the stimulus'
579.4744 	EXP 	text: autoDraw = True
580.2800 	DATA 	Keypress: space
580.2811 	EXP 	text: autoDraw = False
581.2383 	WARNING 	Stopping key buffers but this could be dangerous ifother keyboards rely on the same.
581.2556 	EXP 	text: text = 'You earned 8.4 out of 10 points in this round.\n\n Press [SPACE] to advance'
581.2556 	EXP 	text: autoDraw = True
581.9678 	DATA 	Keypress: space
581.9688 	EXP 	text: autoDraw = False
581.9740 	EXP 	text: text = 'Total points : 333.3'
588.7750 	EXP 	text: text = 'Press and hold [SPACE] to report the duration of the stimulus'
588.7750 	EXP 	text: autoDraw = True
589.6320 	DATA 	Keypress: space
589.6331 	EXP 	text: autoDraw = False
590.5823 	WARNING 	Stopping key buffers but this could be dangerous ifother keyboards rely on the same.
590.5953 	EXP 	text: text = 'You earned 5.5 out of 10 points in this round.\n\n Press [SPACE] to advance'
590.5953 	EXP 	text: autoDraw = True
591.3998 	DATA 	Keypress: space
591.4007 	EXP 	text: autoDraw = False
591.4059 	EXP 	text: text = 'Total points : 338.8'
596.9162 	EXP 	text: text = 'Press and hold [SPACE] to report the duration of the stimulus'
596.9162 	EXP 	text: autoDraw = True
597.7200 	DATA 	Keypress: space
597.7210 	EXP 	text: autoDraw = False
598.4783 	WARNING 	Stopping key buffers but this could be dangerous ifother keyboards rely on the same.
598.4914 	EXP 	text: text = 'You earned 8.8 out of 10 points in this round.\n\n Press [SPACE] to advance'
598.4914 	EXP 	text: autoDraw = True
599.1918 	DATA 	Keypress: space
599.1927 	EXP 	text: autoDraw = False
599.2056 	EXP 	text: text = 'Total points : 347.6'
605.6166 	EXP 	text: text = 'Press and hold [SPACE] to report the duration of the stimulus'
605.6166 	EXP 	text: autoDraw = True
606.5121 	DATA 	Keypress: space
606.5130 	EXP 	text: autoDraw = False
607.3984 	WARNING 	Stopping key buffers but this could be dangerous ifother keyboards rely on the same.
607.4114 	EXP 	text: text = 'You earned 6.2 out of 10 points in this round.\n\n Press [SPACE] to advance'
607.4114 	EXP 	text: autoDraw = True
608.1199 	DATA 	Keypress: space
608.1209 	EXP 	text: autoDraw = False
608.1262 	EXP 	text: text = 'Total points : 353.8'
615.5245 	EXP 	text: text = 'Press and hold [SPACE] to report the duration of the stimulus'
615.5245 	EXP 	text: autoDraw = True
616.5199 	DATA 	Keypress: space
616.5211 	EXP 	text: autoDraw = False
617.9057 	WARNING 	Stopping key buffers but this could be dangerous ifother keyboards rely on the same.
617.9389 	EXP 	text: text = 'You earned 8.5 out of 10 points in this round.\n\n Press [SPACE] to advance'
617.9389 	EXP 	text: autoDraw = True
618.6878 	DATA 	Keypress: space
618.6889 	EXP 	text: autoDraw = False
618.7056 	EXP 	text: text = 'Total points : 362.3'
625.8668 	EXP 	text: text = 'Press and hold [SPACE] to report the duration of the stimulus'
625.8668 	EXP 	text: autoDraw = True
626.7360 	DATA 	Keypress: space
626.7370 	EXP 	text: autoDraw = False
627.8057 	WARNING 	Stopping key buffers but this could be dangerous ifother keyboards rely on the same.
627.8388 	EXP 	text: text = 'You earned 5.1 out of 10 points in this round.\n\n Press [SPACE] to advance'
627.8388 	EXP 	text: autoDraw = True
628.6080 	DATA 	Keypress: space
628.6089 	EXP 	text: autoDraw = False
628.6223 	EXP 	text: text = 'Total points : 367.4'
634.3750 	EXP 	text: text = 'Press and hold [SPACE] to report the duration of the stimulus'
634.3750 	EXP 	text: autoDraw = True
635.3680 	DATA 	Keypress: space
635.3690 	EXP 	text: autoDraw = False
636.3557 	WARNING 	Stopping key buffers but this could be dangerous ifother keyboards rely on the same.
636.3723 	EXP 	text: text = 'Total points : 367.4'
636.3723 	EXP 	text: text = 'Your response exceeded the actual time.\n\n Press [SPACE] to advance'
636.3723 	EXP 	text: autoDraw = True
637.0158 	DATA 	Keypress: space
637.0167 	EXP 	text: autoDraw = False
642.5495 	EXP 	text: text = 'Press and hold [SPACE] to report the duration of the stimulus'
642.5495 	EXP 	text: autoDraw = True
643.5440 	DATA 	Keypress: space
643.5451 	EXP 	text: autoDraw = False
644.3024 	WARNING 	Stopping key buffers but this could be dangerous ifother keyboards rely on the same.
644.3223 	EXP 	text: text = 'You earned 8.8 out of 10 points in this round.\n\n Press [SPACE] to advance'
644.3223 	EXP 	text: autoDraw = True
645.0958 	DATA 	Keypress: space
645.0968 	EXP 	text: autoDraw = False
645.1056 	EXP 	text: text = 'Total points : 376.2'
650.4094 	EXP 	text: text = 'Press and hold [SPACE] to report the duration of the stimulus'
650.4094 	EXP 	text: autoDraw = True
651.1840 	DATA 	Keypress: space
651.1851 	EXP 	text: autoDraw = False
651.8225 	WARNING 	Stopping key buffers but this could be dangerous ifother keyboards rely on the same.
651.8389 	EXP 	text: text = 'You earned 8.0 out of 10 points in this round.\n\n Press [SPACE] to advance'
651.8389 	EXP 	text: autoDraw = True
652.6079 	DATA 	Keypress: space
652.6088 	EXP 	text: autoDraw = False
652.6223 	EXP 	text: text = 'Total points : 384.2'
657.9242 	EXP 	text: text = 'Press and hold [SPACE] to report the duration of the stimulus'
657.9242 	EXP 	text: autoDraw = True
658.7760 	DATA 	Keypress: space
658.7772 	EXP 	text: autoDraw = False
659.5023 	WARNING 	Stopping key buffers but this could be dangerous ifother keyboards rely on the same.
659.5223 	EXP 	text: text = 'You earned 9.6 out of 10 points in this round.\n\n Press [SPACE] to advance'
659.5223 	EXP 	text: autoDraw = True
660.2879 	DATA 	Keypress: space
660.2888 	EXP 	text: autoDraw = False
660.3056 	EXP 	text: text = 'Total points : 393.8'
665.6078 	EXP 	text: text = 'Press and hold [SPACE] to report the duration of the stimulus'
665.6078 	EXP 	text: autoDraw = True
666.4799 	DATA 	Keypress: space
666.4811 	EXP 	text: autoDraw = False
667.1824 	WARNING 	Stopping key buffers but this could be dangerous ifother keyboards rely on the same.
667.1954 	EXP 	text: text = 'You earned 9.1 out of 10 points in this round.\n\n Press [SPACE] to advance'
667.1954 	EXP 	text: autoDraw = True
667.8159 	DATA 	Keypress: space
667.8170 	EXP 	text: autoDraw = False
667.8224 	EXP 	text: text = 'Total points : 402.9'
675.4333 	EXP 	text: text = 'Press and hold [SPACE] to report the duration of the stimulus'
675.4333 	EXP 	text: autoDraw = True
676.5198 	DATA 	Keypress: space
676.5209 	EXP 	text: autoDraw = False
677.8390 	WARNING 	Stopping key buffers but this could be dangerous ifother keyboards rely on the same.
677.8722 	EXP 	text: text = 'You earned 6.4 out of 10 points in this round.\n\n Press [SPACE] to advance'
677.8722 	EXP 	text: autoDraw = True
678.7518 	DATA 	Keypress: space
678.7529 	EXP 	text: autoDraw = False
678.7582 	EXP 	text: text = 'Total points : 409.3'
684.5086 	EXP 	text: text = 'Press and hold [SPACE] to report the duration of the stimulus'
684.5086 	EXP 	text: autoDraw = True
685.4320 	DATA 	Keypress: space
685.4331 	EXP 	text: autoDraw = False
686.2384 	WARNING 	Stopping key buffers but this could be dangerous ifother keyboards rely on the same.
686.2556 	EXP 	text: text = 'You earned 8.3 out of 10 points in this round.\n\n Press [SPACE] to advance'
686.2556 	EXP 	text: autoDraw = True
686.9998 	DATA 	Keypress: space
687.0007 	EXP 	text: autoDraw = False
687.0059 	EXP 	text: text = 'Total points : 417.6'
693.4169 	EXP 	text: text = 'Press and hold [SPACE] to report the duration of the stimulus'
693.4169 	EXP 	text: autoDraw = True
694.3439 	DATA 	Keypress: space
694.3450 	EXP 	text: autoDraw = False
695.2063 	WARNING 	Stopping key buffers but this could be dangerous ifother keyboards rely on the same.
695.2223 	EXP 	text: text = 'You earned 5.9 out of 10 points in this round.\n\n Press [SPACE] to advance'
695.2223 	EXP 	text: autoDraw = True
696.1359 	DATA 	Keypress: space
696.1368 	EXP 	text: autoDraw = False
696.1424 	EXP 	text: text = 'Total points : 423.5'
702.3415 	EXP 	text: text = 'Press and hold [SPACE] to report the duration of the stimulus'
702.3415 	EXP 	text: autoDraw = True
703.2800 	DATA 	Keypress: space
703.2810 	EXP 	text: autoDraw = False
704.2863 	WARNING 	Stopping key buffers but this could be dangerous ifother keyboards rely on the same.
704.3056 	EXP 	text: text = 'You earned 9.2 out of 10 points in this round.\n\n Press [SPACE] to advance'
704.3056 	EXP 	text: autoDraw = True
704.9518 	DATA 	Keypress: space
704.9527 	EXP 	text: autoDraw = False
704.9580 	EXP 	text: text = 'Total points : 432.7'
710.4665 	EXP 	text: text = 'Press and hold [SPACE] to report the duration of the stimulus'
710.4665 	EXP 	text: autoDraw = True
711.3119 	DATA 	Keypress: space
711.3130 	EXP 	text: autoDraw = False
711.9583 	WARNING 	Stopping key buffers but this could be dangerous ifother keyboards rely on the same.
711.9720 	EXP 	text: text = 'You earned 7.0 out of 10 points in this round.\n\n Press [SPACE] to advance'
711.9720 	EXP 	text: autoDraw = True
712.7758 	DATA 	Keypress: space
712.7769 	EXP 	text: autoDraw = False
712.7889 	EXP 	text: text = 'Total points : 439.7'
718.7499 	EXP 	text: text = 'Press and hold [SPACE] to report the duration of the stimulus'
718.7499 	EXP 	text: autoDraw = True
719.7280 	DATA 	Keypress: space
719.7289 	EXP 	text: autoDraw = False
720.5264 	WARNING 	Stopping key buffers but this could be dangerous ifother keyboards rely on the same.
720.5394 	EXP 	text: text = 'You earned 7.0 out of 10 points in this round.\n\n Press [SPACE] to advance'
720.5394 	EXP 	text: autoDraw = True
721.3359 	DATA 	Keypress: space
721.3368 	EXP 	text: autoDraw = False
721.3422 	EXP 	text: text = 'Total points : 446.7'
726.6410 	EXP 	text: text = 'Press and hold [SPACE] to report the duration of the stimulus'
726.6410 	EXP 	text: autoDraw = True
727.5519 	DATA 	Keypress: space
727.5529 	EXP 	text: autoDraw = False
728.1743 	WARNING 	Stopping key buffers but this could be dangerous ifother keyboards rely on the same.
728.1889 	EXP 	text: text = 'You earned 7.8 out of 10 points in this round.\n\n Press [SPACE] to advance'
728.1889 	EXP 	text: autoDraw = True
728.9919 	DATA 	Keypress: space
728.9928 	EXP 	text: autoDraw = False
729.0056 	EXP 	text: text = 'Total points : 454.5'
735.8077 	EXP 	text: text = 'Press and hold [SPACE] to report the duration of the stimulus'
735.8077 	EXP 	text: autoDraw = True
736.7359 	DATA 	Keypress: space
736.7370 	EXP 	text: autoDraw = False
737.6224 	WARNING 	Stopping key buffers but this could be dangerous ifother keyboards rely on the same.
737.6390 	EXP 	text: text = 'You earned 4.8 out of 10 points in this round.\n\n Press [SPACE] to advance'
737.6390 	EXP 	text: autoDraw = True
738.8638 	DATA 	Keypress: space
738.8648 	EXP 	text: autoDraw = False
738.8723 	EXP 	text: text = 'Total points : 459.3'
744.1752 	EXP 	text: text = 'Press and hold [SPACE] to report the duration of the stimulus'
744.1752 	EXP 	text: autoDraw = True
745.0798 	DATA 	Keypress: space
745.0809 	EXP 	text: autoDraw = False
745.7024 	WARNING 	Stopping key buffers but this could be dangerous ifother keyboards rely on the same.
745.7222 	EXP 	text: text = 'You earned 7.8 out of 10 points in this round.\n\n Press [SPACE] to advance'
745.7222 	EXP 	text: autoDraw = True
746.5359 	DATA 	Keypress: space
746.5369 	EXP 	text: autoDraw = False
746.5421 	EXP 	text: text = 'Total points : 467.1'
753.6999 	EXP 	text: text = 'Press and hold [SPACE] to report the duration of the stimulus'
753.6999 	EXP 	text: autoDraw = True
754.7199 	DATA 	Keypress: space
754.7210 	EXP 	text: autoDraw = False
755.8224 	WARNING 	Stopping key buffers but this could be dangerous ifother keyboards rely on the same.
755.8556 	EXP 	text: text = 'You earned 5.5 out of 10 points in this round.\n\n Press [SPACE] to advance'
755.8556 	EXP 	text: autoDraw = True
756.8638 	DATA 	Keypress: space
756.8649 	EXP 	text: autoDraw = False
756.8723 	EXP 	text: text = 'Total points : 472.6'
762.6248 	EXP 	text: text = 'Press and hold [SPACE] to report the duration of the stimulus'
762.6248 	EXP 	text: autoDraw = True
763.6241 	DATA 	Keypress: space
763.6252 	EXP 	text: autoDraw = False
764.5724 	WARNING 	Stopping key buffers but this could be dangerous ifother keyboards rely on the same.
764.5889 	EXP 	text: text = 'Total points : 472.6'
764.5889 	EXP 	text: text = 'Your response exceeded the actual time.\n\n Press [SPACE] to advance'
764.5889 	EXP 	text: autoDraw = True
765.2479 	DATA 	Keypress: space
765.2489 	EXP 	text: autoDraw = False
772.4333 	EXP 	text: text = 'Press and hold [SPACE] to report the duration of the stimulus'
772.4333 	EXP 	text: autoDraw = True
773.2960 	DATA 	Keypress: space
773.2970 	EXP 	text: autoDraw = False
774.2384 	WARNING 	Stopping key buffers but this could be dangerous ifother keyboards rely on the same.
774.2556 	EXP 	text: text = 'You earned 4.2 out of 10 points in this round.\n\n Press [SPACE] to advance'
774.2556 	EXP 	text: autoDraw = True
775.0559 	DATA 	Keypress: space
775.0570 	EXP 	text: autoDraw = False
775.0723 	EXP 	text: text = 'Total points : 476.8'
780.8248 	EXP 	text: text = 'Press and hold [SPACE] to report the duration of the stimulus'
780.8248 	EXP 	text: autoDraw = True
781.8078 	DATA 	Keypress: space
781.8089 	EXP 	text: autoDraw = False
782.6704 	WARNING 	Stopping key buffers but this could be dangerous ifother keyboards rely on the same.
782.6889 	EXP 	text: text = 'You earned 9.3 out of 10 points in this round.\n\n Press [SPACE] to advance'
782.6889 	EXP 	text: autoDraw = True
783.2798 	DATA 	Keypress: space
783.2808 	EXP 	text: autoDraw = False
783.2889 	EXP 	text: text = 'Total points : 486.1'
790.4497 	EXP 	text: text = 'Press and hold [SPACE] to report the duration of the stimulus'
790.4497 	EXP 	text: autoDraw = True
791.3600 	DATA 	Keypress: space
791.3611 	EXP 	text: autoDraw = False
792.4558 	WARNING 	Stopping key buffers but this could be dangerous ifother keyboards rely on the same.
792.4889 	EXP 	text: text = 'You earned 5.5 out of 10 points in this round.\n\n Press [SPACE] to advance'
792.4889 	EXP 	text: autoDraw = True
793.2559 	DATA 	Keypress: space
793.2568 	EXP 	text: autoDraw = False
793.2723 	EXP 	text: text = 'Total points : 491.6'
800.0740 	EXP 	text: text = 'Press and hold [SPACE] to report the duration of the stimulus'
800.0740 	EXP 	text: autoDraw = True
801.2079 	DATA 	Keypress: space
801.2090 	EXP 	text: autoDraw = False
802.2064 	WARNING 	Stopping key buffers but this could be dangerous ifother keyboards rely on the same.
802.2222 	EXP 	text: text = 'You earned 6.1 out of 10 points in this round.\n\n Press [SPACE] to advance'
802.2222 	EXP 	text: autoDraw = True
803.0078 	DATA 	Keypress: space
803.0088 	EXP 	text: autoDraw = False
803.0222 	EXP 	text: text = 'Total points : 497.7'
810.6332 	EXP 	text: text = 'Press and hold [SPACE] to report the duration of the stimulus'
810.6332 	EXP 	text: autoDraw = True
811.6640 	DATA 	Keypress: space
811.6650 	EXP 	text: autoDraw = False
813.0891 	WARNING 	Stopping key buffers but this could be dangerous ifother keyboards rely on the same.
813.1222 	EXP 	text: text = 'You earned 7.8 out of 10 points in this round.\n\n Press [SPACE] to advance'
813.1222 	EXP 	text: autoDraw = True
813.7999 	DATA 	Keypress: space
813.8008 	EXP 	text: autoDraw = False
813.8066 	EXP 	text: text = 'Total points : 505.5'
820.6079 	EXP 	text: text = 'Press and hold [SPACE] to report the duration of the stimulus'
820.6079 	EXP 	text: autoDraw = True
821.6480 	DATA 	Keypress: space
821.6489 	EXP 	text: autoDraw = False
822.8624 	WARNING 	Stopping key buffers but this could be dangerous ifother keyboards rely on the same.
822.8754 	EXP 	text: text = 'You earned 9.3 out of 10 points in this round.\n\n Press [SPACE] to advance'
822.8754 	EXP 	text: autoDraw = True
823.5758 	DATA 	Keypress: space
823.5768 	EXP 	text: autoDraw = False
823.5889 	EXP 	text: text = 'Total points : 514.8'
829.5496 	EXP 	text: text = 'Press and hold [SPACE] to report the duration of the stimulus'
829.5496 	EXP 	text: autoDraw = True
830.5200 	DATA 	Keypress: space
830.5210 	EXP 	text: autoDraw = False
831.4944 	WARNING 	Stopping key buffers but this could be dangerous ifother keyboards rely on the same.
831.5078 	EXP 	text: text = 'You earned 10.0 out of 10 points in this round.\n\n Press [SPACE] to advance'
831.5078 	EXP 	text: autoDraw = True
832.3597 	DATA 	Keypress: space
832.3608 	EXP 	text: autoDraw = False
832.3722 	EXP 	text: text = 'Total points : 524.8'
838.3331 	EXP 	text: text = 'Press and hold [SPACE] to report the duration of the stimulus'
838.3331 	EXP 	text: autoDraw = True
839.3678 	DATA 	Keypress: space
839.3688 	EXP 	text: autoDraw = False
840.2944 	WARNING 	Stopping key buffers but this could be dangerous ifother keyboards rely on the same.
840.3075 	EXP 	text: text = 'You earned 9.1 out of 10 points in this round.\n\n Press [SPACE] to advance'
840.3075 	EXP 	text: autoDraw = True
841.0079 	DATA 	Keypress: space
841.0089 	EXP 	text: autoDraw = False
841.0223 	EXP 	text: text = 'Total points : 533.9'
848.4252 	EXP 	text: text = 'Press and hold [SPACE] to report the duration of the stimulus'
848.4252 	EXP 	text: autoDraw = True
849.4001 	DATA 	Keypress: space
849.4012 	EXP 	text: autoDraw = False
850.6224 	WARNING 	Stopping key buffers but this could be dangerous ifother keyboards rely on the same.
850.6556 	EXP 	text: text = 'You earned 6.0 out of 10 points in this round.\n\n Press [SPACE] to advance'
850.6556 	EXP 	text: autoDraw = True
851.5678 	DATA 	Keypress: space
851.5689 	EXP 	text: autoDraw = False
851.5741 	EXP 	text: text = 'Total points : 539.9'
857.7748 	EXP 	text: text = 'Press and hold [SPACE] to report the duration of the stimulus'
857.7748 	EXP 	text: autoDraw = True
858.9040 	DATA 	Keypress: space
858.9049 	EXP 	text: autoDraw = False
860.0391 	WARNING 	Stopping key buffers but this could be dangerous ifother keyboards rely on the same.
860.0556 	EXP 	text: text = 'Total points : 539.9'
860.0556 	EXP 	text: text = 'Your response exceeded the actual time.\n\n Press [SPACE] to advance'
860.0556 	EXP 	text: autoDraw = True
860.7198 	DATA 	Keypress: space
860.7209 	EXP 	text: autoDraw = False
868.3496 	EXP 	text: text = 'Press and hold [SPACE] to report the duration of the stimulus'
868.3496 	EXP 	text: autoDraw = True
869.1519 	DATA 	Keypress: space
869.1530 	EXP 	text: autoDraw = False
870.3391 	WARNING 	Stopping key buffers but this could be dangerous ifother keyboards rely on the same.
870.3723 	EXP 	text: text = 'You earned 4.8 out of 10 points in this round.\n\n Press [SPACE] to advance'
870.3723 	EXP 	text: autoDraw = True
871.0958 	DATA 	Keypress: space
871.0967 	EXP 	text: autoDraw = False
871.1055 	EXP 	text: text = 'Total points : 544.7'
878.5082 	EXP 	text: text = 'Press and hold [SPACE] to report the duration of the stimulus'
878.5082 	EXP 	text: autoDraw = True
879.4401 	DATA 	Keypress: space
879.4412 	EXP 	text: autoDraw = False
880.8391 	WARNING 	Stopping key buffers but this could be dangerous ifother keyboards rely on the same.
880.8723 	EXP 	text: text = 'You earned 8.6 out of 10 points in this round.\n\n Press [SPACE] to advance'
880.8723 	EXP 	text: autoDraw = True
881.5198 	DATA 	Keypress: space
881.5207 	EXP 	text: autoDraw = False
881.5259 	EXP 	text: text = 'Total points : 553.3'
888.9243 	EXP 	text: text = 'Press and hold [SPACE] to report the duration of the stimulus'
888.9243 	EXP 	text: autoDraw = True
889.9678 	DATA 	Keypress: space
889.9690 	EXP 	text: autoDraw = False
891.1391 	WARNING 	Stopping key buffers but this could be dangerous ifother keyboards rely on the same.
891.1721 	EXP 	text: text = 'You earned 5.4 out of 10 points in this round.\n\n Press [SPACE] to advance'
891.1721 	EXP 	text: autoDraw = True
891.8798 	DATA 	Keypress: space
891.8809 	EXP 	text: autoDraw = False
891.8889 	EXP 	text: text = 'Total points : 558.7'
898.6915 	EXP 	text: text = 'Press and hold [SPACE] to report the duration of the stimulus'
898.6915 	EXP 	text: autoDraw = True
899.8079 	DATA 	Keypress: space
899.8090 	EXP 	text: autoDraw = False
900.8864 	WARNING 	Stopping key buffers but this could be dangerous ifother keyboards rely on the same.
900.9056 	EXP 	text: text = 'You earned 7.1 out of 10 points in this round.\n\n Press [SPACE] to advance'
900.9056 	EXP 	text: autoDraw = True
901.6558 	DATA 	Keypress: space
901.6569 	EXP 	text: autoDraw = False
901.6723 	EXP 	text: text = 'Total points : 565.8'
908.0830 	EXP 	text: text = 'Press and hold [SPACE] to report the duration of the stimulus'
908.0830 	EXP 	text: autoDraw = True
909.1120 	DATA 	Keypress: space
909.1132 	EXP 	text: autoDraw = False
910.0144 	WARNING 	Stopping key buffers but this could be dangerous ifother keyboards rely on the same.
910.0275 	EXP 	text: text = 'You earned 6.4 out of 10 points in this round.\n\n Press [SPACE] to advance'
910.0275 	EXP 	text: autoDraw = True
910.7598 	DATA 	Keypress: space
910.7607 	EXP 	text: autoDraw = False
910.7722 	EXP 	text: text = 'Total points : 572.2'
916.2827 	EXP 	text: text = 'Press and hold [SPACE] to report the duration of the stimulus'
916.2827 	EXP 	text: autoDraw = True
917.0879 	DATA 	Keypress: space
917.0890 	EXP 	text: autoDraw = False
917.9024 	WARNING 	Stopping key buffers but this could be dangerous ifother keyboards rely on the same.
917.9223 	EXP 	text: text = 'You earned 9.8 out of 10 points in this round.\n\n Press [SPACE] to advance'
917.9223 	EXP 	text: autoDraw = True
918.5117 	DATA 	Keypress: space
918.5128 	EXP 	text: autoDraw = False
918.5223 	EXP 	text: text = 'Total points : 582.0'
924.4835 	EXP 	text: text = 'Press and hold [SPACE] to report the duration of the stimulus'
924.4835 	EXP 	text: autoDraw = True
925.4400 	DATA 	Keypress: space
925.4410 	EXP 	text: autoDraw = False
926.3183 	WARNING 	Stopping key buffers but this could be dangerous ifother keyboards rely on the same.
926.3314 	EXP 	text: text = 'You earned 8.3 out of 10 points in this round.\n\n Press [SPACE] to advance'
926.3314 	EXP 	text: autoDraw = True
926.8879 	DATA 	Keypress: space
926.8889 	EXP 	text: autoDraw = False
926.9056 	EXP 	text: text = 'Total points : 590.3'
932.4164 	EXP 	text: text = 'Press and hold [SPACE] to report the duration of the stimulus'
932.4164 	EXP 	text: autoDraw = True
933.2720 	DATA 	Keypress: space
933.2730 	EXP 	text: autoDraw = False
934.0704 	WARNING 	Stopping key buffers but this could be dangerous ifother keyboards rely on the same.
934.0890 	EXP 	text: text = 'You earned 9.5 out of 10 points in this round.\n\n Press [SPACE] to advance'
934.0890 	EXP 	text: autoDraw = True
934.6639 	DATA 	Keypress: space
934.6649 	EXP 	text: autoDraw = False
934.6723 	EXP 	text: text = 'Total points : 599.8'
940.8741 	EXP 	text: text = 'Press and hold [SPACE] to report the duration of the stimulus'
940.8741 	EXP 	text: autoDraw = True
941.6965 	DATA 	Keypress: space
941.6975 	EXP 	text: autoDraw = False
942.5423 	WARNING 	Stopping key buffers but this could be dangerous ifother keyboards rely on the same.
942.5554 	EXP 	text: text = 'You earned 6.7 out of 10 points in this round.\n\n Press [SPACE] to advance'
942.5554 	EXP 	text: autoDraw = True
943.2878 	DATA 	Keypress: space
943.2889 	EXP 	text: autoDraw = False
943.3056 	EXP 	text: text = 'Total points : 606.5'
948.6082 	EXP 	text: text = 'Press and hold [SPACE] to report the duration of the stimulus'
948.6082 	EXP 	text: autoDraw = True
949.4559 	DATA 	Keypress: space
949.4570 	EXP 	text: autoDraw = False
950.1744 	WARNING 	Stopping key buffers but this could be dangerous ifother keyboards rely on the same.
950.1890 	EXP 	text: text = 'You earned 9.4 out of 10 points in this round.\n\n Press [SPACE] to advance'
950.1890 	EXP 	text: autoDraw = True
950.7679 	DATA 	Keypress: space
950.7688 	EXP 	text: autoDraw = False
950.7742 	EXP 	text: text = 'Total points : 615.9'
958.1739 	EXP 	text: text = 'Press and hold [SPACE] to report the duration of the stimulus'
958.1739 	EXP 	text: autoDraw = True
959.1839 	DATA 	Keypress: space
959.1851 	EXP 	text: autoDraw = False
960.2891 	WARNING 	Stopping key buffers but this could be dangerous ifother keyboards rely on the same.
960.3222 	EXP 	text: text = 'You earned 4.8 out of 10 points in this round.\n\n Press [SPACE] to advance'
960.3222 	EXP 	text: autoDraw = True
961.0959 	DATA 	Keypress: space
961.0969 	EXP 	text: autoDraw = False
961.1056 	EXP 	text: text = 'Total points : 620.7'
967.3075 	EXP 	text: text = 'Press and hold [SPACE] to report the duration of the stimulus'
967.3075 	EXP 	text: autoDraw = True
968.2639 	DATA 	Keypress: space
968.2649 	EXP 	text: autoDraw = False
969.1504 	WARNING 	Stopping key buffers but this could be dangerous ifother keyboards rely on the same.
969.1634 	EXP 	text: text = 'You earned 7.2 out of 10 points in this round.\n\n Press [SPACE] to advance'
969.1634 	EXP 	text: autoDraw = True
969.8478 	DATA 	Keypress: space
969.8488 	EXP 	text: autoDraw = False
969.8556 	EXP 	text: text = 'Total points : 627.9'
975.8165 	EXP 	text: text = 'Press and hold [SPACE] to report the duration of the stimulus'
975.8165 	EXP 	text: autoDraw = True
976.7600 	DATA 	Keypress: space
976.7611 	EXP 	text: autoDraw = False
977.6383 	WARNING 	Stopping key buffers but this could be dangerous ifother keyboards rely on the same.
977.6556 	EXP 	text: text = 'You earned 8.3 out of 10 points in this round.\n\n Press [SPACE] to advance'
977.6556 	EXP 	text: autoDraw = True
978.1838 	DATA 	Keypress: space
978.1849 	EXP 	text: autoDraw = False
978.1901 	EXP 	text: text = 'Total points : 636.2'
983.4918 	EXP 	text: text = 'Press and hold [SPACE] to report the duration of the stimulus'
983.4918 	EXP 	text: autoDraw = True
984.2960 	DATA 	Keypress: space
984.2970 	EXP 	text: autoDraw = False
984.8783 	WARNING 	Stopping key buffers but this could be dangerous ifother keyboards rely on the same.
984.8913 	EXP 	text: text = 'You earned 7.2 out of 10 points in this round.\n\n Press [SPACE] to advance'
984.8913 	EXP 	text: autoDraw = True
985.5118 	DATA 	Keypress: space
985.5127 	EXP 	text: autoDraw = False
985.5223 	EXP 	text: text = 'Total points : 643.4'
991.0333 	EXP 	text: text = 'Press and hold [SPACE] to report the duration of the stimulus'
991.0333 	EXP 	text: autoDraw = True
991.8961 	DATA 	Keypress: space
991.8972 	EXP 	text: autoDraw = False
992.5983 	WARNING 	Stopping key buffers but this could be dangerous ifother keyboards rely on the same.
992.6114 	EXP 	text: text = 'You earned 7.9 out of 10 points in this round.\n\n Press [SPACE] to advance'
992.6114 	EXP 	text: autoDraw = True
993.1999 	DATA 	Keypress: space
993.2008 	EXP 	text: autoDraw = False
993.2060 	EXP 	text: text = 'Total points : 651.3'
1000.6077 	EXP 	text: text = 'Press and hold [SPACE] to report the duration of the stimulus'
1000.6077 	EXP 	text: autoDraw = True
1001.5038 	DATA 	Keypress: space
1001.5049 	EXP 	text: autoDraw = False
1002.7391 	WARNING 	Stopping key buffers but this could be dangerous ifother keyboards rely on the same.
1002.7722 	EXP 	text: text = 'You earned 6.2 out of 10 points in this round.\n\n Press [SPACE] to advance'
1002.7722 	EXP 	text: autoDraw = True
1003.3438 	DATA 	Keypress: space
1003.3449 	EXP 	text: autoDraw = False
1003.3556 	EXP 	text: text = 'Total points : 657.5'
1010.1577 	EXP 	text: text = 'Press and hold [SPACE] to report the duration of the stimulus'
1010.1577 	EXP 	text: autoDraw = True
1010.9841 	DATA 	Keypress: space
1010.9852 	EXP 	text: autoDraw = False
1012.0543 	WARNING 	Stopping key buffers but this could be dangerous ifother keyboards rely on the same.
1012.0722 	EXP 	text: text = 'You earned 7.0 out of 10 points in this round.\n\n Press [SPACE] to advance'
1012.0722 	EXP 	text: autoDraw = True
1012.6079 	DATA 	Keypress: space
1012.6088 	EXP 	text: autoDraw = False
1012.6223 	EXP 	text: text = 'Total points : 664.5'
1019.7820 	EXP 	text: text = 'Press and hold [SPACE] to report the duration of the stimulus'
1019.7820 	EXP 	text: autoDraw = True
1020.6480 	DATA 	Keypress: space
1020.6490 	EXP 	text: autoDraw = False
1021.8890 	WARNING 	Stopping key buffers but this could be dangerous ifother keyboards rely on the same.
1021.9222 	EXP 	text: text = 'You earned 7.4 out of 10 points in this round.\n\n Press [SPACE] to advance'
1021.9222 	EXP 	text: autoDraw = True
1022.4478 	DATA 	Keypress: space
1022.4487 	EXP 	text: autoDraw = False
1022.4556 	EXP 	text: text = 'Total points : 671.9'
1030.0663 	EXP 	text: text = 'Press and hold [SPACE] to report the duration of the stimulus'
1030.0663 	EXP 	text: autoDraw = True
1030.9679 	DATA 	Keypress: space
1030.9689 	EXP 	text: autoDraw = False
1032.2057 	WARNING 	Stopping key buffers but this could be dangerous ifother keyboards rely on the same.
1032.2389 	EXP 	text: text = 'You earned 5.4 out of 10 points in this round.\n\n Press [SPACE] to advance'
1032.2389 	EXP 	text: autoDraw = True
1032.9199 	DATA 	Keypress: space
1032.9208 	EXP 	text: autoDraw = False
1032.9260 	EXP 	text: text = 'Total points : 677.3'
1038.8996 	EXP 	text: text = 'Press and hold [SPACE] to report the duration of the stimulus'
1038.8996 	EXP 	text: autoDraw = True
1040.0240 	DATA 	Keypress: space
1040.0249 	EXP 	text: autoDraw = False
1041.2390 	WARNING 	Stopping key buffers but this could be dangerous ifother keyboards rely on the same.
1041.2556 	EXP 	text: text = 'Total points : 677.3'
1041.2556 	EXP 	text: text = 'Your response exceeded the actual time.\n\n Press [SPACE] to advance'
1041.2556 	EXP 	text: autoDraw = True
1041.7918 	DATA 	Keypress: space
1041.7927 	EXP 	text: autoDraw = False
1048.0236 	EXP 	text: text = 'Press and hold [SPACE] to report the duration of the stimulus'
1048.0236 	EXP 	text: autoDraw = True
1048.9040 	DATA 	Keypress: space
1048.9049 	EXP 	text: autoDraw = False
1049.8384 	WARNING 	Stopping key buffers but this could be dangerous ifother keyboards rely on the same.
1049.8556 	EXP 	text: text = 'You earned 8.0 out of 10 points in this round.\n\n Press [SPACE] to advance'
1049.8556 	EXP 	text: autoDraw = True
1050.4399 	DATA 	Keypress: space
1050.4408 	EXP 	text: autoDraw = False
1050.4556 	EXP 	text: text = 'Total points : 685.3'
1055.9665 	EXP 	text: text = 'Press and hold [SPACE] to report the duration of the stimulus'
1055.9665 	EXP 	text: autoDraw = True
1056.7761 	DATA 	Keypress: space
1056.7772 	EXP 	text: autoDraw = False
1057.5663 	WARNING 	Stopping key buffers but this could be dangerous ifother keyboards rely on the same.
1057.5795 	EXP 	text: text = 'You earned 9.4 out of 10 points in this round.\n\n Press [SPACE] to advance'
1057.5795 	EXP 	text: autoDraw = True
1058.2158 	DATA 	Keypress: space
1058.2169 	EXP 	text: autoDraw = False
1058.2222 	EXP 	text: text = 'Total points : 694.7'
1063.9745 	EXP 	text: text = 'Press and hold [SPACE] to report the duration of the stimulus'
1063.9745 	EXP 	text: autoDraw = True
1064.7920 	DATA 	Keypress: space
1064.7929 	EXP 	text: autoDraw = False
1065.6464 	WARNING 	Stopping key buffers but this could be dangerous ifother keyboards rely on the same.
1065.6595 	EXP 	text: text = 'You earned 9.2 out of 10 points in this round.\n\n Press [SPACE] to advance'
1065.6595 	EXP 	text: autoDraw = True
1066.1359 	DATA 	Keypress: space
1066.1368 	EXP 	text: autoDraw = False
1066.1421 	EXP 	text: text = 'Total points : 703.9'
1073.5398 	EXP 	text: text = 'Press and hold [SPACE] to report the duration of the stimulus'
1073.5398 	EXP 	text: autoDraw = True
1074.5680 	DATA 	Keypress: space
1074.5690 	EXP 	text: autoDraw = False
1075.7890 	WARNING 	Stopping key buffers but this could be dangerous ifother keyboards rely on the same.
1075.8222 	EXP 	text: text = 'You earned 6.1 out of 10 points in this round.\n\n Press [SPACE] to advance'
1075.8222 	EXP 	text: autoDraw = True
1076.4239 	DATA 	Keypress: space
1076.4248 	EXP 	text: autoDraw = False
1076.4388 	EXP 	text: text = 'Total points : 710.0'
1082.1913 	EXP 	text: text = 'Press and hold [SPACE] to report the duration of the stimulus'
1082.1913 	EXP 	text: autoDraw = True
1083.0240 	DATA 	Keypress: space
1083.0252 	EXP 	text: autoDraw = False
1083.7984 	WARNING 	Stopping key buffers but this could be dangerous ifother keyboards rely on the same.
1083.8119 	EXP 	text: text = 'You earned 7.8 out of 10 points in this round.\n\n Press [SPACE] to advance'
1083.8119 	EXP 	text: autoDraw = True
1084.3279 	DATA 	Keypress: space
1084.3289 	EXP 	text: autoDraw = False
1084.3391 	EXP 	text: text = 'Total points : 717.8'
1091.4998 	EXP 	text: text = 'Press and hold [SPACE] to report the duration of the stimulus'
1091.4998 	EXP 	text: autoDraw = True
1092.2159 	DATA 	Keypress: space
1092.2169 	EXP 	text: autoDraw = False
1093.3664 	WARNING 	Stopping key buffers but this could be dangerous ifother keyboards rely on the same.
1093.3802 	EXP 	text: text = 'You earned 6.4 out of 10 points in this round.\n\n Press [SPACE] to advance'
1093.3802 	EXP 	text: autoDraw = True
1093.9999 	DATA 	Keypress: space
1094.0008 	EXP 	text: autoDraw = False
1094.0060 	EXP 	text: text = 'Total points : 724.2'
1100.4166 	EXP 	text: text = 'Press and hold [SPACE] to report the duration of the stimulus'
1100.4166 	EXP 	text: autoDraw = True
1101.2240 	DATA 	Keypress: space
1101.2250 	EXP 	text: autoDraw = False
1102.2544 	WARNING 	Stopping key buffers but this could be dangerous ifother keyboards rely on the same.
1102.2723 	EXP 	text: text = 'You earned 8.3 out of 10 points in this round.\n\n Press [SPACE] to advance'
1102.2723 	EXP 	text: autoDraw = True
1102.8638 	DATA 	Keypress: space
1102.8649 	EXP 	text: autoDraw = False
1102.8719 	EXP 	text: text = 'Total points : 732.5'
1109.0747 	EXP 	text: text = 'Press and hold [SPACE] to report the duration of the stimulus'
1109.0747 	EXP 	text: autoDraw = True
1109.8879 	DATA 	Keypress: space
1109.8890 	EXP 	text: autoDraw = False
1110.7984 	WARNING 	Stopping key buffers but this could be dangerous ifother keyboards rely on the same.
1110.8117 	EXP 	text: text = 'You earned 7.6 out of 10 points in this round.\n\n Press [SPACE] to advance'
1110.8117 	EXP 	text: autoDraw = True
1111.3839 	DATA 	Keypress: space
1111.3850 	EXP 	text: autoDraw = False
1111.3902 	EXP 	text: text = 'Total points : 740.1'
1117.1403 	EXP 	text: text = 'Press and hold [SPACE] to report the duration of the stimulus'
1117.1403 	EXP 	text: autoDraw = True
1117.9279 	DATA 	Keypress: space
1117.9289 	EXP 	text: autoDraw = False
1118.7343 	WARNING 	Stopping key buffers but this could be dangerous ifother keyboards rely on the same.
1118.7476 	EXP 	text: text = 'You earned 8.3 out of 10 points in this round.\n\n Press [SPACE] to advance'
1118.7476 	EXP 	text: autoDraw = True
1119.2798 	DATA 	Keypress: space
1119.2809 	EXP 	text: autoDraw = False
1119.2890 	EXP 	text: text = 'Total points : 748.4'
1125.2495 	EXP 	text: text = 'Press and hold [SPACE] to report the duration of the stimulus'
1125.2495 	EXP 	text: autoDraw = True
1126.0640 	DATA 	Keypress: space
1126.0651 	EXP 	text: autoDraw = False
1127.0384 	WARNING 	Stopping key buffers but this could be dangerous ifother keyboards rely on the same.
1127.0556 	EXP 	text: text = 'You earned 10.0 out of 10 points in this round.\n\n Press [SPACE] to advance'
1127.0556 	EXP 	text: autoDraw = True
1127.5758 	DATA 	Keypress: space
1127.5768 	EXP 	text: autoDraw = False
1127.5889 	EXP 	text: text = 'Total points : 758.4'
1135.2008 	EXP 	text: text = 'Press and hold [SPACE] to report the duration of the stimulus'
1135.2008 	EXP 	text: autoDraw = True
1136.0000 	DATA 	Keypress: space
1136.0010 	EXP 	text: autoDraw = False
1137.5891 	WARNING 	Stopping key buffers but this could be dangerous ifother keyboards rely on the same.
1137.6056 	EXP 	text: text = 'Total points : 758.4'
1137.6056 	EXP 	text: text = 'Your response exceeded the actual time.\n\n Press [SPACE] to advance'
1137.6056 	EXP 	text: autoDraw = True
1138.2079 	DATA 	Keypress: space
1138.2088 	EXP 	text: autoDraw = False
1145.8483 	EXP 	text: text = 'Press and hold [SPACE] to report the duration of the stimulus'
1145.8483 	EXP 	text: autoDraw = True
1146.4799 	DATA 	Keypress: space
1146.4810 	EXP 	text: autoDraw = False
1147.7724 	WARNING 	Stopping key buffers but this could be dangerous ifother keyboards rely on the same.
1147.8056 	EXP 	text: text = 'You earned 6.0 out of 10 points in this round.\n\n Press [SPACE] to advance'
1147.8056 	EXP 	text: autoDraw = True
1148.4478 	DATA 	Keypress: space
1148.4487 	EXP 	text: autoDraw = False
1148.4556 	EXP 	text: text = 'Total points : 764.4'
1155.2585 	EXP 	text: text = 'Press and hold [SPACE] to report the duration of the stimulus'
1155.2585 	EXP 	text: autoDraw = True
1156.0319 	DATA 	Keypress: space
1156.0330 	EXP 	text: autoDraw = False
1157.0224 	WARNING 	Stopping key buffers but this could be dangerous ifother keyboards rely on the same.
1157.0389 	EXP 	text: text = 'You earned 6.0 out of 10 points in this round.\n\n Press [SPACE] to advance'
1157.0389 	EXP 	text: autoDraw = True
1157.7118 	DATA 	Keypress: space
1157.7128 	EXP 	text: autoDraw = False
1157.7223 	EXP 	text: text = 'Total points : 770.4'
1164.5252 	EXP 	text: text = 'Press and hold [SPACE] to report the duration of the stimulus'
1164.5252 	EXP 	text: autoDraw = True
1165.2480 	DATA 	Keypress: space
1165.2492 	EXP 	text: autoDraw = False
1166.3263 	WARNING 	Stopping key buffers but this could be dangerous ifother keyboards rely on the same.
1166.3395 	EXP 	text: text = 'You earned 7.1 out of 10 points in this round.\n\n Press [SPACE] to advance'
1166.3395 	EXP 	text: autoDraw = True
1166.9758 	DATA 	Keypress: space
1166.9768 	EXP 	text: autoDraw = False
1166.9889 	EXP 	text: text = 'Total points : 777.5'
1173.4002 	EXP 	text: text = 'Press and hold [SPACE] to report the duration of the stimulus'
1173.4002 	EXP 	text: autoDraw = True
1173.9921 	DATA 	Keypress: space
1173.9931 	EXP 	text: autoDraw = False
1174.9984 	WARNING 	Stopping key buffers but this could be dangerous ifother keyboards rely on the same.
1175.0116 	EXP 	text: text = 'You earned 7.9 out of 10 points in this round.\n\n Press [SPACE] to advance'
1175.0116 	EXP 	text: autoDraw = True
1175.5998 	DATA 	Keypress: space
1175.6007 	EXP 	text: autoDraw = False
1175.6060 	EXP 	text: text = 'Total points : 785.4'
1183.0078 	EXP 	text: text = 'Press and hold [SPACE] to report the duration of the stimulus'
1183.0078 	EXP 	text: autoDraw = True
1183.6720 	DATA 	Keypress: space
1183.6730 	EXP 	text: autoDraw = False
1184.9391 	WARNING 	Stopping key buffers but this could be dangerous ifother keyboards rely on the same.
1184.9723 	EXP 	text: text = 'You earned 6.7 out of 10 points in this round.\n\n Press [SPACE] to advance'
1184.9723 	EXP 	text: autoDraw = True
1185.5038 	DATA 	Keypress: space
1185.5047 	EXP 	text: autoDraw = False
1185.5223 	EXP 	text: text = 'Total points : 792.1'
1192.6833 	EXP 	text: text = 'Press and hold [SPACE] to report the duration of the stimulus'
1192.6833 	EXP 	text: autoDraw = True
1193.3039 	DATA 	Keypress: space
1193.3049 	EXP 	text: autoDraw = False
1194.4224 	WARNING 	Stopping key buffers but this could be dangerous ifother keyboards rely on the same.
1194.4388 	EXP 	text: text = 'You earned 6.0 out of 10 points in this round.\n\n Press [SPACE] to advance'
1194.4388 	EXP 	text: autoDraw = True
1194.9359 	DATA 	Keypress: space
1194.9370 	EXP 	text: autoDraw = False
1194.9423 	EXP 	text: text = 'Total points : 798.1'
1202.5491 	EXP 	text: text = 'Press and hold [SPACE] to report the duration of the stimulus'
1202.5491 	EXP 	text: autoDraw = True
1203.2079 	DATA 	Keypress: space
1203.2089 	EXP 	text: autoDraw = False
1204.4891 	WARNING 	Stopping key buffers but this could be dangerous ifother keyboards rely on the same.
1204.5223 	EXP 	text: text = 'You earned 5.9 out of 10 points in this round.\n\n Press [SPACE] to advance'
1204.5223 	EXP 	text: autoDraw = True
1205.0958 	DATA 	Keypress: space
1205.0967 	EXP 	text: autoDraw = False
1205.1057 	EXP 	text: text = 'Total points : 804.0'
1211.5167 	EXP 	text: text = 'Press and hold [SPACE] to report the duration of the stimulus'
1211.5167 	EXP 	text: autoDraw = True
1212.2400 	DATA 	Keypress: space
1212.2411 	EXP 	text: autoDraw = False
1212.9983 	WARNING 	Stopping key buffers but this could be dangerous ifother keyboards rely on the same.
1213.0114 	EXP 	text: text = 'You earned 4.8 out of 10 points in this round.\n\n Press [SPACE] to advance'
1213.0114 	EXP 	text: autoDraw = True
1213.6558 	DATA 	Keypress: space
1213.6567 	EXP 	text: autoDraw = False
1213.6722 	EXP 	text: text = 'Total points : 808.8'
1220.4750 	EXP 	text: text = 'Press and hold [SPACE] to report the duration of the stimulus'
1220.4750 	EXP 	text: autoDraw = True
1221.3200 	DATA 	Keypress: space
1221.3211 	EXP 	text: autoDraw = False
1222.1264 	WARNING 	Stopping key buffers but this could be dangerous ifother keyboards rely on the same.
1222.1395 	EXP 	text: text = 'You earned 4.1 out of 10 points in this round.\n\n Press [SPACE] to advance'
1222.1395 	EXP 	text: autoDraw = True
1222.8159 	DATA 	Keypress: space
1222.8169 	EXP 	text: autoDraw = False
1222.8216 	INFO 	Finishing at 10:48 on 26 Sep 2019
1223.0837 	EXP 	window1: mouseVisible = True
