9.4686 	ERROR 	Screen apparently NOT the desired resolution of 3840x2160 pixels!!
13.9592 	WARNING 	User requested fullscreen with size [3840 2160], but screen is actually [1920, 1080]. Using actual size
14.5472 	INFO 	Successfully set darwin thread to realtime
15.6066 	INFO 	#[ PsychoPy3 RuntimeInfoStart ]
  #[[ PsychoPy ]] #---------
    psychopyVersion: 3.2.3
    psychopyHaveExtRush: True
  #[[ Experiment ]] #---------
    experimentRunTime: 2019_10_09 12:03 (Year_Month_Day Hour:Min)
    experimentRunTime.epoch: 1570637016
    experimentScript: duration_judgments_using_space_bar.py
    experimentScript.digestSHA1: 5e088fecb52f70dc4032971e1f2c46374624cbfa
    experimentScript.directory: /Users/supadhy6/Documents/GitHub/spatio_temporal_information_processing/Time_Subjective_Expansion/Jon_Ian_collaboration
  #[[ System ]] #---------
    systemHaveInternetAccess: True
    systemHostName: pbs-cf-mini1.local
    systemLocale: C
    systemMemFreeRAM: 12120.6796875
    systemMemTotalRAM: 16384.0
    systemPlatform: darwin 10.12.6 x86_64
    systemPyoVersion: -
    systemRebooted: Sep 25 02:06
    systemSec.OpenSSLVersion: OpenSSL 0.9.8zh 14 Jan 2016
    systemSec.pythonSSL: True
    systemTimeNumpySD1000000_sec: 0.0061
    systemUser: supadhy6
    systemUserID: 1903061739
    systemUsersCount: 1
  #[[ Window ]] #---------
    windowWinType: pyglet
    windowUnits: deg
    windowSize_pix: [1920 1080]
    windowScreen: 0
    windowRgb: [255. 255. 255.]
    windowRefreshTimeSD_ms: 0.065
    windowRefreshTimeMedian_ms: 16.677
    windowRefreshTimeAvg_ms: 16.668
    windowPos_pix: [0.0, 0.0]
    windowMonitor.name: testmonitor
    windowMonitor.getWidth_cm: 56.0
    windowMonitor.getDistance_cm: 65.0
    windowMonitor.currentCalibName: 2019_09_24 12:00
    windowIsFullScr: True
  #[[ Python ]] #---------
    pythonVersion: 3.6.1
  #[[ OpenGL ]] #---------
#[ PsychoPy3 RuntimeInfoEnd ]

15.7011 	EXP 	Created text = TextStim(__class__=<class 'psychopy.visual.text.TextStim'>, alignHoriz='center', alignVert='center', antialias=True, autoLog=True, bold=False, color='black', colorSpace='named', contrast=1.0, depth=-1.0, flipHoriz=False, flipVert=False, font='Arial', fontFiles=[], height=0.35, italic=False, languageStyle='LTR', name='text', opacity=1.0, ori=0, pos=array([0., 0.]), rgb=array([0., 0., 0.]), text=str(...), units='deg', win=Window(...), wrapWidth=20)
15.7075 	EXP 	Created text = TextStim(__class__=<class 'psychopy.visual.text.TextStim'>, alignHoriz='center', alignVert='center', antialias=True, autoLog=True, bold=False, color='black', colorSpace='named', contrast=1.0, depth=-1.0, flipHoriz=False, flipVert=False, font='Arial', fontFiles=[], height=0.35, italic=False, languageStyle='LTR', name='text', opacity=1.0, ori=0, pos=array([5., 5.]), rgb=array([0., 0., 0.]), text='Total points : 0', units='deg', win=Window(...), wrapWidth=20)
15.8219 	EXP 	text: text = 'Welcome! Thank you for agreeing to participate in this study.\n\nIn this study, we want to examine your ability to perceive duration — how long something lasts.\n\nThe task is simple. In each trial, you will see a black disc appear on the screen and then disappear. Actually, the disc will appear and disappear three times in each trial, and each time, it will last for the same amount of time. We want you to pay attention to how long the disc lasts. Get a sense of its duration. It is repeated three times in a trial to help you get an accurate sense of its duration.\n\nAfter the third time the disc disappears it will be your turn to report its duration. Press and hold down the spacebar. This will make a disc appear on the screen. Let go of the spacebar when you think your disc has been on the screen as long as the standard disc you saw on that trial. So the point is we want you to reproduce the duration that you experienced. Remember we want to know how long each of the three black discs lasted, not how long they lasted in all together. \n\nPress any key to continue to the next page. \n\n'
15.8219 	EXP 	text: autoDraw = True
45.3875 	DATA 	Keypress: space
45.3886 	EXP 	text: autoDraw = False
45.4670 	EXP 	text: text = "We really want you to be as accurate as you can. So a game will be played to make it more fun. We want you to hold down the space bar for as long as you saw the standard disc last, but no longer! The closer you get to the right answer, the more points we will award you in that trial. But if you go over, your disc will disappear on its own and you won't get any points on that trial. So you need to be as accurate as possible without going over to earn the max. Each trial will be for 10 points. There are about 120 trials. If you collect a total of 650 points by the end, we will double the credit you get for the experiment.\n\nIf you're feeling uncomfortable, you can press ESC key any time to stop the experiment.\n\nPress any key you are ready to do some practice trials.\n\n"
45.4670 	EXP 	text: autoDraw = True
84.9540 	DATA 	Keypress: space
84.9549 	EXP 	text: autoDraw = False
84.9725 	EXP 	text: autoDraw = True
90.3705 	EXP 	text: text = 'Press and hold [SPACE] to report the duration of the stimulus'
90.3705 	EXP 	text: autoDraw = True
92.9459 	DATA 	Keypress: space
92.9470 	EXP 	text: autoDraw = False
93.4083 	WARNING 	Stopping key buffers but this could be dangerous ifother keyboards rely on the same.
93.4225 	EXP 	text: text = 'You earned 5.6 out of 10 points in this round.\n\n Press [SPACE] to advance'
93.4225 	EXP 	text: autoDraw = True
97.2737 	DATA 	Keypress: space
97.2750 	EXP 	text: autoDraw = False
97.2891 	EXP 	text: text = 'Total points : 5.6'
103.1919 	EXP 	text: text = 'Press and hold [SPACE] to report the duration of the stimulus'
103.1919 	EXP 	text: autoDraw = True
104.2899 	DATA 	Keypress: space
104.2910 	EXP 	text: autoDraw = False
104.8483 	WARNING 	Stopping key buffers but this could be dangerous ifother keyboards rely on the same.
104.8631 	EXP 	text: text = 'You earned 4.6 out of 10 points in this round.\n\n Press [SPACE] to advance'
104.8631 	EXP 	text: autoDraw = True
106.1217 	DATA 	Keypress: space
106.1228 	EXP 	text: autoDraw = False
106.1390 	EXP 	text: text = 'Total points : 10.2'
112.9414 	EXP 	text: text = 'Press and hold [SPACE] to report the duration of the stimulus'
112.9414 	EXP 	text: autoDraw = True
113.8981 	DATA 	Keypress: space
113.8992 	EXP 	text: autoDraw = False
114.5392 	WARNING 	Stopping key buffers but this could be dangerous ifother keyboards rely on the same.
114.5724 	EXP 	text: text = 'You earned 2.9 out of 10 points in this round.\n\n Press [SPACE] to advance'
114.5724 	EXP 	text: autoDraw = True
115.5138 	DATA 	Keypress: space
115.5148 	EXP 	text: autoDraw = False
115.5325 	EXP 	text: text = 'Total points : 13.1'
115.5325 	EXP 	text: text = 'Total points : 0'
115.5325 	EXP 	text: text = 'Great! Now press any key to begin the experiment'
115.5325 	EXP 	text: autoDraw = True
121.7538 	DATA 	Keypress: space
121.7548 	EXP 	text: autoDraw = False
127.0744 	EXP 	text: text = 'Press and hold [SPACE] to report the duration of the stimulus'
127.0744 	EXP 	text: autoDraw = True
128.0979 	DATA 	Keypress: space
128.0988 	EXP 	text: autoDraw = False
128.7226 	WARNING 	Stopping key buffers but this could be dangerous ifother keyboards rely on the same.
128.7558 	EXP 	text: text = 'You earned 7.4 out of 10 points in this round.\n\n Press [SPACE] to advance'
128.7558 	EXP 	text: autoDraw = True
131.1458 	DATA 	Keypress: space
131.1469 	EXP 	text: autoDraw = False
131.1558 	EXP 	text: text = 'Total points : 7.4'
136.4578 	EXP 	text: text = 'Press and hold [SPACE] to report the duration of the stimulus'
136.4578 	EXP 	text: autoDraw = True
137.5060 	DATA 	Keypress: space
137.5070 	EXP 	text: autoDraw = False
137.9602 	WARNING 	Stopping key buffers but this could be dangerous ifother keyboards rely on the same.
137.9724 	EXP 	text: text = 'You earned 5.6 out of 10 points in this round.\n\n Press [SPACE] to advance'
137.9724 	EXP 	text: autoDraw = True
139.5058 	DATA 	Keypress: space
139.5068 	EXP 	text: autoDraw = False
139.5224 	EXP 	text: text = 'Total points : 13.0'
145.9333 	EXP 	text: text = 'Press and hold [SPACE] to report the duration of the stimulus'
145.9333 	EXP 	text: autoDraw = True
147.1620 	DATA 	Keypress: space
147.1631 	EXP 	text: autoDraw = False
147.9559 	WARNING 	Stopping key buffers but this could be dangerous ifother keyboards rely on the same.
147.9891 	EXP 	text: text = 'You earned 4.9 out of 10 points in this round.\n\n Press [SPACE] to advance'
147.9891 	EXP 	text: autoDraw = True
149.2737 	DATA 	Keypress: space
149.2746 	EXP 	text: autoDraw = False
149.2891 	EXP 	text: text = 'Total points : 17.9'
155.0414 	EXP 	text: text = 'Press and hold [SPACE] to report the duration of the stimulus'
155.0414 	EXP 	text: autoDraw = True
156.3541 	DATA 	Keypress: space
156.3551 	EXP 	text: autoDraw = False
157.1123 	WARNING 	Stopping key buffers but this could be dangerous ifother keyboards rely on the same.
157.1271 	EXP 	text: text = 'You earned 7.6 out of 10 points in this round.\n\n Press [SPACE] to advance'
157.1271 	EXP 	text: autoDraw = True
158.2418 	DATA 	Keypress: space
158.2429 	EXP 	text: autoDraw = False
158.2558 	EXP 	text: text = 'Total points : 25.5'
164.2162 	EXP 	text: text = 'Press and hold [SPACE] to report the duration of the stimulus'
164.2162 	EXP 	text: autoDraw = True
165.3539 	DATA 	Keypress: space
165.3550 	EXP 	text: autoDraw = False
166.0483 	WARNING 	Stopping key buffers but this could be dangerous ifother keyboards rely on the same.
166.0620 	EXP 	text: text = 'You earned 5.7 out of 10 points in this round.\n\n Press [SPACE] to advance'
166.0620 	EXP 	text: autoDraw = True
166.9618 	DATA 	Keypress: space
166.9627 	EXP 	text: autoDraw = False
166.9724 	EXP 	text: text = 'Total points : 31.2'
173.7755 	EXP 	text: text = 'Press and hold [SPACE] to report the duration of the stimulus'
173.7755 	EXP 	text: autoDraw = True
174.9699 	DATA 	Keypress: space
174.9709 	EXP 	text: autoDraw = False
176.4892 	WARNING 	Stopping key buffers but this could be dangerous ifother keyboards rely on the same.
176.5058 	EXP 	text: text = 'Total points : 31.2'
176.5058 	EXP 	text: text = 'Your response exceeded the actual time.\n\n Press [SPACE] to advance'
176.5058 	EXP 	text: autoDraw = True
178.0897 	DATA 	Keypress: space
178.0907 	EXP 	text: autoDraw = False
184.3247 	EXP 	text: text = 'Press and hold [SPACE] to report the duration of the stimulus'
184.3247 	EXP 	text: autoDraw = True
185.1939 	DATA 	Keypress: space
185.1950 	EXP 	text: autoDraw = False
186.0083 	WARNING 	Stopping key buffers but this could be dangerous ifother keyboards rely on the same.
186.0224 	EXP 	text: text = 'You earned 6.3 out of 10 points in this round.\n\n Press [SPACE] to advance'
186.0224 	EXP 	text: autoDraw = True
186.8257 	DATA 	Keypress: space
186.8266 	EXP 	text: autoDraw = False
186.8919 	EXP 	text: text = 'Total points : 37.5'
193.3003 	EXP 	text: text = 'Press and hold [SPACE] to report the duration of the stimulus'
193.3003 	EXP 	text: autoDraw = True
195.5779 	DATA 	Keypress: space
195.5791 	EXP 	text: autoDraw = False
196.2726 	WARNING 	Stopping key buffers but this could be dangerous ifother keyboards rely on the same.
196.3058 	EXP 	text: text = 'You earned 4.0 out of 10 points in this round.\n\n Press [SPACE] to advance'
196.3058 	EXP 	text: autoDraw = True
197.2417 	DATA 	Keypress: space
197.2428 	EXP 	text: autoDraw = False
197.2558 	EXP 	text: text = 'Total points : 41.5'
204.4163 	EXP 	text: text = 'Press and hold [SPACE] to report the duration of the stimulus'
204.4163 	EXP 	text: autoDraw = True
205.3459 	DATA 	Keypress: space
205.3469 	EXP 	text: autoDraw = False
206.3682 	WARNING 	Stopping key buffers but this could be dangerous ifother keyboards rely on the same.
206.3811 	EXP 	text: text = 'You earned 5.0 out of 10 points in this round.\n\n Press [SPACE] to advance'
206.3811 	EXP 	text: autoDraw = True
207.1777 	DATA 	Keypress: space
207.1786 	EXP 	text: autoDraw = False
207.1891 	EXP 	text: text = 'Total points : 46.5'
213.1501 	EXP 	text: text = 'Press and hold [SPACE] to report the duration of the stimulus'
213.1501 	EXP 	text: autoDraw = True
214.1858 	DATA 	Keypress: space
214.1868 	EXP 	text: autoDraw = False
214.9362 	WARNING 	Stopping key buffers but this could be dangerous ifother keyboards rely on the same.
214.9558 	EXP 	text: text = 'You earned 6.4 out of 10 points in this round.\n\n Press [SPACE] to advance'
214.9558 	EXP 	text: autoDraw = True
215.7697 	DATA 	Keypress: space
215.7708 	EXP 	text: autoDraw = False
215.7759 	EXP 	text: text = 'Total points : 52.9'
223.1753 	EXP 	text: text = 'Press and hold [SPACE] to report the duration of the stimulus'
223.1753 	EXP 	text: autoDraw = True
224.2099 	DATA 	Keypress: space
224.2110 	EXP 	text: autoDraw = False
225.5892 	WARNING 	Stopping key buffers but this could be dangerous ifother keyboards rely on the same.
225.6224 	EXP 	text: text = 'You earned 8.2 out of 10 points in this round.\n\n Press [SPACE] to advance'
225.6224 	EXP 	text: autoDraw = True
226.7618 	DATA 	Keypress: space
226.7629 	EXP 	text: autoDraw = False
226.7724 	EXP 	text: text = 'Total points : 61.1'
232.7333 	EXP 	text: text = 'Press and hold [SPACE] to report the duration of the stimulus'
232.7333 	EXP 	text: autoDraw = True
233.6899 	DATA 	Keypress: space
233.6909 	EXP 	text: autoDraw = False
234.3892 	WARNING 	Stopping key buffers but this could be dangerous ifother keyboards rely on the same.
234.4224 	EXP 	text: text = 'You earned 5.5 out of 10 points in this round.\n\n Press [SPACE] to advance'
234.4224 	EXP 	text: autoDraw = True
235.1858 	DATA 	Keypress: space
235.1868 	EXP 	text: autoDraw = False
235.1919 	EXP 	text: text = 'Total points : 66.6'
241.5997 	EXP 	text: text = 'Press and hold [SPACE] to report the duration of the stimulus'
241.5997 	EXP 	text: autoDraw = True
242.6018 	DATA 	Keypress: space
242.6028 	EXP 	text: autoDraw = False
243.4403 	WARNING 	Stopping key buffers but this could be dangerous ifother keyboards rely on the same.
243.4558 	EXP 	text: text = 'You earned 5.7 out of 10 points in this round.\n\n Press [SPACE] to advance'
243.4558 	EXP 	text: autoDraw = True
244.3057 	DATA 	Keypress: space
244.3068 	EXP 	text: autoDraw = False
244.3224 	EXP 	text: text = 'Total points : 72.3'
249.6239 	EXP 	text: text = 'Press and hold [SPACE] to report the duration of the stimulus'
249.6239 	EXP 	text: autoDraw = True
250.2979 	DATA 	Keypress: space
250.2989 	EXP 	text: autoDraw = False
250.9923 	WARNING 	Stopping key buffers but this could be dangerous ifother keyboards rely on the same.
251.0053 	EXP 	text: text = 'You earned 9.0 out of 10 points in this round.\n\n Press [SPACE] to advance'
251.0053 	EXP 	text: autoDraw = True
252.1297 	DATA 	Keypress: space
252.1308 	EXP 	text: autoDraw = False
252.1391 	EXP 	text: text = 'Total points : 81.3'
257.4412 	EXP 	text: text = 'Press and hold [SPACE] to report the duration of the stimulus'
257.4412 	EXP 	text: autoDraw = True
258.1698 	DATA 	Keypress: space
258.1709 	EXP 	text: autoDraw = False
258.8643 	WARNING 	Stopping key buffers but this could be dangerous ifother keyboards rely on the same.
258.8780 	EXP 	text: text = 'You earned 9.0 out of 10 points in this round.\n\n Press [SPACE] to advance'
258.8780 	EXP 	text: autoDraw = True
259.6498 	DATA 	Keypress: space
259.6508 	EXP 	text: autoDraw = False
259.6560 	EXP 	text: text = 'Total points : 90.3'
265.6165 	EXP 	text: text = 'Press and hold [SPACE] to report the duration of the stimulus'
265.6165 	EXP 	text: autoDraw = True
266.5298 	DATA 	Keypress: space
266.5309 	EXP 	text: autoDraw = False
267.3559 	WARNING 	Stopping key buffers but this could be dangerous ifother keyboards rely on the same.
267.3891 	EXP 	text: text = 'You earned 7.0 out of 10 points in this round.\n\n Press [SPACE] to advance'
267.3891 	EXP 	text: autoDraw = True
268.0577 	DATA 	Keypress: space
268.0586 	EXP 	text: autoDraw = False
268.0725 	EXP 	text: text = 'Total points : 97.3'
274.8744 	EXP 	text: text = 'Press and hold [SPACE] to report the duration of the stimulus'
274.8744 	EXP 	text: autoDraw = True
275.6019 	DATA 	Keypress: space
275.6030 	EXP 	text: autoDraw = False
276.8243 	WARNING 	Stopping key buffers but this could be dangerous ifother keyboards rely on the same.
276.8391 	EXP 	text: text = 'You earned 9.5 out of 10 points in this round.\n\n Press [SPACE] to advance'
276.8391 	EXP 	text: autoDraw = True
277.6098 	DATA 	Keypress: space
277.6109 	EXP 	text: autoDraw = False
277.6224 	EXP 	text: text = 'Total points : 106.8'
284.0330 	EXP 	text: text = 'Press and hold [SPACE] to report the duration of the stimulus'
284.0330 	EXP 	text: autoDraw = True
285.0498 	DATA 	Keypress: space
285.0508 	EXP 	text: autoDraw = False
286.2392 	WARNING 	Stopping key buffers but this could be dangerous ifother keyboards rely on the same.
286.2558 	EXP 	text: text = 'Total points : 106.8'
286.2558 	EXP 	text: text = 'Your response exceeded the actual time.\n\n Press [SPACE] to advance'
286.2558 	EXP 	text: autoDraw = True
287.1297 	DATA 	Keypress: space
287.1306 	EXP 	text: autoDraw = False
294.3168 	EXP 	text: text = 'Press and hold [SPACE] to report the duration of the stimulus'
294.3168 	EXP 	text: autoDraw = True
295.1939 	DATA 	Keypress: space
295.1950 	EXP 	text: autoDraw = False
296.5203 	WARNING 	Stopping key buffers but this could be dangerous ifother keyboards rely on the same.
296.5391 	EXP 	text: text = 'You earned 9.1 out of 10 points in this round.\n\n Press [SPACE] to advance'
296.5391 	EXP 	text: autoDraw = True
297.3458 	DATA 	Keypress: space
297.3468 	EXP 	text: autoDraw = False
297.3558 	EXP 	text: text = 'Total points : 115.9'
304.9668 	EXP 	text: text = 'Press and hold [SPACE] to report the duration of the stimulus'
304.9668 	EXP 	text: autoDraw = True
305.8898 	DATA 	Keypress: space
305.8908 	EXP 	text: autoDraw = False
307.1923 	WARNING 	Stopping key buffers but this could be dangerous ifother keyboards rely on the same.
307.2054 	EXP 	text: text = 'You earned 6.4 out of 10 points in this round.\n\n Press [SPACE] to advance'
307.2054 	EXP 	text: autoDraw = True
307.9537 	DATA 	Keypress: space
307.9548 	EXP 	text: autoDraw = False
307.9724 	EXP 	text: text = 'Total points : 122.3'
313.4837 	EXP 	text: text = 'Press and hold [SPACE] to report the duration of the stimulus'
313.4837 	EXP 	text: autoDraw = True
314.3940 	DATA 	Keypress: space
314.3950 	EXP 	text: autoDraw = False
314.9683 	WARNING 	Stopping key buffers but this could be dangerous ifother keyboards rely on the same.
314.9813 	EXP 	text: text = 'You earned 6.1 out of 10 points in this round.\n\n Press [SPACE] to advance'
314.9813 	EXP 	text: autoDraw = True
315.6498 	DATA 	Keypress: space
315.6507 	EXP 	text: autoDraw = False
315.6558 	EXP 	text: text = 'Total points : 128.4'
320.9582 	EXP 	text: text = 'Press and hold [SPACE] to report the duration of the stimulus'
320.9582 	EXP 	text: autoDraw = True
321.8179 	DATA 	Keypress: space
321.8188 	EXP 	text: autoDraw = False
322.6225 	WARNING 	Stopping key buffers but this could be dangerous ifother keyboards rely on the same.
322.6391 	EXP 	text: text = 'Total points : 128.4'
322.6391 	EXP 	text: text = 'Your response exceeded the actual time.\n\n Press [SPACE] to advance'
322.6391 	EXP 	text: autoDraw = True
323.3057 	DATA 	Keypress: space
323.3067 	EXP 	text: autoDraw = False
329.0916 	EXP 	text: text = 'Press and hold [SPACE] to report the duration of the stimulus'
329.0916 	EXP 	text: autoDraw = True
329.9699 	DATA 	Keypress: space
329.9709 	EXP 	text: autoDraw = False
330.7444 	WARNING 	Stopping key buffers but this could be dangerous ifother keyboards rely on the same.
330.7574 	EXP 	text: text = 'You earned 7.8 out of 10 points in this round.\n\n Press [SPACE] to advance'
330.7574 	EXP 	text: autoDraw = True
331.5218 	DATA 	Keypress: space
331.5228 	EXP 	text: autoDraw = False
331.5391 	EXP 	text: text = 'Total points : 136.2'
337.2918 	EXP 	text: text = 'Press and hold [SPACE] to report the duration of the stimulus'
337.2918 	EXP 	text: autoDraw = True
338.2018 	DATA 	Keypress: space
338.2028 	EXP 	text: autoDraw = False
338.8892 	WARNING 	Stopping key buffers but this could be dangerous ifother keyboards rely on the same.
338.9225 	EXP 	text: text = 'You earned 6.1 out of 10 points in this round.\n\n Press [SPACE] to advance'
338.9225 	EXP 	text: autoDraw = True
339.6658 	DATA 	Keypress: space
339.6669 	EXP 	text: autoDraw = False
339.6721 	EXP 	text: text = 'Total points : 142.3'
345.6333 	EXP 	text: text = 'Press and hold [SPACE] to report the duration of the stimulus'
345.6333 	EXP 	text: autoDraw = True
346.7058 	DATA 	Keypress: space
346.7068 	EXP 	text: autoDraw = False
347.4482 	WARNING 	Stopping key buffers but this could be dangerous ifother keyboards rely on the same.
347.4615 	EXP 	text: text = 'You earned 6.3 out of 10 points in this round.\n\n Press [SPACE] to advance'
347.4615 	EXP 	text: autoDraw = True
348.2097 	DATA 	Keypress: space
348.2108 	EXP 	text: autoDraw = False
348.2224 	EXP 	text: text = 'Total points : 148.6'
354.4245 	EXP 	text: text = 'Press and hold [SPACE] to report the duration of the stimulus'
354.4245 	EXP 	text: autoDraw = True
355.5620 	DATA 	Keypress: space
355.5630 	EXP 	text: autoDraw = False
356.4726 	WARNING 	Stopping key buffers but this could be dangerous ifother keyboards rely on the same.
356.5058 	EXP 	text: text = 'You earned 7.1 out of 10 points in this round.\n\n Press [SPACE] to advance'
356.5058 	EXP 	text: autoDraw = True
357.2498 	DATA 	Keypress: space
357.2507 	EXP 	text: autoDraw = False
357.2560 	EXP 	text: text = 'Total points : 155.7'
362.7667 	EXP 	text: text = 'Press and hold [SPACE] to report the duration of the stimulus'
362.7667 	EXP 	text: autoDraw = True
363.6500 	DATA 	Keypress: space
363.6511 	EXP 	text: autoDraw = False
364.1523 	WARNING 	Stopping key buffers but this could be dangerous ifother keyboards rely on the same.
364.1639 	EXP 	text: text = 'You earned 5.3 out of 10 points in this round.\n\n Press [SPACE] to advance'
364.1639 	EXP 	text: autoDraw = True
365.0657 	DATA 	Keypress: space
365.0666 	EXP 	text: autoDraw = False
365.0722 	EXP 	text: text = 'Total points : 161.0'
370.5831 	EXP 	text: text = 'Press and hold [SPACE] to report the duration of the stimulus'
370.5831 	EXP 	text: autoDraw = True
371.5700 	DATA 	Keypress: space
371.5711 	EXP 	text: autoDraw = False
372.1203 	WARNING 	Stopping key buffers but this could be dangerous ifother keyboards rely on the same.
372.1391 	EXP 	text: text = 'You earned 5.8 out of 10 points in this round.\n\n Press [SPACE] to advance'
372.1391 	EXP 	text: autoDraw = True
372.7778 	DATA 	Keypress: space
372.7788 	EXP 	text: autoDraw = False
372.7891 	EXP 	text: text = 'Total points : 166.8'
380.1915 	EXP 	text: text = 'Press and hold [SPACE] to report the duration of the stimulus'
380.1915 	EXP 	text: autoDraw = True
381.1701 	DATA 	Keypress: space
381.1710 	EXP 	text: autoDraw = False
382.3603 	WARNING 	Stopping key buffers but this could be dangerous ifother keyboards rely on the same.
382.3737 	EXP 	text: text = 'You earned 6.0 out of 10 points in this round.\n\n Press [SPACE] to advance'
382.3737 	EXP 	text: autoDraw = True
382.9938 	DATA 	Keypress: space
382.9948 	EXP 	text: autoDraw = False
383.0057 	EXP 	text: text = 'Total points : 172.8'
389.4169 	EXP 	text: text = 'Press and hold [SPACE] to report the duration of the stimulus'
389.4169 	EXP 	text: autoDraw = True
390.2579 	DATA 	Keypress: space
390.2590 	EXP 	text: autoDraw = False
391.0403 	WARNING 	Stopping key buffers but this could be dangerous ifother keyboards rely on the same.
391.0558 	EXP 	text: text = 'You earned 5.1 out of 10 points in this round.\n\n Press [SPACE] to advance'
391.0558 	EXP 	text: autoDraw = True
391.5938 	DATA 	Keypress: space
391.5947 	EXP 	text: autoDraw = False
391.6057 	EXP 	text: text = 'Total points : 177.9'
397.8080 	EXP 	text: text = 'Press and hold [SPACE] to report the duration of the stimulus'
397.8080 	EXP 	text: autoDraw = True
398.7218 	DATA 	Keypress: space
398.7229 	EXP 	text: autoDraw = False
399.6003 	WARNING 	Stopping key buffers but this could be dangerous ifother keyboards rely on the same.
399.6132 	EXP 	text: text = 'You earned 7.1 out of 10 points in this round.\n\n Press [SPACE] to advance'
399.6132 	EXP 	text: autoDraw = True
400.2017 	DATA 	Keypress: space
400.2026 	EXP 	text: autoDraw = False
400.2081 	EXP 	text: text = 'Total points : 185.0'
406.4082 	EXP 	text: text = 'Press and hold [SPACE] to report the duration of the stimulus'
406.4082 	EXP 	text: autoDraw = True
407.2338 	DATA 	Keypress: space
407.2348 	EXP 	text: autoDraw = False
408.1059 	WARNING 	Stopping key buffers but this could be dangerous ifother keyboards rely on the same.
408.1391 	EXP 	text: text = 'You earned 6.8 out of 10 points in this round.\n\n Press [SPACE] to advance'
408.1391 	EXP 	text: autoDraw = True
408.6578 	DATA 	Keypress: space
408.6589 	EXP 	text: autoDraw = False
408.6724 	EXP 	text: text = 'Total points : 191.8'
415.4748 	EXP 	text: text = 'Press and hold [SPACE] to report the duration of the stimulus'
415.4748 	EXP 	text: autoDraw = True
416.6418 	DATA 	Keypress: space
416.6428 	EXP 	text: autoDraw = False
417.5726 	WARNING 	Stopping key buffers but this could be dangerous ifother keyboards rely on the same.
417.6058 	EXP 	text: text = 'You earned 5.0 out of 10 points in this round.\n\n Press [SPACE] to advance'
417.6058 	EXP 	text: autoDraw = True
418.1698 	DATA 	Keypress: space
418.1709 	EXP 	text: autoDraw = False
418.1761 	EXP 	text: text = 'Total points : 196.8'
423.6998 	EXP 	text: text = 'Press and hold [SPACE] to report the duration of the stimulus'
423.6998 	EXP 	text: autoDraw = True
424.5459 	DATA 	Keypress: space
424.5471 	EXP 	text: autoDraw = False
425.2059 	WARNING 	Stopping key buffers but this could be dangerous ifother keyboards rely on the same.
425.2391 	EXP 	text: text = 'You earned 6.8 out of 10 points in this round.\n\n Press [SPACE] to advance'
425.2391 	EXP 	text: autoDraw = True
425.8417 	DATA 	Keypress: space
425.8427 	EXP 	text: autoDraw = False
425.8558 	EXP 	text: text = 'Total points : 203.6'
431.6081 	EXP 	text: text = 'Press and hold [SPACE] to report the duration of the stimulus'
431.6081 	EXP 	text: autoDraw = True
432.5300 	DATA 	Keypress: space
432.5311 	EXP 	text: autoDraw = False
433.0883 	WARNING 	Stopping key buffers but this could be dangerous ifother keyboards rely on the same.
433.1057 	EXP 	text: text = 'You earned 5.1 out of 10 points in this round.\n\n Press [SPACE] to advance'
433.1057 	EXP 	text: autoDraw = True
433.8417 	DATA 	Keypress: space
433.8427 	EXP 	text: autoDraw = False
433.8557 	EXP 	text: text = 'Total points : 208.7'
440.0582 	EXP 	text: text = 'Press and hold [SPACE] to report the duration of the stimulus'
440.0582 	EXP 	text: autoDraw = True
440.8019 	DATA 	Keypress: space
440.8030 	EXP 	text: autoDraw = False
441.6642 	WARNING 	Stopping key buffers but this could be dangerous ifother keyboards rely on the same.
441.6776 	EXP 	text: text = 'You earned 6.9 out of 10 points in this round.\n\n Press [SPACE] to advance'
441.6776 	EXP 	text: autoDraw = True
442.2019 	DATA 	Keypress: space
442.2028 	EXP 	text: autoDraw = False
442.2080 	EXP 	text: text = 'Total points : 215.6'
447.7160 	EXP 	text: text = 'Press and hold [SPACE] to report the duration of the stimulus'
447.7160 	EXP 	text: autoDraw = True
448.8099 	DATA 	Keypress: space
448.8110 	EXP 	text: autoDraw = False
449.4163 	WARNING 	Stopping key buffers but this could be dangerous ifother keyboards rely on the same.
449.4293 	EXP 	text: text = 'You earned 6.5 out of 10 points in this round.\n\n Press [SPACE] to advance'
449.4293 	EXP 	text: autoDraw = True
450.0977 	DATA 	Keypress: space
450.0988 	EXP 	text: autoDraw = False
450.1057 	EXP 	text: text = 'Total points : 222.1'
457.2665 	EXP 	text: text = 'Press and hold [SPACE] to report the duration of the stimulus'
457.2665 	EXP 	text: autoDraw = True
458.1859 	DATA 	Keypress: space
458.1870 	EXP 	text: autoDraw = False
459.3443 	WARNING 	Stopping key buffers but this could be dangerous ifother keyboards rely on the same.
459.3576 	EXP 	text: text = 'You earned 6.5 out of 10 points in this round.\n\n Press [SPACE] to advance'
459.3576 	EXP 	text: autoDraw = True
460.0178 	DATA 	Keypress: space
460.0187 	EXP 	text: autoDraw = False
460.0239 	EXP 	text: text = 'Total points : 228.6'
467.1830 	EXP 	text: text = 'Press and hold [SPACE] to report the duration of the stimulus'
467.1830 	EXP 	text: autoDraw = True
468.3059 	DATA 	Keypress: space
468.3070 	EXP 	text: autoDraw = False
469.3603 	WARNING 	Stopping key buffers but this could be dangerous ifother keyboards rely on the same.
469.3732 	EXP 	text: text = 'You earned 5.3 out of 10 points in this round.\n\n Press [SPACE] to advance'
469.3732 	EXP 	text: autoDraw = True
469.9537 	DATA 	Keypress: space
469.9547 	EXP 	text: autoDraw = False
469.9599 	EXP 	text: text = 'Total points : 233.9'
477.3578 	EXP 	text: text = 'Press and hold [SPACE] to report the duration of the stimulus'
477.3578 	EXP 	text: autoDraw = True
478.5378 	DATA 	Keypress: space
478.5388 	EXP 	text: autoDraw = False
479.6643 	WARNING 	Stopping key buffers but this could be dangerous ifother keyboards rely on the same.
479.6776 	EXP 	text: text = 'You earned 5.3 out of 10 points in this round.\n\n Press [SPACE] to advance'
479.6776 	EXP 	text: autoDraw = True
480.2418 	DATA 	Keypress: space
480.2428 	EXP 	text: autoDraw = False
480.2558 	EXP 	text: text = 'Total points : 239.2'
487.4155 	EXP 	text: text = 'Press and hold [SPACE] to report the duration of the stimulus'
487.4155 	EXP 	text: autoDraw = True
488.4900 	DATA 	Keypress: space
488.4911 	EXP 	text: autoDraw = False
489.5283 	WARNING 	Stopping key buffers but this could be dangerous ifother keyboards rely on the same.
489.5412 	EXP 	text: text = 'You earned 5.1 out of 10 points in this round.\n\n Press [SPACE] to advance'
489.5412 	EXP 	text: autoDraw = True
490.0978 	DATA 	Keypress: space
490.0988 	EXP 	text: autoDraw = False
490.1057 	EXP 	text: text = 'Total points : 244.3'
495.8578 	EXP 	text: text = 'Press and hold [SPACE] to report the duration of the stimulus'
495.8578 	EXP 	text: autoDraw = True
496.7298 	DATA 	Keypress: space
496.7309 	EXP 	text: autoDraw = False
497.5283 	WARNING 	Stopping key buffers but this could be dangerous ifother keyboards rely on the same.
497.5415 	EXP 	text: text = 'You earned 8.2 out of 10 points in this round.\n\n Press [SPACE] to advance'
497.5415 	EXP 	text: autoDraw = True
498.0818 	DATA 	Keypress: space
498.0829 	EXP 	text: autoDraw = False
498.0891 	EXP 	text: text = 'Total points : 252.5'
503.3918 	EXP 	text: text = 'Press and hold [SPACE] to report the duration of the stimulus'
503.3918 	EXP 	text: autoDraw = True
504.4019 	DATA 	Keypress: space
504.4029 	EXP 	text: autoDraw = False
505.0323 	WARNING 	Stopping key buffers but this could be dangerous ifother keyboards rely on the same.
505.0453 	EXP 	text: text = 'You earned 7.9 out of 10 points in this round.\n\n Press [SPACE] to advance'
505.0453 	EXP 	text: autoDraw = True
505.6257 	DATA 	Keypress: space
505.6267 	EXP 	text: autoDraw = False
505.6391 	EXP 	text: text = 'Total points : 260.4'
511.1497 	EXP 	text: text = 'Press and hold [SPACE] to report the duration of the stimulus'
511.1497 	EXP 	text: autoDraw = True
512.0579 	DATA 	Keypress: space
512.0589 	EXP 	text: autoDraw = False
512.7226 	WARNING 	Stopping key buffers but this could be dangerous ifother keyboards rely on the same.
512.7557 	EXP 	text: text = 'You earned 7.0 out of 10 points in this round.\n\n Press [SPACE] to advance'
512.7557 	EXP 	text: autoDraw = True
513.3617 	DATA 	Keypress: space
513.3628 	EXP 	text: autoDraw = False
513.3724 	EXP 	text: text = 'Total points : 267.4'
520.7745 	EXP 	text: text = 'Press and hold [SPACE] to report the duration of the stimulus'
520.7745 	EXP 	text: autoDraw = True
521.7939 	DATA 	Keypress: space
521.7950 	EXP 	text: autoDraw = False
522.8892 	WARNING 	Stopping key buffers but this could be dangerous ifother keyboards rely on the same.
522.9223 	EXP 	text: text = 'You earned 4.7 out of 10 points in this round.\n\n Press [SPACE] to advance'
522.9223 	EXP 	text: autoDraw = True
523.4737 	DATA 	Keypress: space
523.4747 	EXP 	text: autoDraw = False
523.4891 	EXP 	text: text = 'Total points : 272.1'
529.4503 	EXP 	text: text = 'Press and hold [SPACE] to report the duration of the stimulus'
529.4503 	EXP 	text: autoDraw = True
530.3859 	DATA 	Keypress: space
530.3869 	EXP 	text: autoDraw = False
531.2883 	WARNING 	Stopping key buffers but this could be dangerous ifother keyboards rely on the same.
531.3058 	EXP 	text: text = 'You earned 8.7 out of 10 points in this round.\n\n Press [SPACE] to advance'
531.3058 	EXP 	text: autoDraw = True
531.8338 	DATA 	Keypress: space
531.8348 	EXP 	text: autoDraw = False
531.8406 	EXP 	text: text = 'Total points : 280.8'
539.4496 	EXP 	text: text = 'Press and hold [SPACE] to report the duration of the stimulus'
539.4496 	EXP 	text: autoDraw = True
540.3779 	DATA 	Keypress: space
540.3790 	EXP 	text: autoDraw = False
541.5844 	WARNING 	Stopping key buffers but this could be dangerous ifother keyboards rely on the same.
541.5975 	EXP 	text: text = 'You earned 5.3 out of 10 points in this round.\n\n Press [SPACE] to advance'
541.5975 	EXP 	text: autoDraw = True
542.1218 	DATA 	Keypress: space
542.1228 	EXP 	text: autoDraw = False
542.1391 	EXP 	text: text = 'Total points : 286.1'
549.2996 	EXP 	text: text = 'Press and hold [SPACE] to report the duration of the stimulus'
549.2996 	EXP 	text: autoDraw = True
550.5139 	DATA 	Keypress: space
550.5148 	EXP 	text: autoDraw = False
551.1842 	WARNING 	Stopping key buffers but this could be dangerous ifother keyboards rely on the same.
551.1973 	EXP 	text: text = 'You earned 2.5 out of 10 points in this round.\n\n Press [SPACE] to advance'
551.1973 	EXP 	text: autoDraw = True
551.7218 	DATA 	Keypress: space
551.7228 	EXP 	text: autoDraw = False
551.7392 	EXP 	text: text = 'Total points : 288.6'
559.1420 	EXP 	text: text = 'Press and hold [SPACE] to report the duration of the stimulus'
559.1420 	EXP 	text: autoDraw = True
559.9940 	DATA 	Keypress: space
559.9951 	EXP 	text: autoDraw = False
561.0883 	WARNING 	Stopping key buffers but this could be dangerous ifother keyboards rely on the same.
561.1057 	EXP 	text: text = 'You earned 4.9 out of 10 points in this round.\n\n Press [SPACE] to advance'
561.1057 	EXP 	text: autoDraw = True
561.6258 	DATA 	Keypress: space
561.6268 	EXP 	text: autoDraw = False
561.6389 	EXP 	text: text = 'Total points : 293.5'
567.8413 	EXP 	text: text = 'Press and hold [SPACE] to report the duration of the stimulus'
567.8413 	EXP 	text: autoDraw = True
568.9620 	DATA 	Keypress: space
568.9630 	EXP 	text: autoDraw = False
569.7763 	WARNING 	Stopping key buffers but this could be dangerous ifother keyboards rely on the same.
569.7892 	EXP 	text: text = 'You earned 6.3 out of 10 points in this round.\n\n Press [SPACE] to advance'
569.7892 	EXP 	text: autoDraw = True
570.4017 	DATA 	Keypress: space
570.4028 	EXP 	text: autoDraw = False
570.4080 	EXP 	text: text = 'Total points : 299.8'
577.5664 	EXP 	text: text = 'Press and hold [SPACE] to report the duration of the stimulus'
577.5664 	EXP 	text: autoDraw = True
578.4580 	DATA 	Keypress: space
578.4591 	EXP 	text: autoDraw = False
579.4003 	WARNING 	Stopping key buffers but this could be dangerous ifother keyboards rely on the same.
579.4143 	EXP 	text: text = 'You earned 4.2 out of 10 points in this round.\n\n Press [SPACE] to advance'
579.4143 	EXP 	text: autoDraw = True
579.9618 	DATA 	Keypress: space
579.9627 	EXP 	text: autoDraw = False
579.9724 	EXP 	text: text = 'Total points : 304.0'
587.1330 	EXP 	text: text = 'Press and hold [SPACE] to report the duration of the stimulus'
587.1330 	EXP 	text: autoDraw = True
588.2819 	DATA 	Keypress: space
588.2830 	EXP 	text: autoDraw = False
589.2725 	WARNING 	Stopping key buffers but this could be dangerous ifother keyboards rely on the same.
589.3057 	EXP 	text: text = 'You earned 4.4 out of 10 points in this round.\n\n Press [SPACE] to advance'
589.3057 	EXP 	text: autoDraw = True
589.8259 	DATA 	Keypress: space
589.8270 	EXP 	text: autoDraw = False
589.8391 	EXP 	text: text = 'Total points : 308.4'
597.4495 	EXP 	text: text = 'Press and hold [SPACE] to report the duration of the stimulus'
597.4495 	EXP 	text: autoDraw = True
598.4099 	DATA 	Keypress: space
598.4110 	EXP 	text: autoDraw = False
599.4483 	WARNING 	Stopping key buffers but this could be dangerous ifother keyboards rely on the same.
599.4611 	EXP 	text: text = 'You earned 3.8 out of 10 points in this round.\n\n Press [SPACE] to advance'
599.4611 	EXP 	text: autoDraw = True
600.0497 	DATA 	Keypress: space
600.0508 	EXP 	text: autoDraw = False
600.0560 	EXP 	text: text = 'Total points : 312.2'
606.4670 	EXP 	text: text = 'Press and hold [SPACE] to report the duration of the stimulus'
606.4670 	EXP 	text: autoDraw = True
607.2499 	DATA 	Keypress: space
607.2511 	EXP 	text: autoDraw = False
608.3762 	WARNING 	Stopping key buffers but this could be dangerous ifother keyboards rely on the same.
608.3895 	EXP 	text: text = 'You earned 9.9 out of 10 points in this round.\n\n Press [SPACE] to advance'
608.3895 	EXP 	text: autoDraw = True
610.4337 	DATA 	Keypress: space
610.4348 	EXP 	text: autoDraw = False
610.4400 	EXP 	text: text = 'Total points : 322.1'
618.0497 	EXP 	text: text = 'Press and hold [SPACE] to report the duration of the stimulus'
618.0497 	EXP 	text: autoDraw = True
619.1378 	DATA 	Keypress: space
619.1388 	EXP 	text: autoDraw = False
620.4059 	WARNING 	Stopping key buffers but this could be dangerous ifother keyboards rely on the same.
620.4391 	EXP 	text: text = 'You earned 5.7 out of 10 points in this round.\n\n Press [SPACE] to advance'
620.4391 	EXP 	text: autoDraw = True
621.0497 	DATA 	Keypress: space
621.0509 	EXP 	text: autoDraw = False
621.0562 	EXP 	text: text = 'Total points : 327.8'
626.8079 	EXP 	text: text = 'Press and hold [SPACE] to report the duration of the stimulus'
626.8079 	EXP 	text: autoDraw = True
627.7139 	DATA 	Keypress: space
627.7150 	EXP 	text: autoDraw = False
628.3283 	WARNING 	Stopping key buffers but this could be dangerous ifother keyboards rely on the same.
628.3413 	EXP 	text: text = 'You earned 5.7 out of 10 points in this round.\n\n Press [SPACE] to advance'
628.3413 	EXP 	text: autoDraw = True
628.9857 	DATA 	Keypress: space
628.9866 	EXP 	text: autoDraw = False
628.9921 	EXP 	text: text = 'Total points : 333.5'
635.7912 	EXP 	text: text = 'Press and hold [SPACE] to report the duration of the stimulus'
635.7912 	EXP 	text: autoDraw = True
636.9460 	DATA 	Keypress: space
636.9470 	EXP 	text: autoDraw = False
637.7844 	WARNING 	Stopping key buffers but this could be dangerous ifother keyboards rely on the same.
637.7974 	EXP 	text: text = 'You earned 4.4 out of 10 points in this round.\n\n Press [SPACE] to advance'
637.7974 	EXP 	text: autoDraw = True
638.2658 	DATA 	Keypress: space
638.2667 	EXP 	text: autoDraw = False
638.2720 	EXP 	text: text = 'Total points : 337.9'
644.4749 	EXP 	text: text = 'Press and hold [SPACE] to report the duration of the stimulus'
644.4749 	EXP 	text: autoDraw = True
645.6818 	DATA 	Keypress: space
645.6830 	EXP 	text: autoDraw = False
646.5123 	WARNING 	Stopping key buffers but this could be dangerous ifother keyboards rely on the same.
646.5256 	EXP 	text: text = 'You earned 6.5 out of 10 points in this round.\n\n Press [SPACE] to advance'
646.5256 	EXP 	text: autoDraw = True
647.1138 	DATA 	Keypress: space
647.1147 	EXP 	text: autoDraw = False
647.1224 	EXP 	text: text = 'Total points : 344.4'
654.7334 	EXP 	text: text = 'Press and hold [SPACE] to report the duration of the stimulus'
654.7334 	EXP 	text: autoDraw = True
655.8420 	DATA 	Keypress: space
655.8430 	EXP 	text: autoDraw = False
656.8963 	WARNING 	Stopping key buffers but this could be dangerous ifother keyboards rely on the same.
656.9094 	EXP 	text: text = 'You earned 3.9 out of 10 points in this round.\n\n Press [SPACE] to advance'
656.9094 	EXP 	text: autoDraw = True
657.5458 	DATA 	Keypress: space
657.5468 	EXP 	text: autoDraw = False
657.5557 	EXP 	text: text = 'Total points : 348.3'
663.7584 	EXP 	text: text = 'Press and hold [SPACE] to report the duration of the stimulus'
663.7584 	EXP 	text: autoDraw = True
664.8819 	DATA 	Keypress: space
664.8830 	EXP 	text: autoDraw = False
665.6482 	WARNING 	Stopping key buffers but this could be dangerous ifother keyboards rely on the same.
665.6613 	EXP 	text: text = 'You earned 5.7 out of 10 points in this round.\n\n Press [SPACE] to advance'
665.6613 	EXP 	text: autoDraw = True
666.2178 	DATA 	Keypress: space
666.2188 	EXP 	text: autoDraw = False
666.2243 	EXP 	text: text = 'Total points : 354.0'
672.4245 	EXP 	text: text = 'Press and hold [SPACE] to report the duration of the stimulus'
672.4245 	EXP 	text: autoDraw = True
673.3459 	DATA 	Keypress: space
673.3469 	EXP 	text: autoDraw = False
674.1603 	WARNING 	Stopping key buffers but this could be dangerous ifother keyboards rely on the same.
674.1733 	EXP 	text: text = 'You earned 6.3 out of 10 points in this round.\n\n Press [SPACE] to advance'
674.1733 	EXP 	text: autoDraw = True
674.7137 	DATA 	Keypress: space
674.7147 	EXP 	text: autoDraw = False
674.7224 	EXP 	text: text = 'Total points : 360.3'
680.6828 	EXP 	text: text = 'Press and hold [SPACE] to report the duration of the stimulus'
680.6828 	EXP 	text: autoDraw = True
681.7459 	DATA 	Keypress: space
681.7470 	EXP 	text: autoDraw = False
682.5523 	WARNING 	Stopping key buffers but this could be dangerous ifother keyboards rely on the same.
682.5724 	EXP 	text: text = 'You earned 7.2 out of 10 points in this round.\n\n Press [SPACE] to advance'
682.5724 	EXP 	text: autoDraw = True
683.4339 	DATA 	Keypress: space
683.4349 	EXP 	text: autoDraw = False
683.4410 	EXP 	text: text = 'Total points : 367.5'
690.8412 	EXP 	text: text = 'Press and hold [SPACE] to report the duration of the stimulus'
690.8412 	EXP 	text: autoDraw = True
691.8979 	DATA 	Keypress: space
691.8989 	EXP 	text: autoDraw = False
692.9725 	WARNING 	Stopping key buffers but this could be dangerous ifother keyboards rely on the same.
693.0057 	EXP 	text: text = 'You earned 4.5 out of 10 points in this round.\n\n Press [SPACE] to advance'
693.0057 	EXP 	text: autoDraw = True
693.5538 	DATA 	Keypress: space
693.5549 	EXP 	text: autoDraw = False
693.5724 	EXP 	text: text = 'Total points : 372.0'
699.5331 	EXP 	text: text = 'Press and hold [SPACE] to report the duration of the stimulus'
699.5331 	EXP 	text: autoDraw = True
700.6099 	DATA 	Keypress: space
700.6110 	EXP 	text: autoDraw = False
701.4963 	WARNING 	Stopping key buffers but this could be dangerous ifother keyboards rely on the same.
701.5093 	EXP 	text: text = 'You earned 8.4 out of 10 points in this round.\n\n Press [SPACE] to advance'
701.5093 	EXP 	text: autoDraw = True
702.2978 	DATA 	Keypress: space
702.2988 	EXP 	text: autoDraw = False
702.3058 	EXP 	text: text = 'Total points : 380.4'
709.9164 	EXP 	text: text = 'Press and hold [SPACE] to report the duration of the stimulus'
709.9164 	EXP 	text: autoDraw = True
710.7779 	DATA 	Keypress: space
710.7789 	EXP 	text: autoDraw = False
711.9603 	WARNING 	Stopping key buffers but this could be dangerous ifother keyboards rely on the same.
711.9734 	EXP 	text: text = 'You earned 5.1 out of 10 points in this round.\n\n Press [SPACE] to advance'
711.9734 	EXP 	text: autoDraw = True
712.6578 	DATA 	Keypress: space
712.6588 	EXP 	text: autoDraw = False
712.6724 	EXP 	text: text = 'Total points : 385.5'
720.0749 	EXP 	text: text = 'Press and hold [SPACE] to report the duration of the stimulus'
720.0749 	EXP 	text: autoDraw = True
720.9538 	DATA 	Keypress: space
720.9548 	EXP 	text: autoDraw = False
722.1923 	WARNING 	Stopping key buffers but this could be dangerous ifother keyboards rely on the same.
722.2053 	EXP 	text: text = 'You earned 6.6 out of 10 points in this round.\n\n Press [SPACE] to advance'
722.2053 	EXP 	text: autoDraw = True
722.7698 	DATA 	Keypress: space
722.7708 	EXP 	text: autoDraw = False
722.7766 	EXP 	text: text = 'Total points : 392.1'
728.7500 	EXP 	text: text = 'Press and hold [SPACE] to report the duration of the stimulus'
728.7500 	EXP 	text: autoDraw = True
729.5539 	DATA 	Keypress: space
729.5550 	EXP 	text: autoDraw = False
730.5726 	WARNING 	Stopping key buffers but this could be dangerous ifother keyboards rely on the same.
730.5891 	EXP 	text: text = 'Total points : 392.1'
730.5891 	EXP 	text: text = 'Your response exceeded the actual time.\n\n Press [SPACE] to advance'
730.5891 	EXP 	text: autoDraw = True
731.2500 	DATA 	Keypress: space
731.2509 	EXP 	text: autoDraw = False
737.6833 	EXP 	text: text = 'Press and hold [SPACE] to report the duration of the stimulus'
737.6833 	EXP 	text: autoDraw = True
738.7939 	DATA 	Keypress: space
738.7950 	EXP 	text: autoDraw = False
739.5443 	WARNING 	Stopping key buffers but this could be dangerous ifother keyboards rely on the same.
739.5574 	EXP 	text: text = 'You earned 4.7 out of 10 points in this round.\n\n Press [SPACE] to advance'
739.5574 	EXP 	text: autoDraw = True
740.3857 	DATA 	Keypress: space
740.3868 	EXP 	text: autoDraw = False
740.3920 	EXP 	text: text = 'Total points : 396.8'
747.1914 	EXP 	text: text = 'Press and hold [SPACE] to report the duration of the stimulus'
747.1914 	EXP 	text: autoDraw = True
748.1939 	DATA 	Keypress: space
748.1949 	EXP 	text: autoDraw = False
749.0082 	WARNING 	Stopping key buffers but this could be dangerous ifother keyboards rely on the same.
749.0224 	EXP 	text: text = 'You earned 4.2 out of 10 points in this round.\n\n Press [SPACE] to advance'
749.0224 	EXP 	text: autoDraw = True
749.6337 	DATA 	Keypress: space
749.6346 	EXP 	text: autoDraw = False
749.6410 	EXP 	text: text = 'Total points : 401.0'
757.2508 	EXP 	text: text = 'Press and hold [SPACE] to report the duration of the stimulus'
757.2508 	EXP 	text: autoDraw = True
758.0979 	DATA 	Keypress: space
758.0988 	EXP 	text: autoDraw = False
759.2559 	WARNING 	Stopping key buffers but this could be dangerous ifother keyboards rely on the same.
759.2891 	EXP 	text: text = 'You earned 4.6 out of 10 points in this round.\n\n Press [SPACE] to advance'
759.2891 	EXP 	text: autoDraw = True
759.7858 	DATA 	Keypress: space
759.7869 	EXP 	text: autoDraw = False
759.7921 	EXP 	text: text = 'Total points : 405.6'
766.5917 	EXP 	text: text = 'Press and hold [SPACE] to report the duration of the stimulus'
766.5917 	EXP 	text: autoDraw = True
767.4659 	DATA 	Keypress: space
767.4669 	EXP 	text: autoDraw = False
768.4642 	WARNING 	Stopping key buffers but this could be dangerous ifother keyboards rely on the same.
768.4773 	EXP 	text: text = 'You earned 6.1 out of 10 points in this round.\n\n Press [SPACE] to advance'
768.4773 	EXP 	text: autoDraw = True
769.0978 	DATA 	Keypress: space
769.0989 	EXP 	text: autoDraw = False
769.1058 	EXP 	text: text = 'Total points : 411.7'
775.9078 	EXP 	text: text = 'Press and hold [SPACE] to report the duration of the stimulus'
775.9078 	EXP 	text: autoDraw = True
776.6100 	DATA 	Keypress: space
776.6110 	EXP 	text: autoDraw = False
777.6225 	WARNING 	Stopping key buffers but this could be dangerous ifother keyboards rely on the same.
777.6557 	EXP 	text: text = 'You earned 5.9 out of 10 points in this round.\n\n Press [SPACE] to advance'
777.6557 	EXP 	text: autoDraw = True
778.1618 	DATA 	Keypress: space
778.1627 	EXP 	text: autoDraw = False
778.1724 	EXP 	text: text = 'Total points : 417.6'
783.6834 	EXP 	text: text = 'Press and hold [SPACE] to report the duration of the stimulus'
783.6834 	EXP 	text: autoDraw = True
784.4979 	DATA 	Keypress: space
784.4991 	EXP 	text: autoDraw = False
785.1843 	WARNING 	Stopping key buffers but this could be dangerous ifother keyboards rely on the same.
785.1974 	EXP 	text: text = 'You earned 7.6 out of 10 points in this round.\n\n Press [SPACE] to advance'
785.1974 	EXP 	text: autoDraw = True
785.9457 	DATA 	Keypress: space
785.9467 	EXP 	text: autoDraw = False
785.9558 	EXP 	text: text = 'Total points : 425.2'
791.4664 	EXP 	text: text = 'Press and hold [SPACE] to report the duration of the stimulus'
791.4664 	EXP 	text: autoDraw = True
792.3620 	DATA 	Keypress: space
792.3630 	EXP 	text: autoDraw = False
793.0803 	WARNING 	Stopping key buffers but this could be dangerous ifother keyboards rely on the same.
793.0937 	EXP 	text: text = 'You earned 8.1 out of 10 points in this round.\n\n Press [SPACE] to advance'
793.0937 	EXP 	text: autoDraw = True
793.7537 	DATA 	Keypress: space
793.7548 	EXP 	text: autoDraw = False
793.7724 	EXP 	text: text = 'Total points : 433.3'
799.2835 	EXP 	text: text = 'Press and hold [SPACE] to report the duration of the stimulus'
799.2835 	EXP 	text: autoDraw = True
800.2420 	DATA 	Keypress: space
800.2431 	EXP 	text: autoDraw = False
800.9682 	WARNING 	Stopping key buffers but this could be dangerous ifother keyboards rely on the same.
800.9813 	EXP 	text: text = 'You earned 8.2 out of 10 points in this round.\n\n Press [SPACE] to advance'
800.9813 	EXP 	text: autoDraw = True
801.6338 	DATA 	Keypress: space
801.6348 	EXP 	text: autoDraw = False
801.6400 	EXP 	text: text = 'Total points : 441.5'
809.0413 	EXP 	text: text = 'Press and hold [SPACE] to report the duration of the stimulus'
809.0413 	EXP 	text: autoDraw = True
809.9618 	DATA 	Keypress: space
809.9630 	EXP 	text: autoDraw = False
811.0803 	WARNING 	Stopping key buffers but this could be dangerous ifother keyboards rely on the same.
811.0933 	EXP 	text: text = 'You earned 5.2 out of 10 points in this round.\n\n Press [SPACE] to advance'
811.0933 	EXP 	text: autoDraw = True
811.6337 	DATA 	Keypress: space
811.6348 	EXP 	text: autoDraw = False
811.6402 	EXP 	text: text = 'Total points : 446.7'
818.7998 	EXP 	text: text = 'Press and hold [SPACE] to report the duration of the stimulus'
818.7998 	EXP 	text: autoDraw = True
819.4900 	DATA 	Keypress: space
819.4910 	EXP 	text: autoDraw = False
820.6892 	WARNING 	Stopping key buffers but this could be dangerous ifother keyboards rely on the same.
820.7224 	EXP 	text: text = 'You earned 6.6 out of 10 points in this round.\n\n Press [SPACE] to advance'
820.7224 	EXP 	text: autoDraw = True
821.2579 	DATA 	Keypress: space
821.2588 	EXP 	text: autoDraw = False
821.2724 	EXP 	text: text = 'Total points : 453.3'
828.4333 	EXP 	text: text = 'Press and hold [SPACE] to report the duration of the stimulus'
828.4333 	EXP 	text: autoDraw = True
829.1940 	DATA 	Keypress: space
829.1951 	EXP 	text: autoDraw = False
830.3763 	WARNING 	Stopping key buffers but this could be dangerous ifother keyboards rely on the same.
830.3894 	EXP 	text: text = 'You earned 6.8 out of 10 points in this round.\n\n Press [SPACE] to advance'
830.3894 	EXP 	text: autoDraw = True
830.9538 	DATA 	Keypress: space
830.9549 	EXP 	text: autoDraw = False
830.9725 	EXP 	text: text = 'Total points : 460.1'
836.2754 	EXP 	text: text = 'Press and hold [SPACE] to report the duration of the stimulus'
836.2754 	EXP 	text: autoDraw = True
836.9699 	DATA 	Keypress: space
836.9710 	EXP 	text: autoDraw = False
837.5203 	WARNING 	Stopping key buffers but this could be dangerous ifother keyboards rely on the same.
837.5389 	EXP 	text: text = 'You earned 6.7 out of 10 points in this round.\n\n Press [SPACE] to advance'
837.5389 	EXP 	text: autoDraw = True
838.0658 	DATA 	Keypress: space
838.0668 	EXP 	text: autoDraw = False
838.0721 	EXP 	text: text = 'Total points : 466.8'
845.6837 	EXP 	text: text = 'Press and hold [SPACE] to report the duration of the stimulus'
845.6837 	EXP 	text: autoDraw = True
846.4340 	DATA 	Keypress: space
846.4351 	EXP 	text: autoDraw = False
847.4803 	WARNING 	Stopping key buffers but this could be dangerous ifother keyboards rely on the same.
847.4934 	EXP 	text: text = 'You earned 3.9 out of 10 points in this round.\n\n Press [SPACE] to advance'
847.4934 	EXP 	text: autoDraw = True
848.0337 	DATA 	Keypress: space
848.0348 	EXP 	text: autoDraw = False
848.0399 	EXP 	text: text = 'Total points : 470.7'
854.4507 	EXP 	text: text = 'Press and hold [SPACE] to report the duration of the stimulus'
854.4507 	EXP 	text: autoDraw = True
855.1779 	DATA 	Keypress: space
855.1790 	EXP 	text: autoDraw = False
856.1042 	WARNING 	Stopping key buffers but this could be dangerous ifother keyboards rely on the same.
856.1224 	EXP 	text: text = 'You earned 6.7 out of 10 points in this round.\n\n Press [SPACE] to advance'
856.1224 	EXP 	text: autoDraw = True
856.5457 	DATA 	Keypress: space
856.5467 	EXP 	text: autoDraw = False
856.5557 	EXP 	text: text = 'Total points : 477.4'
862.5162 	EXP 	text: text = 'Press and hold [SPACE] to report the duration of the stimulus'
862.5162 	EXP 	text: autoDraw = True
863.2979 	DATA 	Keypress: space
863.2988 	EXP 	text: autoDraw = False
864.0562 	WARNING 	Stopping key buffers but this could be dangerous ifother keyboards rely on the same.
864.0723 	EXP 	text: text = 'You earned 6.5 out of 10 points in this round.\n\n Press [SPACE] to advance'
864.0723 	EXP 	text: autoDraw = True
864.5938 	DATA 	Keypress: space
864.5948 	EXP 	text: autoDraw = False
864.6058 	EXP 	text: text = 'Total points : 483.9'
872.2166 	EXP 	text: text = 'Press and hold [SPACE] to report the duration of the stimulus'
872.2166 	EXP 	text: autoDraw = True
873.2100 	DATA 	Keypress: space
873.2109 	EXP 	text: autoDraw = False
874.3602 	WARNING 	Stopping key buffers but this could be dangerous ifother keyboards rely on the same.
874.3738 	EXP 	text: text = 'You earned 4.7 out of 10 points in this round.\n\n Press [SPACE] to advance'
874.3738 	EXP 	text: autoDraw = True
874.9297 	DATA 	Keypress: space
874.9308 	EXP 	text: autoDraw = False
874.9391 	EXP 	text: text = 'Total points : 488.6'
882.1003 	EXP 	text: text = 'Press and hold [SPACE] to report the duration of the stimulus'
882.1003 	EXP 	text: autoDraw = True
882.8818 	DATA 	Keypress: space
882.8829 	EXP 	text: autoDraw = False
883.9603 	WARNING 	Stopping key buffers but this could be dangerous ifother keyboards rely on the same.
883.9737 	EXP 	text: text = 'You earned 5.5 out of 10 points in this round.\n\n Press [SPACE] to advance'
883.9737 	EXP 	text: autoDraw = True
884.5378 	DATA 	Keypress: space
884.5389 	EXP 	text: autoDraw = False
884.5558 	EXP 	text: text = 'Total points : 494.1'
890.9664 	EXP 	text: text = 'Press and hold [SPACE] to report the duration of the stimulus'
890.9664 	EXP 	text: autoDraw = True
891.7779 	DATA 	Keypress: space
891.7790 	EXP 	text: autoDraw = False
892.5203 	WARNING 	Stopping key buffers but this could be dangerous ifother keyboards rely on the same.
892.5390 	EXP 	text: text = 'You earned 4.7 out of 10 points in this round.\n\n Press [SPACE] to advance'
892.5390 	EXP 	text: autoDraw = True
893.1859 	DATA 	Keypress: space
893.1869 	EXP 	text: autoDraw = False
893.1921 	EXP 	text: text = 'Total points : 498.8'
900.5908 	EXP 	text: text = 'Press and hold [SPACE] to report the duration of the stimulus'
900.5908 	EXP 	text: autoDraw = True
901.4099 	DATA 	Keypress: space
901.4109 	EXP 	text: autoDraw = False
902.4803 	WARNING 	Stopping key buffers but this could be dangerous ifother keyboards rely on the same.
902.4932 	EXP 	text: text = 'You earned 4.7 out of 10 points in this round.\n\n Press [SPACE] to advance'
902.4932 	EXP 	text: autoDraw = True
903.0897 	DATA 	Keypress: space
903.0908 	EXP 	text: autoDraw = False
903.1057 	EXP 	text: text = 'Total points : 503.5'
908.4083 	EXP 	text: text = 'Press and hold [SPACE] to report the duration of the stimulus'
908.4083 	EXP 	text: autoDraw = True
909.1860 	DATA 	Keypress: space
909.1871 	EXP 	text: autoDraw = False
909.7283 	WARNING 	Stopping key buffers but this could be dangerous ifother keyboards rely on the same.
909.7412 	EXP 	text: text = 'You earned 6.6 out of 10 points in this round.\n\n Press [SPACE] to advance'
909.7412 	EXP 	text: autoDraw = True
910.3297 	DATA 	Keypress: space
910.3308 	EXP 	text: autoDraw = False
910.3391 	EXP 	text: text = 'Total points : 510.1'
915.6414 	EXP 	text: text = 'Press and hold [SPACE] to report the duration of the stimulus'
915.6414 	EXP 	text: autoDraw = True
916.4739 	DATA 	Keypress: space
916.4750 	EXP 	text: autoDraw = False
917.0723 	WARNING 	Stopping key buffers but this could be dangerous ifother keyboards rely on the same.
917.0891 	EXP 	text: text = 'You earned 7.4 out of 10 points in this round.\n\n Press [SPACE] to advance'
917.0891 	EXP 	text: autoDraw = True
917.6498 	DATA 	Keypress: space
917.6507 	EXP 	text: autoDraw = False
917.6559 	EXP 	text: text = 'Total points : 517.5'
925.0585 	EXP 	text: text = 'Press and hold [SPACE] to report the duration of the stimulus'
925.0585 	EXP 	text: autoDraw = True
925.9139 	DATA 	Keypress: space
925.9150 	EXP 	text: autoDraw = False
927.0323 	WARNING 	Stopping key buffers but this could be dangerous ifother keyboards rely on the same.
927.0453 	EXP 	text: text = 'You earned 5.2 out of 10 points in this round.\n\n Press [SPACE] to advance'
927.0453 	EXP 	text: autoDraw = True
927.5377 	DATA 	Keypress: space
927.5388 	EXP 	text: autoDraw = False
927.5558 	EXP 	text: text = 'Total points : 522.7'
932.8580 	EXP 	text: text = 'Press and hold [SPACE] to report the duration of the stimulus'
932.8580 	EXP 	text: autoDraw = True
933.6819 	DATA 	Keypress: space
933.6830 	EXP 	text: autoDraw = False
934.2892 	WARNING 	Stopping key buffers but this could be dangerous ifother keyboards rely on the same.
934.3224 	EXP 	text: text = 'You earned 7.1 out of 10 points in this round.\n\n Press [SPACE] to advance'
934.3224 	EXP 	text: autoDraw = True
934.8417 	DATA 	Keypress: space
934.8427 	EXP 	text: autoDraw = False
934.8558 	EXP 	text: text = 'Total points : 529.8'
940.6083 	EXP 	text: text = 'Press and hold [SPACE] to report the duration of the stimulus'
940.6083 	EXP 	text: autoDraw = True
941.4580 	DATA 	Keypress: space
941.4591 	EXP 	text: autoDraw = False
942.0963 	WARNING 	Stopping key buffers but this could be dangerous ifother keyboards rely on the same.
942.1093 	EXP 	text: text = 'You earned 5.9 out of 10 points in this round.\n\n Press [SPACE] to advance'
942.1093 	EXP 	text: autoDraw = True
942.6257 	DATA 	Keypress: space
942.6267 	EXP 	text: autoDraw = False
942.6391 	EXP 	text: text = 'Total points : 535.7'
948.8416 	EXP 	text: text = 'Press and hold [SPACE] to report the duration of the stimulus'
948.8416 	EXP 	text: autoDraw = True
949.7541 	DATA 	Keypress: space
949.7550 	EXP 	text: autoDraw = False
950.5924 	WARNING 	Stopping key buffers but this could be dangerous ifother keyboards rely on the same.
950.6053 	EXP 	text: text = 'You earned 6.6 out of 10 points in this round.\n\n Press [SPACE] to advance'
950.6053 	EXP 	text: autoDraw = True
951.1697 	DATA 	Keypress: space
951.1706 	EXP 	text: autoDraw = False
951.1759 	EXP 	text: text = 'Total points : 542.3'
957.9738 	EXP 	text: text = 'Press and hold [SPACE] to report the duration of the stimulus'
957.9738 	EXP 	text: autoDraw = True
958.8179 	DATA 	Keypress: space
958.8189 	EXP 	text: autoDraw = False
959.7203 	WARNING 	Stopping key buffers but this could be dangerous ifother keyboards rely on the same.
959.7390 	EXP 	text: text = 'You earned 5.0 out of 10 points in this round.\n\n Press [SPACE] to advance'
959.7390 	EXP 	text: autoDraw = True
960.1857 	DATA 	Keypress: space
960.1867 	EXP 	text: autoDraw = False
960.1921 	EXP 	text: text = 'Total points : 547.3'
967.7997 	EXP 	text: text = 'Press and hold [SPACE] to report the duration of the stimulus'
967.7997 	EXP 	text: autoDraw = True
968.4659 	DATA 	Keypress: space
968.4670 	EXP 	text: autoDraw = False
969.7203 	WARNING 	Stopping key buffers but this could be dangerous ifother keyboards rely on the same.
969.7391 	EXP 	text: text = 'You earned 5.8 out of 10 points in this round.\n\n Press [SPACE] to advance'
969.7391 	EXP 	text: autoDraw = True
970.3297 	DATA 	Keypress: space
970.3307 	EXP 	text: autoDraw = False
970.3391 	EXP 	text: text = 'Total points : 553.1'
977.7420 	EXP 	text: text = 'Press and hold [SPACE] to report the duration of the stimulus'
977.7420 	EXP 	text: autoDraw = True
978.3380 	DATA 	Keypress: space
978.3391 	EXP 	text: autoDraw = False
979.4003 	WARNING 	Stopping key buffers but this could be dangerous ifother keyboards rely on the same.
979.4133 	EXP 	text: text = 'You earned 4.6 out of 10 points in this round.\n\n Press [SPACE] to advance'
979.4133 	EXP 	text: autoDraw = True
979.9298 	DATA 	Keypress: space
979.9307 	EXP 	text: autoDraw = False
979.9391 	EXP 	text: text = 'Total points : 557.7'
986.1416 	EXP 	text: text = 'Press and hold [SPACE] to report the duration of the stimulus'
986.1416 	EXP 	text: autoDraw = True
986.8339 	DATA 	Keypress: space
986.8349 	EXP 	text: autoDraw = False
987.7726 	WARNING 	Stopping key buffers but this could be dangerous ifother keyboards rely on the same.
987.8057 	EXP 	text: text = 'You earned 7.7 out of 10 points in this round.\n\n Press [SPACE] to advance'
987.8057 	EXP 	text: autoDraw = True
988.1858 	DATA 	Keypress: space
988.1869 	EXP 	text: autoDraw = False
988.1921 	EXP 	text: text = 'Total points : 565.4'
994.9912 	EXP 	text: text = 'Press and hold [SPACE] to report the duration of the stimulus'
994.9912 	EXP 	text: autoDraw = True
995.8499 	DATA 	Keypress: space
995.8509 	EXP 	text: autoDraw = False
996.9203 	WARNING 	Stopping key buffers but this could be dangerous ifother keyboards rely on the same.
996.9391 	EXP 	text: text = 'You earned 7.0 out of 10 points in this round.\n\n Press [SPACE] to advance'
996.9391 	EXP 	text: autoDraw = True
997.5057 	DATA 	Keypress: space
997.5067 	EXP 	text: autoDraw = False
997.5224 	EXP 	text: text = 'Total points : 572.4'
1003.9331 	EXP 	text: text = 'Press and hold [SPACE] to report the duration of the stimulus'
1003.9331 	EXP 	text: autoDraw = True
1004.7780 	DATA 	Keypress: space
1004.7791 	EXP 	text: autoDraw = False
1005.8003 	WARNING 	Stopping key buffers but this could be dangerous ifother keyboards rely on the same.
1005.8142 	EXP 	text: text = 'You earned 8.2 out of 10 points in this round.\n\n Press [SPACE] to advance'
1005.8142 	EXP 	text: autoDraw = True
1006.4978 	DATA 	Keypress: space
1006.4988 	EXP 	text: autoDraw = False
1006.5058 	EXP 	text: text = 'Total points : 580.6'
1012.4661 	EXP 	text: text = 'Press and hold [SPACE] to report the duration of the stimulus'
1012.4661 	EXP 	text: autoDraw = True
1013.2819 	DATA 	Keypress: space
1013.2830 	EXP 	text: autoDraw = False
1014.0403 	WARNING 	Stopping key buffers but this could be dangerous ifother keyboards rely on the same.
1014.0557 	EXP 	text: text = 'You earned 6.5 out of 10 points in this round.\n\n Press [SPACE] to advance'
1014.0557 	EXP 	text: autoDraw = True
1014.6897 	DATA 	Keypress: space
1014.6908 	EXP 	text: autoDraw = False
1014.7057 	EXP 	text: text = 'Total points : 587.1'
1020.9083 	EXP 	text: text = 'Press and hold [SPACE] to report the duration of the stimulus'
1020.9083 	EXP 	text: autoDraw = True
1022.0499 	DATA 	Keypress: space
1022.0509 	EXP 	text: autoDraw = False
1023.1392 	WARNING 	Stopping key buffers but this could be dangerous ifother keyboards rely on the same.
1023.1558 	EXP 	text: text = 'Total points : 587.1'
1023.1558 	EXP 	text: text = 'Your response exceeded the actual time.\n\n Press [SPACE] to advance'
1023.1558 	EXP 	text: autoDraw = True
1023.7460 	DATA 	Keypress: space
1023.7470 	EXP 	text: autoDraw = False
1030.5744 	EXP 	text: text = 'Press and hold [SPACE] to report the duration of the stimulus'
1030.5744 	EXP 	text: autoDraw = True
1031.1379 	DATA 	Keypress: space
1031.1389 	EXP 	text: autoDraw = False
1031.9283 	WARNING 	Stopping key buffers but this could be dangerous ifother keyboards rely on the same.
1031.9414 	EXP 	text: text = 'You earned 4.0 out of 10 points in this round.\n\n Press [SPACE] to advance'
1031.9414 	EXP 	text: autoDraw = True
1032.5857 	DATA 	Keypress: space
1032.5867 	EXP 	text: autoDraw = False
1032.5920 	EXP 	text: text = 'Total points : 591.1'
1038.5498 	EXP 	text: text = 'Press and hold [SPACE] to report the duration of the stimulus'
1038.5498 	EXP 	text: autoDraw = True
1039.3619 	DATA 	Keypress: space
1039.3630 	EXP 	text: autoDraw = False
1040.2403 	WARNING 	Stopping key buffers but this could be dangerous ifother keyboards rely on the same.
1040.2557 	EXP 	text: text = 'You earned 8.3 out of 10 points in this round.\n\n Press [SPACE] to advance'
1040.2557 	EXP 	text: autoDraw = True
1040.9938 	DATA 	Keypress: space
1040.9947 	EXP 	text: autoDraw = False
1041.0058 	EXP 	text: text = 'Total points : 599.4'
1048.6164 	EXP 	text: text = 'Press and hold [SPACE] to report the duration of the stimulus'
1048.6164 	EXP 	text: autoDraw = True
1049.5219 	DATA 	Keypress: space
1049.5230 	EXP 	text: autoDraw = False
1050.6883 	WARNING 	Stopping key buffers but this could be dangerous ifother keyboards rely on the same.
1050.7058 	EXP 	text: text = 'You earned 4.9 out of 10 points in this round.\n\n Press [SPACE] to advance'
1050.7058 	EXP 	text: autoDraw = True
1051.2658 	DATA 	Keypress: space
1051.2669 	EXP 	text: autoDraw = False
1051.2720 	EXP 	text: text = 'Total points : 604.3'
1056.7838 	EXP 	text: text = 'Press and hold [SPACE] to report the duration of the stimulus'
1056.7838 	EXP 	text: autoDraw = True
1057.7138 	DATA 	Keypress: space
1057.7148 	EXP 	text: autoDraw = False
1058.3283 	WARNING 	Stopping key buffers but this could be dangerous ifother keyboards rely on the same.
1058.3416 	EXP 	text: text = 'You earned 6.6 out of 10 points in this round.\n\n Press [SPACE] to advance'
1058.3416 	EXP 	text: autoDraw = True
1058.9778 	DATA 	Keypress: space
1058.9788 	EXP 	text: autoDraw = False
1058.9891 	EXP 	text: text = 'Total points : 610.9'
1065.3990 	EXP 	text: text = 'Press and hold [SPACE] to report the duration of the stimulus'
1065.3990 	EXP 	text: autoDraw = True
1066.2338 	DATA 	Keypress: space
1066.2349 	EXP 	text: autoDraw = False
1066.9204 	WARNING 	Stopping key buffers but this could be dangerous ifother keyboards rely on the same.
1066.9391 	EXP 	text: text = 'You earned 4.2 out of 10 points in this round.\n\n Press [SPACE] to advance'
1066.9391 	EXP 	text: autoDraw = True
1067.5778 	DATA 	Keypress: space
1067.5788 	EXP 	text: autoDraw = False
1067.5891 	EXP 	text: text = 'Total points : 615.1'
1072.8915 	EXP 	text: text = 'Press and hold [SPACE] to report the duration of the stimulus'
1072.8915 	EXP 	text: autoDraw = True
1073.7938 	DATA 	Keypress: space
1073.7949 	EXP 	text: autoDraw = False
1074.5226 	WARNING 	Stopping key buffers but this could be dangerous ifother keyboards rely on the same.
1074.5558 	EXP 	text: text = 'You earned 9.1 out of 10 points in this round.\n\n Press [SPACE] to advance'
1074.5558 	EXP 	text: autoDraw = True
1075.2819 	DATA 	Keypress: space
1075.2829 	EXP 	text: autoDraw = False
1075.2891 	EXP 	text: text = 'Total points : 624.2'
1081.0411 	EXP 	text: text = 'Press and hold [SPACE] to report the duration of the stimulus'
1081.0411 	EXP 	text: autoDraw = True
1081.8739 	DATA 	Keypress: space
1081.8750 	EXP 	text: autoDraw = False
1082.6563 	WARNING 	Stopping key buffers but this could be dangerous ifother keyboards rely on the same.
1082.6724 	EXP 	text: text = 'You earned 7.9 out of 10 points in this round.\n\n Press [SPACE] to advance'
1082.6724 	EXP 	text: autoDraw = True
1083.5138 	DATA 	Keypress: space
1083.5149 	EXP 	text: autoDraw = False
1083.5224 	EXP 	text: text = 'Total points : 632.1'
1090.3238 	EXP 	text: text = 'Press and hold [SPACE] to report the duration of the stimulus'
1090.3238 	EXP 	text: autoDraw = True
1091.4179 	DATA 	Keypress: space
1091.4189 	EXP 	text: autoDraw = False
1092.6059 	WARNING 	Stopping key buffers but this could be dangerous ifother keyboards rely on the same.
1092.6391 	EXP 	text: text = 'You earned 8.4 out of 10 points in this round.\n\n Press [SPACE] to advance'
1092.6391 	EXP 	text: autoDraw = True
1093.3378 	DATA 	Keypress: space
1093.3387 	EXP 	text: autoDraw = False
1093.3557 	EXP 	text: text = 'Total points : 640.5'
1098.8664 	EXP 	text: text = 'Press and hold [SPACE] to report the duration of the stimulus'
1098.8664 	EXP 	text: autoDraw = True
1099.6578 	DATA 	Keypress: space
1099.6588 	EXP 	text: autoDraw = False
1100.3043 	WARNING 	Stopping key buffers but this could be dangerous ifother keyboards rely on the same.
1100.3224 	EXP 	text: text = 'You earned 7.0 out of 10 points in this round.\n\n Press [SPACE] to advance'
1100.3224 	EXP 	text: autoDraw = True
1100.8817 	DATA 	Keypress: space
1100.8827 	EXP 	text: autoDraw = False
1100.8891 	EXP 	text: text = 'Total points : 647.5'
1106.1921 	EXP 	text: text = 'Press and hold [SPACE] to report the duration of the stimulus'
1106.1921 	EXP 	text: autoDraw = True
1106.8499 	DATA 	Keypress: space
1106.8509 	EXP 	text: autoDraw = False
1107.4803 	WARNING 	Stopping key buffers but this could be dangerous ifother keyboards rely on the same.
1107.4932 	EXP 	text: text = 'You earned 7.9 out of 10 points in this round.\n\n Press [SPACE] to advance'
1107.4932 	EXP 	text: autoDraw = True
1108.1058 	DATA 	Keypress: space
1108.1069 	EXP 	text: autoDraw = False
1108.1224 	EXP 	text: text = 'Total points : 655.4'
1113.8744 	EXP 	text: text = 'Press and hold [SPACE] to report the duration of the stimulus'
1113.8744 	EXP 	text: autoDraw = True
1114.6658 	DATA 	Keypress: space
1114.6668 	EXP 	text: autoDraw = False
1115.4726 	WARNING 	Stopping key buffers but this could be dangerous ifother keyboards rely on the same.
1115.5058 	EXP 	text: text = 'You earned 7.8 out of 10 points in this round.\n\n Press [SPACE] to advance'
1115.5058 	EXP 	text: autoDraw = True
1116.2257 	DATA 	Keypress: space
1116.2267 	EXP 	text: autoDraw = False
1116.2391 	EXP 	text: text = 'Total points : 663.2'
1123.6417 	EXP 	text: text = 'Press and hold [SPACE] to report the duration of the stimulus'
1123.6417 	EXP 	text: autoDraw = True
1124.2340 	DATA 	Keypress: space
1124.2351 	EXP 	text: autoDraw = False
1125.4323 	WARNING 	Stopping key buffers but this could be dangerous ifother keyboards rely on the same.
1125.4452 	EXP 	text: text = 'You earned 6.1 out of 10 points in this round.\n\n Press [SPACE] to advance'
1125.4452 	EXP 	text: autoDraw = True
1125.9138 	DATA 	Keypress: space
1125.9149 	EXP 	text: autoDraw = False
1125.9224 	EXP 	text: text = 'Total points : 669.3'
1133.0833 	EXP 	text: text = 'Press and hold [SPACE] to report the duration of the stimulus'
1133.0833 	EXP 	text: autoDraw = True
1133.8261 	DATA 	Keypress: space
1133.8271 	EXP 	text: autoDraw = False
1134.8725 	WARNING 	Stopping key buffers but this could be dangerous ifother keyboards rely on the same.
1134.9058 	EXP 	text: text = 'You earned 5.0 out of 10 points in this round.\n\n Press [SPACE] to advance'
1134.9058 	EXP 	text: autoDraw = True
1135.3777 	DATA 	Keypress: space
1135.3787 	EXP 	text: autoDraw = False
1135.3891 	EXP 	text: text = 'Total points : 674.3'
1141.7996 	EXP 	text: text = 'Press and hold [SPACE] to report the duration of the stimulus'
1141.7996 	EXP 	text: autoDraw = True
1142.3779 	DATA 	Keypress: space
1142.3791 	EXP 	text: autoDraw = False
1143.2722 	WARNING 	Stopping key buffers but this could be dangerous ifother keyboards rely on the same.
1143.2891 	EXP 	text: text = 'You earned 6.3 out of 10 points in this round.\n\n Press [SPACE] to advance'
1143.2891 	EXP 	text: autoDraw = True
1143.8578 	DATA 	Keypress: space
1143.8587 	EXP 	text: autoDraw = False
1143.8724 	EXP 	text: text = 'Total points : 680.6'
1149.3829 	EXP 	text: text = 'Press and hold [SPACE] to report the duration of the stimulus'
1149.3829 	EXP 	text: autoDraw = True
1150.1379 	DATA 	Keypress: space
1150.1389 	EXP 	text: autoDraw = False
1150.8226 	WARNING 	Stopping key buffers but this could be dangerous ifother keyboards rely on the same.
1150.8558 	EXP 	text: text = 'You earned 7.1 out of 10 points in this round.\n\n Press [SPACE] to advance'
1150.8558 	EXP 	text: autoDraw = True
1151.4177 	DATA 	Keypress: space
1151.4187 	EXP 	text: autoDraw = False
1151.4239 	EXP 	text: text = 'Total points : 687.7'
1157.1765 	EXP 	text: text = 'Press and hold [SPACE] to report the duration of the stimulus'
1157.1765 	EXP 	text: autoDraw = True
1157.9300 	DATA 	Keypress: space
1157.9310 	EXP 	text: autoDraw = False
1158.6563 	WARNING 	Stopping key buffers but this could be dangerous ifother keyboards rely on the same.
1158.6724 	EXP 	text: text = 'You earned 7.1 out of 10 points in this round.\n\n Press [SPACE] to advance'
1158.6724 	EXP 	text: autoDraw = True
1159.1858 	DATA 	Keypress: space
1159.1867 	EXP 	text: autoDraw = False
1159.1919 	EXP 	text: text = 'Total points : 694.8'
1164.9420 	EXP 	text: text = 'Press and hold [SPACE] to report the duration of the stimulus'
1164.9420 	EXP 	text: autoDraw = True
1165.6979 	DATA 	Keypress: space
1165.6989 	EXP 	text: autoDraw = False
1166.4392 	WARNING 	Stopping key buffers but this could be dangerous ifother keyboards rely on the same.
1166.4724 	EXP 	text: text = 'You earned 7.0 out of 10 points in this round.\n\n Press [SPACE] to advance'
1166.4724 	EXP 	text: autoDraw = True
1166.9537 	DATA 	Keypress: space
1166.9546 	EXP 	text: autoDraw = False
1166.9599 	EXP 	text: text = 'Total points : 701.8'
1174.5837 	EXP 	text: text = 'Press and hold [SPACE] to report the duration of the stimulus'
1174.5837 	EXP 	text: autoDraw = True
1175.3619 	DATA 	Keypress: space
1175.3630 	EXP 	text: autoDraw = False
1176.6392 	WARNING 	Stopping key buffers but this could be dangerous ifother keyboards rely on the same.
1176.6724 	EXP 	text: text = 'You earned 5.7 out of 10 points in this round.\n\n Press [SPACE] to advance'
1176.6724 	EXP 	text: autoDraw = True
1177.2579 	DATA 	Keypress: space
1177.2589 	EXP 	text: autoDraw = False
1177.2724 	EXP 	text: text = 'Total points : 707.5'
1183.0237 	EXP 	text: text = 'Press and hold [SPACE] to report the duration of the stimulus'
1183.0237 	EXP 	text: autoDraw = True
1183.7620 	DATA 	Keypress: space
1183.7629 	EXP 	text: autoDraw = False
1184.5363 	WARNING 	Stopping key buffers but this could be dangerous ifother keyboards rely on the same.
1184.5558 	EXP 	text: text = 'You earned 7.8 out of 10 points in this round.\n\n Press [SPACE] to advance'
1184.5558 	EXP 	text: autoDraw = True
1185.0739 	DATA 	Keypress: space
1185.0749 	EXP 	text: autoDraw = False
1185.0891 	EXP 	text: text = 'Total points : 715.3'
1191.8915 	EXP 	text: text = 'Press and hold [SPACE] to report the duration of the stimulus'
1191.8915 	EXP 	text: autoDraw = True
1192.4740 	DATA 	Keypress: space
1192.4751 	EXP 	text: autoDraw = False
1193.3043 	WARNING 	Stopping key buffers but this could be dangerous ifother keyboards rely on the same.
1193.3224 	EXP 	text: text = 'You earned 4.3 out of 10 points in this round.\n\n Press [SPACE] to advance'
1193.3224 	EXP 	text: autoDraw = True
1193.8578 	DATA 	Keypress: space
1193.8587 	EXP 	text: autoDraw = False
1193.8633 	INFO 	Finishing at 12:23 on 09 Oct 2019
1194.1254 	EXP 	window1: mouseVisible = True
