13.3241 	ERROR 	Screen apparently NOT the desired resolution of 3840x2160 pixels!!
21.0758 	WARNING 	User requested fullscreen with size [3840 2160], but screen is actually [1920, 1080]. Using actual size
21.6730 	INFO 	Successfully set darwin thread to realtime
22.7292 	INFO 	#[ PsychoPy3 RuntimeInfoStart ]
  #[[ PsychoPy ]] #---------
    psychopyVersion: 3.2.3
    psychopyHaveExtRush: True
  #[[ Experiment ]] #---------
    experimentRunTime: 2019_09_26 09:36 (Year_Month_Day Hour:Min)
    experimentRunTime.epoch: 1569505014
    experimentScript: duration_judgments_using_space_bar.py
    experimentScript.digestSHA1: ead666b2086157db92d78c27bc2c6c75df3e20e5
    experimentScript.directory: /Users/supadhy6/Documents/GitHub/spatio_temporal_information_processing/Time_Subjective_Expansion/Jon_Ian_collaboration
  #[[ System ]] #---------
    systemHaveInternetAccess: True
    systemHostName: pbs-cf-mini1.local
    systemLocale: C
    systemMemFreeRAM: 12231.87890625
    systemMemTotalRAM: 16384.0
    systemPlatform: darwin 10.12.6 x86_64
    systemPyoVersion: -
    systemRebooted: Sep 25 02:06
    systemSec.OpenSSLVersion: OpenSSL 0.9.8zh 14 Jan 2016
    systemSec.pythonSSL: True
    systemTimeNumpySD1000000_sec: 0.0061
    systemUser: supadhy6
    systemUserID: 1903061739
    systemUsersCount: 1
  #[[ Window ]] #---------
    windowWinType: pyglet
    windowUnits: deg
    windowSize_pix: [1920 1080]
    windowScreen: 0
    windowRgb: [255. 255. 255.]
    windowRefreshTimeSD_ms: 0.075
    windowRefreshTimeMedian_ms: 16.661
    windowRefreshTimeAvg_ms: 16.665
    windowPos_pix: [0.0, 0.0]
    windowMonitor.name: testmonitor
    windowMonitor.getWidth_cm: 56.0
    windowMonitor.getDistance_cm: 65.0
    windowMonitor.currentCalibName: 2019_09_24 12:00
    windowIsFullScr: True
  #[[ Python ]] #---------
    pythonVersion: 3.6.1
  #[[ OpenGL ]] #---------
#[ PsychoPy3 RuntimeInfoEnd ]

22.8358 	EXP 	Created text = TextStim(__class__=<class 'psychopy.visual.text.TextStim'>, alignHoriz='center', alignVert='center', antialias=True, autoLog=True, bold=False, color='black', colorSpace='named', contrast=1.0, depth=-1.0, flipHoriz=False, flipVert=False, font='Arial', fontFiles=[], height=0.35, italic=False, languageStyle='LTR', name='text', opacity=1.0, ori=0, pos=array([0., 0.]), rgb=array([0., 0., 0.]), text=str(...), units='deg', win=Window(...), wrapWidth=20)
22.8429 	EXP 	Created text = TextStim(__class__=<class 'psychopy.visual.text.TextStim'>, alignHoriz='center', alignVert='center', antialias=True, autoLog=True, bold=False, color='black', colorSpace='named', contrast=1.0, depth=-1.0, flipHoriz=False, flipVert=False, font='Arial', fontFiles=[], height=0.35, italic=False, languageStyle='LTR', name='text', opacity=1.0, ori=0, pos=array([5., 5.]), rgb=array([0., 0., 0.]), text='Total points : 0', units='deg', win=Window(...), wrapWidth=20)
22.9674 	EXP 	text: text = 'Welcome! Thank you for agreeing to participate in this study.\n\nIn this study, we want to examine your ability to perceive duration — how long something lasts.\n\nThe task is simple. In each trial, you will see a black disc appear on the screen and then disappear. Actually, the disc will appear and disappear three times in each trial, and each time, it will last for the same amount of time. We want you to pay attention to how long the disc lasts. Get a sense of its duration. It is repeated three times in a trial to help you get an accurate sense of its duration.\n\nAfter the third time the disc disappears it will be your turn to report its duration. Press and hold down the spacebar. This will make a disc appear on the screen. Let go of the spacebar when you think your disc has been on the screen as long as the standard disc you saw on that trial. So the point is we want you to reproduce the duration that you experienced. Remember we want to know how long each of the three black discs lasted, not how long they lasted in all together. \n\nPress any key to continue to the next page. \n\n'
22.9674 	EXP 	text: autoDraw = True
40.8008 	DATA 	Keypress: space
40.8015 	EXP 	text: autoDraw = False
40.8800 	EXP 	text: text = "We really want you to be as accurate as you can. So a game will be played to make it more fun. We want you to hold down the space bar for as long as you saw the standard disc last, but no longer! The closer you get to the right answer, the more points we will award you in that trial. But if you go over, your disc will disappear on its own and you won't get any points on that trial. So you need to be as accurate as possible without going over to earn the max. Each trial will be for 10 points. There are about 120 trials. If you collect a total of 650 points by the end, we will double the credit you get for the experiment.\n\nIf you're feeling uncomfortable, you can press ESC key any time to stop the experiment.\n\nPress any key you are ready to do some practice trials.\n\n"
40.8800 	EXP 	text: autoDraw = True
58.2235 	DATA 	Keypress: space
58.2244 	EXP 	text: autoDraw = False
58.2283 	EXP 	text: autoDraw = True
60.8313 	DATA 	Keypress: space
61.5668 	DATA 	Keypress: space
63.6286 	EXP 	text: text = 'Press and hold [SPACE] to report the duration of the stimulus'
63.6286 	EXP 	text: autoDraw = True
80.9193 	DATA 	Keypress: space
80.9205 	EXP 	text: autoDraw = False
81.2378 	WARNING 	Stopping key buffers but this could be dangerous ifother keyboards rely on the same.
81.2517 	EXP 	text: text = 'You earned 4.2 out of 10 points in this round.\n\n Press [SPACE] to advance'
81.2517 	EXP 	text: autoDraw = True
84.4952 	DATA 	Keypress: space
84.4963 	EXP 	text: autoDraw = False
84.5116 	EXP 	text: text = 'Total points : 4.2'
86.2667 	DATA 	Keypress: space
90.4131 	EXP 	text: text = 'Press and hold [SPACE] to report the duration of the stimulus'
90.4131 	EXP 	text: autoDraw = True
90.9592 	DATA 	Keypress: space
90.9601 	EXP 	text: autoDraw = False
91.7738 	WARNING 	Stopping key buffers but this could be dangerous ifother keyboards rely on the same.
91.7881 	EXP 	text: text = 'You earned 7.6 out of 10 points in this round.\n\n Press [SPACE] to advance'
91.7881 	EXP 	text: autoDraw = True
93.8313 	DATA 	Keypress: space
93.8323 	EXP 	text: autoDraw = False
93.8450 	EXP 	text: text = 'Total points : 11.8'
100.6478 	EXP 	text: text = 'Press and hold [SPACE] to report the duration of the stimulus'
100.6478 	EXP 	text: autoDraw = True
101.6714 	DATA 	Keypress: space
101.6724 	EXP 	text: autoDraw = False
102.1285 	WARNING 	Stopping key buffers but this could be dangerous ifother keyboards rely on the same.
102.1617 	EXP 	text: text = 'You earned 1.9 out of 10 points in this round.\n\n Press [SPACE] to advance'
102.1617 	EXP 	text: autoDraw = True
102.3913 	DATA 	Keypress: space
102.3923 	EXP 	text: autoDraw = False
102.4098 	EXP 	text: text = 'Total points : 13.7'
102.4098 	EXP 	text: text = 'Total points : 0'
102.4098 	EXP 	text: text = 'Great! Now press any key to begin the experiment'
102.4098 	EXP 	text: autoDraw = True
107.7272 	DATA 	Keypress: space
107.7283 	EXP 	text: autoDraw = False
114.9055 	EXP 	text: text = 'Press and hold [SPACE] to report the duration of the stimulus'
114.9055 	EXP 	text: autoDraw = True
117.7754 	DATA 	Keypress: space
117.7765 	EXP 	text: autoDraw = False
119.2452 	WARNING 	Stopping key buffers but this could be dangerous ifother keyboards rely on the same.
119.2617 	EXP 	text: text = 'Total points : 0'
119.2617 	EXP 	text: text = 'Your response exceeded the actual time.\n\n Press [SPACE] to advance'
119.2617 	EXP 	text: autoDraw = True
121.2953 	DATA 	Keypress: space
121.2964 	EXP 	text: autoDraw = False
128.4887 	EXP 	text: text = 'Press and hold [SPACE] to report the duration of the stimulus'
128.4887 	EXP 	text: autoDraw = True
131.8473 	DATA 	Keypress: space
131.8484 	EXP 	text: autoDraw = False
133.0617 	WARNING 	Stopping key buffers but this could be dangerous ifother keyboards rely on the same.
133.0783 	EXP 	text: text = 'You earned 7.3 out of 10 points in this round.\n\n Press [SPACE] to advance'
133.0783 	EXP 	text: autoDraw = True
134.7992 	DATA 	Keypress: space
134.8002 	EXP 	text: autoDraw = False
134.8117 	EXP 	text: text = 'Total points : 7.3'
141.9718 	EXP 	text: text = 'Press and hold [SPACE] to report the duration of the stimulus'
141.9718 	EXP 	text: autoDraw = True
142.7274 	DATA 	Keypress: space
142.7284 	EXP 	text: autoDraw = False
143.7977 	WARNING 	Stopping key buffers but this could be dangerous ifother keyboards rely on the same.
143.8116 	EXP 	text: text = 'You earned 5.5 out of 10 points in this round.\n\n Press [SPACE] to advance'
143.8116 	EXP 	text: autoDraw = True
145.7991 	DATA 	Keypress: space
145.8002 	EXP 	text: autoDraw = False
145.8116 	EXP 	text: text = 'Total points : 12.8'
151.7725 	EXP 	text: text = 'Press and hold [SPACE] to report the duration of the stimulus'
151.7725 	EXP 	text: autoDraw = True
152.6635 	DATA 	Keypress: space
152.6647 	EXP 	text: autoDraw = False
153.4537 	WARNING 	Stopping key buffers but this could be dangerous ifother keyboards rely on the same.
153.4668 	EXP 	text: text = 'You earned 6.9 out of 10 points in this round.\n\n Press [SPACE] to advance'
153.4668 	EXP 	text: autoDraw = True
154.7993 	DATA 	Keypress: space
154.8002 	EXP 	text: autoDraw = False
154.8117 	EXP 	text: text = 'Total points : 19.7'
160.5636 	EXP 	text: text = 'Press and hold [SPACE] to report the duration of the stimulus'
160.5636 	EXP 	text: autoDraw = True
161.4873 	DATA 	Keypress: space
161.4883 	EXP 	text: autoDraw = False
162.3417 	WARNING 	Stopping key buffers but this could be dangerous ifother keyboards rely on the same.
162.3616 	EXP 	text: text = 'You earned 9.2 out of 10 points in this round.\n\n Press [SPACE] to advance'
162.3616 	EXP 	text: autoDraw = True
163.6791 	DATA 	Keypress: space
163.6801 	EXP 	text: autoDraw = False
163.6950 	EXP 	text: text = 'Total points : 28.9'
169.8979 	EXP 	text: text = 'Press and hold [SPACE] to report the duration of the stimulus'
169.8979 	EXP 	text: autoDraw = True
170.6714 	DATA 	Keypress: space
170.6724 	EXP 	text: autoDraw = False
171.5257 	WARNING 	Stopping key buffers but this could be dangerous ifother keyboards rely on the same.
171.5450 	EXP 	text: text = 'You earned 6.8 out of 10 points in this round.\n\n Press [SPACE] to advance'
171.5450 	EXP 	text: autoDraw = True
172.3352 	DATA 	Keypress: space
172.3363 	EXP 	text: autoDraw = False
172.3450 	EXP 	text: text = 'Total points : 35.7'
179.5058 	EXP 	text: text = 'Press and hold [SPACE] to report the duration of the stimulus'
179.5058 	EXP 	text: autoDraw = True
180.2794 	DATA 	Keypress: space
180.2805 	EXP 	text: autoDraw = False
181.4857 	WARNING 	Stopping key buffers but this could be dangerous ifother keyboards rely on the same.
181.4987 	EXP 	text: text = 'You earned 7.2 out of 10 points in this round.\n\n Press [SPACE] to advance'
181.4987 	EXP 	text: autoDraw = True
182.3672 	DATA 	Keypress: space
182.3681 	EXP 	text: autoDraw = False
182.3783 	EXP 	text: text = 'Total points : 42.9'
189.6065 	EXP 	text: text = 'Press and hold [SPACE] to report the duration of the stimulus'
189.6065 	EXP 	text: autoDraw = True
190.3274 	DATA 	Keypress: space
190.3285 	EXP 	text: autoDraw = False
191.2618 	WARNING 	Stopping key buffers but this could be dangerous ifother keyboards rely on the same.
191.2950 	EXP 	text: text = 'You earned 4.0 out of 10 points in this round.\n\n Press [SPACE] to advance'
191.2950 	EXP 	text: autoDraw = True
192.1993 	DATA 	Keypress: space
192.2002 	EXP 	text: autoDraw = False
192.2116 	EXP 	text: text = 'Total points : 46.9'
199.8212 	EXP 	text: text = 'Press and hold [SPACE] to report the duration of the stimulus'
199.8212 	EXP 	text: autoDraw = True
200.6154 	DATA 	Keypress: space
200.6163 	EXP 	text: autoDraw = False
201.9117 	WARNING 	Stopping key buffers but this could be dangerous ifother keyboards rely on the same.
201.9450 	EXP 	text: text = 'You earned 6.0 out of 10 points in this round.\n\n Press [SPACE] to advance'
201.9450 	EXP 	text: autoDraw = True
202.8473 	DATA 	Keypress: space
202.8484 	EXP 	text: autoDraw = False
202.8616 	EXP 	text: text = 'Total points : 52.9'
210.0222 	EXP 	text: text = 'Press and hold [SPACE] to report the duration of the stimulus'
210.0222 	EXP 	text: autoDraw = True
210.8073 	DATA 	Keypress: space
210.8083 	EXP 	text: autoDraw = False
211.7284 	WARNING 	Stopping key buffers but this could be dangerous ifother keyboards rely on the same.
211.7616 	EXP 	text: text = 'You earned 3.8 out of 10 points in this round.\n\n Press [SPACE] to advance'
211.7616 	EXP 	text: autoDraw = True
212.4151 	DATA 	Keypress: space
212.4161 	EXP 	text: autoDraw = False
212.4283 	EXP 	text: text = 'Total points : 56.7'
218.3889 	EXP 	text: text = 'Press and hold [SPACE] to report the duration of the stimulus'
218.3889 	EXP 	text: autoDraw = True
219.2553 	DATA 	Keypress: space
219.2564 	EXP 	text: autoDraw = False
219.9897 	WARNING 	Stopping key buffers but this could be dangerous ifother keyboards rely on the same.
220.0025 	EXP 	text: text = 'You earned 6.2 out of 10 points in this round.\n\n Press [SPACE] to advance'
220.0025 	EXP 	text: autoDraw = True
221.1432 	DATA 	Keypress: space
221.1442 	EXP 	text: autoDraw = False
221.1617 	EXP 	text: text = 'Total points : 62.9'
226.4641 	EXP 	text: text = 'Press and hold [SPACE] to report the duration of the stimulus'
226.4641 	EXP 	text: autoDraw = True
227.2313 	DATA 	Keypress: space
227.2324 	EXP 	text: autoDraw = False
227.7337 	WARNING 	Stopping key buffers but this could be dangerous ifother keyboards rely on the same.
227.7467 	EXP 	text: text = 'You earned 6.1 out of 10 points in this round.\n\n Press [SPACE] to advance'
227.7467 	EXP 	text: autoDraw = True
228.4712 	DATA 	Keypress: space
228.4721 	EXP 	text: autoDraw = False
228.4783 	EXP 	text: text = 'Total points : 69.0'
234.4387 	EXP 	text: text = 'Press and hold [SPACE] to report the duration of the stimulus'
234.4387 	EXP 	text: autoDraw = True
235.2073 	DATA 	Keypress: space
235.2084 	EXP 	text: autoDraw = False
235.9818 	WARNING 	Stopping key buffers but this could be dangerous ifother keyboards rely on the same.
235.9949 	EXP 	text: text = 'You earned 6.7 out of 10 points in this round.\n\n Press [SPACE] to advance'
235.9949 	EXP 	text: autoDraw = True
236.9352 	DATA 	Keypress: space
236.9361 	EXP 	text: autoDraw = False
236.9450 	EXP 	text: text = 'Total points : 75.7'
243.7480 	EXP 	text: text = 'Press and hold [SPACE] to report the duration of the stimulus'
243.7480 	EXP 	text: autoDraw = True
244.4233 	DATA 	Keypress: space
244.4244 	EXP 	text: autoDraw = False
245.4217 	WARNING 	Stopping key buffers but this could be dangerous ifother keyboards rely on the same.
245.4346 	EXP 	text: text = 'You earned 6.1 out of 10 points in this round.\n\n Press [SPACE] to advance'
245.4346 	EXP 	text: autoDraw = True
246.0952 	DATA 	Keypress: space
246.0962 	EXP 	text: autoDraw = False
246.1116 	EXP 	text: text = 'Total points : 81.8'
251.4130 	EXP 	text: text = 'Press and hold [SPACE] to report the duration of the stimulus'
251.4130 	EXP 	text: autoDraw = True
252.2713 	DATA 	Keypress: space
252.2723 	EXP 	text: autoDraw = False
252.7577 	WARNING 	Stopping key buffers but this could be dangerous ifother keyboards rely on the same.
252.7697 	EXP 	text: text = 'You earned 5.9 out of 10 points in this round.\n\n Press [SPACE] to advance'
252.7697 	EXP 	text: autoDraw = True
253.5992 	DATA 	Keypress: space
253.6002 	EXP 	text: autoDraw = False
253.6117 	EXP 	text: text = 'Total points : 87.7'
259.3639 	EXP 	text: text = 'Press and hold [SPACE] to report the duration of the stimulus'
259.3639 	EXP 	text: autoDraw = True
260.1754 	DATA 	Keypress: space
260.1765 	EXP 	text: autoDraw = False
261.0057 	WARNING 	Stopping key buffers but this could be dangerous ifother keyboards rely on the same.
261.0187 	EXP 	text: text = 'You earned 8.7 out of 10 points in this round.\n\n Press [SPACE] to advance'
261.0187 	EXP 	text: autoDraw = True
261.7752 	DATA 	Keypress: space
261.7762 	EXP 	text: autoDraw = False
261.7819 	EXP 	text: text = 'Total points : 96.4'
267.0806 	EXP 	text: text = 'Press and hold [SPACE] to report the duration of the stimulus'
267.0806 	EXP 	text: autoDraw = True
267.9273 	DATA 	Keypress: space
267.9284 	EXP 	text: autoDraw = False
268.5977 	WARNING 	Stopping key buffers but this could be dangerous ifother keyboards rely on the same.
268.6117 	EXP 	text: text = 'You earned 8.6 out of 10 points in this round.\n\n Press [SPACE] to advance'
268.6117 	EXP 	text: autoDraw = True
269.2792 	DATA 	Keypress: space
269.2802 	EXP 	text: autoDraw = False
269.2950 	EXP 	text: text = 'Total points : 105.0'
275.4974 	EXP 	text: text = 'Press and hold [SPACE] to report the duration of the stimulus'
275.4974 	EXP 	text: autoDraw = True
275.9674 	DATA 	Keypress: space
275.9685 	EXP 	text: autoDraw = False
276.7098 	WARNING 	Stopping key buffers but this could be dangerous ifother keyboards rely on the same.
276.7282 	EXP 	text: text = 'You earned 5.4 out of 10 points in this round.\n\n Press [SPACE] to advance'
276.7282 	EXP 	text: autoDraw = True
277.3032 	DATA 	Keypress: space
277.3041 	EXP 	text: autoDraw = False
277.3116 	EXP 	text: text = 'Total points : 110.4'
284.7141 	EXP 	text: text = 'Press and hold [SPACE] to report the duration of the stimulus'
284.7141 	EXP 	text: autoDraw = True
285.5273 	DATA 	Keypress: space
285.5284 	EXP 	text: autoDraw = False
286.9951 	WARNING 	Stopping key buffers but this could be dangerous ifother keyboards rely on the same.
287.0283 	EXP 	text: text = 'You earned 10.0 out of 10 points in this round.\n\n Press [SPACE] to advance'
287.0283 	EXP 	text: autoDraw = True
287.9912 	DATA 	Keypress: space
287.9921 	EXP 	text: autoDraw = False
287.9974 	EXP 	text: text = 'Total points : 120.4'
293.2979 	EXP 	text: text = 'Press and hold [SPACE] to report the duration of the stimulus'
293.2979 	EXP 	text: autoDraw = True
294.1113 	DATA 	Keypress: space
294.1124 	EXP 	text: autoDraw = False
294.8057 	WARNING 	Stopping key buffers but this could be dangerous ifother keyboards rely on the same.
294.8187 	EXP 	text: text = 'You earned 9.0 out of 10 points in this round.\n\n Press [SPACE] to advance'
294.8187 	EXP 	text: autoDraw = True
295.4391 	DATA 	Keypress: space
295.4402 	EXP 	text: autoDraw = False
295.4457 	EXP 	text: text = 'Total points : 129.4'
302.8479 	EXP 	text: text = 'Press and hold [SPACE] to report the duration of the stimulus'
302.8479 	EXP 	text: autoDraw = True
303.6234 	DATA 	Keypress: space
303.6245 	EXP 	text: autoDraw = False
304.8284 	WARNING 	Stopping key buffers but this could be dangerous ifother keyboards rely on the same.
304.8616 	EXP 	text: text = 'You earned 5.9 out of 10 points in this round.\n\n Press [SPACE] to advance'
304.8616 	EXP 	text: autoDraw = True
305.4392 	DATA 	Keypress: space
305.4403 	EXP 	text: autoDraw = False
305.4456 	EXP 	text: text = 'Total points : 135.3'
312.8478 	EXP 	text: text = 'Press and hold [SPACE] to report the duration of the stimulus'
312.8478 	EXP 	text: autoDraw = True
313.5032 	DATA 	Keypress: space
313.5042 	EXP 	text: autoDraw = False
314.5618 	WARNING 	Stopping key buffers but this could be dangerous ifother keyboards rely on the same.
314.5950 	EXP 	text: text = 'You earned 4.4 out of 10 points in this round.\n\n Press [SPACE] to advance'
314.5950 	EXP 	text: autoDraw = True
315.2232 	DATA 	Keypress: space
315.2241 	EXP 	text: autoDraw = False
315.2294 	EXP 	text: text = 'Total points : 139.7'
321.4307 	EXP 	text: text = 'Press and hold [SPACE] to report the duration of the stimulus'
321.4307 	EXP 	text: autoDraw = True
322.2153 	DATA 	Keypress: space
322.2164 	EXP 	text: autoDraw = False
322.8697 	WARNING 	Stopping key buffers but this could be dangerous ifother keyboards rely on the same.
322.8831 	EXP 	text: text = 'You earned 4.5 out of 10 points in this round.\n\n Press [SPACE] to advance'
322.8831 	EXP 	text: autoDraw = True
323.4952 	DATA 	Keypress: space
323.4963 	EXP 	text: autoDraw = False
323.5117 	EXP 	text: text = 'Total points : 144.2'
330.6726 	EXP 	text: text = 'Press and hold [SPACE] to report the duration of the stimulus'
330.6726 	EXP 	text: autoDraw = True
331.4875 	DATA 	Keypress: space
331.4885 	EXP 	text: autoDraw = False
332.6378 	WARNING 	Stopping key buffers but this could be dangerous ifother keyboards rely on the same.
332.6512 	EXP 	text: text = 'You earned 6.4 out of 10 points in this round.\n\n Press [SPACE] to advance'
332.6512 	EXP 	text: autoDraw = True
333.4472 	DATA 	Keypress: space
333.4483 	EXP 	text: autoDraw = False
333.4617 	EXP 	text: text = 'Total points : 150.6'
339.6638 	EXP 	text: text = 'Press and hold [SPACE] to report the duration of the stimulus'
339.6638 	EXP 	text: autoDraw = True
340.3113 	DATA 	Keypress: space
340.3124 	EXP 	text: autoDraw = False
341.1257 	WARNING 	Stopping key buffers but this could be dangerous ifother keyboards rely on the same.
341.1450 	EXP 	text: text = 'You earned 6.3 out of 10 points in this round.\n\n Press [SPACE] to advance'
341.1450 	EXP 	text: autoDraw = True
341.7432 	DATA 	Keypress: space
341.7441 	EXP 	text: autoDraw = False
341.7617 	EXP 	text: text = 'Total points : 156.9'
347.2723 	EXP 	text: text = 'Press and hold [SPACE] to report the duration of the stimulus'
347.2723 	EXP 	text: autoDraw = True
347.9834 	DATA 	Keypress: space
347.9845 	EXP 	text: autoDraw = False
348.7018 	WARNING 	Stopping key buffers but this could be dangerous ifother keyboards rely on the same.
348.7148 	EXP 	text: text = 'You earned 8.1 out of 10 points in this round.\n\n Press [SPACE] to advance'
348.7148 	EXP 	text: autoDraw = True
349.3032 	DATA 	Keypress: space
349.3042 	EXP 	text: autoDraw = False
349.3116 	EXP 	text: text = 'Total points : 165.0'
356.1131 	EXP 	text: text = 'Press and hold [SPACE] to report the duration of the stimulus'
356.1131 	EXP 	text: autoDraw = True
356.8954 	DATA 	Keypress: space
356.8965 	EXP 	text: autoDraw = False
358.0217 	WARNING 	Stopping key buffers but this could be dangerous ifother keyboards rely on the same.
358.0352 	EXP 	text: text = 'You earned 7.8 out of 10 points in this round.\n\n Press [SPACE] to advance'
358.0352 	EXP 	text: autoDraw = True
358.5992 	DATA 	Keypress: space
358.6003 	EXP 	text: autoDraw = False
358.6117 	EXP 	text: text = 'Total points : 172.8'
365.0230 	EXP 	text: text = 'Press and hold [SPACE] to report the duration of the stimulus'
365.0230 	EXP 	text: autoDraw = True
365.6472 	DATA 	Keypress: space
365.6482 	EXP 	text: autoDraw = False
366.3577 	WARNING 	Stopping key buffers but this could be dangerous ifother keyboards rely on the same.
366.3708 	EXP 	text: text = 'You earned 4.4 out of 10 points in this round.\n\n Press [SPACE] to advance'
366.3708 	EXP 	text: autoDraw = True
366.8391 	DATA 	Keypress: space
366.8402 	EXP 	text: autoDraw = False
366.8453 	EXP 	text: text = 'Total points : 177.2'
374.0059 	EXP 	text: text = 'Press and hold [SPACE] to report the duration of the stimulus'
374.0059 	EXP 	text: autoDraw = True
374.8793 	DATA 	Keypress: space
374.8803 	EXP 	text: autoDraw = False
376.0951 	WARNING 	Stopping key buffers but this could be dangerous ifother keyboards rely on the same.
376.1283 	EXP 	text: text = 'You earned 6.9 out of 10 points in this round.\n\n Press [SPACE] to advance'
376.1283 	EXP 	text: autoDraw = True
376.7591 	DATA 	Keypress: space
376.7601 	EXP 	text: autoDraw = False
376.7657 	EXP 	text: text = 'Total points : 184.1'
382.7388 	EXP 	text: text = 'Press and hold [SPACE] to report the duration of the stimulus'
382.7388 	EXP 	text: autoDraw = True
383.3594 	DATA 	Keypress: space
383.3604 	EXP 	text: autoDraw = False
384.4618 	WARNING 	Stopping key buffers but this could be dangerous ifother keyboards rely on the same.
384.4783 	EXP 	text: text = 'Total points : 184.1'
384.4783 	EXP 	text: text = 'Your response exceeded the actual time.\n\n Press [SPACE] to advance'
384.4783 	EXP 	text: autoDraw = True
385.2632 	DATA 	Keypress: space
385.2642 	EXP 	text: autoDraw = False
392.4556 	EXP 	text: text = 'Press and hold [SPACE] to report the duration of the stimulus'
392.4556 	EXP 	text: autoDraw = True
393.1832 	DATA 	Keypress: space
393.1843 	EXP 	text: autoDraw = False
394.0457 	WARNING 	Stopping key buffers but this could be dangerous ifother keyboards rely on the same.
394.0614 	EXP 	text: text = 'You earned 3.6 out of 10 points in this round.\n\n Press [SPACE] to advance'
394.0614 	EXP 	text: autoDraw = True
394.6632 	DATA 	Keypress: space
394.6642 	EXP 	text: autoDraw = False
394.6782 	EXP 	text: text = 'Total points : 187.7'
400.1891 	EXP 	text: text = 'Press and hold [SPACE] to report the duration of the stimulus'
400.1891 	EXP 	text: autoDraw = True
400.9194 	DATA 	Keypress: space
400.9204 	EXP 	text: autoDraw = False
401.6537 	WARNING 	Stopping key buffers but this could be dangerous ifother keyboards rely on the same.
401.6668 	EXP 	text: text = 'You earned 8.4 out of 10 points in this round.\n\n Press [SPACE] to advance'
401.6668 	EXP 	text: autoDraw = True
402.2312 	DATA 	Keypress: space
402.2322 	EXP 	text: autoDraw = False
402.2450 	EXP 	text: text = 'Total points : 196.1'
408.4472 	EXP 	text: text = 'Press and hold [SPACE] to report the duration of the stimulus'
408.4472 	EXP 	text: autoDraw = True
409.1752 	DATA 	Keypress: space
409.1762 	EXP 	text: autoDraw = False
410.0058 	WARNING 	Stopping key buffers but this could be dangerous ifother keyboards rely on the same.
410.0186 	EXP 	text: text = 'You earned 6.5 out of 10 points in this round.\n\n Press [SPACE] to advance'
410.0186 	EXP 	text: autoDraw = True
410.5912 	DATA 	Keypress: space
410.5921 	EXP 	text: autoDraw = False
410.5976 	EXP 	text: text = 'Total points : 202.6'
416.7976 	EXP 	text: text = 'Press and hold [SPACE] to report the duration of the stimulus'
416.7976 	EXP 	text: autoDraw = True
417.3675 	DATA 	Keypress: space
417.3685 	EXP 	text: autoDraw = False
418.2858 	WARNING 	Stopping key buffers but this could be dangerous ifother keyboards rely on the same.
418.2988 	EXP 	text: text = 'You earned 7.7 out of 10 points in this round.\n\n Press [SPACE] to advance'
418.2988 	EXP 	text: autoDraw = True
418.8151 	DATA 	Keypress: space
418.8161 	EXP 	text: autoDraw = False
418.8283 	EXP 	text: text = 'Total points : 210.3'
425.6314 	EXP 	text: text = 'Press and hold [SPACE] to report the duration of the stimulus'
425.6314 	EXP 	text: autoDraw = True
426.2314 	DATA 	Keypress: space
426.2325 	EXP 	text: autoDraw = False
427.0858 	WARNING 	Stopping key buffers but this could be dangerous ifother keyboards rely on the same.
427.0993 	EXP 	text: text = 'You earned 4.5 out of 10 points in this round.\n\n Press [SPACE] to advance'
427.0993 	EXP 	text: autoDraw = True
427.5991 	DATA 	Keypress: space
427.6001 	EXP 	text: autoDraw = False
427.6116 	EXP 	text: text = 'Total points : 214.8'
433.1222 	EXP 	text: text = 'Press and hold [SPACE] to report the duration of the stimulus'
433.1222 	EXP 	text: autoDraw = True
433.8473 	DATA 	Keypress: space
433.8483 	EXP 	text: autoDraw = False
434.6697 	WARNING 	Stopping key buffers but this could be dangerous ifother keyboards rely on the same.
434.6828 	EXP 	text: text = 'You earned 10.0 out of 10 points in this round.\n\n Press [SPACE] to advance'
434.6828 	EXP 	text: autoDraw = True
435.3831 	DATA 	Keypress: space
435.3842 	EXP 	text: autoDraw = False
435.3950 	EXP 	text: text = 'Total points : 224.8'
443.0051 	EXP 	text: text = 'Press and hold [SPACE] to report the duration of the stimulus'
443.0051 	EXP 	text: autoDraw = True
443.7752 	DATA 	Keypress: space
443.7762 	EXP 	text: autoDraw = False
445.2951 	WARNING 	Stopping key buffers but this could be dangerous ifother keyboards rely on the same.
445.3283 	EXP 	text: text = 'You earned 9.4 out of 10 points in this round.\n\n Press [SPACE] to advance'
445.3283 	EXP 	text: autoDraw = True
445.9191 	DATA 	Keypress: space
445.9202 	EXP 	text: autoDraw = False
445.9283 	EXP 	text: text = 'Total points : 234.2'
451.6807 	EXP 	text: text = 'Press and hold [SPACE] to report the duration of the stimulus'
451.6807 	EXP 	text: autoDraw = True
452.4394 	DATA 	Keypress: space
452.4405 	EXP 	text: autoDraw = False
453.1417 	WARNING 	Stopping key buffers but this could be dangerous ifother keyboards rely on the same.
453.1616 	EXP 	text: text = 'You earned 6.8 out of 10 points in this round.\n\n Press [SPACE] to advance'
453.1616 	EXP 	text: autoDraw = True
453.7193 	DATA 	Keypress: space
453.7202 	EXP 	text: autoDraw = False
453.7283 	EXP 	text: text = 'Total points : 241.0'
459.4806 	EXP 	text: text = 'Press and hold [SPACE] to report the duration of the stimulus'
459.4806 	EXP 	text: autoDraw = True
460.0953 	DATA 	Keypress: space
460.0963 	EXP 	text: autoDraw = False
460.7818 	WARNING 	Stopping key buffers but this could be dangerous ifother keyboards rely on the same.
460.7947 	EXP 	text: text = 'You earned 6.5 out of 10 points in this round.\n\n Press [SPACE] to advance'
460.7947 	EXP 	text: autoDraw = True
461.3112 	DATA 	Keypress: space
461.3122 	EXP 	text: autoDraw = False
461.3283 	EXP 	text: text = 'Total points : 247.5'
468.4884 	EXP 	text: text = 'Press and hold [SPACE] to report the duration of the stimulus'
468.4884 	EXP 	text: autoDraw = True
469.2713 	DATA 	Keypress: space
469.2723 	EXP 	text: autoDraw = False
470.6285 	WARNING 	Stopping key buffers but this could be dangerous ifother keyboards rely on the same.
470.6617 	EXP 	text: text = 'You earned 9.1 out of 10 points in this round.\n\n Press [SPACE] to advance'
470.6617 	EXP 	text: autoDraw = True
471.2313 	DATA 	Keypress: space
471.2324 	EXP 	text: autoDraw = False
471.2450 	EXP 	text: text = 'Total points : 256.6'
477.2054 	EXP 	text: text = 'Press and hold [SPACE] to report the duration of the stimulus'
477.2054 	EXP 	text: autoDraw = True
478.0634 	DATA 	Keypress: space
478.0645 	EXP 	text: autoDraw = False
478.8777 	WARNING 	Stopping key buffers but this could be dangerous ifother keyboards rely on the same.
478.8950 	EXP 	text: text = 'You earned 7.3 out of 10 points in this round.\n\n Press [SPACE] to advance'
478.8950 	EXP 	text: autoDraw = True
479.4472 	DATA 	Keypress: space
479.4482 	EXP 	text: autoDraw = False
479.4617 	EXP 	text: text = 'Total points : 263.9'
485.2149 	EXP 	text: text = 'Press and hold [SPACE] to report the duration of the stimulus'
485.2149 	EXP 	text: autoDraw = True
485.8154 	DATA 	Keypress: space
485.8164 	EXP 	text: autoDraw = False
486.6377 	WARNING 	Stopping key buffers but this could be dangerous ifother keyboards rely on the same.
486.6507 	EXP 	text: text = 'You earned 8.6 out of 10 points in this round.\n\n Press [SPACE] to advance'
486.6507 	EXP 	text: autoDraw = True
487.1431 	DATA 	Keypress: space
487.1441 	EXP 	text: autoDraw = False
487.1617 	EXP 	text: text = 'Total points : 272.5'
492.6720 	EXP 	text: text = 'Press and hold [SPACE] to report the duration of the stimulus'
492.6720 	EXP 	text: autoDraw = True
492.9993 	DATA 	Keypress: space
493.0003 	EXP 	text: autoDraw = False
493.5897 	WARNING 	Stopping key buffers but this could be dangerous ifother keyboards rely on the same.
493.6031 	EXP 	text: text = 'You earned 6.3 out of 10 points in this round.\n\n Press [SPACE] to advance'
493.6031 	EXP 	text: autoDraw = True
494.0712 	DATA 	Keypress: space
494.0723 	EXP 	text: autoDraw = False
494.0779 	EXP 	text: text = 'Total points : 278.8'
500.4894 	EXP 	text: text = 'Press and hold [SPACE] to report the duration of the stimulus'
500.4894 	EXP 	text: autoDraw = True
501.1274 	DATA 	Keypress: space
501.1286 	EXP 	text: autoDraw = False
502.1257 	WARNING 	Stopping key buffers but this could be dangerous ifother keyboards rely on the same.
502.1450 	EXP 	text: text = 'You earned 7.8 out of 10 points in this round.\n\n Press [SPACE] to advance'
502.1450 	EXP 	text: autoDraw = True
502.6792 	DATA 	Keypress: space
502.6801 	EXP 	text: autoDraw = False
502.6950 	EXP 	text: text = 'Total points : 286.6'
509.1055 	EXP 	text: text = 'Press and hold [SPACE] to report the duration of the stimulus'
509.1055 	EXP 	text: autoDraw = True
510.0233 	DATA 	Keypress: space
510.0243 	EXP 	text: autoDraw = False
511.0937 	WARNING 	Stopping key buffers but this could be dangerous ifother keyboards rely on the same.
511.1116 	EXP 	text: text = 'You earned 9.0 out of 10 points in this round.\n\n Press [SPACE] to advance'
511.1116 	EXP 	text: autoDraw = True
511.7112 	DATA 	Keypress: space
511.7123 	EXP 	text: autoDraw = False
511.7283 	EXP 	text: text = 'Total points : 295.6'
518.1390 	EXP 	text: text = 'Press and hold [SPACE] to report the duration of the stimulus'
518.1390 	EXP 	text: autoDraw = True
518.6874 	DATA 	Keypress: space
518.6884 	EXP 	text: autoDraw = False
519.5578 	WARNING 	Stopping key buffers but this could be dangerous ifother keyboards rely on the same.
519.5715 	EXP 	text: text = 'You earned 6.0 out of 10 points in this round.\n\n Press [SPACE] to advance'
519.5715 	EXP 	text: autoDraw = True
520.0712 	DATA 	Keypress: space
520.0721 	EXP 	text: autoDraw = False
520.0783 	EXP 	text: text = 'Total points : 301.6'
526.0384 	EXP 	text: text = 'Press and hold [SPACE] to report the duration of the stimulus'
526.0384 	EXP 	text: autoDraw = True
526.7273 	DATA 	Keypress: space
526.7285 	EXP 	text: autoDraw = False
527.5817 	WARNING 	Stopping key buffers but this could be dangerous ifother keyboards rely on the same.
527.5948 	EXP 	text: text = 'You earned 7.9 out of 10 points in this round.\n\n Press [SPACE] to advance'
527.5948 	EXP 	text: autoDraw = True
528.2312 	DATA 	Keypress: space
528.2322 	EXP 	text: autoDraw = False
528.2450 	EXP 	text: text = 'Total points : 309.5'
533.7553 	EXP 	text: text = 'Press and hold [SPACE] to report the duration of the stimulus'
533.7553 	EXP 	text: autoDraw = True
534.1353 	DATA 	Keypress: space
534.1363 	EXP 	text: autoDraw = False
535.0118 	WARNING 	Stopping key buffers but this could be dangerous ifother keyboards rely on the same.
535.0284 	EXP 	text: text = 'Total points : 309.5'
535.0284 	EXP 	text: text = 'Your response exceeded the actual time.\n\n Press [SPACE] to advance'
535.0284 	EXP 	text: autoDraw = True
535.5432 	DATA 	Keypress: space
535.5443 	EXP 	text: autoDraw = False
542.3807 	EXP 	text: text = 'Press and hold [SPACE] to report the duration of the stimulus'
542.3807 	EXP 	text: autoDraw = True
543.2314 	DATA 	Keypress: space
543.2326 	EXP 	text: autoDraw = False
544.5618 	WARNING 	Stopping key buffers but this could be dangerous ifother keyboards rely on the same.
544.5783 	EXP 	text: text = 'Total points : 309.5'
544.5783 	EXP 	text: text = 'Your response exceeded the actual time.\n\n Press [SPACE] to advance'
544.5783 	EXP 	text: autoDraw = True
545.6151 	DATA 	Keypress: space
545.6162 	EXP 	text: autoDraw = False
551.3971 	EXP 	text: text = 'Press and hold [SPACE] to report the duration of the stimulus'
551.3971 	EXP 	text: autoDraw = True
552.0232 	DATA 	Keypress: space
552.0243 	EXP 	text: autoDraw = False
552.5817 	WARNING 	Stopping key buffers but this could be dangerous ifother keyboards rely on the same.
552.5950 	EXP 	text: text = 'You earned 5.1 out of 10 points in this round.\n\n Press [SPACE] to advance'
552.5950 	EXP 	text: autoDraw = True
553.1673 	DATA 	Keypress: space
553.1683 	EXP 	text: autoDraw = False
553.1783 	EXP 	text: text = 'Total points : 314.6'
559.3812 	EXP 	text: text = 'Press and hold [SPACE] to report the duration of the stimulus'
559.3812 	EXP 	text: autoDraw = True
560.2953 	DATA 	Keypress: space
560.2964 	EXP 	text: autoDraw = False
561.1737 	WARNING 	Stopping key buffers but this could be dangerous ifother keyboards rely on the same.
561.1867 	EXP 	text: text = 'You earned 7.1 out of 10 points in this round.\n\n Press [SPACE] to advance'
561.1867 	EXP 	text: autoDraw = True
561.7833 	DATA 	Keypress: space
561.7842 	EXP 	text: autoDraw = False
561.7950 	EXP 	text: text = 'Total points : 321.7'
567.3066 	EXP 	text: text = 'Press and hold [SPACE] to report the duration of the stimulus'
567.3066 	EXP 	text: autoDraw = True
567.9514 	DATA 	Keypress: space
567.9525 	EXP 	text: autoDraw = False
568.7337 	WARNING 	Stopping key buffers but this could be dangerous ifother keyboards rely on the same.
568.7466 	EXP 	text: text = 'You earned 9.2 out of 10 points in this round.\n\n Press [SPACE] to advance'
568.7466 	EXP 	text: autoDraw = True
569.3591 	DATA 	Keypress: space
569.3602 	EXP 	text: autoDraw = False
569.3655 	EXP 	text: text = 'Total points : 330.9'
576.9731 	EXP 	text: text = 'Press and hold [SPACE] to report the duration of the stimulus'
576.9731 	EXP 	text: autoDraw = True
577.6153 	DATA 	Keypress: space
577.6165 	EXP 	text: autoDraw = False
578.8285 	WARNING 	Stopping key buffers but this could be dangerous ifother keyboards rely on the same.
578.8617 	EXP 	text: text = 'You earned 5.1 out of 10 points in this round.\n\n Press [SPACE] to advance'
578.8617 	EXP 	text: autoDraw = True
579.4312 	DATA 	Keypress: space
579.4322 	EXP 	text: autoDraw = False
579.4450 	EXP 	text: text = 'Total points : 336.0'
585.4054 	EXP 	text: text = 'Press and hold [SPACE] to report the duration of the stimulus'
585.4054 	EXP 	text: autoDraw = True
586.2635 	DATA 	Keypress: space
586.2647 	EXP 	text: autoDraw = False
587.0938 	WARNING 	Stopping key buffers but this could be dangerous ifother keyboards rely on the same.
587.1116 	EXP 	text: text = 'You earned 7.5 out of 10 points in this round.\n\n Press [SPACE] to advance'
587.1116 	EXP 	text: autoDraw = True
587.6872 	DATA 	Keypress: space
587.6881 	EXP 	text: autoDraw = False
587.6950 	EXP 	text: text = 'Total points : 343.5'
595.0978 	EXP 	text: text = 'Press and hold [SPACE] to report the duration of the stimulus'
595.0978 	EXP 	text: autoDraw = True
595.8714 	DATA 	Keypress: space
595.8726 	EXP 	text: autoDraw = False
597.2617 	WARNING 	Stopping key buffers but this could be dangerous ifother keyboards rely on the same.
597.2950 	EXP 	text: text = 'You earned 8.4 out of 10 points in this round.\n\n Press [SPACE] to advance'
597.2950 	EXP 	text: autoDraw = True
597.8392 	DATA 	Keypress: space
597.8402 	EXP 	text: autoDraw = False
597.8455 	EXP 	text: text = 'Total points : 351.9'
603.5975 	EXP 	text: text = 'Press and hold [SPACE] to report the duration of the stimulus'
603.5975 	EXP 	text: autoDraw = True
604.4234 	DATA 	Keypress: space
604.4243 	EXP 	text: autoDraw = False
605.2297 	WARNING 	Stopping key buffers but this could be dangerous ifother keyboards rely on the same.
605.2450 	EXP 	text: text = 'You earned 8.3 out of 10 points in this round.\n\n Press [SPACE] to advance'
605.2450 	EXP 	text: autoDraw = True
605.8552 	DATA 	Keypress: space
605.8562 	EXP 	text: autoDraw = False
605.8614 	EXP 	text: text = 'Total points : 360.2'
611.8225 	EXP 	text: text = 'Press and hold [SPACE] to report the duration of the stimulus'
611.8225 	EXP 	text: autoDraw = True
612.4554 	DATA 	Keypress: space
612.4564 	EXP 	text: autoDraw = False
613.2937 	WARNING 	Stopping key buffers but this could be dangerous ifother keyboards rely on the same.
613.3116 	EXP 	text: text = 'You earned 7.6 out of 10 points in this round.\n\n Press [SPACE] to advance'
613.3116 	EXP 	text: autoDraw = True
613.8712 	DATA 	Keypress: space
613.8723 	EXP 	text: autoDraw = False
613.8781 	EXP 	text: text = 'Total points : 367.8'
621.4888 	EXP 	text: text = 'Press and hold [SPACE] to report the duration of the stimulus'
621.4888 	EXP 	text: autoDraw = True
622.1434 	DATA 	Keypress: space
622.1443 	EXP 	text: autoDraw = False
623.6618 	WARNING 	Stopping key buffers but this could be dangerous ifother keyboards rely on the same.
623.6950 	EXP 	text: text = 'You earned 9.4 out of 10 points in this round.\n\n Press [SPACE] to advance'
623.6950 	EXP 	text: autoDraw = True
624.2552 	DATA 	Keypress: space
624.2562 	EXP 	text: autoDraw = False
624.2615 	EXP 	text: text = 'Total points : 377.2'
631.6641 	EXP 	text: text = 'Press and hold [SPACE] to report the duration of the stimulus'
631.6641 	EXP 	text: autoDraw = True
632.3995 	DATA 	Keypress: space
632.4004 	EXP 	text: autoDraw = False
633.9619 	WARNING 	Stopping key buffers but this could be dangerous ifother keyboards rely on the same.
633.9782 	EXP 	text: text = 'Total points : 377.2'
633.9782 	EXP 	text: text = 'Your response exceeded the actual time.\n\n Press [SPACE] to advance'
633.9782 	EXP 	text: autoDraw = True
634.5832 	DATA 	Keypress: space
634.5843 	EXP 	text: autoDraw = False
641.0230 	EXP 	text: text = 'Press and hold [SPACE] to report the duration of the stimulus'
641.0230 	EXP 	text: autoDraw = True
641.6474 	DATA 	Keypress: space
641.6483 	EXP 	text: autoDraw = False
642.6617 	WARNING 	Stopping key buffers but this could be dangerous ifother keyboards rely on the same.
642.6782 	EXP 	text: text = 'You earned 8.0 out of 10 points in this round.\n\n Press [SPACE] to advance'
642.6782 	EXP 	text: autoDraw = True
643.4072 	DATA 	Keypress: space
643.4081 	EXP 	text: autoDraw = False
643.4134 	EXP 	text: text = 'Total points : 385.2'
650.5723 	EXP 	text: text = 'Press and hold [SPACE] to report the duration of the stimulus'
650.5723 	EXP 	text: autoDraw = True
651.0074 	DATA 	Keypress: space
651.0085 	EXP 	text: autoDraw = False
651.9951 	WARNING 	Stopping key buffers but this could be dangerous ifother keyboards rely on the same.
652.0283 	EXP 	text: text = 'You earned 4.4 out of 10 points in this round.\n\n Press [SPACE] to advance'
652.0283 	EXP 	text: autoDraw = True
652.4072 	DATA 	Keypress: space
652.4081 	EXP 	text: autoDraw = False
652.4135 	EXP 	text: text = 'Total points : 389.6'
660.0214 	EXP 	text: text = 'Press and hold [SPACE] to report the duration of the stimulus'
660.0214 	EXP 	text: autoDraw = True
660.4475 	DATA 	Keypress: space
660.4484 	EXP 	text: autoDraw = False
661.6451 	WARNING 	Stopping key buffers but this could be dangerous ifother keyboards rely on the same.
661.6782 	EXP 	text: text = 'You earned 4.9 out of 10 points in this round.\n\n Press [SPACE] to advance'
661.6782 	EXP 	text: autoDraw = True
662.2472 	DATA 	Keypress: space
662.2481 	EXP 	text: autoDraw = False
662.2617 	EXP 	text: text = 'Total points : 394.5'
669.6765 	EXP 	text: text = 'Press and hold [SPACE] to report the duration of the stimulus'
669.6765 	EXP 	text: autoDraw = True
670.3915 	DATA 	Keypress: space
670.3926 	EXP 	text: autoDraw = False
671.8285 	WARNING 	Stopping key buffers but this could be dangerous ifother keyboards rely on the same.
671.8616 	EXP 	text: text = 'You earned 9.2 out of 10 points in this round.\n\n Press [SPACE] to advance'
671.8616 	EXP 	text: autoDraw = True
672.4713 	DATA 	Keypress: space
672.4722 	EXP 	text: autoDraw = False
672.4783 	EXP 	text: text = 'Total points : 403.7'
677.7805 	EXP 	text: text = 'Press and hold [SPACE] to report the duration of the stimulus'
677.7805 	EXP 	text: autoDraw = True
678.4955 	DATA 	Keypress: space
678.4965 	EXP 	text: autoDraw = False
679.4285 	WARNING 	Stopping key buffers but this could be dangerous ifother keyboards rely on the same.
679.4449 	EXP 	text: text = 'Total points : 403.7'
679.4449 	EXP 	text: text = 'Your response exceeded the actual time.\n\n Press [SPACE] to advance'
679.4449 	EXP 	text: autoDraw = True
680.1833 	DATA 	Keypress: space
680.1842 	EXP 	text: autoDraw = False
685.7229 	EXP 	text: text = 'Press and hold [SPACE] to report the duration of the stimulus'
685.7229 	EXP 	text: autoDraw = True
686.3194 	DATA 	Keypress: space
686.3205 	EXP 	text: autoDraw = False
687.0778 	WARNING 	Stopping key buffers but this could be dangerous ifother keyboards rely on the same.
687.0949 	EXP 	text: text = 'You earned 8.8 out of 10 points in this round.\n\n Press [SPACE] to advance'
687.0949 	EXP 	text: autoDraw = True
687.8712 	DATA 	Keypress: space
687.8722 	EXP 	text: autoDraw = False
687.8783 	EXP 	text: text = 'Total points : 412.5'
694.2891 	EXP 	text: text = 'Press and hold [SPACE] to report the duration of the stimulus'
694.2891 	EXP 	text: autoDraw = True
694.7193 	DATA 	Keypress: space
694.7204 	EXP 	text: autoDraw = False
695.4697 	WARNING 	Stopping key buffers but this could be dangerous ifother keyboards rely on the same.
695.4827 	EXP 	text: text = 'You earned 4.7 out of 10 points in this round.\n\n Press [SPACE] to advance'
695.4827 	EXP 	text: autoDraw = True
695.9272 	DATA 	Keypress: space
695.9283 	EXP 	text: autoDraw = False
695.9450 	EXP 	text: text = 'Total points : 417.2'
703.5558 	EXP 	text: text = 'Press and hold [SPACE] to report the duration of the stimulus'
703.5558 	EXP 	text: autoDraw = True
704.2954 	DATA 	Keypress: space
704.2965 	EXP 	text: autoDraw = False
705.7285 	WARNING 	Stopping key buffers but this could be dangerous ifother keyboards rely on the same.
705.7617 	EXP 	text: text = 'You earned 7.9 out of 10 points in this round.\n\n Press [SPACE] to advance'
705.7617 	EXP 	text: autoDraw = True
706.2553 	DATA 	Keypress: space
706.2562 	EXP 	text: autoDraw = False
706.2615 	EXP 	text: text = 'Total points : 425.1'
712.6725 	EXP 	text: text = 'Press and hold [SPACE] to report the duration of the stimulus'
712.6725 	EXP 	text: autoDraw = True
713.1193 	DATA 	Keypress: space
713.1204 	EXP 	text: autoDraw = False
713.8777 	WARNING 	Stopping key buffers but this could be dangerous ifother keyboards rely on the same.
713.8950 	EXP 	text: text = 'You earned 4.8 out of 10 points in this round.\n\n Press [SPACE] to advance'
713.8950 	EXP 	text: autoDraw = True
714.2873 	DATA 	Keypress: space
714.2882 	EXP 	text: autoDraw = False
714.2950 	EXP 	text: text = 'Total points : 429.9'
721.9057 	EXP 	text: text = 'Press and hold [SPACE] to report the duration of the stimulus'
721.9057 	EXP 	text: autoDraw = True
722.4635 	DATA 	Keypress: space
722.4645 	EXP 	text: autoDraw = False
723.5785 	WARNING 	Stopping key buffers but this could be dangerous ifother keyboards rely on the same.
723.6117 	EXP 	text: text = 'You earned 4.2 out of 10 points in this round.\n\n Press [SPACE] to advance'
723.6117 	EXP 	text: autoDraw = True
724.0472 	DATA 	Keypress: space
724.0483 	EXP 	text: autoDraw = False
724.0617 	EXP 	text: text = 'Total points : 434.1'
730.0227 	EXP 	text: text = 'Press and hold [SPACE] to report the duration of the stimulus'
730.0227 	EXP 	text: autoDraw = True
730.7674 	DATA 	Keypress: space
730.7686 	EXP 	text: autoDraw = False
731.5817 	WARNING 	Stopping key buffers but this could be dangerous ifother keyboards rely on the same.
731.5948 	EXP 	text: text = 'You earned 7.3 out of 10 points in this round.\n\n Press [SPACE] to advance'
731.5948 	EXP 	text: autoDraw = True
732.1272 	DATA 	Keypress: space
732.1282 	EXP 	text: autoDraw = False
732.1451 	EXP 	text: text = 'Total points : 441.4'
739.3057 	EXP 	text: text = 'Press and hold [SPACE] to report the duration of the stimulus'
739.3057 	EXP 	text: autoDraw = True
740.0473 	DATA 	Keypress: space
740.0484 	EXP 	text: autoDraw = False
741.1338 	WARNING 	Stopping key buffers but this could be dangerous ifother keyboards rely on the same.
741.1469 	EXP 	text: text = 'You earned 5.6 out of 10 points in this round.\n\n Press [SPACE] to advance'
741.1469 	EXP 	text: autoDraw = True
741.7192 	DATA 	Keypress: space
741.7202 	EXP 	text: autoDraw = False
741.7283 	EXP 	text: text = 'Total points : 447.0'
749.1297 	EXP 	text: text = 'Press and hold [SPACE] to report the duration of the stimulus'
749.1297 	EXP 	text: autoDraw = True
749.3834 	DATA 	Keypress: space
749.3844 	EXP 	text: autoDraw = False
750.7452 	WARNING 	Stopping key buffers but this could be dangerous ifother keyboards rely on the same.
750.7783 	EXP 	text: text = 'You earned 8.0 out of 10 points in this round.\n\n Press [SPACE] to advance'
750.7783 	EXP 	text: autoDraw = True
751.3832 	DATA 	Keypress: space
751.3842 	EXP 	text: autoDraw = False
751.3950 	EXP 	text: text = 'Total points : 455.0'
759.0057 	EXP 	text: text = 'Press and hold [SPACE] to report the duration of the stimulus'
759.0057 	EXP 	text: autoDraw = True
759.4633 	DATA 	Keypress: space
759.4644 	EXP 	text: autoDraw = False
760.7285 	WARNING 	Stopping key buffers but this could be dangerous ifother keyboards rely on the same.
760.7617 	EXP 	text: text = 'You earned 5.7 out of 10 points in this round.\n\n Press [SPACE] to advance'
760.7617 	EXP 	text: autoDraw = True
761.1673 	DATA 	Keypress: space
761.1683 	EXP 	text: autoDraw = False
761.1783 	EXP 	text: text = 'Total points : 460.7'
767.1390 	EXP 	text: text = 'Press and hold [SPACE] to report the duration of the stimulus'
767.1390 	EXP 	text: autoDraw = True
767.6155 	DATA 	Keypress: space
767.6166 	EXP 	text: autoDraw = False
768.6451 	WARNING 	Stopping key buffers but this could be dangerous ifother keyboards rely on the same.
768.6617 	EXP 	text: text = 'Total points : 460.7'
768.6617 	EXP 	text: text = 'Your response exceeded the actual time.\n\n Press [SPACE] to advance'
768.6617 	EXP 	text: autoDraw = True
769.1912 	DATA 	Keypress: space
769.1921 	EXP 	text: autoDraw = False
774.5139 	EXP 	text: text = 'Press and hold [SPACE] to report the duration of the stimulus'
774.5139 	EXP 	text: autoDraw = True
775.4074 	DATA 	Keypress: space
775.4085 	EXP 	text: autoDraw = False
776.0777 	WARNING 	Stopping key buffers but this could be dangerous ifother keyboards rely on the same.
776.0949 	EXP 	text: text = 'You earned 8.6 out of 10 points in this round.\n\n Press [SPACE] to advance'
776.0949 	EXP 	text: autoDraw = True
776.6312 	DATA 	Keypress: space
776.6322 	EXP 	text: autoDraw = False
776.6450 	EXP 	text: text = 'Total points : 469.3'
783.0553 	EXP 	text: text = 'Press and hold [SPACE] to report the duration of the stimulus'
783.0553 	EXP 	text: autoDraw = True
783.7675 	DATA 	Keypress: space
783.7685 	EXP 	text: autoDraw = False
784.5977 	WARNING 	Stopping key buffers but this could be dangerous ifother keyboards rely on the same.
784.6112 	EXP 	text: text = 'You earned 5.6 out of 10 points in this round.\n\n Press [SPACE] to advance'
784.6112 	EXP 	text: autoDraw = True
785.1992 	DATA 	Keypress: space
785.2002 	EXP 	text: autoDraw = False
785.2116 	EXP 	text: text = 'Total points : 474.9'
792.8230 	EXP 	text: text = 'Press and hold [SPACE] to report the duration of the stimulus'
792.8230 	EXP 	text: autoDraw = True
793.6474 	DATA 	Keypress: space
793.6484 	EXP 	text: autoDraw = False
794.8951 	WARNING 	Stopping key buffers but this could be dangerous ifother keyboards rely on the same.
794.9283 	EXP 	text: text = 'You earned 5.6 out of 10 points in this round.\n\n Press [SPACE] to advance'
794.9283 	EXP 	text: autoDraw = True
795.3833 	DATA 	Keypress: space
795.3842 	EXP 	text: autoDraw = False
795.3950 	EXP 	text: text = 'Total points : 480.5'
801.1475 	EXP 	text: text = 'Press and hold [SPACE] to report the duration of the stimulus'
801.1475 	EXP 	text: autoDraw = True
801.9114 	DATA 	Keypress: space
801.9125 	EXP 	text: autoDraw = False
802.6857 	WARNING 	Stopping key buffers but this could be dangerous ifother keyboards rely on the same.
802.6987 	EXP 	text: text = 'You earned 7.8 out of 10 points in this round.\n\n Press [SPACE] to advance'
802.6987 	EXP 	text: autoDraw = True
803.1832 	DATA 	Keypress: space
803.1842 	EXP 	text: autoDraw = False
803.1950 	EXP 	text: text = 'Total points : 488.3'
809.9966 	EXP 	text: text = 'Press and hold [SPACE] to report the duration of the stimulus'
809.9966 	EXP 	text: autoDraw = True
810.7115 	DATA 	Keypress: space
810.7126 	EXP 	text: autoDraw = False
811.6218 	WARNING 	Stopping key buffers but this could be dangerous ifother keyboards rely on the same.
811.6349 	EXP 	text: text = 'You earned 5.1 out of 10 points in this round.\n\n Press [SPACE] to advance'
811.6349 	EXP 	text: autoDraw = True
812.2073 	DATA 	Keypress: space
812.2083 	EXP 	text: autoDraw = False
812.2135 	EXP 	text: text = 'Total points : 493.4'
817.5140 	EXP 	text: text = 'Press and hold [SPACE] to report the duration of the stimulus'
817.5140 	EXP 	text: autoDraw = True
818.2394 	DATA 	Keypress: space
818.2406 	EXP 	text: autoDraw = False
819.0618 	WARNING 	Stopping key buffers but this could be dangerous ifother keyboards rely on the same.
819.0783 	EXP 	text: text = 'Total points : 493.4'
819.0783 	EXP 	text: text = 'Your response exceeded the actual time.\n\n Press [SPACE] to advance'
819.0783 	EXP 	text: autoDraw = True
819.5919 	DATA 	Keypress: space
819.5934 	EXP 	text: autoDraw = False
827.0143 	EXP 	text: text = 'Press and hold [SPACE] to report the duration of the stimulus'
827.0143 	EXP 	text: autoDraw = True
827.7994 	DATA 	Keypress: space
827.8005 	EXP 	text: autoDraw = False
829.1285 	WARNING 	Stopping key buffers but this could be dangerous ifother keyboards rely on the same.
829.1617 	EXP 	text: text = 'You earned 7.5 out of 10 points in this round.\n\n Press [SPACE] to advance'
829.1617 	EXP 	text: autoDraw = True
829.6793 	DATA 	Keypress: space
829.6802 	EXP 	text: autoDraw = False
829.6950 	EXP 	text: text = 'Total points : 500.9'
836.4968 	EXP 	text: text = 'Press and hold [SPACE] to report the duration of the stimulus'
836.4968 	EXP 	text: autoDraw = True
837.2394 	DATA 	Keypress: space
837.2405 	EXP 	text: autoDraw = False
838.3338 	WARNING 	Stopping key buffers but this could be dangerous ifother keyboards rely on the same.
838.3469 	EXP 	text: text = 'You earned 7.3 out of 10 points in this round.\n\n Press [SPACE] to advance'
838.3469 	EXP 	text: autoDraw = True
838.8712 	DATA 	Keypress: space
838.8721 	EXP 	text: autoDraw = False
838.8783 	EXP 	text: text = 'Total points : 508.2'
844.3888 	EXP 	text: text = 'Press and hold [SPACE] to report the duration of the stimulus'
844.3888 	EXP 	text: autoDraw = True
844.9274 	DATA 	Keypress: space
844.9284 	EXP 	text: autoDraw = False
845.8119 	WARNING 	Stopping key buffers but this could be dangerous ifother keyboards rely on the same.
845.8283 	EXP 	text: text = 'Total points : 508.2'
845.8283 	EXP 	text: text = 'Your response exceeded the actual time.\n\n Press [SPACE] to advance'
845.8283 	EXP 	text: autoDraw = True
847.3433 	DATA 	Keypress: space
847.3444 	EXP 	text: autoDraw = False
853.7871 	EXP 	text: text = 'Press and hold [SPACE] to report the duration of the stimulus'
853.7871 	EXP 	text: autoDraw = True
854.4154 	DATA 	Keypress: space
854.4165 	EXP 	text: autoDraw = False
855.2938 	WARNING 	Stopping key buffers but this could be dangerous ifother keyboards rely on the same.
855.3116 	EXP 	text: text = 'You earned 6.1 out of 10 points in this round.\n\n Press [SPACE] to advance'
855.3116 	EXP 	text: autoDraw = True
855.7032 	DATA 	Keypress: space
855.7041 	EXP 	text: autoDraw = False
855.7116 	EXP 	text: text = 'Total points : 514.3'
861.6724 	EXP 	text: text = 'Press and hold [SPACE] to report the duration of the stimulus'
861.6724 	EXP 	text: autoDraw = True
862.3754 	DATA 	Keypress: space
862.3765 	EXP 	text: autoDraw = False
863.1737 	WARNING 	Stopping key buffers but this could be dangerous ifother keyboards rely on the same.
863.1867 	EXP 	text: text = 'You earned 7.0 out of 10 points in this round.\n\n Press [SPACE] to advance'
863.1867 	EXP 	text: autoDraw = True
863.7993 	DATA 	Keypress: space
863.8003 	EXP 	text: autoDraw = False
863.8117 	EXP 	text: text = 'Total points : 521.3'
869.5633 	EXP 	text: text = 'Press and hold [SPACE] to report the duration of the stimulus'
869.5633 	EXP 	text: autoDraw = True
870.2553 	DATA 	Keypress: space
870.2563 	EXP 	text: autoDraw = False
871.1417 	WARNING 	Stopping key buffers but this could be dangerous ifother keyboards rely on the same.
871.1616 	EXP 	text: text = 'You earned 9.8 out of 10 points in this round.\n\n Press [SPACE] to advance'
871.1616 	EXP 	text: autoDraw = True
871.7993 	DATA 	Keypress: space
871.8002 	EXP 	text: autoDraw = False
871.8116 	EXP 	text: text = 'Total points : 531.1'
879.2131 	EXP 	text: text = 'Press and hold [SPACE] to report the duration of the stimulus'
879.2131 	EXP 	text: autoDraw = True
879.7354 	DATA 	Keypress: space
879.7364 	EXP 	text: autoDraw = False
880.7618 	WARNING 	Stopping key buffers but this could be dangerous ifother keyboards rely on the same.
880.7950 	EXP 	text: text = 'You earned 4.1 out of 10 points in this round.\n\n Press [SPACE] to advance'
880.7950 	EXP 	text: autoDraw = True
881.1592 	DATA 	Keypress: space
881.1602 	EXP 	text: autoDraw = False
881.1655 	EXP 	text: text = 'Total points : 535.2'
886.4637 	EXP 	text: text = 'Press and hold [SPACE] to report the duration of the stimulus'
886.4637 	EXP 	text: autoDraw = True
887.2476 	DATA 	Keypress: space
887.2486 	EXP 	text: autoDraw = False
888.1784 	WARNING 	Stopping key buffers but this could be dangerous ifother keyboards rely on the same.
888.1950 	EXP 	text: text = 'Total points : 535.2'
888.1950 	EXP 	text: text = 'Your response exceeded the actual time.\n\n Press [SPACE] to advance'
888.1950 	EXP 	text: autoDraw = True
888.6713 	DATA 	Keypress: space
888.6722 	EXP 	text: autoDraw = False
896.0981 	EXP 	text: text = 'Press and hold [SPACE] to report the duration of the stimulus'
896.0981 	EXP 	text: autoDraw = True
896.8793 	DATA 	Keypress: space
896.8802 	EXP 	text: autoDraw = False
898.2951 	WARNING 	Stopping key buffers but this could be dangerous ifother keyboards rely on the same.
898.3283 	EXP 	text: text = 'You earned 9.1 out of 10 points in this round.\n\n Press [SPACE] to advance'
898.3283 	EXP 	text: autoDraw = True
899.0233 	DATA 	Keypress: space
899.0242 	EXP 	text: autoDraw = False
899.0294 	EXP 	text: text = 'Total points : 544.3'
905.2309 	EXP 	text: text = 'Press and hold [SPACE] to report the duration of the stimulus'
905.2309 	EXP 	text: autoDraw = True
906.0633 	DATA 	Keypress: space
906.0644 	EXP 	text: autoDraw = False
906.8938 	WARNING 	Stopping key buffers but this could be dangerous ifother keyboards rely on the same.
906.9116 	EXP 	text: text = 'You earned 6.5 out of 10 points in this round.\n\n Press [SPACE] to advance'
906.9116 	EXP 	text: autoDraw = True
907.4472 	DATA 	Keypress: space
907.4482 	EXP 	text: autoDraw = False
907.4616 	EXP 	text: text = 'Total points : 550.8'
914.8648 	EXP 	text: text = 'Press and hold [SPACE] to report the duration of the stimulus'
914.8648 	EXP 	text: autoDraw = True
915.5113 	DATA 	Keypress: space
915.5124 	EXP 	text: autoDraw = False
916.9118 	WARNING 	Stopping key buffers but this could be dangerous ifother keyboards rely on the same.
916.9449 	EXP 	text: text = 'You earned 8.8 out of 10 points in this round.\n\n Press [SPACE] to advance'
916.9449 	EXP 	text: autoDraw = True
917.5193 	DATA 	Keypress: space
917.5202 	EXP 	text: autoDraw = False
917.5283 	EXP 	text: text = 'Total points : 559.6'
923.4888 	EXP 	text: text = 'Press and hold [SPACE] to report the duration of the stimulus'
923.4888 	EXP 	text: autoDraw = True
924.3513 	DATA 	Keypress: space
924.3522 	EXP 	text: autoDraw = False
925.1897 	WARNING 	Stopping key buffers but this could be dangerous ifother keyboards rely on the same.
925.2032 	EXP 	text: text = 'You earned 7.6 out of 10 points in this round.\n\n Press [SPACE] to advance'
925.2032 	EXP 	text: autoDraw = True
925.7352 	DATA 	Keypress: space
925.7361 	EXP 	text: autoDraw = False
925.7450 	EXP 	text: text = 'Total points : 567.2'
931.9463 	EXP 	text: text = 'Press and hold [SPACE] to report the duration of the stimulus'
931.9463 	EXP 	text: autoDraw = True
932.6153 	DATA 	Keypress: space
932.6164 	EXP 	text: autoDraw = False
933.4297 	WARNING 	Stopping key buffers but this could be dangerous ifother keyboards rely on the same.
933.4449 	EXP 	text: text = 'You earned 6.3 out of 10 points in this round.\n\n Press [SPACE] to advance'
933.4449 	EXP 	text: autoDraw = True
933.9113 	DATA 	Keypress: space
933.9122 	EXP 	text: autoDraw = False
933.9283 	EXP 	text: text = 'Total points : 573.5'
941.5394 	EXP 	text: text = 'Press and hold [SPACE] to report the duration of the stimulus'
941.5394 	EXP 	text: autoDraw = True
941.9994 	DATA 	Keypress: space
942.0005 	EXP 	text: autoDraw = False
943.1618 	WARNING 	Stopping key buffers but this could be dangerous ifother keyboards rely on the same.
943.1950 	EXP 	text: text = 'You earned 4.7 out of 10 points in this round.\n\n Press [SPACE] to advance'
943.1950 	EXP 	text: autoDraw = True
943.6714 	DATA 	Keypress: space
943.6724 	EXP 	text: autoDraw = False
943.6779 	EXP 	text: text = 'Total points : 578.2'
950.4795 	EXP 	text: text = 'Press and hold [SPACE] to report the duration of the stimulus'
950.4795 	EXP 	text: autoDraw = True
951.0634 	DATA 	Keypress: space
951.0644 	EXP 	text: autoDraw = False
951.9737 	WARNING 	Stopping key buffers but this could be dangerous ifother keyboards rely on the same.
951.9867 	EXP 	text: text = 'You earned 5.1 out of 10 points in this round.\n\n Press [SPACE] to advance'
951.9867 	EXP 	text: autoDraw = True
952.4632 	DATA 	Keypress: space
952.4643 	EXP 	text: autoDraw = False
952.4783 	EXP 	text: text = 'Total points : 583.3'
959.2805 	EXP 	text: text = 'Press and hold [SPACE] to report the duration of the stimulus'
959.2805 	EXP 	text: autoDraw = True
959.9114 	DATA 	Keypress: space
959.9125 	EXP 	text: autoDraw = False
960.9337 	WARNING 	Stopping key buffers but this could be dangerous ifother keyboards rely on the same.
960.9468 	EXP 	text: text = 'You earned 6.4 out of 10 points in this round.\n\n Press [SPACE] to advance'
960.9468 	EXP 	text: autoDraw = True
961.4152 	DATA 	Keypress: space
961.4163 	EXP 	text: autoDraw = False
961.4283 	EXP 	text: text = 'Total points : 589.7'
966.9390 	EXP 	text: text = 'Press and hold [SPACE] to report the duration of the stimulus'
966.9390 	EXP 	text: autoDraw = True
967.7674 	DATA 	Keypress: space
967.7684 	EXP 	text: autoDraw = False
968.7118 	WARNING 	Stopping key buffers but this could be dangerous ifother keyboards rely on the same.
968.7283 	EXP 	text: text = 'Total points : 589.7'
968.7283 	EXP 	text: text = 'Your response exceeded the actual time.\n\n Press [SPACE] to advance'
968.7283 	EXP 	text: autoDraw = True
969.1913 	DATA 	Keypress: space
969.1924 	EXP 	text: autoDraw = False
975.6229 	EXP 	text: text = 'Press and hold [SPACE] to report the duration of the stimulus'
975.6229 	EXP 	text: autoDraw = True
976.3754 	DATA 	Keypress: space
976.3765 	EXP 	text: autoDraw = False
977.3258 	WARNING 	Stopping key buffers but this could be dangerous ifother keyboards rely on the same.
977.3450 	EXP 	text: text = 'You earned 7.1 out of 10 points in this round.\n\n Press [SPACE] to advance'
977.3450 	EXP 	text: autoDraw = True
977.9032 	DATA 	Keypress: space
977.9043 	EXP 	text: autoDraw = False
977.9115 	EXP 	text: text = 'Total points : 596.8'
983.6640 	EXP 	text: text = 'Press and hold [SPACE] to report the duration of the stimulus'
983.6640 	EXP 	text: autoDraw = True
984.2553 	DATA 	Keypress: space
984.2563 	EXP 	text: autoDraw = False
984.9977 	WARNING 	Stopping key buffers but this could be dangerous ifother keyboards rely on the same.
985.0117 	EXP 	text: text = 'You earned 7.3 out of 10 points in this round.\n\n Press [SPACE] to advance'
985.0117 	EXP 	text: autoDraw = True
985.4552 	DATA 	Keypress: space
985.4562 	EXP 	text: autoDraw = False
985.4617 	EXP 	text: text = 'Total points : 604.1'
990.7641 	EXP 	text: text = 'Press and hold [SPACE] to report the duration of the stimulus'
990.7641 	EXP 	text: autoDraw = True
991.5833 	DATA 	Keypress: space
991.5843 	EXP 	text: autoDraw = False
992.3258 	WARNING 	Stopping key buffers but this could be dangerous ifother keyboards rely on the same.
992.3449 	EXP 	text: text = 'You earned 9.9 out of 10 points in this round.\n\n Press [SPACE] to advance'
992.3449 	EXP 	text: autoDraw = True
992.8392 	DATA 	Keypress: space
992.8403 	EXP 	text: autoDraw = False
992.8455 	EXP 	text: text = 'Total points : 614.0'
1000.2471 	EXP 	text: text = 'Press and hold [SPACE] to report the duration of the stimulus'
1000.2471 	EXP 	text: autoDraw = True
1000.6153 	DATA 	Keypress: space
1000.6163 	EXP 	text: autoDraw = False
1001.6451 	WARNING 	Stopping key buffers but this could be dangerous ifother keyboards rely on the same.
1001.6783 	EXP 	text: text = 'You earned 4.1 out of 10 points in this round.\n\n Press [SPACE] to advance'
1001.6783 	EXP 	text: autoDraw = True
1002.0472 	DATA 	Keypress: space
1002.0483 	EXP 	text: autoDraw = False
1002.0617 	EXP 	text: text = 'Total points : 618.1'
1008.2638 	EXP 	text: text = 'Press and hold [SPACE] to report the duration of the stimulus'
1008.2638 	EXP 	text: autoDraw = True
1008.8472 	DATA 	Keypress: space
1008.8482 	EXP 	text: autoDraw = False
1009.8457 	WARNING 	Stopping key buffers but this could be dangerous ifother keyboards rely on the same.
1009.8617 	EXP 	text: text = 'You earned 9.0 out of 10 points in this round.\n\n Press [SPACE] to advance'
1009.8617 	EXP 	text: autoDraw = True
1010.2793 	DATA 	Keypress: space
1010.2803 	EXP 	text: autoDraw = False
1010.2950 	EXP 	text: text = 'Total points : 627.1'
1015.8061 	EXP 	text: text = 'Press and hold [SPACE] to report the duration of the stimulus'
1015.8061 	EXP 	text: autoDraw = True
1016.3994 	DATA 	Keypress: space
1016.4004 	EXP 	text: autoDraw = False
1017.0857 	WARNING 	Stopping key buffers but this could be dangerous ifother keyboards rely on the same.
1017.0988 	EXP 	text: text = 'You earned 7.6 out of 10 points in this round.\n\n Press [SPACE] to advance'
1017.0988 	EXP 	text: autoDraw = True
1017.5831 	DATA 	Keypress: space
1017.5846 	EXP 	text: autoDraw = False
1017.5950 	EXP 	text: text = 'Total points : 634.7'
1022.8973 	EXP 	text: text = 'Press and hold [SPACE] to report the duration of the stimulus'
1022.8973 	EXP 	text: autoDraw = True
1023.5753 	DATA 	Keypress: space
1023.5764 	EXP 	text: autoDraw = False
1024.3258 	WARNING 	Stopping key buffers but this could be dangerous ifother keyboards rely on the same.
1024.3450 	EXP 	text: text = 'You earned 10.0 out of 10 points in this round.\n\n Press [SPACE] to advance'
1024.3450 	EXP 	text: autoDraw = True
1024.7672 	DATA 	Keypress: space
1024.7683 	EXP 	text: autoDraw = False
1024.7783 	EXP 	text: text = 'Total points : 644.7'
1031.5808 	EXP 	text: text = 'Press and hold [SPACE] to report the duration of the stimulus'
1031.5808 	EXP 	text: autoDraw = True
1032.3514 	DATA 	Keypress: space
1032.3524 	EXP 	text: autoDraw = False
1033.3498 	WARNING 	Stopping key buffers but this could be dangerous ifother keyboards rely on the same.
1033.3630 	EXP 	text: text = 'You earned 6.1 out of 10 points in this round.\n\n Press [SPACE] to advance'
1033.3630 	EXP 	text: autoDraw = True
1033.7992 	DATA 	Keypress: space
1033.8003 	EXP 	text: autoDraw = False
1033.8116 	EXP 	text: text = 'Total points : 650.8'
1040.6138 	EXP 	text: text = 'Press and hold [SPACE] to report the duration of the stimulus'
1040.6138 	EXP 	text: autoDraw = True
1040.9993 	DATA 	Keypress: space
1041.0003 	EXP 	text: autoDraw = False
1041.9498 	WARNING 	Stopping key buffers but this could be dangerous ifother keyboards rely on the same.
1041.9629 	EXP 	text: text = 'You earned 5.5 out of 10 points in this round.\n\n Press [SPACE] to advance'
1041.9629 	EXP 	text: autoDraw = True
1042.3912 	DATA 	Keypress: space
1042.3922 	EXP 	text: autoDraw = False
1042.3975 	EXP 	text: text = 'Total points : 656.3'
1049.1972 	EXP 	text: text = 'Press and hold [SPACE] to report the duration of the stimulus'
1049.1972 	EXP 	text: autoDraw = True
1049.7994 	DATA 	Keypress: space
1049.8004 	EXP 	text: autoDraw = False
1050.7737 	WARNING 	Stopping key buffers but this could be dangerous ifother keyboards rely on the same.
1050.7868 	EXP 	text: text = 'You earned 5.8 out of 10 points in this round.\n\n Press [SPACE] to advance'
1050.7868 	EXP 	text: autoDraw = True
1051.2792 	DATA 	Keypress: space
1051.2802 	EXP 	text: autoDraw = False
1051.2950 	EXP 	text: text = 'Total points : 662.1'
1057.7065 	EXP 	text: text = 'Press and hold [SPACE] to report the duration of the stimulus'
1057.7065 	EXP 	text: autoDraw = True
1058.1915 	DATA 	Keypress: space
1058.1926 	EXP 	text: autoDraw = False
1059.1418 	WARNING 	Stopping key buffers but this could be dangerous ifother keyboards rely on the same.
1059.1617 	EXP 	text: text = 'You earned 7.1 out of 10 points in this round.\n\n Press [SPACE] to advance'
1059.1617 	EXP 	text: autoDraw = True
1059.5754 	DATA 	Keypress: space
1059.5763 	EXP 	text: autoDraw = False
1059.5817 	EXP 	text: text = 'Total points : 669.2'
1066.0061 	EXP 	text: text = 'Press and hold [SPACE] to report the duration of the stimulus'
1066.0061 	EXP 	text: autoDraw = True
1066.6953 	DATA 	Keypress: space
1066.6965 	EXP 	text: autoDraw = False
1067.7178 	WARNING 	Stopping key buffers but this could be dangerous ifother keyboards rely on the same.
1067.7308 	EXP 	text: text = 'You earned 8.2 out of 10 points in this round.\n\n Press [SPACE] to advance'
1067.7308 	EXP 	text: autoDraw = True
1068.1033 	DATA 	Keypress: space
1068.1043 	EXP 	text: autoDraw = False
1068.1116 	EXP 	text: text = 'Total points : 677.4'
1073.6224 	EXP 	text: text = 'Press and hold [SPACE] to report the duration of the stimulus'
1073.6224 	EXP 	text: autoDraw = True
1074.2794 	DATA 	Keypress: space
1074.2804 	EXP 	text: autoDraw = False
1074.9737 	WARNING 	Stopping key buffers but this could be dangerous ifother keyboards rely on the same.
1074.9869 	EXP 	text: text = 'You earned 7.7 out of 10 points in this round.\n\n Press [SPACE] to advance'
1074.9869 	EXP 	text: autoDraw = True
1075.3913 	DATA 	Keypress: space
1075.3922 	EXP 	text: autoDraw = False
1075.3977 	EXP 	text: text = 'Total points : 685.1'
1081.5967 	EXP 	text: text = 'Press and hold [SPACE] to report the duration of the stimulus'
1081.5967 	EXP 	text: autoDraw = True
1082.1514 	DATA 	Keypress: space
1082.1525 	EXP 	text: autoDraw = False
1082.9418 	WARNING 	Stopping key buffers but this could be dangerous ifother keyboards rely on the same.
1082.9616 	EXP 	text: text = 'You earned 6.0 out of 10 points in this round.\n\n Press [SPACE] to advance'
1082.9616 	EXP 	text: autoDraw = True
1083.3272 	DATA 	Keypress: space
1083.3283 	EXP 	text: autoDraw = False
1083.3450 	EXP 	text: text = 'Total points : 691.1'
1089.0964 	EXP 	text: text = 'Press and hold [SPACE] to report the duration of the stimulus'
1089.0964 	EXP 	text: autoDraw = True
1089.5841 	DATA 	Keypress: space
1089.5859 	EXP 	text: autoDraw = False
1090.3738 	WARNING 	Stopping key buffers but this could be dangerous ifother keyboards rely on the same.
1090.3869 	EXP 	text: text = 'You earned 8.1 out of 10 points in this round.\n\n Press [SPACE] to advance'
1090.3869 	EXP 	text: autoDraw = True
1090.7192 	DATA 	Keypress: space
1090.7201 	EXP 	text: autoDraw = False
1090.7283 	EXP 	text: text = 'Total points : 699.2'
1096.0309 	EXP 	text: text = 'Press and hold [SPACE] to report the duration of the stimulus'
1096.0309 	EXP 	text: autoDraw = True
1096.5033 	DATA 	Keypress: space
1096.5045 	EXP 	text: autoDraw = False
1097.2951 	WARNING 	Stopping key buffers but this could be dangerous ifother keyboards rely on the same.
1097.3116 	EXP 	text: text = 'Total points : 699.2'
1097.3116 	EXP 	text: text = 'Your response exceeded the actual time.\n\n Press [SPACE] to advance'
1097.3116 	EXP 	text: autoDraw = True
1097.9352 	DATA 	Keypress: space
1097.9362 	EXP 	text: autoDraw = False
1105.5728 	EXP 	text: text = 'Press and hold [SPACE] to report the duration of the stimulus'
1105.5728 	EXP 	text: autoDraw = True
1106.0314 	DATA 	Keypress: space
1106.0326 	EXP 	text: autoDraw = False
1107.4118 	WARNING 	Stopping key buffers but this could be dangerous ifother keyboards rely on the same.
1107.4450 	EXP 	text: text = 'You earned 7.1 out of 10 points in this round.\n\n Press [SPACE] to advance'
1107.4450 	EXP 	text: autoDraw = True
1107.8152 	DATA 	Keypress: space
1107.8162 	EXP 	text: autoDraw = False
1107.8283 	EXP 	text: text = 'Total points : 706.3'
1113.1307 	EXP 	text: text = 'Press and hold [SPACE] to report the duration of the stimulus'
1113.1307 	EXP 	text: autoDraw = True
1113.8793 	DATA 	Keypress: space
1113.8802 	EXP 	text: autoDraw = False
1114.8618 	WARNING 	Stopping key buffers but this could be dangerous ifother keyboards rely on the same.
1114.8782 	EXP 	text: text = 'Total points : 706.3'
1114.8782 	EXP 	text: text = 'Your response exceeded the actual time.\n\n Press [SPACE] to advance'
1114.8782 	EXP 	text: autoDraw = True
1115.5032 	DATA 	Keypress: space
1115.5043 	EXP 	text: autoDraw = False
1121.0388 	EXP 	text: text = 'Press and hold [SPACE] to report the duration of the stimulus'
1121.0388 	EXP 	text: autoDraw = True
1121.6313 	DATA 	Keypress: space
1121.6323 	EXP 	text: autoDraw = False
1122.3658 	WARNING 	Stopping key buffers but this could be dangerous ifother keyboards rely on the same.
1122.3791 	EXP 	text: text = 'You earned 8.4 out of 10 points in this round.\n\n Press [SPACE] to advance'
1122.3791 	EXP 	text: autoDraw = True
1122.7993 	DATA 	Keypress: space
1122.8003 	EXP 	text: autoDraw = False
1122.8116 	EXP 	text: text = 'Total points : 714.7'
1128.5632 	EXP 	text: text = 'Press and hold [SPACE] to report the duration of the stimulus'
1128.5632 	EXP 	text: autoDraw = True
1128.9593 	DATA 	Keypress: space
1128.9604 	EXP 	text: autoDraw = False
1129.6778 	WARNING 	Stopping key buffers but this could be dangerous ifother keyboards rely on the same.
1129.6950 	EXP 	text: text = 'You earned 7.0 out of 10 points in this round.\n\n Press [SPACE] to advance'
1129.6950 	EXP 	text: autoDraw = True
1130.1593 	DATA 	Keypress: space
1130.1602 	EXP 	text: autoDraw = False
1130.1655 	EXP 	text: text = 'Total points : 721.7'
1136.3645 	EXP 	text: text = 'Press and hold [SPACE] to report the duration of the stimulus'
1136.3645 	EXP 	text: autoDraw = True
1136.7993 	DATA 	Keypress: space
1136.8004 	EXP 	text: autoDraw = False
1137.6537 	WARNING 	Stopping key buffers but this could be dangerous ifother keyboards rely on the same.
1137.6667 	EXP 	text: text = 'You earned 6.8 out of 10 points in this round.\n\n Press [SPACE] to advance'
1137.6667 	EXP 	text: autoDraw = True
1138.0232 	DATA 	Keypress: space
1138.0243 	EXP 	text: autoDraw = False
1138.0295 	EXP 	text: text = 'Total points : 728.5'
1144.8304 	EXP 	text: text = 'Press and hold [SPACE] to report the duration of the stimulus'
1144.8304 	EXP 	text: autoDraw = True
1145.4873 	DATA 	Keypress: space
1145.4884 	EXP 	text: autoDraw = False
1146.5097 	WARNING 	Stopping key buffers but this could be dangerous ifother keyboards rely on the same.
1146.5283 	EXP 	text: text = 'You earned 6.4 out of 10 points in this round.\n\n Press [SPACE] to advance'
1146.5283 	EXP 	text: autoDraw = True
1146.9272 	DATA 	Keypress: space
1146.9283 	EXP 	text: autoDraw = False
1146.9450 	EXP 	text: text = 'Total points : 734.9'
1154.5561 	EXP 	text: text = 'Press and hold [SPACE] to report the duration of the stimulus'
1154.5561 	EXP 	text: autoDraw = True
1155.1994 	DATA 	Keypress: space
1155.2004 	EXP 	text: autoDraw = False
1156.3951 	WARNING 	Stopping key buffers but this could be dangerous ifother keyboards rely on the same.
1156.4283 	EXP 	text: text = 'You earned 5.0 out of 10 points in this round.\n\n Press [SPACE] to advance'
1156.4283 	EXP 	text: autoDraw = True
1157.0553 	DATA 	Keypress: space
1157.0563 	EXP 	text: autoDraw = False
1157.0609 	INFO 	Finishing at 09:55 on 26 Sep 2019
1157.3237 	EXP 	window1: mouseVisible = True
