11.2613 	ERROR 	Screen apparently NOT the desired resolution of 3840x2160 pixels!!
21.2204 	WARNING 	User requested fullscreen with size [3840 2160], but screen is actually [1920, 1080]. Using actual size
21.8071 	INFO 	Successfully set darwin thread to realtime
22.8665 	INFO 	#[ PsychoPy3 RuntimeInfoStart ]
  #[[ PsychoPy ]] #---------
    psychopyVersion: 3.2.3
    psychopyHaveExtRush: True
  #[[ Experiment ]] #---------
    experimentRunTime: 2019_10_08 16:31 (Year_Month_Day Hour:Min)
    experimentRunTime.epoch: 1570566704
    experimentScript: duration_judgments_using_space_bar.py
    experimentScript.digestSHA1: 5e088fecb52f70dc4032971e1f2c46374624cbfa
    experimentScript.directory: /Users/supadhy6/Documents/GitHub/spatio_temporal_information_processing/Time_Subjective_Expansion/Jon_Ian_collaboration
  #[[ System ]] #---------
    systemHaveInternetAccess: True
    systemHostName: pbs-cf-mini1.local
    systemLocale: C
    systemMemFreeRAM: 9996.17578125
    systemMemTotalRAM: 16384.0
    systemPlatform: darwin 10.12.6 x86_64
    systemPyoVersion: -
    systemRebooted: Sep 25 02:06
    systemSec.OpenSSLVersion: OpenSSL 0.9.8zh 14 Jan 2016
    systemSec.pythonSSL: True
    systemTimeNumpySD1000000_sec: 0.0062
    systemUser: supadhy6
    systemUserID: 1903061739
    systemUsersCount: 1
  #[[ Window ]] #---------
    windowWinType: pyglet
    windowUnits: deg
    windowSize_pix: [1920 1080]
    windowScreen: 0
    windowRgb: [255. 255. 255.]
    windowRefreshTimeSD_ms: 0.085
    windowRefreshTimeMedian_ms: 16.682
    windowRefreshTimeAvg_ms: 16.667
    windowPos_pix: [0.0, 0.0]
    windowMonitor.name: testmonitor
    windowMonitor.getWidth_cm: 56.0
    windowMonitor.getDistance_cm: 65.0
    windowMonitor.currentCalibName: 2019_09_24 12:00
    windowIsFullScr: True
  #[[ Python ]] #---------
    pythonVersion: 3.6.1
  #[[ OpenGL ]] #---------
#[ PsychoPy3 RuntimeInfoEnd ]

