12.6705 	INFO 	Successfully set darwin thread to realtime
13.7390 	INFO 	#[ PsychoPy2 RuntimeInfoStart ]
  #[[ PsychoPy ]] #---------
    psychopyVersion: 1.90.2
    psychopyHaveExtRush: True
  #[[ Experiment ]] #---------
    experimentRunTime: 2018_11_28 19:21 (Year_Month_Day Hour:Min)
    experimentRunTime.epoch: 1543450909
    experimentScript: AB_spatial.py
    experimentScript.digestSHA1: 439d9b4d5d92f079c9b6353f1d05d798c5584bb0
    experimentScript.directory: /Users/supadhy6/Documents/GitHub/spatio_temporal_information_processing/AB_spatial
  #[[ System ]] #---------
    systemHaveInternetAccess: True
    systemHostName: pbs-jf-aldi.local
    systemLocale: C
    systemMemFreeRAM: 6658.64453125
    systemMemTotalRAM: 16384.0
    systemPlatform: darwin 10.14.1 x86_64
    systemRavailable: R version 3.3.2 (2016-10-31) -- Sincere Pumpkin Patch
    systemRebooted: Nov 27 13:40
    systemSec.OpenSSLVersion: OpenSSL 1.0.2j  26 Sep 2016
    systemSec.pythonSSL: True
    systemTimeNumpySD1000000_sec: 0.0026
    systemUser: supadhy6
    systemUserID: 1903061739
    systemUserProcCount: 282
    systemUserProcFlagged: KeyNote ''Google Chrome'' iTunes Safari mdworker Dropbox
    systemUsersCount: 1
  #[[ Window ]] #---------
    windowWinType: pyglet
    windowUnits: deg
    windowSize_pix: [1440  900]
    windowScreen: 0
    windowRgb: [-0.7 -0.7 -0.7]
    windowRefreshTimeSD_ms: 0.791
    windowRefreshTimeMedian_ms: 16.661
    windowRefreshTimeAvg_ms: 16.724
    windowPos_pix: [0, 0]
    windowMonitor.name: testmonitor
    windowMonitor.getWidth_cm: 28.2
    windowMonitor.getDistance_cm: 57.0
    windowMonitor.currentCalibName: 2017_01_17 14:52
    windowIsFullScr: True
  #[[ Python ]] #---------
    pythonVersion: 2.7.13
  #[[ OpenGL ]] #---------
#[ PsychoPy2 RuntimeInfoEnd ]

13.7809 	WARNING 	Could not load the desired click sound file, instead using manually created inferior click
13.7812 	EXP 	Set  sound=D
13.8525 	EXP 	Set  sound=D
13.8526 	EXP 	Set  sound=A
13.8610 	EXP 	Created sequence: sequential, trialTypes=80, nReps=1, seed=None
13.9936 	EXP 	Created sequence: random, trialTypes=80, nReps=1, seed=None
13.9941 	INFO 	numtrials=80 and each trialDurFrames=182 or 3033.33333333 ms  task=T1T2
14.1890 	INFO 	Experiment will have 80 trials. Letters will be drawn with superposed noise of0.00%
14.1891 	INFO 	Starting main (non-staircase) part of experiment
14.1893 	EXP 	New trial (rep=0, index=0): {'cueCoords': [-6, 0], 'cue1pos': 10, 'cue2lag': 2}
18.3030 	EXP 	window1: recordFrameIntervals = False
20.7076 	DATA 	Keypress: e
20.7086 	EXP 	Sound  started
21.7569 	DATA 	Keypress: b
21.7578 	EXP 	Sound  started
21.8030 	EXP 	Created unnamed TextStim = TextStim(alignHoriz='center', alignVert='center', antialias=True, autoLog=True, bold=False, color=array([1., 1., 1.]), colorSpace='rgb', contrast=1.0, depth=0, flipHoriz=False, flipVert=False, font='', fontFiles=[], height=1.0, italic=False, name='unnamed TextStim', opacity=1.0, ori=0.0, pos=array([0., 0.]), rgb=array([1., 1., 1.]), text='The correct answer is : T, O', units='deg', win=Window(...), wrapWidth=15.0)
23.0130 	DATA 	Keypress: space
25.6232 	DATA 	Keypress: space
26.1266 	EXP 	New trial (rep=0, index=1): {'cueCoords': [-6, 0], 'cue1pos': 10, 'cue2lag': 1}
30.1185 	EXP 	window1: recordFrameIntervals = False
32.0599 	DATA 	Keypress: a
32.0697 	EXP 	Sound  started
32.7561 	DATA 	Keypress: q
32.7570 	EXP 	Sound  started
32.7958 	EXP 	Created unnamed TextStim = TextStim(alignHoriz='center', alignVert='center', antialias=True, autoLog=True, bold=False, color=array([1., 1., 1.]), colorSpace='rgb', contrast=1.0, depth=0, flipHoriz=False, flipVert=False, font='', fontFiles=[], height=1.0, italic=False, name='unnamed TextStim', opacity=1.0, ori=0.0, pos=array([0., 0.]), rgb=array([1., 1., 1.]), text='The correct answer is : A, O', units='deg', win=Window(...), wrapWidth=15.0)
33.5746 	DATA 	Keypress: space
50.3228 	DATA 	Keypress: space
50.8263 	EXP 	New trial (rep=0, index=2): {'cueCoords': [-6, 0], 'cue1pos': 10, 'cue2lag': 8}
55.1022 	EXP 	window1: recordFrameIntervals = False
56.2935 	DATA 	Keypress: m
56.3029 	EXP 	Sound  started
56.7064 	DATA 	Keypress: p
56.7072 	EXP 	Sound  started
56.7449 	EXP 	Created unnamed TextStim = TextStim(alignHoriz='center', alignVert='center', antialias=True, autoLog=True, bold=False, color=array([1., 1., 1.]), colorSpace='rgb', contrast=1.0, depth=0, flipHoriz=False, flipVert=False, font='', fontFiles=[], height=1.0, italic=False, name='unnamed TextStim', opacity=1.0, ori=0.0, pos=array([0., 0.]), rgb=array([1., 1., 1.]), text='The correct answer is : K, D', units='deg', win=Window(...), wrapWidth=15.0)
57.4549 	DATA 	Keypress: space
59.3733 	DATA 	Keypress: space
59.8776 	EXP 	New trial (rep=0, index=3): {'cueCoords': [-6, 0], 'cue1pos': 10, 'cue2lag': 5}
64.0028 	EXP 	window1: recordFrameIntervals = False
64.9550 	DATA 	Keypress: j
64.9558 	EXP 	Sound  started
65.4732 	DATA 	Keypress: z
65.4740 	EXP 	Sound  started
65.5120 	EXP 	Created unnamed TextStim = TextStim(alignHoriz='center', alignVert='center', antialias=True, autoLog=True, bold=False, color=array([1., 1., 1.]), colorSpace='rgb', contrast=1.0, depth=0, flipHoriz=False, flipVert=False, font='', fontFiles=[], height=1.0, italic=False, name='unnamed TextStim', opacity=1.0, ori=0.0, pos=array([0., 0.]), rgb=array([1., 1., 1.]), text='The correct answer is : J, Z', units='deg', win=Window(...), wrapWidth=15.0)
66.1087 	DATA 	Keypress: space
70.0097 	DATA 	Keypress: space
70.5229 	EXP 	New trial (rep=0, index=4): {'cueCoords': [-6, 0], 'cue1pos': 10, 'cue2lag': 10}
74.3858 	EXP 	window1: recordFrameIntervals = False
75.9278 	DATA 	Keypress: k
75.9360 	EXP 	Sound  started
77.2218 	DATA 	Keypress: s
77.2223 	EXP 	Sound  started
77.2472 	EXP 	Created unnamed TextStim = TextStim(alignHoriz='center', alignVert='center', antialias=True, autoLog=True, bold=False, color=array([1., 1., 1.]), colorSpace='rgb', contrast=1.0, depth=0, flipHoriz=False, flipVert=False, font='', fontFiles=[], height=1.0, italic=False, name='unnamed TextStim', opacity=1.0, ori=0.0, pos=array([0., 0.]), rgb=array([1., 1., 1.]), text='The correct answer is : K, T', units='deg', win=Window(...), wrapWidth=15.0)
78.0429 	DATA 	Keypress: space
85.2071 	DATA 	Keypress: space
85.7105 	EXP 	New trial (rep=0, index=5): {'cueCoords': [-6, 0], 'cue1pos': 8, 'cue2lag': 2}
89.6696 	EXP 	window1: recordFrameIntervals = False
91.8052 	DATA 	Keypress: c
91.8057 	EXP 	Sound  started
92.5233 	DATA 	Keypress: o
92.5241 	EXP 	Sound  started
92.5502 	EXP 	Created unnamed TextStim = TextStim(alignHoriz='center', alignVert='center', antialias=True, autoLog=True, bold=False, color=array([1., 1., 1.]), colorSpace='rgb', contrast=1.0, depth=0, flipHoriz=False, flipVert=False, font='', fontFiles=[], height=1.0, italic=False, name='unnamed TextStim', opacity=1.0, ori=0.0, pos=array([0., 0.]), rgb=array([1., 1., 1.]), text='The correct answer is : O, A', units='deg', win=Window(...), wrapWidth=15.0)
93.4510 	DATA 	Keypress: space
95.7260 	DATA 	Keypress: space
96.2385 	EXP 	New trial (rep=0, index=6): {'cueCoords': [-6, 0], 'cue1pos': 8, 'cue2lag': 1}
100.0863 	EXP 	window1: recordFrameIntervals = False
102.4897 	DATA 	Keypress: h
102.4904 	EXP 	Sound  started
105.6728 	DATA 	Keypress: s
105.6736 	EXP 	Sound  started
105.6924 	EXP 	Created unnamed TextStim = TextStim(alignHoriz='center', alignVert='center', antialias=True, autoLog=True, bold=False, color=array([1., 1., 1.]), colorSpace='rgb', contrast=1.0, depth=0, flipHoriz=False, flipVert=False, font='', fontFiles=[], height=1.0, italic=False, name='unnamed TextStim', opacity=1.0, ori=0.0, pos=array([0., 0.]), rgb=array([1., 1., 1.]), text='The correct answer is : O, H', units='deg', win=Window(...), wrapWidth=15.0)
106.4791 	DATA 	Keypress: space
108.1214 	DATA 	Keypress: space
108.6245 	EXP 	New trial (rep=0, index=7): {'cueCoords': [-6, 0], 'cue1pos': 8, 'cue2lag': 8}
112.6698 	EXP 	window1: recordFrameIntervals = False
113.6880 	DATA 	Keypress: w
113.6885 	EXP 	Sound  started
114.1259 	DATA 	Keypress: v
114.1375 	EXP 	Sound  started
114.1788 	EXP 	Created unnamed TextStim = TextStim(alignHoriz='center', alignVert='center', antialias=True, autoLog=True, bold=False, color=array([1., 1., 1.]), colorSpace='rgb', contrast=1.0, depth=0, flipHoriz=False, flipVert=False, font='', fontFiles=[], height=1.0, italic=False, name='unnamed TextStim', opacity=1.0, ori=0.0, pos=array([0., 0.]), rgb=array([1., 1., 1.]), text='The correct answer is : W, U', units='deg', win=Window(...), wrapWidth=15.0)
114.5204 	DATA 	Keypress: space
120.6719 	DATA 	Keypress: space
121.1756 	EXP 	New trial (rep=0, index=8): {'cueCoords': [-6, 0], 'cue1pos': 8, 'cue2lag': 5}
125.4364 	EXP 	window1: recordFrameIntervals = False
127.7053 	DATA 	Keypress: s
127.7061 	EXP 	Sound  started
128.1702 	DATA 	Keypress: p
128.1705 	EXP 	Sound  started
128.2111 	EXP 	Created unnamed TextStim = TextStim(alignHoriz='center', alignVert='center', antialias=True, autoLog=True, bold=False, color=array([1., 1., 1.]), colorSpace='rgb', contrast=1.0, depth=0, flipHoriz=False, flipVert=False, font='', fontFiles=[], height=1.0, italic=False, name='unnamed TextStim', opacity=1.0, ori=0.0, pos=array([0., 0.]), rgb=array([1., 1., 1.]), text='The correct answer is : H, F', units='deg', win=Window(...), wrapWidth=15.0)
128.9202 	DATA 	Keypress: space
161.7091 	DATA 	Keypress: space
162.2127 	EXP 	New trial (rep=0, index=9): {'cueCoords': [-6, 0], 'cue1pos': 8, 'cue2lag': 10}
166.4863 	EXP 	window1: recordFrameIntervals = False
167.8228 	DATA 	Keypress: o
167.8236 	EXP 	Sound  started
168.3737 	DATA 	Keypress: c
168.3746 	EXP 	Sound  started
168.4115 	EXP 	Created unnamed TextStim = TextStim(alignHoriz='center', alignVert='center', antialias=True, autoLog=True, bold=False, color=array([1., 1., 1.]), colorSpace='rgb', contrast=1.0, depth=0, flipHoriz=False, flipVert=False, font='', fontFiles=[], height=1.0, italic=False, name='unnamed TextStim', opacity=1.0, ori=0.0, pos=array([0., 0.]), rgb=array([1., 1., 1.]), text='The correct answer is : O, C', units='deg', win=Window(...), wrapWidth=15.0)
169.2696 	DATA 	Keypress: space
172.5237 	DATA 	Keypress: space
173.0265 	EXP 	New trial (rep=0, index=10): {'cueCoords': [-6, 0], 'cue1pos': 6, 'cue2lag': 2}
177.2865 	EXP 	window1: recordFrameIntervals = False
181.5414 	DATA 	Keypress: s
181.5422 	EXP 	Sound  started
182.3539 	DATA 	Keypress: i
182.3544 	EXP 	Sound  started
182.3934 	EXP 	Created unnamed TextStim = TextStim(alignHoriz='center', alignVert='center', antialias=True, autoLog=True, bold=False, color=array([1., 1., 1.]), colorSpace='rgb', contrast=1.0, depth=0, flipHoriz=False, flipVert=False, font='', fontFiles=[], height=1.0, italic=False, name='unnamed TextStim', opacity=1.0, ori=0.0, pos=array([0., 0.]), rgb=array([1., 1., 1.]), text='The correct answer is : S, H', units='deg', win=Window(...), wrapWidth=15.0)
182.8667 	DATA 	Keypress: space
188.0391 	DATA 	Keypress: space
188.5422 	EXP 	New trial (rep=0, index=11): {'cueCoords': [-6, 0], 'cue1pos': 6, 'cue2lag': 1}
192.4032 	EXP 	window1: recordFrameIntervals = False
193.4445 	DATA 	Keypress: o
193.4524 	EXP 	Sound  started
193.7401 	DATA 	Keypress: c
193.7409 	EXP 	Sound  started
193.7780 	EXP 	Created unnamed TextStim = TextStim(alignHoriz='center', alignVert='center', antialias=True, autoLog=True, bold=False, color=array([1., 1., 1.]), colorSpace='rgb', contrast=1.0, depth=0, flipHoriz=False, flipVert=False, font='', fontFiles=[], height=1.0, italic=False, name='unnamed TextStim', opacity=1.0, ori=0.0, pos=array([0., 0.]), rgb=array([1., 1., 1.]), text='The correct answer is : V, O', units='deg', win=Window(...), wrapWidth=15.0)
194.1174 	DATA 	Keypress: space
197.1430 	DATA 	Keypress: space
197.6554 	EXP 	New trial (rep=0, index=12): {'cueCoords': [-6, 0], 'cue1pos': 6, 'cue2lag': 8}
201.5863 	EXP 	window1: recordFrameIntervals = False
408.6067 	DATA 	Keypress: h
408.6081 	EXP 	Sound  started
408.6733 	DATA 	Keypress: h
408.6741 	EXP 	Sound  started
408.7040 	EXP 	Created unnamed TextStim = TextStim(alignHoriz='center', alignVert='center', antialias=True, autoLog=True, bold=False, color=array([1., 1., 1.]), colorSpace='rgb', contrast=1.0, depth=0, flipHoriz=False, flipVert=False, font='', fontFiles=[], height=1.0, italic=False, name='unnamed TextStim', opacity=1.0, ori=0.0, pos=array([0., 0.]), rgb=array([1., 1., 1.]), text='The correct answer is : J, V', units='deg', win=Window(...), wrapWidth=15.0)
410.4088 	DATA 	Keypress: space
410.9564 	DATA 	Keypress: space
411.4761 	EXP 	New trial (rep=0, index=13): {'cueCoords': [-6, 0], 'cue1pos': 6, 'cue2lag': 5}
415.4695 	EXP 	window1: recordFrameIntervals = False
415.4708 	ERROR 	trialnum=13 ERROR,9 frames were longer than 20.8 ms apparently screen refreshes skipped, interframe durs were:[33.2 32.6 32.8 32.3 35.3 32.7 35.4 32.7 32.4] and was these frames: [13 21 28 31 36 42 54 71 74]
415.7794 	EXP 	window1: mouseVisible = True
