16.1601 	INFO 	Successfully set darwin thread to realtime
17.2309 	INFO 	#[ PsychoPy2 RuntimeInfoStart ]
  #[[ PsychoPy ]] #---------
    psychopyVersion: 1.90.2
    psychopyHaveExtRush: True
  #[[ Experiment ]] #---------
    experimentRunTime: 2018_11_28 19:37 (Year_Month_Day Hour:Min)
    experimentRunTime.epoch: 1543451857
    experimentScript: AB_spatial.py
    experimentScript.digestSHA1: c3f1f11aa3c130b71c5af945465c9892af7a161d
    experimentScript.directory: /Users/supadhy6/Documents/GitHub/spatio_temporal_information_processing/AB_spatial
  #[[ System ]] #---------
    systemHaveInternetAccess: True
    systemHostName: pbs-jf-aldi.local
    systemLocale: C
    systemMemFreeRAM: 6862.03125
    systemMemTotalRAM: 16384.0
    systemPlatform: darwin 10.14.1 x86_64
    systemRavailable: R version 3.3.2 (2016-10-31) -- Sincere Pumpkin Patch
    systemRebooted: Nov 27 13:40
    systemSec.OpenSSLVersion: OpenSSL 1.0.2j  26 Sep 2016
    systemSec.pythonSSL: True
    systemTimeNumpySD1000000_sec: 0.0028
    systemUser: supadhy6
    systemUserID: 1903061739
    systemUserProcCount: 285
    systemUserProcFlagged: KeyNote ''Google Chrome'' iTunes Safari mdworker Dropbox
    systemUsersCount: 1
  #[[ Window ]] #---------
    windowWinType: pyglet
    windowUnits: deg
    windowSize_pix: [1440  900]
    windowScreen: 0
    windowRgb: [-0.7 -0.7 -0.7]
    windowRefreshTimeSD_ms: 0.671
    windowRefreshTimeMedian_ms: 16.737
    windowRefreshTimeAvg_ms: 16.716
    windowPos_pix: [0, 0]
    windowMonitor.name: testmonitor
    windowMonitor.getWidth_cm: 28.2
    windowMonitor.getDistance_cm: 57.0
    windowMonitor.currentCalibName: 2017_01_17 14:52
    windowIsFullScr: True
  #[[ Python ]] #---------
    pythonVersion: 2.7.13
  #[[ OpenGL ]] #---------
#[ PsychoPy2 RuntimeInfoEnd ]

17.2711 	WARNING 	Could not load the desired click sound file, instead using manually created inferior click
17.2713 	EXP 	Set  sound=D
17.3623 	EXP 	Set  sound=D
17.3625 	EXP 	Set  sound=A
17.3726 	EXP 	Created sequence: sequential, trialTypes=80, nReps=1, seed=None
17.5183 	EXP 	Created sequence: random, trialTypes=80, nReps=1, seed=None
17.5187 	INFO 	numtrials=80 and each trialDurFrames=182 or 3033.33333333 ms  task=T1T2
17.6858 	INFO 	Experiment will have 80 trials. Letters will be drawn with superposed noise of0.00%
17.6859 	INFO 	Starting main (non-staircase) part of experiment
17.6861 	EXP 	New trial (rep=0, index=0): {'cueCoords': [-2, 0], 'cue1pos': 14, 'cue2lag': 10}
21.7795 	EXP 	window1: recordFrameIntervals = False
22.9555 	DATA 	Keypress: d
22.9625 	EXP 	Sound  started
23.2341 	DATA 	Keypress: k
23.2349 	EXP 	Sound  started
23.2798 	EXP 	Created unnamed TextStim = TextStim(alignHoriz='center', alignVert='center', antialias=True, autoLog=True, bold=False, color=array([1., 1., 1.]), colorSpace='rgb', contrast=1.0, depth=0, flipHoriz=False, flipVert=False, font='', fontFiles=[], height=1.0, italic=False, name='unnamed TextStim', opacity=1.0, ori=0.0, pos=array([0., 0.]), rgb=array([1., 1., 1.]), text='The correct answer is : Q, K', units='deg', win=Window(...), wrapWidth=15.0)
23.8978 	DATA 	Keypress: space
25.6821 	DATA 	Keypress: space
26.1851 	EXP 	New trial (rep=0, index=1): {'cueCoords': [-2, 0], 'cue1pos': 14, 'cue2lag': 1}
30.3128 	EXP 	window1: recordFrameIntervals = False
31.7484 	DATA 	Keypress: w
31.7491 	EXP 	Sound  started
31.8976 	DATA 	Keypress: j
31.8980 	EXP 	Sound  started
31.9411 	EXP 	Created unnamed TextStim = TextStim(alignHoriz='center', alignVert='center', antialias=True, autoLog=True, bold=False, color=array([1., 1., 1.]), colorSpace='rgb', contrast=1.0, depth=0, flipHoriz=False, flipVert=False, font='', fontFiles=[], height=1.0, italic=False, name='unnamed TextStim', opacity=1.0, ori=0.0, pos=array([0., 0.]), rgb=array([1., 1., 1.]), text='The correct answer is : L, H', units='deg', win=Window(...), wrapWidth=15.0)
32.4531 	DATA 	Keypress: space
34.2480 	DATA 	Keypress: space
34.7512 	EXP 	New trial (rep=0, index=2): {'cueCoords': [-2, 0], 'cue1pos': 14, 'cue2lag': 2}
38.9797 	EXP 	window1: recordFrameIntervals = False
39.7817 	DATA 	Keypress: m
39.7822 	EXP 	Sound  started
39.9504 	DATA 	Keypress: c
39.9512 	EXP 	Sound  started
39.9889 	EXP 	Created unnamed TextStim = TextStim(alignHoriz='center', alignVert='center', antialias=True, autoLog=True, bold=False, color=array([1., 1., 1.]), colorSpace='rgb', contrast=1.0, depth=0, flipHoriz=False, flipVert=False, font='', fontFiles=[], height=1.0, italic=False, name='unnamed TextStim', opacity=1.0, ori=0.0, pos=array([0., 0.]), rgb=array([1., 1., 1.]), text='The correct answer is : M, C', units='deg', win=Window(...), wrapWidth=15.0)
40.1879 	DATA 	Keypress: space
42.4325 	DATA 	Keypress: space
42.9361 	EXP 	New trial (rep=0, index=3): {'cueCoords': [-2, 0], 'cue1pos': 14, 'cue2lag': 5}
47.1465 	EXP 	window1: recordFrameIntervals = False
48.2657 	DATA 	Keypress: m
48.2666 	EXP 	Sound  started
48.3701 	DATA 	Keypress: z
48.3800 	EXP 	Sound  started
48.4190 	EXP 	Created unnamed TextStim = TextStim(alignHoriz='center', alignVert='center', antialias=True, autoLog=True, bold=False, color=array([1., 1., 1.]), colorSpace='rgb', contrast=1.0, depth=0, flipHoriz=False, flipVert=False, font='', fontFiles=[], height=1.0, italic=False, name='unnamed TextStim', opacity=1.0, ori=0.0, pos=array([0., 0.]), rgb=array([1., 1., 1.]), text='The correct answer is : O, S', units='deg', win=Window(...), wrapWidth=15.0)
48.6468 	DATA 	Keypress: space
50.4502 	DATA 	Keypress: space
50.9543 	EXP 	New trial (rep=0, index=4): {'cueCoords': [-2, 0], 'cue1pos': 14, 'cue2lag': 8}
55.2457 	EXP 	window1: recordFrameIntervals = False
55.2464 	ERROR 	trialnum=4 ERROR,1 frames were longer than 20.8 ms apparently screen refreshes skipped, interframe durs were:[56.7] and was these frames: [60]
55.5482 	EXP 	window1: mouseVisible = True
