10.2115 	ERROR 	Screen apparently NOT the desired resolution of 2560x1440 pixels!!
16.3422 	INFO 	Successfully set darwin thread to realtime
17.3970 	INFO 	#[ PsychoPy3 RuntimeInfoStart ]
  #[[ PsychoPy ]] #---------
    psychopyVersion: 3.2.3
    psychopyHaveExtRush: True
  #[[ Experiment ]] #---------
    experimentRunTime: 2019_10_25 09:31 (Year_Month_Day Hour:Min)
    experimentRunTime.epoch: 1572010303
    experimentScript: Experiment 3.py
    experimentScript.digestSHA1: d16f3e6adde64d59fd024ef1218b6dbe0b19bf47
    experimentScript.directory: /Users/vsg/Documents/GitHub/spatio_temporal_information_processing/Time_Subjective_Expansion/Jon_Ian_collaboration
  #[[ System ]] #---------
    systemHaveInternetAccess: True
    systemHostName: pbs-jf-imac.local
    systemLocale: C
    systemMemFreeRAM: 817.6015625
    systemMemTotalRAM: 8192.0
    systemPlatform: darwin 10.13.6 x86_64
    systemPyoVersion: -
    systemRebooted: Oct 24 19:36
    systemSec.OpenSSLVersion: LibreSSL 2.2.7
    systemSec.pythonSSL: True
    systemTimeNumpySD1000000_sec: 0.0038
    systemUser: vsg
    systemUserID: 502
    systemUsersCount: 1
  #[[ Window ]] #---------
    windowWinType: pyglet
    windowUnits: deg
    windowSize_pix: [5120 2880]
    windowScreen: 0
    windowRgb: [255. 255. 255.]
    windowRefreshTimeSD_ms: 0.197
    windowRefreshTimeMedian_ms: 16.671
    windowRefreshTimeAvg_ms: 16.693
    windowPos_pix: [0.0, 0.0]
    windowMonitor.name: testmonitor
    windowMonitor.getWidth_cm: 52.0
    windowMonitor.getDistance_cm: 65.0
    windowMonitor.currentCalibName: 2019_09_24 14:26
    windowIsFullScr: True
  #[[ Python ]] #---------
    pythonVersion: 3.6.1
  #[[ OpenGL ]] #---------
#[ PsychoPy3 RuntimeInfoEnd ]

17.4777 	EXP 	Created text = TextStim(__class__=<class 'psychopy.visual.text.TextStim'>, alignHoriz='center', alignVert='center', antialias=True, autoLog=True, bold=False, color='black', colorSpace='named', contrast=1.0, depth=-1.0, flipHoriz=False, flipVert=False, font='Arial', fontFiles=[], height=0.35, italic=False, languageStyle='LTR', name='text', opacity=1.0, ori=0, pos=array([0., 0.]), rgb=array([0., 0., 0.]), text=str(...), units='deg', win=Window(...), wrapWidth=20)
17.4831 	EXP 	Created text = TextStim(__class__=<class 'psychopy.visual.text.TextStim'>, alignHoriz='center', alignVert='center', antialias=True, autoLog=True, bold=False, color='black', colorSpace='named', contrast=1.0, depth=-1.0, flipHoriz=False, flipVert=False, font='Arial', fontFiles=[], height=0.35, italic=False, languageStyle='LTR', name='text', opacity=1.0, ori=0, pos=array([5., 5.]), rgb=array([0., 0., 0.]), text='Total points : 0', units='deg', win=Window(...), wrapWidth=20)
17.5573 	EXP 	text: text = 'Welcome! Thank you for agreeing to participate in this study.\n\nIn this study, we want to examine your ability to perceive duration — how long something lasts.\n\nThe task is simple. In each trial, you will see a disc appear on the screen and then disappear. There will be four such disks. We want you to pay attention to how long the last disc lasts. Get a sense of its duration.\n\nThe fourth disk could be either the same / different type depending on the trial. After the fourth disc disappears it will be your turn to report its duration. Press and hold down the spacebar. \n\nTo help you judge better, we will display visual feedback while you are pressing the SPACE BAR. \n\nPress any key to continue to the next page. \n\n'
17.5573 	EXP 	text: autoDraw = True
82.8813 	DATA 	Keypress: space
82.8824 	EXP 	text: autoDraw = False
82.9621 	EXP 	text: text = "We really want you to be as accurate as you can. So a game will be played to make it more fun. We want you to hold down the space bar for as long as you saw the last disc lasted, but no longer! The closer you get to the right answer, the more points we will award you in that trial. But if you go over the actual duration you won't get any points on that trial. So you need to be as accurate as possible without going over to earn the max. Each trial will be for 10 points. There are about 100 trials. If you collect a total of 600 points by the end, we will double the credit you get for the experiment.\n\nIf you're feeling uncomfortable, you can press ESC key any time to stop the experiment.\n\nPress any key you are ready to do some practice trials.\n\n"
82.9621 	EXP 	text: autoDraw = True
125.7838 	DATA 	Keypress: space
125.7847 	EXP 	text: autoDraw = False
125.8004 	EXP 	text: autoDraw = True
133.0160 	EXP 	text: text = 'Press and hold [SPACE] to report the duration of the stimulus'
133.0160 	EXP 	text: autoDraw = True
133.7999 	DATA 	Keypress: space
133.8073 	EXP 	text: autoDraw = False
134.5184 	WARNING 	Stopping key buffers but this could be dangerous ifother keyboards rely on the same.
134.5439 	EXP 	text: text = 'You earned 9.4 out of 10 points in this round.\n\n Press [SPACE] to advance'
134.5439 	EXP 	text: autoDraw = True
136.6798 	DATA 	Keypress: space
136.6867 	EXP 	text: autoDraw = False
136.7051 	EXP 	text: text = 'Total points : 9.4'
144.6240 	EXP 	text: text = 'Press and hold [SPACE] to report the duration of the stimulus'
144.6240 	EXP 	text: autoDraw = True
145.3840 	DATA 	Keypress: space
145.3910 	EXP 	text: autoDraw = False
146.0544 	WARNING 	Stopping key buffers but this could be dangerous ifother keyboards rely on the same.
146.0806 	EXP 	text: text = 'You earned 5.7 out of 10 points in this round.\n\n Press [SPACE] to advance'
146.0806 	EXP 	text: autoDraw = True
147.9039 	DATA 	Keypress: space
147.9110 	EXP 	text: autoDraw = False
147.9255 	EXP 	text: text = 'Total points : 15.1'
157.0455 	EXP 	text: text = 'Press and hold [SPACE] to report the duration of the stimulus'
157.0455 	EXP 	text: autoDraw = True
157.8479 	DATA 	Keypress: space
157.8553 	EXP 	text: autoDraw = False
158.5105 	WARNING 	Stopping key buffers but this could be dangerous ifother keyboards rely on the same.
158.5358 	EXP 	text: text = 'You earned 3.1 out of 10 points in this round.\n\n Press [SPACE] to advance'
158.5358 	EXP 	text: autoDraw = True
160.2318 	DATA 	Keypress: space
160.2392 	EXP 	text: autoDraw = False
160.2568 	EXP 	text: text = 'Total points : 18.2'
160.2568 	EXP 	text: text = 'Total points : 0'
160.2568 	EXP 	text: text = 'Great! Now press any key to begin the experiment'
160.2568 	EXP 	text: autoDraw = True
177.7519 	DATA 	Keypress: space
177.7592 	EXP 	text: autoDraw = False
186.8891 	EXP 	text: text = 'Press and hold [SPACE] to report the duration of the stimulus'
186.8891 	EXP 	text: autoDraw = True
187.5279 	DATA 	Keypress: space
187.5341 	EXP 	text: autoDraw = False
188.4543 	WARNING 	Stopping key buffers but this could be dangerous ifother keyboards rely on the same.
188.4742 	EXP 	text: text = 'You earned 5.3 out of 10 points in this round.\n\n Press [SPACE] to advance'
188.4742 	EXP 	text: autoDraw = True
189.7679 	DATA 	Keypress: space
189.7751 	EXP 	text: autoDraw = False
189.7887 	EXP 	text: text = 'Total points : 5.3'
197.7928 	EXP 	text: text = 'Press and hold [SPACE] to report the duration of the stimulus'
197.7928 	EXP 	text: autoDraw = True
199.0959 	DATA 	Keypress: space
199.1031 	EXP 	text: autoDraw = False
199.6784 	WARNING 	Stopping key buffers but this could be dangerous ifother keyboards rely on the same.
199.7087 	EXP 	text: text = 'You earned 4.6 out of 10 points in this round.\n\n Press [SPACE] to advance'
199.7087 	EXP 	text: autoDraw = True
200.8479 	DATA 	Keypress: space
200.8548 	EXP 	text: autoDraw = False
200.8754 	EXP 	text: text = 'Total points : 9.9'
209.9953 	EXP 	text: text = 'Press and hold [SPACE] to report the duration of the stimulus'
209.9953 	EXP 	text: autoDraw = True
210.7118 	DATA 	Keypress: space
210.7192 	EXP 	text: autoDraw = False
211.4863 	WARNING 	Stopping key buffers but this could be dangerous ifother keyboards rely on the same.
211.5125 	EXP 	text: text = 'You earned 3.9 out of 10 points in this round.\n\n Press [SPACE] to advance'
211.5125 	EXP 	text: autoDraw = True
212.8718 	DATA 	Keypress: space
212.8788 	EXP 	text: autoDraw = False
212.8971 	EXP 	text: text = 'Total points : 13.8'
222.5004 	EXP 	text: text = 'Press and hold [SPACE] to report the duration of the stimulus'
222.5004 	EXP 	text: autoDraw = True
223.1678 	DATA 	Keypress: space
223.1752 	EXP 	text: autoDraw = False
224.1584 	WARNING 	Stopping key buffers but this could be dangerous ifother keyboards rely on the same.
224.1833 	EXP 	text: text = 'You earned 4.6 out of 10 points in this round.\n\n Press [SPACE] to advance'
224.1833 	EXP 	text: autoDraw = True
225.3358 	DATA 	Keypress: space
225.3431 	EXP 	text: autoDraw = False
225.3495 	EXP 	text: text = 'Total points : 18.4'
234.4698 	EXP 	text: text = 'Press and hold [SPACE] to report the duration of the stimulus'
234.4698 	EXP 	text: autoDraw = True
235.2798 	DATA 	Keypress: space
235.2869 	EXP 	text: autoDraw = False
236.3904 	WARNING 	Stopping key buffers but this could be dangerous ifother keyboards rely on the same.
236.4207 	EXP 	text: text = 'You earned 7.6 out of 10 points in this round.\n\n Press [SPACE] to advance'
236.4207 	EXP 	text: autoDraw = True
237.2959 	DATA 	Keypress: space
237.3030 	EXP 	text: autoDraw = False
237.3214 	EXP 	text: text = 'Total points : 26.0'
245.0402 	EXP 	text: text = 'Press and hold [SPACE] to report the duration of the stimulus'
245.0402 	EXP 	text: autoDraw = True
245.7598 	DATA 	Keypress: space
245.7671 	EXP 	text: autoDraw = False
246.3824 	WARNING 	Stopping key buffers but this could be dangerous ifother keyboards rely on the same.
246.4067 	EXP 	text: text = 'You earned 5.8 out of 10 points in this round.\n\n Press [SPACE] to advance'
246.4067 	EXP 	text: autoDraw = True
247.3278 	DATA 	Keypress: space
247.3351 	EXP 	text: autoDraw = False
247.3417 	EXP 	text: text = 'Total points : 31.8'
257.2970 	EXP 	text: text = 'Press and hold [SPACE] to report the duration of the stimulus'
257.2970 	EXP 	text: autoDraw = True
258.0159 	DATA 	Keypress: space
258.0232 	EXP 	text: autoDraw = False
259.3025 	WARNING 	Stopping key buffers but this could be dangerous ifother keyboards rely on the same.
259.3280 	EXP 	text: text = 'You earned 7.2 out of 10 points in this round.\n\n Press [SPACE] to advance'
259.3280 	EXP 	text: autoDraw = True
260.1279 	DATA 	Keypress: space
260.1352 	EXP 	text: autoDraw = False
260.1436 	EXP 	text: text = 'Total points : 39.0'
270.0657 	EXP 	text: text = 'Press and hold [SPACE] to report the duration of the stimulus'
270.0657 	EXP 	text: autoDraw = True
270.8800 	DATA 	Keypress: space
270.8873 	EXP 	text: autoDraw = False
272.1983 	WARNING 	Stopping key buffers but this could be dangerous ifother keyboards rely on the same.
272.2185 	EXP 	text: text = 'You earned 7.7 out of 10 points in this round.\n\n Press [SPACE] to advance'
272.2185 	EXP 	text: autoDraw = True
273.0798 	DATA 	Keypress: space
273.0871 	EXP 	text: autoDraw = False
273.0996 	EXP 	text: text = 'Total points : 46.7'
280.8182 	EXP 	text: text = 'Press and hold [SPACE] to report the duration of the stimulus'
280.8182 	EXP 	text: autoDraw = True
281.7439 	DATA 	Keypress: space
281.7509 	EXP 	text: autoDraw = False
282.4384 	WARNING 	Stopping key buffers but this could be dangerous ifother keyboards rely on the same.
282.4701 	EXP 	text: text = 'You earned 6.7 out of 10 points in this round.\n\n Press [SPACE] to advance'
282.4701 	EXP 	text: autoDraw = True
283.4718 	DATA 	Keypress: space
283.4791 	EXP 	text: autoDraw = False
283.4856 	EXP 	text: text = 'Total points : 53.4'
291.2049 	EXP 	text: text = 'Press and hold [SPACE] to report the duration of the stimulus'
291.2049 	EXP 	text: autoDraw = True
291.9999 	DATA 	Keypress: space
292.0075 	EXP 	text: autoDraw = False
292.8225 	WARNING 	Stopping key buffers but this could be dangerous ifother keyboards rely on the same.
292.8426 	EXP 	text: text = 'You earned 8.6 out of 10 points in this round.\n\n Press [SPACE] to advance'
292.8426 	EXP 	text: autoDraw = True
293.8158 	DATA 	Keypress: space
293.8227 	EXP 	text: autoDraw = False
293.8385 	EXP 	text: text = 'Total points : 62.0'
302.1596 	EXP 	text: text = 'Press and hold [SPACE] to report the duration of the stimulus'
302.1596 	EXP 	text: autoDraw = True
302.8398 	DATA 	Keypress: space
302.8472 	EXP 	text: autoDraw = False
303.6704 	WARNING 	Stopping key buffers but this could be dangerous ifother keyboards rely on the same.
303.6932 	EXP 	text: text = 'You earned 6.5 out of 10 points in this round.\n\n Press [SPACE] to advance'
303.6932 	EXP 	text: autoDraw = True
304.6238 	DATA 	Keypress: space
304.6311 	EXP 	text: autoDraw = False
304.6415 	EXP 	text: text = 'Total points : 68.5'
313.2458 	EXP 	text: text = 'Press and hold [SPACE] to report the duration of the stimulus'
313.2458 	EXP 	text: autoDraw = True
313.9598 	DATA 	Keypress: space
313.9672 	EXP 	text: autoDraw = False
315.1624 	WARNING 	Stopping key buffers but this could be dangerous ifother keyboards rely on the same.
315.1792 	EXP 	text: text = 'Total points : 68.5'
315.1792 	EXP 	text: text = 'Your response exceeded the actual time.\n\n Press [SPACE] to advance'
315.1792 	EXP 	text: autoDraw = True
316.6878 	DATA 	Keypress: space
316.6931 	EXP 	text: autoDraw = False
325.8496 	EXP 	text: text = 'Press and hold [SPACE] to report the duration of the stimulus'
325.8496 	EXP 	text: autoDraw = True
326.5039 	DATA 	Keypress: space
326.5111 	EXP 	text: autoDraw = False
327.6384 	WARNING 	Stopping key buffers but this could be dangerous ifother keyboards rely on the same.
327.6676 	EXP 	text: text = 'You earned 8.0 out of 10 points in this round.\n\n Press [SPACE] to advance'
327.6676 	EXP 	text: autoDraw = True
328.5757 	DATA 	Keypress: space
328.5828 	EXP 	text: autoDraw = False
328.6002 	EXP 	text: text = 'Total points : 76.5'
336.9211 	EXP 	text: text = 'Press and hold [SPACE] to report the duration of the stimulus'
336.9211 	EXP 	text: autoDraw = True
337.5761 	DATA 	Keypress: space
337.5828 	EXP 	text: autoDraw = False
338.3664 	WARNING 	Stopping key buffers but this could be dangerous ifother keyboards rely on the same.
338.3882 	EXP 	text: text = 'You earned 6.0 out of 10 points in this round.\n\n Press [SPACE] to advance'
338.3882 	EXP 	text: autoDraw = True
339.1919 	DATA 	Keypress: space
339.1993 	EXP 	text: autoDraw = False
339.2199 	EXP 	text: text = 'Total points : 82.5'
347.2237 	EXP 	text: text = 'Press and hold [SPACE] to report the duration of the stimulus'
347.2237 	EXP 	text: autoDraw = True
347.9680 	DATA 	Keypress: space
347.9752 	EXP 	text: autoDraw = False
348.9586 	WARNING 	Stopping key buffers but this could be dangerous ifother keyboards rely on the same.
348.9785 	EXP 	text: text = 'You earned 9.7 out of 10 points in this round.\n\n Press [SPACE] to advance'
348.9785 	EXP 	text: autoDraw = True
350.0159 	DATA 	Keypress: space
350.0229 	EXP 	text: autoDraw = False
350.0403 	EXP 	text: text = 'Total points : 92.2'
358.3602 	EXP 	text: text = 'Press and hold [SPACE] to report the duration of the stimulus'
358.3602 	EXP 	text: autoDraw = True
358.9359 	DATA 	Keypress: space
358.9430 	EXP 	text: autoDraw = False
359.8943 	WARNING 	Stopping key buffers but this could be dangerous ifother keyboards rely on the same.
359.9142 	EXP 	text: text = 'You earned 8.4 out of 10 points in this round.\n\n Press [SPACE] to advance'
359.9142 	EXP 	text: autoDraw = True
360.8478 	DATA 	Keypress: space
360.8550 	EXP 	text: autoDraw = False
360.8770 	EXP 	text: text = 'Total points : 100.6'
368.5968 	EXP 	text: text = 'Press and hold [SPACE] to report the duration of the stimulus'
368.5968 	EXP 	text: autoDraw = True
369.2480 	DATA 	Keypress: space
369.2553 	EXP 	text: autoDraw = False
369.9504 	WARNING 	Stopping key buffers but this could be dangerous ifother keyboards rely on the same.
369.9807 	EXP 	text: text = 'You earned 6.8 out of 10 points in this round.\n\n Press [SPACE] to advance'
369.9807 	EXP 	text: autoDraw = True
370.7519 	DATA 	Keypress: space
370.7595 	EXP 	text: autoDraw = False
370.7804 	EXP 	text: text = 'Total points : 107.4'
379.1002 	EXP 	text: text = 'Press and hold [SPACE] to report the duration of the stimulus'
379.1002 	EXP 	text: autoDraw = True
379.7438 	DATA 	Keypress: space
379.7509 	EXP 	text: autoDraw = False
380.7344 	WARNING 	Stopping key buffers but this could be dangerous ifother keyboards rely on the same.
380.7543 	EXP 	text: text = 'You earned 8.9 out of 10 points in this round.\n\n Press [SPACE] to advance'
380.7543 	EXP 	text: autoDraw = True
381.4478 	DATA 	Keypress: space
381.4550 	EXP 	text: autoDraw = False
381.4663 	EXP 	text: text = 'Total points : 116.3'
388.5867 	EXP 	text: text = 'Press and hold [SPACE] to report the duration of the stimulus'
388.5867 	EXP 	text: autoDraw = True
389.8158 	DATA 	Keypress: space
389.8231 	EXP 	text: autoDraw = False
390.2383 	WARNING 	Stopping key buffers but this could be dangerous ifother keyboards rely on the same.
390.2572 	EXP 	text: text = 'You earned 5.2 out of 10 points in this round.\n\n Press [SPACE] to advance'
390.2572 	EXP 	text: autoDraw = True
391.1038 	DATA 	Keypress: space
391.1111 	EXP 	text: autoDraw = False
391.1197 	EXP 	text: text = 'Total points : 121.5'
400.2404 	EXP 	text: text = 'Press and hold [SPACE] to report the duration of the stimulus'
400.2404 	EXP 	text: autoDraw = True
400.9679 	DATA 	Keypress: space
400.9753 	EXP 	text: autoDraw = False
401.9745 	WARNING 	Stopping key buffers but this could be dangerous ifother keyboards rely on the same.
401.9946 	EXP 	text: text = 'You earned 6.2 out of 10 points in this round.\n\n Press [SPACE] to advance'
401.9946 	EXP 	text: autoDraw = True
402.6638 	DATA 	Keypress: space
402.6704 	EXP 	text: autoDraw = False
402.6915 	EXP 	text: text = 'Total points : 127.7'
412.6112 	EXP 	text: text = 'Press and hold [SPACE] to report the duration of the stimulus'
412.6112 	EXP 	text: autoDraw = True
413.4879 	DATA 	Keypress: space
413.4950 	EXP 	text: autoDraw = False
414.7745 	WARNING 	Stopping key buffers but this could be dangerous ifother keyboards rely on the same.
414.7945 	EXP 	text: text = 'You earned 7.2 out of 10 points in this round.\n\n Press [SPACE] to advance'
414.7945 	EXP 	text: autoDraw = True
415.6158 	DATA 	Keypress: space
415.6230 	EXP 	text: autoDraw = False
415.6448 	EXP 	text: text = 'Total points : 134.9'
425.5650 	EXP 	text: text = 'Press and hold [SPACE] to report the duration of the stimulus'
425.5650 	EXP 	text: autoDraw = True
426.5678 	DATA 	Keypress: space
426.5751 	EXP 	text: autoDraw = False
427.7344 	WARNING 	Stopping key buffers but this could be dangerous ifother keyboards rely on the same.
427.7546 	EXP 	text: text = 'You earned 5.7 out of 10 points in this round.\n\n Press [SPACE] to advance'
427.7546 	EXP 	text: autoDraw = True
428.5597 	DATA 	Keypress: space
428.5666 	EXP 	text: autoDraw = False
428.5819 	EXP 	text: text = 'Total points : 140.6'
436.6016 	EXP 	text: text = 'Press and hold [SPACE] to report the duration of the stimulus'
436.6016 	EXP 	text: autoDraw = True
437.4799 	DATA 	Keypress: space
437.4873 	EXP 	text: autoDraw = False
438.7194 	WARNING 	Stopping key buffers but this could be dangerous ifother keyboards rely on the same.
438.7358 	EXP 	text: text = 'Total points : 140.6'
438.7358 	EXP 	text: text = 'Your response exceeded the actual time.\n\n Press [SPACE] to advance'
438.7358 	EXP 	text: autoDraw = True
439.8157 	DATA 	Keypress: space
439.8229 	EXP 	text: autoDraw = False
450.0562 	EXP 	text: text = 'Press and hold [SPACE] to report the duration of the stimulus'
450.0562 	EXP 	text: autoDraw = True
450.9758 	DATA 	Keypress: space
450.9831 	EXP 	text: autoDraw = False
452.0704 	WARNING 	Stopping key buffers but this could be dangerous ifother keyboards rely on the same.
452.0914 	EXP 	text: text = 'You earned 4.2 out of 10 points in this round.\n\n Press [SPACE] to advance'
452.0914 	EXP 	text: autoDraw = True
453.1758 	DATA 	Keypress: space
453.1832 	EXP 	text: autoDraw = False
453.1903 	EXP 	text: text = 'Total points : 144.8'
463.3951 	EXP 	text: text = 'Press and hold [SPACE] to report the duration of the stimulus'
463.3951 	EXP 	text: autoDraw = True
464.5039 	DATA 	Keypress: space
464.5111 	EXP 	text: autoDraw = False
465.8064 	WARNING 	Stopping key buffers but this could be dangerous ifother keyboards rely on the same.
465.8281 	EXP 	text: text = 'You earned 6.4 out of 10 points in this round.\n\n Press [SPACE] to advance'
465.8281 	EXP 	text: autoDraw = True
466.7359 	DATA 	Keypress: space
466.7412 	EXP 	text: autoDraw = False
466.7626 	EXP 	text: text = 'Total points : 151.2'
476.9655 	EXP 	text: text = 'Press and hold [SPACE] to report the duration of the stimulus'
476.9655 	EXP 	text: autoDraw = True
477.7599 	DATA 	Keypress: space
477.7672 	EXP 	text: autoDraw = False
478.9104 	WARNING 	Stopping key buffers but this could be dangerous ifother keyboards rely on the same.
478.9320 	EXP 	text: text = 'You earned 4.7 out of 10 points in this round.\n\n Press [SPACE] to advance'
478.9320 	EXP 	text: autoDraw = True
479.8719 	DATA 	Keypress: space
479.8786 	EXP 	text: autoDraw = False
479.8992 	EXP 	text: text = 'Total points : 155.9'
488.2202 	EXP 	text: text = 'Press and hold [SPACE] to report the duration of the stimulus'
488.2202 	EXP 	text: autoDraw = True
489.1761 	DATA 	Keypress: space
489.1816 	EXP 	text: autoDraw = False
490.0063 	WARNING 	Stopping key buffers but this could be dangerous ifother keyboards rely on the same.
490.0362 	EXP 	text: text = 'You earned 6.5 out of 10 points in this round.\n\n Press [SPACE] to advance'
490.0362 	EXP 	text: autoDraw = True
490.8878 	DATA 	Keypress: space
490.8950 	EXP 	text: autoDraw = False
490.9018 	EXP 	text: text = 'Total points : 162.4'
499.2229 	EXP 	text: text = 'Press and hold [SPACE] to report the duration of the stimulus'
499.2229 	EXP 	text: autoDraw = True
499.8958 	DATA 	Keypress: space
499.9018 	EXP 	text: autoDraw = False
500.5664 	WARNING 	Stopping key buffers but this could be dangerous ifother keyboards rely on the same.
500.5900 	EXP 	text: text = 'You earned 4.7 out of 10 points in this round.\n\n Press [SPACE] to advance'
500.5900 	EXP 	text: autoDraw = True
501.3839 	DATA 	Keypress: space
501.3911 	EXP 	text: autoDraw = False
501.4057 	EXP 	text: text = 'Total points : 167.1'
509.1255 	EXP 	text: text = 'Press and hold [SPACE] to report the duration of the stimulus'
509.1255 	EXP 	text: autoDraw = True
510.0719 	DATA 	Keypress: space
510.0792 	EXP 	text: autoDraw = False
510.7744 	WARNING 	Stopping key buffers but this could be dangerous ifother keyboards rely on the same.
510.7944 	EXP 	text: text = 'You earned 6.8 out of 10 points in this round.\n\n Press [SPACE] to advance'
510.7944 	EXP 	text: autoDraw = True
511.6878 	DATA 	Keypress: space
511.6950 	EXP 	text: autoDraw = False
511.7090 	EXP 	text: text = 'Total points : 173.9'
519.1120 	EXP 	text: text = 'Press and hold [SPACE] to report the duration of the stimulus'
519.1120 	EXP 	text: autoDraw = True
519.9599 	DATA 	Keypress: space
519.9672 	EXP 	text: autoDraw = False
520.4464 	WARNING 	Stopping key buffers but this could be dangerous ifother keyboards rely on the same.
520.4651 	EXP 	text: text = 'You earned 5.1 out of 10 points in this round.\n\n Press [SPACE] to advance'
520.4651 	EXP 	text: autoDraw = True
521.2558 	DATA 	Keypress: space
521.2628 	EXP 	text: autoDraw = False
521.2786 	EXP 	text: text = 'Total points : 179.0'
529.2817 	EXP 	text: text = 'Press and hold [SPACE] to report the duration of the stimulus'
529.2817 	EXP 	text: autoDraw = True
530.3679 	DATA 	Keypress: space
530.3751 	EXP 	text: autoDraw = False
531.3820 	WARNING 	Stopping key buffers but this could be dangerous ifother keyboards rely on the same.
531.3994 	EXP 	text: text = 'Total points : 179.0'
531.3994 	EXP 	text: text = 'Your response exceeded the actual time.\n\n Press [SPACE] to advance'
531.3994 	EXP 	text: autoDraw = True
532.4718 	DATA 	Keypress: space
532.4787 	EXP 	text: autoDraw = False
539.9188 	EXP 	text: text = 'Press and hold [SPACE] to report the duration of the stimulus'
539.9188 	EXP 	text: autoDraw = True
540.7439 	DATA 	Keypress: space
540.7510 	EXP 	text: autoDraw = False
541.4144 	WARNING 	Stopping key buffers but this could be dangerous ifother keyboards rely on the same.
541.4354 	EXP 	text: text = 'You earned 7.4 out of 10 points in this round.\n\n Press [SPACE] to advance'
541.4354 	EXP 	text: autoDraw = True
542.4478 	DATA 	Keypress: space
542.4551 	EXP 	text: autoDraw = False
542.4700 	EXP 	text: text = 'Total points : 186.4'
551.5888 	EXP 	text: text = 'Press and hold [SPACE] to report the duration of the stimulus'
551.5888 	EXP 	text: autoDraw = True
552.4080 	DATA 	Keypress: space
552.4152 	EXP 	text: autoDraw = False
553.2944 	WARNING 	Stopping key buffers but this could be dangerous ifother keyboards rely on the same.
553.3239 	EXP 	text: text = 'You earned 4.8 out of 10 points in this round.\n\n Press [SPACE] to advance'
553.3239 	EXP 	text: autoDraw = True
554.3119 	DATA 	Keypress: space
554.3191 	EXP 	text: autoDraw = False
554.3395 	EXP 	text: text = 'Total points : 191.2'
563.4602 	EXP 	text: text = 'Press and hold [SPACE] to report the duration of the stimulus'
563.4602 	EXP 	text: autoDraw = True
564.3999 	DATA 	Keypress: space
564.4061 	EXP 	text: autoDraw = False
565.5265 	WARNING 	Stopping key buffers but this could be dangerous ifother keyboards rely on the same.
565.5466 	EXP 	text: text = 'You earned 7.8 out of 10 points in this round.\n\n Press [SPACE] to advance'
565.5466 	EXP 	text: autoDraw = True
566.3359 	DATA 	Keypress: space
566.3428 	EXP 	text: autoDraw = False
566.3600 	EXP 	text: text = 'Total points : 199.0'
576.5640 	EXP 	text: text = 'Press and hold [SPACE] to report the duration of the stimulus'
576.5640 	EXP 	text: autoDraw = True
577.3999 	DATA 	Keypress: space
577.4073 	EXP 	text: autoDraw = False
578.5905 	WARNING 	Stopping key buffers but this could be dangerous ifother keyboards rely on the same.
578.6144 	EXP 	text: text = 'You earned 5.1 out of 10 points in this round.\n\n Press [SPACE] to advance'
578.6144 	EXP 	text: autoDraw = True
579.4559 	DATA 	Keypress: space
579.4612 	EXP 	text: autoDraw = False
579.4817 	EXP 	text: text = 'Total points : 204.1'
586.8849 	EXP 	text: text = 'Press and hold [SPACE] to report the duration of the stimulus'
586.8849 	EXP 	text: autoDraw = True
588.2640 	DATA 	Keypress: space
588.2713 	EXP 	text: autoDraw = False
589.2010 	WARNING 	Stopping key buffers but this could be dangerous ifother keyboards rely on the same.
589.2179 	EXP 	text: text = 'Total points : 204.1'
589.2179 	EXP 	text: text = 'Your response exceeded the actual time.\n\n Press [SPACE] to advance'
589.2179 	EXP 	text: autoDraw = True
590.1517 	DATA 	Keypress: space
590.1589 	EXP 	text: autoDraw = False
600.1050 	EXP 	text: text = 'Press and hold [SPACE] to report the duration of the stimulus'
600.1050 	EXP 	text: autoDraw = True
600.9038 	DATA 	Keypress: space
600.9110 	EXP 	text: autoDraw = False
602.0305 	WARNING 	Stopping key buffers but this could be dangerous ifother keyboards rely on the same.
602.0571 	EXP 	text: text = 'You earned 5.3 out of 10 points in this round.\n\n Press [SPACE] to advance'
602.0571 	EXP 	text: autoDraw = True
602.8958 	DATA 	Keypress: space
602.9016 	EXP 	text: autoDraw = False
602.9230 	EXP 	text: text = 'Total points : 209.4'
611.5251 	EXP 	text: text = 'Press and hold [SPACE] to report the duration of the stimulus'
611.5251 	EXP 	text: autoDraw = True
612.3040 	DATA 	Keypress: space
612.3112 	EXP 	text: autoDraw = False
613.1984 	WARNING 	Stopping key buffers but this could be dangerous ifother keyboards rely on the same.
613.2259 	EXP 	text: text = 'You earned 6.3 out of 10 points in this round.\n\n Press [SPACE] to advance'
613.2259 	EXP 	text: autoDraw = True
614.5679 	DATA 	Keypress: space
614.5748 	EXP 	text: autoDraw = False
614.5925 	EXP 	text: text = 'Total points : 215.7'
624.7964 	EXP 	text: text = 'Press and hold [SPACE] to report the duration of the stimulus'
624.7964 	EXP 	text: autoDraw = True
625.4959 	DATA 	Keypress: space
625.5032 	EXP 	text: autoDraw = False
626.4784 	WARNING 	Stopping key buffers but this could be dangerous ifother keyboards rely on the same.
626.4982 	EXP 	text: text = 'You earned 3.4 out of 10 points in this round.\n\n Press [SPACE] to advance'
626.4982 	EXP 	text: autoDraw = True
627.3999 	DATA 	Keypress: space
627.4072 	EXP 	text: autoDraw = False
627.4135 	EXP 	text: text = 'Total points : 219.1'
636.0163 	EXP 	text: text = 'Press and hold [SPACE] to report the duration of the stimulus'
636.0163 	EXP 	text: autoDraw = True
636.7841 	DATA 	Keypress: space
636.7915 	EXP 	text: autoDraw = False
637.5825 	WARNING 	Stopping key buffers but this could be dangerous ifother keyboards rely on the same.
637.6025 	EXP 	text: text = 'You earned 5.2 out of 10 points in this round.\n\n Press [SPACE] to advance'
637.6025 	EXP 	text: autoDraw = True
638.4238 	DATA 	Keypress: space
638.4301 	EXP 	text: autoDraw = False
638.4516 	EXP 	text: text = 'Total points : 224.3'
648.6549 	EXP 	text: text = 'Press and hold [SPACE] to report the duration of the stimulus'
648.6549 	EXP 	text: autoDraw = True
649.4878 	DATA 	Keypress: space
649.4952 	EXP 	text: autoDraw = False
650.4304 	WARNING 	Stopping key buffers but this could be dangerous ifother keyboards rely on the same.
650.4542 	EXP 	text: text = 'You earned 3.1 out of 10 points in this round.\n\n Press [SPACE] to advance'
650.4542 	EXP 	text: autoDraw = True
651.6878 	DATA 	Keypress: space
651.6949 	EXP 	text: autoDraw = False
651.7035 	EXP 	text: text = 'Total points : 227.4'
659.4244 	EXP 	text: text = 'Press and hold [SPACE] to report the duration of the stimulus'
659.4244 	EXP 	text: autoDraw = True
660.0960 	DATA 	Keypress: space
660.1032 	EXP 	text: autoDraw = False
660.8145 	WARNING 	Stopping key buffers but this could be dangerous ifother keyboards rely on the same.
660.8413 	EXP 	text: text = 'You earned 7.0 out of 10 points in this round.\n\n Press [SPACE] to advance'
660.8413 	EXP 	text: autoDraw = True
661.6239 	DATA 	Keypress: space
661.6311 	EXP 	text: autoDraw = False
661.6406 	EXP 	text: text = 'Total points : 234.4'
670.7610 	EXP 	text: text = 'Press and hold [SPACE] to report the duration of the stimulus'
670.7610 	EXP 	text: autoDraw = True
672.1918 	DATA 	Keypress: space
672.1991 	EXP 	text: autoDraw = False
673.0144 	WARNING 	Stopping key buffers but this could be dangerous ifother keyboards rely on the same.
673.0462 	EXP 	text: text = 'You earned 4.3 out of 10 points in this round.\n\n Press [SPACE] to advance'
673.0462 	EXP 	text: autoDraw = True
674.0719 	DATA 	Keypress: space
674.0788 	EXP 	text: autoDraw = False
674.0948 	EXP 	text: text = 'Total points : 238.7'
682.0995 	EXP 	text: text = 'Press and hold [SPACE] to report the duration of the stimulus'
682.0995 	EXP 	text: autoDraw = True
683.7919 	DATA 	Keypress: space
683.7990 	EXP 	text: autoDraw = False
684.6145 	WARNING 	Stopping key buffers but this could be dangerous ifother keyboards rely on the same.
684.6347 	EXP 	text: text = 'You earned 7.4 out of 10 points in this round.\n\n Press [SPACE] to advance'
684.6347 	EXP 	text: autoDraw = True
685.4078 	DATA 	Keypress: space
685.4147 	EXP 	text: autoDraw = False
685.4316 	EXP 	text: text = 'Total points : 246.1'
695.6356 	EXP 	text: text = 'Press and hold [SPACE] to report the duration of the stimulus'
695.6356 	EXP 	text: autoDraw = True
696.3198 	DATA 	Keypress: space
696.3271 	EXP 	text: autoDraw = False
697.4946 	WARNING 	Stopping key buffers but this could be dangerous ifother keyboards rely on the same.
697.5206 	EXP 	text: text = 'You earned 5.0 out of 10 points in this round.\n\n Press [SPACE] to advance'
697.5206 	EXP 	text: autoDraw = True
698.3358 	DATA 	Keypress: space
698.3430 	EXP 	text: autoDraw = False
698.3522 	EXP 	text: text = 'Total points : 251.1'
705.7559 	EXP 	text: text = 'Press and hold [SPACE] to report the duration of the stimulus'
705.7559 	EXP 	text: autoDraw = True
706.8159 	DATA 	Keypress: space
706.8229 	EXP 	text: autoDraw = False
707.4304 	WARNING 	Stopping key buffers but this could be dangerous ifother keyboards rely on the same.
707.4572 	EXP 	text: text = 'You earned 6.6 out of 10 points in this round.\n\n Press [SPACE] to advance'
707.4572 	EXP 	text: autoDraw = True
708.1118 	DATA 	Keypress: space
708.1188 	EXP 	text: autoDraw = False
708.1405 	EXP 	text: text = 'Total points : 257.7'
715.2585 	EXP 	text: text = 'Press and hold [SPACE] to report the duration of the stimulus'
715.2585 	EXP 	text: autoDraw = True
715.9999 	DATA 	Keypress: space
716.0054 	EXP 	text: autoDraw = False
716.9268 	WARNING 	Stopping key buffers but this could be dangerous ifother keyboards rely on the same.
716.9437 	EXP 	text: text = 'Total points : 257.7'
716.9437 	EXP 	text: text = 'Your response exceeded the actual time.\n\n Press [SPACE] to advance'
716.9437 	EXP 	text: autoDraw = True
717.7278 	DATA 	Keypress: space
717.7351 	EXP 	text: autoDraw = False
725.1619 	EXP 	text: text = 'Press and hold [SPACE] to report the duration of the stimulus'
725.1619 	EXP 	text: autoDraw = True
725.9280 	DATA 	Keypress: space
725.9353 	EXP 	text: autoDraw = False
726.5904 	WARNING 	Stopping key buffers but this could be dangerous ifother keyboards rely on the same.
726.6122 	EXP 	text: text = 'You earned 7.2 out of 10 points in this round.\n\n Press [SPACE] to advance'
726.6122 	EXP 	text: autoDraw = True
727.3599 	DATA 	Keypress: space
727.3671 	EXP 	text: autoDraw = False
727.3798 	EXP 	text: text = 'Total points : 264.9'
735.6985 	EXP 	text: text = 'Press and hold [SPACE] to report the duration of the stimulus'
735.6985 	EXP 	text: autoDraw = True
736.3759 	DATA 	Keypress: space
736.3830 	EXP 	text: autoDraw = False
737.1905 	WARNING 	Stopping key buffers but this could be dangerous ifother keyboards rely on the same.
737.2168 	EXP 	text: text = 'You earned 6.3 out of 10 points in this round.\n\n Press [SPACE] to advance'
737.2168 	EXP 	text: autoDraw = True
738.1438 	DATA 	Keypress: space
738.1511 	EXP 	text: autoDraw = False
738.1670 	EXP 	text: text = 'Total points : 271.2'
746.7852 	EXP 	text: text = 'Press and hold [SPACE] to report the duration of the stimulus'
746.7852 	EXP 	text: autoDraw = True
747.5280 	DATA 	Keypress: space
747.5349 	EXP 	text: autoDraw = False
748.4305 	WARNING 	Stopping key buffers but this could be dangerous ifother keyboards rely on the same.
748.4541 	EXP 	text: text = 'You earned 6.4 out of 10 points in this round.\n\n Press [SPACE] to advance'
748.4541 	EXP 	text: autoDraw = True
749.1677 	DATA 	Keypress: space
749.1750 	EXP 	text: autoDraw = False
749.1862 	EXP 	text: text = 'Total points : 277.6'
756.9067 	EXP 	text: text = 'Press and hold [SPACE] to report the duration of the stimulus'
756.9067 	EXP 	text: autoDraw = True
757.8479 	DATA 	Keypress: space
757.8550 	EXP 	text: autoDraw = False
758.6863 	WARNING 	Stopping key buffers but this could be dangerous ifother keyboards rely on the same.
758.7069 	EXP 	text: text = 'You earned 8.9 out of 10 points in this round.\n\n Press [SPACE] to advance'
758.7069 	EXP 	text: autoDraw = True
759.6717 	DATA 	Keypress: space
759.6791 	EXP 	text: autoDraw = False
759.6885 	EXP 	text: text = 'Total points : 286.5'
768.2934 	EXP 	text: text = 'Press and hold [SPACE] to report the duration of the stimulus'
768.2934 	EXP 	text: autoDraw = True
769.0478 	DATA 	Keypress: space
769.0550 	EXP 	text: autoDraw = False
769.8784 	WARNING 	Stopping key buffers but this could be dangerous ifother keyboards rely on the same.
769.8986 	EXP 	text: text = 'You earned 5.6 out of 10 points in this round.\n\n Press [SPACE] to advance'
769.8986 	EXP 	text: autoDraw = True
770.7517 	DATA 	Keypress: space
770.7586 	EXP 	text: autoDraw = False
770.7760 	EXP 	text: text = 'Total points : 292.1'
780.3807 	EXP 	text: text = 'Press and hold [SPACE] to report the duration of the stimulus'
780.3807 	EXP 	text: autoDraw = True
781.1760 	DATA 	Keypress: space
781.1833 	EXP 	text: autoDraw = False
782.0543 	WARNING 	Stopping key buffers but this could be dangerous ifother keyboards rely on the same.
782.0818 	EXP 	text: text = 'You earned 3.7 out of 10 points in this round.\n\n Press [SPACE] to advance'
782.0818 	EXP 	text: autoDraw = True
783.2319 	DATA 	Keypress: space
783.2391 	EXP 	text: autoDraw = False
783.2466 	EXP 	text: text = 'Total points : 295.8'
792.8517 	EXP 	text: text = 'Press and hold [SPACE] to report the duration of the stimulus'
792.8517 	EXP 	text: autoDraw = True
793.9519 	DATA 	Keypress: space
793.9591 	EXP 	text: autoDraw = False
795.0384 	WARNING 	Stopping key buffers but this could be dangerous ifother keyboards rely on the same.
795.0679 	EXP 	text: text = 'You earned 5.6 out of 10 points in this round.\n\n Press [SPACE] to advance'
795.0679 	EXP 	text: autoDraw = True
795.9998 	DATA 	Keypress: space
796.0070 	EXP 	text: autoDraw = False
796.0172 	EXP 	text: text = 'Total points : 301.4'
804.0210 	EXP 	text: text = 'Press and hold [SPACE] to report the duration of the stimulus'
804.0210 	EXP 	text: autoDraw = True
805.7441 	DATA 	Keypress: space
805.7508 	EXP 	text: autoDraw = False
806.7104 	WARNING 	Stopping key buffers but this could be dangerous ifother keyboards rely on the same.
806.7383 	EXP 	text: text = 'You earned 9.9 out of 10 points in this round.\n\n Press [SPACE] to advance'
806.7383 	EXP 	text: autoDraw = True
808.4159 	DATA 	Keypress: space
808.4228 	EXP 	text: autoDraw = False
808.4398 	EXP 	text: text = 'Total points : 311.3'
815.5579 	EXP 	text: text = 'Press and hold [SPACE] to report the duration of the stimulus'
815.5579 	EXP 	text: autoDraw = True
817.0959 	DATA 	Keypress: space
817.1033 	EXP 	text: autoDraw = False
817.8224 	WARNING 	Stopping key buffers but this could be dangerous ifother keyboards rely on the same.
817.8430 	EXP 	text: text = 'You earned 9.6 out of 10 points in this round.\n\n Press [SPACE] to advance'
817.8430 	EXP 	text: autoDraw = True
818.9118 	DATA 	Keypress: space
818.9191 	EXP 	text: autoDraw = False
818.9259 	EXP 	text: text = 'Total points : 320.9'
826.0444 	EXP 	text: text = 'Press and hold [SPACE] to report the duration of the stimulus'
826.0444 	EXP 	text: autoDraw = True
827.6559 	DATA 	Keypress: space
827.6631 	EXP 	text: autoDraw = False
828.3665 	WARNING 	Stopping key buffers but this could be dangerous ifother keyboards rely on the same.
828.3965 	EXP 	text: text = 'You earned 9.3 out of 10 points in this round.\n\n Press [SPACE] to advance'
828.3965 	EXP 	text: autoDraw = True
829.4318 	DATA 	Keypress: space
829.4391 	EXP 	text: autoDraw = False
829.4456 	EXP 	text: text = 'Total points : 330.2'
839.6490 	EXP 	text: text = 'Press and hold [SPACE] to report the duration of the stimulus'
839.6490 	EXP 	text: autoDraw = True
840.9197 	DATA 	Keypress: space
840.9270 	EXP 	text: autoDraw = False
842.2064 	WARNING 	Stopping key buffers but this could be dangerous ifother keyboards rely on the same.
842.2343 	EXP 	text: text = 'You earned 6.2 out of 10 points in this round.\n\n Press [SPACE] to advance'
842.2343 	EXP 	text: autoDraw = True
843.2959 	DATA 	Keypress: space
843.3031 	EXP 	text: autoDraw = False
843.3177 	EXP 	text: text = 'Total points : 336.4'
850.4526 	EXP 	text: text = 'Press and hold [SPACE] to report the duration of the stimulus'
850.4526 	EXP 	text: autoDraw = True
851.4959 	DATA 	Keypress: space
851.5029 	EXP 	text: autoDraw = False
852.4203 	WARNING 	Stopping key buffers but this could be dangerous ifother keyboards rely on the same.
852.4378 	EXP 	text: text = 'Total points : 336.4'
852.4378 	EXP 	text: text = 'Your response exceeded the actual time.\n\n Press [SPACE] to advance'
852.4378 	EXP 	text: autoDraw = True
853.2158 	DATA 	Keypress: space
853.2230 	EXP 	text: autoDraw = False
861.2561 	EXP 	text: text = 'Press and hold [SPACE] to report the duration of the stimulus'
861.2561 	EXP 	text: autoDraw = True
862.9118 	DATA 	Keypress: space
862.9189 	EXP 	text: autoDraw = False
863.7665 	WARNING 	Stopping key buffers but this could be dangerous ifother keyboards rely on the same.
863.7902 	EXP 	text: text = 'You earned 7.9 out of 10 points in this round.\n\n Press [SPACE] to advance'
863.7902 	EXP 	text: autoDraw = True
864.6958 	DATA 	Keypress: space
864.7029 	EXP 	text: autoDraw = False
864.7231 	EXP 	text: text = 'Total points : 344.3'
874.3269 	EXP 	text: text = 'Press and hold [SPACE] to report the duration of the stimulus'
874.3269 	EXP 	text: autoDraw = True
875.6399 	DATA 	Keypress: space
875.6472 	EXP 	text: autoDraw = False
877.2952 	WARNING 	Stopping key buffers but this could be dangerous ifother keyboards rely on the same.
877.3122 	EXP 	text: text = 'Total points : 344.3'
877.3122 	EXP 	text: text = 'Your response exceeded the actual time.\n\n Press [SPACE] to advance'
877.3122 	EXP 	text: autoDraw = True
878.9519 	DATA 	Keypress: space
878.9579 	EXP 	text: autoDraw = False
886.1137 	EXP 	text: text = 'Press and hold [SPACE] to report the duration of the stimulus'
886.1137 	EXP 	text: autoDraw = True
887.3360 	DATA 	Keypress: space
887.3433 	EXP 	text: autoDraw = False
887.9184 	WARNING 	Stopping key buffers but this could be dangerous ifother keyboards rely on the same.
887.9488 	EXP 	text: text = 'You earned 7.2 out of 10 points in this round.\n\n Press [SPACE] to advance'
887.9488 	EXP 	text: autoDraw = True
888.5198 	DATA 	Keypress: space
888.5271 	EXP 	text: autoDraw = False
888.5491 	EXP 	text: text = 'Total points : 351.5'
898.4692 	EXP 	text: text = 'Press and hold [SPACE] to report the duration of the stimulus'
898.4692 	EXP 	text: autoDraw = True
899.6478 	DATA 	Keypress: space
899.6550 	EXP 	text: autoDraw = False
900.8864 	WARNING 	Stopping key buffers but this could be dangerous ifother keyboards rely on the same.
900.9071 	EXP 	text: text = 'You earned 6.6 out of 10 points in this round.\n\n Press [SPACE] to advance'
900.9071 	EXP 	text: autoDraw = True
901.7439 	DATA 	Keypress: space
901.7509 	EXP 	text: autoDraw = False
901.7689 	EXP 	text: text = 'Total points : 358.1'
910.3728 	EXP 	text: text = 'Press and hold [SPACE] to report the duration of the stimulus'
910.3728 	EXP 	text: autoDraw = True
912.4319 	DATA 	Keypress: space
912.4390 	EXP 	text: autoDraw = False
913.2304 	WARNING 	Stopping key buffers but this could be dangerous ifother keyboards rely on the same.
913.2571 	EXP 	text: text = 'You earned 5.2 out of 10 points in this round.\n\n Press [SPACE] to advance'
913.2571 	EXP 	text: autoDraw = True
914.1357 	DATA 	Keypress: space
914.1429 	EXP 	text: autoDraw = False
914.1557 	EXP 	text: text = 'Total points : 363.3'
923.7607 	EXP 	text: text = 'Press and hold [SPACE] to report the duration of the stimulus'
923.7607 	EXP 	text: autoDraw = True
926.0558 	DATA 	Keypress: space
926.0632 	EXP 	text: autoDraw = False
927.4144 	WARNING 	Stopping key buffers but this could be dangerous ifother keyboards rely on the same.
927.4456 	EXP 	text: text = 'You earned 9.7 out of 10 points in this round.\n\n Press [SPACE] to advance'
927.4456 	EXP 	text: autoDraw = True
928.8158 	DATA 	Keypress: space
928.8233 	EXP 	text: autoDraw = False
928.8442 	EXP 	text: text = 'Total points : 373.0'
936.5634 	EXP 	text: text = 'Press and hold [SPACE] to report the duration of the stimulus'
936.5634 	EXP 	text: autoDraw = True
937.7199 	DATA 	Keypress: space
937.7267 	EXP 	text: autoDraw = False
938.2224 	WARNING 	Stopping key buffers but this could be dangerous ifother keyboards rely on the same.
938.2485 	EXP 	text: text = 'You earned 4.5 out of 10 points in this round.\n\n Press [SPACE] to advance'
938.2485 	EXP 	text: autoDraw = True
939.0559 	DATA 	Keypress: space
939.0629 	EXP 	text: autoDraw = False
939.0808 	EXP 	text: text = 'Total points : 377.5'
946.8000 	EXP 	text: text = 'Press and hold [SPACE] to report the duration of the stimulus'
946.8000 	EXP 	text: autoDraw = True
948.2399 	DATA 	Keypress: space
948.2466 	EXP 	text: autoDraw = False
948.9343 	WARNING 	Stopping key buffers but this could be dangerous ifother keyboards rely on the same.
948.9547 	EXP 	text: text = 'You earned 6.7 out of 10 points in this round.\n\n Press [SPACE] to advance'
948.9547 	EXP 	text: autoDraw = True
949.7279 	DATA 	Keypress: space
949.7349 	EXP 	text: autoDraw = False
949.7506 	EXP 	text: text = 'Total points : 384.2'
956.8694 	EXP 	text: text = 'Press and hold [SPACE] to report the duration of the stimulus'
956.8694 	EXP 	text: autoDraw = True
958.3200 	DATA 	Keypress: space
958.3272 	EXP 	text: autoDraw = False
958.9504 	WARNING 	Stopping key buffers but this could be dangerous ifother keyboards rely on the same.
958.9707 	EXP 	text: text = 'You earned 7.9 out of 10 points in this round.\n\n Press [SPACE] to advance'
958.9707 	EXP 	text: autoDraw = True
959.8638 	DATA 	Keypress: space
959.8708 	EXP 	text: autoDraw = False
959.8871 	EXP 	text: text = 'Total points : 392.1'
968.4919 	EXP 	text: text = 'Press and hold [SPACE] to report the duration of the stimulus'
968.4919 	EXP 	text: autoDraw = True
969.5920 	DATA 	Keypress: space
969.5994 	EXP 	text: autoDraw = False
970.3024 	WARNING 	Stopping key buffers but this could be dangerous ifother keyboards rely on the same.
970.3243 	EXP 	text: text = 'You earned 4.4 out of 10 points in this round.\n\n Press [SPACE] to advance'
970.3243 	EXP 	text: autoDraw = True
971.4559 	DATA 	Keypress: space
971.4631 	EXP 	text: autoDraw = False
971.4737 	EXP 	text: text = 'Total points : 396.5'
979.4776 	EXP 	text: text = 'Press and hold [SPACE] to report the duration of the stimulus'
979.4776 	EXP 	text: autoDraw = True
980.9760 	DATA 	Keypress: space
980.9832 	EXP 	text: autoDraw = False
981.9184 	WARNING 	Stopping key buffers but this could be dangerous ifother keyboards rely on the same.
981.9465 	EXP 	text: text = 'You earned 9.4 out of 10 points in this round.\n\n Press [SPACE] to advance'
981.9465 	EXP 	text: autoDraw = True
982.8558 	DATA 	Keypress: space
982.8630 	EXP 	text: autoDraw = False
982.8793 	EXP 	text: text = 'Total points : 405.9'
990.2974 	EXP 	text: text = 'Press and hold [SPACE] to report the duration of the stimulus'
990.2974 	EXP 	text: autoDraw = True
991.8641 	DATA 	Keypress: space
991.8715 	EXP 	text: autoDraw = False
992.7489 	WARNING 	Stopping key buffers but this could be dangerous ifother keyboards rely on the same.
992.7663 	EXP 	text: text = 'Total points : 405.9'
992.7663 	EXP 	text: text = 'Your response exceeded the actual time.\n\n Press [SPACE] to advance'
992.7663 	EXP 	text: autoDraw = True
993.9358 	DATA 	Keypress: space
993.9432 	EXP 	text: autoDraw = False
1002.5856 	EXP 	text: text = 'Press and hold [SPACE] to report the duration of the stimulus'
1002.5856 	EXP 	text: autoDraw = True
1003.3999 	DATA 	Keypress: space
1003.4073 	EXP 	text: autoDraw = False
1004.3183 	WARNING 	Stopping key buffers but this could be dangerous ifother keyboards rely on the same.
1004.3383 	EXP 	text: text = 'You earned 6.6 out of 10 points in this round.\n\n Press [SPACE] to advance'
1004.3383 	EXP 	text: autoDraw = True
1005.2879 	DATA 	Keypress: space
1005.2951 	EXP 	text: autoDraw = False
1005.3018 	EXP 	text: text = 'Total points : 412.5'
1012.4225 	EXP 	text: text = 'Press and hold [SPACE] to report the duration of the stimulus'
1012.4225 	EXP 	text: autoDraw = True
1013.3039 	DATA 	Keypress: space
1013.3111 	EXP 	text: autoDraw = False
1013.9023 	WARNING 	Stopping key buffers but this could be dangerous ifother keyboards rely on the same.
1013.9233 	EXP 	text: text = 'You earned 7.4 out of 10 points in this round.\n\n Press [SPACE] to advance'
1013.9233 	EXP 	text: autoDraw = True
1014.5999 	DATA 	Keypress: space
1014.6071 	EXP 	text: autoDraw = False
1014.6219 	EXP 	text: text = 'Total points : 419.9'
1024.5420 	EXP 	text: text = 'Press and hold [SPACE] to report the duration of the stimulus'
1024.5420 	EXP 	text: autoDraw = True
1025.1838 	DATA 	Keypress: space
1025.1885 	EXP 	text: autoDraw = False
1025.9024 	WARNING 	Stopping key buffers but this could be dangerous ifother keyboards rely on the same.
1025.9259 	EXP 	text: text = 'You earned 2.3 out of 10 points in this round.\n\n Press [SPACE] to advance'
1025.9259 	EXP 	text: autoDraw = True
1026.9440 	DATA 	Keypress: space
1026.9513 	EXP 	text: autoDraw = False
1026.9587 	EXP 	text: text = 'Total points : 422.2'
1036.0787 	EXP 	text: text = 'Press and hold [SPACE] to report the duration of the stimulus'
1036.0787 	EXP 	text: autoDraw = True
1036.8639 	DATA 	Keypress: space
1036.8713 	EXP 	text: autoDraw = False
1037.7184 	WARNING 	Stopping key buffers but this could be dangerous ifother keyboards rely on the same.
1037.7476 	EXP 	text: text = 'You earned 4.5 out of 10 points in this round.\n\n Press [SPACE] to advance'
1037.7476 	EXP 	text: autoDraw = True
1038.6878 	DATA 	Keypress: space
1038.6948 	EXP 	text: autoDraw = False
1038.7126 	EXP 	text: text = 'Total points : 426.7'
1048.3180 	EXP 	text: text = 'Press and hold [SPACE] to report the duration of the stimulus'
1048.3180 	EXP 	text: autoDraw = True
1049.1439 	DATA 	Keypress: space
1049.1509 	EXP 	text: autoDraw = False
1050.0225 	WARNING 	Stopping key buffers but this could be dangerous ifother keyboards rely on the same.
1050.0503 	EXP 	text: text = 'You earned 3.7 out of 10 points in this round.\n\n Press [SPACE] to advance'
1050.0503 	EXP 	text: autoDraw = True
1050.9918 	DATA 	Keypress: space
1050.9968 	EXP 	text: autoDraw = False
1051.0169 	EXP 	text: text = 'Total points : 430.4'
1058.4208 	EXP 	text: text = 'Press and hold [SPACE] to report the duration of the stimulus'
1058.4208 	EXP 	text: autoDraw = True
1059.8479 	DATA 	Keypress: space
1059.8552 	EXP 	text: autoDraw = False
1060.5024 	WARNING 	Stopping key buffers but this could be dangerous ifother keyboards rely on the same.
1060.5223 	EXP 	text: text = 'You earned 7.1 out of 10 points in this round.\n\n Press [SPACE] to advance'
1060.5223 	EXP 	text: autoDraw = True
1061.4399 	DATA 	Keypress: space
1061.4471 	EXP 	text: autoDraw = False
1061.4538 	EXP 	text: text = 'Total points : 437.5'
1069.7733 	EXP 	text: text = 'Press and hold [SPACE] to report the duration of the stimulus'
1069.7733 	EXP 	text: autoDraw = True
1070.6079 	DATA 	Keypress: space
1070.6153 	EXP 	text: autoDraw = False
1071.5584 	WARNING 	Stopping key buffers but this could be dangerous ifother keyboards rely on the same.
1071.5798 	EXP 	text: text = 'You earned 8.2 out of 10 points in this round.\n\n Press [SPACE] to advance'
1071.5798 	EXP 	text: autoDraw = True
1072.3679 	DATA 	Keypress: space
1072.3749 	EXP 	text: autoDraw = False
1072.3919 	EXP 	text: text = 'Total points : 445.7'
1079.7932 	EXP 	text: text = 'Press and hold [SPACE] to report the duration of the stimulus'
1079.7932 	EXP 	text: autoDraw = True
1080.4720 	DATA 	Keypress: space
1080.4794 	EXP 	text: autoDraw = False
1081.0543 	WARNING 	Stopping key buffers but this could be dangerous ifother keyboards rely on the same.
1081.0770 	EXP 	text: text = 'You earned 6.2 out of 10 points in this round.\n\n Press [SPACE] to advance'
1081.0770 	EXP 	text: autoDraw = True
1081.9118 	DATA 	Keypress: space
1081.9191 	EXP 	text: autoDraw = False
1081.9269 	EXP 	text: text = 'Total points : 451.9'
1090.5298 	EXP 	text: text = 'Press and hold [SPACE] to report the duration of the stimulus'
1090.5298 	EXP 	text: autoDraw = True
1091.1759 	DATA 	Keypress: space
1091.1833 	EXP 	text: autoDraw = False
1091.9184 	WARNING 	Stopping key buffers but this could be dangerous ifother keyboards rely on the same.
1091.9485 	EXP 	text: text = 'You earned 4.7 out of 10 points in this round.\n\n Press [SPACE] to advance'
1091.9485 	EXP 	text: autoDraw = True
1092.7278 	DATA 	Keypress: space
1092.7352 	EXP 	text: autoDraw = False
1092.7483 	EXP 	text: text = 'Total points : 456.6'
1101.3500 	EXP 	text: text = 'Press and hold [SPACE] to report the duration of the stimulus'
1101.3500 	EXP 	text: autoDraw = True
1102.1120 	DATA 	Keypress: space
1102.1193 	EXP 	text: autoDraw = False
1102.9425 	WARNING 	Stopping key buffers but this could be dangerous ifother keyboards rely on the same.
1102.9690 	EXP 	text: text = 'You earned 5.6 out of 10 points in this round.\n\n Press [SPACE] to advance'
1102.9690 	EXP 	text: autoDraw = True
1103.7998 	DATA 	Keypress: space
1103.8071 	EXP 	text: autoDraw = False
1103.8167 	EXP 	text: text = 'Total points : 462.2'
1114.0221 	EXP 	text: text = 'Press and hold [SPACE] to report the duration of the stimulus'
1114.0221 	EXP 	text: autoDraw = True
1114.8480 	DATA 	Keypress: space
1114.8551 	EXP 	text: autoDraw = False
1115.8063 	WARNING 	Stopping key buffers but this could be dangerous ifother keyboards rely on the same.
1115.8263 	EXP 	text: text = 'You earned 3.2 out of 10 points in this round.\n\n Press [SPACE] to advance'
1115.8263 	EXP 	text: autoDraw = True
1117.1677 	DATA 	Keypress: space
1117.1750 	EXP 	text: autoDraw = False
1117.1894 	EXP 	text: text = 'Total points : 465.4'
1127.1093 	EXP 	text: text = 'Press and hold [SPACE] to report the duration of the stimulus'
1127.1093 	EXP 	text: autoDraw = True
1128.2639 	DATA 	Keypress: space
1128.2712 	EXP 	text: autoDraw = False
1129.3983 	WARNING 	Stopping key buffers but this could be dangerous ifother keyboards rely on the same.
1129.4263 	EXP 	text: text = 'You earned 5.3 out of 10 points in this round.\n\n Press [SPACE] to advance'
1129.4263 	EXP 	text: autoDraw = True
1130.3679 	DATA 	Keypress: space
1130.3749 	EXP 	text: autoDraw = False
1130.3923 	EXP 	text: text = 'Total points : 470.7'
1138.3960 	EXP 	text: text = 'Press and hold [SPACE] to report the duration of the stimulus'
1138.3960 	EXP 	text: autoDraw = True
1139.0879 	DATA 	Keypress: space
1139.0949 	EXP 	text: autoDraw = False
1139.9824 	WARNING 	Stopping key buffers but this could be dangerous ifother keyboards rely on the same.
1140.0130 	EXP 	text: text = 'You earned 8.5 out of 10 points in this round.\n\n Press [SPACE] to advance'
1140.0130 	EXP 	text: autoDraw = True
1140.7758 	DATA 	Keypress: space
1140.7830 	EXP 	text: autoDraw = False
1140.7958 	EXP 	text: text = 'Total points : 479.2'
1148.1997 	EXP 	text: text = 'Press and hold [SPACE] to report the duration of the stimulus'
1148.1997 	EXP 	text: autoDraw = True
1148.8879 	DATA 	Keypress: space
1148.8949 	EXP 	text: autoDraw = False
1149.6143 	WARNING 	Stopping key buffers but this could be dangerous ifother keyboards rely on the same.
1149.6343 	EXP 	text: text = 'You earned 8.2 out of 10 points in this round.\n\n Press [SPACE] to advance'
1149.6343 	EXP 	text: autoDraw = True
1150.3198 	DATA 	Keypress: space
1150.3270 	EXP 	text: autoDraw = False
1150.3491 	EXP 	text: text = 'Total points : 487.4'
1157.4699 	EXP 	text: text = 'Press and hold [SPACE] to report the duration of the stimulus'
1157.4699 	EXP 	text: autoDraw = True
1158.1439 	DATA 	Keypress: space
1158.1508 	EXP 	text: autoDraw = False
1158.7504 	WARNING 	Stopping key buffers but this could be dangerous ifother keyboards rely on the same.
1158.7708 	EXP 	text: text = 'You earned 7.5 out of 10 points in this round.\n\n Press [SPACE] to advance'
1158.7708 	EXP 	text: autoDraw = True
1159.4878 	DATA 	Keypress: space
1159.4951 	EXP 	text: autoDraw = False
1159.5018 	EXP 	text: text = 'Total points : 494.9'
1169.7057 	EXP 	text: text = 'Press and hold [SPACE] to report the duration of the stimulus'
1169.7057 	EXP 	text: autoDraw = True
1170.5118 	DATA 	Keypress: space
1170.5185 	EXP 	text: autoDraw = False
1171.3824 	WARNING 	Stopping key buffers but this could be dangerous ifother keyboards rely on the same.
1171.4060 	EXP 	text: text = 'You earned 2.7 out of 10 points in this round.\n\n Press [SPACE] to advance'
1171.4060 	EXP 	text: autoDraw = True
1172.4558 	DATA 	Keypress: space
1172.4629 	EXP 	text: autoDraw = False
1172.4735 	EXP 	text: text = 'Total points : 497.6'
1182.3945 	EXP 	text: text = 'Press and hold [SPACE] to report the duration of the stimulus'
1182.3945 	EXP 	text: autoDraw = True
1183.3117 	DATA 	Keypress: space
1183.3191 	EXP 	text: autoDraw = False
1184.1904 	WARNING 	Stopping key buffers but this could be dangerous ifother keyboards rely on the same.
1184.2114 	EXP 	text: text = 'You earned 3.2 out of 10 points in this round.\n\n Press [SPACE] to advance'
1184.2114 	EXP 	text: autoDraw = True
1185.3278 	DATA 	Keypress: space
1185.3351 	EXP 	text: autoDraw = False
1185.3438 	EXP 	text: text = 'Total points : 500.8'
1194.9472 	EXP 	text: text = 'Press and hold [SPACE] to report the duration of the stimulus'
1194.9472 	EXP 	text: autoDraw = True
1195.8639 	DATA 	Keypress: space
1195.8712 	EXP 	text: autoDraw = False
1196.8623 	WARNING 	Stopping key buffers but this could be dangerous ifother keyboards rely on the same.
1196.8826 	EXP 	text: text = 'You earned 4.7 out of 10 points in this round.\n\n Press [SPACE] to advance'
1196.8826 	EXP 	text: autoDraw = True
1197.9758 	DATA 	Keypress: space
1197.9831 	EXP 	text: autoDraw = False
1197.9989 	EXP 	text: text = 'Total points : 505.5'
1207.6027 	EXP 	text: text = 'Press and hold [SPACE] to report the duration of the stimulus'
1207.6027 	EXP 	text: autoDraw = True
1208.5359 	DATA 	Keypress: space
1208.5433 	EXP 	text: autoDraw = False
1209.6623 	WARNING 	Stopping key buffers but this could be dangerous ifother keyboards rely on the same.
1209.6861 	EXP 	text: text = 'You earned 6.1 out of 10 points in this round.\n\n Press [SPACE] to advance'
1209.6861 	EXP 	text: autoDraw = True
1210.5758 	DATA 	Keypress: space
1210.5818 	EXP 	text: autoDraw = False
1210.6016 	EXP 	text: text = 'Total points : 511.6'
1219.7221 	EXP 	text: text = 'Press and hold [SPACE] to report the duration of the stimulus'
1219.7221 	EXP 	text: autoDraw = True
1220.6719 	DATA 	Keypress: space
1220.6791 	EXP 	text: autoDraw = False
1221.4543 	WARNING 	Stopping key buffers but this could be dangerous ifother keyboards rely on the same.
1221.4745 	EXP 	text: text = 'You earned 3.9 out of 10 points in this round.\n\n Press [SPACE] to advance'
1221.4745 	EXP 	text: autoDraw = True
1222.3679 	DATA 	Keypress: space
1222.3751 	EXP 	text: autoDraw = False
1222.3901 	EXP 	text: text = 'Total points : 515.5'
1230.7088 	EXP 	text: text = 'Press and hold [SPACE] to report the duration of the stimulus'
1230.7088 	EXP 	text: autoDraw = True
1231.5439 	DATA 	Keypress: space
1231.5512 	EXP 	text: autoDraw = False
1232.1984 	WARNING 	Stopping key buffers but this could be dangerous ifother keyboards rely on the same.
1232.2269 	EXP 	text: text = 'You earned 4.5 out of 10 points in this round.\n\n Press [SPACE] to advance'
1232.2269 	EXP 	text: autoDraw = True
1233.2239 	DATA 	Keypress: space
1233.2311 	EXP 	text: autoDraw = False
1233.2437 	EXP 	text: text = 'Total points : 520.0'
1241.5618 	EXP 	text: text = 'Press and hold [SPACE] to report the duration of the stimulus'
1241.5618 	EXP 	text: autoDraw = True
1242.2720 	DATA 	Keypress: space
1242.2790 	EXP 	text: autoDraw = False
1243.2385 	WARNING 	Stopping key buffers but this could be dangerous ifother keyboards rely on the same.
1243.2639 	EXP 	text: text = 'You earned 8.5 out of 10 points in this round.\n\n Press [SPACE] to advance'
1243.2639 	EXP 	text: autoDraw = True
1244.0159 	DATA 	Keypress: space
1244.0230 	EXP 	text: autoDraw = False
1244.0293 	EXP 	text: text = 'Total points : 528.5'
1253.9510 	EXP 	text: text = 'Press and hold [SPACE] to report the duration of the stimulus'
1253.9510 	EXP 	text: autoDraw = True
1255.3438 	DATA 	Keypress: space
1255.3509 	EXP 	text: autoDraw = False
1256.4064 	WARNING 	Stopping key buffers but this could be dangerous ifother keyboards rely on the same.
1256.4342 	EXP 	text: text = 'You earned 4.6 out of 10 points in this round.\n\n Press [SPACE] to advance'
1256.4342 	EXP 	text: autoDraw = True
1257.3439 	DATA 	Keypress: space
1257.3508 	EXP 	text: autoDraw = False
1257.3681 	EXP 	text: text = 'Total points : 533.1'
1266.9710 	EXP 	text: text = 'Press and hold [SPACE] to report the duration of the stimulus'
1266.9710 	EXP 	text: autoDraw = True
1268.8799 	DATA 	Keypress: space
1268.8870 	EXP 	text: autoDraw = False
1270.3207 	WARNING 	Stopping key buffers but this could be dangerous ifother keyboards rely on the same.
1270.3390 	EXP 	text: text = 'Total points : 533.1'
1270.3390 	EXP 	text: text = 'Your response exceeded the actual time.\n\n Press [SPACE] to advance'
1270.3390 	EXP 	text: autoDraw = True
1271.1678 	DATA 	Keypress: space
1271.1751 	EXP 	text: autoDraw = False
1279.2093 	EXP 	text: text = 'Press and hold [SPACE] to report the duration of the stimulus'
1279.2093 	EXP 	text: autoDraw = True
1280.5759 	DATA 	Keypress: space
1280.5831 	EXP 	text: autoDraw = False
1281.3264 	WARNING 	Stopping key buffers but this could be dangerous ifother keyboards rely on the same.
1281.3468 	EXP 	text: text = 'You earned 6.4 out of 10 points in this round.\n\n Press [SPACE] to advance'
1281.3468 	EXP 	text: autoDraw = True
1282.0399 	DATA 	Keypress: space
1282.0470 	EXP 	text: autoDraw = False
1282.0594 	EXP 	text: text = 'Total points : 539.5'
1289.4622 	EXP 	text: text = 'Press and hold [SPACE] to report the duration of the stimulus'
1289.4622 	EXP 	text: autoDraw = True
1290.0479 	DATA 	Keypress: space
1290.0551 	EXP 	text: autoDraw = False
1290.8384 	WARNING 	Stopping key buffers but this could be dangerous ifother keyboards rely on the same.
1290.8615 	EXP 	text: text = 'You earned 9.4 out of 10 points in this round.\n\n Press [SPACE] to advance'
1290.8615 	EXP 	text: autoDraw = True
1291.5359 	DATA 	Keypress: space
1291.5413 	EXP 	text: autoDraw = False
1291.5610 	EXP 	text: text = 'Total points : 548.9'
1298.6818 	EXP 	text: text = 'Press and hold [SPACE] to report the duration of the stimulus'
1298.6818 	EXP 	text: autoDraw = True
1299.8319 	DATA 	Keypress: space
1299.8392 	EXP 	text: autoDraw = False
1300.5104 	WARNING 	Stopping key buffers but this could be dangerous ifother keyboards rely on the same.
1300.5309 	EXP 	text: text = 'You earned 8.7 out of 10 points in this round.\n\n Press [SPACE] to advance'
1300.5309 	EXP 	text: autoDraw = True
1301.2160 	DATA 	Keypress: space
1301.2232 	EXP 	text: autoDraw = False
1301.2305 	EXP 	text: text = 'Total points : 557.6'
1310.8344 	EXP 	text: text = 'Press and hold [SPACE] to report the duration of the stimulus'
1310.8344 	EXP 	text: autoDraw = True
1311.8319 	DATA 	Keypress: space
1311.8391 	EXP 	text: autoDraw = False
1312.8063 	WARNING 	Stopping key buffers but this could be dangerous ifother keyboards rely on the same.
1312.8362 	EXP 	text: text = 'You earned 4.5 out of 10 points in this round.\n\n Press [SPACE] to advance'
1312.8362 	EXP 	text: autoDraw = True
1313.7437 	DATA 	Keypress: space
1313.7507 	EXP 	text: autoDraw = False
1313.7699 	EXP 	text: text = 'Total points : 562.1'
1321.5048 	EXP 	text: text = 'Press and hold [SPACE] to report the duration of the stimulus'
1321.5048 	EXP 	text: autoDraw = True
1322.8800 	DATA 	Keypress: space
1322.8870 	EXP 	text: autoDraw = False
1323.7104 	WARNING 	Stopping key buffers but this could be dangerous ifother keyboards rely on the same.
1323.7391 	EXP 	text: text = 'You earned 8.7 out of 10 points in this round.\n\n Press [SPACE] to advance'
1323.7391 	EXP 	text: autoDraw = True
1324.4398 	DATA 	Keypress: space
1324.4469 	EXP 	text: autoDraw = False
1324.4512 	INFO 	Finishing at 09:53 on 25 Oct 2019
1324.7210 	EXP 	window1: mouseVisible = True
