8.9084 	ERROR 	Screen apparently NOT the desired resolution of 2560x1440 pixels!!
14.1430 	INFO 	Successfully set darwin thread to realtime
15.2068 	INFO 	#[ PsychoPy3 RuntimeInfoStart ]
  #[[ PsychoPy ]] #---------
    psychopyVersion: 3.2.3
    psychopyHaveExtRush: True
  #[[ Experiment ]] #---------
    experimentRunTime: 2019_10_25 15:55 (Year_Month_Day Hour:Min)
    experimentRunTime.epoch: 1572033327
    experimentScript: Experiment 3.py
    experimentScript.digestSHA1: d16f3e6adde64d59fd024ef1218b6dbe0b19bf47
    experimentScript.directory: /Users/vsg/Documents/GitHub/spatio_temporal_information_processing/Time_Subjective_Expansion/Jon_Ian_collaboration
  #[[ System ]] #---------
    systemHaveInternetAccess: True
    systemHostName: pbs-jf-imac.local
    systemLocale: C
    systemMemFreeRAM: 834.06640625
    systemMemTotalRAM: 8192.0
    systemPlatform: darwin 10.13.6 x86_64
    systemPyoVersion: -
    systemRebooted: Oct 24 19:36
    systemSec.OpenSSLVersion: LibreSSL 2.2.7
    systemSec.pythonSSL: True
    systemTimeNumpySD1000000_sec: 0.0040
    systemUser: vsg
    systemUserID: 502
    systemUsersCount: 1
  #[[ Window ]] #---------
    windowWinType: pyglet
    windowUnits: deg
    windowSize_pix: [5120 2880]
    windowScreen: 0
    windowRgb: [255. 255. 255.]
    windowRefreshTimeSD_ms: 0.606
    windowRefreshTimeMedian_ms: 16.641
    windowRefreshTimeAvg_ms: 16.653
    windowPos_pix: [0.0, 0.0]
    windowMonitor.name: testmonitor
    windowMonitor.getWidth_cm: 52.0
    windowMonitor.getDistance_cm: 65.0
    windowMonitor.currentCalibName: 2019_09_24 14:26
    windowIsFullScr: True
  #[[ Python ]] #---------
    pythonVersion: 3.6.1
  #[[ OpenGL ]] #---------
#[ PsychoPy3 RuntimeInfoEnd ]

15.2880 	EXP 	Created text = TextStim(__class__=<class 'psychopy.visual.text.TextStim'>, alignHoriz='center', alignVert='center', antialias=True, autoLog=True, bold=False, color='black', colorSpace='named', contrast=1.0, depth=-1.0, flipHoriz=False, flipVert=False, font='Arial', fontFiles=[], height=0.35, italic=False, languageStyle='LTR', name='text', opacity=1.0, ori=0, pos=array([0., 0.]), rgb=array([0., 0., 0.]), text=str(...), units='deg', win=Window(...), wrapWidth=20)
15.2934 	EXP 	Created text = TextStim(__class__=<class 'psychopy.visual.text.TextStim'>, alignHoriz='center', alignVert='center', antialias=True, autoLog=True, bold=False, color='black', colorSpace='named', contrast=1.0, depth=-1.0, flipHoriz=False, flipVert=False, font='Arial', fontFiles=[], height=0.35, italic=False, languageStyle='LTR', name='text', opacity=1.0, ori=0, pos=array([5., 5.]), rgb=array([0., 0., 0.]), text='Total points : 0', units='deg', win=Window(...), wrapWidth=20)
15.3682 	EXP 	text: text = 'Welcome! Thank you for agreeing to participate in this study.\n\nIn this study, we want to examine your ability to perceive duration — how long something lasts.\n\nThe task is simple. In each trial, you will see a disc appear on the screen and then disappear. There will be four such disks. We want you to pay attention to how long the last disc lasts. Get a sense of its duration.\n\nThe fourth disk could be either the same / different type depending on the trial. After the fourth disc disappears it will be your turn to report its duration. Press and hold down the spacebar. \n\nTo help you judge better, we will display visual feedback while you are pressing the SPACE BAR. \n\nPress any key to continue to the next page. \n\n'
15.3682 	EXP 	text: autoDraw = True
78.3583 	DATA 	Keypress: space
78.3593 	EXP 	text: autoDraw = False
78.4383 	EXP 	text: text = "We really want you to be as accurate as you can. So a game will be played to make it more fun. We want you to hold down the space bar for as long as you saw the last disc lasted, but no longer! The closer you get to the right answer, the more points we will award you in that trial. But if you go over the actual duration you won't get any points on that trial. So you need to be as accurate as possible without going over to earn the max. Each trial will be for 10 points. There are about 100 trials. If you collect a total of 600 points by the end, we will double the credit you get for the experiment.\n\nIf you're feeling uncomfortable, you can press ESC key any time to stop the experiment.\n\nPress any key you are ready to do some practice trials.\n\n"
78.4383 	EXP 	text: autoDraw = True
126.1649 	DATA 	Keypress: space
126.1658 	EXP 	text: autoDraw = False
126.1795 	EXP 	text: autoDraw = True
133.3966 	EXP 	text: text = 'Press and hold [SPACE] to report the duration of the stimulus'
133.3966 	EXP 	text: autoDraw = True
134.6369 	DATA 	Keypress: space
134.6444 	EXP 	text: autoDraw = False
135.8993 	WARNING 	Stopping key buffers but this could be dangerous ifother keyboards rely on the same.
135.9212 	EXP 	text: text = 'Total points : 0'
135.9212 	EXP 	text: text = 'Your response exceeded the actual time.\n\n Press [SPACE] to advance'
135.9212 	EXP 	text: autoDraw = True
137.9249 	DATA 	Keypress: space
137.9319 	EXP 	text: autoDraw = False
145.8864 	EXP 	text: text = 'Press and hold [SPACE] to report the duration of the stimulus'
145.8864 	EXP 	text: autoDraw = True
147.7648 	DATA 	Keypress: space
147.7722 	EXP 	text: autoDraw = False
148.7074 	WARNING 	Stopping key buffers but this could be dangerous ifother keyboards rely on the same.
148.7442 	EXP 	text: text = 'You earned 9.9 out of 10 points in this round.\n\n Press [SPACE] to advance'
148.7442 	EXP 	text: autoDraw = True
157.6208 	DATA 	Keypress: space
157.6281 	EXP 	text: autoDraw = False
157.6404 	EXP 	text: text = 'Total points : 9.9'
166.7596 	EXP 	text: text = 'Press and hold [SPACE] to report the duration of the stimulus'
166.7596 	EXP 	text: autoDraw = True
167.4529 	DATA 	Keypress: space
167.4599 	EXP 	text: autoDraw = False
168.2912 	WARNING 	Stopping key buffers but this could be dangerous ifother keyboards rely on the same.
168.3158 	EXP 	text: text = 'You earned 4.4 out of 10 points in this round.\n\n Press [SPACE] to advance'
168.3158 	EXP 	text: autoDraw = True
170.0048 	DATA 	Keypress: space
170.0119 	EXP 	text: autoDraw = False
170.0397 	EXP 	text: text = 'Total points : 14.3'
170.0397 	EXP 	text: text = 'Total points : 0'
170.0397 	EXP 	text: text = 'Great! Now press any key to begin the experiment'
170.0397 	EXP 	text: autoDraw = True
209.4848 	DATA 	Keypress: space
209.4922 	EXP 	text: autoDraw = False
219.4283 	EXP 	text: text = 'Press and hold [SPACE] to report the duration of the stimulus'
219.4283 	EXP 	text: autoDraw = True
220.3168 	DATA 	Keypress: space
220.3231 	EXP 	text: autoDraw = False
222.1108 	WARNING 	Stopping key buffers but this could be dangerous ifother keyboards rely on the same.
222.1276 	EXP 	text: text = 'Total points : 0'
222.1276 	EXP 	text: text = 'Your response exceeded the actual time.\n\n Press [SPACE] to advance'
222.1276 	EXP 	text: autoDraw = True
222.9888 	DATA 	Keypress: space
222.9960 	EXP 	text: autoDraw = False
232.9478 	EXP 	text: text = 'Press and hold [SPACE] to report the duration of the stimulus'
232.9478 	EXP 	text: autoDraw = True
233.8848 	DATA 	Keypress: space
233.8922 	EXP 	text: autoDraw = False
235.3313 	WARNING 	Stopping key buffers but this could be dangerous ifother keyboards rely on the same.
235.3522 	EXP 	text: text = 'You earned 10.0 out of 10 points in this round.\n\n Press [SPACE] to advance'
235.3522 	EXP 	text: autoDraw = True
236.6928 	DATA 	Keypress: space
236.6999 	EXP 	text: autoDraw = False
236.7156 	EXP 	text: text = 'Total points : 10.0'
245.3197 	EXP 	text: text = 'Press and hold [SPACE] to report the duration of the stimulus'
245.3197 	EXP 	text: autoDraw = True
246.2209 	DATA 	Keypress: space
246.2284 	EXP 	text: autoDraw = False
247.1553 	WARNING 	Stopping key buffers but this could be dangerous ifother keyboards rely on the same.
247.1859 	EXP 	text: text = 'You earned 6.9 out of 10 points in this round.\n\n Press [SPACE] to advance'
247.1859 	EXP 	text: autoDraw = True
248.4687 	DATA 	Keypress: space
248.4759 	EXP 	text: autoDraw = False
248.4865 	EXP 	text: text = 'Total points : 16.9'
257.0893 	EXP 	text: text = 'Press and hold [SPACE] to report the duration of the stimulus'
257.0893 	EXP 	text: autoDraw = True
258.1169 	DATA 	Keypress: space
258.1242 	EXP 	text: autoDraw = False
259.3391 	WARNING 	Stopping key buffers but this could be dangerous ifother keyboards rely on the same.
259.3575 	EXP 	text: text = 'Total points : 16.9'
259.3575 	EXP 	text: text = 'Your response exceeded the actual time.\n\n Press [SPACE] to advance'
259.3575 	EXP 	text: autoDraw = True
260.0851 	DATA 	Keypress: space
260.0925 	EXP 	text: autoDraw = False
267.5257 	EXP 	text: text = 'Press and hold [SPACE] to report the duration of the stimulus'
267.5257 	EXP 	text: autoDraw = True
268.5729 	DATA 	Keypress: space
268.5801 	EXP 	text: autoDraw = False
269.1154 	WARNING 	Stopping key buffers but this could be dangerous ifother keyboards rely on the same.
269.1496 	EXP 	text: text = 'You earned 5.7 out of 10 points in this round.\n\n Press [SPACE] to advance'
269.1496 	EXP 	text: autoDraw = True
269.9649 	DATA 	Keypress: space
269.9722 	EXP 	text: autoDraw = False
269.9947 	EXP 	text: text = 'Total points : 22.6'
277.7124 	EXP 	text: text = 'Press and hold [SPACE] to report the duration of the stimulus'
277.7124 	EXP 	text: autoDraw = True
278.4690 	DATA 	Keypress: space
278.4753 	EXP 	text: autoDraw = False
279.0674 	WARNING 	Stopping key buffers but this could be dangerous ifother keyboards rely on the same.
279.0975 	EXP 	text: text = 'You earned 5.5 out of 10 points in this round.\n\n Press [SPACE] to advance'
279.0975 	EXP 	text: autoDraw = True
279.9888 	DATA 	Keypress: space
279.9959 	EXP 	text: autoDraw = False
280.0145 	EXP 	text: text = 'Total points : 28.1'
289.6172 	EXP 	text: text = 'Press and hold [SPACE] to report the duration of the stimulus'
289.6172 	EXP 	text: autoDraw = True
290.5329 	DATA 	Keypress: space
290.5402 	EXP 	text: autoDraw = False
291.6193 	WARNING 	Stopping key buffers but this could be dangerous ifother keyboards rely on the same.
291.6503 	EXP 	text: text = 'You earned 5.6 out of 10 points in this round.\n\n Press [SPACE] to advance'
291.6503 	EXP 	text: autoDraw = True
292.6529 	DATA 	Keypress: space
292.6601 	EXP 	text: autoDraw = False
292.6670 	EXP 	text: text = 'Total points : 33.7'
301.2698 	EXP 	text: text = 'Press and hold [SPACE] to report the duration of the stimulus'
301.2698 	EXP 	text: autoDraw = True
302.1649 	DATA 	Keypress: space
302.1722 	EXP 	text: autoDraw = False
303.2355 	WARNING 	Stopping key buffers but this could be dangerous ifother keyboards rely on the same.
303.2556 	EXP 	text: text = 'You earned 9.0 out of 10 points in this round.\n\n Press [SPACE] to advance'
303.2556 	EXP 	text: autoDraw = True
304.1009 	DATA 	Keypress: space
304.1082 	EXP 	text: autoDraw = False
304.1215 	EXP 	text: text = 'Total points : 42.7'
311.2401 	EXP 	text: text = 'Press and hold [SPACE] to report the duration of the stimulus'
311.2401 	EXP 	text: autoDraw = True
312.6369 	DATA 	Keypress: space
312.6443 	EXP 	text: autoDraw = False
313.2114 	WARNING 	Stopping key buffers but this could be dangerous ifother keyboards rely on the same.
313.2724 	EXP 	text: text = 'You earned 7.1 out of 10 points in this round.\n\n Press [SPACE] to advance'
313.2724 	EXP 	text: autoDraw = True
314.0769 	DATA 	Keypress: space
314.0841 	EXP 	text: autoDraw = False
314.0906 	EXP 	text: text = 'Total points : 49.8'
324.2957 	EXP 	text: text = 'Press and hold [SPACE] to report the duration of the stimulus'
324.2957 	EXP 	text: autoDraw = True
325.0850 	DATA 	Keypress: space
325.0908 	EXP 	text: autoDraw = False
326.2194 	WARNING 	Stopping key buffers but this could be dangerous ifother keyboards rely on the same.
326.2449 	EXP 	text: text = 'You earned 4.6 out of 10 points in this round.\n\n Press [SPACE] to advance'
326.2449 	EXP 	text: autoDraw = True
327.1648 	DATA 	Keypress: space
327.1722 	EXP 	text: autoDraw = False
327.1786 	EXP 	text: text = 'Total points : 54.4'
334.8987 	EXP 	text: text = 'Press and hold [SPACE] to report the duration of the stimulus'
334.8987 	EXP 	text: autoDraw = True
335.8930 	DATA 	Keypress: space
335.9004 	EXP 	text: autoDraw = False
336.2594 	WARNING 	Stopping key buffers but this could be dangerous ifother keyboards rely on the same.
336.2814 	EXP 	text: text = 'You earned 3.5 out of 10 points in this round.\n\n Press [SPACE] to advance'
336.2814 	EXP 	text: autoDraw = True
337.1488 	DATA 	Keypress: space
337.1560 	EXP 	text: autoDraw = False
337.1640 	EXP 	text: text = 'Total points : 57.9'
344.2849 	EXP 	text: text = 'Press and hold [SPACE] to report the duration of the stimulus'
344.2849 	EXP 	text: autoDraw = True
345.1649 	DATA 	Keypress: space
345.1722 	EXP 	text: autoDraw = False
346.0674 	WARNING 	Stopping key buffers but this could be dangerous ifother keyboards rely on the same.
346.0849 	EXP 	text: text = 'Total points : 57.9'
346.0849 	EXP 	text: text = 'Your response exceeded the actual time.\n\n Press [SPACE] to advance'
346.0849 	EXP 	text: autoDraw = True
346.8768 	DATA 	Keypress: space
346.8838 	EXP 	text: autoDraw = False
348.6848 	DATA 	Keypress: space
354.6385 	EXP 	text: text = 'Press and hold [SPACE] to report the duration of the stimulus'
354.6385 	EXP 	text: autoDraw = True
355.4529 	DATA 	Keypress: space
355.4603 	EXP 	text: autoDraw = False
355.9555 	WARNING 	Stopping key buffers but this could be dangerous ifother keyboards rely on the same.
355.9755 	EXP 	text: text = 'You earned 4.5 out of 10 points in this round.\n\n Press [SPACE] to advance'
355.9755 	EXP 	text: autoDraw = True
356.6929 	DATA 	Keypress: space
356.7003 	EXP 	text: autoDraw = False
356.7210 	EXP 	text: text = 'Total points : 62.4'
366.9249 	EXP 	text: text = 'Press and hold [SPACE] to report the duration of the stimulus'
366.9249 	EXP 	text: autoDraw = True
367.8449 	DATA 	Keypress: space
367.8523 	EXP 	text: autoDraw = False
368.7874 	WARNING 	Stopping key buffers but this could be dangerous ifother keyboards rely on the same.
368.8094 	EXP 	text: text = 'You earned 3.1 out of 10 points in this round.\n\n Press [SPACE] to advance'
368.8094 	EXP 	text: autoDraw = True
369.8048 	DATA 	Keypress: space
369.8122 	EXP 	text: autoDraw = False
369.8261 	EXP 	text: text = 'Total points : 65.5'
378.1617 	EXP 	text: text = 'Press and hold [SPACE] to report the duration of the stimulus'
378.1617 	EXP 	text: autoDraw = True
378.9410 	DATA 	Keypress: space
378.9484 	EXP 	text: autoDraw = False
380.1115 	WARNING 	Stopping key buffers but this could be dangerous ifother keyboards rely on the same.
380.1289 	EXP 	text: text = 'Total points : 65.5'
380.1289 	EXP 	text: text = 'Your response exceeded the actual time.\n\n Press [SPACE] to advance'
380.1289 	EXP 	text: autoDraw = True
380.7968 	DATA 	Keypress: space
380.8041 	EXP 	text: autoDraw = False
387.9089 	DATA 	Keypress: space
390.4334 	EXP 	text: text = 'Press and hold [SPACE] to report the duration of the stimulus'
390.4334 	EXP 	text: autoDraw = True
391.0450 	DATA 	Keypress: space
391.0523 	EXP 	text: autoDraw = False
391.8994 	WARNING 	Stopping key buffers but this could be dangerous ifother keyboards rely on the same.
391.9195 	EXP 	text: text = 'You earned 3.5 out of 10 points in this round.\n\n Press [SPACE] to advance'
391.9195 	EXP 	text: autoDraw = True
393.0369 	DATA 	Keypress: space
393.0443 	EXP 	text: autoDraw = False
393.0661 	EXP 	text: text = 'Total points : 69.0'
400.1852 	EXP 	text: text = 'Press and hold [SPACE] to report the duration of the stimulus'
400.1852 	EXP 	text: autoDraw = True
401.1409 	DATA 	Keypress: space
401.1482 	EXP 	text: autoDraw = False
401.7314 	WARNING 	Stopping key buffers but this could be dangerous ifother keyboards rely on the same.
401.7531 	EXP 	text: text = 'You earned 7.3 out of 10 points in this round.\n\n Press [SPACE] to advance'
401.7531 	EXP 	text: autoDraw = True
402.3489 	DATA 	Keypress: space
402.3561 	EXP 	text: autoDraw = False
402.3688 	EXP 	text: text = 'Total points : 76.3'
410.9725 	EXP 	text: text = 'Press and hold [SPACE] to report the duration of the stimulus'
410.9725 	EXP 	text: autoDraw = True
411.7249 	DATA 	Keypress: space
411.7323 	EXP 	text: autoDraw = False
412.4914 	WARNING 	Stopping key buffers but this could be dangerous ifother keyboards rely on the same.
412.5226 	EXP 	text: text = 'You earned 4.9 out of 10 points in this round.\n\n Press [SPACE] to advance'
412.5226 	EXP 	text: autoDraw = True
413.6209 	DATA 	Keypress: space
413.6282 	EXP 	text: autoDraw = False
413.6404 	EXP 	text: text = 'Total points : 81.2'
421.3590 	EXP 	text: text = 'Press and hold [SPACE] to report the duration of the stimulus'
421.3590 	EXP 	text: autoDraw = True
421.8930 	DATA 	Keypress: space
421.9003 	EXP 	text: autoDraw = False
422.5794 	WARNING 	Stopping key buffers but this could be dangerous ifother keyboards rely on the same.
422.6093 	EXP 	text: text = 'You earned 6.5 out of 10 points in this round.\n\n Press [SPACE] to advance'
422.6093 	EXP 	text: autoDraw = True
423.4928 	DATA 	Keypress: space
423.5001 	EXP 	text: autoDraw = False
423.5094 	EXP 	text: text = 'Total points : 87.7'
433.1127 	EXP 	text: text = 'Press and hold [SPACE] to report the duration of the stimulus'
433.1127 	EXP 	text: autoDraw = True
433.7168 	DATA 	Keypress: space
433.7242 	EXP 	text: autoDraw = False
434.8357 	WARNING 	Stopping key buffers but this could be dangerous ifother keyboards rely on the same.
434.8647 	EXP 	text: text = 'You earned 6.0 out of 10 points in this round.\n\n Press [SPACE] to advance'
434.8647 	EXP 	text: autoDraw = True
435.5968 	DATA 	Keypress: space
435.6041 	EXP 	text: autoDraw = False
435.6135 	EXP 	text: text = 'Total points : 93.7'
443.9343 	EXP 	text: text = 'Press and hold [SPACE] to report the duration of the stimulus'
443.9343 	EXP 	text: autoDraw = True
444.4769 	DATA 	Keypress: space
444.4841 	EXP 	text: autoDraw = False
445.0113 	WARNING 	Stopping key buffers but this could be dangerous ifother keyboards rely on the same.
445.0342 	EXP 	text: text = 'You earned 3.6 out of 10 points in this round.\n\n Press [SPACE] to advance'
445.0342 	EXP 	text: autoDraw = True
445.6609 	DATA 	Keypress: space
445.6682 	EXP 	text: autoDraw = False
445.6830 	EXP 	text: text = 'Total points : 97.3'
453.4038 	EXP 	text: text = 'Press and hold [SPACE] to report the duration of the stimulus'
453.4038 	EXP 	text: autoDraw = True
454.0048 	DATA 	Keypress: space
454.0121 	EXP 	text: autoDraw = False
454.6513 	WARNING 	Stopping key buffers but this could be dangerous ifother keyboards rely on the same.
454.6715 	EXP 	text: text = 'You earned 6.0 out of 10 points in this round.\n\n Press [SPACE] to advance'
454.6715 	EXP 	text: autoDraw = True
455.4608 	DATA 	Keypress: space
455.4662 	EXP 	text: autoDraw = False
455.4864 	EXP 	text: text = 'Total points : 103.3'
464.6075 	EXP 	text: text = 'Press and hold [SPACE] to report the duration of the stimulus'
464.6075 	EXP 	text: autoDraw = True
465.2689 	DATA 	Keypress: space
465.2763 	EXP 	text: autoDraw = False
465.9474 	WARNING 	Stopping key buffers but this could be dangerous ifother keyboards rely on the same.
465.9735 	EXP 	text: text = 'You earned 3.2 out of 10 points in this round.\n\n Press [SPACE] to advance'
465.9735 	EXP 	text: autoDraw = True
466.7409 	DATA 	Keypress: space
466.7481 	EXP 	text: autoDraw = False
466.7560 	EXP 	text: text = 'Total points : 106.5'
475.0779 	EXP 	text: text = 'Press and hold [SPACE] to report the duration of the stimulus'
475.0779 	EXP 	text: autoDraw = True
475.6369 	DATA 	Keypress: space
475.6440 	EXP 	text: autoDraw = False
476.2273 	WARNING 	Stopping key buffers but this could be dangerous ifother keyboards rely on the same.
476.2478 	EXP 	text: text = 'You earned 4.0 out of 10 points in this round.\n\n Press [SPACE] to advance'
476.2478 	EXP 	text: autoDraw = True
477.0208 	DATA 	Keypress: space
477.0281 	EXP 	text: autoDraw = False
477.0428 	EXP 	text: text = 'Total points : 110.5'
485.0475 	EXP 	text: text = 'Press and hold [SPACE] to report the duration of the stimulus'
485.0475 	EXP 	text: autoDraw = True
485.5009 	DATA 	Keypress: space
485.5082 	EXP 	text: autoDraw = False
486.1154 	WARNING 	Stopping key buffers but this could be dangerous ifother keyboards rely on the same.
486.1475 	EXP 	text: text = 'You earned 4.9 out of 10 points in this round.\n\n Press [SPACE] to advance'
486.1475 	EXP 	text: autoDraw = True
486.8849 	DATA 	Keypress: space
486.8924 	EXP 	text: autoDraw = False
486.9131 	EXP 	text: text = 'Total points : 115.4'
496.5164 	EXP 	text: text = 'Press and hold [SPACE] to report the duration of the stimulus'
496.5164 	EXP 	text: autoDraw = True
497.0929 	DATA 	Keypress: space
497.1000 	EXP 	text: autoDraw = False
497.8194 	WARNING 	Stopping key buffers but this could be dangerous ifother keyboards rely on the same.
497.8503 	EXP 	text: text = 'You earned 2.7 out of 10 points in this round.\n\n Press [SPACE] to advance'
497.8503 	EXP 	text: autoDraw = True
498.6048 	DATA 	Keypress: space
498.6121 	EXP 	text: autoDraw = False
498.6347 	EXP 	text: text = 'Total points : 118.1'
505.7538 	EXP 	text: text = 'Press and hold [SPACE] to report the duration of the stimulus'
505.7538 	EXP 	text: autoDraw = True
506.3489 	DATA 	Keypress: space
506.3563 	EXP 	text: autoDraw = False
506.7313 	WARNING 	Stopping key buffers but this could be dangerous ifother keyboards rely on the same.
506.7530 	EXP 	text: text = 'You earned 4.8 out of 10 points in this round.\n\n Press [SPACE] to advance'
506.7530 	EXP 	text: autoDraw = True
507.5728 	DATA 	Keypress: space
507.5801 	EXP 	text: autoDraw = False
507.5869 	EXP 	text: text = 'Total points : 122.9'
517.1902 	EXP 	text: text = 'Press and hold [SPACE] to report the duration of the stimulus'
517.1902 	EXP 	text: autoDraw = True
517.8369 	DATA 	Keypress: space
517.8442 	EXP 	text: autoDraw = False
518.5473 	WARNING 	Stopping key buffers but this could be dangerous ifother keyboards rely on the same.
518.5752 	EXP 	text: text = 'You earned 2.7 out of 10 points in this round.\n\n Press [SPACE] to advance'
518.5752 	EXP 	text: autoDraw = True
519.8207 	DATA 	Keypress: space
519.8281 	EXP 	text: autoDraw = False
519.8412 	EXP 	text: text = 'Total points : 125.6'
530.0441 	EXP 	text: text = 'Press and hold [SPACE] to report the duration of the stimulus'
530.0441 	EXP 	text: autoDraw = True
530.6528 	DATA 	Keypress: space
530.6600 	EXP 	text: autoDraw = False
531.4914 	WARNING 	Stopping key buffers but this could be dangerous ifother keyboards rely on the same.
531.5118 	EXP 	text: text = 'You earned 2.5 out of 10 points in this round.\n\n Press [SPACE] to advance'
531.5118 	EXP 	text: autoDraw = True
532.8048 	DATA 	Keypress: space
532.8119 	EXP 	text: autoDraw = False
532.8278 	EXP 	text: text = 'Total points : 128.1'
540.8308 	EXP 	text: text = 'Press and hold [SPACE] to report the duration of the stimulus'
540.8308 	EXP 	text: autoDraw = True
541.4449 	DATA 	Keypress: space
541.4522 	EXP 	text: autoDraw = False
542.1233 	WARNING 	Stopping key buffers but this could be dangerous ifother keyboards rely on the same.
542.1478 	EXP 	text: text = 'You earned 5.5 out of 10 points in this round.\n\n Press [SPACE] to advance'
542.1478 	EXP 	text: autoDraw = True
543.0129 	DATA 	Keypress: space
543.0202 	EXP 	text: autoDraw = False
543.0304 	EXP 	text: text = 'Total points : 133.6'
553.2350 	EXP 	text: text = 'Press and hold [SPACE] to report the duration of the stimulus'
553.2350 	EXP 	text: autoDraw = True
554.0848 	DATA 	Keypress: space
554.0922 	EXP 	text: autoDraw = False
555.2035 	WARNING 	Stopping key buffers but this could be dangerous ifother keyboards rely on the same.
555.2238 	EXP 	text: text = 'You earned 4.4 out of 10 points in this round.\n\n Press [SPACE] to advance'
555.2238 	EXP 	text: autoDraw = True
556.0849 	DATA 	Keypress: space
556.0921 	EXP 	text: autoDraw = False
556.1020 	EXP 	text: text = 'Total points : 138.0'
563.8230 	EXP 	text: text = 'Press and hold [SPACE] to report the duration of the stimulus'
563.8230 	EXP 	text: autoDraw = True
565.4049 	DATA 	Keypress: space
565.4124 	EXP 	text: autoDraw = False
565.9395 	WARNING 	Stopping key buffers but this could be dangerous ifother keyboards rely on the same.
565.9595 	EXP 	text: text = 'You earned 4.8 out of 10 points in this round.\n\n Press [SPACE] to advance'
565.9595 	EXP 	text: autoDraw = True
566.8528 	DATA 	Keypress: space
566.8601 	EXP 	text: autoDraw = False
566.8724 	EXP 	text: text = 'Total points : 142.8'
575.4754 	EXP 	text: text = 'Press and hold [SPACE] to report the duration of the stimulus'
575.4754 	EXP 	text: autoDraw = True
576.6129 	DATA 	Keypress: space
576.6203 	EXP 	text: autoDraw = False
577.7074 	WARNING 	Stopping key buffers but this could be dangerous ifother keyboards rely on the same.
577.7276 	EXP 	text: text = 'You earned 9.4 out of 10 points in this round.\n\n Press [SPACE] to advance'
577.7276 	EXP 	text: autoDraw = True
578.8128 	DATA 	Keypress: space
578.8202 	EXP 	text: autoDraw = False
578.8266 	EXP 	text: text = 'Total points : 152.2'
586.8291 	EXP 	text: text = 'Press and hold [SPACE] to report the duration of the stimulus'
586.8291 	EXP 	text: autoDraw = True
587.4208 	DATA 	Keypress: space
587.4257 	EXP 	text: autoDraw = False
587.8433 	WARNING 	Stopping key buffers but this could be dangerous ifother keyboards rely on the same.
587.8624 	EXP 	text: text = 'You earned 3.3 out of 10 points in this round.\n\n Press [SPACE] to advance'
587.8624 	EXP 	text: autoDraw = True
588.4608 	DATA 	Keypress: space
588.4682 	EXP 	text: autoDraw = False
588.4805 	EXP 	text: text = 'Total points : 155.5'
598.6839 	EXP 	text: text = 'Press and hold [SPACE] to report the duration of the stimulus'
598.6839 	EXP 	text: autoDraw = True
599.3169 	DATA 	Keypress: space
599.3242 	EXP 	text: autoDraw = False
600.2115 	WARNING 	Stopping key buffers but this could be dangerous ifother keyboards rely on the same.
600.2339 	EXP 	text: text = 'You earned 2.8 out of 10 points in this round.\n\n Press [SPACE] to advance'
600.2339 	EXP 	text: autoDraw = True
601.0369 	DATA 	Keypress: space
601.0442 	EXP 	text: autoDraw = False
601.0512 	EXP 	text: text = 'Total points : 158.3'
608.7713 	EXP 	text: text = 'Press and hold [SPACE] to report the duration of the stimulus'
608.7713 	EXP 	text: autoDraw = True
609.3408 	DATA 	Keypress: space
609.3481 	EXP 	text: autoDraw = False
610.0033 	WARNING 	Stopping key buffers but this could be dangerous ifother keyboards rely on the same.
610.0242 	EXP 	text: text = 'You earned 6.2 out of 10 points in this round.\n\n Press [SPACE] to advance'
610.0242 	EXP 	text: autoDraw = True
610.7408 	DATA 	Keypress: space
610.7482 	EXP 	text: autoDraw = False
610.7708 	EXP 	text: text = 'Total points : 164.5'
618.7739 	EXP 	text: text = 'Press and hold [SPACE] to report the duration of the stimulus'
618.7739 	EXP 	text: autoDraw = True
619.2528 	DATA 	Keypress: space
619.2602 	EXP 	text: autoDraw = False
619.8594 	WARNING 	Stopping key buffers but this could be dangerous ifother keyboards rely on the same.
619.8910 	EXP 	text: text = 'You earned 4.8 out of 10 points in this round.\n\n Press [SPACE] to advance'
619.8910 	EXP 	text: autoDraw = True
620.6370 	DATA 	Keypress: space
620.6443 	EXP 	text: autoDraw = False
620.6564 	EXP 	text: text = 'Total points : 169.3'
628.9774 	EXP 	text: text = 'Press and hold [SPACE] to report the duration of the stimulus'
628.9774 	EXP 	text: autoDraw = True
629.6370 	DATA 	Keypress: space
629.6442 	EXP 	text: autoDraw = False
630.5314 	WARNING 	Stopping key buffers but this could be dangerous ifother keyboards rely on the same.
630.5615 	EXP 	text: text = 'You earned 7.3 out of 10 points in this round.\n\n Press [SPACE] to advance'
630.5615 	EXP 	text: autoDraw = True
631.2848 	DATA 	Keypress: space
631.2898 	EXP 	text: autoDraw = False
631.3101 	EXP 	text: text = 'Total points : 176.6'
639.6309 	EXP 	text: text = 'Press and hold [SPACE] to report the duration of the stimulus'
639.6309 	EXP 	text: autoDraw = True
640.1489 	DATA 	Keypress: space
640.1563 	EXP 	text: autoDraw = False
640.9233 	WARNING 	Stopping key buffers but this could be dangerous ifother keyboards rely on the same.
640.9478 	EXP 	text: text = 'You earned 5.8 out of 10 points in this round.\n\n Press [SPACE] to advance'
640.9478 	EXP 	text: autoDraw = True
641.6929 	DATA 	Keypress: space
641.7002 	EXP 	text: autoDraw = False
641.7128 	EXP 	text: text = 'Total points : 182.4'
649.7175 	EXP 	text: text = 'Press and hold [SPACE] to report the duration of the stimulus'
649.7175 	EXP 	text: autoDraw = True
650.2128 	DATA 	Keypress: space
650.2203 	EXP 	text: autoDraw = False
650.9473 	WARNING 	Stopping key buffers but this could be dangerous ifother keyboards rely on the same.
650.9681 	EXP 	text: text = 'You earned 6.2 out of 10 points in this round.\n\n Press [SPACE] to advance'
650.9681 	EXP 	text: autoDraw = True
651.6849 	DATA 	Keypress: space
651.6922 	EXP 	text: autoDraw = False
651.6996 	EXP 	text: text = 'Total points : 188.6'
661.3032 	EXP 	text: text = 'Press and hold [SPACE] to report the duration of the stimulus'
661.3032 	EXP 	text: autoDraw = True
661.9089 	DATA 	Keypress: space
661.9159 	EXP 	text: autoDraw = False
663.0275 	WARNING 	Stopping key buffers but this could be dangerous ifother keyboards rely on the same.
663.0542 	EXP 	text: text = 'You earned 6.0 out of 10 points in this round.\n\n Press [SPACE] to advance'
663.0542 	EXP 	text: autoDraw = True
663.8770 	DATA 	Keypress: space
663.8833 	EXP 	text: autoDraw = False
663.9049 	EXP 	text: text = 'Total points : 194.6'
673.0407 	EXP 	text: text = 'Press and hold [SPACE] to report the duration of the stimulus'
673.0407 	EXP 	text: autoDraw = True
673.5409 	DATA 	Keypress: space
673.5483 	EXP 	text: autoDraw = False
674.6434 	WARNING 	Stopping key buffers but this could be dangerous ifother keyboards rely on the same.
674.6756 	EXP 	text: text = 'You earned 7.5 out of 10 points in this round.\n\n Press [SPACE] to advance'
674.6756 	EXP 	text: autoDraw = True
675.4767 	DATA 	Keypress: space
675.4842 	EXP 	text: autoDraw = False
675.4907 	EXP 	text: text = 'Total points : 202.1'
683.4952 	EXP 	text: text = 'Press and hold [SPACE] to report the duration of the stimulus'
683.4952 	EXP 	text: autoDraw = True
684.2209 	DATA 	Keypress: space
684.2279 	EXP 	text: autoDraw = False
685.0834 	WARNING 	Stopping key buffers but this could be dangerous ifother keyboards rely on the same.
685.1113 	EXP 	text: text = 'You earned 8.0 out of 10 points in this round.\n\n Press [SPACE] to advance'
685.1113 	EXP 	text: autoDraw = True
685.8369 	DATA 	Keypress: space
685.8440 	EXP 	text: autoDraw = False
685.8609 	EXP 	text: text = 'Total points : 210.1'
696.0649 	EXP 	text: text = 'Press and hold [SPACE] to report the duration of the stimulus'
696.0649 	EXP 	text: autoDraw = True
696.6289 	DATA 	Keypress: space
696.6362 	EXP 	text: autoDraw = False
697.4915 	WARNING 	Stopping key buffers but this could be dangerous ifother keyboards rely on the same.
697.5151 	EXP 	text: text = 'You earned 2.7 out of 10 points in this round.\n\n Press [SPACE] to advance'
697.5151 	EXP 	text: autoDraw = True
698.2928 	DATA 	Keypress: space
698.3001 	EXP 	text: autoDraw = False
698.3147 	EXP 	text: text = 'Total points : 212.8'
705.4344 	EXP 	text: text = 'Press and hold [SPACE] to report the duration of the stimulus'
705.4344 	EXP 	text: autoDraw = True
705.9168 	DATA 	Keypress: space
705.9242 	EXP 	text: autoDraw = False
706.3073 	WARNING 	Stopping key buffers but this could be dangerous ifother keyboards rely on the same.
706.3345 	EXP 	text: text = 'You earned 4.9 out of 10 points in this round.\n\n Press [SPACE] to advance'
706.3345 	EXP 	text: autoDraw = True
707.0450 	DATA 	Keypress: space
707.0520 	EXP 	text: autoDraw = False
707.0674 	EXP 	text: text = 'Total points : 217.7'
716.9881 	EXP 	text: text = 'Press and hold [SPACE] to report the duration of the stimulus'
716.9881 	EXP 	text: autoDraw = True
717.5968 	DATA 	Keypress: space
717.6039 	EXP 	text: autoDraw = False
718.6194 	WARNING 	Stopping key buffers but this could be dangerous ifother keyboards rely on the same.
718.6397 	EXP 	text: text = 'You earned 4.3 out of 10 points in this round.\n\n Press [SPACE] to advance'
718.6397 	EXP 	text: autoDraw = True
719.3888 	DATA 	Keypress: space
719.3960 	EXP 	text: autoDraw = False
719.4053 	EXP 	text: text = 'Total points : 222.0'
728.0247 	EXP 	text: text = 'Press and hold [SPACE] to report the duration of the stimulus'
728.0247 	EXP 	text: autoDraw = True
728.7488 	DATA 	Keypress: space
728.7547 	EXP 	text: autoDraw = False
729.8115 	WARNING 	Stopping key buffers but this could be dangerous ifother keyboards rely on the same.
729.8436 	EXP 	text: text = 'You earned 8.9 out of 10 points in this round.\n\n Press [SPACE] to advance'
729.8436 	EXP 	text: autoDraw = True
730.6128 	DATA 	Keypress: space
730.6201 	EXP 	text: autoDraw = False
730.6422 	EXP 	text: text = 'Total points : 230.9'
740.2465 	EXP 	text: text = 'Press and hold [SPACE] to report the duration of the stimulus'
740.2465 	EXP 	text: autoDraw = True
740.8128 	DATA 	Keypress: space
740.8202 	EXP 	text: autoDraw = False
741.9233 	WARNING 	Stopping key buffers but this could be dangerous ifother keyboards rely on the same.
741.9457 	EXP 	text: text = 'You earned 5.9 out of 10 points in this round.\n\n Press [SPACE] to advance'
741.9457 	EXP 	text: autoDraw = True
742.7408 	DATA 	Keypress: space
742.7482 	EXP 	text: autoDraw = False
742.7623 	EXP 	text: text = 'Total points : 236.8'
749.8831 	EXP 	text: text = 'Press and hold [SPACE] to report the duration of the stimulus'
749.8831 	EXP 	text: autoDraw = True
750.3409 	DATA 	Keypress: space
750.3480 	EXP 	text: autoDraw = False
751.3986 	WARNING 	Stopping key buffers but this could be dangerous ifother keyboards rely on the same.
751.4160 	EXP 	text: text = 'Total points : 236.8'
751.4160 	EXP 	text: text = 'Your response exceeded the actual time.\n\n Press [SPACE] to advance'
751.4160 	EXP 	text: autoDraw = True
752.1888 	DATA 	Keypress: space
752.1956 	EXP 	text: autoDraw = False
759.3532 	EXP 	text: text = 'Press and hold [SPACE] to report the duration of the stimulus'
759.3532 	EXP 	text: autoDraw = True
759.9089 	DATA 	Keypress: space
759.9146 	EXP 	text: autoDraw = False
760.4434 	WARNING 	Stopping key buffers but this could be dangerous ifother keyboards rely on the same.
760.4686 	EXP 	text: text = 'You earned 6.5 out of 10 points in this round.\n\n Press [SPACE] to advance'
760.4686 	EXP 	text: autoDraw = True
763.1087 	DATA 	Keypress: space
763.1154 	EXP 	text: autoDraw = False
763.1359 	EXP 	text: text = 'Total points : 243.3'
773.0570 	EXP 	text: text = 'Press and hold [SPACE] to report the duration of the stimulus'
773.0570 	EXP 	text: autoDraw = True
773.7887 	DATA 	Keypress: space
773.7960 	EXP 	text: autoDraw = False
774.6193 	WARNING 	Stopping key buffers but this could be dangerous ifother keyboards rely on the same.
774.6412 	EXP 	text: text = 'You earned 2.9 out of 10 points in this round.\n\n Press [SPACE] to advance'
774.6412 	EXP 	text: autoDraw = True
775.3487 	DATA 	Keypress: space
775.3559 	EXP 	text: autoDraw = False
775.3729 	EXP 	text: text = 'Total points : 246.2'
783.6945 	EXP 	text: text = 'Press and hold [SPACE] to report the duration of the stimulus'
783.6945 	EXP 	text: autoDraw = True
784.2369 	DATA 	Keypress: space
784.2441 	EXP 	text: autoDraw = False
784.8914 	WARNING 	Stopping key buffers but this could be dangerous ifother keyboards rely on the same.
784.9117 	EXP 	text: text = 'You earned 4.5 out of 10 points in this round.\n\n Press [SPACE] to advance'
784.9117 	EXP 	text: autoDraw = True
785.5408 	DATA 	Keypress: space
785.5481 	EXP 	text: autoDraw = False
785.5595 	EXP 	text: text = 'Total points : 250.7'
795.4813 	EXP 	text: text = 'Press and hold [SPACE] to report the duration of the stimulus'
795.4813 	EXP 	text: autoDraw = True
796.1248 	DATA 	Keypress: space
796.1321 	EXP 	text: autoDraw = False
797.0113 	WARNING 	Stopping key buffers but this could be dangerous ifother keyboards rely on the same.
797.0320 	EXP 	text: text = 'You earned 3.2 out of 10 points in this round.\n\n Press [SPACE] to advance'
797.0320 	EXP 	text: autoDraw = True
797.7969 	DATA 	Keypress: space
797.8040 	EXP 	text: autoDraw = False
797.8137 	EXP 	text: text = 'Total points : 253.9'
805.5341 	EXP 	text: text = 'Press and hold [SPACE] to report the duration of the stimulus'
805.5341 	EXP 	text: autoDraw = True
806.0769 	DATA 	Keypress: space
806.0840 	EXP 	text: autoDraw = False
807.0834 	WARNING 	Stopping key buffers but this could be dangerous ifother keyboards rely on the same.
807.1008 	EXP 	text: text = 'Total points : 253.9'
807.1008 	EXP 	text: text = 'Your response exceeded the actual time.\n\n Press [SPACE] to advance'
807.1008 	EXP 	text: autoDraw = True
807.7647 	DATA 	Keypress: space
807.7720 	EXP 	text: autoDraw = False
815.2045 	EXP 	text: text = 'Press and hold [SPACE] to report the duration of the stimulus'
815.2045 	EXP 	text: autoDraw = True
815.7331 	DATA 	Keypress: space
815.7404 	EXP 	text: autoDraw = False
816.6030 	WARNING 	Stopping key buffers but this could be dangerous ifother keyboards rely on the same.
816.6204 	EXP 	text: text = 'Total points : 253.9'
816.6204 	EXP 	text: text = 'Your response exceeded the actual time.\n\n Press [SPACE] to advance'
816.6204 	EXP 	text: autoDraw = True
817.3009 	DATA 	Keypress: space
817.3083 	EXP 	text: autoDraw = False
827.2570 	EXP 	text: text = 'Press and hold [SPACE] to report the duration of the stimulus'
827.2570 	EXP 	text: autoDraw = True
827.7169 	DATA 	Keypress: space
827.7238 	EXP 	text: autoDraw = False
828.4034 	WARNING 	Stopping key buffers but this could be dangerous ifother keyboards rely on the same.
828.4252 	EXP 	text: text = 'You earned 2.2 out of 10 points in this round.\n\n Press [SPACE] to advance'
828.4252 	EXP 	text: autoDraw = True
829.1488 	DATA 	Keypress: space
829.1542 	EXP 	text: autoDraw = False
829.1755 	EXP 	text: text = 'Total points : 256.1'
838.2938 	EXP 	text: text = 'Press and hold [SPACE] to report the duration of the stimulus'
838.2938 	EXP 	text: autoDraw = True
838.8530 	DATA 	Keypress: space
838.8601 	EXP 	text: autoDraw = False
839.6514 	WARNING 	Stopping key buffers but this could be dangerous ifother keyboards rely on the same.
839.6789 	EXP 	text: text = 'You earned 4.1 out of 10 points in this round.\n\n Press [SPACE] to advance'
839.6789 	EXP 	text: autoDraw = True
840.5008 	DATA 	Keypress: space
840.5074 	EXP 	text: autoDraw = False
840.5274 	EXP 	text: text = 'Total points : 260.2'
847.9302 	EXP 	text: text = 'Press and hold [SPACE] to report the duration of the stimulus'
847.9302 	EXP 	text: autoDraw = True
848.4289 	DATA 	Keypress: space
848.4361 	EXP 	text: autoDraw = False
849.1953 	WARNING 	Stopping key buffers but this could be dangerous ifother keyboards rely on the same.
849.2156 	EXP 	text: text = 'You earned 8.9 out of 10 points in this round.\n\n Press [SPACE] to advance'
849.2156 	EXP 	text: autoDraw = True
850.0608 	DATA 	Keypress: space
850.0681 	EXP 	text: autoDraw = False
850.0818 	EXP 	text: text = 'Total points : 269.1'
860.2858 	EXP 	text: text = 'Press and hold [SPACE] to report the duration of the stimulus'
860.2858 	EXP 	text: autoDraw = True
860.9889 	DATA 	Keypress: space
860.9962 	EXP 	text: autoDraw = False
861.9313 	WARNING 	Stopping key buffers but this could be dangerous ifother keyboards rely on the same.
861.9513 	EXP 	text: text = 'You earned 3.1 out of 10 points in this round.\n\n Press [SPACE] to advance'
861.9513 	EXP 	text: autoDraw = True
862.8290 	DATA 	Keypress: space
862.8362 	EXP 	text: autoDraw = False
862.8515 	EXP 	text: text = 'Total points : 272.2'
871.9714 	EXP 	text: text = 'Press and hold [SPACE] to report the duration of the stimulus'
871.9714 	EXP 	text: autoDraw = True
872.4769 	DATA 	Keypress: space
872.4841 	EXP 	text: autoDraw = False
873.0994 	WARNING 	Stopping key buffers but this could be dangerous ifother keyboards rely on the same.
873.1217 	EXP 	text: text = 'You earned 2.9 out of 10 points in this round.\n\n Press [SPACE] to advance'
873.1217 	EXP 	text: autoDraw = True
873.9089 	DATA 	Keypress: space
873.9163 	EXP 	text: autoDraw = False
873.9227 	EXP 	text: text = 'Total points : 275.1'
883.0413 	EXP 	text: text = 'Press and hold [SPACE] to report the duration of the stimulus'
883.0413 	EXP 	text: autoDraw = True
883.6050 	DATA 	Keypress: space
883.6123 	EXP 	text: autoDraw = False
884.5314 	WARNING 	Stopping key buffers but this could be dangerous ifother keyboards rely on the same.
884.5602 	EXP 	text: text = 'You earned 5.3 out of 10 points in this round.\n\n Press [SPACE] to advance'
884.5602 	EXP 	text: autoDraw = True
885.5808 	DATA 	Keypress: space
885.5883 	EXP 	text: autoDraw = False
885.6088 	EXP 	text: text = 'Total points : 280.4'
893.0117 	EXP 	text: text = 'Press and hold [SPACE] to report the duration of the stimulus'
893.0117 	EXP 	text: autoDraw = True
893.7887 	DATA 	Keypress: space
893.7958 	EXP 	text: autoDraw = False
894.7963 	WARNING 	Stopping key buffers but this could be dangerous ifother keyboards rely on the same.
894.8137 	EXP 	text: text = 'Total points : 280.4'
894.8137 	EXP 	text: text = 'Your response exceeded the actual time.\n\n Press [SPACE] to advance'
894.8137 	EXP 	text: autoDraw = True
895.4689 	DATA 	Keypress: space
895.4754 	EXP 	text: autoDraw = False
904.1162 	EXP 	text: text = 'Press and hold [SPACE] to report the duration of the stimulus'
904.1162 	EXP 	text: autoDraw = True
904.9569 	DATA 	Keypress: space
904.9622 	EXP 	text: autoDraw = False
905.8514 	WARNING 	Stopping key buffers but this could be dangerous ifother keyboards rely on the same.
905.8824 	EXP 	text: text = 'You earned 6.3 out of 10 points in this round.\n\n Press [SPACE] to advance'
905.8824 	EXP 	text: autoDraw = True
945.1489 	DATA 	Keypress: space
945.1563 	EXP 	text: autoDraw = False
945.1789 	EXP 	text: text = 'Total points : 286.7'
955.0997 	EXP 	text: text = 'Press and hold [SPACE] to report the duration of the stimulus'
955.0997 	EXP 	text: autoDraw = True
955.6367 	DATA 	Keypress: space
955.6442 	EXP 	text: autoDraw = False
956.7635 	WARNING 	Stopping key buffers but this could be dangerous ifother keyboards rely on the same.
956.7837 	EXP 	text: text = 'You earned 5.3 out of 10 points in this round.\n\n Press [SPACE] to advance'
956.7837 	EXP 	text: autoDraw = True
957.8847 	DATA 	Keypress: space
957.8919 	EXP 	text: autoDraw = False
957.8984 	EXP 	text: text = 'Total points : 292.0'
965.6194 	EXP 	text: text = 'Press and hold [SPACE] to report the duration of the stimulus'
965.6194 	EXP 	text: autoDraw = True
966.0928 	DATA 	Keypress: space
966.0984 	EXP 	text: autoDraw = False
967.0851 	WARNING 	Stopping key buffers but this could be dangerous ifother keyboards rely on the same.
967.1025 	EXP 	text: text = 'Total points : 292.0'
967.1025 	EXP 	text: text = 'Your response exceeded the actual time.\n\n Press [SPACE] to advance'
967.1025 	EXP 	text: autoDraw = True
967.9809 	DATA 	Keypress: space
967.9882 	EXP 	text: autoDraw = False
976.6222 	EXP 	text: text = 'Press and hold [SPACE] to report the duration of the stimulus'
976.6222 	EXP 	text: autoDraw = True
976.8129 	DATA 	Keypress: space
976.8202 	EXP 	text: autoDraw = False
977.7554 	WARNING 	Stopping key buffers but this could be dangerous ifother keyboards rely on the same.
977.7756 	EXP 	text: text = 'You earned 7.0 out of 10 points in this round.\n\n Press [SPACE] to advance'
977.7756 	EXP 	text: autoDraw = True
978.5809 	DATA 	Keypress: space
978.5857 	EXP 	text: autoDraw = False
978.6068 	EXP 	text: text = 'Total points : 299.0'
987.7257 	EXP 	text: text = 'Press and hold [SPACE] to report the duration of the stimulus'
987.7257 	EXP 	text: autoDraw = True
988.2609 	DATA 	Keypress: space
988.2682 	EXP 	text: autoDraw = False
989.1474 	WARNING 	Stopping key buffers but this could be dangerous ifother keyboards rely on the same.
989.1776 	EXP 	text: text = 'You earned 4.8 out of 10 points in this round.\n\n Press [SPACE] to advance'
989.1776 	EXP 	text: autoDraw = True
990.0288 	DATA 	Keypress: space
990.0361 	EXP 	text: autoDraw = False
990.0425 	EXP 	text: text = 'Total points : 303.8'
999.6634 	EXP 	text: text = 'Press and hold [SPACE] to report the duration of the stimulus'
999.6634 	EXP 	text: autoDraw = True
1000.1890 	DATA 	Keypress: space
1000.1961 	EXP 	text: autoDraw = False
1000.8993 	WARNING 	Stopping key buffers but this could be dangerous ifother keyboards rely on the same.
1000.9302 	EXP 	text: text = 'You earned 2.7 out of 10 points in this round.\n\n Press [SPACE] to advance'
1000.9302 	EXP 	text: autoDraw = True
1001.6928 	DATA 	Keypress: space
1001.7002 	EXP 	text: autoDraw = False
1001.7130 	EXP 	text: text = 'Total points : 306.5'
1010.8331 	EXP 	text: text = 'Press and hold [SPACE] to report the duration of the stimulus'
1010.8331 	EXP 	text: autoDraw = True
1011.6609 	DATA 	Keypress: space
1011.6683 	EXP 	text: autoDraw = False
1012.0754 	WARNING 	Stopping key buffers but this could be dangerous ifother keyboards rely on the same.
1012.1002 	EXP 	text: text = 'You earned 1.9 out of 10 points in this round.\n\n Press [SPACE] to advance'
1012.1002 	EXP 	text: autoDraw = True
1013.0607 	DATA 	Keypress: space
1013.0678 	EXP 	text: autoDraw = False
1013.0835 	EXP 	text: text = 'Total points : 308.4'
1020.8033 	EXP 	text: text = 'Press and hold [SPACE] to report the duration of the stimulus'
1020.8033 	EXP 	text: autoDraw = True
1021.7570 	DATA 	Keypress: space
1021.7643 	EXP 	text: autoDraw = False
1022.5554 	WARNING 	Stopping key buffers but this could be dangerous ifother keyboards rely on the same.
1022.5756 	EXP 	text: text = 'You earned 8.2 out of 10 points in this round.\n\n Press [SPACE] to advance'
1022.5756 	EXP 	text: autoDraw = True
1025.1248 	DATA 	Keypress: space
1025.1320 	EXP 	text: autoDraw = False
1025.1388 	EXP 	text: text = 'Total points : 316.6'
1035.3422 	EXP 	text: text = 'Press and hold [SPACE] to report the duration of the stimulus'
1035.3422 	EXP 	text: autoDraw = True
1036.1088 	DATA 	Keypress: space
1036.1162 	EXP 	text: autoDraw = False
1036.8673 	WARNING 	Stopping key buffers but this could be dangerous ifother keyboards rely on the same.
1036.8916 	EXP 	text: text = 'You earned 2.2 out of 10 points in this round.\n\n Press [SPACE] to advance'
1036.8916 	EXP 	text: autoDraw = True
1037.7569 	DATA 	Keypress: space
1037.7642 	EXP 	text: autoDraw = False
1037.7741 	EXP 	text: text = 'Total points : 318.8'
1044.8956 	EXP 	text: text = 'Press and hold [SPACE] to report the duration of the stimulus'
1044.8956 	EXP 	text: autoDraw = True
1045.8050 	DATA 	Keypress: space
1045.8122 	EXP 	text: autoDraw = False
1046.0913 	WARNING 	Stopping key buffers but this could be dangerous ifother keyboards rely on the same.
1046.1121 	EXP 	text: text = 'You earned 4.0 out of 10 points in this round.\n\n Press [SPACE] to advance'
1046.1121 	EXP 	text: autoDraw = True
1047.2049 	DATA 	Keypress: space
1047.2120 	EXP 	text: autoDraw = False
1047.2276 	EXP 	text: text = 'Total points : 322.8'
1054.6312 	EXP 	text: text = 'Press and hold [SPACE] to report the duration of the stimulus'
1054.6312 	EXP 	text: autoDraw = True
1055.3009 	DATA 	Keypress: space
1055.3083 	EXP 	text: autoDraw = False
1056.2140 	WARNING 	Stopping key buffers but this could be dangerous ifother keyboards rely on the same.
1056.2314 	EXP 	text: text = 'Total points : 322.8'
1056.2314 	EXP 	text: text = 'Your response exceeded the actual time.\n\n Press [SPACE] to advance'
1056.2314 	EXP 	text: autoDraw = True
1057.0687 	DATA 	Keypress: space
1057.0761 	EXP 	text: autoDraw = False
1066.2342 	EXP 	text: text = 'Press and hold [SPACE] to report the duration of the stimulus'
1066.2342 	EXP 	text: autoDraw = True
1066.9009 	DATA 	Keypress: space
1066.9083 	EXP 	text: autoDraw = False
1067.3873 	WARNING 	Stopping key buffers but this could be dangerous ifother keyboards rely on the same.
1067.4062 	EXP 	text: text = 'You earned 2.2 out of 10 points in this round.\n\n Press [SPACE] to advance'
1067.4062 	EXP 	text: autoDraw = True
1068.1889 	DATA 	Keypress: space
1068.1963 	EXP 	text: autoDraw = False
1068.2178 	EXP 	text: text = 'Total points : 325.0'
1075.6222 	EXP 	text: text = 'Press and hold [SPACE] to report the duration of the stimulus'
1075.6222 	EXP 	text: autoDraw = True
1076.2848 	DATA 	Keypress: space
1076.2922 	EXP 	text: autoDraw = False
1076.8433 	WARNING 	Stopping key buffers but this could be dangerous ifother keyboards rely on the same.
1076.8713 	EXP 	text: text = 'You earned 5.9 out of 10 points in this round.\n\n Press [SPACE] to advance'
1076.8713 	EXP 	text: autoDraw = True
1077.6368 	DATA 	Keypress: space
1077.6441 	EXP 	text: autoDraw = False
1077.6536 	EXP 	text: text = 'Total points : 330.9'
1087.2580 	EXP 	text: text = 'Press and hold [SPACE] to report the duration of the stimulus'
1087.2580 	EXP 	text: autoDraw = True
1088.2529 	DATA 	Keypress: space
1088.2602 	EXP 	text: autoDraw = False
1089.0274 	WARNING 	Stopping key buffers but this could be dangerous ifother keyboards rely on the same.
1089.0475 	EXP 	text: text = 'You earned 3.0 out of 10 points in this round.\n\n Press [SPACE] to advance'
1089.0475 	EXP 	text: autoDraw = True
1089.6848 	DATA 	Keypress: space
1089.6918 	EXP 	text: autoDraw = False
1089.7097 	EXP 	text: text = 'Total points : 333.9'
1098.0446 	EXP 	text: text = 'Press and hold [SPACE] to report the duration of the stimulus'
1098.0446 	EXP 	text: autoDraw = True
1098.9890 	DATA 	Keypress: space
1098.9964 	EXP 	text: autoDraw = False
1099.7153 	WARNING 	Stopping key buffers but this could be dangerous ifother keyboards rely on the same.
1099.7456 	EXP 	text: text = 'You earned 5.3 out of 10 points in this round.\n\n Press [SPACE] to advance'
1099.7456 	EXP 	text: autoDraw = True
1100.5647 	DATA 	Keypress: space
1100.5720 	EXP 	text: autoDraw = False
1100.5787 	EXP 	text: text = 'Total points : 339.2'
1107.9983 	EXP 	text: text = 'Press and hold [SPACE] to report the duration of the stimulus'
1107.9983 	EXP 	text: autoDraw = True
1108.7249 	DATA 	Keypress: space
1108.7321 	EXP 	text: autoDraw = False
1109.3393 	WARNING 	Stopping key buffers but this could be dangerous ifother keyboards rely on the same.
1109.3663 	EXP 	text: text = 'You earned 6.6 out of 10 points in this round.\n\n Press [SPACE] to advance'
1109.3663 	EXP 	text: autoDraw = True
1110.0769 	DATA 	Keypress: space
1110.0842 	EXP 	text: autoDraw = False
1110.0996 	EXP 	text: text = 'Total points : 345.8'
1118.1016 	EXP 	text: text = 'Press and hold [SPACE] to report the duration of the stimulus'
1118.1016 	EXP 	text: autoDraw = True
1118.9250 	DATA 	Keypress: space
1118.9309 	EXP 	text: autoDraw = False
1119.6673 	WARNING 	Stopping key buffers but this could be dangerous ifother keyboards rely on the same.
1119.6876 	EXP 	text: text = 'You earned 6.3 out of 10 points in this round.\n\n Press [SPACE] to advance'
1119.6876 	EXP 	text: autoDraw = True
1120.5808 	DATA 	Keypress: space
1120.5881 	EXP 	text: autoDraw = False
1120.6015 	EXP 	text: text = 'Total points : 352.1'
1128.6062 	EXP 	text: text = 'Press and hold [SPACE] to report the duration of the stimulus'
1128.6062 	EXP 	text: autoDraw = True
1129.3649 	DATA 	Keypress: space
1129.3720 	EXP 	text: autoDraw = False
1130.0113 	WARNING 	Stopping key buffers but this could be dangerous ifother keyboards rely on the same.
1130.0392 	EXP 	text: text = 'You earned 5.2 out of 10 points in this round.\n\n Press [SPACE] to advance'
1130.0392 	EXP 	text: autoDraw = True
1130.7408 	DATA 	Keypress: space
1130.7482 	EXP 	text: autoDraw = False
1130.7546 	EXP 	text: text = 'Total points : 357.3'
1139.3597 	EXP 	text: text = 'Press and hold [SPACE] to report the duration of the stimulus'
1139.3597 	EXP 	text: autoDraw = True
1140.1089 	DATA 	Keypress: space
1140.1164 	EXP 	text: autoDraw = False
1140.9234 	WARNING 	Stopping key buffers but this could be dangerous ifother keyboards rely on the same.
1140.9435 	EXP 	text: text = 'You earned 5.4 out of 10 points in this round.\n\n Press [SPACE] to advance'
1140.9435 	EXP 	text: autoDraw = True
1141.6929 	DATA 	Keypress: space
1141.7003 	EXP 	text: autoDraw = False
1141.7076 	EXP 	text: text = 'Total points : 362.7'
1149.7122 	EXP 	text: text = 'Press and hold [SPACE] to report the duration of the stimulus'
1149.7122 	EXP 	text: autoDraw = True
1150.7889 	DATA 	Keypress: space
1150.7960 	EXP 	text: autoDraw = False
1151.7634 	WARNING 	Stopping key buffers but this could be dangerous ifother keyboards rely on the same.
1151.7837 	EXP 	text: text = 'You earned 10.0 out of 10 points in this round.\n\n Press [SPACE] to advance'
1151.7837 	EXP 	text: autoDraw = True
1153.7248 	DATA 	Keypress: space
1153.7321 	EXP 	text: autoDraw = False
1153.7471 	EXP 	text: text = 'Total points : 372.7'
1163.6672 	EXP 	text: text = 'Press and hold [SPACE] to report the duration of the stimulus'
1163.6672 	EXP 	text: autoDraw = True
1164.7089 	DATA 	Keypress: space
1164.7159 	EXP 	text: autoDraw = False
1166.1999 	WARNING 	Stopping key buffers but this could be dangerous ifother keyboards rely on the same.
1166.2172 	EXP 	text: text = 'Total points : 372.7'
1166.2172 	EXP 	text: text = 'Your response exceeded the actual time.\n\n Press [SPACE] to advance'
1166.2172 	EXP 	text: autoDraw = True
1166.8689 	DATA 	Keypress: space
1166.8762 	EXP 	text: autoDraw = False
1175.5046 	EXP 	text: text = 'Press and hold [SPACE] to report the duration of the stimulus'
1175.5046 	EXP 	text: autoDraw = True
1176.3008 	DATA 	Keypress: space
1176.3081 	EXP 	text: autoDraw = False
1177.1474 	WARNING 	Stopping key buffers but this could be dangerous ifother keyboards rely on the same.
1177.1702 	EXP 	text: text = 'You earned 5.7 out of 10 points in this round.\n\n Press [SPACE] to advance'
1177.1702 	EXP 	text: autoDraw = True
1177.9570 	DATA 	Keypress: space
1177.9643 	EXP 	text: autoDraw = False
1177.9707 	EXP 	text: text = 'Total points : 378.4'
1186.2903 	EXP 	text: text = 'Press and hold [SPACE] to report the duration of the stimulus'
1186.2903 	EXP 	text: autoDraw = True
1187.1090 	DATA 	Keypress: space
1187.1162 	EXP 	text: autoDraw = False
1187.7473 	WARNING 	Stopping key buffers but this could be dangerous ifother keyboards rely on the same.
1187.7737 	EXP 	text: text = 'You earned 4.4 out of 10 points in this round.\n\n Press [SPACE] to advance'
1187.7737 	EXP 	text: autoDraw = True
1188.6449 	DATA 	Keypress: space
1188.6522 	EXP 	text: autoDraw = False
1188.6750 	EXP 	text: text = 'Total points : 382.8'
1196.6769 	EXP 	text: text = 'Press and hold [SPACE] to report the duration of the stimulus'
1196.6769 	EXP 	text: autoDraw = True
1197.3568 	DATA 	Keypress: space
1197.3642 	EXP 	text: autoDraw = False
1198.0194 	WARNING 	Stopping key buffers but this could be dangerous ifother keyboards rely on the same.
1198.0439 	EXP 	text: text = 'You earned 5.4 out of 10 points in this round.\n\n Press [SPACE] to advance'
1198.0439 	EXP 	text: autoDraw = True
1198.9168 	DATA 	Keypress: space
1198.9235 	EXP 	text: autoDraw = False
1198.9447 	EXP 	text: text = 'Total points : 388.2'
1206.3465 	EXP 	text: text = 'Press and hold [SPACE] to report the duration of the stimulus'
1206.3465 	EXP 	text: autoDraw = True
1206.9169 	DATA 	Keypress: space
1206.9243 	EXP 	text: autoDraw = False
1207.4674 	WARNING 	Stopping key buffers but this could be dangerous ifother keyboards rely on the same.
1207.4967 	EXP 	text: text = 'You earned 5.8 out of 10 points in this round.\n\n Press [SPACE] to advance'
1207.4967 	EXP 	text: autoDraw = True
1208.2448 	DATA 	Keypress: space
1208.2523 	EXP 	text: autoDraw = False
1208.2624 	EXP 	text: text = 'Total points : 394.0'
1218.4671 	EXP 	text: text = 'Press and hold [SPACE] to report the duration of the stimulus'
1218.4671 	EXP 	text: autoDraw = True
1219.2528 	DATA 	Keypress: space
1219.2600 	EXP 	text: autoDraw = False
1220.1074 	WARNING 	Stopping key buffers but this could be dangerous ifother keyboards rely on the same.
1220.1354 	EXP 	text: text = 'You earned 2.6 out of 10 points in this round.\n\n Press [SPACE] to advance'
1220.1354 	EXP 	text: autoDraw = True
1221.0048 	DATA 	Keypress: space
1221.0121 	EXP 	text: autoDraw = False
1221.0340 	EXP 	text: text = 'Total points : 396.6'
1228.4369 	EXP 	text: text = 'Press and hold [SPACE] to report the duration of the stimulus'
1228.4369 	EXP 	text: autoDraw = True
1229.0130 	DATA 	Keypress: space
1229.0200 	EXP 	text: autoDraw = False
1229.4673 	WARNING 	Stopping key buffers but this could be dangerous ifother keyboards rely on the same.
1229.4886 	EXP 	text: text = 'You earned 4.8 out of 10 points in this round.\n\n Press [SPACE] to advance'
1229.4886 	EXP 	text: autoDraw = True
1230.2048 	DATA 	Keypress: space
1230.2122 	EXP 	text: autoDraw = False
1230.2208 	EXP 	text: text = 'Total points : 401.4'
1238.5413 	EXP 	text: text = 'Press and hold [SPACE] to report the duration of the stimulus'
1238.5413 	EXP 	text: autoDraw = True
1239.1169 	DATA 	Keypress: space
1239.1238 	EXP 	text: autoDraw = False
1239.6914 	WARNING 	Stopping key buffers but this could be dangerous ifother keyboards rely on the same.
1239.7119 	EXP 	text: text = 'You earned 3.9 out of 10 points in this round.\n\n Press [SPACE] to advance'
1239.7119 	EXP 	text: autoDraw = True
1240.6529 	DATA 	Keypress: space
1240.6601 	EXP 	text: autoDraw = False
1240.6750 	EXP 	text: text = 'Total points : 405.3'
1250.8787 	EXP 	text: text = 'Press and hold [SPACE] to report the duration of the stimulus'
1250.8787 	EXP 	text: autoDraw = True
1251.6848 	DATA 	Keypress: space
1251.6908 	EXP 	text: autoDraw = False
1252.3474 	WARNING 	Stopping key buffers but this could be dangerous ifother keyboards rely on the same.
1252.3780 	EXP 	text: text = 'You earned 1.8 out of 10 points in this round.\n\n Press [SPACE] to advance'
1252.3780 	EXP 	text: autoDraw = True
1254.0208 	DATA 	Keypress: space
1254.0277 	EXP 	text: autoDraw = False
1254.0458 	EXP 	text: text = 'Total points : 407.1'
1262.3645 	EXP 	text: text = 'Press and hold [SPACE] to report the duration of the stimulus'
1262.3645 	EXP 	text: autoDraw = True
1263.0528 	DATA 	Keypress: space
1263.0604 	EXP 	text: autoDraw = False
1263.7633 	WARNING 	Stopping key buffers but this could be dangerous ifother keyboards rely on the same.
1263.7840 	EXP 	text: text = 'You earned 5.1 out of 10 points in this round.\n\n Press [SPACE] to advance'
1263.7840 	EXP 	text: autoDraw = True
1264.5648 	DATA 	Keypress: space
1264.5722 	EXP 	text: autoDraw = False
1264.5819 	EXP 	text: text = 'Total points : 412.2'
1273.7030 	EXP 	text: text = 'Press and hold [SPACE] to report the duration of the stimulus'
1273.7030 	EXP 	text: autoDraw = True
1274.3010 	DATA 	Keypress: space
1274.3084 	EXP 	text: autoDraw = False
1275.0195 	WARNING 	Stopping key buffers but this could be dangerous ifother keyboards rely on the same.
1275.0395 	EXP 	text: text = 'You earned 3.5 out of 10 points in this round.\n\n Press [SPACE] to advance'
1275.0395 	EXP 	text: autoDraw = True
1275.7007 	DATA 	Keypress: space
1275.7079 	EXP 	text: autoDraw = False
1275.7179 	EXP 	text: text = 'Total points : 415.7'
1282.8378 	EXP 	text: text = 'Press and hold [SPACE] to report the duration of the stimulus'
1282.8378 	EXP 	text: autoDraw = True
1283.4050 	DATA 	Keypress: space
1283.4123 	EXP 	text: autoDraw = False
1283.8273 	WARNING 	Stopping key buffers but this could be dangerous ifother keyboards rely on the same.
1283.8559 	EXP 	text: text = 'You earned 5.2 out of 10 points in this round.\n\n Press [SPACE] to advance'
1283.8559 	EXP 	text: autoDraw = True
1284.4608 	DATA 	Keypress: space
1284.4676 	EXP 	text: autoDraw = False
1284.4885 	EXP 	text: text = 'Total points : 420.9'
1293.6092 	EXP 	text: text = 'Press and hold [SPACE] to report the duration of the stimulus'
1293.6092 	EXP 	text: autoDraw = True
1294.1968 	DATA 	Keypress: space
1294.2040 	EXP 	text: autoDraw = False
1294.8354 	WARNING 	Stopping key buffers but this could be dangerous ifother keyboards rely on the same.
1294.8600 	EXP 	text: text = 'You earned 3.0 out of 10 points in this round.\n\n Press [SPACE] to advance'
1294.8600 	EXP 	text: autoDraw = True
1295.5488 	DATA 	Keypress: space
1295.5550 	EXP 	text: autoDraw = False
1295.5749 	EXP 	text: text = 'Total points : 423.9'
1302.9946 	EXP 	text: text = 'Press and hold [SPACE] to report the duration of the stimulus'
1302.9946 	EXP 	text: autoDraw = True
1303.6049 	DATA 	Keypress: space
1303.6121 	EXP 	text: autoDraw = False
1304.4354 	WARNING 	Stopping key buffers but this could be dangerous ifother keyboards rely on the same.
1304.4628 	EXP 	text: text = 'You earned 9.9 out of 10 points in this round.\n\n Press [SPACE] to advance'
1304.4628 	EXP 	text: autoDraw = True
1305.4128 	DATA 	Keypress: space
1305.4203 	EXP 	text: autoDraw = False
1305.4276 	EXP 	text: text = 'Total points : 433.8'
1315.3485 	EXP 	text: text = 'Press and hold [SPACE] to report the duration of the stimulus'
1315.3485 	EXP 	text: autoDraw = True
1315.9089 	DATA 	Keypress: space
1315.9159 	EXP 	text: autoDraw = False
1316.7473 	WARNING 	Stopping key buffers but this could be dangerous ifother keyboards rely on the same.
1316.7675 	EXP 	text: text = 'You earned 3.0 out of 10 points in this round.\n\n Press [SPACE] to advance'
1316.7675 	EXP 	text: autoDraw = True
1317.4688 	DATA 	Keypress: space
1317.4760 	EXP 	text: autoDraw = False
1317.4826 	EXP 	text: text = 'Total points : 436.8'
1322.6107 	DATA 	Keypress: space
1324.6029 	EXP 	text: text = 'Press and hold [SPACE] to report the duration of the stimulus'
1324.6029 	EXP 	text: autoDraw = True
1325.2928 	DATA 	Keypress: space
1325.2980 	EXP 	text: autoDraw = False
1326.1683 	WARNING 	Stopping key buffers but this could be dangerous ifother keyboards rely on the same.
1326.1852 	EXP 	text: text = 'Total points : 436.8'
1326.1852 	EXP 	text: text = 'Your response exceeded the actual time.\n\n Press [SPACE] to advance'
1326.1852 	EXP 	text: autoDraw = True
1326.7648 	DATA 	Keypress: space
1326.7722 	EXP 	text: autoDraw = False
1336.7218 	EXP 	text: text = 'Press and hold [SPACE] to report the duration of the stimulus'
1336.7218 	EXP 	text: autoDraw = True
1337.7729 	DATA 	Keypress: space
1337.7803 	EXP 	text: autoDraw = False
1338.6354 	WARNING 	Stopping key buffers but this could be dangerous ifother keyboards rely on the same.
1338.6573 	EXP 	text: text = 'You earned 3.1 out of 10 points in this round.\n\n Press [SPACE] to advance'
1338.6573 	EXP 	text: autoDraw = True
1339.6768 	DATA 	Keypress: space
1339.6841 	EXP 	text: autoDraw = False
1339.7072 	EXP 	text: text = 'Total points : 439.9'
1349.3110 	EXP 	text: text = 'Press and hold [SPACE] to report the duration of the stimulus'
1349.3110 	EXP 	text: autoDraw = True
1349.9088 	DATA 	Keypress: space
1349.9160 	EXP 	text: autoDraw = False
1350.6353 	WARNING 	Stopping key buffers but this could be dangerous ifother keyboards rely on the same.
1350.6602 	EXP 	text: text = 'You earned 2.7 out of 10 points in this round.\n\n Press [SPACE] to advance'
1350.6602 	EXP 	text: autoDraw = True
1352.8529 	DATA 	Keypress: space
1352.8598 	EXP 	text: autoDraw = False
1352.8640 	INFO 	Finishing at 16:17 on 25 Oct 2019
1353.1319 	EXP 	window1: mouseVisible = True
