18.9004 	ERROR 	Screen apparently NOT the desired resolution of 2560x1440 pixels!!
25.1317 	INFO 	Successfully set darwin thread to realtime
26.1929 	INFO 	#[ PsychoPy3 RuntimeInfoStart ]
  #[[ PsychoPy ]] #---------
    psychopyVersion: 3.2.3
    psychopyHaveExtRush: True
  #[[ Experiment ]] #---------
    experimentRunTime: 2019_10_24 14:04 (Year_Month_Day Hour:Min)
    experimentRunTime.epoch: 1571940286
    experimentScript: Experiment 3.py
    experimentScript.digestSHA1: d16f3e6adde64d59fd024ef1218b6dbe0b19bf47
    experimentScript.directory: /Users/vsg/Documents/GitHub/spatio_temporal_information_processing/Time_Subjective_Expansion/Jon_Ian_collaboration
  #[[ System ]] #---------
    systemHaveInternetAccess: True
    systemHostName: pbs-jf-imac.local
    systemLocale: C
    systemMemFreeRAM: 2805.35546875
    systemMemTotalRAM: 8192.0
    systemPlatform: darwin 10.13.6 x86_64
    systemPyoVersion: -
    systemRebooted: Oct 5 02:29
    systemSec.OpenSSLVersion: LibreSSL 2.2.7
    systemSec.pythonSSL: True
    systemTimeNumpySD1000000_sec: 0.0041
    systemUser: vsg
    systemUserID: 502
    systemUsersCount: 2
  #[[ Window ]] #---------
    windowWinType: pyglet
    windowUnits: deg
    windowSize_pix: [5120 2880]
    windowScreen: 0
    windowRgb: [255. 255. 255.]
    windowRefreshTimeSD_ms: 0.570
    windowRefreshTimeMedian_ms: 16.665
    windowRefreshTimeAvg_ms: 16.652
    windowPos_pix: [0.0, 0.0]
    windowMonitor.name: testmonitor
    windowMonitor.getWidth_cm: 52.0
    windowMonitor.getDistance_cm: 65.0
    windowMonitor.currentCalibName: 2019_09_24 14:26
    windowIsFullScr: True
  #[[ Python ]] #---------
    pythonVersion: 3.6.1
  #[[ OpenGL ]] #---------
#[ PsychoPy3 RuntimeInfoEnd ]

26.4091 	EXP 	Created text = TextStim(__class__=<class 'psychopy.visual.text.TextStim'>, alignHoriz='center', alignVert='center', antialias=True, autoLog=True, bold=False, color='black', colorSpace='named', contrast=1.0, depth=-1.0, flipHoriz=False, flipVert=False, font='Arial', fontFiles=[], height=0.35, italic=False, languageStyle='LTR', name='text', opacity=1.0, ori=0, pos=array([0., 0.]), rgb=array([0., 0., 0.]), text=str(...), units='deg', win=Window(...), wrapWidth=20)
26.4145 	EXP 	Created text = TextStim(__class__=<class 'psychopy.visual.text.TextStim'>, alignHoriz='center', alignVert='center', antialias=True, autoLog=True, bold=False, color='black', colorSpace='named', contrast=1.0, depth=-1.0, flipHoriz=False, flipVert=False, font='Arial', fontFiles=[], height=0.35, italic=False, languageStyle='LTR', name='text', opacity=1.0, ori=0, pos=array([5., 5.]), rgb=array([0., 0., 0.]), text='Total points : 0', units='deg', win=Window(...), wrapWidth=20)
26.4961 	EXP 	text: text = 'Welcome! Thank you for agreeing to participate in this study.\n\nIn this study, we want to examine your ability to perceive duration — how long something lasts.\n\nThe task is simple. In each trial, you will see a disc appear on the screen and then disappear. There will be four such disks. We want you to pay attention to how long the last disc lasts. Get a sense of its duration.\n\nThe fourth disk could be either the same / different type depending on the trial. After the fourth disc disappears it will be your turn to report its duration. Press and hold down the spacebar. \n\nTo help you judge better, we will display visual feedback while you are pressing the SPACE BAR. \n\nPress any key to continue to the next page. \n\n'
26.4961 	EXP 	text: autoDraw = True
83.8715 	DATA 	Keypress: period
83.8724 	EXP 	text: autoDraw = False
83.9594 	EXP 	text: text = "We really want you to be as accurate as you can. So a game will be played to make it more fun. We want you to hold down the space bar for as long as you saw the last disc lasted, but no longer! The closer you get to the right answer, the more points we will award you in that trial. But if you go over the actual duration you won't get any points on that trial. So you need to be as accurate as possible without going over to earn the max. Each trial will be for 10 points. There are about 100 trials. If you collect a total of 600 points by the end, we will double the credit you get for the experiment.\n\nIf you're feeling uncomfortable, you can press ESC key any time to stop the experiment.\n\nPress any key you are ready to do some practice trials.\n\n"
83.9594 	EXP 	text: autoDraw = True
135.1260 	DATA 	Keypress: comma
135.1269 	EXP 	text: autoDraw = False
135.1496 	EXP 	text: autoDraw = True
144.1064 	EXP 	text: text = 'Press and hold [SPACE] to report the duration of the stimulus'
144.1064 	EXP 	text: autoDraw = True
144.7741 	DATA 	Keypress: space
144.7813 	EXP 	text: autoDraw = False
145.3004 	WARNING 	Stopping key buffers but this could be dangerous ifother keyboards rely on the same.
145.3259 	EXP 	text: text = 'You earned 6.4 out of 10 points in this round.\n\n Press [SPACE] to advance'
145.3259 	EXP 	text: autoDraw = True
148.7659 	DATA 	Keypress: space
148.7733 	EXP 	text: autoDraw = False
148.7873 	EXP 	text: text = 'Total points : 6.4'
156.7054 	EXP 	text: text = 'Press and hold [SPACE] to report the duration of the stimulus'
156.7054 	EXP 	text: autoDraw = True
157.4380 	DATA 	Keypress: space
157.4453 	EXP 	text: autoDraw = False
158.0204 	WARNING 	Stopping key buffers but this could be dangerous ifother keyboards rely on the same.
158.0442 	EXP 	text: text = 'You earned 4.8 out of 10 points in this round.\n\n Press [SPACE] to advance'
158.0442 	EXP 	text: autoDraw = True
159.9100 	DATA 	Keypress: space
159.9172 	EXP 	text: autoDraw = False
159.9238 	EXP 	text: text = 'Total points : 11.2'
169.0439 	EXP 	text: text = 'Press and hold [SPACE] to report the duration of the stimulus'
169.0439 	EXP 	text: autoDraw = True
169.9901 	DATA 	Keypress: space
169.9974 	EXP 	text: autoDraw = False
170.8525 	WARNING 	Stopping key buffers but this could be dangerous ifother keyboards rely on the same.
170.8776 	EXP 	text: text = 'You earned 4.6 out of 10 points in this round.\n\n Press [SPACE] to advance'
170.8776 	EXP 	text: autoDraw = True
172.6459 	DATA 	Keypress: space
172.6532 	EXP 	text: autoDraw = False
172.6726 	EXP 	text: text = 'Total points : 15.8'
172.6726 	EXP 	text: text = 'Total points : 0'
172.6726 	EXP 	text: text = 'Great! Now press any key to begin the experiment'
172.6726 	EXP 	text: autoDraw = True
194.9660 	DATA 	Keypress: space
194.9734 	EXP 	text: autoDraw = False
203.5887 	EXP 	text: text = 'Press and hold [SPACE] to report the duration of the stimulus'
203.5887 	EXP 	text: autoDraw = True
204.5260 	DATA 	Keypress: space
204.5334 	EXP 	text: autoDraw = False
205.5244 	WARNING 	Stopping key buffers but this could be dangerous ifother keyboards rely on the same.
205.5609 	EXP 	text: text = 'You earned 7.8 out of 10 points in this round.\n\n Press [SPACE] to advance'
205.5609 	EXP 	text: autoDraw = True
207.7661 	DATA 	Keypress: space
207.7732 	EXP 	text: autoDraw = False
207.7884 	EXP 	text: text = 'Total points : 7.8'
216.1085 	EXP 	text: text = 'Press and hold [SPACE] to report the duration of the stimulus'
216.1085 	EXP 	text: autoDraw = True
217.2060 	DATA 	Keypress: space
217.2133 	EXP 	text: autoDraw = False
218.0365 	WARNING 	Stopping key buffers but this could be dangerous ifother keyboards rely on the same.
218.0586 	EXP 	text: text = 'You earned 6.5 out of 10 points in this round.\n\n Press [SPACE] to advance'
218.0586 	EXP 	text: autoDraw = True
219.8380 	DATA 	Keypress: space
219.8453 	EXP 	text: autoDraw = False
219.8608 	EXP 	text: text = 'Total points : 14.3'
228.9799 	EXP 	text: text = 'Press and hold [SPACE] to report the duration of the stimulus'
228.9799 	EXP 	text: autoDraw = True
229.9180 	DATA 	Keypress: space
229.9251 	EXP 	text: autoDraw = False
230.8764 	WARNING 	Stopping key buffers but this could be dangerous ifother keyboards rely on the same.
230.8972 	EXP 	text: text = 'You earned 5.6 out of 10 points in this round.\n\n Press [SPACE] to advance'
230.8972 	EXP 	text: autoDraw = True
232.3180 	DATA 	Keypress: space
232.3252 	EXP 	text: autoDraw = False
232.3470 	EXP 	text: text = 'Total points : 19.9'
242.5500 	EXP 	text: text = 'Press and hold [SPACE] to report the duration of the stimulus'
242.5500 	EXP 	text: autoDraw = True
243.3260 	DATA 	Keypress: space
243.3330 	EXP 	text: autoDraw = False
244.3645 	WARNING 	Stopping key buffers but this could be dangerous ifother keyboards rely on the same.
244.3849 	EXP 	text: text = 'You earned 3.8 out of 10 points in this round.\n\n Press [SPACE] to advance'
244.3849 	EXP 	text: autoDraw = True
245.8380 	DATA 	Keypress: space
245.8454 	EXP 	text: autoDraw = False
245.8674 	EXP 	text: text = 'Total points : 23.7'
254.4716 	EXP 	text: text = 'Press and hold [SPACE] to report the duration of the stimulus'
254.4716 	EXP 	text: autoDraw = True
255.3982 	DATA 	Keypress: space
255.4054 	EXP 	text: autoDraw = False
256.5405 	WARNING 	Stopping key buffers but this could be dangerous ifother keyboards rely on the same.
256.5715 	EXP 	text: text = 'You earned 9.6 out of 10 points in this round.\n\n Press [SPACE] to advance'
256.5715 	EXP 	text: autoDraw = True
258.8299 	DATA 	Keypress: space
258.8369 	EXP 	text: autoDraw = False
258.8562 	EXP 	text: text = 'Total points : 33.3'
267.4581 	EXP 	text: text = 'Press and hold [SPACE] to report the duration of the stimulus'
267.4581 	EXP 	text: autoDraw = True
268.3581 	DATA 	Keypress: space
268.3655 	EXP 	text: autoDraw = False
269.4204 	WARNING 	Stopping key buffers but this could be dangerous ifother keyboards rely on the same.
269.4431 	EXP 	text: text = 'You earned 8.9 out of 10 points in this round.\n\n Press [SPACE] to advance'
269.4431 	EXP 	text: autoDraw = True
271.1258 	DATA 	Keypress: space
271.1330 	EXP 	text: autoDraw = False
271.1417 	EXP 	text: text = 'Total points : 42.2'
279.1465 	EXP 	text: text = 'Press and hold [SPACE] to report the duration of the stimulus'
279.1465 	EXP 	text: autoDraw = True
280.0380 	DATA 	Keypress: space
280.0452 	EXP 	text: autoDraw = False
280.8366 	WARNING 	Stopping key buffers but this could be dangerous ifother keyboards rely on the same.
280.8627 	EXP 	text: text = 'You earned 7.0 out of 10 points in this round.\n\n Press [SPACE] to advance'
280.8627 	EXP 	text: autoDraw = True
282.2059 	DATA 	Keypress: space
282.2130 	EXP 	text: autoDraw = False
282.2287 	EXP 	text: text = 'Total points : 49.2'
292.1494 	EXP 	text: text = 'Press and hold [SPACE] to report the duration of the stimulus'
292.1494 	EXP 	text: autoDraw = True
292.9820 	DATA 	Keypress: space
292.9894 	EXP 	text: autoDraw = False
294.1085 	WARNING 	Stopping key buffers but this could be dangerous ifother keyboards rely on the same.
294.1347 	EXP 	text: text = 'You earned 5.3 out of 10 points in this round.\n\n Press [SPACE] to advance'
294.1347 	EXP 	text: autoDraw = True
295.3019 	DATA 	Keypress: space
295.3092 	EXP 	text: autoDraw = False
295.3165 	EXP 	text: text = 'Total points : 54.5'
303.9211 	EXP 	text: text = 'Press and hold [SPACE] to report the duration of the stimulus'
303.9211 	EXP 	text: autoDraw = True
304.7581 	DATA 	Keypress: space
304.7658 	EXP 	text: autoDraw = False
305.7085 	WARNING 	Stopping key buffers but this could be dangerous ifother keyboards rely on the same.
305.7384 	EXP 	text: text = 'You earned 7.1 out of 10 points in this round.\n\n Press [SPACE] to advance'
305.7384 	EXP 	text: autoDraw = True
309.1259 	DATA 	Keypress: space
309.1332 	EXP 	text: autoDraw = False
309.1558 	EXP 	text: text = 'Total points : 61.6'
319.3597 	EXP 	text: text = 'Press and hold [SPACE] to report the duration of the stimulus'
319.3597 	EXP 	text: autoDraw = True
320.1741 	DATA 	Keypress: space
320.1815 	EXP 	text: autoDraw = False
321.6125 	WARNING 	Stopping key buffers but this could be dangerous ifother keyboards rely on the same.
321.6427 	EXP 	text: text = 'You earned 8.4 out of 10 points in this round.\n\n Press [SPACE] to advance'
321.6427 	EXP 	text: autoDraw = True
322.5977 	DATA 	Keypress: space
322.6051 	EXP 	text: autoDraw = False
322.6256 	EXP 	text: text = 'Total points : 70.0'
332.5456 	EXP 	text: text = 'Press and hold [SPACE] to report the duration of the stimulus'
332.5456 	EXP 	text: autoDraw = True
333.4779 	DATA 	Keypress: space
333.4852 	EXP 	text: autoDraw = False
335.0642 	WARNING 	Stopping key buffers but this could be dangerous ifother keyboards rely on the same.
335.0815 	EXP 	text: text = 'Total points : 70.0'
335.0815 	EXP 	text: text = 'Your response exceeded the actual time.\n\n Press [SPACE] to advance'
335.0815 	EXP 	text: autoDraw = True
336.3420 	DATA 	Keypress: space
336.3494 	EXP 	text: autoDraw = False
344.3847 	EXP 	text: text = 'Press and hold [SPACE] to report the duration of the stimulus'
344.3847 	EXP 	text: autoDraw = True
345.0539 	DATA 	Keypress: space
345.0613 	EXP 	text: autoDraw = False
346.0205 	WARNING 	Stopping key buffers but this could be dangerous ifother keyboards rely on the same.
346.0512 	EXP 	text: text = 'You earned 9.9 out of 10 points in this round.\n\n Press [SPACE] to advance'
346.0512 	EXP 	text: autoDraw = True
347.8459 	DATA 	Keypress: space
347.8531 	EXP 	text: autoDraw = False
347.8670 	EXP 	text: text = 'Total points : 79.9'
355.2709 	EXP 	text: text = 'Press and hold [SPACE] to report the duration of the stimulus'
355.2709 	EXP 	text: autoDraw = True
356.0540 	DATA 	Keypress: space
356.0614 	EXP 	text: autoDraw = False
356.6525 	WARNING 	Stopping key buffers but this could be dangerous ifother keyboards rely on the same.
356.6726 	EXP 	text: text = 'You earned 6.4 out of 10 points in this round.\n\n Press [SPACE] to advance'
356.6726 	EXP 	text: autoDraw = True
357.3980 	DATA 	Keypress: space
357.4051 	EXP 	text: autoDraw = False
357.4197 	EXP 	text: text = 'Total points : 86.3'
367.6242 	EXP 	text: text = 'Press and hold [SPACE] to report the duration of the stimulus'
367.6242 	EXP 	text: autoDraw = True
368.5660 	DATA 	Keypress: space
368.5730 	EXP 	text: autoDraw = False
369.6765 	WARNING 	Stopping key buffers but this could be dangerous ifother keyboards rely on the same.
369.6969 	EXP 	text: text = 'You earned 4.4 out of 10 points in this round.\n\n Press [SPACE] to advance'
369.6969 	EXP 	text: autoDraw = True
370.4539 	DATA 	Keypress: space
370.4611 	EXP 	text: autoDraw = False
370.4742 	EXP 	text: text = 'Total points : 90.7'
372.6602 	DATA 	Keypress: space
380.0791 	EXP 	text: text = 'Press and hold [SPACE] to report the duration of the stimulus'
380.0791 	EXP 	text: autoDraw = True
380.9180 	DATA 	Keypress: space
380.9241 	EXP 	text: autoDraw = False
381.7805 	WARNING 	Stopping key buffers but this could be dangerous ifother keyboards rely on the same.
381.8120 	EXP 	text: text = 'You earned 3.6 out of 10 points in this round.\n\n Press [SPACE] to advance'
381.8120 	EXP 	text: autoDraw = True
382.6539 	DATA 	Keypress: space
382.6609 	EXP 	text: autoDraw = False
382.6780 	EXP 	text: text = 'Total points : 94.3'
392.5980 	EXP 	text: text = 'Press and hold [SPACE] to report the duration of the stimulus'
392.5980 	EXP 	text: autoDraw = True
393.5500 	DATA 	Keypress: space
393.5574 	EXP 	text: autoDraw = False
394.5724 	WARNING 	Stopping key buffers but this could be dangerous ifother keyboards rely on the same.
394.5999 	EXP 	text: text = 'You earned 4.3 out of 10 points in this round.\n\n Press [SPACE] to advance'
394.5999 	EXP 	text: autoDraw = True
395.3339 	DATA 	Keypress: space
395.3411 	EXP 	text: autoDraw = False
395.3485 	EXP 	text: text = 'Total points : 98.6'
403.6702 	EXP 	text: text = 'Press and hold [SPACE] to report the duration of the stimulus'
403.6702 	EXP 	text: autoDraw = True
404.6620 	DATA 	Keypress: space
404.6691 	EXP 	text: autoDraw = False
405.8021 	WARNING 	Stopping key buffers but this could be dangerous ifother keyboards rely on the same.
405.8195 	EXP 	text: text = 'Total points : 98.6'
405.8195 	EXP 	text: text = 'Your response exceeded the actual time.\n\n Press [SPACE] to advance'
405.8195 	EXP 	text: autoDraw = True
406.8139 	DATA 	Keypress: space
406.8212 	EXP 	text: autoDraw = False
417.0563 	EXP 	text: text = 'Press and hold [SPACE] to report the duration of the stimulus'
417.0563 	EXP 	text: autoDraw = True
417.9020 	DATA 	Keypress: space
417.9095 	EXP 	text: autoDraw = False
418.8205 	WARNING 	Stopping key buffers but this could be dangerous ifother keyboards rely on the same.
418.8413 	EXP 	text: text = 'You earned 3.0 out of 10 points in this round.\n\n Press [SPACE] to advance'
418.8413 	EXP 	text: autoDraw = True
419.7579 	DATA 	Keypress: space
419.7653 	EXP 	text: autoDraw = False
419.7739 	EXP 	text: text = 'Total points : 101.6'
429.3786 	EXP 	text: text = 'Press and hold [SPACE] to report the duration of the stimulus'
429.3786 	EXP 	text: autoDraw = True
430.1499 	DATA 	Keypress: space
430.1566 	EXP 	text: autoDraw = False
430.9804 	WARNING 	Stopping key buffers but this could be dangerous ifother keyboards rely on the same.
431.0110 	EXP 	text: text = 'You earned 3.4 out of 10 points in this round.\n\n Press [SPACE] to advance'
431.0110 	EXP 	text: autoDraw = True
431.8699 	DATA 	Keypress: space
431.8769 	EXP 	text: autoDraw = False
431.8944 	EXP 	text: text = 'Total points : 105.0'
440.4985 	EXP 	text: text = 'Press and hold [SPACE] to report the duration of the stimulus'
440.4985 	EXP 	text: autoDraw = True
441.4621 	DATA 	Keypress: space
441.4693 	EXP 	text: autoDraw = False
442.4285 	WARNING 	Stopping key buffers but this could be dangerous ifother keyboards rely on the same.
442.4487 	EXP 	text: text = 'You earned 7.3 out of 10 points in this round.\n\n Press [SPACE] to advance'
442.4487 	EXP 	text: autoDraw = True
443.5260 	DATA 	Keypress: space
443.5332 	EXP 	text: autoDraw = False
443.5480 	EXP 	text: text = 'Total points : 112.3'
452.6680 	EXP 	text: text = 'Press and hold [SPACE] to report the duration of the stimulus'
452.6680 	EXP 	text: autoDraw = True
454.1659 	DATA 	Keypress: space
454.1732 	EXP 	text: autoDraw = False
455.0844 	WARNING 	Stopping key buffers but this could be dangerous ifother keyboards rely on the same.
455.1046 	EXP 	text: text = 'You earned 5.2 out of 10 points in this round.\n\n Press [SPACE] to advance'
455.1046 	EXP 	text: autoDraw = True
456.0299 	DATA 	Keypress: space
456.0370 	EXP 	text: autoDraw = False
456.0519 	EXP 	text: text = 'Total points : 117.5'
466.2556 	EXP 	text: text = 'Press and hold [SPACE] to report the duration of the stimulus'
466.2556 	EXP 	text: autoDraw = True
467.5499 	DATA 	Keypress: space
467.5570 	EXP 	text: autoDraw = False
468.5245 	WARNING 	Stopping key buffers but this could be dangerous ifother keyboards rely on the same.
468.5450 	EXP 	text: text = 'You earned 3.3 out of 10 points in this round.\n\n Press [SPACE] to advance'
468.5450 	EXP 	text: autoDraw = True
469.4139 	DATA 	Keypress: space
469.4198 	EXP 	text: autoDraw = False
469.4404 	EXP 	text: text = 'Total points : 120.8'
476.8424 	EXP 	text: text = 'Press and hold [SPACE] to report the duration of the stimulus'
476.8424 	EXP 	text: autoDraw = True
478.1740 	DATA 	Keypress: space
478.1813 	EXP 	text: autoDraw = False
478.7805 	WARNING 	Stopping key buffers but this could be dangerous ifother keyboards rely on the same.
478.8112 	EXP 	text: text = 'You earned 6.5 out of 10 points in this round.\n\n Press [SPACE] to advance'
478.8112 	EXP 	text: autoDraw = True
479.5819 	DATA 	Keypress: space
479.5891 	EXP 	text: autoDraw = False
479.6109 	EXP 	text: text = 'Total points : 127.3'
488.2128 	EXP 	text: text = 'Press and hold [SPACE] to report the duration of the stimulus'
488.2128 	EXP 	text: autoDraw = True
489.2221 	DATA 	Keypress: space
489.2291 	EXP 	text: autoDraw = False
490.0284 	WARNING 	Stopping key buffers but this could be dangerous ifother keyboards rely on the same.
490.0487 	EXP 	text: text = 'You earned 5.3 out of 10 points in this round.\n\n Press [SPACE] to advance'
490.0487 	EXP 	text: autoDraw = True
490.9819 	DATA 	Keypress: space
490.9891 	EXP 	text: autoDraw = False
490.9964 	EXP 	text: text = 'Total points : 132.6'
498.4163 	EXP 	text: text = 'Press and hold [SPACE] to report the duration of the stimulus'
498.4163 	EXP 	text: autoDraw = True
499.3899 	DATA 	Keypress: space
499.3962 	EXP 	text: autoDraw = False
499.9805 	WARNING 	Stopping key buffers but this could be dangerous ifother keyboards rely on the same.
500.0013 	EXP 	text: text = 'You earned 6.3 out of 10 points in this round.\n\n Press [SPACE] to advance'
500.0013 	EXP 	text: autoDraw = True
500.8218 	DATA 	Keypress: space
500.8293 	EXP 	text: autoDraw = False
500.8501 	EXP 	text: text = 'Total points : 138.9'
507.9691 	EXP 	text: text = 'Press and hold [SPACE] to report the duration of the stimulus'
507.9691 	EXP 	text: autoDraw = True
508.8701 	DATA 	Keypress: space
508.8773 	EXP 	text: autoDraw = False
509.4685 	WARNING 	Stopping key buffers but this could be dangerous ifother keyboards rely on the same.
509.4888 	EXP 	text: text = 'You earned 7.4 out of 10 points in this round.\n\n Press [SPACE] to advance'
509.4888 	EXP 	text: autoDraw = True
510.3099 	DATA 	Keypress: space
510.3160 	EXP 	text: autoDraw = False
510.3365 	EXP 	text: text = 'Total points : 146.3'
517.7392 	EXP 	text: text = 'Press and hold [SPACE] to report the duration of the stimulus'
517.7392 	EXP 	text: autoDraw = True
518.7583 	DATA 	Keypress: space
518.7661 	EXP 	text: autoDraw = False
519.4043 	WARNING 	Stopping key buffers but this could be dangerous ifother keyboards rely on the same.
519.4281 	EXP 	text: text = 'You earned 7.0 out of 10 points in this round.\n\n Press [SPACE] to advance'
519.4281 	EXP 	text: autoDraw = True
520.2624 	DATA 	Keypress: space
520.2695 	EXP 	text: autoDraw = False
520.2902 	EXP 	text: text = 'Total points : 153.3'
528.0089 	EXP 	text: text = 'Press and hold [SPACE] to report the duration of the stimulus'
528.0089 	EXP 	text: autoDraw = True
530.1259 	DATA 	Keypress: space
530.1333 	EXP 	text: autoDraw = False
530.9805 	WARNING 	Stopping key buffers but this could be dangerous ifother keyboards rely on the same.
531.0101 	EXP 	text: text = 'You earned 9.2 out of 10 points in this round.\n\n Press [SPACE] to advance'
531.0101 	EXP 	text: autoDraw = True
547.7980 	DATA 	Keypress: space
547.8052 	EXP 	text: autoDraw = False
547.8146 	EXP 	text: text = 'Total points : 162.5'
554.9353 	EXP 	text: text = 'Press and hold [SPACE] to report the duration of the stimulus'
554.9353 	EXP 	text: autoDraw = True
555.8619 	DATA 	Keypress: space
555.8691 	EXP 	text: autoDraw = False
556.5484 	WARNING 	Stopping key buffers but this could be dangerous ifother keyboards rely on the same.
556.5692 	EXP 	text: text = 'You earned 8.8 out of 10 points in this round.\n\n Press [SPACE] to advance'
556.5692 	EXP 	text: autoDraw = True
557.3820 	DATA 	Keypress: space
557.3891 	EXP 	text: autoDraw = False
557.4019 	EXP 	text: text = 'Total points : 171.3'
566.5211 	EXP 	text: text = 'Press and hold [SPACE] to report the duration of the stimulus'
566.5211 	EXP 	text: autoDraw = True
567.4059 	DATA 	Keypress: space
567.4130 	EXP 	text: autoDraw = False
568.3565 	WARNING 	Stopping key buffers but this could be dangerous ifother keyboards rely on the same.
568.3772 	EXP 	text: text = 'You earned 5.5 out of 10 points in this round.\n\n Press [SPACE] to advance'
568.3772 	EXP 	text: autoDraw = True
569.0458 	DATA 	Keypress: space
569.0519 	EXP 	text: autoDraw = False
569.0726 	EXP 	text: text = 'Total points : 176.8'
578.6764 	EXP 	text: text = 'Press and hold [SPACE] to report the duration of the stimulus'
578.6764 	EXP 	text: autoDraw = True
579.4299 	DATA 	Keypress: space
579.4371 	EXP 	text: autoDraw = False
580.4604 	WARNING 	Stopping key buffers but this could be dangerous ifother keyboards rely on the same.
580.4821 	EXP 	text: text = 'You earned 5.0 out of 10 points in this round.\n\n Press [SPACE] to advance'
580.4821 	EXP 	text: autoDraw = True
581.2138 	DATA 	Keypress: space
581.2210 	EXP 	text: autoDraw = False
581.2423 	EXP 	text: text = 'Total points : 181.8'
591.1624 	EXP 	text: text = 'Press and hold [SPACE] to report the duration of the stimulus'
591.1624 	EXP 	text: autoDraw = True
591.9978 	DATA 	Keypress: space
592.0050 	EXP 	text: autoDraw = False
593.2365 	WARNING 	Stopping key buffers but this could be dangerous ifother keyboards rely on the same.
593.2641 	EXP 	text: text = 'You earned 6.6 out of 10 points in this round.\n\n Press [SPACE] to advance'
593.2641 	EXP 	text: autoDraw = True
593.9178 	DATA 	Keypress: space
593.9250 	EXP 	text: autoDraw = False
593.9479 	EXP 	text: text = 'Total points : 188.4'
603.0660 	EXP 	text: text = 'Press and hold [SPACE] to report the duration of the stimulus'
603.0660 	EXP 	text: autoDraw = True
604.0619 	DATA 	Keypress: space
604.0691 	EXP 	text: autoDraw = False
604.9564 	WARNING 	Stopping key buffers but this could be dangerous ifother keyboards rely on the same.
604.9849 	EXP 	text: text = 'You earned 4.9 out of 10 points in this round.\n\n Press [SPACE] to advance'
604.9849 	EXP 	text: autoDraw = True
605.8618 	DATA 	Keypress: space
605.8689 	EXP 	text: autoDraw = False
605.8846 	EXP 	text: text = 'Total points : 193.3'
613.8874 	EXP 	text: text = 'Press and hold [SPACE] to report the duration of the stimulus'
613.8874 	EXP 	text: autoDraw = True
614.8459 	DATA 	Keypress: space
614.8529 	EXP 	text: autoDraw = False
615.7483 	WARNING 	Stopping key buffers but this could be dangerous ifother keyboards rely on the same.
615.7706 	EXP 	text: text = 'You earned 8.7 out of 10 points in this round.\n\n Press [SPACE] to advance'
615.7706 	EXP 	text: autoDraw = True
616.6218 	DATA 	Keypress: space
616.6289 	EXP 	text: autoDraw = False
616.6362 	EXP 	text: text = 'Total points : 202.0'
626.5572 	EXP 	text: text = 'Press and hold [SPACE] to report the duration of the stimulus'
626.5572 	EXP 	text: autoDraw = True
627.4220 	DATA 	Keypress: space
627.4293 	EXP 	text: autoDraw = False
628.4685 	WARNING 	Stopping key buffers but this could be dangerous ifother keyboards rely on the same.
628.4912 	EXP 	text: text = 'You earned 4.5 out of 10 points in this round.\n\n Press [SPACE] to advance'
628.4912 	EXP 	text: autoDraw = True
629.2379 	DATA 	Keypress: space
629.2451 	EXP 	text: autoDraw = False
629.2587 	EXP 	text: text = 'Total points : 206.5'
630.8943 	DATA 	Keypress: space
636.6606 	EXP 	text: text = 'Press and hold [SPACE] to report the duration of the stimulus'
636.6606 	EXP 	text: autoDraw = True
637.5900 	DATA 	Keypress: space
637.5973 	EXP 	text: autoDraw = False
638.2763 	WARNING 	Stopping key buffers but this could be dangerous ifother keyboards rely on the same.
638.2963 	EXP 	text: text = 'You earned 7.6 out of 10 points in this round.\n\n Press [SPACE] to advance'
638.2963 	EXP 	text: autoDraw = True
638.9738 	DATA 	Keypress: space
638.9809 	EXP 	text: autoDraw = False
638.9954 	EXP 	text: text = 'Total points : 214.1'
648.5979 	EXP 	text: text = 'Press and hold [SPACE] to report the duration of the stimulus'
648.5979 	EXP 	text: autoDraw = True
649.4939 	DATA 	Keypress: space
649.5011 	EXP 	text: autoDraw = False
650.6684 	WARNING 	Stopping key buffers but this could be dangerous ifother keyboards rely on the same.
650.6995 	EXP 	text: text = 'You earned 6.7 out of 10 points in this round.\n\n Press [SPACE] to advance'
650.6995 	EXP 	text: autoDraw = True
651.9658 	DATA 	Keypress: space
651.9731 	EXP 	text: autoDraw = False
651.9815 	EXP 	text: text = 'Total points : 220.8'
661.9021 	EXP 	text: text = 'Press and hold [SPACE] to report the duration of the stimulus'
661.9021 	EXP 	text: autoDraw = True
662.8699 	DATA 	Keypress: space
662.8772 	EXP 	text: autoDraw = False
663.9404 	WARNING 	Stopping key buffers but this could be dangerous ifother keyboards rely on the same.
663.9702 	EXP 	text: text = 'You earned 4.7 out of 10 points in this round.\n\n Press [SPACE] to advance'
663.9702 	EXP 	text: autoDraw = True
664.7099 	DATA 	Keypress: space
664.7161 	EXP 	text: autoDraw = False
664.7370 	EXP 	text: text = 'Total points : 225.5'
673.0558 	EXP 	text: text = 'Press and hold [SPACE] to report the duration of the stimulus'
673.0558 	EXP 	text: autoDraw = True
674.2060 	DATA 	Keypress: space
674.2133 	EXP 	text: autoDraw = False
675.1564 	WARNING 	Stopping key buffers but this could be dangerous ifother keyboards rely on the same.
675.1765 	EXP 	text: text = 'You earned 8.2 out of 10 points in this round.\n\n Press [SPACE] to advance'
675.1765 	EXP 	text: autoDraw = True
675.9179 	DATA 	Keypress: space
675.9249 	EXP 	text: autoDraw = False
675.9395 	EXP 	text: text = 'Total points : 233.7'
683.6602 	EXP 	text: text = 'Press and hold [SPACE] to report the duration of the stimulus'
683.6602 	EXP 	text: autoDraw = True
684.8220 	DATA 	Keypress: space
684.8291 	EXP 	text: autoDraw = False
685.7596 	WARNING 	Stopping key buffers but this could be dangerous ifother keyboards rely on the same.
685.7765 	EXP 	text: text = 'Total points : 233.7'
685.7765 	EXP 	text: text = 'Your response exceeded the actual time.\n\n Press [SPACE] to advance'
685.7765 	EXP 	text: autoDraw = True
686.6538 	DATA 	Keypress: space
686.6606 	EXP 	text: autoDraw = False
695.8138 	EXP 	text: text = 'Press and hold [SPACE] to report the duration of the stimulus'
695.8138 	EXP 	text: autoDraw = True
696.7180 	DATA 	Keypress: space
696.7253 	EXP 	text: autoDraw = False
697.5244 	WARNING 	Stopping key buffers but this could be dangerous ifother keyboards rely on the same.
697.5470 	EXP 	text: text = 'You earned 4.1 out of 10 points in this round.\n\n Press [SPACE] to advance'
697.5470 	EXP 	text: autoDraw = True
698.3499 	DATA 	Keypress: space
698.3572 	EXP 	text: autoDraw = False
698.3636 	EXP 	text: text = 'Total points : 237.8'
706.0786 	EXP 	text: text = 'Press and hold [SPACE] to report the duration of the stimulus'
706.0786 	EXP 	text: autoDraw = True
707.2779 	DATA 	Keypress: space
707.2852 	EXP 	text: autoDraw = False
707.9163 	WARNING 	Stopping key buffers but this could be dangerous ifother keyboards rely on the same.
707.9364 	EXP 	text: text = 'You earned 5.9 out of 10 points in this round.\n\n Press [SPACE] to advance'
707.9364 	EXP 	text: autoDraw = True
708.7340 	DATA 	Keypress: space
708.7411 	EXP 	text: autoDraw = False
708.7502 	EXP 	text: text = 'Total points : 243.7'
716.7530 	EXP 	text: text = 'Press and hold [SPACE] to report the duration of the stimulus'
716.7530 	EXP 	text: autoDraw = True
718.7179 	DATA 	Keypress: space
718.7252 	EXP 	text: autoDraw = False
719.4684 	WARNING 	Stopping key buffers but this could be dangerous ifother keyboards rely on the same.
719.4891 	EXP 	text: text = 'You earned 6.4 out of 10 points in this round.\n\n Press [SPACE] to advance'
719.4891 	EXP 	text: autoDraw = True
720.4379 	DATA 	Keypress: space
720.4451 	EXP 	text: autoDraw = False
720.4544 	EXP 	text: text = 'Total points : 250.1'
729.5755 	EXP 	text: text = 'Press and hold [SPACE] to report the duration of the stimulus'
729.5755 	EXP 	text: autoDraw = True
730.5658 	DATA 	Keypress: space
730.5728 	EXP 	text: autoDraw = False
731.5484 	WARNING 	Stopping key buffers but this could be dangerous ifother keyboards rely on the same.
731.5748 	EXP 	text: text = 'You earned 5.9 out of 10 points in this round.\n\n Press [SPACE] to advance'
731.5748 	EXP 	text: autoDraw = True
732.4058 	DATA 	Keypress: space
732.4129 	EXP 	text: autoDraw = False
732.4240 	EXP 	text: text = 'Total points : 256.0'
742.0283 	EXP 	text: text = 'Press and hold [SPACE] to report the duration of the stimulus'
742.0283 	EXP 	text: autoDraw = True
743.0939 	DATA 	Keypress: space
743.1010 	EXP 	text: autoDraw = False
743.9484 	WARNING 	Stopping key buffers but this could be dangerous ifother keyboards rely on the same.
743.9803 	EXP 	text: text = 'You earned 3.5 out of 10 points in this round.\n\n Press [SPACE] to advance'
743.9803 	EXP 	text: autoDraw = True
744.8458 	DATA 	Keypress: space
744.8529 	EXP 	text: autoDraw = False
744.8623 	EXP 	text: text = 'Total points : 259.5'
752.2648 	EXP 	text: text = 'Press and hold [SPACE] to report the duration of the stimulus'
752.2648 	EXP 	text: autoDraw = True
752.9099 	DATA 	Keypress: space
752.9173 	EXP 	text: autoDraw = False
753.5085 	WARNING 	Stopping key buffers but this could be dangerous ifother keyboards rely on the same.
753.5320 	EXP 	text: text = 'You earned 6.4 out of 10 points in this round.\n\n Press [SPACE] to advance'
753.5320 	EXP 	text: autoDraw = True
754.4059 	DATA 	Keypress: space
754.4119 	EXP 	text: autoDraw = False
754.4327 	EXP 	text: text = 'Total points : 265.9'
764.6365 	EXP 	text: text = 'Press and hold [SPACE] to report the duration of the stimulus'
764.6365 	EXP 	text: autoDraw = True
765.5660 	DATA 	Keypress: space
765.5732 	EXP 	text: autoDraw = False
766.4604 	WARNING 	Stopping key buffers but this could be dangerous ifother keyboards rely on the same.
766.4866 	EXP 	text: text = 'You earned 2.8 out of 10 points in this round.\n\n Press [SPACE] to advance'
766.4866 	EXP 	text: autoDraw = True
767.3419 	DATA 	Keypress: space
767.3489 	EXP 	text: autoDraw = False
767.3693 	EXP 	text: text = 'Total points : 268.7'
777.5729 	EXP 	text: text = 'Press and hold [SPACE] to report the duration of the stimulus'
777.5729 	EXP 	text: autoDraw = True
778.2382 	DATA 	Keypress: space
778.2455 	EXP 	text: autoDraw = False
779.3884 	WARNING 	Stopping key buffers but this could be dangerous ifother keyboards rely on the same.
779.4091 	EXP 	text: text = 'You earned 4.7 out of 10 points in this round.\n\n Press [SPACE] to advance'
779.4091 	EXP 	text: autoDraw = True
780.1819 	DATA 	Keypress: space
780.1868 	EXP 	text: autoDraw = False
780.2080 	EXP 	text: text = 'Total points : 273.4'
787.3259 	EXP 	text: text = 'Press and hold [SPACE] to report the duration of the stimulus'
787.3259 	EXP 	text: autoDraw = True
788.2060 	DATA 	Keypress: space
788.2133 	EXP 	text: autoDraw = False
788.9564 	WARNING 	Stopping key buffers but this could be dangerous ifother keyboards rely on the same.
788.9780 	EXP 	text: text = 'You earned 10.0 out of 10 points in this round.\n\n Press [SPACE] to advance'
788.9780 	EXP 	text: autoDraw = True
791.7578 	DATA 	Keypress: space
791.7649 	EXP 	text: autoDraw = False
791.7768 	EXP 	text: text = 'Total points : 283.4'
801.3806 	EXP 	text: text = 'Press and hold [SPACE] to report the duration of the stimulus'
801.3806 	EXP 	text: autoDraw = True
802.3419 	DATA 	Keypress: space
802.3492 	EXP 	text: autoDraw = False
803.4844 	WARNING 	Stopping key buffers but this could be dangerous ifother keyboards rely on the same.
803.5145 	EXP 	text: text = 'You earned 6.3 out of 10 points in this round.\n\n Press [SPACE] to advance'
803.5145 	EXP 	text: autoDraw = True
804.3018 	DATA 	Keypress: space
804.3091 	EXP 	text: autoDraw = False
804.3155 	EXP 	text: text = 'Total points : 289.7'
812.6342 	EXP 	text: text = 'Press and hold [SPACE] to report the duration of the stimulus'
812.6342 	EXP 	text: autoDraw = True
813.6460 	DATA 	Keypress: space
813.6532 	EXP 	text: autoDraw = False
814.4365 	WARNING 	Stopping key buffers but this could be dangerous ifother keyboards rely on the same.
814.4566 	EXP 	text: text = 'You earned 6.0 out of 10 points in this round.\n\n Press [SPACE] to advance'
814.4566 	EXP 	text: autoDraw = True
815.3178 	DATA 	Keypress: space
815.3249 	EXP 	text: autoDraw = False
815.3353 	EXP 	text: text = 'Total points : 295.7'
824.9398 	EXP 	text: text = 'Press and hold [SPACE] to report the duration of the stimulus'
824.9398 	EXP 	text: autoDraw = True
826.0219 	DATA 	Keypress: space
826.0291 	EXP 	text: autoDraw = False
827.2924 	WARNING 	Stopping key buffers but this could be dangerous ifother keyboards rely on the same.
827.3221 	EXP 	text: text = 'You earned 8.1 out of 10 points in this round.\n\n Press [SPACE] to advance'
827.3221 	EXP 	text: autoDraw = True
828.2618 	DATA 	Keypress: space
828.2687 	EXP 	text: autoDraw = False
828.2887 	EXP 	text: text = 'Total points : 303.8'
830.0745 	DATA 	Keypress: space
836.2922 	EXP 	text: text = 'Press and hold [SPACE] to report the duration of the stimulus'
836.2922 	EXP 	text: autoDraw = True
837.3098 	DATA 	Keypress: space
837.3170 	EXP 	text: autoDraw = False
837.9084 	WARNING 	Stopping key buffers but this could be dangerous ifother keyboards rely on the same.
837.9284 	EXP 	text: text = 'You earned 4.7 out of 10 points in this round.\n\n Press [SPACE] to advance'
837.9284 	EXP 	text: autoDraw = True
838.6939 	DATA 	Keypress: space
838.7010 	EXP 	text: autoDraw = False
838.7094 	EXP 	text: text = 'Total points : 308.5'
846.7120 	EXP 	text: text = 'Press and hold [SPACE] to report the duration of the stimulus'
846.7120 	EXP 	text: autoDraw = True
847.6859 	DATA 	Keypress: space
847.6919 	EXP 	text: autoDraw = False
848.5324 	WARNING 	Stopping key buffers but this could be dangerous ifother keyboards rely on the same.
848.5623 	EXP 	text: text = 'You earned 7.8 out of 10 points in this round.\n\n Press [SPACE] to advance'
848.5623 	EXP 	text: autoDraw = True
849.4541 	DATA 	Keypress: space
849.4593 	EXP 	text: autoDraw = False
849.4799 	EXP 	text: text = 'Total points : 316.3'
858.0825 	EXP 	text: text = 'Press and hold [SPACE] to report the duration of the stimulus'
858.0825 	EXP 	text: autoDraw = True
859.0858 	DATA 	Keypress: space
859.0930 	EXP 	text: autoDraw = False
859.9324 	WARNING 	Stopping key buffers but this could be dangerous ifother keyboards rely on the same.
859.9525 	EXP 	text: text = 'You earned 5.7 out of 10 points in this round.\n\n Press [SPACE] to advance'
859.9525 	EXP 	text: autoDraw = True
860.8379 	DATA 	Keypress: space
860.8451 	EXP 	text: autoDraw = False
860.8663 	EXP 	text: text = 'Total points : 322.0'
868.2690 	EXP 	text: text = 'Press and hold [SPACE] to report the duration of the stimulus'
868.2690 	EXP 	text: autoDraw = True
869.2460 	DATA 	Keypress: space
869.2529 	EXP 	text: autoDraw = False
870.2369 	WARNING 	Stopping key buffers but this could be dangerous ifother keyboards rely on the same.
870.2542 	EXP 	text: text = 'Total points : 322.0'
870.2542 	EXP 	text: text = 'Your response exceeded the actual time.\n\n Press [SPACE] to advance'
870.2542 	EXP 	text: autoDraw = True
871.0058 	DATA 	Keypress: space
871.0130 	EXP 	text: autoDraw = False
878.7574 	EXP 	text: text = 'Press and hold [SPACE] to report the duration of the stimulus'
878.7574 	EXP 	text: autoDraw = True
879.6860 	DATA 	Keypress: space
879.6934 	EXP 	text: autoDraw = False
880.6733 	WARNING 	Stopping key buffers but this could be dangerous ifother keyboards rely on the same.
880.6908 	EXP 	text: text = 'Total points : 322.0'
880.6908 	EXP 	text: text = 'Your response exceeded the actual time.\n\n Press [SPACE] to advance'
880.6908 	EXP 	text: autoDraw = True
881.3739 	DATA 	Keypress: space
881.3812 	EXP 	text: autoDraw = False
891.3264 	EXP 	text: text = 'Press and hold [SPACE] to report the duration of the stimulus'
891.3264 	EXP 	text: autoDraw = True
892.0300 	DATA 	Keypress: space
892.0371 	EXP 	text: autoDraw = False
892.8605 	WARNING 	Stopping key buffers but this could be dangerous ifother keyboards rely on the same.
892.8805 	EXP 	text: text = 'You earned 2.9 out of 10 points in this round.\n\n Press [SPACE] to advance'
892.8805 	EXP 	text: autoDraw = True
893.7018 	DATA 	Keypress: space
893.7069 	EXP 	text: autoDraw = False
893.7282 	EXP 	text: text = 'Total points : 324.9'
901.7299 	EXP 	text: text = 'Press and hold [SPACE] to report the duration of the stimulus'
901.7299 	EXP 	text: autoDraw = True
902.6379 	DATA 	Keypress: space
902.6450 	EXP 	text: autoDraw = False
903.1725 	WARNING 	Stopping key buffers but this could be dangerous ifother keyboards rely on the same.
903.1970 	EXP 	text: text = 'You earned 4.2 out of 10 points in this round.\n\n Press [SPACE] to advance'
903.1970 	EXP 	text: autoDraw = True
903.9419 	DATA 	Keypress: space
903.9490 	EXP 	text: autoDraw = False
903.9647 	EXP 	text: text = 'Total points : 329.1'
911.0831 	EXP 	text: text = 'Press and hold [SPACE] to report the duration of the stimulus'
911.0831 	EXP 	text: autoDraw = True
912.5818 	DATA 	Keypress: space
912.5891 	EXP 	text: autoDraw = False
913.0925 	WARNING 	Stopping key buffers but this could be dangerous ifother keyboards rely on the same.
913.1168 	EXP 	text: text = 'You earned 6.2 out of 10 points in this round.\n\n Press [SPACE] to advance'
913.1168 	EXP 	text: autoDraw = True
913.9498 	DATA 	Keypress: space
913.9569 	EXP 	text: autoDraw = False
913.9674 	EXP 	text: text = 'Total points : 335.3'
921.9699 	EXP 	text: text = 'Press and hold [SPACE] to report the duration of the stimulus'
921.9699 	EXP 	text: autoDraw = True
922.7499 	DATA 	Keypress: space
922.7570 	EXP 	text: autoDraw = False
923.5644 	WARNING 	Stopping key buffers but this could be dangerous ifother keyboards rely on the same.
923.5867 	EXP 	text: text = 'You earned 7.3 out of 10 points in this round.\n\n Press [SPACE] to advance'
923.5867 	EXP 	text: autoDraw = True
924.3339 	DATA 	Keypress: space
924.3411 	EXP 	text: autoDraw = False
924.3548 	EXP 	text: text = 'Total points : 342.6'
932.0727 	EXP 	text: text = 'Press and hold [SPACE] to report the duration of the stimulus'
932.0727 	EXP 	text: autoDraw = True
933.1739 	DATA 	Keypress: space
933.1812 	EXP 	text: autoDraw = False
934.0124 	WARNING 	Stopping key buffers but this could be dangerous ifother keyboards rely on the same.
934.0409 	EXP 	text: text = 'You earned 8.9 out of 10 points in this round.\n\n Press [SPACE] to advance'
934.0409 	EXP 	text: autoDraw = True
935.0299 	DATA 	Keypress: space
935.0366 	EXP 	text: autoDraw = False
935.0582 	EXP 	text: text = 'Total points : 351.5'
942.1763 	EXP 	text: text = 'Press and hold [SPACE] to report the duration of the stimulus'
942.1763 	EXP 	text: autoDraw = True
943.2138 	DATA 	Keypress: space
943.2211 	EXP 	text: autoDraw = False
943.8284 	WARNING 	Stopping key buffers but this could be dangerous ifother keyboards rely on the same.
943.8495 	EXP 	text: text = 'You earned 7.6 out of 10 points in this round.\n\n Press [SPACE] to advance'
943.8495 	EXP 	text: autoDraw = True
944.6060 	DATA 	Keypress: space
944.6131 	EXP 	text: autoDraw = False
944.6278 	EXP 	text: text = 'Total points : 359.1'
952.9629 	EXP 	text: text = 'Press and hold [SPACE] to report the duration of the stimulus'
952.9629 	EXP 	text: autoDraw = True
953.7659 	DATA 	Keypress: space
953.7731 	EXP 	text: autoDraw = False
954.7244 	WARNING 	Stopping key buffers but this could be dangerous ifother keyboards rely on the same.
954.7479 	EXP 	text: text = 'You earned 8.4 out of 10 points in this round.\n\n Press [SPACE] to advance'
954.7479 	EXP 	text: autoDraw = True
955.6298 	DATA 	Keypress: space
955.6369 	EXP 	text: autoDraw = False
955.6473 	EXP 	text: text = 'Total points : 367.5'
963.9682 	EXP 	text: text = 'Press and hold [SPACE] to report the duration of the stimulus'
963.9682 	EXP 	text: autoDraw = True
964.7979 	DATA 	Keypress: space
964.8052 	EXP 	text: autoDraw = False
965.8839 	WARNING 	Stopping key buffers but this could be dangerous ifother keyboards rely on the same.
965.9005 	EXP 	text: text = 'Total points : 367.5'
965.9005 	EXP 	text: text = 'Your response exceeded the actual time.\n\n Press [SPACE] to advance'
965.9005 	EXP 	text: autoDraw = True
966.7578 	DATA 	Keypress: space
966.7637 	EXP 	text: autoDraw = False
973.9207 	EXP 	text: text = 'Press and hold [SPACE] to report the duration of the stimulus'
973.9207 	EXP 	text: autoDraw = True
974.8059 	DATA 	Keypress: space
974.8132 	EXP 	text: autoDraw = False
975.5644 	WARNING 	Stopping key buffers but this could be dangerous ifother keyboards rely on the same.
975.5880 	EXP 	text: text = 'You earned 9.8 out of 10 points in this round.\n\n Press [SPACE] to advance'
975.5880 	EXP 	text: autoDraw = True
976.8379 	DATA 	Keypress: space
976.8451 	EXP 	text: autoDraw = False
976.8536 	EXP 	text: text = 'Total points : 377.3'
985.4583 	EXP 	text: text = 'Press and hold [SPACE] to report the duration of the stimulus'
985.4583 	EXP 	text: autoDraw = True
986.1339 	DATA 	Keypress: space
986.1408 	EXP 	text: autoDraw = False
986.9564 	WARNING 	Stopping key buffers but this could be dangerous ifother keyboards rely on the same.
986.9765 	EXP 	text: text = 'You earned 5.5 out of 10 points in this round.\n\n Press [SPACE] to advance'
986.9765 	EXP 	text: autoDraw = True
987.7738 	DATA 	Keypress: space
987.7811 	EXP 	text: autoDraw = False
987.7905 	EXP 	text: text = 'Total points : 382.8'
995.5111 	EXP 	text: text = 'Press and hold [SPACE] to report the duration of the stimulus'
995.5111 	EXP 	text: autoDraw = True
996.2219 	DATA 	Keypress: space
996.2291 	EXP 	text: autoDraw = False
997.1323 	WARNING 	Stopping key buffers but this could be dangerous ifother keyboards rely on the same.
997.1611 	EXP 	text: text = 'You earned 9.8 out of 10 points in this round.\n\n Press [SPACE] to advance'
997.1611 	EXP 	text: autoDraw = True
999.3978 	DATA 	Keypress: space
999.4051 	EXP 	text: autoDraw = False
999.4118 	EXP 	text: text = 'Total points : 392.6'
1006.5306 	EXP 	text: text = 'Press and hold [SPACE] to report the duration of the stimulus'
1006.5306 	EXP 	text: autoDraw = True
1007.4539 	DATA 	Keypress: space
1007.4604 	EXP 	text: autoDraw = False
1008.1405 	WARNING 	Stopping key buffers but this could be dangerous ifother keyboards rely on the same.
1008.1639 	EXP 	text: text = 'You earned 8.8 out of 10 points in this round.\n\n Press [SPACE] to advance'
1008.1639 	EXP 	text: autoDraw = True
1008.8939 	DATA 	Keypress: space
1008.9011 	EXP 	text: autoDraw = False
1008.9153 	EXP 	text: text = 'Total points : 401.4'
1016.9171 	EXP 	text: text = 'Press and hold [SPACE] to report the duration of the stimulus'
1016.9171 	EXP 	text: autoDraw = True
1017.6779 	DATA 	Keypress: space
1017.6848 	EXP 	text: autoDraw = False
1018.6205 	WARNING 	Stopping key buffers but this could be dangerous ifother keyboards rely on the same.
1018.6512 	EXP 	text: text = 'You earned 9.4 out of 10 points in this round.\n\n Press [SPACE] to advance'
1018.6512 	EXP 	text: autoDraw = True
1019.5659 	DATA 	Keypress: space
1019.5730 	EXP 	text: autoDraw = False
1019.5851 	EXP 	text: text = 'Total points : 410.8'
1028.1878 	EXP 	text: text = 'Press and hold [SPACE] to report the duration of the stimulus'
1028.1878 	EXP 	text: autoDraw = True
1029.0220 	DATA 	Keypress: space
1029.0292 	EXP 	text: autoDraw = False
1029.8525 	WARNING 	Stopping key buffers but this could be dangerous ifother keyboards rely on the same.
1029.8725 	EXP 	text: text = 'You earned 5.6 out of 10 points in this round.\n\n Press [SPACE] to advance'
1029.8725 	EXP 	text: autoDraw = True
1030.7019 	DATA 	Keypress: space
1030.7091 	EXP 	text: autoDraw = False
1030.7216 	EXP 	text: text = 'Total points : 416.4'
1038.1241 	EXP 	text: text = 'Press and hold [SPACE] to report the duration of the stimulus'
1038.1241 	EXP 	text: autoDraw = True
1039.0218 	DATA 	Keypress: space
1039.0291 	EXP 	text: autoDraw = False
1039.9251 	WARNING 	Stopping key buffers but this could be dangerous ifother keyboards rely on the same.
1039.9424 	EXP 	text: text = 'Total points : 416.4'
1039.9424 	EXP 	text: text = 'Your response exceeded the actual time.\n\n Press [SPACE] to advance'
1039.9424 	EXP 	text: autoDraw = True
1040.6539 	DATA 	Keypress: space
1040.6610 	EXP 	text: autoDraw = False
1048.4101 	EXP 	text: text = 'Press and hold [SPACE] to report the duration of the stimulus'
1048.4101 	EXP 	text: autoDraw = True
1049.1818 	DATA 	Keypress: space
1049.1891 	EXP 	text: autoDraw = False
1049.9963 	WARNING 	Stopping key buffers but this could be dangerous ifother keyboards rely on the same.
1050.0168 	EXP 	text: text = 'You earned 8.5 out of 10 points in this round.\n\n Press [SPACE] to advance'
1050.0168 	EXP 	text: autoDraw = True
1050.7898 	DATA 	Keypress: space
1050.7972 	EXP 	text: autoDraw = False
1050.8124 	EXP 	text: text = 'Total points : 424.9'
1061.0157 	EXP 	text: text = 'Press and hold [SPACE] to report the duration of the stimulus'
1061.0157 	EXP 	text: autoDraw = True
1061.5339 	DATA 	Keypress: space
1061.5412 	EXP 	text: autoDraw = False
1062.6044 	WARNING 	Stopping key buffers but this could be dangerous ifother keyboards rely on the same.
1062.6324 	EXP 	text: text = 'You earned 4.0 out of 10 points in this round.\n\n Press [SPACE] to advance'
1062.6324 	EXP 	text: autoDraw = True
1063.6779 	DATA 	Keypress: space
1063.6850 	EXP 	text: autoDraw = False
1063.6984 	EXP 	text: text = 'Total points : 428.9'
1071.4125 	EXP 	text: text = 'Press and hold [SPACE] to report the duration of the stimulus'
1071.4125 	EXP 	text: autoDraw = True
1072.0618 	DATA 	Keypress: space
1072.0689 	EXP 	text: autoDraw = False
1072.9084 	WARNING 	Stopping key buffers but this could be dangerous ifother keyboards rely on the same.
1072.9360 	EXP 	text: text = 'You earned 9.0 out of 10 points in this round.\n\n Press [SPACE] to advance'
1072.9360 	EXP 	text: autoDraw = True
1074.1338 	DATA 	Keypress: space
1074.1412 	EXP 	text: autoDraw = False
1074.1536 	EXP 	text: text = 'Total points : 437.9'
1082.1557 	EXP 	text: text = 'Press and hold [SPACE] to report the duration of the stimulus'
1082.1557 	EXP 	text: autoDraw = True
1084.7659 	DATA 	Keypress: space
1084.7731 	EXP 	text: autoDraw = False
1085.4684 	WARNING 	Stopping key buffers but this could be dangerous ifother keyboards rely on the same.
1085.4899 	EXP 	text: text = 'You earned 5.8 out of 10 points in this round.\n\n Press [SPACE] to advance'
1085.4899 	EXP 	text: autoDraw = True
1086.4939 	DATA 	Keypress: space
1086.5011 	EXP 	text: autoDraw = False
1086.5227 	EXP 	text: text = 'Total points : 443.7'
1093.6591 	EXP 	text: text = 'Press and hold [SPACE] to report the duration of the stimulus'
1093.6591 	EXP 	text: autoDraw = True
1094.6299 	DATA 	Keypress: space
1094.6372 	EXP 	text: autoDraw = False
1095.5100 	WARNING 	Stopping key buffers but this could be dangerous ifother keyboards rely on the same.
1095.5273 	EXP 	text: text = 'Total points : 443.7'
1095.5273 	EXP 	text: text = 'Your response exceeded the actual time.\n\n Press [SPACE] to advance'
1095.5273 	EXP 	text: autoDraw = True
1096.4858 	DATA 	Keypress: space
1096.4928 	EXP 	text: autoDraw = False
1106.1291 	EXP 	text: text = 'Press and hold [SPACE] to report the duration of the stimulus'
1106.1291 	EXP 	text: autoDraw = True
1106.8299 	DATA 	Keypress: space
1106.8373 	EXP 	text: autoDraw = False
1107.7564 	WARNING 	Stopping key buffers but this could be dangerous ifother keyboards rely on the same.
1107.7800 	EXP 	text: text = 'You earned 4.1 out of 10 points in this round.\n\n Press [SPACE] to advance'
1107.7800 	EXP 	text: autoDraw = True
1108.6139 	DATA 	Keypress: space
1108.6212 	EXP 	text: autoDraw = False
1108.6289 	EXP 	text: text = 'Total points : 447.8'
1116.9496 	EXP 	text: text = 'Press and hold [SPACE] to report the duration of the stimulus'
1116.9496 	EXP 	text: autoDraw = True
1118.5019 	DATA 	Keypress: space
1118.5091 	EXP 	text: autoDraw = False
1119.4124 	WARNING 	Stopping key buffers but this could be dangerous ifother keyboards rely on the same.
1119.4339 	EXP 	text: text = 'You earned 7.6 out of 10 points in this round.\n\n Press [SPACE] to advance'
1119.4339 	EXP 	text: autoDraw = True
1120.1819 	DATA 	Keypress: space
1120.1890 	EXP 	text: autoDraw = False
1120.2014 	EXP 	text: text = 'Total points : 455.4'
1130.4052 	EXP 	text: text = 'Press and hold [SPACE] to report the duration of the stimulus'
1130.4052 	EXP 	text: autoDraw = True
1131.4939 	DATA 	Keypress: space
1131.5003 	EXP 	text: autoDraw = False
1132.7164 	WARNING 	Stopping key buffers but this could be dangerous ifother keyboards rely on the same.
1132.7383 	EXP 	text: text = 'You earned 5.5 out of 10 points in this round.\n\n Press [SPACE] to advance'
1132.7383 	EXP 	text: autoDraw = True
1133.5738 	DATA 	Keypress: space
1133.5809 	EXP 	text: autoDraw = False
1133.5872 	EXP 	text: text = 'Total points : 460.9'
1143.7911 	EXP 	text: text = 'Press and hold [SPACE] to report the duration of the stimulus'
1143.7911 	EXP 	text: autoDraw = True
1144.5662 	DATA 	Keypress: space
1144.5715 	EXP 	text: autoDraw = False
1145.5244 	WARNING 	Stopping key buffers but this could be dangerous ifother keyboards rely on the same.
1145.5445 	EXP 	text: text = 'You earned 3.2 out of 10 points in this round.\n\n Press [SPACE] to advance'
1145.5445 	EXP 	text: autoDraw = True
1146.3657 	DATA 	Keypress: space
1146.3720 	EXP 	text: autoDraw = False
1146.3919 	EXP 	text: text = 'Total points : 464.1'
1154.7128 	EXP 	text: text = 'Press and hold [SPACE] to report the duration of the stimulus'
1154.7128 	EXP 	text: autoDraw = True
1155.9980 	DATA 	Keypress: space
1156.0052 	EXP 	text: autoDraw = False
1156.6684 	WARNING 	Stopping key buffers but this could be dangerous ifother keyboards rely on the same.
1156.6959 	EXP 	text: text = 'You earned 4.7 out of 10 points in this round.\n\n Press [SPACE] to advance'
1156.6959 	EXP 	text: autoDraw = True
1157.5499 	DATA 	Keypress: space
1157.5571 	EXP 	text: autoDraw = False
1157.5785 	EXP 	text: text = 'Total points : 468.8'
1166.6991 	EXP 	text: text = 'Press and hold [SPACE] to report the duration of the stimulus'
1166.6991 	EXP 	text: autoDraw = True
1167.6779 	DATA 	Keypress: space
1167.6852 	EXP 	text: autoDraw = False
1168.5004 	WARNING 	Stopping key buffers but this could be dangerous ifother keyboards rely on the same.
1168.5207 	EXP 	text: text = 'You earned 4.3 out of 10 points in this round.\n\n Press [SPACE] to advance'
1168.5207 	EXP 	text: autoDraw = True
1170.1339 	DATA 	Keypress: space
1170.1411 	EXP 	text: autoDraw = False
1170.1494 	EXP 	text: text = 'Total points : 473.1'
1179.2709 	EXP 	text: text = 'Press and hold [SPACE] to report the duration of the stimulus'
1179.2709 	EXP 	text: autoDraw = True
1181.3661 	DATA 	Keypress: space
1181.3734 	EXP 	text: autoDraw = False
1182.2603 	WARNING 	Stopping key buffers but this could be dangerous ifother keyboards rely on the same.
1182.2873 	EXP 	text: text = 'You earned 4.9 out of 10 points in this round.\n\n Press [SPACE] to advance'
1182.2873 	EXP 	text: autoDraw = True
1183.1978 	DATA 	Keypress: space
1183.2047 	EXP 	text: autoDraw = False
1183.2207 	EXP 	text: text = 'Total points : 478.0'
1190.6244 	EXP 	text: text = 'Press and hold [SPACE] to report the duration of the stimulus'
1190.6244 	EXP 	text: autoDraw = True
1191.5659 	DATA 	Keypress: space
1191.5729 	EXP 	text: autoDraw = False
1192.4402 	WARNING 	Stopping key buffers but this could be dangerous ifother keyboards rely on the same.
1192.4576 	EXP 	text: text = 'Total points : 478.0'
1192.4576 	EXP 	text: text = 'Your response exceeded the actual time.\n\n Press [SPACE] to advance'
1192.4576 	EXP 	text: autoDraw = True
1193.2698 	DATA 	Keypress: space
1193.2770 	EXP 	text: autoDraw = False
1201.6271 	EXP 	text: text = 'Press and hold [SPACE] to report the duration of the stimulus'
1201.6271 	EXP 	text: autoDraw = True
1203.1818 	DATA 	Keypress: space
1203.1890 	EXP 	text: autoDraw = False
1203.8284 	WARNING 	Stopping key buffers but this could be dangerous ifother keyboards rely on the same.
1203.8528 	EXP 	text: text = 'You earned 4.5 out of 10 points in this round.\n\n Press [SPACE] to advance'
1203.8528 	EXP 	text: autoDraw = True
1204.5739 	DATA 	Keypress: space
1204.5811 	EXP 	text: autoDraw = False
1204.5958 	EXP 	text: text = 'Total points : 482.5'
1212.9136 	EXP 	text: text = 'Press and hold [SPACE] to report the duration of the stimulus'
1212.9136 	EXP 	text: autoDraw = True
1213.7980 	DATA 	Keypress: space
1213.8052 	EXP 	text: autoDraw = False
1214.3565 	WARNING 	Stopping key buffers but this could be dangerous ifother keyboards rely on the same.
1214.3820 	EXP 	text: text = 'You earned 3.8 out of 10 points in this round.\n\n Press [SPACE] to advance'
1214.3820 	EXP 	text: autoDraw = True
1215.0059 	DATA 	Keypress: space
1215.0111 	EXP 	text: autoDraw = False
1215.0323 	EXP 	text: text = 'Total points : 486.3'
1223.6343 	EXP 	text: text = 'Press and hold [SPACE] to report the duration of the stimulus'
1223.6343 	EXP 	text: autoDraw = True
1224.4058 	DATA 	Keypress: space
1224.4134 	EXP 	text: autoDraw = False
1224.9965 	WARNING 	Stopping key buffers but this could be dangerous ifother keyboards rely on the same.
1225.0186 	EXP 	text: text = 'You earned 3.4 out of 10 points in this round.\n\n Press [SPACE] to advance'
1225.0186 	EXP 	text: autoDraw = True
1225.8458 	DATA 	Keypress: space
1225.8528 	EXP 	text: autoDraw = False
1225.8690 	EXP 	text: text = 'Total points : 489.7'
1234.9880 	EXP 	text: text = 'Press and hold [SPACE] to report the duration of the stimulus'
1234.9880 	EXP 	text: autoDraw = True
1235.9498 	DATA 	Keypress: space
1235.9570 	EXP 	text: autoDraw = False
1236.7244 	WARNING 	Stopping key buffers but this could be dangerous ifother keyboards rely on the same.
1236.7551 	EXP 	text: text = 'You earned 3.9 out of 10 points in this round.\n\n Press [SPACE] to advance'
1236.7551 	EXP 	text: autoDraw = True
1237.8138 	DATA 	Keypress: space
1237.8207 	EXP 	text: autoDraw = False
1237.8379 	EXP 	text: text = 'Total points : 493.6'
1244.9583 	EXP 	text: text = 'Press and hold [SPACE] to report the duration of the stimulus'
1244.9583 	EXP 	text: autoDraw = True
1245.7899 	DATA 	Keypress: space
1245.7970 	EXP 	text: autoDraw = False
1246.4444 	WARNING 	Stopping key buffers but this could be dangerous ifother keyboards rely on the same.
1246.4749 	EXP 	text: text = 'You earned 8.3 out of 10 points in this round.\n\n Press [SPACE] to advance'
1246.4749 	EXP 	text: autoDraw = True
1247.2699 	DATA 	Keypress: space
1247.2772 	EXP 	text: autoDraw = False
1247.2921 	EXP 	text: text = 'Total points : 501.9'
1254.6952 	EXP 	text: text = 'Press and hold [SPACE] to report the duration of the stimulus'
1254.6952 	EXP 	text: autoDraw = True
1255.7899 	DATA 	Keypress: space
1255.7971 	EXP 	text: autoDraw = False
1256.6946 	WARNING 	Stopping key buffers but this could be dangerous ifother keyboards rely on the same.
1256.7113 	EXP 	text: text = 'Total points : 501.9'
1256.7113 	EXP 	text: text = 'Your response exceeded the actual time.\n\n Press [SPACE] to advance'
1256.7113 	EXP 	text: autoDraw = True
1257.3579 	DATA 	Keypress: space
1257.3650 	EXP 	text: autoDraw = False
1264.5154 	EXP 	text: text = 'Press and hold [SPACE] to report the duration of the stimulus'
1264.5154 	EXP 	text: autoDraw = True
1265.5580 	DATA 	Keypress: space
1265.5649 	EXP 	text: autoDraw = False
1266.2603 	WARNING 	Stopping key buffers but this could be dangerous ifother keyboards rely on the same.
1266.2818 	EXP 	text: text = 'You earned 9.1 out of 10 points in this round.\n\n Press [SPACE] to advance'
1266.2818 	EXP 	text: autoDraw = True
1267.2138 	DATA 	Keypress: space
1267.2211 	EXP 	text: autoDraw = False
1267.2307 	EXP 	text: text = 'Total points : 511.0'
1277.1514 	EXP 	text: text = 'Press and hold [SPACE] to report the duration of the stimulus'
1277.1514 	EXP 	text: autoDraw = True
1278.2059 	DATA 	Keypress: space
1278.2132 	EXP 	text: autoDraw = False
1278.9405 	WARNING 	Stopping key buffers but this could be dangerous ifother keyboards rely on the same.
1278.9693 	EXP 	text: text = 'You earned 2.4 out of 10 points in this round.\n\n Press [SPACE] to advance'
1278.9693 	EXP 	text: autoDraw = True
1279.7818 	DATA 	Keypress: space
1279.7889 	EXP 	text: autoDraw = False
1279.8030 	EXP 	text: text = 'Total points : 513.4'
1289.4068 	EXP 	text: text = 'Press and hold [SPACE] to report the duration of the stimulus'
1289.4068 	EXP 	text: autoDraw = True
1290.1259 	DATA 	Keypress: space
1290.1330 	EXP 	text: autoDraw = False
1291.1644 	WARNING 	Stopping key buffers but this could be dangerous ifother keyboards rely on the same.
1291.1900 	EXP 	text: text = 'You earned 5.1 out of 10 points in this round.\n\n Press [SPACE] to advance'
1291.1900 	EXP 	text: autoDraw = True
1291.9898 	DATA 	Keypress: space
1291.9971 	EXP 	text: autoDraw = False
1292.0056 	EXP 	text: text = 'Total points : 518.5'
1301.1426 	EXP 	text: text = 'Press and hold [SPACE] to report the duration of the stimulus'
1301.1426 	EXP 	text: autoDraw = True
1302.3660 	DATA 	Keypress: space
1302.3725 	EXP 	text: autoDraw = False
1303.4285 	WARNING 	Stopping key buffers but this could be dangerous ifother keyboards rely on the same.
1303.4489 	EXP 	text: text = 'You earned 6.9 out of 10 points in this round.\n\n Press [SPACE] to advance'
1303.4489 	EXP 	text: autoDraw = True
1304.2858 	DATA 	Keypress: space
1304.2926 	EXP 	text: autoDraw = False
1304.3112 	EXP 	text: text = 'Total points : 525.4'
1314.2313 	EXP 	text: text = 'Press and hold [SPACE] to report the duration of the stimulus'
1314.2313 	EXP 	text: autoDraw = True
1315.6060 	DATA 	Keypress: space
1315.6130 	EXP 	text: autoDraw = False
1316.3724 	WARNING 	Stopping key buffers but this could be dangerous ifother keyboards rely on the same.
1316.3983 	EXP 	text: text = 'You earned 2.6 out of 10 points in this round.\n\n Press [SPACE] to advance'
1316.3983 	EXP 	text: autoDraw = True
1317.1419 	DATA 	Keypress: space
1317.1487 	EXP 	text: autoDraw = False
1317.1642 	EXP 	text: text = 'Total points : 528.0'
1327.0841 	EXP 	text: text = 'Press and hold [SPACE] to report the duration of the stimulus'
1327.0841 	EXP 	text: autoDraw = True
1328.6859 	DATA 	Keypress: space
1328.6932 	EXP 	text: autoDraw = False
1329.7404 	WARNING 	Stopping key buffers but this could be dangerous ifother keyboards rely on the same.
1329.7693 	EXP 	text: text = 'You earned 4.5 out of 10 points in this round.\n\n Press [SPACE] to advance'
1329.7693 	EXP 	text: autoDraw = True
1330.5098 	DATA 	Keypress: space
1330.5152 	EXP 	text: autoDraw = False
1330.5365 	EXP 	text: text = 'Total points : 532.5'
1338.2554 	EXP 	text: text = 'Press and hold [SPACE] to report the duration of the stimulus'
1338.2554 	EXP 	text: autoDraw = True
1339.3419 	DATA 	Keypress: space
1339.3492 	EXP 	text: autoDraw = False
1340.1244 	WARNING 	Stopping key buffers but this could be dangerous ifother keyboards rely on the same.
1340.1445 	EXP 	text: text = 'You earned 7.9 out of 10 points in this round.\n\n Press [SPACE] to advance'
1340.1445 	EXP 	text: autoDraw = True
1340.9178 	DATA 	Keypress: space
1340.9250 	EXP 	text: autoDraw = False
1340.9385 	EXP 	text: text = 'Total points : 540.4'
1350.5422 	EXP 	text: text = 'Press and hold [SPACE] to report the duration of the stimulus'
1350.5422 	EXP 	text: autoDraw = True
1352.4220 	DATA 	Keypress: space
1352.4292 	EXP 	text: autoDraw = False
1353.5164 	WARNING 	Stopping key buffers but this could be dangerous ifother keyboards rely on the same.
1353.5434 	EXP 	text: text = 'You earned 5.7 out of 10 points in this round.\n\n Press [SPACE] to advance'
1353.5434 	EXP 	text: autoDraw = True
1354.6778 	DATA 	Keypress: space
1354.6850 	EXP 	text: autoDraw = False
1354.6933 	EXP 	text: text = 'Total points : 546.1'
1362.4127 	EXP 	text: text = 'Press and hold [SPACE] to report the duration of the stimulus'
1362.4127 	EXP 	text: autoDraw = True
1363.3979 	DATA 	Keypress: space
1363.4052 	EXP 	text: autoDraw = False
1364.2763 	WARNING 	Stopping key buffers but this could be dangerous ifother keyboards rely on the same.
1364.2979 	EXP 	text: text = 'You earned 9.6 out of 10 points in this round.\n\n Press [SPACE] to advance'
1364.2979 	EXP 	text: autoDraw = True
1365.2138 	DATA 	Keypress: space
1365.2209 	EXP 	text: autoDraw = False
1365.2251 	INFO 	Finishing at 14:27 on 24 Oct 2019
1365.4931 	EXP 	window1: mouseVisible = True
