10.4849 	ERROR 	Screen apparently NOT the desired resolution of 2560x1440 pixels!!
15.9388 	INFO 	Successfully set darwin thread to realtime
17.0039 	INFO 	#[ PsychoPy3 RuntimeInfoStart ]
  #[[ PsychoPy ]] #---------
    psychopyVersion: 3.2.3
    psychopyHaveExtRush: True
  #[[ Experiment ]] #---------
    experimentRunTime: 2019_10_24 15:34 (Year_Month_Day Hour:Min)
    experimentRunTime.epoch: 1571945655
    experimentScript: Experiment 3.py
    experimentScript.digestSHA1: d16f3e6adde64d59fd024ef1218b6dbe0b19bf47
    experimentScript.directory: /Users/vsg/Documents/GitHub/spatio_temporal_information_processing/Time_Subjective_Expansion/Jon_Ian_collaboration
  #[[ System ]] #---------
    systemHaveInternetAccess: True
    systemHostName: pbs-jf-imac.local
    systemLocale: C
    systemMemFreeRAM: 2621.7265625
    systemMemTotalRAM: 8192.0
    systemPlatform: darwin 10.13.6 x86_64
    systemPyoVersion: -
    systemRebooted: Oct 5 02:29
    systemSec.OpenSSLVersion: LibreSSL 2.2.7
    systemSec.pythonSSL: True
    systemTimeNumpySD1000000_sec: 0.0042
    systemUser: vsg
    systemUserID: 502
    systemUsersCount: 2
  #[[ Window ]] #---------
    windowWinType: pyglet
    windowUnits: deg
    windowSize_pix: [5120 2880]
    windowScreen: 0
    windowRgb: [255. 255. 255.]
    windowRefreshTimeSD_ms: 0.279
    windowRefreshTimeMedian_ms: 16.675
    windowRefreshTimeAvg_ms: 16.670
    windowPos_pix: [0.0, 0.0]
    windowMonitor.name: testmonitor
    windowMonitor.getWidth_cm: 52.0
    windowMonitor.getDistance_cm: 65.0
    windowMonitor.currentCalibName: 2019_09_24 14:26
    windowIsFullScr: True
  #[[ Python ]] #---------
    pythonVersion: 3.6.1
  #[[ OpenGL ]] #---------
#[ PsychoPy3 RuntimeInfoEnd ]

17.0892 	EXP 	Created text = TextStim(__class__=<class 'psychopy.visual.text.TextStim'>, alignHoriz='center', alignVert='center', antialias=True, autoLog=True, bold=False, color='black', colorSpace='named', contrast=1.0, depth=-1.0, flipHoriz=False, flipVert=False, font='Arial', fontFiles=[], height=0.35, italic=False, languageStyle='LTR', name='text', opacity=1.0, ori=0, pos=array([0., 0.]), rgb=array([0., 0., 0.]), text=str(...), units='deg', win=Window(...), wrapWidth=20)
17.0947 	EXP 	Created text = TextStim(__class__=<class 'psychopy.visual.text.TextStim'>, alignHoriz='center', alignVert='center', antialias=True, autoLog=True, bold=False, color='black', colorSpace='named', contrast=1.0, depth=-1.0, flipHoriz=False, flipVert=False, font='Arial', fontFiles=[], height=0.35, italic=False, languageStyle='LTR', name='text', opacity=1.0, ori=0, pos=array([5., 5.]), rgb=array([0., 0., 0.]), text='Total points : 0', units='deg', win=Window(...), wrapWidth=20)
17.1725 	EXP 	text: text = 'Welcome! Thank you for agreeing to participate in this study.\n\nIn this study, we want to examine your ability to perceive duration — how long something lasts.\n\nThe task is simple. In each trial, you will see a disc appear on the screen and then disappear. There will be four such disks. We want you to pay attention to how long the last disc lasts. Get a sense of its duration.\n\nThe fourth disk could be either the same / different type depending on the trial. After the fourth disc disappears it will be your turn to report its duration. Press and hold down the spacebar. \n\nTo help you judge better, we will display visual feedback while you are pressing the SPACE BAR. \n\nPress any key to continue to the next page. \n\n'
17.1725 	EXP 	text: autoDraw = True
74.2142 	DATA 	Keypress: space
74.2152 	EXP 	text: autoDraw = False
74.2831 	EXP 	text: text = "We really want you to be as accurate as you can. So a game will be played to make it more fun. We want you to hold down the space bar for as long as you saw the last disc lasted, but no longer! The closer you get to the right answer, the more points we will award you in that trial. But if you go over the actual duration you won't get any points on that trial. So you need to be as accurate as possible without going over to earn the max. Each trial will be for 10 points. There are about 100 trials. If you collect a total of 600 points by the end, we will double the credit you get for the experiment.\n\nIf you're feeling uncomfortable, you can press ESC key any time to stop the experiment.\n\nPress any key you are ready to do some practice trials.\n\n"
74.2831 	EXP 	text: autoDraw = True
120.8042 	DATA 	Keypress: space
120.8052 	EXP 	text: autoDraw = False
120.8243 	EXP 	text: autoDraw = True
128.2016 	EXP 	text: text = 'Press and hold [SPACE] to report the duration of the stimulus'
128.2016 	EXP 	text: autoDraw = True
129.6522 	DATA 	Keypress: space
129.6590 	EXP 	text: autoDraw = False
130.1548 	WARNING 	Stopping key buffers but this could be dangerous ifother keyboards rely on the same.
130.1825 	EXP 	text: text = 'You earned 6.1 out of 10 points in this round.\n\n Press [SPACE] to advance'
130.1825 	EXP 	text: autoDraw = True
133.6521 	DATA 	Keypress: space
133.6575 	EXP 	text: autoDraw = False
133.6771 	EXP 	text: text = 'Total points : 6.1'
141.5971 	EXP 	text: text = 'Press and hold [SPACE] to report the duration of the stimulus'
141.5971 	EXP 	text: autoDraw = True
142.8203 	DATA 	Keypress: space
142.8267 	EXP 	text: autoDraw = False
143.4426 	WARNING 	Stopping key buffers but this could be dangerous ifother keyboards rely on the same.
143.4700 	EXP 	text: text = 'You earned 5.2 out of 10 points in this round.\n\n Press [SPACE] to advance'
143.4700 	EXP 	text: autoDraw = True
145.7162 	DATA 	Keypress: space
145.7233 	EXP 	text: autoDraw = False
145.7324 	EXP 	text: text = 'Total points : 11.3'
154.8508 	EXP 	text: text = 'Press and hold [SPACE] to report the duration of the stimulus'
154.8508 	EXP 	text: autoDraw = True
155.7561 	DATA 	Keypress: space
155.7632 	EXP 	text: autoDraw = False
157.0346 	WARNING 	Stopping key buffers but this could be dangerous ifother keyboards rely on the same.
157.0589 	EXP 	text: text = 'You earned 9.4 out of 10 points in this round.\n\n Press [SPACE] to advance'
157.0589 	EXP 	text: autoDraw = True
158.9560 	DATA 	Keypress: space
158.9632 	EXP 	text: autoDraw = False
158.9969 	EXP 	text: text = 'Total points : 20.7'
158.9969 	EXP 	text: text = 'Total points : 0'
158.9969 	EXP 	text: text = 'Great! Now press any key to begin the experiment'
158.9969 	EXP 	text: autoDraw = True
172.7561 	DATA 	Keypress: space
172.7634 	EXP 	text: autoDraw = False
182.9772 	EXP 	text: text = 'Press and hold [SPACE] to report the duration of the stimulus'
182.9772 	EXP 	text: autoDraw = True
183.9161 	DATA 	Keypress: space
183.9230 	EXP 	text: autoDraw = False
185.1066 	WARNING 	Stopping key buffers but this could be dangerous ifother keyboards rely on the same.
185.1274 	EXP 	text: text = 'You earned 5.1 out of 10 points in this round.\n\n Press [SPACE] to advance'
185.1274 	EXP 	text: autoDraw = True
187.1402 	DATA 	Keypress: space
187.1472 	EXP 	text: autoDraw = False
187.1621 	EXP 	text: text = 'Total points : 5.1'
197.3659 	EXP 	text: text = 'Press and hold [SPACE] to report the duration of the stimulus'
197.3659 	EXP 	text: autoDraw = True
197.9962 	DATA 	Keypress: space
198.0033 	EXP 	text: autoDraw = False
199.4347 	WARNING 	Stopping key buffers but this could be dangerous ifother keyboards rely on the same.
199.4709 	EXP 	text: text = 'You earned 8.4 out of 10 points in this round.\n\n Press [SPACE] to advance'
199.4709 	EXP 	text: autoDraw = True
202.2122 	DATA 	Keypress: space
202.2195 	EXP 	text: autoDraw = False
202.2328 	EXP 	text: text = 'Total points : 13.5'
212.4377 	EXP 	text: text = 'Press and hold [SPACE] to report the duration of the stimulus'
212.4377 	EXP 	text: autoDraw = True
213.1002 	DATA 	Keypress: space
213.1074 	EXP 	text: autoDraw = False
214.3706 	WARNING 	Stopping key buffers but this could be dangerous ifother keyboards rely on the same.
214.3912 	EXP 	text: text = 'You earned 6.0 out of 10 points in this round.\n\n Press [SPACE] to advance'
214.3912 	EXP 	text: autoDraw = True
215.5721 	DATA 	Keypress: space
215.5791 	EXP 	text: autoDraw = False
215.5866 	EXP 	text: text = 'Total points : 19.5'
223.9065 	EXP 	text: text = 'Press and hold [SPACE] to report the duration of the stimulus'
223.9065 	EXP 	text: autoDraw = True
224.6602 	DATA 	Keypress: space
224.6672 	EXP 	text: autoDraw = False
225.3387 	WARNING 	Stopping key buffers but this could be dangerous ifother keyboards rely on the same.
225.3588 	EXP 	text: text = 'You earned 4.8 out of 10 points in this round.\n\n Press [SPACE] to advance'
225.3588 	EXP 	text: autoDraw = True
226.9481 	DATA 	Keypress: space
226.9538 	EXP 	text: autoDraw = False
226.9751 	EXP 	text: text = 'Total points : 24.3'
236.0951 	EXP 	text: text = 'Press and hold [SPACE] to report the duration of the stimulus'
236.0951 	EXP 	text: autoDraw = True
236.9562 	DATA 	Keypress: space
236.9634 	EXP 	text: autoDraw = False
238.4778 	WARNING 	Stopping key buffers but this could be dangerous ifother keyboards rely on the same.
238.4951 	EXP 	text: text = 'Total points : 24.3'
238.4951 	EXP 	text: text = 'Your response exceeded the actual time.\n\n Press [SPACE] to advance'
238.4951 	EXP 	text: autoDraw = True
240.0282 	DATA 	Keypress: space
240.0355 	EXP 	text: autoDraw = False
248.3816 	EXP 	text: text = 'Press and hold [SPACE] to report the duration of the stimulus'
248.3816 	EXP 	text: autoDraw = True
249.0602 	DATA 	Keypress: space
249.0673 	EXP 	text: autoDraw = False
249.6507 	WARNING 	Stopping key buffers but this could be dangerous ifother keyboards rely on the same.
249.6819 	EXP 	text: text = 'You earned 4.0 out of 10 points in this round.\n\n Press [SPACE] to advance'
249.6819 	EXP 	text: autoDraw = True
250.8121 	DATA 	Keypress: space
250.8193 	EXP 	text: autoDraw = False
250.8333 	EXP 	text: text = 'Total points : 28.3'
258.5522 	EXP 	text: text = 'Press and hold [SPACE] to report the duration of the stimulus'
258.5522 	EXP 	text: autoDraw = True
259.3562 	DATA 	Keypress: space
259.3634 	EXP 	text: autoDraw = False
259.4507 	WARNING 	Stopping key buffers but this could be dangerous ifother keyboards rely on the same.
259.4683 	EXP 	text: text = 'You earned 2.0 out of 10 points in this round.\n\n Press [SPACE] to advance'
259.4683 	EXP 	text: autoDraw = True
261.6360 	DATA 	Keypress: space
261.6432 	EXP 	text: autoDraw = False
261.6921 	EXP 	text: text = 'Total points : 30.3'
271.6063 	EXP 	text: text = 'Press and hold [SPACE] to report the duration of the stimulus'
271.6063 	EXP 	text: autoDraw = True
272.1883 	DATA 	Keypress: space
272.1955 	EXP 	text: autoDraw = False
273.0346 	WARNING 	Stopping key buffers but this could be dangerous ifother keyboards rely on the same.
273.0571 	EXP 	text: text = 'You earned 3.0 out of 10 points in this round.\n\n Press [SPACE] to advance'
273.0571 	EXP 	text: autoDraw = True
274.4041 	DATA 	Keypress: space
274.4111 	EXP 	text: autoDraw = False
274.4221 	EXP 	text: text = 'Total points : 33.3'
282.7426 	EXP 	text: text = 'Press and hold [SPACE] to report the duration of the stimulus'
282.7426 	EXP 	text: autoDraw = True
283.6601 	DATA 	Keypress: space
283.6673 	EXP 	text: autoDraw = False
284.0266 	WARNING 	Stopping key buffers but this could be dangerous ifother keyboards rely on the same.
284.0454 	EXP 	text: text = 'You earned 2.6 out of 10 points in this round.\n\n Press [SPACE] to advance'
284.0454 	EXP 	text: autoDraw = True
285.3641 	DATA 	Keypress: space
285.3711 	EXP 	text: autoDraw = False
285.3931 	EXP 	text: text = 'Total points : 35.9'
293.1123 	EXP 	text: text = 'Press and hold [SPACE] to report the duration of the stimulus'
293.1123 	EXP 	text: autoDraw = True
293.8043 	DATA 	Keypress: space
293.8115 	EXP 	text: autoDraw = False
294.5867 	WARNING 	Stopping key buffers but this could be dangerous ifother keyboards rely on the same.
294.6132 	EXP 	text: text = 'You earned 7.9 out of 10 points in this round.\n\n Press [SPACE] to advance'
294.6132 	EXP 	text: autoDraw = True
296.5721 	DATA 	Keypress: space
296.5789 	EXP 	text: autoDraw = False
296.5978 	EXP 	text: text = 'Total points : 43.8'
304.5997 	EXP 	text: text = 'Press and hold [SPACE] to report the duration of the stimulus'
304.5997 	EXP 	text: autoDraw = True
305.2361 	DATA 	Keypress: space
305.2432 	EXP 	text: autoDraw = False
305.5866 	WARNING 	Stopping key buffers but this could be dangerous ifother keyboards rely on the same.
305.6054 	EXP 	text: text = 'You earned 2.9 out of 10 points in this round.\n\n Press [SPACE] to advance'
305.6054 	EXP 	text: autoDraw = True
306.6760 	DATA 	Keypress: space
306.6830 	EXP 	text: autoDraw = False
306.7013 	EXP 	text: text = 'Total points : 46.7'
314.1024 	EXP 	text: text = 'Press and hold [SPACE] to report the duration of the stimulus'
314.1024 	EXP 	text: autoDraw = True
315.5401 	DATA 	Keypress: space
315.5473 	EXP 	text: autoDraw = False
315.9467 	WARNING 	Stopping key buffers but this could be dangerous ifother keyboards rely on the same.
315.9713 	EXP 	text: text = 'You earned 4.3 out of 10 points in this round.\n\n Press [SPACE] to advance'
315.9713 	EXP 	text: autoDraw = True
317.5562 	DATA 	Keypress: space
317.5633 	EXP 	text: autoDraw = False
317.5695 	EXP 	text: text = 'Total points : 51.0'
325.8910 	EXP 	text: text = 'Press and hold [SPACE] to report the duration of the stimulus'
325.8910 	EXP 	text: autoDraw = True
327.1401 	DATA 	Keypress: space
327.1472 	EXP 	text: autoDraw = False
328.2399 	WARNING 	Stopping key buffers but this could be dangerous ifother keyboards rely on the same.
328.2580 	EXP 	text: text = 'Total points : 51.0'
328.2580 	EXP 	text: text = 'Your response exceeded the actual time.\n\n Press [SPACE] to advance'
328.2580 	EXP 	text: autoDraw = True
329.2521 	DATA 	Keypress: space
329.2591 	EXP 	text: autoDraw = False
337.0114 	EXP 	text: text = 'Press and hold [SPACE] to report the duration of the stimulus'
337.0114 	EXP 	text: autoDraw = True
337.8202 	DATA 	Keypress: space
337.8272 	EXP 	text: autoDraw = False
338.1708 	WARNING 	Stopping key buffers but this could be dangerous ifother keyboards rely on the same.
338.1946 	EXP 	text: text = 'You earned 3.3 out of 10 points in this round.\n\n Press [SPACE] to advance'
338.1946 	EXP 	text: autoDraw = True
339.5962 	DATA 	Keypress: space
339.6036 	EXP 	text: autoDraw = False
339.6105 	EXP 	text: text = 'Total points : 54.3'
347.0140 	EXP 	text: text = 'Press and hold [SPACE] to report the duration of the stimulus'
347.0140 	EXP 	text: autoDraw = True
347.6441 	DATA 	Keypress: space
347.6514 	EXP 	text: autoDraw = False
347.9866 	WARNING 	Stopping key buffers but this could be dangerous ifother keyboards rely on the same.
348.0134 	EXP 	text: text = 'You earned 3.8 out of 10 points in this round.\n\n Press [SPACE] to advance'
348.0134 	EXP 	text: autoDraw = True
349.2601 	DATA 	Keypress: space
349.2673 	EXP 	text: autoDraw = False
349.2800 	EXP 	text: text = 'Total points : 58.1'
356.6845 	EXP 	text: text = 'Press and hold [SPACE] to report the duration of the stimulus'
356.6845 	EXP 	text: autoDraw = True
357.4922 	DATA 	Keypress: space
357.4991 	EXP 	text: autoDraw = False
357.7626 	WARNING 	Stopping key buffers but this could be dangerous ifother keyboards rely on the same.
357.7846 	EXP 	text: text = 'You earned 3.3 out of 10 points in this round.\n\n Press [SPACE] to advance'
357.7846 	EXP 	text: autoDraw = True
358.7482 	DATA 	Keypress: space
358.7553 	EXP 	text: autoDraw = False
358.7665 	EXP 	text: text = 'Total points : 61.4'
367.0879 	EXP 	text: text = 'Press and hold [SPACE] to report the duration of the stimulus'
367.0879 	EXP 	text: autoDraw = True
367.8682 	DATA 	Keypress: space
367.8752 	EXP 	text: autoDraw = False
368.4106 	WARNING 	Stopping key buffers but this could be dangerous ifother keyboards rely on the same.
368.4372 	EXP 	text: text = 'You earned 3.6 out of 10 points in this round.\n\n Press [SPACE] to advance'
368.4372 	EXP 	text: autoDraw = True
369.4682 	DATA 	Keypress: space
369.4752 	EXP 	text: autoDraw = False
369.4863 	EXP 	text: text = 'Total points : 65.0'
376.6076 	EXP 	text: text = 'Press and hold [SPACE] to report the duration of the stimulus'
376.6076 	EXP 	text: autoDraw = True
377.3641 	DATA 	Keypress: space
377.3697 	EXP 	text: autoDraw = False
377.6907 	WARNING 	Stopping key buffers but this could be dangerous ifother keyboards rely on the same.
377.7094 	EXP 	text: text = 'You earned 4.3 out of 10 points in this round.\n\n Press [SPACE] to advance'
377.7094 	EXP 	text: autoDraw = True
378.6601 	DATA 	Keypress: space
378.6672 	EXP 	text: autoDraw = False
378.6735 	EXP 	text: text = 'Total points : 69.3'
385.7939 	EXP 	text: text = 'Press and hold [SPACE] to report the duration of the stimulus'
385.7939 	EXP 	text: autoDraw = True
386.5323 	DATA 	Keypress: space
386.5390 	EXP 	text: autoDraw = False
387.1466 	WARNING 	Stopping key buffers but this could be dangerous ifother keyboards rely on the same.
387.1772 	EXP 	text: text = 'You earned 7.6 out of 10 points in this round.\n\n Press [SPACE] to advance'
387.1772 	EXP 	text: autoDraw = True
389.0681 	DATA 	Keypress: space
389.0734 	EXP 	text: autoDraw = False
389.0930 	EXP 	text: text = 'Total points : 76.9'
397.0970 	EXP 	text: text = 'Press and hold [SPACE] to report the duration of the stimulus'
397.0970 	EXP 	text: autoDraw = True
397.7561 	DATA 	Keypress: space
397.7631 	EXP 	text: autoDraw = False
398.2748 	WARNING 	Stopping key buffers but this could be dangerous ifother keyboards rely on the same.
398.2971 	EXP 	text: text = 'You earned 4.0 out of 10 points in this round.\n\n Press [SPACE] to advance'
398.2971 	EXP 	text: autoDraw = True
399.1882 	DATA 	Keypress: space
399.1951 	EXP 	text: autoDraw = False
399.2128 	EXP 	text: text = 'Total points : 80.9'
409.1334 	EXP 	text: text = 'Press and hold [SPACE] to report the duration of the stimulus'
409.1334 	EXP 	text: autoDraw = True
409.8121 	DATA 	Keypress: space
409.8192 	EXP 	text: autoDraw = False
410.5146 	WARNING 	Stopping key buffers but this could be dangerous ifother keyboards rely on the same.
410.5351 	EXP 	text: text = 'You earned 2.2 out of 10 points in this round.\n\n Press [SPACE] to advance'
410.5351 	EXP 	text: autoDraw = True
411.9162 	DATA 	Keypress: space
411.9233 	EXP 	text: autoDraw = False
411.9343 	EXP 	text: text = 'Total points : 83.1'
421.0552 	EXP 	text: text = 'Press and hold [SPACE] to report the duration of the stimulus'
421.0552 	EXP 	text: autoDraw = True
421.9802 	DATA 	Keypress: space
421.9871 	EXP 	text: autoDraw = False
422.5708 	WARNING 	Stopping key buffers but this could be dangerous ifother keyboards rely on the same.
422.5915 	EXP 	text: text = 'You earned 2.7 out of 10 points in this round.\n\n Press [SPACE] to advance'
422.5915 	EXP 	text: autoDraw = True
423.6122 	DATA 	Keypress: space
423.6177 	EXP 	text: autoDraw = False
423.6387 	EXP 	text: text = 'Total points : 85.8'
431.3586 	EXP 	text: text = 'Press and hold [SPACE] to report the duration of the stimulus'
431.3586 	EXP 	text: autoDraw = True
432.0441 	DATA 	Keypress: space
432.0514 	EXP 	text: autoDraw = False
432.3387 	WARNING 	Stopping key buffers but this could be dangerous ifother keyboards rely on the same.
432.3585 	EXP 	text: text = 'You earned 3.0 out of 10 points in this round.\n\n Press [SPACE] to advance'
432.3585 	EXP 	text: autoDraw = True
433.2121 	DATA 	Keypress: space
433.2191 	EXP 	text: autoDraw = False
433.2421 	EXP 	text: text = 'Total points : 88.8'
440.6441 	EXP 	text: text = 'Press and hold [SPACE] to report the duration of the stimulus'
440.6441 	EXP 	text: autoDraw = True
441.3001 	DATA 	Keypress: space
441.3068 	EXP 	text: autoDraw = False
441.6026 	WARNING 	Stopping key buffers but this could be dangerous ifother keyboards rely on the same.
441.6284 	EXP 	text: text = 'You earned 3.5 out of 10 points in this round.\n\n Press [SPACE] to advance'
441.6284 	EXP 	text: autoDraw = True
442.5240 	DATA 	Keypress: space
442.5310 	EXP 	text: autoDraw = False
442.5441 	EXP 	text: text = 'Total points : 92.3'
450.2629 	EXP 	text: text = 'Press and hold [SPACE] to report the duration of the stimulus'
450.2629 	EXP 	text: autoDraw = True
451.2602 	DATA 	Keypress: space
451.2673 	EXP 	text: autoDraw = False
451.5226 	WARNING 	Stopping key buffers but this could be dangerous ifother keyboards rely on the same.
451.5481 	EXP 	text: text = 'You earned 2.8 out of 10 points in this round.\n\n Press [SPACE] to advance'
451.5481 	EXP 	text: autoDraw = True
452.3800 	DATA 	Keypress: space
452.3871 	EXP 	text: autoDraw = False
452.3977 	EXP 	text: text = 'Total points : 95.1'
461.5183 	EXP 	text: text = 'Press and hold [SPACE] to report the duration of the stimulus'
461.5183 	EXP 	text: autoDraw = True
462.6201 	DATA 	Keypress: space
462.6274 	EXP 	text: autoDraw = False
463.2746 	WARNING 	Stopping key buffers but this could be dangerous ifother keyboards rely on the same.
463.3014 	EXP 	text: text = 'You earned 3.0 out of 10 points in this round.\n\n Press [SPACE] to advance'
463.3014 	EXP 	text: autoDraw = True
464.7642 	DATA 	Keypress: space
464.7712 	EXP 	text: autoDraw = False
464.7843 	EXP 	text: text = 'Total points : 98.1'
472.5051 	EXP 	text: text = 'Press and hold [SPACE] to report the duration of the stimulus'
472.5051 	EXP 	text: autoDraw = True
473.4041 	DATA 	Keypress: space
473.4113 	EXP 	text: autoDraw = False
473.7866 	WARNING 	Stopping key buffers but this could be dangerous ifother keyboards rely on the same.
473.8052 	EXP 	text: text = 'You earned 3.6 out of 10 points in this round.\n\n Press [SPACE] to advance'
473.8052 	EXP 	text: autoDraw = True
474.6361 	DATA 	Keypress: space
474.6433 	EXP 	text: autoDraw = False
474.6544 	EXP 	text: text = 'Total points : 101.7'
484.2577 	EXP 	text: text = 'Press and hold [SPACE] to report the duration of the stimulus'
484.2577 	EXP 	text: autoDraw = True
485.1641 	DATA 	Keypress: space
485.1707 	EXP 	text: autoDraw = False
485.6107 	WARNING 	Stopping key buffers but this could be dangerous ifother keyboards rely on the same.
485.6293 	EXP 	text: text = 'You earned 1.6 out of 10 points in this round.\n\n Press [SPACE] to advance'
485.6293 	EXP 	text: autoDraw = True
486.5001 	DATA 	Keypress: space
486.5070 	EXP 	text: autoDraw = False
486.5261 	EXP 	text: text = 'Total points : 103.3'
494.2442 	EXP 	text: text = 'Press and hold [SPACE] to report the duration of the stimulus'
494.2442 	EXP 	text: autoDraw = True
495.1400 	DATA 	Keypress: space
495.1472 	EXP 	text: autoDraw = False
495.5706 	WARNING 	Stopping key buffers but this could be dangerous ifother keyboards rely on the same.
495.5945 	EXP 	text: text = 'You earned 3.9 out of 10 points in this round.\n\n Press [SPACE] to advance'
495.5945 	EXP 	text: autoDraw = True
496.4761 	DATA 	Keypress: space
496.4833 	EXP 	text: autoDraw = False
496.4959 	EXP 	text: text = 'Total points : 107.2'
506.6997 	EXP 	text: text = 'Press and hold [SPACE] to report the duration of the stimulus'
506.6997 	EXP 	text: autoDraw = True
507.4042 	DATA 	Keypress: space
507.4112 	EXP 	text: autoDraw = False
508.6107 	WARNING 	Stopping key buffers but this could be dangerous ifother keyboards rely on the same.
508.6321 	EXP 	text: text = 'You earned 5.3 out of 10 points in this round.\n\n Press [SPACE] to advance'
508.6321 	EXP 	text: autoDraw = True
510.2040 	DATA 	Keypress: space
510.2112 	EXP 	text: autoDraw = False
510.2325 	EXP 	text: text = 'Total points : 112.5'
517.9522 	EXP 	text: text = 'Press and hold [SPACE] to report the duration of the stimulus'
517.9522 	EXP 	text: autoDraw = True
518.7242 	DATA 	Keypress: space
518.7314 	EXP 	text: autoDraw = False
519.4026 	WARNING 	Stopping key buffers but this could be dangerous ifother keyboards rely on the same.
519.4226 	EXP 	text: text = 'You earned 6.4 out of 10 points in this round.\n\n Press [SPACE] to advance'
519.4226 	EXP 	text: autoDraw = True
520.3000 	DATA 	Keypress: space
520.3071 	EXP 	text: autoDraw = False
520.3194 	EXP 	text: text = 'Total points : 118.9'
529.9229 	EXP 	text: text = 'Press and hold [SPACE] to report the duration of the stimulus'
529.9229 	EXP 	text: autoDraw = True
530.6841 	DATA 	Keypress: space
530.6914 	EXP 	text: autoDraw = False
531.4907 	WARNING 	Stopping key buffers but this could be dangerous ifother keyboards rely on the same.
531.5109 	EXP 	text: text = 'You earned 3.2 out of 10 points in this round.\n\n Press [SPACE] to advance'
531.5109 	EXP 	text: autoDraw = True
532.2362 	DATA 	Keypress: space
532.2432 	EXP 	text: autoDraw = False
532.2567 	EXP 	text: text = 'Total points : 122.1'
541.8609 	EXP 	text: text = 'Press and hold [SPACE] to report the duration of the stimulus'
541.8609 	EXP 	text: autoDraw = True
542.5561 	DATA 	Keypress: space
542.5632 	EXP 	text: autoDraw = False
543.7065 	WARNING 	Stopping key buffers but this could be dangerous ifother keyboards rely on the same.
543.7270 	EXP 	text: text = 'You earned 6.4 out of 10 points in this round.\n\n Press [SPACE] to advance'
543.7270 	EXP 	text: autoDraw = True
544.7241 	DATA 	Keypress: space
544.7313 	EXP 	text: autoDraw = False
544.7442 	EXP 	text: text = 'Total points : 128.5'
552.7474 	EXP 	text: text = 'Press and hold [SPACE] to report the duration of the stimulus'
552.7474 	EXP 	text: autoDraw = True
553.3561 	DATA 	Keypress: space
553.3631 	EXP 	text: autoDraw = False
554.0667 	WARNING 	Stopping key buffers but this could be dangerous ifother keyboards rely on the same.
554.0975 	EXP 	text: text = 'You earned 5.9 out of 10 points in this round.\n\n Press [SPACE] to advance'
554.0975 	EXP 	text: autoDraw = True
554.8440 	DATA 	Keypress: space
554.8510 	EXP 	text: autoDraw = False
554.8633 	EXP 	text: text = 'Total points : 134.4'
563.9838 	EXP 	text: text = 'Press and hold [SPACE] to report the duration of the stimulus'
563.9838 	EXP 	text: autoDraw = True
564.6361 	DATA 	Keypress: space
564.6434 	EXP 	text: autoDraw = False
565.7467 	WARNING 	Stopping key buffers but this could be dangerous ifother keyboards rely on the same.
565.7682 	EXP 	text: text = 'You earned 7.6 out of 10 points in this round.\n\n Press [SPACE] to advance'
565.7682 	EXP 	text: autoDraw = True
567.1721 	DATA 	Keypress: space
567.1792 	EXP 	text: autoDraw = False
567.1856 	EXP 	text: text = 'Total points : 142.0'
575.5036 	EXP 	text: text = 'Press and hold [SPACE] to report the duration of the stimulus'
575.5036 	EXP 	text: autoDraw = True
576.1881 	DATA 	Keypress: space
576.1953 	EXP 	text: autoDraw = False
576.6908 	WARNING 	Stopping key buffers but this could be dangerous ifother keyboards rely on the same.
576.7225 	EXP 	text: text = 'You earned 3.4 out of 10 points in this round.\n\n Press [SPACE] to advance'
576.7225 	EXP 	text: autoDraw = True
577.4121 	DATA 	Keypress: space
577.4177 	EXP 	text: autoDraw = False
577.4385 	EXP 	text: text = 'Total points : 145.4'
584.5570 	EXP 	text: text = 'Press and hold [SPACE] to report the duration of the stimulus'
584.5570 	EXP 	text: autoDraw = True
585.1722 	DATA 	Keypress: space
585.1793 	EXP 	text: autoDraw = False
585.5227 	WARNING 	Stopping key buffers but this could be dangerous ifother keyboards rely on the same.
585.5414 	EXP 	text: text = 'You earned 4.5 out of 10 points in this round.\n\n Press [SPACE] to advance'
585.5414 	EXP 	text: autoDraw = True
586.3005 	DATA 	Keypress: space
586.3074 	EXP 	text: autoDraw = False
586.3249 	EXP 	text: text = 'Total points : 149.9'
594.3267 	EXP 	text: text = 'Press and hold [SPACE] to report the duration of the stimulus'
594.3267 	EXP 	text: autoDraw = True
595.0441 	DATA 	Keypress: space
595.0513 	EXP 	text: autoDraw = False
595.3867 	WARNING 	Stopping key buffers but this could be dangerous ifother keyboards rely on the same.
595.4106 	EXP 	text: text = 'You earned 2.8 out of 10 points in this round.\n\n Press [SPACE] to advance'
595.4106 	EXP 	text: autoDraw = True
596.0921 	DATA 	Keypress: space
596.0993 	EXP 	text: autoDraw = False
596.1113 	EXP 	text: text = 'Total points : 152.7'
604.1132 	EXP 	text: text = 'Press and hold [SPACE] to report the duration of the stimulus'
604.1132 	EXP 	text: autoDraw = True
604.6842 	DATA 	Keypress: space
604.6913 	EXP 	text: autoDraw = False
605.0826 	WARNING 	Stopping key buffers but this could be dangerous ifother keyboards rely on the same.
605.1015 	EXP 	text: text = 'You earned 3.2 out of 10 points in this round.\n\n Press [SPACE] to advance'
605.1015 	EXP 	text: autoDraw = True
605.8921 	DATA 	Keypress: space
605.8991 	EXP 	text: autoDraw = False
605.9148 	EXP 	text: text = 'Total points : 155.9'
615.8348 	EXP 	text: text = 'Press and hold [SPACE] to report the duration of the stimulus'
615.8348 	EXP 	text: autoDraw = True
616.4521 	DATA 	Keypress: space
616.4593 	EXP 	text: autoDraw = False
617.4187 	WARNING 	Stopping key buffers but this could be dangerous ifother keyboards rely on the same.
617.4387 	EXP 	text: text = 'You earned 3.8 out of 10 points in this round.\n\n Press [SPACE] to advance'
617.4387 	EXP 	text: autoDraw = True
618.3561 	DATA 	Keypress: space
618.3631 	EXP 	text: autoDraw = False
618.3844 	EXP 	text: text = 'Total points : 159.7'
627.9892 	EXP 	text: text = 'Press and hold [SPACE] to report the duration of the stimulus'
627.9892 	EXP 	text: autoDraw = True
628.7481 	DATA 	Keypress: space
628.7549 	EXP 	text: autoDraw = False
630.0267 	WARNING 	Stopping key buffers but this could be dangerous ifother keyboards rely on the same.
630.0555 	EXP 	text: text = 'You earned 8.3 out of 10 points in this round.\n\n Press [SPACE] to advance'
630.0555 	EXP 	text: autoDraw = True
631.1160 	DATA 	Keypress: space
631.1228 	EXP 	text: autoDraw = False
631.1394 	EXP 	text: text = 'Total points : 168.0'
638.2578 	EXP 	text: text = 'Press and hold [SPACE] to report the duration of the stimulus'
638.2578 	EXP 	text: autoDraw = True
639.0523 	DATA 	Keypress: space
639.0595 	EXP 	text: autoDraw = False
640.1078 	WARNING 	Stopping key buffers but this could be dangerous ifother keyboards rely on the same.
640.1250 	EXP 	text: text = 'Total points : 168.0'
640.1250 	EXP 	text: text = 'Your response exceeded the actual time.\n\n Press [SPACE] to advance'
640.1250 	EXP 	text: autoDraw = True
640.8361 	DATA 	Keypress: space
640.8431 	EXP 	text: autoDraw = False
650.4778 	EXP 	text: text = 'Press and hold [SPACE] to report the duration of the stimulus'
650.4778 	EXP 	text: autoDraw = True
651.1243 	DATA 	Keypress: space
651.1313 	EXP 	text: autoDraw = False
652.3227 	WARNING 	Stopping key buffers but this could be dangerous ifother keyboards rely on the same.
652.3459 	EXP 	text: text = 'You earned 7.0 out of 10 points in this round.\n\n Press [SPACE] to advance'
652.3459 	EXP 	text: autoDraw = True
653.1081 	DATA 	Keypress: space
653.1152 	EXP 	text: autoDraw = False
653.1295 	EXP 	text: text = 'Total points : 175.0'
663.3324 	EXP 	text: text = 'Press and hold [SPACE] to report the duration of the stimulus'
663.3324 	EXP 	text: autoDraw = True
663.9162 	DATA 	Keypress: space
663.9234 	EXP 	text: autoDraw = False
664.9147 	WARNING 	Stopping key buffers but this could be dangerous ifother keyboards rely on the same.
664.9351 	EXP 	text: text = 'You earned 3.5 out of 10 points in this round.\n\n Press [SPACE] to advance'
664.9351 	EXP 	text: autoDraw = True
665.9481 	DATA 	Keypress: space
665.9553 	EXP 	text: autoDraw = False
665.9677 	EXP 	text: text = 'Total points : 178.5'
675.0867 	EXP 	text: text = 'Press and hold [SPACE] to report the duration of the stimulus'
675.0867 	EXP 	text: autoDraw = True
675.6841 	DATA 	Keypress: space
675.6913 	EXP 	text: autoDraw = False
676.3786 	WARNING 	Stopping key buffers but this could be dangerous ifother keyboards rely on the same.
676.4041 	EXP 	text: text = 'You earned 3.3 out of 10 points in this round.\n\n Press [SPACE] to advance'
676.4041 	EXP 	text: autoDraw = True
677.0760 	DATA 	Keypress: space
677.0829 	EXP 	text: autoDraw = False
677.1046 	EXP 	text: text = 'Total points : 181.8'
686.7987 	DATA 	Keypress: space
687.0246 	EXP 	text: text = 'Press and hold [SPACE] to report the duration of the stimulus'
687.0246 	EXP 	text: autoDraw = True
689.2121 	DATA 	Keypress: space
689.2192 	EXP 	text: autoDraw = False
690.1306 	WARNING 	Stopping key buffers but this could be dangerous ifother keyboards rely on the same.
690.1578 	EXP 	text: text = 'You earned 3.5 out of 10 points in this round.\n\n Press [SPACE] to advance'
690.1578 	EXP 	text: autoDraw = True
690.9002 	DATA 	Keypress: space
690.9070 	EXP 	text: autoDraw = False
690.9262 	EXP 	text: text = 'Total points : 185.3'
699.2442 	EXP 	text: text = 'Press and hold [SPACE] to report the duration of the stimulus'
699.2442 	EXP 	text: autoDraw = True
699.8922 	DATA 	Keypress: space
699.8993 	EXP 	text: autoDraw = False
700.6266 	WARNING 	Stopping key buffers but this could be dangerous ifother keyboards rely on the same.
700.6469 	EXP 	text: text = 'You earned 5.3 out of 10 points in this round.\n\n Press [SPACE] to advance'
700.6469 	EXP 	text: autoDraw = True
701.5000 	DATA 	Keypress: space
701.5073 	EXP 	text: autoDraw = False
701.5290 	EXP 	text: text = 'Total points : 190.6'
708.9317 	EXP 	text: text = 'Press and hold [SPACE] to report the duration of the stimulus'
708.9317 	EXP 	text: autoDraw = True
710.8362 	DATA 	Keypress: space
710.8433 	EXP 	text: autoDraw = False
711.3067 	WARNING 	Stopping key buffers but this could be dangerous ifother keyboards rely on the same.
711.3320 	EXP 	text: text = 'You earned 4.9 out of 10 points in this round.\n\n Press [SPACE] to advance'
711.3320 	EXP 	text: autoDraw = True
712.1322 	DATA 	Keypress: space
712.1392 	EXP 	text: autoDraw = False
712.1484 	EXP 	text: text = 'Total points : 195.5'
722.3527 	EXP 	text: text = 'Press and hold [SPACE] to report the duration of the stimulus'
722.3527 	EXP 	text: autoDraw = True
723.1002 	DATA 	Keypress: space
723.1073 	EXP 	text: autoDraw = False
724.0267 	WARNING 	Stopping key buffers but this could be dangerous ifother keyboards rely on the same.
724.0526 	EXP 	text: text = 'You earned 3.0 out of 10 points in this round.\n\n Press [SPACE] to advance'
724.0526 	EXP 	text: autoDraw = True
725.4760 	DATA 	Keypress: space
725.4824 	EXP 	text: autoDraw = False
725.5022 	EXP 	text: text = 'Total points : 198.5'
732.6230 	EXP 	text: text = 'Press and hold [SPACE] to report the duration of the stimulus'
732.6230 	EXP 	text: autoDraw = True
733.3882 	DATA 	Keypress: space
733.3952 	EXP 	text: autoDraw = False
733.9627 	WARNING 	Stopping key buffers but this could be dangerous ifother keyboards rely on the same.
733.9892 	EXP 	text: text = 'You earned 7.1 out of 10 points in this round.\n\n Press [SPACE] to advance'
733.9892 	EXP 	text: autoDraw = True
734.6442 	DATA 	Keypress: space
734.6515 	EXP 	text: autoDraw = False
734.6719 	EXP 	text: text = 'Total points : 205.6'
742.0760 	EXP 	text: text = 'Press and hold [SPACE] to report the duration of the stimulus'
742.0760 	EXP 	text: autoDraw = True
742.6444 	DATA 	Keypress: space
742.6516 	EXP 	text: autoDraw = False
743.5584 	WARNING 	Stopping key buffers but this could be dangerous ifother keyboards rely on the same.
743.5756 	EXP 	text: text = 'Total points : 205.6'
743.5756 	EXP 	text: text = 'Your response exceeded the actual time.\n\n Press [SPACE] to advance'
743.5756 	EXP 	text: autoDraw = True
744.4681 	DATA 	Keypress: space
744.4748 	EXP 	text: autoDraw = False
753.1121 	EXP 	text: text = 'Press and hold [SPACE] to report the duration of the stimulus'
753.1121 	EXP 	text: autoDraw = True
753.8441 	DATA 	Keypress: space
753.8512 	EXP 	text: autoDraw = False
754.4267 	WARNING 	Stopping key buffers but this could be dangerous ifother keyboards rely on the same.
754.4469 	EXP 	text: text = 'You earned 3.4 out of 10 points in this round.\n\n Press [SPACE] to advance'
754.4469 	EXP 	text: autoDraw = True
755.0681 	DATA 	Keypress: space
755.0750 	EXP 	text: autoDraw = False
755.0952 	EXP 	text: text = 'Total points : 209.0'
765.0158 	EXP 	text: text = 'Press and hold [SPACE] to report the duration of the stimulus'
765.0158 	EXP 	text: autoDraw = True
765.7642 	DATA 	Keypress: space
765.7714 	EXP 	text: autoDraw = False
766.5226 	WARNING 	Stopping key buffers but this could be dangerous ifother keyboards rely on the same.
766.5509 	EXP 	text: text = 'You earned 2.5 out of 10 points in this round.\n\n Press [SPACE] to advance'
766.5509 	EXP 	text: autoDraw = True
767.3002 	DATA 	Keypress: space
767.3073 	EXP 	text: autoDraw = False
767.3157 	EXP 	text: text = 'Total points : 211.5'
777.2374 	EXP 	text: text = 'Press and hold [SPACE] to report the duration of the stimulus'
777.2374 	EXP 	text: autoDraw = True
777.7802 	DATA 	Keypress: space
777.7870 	EXP 	text: autoDraw = False
778.6266 	WARNING 	Stopping key buffers but this could be dangerous ifother keyboards rely on the same.
778.6537 	EXP 	text: text = 'You earned 3.0 out of 10 points in this round.\n\n Press [SPACE] to advance'
778.6537 	EXP 	text: autoDraw = True
779.3001 	DATA 	Keypress: space
779.3072 	EXP 	text: autoDraw = False
779.3201 	EXP 	text: text = 'Total points : 214.5'
787.0400 	EXP 	text: text = 'Press and hold [SPACE] to report the duration of the stimulus'
787.0400 	EXP 	text: autoDraw = True
787.6921 	DATA 	Keypress: space
787.6992 	EXP 	text: autoDraw = False
788.2746 	WARNING 	Stopping key buffers but this could be dangerous ifother keyboards rely on the same.
788.2946 	EXP 	text: text = 'You earned 5.3 out of 10 points in this round.\n\n Press [SPACE] to advance'
788.2946 	EXP 	text: autoDraw = True
788.9081 	DATA 	Keypress: space
788.9151 	EXP 	text: autoDraw = False
788.9224 	EXP 	text: text = 'Total points : 219.8'
799.1267 	EXP 	text: text = 'Press and hold [SPACE] to report the duration of the stimulus'
799.1267 	EXP 	text: autoDraw = True
799.8683 	DATA 	Keypress: space
799.8732 	EXP 	text: autoDraw = False
800.6107 	WARNING 	Stopping key buffers but this could be dangerous ifother keyboards rely on the same.
800.6308 	EXP 	text: text = 'You earned 2.1 out of 10 points in this round.\n\n Press [SPACE] to advance'
800.6308 	EXP 	text: autoDraw = True
801.3961 	DATA 	Keypress: space
801.4032 	EXP 	text: autoDraw = False
801.4105 	EXP 	text: text = 'Total points : 221.9'
811.6153 	EXP 	text: text = 'Press and hold [SPACE] to report the duration of the stimulus'
811.6153 	EXP 	text: autoDraw = True
812.2603 	DATA 	Keypress: space
812.2674 	EXP 	text: autoDraw = False
813.1787 	WARNING 	Stopping key buffers but this could be dangerous ifother keyboards rely on the same.
813.1994 	EXP 	text: text = 'You earned 3.0 out of 10 points in this round.\n\n Press [SPACE] to advance'
813.1994 	EXP 	text: autoDraw = True
813.9081 	DATA 	Keypress: space
813.9149 	EXP 	text: autoDraw = False
813.9311 	EXP 	text: text = 'Total points : 224.9'
822.5352 	EXP 	text: text = 'Press and hold [SPACE] to report the duration of the stimulus'
822.5352 	EXP 	text: autoDraw = True
823.2920 	DATA 	Keypress: space
823.2974 	EXP 	text: autoDraw = False
824.0665 	WARNING 	Stopping key buffers but this could be dangerous ifother keyboards rely on the same.
824.0866 	EXP 	text: text = 'You earned 5.0 out of 10 points in this round.\n\n Press [SPACE] to advance'
824.0866 	EXP 	text: autoDraw = True
824.8201 	DATA 	Keypress: space
824.8272 	EXP 	text: autoDraw = False
824.8345 	EXP 	text: text = 'Total points : 229.9'
832.2385 	EXP 	text: text = 'Press and hold [SPACE] to report the duration of the stimulus'
832.2385 	EXP 	text: autoDraw = True
832.8282 	DATA 	Keypress: space
832.8338 	EXP 	text: autoDraw = False
833.8710 	WARNING 	Stopping key buffers but this could be dangerous ifother keyboards rely on the same.
833.8878 	EXP 	text: text = 'Total points : 229.9'
833.8878 	EXP 	text: text = 'Your response exceeded the actual time.\n\n Press [SPACE] to advance'
833.8878 	EXP 	text: autoDraw = True
834.5321 	DATA 	Keypress: space
834.5391 	EXP 	text: autoDraw = False
843.1742 	EXP 	text: text = 'Press and hold [SPACE] to report the duration of the stimulus'
843.1742 	EXP 	text: autoDraw = True
843.8202 	DATA 	Keypress: space
843.8273 	EXP 	text: autoDraw = False
844.4267 	WARNING 	Stopping key buffers but this could be dangerous ifother keyboards rely on the same.
844.4472 	EXP 	text: text = 'You earned 3.6 out of 10 points in this round.\n\n Press [SPACE] to advance'
844.4472 	EXP 	text: autoDraw = True
845.0201 	DATA 	Keypress: space
845.0272 	EXP 	text: autoDraw = False
845.0410 	EXP 	text: text = 'Total points : 233.5'
855.2448 	EXP 	text: text = 'Press and hold [SPACE] to report the duration of the stimulus'
855.2448 	EXP 	text: autoDraw = True
856.5241 	DATA 	Keypress: space
856.5313 	EXP 	text: autoDraw = False
857.5868 	WARNING 	Stopping key buffers but this could be dangerous ifother keyboards rely on the same.
857.6130 	EXP 	text: text = 'You earned 4.0 out of 10 points in this round.\n\n Press [SPACE] to advance'
857.6130 	EXP 	text: autoDraw = True
858.3401 	DATA 	Keypress: space
858.3470 	EXP 	text: autoDraw = False
858.3618 	EXP 	text: text = 'Total points : 237.5'
866.3665 	EXP 	text: text = 'Press and hold [SPACE] to report the duration of the stimulus'
866.3665 	EXP 	text: autoDraw = True
867.2442 	DATA 	Keypress: space
867.2513 	EXP 	text: autoDraw = False
867.7947 	WARNING 	Stopping key buffers but this could be dangerous ifother keyboards rely on the same.
867.8163 	EXP 	text: text = 'You earned 4.3 out of 10 points in this round.\n\n Press [SPACE] to advance'
867.8163 	EXP 	text: autoDraw = True
868.4361 	DATA 	Keypress: space
868.4432 	EXP 	text: autoDraw = False
868.4495 	EXP 	text: text = 'Total points : 241.8'
878.0522 	EXP 	text: text = 'Press and hold [SPACE] to report the duration of the stimulus'
878.0522 	EXP 	text: autoDraw = True
878.7242 	DATA 	Keypress: space
878.7316 	EXP 	text: autoDraw = False
879.7946 	WARNING 	Stopping key buffers but this could be dangerous ifother keyboards rely on the same.
879.8202 	EXP 	text: text = 'You earned 5.5 out of 10 points in this round.\n\n Press [SPACE] to advance'
879.8202 	EXP 	text: autoDraw = True
880.5001 	DATA 	Keypress: space
880.5073 	EXP 	text: autoDraw = False
880.5199 	EXP 	text: text = 'Total points : 247.3'
890.4396 	EXP 	text: text = 'Press and hold [SPACE] to report the duration of the stimulus'
890.4396 	EXP 	text: autoDraw = True
891.1802 	DATA 	Keypress: space
891.1859 	EXP 	text: autoDraw = False
892.4345 	WARNING 	Stopping key buffers but this could be dangerous ifother keyboards rely on the same.
892.4580 	EXP 	text: text = 'You earned 6.8 out of 10 points in this round.\n\n Press [SPACE] to advance'
892.4580 	EXP 	text: autoDraw = True
893.0841 	DATA 	Keypress: space
893.0910 	EXP 	text: autoDraw = False
893.1075 	EXP 	text: text = 'Total points : 254.1'
901.1106 	EXP 	text: text = 'Press and hold [SPACE] to report the duration of the stimulus'
901.1106 	EXP 	text: autoDraw = True
901.7161 	DATA 	Keypress: space
901.7228 	EXP 	text: autoDraw = False
902.3867 	WARNING 	Stopping key buffers but this could be dangerous ifother keyboards rely on the same.
902.4113 	EXP 	text: text = 'You earned 5.5 out of 10 points in this round.\n\n Press [SPACE] to advance'
902.4113 	EXP 	text: autoDraw = True
903.1241 	DATA 	Keypress: space
903.1312 	EXP 	text: autoDraw = False
903.1438 	EXP 	text: text = 'Total points : 259.6'
910.2628 	EXP 	text: text = 'Press and hold [SPACE] to report the duration of the stimulus'
910.2628 	EXP 	text: autoDraw = True
911.1801 	DATA 	Keypress: space
911.1874 	EXP 	text: autoDraw = False
911.7706 	WARNING 	Stopping key buffers but this could be dangerous ifother keyboards rely on the same.
911.7969 	EXP 	text: text = 'You earned 7.3 out of 10 points in this round.\n\n Press [SPACE] to advance'
911.7969 	EXP 	text: autoDraw = True
912.4840 	DATA 	Keypress: space
912.4911 	EXP 	text: autoDraw = False
912.4974 	EXP 	text: text = 'Total points : 266.9'
920.4993 	EXP 	text: text = 'Press and hold [SPACE] to report the duration of the stimulus'
920.4993 	EXP 	text: autoDraw = True
921.0761 	DATA 	Keypress: space
921.0829 	EXP 	text: autoDraw = False
921.5867 	WARNING 	Stopping key buffers but this could be dangerous ifother keyboards rely on the same.
921.6174 	EXP 	text: text = 'You earned 4.0 out of 10 points in this round.\n\n Press [SPACE] to advance'
921.6174 	EXP 	text: autoDraw = True
922.1721 	DATA 	Keypress: space
922.1791 	EXP 	text: autoDraw = False
922.2009 	EXP 	text: text = 'Total points : 270.9'
931.3208 	EXP 	text: text = 'Press and hold [SPACE] to report the duration of the stimulus'
931.3208 	EXP 	text: autoDraw = True
931.8762 	DATA 	Keypress: space
931.8827 	EXP 	text: autoDraw = False
932.6586 	WARNING 	Stopping key buffers but this could be dangerous ifother keyboards rely on the same.
932.6879 	EXP 	text: text = 'You earned 3.9 out of 10 points in this round.\n\n Press [SPACE] to advance'
932.6879 	EXP 	text: autoDraw = True
933.5721 	DATA 	Keypress: space
933.5793 	EXP 	text: autoDraw = False
933.5861 	EXP 	text: text = 'Total points : 274.8'
942.1907 	EXP 	text: text = 'Press and hold [SPACE] to report the duration of the stimulus'
942.1907 	EXP 	text: autoDraw = True
942.7481 	DATA 	Keypress: space
942.7551 	EXP 	text: autoDraw = False
943.5547 	WARNING 	Stopping key buffers but this could be dangerous ifother keyboards rely on the same.
943.5752 	EXP 	text: text = 'You earned 5.3 out of 10 points in this round.\n\n Press [SPACE] to advance'
943.5752 	EXP 	text: autoDraw = True
944.2281 	DATA 	Keypress: space
944.2353 	EXP 	text: autoDraw = False
944.2570 	EXP 	text: text = 'Total points : 280.1'
952.5769 	EXP 	text: text = 'Press and hold [SPACE] to report the duration of the stimulus'
952.5769 	EXP 	text: autoDraw = True
953.0522 	DATA 	Keypress: space
953.0591 	EXP 	text: autoDraw = False
953.8666 	WARNING 	Stopping key buffers but this could be dangerous ifother keyboards rely on the same.
953.8934 	EXP 	text: text = 'You earned 6.3 out of 10 points in this round.\n\n Press [SPACE] to advance'
953.8934 	EXP 	text: autoDraw = True
954.6441 	DATA 	Keypress: space
954.6511 	EXP 	text: autoDraw = False
954.6596 	EXP 	text: text = 'Total points : 286.4'
962.6639 	EXP 	text: text = 'Press and hold [SPACE] to report the duration of the stimulus'
962.6639 	EXP 	text: autoDraw = True
963.1801 	DATA 	Keypress: space
963.1871 	EXP 	text: autoDraw = False
963.7227 	WARNING 	Stopping key buffers but this could be dangerous ifother keyboards rely on the same.
963.7476 	EXP 	text: text = 'You earned 4.2 out of 10 points in this round.\n\n Press [SPACE] to advance'
963.7476 	EXP 	text: autoDraw = True
964.3400 	DATA 	Keypress: space
964.3469 	EXP 	text: autoDraw = False
964.3634 	EXP 	text: text = 'Total points : 290.6'
973.9672 	EXP 	text: text = 'Press and hold [SPACE] to report the duration of the stimulus'
973.9672 	EXP 	text: autoDraw = True
974.6362 	DATA 	Keypress: space
974.6434 	EXP 	text: autoDraw = False
975.6826 	WARNING 	Stopping key buffers but this could be dangerous ifother keyboards rely on the same.
975.7030 	EXP 	text: text = 'You earned 5.2 out of 10 points in this round.\n\n Press [SPACE] to advance'
975.7030 	EXP 	text: autoDraw = True
976.3881 	DATA 	Keypress: space
976.3952 	EXP 	text: autoDraw = False
976.4016 	EXP 	text: text = 'Total points : 295.8'
986.3211 	EXP 	text: text = 'Press and hold [SPACE] to report the duration of the stimulus'
986.3211 	EXP 	text: autoDraw = True
987.0281 	DATA 	Keypress: space
987.0339 	EXP 	text: autoDraw = False
988.3147 	WARNING 	Stopping key buffers but this could be dangerous ifother keyboards rely on the same.
988.3381 	EXP 	text: text = 'You earned 7.2 out of 10 points in this round.\n\n Press [SPACE] to advance'
988.3381 	EXP 	text: autoDraw = True
989.0201 	DATA 	Keypress: space
989.0273 	EXP 	text: autoDraw = False
989.0382 	EXP 	text: text = 'Total points : 303.0'
997.6430 	EXP 	text: text = 'Press and hold [SPACE] to report the duration of the stimulus'
997.6430 	EXP 	text: autoDraw = True
998.7082 	DATA 	Keypress: space
998.7153 	EXP 	text: autoDraw = False
1000.0082 	WARNING 	Stopping key buffers but this could be dangerous ifother keyboards rely on the same.
1000.0255 	EXP 	text: text = 'Total points : 303.0'
1000.0255 	EXP 	text: text = 'Your response exceeded the actual time.\n\n Press [SPACE] to advance'
1000.0255 	EXP 	text: autoDraw = True
1000.6280 	DATA 	Keypress: space
1000.6352 	EXP 	text: autoDraw = False
1007.7790 	EXP 	text: text = 'Press and hold [SPACE] to report the duration of the stimulus'
1007.7790 	EXP 	text: autoDraw = True
1008.5641 	DATA 	Keypress: space
1008.5713 	EXP 	text: autoDraw = False
1009.0826 	WARNING 	Stopping key buffers but this could be dangerous ifother keyboards rely on the same.
1009.1123 	EXP 	text: text = 'You earned 6.3 out of 10 points in this round.\n\n Press [SPACE] to advance'
1009.1123 	EXP 	text: autoDraw = True
1009.7642 	DATA 	Keypress: space
1009.7712 	EXP 	text: autoDraw = False
1009.7774 	EXP 	text: text = 'Total points : 309.3'
1019.9816 	EXP 	text: text = 'Press and hold [SPACE] to report the duration of the stimulus'
1019.9816 	EXP 	text: autoDraw = True
1020.5882 	DATA 	Keypress: space
1020.5946 	EXP 	text: autoDraw = False
1021.7386 	WARNING 	Stopping key buffers but this could be dangerous ifother keyboards rely on the same.
1021.7669 	EXP 	text: text = 'You earned 4.7 out of 10 points in this round.\n\n Press [SPACE] to advance'
1021.7669 	EXP 	text: autoDraw = True
1022.4842 	DATA 	Keypress: space
1022.4914 	EXP 	text: autoDraw = False
1022.4987 	EXP 	text: text = 'Total points : 314.0'
1031.1024 	EXP 	text: text = 'Press and hold [SPACE] to report the duration of the stimulus'
1031.1024 	EXP 	text: autoDraw = True
1031.6681 	DATA 	Keypress: space
1031.6752 	EXP 	text: autoDraw = False
1032.4105 	WARNING 	Stopping key buffers but this could be dangerous ifother keyboards rely on the same.
1032.4365 	EXP 	text: text = 'You earned 4.7 out of 10 points in this round.\n\n Press [SPACE] to advance'
1032.4365 	EXP 	text: autoDraw = True
1033.0200 	DATA 	Keypress: space
1033.0270 	EXP 	text: autoDraw = False
1033.0355 	EXP 	text: text = 'Total points : 318.7'
1042.6392 	EXP 	text: text = 'Press and hold [SPACE] to report the duration of the stimulus'
1042.6392 	EXP 	text: autoDraw = True
1043.1801 	DATA 	Keypress: space
1043.1854 	EXP 	text: autoDraw = False
1044.1307 	WARNING 	Stopping key buffers but this could be dangerous ifother keyboards rely on the same.
1044.1571 	EXP 	text: text = 'You earned 4.3 out of 10 points in this round.\n\n Press [SPACE] to advance'
1044.1571 	EXP 	text: autoDraw = True
1044.7722 	DATA 	Keypress: space
1044.7791 	EXP 	text: autoDraw = False
1044.7887 	EXP 	text: text = 'Total points : 323.0'
1053.3925 	EXP 	text: text = 'Press and hold [SPACE] to report the duration of the stimulus'
1053.3925 	EXP 	text: autoDraw = True
1053.9882 	DATA 	Keypress: space
1053.9953 	EXP 	text: autoDraw = False
1054.9306 	WARNING 	Stopping key buffers but this could be dangerous ifother keyboards rely on the same.
1054.9600 	EXP 	text: text = 'You earned 7.0 out of 10 points in this round.\n\n Press [SPACE] to advance'
1054.9600 	EXP 	text: autoDraw = True
1055.5401 	DATA 	Keypress: space
1055.5472 	EXP 	text: autoDraw = False
1055.5594 	EXP 	text: text = 'Total points : 330.0'
1065.4794 	EXP 	text: text = 'Press and hold [SPACE] to report the duration of the stimulus'
1065.4794 	EXP 	text: autoDraw = True
1066.0841 	DATA 	Keypress: space
1066.0913 	EXP 	text: autoDraw = False
1066.9467 	WARNING 	Stopping key buffers but this could be dangerous ifother keyboards rely on the same.
1066.9668 	EXP 	text: text = 'You earned 3.1 out of 10 points in this round.\n\n Press [SPACE] to advance'
1066.9668 	EXP 	text: autoDraw = True
1067.5961 	DATA 	Keypress: space
1067.6032 	EXP 	text: autoDraw = False
1067.6136 	EXP 	text: text = 'Total points : 333.1'
1075.0159 	EXP 	text: text = 'Press and hold [SPACE] to report the duration of the stimulus'
1075.0159 	EXP 	text: autoDraw = True
1075.5962 	DATA 	Keypress: space
1075.6033 	EXP 	text: autoDraw = False
1076.1227 	WARNING 	Stopping key buffers but this could be dangerous ifother keyboards rely on the same.
1076.1509 	EXP 	text: text = 'You earned 5.5 out of 10 points in this round.\n\n Press [SPACE] to advance'
1076.1509 	EXP 	text: autoDraw = True
1076.7721 	DATA 	Keypress: space
1076.7793 	EXP 	text: autoDraw = False
1076.8006 	EXP 	text: text = 'Total points : 338.6'
1084.8025 	EXP 	text: text = 'Press and hold [SPACE] to report the duration of the stimulus'
1084.8025 	EXP 	text: autoDraw = True
1085.3241 	DATA 	Keypress: space
1085.3313 	EXP 	text: autoDraw = False
1085.9707 	WARNING 	Stopping key buffers but this could be dangerous ifother keyboards rely on the same.
1085.9907 	EXP 	text: text = 'You earned 5.2 out of 10 points in this round.\n\n Press [SPACE] to advance'
1085.9907 	EXP 	text: autoDraw = True
1086.6441 	DATA 	Keypress: space
1086.6496 	EXP 	text: autoDraw = False
1086.6709 	EXP 	text: text = 'Total points : 343.8'
1093.7890 	EXP 	text: text = 'Press and hold [SPACE] to report the duration of the stimulus'
1093.7890 	EXP 	text: autoDraw = True
1094.2361 	DATA 	Keypress: space
1094.2432 	EXP 	text: autoDraw = False
1094.6586 	WARNING 	Stopping key buffers but this could be dangerous ifother keyboards rely on the same.
1094.6783 	EXP 	text: text = 'You earned 5.2 out of 10 points in this round.\n\n Press [SPACE] to advance'
1094.6783 	EXP 	text: autoDraw = True
1097.6200 	DATA 	Keypress: space
1097.6271 	EXP 	text: autoDraw = False
1097.6407 	EXP 	text: text = 'Total points : 349.0'
1104.7592 	EXP 	text: text = 'Press and hold [SPACE] to report the duration of the stimulus'
1104.7592 	EXP 	text: autoDraw = True
1105.1881 	DATA 	Keypress: space
1105.1953 	EXP 	text: autoDraw = False
1105.6506 	WARNING 	Stopping key buffers but this could be dangerous ifother keyboards rely on the same.
1105.6766 	EXP 	text: text = 'You earned 5.6 out of 10 points in this round.\n\n Press [SPACE] to advance'
1105.6766 	EXP 	text: autoDraw = True
1106.2201 	DATA 	Keypress: space
1106.2269 	EXP 	text: autoDraw = False
1106.2439 	EXP 	text: text = 'Total points : 354.6'
1115.3629 	EXP 	text: text = 'Press and hold [SPACE] to report the duration of the stimulus'
1115.3629 	EXP 	text: autoDraw = True
1115.8762 	DATA 	Keypress: space
1115.8833 	EXP 	text: autoDraw = False
1116.4907 	WARNING 	Stopping key buffers but this could be dangerous ifother keyboards rely on the same.
1116.5133 	EXP 	text: text = 'You earned 2.8 out of 10 points in this round.\n\n Press [SPACE] to advance'
1116.5133 	EXP 	text: autoDraw = True
1117.0521 	DATA 	Keypress: space
1117.0590 	EXP 	text: autoDraw = False
1117.0806 	EXP 	text: text = 'Total points : 357.4'
1124.1993 	EXP 	text: text = 'Press and hold [SPACE] to report the duration of the stimulus'
1124.1993 	EXP 	text: autoDraw = True
1124.6921 	DATA 	Keypress: space
1124.6990 	EXP 	text: autoDraw = False
1125.3067 	WARNING 	Stopping key buffers but this could be dangerous ifother keyboards rely on the same.
1125.3336 	EXP 	text: text = 'You earned 7.6 out of 10 points in this round.\n\n Press [SPACE] to advance'
1125.3336 	EXP 	text: autoDraw = True
1125.8442 	DATA 	Keypress: space
1125.8512 	EXP 	text: autoDraw = False
1125.8653 	EXP 	text: text = 'Total points : 365.0'
1134.1852 	EXP 	text: text = 'Press and hold [SPACE] to report the duration of the stimulus'
1134.1852 	EXP 	text: autoDraw = True
1134.6681 	DATA 	Keypress: space
1134.6753 	EXP 	text: autoDraw = False
1135.1946 	WARNING 	Stopping key buffers but this could be dangerous ifother keyboards rely on the same.
1135.2192 	EXP 	text: text = 'You earned 3.5 out of 10 points in this round.\n\n Press [SPACE] to advance'
1135.2192 	EXP 	text: autoDraw = True
1135.8041 	DATA 	Keypress: space
1135.8111 	EXP 	text: autoDraw = False
1135.8184 	EXP 	text: text = 'Total points : 368.5'
1145.4227 	EXP 	text: text = 'Press and hold [SPACE] to report the duration of the stimulus'
1145.4227 	EXP 	text: autoDraw = True
1146.0761 	DATA 	Keypress: space
1146.0833 	EXP 	text: autoDraw = False
1147.0107 	WARNING 	Stopping key buffers but this could be dangerous ifother keyboards rely on the same.
1147.0407 	EXP 	text: text = 'You earned 4.2 out of 10 points in this round.\n\n Press [SPACE] to advance'
1147.0407 	EXP 	text: autoDraw = True
1147.7722 	DATA 	Keypress: space
1147.7792 	EXP 	text: autoDraw = False
1147.7888 	EXP 	text: text = 'Total points : 372.7'
1155.1921 	EXP 	text: text = 'Press and hold [SPACE] to report the duration of the stimulus'
1155.1921 	EXP 	text: autoDraw = True
1156.3242 	DATA 	Keypress: space
1156.3313 	EXP 	text: autoDraw = False
1157.1306 	WARNING 	Stopping key buffers but this could be dangerous ifother keyboards rely on the same.
1157.1603 	EXP 	text: text = 'You earned 9.7 out of 10 points in this round.\n\n Press [SPACE] to advance'
1157.1603 	EXP 	text: autoDraw = True
1157.8680 	DATA 	Keypress: space
1157.8728 	EXP 	text: autoDraw = False
1157.8939 	EXP 	text: text = 'Total points : 382.4'
1167.0138 	EXP 	text: text = 'Press and hold [SPACE] to report the duration of the stimulus'
1167.0138 	EXP 	text: autoDraw = True
1168.1802 	DATA 	Keypress: space
1168.1874 	EXP 	text: autoDraw = False
1168.9467 	WARNING 	Stopping key buffers but this could be dangerous ifother keyboards rely on the same.
1168.9668 	EXP 	text: text = 'You earned 3.8 out of 10 points in this round.\n\n Press [SPACE] to advance'
1168.9668 	EXP 	text: autoDraw = True
1169.7001 	DATA 	Keypress: space
1169.7071 	EXP 	text: autoDraw = False
1169.7137 	EXP 	text: text = 'Total points : 386.2'
1178.3164 	EXP 	text: text = 'Press and hold [SPACE] to report the duration of the stimulus'
1178.3164 	EXP 	text: autoDraw = True
1179.2361 	DATA 	Keypress: space
1179.2433 	EXP 	text: autoDraw = False
1180.2507 	WARNING 	Stopping key buffers but this could be dangerous ifother keyboards rely on the same.
1180.2711 	EXP 	text: text = 'You earned 8.0 out of 10 points in this round.\n\n Press [SPACE] to advance'
1180.2711 	EXP 	text: autoDraw = True
1180.9801 	DATA 	Keypress: space
1180.9872 	EXP 	text: autoDraw = False
1181.0012 	EXP 	text: text = 'Total points : 394.2'
1188.7199 	EXP 	text: text = 'Press and hold [SPACE] to report the duration of the stimulus'
1188.7199 	EXP 	text: autoDraw = True
1189.4042 	DATA 	Keypress: space
1189.4114 	EXP 	text: autoDraw = False
1189.9786 	WARNING 	Stopping key buffers but this could be dangerous ifother keyboards rely on the same.
1190.0032 	EXP 	text: text = 'You earned 5.2 out of 10 points in this round.\n\n Press [SPACE] to advance'
1190.0032 	EXP 	text: autoDraw = True
1190.7081 	DATA 	Keypress: space
1190.7153 	EXP 	text: autoDraw = False
1190.7368 	EXP 	text: text = 'Total points : 399.4'
1199.8566 	EXP 	text: text = 'Press and hold [SPACE] to report the duration of the stimulus'
1199.8566 	EXP 	text: autoDraw = True
1200.7721 	DATA 	Keypress: space
1200.7793 	EXP 	text: autoDraw = False
1201.4586 	WARNING 	Stopping key buffers but this could be dangerous ifother keyboards rely on the same.
1201.4786 	EXP 	text: text = 'You earned 3.2 out of 10 points in this round.\n\n Press [SPACE] to advance'
1201.4786 	EXP 	text: autoDraw = True
1202.1320 	DATA 	Keypress: space
1202.1371 	EXP 	text: autoDraw = False
1202.1583 	EXP 	text: text = 'Total points : 402.6'
1211.7620 	EXP 	text: text = 'Press and hold [SPACE] to report the duration of the stimulus'
1211.7620 	EXP 	text: autoDraw = True
1212.3882 	DATA 	Keypress: space
1212.3952 	EXP 	text: autoDraw = False
1213.4587 	WARNING 	Stopping key buffers but this could be dangerous ifother keyboards rely on the same.
1213.4790 	EXP 	text: text = 'You earned 5.5 out of 10 points in this round.\n\n Press [SPACE] to advance'
1213.4790 	EXP 	text: autoDraw = True
1214.1401 	DATA 	Keypress: space
1214.1471 	EXP 	text: autoDraw = False
1214.1609 	EXP 	text: text = 'Total points : 408.1'
1224.0810 	EXP 	text: text = 'Press and hold [SPACE] to report the duration of the stimulus'
1224.0810 	EXP 	text: autoDraw = True
1225.2602 	DATA 	Keypress: space
1225.2674 	EXP 	text: autoDraw = False
1226.5547 	WARNING 	Stopping key buffers but this could be dangerous ifother keyboards rely on the same.
1226.5831 	EXP 	text: text = 'You earned 7.3 out of 10 points in this round.\n\n Press [SPACE] to advance'
1226.5831 	EXP 	text: autoDraw = True
1227.2601 	DATA 	Keypress: space
1227.2672 	EXP 	text: autoDraw = False
1227.2828 	EXP 	text: text = 'Total points : 415.4'
1234.6845 	EXP 	text: text = 'Press and hold [SPACE] to report the duration of the stimulus'
1234.6845 	EXP 	text: autoDraw = True
1235.5002 	DATA 	Keypress: space
1235.5074 	EXP 	text: autoDraw = False
1236.6861 	WARNING 	Stopping key buffers but this could be dangerous ifother keyboards rely on the same.
1236.7034 	EXP 	text: text = 'Total points : 415.4'
1236.7034 	EXP 	text: text = 'Your response exceeded the actual time.\n\n Press [SPACE] to advance'
1236.7034 	EXP 	text: autoDraw = True
1237.2922 	DATA 	Keypress: space
1237.2984 	EXP 	text: autoDraw = False
1245.6542 	EXP 	text: text = 'Press and hold [SPACE] to report the duration of the stimulus'
1245.6542 	EXP 	text: autoDraw = True
1246.3321 	DATA 	Keypress: space
1246.3390 	EXP 	text: autoDraw = False
1247.0827 	WARNING 	Stopping key buffers but this could be dangerous ifother keyboards rely on the same.
1247.1062 	EXP 	text: text = 'You earned 5.5 out of 10 points in this round.\n\n Press [SPACE] to advance'
1247.1062 	EXP 	text: autoDraw = True
1247.7001 	DATA 	Keypress: space
1247.7071 	EXP 	text: autoDraw = False
1247.7228 	EXP 	text: text = 'Total points : 420.9'
1256.8389 	EXP 	text: text = 'Press and hold [SPACE] to report the duration of the stimulus'
1256.8389 	EXP 	text: autoDraw = True
1257.7482 	DATA 	Keypress: space
1257.7548 	EXP 	text: autoDraw = False
1258.6745 	WARNING 	Stopping key buffers but this could be dangerous ifother keyboards rely on the same.
1258.6946 	EXP 	text: text = 'You earned 5.3 out of 10 points in this round.\n\n Press [SPACE] to advance'
1258.6946 	EXP 	text: autoDraw = True
1259.3160 	DATA 	Keypress: space
1259.3220 	EXP 	text: autoDraw = False
1259.3423 	EXP 	text: text = 'Total points : 426.2'
1267.9464 	EXP 	text: text = 'Press and hold [SPACE] to report the duration of the stimulus'
1267.9464 	EXP 	text: autoDraw = True
1268.6121 	DATA 	Keypress: space
1268.6192 	EXP 	text: autoDraw = False
1269.4267 	WARNING 	Stopping key buffers but this could be dangerous ifother keyboards rely on the same.
1269.4469 	EXP 	text: text = 'You earned 5.4 out of 10 points in this round.\n\n Press [SPACE] to advance'
1269.4469 	EXP 	text: autoDraw = True
1270.0360 	DATA 	Keypress: space
1270.0423 	EXP 	text: autoDraw = False
1270.0620 	EXP 	text: text = 'Total points : 431.6'
1278.6658 	EXP 	text: text = 'Press and hold [SPACE] to report the duration of the stimulus'
1278.6658 	EXP 	text: autoDraw = True
1279.8367 	DATA 	Keypress: space
1279.8439 	EXP 	text: autoDraw = False
1280.6907 	WARNING 	Stopping key buffers but this could be dangerous ifother keyboards rely on the same.
1280.7160 	EXP 	text: text = 'You earned 5.8 out of 10 points in this round.\n\n Press [SPACE] to advance'
1280.7160 	EXP 	text: autoDraw = True
1281.3081 	DATA 	Keypress: space
1281.3151 	EXP 	text: autoDraw = False
1281.3192 	INFO 	Finishing at 15:55 on 24 Oct 2019
1281.5884 	EXP 	window1: mouseVisible = True
