8719.8123 	INFO 	Successfully set darwin thread to realtime
8720.8305 	INFO 	#[ PsychoPy3 RuntimeInfoStart ]
  #[[ PsychoPy ]] #---------
    psychopyVersion: 3.0.3
    psychopyHaveExtRush: True
  #[[ Experiment ]] #---------
    experimentRunTime: 2019_07_15 14:27 (Year_Month_Day Hour:Min)
    experimentRunTime.epoch: 1563215263
    experimentScript: RSVP_visual_now_cue_flipped.py
    experimentScript.digestSHA1: f3377d84f7a5cb04d6125bf5a8425cf3a7adfba9
    experimentScript.directory: /Users/vsg/Documents/GitHub/spatio_temporal_information_processing/RSVP_visual_now
  #[[ System ]] #---------
    systemHaveInternetAccess: True
    systemHostName: VSG-lab1.local
    systemLocale: en_US.UTF-8
    systemMemFreeRAM: 1004.6015625
    systemMemTotalRAM: 4096.0
    systemPlatform: darwin 10.10.5 x86_64
    systemRavailable: R version 3.2.3 (2015-12-10) -- Wooden Christmas-Tree
    systemRebooted: Jul 9 15:43
    systemSec.OpenSSLVersion: OpenSSL 1.0.2l  25 May 2017
    systemSec.pythonSSL: True
    systemTimeNumpySD1000000_sec: 0.0126
    systemUser: vsg
    systemUserID: 502
    systemUserProcCount: 75
    systemUserProcFlagged: Safari
    systemUsersCount: 1
  #[[ Window ]] #---------
    windowWinType: pyglet
    windowUnits: deg
    windowSize_pix: [1920 1200]
    windowScreen: 0
    windowRgb: [-0.7 -0.7 -0.7]
    windowRefreshTimeSD_ms: 0.043
    windowRefreshTimeMedian_ms: 16.705
    windowRefreshTimeAvg_ms: 16.702
    windowPos_pix: [0, 0]
    windowMonitor.name: testmonitor
    windowMonitor.getWidth_cm: 52.0
    windowMonitor.getDistance_cm: 65.0
    windowMonitor.currentCalibName: 2019_02_04 12:46
    windowIsFullScr: True
  #[[ Python ]] #---------
    pythonVersion: 2.7.13
  #[[ OpenGL ]] #---------
#[ PsychoPy3 RuntimeInfoEnd ]

8720.8329 	WARNING 	Could not load the desired click sound file, instead using manually created inferior click
8721.7112 	EXP 	Created sequence: random, trialTypes=280, nReps=14, seed=None
8721.9610 	INFO 	total SOA (ISI + letterDur)=100.0 or 6 frames, comprising
ISIframes =3 or 50.0 ms and letterDurFrames =3 or 50.0ms
cueDurFrames =3.0 or 50.0 ms

8721.9610 	INFO 	numtrials=280 and each trialDurFrames=156 or 2600.0 ms  task=T1
8723.1530 	EXP 	Created text = TextStim(alignHoriz='center', alignVert='center', antialias=True, autoLog=True, bold=False, color=array([ 1.,  1.,  1.]), colorSpace='rgb', contrast=1.0, depth=-1.0, flipHoriz=False, flipVert=False, font='Arial', fontFiles=[], height=0.5, italic=False, languageStyle='LTR', name='text', opacity=1.0, ori=0, pos=array([ 0.,  0.]), rgb=array([ 1.,  1.,  1.]), text='', units='deg', win=Window(...), wrapWidth=30)
8724.1091 	EXP 	text: text = "Welcome! Thank you for agreeing to participate in this study.\n\nYou will be presented with a Rapid Stream of letters. Your task is to identify one of the letters.\n\nThe stream of letters can appear anywhere on the horizontal axis of the screen, and their position varies from trial to trial.\n\nThe letter you're supposed to identify is accompanied by a probe that appears on the fixation point.\n\nThe probe is a circular disk that will be flashed for a very brief time.\n\nYour task is identify the letter that was present when the probe appeared.\n\nOnce you've identified the letter after the trial ends, type it out on the keyboard.\n\nOh! And one more thing! You will perform this task while fixating in the center, and identifying the letters with your peripheral vision.\n\nIf you're feeling uncomfortable, you can press ESC key any time to stop the experiment.\n\nPress any key when you are ready to begin the experiment.\n\n"
8724.1091 	EXP 	text: autoDraw = True
8799.7107 	DATA 	Keypress: space
8799.7119 	EXP 	text: autoDraw = False
8799.7122 	INFO 	Experiment will have 280 trials. Letters will be drawn with superposed noise of0.00%
8799.7122 	INFO 	Starting main (non-staircase) part of experiment
8803.0133 	EXP 	window1: recordFrameIntervals = False
8804.2008 	DATA 	Keypress: s
8808.1413 	EXP 	window1: recordFrameIntervals = False
8811.5021 	DATA 	Keypress: k
8815.4092 	EXP 	window1: recordFrameIntervals = False
8816.8306 	DATA 	Keypress: d
8820.9884 	EXP 	window1: recordFrameIntervals = False
8822.2427 	DATA 	Keypress: g
8826.1333 	EXP 	window1: recordFrameIntervals = False
8828.1059 	DATA 	Keypress: c
8832.0299 	EXP 	window1: recordFrameIntervals = False
8833.5681 	DATA 	Keypress: t
8837.4420 	EXP 	window1: recordFrameIntervals = False
8838.3287 	DATA 	Keypress: f
8842.2528 	EXP 	window1: recordFrameIntervals = False
8843.1062 	DATA 	Keypress: s
8847.2807 	EXP 	window1: recordFrameIntervals = False
8848.2009 	DATA 	Keypress: g
8852.2234 	EXP 	window1: recordFrameIntervals = False
8853.1103 	DATA 	Keypress: h
8856.9508 	EXP 	window1: recordFrameIntervals = False
8857.8375 	DATA 	Keypress: b
8862.0805 	EXP 	window1: recordFrameIntervals = False
8863.2679 	DATA 	Keypress: d
8867.4258 	EXP 	window1: recordFrameIntervals = False
8868.6635 	DATA 	Keypress: f
8872.5373 	EXP 	window1: recordFrameIntervals = False
8873.8250 	DATA 	Keypress: y
8877.8491 	EXP 	window1: recordFrameIntervals = False
8878.9531 	DATA 	Keypress: c
8882.9272 	EXP 	window1: recordFrameIntervals = False
8882.9277 	ERROR 	trialnum=15 ERROR,1 frames were longer than 20.8 ms apparently screen refreshes skipped, interframe durs were:[ 121.5] and was these frames: [119]
8882.9280 	INFO 	flankers also=[  16.8  121.5    2. ]
8883.9978 	DATA 	Keypress: j
8888.2223 	EXP 	window1: recordFrameIntervals = False
8889.2764 	DATA 	Keypress: s
8893.5176 	EXP 	window1: recordFrameIntervals = False
8894.6047 	DATA 	Keypress: t
8898.7276 	EXP 	window1: recordFrameIntervals = False
8899.8316 	DATA 	Keypress: y
8903.6553 	EXP 	window1: recordFrameIntervals = False
8904.6607 	DATA 	Keypress: s
8908.5011 	EXP 	window1: recordFrameIntervals = False
8909.7388 	DATA 	Keypress: j
8913.7797 	EXP 	window1: recordFrameIntervals = False
8914.8169 	DATA 	Keypress: q
8918.7074 	EXP 	window1: recordFrameIntervals = False
8919.7778 	DATA 	Keypress: r
8923.5682 	EXP 	window1: recordFrameIntervals = False
8924.4885 	DATA 	Keypress: y
8928.3289 	EXP 	window1: recordFrameIntervals = False
8929.5831 	DATA 	Keypress: r
8933.3903 	EXP 	window1: recordFrameIntervals = False
8934.4440 	DATA 	Keypress: f
8938.7171 	EXP 	window1: recordFrameIntervals = False
8939.9547 	DATA 	Keypress: n
8943.7785 	EXP 	window1: recordFrameIntervals = False
8944.6836 	DATA 	Keypress: a
8948.7413 	EXP 	window1: recordFrameIntervals = False
8949.7951 	DATA 	Keypress: f
8953.9362 	EXP 	window1: recordFrameIntervals = False
8955.0235 	DATA 	Keypress: s
8959.1479 	EXP 	window1: recordFrameIntervals = False
8960.1849 	DATA 	Keypress: f
8963.9921 	EXP 	window1: recordFrameIntervals = False
8965.7808 	DATA 	Keypress: g
8969.7716 	EXP 	window1: recordFrameIntervals = False
8971.7777 	DATA 	Keypress: o
8975.5681 	EXP 	window1: recordFrameIntervals = False
8976.4547 	DATA 	Keypress: p
8980.6945 	EXP 	window1: recordFrameIntervals = False
8981.6314 	DATA 	Keypress: g
8985.6557 	EXP 	window1: recordFrameIntervals = False
8986.6453 	DATA 	Keypress: u
8990.6350 	EXP 	window1: recordFrameIntervals = False
8991.6053 	DATA 	Keypress: g
8995.5460 	EXP 	window1: recordFrameIntervals = False
8996.5331 	DATA 	Keypress: x
9000.5740 	EXP 	window1: recordFrameIntervals = False
9003.7000 	DATA 	Keypress: d
9007.8402 	EXP 	window1: recordFrameIntervals = False
9008.8275 	DATA 	Keypress: y
9012.7012 	EXP 	window1: recordFrameIntervals = False
9013.6715 	DATA 	Keypress: j
9017.4618 	EXP 	window1: recordFrameIntervals = False
9018.4823 	DATA 	Keypress: s
9022.7068 	EXP 	window1: recordFrameIntervals = False
9023.6270 	DATA 	Keypress: g
9027.7164 	EXP 	window1: recordFrameIntervals = False
9028.7869 	DATA 	Keypress: l
9032.8613 	EXP 	window1: recordFrameIntervals = False
9033.8165 	DATA 	Keypress: f
9037.6905 	EXP 	window1: recordFrameIntervals = False
9039.1118 	DATA 	Keypress: c
9043.0190 	EXP 	window1: recordFrameIntervals = False
9043.9894 	DATA 	Keypress: s
9047.9133 	EXP 	window1: recordFrameIntervals = False
9048.4827 	DATA 	Keypress: e
9052.2898 	EXP 	window1: recordFrameIntervals = False
9053.2935 	DATA 	Keypress: y
9057.5349 	EXP 	window1: recordFrameIntervals = False
9058.4885 	DATA 	Keypress: v
9062.5795 	EXP 	window1: recordFrameIntervals = False
9063.5667 	DATA 	Keypress: k
9067.6892 	EXP 	window1: recordFrameIntervals = False
9068.6263 	DATA 	Keypress: j
9072.8842 	EXP 	window1: recordFrameIntervals = False
9073.7726 	DATA 	Keypress: a
9077.6633 	EXP 	window1: recordFrameIntervals = False
9078.9676 	DATA 	Keypress: m
9082.9083 	EXP 	window1: recordFrameIntervals = False
9084.4632 	DATA 	Keypress: e
9088.2870 	EXP 	window1: recordFrameIntervals = False
9089.6415 	DATA 	Keypress: a
9093.5990 	EXP 	window1: recordFrameIntervals = False
9094.5370 	DATA 	Keypress: b
9098.8273 	EXP 	window1: recordFrameIntervals = False
9100.1987 	DATA 	Keypress: c
9104.3731 	EXP 	window1: recordFrameIntervals = False
9105.3599 	DATA 	Keypress: e
9109.2673 	EXP 	window1: recordFrameIntervals = False
9110.3057 	DATA 	Keypress: s
9114.5609 	EXP 	window1: recordFrameIntervals = False
9115.6648 	DATA 	Keypress: a
9119.8895 	EXP 	window1: recordFrameIntervals = False
9120.9616 	DATA 	Keypress: h
9125.0693 	EXP 	window1: recordFrameIntervals = False
9126.0564 	DATA 	Keypress: f
9130.2477 	EXP 	window1: recordFrameIntervals = False
9131.2681 	DATA 	Keypress: x
9135.1921 	EXP 	window1: recordFrameIntervals = False
9135.1924 	ERROR 	trialnum=64 ERROR,1 frames were longer than 20.8 ms apparently screen refreshes skipped, interframe durs were:[ 137.2] and was these frames: [131]
9135.1927 	INFO 	flankers also=[  16.7  137.2    2. ]
9136.3459 	DATA 	Keypress: t
9140.5373 	EXP 	window1: recordFrameIntervals = False
9142.2427 	DATA 	Keypress: s
9146.2000 	EXP 	window1: recordFrameIntervals = False
9147.3041 	DATA 	Keypress: s
9151.2780 	EXP 	window1: recordFrameIntervals = False
9152.4991 	DATA 	Keypress: u
9156.3545 	EXP 	window1: recordFrameIntervals = False
9156.3548 	ERROR 	trialnum=68 ERROR,1 frames were longer than 20.8 ms apparently screen refreshes skipped, interframe durs were:[ 25.8] and was these frames: [8]
9156.3552 	INFO 	flankers also=[ 16.7  25.8  15.9]
9157.4751 	DATA 	Keypress: k
9161.3657 	EXP 	window1: recordFrameIntervals = False
9162.8221 	DATA 	Keypress: c
9166.9250 	DATA 	Keypress: space
9170.6698 	EXP 	window1: recordFrameIntervals = False
9172.4920 	DATA 	Keypress: l
9176.6850 	EXP 	window1: recordFrameIntervals = False
9177.7732 	DATA 	Keypress: q
9178.5406 	DATA 	Keypress: space
9181.7965 	EXP 	window1: recordFrameIntervals = False
9182.8000 	DATA 	Keypress: w
9187.0248 	EXP 	window1: recordFrameIntervals = False
9188.0620 	DATA 	Keypress: s
9192.0694 	EXP 	window1: recordFrameIntervals = False
9193.0563 	DATA 	Keypress: l
9197.0974 	EXP 	window1: recordFrameIntervals = False
9198.2347 	DATA 	Keypress: k
9202.3257 	EXP 	window1: recordFrameIntervals = False
9203.2626 	DATA 	Keypress: x
9207.1866 	EXP 	window1: recordFrameIntervals = False
9208.6915 	DATA 	Keypress: k
9212.5971 	EXP 	window1: recordFrameIntervals = False
9212.5975 	ERROR 	trialnum=78 ERROR,1 frames were longer than 20.8 ms apparently screen refreshes skipped, interframe durs were:[ 41.3] and was these frames: [2]
9212.5978 	INFO 	flankers also=[ 17.   41.3  17. ]
9213.7677 	DATA 	Keypress: d
9218.0259 	EXP 	window1: recordFrameIntervals = False
9219.2150 	DATA 	Keypress: g
9223.1223 	EXP 	window1: recordFrameIntervals = False
9224.7941 	DATA 	Keypress: g
9229.0189 	EXP 	window1: recordFrameIntervals = False
9230.2063 	DATA 	Keypress: m
9234.4476 	EXP 	window1: recordFrameIntervals = False
9235.6853 	DATA 	Keypress: y
9239.5925 	EXP 	window1: recordFrameIntervals = False
9240.4124 	DATA 	Keypress: p
9244.4701 	EXP 	window1: recordFrameIntervals = False
9246.0417 	DATA 	Keypress: d
9249.8989 	EXP 	window1: recordFrameIntervals = False
9250.8692 	DATA 	Keypress: w
9255.0771 	EXP 	window1: recordFrameIntervals = False
9257.9015 	DATA 	Keypress: d
9261.9408 	EXP 	window1: recordFrameIntervals = False
9263.0615 	DATA 	Keypress: x
9267.3363 	EXP 	window1: recordFrameIntervals = False
9268.2416 	DATA 	Keypress: h
9272.2656 	EXP 	window1: recordFrameIntervals = False
9273.4198 	DATA 	Keypress: y
9277.4272 	EXP 	window1: recordFrameIntervals = False
9279.8341 	DATA 	Keypress: d
9283.7413 	EXP 	window1: recordFrameIntervals = False
9284.7617 	DATA 	Keypress: m
9288.7025 	EXP 	window1: recordFrameIntervals = False
9290.0246 	DATA 	Keypress: y
9294.1646 	EXP 	window1: recordFrameIntervals = False
9295.6193 	DATA 	Keypress: a
9299.4097 	EXP 	window1: recordFrameIntervals = False
9300.9314 	DATA 	Keypress: j
9304.7718 	EXP 	window1: recordFrameIntervals = False
9305.8757 	DATA 	Keypress: b
9309.9817 	EXP 	window1: recordFrameIntervals = False
9311.0690 	DATA 	Keypress: c
9314.9095 	EXP 	window1: recordFrameIntervals = False
9315.9995 	DATA 	Keypress: z
9320.2898 	EXP 	window1: recordFrameIntervals = False
9321.7280 	DATA 	Keypress: x
9325.7187 	EXP 	window1: recordFrameIntervals = False
9326.9228 	DATA 	Keypress: p
9330.8635 	EXP 	window1: recordFrameIntervals = False
9331.9008 	DATA 	Keypress: c
9335.7911 	EXP 	window1: recordFrameIntervals = False
9337.1457 	DATA 	Keypress: p
9341.2368 	EXP 	window1: recordFrameIntervals = False
9342.8585 	DATA 	Keypress: i
9346.8327 	EXP 	window1: recordFrameIntervals = False
9347.7528 	DATA 	Keypress: z
9351.5749 	EXP 	window1: recordFrameIntervals = False
9351.5753 	ERROR 	trialnum=104 ERROR,1 frames were longer than 20.8 ms apparently screen refreshes skipped, interframe durs were:[ 24.6] and was these frames: [10]
9351.5756 	INFO 	flankers also=[ 16.6  24.6  17.1]
9352.6288 	DATA 	Keypress: v
9356.5193 	EXP 	window1: recordFrameIntervals = False
9358.0241 	DATA 	Keypress: u
9362.2505 	EXP 	window1: recordFrameIntervals = False
9363.5549 	DATA 	Keypress: b
9367.7461 	EXP 	window1: recordFrameIntervals = False
9368.7498 	DATA 	Keypress: y
9372.8408 	EXP 	window1: recordFrameIntervals = False
9373.9448 	DATA 	Keypress: t
9377.9857 	EXP 	window1: recordFrameIntervals = False
9379.1732 	DATA 	Keypress: x
9382.9801 	EXP 	window1: recordFrameIntervals = False
9384.2176 	DATA 	Keypress: p
9388.1083 	EXP 	window1: recordFrameIntervals = False
9389.3293 	DATA 	Keypress: b
9393.3033 	EXP 	window1: recordFrameIntervals = False
9394.2738 	DATA 	Keypress: s
9398.3129 	EXP 	window1: recordFrameIntervals = False
9398.3133 	ERROR 	trialnum=113 ERROR,1 frames were longer than 20.8 ms apparently screen refreshes skipped, interframe durs were:[ 140.7] and was these frames: [119]
9398.3136 	INFO 	flankers also=[  16.7  140.7    2. ]
9399.6507 	DATA 	Keypress: b
9403.8754 	EXP 	window1: recordFrameIntervals = False
9405.1980 	DATA 	Keypress: s
9409.4564 	EXP 	window1: recordFrameIntervals = False
9410.6101 	DATA 	Keypress: w
9414.8849 	EXP 	window1: recordFrameIntervals = False
9416.5569 	DATA 	Keypress: b
9420.3806 	EXP 	window1: recordFrameIntervals = False
9421.5180 	DATA 	Keypress: s
9425.6257 	EXP 	window1: recordFrameIntervals = False
9426.5126 	DATA 	Keypress: j
9430.5199 	EXP 	window1: recordFrameIntervals = False
9431.7240 	DATA 	Keypress: n
9435.6481 	EXP 	window1: recordFrameIntervals = False
9436.5851 	DATA 	Keypress: j
9440.4756 	EXP 	window1: recordFrameIntervals = False
9442.0973 	DATA 	Keypress: n
9446.2201 	EXP 	window1: recordFrameIntervals = False
9447.5078 	DATA 	Keypress: v
9451.6991 	EXP 	window1: recordFrameIntervals = False
9452.8214 	DATA 	Keypress: z
9456.6452 	EXP 	window1: recordFrameIntervals = False
9457.5487 	DATA 	Keypress: k
9461.5228 	EXP 	window1: recordFrameIntervals = False
9462.4597 	DATA 	Keypress: a
9466.5005 	EXP 	window1: recordFrameIntervals = False
9467.5877 	DATA 	Keypress: m
9471.7791 	EXP 	window1: recordFrameIntervals = False
9472.6491 	DATA 	Keypress: s
9476.8905 	EXP 	window1: recordFrameIntervals = False
9477.3097 	DATA 	Keypress: z
9481.1667 	EXP 	window1: recordFrameIntervals = False
9483.1227 	DATA 	Keypress: n
9487.3121 	EXP 	window1: recordFrameIntervals = False
9488.1655 	DATA 	Keypress: e
9492.1396 	EXP 	window1: recordFrameIntervals = False
9493.3455 	DATA 	Keypress: m
9497.4866 	EXP 	window1: recordFrameIntervals = False
9498.9082 	DATA 	Keypress: z
9502.7817 	EXP 	window1: recordFrameIntervals = False
9503.7855 	DATA 	Keypress: x
9507.9934 	EXP 	window1: recordFrameIntervals = False
9508.9469 	DATA 	Keypress: f
9513.0046 	EXP 	window1: recordFrameIntervals = False
9513.9417 	DATA 	Keypress: c
9517.7319 	EXP 	window1: recordFrameIntervals = False
9518.5018 	DATA 	Keypress: s
9522.6930 	EXP 	window1: recordFrameIntervals = False
9523.4962 	DATA 	Keypress: d
9527.5523 	EXP 	window1: recordFrameIntervals = False
9528.6895 	DATA 	Keypress: l
9532.6805 	EXP 	window1: recordFrameIntervals = False
9533.6357 	DATA 	Keypress: s
9540.5817 	DATA 	Keypress: space
9544.3732 	EXP 	window1: recordFrameIntervals = False
9545.2778 	DATA 	Keypress: j
9549.5515 	EXP 	window1: recordFrameIntervals = False
9550.4571 	DATA 	Keypress: s
9554.4808 	EXP 	window1: recordFrameIntervals = False
9555.7852 	DATA 	Keypress: w
9559.8596 	EXP 	window1: recordFrameIntervals = False
9560.9635 	DATA 	Keypress: d
9564.8708 	EXP 	window1: recordFrameIntervals = False
9565.8747 	DATA 	Keypress: g
9569.6816 	EXP 	window1: recordFrameIntervals = False
9570.5850 	DATA 	Keypress: t
9574.5424 	EXP 	window1: recordFrameIntervals = False
9575.3624 	DATA 	Keypress: h
9579.2530 	EXP 	window1: recordFrameIntervals = False
9580.2734 	DATA 	Keypress: h
9584.3628 	EXP 	window1: recordFrameIntervals = False
9585.3832 	DATA 	Keypress: f
9589.3740 	EXP 	window1: recordFrameIntervals = False
9590.3962 	DATA 	Keypress: s
9594.2198 	EXP 	window1: recordFrameIntervals = False
9595.1900 	DATA 	Keypress: w
9599.2477 	EXP 	window1: recordFrameIntervals = False
9600.2016 	DATA 	Keypress: z
9604.0084 	EXP 	window1: recordFrameIntervals = False
9605.1291 	DATA 	Keypress: w
9609.2033 	EXP 	window1: recordFrameIntervals = False
9610.2071 	DATA 	Keypress: m
9614.4484 	EXP 	window1: recordFrameIntervals = False
9615.6025 	DATA 	Keypress: g
9619.5265 	EXP 	window1: recordFrameIntervals = False
9620.5135 	DATA 	Keypress: k
9624.5193 	EXP 	window1: recordFrameIntervals = False
9625.4730 	DATA 	Keypress: s
9629.6140 	EXP 	window1: recordFrameIntervals = False
9630.6345 	DATA 	Keypress: z
9634.7438 	EXP 	window1: recordFrameIntervals = False
9636.1488 	DATA 	Keypress: s
9640.2062 	EXP 	window1: recordFrameIntervals = False
9641.0761 	DATA 	Keypress: a
9644.9500 	EXP 	window1: recordFrameIntervals = False
9645.9203 	DATA 	Keypress: p
9649.8778 	EXP 	window1: recordFrameIntervals = False
9651.3659 	DATA 	Keypress: b
9655.6072 	EXP 	window1: recordFrameIntervals = False
9655.6076 	ERROR 	trialnum=162 ERROR,1 frames were longer than 20.8 ms apparently screen refreshes skipped, interframe durs were:[ 144.] and was these frames: [149]
9655.6080 	INFO 	flankers also=[  16.7  144.     2.2]
9656.6944 	DATA 	Keypress: l
9660.9358 	EXP 	window1: recordFrameIntervals = False
9661.9395 	DATA 	Keypress: i
9665.9789 	EXP 	window1: recordFrameIntervals = False
9667.4335 	DATA 	Keypress: p
9671.5580 	EXP 	window1: recordFrameIntervals = False
9672.5634 	DATA 	Keypress: x
9676.6377 	EXP 	window1: recordFrameIntervals = False
9677.4576 	DATA 	Keypress: p
9681.2647 	EXP 	window1: recordFrameIntervals = False
9682.2349 	DATA 	Keypress: f
9686.1089 	EXP 	window1: recordFrameIntervals = False
9687.1961 	DATA 	Keypress: k
9691.3038 	EXP 	window1: recordFrameIntervals = False
9692.7752 	DATA 	Keypress: o
9697.0166 	EXP 	window1: recordFrameIntervals = False
9697.8877 	DATA 	Keypress: m
9701.7940 	EXP 	window1: recordFrameIntervals = False
9703.0148 	DATA 	Keypress: t
9707.3046 	EXP 	window1: recordFrameIntervals = False
9708.1914 	DATA 	Keypress: w
9712.4161 	EXP 	window1: recordFrameIntervals = False
9713.3714 	DATA 	Keypress: f
9717.2953 	EXP 	window1: recordFrameIntervals = False
9718.4828 	DATA 	Keypress: z
9722.7575 	EXP 	window1: recordFrameIntervals = False
9723.5442 	DATA 	Keypress: t
9727.6351 	EXP 	window1: recordFrameIntervals = False
9728.3047 	DATA 	Keypress: l
9732.4292 	EXP 	window1: recordFrameIntervals = False
9733.4328 	DATA 	Keypress: p
9737.2400 	EXP 	window1: recordFrameIntervals = False
9738.3941 	DATA 	Keypress: s
9742.3681 	EXP 	window1: recordFrameIntervals = False
9743.5389 	DATA 	Keypress: x
9747.4947 	EXP 	window1: recordFrameIntervals = False
9748.4817 	DATA 	Keypress: f
9752.7564 	EXP 	window1: recordFrameIntervals = False
9753.9956 	DATA 	Keypress: p
9757.8027 	EXP 	window1: recordFrameIntervals = False
9758.8900 	DATA 	Keypress: j
9762.9475 	EXP 	window1: recordFrameIntervals = False
9763.8510 	DATA 	Keypress: w
9767.7082 	EXP 	window1: recordFrameIntervals = False
9768.6785 	DATA 	Keypress: j
9772.8029 	EXP 	window1: recordFrameIntervals = False
9773.6228 	DATA 	Keypress: w
9777.7139 	EXP 	window1: recordFrameIntervals = False
9779.0350 	DATA 	Keypress: v
9783.2930 	EXP 	window1: recordFrameIntervals = False
9784.3635 	DATA 	Keypress: p
9788.1706 	EXP 	window1: recordFrameIntervals = False
9789.0741 	DATA 	Keypress: b
9792.9464 	EXP 	window1: recordFrameIntervals = False
9793.9668 	DATA 	Keypress: j
9798.2249 	EXP 	window1: recordFrameIntervals = False
9799.5643 	DATA 	Keypress: t
9803.3880 	EXP 	window1: recordFrameIntervals = False
9804.7591 	DATA 	Keypress: m
9809.0173 	EXP 	window1: recordFrameIntervals = False
9809.9209 	DATA 	Keypress: x
9813.7112 	EXP 	window1: recordFrameIntervals = False
9814.6984 	DATA 	Keypress: q
9818.7057 	EXP 	window1: recordFrameIntervals = False
9819.6093 	DATA 	Keypress: y
9823.5331 	EXP 	window1: recordFrameIntervals = False
9824.6537 	DATA 	Keypress: p
9828.8952 	EXP 	window1: recordFrameIntervals = False
9830.0156 	DATA 	Keypress: m
9833.9548 	EXP 	window1: recordFrameIntervals = False
9833.9552 	ERROR 	trialnum=197 ERROR,1 frames were longer than 20.8 ms apparently screen refreshes skipped, interframe durs were:[ 24.5] and was these frames: [0]
9833.9555 	INFO 	flankers also=[ 24.5  17.1]
9834.9085 	DATA 	Keypress: s
9839.1665 	EXP 	window1: recordFrameIntervals = False
9841.4247 	DATA 	Keypress: s
9845.4489 	EXP 	window1: recordFrameIntervals = False
9846.9704 	DATA 	Keypress: r
9851.0447 	EXP 	window1: recordFrameIntervals = False
9852.0152 	DATA 	Keypress: b
9856.2897 	EXP 	window1: recordFrameIntervals = False
9857.1776 	DATA 	Keypress: g
9861.1507 	EXP 	window1: recordFrameIntervals = False
9862.1051 	DATA 	Keypress: p
9866.2788 	EXP 	window1: recordFrameIntervals = False
9867.1990 	DATA 	Keypress: j
9871.0395 	EXP 	window1: recordFrameIntervals = False
9871.5086 	DATA 	Keypress: w
9875.7483 	EXP 	window1: recordFrameIntervals = False
9876.5850 	DATA 	Keypress: s
9880.7596 	EXP 	window1: recordFrameIntervals = False
9882.0165 	DATA 	Keypress: m
9885.9729 	EXP 	window1: recordFrameIntervals = False
9887.3284 	DATA 	Keypress: p
9891.3516 	EXP 	window1: recordFrameIntervals = False
9892.3219 	DATA 	Keypress: f
9896.3628 	EXP 	window1: recordFrameIntervals = False
9897.3677 	DATA 	Keypress: k
9899.3510 	DATA 	Keypress: space
9903.5439 	EXP 	window1: recordFrameIntervals = False
9904.4807 	DATA 	Keypress: r
9908.6720 	EXP 	window1: recordFrameIntervals = False
9910.0116 	DATA 	Keypress: c
9914.2863 	EXP 	window1: recordFrameIntervals = False
9915.3569 	DATA 	Keypress: f
9919.5481 	EXP 	window1: recordFrameIntervals = False
9920.5017 	DATA 	Keypress: s
9924.3087 	EXP 	window1: recordFrameIntervals = False
9925.3794 	DATA 	Keypress: j
9929.6540 	EXP 	window1: recordFrameIntervals = False
9930.5409 	DATA 	Keypress: z
9934.3645 	EXP 	window1: recordFrameIntervals = False
9936.3372 	DATA 	Keypress: r
9940.2444 	EXP 	window1: recordFrameIntervals = False
9941.1313 	DATA 	Keypress: k
9945.0534 	EXP 	window1: recordFrameIntervals = False
9946.6085 	DATA 	Keypress: y
9950.6326 	EXP 	window1: recordFrameIntervals = False
9951.5864 	DATA 	Keypress: k
9955.6456 	EXP 	window1: recordFrameIntervals = False
9956.5155 	DATA 	Keypress: w
9960.6902 	EXP 	window1: recordFrameIntervals = False
9961.7608 	DATA 	Keypress: d
9965.8517 	EXP 	window1: recordFrameIntervals = False
9966.9557 	DATA 	Keypress: y
9970.8796 	EXP 	window1: recordFrameIntervals = False
9971.8667 	DATA 	Keypress: b
9976.0411 	EXP 	window1: recordFrameIntervals = False
9976.5438 	DATA 	Keypress: h
9980.8186 	EXP 	window1: recordFrameIntervals = False
9981.9726 	DATA 	Keypress: z
9983.0082 	DATA 	Keypress: x
9985.8798 	EXP 	window1: recordFrameIntervals = False
9986.7835 	DATA 	Keypress: s
9991.0564 	EXP 	window1: recordFrameIntervals = False
9993.1961 	DATA 	Keypress: z
9997.1718 	EXP 	window1: recordFrameIntervals = False
9998.2090 	DATA 	Keypress: s
10002.0494 	EXP 	window1: recordFrameIntervals = False
10002.9529 	DATA 	Keypress: j
10006.8267 	EXP 	window1: recordFrameIntervals = False
10007.7312 	DATA 	Keypress: n
10011.8546 	EXP 	window1: recordFrameIntervals = False
10012.8416 	DATA 	Keypress: a
10016.8325 	EXP 	window1: recordFrameIntervals = False
10017.8531 	DATA 	Keypress: z
10021.9607 	EXP 	window1: recordFrameIntervals = False
10023.0649 	DATA 	Keypress: k
10026.9217 	EXP 	window1: recordFrameIntervals = False
10027.8585 	DATA 	Keypress: m
10031.8310 	EXP 	window1: recordFrameIntervals = False
10031.8314 	ERROR 	trialnum=235 ERROR,1 frames were longer than 20.8 ms apparently screen refreshes skipped, interframe durs were:[ 41.5] and was these frames: [0]
10031.8316 	INFO 	flankers also=[ 41.5   2. ]
10032.9696 	DATA 	Keypress: r
10037.1430 	EXP 	window1: recordFrameIntervals = False
10038.0818 	DATA 	Keypress: b
10042.1225 	EXP 	window1: recordFrameIntervals = False
10043.1095 	DATA 	Keypress: t
10046.9164 	EXP 	window1: recordFrameIntervals = False
10047.7531 	DATA 	Keypress: u
10051.9945 	EXP 	window1: recordFrameIntervals = False
10053.1319 	DATA 	Keypress: z
10057.1896 	EXP 	window1: recordFrameIntervals = False
10058.3102 	DATA 	Keypress: d
10062.5516 	EXP 	window1: recordFrameIntervals = False
10064.2903 	DATA 	Keypress: e
10068.0806 	EXP 	window1: recordFrameIntervals = False
10069.2347 	DATA 	Keypress: m
10073.1068 	EXP 	window1: recordFrameIntervals = False
10074.2609 	DATA 	Keypress: p
10078.4855 	EXP 	window1: recordFrameIntervals = False
10083.0155 	DATA 	Keypress: f
10087.1398 	EXP 	window1: recordFrameIntervals = False
10087.9765 	DATA 	Keypress: h
10091.9506 	EXP 	window1: recordFrameIntervals = False
10092.8542 	DATA 	Keypress: z
10096.9785 	EXP 	window1: recordFrameIntervals = False
10097.8153 	DATA 	Keypress: a
10101.8896 	EXP 	window1: recordFrameIntervals = False
10103.6785 	DATA 	Keypress: e
10107.6358 	EXP 	window1: recordFrameIntervals = False
10108.6563 	DATA 	Keypress: z
10112.5133 	EXP 	window1: recordFrameIntervals = False
10113.4670 	DATA 	Keypress: a
10117.5729 	EXP 	window1: recordFrameIntervals = False
10118.4942 	DATA 	Keypress: u
10122.6677 	EXP 	window1: recordFrameIntervals = False
10123.5561 	DATA 	Keypress: p
10127.6973 	EXP 	window1: recordFrameIntervals = False
10128.5183 	DATA 	Keypress: p
10132.5750 	EXP 	window1: recordFrameIntervals = False
10133.8960 	DATA 	Keypress: i
10138.0039 	EXP 	window1: recordFrameIntervals = False
10138.7905 	DATA 	Keypress: y
10143.0316 	EXP 	window1: recordFrameIntervals = False
10144.2527 	DATA 	Keypress: h
10148.3101 	EXP 	window1: recordFrameIntervals = False
10149.3810 	DATA 	Keypress: j
10153.2712 	EXP 	window1: recordFrameIntervals = False
10154.1079 	DATA 	Keypress: g
10157.9484 	EXP 	window1: recordFrameIntervals = False
10158.9522 	DATA 	Keypress: z
10163.2419 	EXP 	window1: recordFrameIntervals = False
10164.4795 	DATA 	Keypress: h
10168.4703 	EXP 	window1: recordFrameIntervals = False
10168.4707 	ERROR 	trialnum=261 ERROR,1 frames were longer than 20.8 ms apparently screen refreshes skipped, interframe durs were:[ 142.4] and was these frames: [53]
10168.4710 	INFO 	flankers also=[  16.7  142.4    2. ]
10169.3420 	DATA 	Keypress: m
10173.3160 	EXP 	window1: recordFrameIntervals = False
10174.3868 	DATA 	Keypress: j
10178.6615 	EXP 	window1: recordFrameIntervals = False
10179.6652 	DATA 	Keypress: j
10183.8898 	EXP 	window1: recordFrameIntervals = False
10185.4280 	DATA 	Keypress: d
10189.2518 	EXP 	window1: recordFrameIntervals = False
10190.4059 	DATA 	Keypress: b
10194.3465 	EXP 	window1: recordFrameIntervals = False
10195.5675 	DATA 	Keypress: s
10199.5582 	EXP 	window1: recordFrameIntervals = False
10200.5787 	DATA 	Keypress: s
10204.5176 	EXP 	window1: recordFrameIntervals = False
10204.5180 	ERROR 	trialnum=268 ERROR,1 frames were longer than 20.8 ms apparently screen refreshes skipped, interframe durs were:[ 42.2] and was these frames: [1]
10204.5183 	INFO 	flankers also=[ 16.7  42.2   1.8]
10205.3711 	DATA 	Keypress: f
10209.6124 	EXP 	window1: recordFrameIntervals = False
10212.5722 	DATA 	Keypress: z
10216.7133 	EXP 	window1: recordFrameIntervals = False
10217.9844 	DATA 	Keypress: b
10221.9918 	EXP 	window1: recordFrameIntervals = False
10223.2459 	DATA 	Keypress: g
10227.5041 	EXP 	window1: recordFrameIntervals = False
10231.1472 	DATA 	Keypress: s
10235.2381 	EXP 	window1: recordFrameIntervals = False
10236.2585 	DATA 	Keypress: n
10240.1658 	EXP 	window1: recordFrameIntervals = False
10241.1360 	DATA 	Keypress: t
10245.0267 	EXP 	window1: recordFrameIntervals = False
10245.6973 	DATA 	Keypress: g
10249.6537 	EXP 	window1: recordFrameIntervals = False
10250.4904 	DATA 	Keypress: t
10254.5798 	EXP 	window1: recordFrameIntervals = False
10255.5335 	DATA 	Keypress: z
10259.5075 	EXP 	window1: recordFrameIntervals = False
10260.4125 	DATA 	Keypress: g
10264.4869 	EXP 	window1: recordFrameIntervals = False
10265.4739 	DATA 	Keypress: d
10265.9915 	INFO 	Finishing at 14:53 on 15 Jul 2019
10268.3821 	EXP 	window1: mouseVisible = True
