31.7494 	INFO 	Successfully set darwin thread to realtime
32.7630 	INFO 	#[ PsychoPy3 RuntimeInfoStart ]
  #[[ PsychoPy ]] #---------
    psychopyVersion: 3.0.3
    psychopyHaveExtRush: True
  #[[ Experiment ]] #---------
    experimentRunTime: 2019_07_09 12:36 (Year_Month_Day Hour:Min)
    experimentRunTime.epoch: 1562690203
    experimentScript: RSVP_visual_now_cue_flipped.py
    experimentScript.digestSHA1: 349f33912571a53ea870f83d28efe1acfc6a9ebc
    experimentScript.directory: /Users/vsg/Documents/GitHub/spatio_temporal_information_processing/RSVP_visual_now
  #[[ System ]] #---------
    systemHaveInternetAccess: True
    systemHostName: VSG-lab1.local
    systemLocale: en_US.UTF-8
    systemMemFreeRAM: 1596.3203125
    systemMemTotalRAM: 4096.0
    systemPlatform: darwin 10.10.5 x86_64
    systemRavailable: R version 3.2.3 (2015-12-10) -- Wooden Christmas-Tree
    systemRebooted: Jul 9 11:41
    systemSec.OpenSSLVersion: OpenSSL 1.0.2l  25 May 2017
    systemSec.pythonSSL: True
    systemTimeNumpySD1000000_sec: 0.0127
    systemUser: vsg
    systemUserID: 502
    systemUserProcCount: 79
    systemUserProcFlagged: mdworker Safari
    systemUsersCount: 1
  #[[ Window ]] #---------
    windowWinType: pyglet
    windowUnits: deg
    windowSize_pix: [1920 1200]
    windowScreen: 0
    windowRgb: [-0.7 -0.7 -0.7]
    windowRefreshTimeSD_ms: 0.027
    windowRefreshTimeMedian_ms: 16.705
    windowRefreshTimeAvg_ms: 16.703
    windowPos_pix: [0, 0]
    windowMonitor.name: testmonitor
    windowMonitor.getWidth_cm: 52.0
    windowMonitor.getDistance_cm: 65.0
    windowMonitor.currentCalibName: 2019_02_04 12:46
    windowIsFullScr: True
  #[[ Python ]] #---------
    pythonVersion: 2.7.13
  #[[ OpenGL ]] #---------
#[ PsychoPy3 RuntimeInfoEnd ]

32.7654 	WARNING 	Could not load the desired click sound file, instead using manually created inferior click
33.1670 	EXP 	Created sequence: random, trialTypes=280, nReps=14, seed=None
33.4048 	INFO 	total SOA (ISI + letterDur)=100.0 or 6 frames, comprising
ISIframes =3 or 50.0 ms and letterDurFrames =3 or 50.0ms
cueDurFrames =3.0 or 50.0 ms

33.4048 	INFO 	numtrials=280 and each trialDurFrames=156 or 2600.0 ms  task=T1
34.4605 	EXP 	Created text = TextStim(alignHoriz='center', alignVert='center', antialias=True, autoLog=True, bold=False, color=array([ 1.,  1.,  1.]), colorSpace='rgb', contrast=1.0, depth=-1.0, flipHoriz=False, flipVert=False, font='Arial', fontFiles=[], height=0.5, italic=False, languageStyle='LTR', name='text', opacity=1.0, ori=0, pos=array([ 0.,  0.]), rgb=array([ 1.,  1.,  1.]), text='', units='deg', win=Window(...), wrapWidth=30)
35.3627 	EXP 	text: text = "Welcome! Thank you for agreeing to participate in this study.\n\nYou will be presented with a Rapid Stream of letters. Your task is to identify one of the letters.\n\nThe stream of letters can appear anywhere on the horizontal axis of the screen, and their position varies from trial to trial.\n\nThe letter you're supposed to identify is accompanied by a probe that appears on the fixation point.\n\nThe probe is a circular disk that will be flashed for a very brief time.\n\nYour task is identify the letter that was present when the probe appeared.\n\nOnce you've identified the letter after the trial ends, type it out on the keyboard.\n\nOh! And one more thing! You will perform this task while fixating in the center, and identifying the letters with your peripheral vision.\n\nIf you're feeling uncomfortable, you can press ESC key any time to stop the experiment.\n\nPress any key when you are ready to begin the experiment.\n\n"
35.3627 	EXP 	text: autoDraw = True
166.7838 	DATA 	Keypress: space
166.7850 	EXP 	text: autoDraw = False
166.7853 	INFO 	Experiment will have 280 trials. Letters will be drawn with superposed noise of0.00%
166.7853 	INFO 	Starting main (non-staircase) part of experiment
170.3849 	EXP 	window1: recordFrameIntervals = False
172.0735 	DATA 	Keypress: f
175.9640 	EXP 	window1: recordFrameIntervals = False
176.9861 	DATA 	Keypress: a
180.3785 	DATA 	Keypress: m
181.1272 	EXP 	window1: recordFrameIntervals = False
181.7634 	DATA 	Keypress: m
185.3900 	DATA 	Keypress: x
186.0382 	EXP 	window1: recordFrameIntervals = False
187.3593 	DATA 	Keypress: c
191.5339 	EXP 	window1: recordFrameIntervals = False
193.1389 	DATA 	Keypress: t
196.8488 	DATA 	Keypress: n
197.2800 	EXP 	window1: recordFrameIntervals = False
198.6177 	DATA 	Keypress: n
202.4083 	EXP 	window1: recordFrameIntervals = False
203.2616 	DATA 	Keypress: s
207.3526 	EXP 	window1: recordFrameIntervals = False
208.0055 	DATA 	Keypress: u
211.5969 	DATA 	Keypress: comma
212.0615 	EXP 	window1: recordFrameIntervals = False
212.0631 	DATA 	Keypress: m
212.5473 	DATA 	Keypress: m
213.4329 	DATA 	Keypress: space
216.2953 	DATA 	Keypress: i
216.4881 	EXP 	window1: recordFrameIntervals = False
216.9239 	DATA 	Keypress: i
221.1669 	EXP 	window1: recordFrameIntervals = False
222.6717 	DATA 	Keypress: p
226.3198 	DATA 	Keypress: w
226.5122 	EXP 	window1: recordFrameIntervals = False
228.2351 	DATA 	Keypress: t
232.4923 	EXP 	window1: recordFrameIntervals = False
232.9614 	DATA 	Keypress: f
236.8022 	EXP 	window1: recordFrameIntervals = False
236.9370 	DATA 	Keypress: p
241.1952 	EXP 	window1: recordFrameIntervals = False
242.0485 	DATA 	Keypress: a
246.2898 	EXP 	window1: recordFrameIntervals = False
246.2902 	ERROR 	trialnum=15 ERROR,1 frames were longer than 20.8 ms apparently screen refreshes skipped, interframe durs were:[ 121.] and was these frames: [113]
246.2906 	INFO 	flankers also=[  16.7  121.     2. ]
246.8758 	DATA 	Keypress: m
250.9502 	EXP 	window1: recordFrameIntervals = False
251.6366 	DATA 	Keypress: t
255.5303 	DATA 	Keypress: a
255.6608 	EXP 	window1: recordFrameIntervals = False
258.4183 	DATA 	Keypress: a
262.7083 	EXP 	window1: recordFrameIntervals = False
263.0938 	DATA 	Keypress: a
267.2852 	EXP 	window1: recordFrameIntervals = False
267.3869 	DATA 	Keypress: h
271.2123 	EXP 	window1: recordFrameIntervals = False
272.0155 	DATA 	Keypress: c
276.0899 	EXP 	window1: recordFrameIntervals = False
277.0434 	DATA 	Keypress: g
280.5029 	DATA 	Keypress: f
280.8338 	EXP 	window1: recordFrameIntervals = False
281.4032 	DATA 	Keypress: f
285.5110 	EXP 	window1: recordFrameIntervals = False
285.7963 	DATA 	Keypress: h
289.8237 	DATA 	Keypress: y
289.8707 	EXP 	window1: recordFrameIntervals = False
290.9245 	DATA 	Keypress: y
294.9989 	EXP 	window1: recordFrameIntervals = False
295.2675 	DATA 	Keypress: e
299.1247 	EXP 	window1: recordFrameIntervals = False
299.5280 	DATA 	Keypress: f
302.7341 	DATA 	Keypress: u
303.3021 	DATA 	Keypress: u
303.3827 	EXP 	window1: recordFrameIntervals = False
303.7683 	DATA 	Keypress: u
307.7090 	EXP 	window1: recordFrameIntervals = False
308.3284 	DATA 	Keypress: e
312.3543 	EXP 	window1: recordFrameIntervals = False
312.3562 	DATA 	Keypress: s
313.4583 	DATA 	Keypress: s
317.0347 	DATA 	Keypress: p
317.3489 	EXP 	window1: recordFrameIntervals = False
317.7345 	DATA 	Keypress: p
321.8589 	EXP 	window1: recordFrameIntervals = False
322.6956 	DATA 	Keypress: m
326.5724 	DATA 	Keypress: l
326.5862 	EXP 	window1: recordFrameIntervals = False
327.0052 	DATA 	Keypress: l
330.8792 	EXP 	window1: recordFrameIntervals = False
331.4654 	DATA 	Keypress: y
334.4448 	DATA 	Keypress: a
335.3391 	EXP 	window1: recordFrameIntervals = False
335.6748 	DATA 	Keypress: a
339.6488 	EXP 	window1: recordFrameIntervals = False
339.7841 	DATA 	Keypress: v
343.7914 	EXP 	window1: recordFrameIntervals = False
343.8429 	DATA 	Keypress: a
348.1161 	EXP 	window1: recordFrameIntervals = False
348.5184 	DATA 	Keypress: p
352.0614 	DATA 	Keypress: k
352.4424 	EXP 	window1: recordFrameIntervals = False
352.8459 	DATA 	Keypress: k
356.8372 	EXP 	window1: recordFrameIntervals = False
356.8555 	DATA 	Keypress: y
360.4318 	DATA 	Keypress: s
360.9966 	EXP 	window1: recordFrameIntervals = False
361.2988 	DATA 	Keypress: s
364.7456 	DATA 	Keypress: z
365.2469 	DATA 	Keypress: z
365.5401 	EXP 	window1: recordFrameIntervals = False
365.9926 	DATA 	Keypress: z
369.7829 	EXP 	window1: recordFrameIntervals = False
370.4357 	DATA 	Keypress: t
374.4767 	EXP 	window1: recordFrameIntervals = False
374.6452 	DATA 	Keypress: o
378.9033 	EXP 	window1: recordFrameIntervals = False
378.9892 	DATA 	Keypress: l
383.0108 	EXP 	window1: recordFrameIntervals = False
383.8308 	DATA 	Keypress: l
388.0220 	EXP 	window1: recordFrameIntervals = False
389.1109 	DATA 	Keypress: l
393.0356 	EXP 	window1: recordFrameIntervals = False
393.1700 	DATA 	Keypress: m
397.3112 	EXP 	window1: recordFrameIntervals = False
397.4797 	DATA 	Keypress: p
401.7043 	EXP 	window1: recordFrameIntervals = False
401.8059 	DATA 	Keypress: e
405.6997 	DATA 	Keypress: i
405.9805 	EXP 	window1: recordFrameIntervals = False
408.0031 	DATA 	Keypress: i
411.8939 	EXP 	window1: recordFrameIntervals = False
413.8998 	DATA 	Keypress: t
417.8905 	EXP 	window1: recordFrameIntervals = False
418.6937 	DATA 	Keypress: w
422.8834 	EXP 	window1: recordFrameIntervals = False
424.2213 	DATA 	Keypress: m
428.2120 	EXP 	window1: recordFrameIntervals = False
428.2138 	DATA 	Keypress: i
428.7312 	DATA 	Keypress: i
432.6101 	DATA 	Keypress: j
432.6235 	EXP 	window1: recordFrameIntervals = False
433.1429 	DATA 	Keypress: j
437.0501 	EXP 	window1: recordFrameIntervals = False
438.3713 	DATA 	Keypress: a
442.6125 	EXP 	window1: recordFrameIntervals = False
444.9191 	DATA 	Keypress: g
449.1605 	EXP 	window1: recordFrameIntervals = False
450.4816 	DATA 	Keypress: l
454.7093 	DATA 	Keypress: f
454.7397 	EXP 	window1: recordFrameIntervals = False
455.2254 	DATA 	Keypress: f
459.4502 	EXP 	window1: recordFrameIntervals = False
460.6376 	DATA 	Keypress: t
464.5450 	EXP 	window1: recordFrameIntervals = False
464.9975 	DATA 	Keypress: w
469.1537 	EXP 	window1: recordFrameIntervals = False
469.3890 	DATA 	Keypress: k
473.4633 	EXP 	window1: recordFrameIntervals = False
473.9993 	DATA 	Keypress: b
477.8748 	EXP 	window1: recordFrameIntervals = False
477.8752 	ERROR 	trialnum=64 ERROR,1 frames were longer than 20.8 ms apparently screen refreshes skipped, interframe durs were:[ 137.4] and was these frames: [149]
477.8756 	INFO 	flankers also=[  16.7  137.4    2.1]
478.5613 	DATA 	Keypress: k
482.4684 	EXP 	window1: recordFrameIntervals = False
483.8899 	DATA 	Keypress: s
487.9306 	EXP 	window1: recordFrameIntervals = False
488.8844 	DATA 	Keypress: u
492.8111 	DATA 	Keypress: e
492.9585 	EXP 	window1: recordFrameIntervals = False
493.4945 	DATA 	Keypress: e
497.6022 	EXP 	window1: recordFrameIntervals = False
497.9379 	DATA 	Keypress: b
501.9788 	EXP 	window1: recordFrameIntervals = False
502.6484 	DATA 	Keypress: b
510.1677 	DATA 	Keypress: space
514.1710 	EXP 	window1: recordFrameIntervals = False
514.6078 	DATA 	Keypress: j
518.1046 	DATA 	Keypress: p
518.3972 	EXP 	window1: recordFrameIntervals = False
518.9507 	DATA 	Keypress: p
523.1429 	EXP 	window1: recordFrameIntervals = False
523.1786 	DATA 	Keypress: v
526.2202 	DATA 	Keypress: p
526.9383 	DATA 	Keypress: p
527.2854 	EXP 	window1: recordFrameIntervals = False
527.6717 	DATA 	Keypress: p
531.8790 	EXP 	window1: recordFrameIntervals = False
532.5995 	DATA 	Keypress: l
536.5728 	EXP 	window1: recordFrameIntervals = False
537.6945 	DATA 	Keypress: y
541.9515 	EXP 	window1: recordFrameIntervals = False
542.9720 	DATA 	Keypress: x
546.7486 	DATA 	Keypress: t
546.9126 	EXP 	window1: recordFrameIntervals = False
548.6512 	DATA 	Keypress: t
552.5920 	EXP 	window1: recordFrameIntervals = False
553.5957 	DATA 	Keypress: t
557.5030 	EXP 	window1: recordFrameIntervals = False
557.5048 	DATA 	Keypress: j
558.1737 	DATA 	Keypress: j
562.2285 	EXP 	window1: recordFrameIntervals = False
562.2467 	DATA 	Keypress: m
565.8229 	DATA 	Keypress: u
566.2543 	EXP 	window1: recordFrameIntervals = False
566.4060 	DATA 	Keypress: u
570.1846 	DATA 	Keypress: n
570.6491 	EXP 	window1: recordFrameIntervals = False
584.3313 	DATA 	Keypress: n
588.1078 	DATA 	Keypress: k
588.3219 	EXP 	window1: recordFrameIntervals = False
588.7578 	DATA 	Keypress: k
592.9156 	EXP 	window1: recordFrameIntervals = False
593.3347 	DATA 	Keypress: y
597.0115 	DATA 	Keypress: y
597.3255 	EXP 	window1: recordFrameIntervals = False
597.6945 	DATA 	Keypress: y
601.7718 	DATA 	Keypress: s
601.8856 	EXP 	window1: recordFrameIntervals = False
602.2713 	DATA 	Keypress: s
605.7974 	DATA 	Keypress: m
606.2287 	EXP 	window1: recordFrameIntervals = False
606.2972 	DATA 	Keypress: m
610.4716 	EXP 	window1: recordFrameIntervals = False
610.5899 	DATA 	Keypress: f
614.1030 	DATA 	Keypress: q
614.5958 	EXP 	window1: recordFrameIntervals = False
614.8479 	DATA 	Keypress: q
618.2235 	DATA 	Keypress: t
619.0726 	EXP 	window1: recordFrameIntervals = False
619.5583 	DATA 	Keypress: t
623.7346 	EXP 	window1: recordFrameIntervals = False
624.1537 	DATA 	Keypress: d
628.3115 	EXP 	window1: recordFrameIntervals = False
629.3152 	DATA 	Keypress: u
633.5900 	EXP 	window1: recordFrameIntervals = False
634.7608 	DATA 	Keypress: v
639.0355 	EXP 	window1: recordFrameIntervals = False
639.9223 	DATA 	Keypress: s
644.1302 	EXP 	window1: recordFrameIntervals = False
645.1507 	DATA 	Keypress: d
649.1416 	EXP 	window1: recordFrameIntervals = False
649.1774 	DATA 	Keypress: y
652.7527 	DATA 	Keypress: y
653.1170 	EXP 	window1: recordFrameIntervals = False
654.2712 	DATA 	Keypress: y
658.3604 	EXP 	window1: recordFrameIntervals = False
658.7629 	DATA 	Keypress: p
662.5700 	EXP 	window1: recordFrameIntervals = False
662.9727 	DATA 	Keypress: u
666.3162 	DATA 	Keypress: m
666.9813 	EXP 	window1: recordFrameIntervals = False
667.7345 	DATA 	Keypress: m
671.6251 	EXP 	window1: recordFrameIntervals = False
672.4954 	DATA 	Keypress: j
676.5194 	EXP 	window1: recordFrameIntervals = False
677.4061 	DATA 	Keypress: p
681.4470 	EXP 	window1: recordFrameIntervals = False
682.6012 	DATA 	Keypress: k
686.5752 	EXP 	window1: recordFrameIntervals = False
687.5122 	DATA 	Keypress: d
691.4361 	EXP 	window1: recordFrameIntervals = False
692.7071 	DATA 	Keypress: a
696.9652 	EXP 	window1: recordFrameIntervals = False
697.7850 	DATA 	Keypress: h
701.7743 	EXP 	window1: recordFrameIntervals = False
702.0430 	DATA 	Keypress: b
705.8867 	DATA 	Keypress: j
705.9338 	EXP 	window1: recordFrameIntervals = False
706.5196 	DATA 	Keypress: j
710.5703 	DATA 	Keypress: u
710.6625 	EXP 	window1: recordFrameIntervals = False
711.3320 	DATA 	Keypress: u
715.1559 	EXP 	window1: recordFrameIntervals = False
715.8589 	DATA 	Keypress: d
719.7026 	DATA 	Keypress: s
720.0335 	EXP 	window1: recordFrameIntervals = False
720.3191 	DATA 	Keypress: s
724.0288 	DATA 	Keypress: e
724.4100 	EXP 	window1: recordFrameIntervals = False
724.4615 	DATA 	Keypress: e
728.4857 	EXP 	window1: recordFrameIntervals = False
728.4862 	ERROR 	trialnum=113 ERROR,1 frames were longer than 20.8 ms apparently screen refreshes skipped, interframe durs were:[ 140.5] and was these frames: [149]
728.4866 	INFO 	flankers also=[  16.7  140.5    2.1]
730.5252 	DATA 	Keypress: i
734.6662 	EXP 	window1: recordFrameIntervals = False
735.5364 	DATA 	Keypress: k
739.7610 	EXP 	window1: recordFrameIntervals = False
739.9295 	DATA 	Keypress: b
744.2193 	EXP 	window1: recordFrameIntervals = False
745.2564 	DATA 	Keypress: o
749.4476 	EXP 	window1: recordFrameIntervals = False
749.4547 	DATA 	Keypress: y
753.4081 	EXP 	window1: recordFrameIntervals = False
753.8439 	DATA 	Keypress: r
757.8044 	DATA 	Keypress: k
758.0519 	EXP 	window1: recordFrameIntervals = False
758.9052 	DATA 	Keypress: k
762.7124 	EXP 	window1: recordFrameIntervals = False
763.5996 	DATA 	Keypress: k
767.2805 	DATA 	Keypress: m
767.6813 	DATA 	Keypress: m
767.8739 	EXP 	window1: recordFrameIntervals = False
768.9276 	DATA 	Keypress: m
773.1857 	EXP 	window1: recordFrameIntervals = False
774.0726 	DATA 	Keypress: n
778.3306 	EXP 	window1: recordFrameIntervals = False
778.7330 	DATA 	Keypress: r
782.6433 	DATA 	Keypress: m
782.8073 	EXP 	window1: recordFrameIntervals = False
783.6272 	DATA 	Keypress: m
787.5178 	EXP 	window1: recordFrameIntervals = False
788.3378 	DATA 	Keypress: b
792.1933 	EXP 	window1: recordFrameIntervals = False
792.6961 	DATA 	Keypress: e
796.7064 	DATA 	Keypress: a
796.7368 	EXP 	window1: recordFrameIntervals = False
797.2894 	DATA 	Keypress: a
800.6335 	DATA 	Keypress: c
800.9554 	DATA 	Keypress: c
801.2486 	EXP 	window1: recordFrameIntervals = False
801.5007 	DATA 	Keypress: c
805.6281 	DATA 	Keypress: r
805.6920 	EXP 	window1: recordFrameIntervals = False
805.9939 	DATA 	Keypress: r
809.9347 	EXP 	window1: recordFrameIntervals = False
810.4874 	DATA 	Keypress: h
814.4783 	EXP 	window1: recordFrameIntervals = False
815.2647 	DATA 	Keypress: e
818.8912 	DATA 	Keypress: g
819.3390 	EXP 	window1: recordFrameIntervals = False
819.5744 	DATA 	Keypress: g
823.0339 	DATA 	Keypress: i
823.4514 	DATA 	Keypress: i
823.7658 	EXP 	window1: recordFrameIntervals = False
824.0011 	DATA 	Keypress: i
827.3266 	DATA 	Keypress: m
827.7914 	EXP 	window1: recordFrameIntervals = False
827.7988 	DATA 	Keypress: m
831.3553 	DATA 	Keypress: n
831.6483 	EXP 	window1: recordFrameIntervals = False
831.9337 	DATA 	Keypress: n
835.7743 	EXP 	window1: recordFrameIntervals = False
836.7112 	DATA 	Keypress: x
840.5365 	EXP 	window1: recordFrameIntervals = False
840.9723 	DATA 	Keypress: r
845.1970 	EXP 	window1: recordFrameIntervals = False
845.4824 	DATA 	Keypress: p
849.2894 	EXP 	window1: recordFrameIntervals = False
850.4101 	DATA 	Keypress: p
853.4169 	DATA 	Keypress: space
856.9918 	DATA 	Keypress: b
857.3391 	EXP 	window1: recordFrameIntervals = False
859.1296 	DATA 	Keypress: b
863.1872 	EXP 	window1: recordFrameIntervals = False
863.8902 	DATA 	Keypress: u
868.0314 	EXP 	window1: recordFrameIntervals = False
868.1832 	DATA 	Keypress: d
871.6758 	DATA 	Keypress: h
872.0571 	EXP 	window1: recordFrameIntervals = False
872.7599 	DATA 	Keypress: h
876.9848 	EXP 	window1: recordFrameIntervals = False
877.3537 	DATA 	Keypress: r
881.0686 	DATA 	Keypress: u
881.1608 	EXP 	window1: recordFrameIntervals = False
881.5964 	DATA 	Keypress: u
885.3899 	DATA 	Keypress: i
885.7042 	EXP 	window1: recordFrameIntervals = False
887.4262 	DATA 	Keypress: o
891.6843 	EXP 	window1: recordFrameIntervals = False
891.8872 	DATA 	Keypress: p
896.0257 	EXP 	window1: recordFrameIntervals = False
897.0630 	DATA 	Keypress: w
900.9567 	DATA 	Keypress: h
901.2875 	EXP 	window1: recordFrameIntervals = False
901.3724 	DATA 	Keypress: h
905.6489 	EXP 	window1: recordFrameIntervals = False
906.7195 	DATA 	Keypress: h
910.7134 	DATA 	Keypress: d
910.8940 	EXP 	window1: recordFrameIntervals = False
911.4143 	DATA 	Keypress: d
914.6221 	DATA 	Keypress: j
915.2569 	DATA 	Keypress: j
915.3373 	EXP 	window1: recordFrameIntervals = False
915.8400 	DATA 	Keypress: j
919.4662 	DATA 	Keypress: v
919.8139 	EXP 	window1: recordFrameIntervals = False
920.0827 	DATA 	Keypress: v
923.6971 	DATA 	Keypress: r
924.1098 	DATA 	Keypress: r
924.1904 	EXP 	window1: recordFrameIntervals = False
924.6595 	DATA 	Keypress: r
928.5335 	EXP 	window1: recordFrameIntervals = False
929.0194 	DATA 	Keypress: r
932.9267 	EXP 	window1: recordFrameIntervals = False
932.9950 	DATA 	Keypress: m
936.5529 	DATA 	Keypress: t
937.0843 	EXP 	window1: recordFrameIntervals = False
937.5367 	DATA 	Keypress: t
941.0298 	DATA 	Keypress: t
941.6445 	EXP 	window1: recordFrameIntervals = False
941.7973 	DATA 	Keypress: t
945.7053 	EXP 	window1: recordFrameIntervals = False
946.7090 	DATA 	Keypress: m
950.6998 	EXP 	window1: recordFrameIntervals = False
951.8539 	DATA 	Keypress: y
955.7139 	DATA 	Keypress: n
955.9783 	EXP 	window1: recordFrameIntervals = False
956.1968 	DATA 	Keypress: n
960.0707 	EXP 	window1: recordFrameIntervals = False
960.0711 	ERROR 	trialnum=162 ERROR,1 frames were longer than 20.8 ms apparently screen refreshes skipped, interframe durs were:[ 141.6] and was these frames: [149]
960.0714 	INFO 	flankers also=[  16.4  141.6    2.1]
961.0577 	DATA 	Keypress: f
964.8894 	DATA 	Keypress: d
964.9818 	EXP 	window1: recordFrameIntervals = False
965.2838 	DATA 	Keypress: d
969.1244 	EXP 	window1: recordFrameIntervals = False
970.5123 	DATA 	Keypress: p
974.5699 	EXP 	window1: recordFrameIntervals = False
975.1894 	DATA 	Keypress: r
979.0950 	EXP 	window1: recordFrameIntervals = False
979.0954 	ERROR 	trialnum=166 ERROR,1 frames were longer than 20.8 ms apparently screen refreshes skipped, interframe durs were:[ 41.2] and was these frames: [3]
979.0957 	INFO 	flankers also=[ 16.8  41.2   1.9]
980.3159 	DATA 	Keypress: u
984.3568 	EXP 	window1: recordFrameIntervals = False
984.4920 	DATA 	Keypress: m
988.4175 	EXP 	window1: recordFrameIntervals = False
988.8534 	DATA 	Keypress: n
992.9109 	EXP 	window1: recordFrameIntervals = False
993.0964 	DATA 	Keypress: k
996.9867 	EXP 	window1: recordFrameIntervals = False
996.9884 	DATA 	Keypress: m
1000.2955 	DATA 	Keypress: m
1004.1862 	EXP 	window1: recordFrameIntervals = False
1006.2256 	DATA 	Keypress: s
1010.0327 	EXP 	window1: recordFrameIntervals = False
1010.0344 	DATA 	Keypress: f
1012.3057 	DATA 	Keypress: f
1016.2496 	DATA 	Keypress: m
1016.4302 	EXP 	window1: recordFrameIntervals = False
1016.8158 	DATA 	Keypress: m
1019.7909 	DATA 	Keypress: n
1020.1633 	DATA 	Keypress: n
1020.5635 	DATA 	Keypress: n
1020.7566 	EXP 	window1: recordFrameIntervals = False
1020.9250 	DATA 	Keypress: n
1024.4680 	DATA 	Keypress: j
1024.9493 	EXP 	window1: recordFrameIntervals = False
1025.0343 	DATA 	Keypress: j
1028.8565 	EXP 	window1: recordFrameIntervals = False
1029.2421 	DATA 	Keypress: v
1033.3243 	DATA 	Keypress: q
1033.5168 	EXP 	window1: recordFrameIntervals = False
1034.0529 	DATA 	Keypress: q
1034.8089 	DATA 	Keypress: w
1035.2921 	DATA 	Keypress: w
1037.2967 	DATA 	Keypress: m
1037.8616 	EXP 	window1: recordFrameIntervals = False
1040.7862 	DATA 	Keypress: r
1044.9775 	EXP 	window1: recordFrameIntervals = False
1045.8978 	DATA 	Keypress: y
1049.2737 	DATA 	Keypress: r
1049.8126 	DATA 	Keypress: r
1050.0054 	EXP 	window1: recordFrameIntervals = False
1050.2573 	DATA 	Keypress: r
1054.2149 	EXP 	window1: recordFrameIntervals = False
1055.8201 	DATA 	Keypress: s
1059.6847 	DATA 	Keypress: n
1060.0779 	EXP 	window1: recordFrameIntervals = False
1060.2464 	DATA 	Keypress: n
1063.6059 	DATA 	Keypress: k
1064.4210 	EXP 	window1: recordFrameIntervals = False
1064.4726 	DATA 	Keypress: k
1067.9366 	DATA 	Keypress: u
1068.6304 	EXP 	window1: recordFrameIntervals = False
1069.0494 	DATA 	Keypress: u
1072.4236 	DATA 	Keypress: k
1072.9581 	DATA 	Keypress: k
1072.9719 	EXP 	window1: recordFrameIntervals = False
1073.4744 	DATA 	Keypress: k
1077.2177 	DATA 	Keypress: v
1077.6657 	EXP 	window1: recordFrameIntervals = False
1077.7841 	DATA 	Keypress: v
1081.9101 	EXP 	window1: recordFrameIntervals = False
1082.7804 	DATA 	Keypress: y
1086.5706 	EXP 	window1: recordFrameIntervals = False
1086.9729 	DATA 	Keypress: l
1090.9136 	EXP 	window1: recordFrameIntervals = False
1091.5164 	DATA 	Keypress: e
1094.4081 	DATA 	Keypress: s
1094.8471 	DATA 	Keypress: s
1095.3404 	EXP 	window1: recordFrameIntervals = False
1095.3421 	DATA 	Keypress: s
1095.8093 	DATA 	Keypress: s
1099.8170 	EXP 	window1: recordFrameIntervals = False
1100.5536 	DATA 	Keypress: q
1101.3385 	DATA 	Keypress: w
1104.1797 	DATA 	Keypress: v
1104.8282 	EXP 	window1: recordFrameIntervals = False
1104.8465 	DATA 	Keypress: v
1108.6367 	EXP 	window1: recordFrameIntervals = False
1110.0649 	DATA 	Keypress: t
1114.0805 	EXP 	window1: recordFrameIntervals = False
1114.3159 	DATA 	Keypress: n
1118.3568 	EXP 	window1: recordFrameIntervals = False
1121.0159 	DATA 	Keypress: j
1125.1737 	EXP 	window1: recordFrameIntervals = False
1126.1274 	DATA 	Keypress: x
1130.4021 	EXP 	window1: recordFrameIntervals = False
1131.3892 	DATA 	Keypress: s
1134.9162 	DATA 	Keypress: s
1135.3163 	DATA 	Keypress: s
1135.5469 	EXP 	window1: recordFrameIntervals = False
1136.0163 	DATA 	Keypress: s
1139.4254 	DATA 	Keypress: k
1139.8565 	EXP 	window1: recordFrameIntervals = False
1140.3091 	DATA 	Keypress: k
1144.1328 	EXP 	window1: recordFrameIntervals = False
1144.5352 	DATA 	Keypress: m
1148.4926 	EXP 	window1: recordFrameIntervals = False
1149.5800 	DATA 	Keypress: z
1152.7702 	DATA 	Keypress: w
1153.4353 	EXP 	window1: recordFrameIntervals = False
1153.4868 	DATA 	Keypress: w
1157.5947 	EXP 	window1: recordFrameIntervals = False
1158.3311 	DATA 	Keypress: h
1162.2901 	EXP 	window1: recordFrameIntervals = False
1162.6759 	DATA 	Keypress: t
1166.5831 	EXP 	window1: recordFrameIntervals = False
1167.0188 	DATA 	Keypress: e
1170.9841 	DATA 	Keypress: r
1171.1767 	EXP 	window1: recordFrameIntervals = False
1171.3953 	DATA 	Keypress: r
1175.2525 	EXP 	window1: recordFrameIntervals = False
1175.3709 	DATA 	Keypress: v
1179.5621 	EXP 	window1: recordFrameIntervals = False
1179.7809 	DATA 	Keypress: k
1183.4906 	DATA 	Keypress: v
1183.7549 	EXP 	window1: recordFrameIntervals = False
1183.8900 	DATA 	Keypress: v
1186.7067 	DATA 	Keypress: space
1190.4595 	DATA 	Keypress: l
1190.5518 	EXP 	window1: recordFrameIntervals = False
1192.8082 	DATA 	Keypress: l
1196.1594 	DATA 	Keypress: r
1196.6349 	DATA 	Keypress: r
1196.7490 	EXP 	window1: recordFrameIntervals = False
1197.2032 	DATA 	Keypress: r
1201.2440 	EXP 	window1: recordFrameIntervals = False
1201.7299 	DATA 	Keypress: a
1205.5870 	EXP 	window1: recordFrameIntervals = False
1206.8747 	DATA 	Keypress: t
1210.2171 	DATA 	Keypress: k
1210.8185 	DATA 	Keypress: k
1210.9825 	EXP 	window1: recordFrameIntervals = False
1211.5519 	DATA 	Keypress: k
1215.4926 	EXP 	window1: recordFrameIntervals = False
1216.3459 	DATA 	Keypress: t
1220.1864 	EXP 	window1: recordFrameIntervals = False
1220.3049 	DATA 	Keypress: y
1223.8977 	DATA 	Keypress: f
1224.4125 	EXP 	window1: recordFrameIntervals = False
1224.4140 	DATA 	Keypress: f
1224.8816 	DATA 	Keypress: f
1228.7221 	EXP 	window1: recordFrameIntervals = False
1230.6112 	DATA 	Keypress: t
1234.8844 	EXP 	window1: recordFrameIntervals = False
1235.5049 	DATA 	Keypress: y
1239.7787 	EXP 	window1: recordFrameIntervals = False
1240.5819 	DATA 	Keypress: l
1244.4574 	EXP 	window1: recordFrameIntervals = False
1244.4924 	DATA 	Keypress: h
1248.2827 	EXP 	window1: recordFrameIntervals = False
1249.6371 	DATA 	Keypress: m
1253.8117 	EXP 	window1: recordFrameIntervals = False
1253.8134 	DATA 	Keypress: u
1254.2639 	DATA 	Keypress: u
1258.2550 	EXP 	window1: recordFrameIntervals = False
1259.6931 	DATA 	Keypress: g
1263.6337 	EXP 	window1: recordFrameIntervals = False
1265.0048 	DATA 	Keypress: l
1269.0625 	EXP 	window1: recordFrameIntervals = False
1270.3835 	DATA 	Keypress: u
1274.2892 	EXP 	window1: recordFrameIntervals = False
1274.2896 	ERROR 	trialnum=227 ERROR,1 frames were longer than 20.8 ms apparently screen refreshes skipped, interframe durs were:[ 26.] and was these frames: [11]
1274.2899 	INFO 	flankers also=[ 16.8  26.   15.6]
1274.4911 	DATA 	Keypress: m
1278.6824 	EXP 	window1: recordFrameIntervals = False
1278.9510 	DATA 	Keypress: a
1282.5457 	DATA 	Keypress: p
1283.0271 	EXP 	window1: recordFrameIntervals = False
1283.0275 	ERROR 	trialnum=229 ERROR,1 frames were longer than 20.8 ms apparently screen refreshes skipped, interframe durs were:[ 21.] and was these frames: [15]
1283.0277 	INFO 	flankers also=[ 16.8  21.   14.1]
1283.0454 	DATA 	Keypress: p
1286.9692 	EXP 	window1: recordFrameIntervals = False
1287.1045 	DATA 	Keypress: s
1290.9114 	EXP 	window1: recordFrameIntervals = False
1292.0988 	DATA 	Keypress: h
1295.6419 	DATA 	Keypress: b
1296.0729 	EXP 	window1: recordFrameIntervals = False
1296.3584 	DATA 	Keypress: b
1300.3659 	EXP 	window1: recordFrameIntervals = False
1300.7026 	DATA 	Keypress: x
1304.7758 	EXP 	window1: recordFrameIntervals = False
1305.7294 	DATA 	Keypress: y
1309.8118 	DATA 	Keypress: m
1309.9041 	EXP 	window1: recordFrameIntervals = False
1310.3897 	DATA 	Keypress: m
1314.6462 	EXP 	window1: recordFrameIntervals = False
1314.6812 	DATA 	Keypress: b
1318.5215 	EXP 	window1: recordFrameIntervals = False
1318.9741 	DATA 	Keypress: n
1322.9331 	EXP 	window1: recordFrameIntervals = False
1323.6538 	DATA 	Keypress: m
1327.6103 	EXP 	window1: recordFrameIntervals = False
1328.7143 	DATA 	Keypress: s
1332.8887 	EXP 	window1: recordFrameIntervals = False
1333.7087 	DATA 	Keypress: comma
1334.8287 	DATA 	Keypress: m
1338.8855 	EXP 	window1: recordFrameIntervals = False
1339.2045 	DATA 	Keypress: y
1343.0282 	EXP 	window1: recordFrameIntervals = False
1344.0987 	DATA 	Keypress: y
1347.5412 	DATA 	Keypress: m
1348.4070 	EXP 	window1: recordFrameIntervals = False
1348.4074 	ERROR 	trialnum=243 ERROR,1 frames were longer than 20.8 ms apparently screen refreshes skipped, interframe durs were:[ 97.4] and was these frames: [135]
1348.4077 	INFO 	flankers also=[ 16.7  97.4   2.6]
1349.4105 	DATA 	Keypress: m
1353.5015 	EXP 	window1: recordFrameIntervals = False
1355.3239 	DATA 	Keypress: y
1359.5802 	EXP 	window1: recordFrameIntervals = False
1360.0328 	DATA 	Keypress: q
1363.9232 	EXP 	window1: recordFrameIntervals = False
1364.1252 	DATA 	Keypress: k
1368.3347 	EXP 	window1: recordFrameIntervals = False
1368.8874 	DATA 	Keypress: l
1372.7780 	EXP 	window1: recordFrameIntervals = False
1373.4646 	DATA 	Keypress: k
1377.3081 	DATA 	Keypress: y
1377.4719 	EXP 	window1: recordFrameIntervals = False
1377.9578 	DATA 	Keypress: y
1381.7649 	EXP 	window1: recordFrameIntervals = False
1382.9522 	DATA 	Keypress: h
1386.9264 	EXP 	window1: recordFrameIntervals = False
1387.0782 	DATA 	Keypress: r
1390.9020 	EXP 	window1: recordFrameIntervals = False
1391.1038 	DATA 	Keypress: h
1395.0111 	EXP 	window1: recordFrameIntervals = False
1395.3299 	DATA 	Keypress: a
1399.5865 	EXP 	window1: recordFrameIntervals = False
1400.5400 	DATA 	Keypress: l
1404.8147 	EXP 	window1: recordFrameIntervals = False
1404.9333 	DATA 	Keypress: z
1409.1260 	EXP 	window1: recordFrameIntervals = False
1409.1777 	DATA 	Keypress: b
1412.4532 	DATA 	Keypress: s
1412.8082 	DATA 	Keypress: d
1413.3021 	EXP 	window1: recordFrameIntervals = False
1413.5540 	DATA 	Keypress: d
1417.7485 	DATA 	Keypress: r
1417.8122 	EXP 	window1: recordFrameIntervals = False
1418.2654 	DATA 	Keypress: r
1421.9410 	DATA 	Keypress: h
1422.2555 	EXP 	window1: recordFrameIntervals = False
1422.4406 	DATA 	Keypress: h
1426.0384 	DATA 	Keypress: b
1426.5316 	EXP 	window1: recordFrameIntervals = False
1426.5499 	DATA 	Keypress: b
1430.3736 	EXP 	window1: recordFrameIntervals = False
1430.8428 	DATA 	Keypress: s
1435.1008 	EXP 	window1: recordFrameIntervals = False
1435.6536 	DATA 	Keypress: y
1439.2448 	DATA 	Keypress: t
1439.6456 	DATA 	Keypress: t
1439.7763 	EXP 	window1: recordFrameIntervals = False
1439.9781 	DATA 	Keypress: t
1443.8522 	EXP 	window1: recordFrameIntervals = False
1443.8526 	ERROR 	trialnum=264 ERROR,1 frames were longer than 20.8 ms apparently screen refreshes skipped, interframe durs were:[ 144.3] and was these frames: [71]
1443.8528 	INFO 	flankers also=[  16.7  144.3    2. ]
1444.6555 	DATA 	Keypress: s
1447.9661 	DATA 	Keypress: k
1448.3836 	DATA 	Keypress: k
1448.6311 	EXP 	window1: recordFrameIntervals = False
1448.7840 	DATA 	Keypress: k
1452.3473 	DATA 	Keypress: y
1452.8104 	DATA 	Keypress: y
1453.0410 	EXP 	window1: recordFrameIntervals = False
1453.3431 	DATA 	Keypress: y
1457.1033 	DATA 	Keypress: d
1457.1836 	EXP 	window1: recordFrameIntervals = False
1457.5358 	DATA 	Keypress: d
1461.4130 	DATA 	Keypress: s
1461.6269 	EXP 	window1: recordFrameIntervals = False
1461.8122 	DATA 	Keypress: s
1465.7224 	DATA 	Keypress: a
1465.9366 	EXP 	window1: recordFrameIntervals = False
1466.0716 	DATA 	Keypress: a
1469.8789 	EXP 	window1: recordFrameIntervals = False
1470.6652 	DATA 	Keypress: n
1474.2734 	DATA 	Keypress: p
1474.5875 	EXP 	window1: recordFrameIntervals = False
1474.5879 	ERROR 	trialnum=271 ERROR,1 frames were longer than 20.8 ms apparently screen refreshes skipped, interframe durs were:[ 24.7] and was these frames: [2]
1474.5882 	INFO 	flankers also=[ 16.7  24.7  17. ]
1474.7059 	DATA 	Keypress: p
1478.6299 	EXP 	window1: recordFrameIntervals = False
1479.6337 	DATA 	Keypress: s
1482.9778 	DATA 	Keypress: d
1483.5455 	DATA 	Keypress: d
1483.6929 	EXP 	window1: recordFrameIntervals = False
1484.1286 	DATA 	Keypress: d
1487.6216 	DATA 	Keypress: y
1488.2866 	EXP 	window1: recordFrameIntervals = False
1488.2870 	ERROR 	trialnum=274 ERROR,1 frames were longer than 20.8 ms apparently screen refreshes skipped, interframe durs were:[ 28.4] and was these frames: [145]
1488.2873 	INFO 	flankers also=[ 16.7  28.4   5. ]
1488.6221 	DATA 	Keypress: y
1492.0314 	DATA 	Keypress: t
1492.4959 	EXP 	window1: recordFrameIntervals = False
1492.8649 	DATA 	Keypress: t
1496.7084 	DATA 	Keypress: z
1496.8724 	EXP 	window1: recordFrameIntervals = False
1497.3249 	DATA 	Keypress: z
1501.3826 	EXP 	window1: recordFrameIntervals = False
1501.8851 	DATA 	Keypress: r
1505.8926 	EXP 	window1: recordFrameIntervals = False
1506.6302 	DATA 	Keypress: j
1510.4862 	EXP 	window1: recordFrameIntervals = False
1510.6047 	DATA 	Keypress: s
1511.1221 	INFO 	Finishing at 13:01 on 09 Jul 2019
1512.9086 	EXP 	window1: mouseVisible = True
