58.3861 	INFO 	Successfully set darwin thread to realtime
59.4097 	INFO 	#[ PsychoPy3 RuntimeInfoStart ]
  #[[ PsychoPy ]] #---------
    psychopyVersion: 3.0.3
    psychopyHaveExtRush: True
  #[[ Experiment ]] #---------
    experimentRunTime: 2019_07_10 14:01 (Year_Month_Day Hour:Min)
    experimentRunTime.epoch: 1562781679
    experimentScript: RSVP_visual_now_cue_flipped.py
    experimentScript.digestSHA1: 349f33912571a53ea870f83d28efe1acfc6a9ebc
    experimentScript.directory: /Users/vsg/Documents/GitHub/spatio_temporal_information_processing/RSVP_visual_now
  #[[ System ]] #---------
    systemHaveInternetAccess: True
    systemHostName: VSG-lab1.local
    systemLocale: en_US.UTF-8
    systemMemFreeRAM: 1409.296875
    systemMemTotalRAM: 4096.0
    systemPlatform: darwin 10.10.5 x86_64
    systemRavailable: R version 3.2.3 (2015-12-10) -- Wooden Christmas-Tree
    systemRebooted: Jul 9 15:43
    systemSec.OpenSSLVersion: OpenSSL 1.0.2l  25 May 2017
    systemSec.pythonSSL: True
    systemTimeNumpySD1000000_sec: 0.0122
    systemUser: vsg
    systemUserID: 502
    systemUserProcCount: 82
    systemUserProcFlagged: mdworker Safari
    systemUsersCount: 1
  #[[ Window ]] #---------
    windowWinType: pyglet
    windowUnits: deg
    windowSize_pix: [1920 1200]
    windowScreen: 0
    windowRgb: [-0.7 -0.7 -0.7]
    windowRefreshTimeSD_ms: 0.039
    windowRefreshTimeMedian_ms: 16.703
    windowRefreshTimeAvg_ms: 16.703
    windowPos_pix: [0, 0]
    windowMonitor.name: testmonitor
    windowMonitor.getWidth_cm: 52.0
    windowMonitor.getDistance_cm: 65.0
    windowMonitor.currentCalibName: 2019_02_04 12:46
    windowIsFullScr: True
  #[[ Python ]] #---------
    pythonVersion: 2.7.13
  #[[ OpenGL ]] #---------
#[ PsychoPy3 RuntimeInfoEnd ]

59.4121 	WARNING 	Could not load the desired click sound file, instead using manually created inferior click
59.8146 	EXP 	Created sequence: random, trialTypes=280, nReps=14, seed=None
60.0490 	INFO 	total SOA (ISI + letterDur)=100.0 or 6 frames, comprising
ISIframes =3 or 50.0 ms and letterDurFrames =3 or 50.0ms
cueDurFrames =3.0 or 50.0 ms

60.0490 	INFO 	numtrials=280 and each trialDurFrames=156 or 2600.0 ms  task=T1
61.1136 	EXP 	Created text = TextStim(alignHoriz='center', alignVert='center', antialias=True, autoLog=True, bold=False, color=array([ 1.,  1.,  1.]), colorSpace='rgb', contrast=1.0, depth=-1.0, flipHoriz=False, flipVert=False, font='Arial', fontFiles=[], height=0.5, italic=False, languageStyle='LTR', name='text', opacity=1.0, ori=0, pos=array([ 0.,  0.]), rgb=array([ 1.,  1.,  1.]), text='', units='deg', win=Window(...), wrapWidth=30)
62.0349 	EXP 	text: text = "Welcome! Thank you for agreeing to participate in this study.\n\nYou will be presented with a Rapid Stream of letters. Your task is to identify one of the letters.\n\nThe stream of letters can appear anywhere on the horizontal axis of the screen, and their position varies from trial to trial.\n\nThe letter you're supposed to identify is accompanied by a probe that appears on the fixation point.\n\nThe probe is a circular disk that will be flashed for a very brief time.\n\nYour task is identify the letter that was present when the probe appeared.\n\nOnce you've identified the letter after the trial ends, type it out on the keyboard.\n\nOh! And one more thing! You will perform this task while fixating in the center, and identifying the letters with your peripheral vision.\n\nIf you're feeling uncomfortable, you can press ESC key any time to stop the experiment.\n\nPress any key when you are ready to begin the experiment.\n\n"
62.0349 	EXP 	text: autoDraw = True
71.4631 	DATA 	Keypress: return
71.4639 	EXP 	text: autoDraw = False
71.4642 	INFO 	Experiment will have 280 trials. Letters will be drawn with superposed noise of0.00%
71.4642 	INFO 	Starting main (non-staircase) part of experiment
74.8429 	EXP 	window1: recordFrameIntervals = False
77.8688 	DATA 	Keypress: g
81.9938 	EXP 	window1: recordFrameIntervals = False
84.8684 	DATA 	Keypress: f
88.6589 	EXP 	window1: recordFrameIntervals = False
91.3330 	DATA 	Keypress: k
95.3905 	EXP 	window1: recordFrameIntervals = False
97.0280 	DATA 	Keypress: lshift
97.1460 	DATA 	Keypress: i
101.1701 	EXP 	window1: recordFrameIntervals = False
104.9634 	DATA 	Keypress: g
109.0544 	EXP 	window1: recordFrameIntervals = False
109.9746 	DATA 	Keypress: r
113.9319 	EXP 	window1: recordFrameIntervals = False
114.3846 	DATA 	Keypress: x
118.5089 	EXP 	window1: recordFrameIntervals = False
118.7609 	DATA 	Keypress: p
122.5846 	EXP 	window1: recordFrameIntervals = False
123.4381 	DATA 	Keypress: s
127.1799 	DATA 	Keypress: comma
127.5135 	DATA 	Keypress: m
127.6610 	EXP 	window1: recordFrameIntervals = False
131.5712 	DATA 	Keypress: m
135.6639 	EXP 	window1: recordFrameIntervals = False
135.7322 	DATA 	Keypress: p
139.5226 	EXP 	window1: recordFrameIntervals = False
139.6576 	DATA 	Keypress: w
143.9157 	EXP 	window1: recordFrameIntervals = False
145.1377 	DATA 	Keypress: g
149.0438 	EXP 	window1: recordFrameIntervals = False
151.0509 	DATA 	Keypress: w
154.9738 	EXP 	window1: recordFrameIntervals = False
155.6434 	DATA 	Keypress: e
155.8664 	DATA 	Keypress: w
159.9517 	EXP 	window1: recordFrameIntervals = False
159.9521 	ERROR 	trialnum=15 ERROR,1 frames were longer than 20.8 ms apparently screen refreshes skipped, interframe durs were:[ 120.8] and was these frames: [101]
159.9524 	INFO 	flankers also=[  16.7  120.8    1.9]
160.8217 	DATA 	Keypress: p
164.7487 	DATA 	Keypress: w
164.9628 	EXP 	window1: recordFrameIntervals = False
168.1881 	DATA 	Keypress: w
172.1272 	EXP 	window1: recordFrameIntervals = False
172.9638 	DATA 	Keypress: f
176.9045 	EXP 	window1: recordFrameIntervals = False
177.3236 	DATA 	Keypress: p
181.2826 	EXP 	window1: recordFrameIntervals = False
181.2843 	DATA 	Keypress: z
183.5392 	DATA 	Keypress: z
187.6468 	EXP 	window1: recordFrameIntervals = False
187.8489 	DATA 	Keypress: w
191.9231 	EXP 	window1: recordFrameIntervals = False
193.0271 	DATA 	Keypress: x
197.2351 	EXP 	window1: recordFrameIntervals = False
197.9881 	DATA 	Keypress: d
202.1126 	EXP 	window1: recordFrameIntervals = False
203.5005 	DATA 	Keypress: h
207.5247 	EXP 	window1: recordFrameIntervals = False
208.5952 	DATA 	Keypress: w
212.6528 	EXP 	window1: recordFrameIntervals = False
214.0074 	DATA 	Keypress: e
218.1635 	EXP 	window1: recordFrameIntervals = False
220.1361 	DATA 	Keypress: f
223.9264 	EXP 	window1: recordFrameIntervals = False
224.9486 	DATA 	Keypress: s
228.8891 	EXP 	window1: recordFrameIntervals = False
229.5922 	DATA 	Keypress: q
233.2524 	DATA 	Keypress: s
233.6165 	EXP 	window1: recordFrameIntervals = False
234.7371 	DATA 	Keypress: s
238.8949 	EXP 	window1: recordFrameIntervals = False
240.2494 	DATA 	Keypress: d
244.3905 	EXP 	window1: recordFrameIntervals = False
244.9935 	DATA 	Keypress: m
249.0342 	EXP 	window1: recordFrameIntervals = False
250.4557 	DATA 	Keypress: p
253.7812 	DATA 	Keypress: z
254.3294 	EXP 	window1: recordFrameIntervals = False
255.1829 	DATA 	Keypress: z
256.8866 	DATA 	Keypress: s
256.9867 	DATA 	Keypress: z
259.1218 	EXP 	window1: recordFrameIntervals = False
260.5933 	DATA 	Keypress: i
264.4003 	EXP 	window1: recordFrameIntervals = False
265.1367 	DATA 	Keypress: d
269.1292 	EXP 	window1: recordFrameIntervals = False
270.5171 	DATA 	Keypress: a
274.6249 	EXP 	window1: recordFrameIntervals = False
275.4460 	DATA 	Keypress: i
278.9041 	DATA 	Keypress: z
279.4189 	EXP 	window1: recordFrameIntervals = False
280.3057 	DATA 	Keypress: z
284.4802 	EXP 	window1: recordFrameIntervals = False
288.0397 	DATA 	Keypress: p
291.8467 	EXP 	window1: recordFrameIntervals = False
293.0175 	DATA 	Keypress: m
297.1252 	EXP 	window1: recordFrameIntervals = False
298.8630 	DATA 	Keypress: lcommand
299.4652 	DATA 	Keypress: x
303.5896 	EXP 	window1: recordFrameIntervals = False
305.7803 	DATA 	Keypress: a
309.6850 	EXP 	window1: recordFrameIntervals = False
309.9203 	DATA 	Keypress: f
313.7607 	EXP 	window1: recordFrameIntervals = False
315.8503 	DATA 	Keypress: i
319.9596 	EXP 	window1: recordFrameIntervals = False
320.8298 	DATA 	Keypress: j
324.7370 	EXP 	window1: recordFrameIntervals = False
325.0893 	DATA 	Keypress: m
329.3138 	EXP 	window1: recordFrameIntervals = False
330.0838 	DATA 	Keypress: x
334.3418 	EXP 	window1: recordFrameIntervals = False
335.3789 	DATA 	Keypress: m
339.5033 	EXP 	window1: recordFrameIntervals = False
340.7577 	DATA 	Keypress: g
344.8226 	DATA 	Keypress: e
345.0156 	EXP 	window1: recordFrameIntervals = False
346.0861 	DATA 	Keypress: e
350.2424 	EXP 	window1: recordFrameIntervals = False
350.4444 	DATA 	Keypress: z
354.3212 	DATA 	Keypress: m
354.6021 	EXP 	window1: recordFrameIntervals = False
356.3925 	DATA 	Keypress: m
360.3499 	EXP 	window1: recordFrameIntervals = False
360.6021 	DATA 	Keypress: q
364.5259 	EXP 	window1: recordFrameIntervals = False
364.8281 	DATA 	Keypress: u
364.8457 	DATA 	Keypress: l
369.0528 	EXP 	window1: recordFrameIntervals = False
369.7058 	DATA 	Keypress: y
373.9805 	EXP 	window1: recordFrameIntervals = False
374.8673 	DATA 	Keypress: m
378.9917 	EXP 	window1: recordFrameIntervals = False
380.5468 	DATA 	Keypress: l
384.3704 	EXP 	window1: recordFrameIntervals = False
386.2928 	DATA 	Keypress: u
390.3320 	EXP 	window1: recordFrameIntervals = False
393.7746 	DATA 	Keypress: y
397.7503 	EXP 	window1: recordFrameIntervals = False
399.1048 	DATA 	Keypress: l
403.1123 	EXP 	window1: recordFrameIntervals = False
403.9490 	DATA 	Keypress: w
407.7560 	EXP 	window1: recordFrameIntervals = False
410.3633 	DATA 	Keypress: n
414.2539 	EXP 	window1: recordFrameIntervals = False
414.3222 	DATA 	Keypress: w
418.4132 	EXP 	window1: recordFrameIntervals = False
418.4136 	ERROR 	trialnum=64 ERROR,1 frames were longer than 20.8 ms apparently screen refreshes skipped, interframe durs were:[ 137.1] and was these frames: [119]
418.4139 	INFO 	flankers also=[  16.7  137.1    1.9]
424.0951 	DATA 	Keypress: p
427.9846 	EXP 	window1: recordFrameIntervals = False
428.7544 	DATA 	Keypress: u
432.7954 	EXP 	window1: recordFrameIntervals = False
432.9640 	DATA 	Keypress: h
436.9196 	EXP 	window1: recordFrameIntervals = False
438.1238 	DATA 	Keypress: h
441.9642 	EXP 	window1: recordFrameIntervals = False
442.6507 	DATA 	Keypress: y
446.7176 	DATA 	Keypress: l
446.8101 	EXP 	window1: recordFrameIntervals = False
447.9819 	DATA 	Keypress: l
466.0933 	DATA 	Keypress: space
470.2442 	EXP 	window1: recordFrameIntervals = False
471.0809 	DATA 	Keypress: i
475.0717 	EXP 	window1: recordFrameIntervals = False
475.4406 	DATA 	Keypress: p
479.3496 	EXP 	window1: recordFrameIntervals = False
480.7876 	DATA 	Keypress: w
484.8786 	EXP 	window1: recordFrameIntervals = False
485.4147 	DATA 	Keypress: m
489.5891 	EXP 	window1: recordFrameIntervals = False
490.4091 	DATA 	Keypress: a
494.5001 	EXP 	window1: recordFrameIntervals = False
495.4204 	DATA 	Keypress: u
499.4779 	EXP 	window1: recordFrameIntervals = False
499.5807 	DATA 	Keypress: x
503.4702 	EXP 	window1: recordFrameIntervals = False
503.6389 	DATA 	Keypress: q
507.5292 	EXP 	window1: recordFrameIntervals = False
508.4662 	DATA 	Keypress: t
511.6414 	DATA 	Keypress: u
512.2733 	EXP 	window1: recordFrameIntervals = False
513.3437 	DATA 	Keypress: u
516.6344 	DATA 	Keypress: d
517.1826 	EXP 	window1: recordFrameIntervals = False
517.3177 	DATA 	Keypress: d
521.4422 	EXP 	window1: recordFrameIntervals = False
522.4624 	DATA 	Keypress: r
526.6722 	EXP 	window1: recordFrameIntervals = False
526.7405 	DATA 	Keypress: c
530.5642 	EXP 	window1: recordFrameIntervals = False
531.5178 	DATA 	Keypress: y
535.6923 	EXP 	window1: recordFrameIntervals = False
536.4955 	DATA 	Keypress: d
540.3057 	DATA 	Keypress: w
540.4363 	EXP 	window1: recordFrameIntervals = False
541.2061 	DATA 	Keypress: w
545.1134 	EXP 	window1: recordFrameIntervals = False
545.9333 	DATA 	Keypress: r
549.7571 	EXP 	window1: recordFrameIntervals = False
550.1261 	DATA 	Keypress: d
553.5019 	DATA 	Keypress: s
554.0167 	EXP 	window1: recordFrameIntervals = False
554.4860 	DATA 	Keypress: s
558.6754 	EXP 	window1: recordFrameIntervals = False
558.8606 	DATA 	Keypress: t
562.6542 	DATA 	Keypress: q
562.8849 	EXP 	window1: recordFrameIntervals = False
564.0056 	DATA 	Keypress: q
567.7214 	DATA 	Keypress: f
568.1148 	EXP 	window1: recordFrameIntervals = False
568.5338 	DATA 	Keypress: f
572.0602 	DATA 	Keypress: t
572.5081 	EXP 	window1: recordFrameIntervals = False
573.1442 	DATA 	Keypress: t
577.3522 	EXP 	window1: recordFrameIntervals = False
577.9885 	DATA 	Keypress: x
582.1128 	EXP 	window1: recordFrameIntervals = False
582.9663 	DATA 	Keypress: y
586.8903 	EXP 	window1: recordFrameIntervals = False
587.4263 	DATA 	Keypress: y
591.3701 	DATA 	Keypress: e
591.4170 	EXP 	window1: recordFrameIntervals = False
592.3371 	DATA 	Keypress: e
596.2612 	EXP 	window1: recordFrameIntervals = False
597.0645 	DATA 	Keypress: p
601.3543 	EXP 	window1: recordFrameIntervals = False
601.5228 	DATA 	Keypress: x
605.6472 	EXP 	window1: recordFrameIntervals = False
606.6511 	DATA 	Keypress: f
610.6434 	EXP 	window1: recordFrameIntervals = False
612.4490 	DATA 	Keypress: x
616.5900 	EXP 	window1: recordFrameIntervals = False
622.2042 	DATA 	Keypress: q
626.0474 	DATA 	Keypress: e
626.2116 	EXP 	window1: recordFrameIntervals = False
626.7140 	DATA 	Keypress: e
630.8051 	EXP 	window1: recordFrameIntervals = False
631.5082 	DATA 	Keypress: d
635.3988 	EXP 	window1: recordFrameIntervals = False
636.2020 	DATA 	Keypress: p
640.1427 	EXP 	window1: recordFrameIntervals = False
640.8959 	DATA 	Keypress: c
644.5723 	DATA 	Keypress: w
644.9201 	EXP 	window1: recordFrameIntervals = False
645.3559 	DATA 	Keypress: w
649.2297 	EXP 	window1: recordFrameIntervals = False
649.7492 	DATA 	Keypress: y
653.8550 	EXP 	window1: recordFrameIntervals = False
654.0235 	DATA 	Keypress: w
657.8474 	EXP 	window1: recordFrameIntervals = False
658.0160 	DATA 	Keypress: s
662.0751 	EXP 	window1: recordFrameIntervals = False
662.0755 	ERROR 	trialnum=110 ERROR,1 frames were longer than 20.8 ms apparently screen refreshes skipped, interframe durs were:[ 21.] and was these frames: [0]
662.0757 	INFO 	flankers also=[ 21.   14.1]
662.2770 	DATA 	Keypress: w
666.1175 	EXP 	window1: recordFrameIntervals = False
666.2861 	DATA 	Keypress: m
670.1599 	EXP 	window1: recordFrameIntervals = False
671.9822 	DATA 	Keypress: s
675.8559 	EXP 	window1: recordFrameIntervals = False
675.8563 	ERROR 	trialnum=113 ERROR,1 frames were longer than 20.8 ms apparently screen refreshes skipped, interframe durs were:[ 143.9] and was these frames: [101]
675.8566 	INFO 	flankers also=[  16.7  143.9    1.9]
675.9075 	DATA 	Keypress: u
679.7510 	DATA 	Keypress: x
679.9651 	EXP 	window1: recordFrameIntervals = False
680.6850 	DATA 	Keypress: x
684.8260 	EXP 	window1: recordFrameIntervals = False
685.1952 	DATA 	Keypress: q
689.1357 	EXP 	window1: recordFrameIntervals = False
689.5548 	DATA 	Keypress: s
693.3769 	EXP 	window1: recordFrameIntervals = False
693.3773 	ERROR 	trialnum=117 ERROR,1 frames were longer than 20.8 ms apparently screen refreshes skipped, interframe durs were:[ 25.9] and was these frames: [5]
693.3776 	INFO 	flankers also=[ 16.6  25.9  15.8]
693.5787 	DATA 	Keypress: n
697.8034 	EXP 	window1: recordFrameIntervals = False
698.9575 	DATA 	Keypress: e
702.8497 	EXP 	window1: recordFrameIntervals = False
703.7365 	DATA 	Keypress: p
707.7440 	EXP 	window1: recordFrameIntervals = False
708.0128 	DATA 	Keypress: z
712.2207 	EXP 	window1: recordFrameIntervals = False
712.8403 	DATA 	Keypress: c
717.0314 	EXP 	window1: recordFrameIntervals = False
718.5197 	DATA 	Keypress: l
722.2463 	DATA 	Keypress: s
722.5772 	EXP 	window1: recordFrameIntervals = False
723.1466 	DATA 	Keypress: s
727.3211 	EXP 	window1: recordFrameIntervals = False
727.3395 	DATA 	Keypress: j
731.1297 	EXP 	window1: recordFrameIntervals = False
731.4484 	DATA 	Keypress: w
735.0231 	DATA 	Keypress: s
735.5914 	DATA 	Keypress: d
735.7049 	EXP 	window1: recordFrameIntervals = False
736.1740 	DATA 	Keypress: d
740.3486 	EXP 	window1: recordFrameIntervals = False
742.1056 	DATA 	Keypress: p
746.1132 	EXP 	window1: recordFrameIntervals = False
746.1149 	DATA 	Keypress: s
748.2195 	DATA 	Keypress: s
752.0598 	EXP 	window1: recordFrameIntervals = False
754.3497 	DATA 	Keypress: r
758.6079 	EXP 	window1: recordFrameIntervals = False
758.7775 	DATA 	Keypress: j
762.6034 	DATA 	Keypress: x
762.6836 	EXP 	window1: recordFrameIntervals = False
763.2197 	DATA 	Keypress: x
767.0099 	EXP 	window1: recordFrameIntervals = False
768.7821 	DATA 	Keypress: b
773.0234 	EXP 	window1: recordFrameIntervals = False
774.2276 	DATA 	Keypress: d
778.1499 	EXP 	window1: recordFrameIntervals = False
778.1503 	ERROR 	trialnum=134 ERROR,1 frames were longer than 20.8 ms apparently screen refreshes skipped, interframe durs were:[ 24.7] and was these frames: [0]
778.1505 	INFO 	flankers also=[ 24.7  17. ]
779.2372 	DATA 	Keypress: p
783.0441 	EXP 	window1: recordFrameIntervals = False
783.8976 	DATA 	Keypress: s
787.8399 	EXP 	window1: recordFrameIntervals = False
789.7790 	DATA 	Keypress: w
793.7865 	EXP 	window1: recordFrameIntervals = False
794.1889 	DATA 	Keypress: p
798.0628 	EXP 	window1: recordFrameIntervals = False
800.0688 	DATA 	Keypress: z
803.9091 	EXP 	window1: recordFrameIntervals = False
804.3784 	DATA 	Keypress: s
809.7666 	DATA 	Keypress: space
813.6707 	DATA 	Keypress: t
813.8631 	EXP 	window1: recordFrameIntervals = False
814.8167 	DATA 	Keypress: t
819.0748 	EXP 	window1: recordFrameIntervals = False
819.2938 	DATA 	Keypress: z
823.5698 	EXP 	window1: recordFrameIntervals = False
824.2896 	DATA 	Keypress: comma
825.7929 	DATA 	Keypress: m
830.0677 	EXP 	window1: recordFrameIntervals = False
830.4200 	DATA 	Keypress: s
834.2437 	EXP 	window1: recordFrameIntervals = False
834.3788 	DATA 	Keypress: m
838.4030 	EXP 	window1: recordFrameIntervals = False
838.9389 	DATA 	Keypress: d
843.0467 	EXP 	window1: recordFrameIntervals = False
845.2364 	DATA 	Keypress: y
849.2105 	EXP 	window1: recordFrameIntervals = False
849.4959 	DATA 	Keypress: w
853.7539 	EXP 	window1: recordFrameIntervals = False
855.7433 	DATA 	Keypress: x
859.8994 	EXP 	window1: recordFrameIntervals = False
860.6025 	DATA 	Keypress: c
864.4095 	EXP 	window1: recordFrameIntervals = False
865.3296 	DATA 	Keypress: w
869.5727 	EXP 	window1: recordFrameIntervals = False
870.5765 	DATA 	Keypress: c
874.6841 	EXP 	window1: recordFrameIntervals = False
876.1056 	DATA 	Keypress: j
879.9792 	EXP 	window1: recordFrameIntervals = False
880.9663 	DATA 	Keypress: e
885.1743 	EXP 	window1: recordFrameIntervals = False
885.6267 	DATA 	Keypress: a
889.2364 	DATA 	Keypress: q
889.6008 	EXP 	window1: recordFrameIntervals = False
890.0700 	DATA 	Keypress: q
894.0274 	EXP 	window1: recordFrameIntervals = False
894.4132 	DATA 	Keypress: b
898.3019 	EXP 	window1: recordFrameIntervals = False
899.4729 	DATA 	Keypress: q
903.3496 	DATA 	Keypress: k
903.5804 	EXP 	window1: recordFrameIntervals = False
903.9995 	DATA 	Keypress: k
908.2258 	EXP 	window1: recordFrameIntervals = False
909.9812 	DATA 	Keypress: g
914.2393 	EXP 	window1: recordFrameIntervals = False
915.3099 	DATA 	Keypress: q
919.3006 	EXP 	window1: recordFrameIntervals = False
920.3712 	DATA 	Keypress: s
923.4674 	DATA 	Keypress: q
924.2617 	EXP 	window1: recordFrameIntervals = False
924.2621 	ERROR 	trialnum=162 ERROR,1 frames were longer than 20.8 ms apparently screen refreshes skipped, interframe durs were:[ 141.] and was these frames: [101]
924.2624 	INFO 	flankers also=[  16.7  141.     1.9]
924.7978 	DATA 	Keypress: q
928.8720 	EXP 	window1: recordFrameIntervals = False
929.4582 	DATA 	Keypress: w
933.2651 	EXP 	window1: recordFrameIntervals = False
933.7846 	DATA 	Keypress: k
937.6249 	EXP 	window1: recordFrameIntervals = False
938.1109 	DATA 	Keypress: q
941.9496 	EXP 	window1: recordFrameIntervals = False
941.9499 	ERROR 	trialnum=166 ERROR,1 frames were longer than 20.8 ms apparently screen refreshes skipped, interframe durs were:[ 24.5] and was these frames: [6]
941.9502 	INFO 	flankers also=[ 16.7  24.5  17.2]
941.9845 	DATA 	Keypress: k
946.2091 	EXP 	window1: recordFrameIntervals = False
947.0960 	DATA 	Keypress: y
951.0883 	EXP 	window1: recordFrameIntervals = False
951.1400 	DATA 	Keypress: t
955.2507 	DATA 	Keypress: p
955.2644 	EXP 	window1: recordFrameIntervals = False
955.8336 	DATA 	Keypress: p
959.8579 	EXP 	window1: recordFrameIntervals = False
960.6446 	DATA 	Keypress: k
964.7355 	EXP 	window1: recordFrameIntervals = False
966.7415 	DATA 	Keypress: e
970.7823 	EXP 	window1: recordFrameIntervals = False
972.1704 	DATA 	Keypress: q
976.0108 	EXP 	window1: recordFrameIntervals = False
976.5970 	DATA 	Keypress: p
980.4040 	EXP 	window1: recordFrameIntervals = False
981.3075 	DATA 	Keypress: t
985.4332 	DATA 	Keypress: q
985.4469 	EXP 	window1: recordFrameIntervals = False
986.0999 	DATA 	Keypress: q
989.9904 	EXP 	window1: recordFrameIntervals = False
990.3592 	DATA 	Keypress: d
994.3017 	EXP 	window1: recordFrameIntervals = False
995.7396 	DATA 	Keypress: p
999.7972 	EXP 	window1: recordFrameIntervals = False
1000.0327 	DATA 	Keypress: a
1004.0902 	EXP 	window1: recordFrameIntervals = False
1005.0105 	DATA 	Keypress: e
1009.1349 	EXP 	window1: recordFrameIntervals = False
1009.6542 	DATA 	Keypress: q
1013.8788 	EXP 	window1: recordFrameIntervals = False
1014.2979 	DATA 	Keypress: s
1018.1550 	EXP 	window1: recordFrameIntervals = False
1032.2715 	DATA 	Keypress: j
1035.9814 	DATA 	Keypress: x
1036.1286 	EXP 	window1: recordFrameIntervals = False
1036.6144 	DATA 	Keypress: x
1040.8040 	EXP 	window1: recordFrameIntervals = False
1041.3066 	DATA 	Keypress: w
1045.1305 	EXP 	window1: recordFrameIntervals = False
1045.1819 	DATA 	Keypress: l
1049.3414 	EXP 	window1: recordFrameIntervals = False
1050.4620 	DATA 	Keypress: r
1054.4529 	EXP 	window1: recordFrameIntervals = False
1054.8218 	DATA 	Keypress: w
1058.7960 	EXP 	window1: recordFrameIntervals = False
1059.5825 	DATA 	Keypress: q
1063.5566 	EXP 	window1: recordFrameIntervals = False
1063.9089 	DATA 	Keypress: w
1068.1501 	EXP 	window1: recordFrameIntervals = False
1068.2018 	DATA 	Keypress: p
1072.3429 	EXP 	window1: recordFrameIntervals = False
1073.0125 	DATA 	Keypress: e
1077.2372 	EXP 	window1: recordFrameIntervals = False
1078.0405 	DATA 	Keypress: s
1081.8792 	EXP 	window1: recordFrameIntervals = False
1082.4820 	DATA 	Keypress: m
1086.3058 	EXP 	window1: recordFrameIntervals = False
1086.7084 	DATA 	Keypress: y
1090.8677 	EXP 	window1: recordFrameIntervals = False
1091.7712 	DATA 	Keypress: w
1095.6283 	EXP 	window1: recordFrameIntervals = False
1097.0163 	DATA 	Keypress: q
1101.1239 	EXP 	window1: recordFrameIntervals = False
1101.6265 	DATA 	Keypress: r
1105.5506 	EXP 	window1: recordFrameIntervals = False
1106.4708 	DATA 	Keypress: k
1110.6118 	EXP 	window1: recordFrameIntervals = False
1111.1144 	DATA 	Keypress: u
1115.2555 	EXP 	window1: recordFrameIntervals = False
1116.1757 	DATA 	Keypress: w
1120.3669 	EXP 	window1: recordFrameIntervals = False
1121.4374 	DATA 	Keypress: m
1125.4266 	EXP 	window1: recordFrameIntervals = False
1126.3468 	DATA 	Keypress: z
1130.4713 	EXP 	window1: recordFrameIntervals = False
1130.8571 	DATA 	Keypress: j
1134.7658 	EXP 	window1: recordFrameIntervals = False
1135.2685 	DATA 	Keypress: z
1139.3261 	EXP 	window1: recordFrameIntervals = False
1140.2974 	DATA 	Keypress: x
1144.4208 	EXP 	window1: recordFrameIntervals = False
1145.4080 	DATA 	Keypress: j
1149.4320 	EXP 	window1: recordFrameIntervals = False
1150.2853 	DATA 	Keypress: d
1154.1425 	EXP 	window1: recordFrameIntervals = False
1155.2800 	DATA 	Keypress: d
1159.1036 	EXP 	window1: recordFrameIntervals = False
1159.6729 	DATA 	Keypress: p
1175.9351 	DATA 	Keypress: space
1180.0154 	EXP 	window1: recordFrameIntervals = False
1180.9190 	DATA 	Keypress: u
1185.2271 	EXP 	window1: recordFrameIntervals = False
1185.2275 	ERROR 	trialnum=211 ERROR,1 frames were longer than 20.8 ms apparently screen refreshes skipped, interframe durs were:[ 142.3] and was these frames: [113]
1185.2278 	INFO 	flankers also=[  16.7  142.3    2.1]
1185.3287 	DATA 	Keypress: m
1189.2878 	EXP 	window1: recordFrameIntervals = False
1190.2581 	DATA 	Keypress: m
1194.2991 	EXP 	window1: recordFrameIntervals = False
1195.5366 	DATA 	Keypress: r
1199.8113 	EXP 	window1: recordFrameIntervals = False
1201.1669 	DATA 	Keypress: w
1205.3404 	EXP 	window1: recordFrameIntervals = False
1206.7618 	DATA 	Keypress: s
1211.0198 	EXP 	window1: recordFrameIntervals = False
1211.9567 	DATA 	Keypress: f
1215.9642 	EXP 	window1: recordFrameIntervals = False
1216.5503 	DATA 	Keypress: s
1220.4408 	EXP 	window1: recordFrameIntervals = False
1221.7119 	DATA 	Keypress: i
1225.9015 	EXP 	window1: recordFrameIntervals = False
1226.3039 	DATA 	Keypress: r
1230.4785 	EXP 	window1: recordFrameIntervals = False
1230.9475 	DATA 	Keypress: w
1235.2073 	EXP 	window1: recordFrameIntervals = False
1235.5761 	DATA 	Keypress: r
1239.7674 	EXP 	window1: recordFrameIntervals = False
1240.2199 	DATA 	Keypress: w
1244.0103 	EXP 	window1: recordFrameIntervals = False
1245.1476 	DATA 	Keypress: y
1249.2720 	EXP 	window1: recordFrameIntervals = False
1250.7601 	DATA 	Keypress: e
1255.0015 	EXP 	window1: recordFrameIntervals = False
1255.7046 	DATA 	Keypress: e
1259.6285 	EXP 	window1: recordFrameIntervals = False
1260.7993 	DATA 	Keypress: u
1264.8402 	EXP 	window1: recordFrameIntervals = False
1266.2281 	DATA 	Keypress: x
1270.4510 	EXP 	window1: recordFrameIntervals = False
1270.5194 	DATA 	Keypress: a
1274.5298 	DATA 	Keypress: w
1274.5602 	EXP 	window1: recordFrameIntervals = False
1275.4135 	DATA 	Keypress: w
1279.5397 	EXP 	window1: recordFrameIntervals = False
1280.1599 	DATA 	Keypress: g
1283.9908 	DATA 	Keypress: l
1284.0832 	EXP 	window1: recordFrameIntervals = False
1284.7706 	DATA 	Keypress: l
1288.7770 	EXP 	window1: recordFrameIntervals = False
1289.5969 	DATA 	Keypress: g
1293.3874 	EXP 	window1: recordFrameIntervals = False
1293.5727 	DATA 	Keypress: y
1297.8306 	EXP 	window1: recordFrameIntervals = False
1298.7509 	DATA 	Keypress: d
1302.8752 	EXP 	window1: recordFrameIntervals = False
1303.1107 	DATA 	Keypress: s
1307.1349 	EXP 	window1: recordFrameIntervals = False
1307.6208 	DATA 	Keypress: z
1311.7299 	DATA 	Keypress: q
1311.7768 	EXP 	window1: recordFrameIntervals = False
1312.5466 	DATA 	Keypress: 2
1313.3652 	DATA 	Keypress: q
1317.1556 	EXP 	window1: recordFrameIntervals = False
1318.3614 	DATA 	Keypress: p
1322.1518 	EXP 	window1: recordFrameIntervals = False
1322.9884 	DATA 	Keypress: d
1327.0627 	EXP 	window1: recordFrameIntervals = False
1331.1233 	DATA 	Keypress: a
1334.9971 	EXP 	window1: recordFrameIntervals = False
1335.4330 	DATA 	Keypress: x
1339.5740 	EXP 	window1: recordFrameIntervals = False
1340.7606 	DATA 	Keypress: lshift
1343.6180 	DATA 	Keypress: j
1347.5586 	EXP 	window1: recordFrameIntervals = False
1348.4120 	DATA 	Keypress: x
1352.5865 	EXP 	window1: recordFrameIntervals = False
1353.7072 	DATA 	Keypress: y
1357.6295 	EXP 	window1: recordFrameIntervals = False
1357.6299 	ERROR 	trialnum=245 ERROR,1 frames were longer than 20.8 ms apparently screen refreshes skipped, interframe durs were:[ 41.6] and was these frames: [1]
1357.6302 	INFO 	flankers also=[ 16.7  41.6   1.8]
1358.8671 	DATA 	Keypress: k
1363.0415 	EXP 	window1: recordFrameIntervals = False
1363.3939 	DATA 	Keypress: k
1367.4531 	EXP 	window1: recordFrameIntervals = False
1368.2064 	DATA 	Keypress: c
1372.3640 	EXP 	window1: recordFrameIntervals = False
1373.7353 	DATA 	Keypress: w
1377.5924 	EXP 	window1: recordFrameIntervals = False
1378.2621 	DATA 	Keypress: p
1382.5035 	EXP 	window1: recordFrameIntervals = False
1383.3735 	DATA 	Keypress: w
1386.7493 	DATA 	Keypress: z
1387.2974 	EXP 	window1: recordFrameIntervals = False
1387.7333 	DATA 	Keypress: z
1391.5236 	EXP 	window1: recordFrameIntervals = False
1392.0430 	DATA 	Keypress: c
1396.2174 	EXP 	window1: recordFrameIntervals = False
1396.3357 	DATA 	Keypress: p
1400.1124 	DATA 	Keypress: r
1400.2263 	EXP 	window1: recordFrameIntervals = False
1400.6788 	DATA 	Keypress: r
1404.8685 	EXP 	window1: recordFrameIntervals = False
1406.0060 	DATA 	Keypress: q
1409.9297 	EXP 	window1: recordFrameIntervals = False
1410.5007 	DATA 	Keypress: l
1414.7087 	EXP 	window1: recordFrameIntervals = False
1414.9943 	DATA 	Keypress: s
1419.1853 	EXP 	window1: recordFrameIntervals = False
1420.1891 	DATA 	Keypress: m
1424.4305 	EXP 	window1: recordFrameIntervals = False
1425.5512 	DATA 	Keypress: t
1429.6255 	EXP 	window1: recordFrameIntervals = False
1429.6259 	ERROR 	trialnum=260 ERROR,1 frames were longer than 20.8 ms apparently screen refreshes skipped, interframe durs were:[ 142.4] and was these frames: [149]
1429.6262 	INFO 	flankers also=[  16.7  142.4    2. ]
1430.2124 	DATA 	Keypress: a
1434.2858 	EXP 	window1: recordFrameIntervals = False
1435.2393 	DATA 	Keypress: m
1439.4306 	EXP 	window1: recordFrameIntervals = False
1440.1504 	DATA 	Keypress: s
1443.9407 	EXP 	window1: recordFrameIntervals = False
1444.2762 	DATA 	Keypress: m
1448.1819 	EXP 	window1: recordFrameIntervals = False
1448.9852 	DATA 	Keypress: z
1453.1763 	EXP 	window1: recordFrameIntervals = False
1453.5119 	DATA 	Keypress: n
1457.5878 	EXP 	window1: recordFrameIntervals = False
1458.4758 	DATA 	Keypress: z
1462.6993 	EXP 	window1: recordFrameIntervals = False
1463.0515 	DATA 	Keypress: d
1467.1760 	EXP 	window1: recordFrameIntervals = False
1467.5950 	DATA 	Keypress: d
1471.4355 	EXP 	window1: recordFrameIntervals = False
1471.8880 	DATA 	Keypress: z
1476.0792 	EXP 	window1: recordFrameIntervals = False
1476.4986 	DATA 	Keypress: j
1480.4557 	EXP 	window1: recordFrameIntervals = False
1480.9582 	DATA 	Keypress: n
1484.8989 	EXP 	window1: recordFrameIntervals = False
1485.4683 	DATA 	Keypress: e
1489.6412 	EXP 	window1: recordFrameIntervals = False
1490.4111 	DATA 	Keypress: d
1494.2013 	EXP 	window1: recordFrameIntervals = False
1495.1718 	DATA 	Keypress: p
1499.0973 	EXP 	window1: recordFrameIntervals = False
1499.6333 	DATA 	Keypress: m
1503.7578 	EXP 	window1: recordFrameIntervals = False
1504.0099 	DATA 	Keypress: s
1508.1676 	EXP 	window1: recordFrameIntervals = False
1509.3050 	DATA 	Keypress: q
1513.1287 	EXP 	window1: recordFrameIntervals = False
1513.9988 	DATA 	Keypress: z
1517.9425 	DATA 	Keypress: y
1518.1733 	EXP 	window1: recordFrameIntervals = False
1518.3586 	DATA 	Keypress: y
1518.8757 	INFO 	Finishing at 14:25 on 10 Jul 2019
1521.0040 	EXP 	window1: mouseVisible = True
