10.6641 	ERROR 	Screen apparently NOT the desired resolution of 1920x1200 pixels!!
15.0154 	WARNING 	User requested fullscreen with size [1920 1200], but screen is actually [1440, 900]. Using actual size
16.3981 	INFO 	Successfully set darwin thread to realtime
17.4445 	INFO 	#[ PsychoPy3 RuntimeInfoStart ]
  #[[ PsychoPy ]] #---------
    psychopyVersion: 3.0.2
    psychopyHaveExtRush: True
  #[[ Experiment ]] #---------
    experimentRunTime: 2019_05_29 10:57 (Year_Month_Day Hour:Min)
    experimentRunTime.epoch: 1559141850
    experimentScript: RSVP_visual_now_cue_flipped.py
    experimentScript.digestSHA1: cf3f12c8a71406d77664fb48b012931a8491be37
    experimentScript.directory: /Volumes/My Passport/Github/spatio_temporal_information_processing/RSVP_visual_now
  #[[ System ]] #---------
    systemHaveInternetAccess: True
    systemHostName: pbs-jf-aldi.local
    systemLocale: C
    systemMemFreeRAM: 6318.2734375
    systemMemTotalRAM: 16384.0
    systemPlatform: darwin 10.14.5 x86_64
    systemRavailable: R version 3.4.1 (2017-06-30) -- Single Candle
    systemRebooted: May 22 11:56
    systemSec.OpenSSLVersion: OpenSSL 1.1.1a  20 Nov 2018
    systemSec.pythonSSL: True
    systemTimeNumpySD1000000_sec: 0.0030
    systemUser: supadhy6
    systemUserID: 1903061739
    systemUserProcCount: 311
    systemUserProcFlagged: iTunes mdworker Firefox 'Google Chrome' Safari Dropbox
    systemUsersCount: 1
  #[[ Window ]] #---------
    windowWinType: pyglet
    windowUnits: deg
    windowSize_pix: [2880 1800]
    windowScreen: 0
    windowRgb: [-0.7 -0.7 -0.7]
    windowRefreshTimeSD_ms: 0.573
    windowRefreshTimeMedian_ms: 16.719
    windowRefreshTimeAvg_ms: 16.672
    windowPos_pix: [0.0, 0.0]
    windowMonitor.name: testmonitor
    windowMonitor.getWidth_cm: 52.0
    windowMonitor.getDistance_cm: 65.0
    windowMonitor.currentCalibName: 2019_01_28 08:48
    windowIsFullScr: True
  #[[ Python ]] #---------
    pythonVersion: 3.6.0
  #[[ OpenGL ]] #---------
#[ PsychoPy3 RuntimeInfoEnd ]

17.4504 	WARNING 	Could not load the desired click sound file, instead using manually created inferior click
17.6036 	EXP 	Created sequence: random, trialTypes=280, nReps=14, seed=None
17.7417 	INFO 	total SOA (ISI + letterDur)=100.0 or 6 frames, comprising
ISIframes =3 or 50.0 ms and letterDurFrames =3 or 50.0ms
cueDurFrames =3 or 50.0 ms

17.7417 	INFO 	numtrials=280 and each trialDurFrames=156 or 2600.0 ms  task=T1
18.0552 	EXP 	Created text = TextStim(__class__=<class 'psychopy.visual.text.TextStim'>, alignHoriz='center', alignVert='center', antialias=True, autoLog=True, bold=False, color=array([1., 1., 1.]), colorSpace='rgb', contrast=1.0, depth=-1.0, flipHoriz=False, flipVert=False, font='Arial', fontFiles=[], height=0.5, italic=False, languageStyle='LTR', name='text', opacity=1.0, ori=0, pos=array([0., 0.]), rgb=array([1., 1., 1.]), text='', units='deg', win=Window(...), wrapWidth=30)
18.1746 	EXP 	text: text = "Welcome! Thank you for agreeing to participate in this study.\n\nYou will be presented with a Rapid Stream of letters. Your task is to identify one of the letters.\n\nThe stream of letters can appear anywhere on the horizontal axis of the screen, and their position varies from trial to trial.\n\nThe letter you're supposed to identify is accompanied by a probe that appears on the fixation point.\n\nThe probe is a circular disk that will be flashed for a very brief time.\n\nYour task is identify the letter that was present when the probe appeared.\n\nOnce you've identified the letter after the trial ends, type it out on the keyboard.\n\nOh! And one more thing! You will perform this task while fixating in the center, and identifying the letters with your peripheral vision.\n\nIf you're feeling uncomfortable, you can press ESC key any time to stop the experiment.\n\nPress any key when you are ready to begin the experiment.\n\n"
18.1746 	EXP 	text: autoDraw = True
19.3480 	DATA 	Keypress: space
19.3502 	EXP 	text: autoDraw = False
19.3503 	INFO 	Experiment will have 280 trials. Letters will be drawn with superposed noise of0.00%
19.3503 	INFO 	Starting main (non-staircase) part of experiment
22.8079 	EXP 	window1: recordFrameIntervals = False
22.8366 	ERROR 	trialnum=0 ERROR,2 frames were longer than 21.67 ms apparently screen refreshes skipped, interframe durs were:[21.8 22.4] and was these frames: [137 143]
22.8368 	INFO 	flankers also=[17.1 21.8 11.7 17.2 22.4 10.6]
23.7138 	DATA 	Keypress: f
27.5535 	EXP 	window1: recordFrameIntervals = False
27.5546 	ERROR 	trialnum=1 ERROR,9 frames were longer than 21.67 ms apparently screen refreshes skipped, interframe durs were:[27.8 30.5 26.8 29.2 29.4 30.  29.9 29.5 29.3] and was these frames: [ 79  82  84 102 115 117 137 140 154]
27.5556 	INFO 	flankers also=[16.9 27.8  4.2 16.1 30.5  5.4  5.4 26.8  5.5 16.8 29.2  3.5 16.6 29.4
  3.1  3.1 30.   3.2 16.7 29.9  4.2 16.3 29.5  4.  17.4 29.3]
28.2930 	DATA 	Keypress: w
32.4080 	EXP 	window1: recordFrameIntervals = False
32.4092 	ERROR 	trialnum=2 ERROR,13 frames were longer than 21.67 ms apparently screen refreshes skipped, interframe durs were:[31.6 30.3 23.1 21.7 36.2 29.2 25.  22.1 32.1 37.1 30.3 33.7 21.8] and was these frames: [  9  25  29  35  47  48  65  71  73  83 102 112 125]
32.4103 	INFO 	flankers also=[15.6 31.6 18.7 12.5 30.3 18.6 15.9 23.1 11.7 17.3 21.7 11.2 16.1 36.2
 29.2 36.2 29.2 18.2 17.2 25.   7.7 15.2 22.1 11.4 11.4 32.1 17.2 15.7
 37.1 12.9 20.6 30.3 16.  16.8 33.7 20.4 17.  21.8 11.5]
33.1152 	DATA 	Keypress: k
37.0415 	EXP 	window1: recordFrameIntervals = False
37.8782 	DATA 	Keypress: s
39.5150 	DATA 	Keypress: escape
39.7124 	DATA 	Keypress: escape
39.9290 	DATA 	Keypress: escape
40.1115 	DATA 	Keypress: escape
40.3307 	DATA 	Keypress: escape
40.5289 	DATA 	Keypress: escape
40.7645 	DATA 	Keypress: escape
41.1793 	DATA 	Keypress: escape
41.5951 	DATA 	Keypress: escape
41.8291 	DATA 	Keypress: escape
41.8578 	EXP 	window1: recordFrameIntervals = False
42.0440 	DATA 	Keypress: escape
42.0583 	INFO 	Finishing at 10:57 on 29 May 2019
42.0584 	ERROR 	user aborted experiment on keypress with trials done=4 of 281
42.4749 	EXP 	window1: mouseVisible = True
