44.6482 	INFO 	Successfully set darwin thread to realtime
45.6668 	INFO 	#[ PsychoPy3 RuntimeInfoStart ]
  #[[ PsychoPy ]] #---------
    psychopyVersion: 3.0.3
    psychopyHaveExtRush: True
  #[[ Experiment ]] #---------
    experimentRunTime: 2019_03_01 15:39 (Year_Month_Day Hour:Min)
    experimentRunTime.epoch: 1551472792
    experimentScript: RSVP_visual_now.py
    experimentScript.digestSHA1: 12599be42292dc155983db728be1a4dbdfeb15f6
    experimentScript.directory: /Users/vsg/Documents/GitHub/spatio_temporal_information_processing/RSVP_visual_now
  #[[ System ]] #---------
    systemHaveInternetAccess: True
    systemHostName: VSG-lab1.local
    systemLocale: C
    systemMemFreeRAM: 1312.734375
    systemMemTotalRAM: 4096.0
    systemPlatform: darwin 10.10.5 x86_64
    systemRavailable: R version 3.2.3 (2015-12-10) -- Wooden Christmas-Tree
    systemRebooted: Mar 1 11:12
    systemSec.OpenSSLVersion: OpenSSL 0.9.8zg 14 July 2015
    systemSec.pythonSSL: True
    systemTimeNumpySD1000000_sec: 0.0122
    systemUser: vsg
    systemUserID: 502
    systemUserProcCount: 100
    systemUserProcFlagged: mdworker Safari
    systemUsersCount: 1
  #[[ Window ]] #---------
    windowWinType: pyglet
    windowUnits: deg
    windowSize_pix: [1920 1200]
    windowScreen: 0
    windowRgb: [-0.7 -0.7 -0.7]
    windowRefreshTimeSD_ms: 0.046
    windowRefreshTimeMedian_ms: 16.704
    windowRefreshTimeAvg_ms: 16.702
    windowPos_pix: [0, 0]
    windowMonitor.name: testmonitor
    windowMonitor.getWidth_cm: 52.0
    windowMonitor.getDistance_cm: 65.0
    windowMonitor.currentCalibName: 2019_02_04 12:46
    windowIsFullScr: True
  #[[ Python ]] #---------
    pythonVersion: 2.7.13
  #[[ OpenGL ]] #---------
#[ PsychoPy3 RuntimeInfoEnd ]

45.6903 	WARNING 	Could not load the desired click sound file, instead using manually created inferior click
46.4524 	EXP 	Created sequence: random, trialTypes=280, nReps=14, seed=None
46.7376 	INFO 	total SOA (ISI + letterDur)=100.0 or 6 frames, comprising
ISIframes =3 or 50.0 ms and letterDurFrames =3 or 50.0ms
cueDurFrames =3.0 or 50.0 ms

46.7377 	INFO 	numtrials=280 and each trialDurFrames=156 or 2600.0 ms  task=T1
47.8548 	EXP 	Created text = TextStim(alignHoriz='center', alignVert='center', antialias=True, autoLog=True, bold=False, color=array([ 1.,  1.,  1.]), colorSpace='rgb', contrast=1.0, depth=-1.0, flipHoriz=False, flipVert=False, font='Arial', fontFiles=[], height=0.5, italic=False, languageStyle='LTR', name='text', opacity=1.0, ori=0, pos=array([ 0.,  0.]), rgb=array([ 1.,  1.,  1.]), text='', units='deg', win=Window(...), wrapWidth=30)
48.7632 	EXP 	text: text = "Welcome! Thank you for agreeing to participate in this study.\n\nYou will be presented with a Rapid Stream of letters. Your task is to identify one of the letters.\n\nThe letter you're supposed to identify is accompanied by a probe that can appear anywhere on the horizontal axis of the screen.\n\nThe probe is a circular disk that will be flashed for a very brief time.\n\nThis probe is embedded in another Rapid Stream of letters.\n\nYour task is identify the foveal letter that was present when the probe appeared.\n\nOnce you've identified the letter after the trial ends, type it out on the keyboard.\n\nOh! And one more thing! You will perform this task while fixating in the center, and detecting the probe with your peripheral vision.\n\nIf you're feeling uncomfortable, you can press ESC key any time to stop the experiment.\n\nPress any key when you are ready to begin the experiment.\n\n"
48.7632 	EXP 	text: autoDraw = True
147.7548 	DATA 	Keypress: space
147.7560 	EXP 	text: autoDraw = False
147.7563 	INFO 	Experiment will have 280 trials. Letters will be drawn with superposed noise of0.00%
147.7564 	INFO 	Starting main (non-staircase) part of experiment
151.4523 	EXP 	window1: recordFrameIntervals = False
153.0074 	DATA 	Keypress: j
156.8978 	EXP 	window1: recordFrameIntervals = False
157.7529 	DATA 	Keypress: u
161.5599 	EXP 	window1: recordFrameIntervals = False
162.4970 	DATA 	Keypress: y
166.5043 	EXP 	window1: recordFrameIntervals = False
166.5048 	ERROR 	trialnum=3 ERROR,2 frames were longer than 20.8 ms apparently screen refreshes skipped, interframe durs were:[ 69.1  41.4] and was these frames: [42 47]
166.5053 	INFO 	flankers also=[ 16.8  69.1  15.6   9.3  41.4  16. ]
169.4623 	DATA 	Keypress: g
173.4866 	EXP 	window1: recordFrameIntervals = False
174.1231 	DATA 	Keypress: a
178.1805 	EXP 	window1: recordFrameIntervals = False
179.2509 	DATA 	Keypress: w
183.3587 	EXP 	window1: recordFrameIntervals = False
184.2794 	DATA 	Keypress: d
188.3365 	EXP 	window1: recordFrameIntervals = False
189.0395 	DATA 	Keypress: u
193.2960 	EXP 	window1: recordFrameIntervals = False
194.2330 	DATA 	Keypress: x
198.4742 	EXP 	window1: recordFrameIntervals = False
199.5298 	DATA 	Keypress: p
203.7042 	EXP 	window1: recordFrameIntervals = False
204.3403 	DATA 	Keypress: p
208.4316 	EXP 	window1: recordFrameIntervals = False
209.4693 	DATA 	Keypress: u
213.3759 	EXP 	window1: recordFrameIntervals = False
213.3763 	ERROR 	trialnum=12 ERROR,1 frames were longer than 20.8 ms apparently screen refreshes skipped, interframe durs were:[ 68.8] and was these frames: [12]
213.3766 	INFO 	flankers also=[ 16.7  68.8  16.1]
213.7949 	DATA 	Keypress: e
218.0363 	EXP 	window1: recordFrameIntervals = False
219.1580 	DATA 	Keypress: t
223.0475 	EXP 	window1: recordFrameIntervals = False
224.1014 	DATA 	Keypress: w
228.2899 	EXP 	window1: recordFrameIntervals = False
228.2903 	ERROR 	trialnum=15 ERROR,1 frames were longer than 20.8 ms apparently screen refreshes skipped, interframe durs were:[ 69.1] and was these frames: [149]
228.2906 	INFO 	flankers also=[ 16.7  69.1  15.8]
229.4633 	DATA 	Keypress: g
233.4859 	EXP 	window1: recordFrameIntervals = False
234.4896 	DATA 	Keypress: k
238.7143 	EXP 	window1: recordFrameIntervals = False
239.4341 	DATA 	Keypress: a
243.2427 	EXP 	window1: recordFrameIntervals = False
244.6473 	DATA 	Keypress: m
248.8387 	EXP 	window1: recordFrameIntervals = False
250.2598 	DATA 	Keypress: u
254.4846 	EXP 	window1: recordFrameIntervals = False
255.3880 	DATA 	Keypress: a
259.6461 	EXP 	window1: recordFrameIntervals = False
261.2511 	DATA 	Keypress: w
265.5638 	EXP 	window1: recordFrameIntervals = False
265.5644 	ERROR 	trialnum=22 ERROR,4 frames were longer than 20.8 ms apparently screen refreshes skipped, interframe durs were:[ 137.3   68.8   32.7   25.7] and was these frames: [ 31 144 148 149]
265.5652 	INFO 	flankers also=[  16.7  137.3    6.9   16.8   68.8   16.2    7.4   32.7   25.7   32.7
   25.7    8.4]
266.3635 	DATA 	Keypress: t
270.4369 	EXP 	window1: recordFrameIntervals = False
271.2401 	DATA 	Keypress: w
275.3145 	EXP 	window1: recordFrameIntervals = False
275.9673 	DATA 	Keypress: w
280.1570 	EXP 	window1: recordFrameIntervals = False
281.0438 	DATA 	Keypress: s
284.8342 	EXP 	window1: recordFrameIntervals = False
286.4241 	DATA 	Keypress: u
290.6823 	EXP 	window1: recordFrameIntervals = False
290.6827 	ERROR 	trialnum=27 ERROR,1 frames were longer than 20.8 ms apparently screen refreshes skipped, interframe durs were:[ 69.2] and was these frames: [5]
290.6830 	INFO 	flankers also=[ 16.7  69.2   8.1]
291.6192 	DATA 	Keypress: m
295.4596 	EXP 	window1: recordFrameIntervals = False
297.0478 	DATA 	Keypress: p
301.3060 	EXP 	window1: recordFrameIntervals = False
301.8922 	DATA 	Keypress: p
305.7493 	EXP 	window1: recordFrameIntervals = False
306.2520 	DATA 	Keypress: j
310.5099 	EXP 	window1: recordFrameIntervals = False
311.3800 	DATA 	Keypress: r
315.3708 	EXP 	window1: recordFrameIntervals = False
315.9568 	DATA 	Keypress: a
319.8960 	EXP 	window1: recordFrameIntervals = False
320.4987 	DATA 	Keypress: p
324.2892 	EXP 	window1: recordFrameIntervals = False
325.4600 	DATA 	Keypress: y
329.5526 	EXP 	window1: recordFrameIntervals = False
330.0050 	DATA 	Keypress: f
333.8790 	EXP 	window1: recordFrameIntervals = False
334.3480 	DATA 	Keypress: p
338.6563 	EXP 	window1: recordFrameIntervals = False
338.6570 	ERROR 	trialnum=37 ERROR,3 frames were longer than 20.8 ms apparently screen refreshes skipped, interframe durs were:[ 139.    68.8   43. ] and was these frames: [107 118 123]
338.6576 	INFO 	flankers also=[  16.7  139.     7.4   17.3   68.8   15.7    8.5   43.    15.8]
339.0588 	DATA 	Keypress: z
343.2332 	EXP 	window1: recordFrameIntervals = False
344.3371 	DATA 	Keypress: m
348.2612 	EXP 	window1: recordFrameIntervals = False
349.2146 	DATA 	Keypress: d
353.3392 	EXP 	window1: recordFrameIntervals = False
353.3396 	ERROR 	trialnum=40 ERROR,1 frames were longer than 20.8 ms apparently screen refreshes skipped, interframe durs were:[ 68.9] and was these frames: [5]
353.3400 	INFO 	flankers also=[ 16.7  68.9  16. ]
353.7582 	DATA 	Keypress: r
357.6656 	EXP 	window1: recordFrameIntervals = False
358.5858 	DATA 	Keypress: t
362.8756 	EXP 	window1: recordFrameIntervals = False
363.4615 	DATA 	Keypress: e
367.4358 	EXP 	window1: recordFrameIntervals = False
367.9716 	DATA 	Keypress: d
372.1147 	EXP 	window1: recordFrameIntervals = False
372.6673 	DATA 	Keypress: d
376.5412 	EXP 	window1: recordFrameIntervals = False
377.0436 	DATA 	Keypress: r
381.2349 	EXP 	window1: recordFrameIntervals = False
381.7208 	DATA 	Keypress: s
385.7952 	EXP 	window1: recordFrameIntervals = False
385.7956 	ERROR 	trialnum=47 ERROR,2 frames were longer than 20.8 ms apparently screen refreshes skipped, interframe durs were:[ 31.   55.8] and was these frames: [123 124]
385.7960 	INFO 	flankers also=[ 16.7  31.   55.8  31.   55.8   8.3]
386.1975 	DATA 	Keypress: k
390.1884 	EXP 	window1: recordFrameIntervals = False
390.1888 	ERROR 	trialnum=48 ERROR,1 frames were longer than 20.8 ms apparently screen refreshes skipped, interframe durs were:[ 69.2] and was these frames: [36]
390.1891 	INFO 	flankers also=[ 16.6  69.2   9.7]
391.8604 	DATA 	Keypress: i
396.1350 	EXP 	window1: recordFrameIntervals = False
397.9404 	DATA 	Keypress: e
401.7476 	EXP 	window1: recordFrameIntervals = False
403.0017 	DATA 	Keypress: x
406.8073 	EXP 	window1: recordFrameIntervals = False
407.9112 	DATA 	Keypress: v
412.0523 	EXP 	window1: recordFrameIntervals = False
412.0528 	ERROR 	trialnum=52 ERROR,2 frames were longer than 20.8 ms apparently screen refreshes skipped, interframe durs were:[ 69.1  28.7] and was these frames: [82 86]
412.0532 	INFO 	flankers also=[ 16.7  69.1  18.7   7.4  28.7  20.2]
413.5420 	DATA 	Keypress: x
417.7500 	EXP 	window1: recordFrameIntervals = False
417.7504 	ERROR 	trialnum=53 ERROR,1 frames were longer than 20.8 ms apparently screen refreshes skipped, interframe durs were:[ 142.1] and was these frames: [134]
417.7507 	INFO 	flankers also=[  16.7  142.1    7.4]
419.4553 	DATA 	Keypress: x
423.2624 	EXP 	window1: recordFrameIntervals = False
424.3830 	DATA 	Keypress: j
428.3738 	EXP 	window1: recordFrameIntervals = False
428.9932 	DATA 	Keypress: f
433.1846 	EXP 	window1: recordFrameIntervals = False
433.1850 	ERROR 	trialnum=56 ERROR,1 frames were longer than 20.8 ms apparently screen refreshes skipped, interframe durs were:[ 31.5] and was these frames: [106]
433.1853 	INFO 	flankers also=[ 16.6  31.5   7.9]
433.5702 	DATA 	Keypress: w
437.6112 	EXP 	window1: recordFrameIntervals = False
440.9534 	DATA 	Keypress: n
445.0261 	EXP 	window1: recordFrameIntervals = False
446.3973 	DATA 	Keypress: b
450.4716 	EXP 	window1: recordFrameIntervals = False
450.4721 	ERROR 	trialnum=59 ERROR,3 frames were longer than 20.8 ms apparently screen refreshes skipped, interframe durs were:[ 69.9  44.9  22.6] and was these frames: [55 60 61]
450.4726 	INFO 	flankers also=[ 16.6  69.9  10.9   7.4  44.9  22.6  44.9  22.6   9.2]
452.0615 	DATA 	Keypress: r
456.3197 	EXP 	window1: recordFrameIntervals = False
457.0894 	DATA 	Keypress: g
460.8799 	EXP 	window1: recordFrameIntervals = False
461.8000 	DATA 	Keypress: z
465.6407 	EXP 	window1: recordFrameIntervals = False
466.8279 	DATA 	Keypress: p
471.1028 	EXP 	window1: recordFrameIntervals = False
471.8893 	DATA 	Keypress: d
476.0806 	EXP 	window1: recordFrameIntervals = False
476.0810 	ERROR 	trialnum=64 ERROR,1 frames were longer than 20.8 ms apparently screen refreshes skipped, interframe durs were:[ 23.6] and was these frames: [11]
476.0813 	INFO 	flankers also=[ 16.7  23.6   9.8]
477.5186 	DATA 	Keypress: j
481.4593 	EXP 	window1: recordFrameIntervals = False
481.4597 	ERROR 	trialnum=65 ERROR,2 frames were longer than 20.8 ms apparently screen refreshes skipped, interframe durs were:[ 69.3  66.1] and was these frames: [23 31]
481.4601 	INFO 	flankers also=[ 16.7  69.3  16.1   7.4  66.1  15.7]
482.4963 	DATA 	Keypress: n
486.4371 	EXP 	window1: recordFrameIntervals = False
487.5576 	DATA 	Keypress: f
491.6972 	EXP 	window1: recordFrameIntervals = False
492.1496 	DATA 	Keypress: a
496.0404 	EXP 	window1: recordFrameIntervals = False
496.6764 	DATA 	Keypress: d
502.1806 	DATA 	Keypress: b
502.6233 	EXP 	window1: recordFrameIntervals = False
502.6237 	ERROR 	trialnum=69 ERROR,1 frames were longer than 20.8 ms apparently screen refreshes skipped, interframe durs were:[ 1947.6] and was these frames: [124]
502.6240 	INFO 	flankers also=[   16.7  1947.6     7.9]
503.9277 	DATA 	Keypress: b
507.8574 	DATA 	Keypress: space
511.8089 	EXP 	window1: recordFrameIntervals = False
512.6455 	DATA 	Keypress: f
516.7032 	EXP 	window1: recordFrameIntervals = False
517.9758 	DATA 	Keypress: i
521.9499 	EXP 	window1: recordFrameIntervals = False
522.4024 	DATA 	Keypress: p
526.5936 	EXP 	window1: recordFrameIntervals = False
527.0461 	DATA 	Keypress: c
530.8865 	EXP 	window1: recordFrameIntervals = False
530.8872 	ERROR 	trialnum=74 ERROR,4 frames were longer than 20.8 ms apparently screen refreshes skipped, interframe durs were:[ 69.7  24.7  31.6  25.3] and was these frames: [82 83 87 88]
530.8879 	INFO 	flankers also=[ 16.7  69.7  24.7  69.7  24.7  11.6   7.5  31.6  25.3  31.6  25.3  11.4]
531.4058 	DATA 	Keypress: r
535.3967 	EXP 	window1: recordFrameIntervals = False
535.7989 	DATA 	Keypress: w
539.7397 	EXP 	window1: recordFrameIntervals = False
540.0755 	DATA 	Keypress: a
544.3166 	EXP 	window1: recordFrameIntervals = False
545.4040 	DATA 	Keypress: y
549.5283 	EXP 	window1: recordFrameIntervals = False
549.9974 	DATA 	Keypress: d
554.2038 	EXP 	window1: recordFrameIntervals = False
555.2241 	DATA 	Keypress: l
559.4489 	EXP 	window1: recordFrameIntervals = False
559.4493 	ERROR 	trialnum=80 ERROR,1 frames were longer than 20.8 ms apparently screen refreshes skipped, interframe durs were:[ 21.2] and was these frames: [112]
559.4496 	INFO 	flankers also=[ 16.6  21.2  12.3]
560.4041 	DATA 	Keypress: a
564.2781 	EXP 	window1: recordFrameIntervals = False
564.7471 	DATA 	Keypress: p
569.0052 	EXP 	window1: recordFrameIntervals = False
569.4576 	DATA 	Keypress: f
573.3483 	EXP 	window1: recordFrameIntervals = False
574.2853 	DATA 	Keypress: x
578.2426 	EXP 	window1: recordFrameIntervals = False
580.5996 	DATA 	Keypress: n
584.7070 	EXP 	window1: recordFrameIntervals = False
585.2764 	DATA 	Keypress: x
589.3341 	EXP 	window1: recordFrameIntervals = False
589.3346 	ERROR 	trialnum=86 ERROR,2 frames were longer than 20.8 ms apparently screen refreshes skipped, interframe durs were:[ 142.2  101. ] and was these frames: [ 26 132]
589.3349 	INFO 	flankers also=[  16.7  142.2    7.4   16.7  101.     7.9]
589.8545 	DATA 	Keypress: p
594.1432 	EXP 	window1: recordFrameIntervals = False
594.1437 	ERROR 	trialnum=87 ERROR,3 frames were longer than 20.8 ms apparently screen refreshes skipped, interframe durs were:[ 102.5  103.4  102.3] and was these frames: [ 70 102 134]
594.1442 	INFO 	flankers also=[  16.7  102.5    8.1   16.7  103.4    8.5   16.7  102.3    8.2]
594.8631 	DATA 	Keypress: x
598.7702 	EXP 	window1: recordFrameIntervals = False
598.7707 	ERROR 	trialnum=88 ERROR,3 frames were longer than 20.8 ms apparently screen refreshes skipped, interframe durs were:[ 103.4  104.   101.6] and was these frames: [  8 104 136]
598.7712 	INFO 	flankers also=[  16.7  103.4    8.2   16.6  104.     8.6   16.7  101.6    8.4]
599.1893 	DATA 	Keypress: j
603.1483 	EXP 	window1: recordFrameIntervals = False
603.1488 	ERROR 	trialnum=89 ERROR,4 frames were longer than 20.8 ms apparently screen refreshes skipped, interframe durs were:[  51.8  105.7   99.7  105.5] and was these frames: [ 10  42  74 106]
603.1494 	INFO 	flankers also=[  16.7   51.8    8.4   16.7  105.7    8.1   16.7   99.7    8.7   16.7
  105.5    8.5]
603.5173 	DATA 	Keypress: e
607.6918 	EXP 	window1: recordFrameIntervals = False
607.6924 	ERROR 	trialnum=90 ERROR,5 frames were longer than 20.8 ms apparently screen refreshes skipped, interframe durs were:[ 106.2   38.   106.7  100.8  108.7] and was these frames: [ 12  44  76 108 140]
607.6933 	INFO 	flankers also=[  16.7  106.2    8.1   16.7   38.     8.3   16.7  106.7    8.8   16.7
  100.8    8.2   16.7  108.7    8.3]
608.1442 	DATA 	Keypress: f
612.8368 	EXP 	window1: recordFrameIntervals = False
612.8377 	ERROR 	trialnum=91 ERROR,8 frames were longer than 20.8 ms apparently screen refreshes skipped, interframe durs were:[ 103.8  169.1  101.1   87.   129.4  107.1  101.7  107.7] and was these frames: [ 14  27  28  31  33  78 110 142]
612.8390 	INFO 	flankers also=[  16.7  103.8    8.    16.5  169.1  101.1  169.1  101.1   10.4    7.8
   87.    11.1   11.1  129.4    9.2   16.7  107.1    8.5   16.7  101.7
    8.6   16.7  107.7    8.2]
613.3334 	DATA 	Keypress: g
617.5138 	EXP 	window1: recordFrameIntervals = False
617.5144 	ERROR 	trialnum=92 ERROR,4 frames were longer than 20.8 ms apparently screen refreshes skipped, interframe durs were:[  67.1  108.1  103.6  108.5] and was these frames: [ 48  80 112 144]
617.5150 	INFO 	flankers also=[  16.8   67.1    8.2   16.7  108.1    8.3   16.6  103.6    8.5   16.7
  108.5    8.9]
619.4864 	DATA 	Keypress: s
623.7278 	EXP 	window1: recordFrameIntervals = False
623.7283 	ERROR 	trialnum=93 ERROR,4 frames were longer than 20.8 ms apparently screen refreshes skipped, interframe durs were:[ 104.1  110.3  105.1  110.7] and was these frames: [ 50  82 114 146]
623.7289 	INFO 	flankers also=[  16.8  104.1    8.5   16.7  110.3    8.4   16.7  105.1    8.5   16.7
  110.7    8.4]
624.6311 	DATA 	Keypress: m
628.9964 	EXP 	window1: recordFrameIntervals = False
628.9970 	ERROR 	trialnum=94 ERROR,4 frames were longer than 20.8 ms apparently screen refreshes skipped, interframe durs were:[ 105.7  110.9  104.2  112.1] and was these frames: [ 20  84 116 148]
628.9976 	INFO 	flankers also=[  16.7  105.7    8.6   16.6  110.9    8.6   16.7  104.2    8.2   16.7
  112.1    8.4]
629.3918 	DATA 	Keypress: j
633.8925 	EXP 	window1: recordFrameIntervals = False
633.8930 	ERROR 	trialnum=95 ERROR,3 frames were longer than 20.8 ms apparently screen refreshes skipped, interframe durs were:[ 113.   109.4  113.3] and was these frames: [ 86 118 150]
633.8935 	INFO 	flankers also=[  16.7  113.     8.8   16.7  109.4    9.3   16.8  113.3    8.3]
634.2512 	DATA 	Keypress: j
638.9434 	EXP 	window1: recordFrameIntervals = False
638.9441 	ERROR 	trialnum=96 ERROR,3 frames were longer than 20.8 ms apparently screen refreshes skipped, interframe durs were:[ 110.1  113.7  110.2] and was these frames: [ 56  88 120]
638.9447 	INFO 	flankers also=[  16.7  110.1    8.7   16.7  113.7    8.5   16.6  110.2    8.6]
639.6480 	DATA 	Keypress: n
643.7059 	EXP 	window1: recordFrameIntervals = False
643.7065 	ERROR 	trialnum=97 ERROR,3 frames were longer than 20.8 ms apparently screen refreshes skipped, interframe durs were:[ 115.6   43.1  115.5] and was these frames: [26 58 90]
643.7071 	INFO 	flankers also=[  16.7  115.6    8.5   16.8   43.1    8.2   16.7  115.5    8.1]
645.0604 	DATA 	Keypress: k
649.1012 	EXP 	window1: recordFrameIntervals = False
649.1017 	ERROR 	trialnum=98 ERROR,4 frames were longer than 20.8 ms apparently screen refreshes skipped, interframe durs were:[ 118.7   22.6   69.7  128.3] and was these frames: [ 60  92 113 114]
649.1024 	INFO 	flankers also=[  16.7  118.7    9.3   16.7   22.6   10.8   16.9   69.7  128.3   69.7
  128.3    8.6]
649.5871 	DATA 	Keypress: y
653.6281 	EXP 	window1: recordFrameIntervals = False
653.6286 	ERROR 	trialnum=99 ERROR,2 frames were longer than 20.8 ms apparently screen refreshes skipped, interframe durs were:[ 118.3  113.1] and was these frames: [30 62]
653.6290 	INFO 	flankers also=[  16.7  118.3    8.8   16.7  113.1    8.3]
654.1305 	DATA 	Keypress: p
658.8898 	EXP 	window1: recordFrameIntervals = False
658.8906 	ERROR 	trialnum=100 ERROR,8 frames were longer than 20.8 ms apparently screen refreshes skipped, interframe durs were:[ 182.6  113.4   92.6  233.2  135.8   43.   120.6  118.1] and was these frames: [ 10  11  15  16  32  64  96 128]
658.8919 	INFO 	flankers also=[  16.5  182.6  113.4  182.6  113.4    9.3    8.3   92.6  233.2   92.6
  233.2    8.9   16.6  135.8    8.1   16.7   43.     8.5   16.7  120.6
    8.2   16.7  118.1    8.5]
659.4926 	DATA 	Keypress: v
663.6153 	EXP 	window1: recordFrameIntervals = False
663.6158 	ERROR 	trialnum=101 ERROR,4 frames were longer than 20.8 ms apparently screen refreshes skipped, interframe durs were:[  31.8  123.8  116.   124.5] and was these frames: [ 34  66  98 130]
663.6164 	INFO 	flankers also=[  16.7   31.8    9.1   16.7  123.8    8.2   16.7  116.     8.3   16.7
  124.5    8.6]
664.7694 	DATA 	Keypress: k
668.9940 	EXP 	window1: recordFrameIntervals = False
668.9946 	ERROR 	trialnum=102 ERROR,4 frames were longer than 20.8 ms apparently screen refreshes skipped, interframe durs were:[ 115.   143.2  125.7  114.9] and was these frames: [  4  49  68 100]
668.9952 	INFO 	flankers also=[  16.7  115.     8.8   16.7  143.2    8.5   16.7  125.7    8.2   16.5
  114.9    8.3]
669.5968 	DATA 	Keypress: w
673.5893 	EXP 	window1: recordFrameIntervals = False
673.5898 	ERROR 	trialnum=103 ERROR,3 frames were longer than 20.8 ms apparently screen refreshes skipped, interframe durs were:[ 125.3  125.3  122. ] and was these frames: [ 38 102 134]
673.5903 	INFO 	flankers also=[  16.7  125.3    8.9   16.8  125.3    8.5   16.7  122.     8.4]
675.5618 	DATA 	Keypress: v
679.6194 	EXP 	window1: recordFrameIntervals = False
679.6200 	ERROR 	trialnum=104 ERROR,3 frames were longer than 20.8 ms apparently screen refreshes skipped, interframe durs were:[ 128.3   21.3  134.1] and was these frames: [ 40  72 104]
679.6205 	INFO 	flankers also=[  16.7  128.3    8.7   16.7   21.3   12.1   16.7  134.1    8.9]
680.1062 	DATA 	Keypress: f
684.4303 	EXP 	window1: recordFrameIntervals = False
684.4309 	ERROR 	trialnum=105 ERROR,3 frames were longer than 20.8 ms apparently screen refreshes skipped, interframe durs were:[ 129.4   24.8  130.4] and was these frames: [ 42  74 138]
684.4316 	INFO 	flankers also=[  16.8  129.4    8.6   16.7   24.8    8.7   16.6  130.4    8.3]
685.4005 	DATA 	Keypress: m
689.6085 	EXP 	window1: recordFrameIntervals = False
689.6091 	ERROR 	trialnum=106 ERROR,3 frames were longer than 20.8 ms apparently screen refreshes skipped, interframe durs were:[ 131.6   24.6  137.9] and was these frames: [ 44  76 108]
689.6096 	INFO 	flankers also=[  16.7  131.6    8.4   16.8   24.6    8.8   16.7  137.9    8.7]
690.5119 	DATA 	Keypress: p
694.7366 	EXP 	window1: recordFrameIntervals = False
694.7370 	ERROR 	trialnum=107 ERROR,2 frames were longer than 20.8 ms apparently screen refreshes skipped, interframe durs were:[ 133.5  134.3] and was these frames: [ 14 142]
694.7375 	INFO 	flankers also=[  16.7  133.5    8.3   16.6  134.3   10.1]
695.6066 	DATA 	Keypress: t
699.9483 	EXP 	window1: recordFrameIntervals = False
699.9489 	ERROR 	trialnum=108 ERROR,4 frames were longer than 20.8 ms apparently screen refreshes skipped, interframe durs were:[ 134.5  128.5  135.3  137.1] and was these frames: [ 48  80 112 144]
699.9497 	INFO 	flankers also=[  16.7  134.5    8.7   16.7  128.5    8.5   16.7  135.3    8.5   16.6
  137.1    9.2]
701.0856 	DATA 	Keypress: j
705.6109 	EXP 	window1: recordFrameIntervals = False
705.6115 	ERROR 	trialnum=109 ERROR,4 frames were longer than 20.8 ms apparently screen refreshes skipped, interframe durs were:[ 135.3  130.1  138.2  130.5] and was these frames: [ 50  82 114 146]
705.6123 	INFO 	flankers also=[  16.7  135.3    9.3   16.7  130.1    8.5   16.6  138.2    8.3   16.7
  130.5    9.1]
705.9632 	DATA 	Keypress: m
710.1026 	EXP 	window1: recordFrameIntervals = False
710.1032 	ERROR 	trialnum=110 ERROR,5 frames were longer than 20.8 ms apparently screen refreshes skipped, interframe durs were:[  42.   138.6  138.6  139.8  134.1] and was these frames: [  6  20  84 116 148]
710.1039 	INFO 	flankers also=[  16.9   42.    16.3   16.6  138.6    8.4   16.7  138.6    8.5   16.7
  139.8    8.1   16.7  134.1    8.5]
710.5384 	DATA 	Keypress: e
715.1719 	EXP 	window1: recordFrameIntervals = False
715.1724 	ERROR 	trialnum=111 ERROR,3 frames were longer than 20.8 ms apparently screen refreshes skipped, interframe durs were:[ 141.4   41.9  142.6] and was these frames: [ 86 118 150]
715.1729 	INFO 	flankers also=[  16.7  141.4    9.1   16.7   41.9    8.5   16.7  142.6    8.8]
715.9676 	DATA 	Keypress: n
715.9689 	DATA 	Keypress: b
720.6870 	DATA 	Keypress: r
721.1123 	EXP 	window1: recordFrameIntervals = False
721.1129 	ERROR 	trialnum=112 ERROR,3 frames were longer than 20.8 ms apparently screen refreshes skipped, interframe durs were:[ 136.6  144.5  942.2] and was these frames: [ 88 120 125]
721.1134 	INFO 	flankers also=[  16.7  136.6    8.8   16.7  144.5    8.4    7.9  942.2   10.7]
721.9226 	DATA 	Keypress: r
726.4826 	EXP 	window1: recordFrameIntervals = False
726.4832 	ERROR 	trialnum=113 ERROR,3 frames were longer than 20.8 ms apparently screen refreshes skipped, interframe durs were:[  79.5  147.5  141.9] and was these frames: [ 58  90 154]
726.4837 	INFO 	flankers also=[  16.8   79.5    8.4   16.7  147.5    9.1   16.7  141.9]
728.2129 	DATA 	Keypress: a
732.6047 	EXP 	window1: recordFrameIntervals = False
732.6052 	ERROR 	trialnum=114 ERROR,2 frames were longer than 20.8 ms apparently screen refreshes skipped, interframe durs were:[ 148.2  142.5] and was these frames: [28 92]
732.6057 	INFO 	flankers also=[  16.7  148.2    8.2   16.7  142.5    8.7]
733.0237 	DATA 	Keypress: a
737.2319 	EXP 	window1: recordFrameIntervals = False
737.2325 	ERROR 	trialnum=115 ERROR,4 frames were longer than 20.8 ms apparently screen refreshes skipped, interframe durs were:[ 142.8  138.6   65.9  151.2] and was these frames: [30 80 88 94]
737.2331 	INFO 	flankers also=[  16.7  142.8    9.2   16.7  138.6   14.6    8.1   65.9    9.     8.1
  151.2    8.8]
737.5633 	DATA 	Keypress: t
742.0742 	EXP 	window1: recordFrameIntervals = False
742.0748 	ERROR 	trialnum=116 ERROR,5 frames were longer than 20.8 ms apparently screen refreshes skipped, interframe durs were:[ 144.4  163.9  143.1   69.5  157.6] and was these frames: [  0  64  96 125 128]
742.0755 	INFO 	flankers also=[ 144.4    8.7   16.7  163.9    9.    16.7  143.1    8.6   16.6   69.5
   16.2    9.   157.6    8.2]
742.8608 	DATA 	Keypress: q
747.3878 	EXP 	window1: recordFrameIntervals = False
747.3885 	ERROR 	trialnum=117 ERROR,5 frames were longer than 20.8 ms apparently screen refreshes skipped, interframe durs were:[ 144.   155.3  144.6  157.    21.3] and was these frames: [  2  66  98 130 148]
747.3894 	INFO 	flankers also=[  16.7  144.     8.7   16.7  155.3    8.5   16.7  144.6    8.8   16.7
  157.     8.4   16.7   21.3   13.8]
748.2913 	DATA 	Keypress: c
752.9335 	EXP 	window1: recordFrameIntervals = False
752.9341 	ERROR 	trialnum=118 ERROR,5 frames were longer than 20.8 ms apparently screen refreshes skipped, interframe durs were:[ 150.   159.   241.3   38.7  158.6] and was these frames: [ 36  68  75  76 132]
752.9349 	INFO 	flankers also=[  16.8  150.     8.2   16.7  159.     8.5    7.7  241.3   38.7  241.3
   38.7    9.2   16.7  158.6    8.6]
753.4695 	DATA 	Keypress: f
757.8613 	EXP 	window1: recordFrameIntervals = False
757.8619 	ERROR 	trialnum=119 ERROR,4 frames were longer than 20.8 ms apparently screen refreshes skipped, interframe durs were:[ 152.5  160.4  153.   161.3] and was these frames: [ 38  70 102 134]
757.8624 	INFO 	flankers also=[  16.7  152.5    8.5   16.7  160.4    8.8   16.7  153.     8.8   16.6
  161.3    8.8]
758.2636 	DATA 	Keypress: p
762.6219 	EXP 	window1: recordFrameIntervals = False
762.6224 	ERROR 	trialnum=120 ERROR,2 frames were longer than 20.8 ms apparently screen refreshes skipped, interframe durs were:[ 183.4  166. ] and was these frames: [104 136]
762.6228 	INFO 	flankers also=[  16.8  183.4    9.3   16.6  166.     8.8]
764.2947 	DATA 	Keypress: m
768.6520 	EXP 	window1: recordFrameIntervals = False
768.6526 	ERROR 	trialnum=121 ERROR,4 frames were longer than 20.8 ms apparently screen refreshes skipped, interframe durs were:[ 152.9  166.2  150.6  166.5] and was these frames: [ 10  74 106 138]
768.6532 	INFO 	flankers also=[  16.7  152.9    8.6   16.6  166.2    8.7   16.7  150.6    8.6   16.8
  166.5    8.4]
769.5056 	DATA 	Keypress: b
774.3481 	EXP 	window1: recordFrameIntervals = False
774.3488 	ERROR 	trialnum=122 ERROR,7 frames were longer than 20.8 ms apparently screen refreshes skipped, interframe durs were:[ 164.6  161.4   22.6  167.7  159.9  169.7  160.6] and was these frames: [  1   2  12  44  76 108 140]
774.3497 	INFO 	flankers also=[  16.7  164.6  161.4  164.6  161.4    8.4   16.6   22.6   10.8   16.7
  167.7    8.6   16.8  159.9    8.8   16.7  169.7    9.8   16.7  160.6
    9. ]
775.2348 	DATA 	Keypress: m
779.4746 	EXP 	window1: recordFrameIntervals = False
779.4751 	ERROR 	trialnum=123 ERROR,2 frames were longer than 20.8 ms apparently screen refreshes skipped, interframe durs were:[ 162.   170.8] and was these frames: [110 142]
779.4756 	INFO 	flankers also=[  16.7  162.     8.6   16.7  170.8    8.9]
780.0274 	DATA 	Keypress: v
784.4858 	EXP 	window1: recordFrameIntervals = False
784.4864 	ERROR 	trialnum=124 ERROR,4 frames were longer than 20.8 ms apparently screen refreshes skipped, interframe durs were:[ 162.7  172.2  163.5  174.6] and was these frames: [ 16  80 112 144]
784.4871 	INFO 	flankers also=[  16.6  162.7    8.7   16.7  172.2    8.8   16.8  163.5    8.7   16.7
  174.6    8.4]
785.4578 	DATA 	Keypress: y
790.2504 	EXP 	window1: recordFrameIntervals = False
790.2511 	ERROR 	trialnum=125 ERROR,8 frames were longer than 20.8 ms apparently screen refreshes skipped, interframe durs were:[ 165.   209.4  166.4   29.2   39.   342.3  176.   167.6] and was these frames: [ 18  82  86  87  90  91 114 146]
790.2521 	INFO 	flankers also=[  16.7  165.     8.4   16.7  209.4   10.     8.   166.4   29.2  166.4
   29.2    9.1    8.2   39.   342.3   39.   342.3    9.9   16.7  176.
    8.8   16.7  167.6    8.6]
791.0031 	DATA 	Keypress: w
795.3785 	EXP 	window1: recordFrameIntervals = False
795.3791 	ERROR 	trialnum=126 ERROR,4 frames were longer than 20.8 ms apparently screen refreshes skipped, interframe durs were:[  35.1  151.1  178.2   30.7] and was these frames: [ 20  52  84 148]
795.3798 	INFO 	flankers also=[  16.8   35.1    8.3   16.8  151.1    8.6   16.7  178.2    9.8   16.7
   30.7    9.2]
795.7808 	DATA 	Keypress: r
800.2499 	EXP 	window1: recordFrameIntervals = False
800.2505 	ERROR 	trialnum=127 ERROR,4 frames were longer than 20.8 ms apparently screen refreshes skipped, interframe durs were:[ 167.2  184.3  164.   179.5] and was these frames: [ 22  86 118 150]
800.2510 	INFO 	flankers also=[  16.7  167.2    9.5   16.7  184.3    8.4   16.7  164.     8.5   16.6
  179.5    8.6]
800.6251 	DATA 	Keypress: f
804.7918 	DATA 	Keypress: f
808.6822 	DATA 	Keypress: f
808.8678 	EXP 	window1: recordFrameIntervals = False
808.8686 	ERROR 	trialnum=128 ERROR,7 frames were longer than 20.8 ms apparently screen refreshes skipped, interframe durs were:[  171.3   181.5   168.7  3772.3    43.8    74.3    31.8] and was these frames: [ 24  88 120 146 149 153 154]
808.8695 	INFO 	flankers also=[   16.7   171.3     8.5    16.7   181.5     8.3    16.8   168.7     8.4
    16.7  3772.3    11.2     8.3    43.8     9.      7.9    74.3    31.8
    74.3    31.8]
809.4608 	DATA 	Keypress: f
813.8688 	EXP 	window1: recordFrameIntervals = False
813.8694 	ERROR 	trialnum=129 ERROR,3 frames were longer than 20.8 ms apparently screen refreshes skipped, interframe durs were:[ 187.2  174.3  184.2] and was these frames: [ 90 122 154]
813.8698 	INFO 	flankers also=[  16.6  187.2    8.4   16.7  174.3    8.4   16.8  184.2]
814.9888 	DATA 	Keypress: r
819.9335 	EXP 	window1: recordFrameIntervals = False
819.9341 	ERROR 	trialnum=130 ERROR,3 frames were longer than 20.8 ms apparently screen refreshes skipped, interframe durs were:[ 190.2  189.7  498. ] and was these frames: [124 130 131]
819.9346 	INFO 	flankers also=[  16.7  190.2    9.     8.   189.7  498.   189.7  498.     9.9]
820.7366 	DATA 	Keypress: r
824.8612 	EXP 	window1: recordFrameIntervals = False
824.8617 	ERROR 	trialnum=131 ERROR,3 frames were longer than 20.8 ms apparently screen refreshes skipped, interframe durs were:[ 193.4  178.8  190. ] and was these frames: [ 30  94 126]
824.8623 	INFO 	flankers also=[  16.7  193.4    8.9   16.8  178.8    9.    16.7  190.     8.8]
825.5307 	DATA 	Keypress: t
830.0394 	EXP 	window1: recordFrameIntervals = False
830.0401 	ERROR 	trialnum=132 ERROR,5 frames were longer than 20.8 ms apparently screen refreshes skipped, interframe durs were:[ 180.2  190.6  180.5   70.1  338.1] and was these frames: [ 32  64  96 113 114]
830.0410 	INFO 	flankers also=[  16.6  180.2    8.6   16.8  190.6    8.5   16.7  180.5    8.7   16.7
   70.1  338.1   70.1  338.1    9.9]
831.1599 	DATA 	Keypress: o
835.3012 	EXP 	window1: recordFrameIntervals = False
835.3018 	ERROR 	trialnum=133 ERROR,3 frames were longer than 20.8 ms apparently screen refreshes skipped, interframe durs were:[ 191.6   28.3  192.8] and was these frames: [ 66  98 130]
835.3024 	INFO 	flankers also=[  16.7  191.6    8.5   16.7   28.3    8.5   16.7  192.8    8.7]
835.7034 	DATA 	Keypress: e
839.4019 	DATA 	Keypress: l
840.1938 	EXP 	window1: recordFrameIntervals = False
840.1945 	ERROR 	trialnum=134 ERROR,7 frames were longer than 20.8 ms apparently screen refreshes skipped, interframe durs were:[ 184.   193.3  145.8  189.    34.2  194.8   41.5] and was these frames: [ 36  68  98 100 104 105 130]
840.1955 	INFO 	flankers also=[  16.7  184.     9.2   16.5  193.3    8.5   16.7  145.8    9.4    9.4
  189.     9.2    7.9   34.2  194.8   34.2  194.8   11.2   16.5   41.5
   17.1]
840.6631 	DATA 	Keypress: l
845.1383 	EXP 	window1: recordFrameIntervals = False
845.1388 	ERROR 	trialnum=135 ERROR,4 frames were longer than 20.8 ms apparently screen refreshes skipped, interframe durs were:[ 184.6  195.3  182.   196. ] and was these frames: [  6  70 102 134]
845.1394 	INFO 	flankers also=[  16.7  184.6    8.5   16.6  195.3    8.5   16.7  182.     8.9   16.7
  196.     8.8]
846.0917 	DATA 	Keypress: u
850.8527 	EXP 	window1: recordFrameIntervals = False
850.8535 	ERROR 	trialnum=136 ERROR,6 frames were longer than 20.8 ms apparently screen refreshes skipped, interframe durs were:[ 189.3  205.    70.5  362.5  199.1   33.8] and was these frames: [ 40  72  85  86 104 136]
850.8545 	INFO 	flankers also=[  16.7  189.3    8.6   16.6  205.    10.9   16.7   70.5  362.5   70.5
  362.5    9.2   16.7  199.1    8.9   16.7   33.8    9.1]
851.5890 	DATA 	Keypress: n
856.2648 	EXP 	window1: recordFrameIntervals = False
856.2653 	ERROR 	trialnum=137 ERROR,4 frames were longer than 20.8 ms apparently screen refreshes skipped, interframe durs were:[ 198.6  189.5  199.2  190.9] and was these frames: [ 10  74 106 138]
856.2661 	INFO 	flankers also=[  16.7  198.6    8.7   16.8  189.5    8.4   16.7  199.2    9.3   16.6
  190.9    8.5]
856.6671 	DATA 	Keypress: s
861.5599 	EXP 	window1: recordFrameIntervals = False
861.5605 	ERROR 	trialnum=138 ERROR,4 frames were longer than 20.8 ms apparently screen refreshes skipped, interframe durs were:[ 200.4   71.5  369.6  202.8] and was these frames: [ 12  58  59 140]
861.5611 	INFO 	flankers also=[  16.7  200.4    8.6   16.7   71.5  369.6   71.5  369.6   12.2   16.6
  202.8   11. ]
861.9792 	DATA 	Keypress: a
866.4376 	EXP 	window1: recordFrameIntervals = False
866.4381 	ERROR 	trialnum=139 ERROR,3 frames were longer than 20.8 ms apparently screen refreshes skipped, interframe durs were:[ 192.1  202.9  190.8] and was these frames: [ 14  78 110]
866.4387 	INFO 	flankers also=[  16.7  192.1    8.8   16.8  202.9    8.3   16.7  190.8    8.5]
866.9457 	DATA 	Keypress: a
880.0258 	DATA 	Keypress: space
884.1589 	EXP 	window1: recordFrameIntervals = False
884.1594 	ERROR 	trialnum=140 ERROR,2 frames were longer than 20.8 ms apparently screen refreshes skipped, interframe durs were:[ 205.6  196.1] and was these frames: [110 142]
884.1598 	INFO 	flankers also=[  16.8  205.6    8.7   16.7  196.1    8.9]
884.5614 	DATA 	Keypress: s
889.2536 	EXP 	window1: recordFrameIntervals = False
889.2542 	ERROR 	trialnum=141 ERROR,4 frames were longer than 20.8 ms apparently screen refreshes skipped, interframe durs were:[ 101.4  206.   196.4  209.1] and was these frames: [ 48  80 112 144]
889.2548 	INFO 	flankers also=[  16.7  101.4    8.6   16.7  206.     8.3   16.7  196.4    9.5   16.6
  209.1    9.1]
889.6393 	DATA 	Keypress: w
894.5004 	EXP 	window1: recordFrameIntervals = False
894.5010 	ERROR 	trialnum=142 ERROR,7 frames were longer than 20.8 ms apparently screen refreshes skipped, interframe durs were:[  70.3  197.8  207.7  197.9  207.6  197.9  208.4] and was these frames: [  5   6  18  50  82 114 146]
894.5020 	INFO 	flankers also=[  16.6   70.3  197.8   70.3  197.8    9.8   16.7  207.7    8.5   16.6
  197.9    8.4   16.7  207.6    9.    16.7  197.9    8.7   16.7  208.4
    9.7]
894.8692 	DATA 	Keypress: s
899.5699 	EXP 	window1: recordFrameIntervals = False
899.5704 	ERROR 	trialnum=143 ERROR,4 frames were longer than 20.8 ms apparently screen refreshes skipped, interframe durs were:[ 198.8  209.6  195.6  210.1] and was these frames: [ 20  84 116 148]
899.5710 	INFO 	flankers also=[  16.7  198.8    8.7   16.7  209.6    8.9   16.7  195.6   10.4   16.6
  210.1    8.9]
900.2657 	DATA 	Keypress: v
905.3212 	DATA 	Keypress: c
906.9896 	EXP 	window1: recordFrameIntervals = False
906.9902 	ERROR 	trialnum=144 ERROR,7 frames were longer than 20.8 ms apparently screen refreshes skipped, interframe durs were:[  200.2  2086.3   211.     32.2    24.7    41.4   196.8] and was these frames: [ 22  71  86  99 100 122 150]
906.9912 	INFO 	flankers also=[   16.7   200.2     8.4    16.8  2086.3     8.3    16.7   211.      9.2
    16.7    32.2    24.7    32.2    24.7    16.5    16.6    41.4    17.1
    16.7   196.8     9.3]
907.3789 	DATA 	Keypress: c
913.5747 	EXP 	window1: recordFrameIntervals = False
913.5754 	ERROR 	trialnum=145 ERROR,6 frames were longer than 20.8 ms apparently screen refreshes skipped, interframe durs were:[  211.8   204.7  1271.2   586.2   213.3    26.5] and was these frames: [ 24  57  61  62 120 152]
913.5762 	INFO 	flankers also=[   16.7   211.8     9.1    16.6   204.7    18.3     8.5  1271.2   586.2
  1271.2   586.2     9.3    16.7   213.3     9.1    16.6    26.5     8.8]
914.4842 	DATA 	Keypress: f
918.8386 	EXP 	window1: recordFrameIntervals = False
918.8392 	ERROR 	trialnum=146 ERROR,2 frames were longer than 20.8 ms apparently screen refreshes skipped, interframe durs were:[ 214.8   33.8] and was these frames: [122 154]
918.8397 	INFO 	flankers also=[  16.7  214.8    8.7   16.7   33.8]
919.5412 	DATA 	Keypress: m
924.5769 	DATA 	Keypress: t
924.8182 	EXP 	window1: recordFrameIntervals = False
924.8188 	ERROR 	trialnum=147 ERROR,3 frames were longer than 20.8 ms apparently screen refreshes skipped, interframe durs were:[ 216.8  204.7  215.6] and was these frames: [ 60  92 124]
924.8193 	INFO 	flankers also=[  16.7  216.8    9.8   16.7  204.7    9.4   16.7  215.6    8.8]
925.5545 	DATA 	Keypress: t
930.3138 	EXP 	window1: recordFrameIntervals = False
930.3144 	ERROR 	trialnum=148 ERROR,3 frames were longer than 20.8 ms apparently screen refreshes skipped, interframe durs were:[ 214.8  208.8  217.3] and was these frames: [ 62  94 126]
930.3148 	INFO 	flankers also=[  16.8  214.8    8.8   16.7  208.8    9.1   16.7  217.3    8.7]
931.3677 	DATA 	Keypress: z
935.7761 	EXP 	window1: recordFrameIntervals = False
935.7767 	ERROR 	trialnum=149 ERROR,4 frames were longer than 20.8 ms apparently screen refreshes skipped, interframe durs were:[ 207.1  218.   208.3  218.5] and was these frames: [ 32  64  96 128]
935.7773 	INFO 	flankers also=[  16.7  207.1    8.9   16.7  218.     8.7   16.7  208.3    9.2   16.8
  218.5    8.7]
936.1950 	DATA 	Keypress: m
941.3887 	EXP 	window1: recordFrameIntervals = False
941.3893 	ERROR 	trialnum=150 ERROR,7 frames were longer than 20.8 ms apparently screen refreshes skipped, interframe durs were:[ 209.8  222.5  204.3   24.5  217.2   47.4  447.9] and was these frames: [  2  66  98 108 112 118 119]
941.3903 	INFO 	flankers also=[  16.6  209.8    8.9   16.8  222.5    9.4   16.7  204.3    8.8   16.5
   24.5   10.1   16.7  217.2   20.1    7.9   47.4  447.9   47.4  447.9
   10.3]
941.9918 	DATA 	Keypress: m
946.3981 	EXP 	window1: recordFrameIntervals = False
946.3987 	ERROR 	trialnum=151 ERROR,4 frames were longer than 20.8 ms apparently screen refreshes skipped, interframe durs were:[ 221.3   38.6  221.1  212.3] and was these frames: [  4  68 100 132]
946.3993 	INFO 	flankers also=[  16.7  221.3    8.7   16.6   38.6    9.5   16.6  221.1    8.5   16.8
  212.3   10.2]
946.9508 	DATA 	Keypress: w
952.1794 	EXP 	window1: recordFrameIntervals = False
952.1801 	ERROR 	trialnum=152 ERROR,6 frames were longer than 20.8 ms apparently screen refreshes skipped, interframe durs were:[ 222.7  215.   225.3  206.3  416.9   21.2] and was these frames: [  6  70  73  77  78 142]
952.1809 	INFO 	flankers also=[  16.7  222.7    8.8   16.5  215.     9.     8.1  225.3   11.9    8.2
  206.3  416.9  206.3  416.9   11.9   16.7   21.2   13.8]
953.0146 	DATA 	Keypress: e
957.6082 	EXP 	window1: recordFrameIntervals = False
957.6088 	ERROR 	trialnum=153 ERROR,5 frames were longer than 20.8 ms apparently screen refreshes skipped, interframe durs were:[  28.2  202.   224.6   23.8  231.7] and was these frames: [  8  40  72 104 136]
957.6097 	INFO 	flankers also=[  16.6   28.2    9.2   16.7  202.     8.6   16.7  224.6    9.    16.7
   23.8    9.6   16.8  231.7    9.6]
958.3447 	DATA 	Keypress: b
963.2041 	EXP 	window1: recordFrameIntervals = False
963.2047 	ERROR 	trialnum=154 ERROR,5 frames were longer than 20.8 ms apparently screen refreshes skipped, interframe durs were:[ 221.7  222.9  627.9   28.2  227.3] and was these frames: [ 42  49  50 106 138]
963.2056 	INFO 	flankers also=[  16.7  221.7    8.7    8.3  222.9  627.9  222.9  627.9    9.    16.7
   28.2    8.9   16.7  227.3    9.4]
963.6565 	DATA 	Keypress: l
967.8312 	EXP 	window1: recordFrameIntervals = False
967.8318 	ERROR 	trialnum=155 ERROR,3 frames were longer than 20.8 ms apparently screen refreshes skipped, interframe durs were:[ 227.6  107.3  227.6] and was these frames: [ 12  76 108]
967.8323 	INFO 	flankers also=[  16.7  227.6    8.9   16.8  107.3    9.2   16.5  227.6    8.8]
968.2287 	DATA 	Keypress: r
973.3919 	EXP 	window1: recordFrameIntervals = False
973.3927 	ERROR 	trialnum=156 ERROR,6 frames were longer than 20.8 ms apparently screen refreshes skipped, interframe durs were:[ 227.8  217.7  239.   217.   233.8  217.9] and was these frames: [ 14  36  37  46 110 142]
973.3937 	INFO 	flankers also=[  16.7  227.8    8.9   16.7  217.7  239.   217.7  239.     9.6   16.8
  217.     8.7   16.7  233.8    8.5   16.6  217.9    8.5]
973.8443 	DATA 	Keypress: g
979.0896 	EXP 	window1: recordFrameIntervals = False
979.0902 	ERROR 	trialnum=157 ERROR,5 frames were longer than 20.8 ms apparently screen refreshes skipped, interframe durs were:[ 239.   218.   452.4  230.3  220.2] and was these frames: [ 16  19  20 112 144]
979.0909 	INFO 	flankers also=[  16.6  239.     8.5    8.9  218.   452.4  218.   452.4   10.    16.7
  230.3    9.    16.7  220.2    9.1]
979.5098 	DATA 	Keypress: g
984.4015 	EXP 	window1: recordFrameIntervals = False
984.4021 	ERROR 	trialnum=158 ERROR,4 frames were longer than 20.8 ms apparently screen refreshes skipped, interframe durs were:[ 219.6  231.3  220.3  231.6] and was these frames: [ 50  82 114 146]
984.4027 	INFO 	flankers also=[  16.7  219.6    9.4   16.7  231.3    9.    16.7  220.3    8.9   16.7
  231.6    8.7]
984.9207 	DATA 	Keypress: w
989.6968 	EXP 	window1: recordFrameIntervals = False
989.6974 	ERROR 	trialnum=159 ERROR,4 frames were longer than 20.8 ms apparently screen refreshes skipped, interframe durs were:[ 220.7  233.5  220.6  233.6] and was these frames: [ 20  84 116 148]
989.6982 	INFO 	flankers also=[  16.7  220.7    9.    16.7  233.5    9.1   16.7  220.6    8.9   16.7
  233.6    8.9]
990.1334 	DATA 	Keypress: p
994.8466 	EXP 	window1: recordFrameIntervals = False
994.8472 	ERROR 	trialnum=160 ERROR,4 frames were longer than 20.8 ms apparently screen refreshes skipped, interframe durs were:[ 234.   222.8  234.4  223.1] and was these frames: [ 54  86 118 150]
994.8477 	INFO 	flankers also=[  16.7  234.     8.6   16.7  222.8    9.3   16.8  234.4    8.4   16.6
  223.1    8.7]
995.5278 	DATA 	Keypress: n
1000.5775 	DATA 	Keypress: p
1001.1560 	EXP 	window1: recordFrameIntervals = False
1001.1567 	ERROR 	trialnum=161 ERROR,5 frames were longer than 20.8 ms apparently screen refreshes skipped, interframe durs were:[  234.8   224.7   237.6  1116.    250.2] and was these frames: [ 24  88 120 129 152]
1001.1575 	INFO 	flankers also=[   16.8   234.8     8.7    16.6   224.7     8.9    16.9   237.6     9.1
    16.8  1116.     10.8    16.7   250.2     8.9]
1002.0207 	DATA 	Keypress: p
1007.0540 	EXP 	window1: recordFrameIntervals = False
1007.0547 	ERROR 	trialnum=162 ERROR,3 frames were longer than 20.8 ms apparently screen refreshes skipped, interframe durs were:[ 237.1  225.9  237.3] and was these frames: [ 90 122 154]
1007.0553 	INFO 	flankers also=[  16.7  237.1    9.3   16.7  225.9    9.3   16.7  237.3]
1007.6210 	DATA 	Keypress: t
1012.5812 	EXP 	window1: recordFrameIntervals = False
1012.5818 	ERROR 	trialnum=163 ERROR,3 frames were longer than 20.8 ms apparently screen refreshes skipped, interframe durs were:[ 227.2  239.8  450.7] and was these frames: [ 92 104 105]
1012.5823 	INFO 	flankers also=[  16.8  227.2    9.8   16.9  239.8  450.7  239.8  450.7   10. ]
1013.3009 	DATA 	Keypress: e
1017.8096 	EXP 	window1: recordFrameIntervals = False
1017.8101 	ERROR 	trialnum=164 ERROR,2 frames were longer than 20.8 ms apparently screen refreshes skipped, interframe durs were:[ 230.9  237.1] and was these frames: [ 62 126]
1017.8105 	INFO 	flankers also=[  16.7  230.9    9.    16.7  237.1    8.9]
1018.2954 	DATA 	Keypress: o
1022.7207 	EXP 	window1: recordFrameIntervals = False
1022.7212 	ERROR 	trialnum=165 ERROR,4 frames were longer than 20.8 ms apparently screen refreshes skipped, interframe durs were:[ 240.6  229.1  241.3  229.2] and was these frames: [  0  64  96 128]
1022.7219 	INFO 	flankers also=[ 240.6    9.    16.7  229.1    9.    16.7  241.3    9.    16.7  229.2
    9.2]
1023.1729 	DATA 	Keypress: d
1027.7820 	EXP 	window1: recordFrameIntervals = False
1027.7826 	ERROR 	trialnum=166 ERROR,5 frames were longer than 20.8 ms apparently screen refreshes skipped, interframe durs were:[ 242.3  230.1  242.4  230.8  148.1] and was these frames: [  2  66  98 130 146]
1027.7833 	INFO 	flankers also=[  16.7  242.3    9.1   16.7  230.1    9.1   16.8  242.4    8.8   16.7
  230.8   10.5   16.6  148.1    8.8]
1028.3012 	DATA 	Keypress: r
1033.2111 	EXP 	window1: recordFrameIntervals = False
1033.2119 	ERROR 	trialnum=167 ERROR,8 frames were longer than 20.8 ms apparently screen refreshes skipped, interframe durs were:[ 243.2  231.9  250.5   22.7   28.4  235.6  246.1  232.9] and was these frames: [  4  68  84  85  88  89 100 132]
1033.2129 	INFO 	flankers also=[  16.7  243.2    9.2   16.7  231.9    8.7   16.6  250.5   22.7  250.5
   22.7   14.3    8.3   28.4  235.6   28.4  235.6    8.9   16.7  246.1
    9.    16.7  232.9    9.3]
1034.2809 	DATA 	Keypress: b
1038.7215 	EXP 	window1: recordFrameIntervals = False
1038.7220 	ERROR 	trialnum=168 ERROR,2 frames were longer than 20.8 ms apparently screen refreshes skipped, interframe durs were:[ 245.2  232.6] and was these frames: [ 70 102]
1038.7223 	INFO 	flankers also=[  16.7  245.2    9.    16.7  232.6    9. ]
1039.4078 	DATA 	Keypress: i
1044.2355 	EXP 	window1: recordFrameIntervals = False
1044.2360 	ERROR 	trialnum=169 ERROR,4 frames were longer than 20.8 ms apparently screen refreshes skipped, interframe durs were:[ 245.9  234.6  247.6  234.2] and was these frames: [ 40  72 104 136]
1044.2366 	INFO 	flankers also=[  16.7  245.9    9.2   16.7  234.6    8.9   16.7  247.6    9.3   16.8
  234.2    8.8]
1044.6211 	DATA 	Keypress: d
1049.2467 	EXP 	window1: recordFrameIntervals = False
1049.2473 	ERROR 	trialnum=170 ERROR,4 frames were longer than 20.8 ms apparently screen refreshes skipped, interframe durs were:[ 247.   235.5  248.8  236.6] and was these frames: [ 10  74 106 138]
1049.2479 	INFO 	flankers also=[  16.7  247.     9.1   16.8  235.5    9.2   16.7  248.8    9.    16.7
  236.6    8.8]
1049.8673 	DATA 	Keypress: s
1055.1600 	EXP 	window1: recordFrameIntervals = False
1055.1607 	ERROR 	trialnum=171 ERROR,8 frames were longer than 20.8 ms apparently screen refreshes skipped, interframe durs were:[ 233.    23.3   28.8  469.8  250.3   39.6  251.   238.7] and was these frames: [  0   1   5   6  44  76 108 140]
1055.1618 	INFO 	flankers also=[ 233.    23.3  233.    23.3    9.6    9.9   28.8  469.8   28.8  469.8
    9.7   16.7  250.3    9.2   16.7   39.6    9.1   16.7  251.    10.7
   16.7  238.7    9.2]
1056.2637 	DATA 	Keypress: o
1061.2903 	EXP 	window1: recordFrameIntervals = False
1061.2908 	ERROR 	trialnum=172 ERROR,4 frames were longer than 20.8 ms apparently screen refreshes skipped, interframe durs were:[ 239.   252.4  234.9  251.2] and was these frames: [ 14  78 110 142]
1061.2916 	INFO 	flankers also=[  16.7  239.     9.4   16.7  252.4    8.8   16.7  234.9    9.    16.7
  251.2    9.2]
1061.8707 	DATA 	Keypress: r
1066.6857 	EXP 	window1: recordFrameIntervals = False
1066.6863 	ERROR 	trialnum=173 ERROR,4 frames were longer than 20.8 ms apparently screen refreshes skipped, interframe durs were:[ 242.1  252.2  237.5  248.8] and was these frames: [ 16  80 112 119]
1066.6870 	INFO 	flankers also=[  16.7  242.1    9.6   16.7  252.2    9.1   16.7  237.5    8.8    9.2
  248.8   16. ]
1067.0880 	DATA 	Keypress: k
1071.7287 	EXP 	window1: recordFrameIntervals = False
1071.7294 	ERROR 	trialnum=174 ERROR,5 frames were longer than 20.8 ms apparently screen refreshes skipped, interframe durs were:[  42.5  240.8  253.5  236.4  253.2] and was these frames: [  1  18  82 114 146]
1071.7301 	INFO 	flankers also=[  16.7   42.5    8.4   16.7  240.8    9.1   16.7  253.5   10.2   16.8
  236.4    8.8   16.7  253.2    8.7]
1072.4663 	DATA 	Keypress: b
1077.2471 	EXP 	window1: recordFrameIntervals = False
1077.2477 	ERROR 	trialnum=175 ERROR,3 frames were longer than 20.8 ms apparently screen refreshes skipped, interframe durs were:[ 253.9  238.1  255.2] and was these frames: [ 20 116 148]
1077.2481 	INFO 	flankers also=[  16.7  253.9    8.8   16.7  238.1    8.8   16.7  255.2    8.8]
1077.5508 	DATA 	Keypress: i
1082.6326 	EXP 	window1: recordFrameIntervals = False
1082.6331 	ERROR 	trialnum=176 ERROR,3 frames were longer than 20.8 ms apparently screen refreshes skipped, interframe durs were:[ 248.9  257.1  244.4] and was these frames: [ 54 118 150]
1082.6336 	INFO 	flankers also=[  16.7  248.9    9.3   16.7  257.1    8.9   16.7  244.4    9.2]
1083.2837 	DATA 	Keypress: j
1088.0335 	EXP 	window1: recordFrameIntervals = False
1088.0342 	ERROR 	trialnum=177 ERROR,4 frames were longer than 20.8 ms apparently screen refreshes skipped, interframe durs were:[ 257.9  245.9  259.   245.3] and was these frames: [ 24  56  88 120]
1088.0350 	INFO 	flankers also=[  16.7  257.9    9.3   16.7  245.9    9.1   16.7  259.     9.1   16.7
  245.3    8.8]
1090.0709 	DATA 	Keypress: k
1095.4950 	EXP 	window1: recordFrameIntervals = False
1095.4961 	ERROR 	trialnum=178 ERROR,7 frames were longer than 20.8 ms apparently screen refreshes skipped, interframe durs were:[  71.   243.9  258.8  737.2   20.9  261.3  247. ] and was these frames: [ 43  44  47  48  90 122 154]
1095.4970 	INFO 	flankers also=[  16.7   71.   243.9   71.   243.9    9.9   17.2  258.8  737.2  258.8
  737.2   10.2   16.7   20.9   12.5   16.7  261.3    9.4   16.7  247. ]
1095.9677 	DATA 	Keypress: j
1100.6619 	EXP 	window1: recordFrameIntervals = False
1100.6626 	ERROR 	trialnum=179 ERROR,3 frames were longer than 20.8 ms apparently screen refreshes skipped, interframe durs were:[ 261.   247.5  260.6] and was these frames: [ 28  92 124]
1100.6632 	INFO 	flankers also=[  16.7  261.     9.1   16.7  247.5    9.2   16.7  260.6    9.6]
1101.4817 	DATA 	Keypress: b
1106.1574 	EXP 	window1: recordFrameIntervals = False
1106.1578 	ERROR 	trialnum=180 ERROR,1 frames were longer than 20.8 ms apparently screen refreshes skipped, interframe durs were:[ 61.7] and was these frames: [126]
1106.1581 	INFO 	flankers also=[ 16.6  61.7   9.2]
1107.1944 	DATA 	Keypress: m
1110.8274 	DATA 	Keypress: s
1111.7699 	EXP 	window1: recordFrameIntervals = False
1111.7706 	ERROR 	trialnum=181 ERROR,4 frames were longer than 20.8 ms apparently screen refreshes skipped, interframe durs were:[ 262.1  249.4  263.5  250. ] and was these frames: [  0  64  96 128]
1111.7712 	INFO 	flankers also=[ 262.1    9.4   16.7  249.4    9.4   16.7  263.5    9.1   16.7  250.
    9.9]
1112.1890 	DATA 	Keypress: s
1117.8236 	EXP 	window1: recordFrameIntervals = False
1117.8243 	ERROR 	trialnum=182 ERROR,9 frames were longer than 20.8 ms apparently screen refreshes skipped, interframe durs were:[ 261.3  251.5  275.4  251.4   31.1   26.6  520.7   25.9  274.6] and was these frames: [ 34  66  98 100 101 104 105 124 130]
1117.8258 	INFO 	flankers also=[  16.7  261.3   10.3   16.7  251.5    9.7   16.7  275.4    9.3    9.3
  251.4   31.1  251.4   31.1   18.1    9.4   26.6  520.7   26.6  520.7
   10.3   16.7   25.9   14.1   16.6  274.6    9.2]
1118.7299 	DATA 	Keypress: f
1123.2607 	EXP 	window1: recordFrameIntervals = False
1123.2614 	ERROR 	trialnum=183 ERROR,4 frames were longer than 20.8 ms apparently screen refreshes skipped, interframe durs were:[ 148.4  255.1  262.8  266.8] and was these frames: [ 11  36  68 100]
1123.2621 	INFO 	flankers also=[  16.7  148.4    8.9   16.7  255.1    9.    16.7  262.8    9.1   16.7
  266.8    9.1]
1124.0305 	DATA 	Keypress: g
1128.7078 	EXP 	window1: recordFrameIntervals = False
1128.7083 	ERROR 	trialnum=184 ERROR,4 frames were longer than 20.8 ms apparently screen refreshes skipped, interframe durs were:[ 253.1  279.6  254.3  268.5] and was these frames: [ 38  70 102 134]
1128.7091 	INFO 	flankers also=[  16.7  253.1    9.    16.7  279.6    9.9   16.7  254.3    8.9   16.6
  268.5    9. ]
1129.2938 	DATA 	Keypress: m
1133.8954 	DATA 	Keypress: r
1133.9028 	EXP 	window1: recordFrameIntervals = False
1133.9034 	ERROR 	trialnum=185 ERROR,4 frames were longer than 20.8 ms apparently screen refreshes skipped, interframe durs were:[ 254.6  269.   250.7  268.5] and was these frames: [  8  72 104 136]
1133.9041 	INFO 	flankers also=[  16.7  254.6    9.3   16.8  269.     9.5   16.5  250.7    9.    16.7
  268.5    9.2]
1134.5389 	DATA 	Keypress: r
1140.1334 	EXP 	window1: recordFrameIntervals = False
1140.1341 	ERROR 	trialnum=186 ERROR,6 frames were longer than 20.8 ms apparently screen refreshes skipped, interframe durs were:[ 255.4  271.4  260.2   27.2  274.9  771.3] and was these frames: [ 10  74 103 104 106 109]
1140.1349 	INFO 	flankers also=[  16.6  255.4    8.8   16.6  271.4   10.1   16.7  260.2   27.2  260.2
   27.2   13.7   13.7  274.9    9.    18.6  771.3    9.3]
1140.8519 	DATA 	Keypress: v
1145.6290 	EXP 	window1: recordFrameIntervals = False
1145.6297 	ERROR 	trialnum=187 ERROR,3 frames were longer than 20.8 ms apparently screen refreshes skipped, interframe durs were:[ 269.3  259.1  276.1] and was these frames: [ 44  76 140]
1145.6302 	INFO 	flankers also=[  16.7  269.3    9.    16.8  259.1    9.5   16.6  276.1   10.8]
1146.5491 	DATA 	Keypress: r
1151.4571 	EXP 	window1: recordFrameIntervals = False
1151.4578 	ERROR 	trialnum=188 ERROR,5 frames were longer than 20.8 ms apparently screen refreshes skipped, interframe durs were:[  71.2  275.5  260.2  273.3  260.1] and was these frames: [ 13  14  78 110 142]
1151.4587 	INFO 	flankers also=[  16.6   71.2  275.5   71.2  275.5    9.2   16.7  260.2    9.1   16.7
  273.3    9.5   16.7  260.1    9.2]
1153.4296 	DATA 	Keypress: t
1158.1738 	EXP 	window1: recordFrameIntervals = False
1158.1744 	ERROR 	trialnum=189 ERROR,5 frames were longer than 20.8 ms apparently screen refreshes skipped, interframe durs were:[ 264.9  273.4   27.   260.   274.1] and was these frames: [ 16  80  85 112 144]
1158.1751 	INFO 	flankers also=[  16.7  264.9    9.1   16.7  273.4    8.9    9.4   27.     8.1   16.7
  260.     9.6   16.6  274.1    9. ]
1158.6097 	DATA 	Keypress: z
1164.0870 	EXP 	window1: recordFrameIntervals = False
1164.0876 	ERROR 	trialnum=190 ERROR,4 frames were longer than 20.8 ms apparently screen refreshes skipped, interframe durs were:[ 261.3  276.5  780.3  277.2] and was these frames: [ 18 106 107 146]
1164.0882 	INFO 	flankers also=[  16.7  261.3   10.1   16.6  276.5  780.3  276.5  780.3   10.1   16.7
  277.2    9.2]
1164.7754 	DATA 	Keypress: m
1169.3603 	EXP 	window1: recordFrameIntervals = False
1169.3609 	ERROR 	trialnum=191 ERROR,3 frames were longer than 20.8 ms apparently screen refreshes skipped, interframe durs were:[ 262.9  279.1  260.5] and was these frames: [ 20  84 148]
1169.3614 	INFO 	flankers also=[  16.7  262.9    9.3   16.6  279.1   11.5   16.7  260.5    9.4]
1169.9947 	DATA 	Keypress: s
1175.9285 	EXP 	window1: recordFrameIntervals = False
1175.9293 	ERROR 	trialnum=192 ERROR,8 frames were longer than 20.8 ms apparently screen refreshes skipped, interframe durs were:[ 269.1  300.4  265.8  547.3  279.4   42.3  264.4  278.9] and was these frames: [ 48  49  52  53  54  77  86 118]
1175.9306 	INFO 	flankers also=[  15.2  269.1  300.4  269.1  300.4   11.9    8.9  265.8  547.3  265.8
  547.3  279.4  547.3  279.4    9.    17.    42.3   16.2   16.7  264.4
    9.3   16.6  278.9   10.3]
1176.9211 	DATA 	Keypress: i
1188.7107 	DATA 	Keypress: i
1188.7127 	DATA 	Keypress: return
1192.3319 	EXP 	window1: recordFrameIntervals = False
1193.2689 	DATA 	Keypress: c
1197.2763 	EXP 	window1: recordFrameIntervals = False
1197.7621 	DATA 	Keypress: g
1201.6043 	EXP 	window1: recordFrameIntervals = False
1203.6602 	DATA 	Keypress: p
1207.7180 	EXP 	window1: recordFrameIntervals = False
1208.1372 	DATA 	Keypress: v
1212.2448 	EXP 	window1: recordFrameIntervals = False
1212.2452 	ERROR 	trialnum=197 ERROR,1 frames were longer than 20.8 ms apparently screen refreshes skipped, interframe durs were:[ 285.5] and was these frames: [128]
1212.2455 	INFO 	flankers also=[  16.7  285.5    9.2]
1213.6702 	DATA 	Keypress: f
1218.2583 	EXP 	window1: recordFrameIntervals = False
1218.2588 	ERROR 	trialnum=198 ERROR,3 frames were longer than 20.8 ms apparently screen refreshes skipped, interframe durs were:[ 138.1  286.3  286. ] and was these frames: [34 66 98]
1218.2593 	INFO 	flankers also=[  16.7  138.1    9.1   16.7  286.3    8.9   16.7  286.     9. ]
1218.7941 	DATA 	Keypress: d
1223.7873 	EXP 	window1: recordFrameIntervals = False
1223.7879 	ERROR 	trialnum=199 ERROR,7 frames were longer than 20.8 ms apparently screen refreshes skipped, interframe durs were:[ 286.   150.   239.3  286.9  295.8   38.8  289.5] and was these frames: [  4  34  68 100 122 123 132]
1223.7888 	INFO 	flankers also=[  16.8  286.     8.9   16.7  150.     8.4   16.8  239.3    9.3   16.7
  286.9    9.9   16.9  295.8   38.8  295.8   38.8   10.9   16.2  289.5
   10.5]
1224.2731 	DATA 	Keypress: s
1228.9321 	EXP 	window1: recordFrameIntervals = False
1228.9328 	ERROR 	trialnum=200 ERROR,4 frames were longer than 20.8 ms apparently screen refreshes skipped, interframe durs were:[ 269.7   26.   290.3  273.1] and was these frames: [  6  38  70 134]
1228.9336 	INFO 	flankers also=[  16.7  269.7    9.    16.7   26.     9.3   16.7  290.3   12.6   16.8
  273.1    9. ]
1229.8088 	DATA 	Keypress: f
1234.6432 	EXP 	window1: recordFrameIntervals = False
1234.6438 	ERROR 	trialnum=201 ERROR,4 frames were longer than 20.8 ms apparently screen refreshes skipped, interframe durs were:[ 287.3  275.2  289.9  275.8] and was these frames: [ 40  72 104 136]
1234.6444 	INFO 	flankers also=[  13.6  287.3    8.8   16.7  275.2    9.4   16.8  289.9    9.8   16.8
  275.8    9.3]
1235.9643 	DATA 	Keypress: b
1240.9089 	EXP 	window1: recordFrameIntervals = False
1240.9095 	ERROR 	trialnum=202 ERROR,4 frames were longer than 20.8 ms apparently screen refreshes skipped, interframe durs were:[ 290.1  276.6  305.1  277.1] and was these frames: [ 10  74 106 138]
1240.9101 	INFO 	flankers also=[  16.7  290.1    8.9   16.6  276.6    9.3   16.8  305.1    9.1   16.7
  277.1    9.2]
1241.3947 	DATA 	Keypress: u
1247.3400 	EXP 	window1: recordFrameIntervals = False
1247.3406 	ERROR 	trialnum=203 ERROR,6 frames were longer than 20.8 ms apparently screen refreshes skipped, interframe durs were:[ 563.5  283.8  567.   284.6  293.8  278.6] and was these frames: [ 12  17  18  76 108 140]
1247.3415 	INFO 	flankers also=[  16.7  563.5   13.7    8.6  283.8  567.   283.8  567.    10.3   17.
  284.6    8.9   16.7  293.8    9.4   16.6  278.6    9.5]
1248.1436 	DATA 	Keypress: y
1253.0194 	EXP 	window1: recordFrameIntervals = False
1253.0200 	ERROR 	trialnum=204 ERROR,3 frames were longer than 20.8 ms apparently screen refreshes skipped, interframe durs were:[ 279.7  293.4  279.3] and was these frames: [ 46  78 110]
1253.0205 	INFO 	flankers also=[  16.7  279.7    9.4   16.6  293.4    9.3   16.7  279.3    9.3]
1253.4717 	DATA 	Keypress: g
1259.2984 	EXP 	window1: recordFrameIntervals = False
1259.2991 	ERROR 	trialnum=205 ERROR,8 frames were longer than 20.8 ms apparently screen refreshes skipped, interframe durs were:[ 296.3  304.6  291.2  294.3   23.   329.5  281.6  296. ] and was these frames: [ 48  49  53  54  63  80 112 144]
1259.3003 	INFO 	flankers also=[  16.6  296.3  304.6  296.3  304.6   10.1    8.4  291.2  294.3  291.2
  294.3   11.6    9.2   23.    13.7   16.4  329.5    9.1   16.7  281.6
    9.4   16.7  296.     9.3]
1259.7342 	DATA 	Keypress: s
1264.7106 	EXP 	window1: recordFrameIntervals = False
1264.7113 	ERROR 	trialnum=206 ERROR,5 frames were longer than 20.8 ms apparently screen refreshes skipped, interframe durs were:[ 280.9   20.9  296.4  276.   296.7] and was these frames: [ 18  50  82 114 146]
1264.7120 	INFO 	flankers also=[  16.9  280.9    9.6   16.7   20.9   12.4   16.7  296.4   10.2   16.7
  276.     9.5   16.7  296.7    9.6]
1265.6808 	DATA 	Keypress: y
1270.7424 	EXP 	window1: recordFrameIntervals = False
1270.7429 	ERROR 	trialnum=207 ERROR,4 frames were longer than 20.8 ms apparently screen refreshes skipped, interframe durs were:[ 282.5  299.2  277.   298. ] and was these frames: [ 20  84 116 148]
1270.7435 	INFO 	flankers also=[  16.8  282.5    9.3   16.8  299.2    9.1   16.7  277.     9.8   16.7
  298.     9.6]
1271.3618 	DATA 	Keypress: n
1276.4394 	EXP 	window1: recordFrameIntervals = False
1276.4400 	ERROR 	trialnum=208 ERROR,5 frames were longer than 20.8 ms apparently screen refreshes skipped, interframe durs were:[ 311.5  297.6   63.7  285.7  300.4] and was these frames: [ 22  25  34 118 150]
1276.4407 	INFO 	flankers also=[  16.7  311.5   10.3    9.1  297.6   13.7    8.6   63.7   14.4   16.7
  285.7    9.    16.7  300.4    9.2]
1276.8909 	DATA 	Keypress: m
1281.9702 	EXP 	window1: recordFrameIntervals = False
1281.9708 	ERROR 	trialnum=209 ERROR,5 frames were longer than 20.8 ms apparently screen refreshes skipped, interframe durs were:[ 286.3   21.3  300.7  280.4  301.5] and was these frames: [ 24  56  88 120 152]
1281.9716 	INFO 	flankers also=[  16.7  286.3    9.1   16.7   21.3   12.1   16.7  300.7    9.2   16.7
  280.4    9.2   16.7  301.5    9.7]
1282.5036 	DATA 	Keypress: j
1286.5208 	DATA 	Keypress: space
1297.9202 	DATA 	Keypress: p
1298.9388 	EXP 	window1: recordFrameIntervals = False
1298.9395 	ERROR 	trialnum=210 ERROR,3 frames were longer than 20.8 ms apparently screen refreshes skipped, interframe durs were:[  303.6   280.4  7978.8] and was these frames: [24 88 89]
1298.9401 	INFO 	flankers also=[   16.7   303.6     9.     16.7   280.4  7978.8   280.4  7978.8    12.8]
1299.3923 	DATA 	Keypress: p
1303.2819 	EXP 	window1: recordFrameIntervals = False
1303.8177 	DATA 	Keypress: o
1309.2953 	EXP 	window1: recordFrameIntervals = False
1309.2960 	ERROR 	trialnum=212 ERROR,5 frames were longer than 20.8 ms apparently screen refreshes skipped, interframe durs were:[ 304.6  289.3  310.2  296.8  309.3] and was these frames: [ 60  92 124 127 128]
1309.2967 	INFO 	flankers also=[  16.7  304.6    9.    16.6  289.3    9.5   16.7  310.2   10.3    9.3
  296.8  309.3  296.8  309.3    9.3]
1309.9314 	DATA 	Keypress: f
1314.9396 	EXP 	window1: recordFrameIntervals = False
1314.9402 	ERROR 	trialnum=213 ERROR,3 frames were longer than 20.8 ms apparently screen refreshes skipped, interframe durs were:[ 290.    20.9  306.8] and was these frames: [30 62 94]
1314.9407 	INFO 	flankers also=[  16.8  290.     9.2   16.7   20.9   12.4   16.7  306.8    9.3]
1315.3921 	DATA 	Keypress: e
1320.0511 	EXP 	window1: recordFrameIntervals = False
1320.0517 	ERROR 	trialnum=214 ERROR,3 frames were longer than 20.8 ms apparently screen refreshes skipped, interframe durs were:[ 286.6  307.7  293.7] and was these frames: [ 64  96 128]
1320.0522 	INFO 	flankers also=[  16.7  286.6    9.2   16.7  307.7    9.1   16.7  293.7    9.4]
1320.6397 	DATA 	Keypress: f
1326.7176 	EXP 	window1: recordFrameIntervals = False
1326.7183 	ERROR 	trialnum=215 ERROR,6 frames were longer than 20.8 ms apparently screen refreshes skipped, interframe durs were:[ 307.5  147.9  292.7  311.4  298.3  887.7] and was these frames: [  2  58  66  98  99 100]
1326.7192 	INFO 	flankers also=[  16.7  307.5    9.5   16.7  147.9    8.7   16.6  292.7    9.6   16.9
  311.4  298.3  311.4  298.3  887.7  298.3  887.7   10.8]
1327.8716 	DATA 	Keypress: e
1332.3469 	EXP 	window1: recordFrameIntervals = False
1332.3475 	ERROR 	trialnum=216 ERROR,5 frames were longer than 20.8 ms apparently screen refreshes skipped, interframe durs were:[ 295.    21.4  310.7  289.2   39.2] and was these frames: [  4  36  68 100 116]
1332.3482 	INFO 	flankers also=[  16.7  295.    10.    16.6   21.4   12.    16.7  310.7   10.2   16.7
  289.2    9.    16.7   39.2    8.9]
1332.8382 	DATA 	Keypress: t
1338.2752 	EXP 	window1: recordFrameIntervals = False
1338.2758 	ERROR 	trialnum=217 ERROR,5 frames were longer than 20.8 ms apparently screen refreshes skipped, interframe durs were:[ 299.8  321.7  295.8  311.4  297.6] and was these frames: [  8   9  70 102 134]
1338.2767 	INFO 	flankers also=[  16.5  299.8  321.7  299.8  321.7   10.    16.7  295.8    9.2   16.7
  311.4   11.7   16.7  297.6    9.6]
1339.1452 	DATA 	Keypress: u
1343.7892 	EXP 	window1: recordFrameIntervals = False
1343.7897 	ERROR 	trialnum=218 ERROR,3 frames were longer than 20.8 ms apparently screen refreshes skipped, interframe durs were:[ 312.6  297.2  316.5] and was these frames: [ 40  72 136]
1343.7902 	INFO 	flankers also=[  16.7  312.6    9.8   16.7  297.2    9.6   16.6  316.5    9.2]
1344.5150 	DATA 	Keypress: z
1351.2559 	EXP 	window1: recordFrameIntervals = False
1351.2564 	ERROR 	trialnum=219 ERROR,3 frames were longer than 20.8 ms apparently screen refreshes skipped, interframe durs were:[  299.   2088.2   310.2] and was these frames: [10 11 74]
1351.2569 	INFO 	flankers also=[   16.7   299.   2088.2   299.   2088.2     9.     16.7   310.2     9.4]
1351.6920 	DATA 	Keypress: f
1352.6119 	DATA 	Keypress: f
1357.6353 	EXP 	window1: recordFrameIntervals = False
1357.6359 	ERROR 	trialnum=220 ERROR,4 frames were longer than 20.8 ms apparently screen refreshes skipped, interframe durs were:[  70.5   26.7  614.9  316.4] and was these frames: [ 40  43  44 140]
1357.6365 	INFO 	flankers also=[  16.7   70.5   10.8   13.1   26.7  614.9   26.7  614.9    9.8   16.6
  316.4    9.2]
1358.1058 	DATA 	Keypress: p
1362.7483 	EXP 	window1: recordFrameIntervals = False
1362.7488 	ERROR 	trialnum=221 ERROR,3 frames were longer than 20.8 ms apparently screen refreshes skipped, interframe durs were:[ 165.8  317.3  317.8] and was these frames: [ 78 110 142]
1362.7494 	INFO 	flankers also=[  16.6  165.8    9.3   16.7  317.3    9.3   16.9  317.8    9.4]
1363.6685 	DATA 	Keypress: y
1368.4778 	EXP 	window1: recordFrameIntervals = False
1368.4783 	ERROR 	trialnum=222 ERROR,4 frames were longer than 20.8 ms apparently screen refreshes skipped, interframe durs were:[ 316.7  302.5  317.5  305. ] and was these frames: [ 16  80 112 144]
1368.4791 	INFO 	flankers also=[  16.7  316.7    9.1   16.7  302.5    9.5   16.7  317.5    9.4   16.7
  305.     9.5]
1368.9470 	DATA 	Keypress: c
1373.7563 	EXP 	window1: recordFrameIntervals = False
1373.7568 	ERROR 	trialnum=223 ERROR,4 frames were longer than 20.8 ms apparently screen refreshes skipped, interframe durs were:[ 318.1  303.6  319.9  303.5] and was these frames: [ 18  82 114 146]
1373.7574 	INFO 	flankers also=[  16.7  318.1    9.5   16.7  303.6    9.1   16.7  319.9    9.9   16.7
  303.5    9.7]
1374.2254 	DATA 	Keypress: f
1380.0943 	EXP 	window1: recordFrameIntervals = False
1380.0949 	ERROR 	trialnum=224 ERROR,4 frames were longer than 20.8 ms apparently screen refreshes skipped, interframe durs were:[ 312.4  321.   306.   322.1] and was these frames: [ 52  84 116 148]
1380.0955 	INFO 	flankers also=[  16.7  312.4    9.4   16.7  321.     9.4   16.7  306.     9.4   16.7
  322.1    9.1]
1380.7141 	DATA 	Keypress: r
1385.4401 	EXP 	window1: recordFrameIntervals = False
1385.4406 	ERROR 	trialnum=225 ERROR,4 frames were longer than 20.8 ms apparently screen refreshes skipped, interframe durs were:[ 186.7  322.5  306.8  325.5] and was these frames: [ 54  86 118 150]
1385.4412 	INFO 	flankers also=[  16.8  186.7    9.2   16.5  322.5   12.2   16.7  306.8    9.5   16.7
  325.5    9.4]
1386.1828 	DATA 	Keypress: r
1398.9083 	DATA 	Keypress: e
1399.7795 	EXP 	window1: recordFrameIntervals = False
1399.7800 	ERROR 	trialnum=226 ERROR,3 frames were longer than 20.8 ms apparently screen refreshes skipped, interframe durs were:[  625.7  8905.8    41.3] and was these frames: [ 56 100 125]
1399.7806 	INFO 	flankers also=[   16.7   625.7     9.5    16.7  8905.8    12.9    17.     41.3    17.1]
1400.3322 	DATA 	Keypress: e
1405.7978 	EXP 	window1: recordFrameIntervals = False
1405.7985 	ERROR 	trialnum=227 ERROR,5 frames were longer than 20.8 ms apparently screen refreshes skipped, interframe durs were:[ 627.1  301.7  324.3  320.5  352.2] and was these frames: [ 58  90 122 149 154]
1405.7995 	INFO 	flankers also=[  16.7  627.1    9.8   16.7  301.7    9.6   16.7  324.3    9.2   16.5
  320.5   17.     9.   352.2]
1406.9807 	DATA 	Keypress: j
1411.5074 	EXP 	window1: recordFrameIntervals = False
1411.5079 	ERROR 	trialnum=228 ERROR,2 frames were longer than 20.8 ms apparently screen refreshes skipped, interframe durs were:[ 358.3  304.6] and was these frames: [ 92 124]
1411.5083 	INFO 	flankers also=[  16.7  358.3    9.4   16.7  304.6    9.2]
1412.9121 	DATA 	Keypress: w
1417.9051 	EXP 	window1: recordFrameIntervals = False
1417.9056 	ERROR 	trialnum=229 ERROR,3 frames were longer than 20.8 ms apparently screen refreshes skipped, interframe durs were:[ 332.1  326.6  299.3] and was these frames: [ 30  34 126]
1417.9062 	INFO 	flankers also=[  16.7  332.1   11.2    8.6  326.6   17.7   16.7  299.3    9.4]
1418.3745 	DATA 	Keypress: n
1423.6178 	EXP 	window1: recordFrameIntervals = False
1423.6185 	ERROR 	trialnum=230 ERROR,4 frames were longer than 20.8 ms apparently screen refreshes skipped, interframe durs were:[ 328.5  318.2  328.6  313.1] and was these frames: [  0  32  64 128]
1423.6190 	INFO 	flankers also=[ 328.5    9.5   16.7  318.2    9.4   16.6  328.6    9.6   16.7  313.1
    9.8]
1424.0872 	DATA 	Keypress: v
1432.2522 	EXP 	window1: recordFrameIntervals = False
1432.2529 	ERROR 	trialnum=231 ERROR,8 frames were longer than 20.8 ms apparently screen refreshes skipped, interframe durs were:[ 314.2  331.2  327.9  330.7  294.1  149.9  330.7  639. ] and was these frames: [  2  31  32  34  66  86  98 130]
1432.2541 	INFO 	flankers also=[  16.9  314.2    9.5   16.7  331.2  327.9  331.2  327.9    9.6    9.6
  330.7   10.3   16.6  294.1    9.7   16.7  149.9    8.8   16.7  330.7
    9.5   16.7  639.     9.1]
1433.1725 	DATA 	Keypress: b
1438.8686 	EXP 	window1: recordFrameIntervals = False
1438.8693 	ERROR 	trialnum=232 ERROR,6 frames were longer than 20.8 ms apparently screen refreshes skipped, interframe durs were:[ 333.3  173.   334.1  331.8  460.7  309.9] and was these frames: [ 36  41  42  68 100 132]
1438.8701 	INFO 	flankers also=[  16.7  333.3   10.2    9.   173.   334.1  173.   334.1   10.5   16.7
  331.8    9.6   16.7  460.7    9.5   16.7  309.9    9.7]
1439.9058 	DATA 	Keypress: u
1444.8987 	EXP 	window1: recordFrameIntervals = False
1444.8993 	ERROR 	trialnum=233 ERROR,3 frames were longer than 20.8 ms apparently screen refreshes skipped, interframe durs were:[ 641.   309.4  333.1] and was these frames: [ 38  70 102]
1444.8998 	INFO 	flankers also=[  16.7  641.     9.6   16.7  309.4   10.1   16.7  333.1   10.4]
1445.2678 	DATA 	Keypress: s
1451.7072 	DATA 	Keypress: h
1451.7809 	EXP 	window1: recordFrameIntervals = False
1451.7815 	ERROR 	trialnum=234 ERROR,5 frames were longer than 20.8 ms apparently screen refreshes skipped, interframe durs were:[ 303.9   35.3  336.7  626.4  311.7] and was these frames: [  8  40  72 104 136]
1451.7822 	INFO 	flankers also=[  16.7  303.9   10.7   16.7   35.3    9.2   16.7  336.7    9.4   16.7
  626.4   10.2   16.7  311.7   10.6]
1452.9414 	DATA 	Keypress: h
1452.9524 	DATA 	Keypress: h
1458.0933 	EXP 	window1: recordFrameIntervals = False
1458.0940 	ERROR 	trialnum=235 ERROR,6 frames were longer than 20.8 ms apparently screen refreshes skipped, interframe durs were:[ 335.1  337.1  306.4   32.7  337.3  300.2] and was these frames: [ 10  74  75  76 106 138]
1458.0948 	INFO 	flankers also=[  16.7  335.1    9.6   16.   337.1  306.4  337.1  306.4   32.7  306.4
   32.7   10.4   16.7  337.3    9.5   16.7  300.2    9.4]
1458.4950 	DATA 	Keypress: n
1464.0751 	EXP 	window1: recordFrameIntervals = False
1464.0757 	ERROR 	trialnum=236 ERROR,4 frames were longer than 20.8 ms apparently screen refreshes skipped, interframe durs were:[ 495.7  313.2  339.6  651.4] and was these frames: [ 44  76 108 140]
1464.0765 	INFO 	flankers also=[  16.7  495.7    9.6   16.7  313.2    9.1   16.7  339.6    9.3   16.6
  651.4    9.6]
1465.4770 	DATA 	Keypress: o
1465.4792 	DATA 	Keypress: o
1471.4900 	EXP 	window1: recordFrameIntervals = False
1471.4905 	ERROR 	trialnum=237 ERROR,2 frames were longer than 20.8 ms apparently screen refreshes skipped, interframe durs were:[ 72.   40.7] and was these frames: [1 8]
1471.4909 	INFO 	flankers also=[ 16.6  72.   16.5   8.7  40.7  17.1]
1472.9468 	DATA 	Keypress: h
1472.9490 	DATA 	Keypress: h
1478.3235 	EXP 	window1: recordFrameIntervals = False
1478.3241 	ERROR 	trialnum=238 ERROR,2 frames were longer than 20.8 ms apparently screen refreshes skipped, interframe durs were:[ 322.   342.7] and was these frames: [ 48 144]
1478.3244 	INFO 	flankers also=[  16.7  322.     9.4   16.8  342.7    9.3]
1479.1270 	DATA 	Keypress: w
1479.2792 	DATA 	Keypress: w
1484.4539 	EXP 	window1: recordFrameIntervals = False
1484.4545 	ERROR 	trialnum=239 ERROR,3 frames were longer than 20.8 ms apparently screen refreshes skipped, interframe durs were:[ 310.5  346.4  674.3] and was these frames: [ 50  82 114]
1484.4550 	INFO 	flankers also=[  16.8  310.5    9.8   16.7  346.4    9.7   16.7  674.3    9.4]
1485.2415 	DATA 	Keypress: p
1491.4297 	EXP 	window1: recordFrameIntervals = False
1491.4306 	ERROR 	trialnum=240 ERROR,7 frames were longer than 20.8 ms apparently screen refreshes skipped, interframe durs were:[ 341.2  664.3   32.5   24.2  318.    42.   341.9] and was these frames: [ 52  84 105 106 116 143 148]
1491.4315 	INFO 	flankers also=[  16.6  341.2   10.    16.7  664.3    9.6   16.7   32.5   24.2   32.5
   24.2   16.9   16.9  318.     9.9   16.9   42.    16.4   16.7  341.9
   10.6]
1491.9872 	DATA 	Keypress: r
1497.1308 	EXP 	window1: recordFrameIntervals = False
1497.1314 	ERROR 	trialnum=241 ERROR,5 frames were longer than 20.8 ms apparently screen refreshes skipped, interframe durs were:[ 342.3  343.3  322.3  341.3   21.4] and was these frames: [ 22  86 118 121 122]
1497.1322 	INFO 	flankers also=[  16.8  342.3   10.2   16.7  343.3    9.7   16.6  322.3    9.3   11.5
  341.3   21.4  341.3   21.4   13.4]
1497.5843 	DATA 	Keypress: c
1502.3042 	DATA 	Keypress: a
1502.8845 	EXP 	window1: recordFrameIntervals = False
1502.8851 	ERROR 	trialnum=242 ERROR,3 frames were longer than 20.8 ms apparently screen refreshes skipped, interframe durs were:[ 361.6  655.3  321.4] and was these frames: [ 24 120 152]
1502.8856 	INFO 	flankers also=[  16.7  361.6    9.4   16.7  655.3    9.3   16.7  321.4    9.6]
1516.7565 	DATA 	Keypress: a
1516.7581 	DATA 	Keypress: a
1516.7595 	DATA 	Keypress: a
1516.7610 	DATA 	Keypress: a
1516.7622 	DATA 	Keypress: s
1516.7642 	DATA 	Keypress: a
1516.7657 	DATA 	Keypress: a
1516.7672 	DATA 	Keypress: a
1516.7686 	DATA 	Keypress: a
1516.7701 	DATA 	Keypress: a
1516.7715 	DATA 	Keypress: a
1516.7730 	DATA 	Keypress: a
1516.7742 	DATA 	Keypress: return
1516.7757 	DATA 	Keypress: j
1516.7773 	DATA 	Keypress: a
1520.8145 	EXP 	window1: recordFrameIntervals = False
1520.8151 	ERROR 	trialnum=243 ERROR,2 frames were longer than 20.8 ms apparently screen refreshes skipped, interframe durs were:[ 93.3  27.3] and was these frames: [150 151]
1520.8154 	INFO 	flankers also=[ 16.9  93.3  27.3  93.3  27.3  10.1]
1522.8644 	DATA 	Keypress: p
1528.0015 	EXP 	window1: recordFrameIntervals = False
1528.0021 	ERROR 	trialnum=244 ERROR,4 frames were longer than 20.8 ms apparently screen refreshes skipped, interframe durs were:[  64.6   39.3  274.1  347.4] and was these frames: [32 33 60 92]
1528.0027 	INFO 	flankers also=[  16.8   64.6   39.3   64.6   39.3   19.    16.7  274.1   10.4   16.7
  347.4    9.3]
1528.4502 	DATA 	Keypress: z
1534.3991 	EXP 	window1: recordFrameIntervals = False
1534.8351 	DATA 	Keypress: a
1541.9810 	EXP 	window1: recordFrameIntervals = False
1541.9816 	ERROR 	trialnum=246 ERROR,3 frames were longer than 20.8 ms apparently screen refreshes skipped, interframe durs were:[ 681.2  324.8  349.8] and was these frames: [ 32  96 128]
1541.9822 	INFO 	flankers also=[  16.8  681.2    9.7   16.7  324.8   10.    16.6  349.8    9.3]
1543.4627 	DATA 	Keypress: r
1548.9316 	EXP 	window1: recordFrameIntervals = False
1548.9322 	ERROR 	trialnum=247 ERROR,5 frames were longer than 20.8 ms apparently screen refreshes skipped, interframe durs were:[ 349.7  679.   326.8  149.8  351.4] and was these frames: [ 34  66  98 115 130]
1548.9329 	INFO 	flankers also=[  16.7  349.7    9.3   16.6  679.     9.8   16.6  326.8    9.5   16.7
  149.8    8.8   16.7  351.4    9.5]
1549.5010 	DATA 	Keypress: y
1555.0286 	EXP 	window1: recordFrameIntervals = False
1555.0292 	ERROR 	trialnum=248 ERROR,4 frames were longer than 20.8 ms apparently screen refreshes skipped, interframe durs were:[ 680.   328.   351.6  334.5] and was these frames: [ 36  68 100 132]
1555.0300 	INFO 	flankers also=[  16.7  680.     9.5   16.7  328.    10.1   16.5  351.6    9.5   16.7
  334.5    9.6]
1555.6314 	DATA 	Keypress: j
1560.8502 	DATA 	Keypress: d
1561.8422 	EXP 	window1: recordFrameIntervals = False
1561.8427 	ERROR 	trialnum=249 ERROR,4 frames were longer than 20.8 ms apparently screen refreshes skipped, interframe durs were:[  27.7  355.3  328.3  354.3] and was these frames: [ 21  70 102 134]
1561.8433 	INFO 	flankers also=[  16.5   27.7   14.1   16.7  355.3    9.5   16.7  328.3   10.3   16.6
  354.3    9.4]
1562.3117 	DATA 	Keypress: d
1566.8804 	DATA 	Keypress: x
1566.9202 	EXP 	window1: recordFrameIntervals = False
1566.9209 	ERROR 	trialnum=250 ERROR,3 frames were longer than 20.8 ms apparently screen refreshes skipped, interframe durs were:[ 354.9   68.2  355.5] and was these frames: [ 72 104 136]
1566.9215 	INFO 	flankers also=[  16.7  354.9    9.7   16.7   68.2    9.3   16.7  355.5    9.6]
1567.4896 	DATA 	Keypress: x
1572.8685 	EXP 	window1: recordFrameIntervals = False
1572.8692 	ERROR 	trialnum=251 ERROR,6 frames were longer than 20.8 ms apparently screen refreshes skipped, interframe durs were:[ 338.4   23.   364.8  332.4   44.7  361.1] and was these frames: [ 10  42  74  76  77 138]
1572.8700 	INFO 	flankers also=[  16.8  338.4    9.8   16.7   23.    10.5   16.7  364.8    9.4    9.4
  332.4   44.7  332.4   44.7   11.3   16.7  361.1    9.6]
1573.7553 	DATA 	Keypress: y
1579.2829 	EXP 	window1: recordFrameIntervals = False
1579.2835 	ERROR 	trialnum=252 ERROR,6 frames were longer than 20.8 ms apparently screen refreshes skipped, interframe durs were:[ 312.3   51.6  355.5  315.6  356.9  341.2] and was these frames: [ 12  44  72  73  76 140]
1579.2843 	INFO 	flankers also=[  17.2  312.3    9.7   16.7   51.6    9.7   16.4  355.5  315.6  355.5
  315.6    9.5    9.2  356.9    9.9   16.7  341.2   10.1]
1579.6852 	DATA 	Keypress: r
1584.8102 	EXP 	window1: recordFrameIntervals = False
1584.8109 	ERROR 	trialnum=253 ERROR,4 frames were longer than 20.8 ms apparently screen refreshes skipped, interframe durs were:[ 358.6  693.4   42.3  334.1] and was these frames: [ 14 110 136 142]
1584.8117 	INFO 	flankers also=[  16.7  358.6   11.3   16.7  693.4    9.8   16.7   42.3   16.2   16.7
  334.1    9.2]
1586.0646 	DATA 	Keypress: b
1591.4920 	EXP 	window1: recordFrameIntervals = False
1591.4926 	ERROR 	trialnum=254 ERROR,4 frames were longer than 20.8 ms apparently screen refreshes skipped, interframe durs were:[ 358.9  342.2  360.2  696.6] and was these frames: [ 16  80 112 144]
1591.4931 	INFO 	flankers also=[  16.8  358.9    9.9   16.6  342.2    9.8   16.4  360.2   10.    16.5
  696.6    9.7]
1591.9442 	DATA 	Keypress: p
1597.5772 	EXP 	window1: recordFrameIntervals = False
1597.5779 	ERROR 	trialnum=255 ERROR,6 frames were longer than 20.8 ms apparently screen refreshes skipped, interframe durs were:[ 360.7  360.9  323.5  374.3  345.8   31.7] and was these frames: [ 18  82 114 146 149 150]
1597.5789 	INFO 	flankers also=[  16.7  360.7    9.7   16.8  360.9   10.9   16.6  323.5    9.5   16.9
  374.3    9.6    9.3  345.8   31.7  345.8   31.7   14.4]
1598.4675 	DATA 	Keypress: o
1604.2872 	EXP 	window1: recordFrameIntervals = False
1604.2878 	ERROR 	trialnum=256 ERROR,6 frames were longer than 20.8 ms apparently screen refreshes skipped, interframe durs were:[ 377.5  700.7   21.6   22.9   42.   338.5] and was these frames: [ 52  84  90  91 113 116]
1604.2887 	INFO 	flankers also=[  16.7  377.5   10.4   16.7  700.7   11.1    8.3   21.6   22.9   21.6
   22.9   16.9   16.9   42.    16.3   16.8  338.5    9.5]
1605.1238 	DATA 	Keypress: b
1611.0596 	EXP 	window1: recordFrameIntervals = False
1611.0603 	ERROR 	trialnum=257 ERROR,4 frames were longer than 20.8 ms apparently screen refreshes skipped, interframe durs were:[ 359.6  703.3  702.   338.8] and was these frames: [ 54  86 118 150]
1611.0611 	INFO 	flankers also=[  16.7  359.6   10.2   16.6  703.3    9.7   16.6  702.     9.5   16.7
  338.8    9.7]
1611.8220 	DATA 	Keypress: r
1617.2997 	EXP 	window1: recordFrameIntervals = False
1617.3004 	ERROR 	trialnum=258 ERROR,4 frames were longer than 20.8 ms apparently screen refreshes skipped, interframe durs were:[ 364.9  706.   339.6  380.6] and was these frames: [ 24  88 120 152]
1617.3020 	INFO 	flankers also=[  16.7  364.9    9.4   16.7  706.     9.7   16.6  339.6    9.5   16.7
  380.6    9.8]
1618.5238 	DATA 	Keypress: t
1638.2130 	EXP 	window1: recordFrameIntervals = False
1639.1000 	DATA 	Keypress: k
1643.0239 	EXP 	window1: recordFrameIntervals = False
1644.6806 	DATA 	Keypress: z
1651.1770 	EXP 	window1: recordFrameIntervals = False
1651.1777 	ERROR 	trialnum=261 ERROR,5 frames were longer than 20.8 ms apparently screen refreshes skipped, interframe durs were:[  366.8  1074.6   371.1   717.    343.8] and was these frames: [ 60  61  62  94 126]
1651.1784 	INFO 	flankers also=[   16.7   366.8  1074.6   366.8  1074.6   371.1  1074.6   371.1    10.2
    16.7   717.      9.7    16.7   343.8     9.7]
1651.9802 	DATA 	Keypress: e
1657.1072 	EXP 	window1: recordFrameIntervals = False
1657.1078 	ERROR 	trialnum=262 ERROR,3 frames were longer than 20.8 ms apparently screen refreshes skipped, interframe durs were:[ 352.   370.1  352.1] and was these frames: [32 64 96]
1657.1085 	INFO 	flankers also=[  16.7  352.     9.6   16.7  370.1    9.6   16.7  352.1    9.8]
1658.1608 	DATA 	Keypress: b
1665.2069 	EXP 	window1: recordFrameIntervals = False
1665.2077 	ERROR 	trialnum=263 ERROR,9 frames were longer than 20.8 ms apparently screen refreshes skipped, interframe durs were:[ 371.7   70.7  377.6  348.3  742.9  745.8  346.9  375.8  150. ] and was these frames: [  2  57  58  61  63  66  98 130 146]
1665.2088 	INFO 	flankers also=[  16.6  371.7   11.3   16.8   70.7  377.6   70.7  377.6   17.8    9.2
  348.3   14.9   14.9  742.9   11.9   10.2  745.8   10.3   16.6  346.9
    9.9   16.6  375.8   12.5   16.7  150.     8.5]
1666.5614 	DATA 	Keypress: k
1672.3411 	EXP 	window1: recordFrameIntervals = False
1672.3417 	ERROR 	trialnum=264 ERROR,6 frames were longer than 20.8 ms apparently screen refreshes skipped, interframe durs were:[ 370.7  382.3   67.2  375.6  724.3  348.9] and was these frames: [ 16  17  36  68 100 132]
1672.3425 	INFO 	flankers also=[  16.8  370.7  382.3  370.7  382.3    9.7   16.7   67.2    9.9   16.7
  375.6   10.    16.7  724.3    9.9   16.7  348.9    9.9]
1673.3448 	DATA 	Keypress: c
1679.0128 	EXP 	window1: recordFrameIntervals = False
1679.0136 	ERROR 	trialnum=265 ERROR,6 frames were longer than 20.8 ms apparently screen refreshes skipped, interframe durs were:[ 374.3  373.9  715.3  190.3  544.9   26.4] and was these frames: [  6  70 102 107 134 149]
1679.0146 	INFO 	flankers also=[  16.7  374.3    9.6   16.7  373.9    9.3   16.7  715.3   10.7    9.4
  190.3   12.9   16.7  544.9   10.2   16.7   26.4   13.8]
1679.9844 	DATA 	Keypress: p
1686.0368 	EXP 	window1: recordFrameIntervals = False
1686.0375 	ERROR 	trialnum=266 ERROR,5 frames were longer than 20.8 ms apparently screen refreshes skipped, interframe durs were:[ 357.6   24.   375.6  724.   725. ] and was these frames: [  8  40  72 104 136]
1686.0384 	INFO 	flankers also=[  16.8  357.6    9.4   16.7   24.     9.7   16.7  375.6    9.6   16.7
  724.     9.8   16.7  725.     9.8]
1686.8900 	DATA 	Keypress: r
1694.3570 	EXP 	window1: recordFrameIntervals = False
1694.3578 	ERROR 	trialnum=267 ERROR,4 frames were longer than 20.8 ms apparently screen refreshes skipped, interframe durs were:[ 377.2  391.5  723.9  352.7] and was these frames: [ 42  74 106 138]
1694.3584 	INFO 	flankers also=[  16.7  377.2    9.9   16.7  391.5   10.2   16.7  723.9    9.3   16.7
  352.7    9.7]
1694.9430 	DATA 	Keypress: m
1700.5543 	EXP 	window1: recordFrameIntervals = False
1700.5549 	ERROR 	trialnum=268 ERROR,5 frames were longer than 20.8 ms apparently screen refreshes skipped, interframe durs were:[ 380.9   69.3  753.9  346.5  380.9] and was these frames: [ 12  71  72  76 140]
1700.5556 	INFO 	flankers also=[  16.7  380.9   11.2   16.7   69.3  753.9   69.3  753.9   11.     9.
  346.5    9.8   16.7  380.9    9.4]
1701.9916 	DATA 	Keypress: h
1707.6686 	EXP 	window1: recordFrameIntervals = False
1707.6693 	ERROR 	trialnum=269 ERROR,4 frames were longer than 20.8 ms apparently screen refreshes skipped, interframe durs were:[ 379.7  379.7  720.6  354.4] and was these frames: [ 14  78 110 142]
1707.6699 	INFO 	flankers also=[  16.7  379.7    9.8   16.6  379.7    9.5   16.7  720.6   10.1   16.7
  354.4   10.4]
1708.1711 	DATA 	Keypress: m
1713.4331 	EXP 	window1: recordFrameIntervals = False
1713.4336 	ERROR 	trialnum=270 ERROR,4 frames were longer than 20.8 ms apparently screen refreshes skipped, interframe durs were:[ 403.9  362.5  381.   362. ] and was these frames: [ 16  80 112 144]
1713.4342 	INFO 	flankers also=[  16.7  403.9   10.4   16.7  362.5    9.7   16.7  381.    11.3   16.7
  362.     9.7]
1714.0859 	DATA 	Keypress: h
1719.9649 	EXP 	window1: recordFrameIntervals = False
1719.9656 	ERROR 	trialnum=271 ERROR,6 frames were longer than 20.8 ms apparently screen refreshes skipped, interframe durs were:[ 382.2  363.7  445.8   29.3  200.8  562.9] and was these frames: [ 18  82  95  97  99 146]
1719.9664 	INFO 	flankers also=[  16.7  382.2    9.8   16.7  363.7   11.2   17.   445.8   10.9   10.9
   29.3   19.5   19.5  200.8   10.    16.6  562.9   10.3]
1721.5830 	DATA 	Keypress: r
1721.5944 	DATA 	Keypress: r
1727.0794 	EXP 	window1: recordFrameIntervals = False
1727.0800 	ERROR 	trialnum=272 ERROR,4 frames were longer than 20.8 ms apparently screen refreshes skipped, interframe durs were:[ 383.2  364.7  384.5  364.9] and was these frames: [ 52  84 116 148]
1727.0808 	INFO 	flankers also=[  16.6  383.2    9.8   16.7  364.7   10.3   16.7  384.5    9.7   16.7
  364.9   10.1]
1727.5479 	DATA 	Keypress: s
1735.1375 	EXP 	window1: recordFrameIntervals = False
1735.1381 	ERROR 	trialnum=273 ERROR,3 frames were longer than 20.8 ms apparently screen refreshes skipped, interframe durs were:[ 1157.1   329.9   387. ] and was these frames: [  0 118 150]
1735.1385 	INFO 	flankers also=[ 1157.1    16.5    16.7   329.9    10.8    16.7   387.      9.8]
1735.6129 	DATA 	Keypress: u
1741.6698 	EXP 	window1: recordFrameIntervals = False
1741.6704 	ERROR 	trialnum=274 ERROR,5 frames were longer than 20.8 ms apparently screen refreshes skipped, interframe durs were:[ 382.7  387.4  748.7   26.5   21.2] and was these frames: [ 24  88 120 134 152]
1741.6711 	INFO 	flankers also=[  16.7  382.7    9.8   16.7  387.4    9.5   16.7  748.7   10.8   16.7
   26.5   13.5   16.5   21.2   12.3]
1742.1138 	DATA 	Keypress: y
1747.1961 	EXP 	window1: recordFrameIntervals = False
1747.1968 	ERROR 	trialnum=275 ERROR,5 frames were longer than 20.8 ms apparently screen refreshes skipped, interframe durs were:[ 360.4   32.   387.5  353.9  390. ] and was these frames: [ 26  58  90 122 154]
1747.1975 	INFO 	flankers also=[  16.7  360.4    9.9   16.8   32.    10.    16.7  387.5    9.5   16.7
  353.9   10.1   16.7  390. ]
1747.6094 	DATA 	Keypress: p
1754.2410 	EXP 	window1: recordFrameIntervals = False
1754.2416 	ERROR 	trialnum=276 ERROR,4 frames were longer than 20.8 ms apparently screen refreshes skipped, interframe durs were:[  29.4  756.2  363.6  390.6] and was these frames: [ 28  60  92 124]
1754.2422 	INFO 	flankers also=[  16.6   29.4    9.8   16.8  756.2   12.3   16.6  363.6   10.1   16.6
  390.6    9.4]
1755.5714 	DATA 	Keypress: y
1755.9693 	DATA 	Keypress: y
1761.1967 	EXP 	window1: recordFrameIntervals = False
1761.1975 	ERROR 	trialnum=277 ERROR,4 frames were longer than 20.8 ms apparently screen refreshes skipped, interframe durs were:[ 408.1  759.6  364.2   24.4] and was these frames: [ 62  94 126 150]
1761.1982 	INFO 	flankers also=[  16.7  408.1    9.9   16.9  759.6   11.1   16.6  364.2   10.2   16.6
   24.4   15.7]
1761.7160 	DATA 	Keypress: f
1768.6550 	EXP 	window1: recordFrameIntervals = False
1768.6556 	ERROR 	trialnum=278 ERROR,4 frames were longer than 20.8 ms apparently screen refreshes skipped, interframe durs were:[ 393.8  757.7  750.8  365. ] and was these frames: [ 32  64  96 128]
1768.6563 	INFO 	flankers also=[  16.6  393.8   11.2   16.7  757.7    9.7   16.7  750.8    9.8   16.7
  365.    10.4]
1770.4271 	DATA 	Keypress: k
1775.6389 	EXP 	window1: recordFrameIntervals = False
1775.6395 	ERROR 	trialnum=279 ERROR,3 frames were longer than 20.8 ms apparently screen refreshes skipped, interframe durs were:[ 752.9  366.2  393.8] and was these frames: [ 66  98 130]
1775.6401 	INFO 	flankers also=[  16.7  752.9    9.7   16.7  366.2    9.6   16.7  393.8    9.8]
1776.1748 	DATA 	Keypress: e
1776.6928 	INFO 	Finishing at 16:08 on 01 Mar 2019
1848.8179 	EXP 	window1: mouseVisible = True
