27.4717 	INFO 	Successfully set darwin thread to realtime
28.4842 	INFO 	#[ PsychoPy3 RuntimeInfoStart ]
  #[[ PsychoPy ]] #---------
    psychopyVersion: 3.0.3
    psychopyHaveExtRush: True
  #[[ Experiment ]] #---------
    experimentRunTime: 2019_03_02 11:10 (Year_Month_Day Hour:Min)
    experimentRunTime.epoch: 1551543015
    experimentScript: RSVP_visual_now.py
    experimentScript.digestSHA1: 12599be42292dc155983db728be1a4dbdfeb15f6
    experimentScript.directory: /Users/vsg/Documents/GitHub/spatio_temporal_information_processing/RSVP_visual_now
  #[[ System ]] #---------
    systemHaveInternetAccess: True
    systemHostName: VSG-lab1.local
    systemLocale: C
    systemMemFreeRAM: 1275.84765625
    systemMemTotalRAM: 4096.0
    systemPlatform: darwin 10.10.5 x86_64
    systemRavailable: R version 3.2.3 (2015-12-10) -- Wooden Christmas-Tree
    systemRebooted: Mar 1 11:12
    systemSec.OpenSSLVersion: OpenSSL 0.9.8zg 14 July 2015
    systemSec.pythonSSL: True
    systemTimeNumpySD1000000_sec: 0.0124
    systemUser: vsg
    systemUserID: 502
    systemUserProcCount: 59
    systemUserProcFlagged: mdworker Safari
    systemUsersCount: 1
  #[[ Window ]] #---------
    windowWinType: pyglet
    windowUnits: deg
    windowSize_pix: [1920 1200]
    windowScreen: 0
    windowRgb: [-0.7 -0.7 -0.7]
    windowRefreshTimeSD_ms: 0.232
    windowRefreshTimeMedian_ms: 16.709
    windowRefreshTimeAvg_ms: 16.703
    windowPos_pix: [0, 0]
    windowMonitor.name: testmonitor
    windowMonitor.getWidth_cm: 52.0
    windowMonitor.getDistance_cm: 65.0
    windowMonitor.currentCalibName: 2019_02_04 12:46
    windowIsFullScr: True
  #[[ Python ]] #---------
    pythonVersion: 2.7.13
  #[[ OpenGL ]] #---------
#[ PsychoPy3 RuntimeInfoEnd ]

28.5080 	WARNING 	Could not load the desired click sound file, instead using manually created inferior click
28.8551 	EXP 	Created sequence: random, trialTypes=280, nReps=14, seed=None
29.1376 	INFO 	total SOA (ISI + letterDur)=100.0 or 6 frames, comprising
ISIframes =3 or 50.0 ms and letterDurFrames =3 or 50.0ms
cueDurFrames =3.0 or 50.0 ms

29.1376 	INFO 	numtrials=280 and each trialDurFrames=156 or 2600.0 ms  task=T1
30.2424 	EXP 	Created text = TextStim(alignHoriz='center', alignVert='center', antialias=True, autoLog=True, bold=False, color=array([ 1.,  1.,  1.]), colorSpace='rgb', contrast=1.0, depth=-1.0, flipHoriz=False, flipVert=False, font='Arial', fontFiles=[], height=0.5, italic=False, languageStyle='LTR', name='text', opacity=1.0, ori=0, pos=array([ 0.,  0.]), rgb=array([ 1.,  1.,  1.]), text='', units='deg', win=Window(...), wrapWidth=30)
31.1277 	EXP 	text: text = "Welcome! Thank you for agreeing to participate in this study.\n\nYou will be presented with a Rapid Stream of letters. Your task is to identify one of the letters.\n\nThe letter you're supposed to identify is accompanied by a probe that can appear anywhere on the horizontal axis of the screen.\n\nThe probe is a circular disk that will be flashed for a very brief time.\n\nThis probe is embedded in another Rapid Stream of letters.\n\nYour task is identify the foveal letter that was present when the probe appeared.\n\nOnce you've identified the letter after the trial ends, type it out on the keyboard.\n\nOh! And one more thing! You will perform this task while fixating in the center, and detecting the probe with your peripheral vision.\n\nIf you're feeling uncomfortable, you can press ESC key any time to stop the experiment.\n\nPress any key when you are ready to begin the experiment.\n\n"
31.1277 	EXP 	text: autoDraw = True
208.0081 	DATA 	Keypress: space
208.0094 	EXP 	text: autoDraw = False
208.0097 	INFO 	Experiment will have 280 trials. Letters will be drawn with superposed noise of0.00%
208.0098 	INFO 	Starting main (non-staircase) part of experiment
211.7585 	EXP 	window1: recordFrameIntervals = False
212.2111 	DATA 	Keypress: j
215.7092 	DATA 	Keypress: x
216.1851 	EXP 	window1: recordFrameIntervals = False
217.6248 	DATA 	Keypress: x
221.5487 	EXP 	window1: recordFrameIntervals = False
222.1849 	DATA 	Keypress: o
226.4096 	EXP 	window1: recordFrameIntervals = False
226.9791 	DATA 	Keypress: b
230.9531 	EXP 	window1: recordFrameIntervals = False
232.3577 	DATA 	Keypress: w
