14.3521 	INFO 	Successfully set darwin thread to realtime
15.3917 	INFO 	#[ PsychoPy3 RuntimeInfoStart ]
  #[[ PsychoPy ]] #---------
    psychopyVersion: 3.0.3
    psychopyHaveExtRush: True
  #[[ Experiment ]] #---------
    experimentRunTime: 2019_03_02 11:15 (Year_Month_Day Hour:Min)
    experimentRunTime.epoch: 1551543356
    experimentScript: RSVP_visual_now.py
    experimentScript.digestSHA1: 12599be42292dc155983db728be1a4dbdfeb15f6
    experimentScript.directory: /Users/vsg/Documents/GitHub/spatio_temporal_information_processing/RSVP_visual_now
  #[[ System ]] #---------
    systemHaveInternetAccess: True
    systemHostName: VSG-lab1.local
    systemLocale: C
    systemMemFreeRAM: 864.64453125
    systemMemTotalRAM: 4096.0
    systemPlatform: darwin 10.10.5 x86_64
    systemRavailable: R version 3.2.3 (2015-12-10) -- Wooden Christmas-Tree
    systemRebooted: Mar 1 11:12
    systemSec.OpenSSLVersion: OpenSSL 0.9.8zg 14 July 2015
    systemSec.pythonSSL: True
    systemTimeNumpySD1000000_sec: 0.0129
    systemUser: vsg
    systemUserID: 502
    systemUserProcCount: 75
    systemUserProcFlagged: mdworker Safari
    systemUsersCount: 1
  #[[ Window ]] #---------
    windowWinType: pyglet
    windowUnits: deg
    windowSize_pix: [1920 1200]
    windowScreen: 0
    windowRgb: [-0.7 -0.7 -0.7]
    windowRefreshTimeSD_ms: 3.944
    windowRefreshTimeMedian_ms: 16.693
    windowRefreshTimeAvg_ms: 16.843
    windowPos_pix: [0, 0]
    windowMonitor.name: testmonitor
    windowMonitor.getWidth_cm: 52.0
    windowMonitor.getDistance_cm: 65.0
    windowMonitor.currentCalibName: 2019_02_04 12:46
    windowIsFullScr: True
  #[[ Python ]] #---------
    pythonVersion: 2.7.13
  #[[ OpenGL ]] #---------
#[ PsychoPy3 RuntimeInfoEnd ]

15.3942 	WARNING 	Could not load the desired click sound file, instead using manually created inferior click
15.6405 	EXP 	Created sequence: random, trialTypes=280, nReps=14, seed=None
15.9526 	INFO 	total SOA (ISI + letterDur)=100.0 or 6 frames, comprising
ISIframes =3 or 50.0 ms and letterDurFrames =3 or 50.0ms
cueDurFrames =3.0 or 50.0 ms

15.9527 	INFO 	numtrials=280 and each trialDurFrames=156 or 2600.0 ms  task=T1
17.0448 	EXP 	Created text = TextStim(alignHoriz='center', alignVert='center', antialias=True, autoLog=True, bold=False, color=array([ 1.,  1.,  1.]), colorSpace='rgb', contrast=1.0, depth=-1.0, flipHoriz=False, flipVert=False, font='Arial', fontFiles=[], height=0.5, italic=False, languageStyle='LTR', name='text', opacity=1.0, ori=0, pos=array([ 0.,  0.]), rgb=array([ 1.,  1.,  1.]), text='', units='deg', win=Window(...), wrapWidth=30)
17.9365 	EXP 	text: text = "Welcome! Thank you for agreeing to participate in this study.\n\nYou will be presented with a Rapid Stream of letters. Your task is to identify one of the letters.\n\nThe letter you're supposed to identify is accompanied by a probe that can appear anywhere on the horizontal axis of the screen.\n\nThe probe is a circular disk that will be flashed for a very brief time.\n\nThis probe is embedded in another Rapid Stream of letters.\n\nYour task is identify the foveal letter that was present when the probe appeared.\n\nOnce you've identified the letter after the trial ends, type it out on the keyboard.\n\nOh! And one more thing! You will perform this task while fixating in the center, and detecting the probe with your peripheral vision.\n\nIf you're feeling uncomfortable, you can press ESC key any time to stop the experiment.\n\nPress any key when you are ready to begin the experiment.\n\n"
17.9365 	EXP 	text: autoDraw = True
23.5943 	DATA 	Keypress: space
23.5953 	EXP 	text: autoDraw = False
23.5954 	INFO 	Experiment will have 280 trials. Letters will be drawn with superposed noise of0.00%
23.5954 	INFO 	Starting main (non-staircase) part of experiment
27.0681 	EXP 	window1: recordFrameIntervals = False
27.6709 	DATA 	Keypress: a
31.7454 	EXP 	window1: recordFrameIntervals = False
32.3814 	DATA 	Keypress: r
36.2887 	EXP 	window1: recordFrameIntervals = False
37.2090 	DATA 	Keypress: b
41.0494 	EXP 	window1: recordFrameIntervals = False
42.0365 	DATA 	Keypress: s
46.0439 	EXP 	window1: recordFrameIntervals = False
46.5799 	DATA 	Keypress: v
50.4204 	EXP 	window1: recordFrameIntervals = False
51.0743 	DATA 	Keypress: a
55.1476 	EXP 	window1: recordFrameIntervals = False
55.6335 	DATA 	Keypress: e
59.6076 	EXP 	window1: recordFrameIntervals = False
60.7951 	DATA 	Keypress: j
64.8844 	EXP 	window1: recordFrameIntervals = False
66.0721 	DATA 	Keypress: c
70.0127 	EXP 	window1: recordFrameIntervals = False
71.0180 	DATA 	Keypress: c
74.9085 	EXP 	window1: recordFrameIntervals = False
76.4301 	DATA 	Keypress: a
80.2539 	EXP 	window1: recordFrameIntervals = False
80.9236 	DATA 	Keypress: f
85.1982 	EXP 	window1: recordFrameIntervals = False
85.6507 	DATA 	Keypress: v
89.5413 	EXP 	window1: recordFrameIntervals = False
91.6140 	DATA 	Keypress: t
95.5214 	EXP 	window1: recordFrameIntervals = False
96.2911 	DATA 	Keypress: h
100.3823 	EXP 	window1: recordFrameIntervals = False
101.6531 	DATA 	Keypress: h
105.7927 	EXP 	window1: recordFrameIntervals = False
106.7796 	DATA 	Keypress: e
111.0044 	EXP 	window1: recordFrameIntervals = False
112.2101 	DATA 	Keypress: r
116.3347 	EXP 	window1: recordFrameIntervals = False
117.5888 	DATA 	Keypress: u
121.4628 	EXP 	window1: recordFrameIntervals = False
121.9998 	DATA 	Keypress: u
126.1734 	EXP 	window1: recordFrameIntervals = False
126.9934 	DATA 	Keypress: k
131.1011 	EXP 	window1: recordFrameIntervals = False
131.6370 	DATA 	Keypress: m
135.6111 	EXP 	window1: recordFrameIntervals = False
135.6116 	ERROR 	trialnum=22 ERROR,1 frames were longer than 20.8 ms apparently screen refreshes skipped, interframe durs were:[ 138.6] and was these frames: [19]
135.6118 	INFO 	flankers also=[  16.6  138.6    7.3]
136.3476 	DATA 	Keypress: y
140.3384 	EXP 	window1: recordFrameIntervals = False
141.3587 	DATA 	Keypress: g
145.3146 	EXP 	window1: recordFrameIntervals = False
145.3150 	ERROR 	trialnum=24 ERROR,1 frames were longer than 20.8 ms apparently screen refreshes skipped, interframe durs were:[ 26.7] and was these frames: [1]
145.3153 	INFO 	flankers also=[ 16.5  26.7  15.2]
146.6355 	DATA 	Keypress: t
150.4762 	EXP 	window1: recordFrameIntervals = False
151.4631 	DATA 	Keypress: l
155.2552 	EXP 	window1: recordFrameIntervals = False
156.3423 	DATA 	Keypress: m
160.5169 	EXP 	window1: recordFrameIntervals = False
162.8903 	DATA 	Keypress: t
166.6054 	DATA 	Keypress: m
166.9981 	EXP 	window1: recordFrameIntervals = False
167.5174 	DATA 	Keypress: m
171.6419 	EXP 	window1: recordFrameIntervals = False
173.4139 	DATA 	Keypress: a
177.5885 	EXP 	window1: recordFrameIntervals = False
178.1745 	DATA 	Keypress: w
182.0152 	EXP 	window1: recordFrameIntervals = False
182.8685 	DATA 	Keypress: i
187.0764 	EXP 	window1: recordFrameIntervals = False
188.4310 	DATA 	Keypress: x
192.4535 	EXP 	window1: recordFrameIntervals = False
193.4741 	DATA 	Keypress: t
197.3812 	EXP 	window1: recordFrameIntervals = False
198.1015 	DATA 	Keypress: x
202.3773 	EXP 	window1: recordFrameIntervals = False
204.2496 	DATA 	Keypress: x
208.5245 	EXP 	window1: recordFrameIntervals = False
209.3945 	DATA 	Keypress: c
213.4688 	EXP 	window1: recordFrameIntervals = False
214.0382 	DATA 	Keypress: h
217.9624 	EXP 	window1: recordFrameIntervals = False
217.9628 	ERROR 	trialnum=38 ERROR,1 frames were longer than 20.8 ms apparently screen refreshes skipped, interframe durs were:[ 142.] and was these frames: [37]
217.9631 	INFO 	flankers also=[  16.6  142.     7.2]
218.4147 	DATA 	Keypress: b
222.2385 	EXP 	window1: recordFrameIntervals = False
222.8913 	DATA 	Keypress: m
226.8488 	EXP 	window1: recordFrameIntervals = False
229.8071 	DATA 	Keypress: y
233.6958 	EXP 	window1: recordFrameIntervals = False
235.1171 	DATA 	Keypress: t
239.1080 	EXP 	window1: recordFrameIntervals = False
239.7106 	DATA 	Keypress: d
243.7366 	EXP 	window1: recordFrameIntervals = False
245.2750 	DATA 	Keypress: k
249.2323 	EXP 	window1: recordFrameIntervals = False
253.8941 	DATA 	Keypress: d
257.8182 	EXP 	window1: recordFrameIntervals = False
259.8242 	DATA 	Keypress: y
263.7982 	EXP 	window1: recordFrameIntervals = False
265.2196 	DATA 	Keypress: z
269.3941 	EXP 	window1: recordFrameIntervals = False
276.4613 	DATA 	Keypress: m
280.6693 	EXP 	window1: recordFrameIntervals = False
281.3724 	DATA 	Keypress: j
285.4618 	EXP 	window1: recordFrameIntervals = False
287.2839 	DATA 	Keypress: m
291.1578 	EXP 	window1: recordFrameIntervals = False
292.6642 	DATA 	Keypress: d
296.6384 	EXP 	window1: recordFrameIntervals = False
297.5418 	DATA 	Keypress: k
301.4492 	EXP 	window1: recordFrameIntervals = False
302.0519 	DATA 	Keypress: a
305.8424 	EXP 	window1: recordFrameIntervals = False
307.4307 	DATA 	Keypress: u
311.6721 	EXP 	window1: recordFrameIntervals = False
311.6725 	ERROR 	trialnum=54 ERROR,1 frames were longer than 20.8 ms apparently screen refreshes skipped, interframe durs were:[ 142.] and was these frames: [63]
311.6728 	INFO 	flankers also=[  16.7  142.     7.2]
313.0934 	DATA 	Keypress: n
317.3014 	EXP 	window1: recordFrameIntervals = False
320.8441 	DATA 	Keypress: q
324.8349 	EXP 	window1: recordFrameIntervals = False
325.2539 	DATA 	Keypress: a
329.3935 	EXP 	window1: recordFrameIntervals = False
330.5308 	DATA 	Keypress: h
334.7889 	EXP 	window1: recordFrameIntervals = False
336.1116 	DATA 	Keypress: m
340.2194 	EXP 	window1: recordFrameIntervals = False
341.2564 	DATA 	Keypress: r
345.3475 	EXP 	window1: recordFrameIntervals = False
347.4703 	DATA 	Keypress: u
351.5949 	EXP 	window1: recordFrameIntervals = False
352.1645 	DATA 	Keypress: b
356.2887 	EXP 	window1: recordFrameIntervals = False
357.0417 	DATA 	Keypress: t
361.0660 	EXP 	window1: recordFrameIntervals = False
364.8592 	DATA 	Keypress: l
369.0340 	EXP 	window1: recordFrameIntervals = False
372.0419 	DATA 	Keypress: e
376.0980 	EXP 	window1: recordFrameIntervals = False
377.2690 	DATA 	Keypress: b
381.3432 	EXP 	window1: recordFrameIntervals = False
381.9795 	DATA 	Keypress: o
386.2057 	EXP 	window1: recordFrameIntervals = False
387.6104 	DATA 	Keypress: s
391.7515 	EXP 	window1: recordFrameIntervals = False
393.2561 	DATA 	Keypress: p
397.5310 	EXP 	window1: recordFrameIntervals = False
398.0001 	DATA 	Keypress: e
415.6353 	DATA 	Keypress: space
419.7458 	EXP 	window1: recordFrameIntervals = False
419.7463 	ERROR 	trialnum=70 ERROR,1 frames were longer than 20.8 ms apparently screen refreshes skipped, interframe durs were:[ 142.] and was these frames: [77]
419.7465 	INFO 	flankers also=[  16.6  142.     7.8]
420.4154 	DATA 	Keypress: g
424.5232 	EXP 	window1: recordFrameIntervals = False
425.5284 	DATA 	Keypress: p
429.6028 	EXP 	window1: recordFrameIntervals = False
429.6033 	ERROR 	trialnum=72 ERROR,2 frames were longer than 20.8 ms apparently screen refreshes skipped, interframe durs were:[ 29.6  38.5] and was these frames: [  8 104]
429.6037 	INFO 	flankers also=[ 16.5  29.6   8.7  16.8  38.5   7.9]
430.0719 	DATA 	Keypress: g
433.9459 	EXP 	window1: recordFrameIntervals = False
435.2336 	DATA 	Keypress: z
439.1075 	EXP 	window1: recordFrameIntervals = False
439.1079 	ERROR 	trialnum=74 ERROR,1 frames were longer than 20.8 ms apparently screen refreshes skipped, interframe durs were:[ 21.6] and was these frames: [76]
439.1082 	INFO 	flankers also=[ 16.7  21.6  11.9]
440.1446 	DATA 	Keypress: f
444.3024 	EXP 	window1: recordFrameIntervals = False
444.7550 	DATA 	Keypress: a
448.9462 	EXP 	window1: recordFrameIntervals = False
450.6515 	DATA 	Keypress: z
454.8427 	EXP 	window1: recordFrameIntervals = False
455.8798 	DATA 	Keypress: a
460.0194 	EXP 	window1: recordFrameIntervals = False
462.0587 	DATA 	Keypress: b
466.3017 	EXP 	window1: recordFrameIntervals = False
467.9401 	DATA 	Keypress: h
472.1983 	EXP 	window1: recordFrameIntervals = False
472.6840 	DATA 	Keypress: u
476.4913 	EXP 	window1: recordFrameIntervals = False
477.9291 	DATA 	Keypress: n
481.7196 	EXP 	window1: recordFrameIntervals = False
482.3390 	DATA 	Keypress: a
486.4301 	EXP 	window1: recordFrameIntervals = False
486.4306 	ERROR 	trialnum=83 ERROR,1 frames were longer than 20.8 ms apparently screen refreshes skipped, interframe durs were:[ 33.8] and was these frames: [88]
486.4309 	INFO 	flankers also=[ 16.7  33.8   8. ]
487.7845 	DATA 	Keypress: g
491.8255 	EXP 	window1: recordFrameIntervals = False
492.7624 	DATA 	Keypress: u
497.0206 	EXP 	window1: recordFrameIntervals = False
498.4752 	DATA 	Keypress: h
502.5495 	EXP 	window1: recordFrameIntervals = False
502.5500 	ERROR 	trialnum=86 ERROR,1 frames were longer than 20.8 ms apparently screen refreshes skipped, interframe durs were:[ 145.] and was these frames: [102]
502.5504 	INFO 	flankers also=[  16.6  145.     7.8]
503.0020 	DATA 	Keypress: u
506.9578 	EXP 	window1: recordFrameIntervals = False
508.7465 	DATA 	Keypress: a
512.9061 	EXP 	window1: recordFrameIntervals = False
512.9066 	ERROR 	trialnum=88 ERROR,2 frames were longer than 20.8 ms apparently screen refreshes skipped, interframe durs were:[ 103.4  104.1] and was these frames: [104 136]
512.9070 	INFO 	flankers also=[  16.7  103.4    8.1   16.7  104.1    8.5]
513.5257 	DATA 	Keypress: s
517.5331 	EXP 	window1: recordFrameIntervals = False
517.5337 	ERROR 	trialnum=89 ERROR,4 frames were longer than 20.8 ms apparently screen refreshes skipped, interframe durs were:[ 113.4  104.9  104.2  105. ] and was these frames: [ 10  74 106 138]
517.5343 	INFO 	flankers also=[  16.7  113.4    8.1   16.7  104.9    8.5   16.7  104.2    8.1   16.8
  105.     8.1]
518.0523 	DATA 	Keypress: h
522.0265 	EXP 	window1: recordFrameIntervals = False
522.0271 	ERROR 	trialnum=90 ERROR,4 frames were longer than 20.8 ms apparently screen refreshes skipped, interframe durs were:[ 105.4  106.6  107.5  106.5] and was these frames: [ 12  76 108 140]
522.0277 	INFO 	flankers also=[  16.7  105.4    8.2   16.7  106.6    8.    16.8  107.5    9.6   16.6
  106.5    8.2]
522.5458 	DATA 	Keypress: a
526.7538 	EXP 	window1: recordFrameIntervals = False
526.7543 	ERROR 	trialnum=91 ERROR,4 frames were longer than 20.8 ms apparently screen refreshes skipped, interframe durs were:[ 106.7  107.   108.4   59.4] and was these frames: [ 14  78 110 142]
526.7549 	INFO 	flankers also=[  16.7  106.7    7.9   16.6  107.     8.1   16.7  108.4    8.    16.5
   59.4    8.5]
527.4068 	DATA 	Keypress: v
531.4309 	EXP 	window1: recordFrameIntervals = False
531.4315 	ERROR 	trialnum=92 ERROR,4 frames were longer than 20.8 ms apparently screen refreshes skipped, interframe durs were:[ 107.4  103.6  108.5  103.7] and was these frames: [ 16  80 112 144]
531.4323 	INFO 	flankers also=[  16.6  107.4    8.1   16.7  103.6    8.3   16.7  108.5    8.9   16.8
  103.7    8.4]
532.1172 	DATA 	Keypress: p
536.2417 	EXP 	window1: recordFrameIntervals = False
536.2423 	ERROR 	trialnum=93 ERROR,4 frames were longer than 20.8 ms apparently screen refreshes skipped, interframe durs were:[ 109.2  104.5  110.   104.9] and was these frames: [ 18  82 114 146]
536.2429 	INFO 	flankers also=[  16.6  109.2    9.    16.7  104.5    9.5   16.9  110.     9.    16.8
  104.9    8.3]
537.2954 	DATA 	Keypress: l
541.2876 	EXP 	window1: recordFrameIntervals = False
541.2883 	ERROR 	trialnum=94 ERROR,4 frames were longer than 20.8 ms apparently screen refreshes skipped, interframe durs were:[ 111.4  128.3  111.5  106.4] and was these frames: [ 20  84 116 148]
541.2891 	INFO 	flankers also=[  16.7  111.4    8.2   16.7  128.3    8.5   16.7  111.5    8.3   16.7
  106.4    8.2]
546.0817 	DATA 	Keypress: p
550.3590 	EXP 	window1: recordFrameIntervals = False
550.3595 	ERROR 	trialnum=95 ERROR,4 frames were longer than 20.8 ms apparently screen refreshes skipped, interframe durs were:[ 113.   107.3  113.   107.7] and was these frames: [ 22  86 118 150]
550.3601 	INFO 	flankers also=[  16.7  113.     9.4   16.7  107.3    8.5   16.7  113.     8.4   16.8
  107.7    8. ]
550.8073 	DATA 	Keypress: l
555.2251 	EXP 	window1: recordFrameIntervals = False
555.2256 	ERROR 	trialnum=96 ERROR,4 frames were longer than 20.8 ms apparently screen refreshes skipped, interframe durs were:[ 113.9  108.8  114.4  110.1] and was these frames: [ 24  88 120 152]
555.2262 	INFO 	flankers also=[  16.7  113.9    8.5   16.7  108.8    8.7   16.7  114.4    8.6   16.7
  110.1    8.4]
556.4700 	DATA 	Keypress: f
560.8739 	EXP 	window1: recordFrameIntervals = False
560.8745 	ERROR 	trialnum=97 ERROR,4 frames were longer than 20.8 ms apparently screen refreshes skipped, interframe durs were:[ 114.9  110.4  130.   110.6] and was these frames: [ 26  90 122 154]
560.8751 	INFO 	flankers also=[  16.6  114.9    8.2   16.7  110.4    8.5   16.6  130.     8.4   16.7
  110.6]
561.5163 	DATA 	Keypress: m
568.1465 	EXP 	window1: recordFrameIntervals = False
568.1470 	ERROR 	trialnum=98 ERROR,4 frames were longer than 20.8 ms apparently screen refreshes skipped, interframe durs were:[ 2747.3   116.4   132.1   117.5] and was these frames: [ 20  28  92 124]
568.1476 	INFO 	flankers also=[   16.6  2747.3     8.     10.1   116.4     8.3    16.7   132.1    18.8
    16.7   117.5     8.5]
568.8161 	DATA 	Keypress: j
574.5090 	EXP 	window1: recordFrameIntervals = False
574.5096 	ERROR 	trialnum=99 ERROR,3 frames were longer than 20.8 ms apparently screen refreshes skipped, interframe durs were:[  118.4   113.6  1519.7] and was these frames: [ 30  94 120]
574.5101 	INFO 	flankers also=[   16.7   118.4     8.1    16.7   113.6     9.     16.7  1519.7     8.4]
588.9112 	DATA 	Keypress: b
593.0689 	EXP 	window1: recordFrameIntervals = False
593.0694 	ERROR 	trialnum=100 ERROR,2 frames were longer than 20.8 ms apparently screen refreshes skipped, interframe durs were:[ 122.2  117.1] and was these frames: [ 96 128]
593.0698 	INFO 	flankers also=[  16.6  122.2    8.    16.7  117.1    8.1]
593.5715 	DATA 	Keypress: x
597.8462 	EXP 	window1: recordFrameIntervals = False
597.8468 	ERROR 	trialnum=101 ERROR,4 frames were longer than 20.8 ms apparently screen refreshes skipped, interframe durs were:[ 120.9  115.6  122.8  117.9] and was these frames: [  2  66  98 130]
597.8474 	INFO 	flankers also=[  16.7  120.9    8.    16.7  115.6    8.5   16.7  122.8    8.4   16.7
  117.9    9.4]
598.9334 	DATA 	Keypress: w
603.2510 	DATA 	Keypress: m
603.3419 	EXP 	window1: recordFrameIntervals = False
603.3425 	ERROR 	trialnum=102 ERROR,5 frames were longer than 20.8 ms apparently screen refreshes skipped, interframe durs were:[ 123.2  118.2  123.4  118.6  143.2] and was these frames: [  4  68 100 132 134]
603.3432 	INFO 	flankers also=[  16.7  123.2    8.1   16.7  118.2    8.5   16.7  123.4    8.3   16.7
  118.6    8.5    8.5  143.2    8.1]
604.0115 	DATA 	Keypress: m
608.0692 	EXP 	window1: recordFrameIntervals = False
608.0697 	ERROR 	trialnum=103 ERROR,4 frames were longer than 20.8 ms apparently screen refreshes skipped, interframe durs were:[ 126.8  119.2  126.3  120. ] and was these frames: [  6  70 102 134]
608.0703 	INFO 	flankers also=[  16.7  126.8    8.8   16.7  119.2    8.4   16.7  126.3    8.5   16.7
  120.     8.7]
609.4572 	DATA 	Keypress: h
613.5482 	EXP 	window1: recordFrameIntervals = False
613.5488 	ERROR 	trialnum=104 ERROR,4 frames were longer than 20.8 ms apparently screen refreshes skipped, interframe durs were:[ 126.8  122.5  128.1  121.2] and was these frames: [  8  72 104 136]
613.5494 	INFO 	flankers also=[  16.7  126.8    8.9   16.7  122.5    8.3   16.6  128.1    8.3   16.7
  121.2    8.1]
614.1175 	DATA 	Keypress: l
618.1920 	EXP 	window1: recordFrameIntervals = False
618.1926 	ERROR 	trialnum=105 ERROR,4 frames were longer than 20.8 ms apparently screen refreshes skipped, interframe durs were:[ 149.7  123.1  129.6  123.3] and was these frames: [ 10  74 106 138]
618.1932 	INFO 	flankers also=[  16.7  149.7    8.7   16.8  123.1    9.    16.7  129.6    8.2   16.7
  123.3    8.5]
618.7110 	DATA 	Keypress: a
623.0511 	EXP 	window1: recordFrameIntervals = False
623.0517 	ERROR 	trialnum=106 ERROR,4 frames were longer than 20.8 ms apparently screen refreshes skipped, interframe durs were:[ 130.1  124.5  133.1  125.2] and was these frames: [ 12  76 108 140]
623.0523 	INFO 	flankers also=[  16.7  130.1    8.5   16.7  124.5    8.5   16.7  133.1    9.6   16.6
  125.2    8.2]
624.7899 	DATA 	Keypress: v
629.2165 	EXP 	window1: recordFrameIntervals = False
629.2171 	ERROR 	trialnum=107 ERROR,4 frames were longer than 20.8 ms apparently screen refreshes skipped, interframe durs were:[ 131.4  126.3  133.7  132.7] and was these frames: [ 14  78 110 142]
629.2177 	INFO 	flankers also=[  16.8  131.4    8.4   16.7  126.3    9.4   16.7  133.7    8.7   16.6
  132.7    8.4]
630.0868 	DATA 	Keypress: b
634.2945 	EXP 	window1: recordFrameIntervals = False
634.2951 	ERROR 	trialnum=108 ERROR,4 frames were longer than 20.8 ms apparently screen refreshes skipped, interframe durs were:[ 135.7  129.8  135.6  131.8] and was these frames: [ 16  80 112 144]
634.2957 	INFO 	flankers also=[  16.8  135.7    8.6   16.7  129.8    8.6   16.7  135.6    9.2   16.7
  131.8    9.9]
634.5800 	DATA 	Keypress: t
638.9048 	EXP 	window1: recordFrameIntervals = False
638.9054 	ERROR 	trialnum=109 ERROR,4 frames were longer than 20.8 ms apparently screen refreshes skipped, interframe durs were:[ 136.1  130.5  138.2  131.6] and was these frames: [ 18  82 114 146]
638.9060 	INFO 	flankers also=[  16.8  136.1    8.4   16.7  130.5    9.    16.7  138.2    8.2   16.6
  131.6    8.1]
640.5267 	DATA 	Keypress: n
644.7513 	EXP 	window1: recordFrameIntervals = False
644.7520 	ERROR 	trialnum=110 ERROR,4 frames were longer than 20.8 ms apparently screen refreshes skipped, interframe durs were:[ 138.5  131.6  140.1  132.8] and was these frames: [ 20  84 116 148]
644.7527 	INFO 	flankers also=[  16.7  138.5    9.    16.7  131.6    8.6   16.6  140.1    8.5   16.7
  132.8    8.3]
646.1725 	DATA 	Keypress: p
650.4127 	EXP 	window1: recordFrameIntervals = False
650.4133 	ERROR 	trialnum=111 ERROR,4 frames were longer than 20.8 ms apparently screen refreshes skipped, interframe durs were:[ 141.   133.1  141.4  134.1] and was these frames: [ 22  86 118 150]
650.4139 	INFO 	flankers also=[  16.7  141.     8.4   16.7  133.1    9.    16.7  141.4    8.4   16.7
  134.1    8.9]
654.6584 	DATA 	Keypress: v
658.8354 	EXP 	window1: recordFrameIntervals = False
658.8360 	ERROR 	trialnum=112 ERROR,4 frames were longer than 20.8 ms apparently screen refreshes skipped, interframe durs were:[ 142.7  136.2  144.2  137.2] and was these frames: [ 24  88 120 152]
658.8366 	INFO 	flankers also=[  16.7  142.7    8.5   16.7  136.2    8.4   16.7  144.2    9.    16.7
  137.2    8.1]
659.6528 	DATA 	Keypress: b
663.8506 	EXP 	window1: recordFrameIntervals = False
663.8513 	ERROR 	trialnum=113 ERROR,4 frames were longer than 20.8 ms apparently screen refreshes skipped, interframe durs were:[ 144.7  138.3  146.1  140.2] and was these frames: [ 26  90 122 154]
663.8519 	INFO 	flankers also=[  16.7  144.7    8.8   16.7  138.3    8.7   16.8  146.1    8.4   16.7
  140.2]
665.9501 	DATA 	Keypress: h
670.4406 	EXP 	window1: recordFrameIntervals = False
670.4411 	ERROR 	trialnum=114 ERROR,3 frames were longer than 20.8 ms apparently screen refreshes skipped, interframe durs were:[ 147.5  141.7  148.4] and was these frames: [ 28  92 124]
670.4416 	INFO 	flankers also=[  16.7  147.5    8.8   16.7  141.7    8.2   16.8  148.4    9. ]
670.8429 	DATA 	Keypress: v
675.0175 	EXP 	window1: recordFrameIntervals = False
675.0181 	ERROR 	trialnum=115 ERROR,3 frames were longer than 20.8 ms apparently screen refreshes skipped, interframe durs were:[ 149.2  143.1  151.7] and was these frames: [ 30  94 126]
675.0188 	INFO 	flankers also=[  16.8  149.2    8.3   16.7  143.1    8.7   16.7  151.7    8.5]
676.4072 	DATA 	Keypress: m
681.5337 	EXP 	window1: recordFrameIntervals = False
681.5344 	ERROR 	trialnum=116 ERROR,6 frames were longer than 20.8 ms apparently screen refreshes skipped, interframe durs were:[ 143.7  848.7  152.4  144.5  152.9  145.1] and was these frames: [  0   8  32  64  96 128]
681.5351 	INFO 	flankers also=[ 143.7    8.7    9.6  848.7    8.4   16.7  152.4    8.2   16.7  144.5
    8.6   16.6  152.9    8.5   16.7  145.1    9. ]
681.9528 	DATA 	Keypress: c
686.3779 	EXP 	window1: recordFrameIntervals = False
686.3784 	ERROR 	trialnum=117 ERROR,4 frames were longer than 20.8 ms apparently screen refreshes skipped, interframe durs were:[ 153.4  146.7  154.8  147.8] and was these frames: [  2  66  98 130]
686.3790 	INFO 	flankers also=[  16.7  153.4    8.7   16.7  146.7    8.7   16.6  154.8    8.5   16.7
  147.8    8.4]
687.3982 	DATA 	Keypress: d
691.9570 	EXP 	window1: recordFrameIntervals = False
691.9577 	ERROR 	trialnum=118 ERROR,4 frames were longer than 20.8 ms apparently screen refreshes skipped, interframe durs were:[ 156.   148.5  157.4  149.5] and was these frames: [  4  68 100 132]
691.9585 	INFO 	flankers also=[  16.8  156.     8.6   16.7  148.5    8.6   16.7  157.4    8.6   16.6
  149.5    8.7]
693.1611 	DATA 	Keypress: u
697.4527 	EXP 	window1: recordFrameIntervals = False
697.4533 	ERROR 	trialnum=119 ERROR,4 frames were longer than 20.8 ms apparently screen refreshes skipped, interframe durs were:[ 157.8  151.7  161.5  152.2] and was these frames: [  6  70 102 134]
697.4539 	INFO 	flankers also=[   7.5  157.8    8.6   16.6  151.7    8.8   16.7  161.5    8.9   16.7
  152.2    8.1]
698.0889 	DATA 	Keypress: i
702.4288 	EXP 	window1: recordFrameIntervals = False
702.4295 	ERROR 	trialnum=120 ERROR,4 frames were longer than 20.8 ms apparently screen refreshes skipped, interframe durs were:[ 161.1  153.3  161.4  157. ] and was these frames: [  8  72 104 136]
702.4302 	INFO 	flankers also=[  16.7  161.1    8.6   16.6  153.3    9.    16.7  161.4    8.7   16.7
  157.     8.5]
702.9982 	DATA 	Keypress: g
707.2563 	EXP 	window1: recordFrameIntervals = False
707.2569 	ERROR 	trialnum=121 ERROR,4 frames were longer than 20.8 ms apparently screen refreshes skipped, interframe durs were:[ 162.6  166.   163.5  158.1] and was these frames: [ 10  74 106 138]
707.2575 	INFO 	flankers also=[  16.7  162.6    8.8   16.6  166.     8.8   16.7  163.5    8.9   16.7
  158.1    8.6]
707.8590 	DATA 	Keypress: n
712.4196 	EXP 	window1: recordFrameIntervals = False
712.4201 	ERROR 	trialnum=122 ERROR,4 frames were longer than 20.8 ms apparently screen refreshes skipped, interframe durs were:[ 164.7  157.4  165.7  159.5] and was these frames: [ 12  76 108 140]
712.4207 	INFO 	flankers also=[  16.7  164.7    8.9   16.7  157.4    8.5   16.8  165.7    8.4   16.7
  159.5    8.8]
713.6738 	DATA 	Keypress: g
718.1657 	EXP 	window1: recordFrameIntervals = False
718.1664 	ERROR 	trialnum=123 ERROR,4 frames were longer than 20.8 ms apparently screen refreshes skipped, interframe durs were:[ 166.7  158.5  168.7  159.5] and was these frames: [ 14  78 110 142]
718.1671 	INFO 	flankers also=[  16.6  166.7    8.3   16.7  158.5    8.7   16.8  168.7    8.7   16.7
  159.5   11.1]
719.0356 	DATA 	Keypress: m
723.5945 	EXP 	window1: recordFrameIntervals = False
723.5951 	ERROR 	trialnum=124 ERROR,4 frames were longer than 20.8 ms apparently screen refreshes skipped, interframe durs were:[ 181.5  163.9  169.9  162.5] and was these frames: [ 16  80 112 144]
723.5957 	INFO 	flankers also=[  16.7  181.5    8.4   16.6  163.9    8.6   16.7  169.9    8.2   16.6
  162.5    8.8]
724.0470 	DATA 	Keypress: a
728.3886 	EXP 	window1: recordFrameIntervals = False
728.3892 	ERROR 	trialnum=125 ERROR,4 frames were longer than 20.8 ms apparently screen refreshes skipped, interframe durs were:[ 170.8  165.3  172.   164.5] and was these frames: [ 18  82 114 146]
728.3898 	INFO 	flankers also=[  16.7  170.8    8.6   16.7  165.3    8.5   16.7  172.     9.2   16.6
  164.5    8.5]
729.1752 	DATA 	Keypress: j
733.5335 	EXP 	window1: recordFrameIntervals = False
733.5341 	ERROR 	trialnum=126 ERROR,4 frames were longer than 20.8 ms apparently screen refreshes skipped, interframe durs were:[ 174.2  167.   174.2  166.7] and was these frames: [ 20  84 116 148]
733.5349 	INFO 	flankers also=[  16.7  174.2    8.3   16.7  167.     8.2   16.7  174.2    8.5   17.1
  166.7    9. ]
734.9047 	DATA 	Keypress: e
739.3454 	EXP 	window1: recordFrameIntervals = False
739.3459 	ERROR 	trialnum=127 ERROR,4 frames were longer than 20.8 ms apparently screen refreshes skipped, interframe durs were:[ 175.2  166.8  175.8  168. ] and was these frames: [ 22  86 118 150]
739.3465 	INFO 	flankers also=[  16.7  175.2    8.9   16.7  166.8    8.8   16.7  175.8    8.6   16.7
  168.     8.3]
739.9158 	DATA 	Keypress: o
744.3267 	EXP 	window1: recordFrameIntervals = False
744.3273 	ERROR 	trialnum=128 ERROR,4 frames were longer than 20.8 ms apparently screen refreshes skipped, interframe durs were:[ 176.8  169.1  178.9  169.9] and was these frames: [ 24  88 120 152]
744.3279 	INFO 	flankers also=[  16.7  176.8    9.    16.7  169.1    8.5   16.7  178.9    8.7   16.7
  169.9    8.5]
746.8481 	DATA 	Keypress: i
751.3450 	EXP 	window1: recordFrameIntervals = False
751.3456 	ERROR 	trialnum=129 ERROR,4 frames were longer than 20.8 ms apparently screen refreshes skipped, interframe durs were:[ 179.6  170.7  179.6  173.6] and was these frames: [ 26  90 122 154]
751.3463 	INFO 	flankers also=[  16.7  179.6    8.7   16.7  170.7    9.    16.7  179.6    9.    16.7
  173.6]
752.4756 	DATA 	Keypress: o
756.5835 	EXP 	window1: recordFrameIntervals = False
756.5840 	ERROR 	trialnum=130 ERROR,3 frames were longer than 20.8 ms apparently screen refreshes skipped, interframe durs were:[ 181.2  172.5  182.4] and was these frames: [ 28  92 124]
756.5845 	INFO 	flankers also=[  16.7  181.2    9.    16.7  172.5    8.7   16.7  182.4    9.7]
757.1378 	DATA 	Keypress: w
761.6464 	EXP 	window1: recordFrameIntervals = False
761.6469 	ERROR 	trialnum=131 ERROR,3 frames were longer than 20.8 ms apparently screen refreshes skipped, interframe durs were:[ 184.4  176.9  184.2] and was these frames: [ 30  94 126]
761.6474 	INFO 	flankers also=[  16.7  184.4    8.5   16.7  176.9    9.    16.7  184.2    8.4]
762.2157 	DATA 	Keypress: r
767.6432 	EXP 	window1: recordFrameIntervals = False
767.6438 	ERROR 	trialnum=132 ERROR,5 frames were longer than 20.8 ms apparently screen refreshes skipped, interframe durs were:[  176.3  1047.6   185.5   177.8   186.2] and was these frames: [  0  42  64  96 128]
767.6446 	INFO 	flankers also=[  176.3     8.9    16.7  1047.6     9.3    16.7   185.5     8.4    16.7
   177.8     8.7    16.7   186.2     8.3]
770.0166 	DATA 	Keypress: e
774.6422 	EXP 	window1: recordFrameIntervals = False
774.6428 	ERROR 	trialnum=133 ERROR,4 frames were longer than 20.8 ms apparently screen refreshes skipped, interframe durs were:[ 178.1  187.4  174.3  187.7] and was these frames: [  2  66  98 130]
774.6435 	INFO 	flankers also=[  16.6  178.1    8.6   16.8  187.4    9.3   16.7  174.3    8.6   16.7
  187.7    8.2]
778.2851 	DATA 	Keypress: i
782.7922 	EXP 	window1: recordFrameIntervals = False
782.7928 	ERROR 	trialnum=134 ERROR,4 frames were longer than 20.8 ms apparently screen refreshes skipped, interframe durs were:[ 178.6  188.5  177.5  189.9] and was these frames: [  4  68 100 132]
782.7934 	INFO 	flankers also=[  16.7  178.6    8.8   16.8  188.5    8.6   16.7  177.5    8.5   16.7
  189.9    8.4]
783.4116 	DATA 	Keypress: u
787.8034 	EXP 	window1: recordFrameIntervals = False
787.8039 	ERROR 	trialnum=135 ERROR,5 frames were longer than 20.8 ms apparently screen refreshes skipped, interframe durs were:[ 185.6  145.1  191.   177.9  191.4] and was these frames: [  6  25  70 102 134]
787.8046 	INFO 	flankers also=[  16.7  185.6    9.5   16.7  145.1    8.4   16.7  191.     8.7   16.7
  177.9    8.7   16.7  191.4    8.6]
789.2933 	DATA 	Keypress: i
793.7684 	EXP 	window1: recordFrameIntervals = False
793.7689 	ERROR 	trialnum=136 ERROR,4 frames were longer than 20.8 ms apparently screen refreshes skipped, interframe durs were:[ 182.6  195.1  179.5  193. ] and was these frames: [  8  72 104 136]
793.7695 	INFO 	flankers also=[  16.7  182.6    8.7   16.7  195.1    8.7   16.8  179.5    8.9   16.7
  193.    10.9]
794.9568 	DATA 	Keypress: b
799.6482 	EXP 	window1: recordFrameIntervals = False
799.6487 	ERROR 	trialnum=137 ERROR,4 frames were longer than 20.8 ms apparently screen refreshes skipped, interframe durs were:[ 184.   194.3  181.1  195.9] and was these frames: [ 10  74 106 138]
799.6493 	INFO 	flankers also=[  16.7  184.     8.7   16.7  194.3    8.4   16.7  181.1    9.3   16.8
  195.9    8.6]
800.1841 	DATA 	Keypress: w
804.5258 	EXP 	window1: recordFrameIntervals = False
804.5264 	ERROR 	trialnum=138 ERROR,4 frames were longer than 20.8 ms apparently screen refreshes skipped, interframe durs were:[ 198.5  197.6  183.6  196.4] and was these frames: [ 12  76 108 140]
804.5272 	INFO 	flankers also=[  16.7  198.5    9.2   16.7  197.6    8.7   16.7  183.6    8.6   16.7
  196.4    8.9]
804.9960 	DATA 	Keypress: x
809.6039 	EXP 	window1: recordFrameIntervals = False
809.6045 	ERROR 	trialnum=139 ERROR,4 frames were longer than 20.8 ms apparently screen refreshes skipped, interframe durs were:[ 187.5  198.2  184.3  199.5] and was these frames: [ 14  78 110 142]
809.6051 	INFO 	flankers also=[  16.7  187.5    8.5   16.7  198.2    9.    16.7  184.3    8.8   16.7
  199.5    8.7]
810.2901 	DATA 	Keypress: k
854.7453 	DATA 	Keypress: space
859.3970 	EXP 	window1: recordFrameIntervals = False
859.3976 	ERROR 	trialnum=140 ERROR,4 frames were longer than 20.8 ms apparently screen refreshes skipped, interframe durs were:[ 188.7  199.6  187.   199.9] and was these frames: [ 14  78 110 142]
859.3983 	INFO 	flankers also=[  16.7  188.7    8.5   16.6  199.6    8.7   16.7  187.     8.4   16.8
  199.9    9.1]
859.9330 	DATA 	Keypress: m
864.2746 	EXP 	window1: recordFrameIntervals = False
864.2752 	ERROR 	trialnum=141 ERROR,4 frames were longer than 20.8 ms apparently screen refreshes skipped, interframe durs were:[ 190.4  203.2  189.1  203. ] and was these frames: [ 16  80 112 144]
864.2758 	INFO 	flankers also=[  16.7  190.4    9.4   16.7  203.2    9.4   16.8  189.1    9.1   16.7
  203.     8.8]
864.6953 	DATA 	Keypress: w
869.1873 	EXP 	window1: recordFrameIntervals = False
869.1879 	ERROR 	trialnum=142 ERROR,4 frames were longer than 20.8 ms apparently screen refreshes skipped, interframe durs were:[ 192.1  202.4  188.9  202.9] and was these frames: [ 18  82 114 146]
869.1885 	INFO 	flankers also=[  16.7  192.1    8.7   16.7  202.4    8.5   16.7  188.9    8.8   16.7
  202.9    9.1]
869.7231 	DATA 	Keypress: f
874.0862 	EXP 	window1: recordFrameIntervals = False
874.0868 	ERROR 	trialnum=143 ERROR,4 frames were longer than 20.8 ms apparently screen refreshes skipped, interframe durs were:[ 193.5  206.9  192.3  204.8] and was these frames: [ 20  84 116 148]
874.0874 	INFO 	flankers also=[  16.7  193.5    9.4   16.7  206.9    8.7   16.7  192.3    8.7   16.7
  204.8    8.9]
874.9348 	DATA 	Keypress: t
879.6671 	EXP 	window1: recordFrameIntervals = False
879.6677 	ERROR 	trialnum=144 ERROR,4 frames were longer than 20.8 ms apparently screen refreshes skipped, interframe durs were:[ 213.7  206.3  193.   207.4] and was these frames: [ 22  86 118 150]
879.6684 	INFO 	flankers also=[  16.7  213.7    9.9   16.7  206.3    9.1   16.7  193.     8.9   16.6
  207.4    8.8]
880.8149 	DATA 	Keypress: v
885.4670 	EXP 	window1: recordFrameIntervals = False
885.4675 	ERROR 	trialnum=145 ERROR,4 frames were longer than 20.8 ms apparently screen refreshes skipped, interframe durs were:[ 215.3  210.7  194.   210.3] and was these frames: [ 24  88 120 152]
885.4681 	INFO 	flankers also=[  16.6  215.3    8.6   16.6  210.7    9.1   16.7  194.     8.9   16.7
  210.3    8.5]
886.3103 	DATA 	Keypress: e
890.6895 	EXP 	window1: recordFrameIntervals = False
890.6901 	ERROR 	trialnum=146 ERROR,4 frames were longer than 20.8 ms apparently screen refreshes skipped, interframe durs were:[ 200.   210.2  195.5  221.2] and was these frames: [ 26  90 122 154]
890.6908 	INFO 	flankers also=[  16.7  200.     8.7   16.7  210.2    8.7   16.6  195.5    9.5   16.7
  221.2]
891.2213 	DATA 	Keypress: l
895.4461 	EXP 	window1: recordFrameIntervals = False
895.4466 	ERROR 	trialnum=147 ERROR,3 frames were longer than 20.8 ms apparently screen refreshes skipped, interframe durs were:[ 208.1  211.3  198.9] and was these frames: [ 28  92 124]
895.4471 	INFO 	flankers also=[  16.7  208.1    8.3   16.7  211.3    8.8   16.7  198.9    8.5]
896.2326 	DATA 	Keypress: t
902.0091 	EXP 	window1: recordFrameIntervals = False
902.0097 	ERROR 	trialnum=148 ERROR,4 frames were longer than 20.8 ms apparently screen refreshes skipped, interframe durs were:[  201.5  1200.5   212.6   211.3] and was these frames: [ 30  84  94 126]
902.0103 	INFO 	flankers also=[   16.7   201.5     9.4    16.7  1200.5    10.1    16.7   212.6     8.8
    16.7   211.3     9. ]
902.7289 	DATA 	Keypress: q
907.3226 	EXP 	window1: recordFrameIntervals = False
907.3232 	ERROR 	trialnum=149 ERROR,4 frames were longer than 20.8 ms apparently screen refreshes skipped, interframe durs were:[ 213.9  204.4  216.3  204.7] and was these frames: [  0  64  96 128]
907.3238 	INFO 	flankers also=[ 213.9    8.7   16.7  204.4    8.6   16.7  216.3    8.9   16.7  204.7
    8.6]
907.8085 	DATA 	Keypress: n
912.7181 	EXP 	window1: recordFrameIntervals = False
912.7187 	ERROR 	trialnum=150 ERROR,4 frames were longer than 20.8 ms apparently screen refreshes skipped, interframe durs were:[ 216.2  205.6  354.   206.8] and was these frames: [  2  66  98 130]
912.7195 	INFO 	flankers also=[  16.7  216.2    8.4   16.7  205.6    8.5   16.7  354.     8.9   16.7
  206.8    8.7]
913.5380 	DATA 	Keypress: k
917.9297 	EXP 	window1: recordFrameIntervals = False
917.9303 	ERROR 	trialnum=151 ERROR,4 frames were longer than 20.8 ms apparently screen refreshes skipped, interframe durs were:[ 217.4  207.   218.2  207.4] and was these frames: [  4  68 100 132]
917.9309 	INFO 	flankers also=[  16.8  217.4    8.6   16.8  207.     8.9   16.7  218.2    8.6   16.7
  207.4    8.8]
919.4347 	DATA 	Keypress: b
923.9933 	EXP 	window1: recordFrameIntervals = False
923.9939 	ERROR 	trialnum=152 ERROR,4 frames were longer than 20.8 ms apparently screen refreshes skipped, interframe durs were:[ 218.9  210.2  220.3  210. ] and was these frames: [  6  70 102 134]
923.9945 	INFO 	flankers also=[  16.6  218.9    8.9   16.7  210.2    8.7   16.7  220.3    8.6   16.7
  210.     9.6]
924.4460 	DATA 	Keypress: u
928.8542 	EXP 	window1: recordFrameIntervals = False
928.8548 	ERROR 	trialnum=153 ERROR,4 frames were longer than 20.8 ms apparently screen refreshes skipped, interframe durs were:[ 220.3  211.2  221.4  210.6] and was these frames: [  8  72 104 136]
928.8556 	INFO 	flankers also=[  16.7  220.3    8.4   16.7  211.2    8.7   16.7  221.4    8.8   16.7
  210.6    8.8]
929.0059 	DATA 	Keypress: w
933.2731 	DATA 	Keypress: k
933.8153 	EXP 	window1: recordFrameIntervals = False
933.8159 	ERROR 	trialnum=154 ERROR,4 frames were longer than 20.8 ms apparently screen refreshes skipped, interframe durs were:[ 221.7  212.9  223.9  212.4] and was these frames: [ 10  74 106 138]
933.8165 	INFO 	flankers also=[  16.7  221.7    8.7   16.7  212.9    8.8   16.7  223.9    8.6   16.7
  212.4    9.5]
934.4853 	DATA 	Keypress: k
939.1441 	EXP 	window1: recordFrameIntervals = False
939.1448 	ERROR 	trialnum=155 ERROR,4 frames were longer than 20.8 ms apparently screen refreshes skipped, interframe durs were:[ 226.9  220.7  232.7  223.9] and was these frames: [ 12  76 108 140]
939.1454 	INFO 	flankers also=[  16.8  226.9    8.9   16.8  220.7    9.2   16.5  232.7    8.4   16.6
  223.9    8.7]
940.6988 	DATA 	Keypress: o
945.1223 	EXP 	window1: recordFrameIntervals = False
945.1229 	ERROR 	trialnum=156 ERROR,4 frames were longer than 20.8 ms apparently screen refreshes skipped, interframe durs were:[ 226.   214.9  227.3  216.6] and was these frames: [ 14  78 110 142]
945.1235 	INFO 	flankers also=[  16.7  226.     9.2   16.7  214.9    9.3   16.7  227.3    9.2   16.5
  216.6    8.6]
946.2263 	DATA 	Keypress: i
951.0205 	EXP 	window1: recordFrameIntervals = False
951.0210 	ERROR 	trialnum=157 ERROR,4 frames were longer than 20.8 ms apparently screen refreshes skipped, interframe durs were:[ 227.2  215.7  236.7  216.4] and was these frames: [ 16  80 112 144]
951.0216 	INFO 	flankers also=[  16.7  227.2    8.6   16.7  215.7    8.9   16.6  236.7    8.6   16.7
  216.4    8.9]
951.4395 	DATA 	Keypress: w
956.0652 	EXP 	window1: recordFrameIntervals = False
956.0658 	ERROR 	trialnum=158 ERROR,4 frames were longer than 20.8 ms apparently screen refreshes skipped, interframe durs were:[ 231.2  219.5  229.8  218.1] and was these frames: [ 18  82 114 146]
956.0664 	INFO 	flankers also=[  16.7  231.2    8.8   16.7  219.5    8.8   16.7  229.8    9.2   16.6
  218.1    8.7]
956.7515 	DATA 	Keypress: c
961.2616 	EXP 	window1: recordFrameIntervals = False
961.2623 	ERROR 	trialnum=159 ERROR,4 frames were longer than 20.8 ms apparently screen refreshes skipped, interframe durs were:[ 231.1  219.7  232.   218.9] and was these frames: [ 20  84 116 148]
961.2630 	INFO 	flankers also=[  16.7  231.1    8.6   16.7  219.7    8.6   16.7  232.     8.9   16.7
  218.9    9. ]
961.9296 	DATA 	Keypress: l
966.7088 	EXP 	window1: recordFrameIntervals = False
966.7095 	ERROR 	trialnum=160 ERROR,4 frames were longer than 20.8 ms apparently screen refreshes skipped, interframe durs were:[ 231.   222.4  231.8  220.8] and was these frames: [ 22  86 118 150]
966.7103 	INFO 	flankers also=[  16.7  231.     8.7   16.7  222.4    8.9   16.7  231.8    8.6   16.9
  220.8    8.7]
967.9266 	DATA 	Keypress: w
972.6750 	EXP 	window1: recordFrameIntervals = False
972.6755 	ERROR 	trialnum=161 ERROR,4 frames were longer than 20.8 ms apparently screen refreshes skipped, interframe durs were:[ 232.4  221.8  233.1  223. ] and was these frames: [ 24  88 120 152]
972.6762 	INFO 	flankers also=[  16.7  232.4    9.3   16.7  221.8    9.    16.7  233.1    9.3   16.7
  223.     8.8]
974.0234 	DATA 	Keypress: u
978.9562 	EXP 	window1: recordFrameIntervals = False
978.9569 	ERROR 	trialnum=162 ERROR,4 frames were longer than 20.8 ms apparently screen refreshes skipped, interframe durs were:[ 233.8  223.1  235.5  223.6] and was these frames: [ 26  90 122 154]
978.9576 	INFO 	flankers also=[  16.7  233.8    9.    16.8  223.1    8.8   16.7  235.5    8.5   16.7
  223.6]
979.3019 	DATA 	Keypress: p
983.9444 	EXP 	window1: recordFrameIntervals = False
983.9450 	ERROR 	trialnum=163 ERROR,3 frames were longer than 20.8 ms apparently screen refreshes skipped, interframe durs were:[ 235.3  226.7  236.5] and was these frames: [ 28  92 124]
983.9455 	INFO 	flankers also=[  16.7  235.3    9.    16.7  226.7    9.8   16.6  236.5    9. ]
984.8142 	DATA 	Keypress: t
991.1431 	DATA 	Keypress: u
991.4762 	EXP 	window1: recordFrameIntervals = False
991.4767 	ERROR 	trialnum=164 ERROR,4 frames were longer than 20.8 ms apparently screen refreshes skipped, interframe durs were:[  236.1   225.3   240.2  2014.6] and was these frames: [ 30  94 126 130]
991.4773 	INFO 	flankers also=[   16.8   236.1     8.7    16.7   225.3     9.2    16.7   240.2     8.6
     7.9  2014.6    11.3]
992.4965 	DATA 	Keypress: u
996.8231 	EXP 	window1: recordFrameIntervals = False
996.8236 	ERROR 	trialnum=165 ERROR,3 frames were longer than 20.8 ms apparently screen refreshes skipped, interframe durs were:[ 246.2  227.9  239.3] and was these frames: [ 64  96 128]
996.8242 	INFO 	flankers also=[  16.7  246.2    8.9   16.7  227.9    9.    16.6  239.3    8.8]
998.1274 	DATA 	Keypress: a
1003.1539 	EXP 	window1: recordFrameIntervals = False
1003.1546 	ERROR 	trialnum=166 ERROR,5 frames were longer than 20.8 ms apparently screen refreshes skipped, interframe durs were:[ 227.8  240.5  224.2  240.3  147.5] and was these frames: [  2  66  98 130 132]
1003.1555 	INFO 	flankers also=[  16.6  227.8    8.8   16.7  240.5    9.1   16.7  224.2    8.9   16.7
  240.3   11.1   11.1  147.5    8.2]
1008.9017 	DATA 	Keypress: t
1013.7945 	EXP 	window1: recordFrameIntervals = False
1013.7951 	ERROR 	trialnum=167 ERROR,4 frames were longer than 20.8 ms apparently screen refreshes skipped, interframe durs were:[ 229.   242.   227.7  241.7] and was these frames: [  4  68 100 132]
1013.7957 	INFO 	flankers also=[  16.7  229.     8.9   16.7  242.     9.    16.6  227.7    9.    16.7
  241.7    8.9]
1014.2804 	DATA 	Keypress: k
1018.7889 	EXP 	window1: recordFrameIntervals = False
1018.7895 	ERROR 	trialnum=168 ERROR,4 frames were longer than 20.8 ms apparently screen refreshes skipped, interframe durs were:[ 231.4  243.9  227.6  244.3] and was these frames: [  6  70 102 134]
1018.7903 	INFO 	flankers also=[  16.7  231.4    9.    16.7  243.9    9.    16.7  227.6   10.3   16.7
  244.3    9.1]
1019.2747 	DATA 	Keypress: u
1023.8503 	EXP 	window1: recordFrameIntervals = False
1023.8510 	ERROR 	trialnum=169 ERROR,4 frames were longer than 20.8 ms apparently screen refreshes skipped, interframe durs were:[ 231.5  244.8  230.2  244.6] and was these frames: [  8  72 104 136]
1023.8517 	INFO 	flankers also=[  16.7  231.5    8.7   16.8  244.8    8.9   16.6  230.2    8.7   16.7
  244.6    8.7]
1024.7706 	DATA 	Keypress: v
1029.3960 	EXP 	window1: recordFrameIntervals = False
1029.3966 	ERROR 	trialnum=170 ERROR,4 frames were longer than 20.8 ms apparently screen refreshes skipped, interframe durs were:[ 233.6  246.3  229.   247.1] and was these frames: [ 10  74 106 138]
1029.3972 	INFO 	flankers also=[  16.7  233.6    9.2   16.7  246.3    9.    16.8  229.     9.6   16.5
  247.1    8.7]
1029.9988 	DATA 	Keypress: z
1034.7397 	EXP 	window1: recordFrameIntervals = False
1034.7402 	ERROR 	trialnum=171 ERROR,4 frames were longer than 20.8 ms apparently screen refreshes skipped, interframe durs were:[ 234.4  246.9  229.6  259. ] and was these frames: [ 12  76 108 140]
1034.7409 	INFO 	flankers also=[  16.7  234.4    8.5   16.7  246.9    8.9   16.8  229.6    9.    16.7
  259.     9.7]
1035.5261 	DATA 	Keypress: e
1040.1368 	EXP 	window1: recordFrameIntervals = False
1040.1374 	ERROR 	trialnum=172 ERROR,4 frames were longer than 20.8 ms apparently screen refreshes skipped, interframe durs were:[ 235.8  248.6  231.3  263.7] and was these frames: [ 14  78 110 142]
1040.1380 	INFO 	flankers also=[  16.7  235.8    9.    16.6  248.6    9.    16.8  231.3    9.1   16.7
  263.7    8.9]
1040.7897 	DATA 	Keypress: y
1045.4152 	EXP 	window1: recordFrameIntervals = False
1045.4158 	ERROR 	trialnum=173 ERROR,4 frames were longer than 20.8 ms apparently screen refreshes skipped, interframe durs were:[ 237.6  249.3  233.3  250. ] and was these frames: [ 16  80 112 144]
1045.4166 	INFO 	flankers also=[  16.6  237.6    9.1   16.8  249.3    9.    16.7  233.3    9.1   16.7
  250.     9.1]
1045.9011 	DATA 	Keypress: k
1050.7772 	EXP 	window1: recordFrameIntervals = False
1050.7778 	ERROR 	trialnum=174 ERROR,4 frames were longer than 20.8 ms apparently screen refreshes skipped, interframe durs were:[ 237.8  251.2  234.1  251.8] and was these frames: [ 18  82 114 146]
1050.7784 	INFO 	flankers also=[  16.6  237.8    9.2   16.7  251.2    9.    16.7  234.1    8.7   16.7
  251.8    9.1]
1052.0316 	DATA 	Keypress: v
1056.9940 	EXP 	window1: recordFrameIntervals = False
1056.9946 	ERROR 	trialnum=175 ERROR,4 frames were longer than 20.8 ms apparently screen refreshes skipped, interframe durs were:[ 239.7  252.7  238.   253.3] and was these frames: [ 20  84 116 148]
1056.9952 	INFO 	flankers also=[  16.8  239.7    8.8   16.7  252.7    9.2   16.7  238.     8.7   16.7
  253.3    9.1]
1057.4602 	DATA 	Keypress: e
1062.0065 	EXP 	window1: recordFrameIntervals = False
1062.0072 	ERROR 	trialnum=176 ERROR,4 frames were longer than 20.8 ms apparently screen refreshes skipped, interframe durs were:[ 240.9  255.8  236.6  254.9] and was these frames: [ 22  86 118 150]
1062.0078 	INFO 	flankers also=[  16.8  240.9    8.9   16.7  255.8    9.6   16.7  236.6    8.8   16.6
  254.9    9. ]
1062.4881 	DATA 	Keypress: e
1067.1540 	EXP 	window1: recordFrameIntervals = False
1067.1546 	ERROR 	trialnum=177 ERROR,4 frames were longer than 20.8 ms apparently screen refreshes skipped, interframe durs were:[ 241.8  265.1  238.1  256.6] and was these frames: [ 24  88 120 152]
1067.1552 	INFO 	flankers also=[  16.7  241.8    9.    16.7  265.1    8.9   16.7  238.1    8.8   16.7
  256.6    8.9]
1068.1009 	DATA 	Keypress: o
1073.0701 	EXP 	window1: recordFrameIntervals = False
1073.0707 	ERROR 	trialnum=178 ERROR,4 frames were longer than 20.8 ms apparently screen refreshes skipped, interframe durs were:[ 244.3  257.2  240.2  260.1] and was these frames: [ 26  90 122 154]
1073.0713 	INFO 	flankers also=[  16.7  244.3    8.8   16.7  257.2    9.1   16.5  240.2    8.9   16.7
  260.1]
1075.3003 	DATA 	Keypress: t
1079.7905 	EXP 	window1: recordFrameIntervals = False
1079.7911 	ERROR 	trialnum=179 ERROR,3 frames were longer than 20.8 ms apparently screen refreshes skipped, interframe durs were:[ 245.   257.6  240.7] and was these frames: [ 28  92 124]
1079.7916 	INFO 	flankers also=[  16.7  245.     9.1   16.6  257.6    8.9   16.7  240.7    9.1]
1082.8822 	DATA 	Keypress: f
1087.4760 	EXP 	window1: recordFrameIntervals = False
1087.4765 	ERROR 	trialnum=180 ERROR,2 frames were longer than 20.8 ms apparently screen refreshes skipped, interframe durs were:[ 248.   260.6] and was these frames: [ 94 126]
1087.4769 	INFO 	flankers also=[  16.7  248.     9.    16.6  260.6    8.8]
1087.8617 	DATA 	Keypress: t
1094.0241 	EXP 	window1: recordFrameIntervals = False
1094.0247 	ERROR 	trialnum=181 ERROR,6 frames were longer than 20.8 ms apparently screen refreshes skipped, interframe durs were:[  246.5  1482.8   261.1   247.5   264.1   248.5] and was these frames: [  0   5  32  64  96 128]
1094.0256 	INFO 	flankers also=[  246.5     8.9     8.3  1482.8     9.     16.6   261.1     9.1    16.7
   247.5     8.8    16.7   264.1     8.7    16.7   248.5     9.1]
1095.5123 	DATA 	Keypress: v
1100.2547 	EXP 	window1: recordFrameIntervals = False
1100.2553 	ERROR 	trialnum=182 ERROR,4 frames were longer than 20.8 ms apparently screen refreshes skipped, interframe durs were:[ 261.1  248.7  262.2  249.3] and was these frames: [  2  66  98 130]
1100.2559 	INFO 	flankers also=[  16.6  261.1    9.5   16.7  248.7    9.5   16.7  262.2    9.5   16.7
  249.3    8.8]
1101.2585 	DATA 	Keypress: j
1106.2849 	EXP 	window1: recordFrameIntervals = False
1106.2855 	ERROR 	trialnum=183 ERROR,4 frames were longer than 20.8 ms apparently screen refreshes skipped, interframe durs were:[ 262.7  251.3  290.7  260.5] and was these frames: [  4  68 100 132]
1106.2861 	INFO 	flankers also=[   8.2  262.7    9.1   16.7  251.3    8.9   16.7  290.7   11.1   16.6
  260.5   10. ]
1107.3054 	DATA 	Keypress: z
1111.9626 	EXP 	window1: recordFrameIntervals = False
1111.9632 	ERROR 	trialnum=184 ERROR,5 frames were longer than 20.8 ms apparently screen refreshes skipped, interframe durs were:[  26.6  264.2  251.4  265.2  251.7] and was these frames: [  4   6  70 102 134]
1111.9639 	INFO 	flankers also=[  16.9   26.6   15.1   15.1  264.2    9.2   16.7  251.4    8.6   16.7
  265.2    9.1   16.7  251.7    9. ]
1112.6489 	DATA 	Keypress: o
1117.3914 	EXP 	window1: recordFrameIntervals = False
1117.3920 	ERROR 	trialnum=185 ERROR,4 frames were longer than 20.8 ms apparently screen refreshes skipped, interframe durs were:[ 265.1  252.7  267.1  252.8] and was these frames: [  8  72 104 136]
1117.3927 	INFO 	flankers also=[  16.7  265.1    9.1   16.7  252.7    9.    16.7  267.1    9.3   16.7
  252.8    9.3]
1117.8632 	DATA 	Keypress: r
1122.8902 	EXP 	window1: recordFrameIntervals = False
1122.8925 	ERROR 	trialnum=186 ERROR,4 frames were longer than 20.8 ms apparently screen refreshes skipped, interframe durs were:[ 266.8  253.8  267.4  256.1] and was these frames: [ 10  74 106 138]
1122.8931 	INFO 	flankers also=[  16.7  266.8    9.1   16.8  253.8    8.8   16.7  267.4    9.1   16.8
  256.1    9.4]
1123.3746 	DATA 	Keypress: j
1128.1839 	EXP 	window1: recordFrameIntervals = False
1128.1844 	ERROR 	trialnum=187 ERROR,4 frames were longer than 20.8 ms apparently screen refreshes skipped, interframe durs were:[ 267.9  256.2  268.6  256.3] and was these frames: [ 12  76 108 140]
1128.1851 	INFO 	flankers also=[  16.8  267.9    9.1   16.7  256.2    8.9   16.6  268.6    9.7   16.7
  256.3    9.2]
1128.8201 	DATA 	Keypress: f
1133.7798 	EXP 	window1: recordFrameIntervals = False
1133.7803 	ERROR 	trialnum=188 ERROR,4 frames were longer than 20.8 ms apparently screen refreshes skipped, interframe durs were:[ 270.3  256.6  272.   257.4] and was these frames: [ 14  78 110 142]
1133.7809 	INFO 	flankers also=[  16.7  270.3    8.9   16.7  256.6    8.9   16.7  272.     8.9   16.6
  257.4    9.1]
1134.2322 	DATA 	Keypress: t
1139.1585 	EXP 	window1: recordFrameIntervals = False
1139.1591 	ERROR 	trialnum=189 ERROR,4 frames were longer than 20.8 ms apparently screen refreshes skipped, interframe durs were:[ 271.8  258.   271.6  258.3] and was these frames: [ 16  80 112 144]
1139.1597 	INFO 	flankers also=[  16.7  271.8    8.8   16.7  258.     8.8   16.7  271.6    9.4   16.7
  258.3    9.2]
1139.7946 	DATA 	Keypress: l
1144.4369 	EXP 	window1: recordFrameIntervals = False
1144.4375 	ERROR 	trialnum=190 ERROR,4 frames were longer than 20.8 ms apparently screen refreshes skipped, interframe durs were:[ 272.   259.9  272.6  259.9] and was these frames: [ 18  82 114 146]
1144.4381 	INFO 	flankers also=[  16.8  272.     9.    16.7  259.9   10.    16.7  272.6    8.7   16.7
  259.9    9.5]
1145.9585 	DATA 	Keypress: b
1150.7299 	EXP 	window1: recordFrameIntervals = False
1150.7305 	ERROR 	trialnum=191 ERROR,4 frames were longer than 20.8 ms apparently screen refreshes skipped, interframe durs were:[ 273.7  260.9  274.8  261. ] and was these frames: [ 20  84 116 148]
1150.7312 	INFO 	flankers also=[  16.7  273.7    8.7   16.7  260.9    9.1   16.7  274.8    9.4   16.7
  261.     9.4]
1154.5110 	DATA 	Keypress: y
1159.3495 	EXP 	window1: recordFrameIntervals = False
1159.3501 	ERROR 	trialnum=192 ERROR,4 frames were longer than 20.8 ms apparently screen refreshes skipped, interframe durs were:[ 275.9  262.9  276.3  262.8] and was these frames: [ 22  86 118 150]
1159.3507 	INFO 	flankers also=[  16.7  275.9    9.1   16.7  262.9    9.    16.7  276.3    9.6   16.7
  262.8    9.6]
1162.1931 	DATA 	Keypress: r
1167.1190 	EXP 	window1: recordFrameIntervals = False
1167.1197 	ERROR 	trialnum=193 ERROR,4 frames were longer than 20.8 ms apparently screen refreshes skipped, interframe durs were:[ 276.1  263.5  278.6  264.1] and was these frames: [ 24  88 120 152]
1167.1204 	INFO 	flankers also=[  16.8  276.1   11.6   16.7  263.5    9.    16.8  278.6    9.5   16.8
  264.1    9.3]
1167.5412 	DATA 	Keypress: e
1172.3809 	EXP 	window1: recordFrameIntervals = False
1172.3817 	ERROR 	trialnum=194 ERROR,4 frames were longer than 20.8 ms apparently screen refreshes skipped, interframe durs were:[ 277.7  263.7  278.7  265.3] and was these frames: [ 26  90 122 154]
1172.3824 	INFO 	flankers also=[  16.7  277.7    9.3   16.7  263.7    9.1   16.7  278.7    9.2   16.7
  265.3]
1174.3554 	DATA 	Keypress: c
1178.8474 	EXP 	window1: recordFrameIntervals = False
1178.8480 	ERROR 	trialnum=195 ERROR,3 frames were longer than 20.8 ms apparently screen refreshes skipped, interframe durs were:[ 279.4  265.1  279.7] and was these frames: [ 28  92 124]
1178.8486 	INFO 	flankers also=[  16.6  279.4    9.    16.7  265.1    9.1   16.7  279.7    9.4]
1179.2500 	DATA 	Keypress: w
1183.6814 	DATA 	Keypress: l
1184.0927 	EXP 	window1: recordFrameIntervals = False
1184.0933 	ERROR 	trialnum=196 ERROR,3 frames were longer than 20.8 ms apparently screen refreshes skipped, interframe durs were:[ 279.9  267.5  280.8] and was these frames: [ 30  94 126]
1184.0938 	INFO 	flankers also=[  16.7  279.9   10.    16.7  267.5    9.1   16.6  280.8   10.6]
1184.5959 	DATA 	Keypress: l
1192.2257 	EXP 	window1: recordFrameIntervals = False
1192.2262 	ERROR 	trialnum=197 ERROR,3 frames were longer than 20.8 ms apparently screen refreshes skipped, interframe durs were:[  267.3  3191.1    42.4] and was these frames: [ 0 50 78]
1192.2267 	INFO 	flankers also=[  267.3     8.8    16.7  3191.1     9.1    16.9    42.4    16.1]
1197.8229 	DATA 	Keypress: c
1202.9012 	EXP 	window1: recordFrameIntervals = False
1202.9018 	ERROR 	trialnum=198 ERROR,4 frames were longer than 20.8 ms apparently screen refreshes skipped, interframe durs were:[ 283.1  270.2  284.6  271. ] and was these frames: [  2  66  98 130]
1202.9024 	INFO 	flankers also=[  16.7  283.1    9.    16.7  270.2    9.1   16.7  284.6    9.3   16.7
  271.    10.8]
1204.0052 	DATA 	Keypress: u
1208.9648 	EXP 	window1: recordFrameIntervals = False
1208.9655 	ERROR 	trialnum=199 ERROR,5 frames were longer than 20.8 ms apparently screen refreshes skipped, interframe durs were:[ 283.7  147.2  271.2  285.1  271.7] and was these frames: [  4  26  68 100 132]
1208.9664 	INFO 	flankers also=[  16.7  283.7    9.1   16.7  147.2    8.6   16.7  271.2    8.7   16.7
  285.1    9.3   16.7  271.7   10.2]
1209.9351 	DATA 	Keypress: z
1214.7110 	EXP 	window1: recordFrameIntervals = False
1214.7116 	ERROR 	trialnum=200 ERROR,4 frames were longer than 20.8 ms apparently screen refreshes skipped, interframe durs were:[ 286.6  274.3  287.4  272. ] and was these frames: [  6  70 102 134]
1214.7123 	INFO 	flankers also=[  16.6  286.6    9.5   16.6  274.3    9.1   16.7  287.4    9.3   16.7
  272.     9.2]
1215.5642 	DATA 	Keypress: l
1220.5908 	EXP 	window1: recordFrameIntervals = False
1220.5914 	ERROR 	trialnum=201 ERROR,4 frames were longer than 20.8 ms apparently screen refreshes skipped, interframe durs were:[ 286.7  272.3  287.   274.3] and was these frames: [  8  72 104 136]
1220.5920 	INFO 	flankers also=[  16.8  286.7    9.3   16.7  272.3   11.    16.7  287.     8.9   16.6
  274.3    9. ]
1221.3440 	DATA 	Keypress: s
1226.1366 	EXP 	window1: recordFrameIntervals = False
1226.1372 	ERROR 	trialnum=202 ERROR,4 frames were longer than 20.8 ms apparently screen refreshes skipped, interframe durs were:[ 289.9  273.9  289.2  274.8] and was these frames: [ 10  74 106 138]
1226.1378 	INFO 	flankers also=[  16.7  289.9    9.2   16.7  273.9    9.2   16.7  289.2   10.3   16.7
  274.8    9.3]
1226.6892 	DATA 	Keypress: r
1234.6541 	EXP 	window1: recordFrameIntervals = False
1234.6547 	ERROR 	trialnum=203 ERROR,6 frames were longer than 20.8 ms apparently screen refreshes skipped, interframe durs were:[ 3156.9   299.6    42.5   277.2   291.2   276.6] and was these frames: [ 11  12  39  76 108 140]
1234.6555 	INFO 	flankers also=[   16.8  3156.9   299.6  3156.9   299.6     9.8    16.8    42.5    15.9
    16.7   277.2    13.5    16.7   291.2     9.5    16.7   276.6     9.7]
1237.1276 	DATA 	Keypress: e
1241.9387 	EXP 	window1: recordFrameIntervals = False
1241.9393 	ERROR 	trialnum=204 ERROR,4 frames were longer than 20.8 ms apparently screen refreshes skipped, interframe durs were:[ 294.   278.4  306.3  277.9] and was these frames: [ 14  78 110 142]
1241.9399 	INFO 	flankers also=[  16.7  294.     9.5   16.7  278.4    9.3   16.7  306.3    9.6   16.7
  277.9    9.3]
1246.0826 	DATA 	Keypress: z
1250.7584 	EXP 	window1: recordFrameIntervals = False
1250.7590 	ERROR 	trialnum=205 ERROR,4 frames were longer than 20.8 ms apparently screen refreshes skipped, interframe durs were:[ 292.6  278.1  294.2  279.1] and was these frames: [ 16  80 112 144]
1250.7596 	INFO 	flankers also=[  16.7  292.6    9.3   16.8  278.1    9.1   16.7  294.2    9.2   16.7
  279.1   10. ]
1252.1295 	DATA 	Keypress: a
1256.7551 	EXP 	window1: recordFrameIntervals = False
1256.7557 	ERROR 	trialnum=206 ERROR,4 frames were longer than 20.8 ms apparently screen refreshes skipped, interframe durs were:[ 293.6  279.5  294.1  280. ] and was these frames: [ 18  82 114 146]
1256.7563 	INFO 	flankers also=[  16.8  293.6    9.7   16.7  279.5   11.    16.7  294.1    9.4   16.7
  280.     9.5]
1257.3915 	DATA 	Keypress: z
1262.2675 	EXP 	window1: recordFrameIntervals = False
1262.2680 	ERROR 	trialnum=207 ERROR,4 frames were longer than 20.8 ms apparently screen refreshes skipped, interframe durs were:[ 294.9  280.7  295.1  280.8] and was these frames: [ 20  84 116 148]
1262.2686 	INFO 	flankers also=[  16.7  294.9    9.4   16.7  280.7    9.3   16.6  295.1    9.4   16.7
  280.8    9.8]
1264.2400 	DATA 	Keypress: c
1269.2824 	EXP 	window1: recordFrameIntervals = False
1269.2830 	ERROR 	trialnum=208 ERROR,4 frames were longer than 20.8 ms apparently screen refreshes skipped, interframe durs were:[ 296.1  282.   297.1  282.2] and was these frames: [ 22  86 118 150]
1269.2836 	INFO 	flankers also=[  16.7  296.1    9.8   16.7  282.     8.7   16.7  297.1    8.9   16.7
  282.2    9. ]
1269.9861 	DATA 	Keypress: f
1274.5383 	DATA 	Keypress: a
1275.0821 	EXP 	window1: recordFrameIntervals = False
1275.0827 	ERROR 	trialnum=209 ERROR,4 frames were longer than 20.8 ms apparently screen refreshes skipped, interframe durs were:[ 308.2  284.   298.7  284.8] and was these frames: [ 24  88 120 152]
1275.0833 	INFO 	flankers also=[  16.6  308.2    8.8   16.7  284.     8.9   16.6  298.7    9.1   16.6
  284.8    9.9]
1275.4817 	DATA 	Keypress: a
1306.2790 	DATA 	Keypress: space
1311.0449 	EXP 	window1: recordFrameIntervals = False
1311.0454 	ERROR 	trialnum=210 ERROR,4 frames were longer than 20.8 ms apparently screen refreshes skipped, interframe durs were:[ 300.2  289.5  300.6  286.4] and was these frames: [ 24  88 120 152]
1311.0460 	INFO 	flankers also=[  16.8  300.2    9.3   16.6  289.5    9.3   16.7  300.6    9.2   16.7
  286.4    9.1]
1311.4774 	DATA 	Keypress: f
1316.2254 	EXP 	window1: recordFrameIntervals = False
1316.2261 	ERROR 	trialnum=211 ERROR,4 frames were longer than 20.8 ms apparently screen refreshes skipped, interframe durs were:[ 309.2  285.9  300.9  289.4] and was these frames: [ 26  90 122 154]
1316.2266 	INFO 	flankers also=[  16.7  309.2    9.4   16.7  285.9    8.9   16.8  300.9    9.3   16.7
  289.4]
1316.2387 	DATA 	Keypress: f
1320.7986 	EXP 	window1: recordFrameIntervals = False
1320.7992 	ERROR 	trialnum=212 ERROR,3 frames were longer than 20.8 ms apparently screen refreshes skipped, interframe durs were:[ 303.2  288.4  303.5] and was these frames: [ 28  92 124]
1320.7998 	INFO 	flankers also=[  16.7  303.2    9.2   16.9  288.4    8.9   16.7  303.5    8.9]
1321.3344 	DATA 	Keypress: t
1332.1306 	DATA 	Keypress: l
1333.1079 	EXP 	window1: recordFrameIntervals = False
1333.1086 	ERROR 	trialnum=213 ERROR,3 frames were longer than 20.8 ms apparently screen refreshes skipped, interframe durs were:[  303.1  7161.5    41.4] and was these frames: [ 30  94 120]
1333.1092 	INFO 	flankers also=[   16.7   303.1     9.1    17.1  7161.5    12.1    16.5    41.4    17.1]
1333.5601 	DATA 	Keypress: l
1337.7014 	EXP 	window1: recordFrameIntervals = False
1338.2385 	DATA 	Keypress: l
1342.9314 	EXP 	window1: recordFrameIntervals = False
1342.9320 	ERROR 	trialnum=215 ERROR,3 frames were longer than 20.8 ms apparently screen refreshes skipped, interframe durs were:[ 148.7  306.2  290.6] and was these frames: [ 49  98 130]
1342.9326 	INFO 	flankers also=[  16.7  148.7    8.4   16.7  306.2    9.3   16.7  290.6   11. ]
1344.2193 	DATA 	Keypress: v
1349.3625 	EXP 	window1: recordFrameIntervals = False
1349.3631 	ERROR 	trialnum=216 ERROR,5 frames were longer than 20.8 ms apparently screen refreshes skipped, interframe durs were:[ 307.   291.7  308.7   26.   293.8] and was these frames: [  4  68 100 116 132]
1349.3640 	INFO 	flankers also=[  16.7  307.     9.3   16.7  291.7    9.3   16.3  308.7    9.7   16.8
   26.     9.1   16.7  293.8   11.4]
1350.4998 	DATA 	Keypress: w
1355.5263 	EXP 	window1: recordFrameIntervals = False
1355.5269 	ERROR 	trialnum=217 ERROR,4 frames were longer than 20.8 ms apparently screen refreshes skipped, interframe durs were:[ 307.6  293.3  317.4  299.6] and was these frames: [  6  70 102 134]
1355.5275 	INFO 	flankers also=[  16.7  307.6   10.2   16.7  293.3    9.4   16.7  317.4    9.    16.6
  299.6    9. ]
1356.0623 	DATA 	Keypress: k
1360.7547 	EXP 	window1: recordFrameIntervals = False
1360.7553 	ERROR 	trialnum=218 ERROR,4 frames were longer than 20.8 ms apparently screen refreshes skipped, interframe durs were:[ 309.3  295.6  311.1  295.6] and was these frames: [  8  72 104 136]
1360.7562 	INFO 	flankers also=[  16.7  309.3    9.6   16.7  295.6    9.3   16.7  311.1    9.7   16.7
  295.6    9.7]
1361.3240 	DATA 	Keypress: o
1366.0666 	EXP 	window1: recordFrameIntervals = False
1366.0673 	ERROR 	trialnum=219 ERROR,4 frames were longer than 20.8 ms apparently screen refreshes skipped, interframe durs were:[ 312.9  295.1  311.   296.4] and was these frames: [ 10  74 106 138]
1366.0681 	INFO 	flankers also=[  16.7  312.9   14.2   16.7  295.1    9.9   16.7  311.     9.6   16.7
  296.4    9.1]
1366.6194 	DATA 	Keypress: y
1371.6291 	EXP 	window1: recordFrameIntervals = False
1371.6297 	ERROR 	trialnum=220 ERROR,4 frames were longer than 20.8 ms apparently screen refreshes skipped, interframe durs were:[ 311.8  296.5  313.9  297.3] and was these frames: [ 12  76 108 140]
1371.6303 	INFO 	flankers also=[  16.7  311.8    9.7   16.7  296.5    9.4   16.7  313.9   10.6   16.7
  297.3    9.5]
1372.1326 	DATA 	Keypress: u
1377.1916 	EXP 	window1: recordFrameIntervals = False
1377.1922 	ERROR 	trialnum=221 ERROR,4 frames were longer than 20.8 ms apparently screen refreshes skipped, interframe durs were:[ 312.6  297.4  313.5  298.3] and was these frames: [ 14  78 110 142]
1377.1928 	INFO 	flankers also=[  16.7  312.6    9.6   16.7  297.4    9.3   16.8  313.5    9.6   16.7
  298.3    9.7]
1377.6607 	DATA 	Keypress: i
1382.7022 	EXP 	window1: recordFrameIntervals = False
1382.7028 	ERROR 	trialnum=222 ERROR,4 frames were longer than 20.8 ms apparently screen refreshes skipped, interframe durs were:[ 316.   301.1  315.7  300.6] and was these frames: [ 16  80 112 144]
1382.7035 	INFO 	flankers also=[  16.7  316.     9.8   16.7  301.1    9.4   16.7  315.7    9.6   16.7
  300.6    9.3]
1383.1548 	DATA 	Keypress: e
1388.0325 	EXP 	window1: recordFrameIntervals = False
1388.0330 	ERROR 	trialnum=223 ERROR,4 frames were longer than 20.8 ms apparently screen refreshes skipped, interframe durs were:[ 320.6  300.4  316.8  310.7] and was these frames: [ 18  82 114 146]
1388.0336 	INFO 	flankers also=[  16.7  320.6    9.4   16.7  300.4    9.2   16.6  316.8    9.9   18.9
  310.7    9.3]
1388.7520 	DATA 	Keypress: m
1393.6585 	EXP 	window1: recordFrameIntervals = False
1393.6590 	ERROR 	trialnum=224 ERROR,4 frames were longer than 20.8 ms apparently screen refreshes skipped, interframe durs were:[ 316.8  301.7  318.3  311.8] and was these frames: [ 20  84 116 148]
1393.6597 	INFO 	flankers also=[  16.7  316.8    9.2   16.8  301.7    9.9   16.7  318.3    9.2   16.7
  311.8    9.7]
1394.0808 	DATA 	Keypress: t
1398.9118 	EXP 	window1: recordFrameIntervals = False
1398.9123 	ERROR 	trialnum=225 ERROR,4 frames were longer than 20.8 ms apparently screen refreshes skipped, interframe durs were:[ 319.   303.   318.7  303.7] and was these frames: [ 22  86 118 150]
1398.9131 	INFO 	flankers also=[  16.8  319.     9.1   16.7  303.     9.5   16.7  318.7    9.6   16.7
  303.7    9.7]
1399.3593 	DATA 	Keypress: b
1404.5246 	EXP 	window1: recordFrameIntervals = False
1404.5252 	ERROR 	trialnum=226 ERROR,4 frames were longer than 20.8 ms apparently screen refreshes skipped, interframe durs were:[ 319.6  305.2  320.2  305.4] and was these frames: [ 24  88 120 152]
1404.5260 	INFO 	flankers also=[  16.7  319.6    9.4   16.7  305.2    9.3   16.7  320.2    9.1   16.7
  305.4    9.2]
1404.9226 	DATA 	Keypress: y
1409.8036 	EXP 	window1: recordFrameIntervals = False
1409.8042 	ERROR 	trialnum=227 ERROR,4 frames were longer than 20.8 ms apparently screen refreshes skipped, interframe durs were:[ 320.7  305.5  323.8  306.4] and was these frames: [ 26  90 122 154]
1409.8049 	INFO 	flankers also=[  16.8  320.7   10.1   16.7  305.5    9.1   16.9  323.8    9.3   16.6
  306.4]
1410.0836 	DATA 	Keypress: r
1414.8425 	EXP 	window1: recordFrameIntervals = False
1414.8431 	ERROR 	trialnum=228 ERROR,3 frames were longer than 20.8 ms apparently screen refreshes skipped, interframe durs were:[ 323.5  307.1  322.8] and was these frames: [ 28  92 124]
1414.8437 	INFO 	flankers also=[  16.7  323.5    9.    16.7  307.1    9.    16.7  322.8    9.2]
1415.3795 	DATA 	Keypress: i
1422.0570 	EXP 	window1: recordFrameIntervals = False
1422.0576 	ERROR 	trialnum=229 ERROR,5 frames were longer than 20.8 ms apparently screen refreshes skipped, interframe durs were:[  323.6   307.9   324.2  1551.8    41.4] and was these frames: [ 30  94 126 127 152]
1422.0584 	INFO 	flankers also=[   16.7   323.6     9.6    16.6   307.9     9.9    16.7   324.2  1551.8
   324.2  1551.8     9.3    16.5    41.4    17.1]
1423.8793 	DATA 	Keypress: b
1428.6885 	EXP 	window1: recordFrameIntervals = False
1428.6891 	ERROR 	trialnum=230 ERROR,4 frames were longer than 20.8 ms apparently screen refreshes skipped, interframe durs were:[ 324.7  309.   325.   311.6] and was these frames: [  0  64  96 128]
1428.6897 	INFO 	flankers also=[ 324.7    9.3   16.6  309.     9.7   16.7  325.    10.2   16.7  311.6
    9.4]
1429.2411 	DATA 	Keypress: r
1434.3028 	EXP 	window1: recordFrameIntervals = False
1434.3034 	ERROR 	trialnum=231 ERROR,5 frames were longer than 20.8 ms apparently screen refreshes skipped, interframe durs were:[ 343.2  310.2  149.5  334.8  311.6] and was these frames: [  2  66  83  98 130]
1434.3043 	INFO 	flankers also=[  16.7  343.2    9.1   16.7  310.2    9.4   16.7  149.5    8.7   16.8
  334.8    9.7   16.7  311.6   10.6]
1435.4745 	DATA 	Keypress: r
1440.7171 	EXP 	window1: recordFrameIntervals = False
1440.7178 	ERROR 	trialnum=232 ERROR,4 frames were longer than 20.8 ms apparently screen refreshes skipped, interframe durs were:[ 327.9  312.   328.5  313. ] and was these frames: [  4  68 100 132]
1440.7185 	INFO 	flankers also=[  16.7  327.9   10.    16.7  312.     9.3   16.7  328.5    9.4   16.5
  313.     9.7]
1441.4201 	DATA 	Keypress: z
1446.4968 	EXP 	window1: recordFrameIntervals = False
1446.4976 	ERROR 	trialnum=233 ERROR,4 frames were longer than 20.8 ms apparently screen refreshes skipped, interframe durs were:[ 333.4  313.4  329.1  313.5] and was these frames: [  6  70 102 134]
1446.4982 	INFO 	flankers also=[  17.2  333.4    9.1   16.7  313.4    9.5   16.7  329.1    9.5   16.7
  313.5    9.4]
1446.9324 	DATA 	Keypress: a
1451.7418 	EXP 	window1: recordFrameIntervals = False
1451.7424 	ERROR 	trialnum=234 ERROR,4 frames were longer than 20.8 ms apparently screen refreshes skipped, interframe durs were:[ 329.5  313.7  340.2  316.1] and was these frames: [  8  72 104 136]
1451.7430 	INFO 	flankers also=[  16.7  329.5   10.3   16.7  313.7    9.6   16.6  340.2    9.4   16.7
  316.1    9.6]
1452.2611 	DATA 	Keypress: u
1457.1706 	EXP 	window1: recordFrameIntervals = False
1457.1712 	ERROR 	trialnum=235 ERROR,4 frames were longer than 20.8 ms apparently screen refreshes skipped, interframe durs were:[ 331.8  317.2  333.3  317. ] and was these frames: [ 10  74 106 138]
1457.1720 	INFO 	flankers also=[  16.7  331.8    9.6   16.7  317.2    9.    16.5  333.3    9.1   16.7
  317.     9.2]
1458.6921 	DATA 	Keypress: v
1463.7019 	EXP 	window1: recordFrameIntervals = False
1463.7025 	ERROR 	trialnum=236 ERROR,4 frames were longer than 20.8 ms apparently screen refreshes skipped, interframe durs were:[ 333.4  317.2  333.3  326. ] and was these frames: [ 12  76 108 140]
1463.7031 	INFO 	flankers also=[  16.7  333.4    9.1   16.7  317.2    9.6   16.7  333.3    9.5   16.7
  326.     9.4]
1464.2211 	DATA 	Keypress: e
1469.2962 	EXP 	window1: recordFrameIntervals = False
1469.2968 	ERROR 	trialnum=237 ERROR,4 frames were longer than 20.8 ms apparently screen refreshes skipped, interframe durs were:[ 335.   318.5  335.8  336. ] and was these frames: [ 14  78 110 142]
1469.2974 	INFO 	flankers also=[  16.7  335.     9.4   16.8  318.5   10.1   16.7  335.8    9.2   16.7
  336.     9.4]
1471.7363 	DATA 	Keypress: a
1476.5807 	EXP 	window1: recordFrameIntervals = False
1476.5813 	ERROR 	trialnum=238 ERROR,4 frames were longer than 20.8 ms apparently screen refreshes skipped, interframe durs were:[ 342.6  319.1  336.3  319.4] and was these frames: [ 16  80 112 144]
1476.5819 	INFO 	flankers also=[  16.7  342.6    9.4   16.7  319.1    9.6   16.7  336.3    9.8   16.7
  319.4    9.5]
1477.3506 	DATA 	Keypress: k
1482.4940 	EXP 	window1: recordFrameIntervals = False
1482.4946 	ERROR 	trialnum=239 ERROR,4 frames were longer than 20.8 ms apparently screen refreshes skipped, interframe durs were:[ 338.   320.6  338.4  321.1] and was these frames: [ 18  82 114 146]
1482.4954 	INFO 	flankers also=[  16.6  338.     9.4   16.7  320.6   10.5   16.7  338.4    9.7   16.7
  321.1    9.3]
1482.7793 	DATA 	Keypress: o
1487.7735 	EXP 	window1: recordFrameIntervals = False
1487.7742 	ERROR 	trialnum=240 ERROR,4 frames were longer than 20.8 ms apparently screen refreshes skipped, interframe durs were:[ 337.8  321.5  338.7  332.8] and was these frames: [ 20  84 116 148]
1487.7749 	INFO 	flankers also=[  16.7  337.8    9.3   16.7  321.5    9.1   16.7  338.7    9.4   16.7
  332.8    9.9]
1488.3083 	DATA 	Keypress: p
1493.3310 	EXP 	window1: recordFrameIntervals = False
1493.3316 	ERROR 	trialnum=241 ERROR,4 frames were longer than 20.8 ms apparently screen refreshes skipped, interframe durs were:[ 339.6  323.8  340.4  328. ] and was these frames: [ 22  86 118 150]
1493.3322 	INFO 	flankers also=[  16.7  339.6    9.1   16.6  323.8    9.6   16.6  340.4    9.3   16.7
  328.     9.5]
1494.2049 	DATA 	Keypress: r
1499.4922 	EXP 	window1: recordFrameIntervals = False
1499.4927 	ERROR 	trialnum=242 ERROR,4 frames were longer than 20.8 ms apparently screen refreshes skipped, interframe durs were:[ 340.6  324.2  342.2  325.5] and was these frames: [ 24  88 120 152]
1499.4933 	INFO 	flankers also=[  16.7  340.6   10.4   16.7  324.2    9.3   16.7  342.2    9.7   16.7
  325.5    9.9]
1499.9010 	DATA 	Keypress: o
1505.0027 	DATA 	Keypress: p
1505.3366 	EXP 	window1: recordFrameIntervals = False
1505.3374 	ERROR 	trialnum=243 ERROR,6 frames were longer than 20.8 ms apparently screen refreshes skipped, interframe durs were:[ 343.8  324.9  342.5   23.8   42.4  327.2] and was these frames: [ 26  90 122 127 151 154]
1505.3381 	INFO 	flankers also=[  16.7  343.8   11.5   16.7  324.9    9.7   16.7  342.5    9.6    8.6
   23.8    9.8   16.9   42.4   16.    16.7  327.2]
1505.8292 	DATA 	Keypress: p
1510.7390 	EXP 	window1: recordFrameIntervals = False
1510.7395 	ERROR 	trialnum=244 ERROR,3 frames were longer than 20.8 ms apparently screen refreshes skipped, interframe durs were:[ 343.3  336.3  344.9] and was these frames: [ 28  92 124]
1510.7400 	INFO 	flankers also=[  16.8  343.3   10.3   16.7  336.3    9.6   16.7  344.9   10.2]
1511.4252 	DATA 	Keypress: w
1516.4473 	DATA 	Keypress: w
1516.6705 	EXP 	window1: recordFrameIntervals = False
1516.6711 	ERROR 	trialnum=245 ERROR,3 frames were longer than 20.8 ms apparently screen refreshes skipped, interframe durs were:[ 344.8  287.2  344.9] and was these frames: [ 30  94 126]
1516.6716 	INFO 	flankers also=[  16.6  344.8    9.5   16.7  287.2    9.2   16.6  344.9    9.2]
1517.0393 	DATA 	Keypress: w
1525.9062 	EXP 	window1: recordFrameIntervals = False
1525.9068 	ERROR 	trialnum=246 ERROR,3 frames were longer than 20.8 ms apparently screen refreshes skipped, interframe durs were:[  328.5  4592.2    42.5] and was these frames: [ 0 14 38]
1525.9072 	INFO 	flankers also=[  328.5     9.5    16.7  4592.2    10.     16.9    42.5    15.9]
1527.2104 	DATA 	Keypress: t
1532.1369 	EXP 	window1: recordFrameIntervals = False
1532.1375 	ERROR 	trialnum=247 ERROR,5 frames were longer than 20.8 ms apparently screen refreshes skipped, interframe durs were:[ 347.4  330.7  349.   150.8  331.8] and was these frames: [  2  66  98 110 130]
1532.1384 	INFO 	flankers also=[  16.6  347.4    9.6   16.7  330.7   10.2   16.6  349.     9.4   16.7
  150.8    8.9   16.7  331.8   10.3]
1532.8231 	DATA 	Keypress: w
1538.1686 	EXP 	window1: recordFrameIntervals = False
1538.1693 	ERROR 	trialnum=248 ERROR,4 frames were longer than 20.8 ms apparently screen refreshes skipped, interframe durs were:[ 348.7  332.1  349.4  333.5] and was these frames: [  4  68 100 132]
1538.1700 	INFO 	flankers also=[  16.7  348.7    9.4   16.7  332.1    9.7   16.7  349.4    9.5   16.7
  333.5    9.3]
1539.1723 	DATA 	Keypress: t
1544.2656 	EXP 	window1: recordFrameIntervals = False
1544.2662 	ERROR 	trialnum=249 ERROR,4 frames were longer than 20.8 ms apparently screen refreshes skipped, interframe durs were:[ 348.7  332.8  351.4  334.6] and was these frames: [  6  70 102 134]
1544.2669 	INFO 	flankers also=[  16.7  348.7    9.3   16.7  332.8    9.2   16.7  351.4    9.2   16.7
  334.6    9.4]
1545.6200 	DATA 	Keypress: o
1550.7134 	EXP 	window1: recordFrameIntervals = False
1550.7140 	ERROR 	trialnum=250 ERROR,4 frames were longer than 20.8 ms apparently screen refreshes skipped, interframe durs were:[ 351.6  333.9  368.7  334.9] and was these frames: [  8  72 104 136]
1550.7146 	INFO 	flankers also=[  16.7  351.6    9.2   16.7  333.9    9.5   17.   368.7    9.1   16.6
  334.9    9.3]
1552.1182 	DATA 	Keypress: v
1557.1110 	EXP 	window1: recordFrameIntervals = False
1557.1116 	ERROR 	trialnum=251 ERROR,4 frames were longer than 20.8 ms apparently screen refreshes skipped, interframe durs were:[ 352.6  335.   352.9  348.2] and was these frames: [ 10  74 106 138]
1557.1122 	INFO 	flankers also=[  16.8  352.6    9.5   16.7  335.     9.5   16.7  352.9    9.6   16.7
  348.2   12.5]
1560.5852 	DATA 	Keypress: r
1565.3613 	EXP 	window1: recordFrameIntervals = False
1565.3618 	ERROR 	trialnum=252 ERROR,3 frames were longer than 20.8 ms apparently screen refreshes skipped, interframe durs were:[ 354.5  338.3  362.7] and was these frames: [ 12  76 140]
1565.3623 	INFO 	flankers also=[  16.7  354.5   10.    17.   338.3    9.2   16.7  362.7    9.8]
1565.7135 	DATA 	Keypress: b
1570.9587 	EXP 	window1: recordFrameIntervals = False
1570.9593 	ERROR 	trialnum=253 ERROR,5 frames were longer than 20.8 ms apparently screen refreshes skipped, interframe durs were:[ 337.4   23.2  356.1  331.   357.6] and was these frames: [ 14  46  78 110 142]
1570.9601 	INFO 	flankers also=[  16.7  337.4    9.5   16.4   23.2   10.3   16.7  356.1    9.6   16.7
  331.     9.4   16.7  357.6    9.2]
1571.5783 	DATA 	Keypress: l
1576.7885 	EXP 	window1: recordFrameIntervals = False
1576.7891 	ERROR 	trialnum=254 ERROR,5 frames were longer than 20.8 ms apparently screen refreshes skipped, interframe durs were:[ 339.4   23.3  356.9  331.6  357.9] and was these frames: [ 16  48  80 112 144]
1576.7899 	INFO 	flankers also=[  16.8  339.4   10.    16.7   23.3   10.1   16.7  356.9    9.3   16.7
  331.6    9.8   16.7  357.9    9.4]
1577.2242 	DATA 	Keypress: v
1582.4678 	EXP 	window1: recordFrameIntervals = False
1582.4685 	ERROR 	trialnum=255 ERROR,5 frames were longer than 20.8 ms apparently screen refreshes skipped, interframe durs were:[ 340.    23.2  359.2  334.1  358.3] and was these frames: [ 18  50  82 114 146]
1582.4692 	INFO 	flankers also=[  16.7  340.     9.3   16.7   23.2   10.2   16.7  359.2   11.5   16.7
  334.1    9.2   16.6  358.3   11.6]
1582.9203 	DATA 	Keypress: t
1588.2431 	EXP 	window1: recordFrameIntervals = False
1588.2437 	ERROR 	trialnum=256 ERROR,5 frames were longer than 20.8 ms apparently screen refreshes skipped, interframe durs were:[ 340.5   23.5  360.1  334.9  360.7] and was these frames: [ 20  52  84 116 148]
1588.2444 	INFO 	flankers also=[  16.7  340.5    9.2   16.7   23.5    9.9   16.7  360.1   10.    16.7
  334.9    9.6   16.7  360.7    9.5]
1589.0006 	DATA 	Keypress: b
1594.2747 	EXP 	window1: recordFrameIntervals = False
1594.2753 	ERROR 	trialnum=257 ERROR,5 frames were longer than 20.8 ms apparently screen refreshes skipped, interframe durs were:[ 342.3   23.6  361.8  345.7  362. ] and was these frames: [ 22  54  86 118 150]
1594.2760 	INFO 	flankers also=[  16.7  342.3    9.8   16.7   23.6   10.2   16.7  361.8   10.    16.7
  345.7    9.4   16.7  362.     9.7]
1594.6632 	DATA 	Keypress: a
1599.6864 	EXP 	window1: recordFrameIntervals = False
1599.6870 	ERROR 	trialnum=258 ERROR,5 frames were longer than 20.8 ms apparently screen refreshes skipped, interframe durs were:[ 343.2   25.1  364.6  337.   362. ] and was these frames: [ 24  56  88 120 152]
1599.6877 	INFO 	flankers also=[  16.7  343.2   10.5   16.8   25.1   11.3   16.7  364.6    9.7   16.6
  337.     9.5   16.8  362.    10. ]
1600.0419 	DATA 	Keypress: h
1605.1301 	EXP 	window1: recordFrameIntervals = False
1605.1308 	ERROR 	trialnum=259 ERROR,5 frames were longer than 20.8 ms apparently screen refreshes skipped, interframe durs were:[ 346.    23.5  367.2  339.7  364. ] and was these frames: [ 26  58  90 122 154]
1605.1315 	INFO 	flankers also=[  16.8  346.     9.6   16.7   23.5   10.    16.7  367.2    9.8   16.7
  339.7    9.5   16.7  364. ]
1605.9201 	DATA 	Keypress: n
1610.6143 	EXP 	window1: recordFrameIntervals = False
1610.6150 	ERROR 	trialnum=260 ERROR,4 frames were longer than 20.8 ms apparently screen refreshes skipped, interframe durs were:[ 345.9   24.8  365.3  339.6] and was these frames: [ 28  60  92 124]
1610.6157 	INFO 	flankers also=[  16.7  345.9   10.    16.7   24.8    9.4   16.7  365.3   12.7   16.6
  339.6    9.7]
1611.0500 	DATA 	Keypress: x
1616.4940 	EXP 	window1: recordFrameIntervals = False
1616.4947 	ERROR 	trialnum=261 ERROR,4 frames were longer than 20.8 ms apparently screen refreshes skipped, interframe durs were:[ 347.5   23.9  365.7  340.7] and was these frames: [ 30  62  94 126]
1616.4955 	INFO 	flankers also=[  16.7  347.5    9.7   16.7   23.9    9.6   16.7  365.7    9.8   16.7
  340.7    9.6]
1617.0802 	DATA 	Keypress: k
1624.2598 	EXP 	window1: recordFrameIntervals = False
1624.2604 	ERROR 	trialnum=262 ERROR,6 frames were longer than 20.8 ms apparently screen refreshes skipped, interframe durs were:[  366.2  2452.3    26.1    42.2   368.6   350.1] and was these frames: [  0  48  53  77  96 128]
1624.2613 	INFO 	flankers also=[  366.2     9.7    16.7  2452.3     9.4     8.5    26.1     8.4    16.9
    42.2    16.2    16.7   368.6     9.5    16.7   350.1     9.7]
1624.7622 	DATA 	Keypress: a
1629.9726 	EXP 	window1: recordFrameIntervals = False
1629.9732 	ERROR 	trialnum=263 ERROR,5 frames were longer than 20.8 ms apparently screen refreshes skipped, interframe durs were:[ 367.5  350.4  368.   360.5  153.3] and was these frames: [  2  66  98 130 140]
1629.9739 	INFO 	flankers also=[  16.8  367.5    9.5   16.7  350.4    9.6   16.6  368.     9.5   16.7
  360.5   11.9   16.7  153.3    9. ]
1630.8259 	DATA 	Keypress: m
1636.1882 	EXP 	window1: recordFrameIntervals = False
1636.1888 	ERROR 	trialnum=264 ERROR,4 frames were longer than 20.8 ms apparently screen refreshes skipped, interframe durs were:[ 368.7  351.3  369.2  353.3] and was these frames: [  4  68 100 132]
1636.1895 	INFO 	flankers also=[  16.7  368.7    9.8   16.7  351.3    9.5   16.6  369.2   10.3   16.7
  353.3   11. ]
1637.4760 	DATA 	Keypress: s
1642.5691 	EXP 	window1: recordFrameIntervals = False
1642.5697 	ERROR 	trialnum=265 ERROR,4 frames were longer than 20.8 ms apparently screen refreshes skipped, interframe durs were:[ 370.2  352.9  372.4  353.9] and was these frames: [  6  70 102 134]
1642.5703 	INFO 	flankers also=[  16.6  370.2   10.    16.6  352.9    9.5   16.6  372.4    9.2   16.7
  353.9    9.5]
1643.0550 	DATA 	Keypress: x
1648.1154 	EXP 	window1: recordFrameIntervals = False
1648.1160 	ERROR 	trialnum=266 ERROR,4 frames were longer than 20.8 ms apparently screen refreshes skipped, interframe durs were:[ 371.7  353.7  371.6  353.8] and was these frames: [  8  72 104 136]
1648.1167 	INFO 	flankers also=[  16.6  371.7    9.6   16.7  353.7    9.8   16.7  371.6    9.5   16.7
  353.8    9.4]
1649.5527 	DATA 	Keypress: h
1654.5944 	EXP 	window1: recordFrameIntervals = False
1654.5951 	ERROR 	trialnum=267 ERROR,6 frames were longer than 20.8 ms apparently screen refreshes skipped, interframe durs were:[ 394.7   24.6   27.1  355.5  384.   356.2] and was these frames: [ 10  22  46  74 106 138]
1654.5960 	INFO 	flankers also=[  16.5  394.7    9.6   16.7   24.6   15.5   16.5   27.1   14.7   16.7
  355.5    9.5   16.7  384.    10.8   16.7  356.2    9.7]
1655.4656 	DATA 	Keypress: z
1660.7081 	EXP 	window1: recordFrameIntervals = False
1660.7088 	ERROR 	trialnum=268 ERROR,4 frames were longer than 20.8 ms apparently screen refreshes skipped, interframe durs were:[ 375.   355.7  376.   356.5] and was these frames: [ 12  76 108 140]
1660.7095 	INFO 	flankers also=[  16.8  375.    11.4   16.8  355.7   10.9   17.1  376.     9.7   16.6
  356.5    9.5]
1661.1622 	DATA 	Keypress: a
1666.4729 	EXP 	window1: recordFrameIntervals = False
1666.4735 	ERROR 	trialnum=269 ERROR,4 frames were longer than 20.8 ms apparently screen refreshes skipped, interframe durs were:[ 385.4  359.8  378.7  358.4] and was these frames: [ 14  78 110 142]
1666.4741 	INFO 	flankers also=[  16.7  385.4    9.5   16.7  359.8    9.9   16.7  378.7   12.6   16.7
  358.4   10. ]
1667.6434 	DATA 	Keypress: b
1672.9538 	EXP 	window1: recordFrameIntervals = False
1672.9544 	ERROR 	trialnum=270 ERROR,4 frames were longer than 20.8 ms apparently screen refreshes skipped, interframe durs were:[ 384.6  358.4  379.2  359.7] and was these frames: [ 16  80 112 144]
1672.9550 	INFO 	flankers also=[  16.7  384.6    9.5   16.7  358.4    9.6   16.7  379.2   10.    16.8
  359.7    9.9]
1673.5399 	DATA 	Keypress: a
1678.6315 	EXP 	window1: recordFrameIntervals = False
1678.6321 	ERROR 	trialnum=271 ERROR,5 frames were longer than 20.8 ms apparently screen refreshes skipped, interframe durs were:[  27.3  378.4  359.2  378.9  360.3] and was these frames: [  1  18  82 114 146]
1678.6328 	INFO 	flankers also=[  16.7   27.3   14.5   16.7  378.4   12.    16.7  359.2   11.1   16.6
  378.9   10.2   16.6  360.3   10.7]
1679.1675 	DATA 	Keypress: r
1684.2781 	EXP 	window1: recordFrameIntervals = False
1684.2788 	ERROR 	trialnum=272 ERROR,5 frames were longer than 20.8 ms apparently screen refreshes skipped, interframe durs were:[ 379.3  360.8  380.1   33.4  362.9] and was these frames: [ 20  84 116 140 148]
1684.2797 	INFO 	flankers also=[  16.7  379.3    9.8   16.7  360.8   10.1   16.7  380.1    9.8   16.8
   33.4   18.3   16.8  362.9   10. ]
1684.3976 	DATA 	Keypress: b
1689.8228 	EXP 	window1: recordFrameIntervals = False
1689.8236 	ERROR 	trialnum=273 ERROR,5 frames were longer than 20.8 ms apparently screen refreshes skipped, interframe durs were:[  35.1  396.9  364.   383.   363.6] and was these frames: [  1  22  86 118 150]
1689.8244 	INFO 	flankers also=[  16.9   35.1    9.4   16.8  396.9    9.7   16.7  364.     9.9   16.7
  383.    16.1   16.7  363.6    9.8]
1690.2273 	DATA 	Keypress: k
1695.5700 	EXP 	window1: recordFrameIntervals = False
1695.5706 	ERROR 	trialnum=274 ERROR,4 frames were longer than 20.8 ms apparently screen refreshes skipped, interframe durs were:[ 383.   364.3  382.8  363.9] and was these frames: [ 24  88 120 152]
1695.5713 	INFO 	flankers also=[  16.7  383.     9.7   16.   364.3    9.9   16.7  382.8    9.5   16.7
  363.9   10.2]
1696.0738 	DATA 	Keypress: h
1701.5651 	EXP 	window1: recordFrameIntervals = False
1701.5659 	ERROR 	trialnum=275 ERROR,6 frames were longer than 20.8 ms apparently screen refreshes skipped, interframe durs were:[ 400.6  366.1   21.6   27.4  385.   366.5] and was these frames: [ 26  90  95 120 122 154]
1701.5668 	INFO 	flankers also=[  16.7  400.6   10.    16.6  366.1    9.9    9.1   21.6    8.9   16.5
   27.4   14.4   14.4  385.     9.6   16.6  366.5]
1701.9353 	DATA 	Keypress: x
1706.7946 	EXP 	window1: recordFrameIntervals = False
1706.7954 	ERROR 	trialnum=276 ERROR,5 frames were longer than 20.8 ms apparently screen refreshes skipped, interframe durs were:[  41.5   23.1  386.7  367.   386.1] and was these frames: [ 12  27  28  92 124]
1706.7962 	INFO 	flankers also=[  16.8   41.5   10.3   16.7   23.1  386.7   23.1  386.7    9.6   16.7
  367.     9.8   16.8  386.1    9.5]
1707.4474 	DATA 	Keypress: w
1712.8932 	EXP 	window1: recordFrameIntervals = False
1712.8938 	ERROR 	trialnum=277 ERROR,3 frames were longer than 20.8 ms apparently screen refreshes skipped, interframe durs were:[ 385.8  367.8  387.9] and was these frames: [ 30  94 126]
1712.8943 	INFO 	flankers also=[  16.7  385.8    9.7   16.7  367.8    9.8   16.6  387.9   10. ]
1713.9971 	DATA 	Keypress: u
1718.6709 	DATA 	Keypress: u
1719.0403 	EXP 	window1: recordFrameIntervals = False
1719.0409 	ERROR 	trialnum=278 ERROR,5 frames were longer than 20.8 ms apparently screen refreshes skipped, interframe durs were:[ 368.1   27.2  391.1  361.   388.1] and was these frames: [  0  32  64  96 128]
1719.0416 	INFO 	flankers also=[ 368.1   11.8   16.7   27.2   12.7   16.7  391.1   10.3   16.8  361.    10.
   16.7  388.1   12.2]
1719.4594 	DATA 	Keypress: u
1724.8700 	EXP 	window1: recordFrameIntervals = False
1724.8706 	ERROR 	trialnum=279 ERROR,5 frames were longer than 20.8 ms apparently screen refreshes skipped, interframe durs were:[ 369.1   24.5  388.8  369.4  389.9] and was these frames: [  2  34  66  98 130]
1724.8716 	INFO 	flankers also=[  16.7  369.1    9.8   16.5   24.5    9.5   16.6  388.8    9.6   16.6
  369.4    9.4   16.7  389.9   10.4]
1725.2728 	DATA 	Keypress: j
1725.8196 	INFO 	Finishing at 11:44 on 02 Mar 2019
