10.6621 	INFO 	Successfully set darwin thread to realtime
11.6701 	INFO 	#[ PsychoPy3 RuntimeInfoStart ]
  #[[ PsychoPy ]] #---------
    psychopyVersion: 3.0.3
    psychopyHaveExtRush: True
  #[[ Experiment ]] #---------
    experimentRunTime: 2019_03_03 11:50 (Year_Month_Day Hour:Min)
    experimentRunTime.epoch: 1551631810
    experimentScript: RSVP_visual_now.py
    experimentScript.digestSHA1: f0f37d16e13c3669449f063bb8059a9de42a97d8
    experimentScript.directory: /Users/vsg/Documents/GitHub/spatio_temporal_information_processing/RSVP_visual_now
  #[[ System ]] #---------
    systemHaveInternetAccess: True
    systemHostName: VSG-lab1.local
    systemLocale: C
    systemMemFreeRAM: 1366.33984375
    systemMemTotalRAM: 4096.0
    systemPlatform: darwin 10.10.5 x86_64
    systemRavailable: R version 3.2.3 (2015-12-10) -- Wooden Christmas-Tree
    systemRebooted: Mar 1 11:12
    systemSec.OpenSSLVersion: OpenSSL 0.9.8zg 14 July 2015
    systemSec.pythonSSL: True
    systemTimeNumpySD1000000_sec: 0.0143
    systemUser: vsg
    systemUserID: 502
    systemUserProcCount: 84
    systemUserProcFlagged: mdworker Safari
    systemUsersCount: 1
  #[[ Window ]] #---------
    windowWinType: pyglet
    windowUnits: deg
    windowSize_pix: [1920 1200]
    windowScreen: 0
    windowRgb: [-0.7 -0.7 -0.7]
    windowRefreshTimeSD_ms: 0.079
    windowRefreshTimeMedian_ms: 16.707
    windowRefreshTimeAvg_ms: 16.704
    windowPos_pix: [0, 0]
    windowMonitor.name: testmonitor
    windowMonitor.getWidth_cm: 52.0
    windowMonitor.getDistance_cm: 65.0
    windowMonitor.currentCalibName: 2019_02_04 12:46
    windowIsFullScr: True
  #[[ Python ]] #---------
    pythonVersion: 2.7.13
  #[[ OpenGL ]] #---------
#[ PsychoPy3 RuntimeInfoEnd ]

11.6725 	WARNING 	Could not load the desired click sound file, instead using manually created inferior click
12.0751 	EXP 	Created sequence: random, trialTypes=280, nReps=14, seed=None
12.3285 	INFO 	total SOA (ISI + letterDur)=100.0 or 6 frames, comprising
ISIframes =3 or 50.0 ms and letterDurFrames =3 or 50.0ms
cueDurFrames =3.0 or 50.0 ms

12.3285 	INFO 	numtrials=280 and each trialDurFrames=156 or 2600.0 ms  task=T1
13.3940 	EXP 	Created text = TextStim(alignHoriz='center', alignVert='center', antialias=True, autoLog=True, bold=False, color=array([ 1.,  1.,  1.]), colorSpace='rgb', contrast=1.0, depth=-1.0, flipHoriz=False, flipVert=False, font='Arial', fontFiles=[], height=0.5, italic=False, languageStyle='LTR', name='text', opacity=1.0, ori=0, pos=array([ 0.,  0.]), rgb=array([ 1.,  1.,  1.]), text='', units='deg', win=Window(...), wrapWidth=30)
14.2558 	EXP 	text: text = "Welcome! Thank you for agreeing to participate in this study.\n\nYou will be presented with a Rapid Stream of letters. Your task is to identify one of the letters.\n\nThe letter you're supposed to identify is accompanied by a probe that can appear anywhere on the horizontal axis of the screen.\n\nThe probe is a circular disk that will be flashed for a very brief time.\n\nThis probe is embedded in another Rapid Stream of letters.\n\nYour task is identify the foveal letter that was present when the probe appeared.\n\nOnce you've identified the letter after the trial ends, type it out on the keyboard.\n\nOh! And one more thing! You will perform this task while fixating in the center, and detecting the probe with your peripheral vision.\n\nIf you're feeling uncomfortable, you can press ESC key any time to stop the experiment.\n\nPress any key when you are ready to begin the experiment.\n\n"
14.2558 	EXP 	text: autoDraw = True
14.8384 	DATA 	Keypress: space
14.8394 	EXP 	text: autoDraw = False
14.8395 	INFO 	Experiment will have 280 trials. Letters will be drawn with superposed noise of0.00%
14.8395 	INFO 	Starting main (non-staircase) part of experiment
18.2519 	EXP 	window1: recordFrameIntervals = False
19.0553 	DATA 	Keypress: s
22.9625 	EXP 	window1: recordFrameIntervals = False
23.6989 	DATA 	Keypress: s
27.7549 	EXP 	window1: recordFrameIntervals = False
28.5916 	DATA 	Keypress: v
32.7660 	EXP 	window1: recordFrameIntervals = False
33.7531 	DATA 	Keypress: f
37.7789 	EXP 	window1: recordFrameIntervals = False
38.4486 	DATA 	Keypress: v
42.2390 	EXP 	window1: recordFrameIntervals = False
43.1257 	DATA 	Keypress: w
47.3671 	EXP 	window1: recordFrameIntervals = False
48.2206 	DATA 	Keypress: y
52.2948 	EXP 	window1: recordFrameIntervals = False
53.1649 	DATA 	Keypress: s
57.3394 	EXP 	window1: recordFrameIntervals = False
58.1261 	DATA 	Keypress: y
62.0499 	EXP 	window1: recordFrameIntervals = False
62.9369 	DATA 	Keypress: k
67.1264 	EXP 	window1: recordFrameIntervals = False
67.9631 	DATA 	Keypress: j
72.0373 	EXP 	window1: recordFrameIntervals = False
73.1095 	DATA 	Keypress: w
76.8999 	EXP 	window1: recordFrameIntervals = False
77.8045 	DATA 	Keypress: p
81.8610 	EXP 	window1: recordFrameIntervals = False
82.6976 	DATA 	Keypress: s
86.9725 	EXP 	window1: recordFrameIntervals = False
87.7925 	DATA 	Keypress: b
91.9335 	EXP 	window1: recordFrameIntervals = False
92.8871 	DATA 	Keypress: n
96.8111 	EXP 	window1: recordFrameIntervals = False
97.7480 	DATA 	Keypress: p
101.7555 	EXP 	window1: recordFrameIntervals = False
102.6433 	DATA 	Keypress: v
106.7835 	EXP 	window1: recordFrameIntervals = False
107.7707 	DATA 	Keypress: y
112.0102 	EXP 	window1: recordFrameIntervals = False
112.9137 	DATA 	Keypress: c
117.0214 	EXP 	window1: recordFrameIntervals = False
117.9935 	DATA 	Keypress: b
122.1680 	EXP 	window1: recordFrameIntervals = False
123.0881 	DATA 	Keypress: d
127.1290 	EXP 	window1: recordFrameIntervals = False
128.0326 	DATA 	Keypress: m
132.0400 	EXP 	window1: recordFrameIntervals = False
132.9437 	DATA 	Keypress: c
136.9176 	EXP 	window1: recordFrameIntervals = False
137.8044 	DATA 	Keypress: d
141.7952 	EXP 	window1: recordFrameIntervals = False
142.6320 	DATA 	Keypress: z
146.8064 	EXP 	window1: recordFrameIntervals = False
147.6099 	DATA 	Keypress: s
151.5487 	EXP 	window1: recordFrameIntervals = False
152.4689 	DATA 	Keypress: p
156.7102 	EXP 	window1: recordFrameIntervals = False
157.5138 	DATA 	Keypress: s
161.3223 	EXP 	window1: recordFrameIntervals = False
162.2257 	DATA 	Keypress: p
166.0161 	EXP 	window1: recordFrameIntervals = False
166.3182 	DATA 	Keypress: s
170.1922 	EXP 	window1: recordFrameIntervals = False
170.8116 	DATA 	Keypress: u
174.7190 	EXP 	window1: recordFrameIntervals = False
175.6225 	DATA 	Keypress: f
179.4462 	EXP 	window1: recordFrameIntervals = False
180.2996 	DATA 	Keypress: b
184.3739 	EXP 	window1: recordFrameIntervals = False
185.1606 	DATA 	Keypress: w
189.2181 	EXP 	window1: recordFrameIntervals = False
190.0548 	DATA 	Keypress: v
194.1609 	EXP 	window1: recordFrameIntervals = False
194.9975 	DATA 	Keypress: w
198.9883 	EXP 	window1: recordFrameIntervals = False
199.7081 	DATA 	Keypress: e
203.8342 	EXP 	window1: recordFrameIntervals = False
204.6875 	DATA 	Keypress: u
208.6115 	EXP 	window1: recordFrameIntervals = False
209.3145 	DATA 	Keypress: e
213.2553 	EXP 	window1: recordFrameIntervals = False
214.0585 	DATA 	Keypress: u
217.8655 	EXP 	window1: recordFrameIntervals = False
218.5520 	DATA 	Keypress: j
222.3923 	EXP 	window1: recordFrameIntervals = False
223.2303 	DATA 	Keypress: c
227.3537 	EXP 	window1: recordFrameIntervals = False
227.9562 	DATA 	Keypress: a
232.0974 	EXP 	window1: recordFrameIntervals = False
232.8841 	DATA 	Keypress: a
236.7228 	EXP 	window1: recordFrameIntervals = False
237.6932 	DATA 	Keypress: m
241.8008 	EXP 	window1: recordFrameIntervals = False
242.6225 	DATA 	Keypress: a
246.7302 	EXP 	window1: recordFrameIntervals = False
247.5836 	DATA 	Keypress: w
251.5076 	EXP 	window1: recordFrameIntervals = False
252.3108 	DATA 	Keypress: u
256.5355 	EXP 	window1: recordFrameIntervals = False
257.4725 	DATA 	Keypress: m
261.5636 	EXP 	window1: recordFrameIntervals = False
262.3334 	DATA 	Keypress: s
266.2743 	EXP 	window1: recordFrameIntervals = False
266.9771 	DATA 	Keypress: c
270.8843 	EXP 	window1: recordFrameIntervals = False
271.7543 	DATA 	Keypress: a
275.8271 	EXP 	window1: recordFrameIntervals = False
276.7472 	DATA 	Keypress: e
280.6044 	EXP 	window1: recordFrameIntervals = False
281.4580 	DATA 	Keypress: y
285.3834 	EXP 	window1: recordFrameIntervals = False
286.1879 	DATA 	Keypress: s
290.2944 	EXP 	window1: recordFrameIntervals = False
290.6634 	DATA 	Keypress: e
294.6375 	EXP 	window1: recordFrameIntervals = False
295.3906 	DATA 	Keypress: e
299.4148 	EXP 	window1: recordFrameIntervals = False
300.1513 	DATA 	Keypress: a
304.2256 	EXP 	window1: recordFrameIntervals = False
305.1293 	DATA 	Keypress: m
308.9697 	EXP 	window1: recordFrameIntervals = False
309.8565 	DATA 	Keypress: s
313.8639 	EXP 	window1: recordFrameIntervals = False
314.6505 	DATA 	Keypress: s
318.4726 	EXP 	window1: recordFrameIntervals = False
319.9106 	DATA 	Keypress: r
323.7678 	EXP 	window1: recordFrameIntervals = False
324.0365 	DATA 	Keypress: f
327.9789 	EXP 	window1: recordFrameIntervals = False
328.8489 	DATA 	Keypress: w
333.0736 	EXP 	window1: recordFrameIntervals = False
333.0740 	ERROR 	trialnum=65 ERROR,1 frames were longer than 20.8 ms apparently screen refreshes skipped, interframe durs were:[ 139.8] and was these frames: [23]
333.0744 	INFO 	flankers also=[  16.7  139.8    2.5]
333.8268 	DATA 	Keypress: s
337.9178 	EXP 	window1: recordFrameIntervals = False
338.7055 	DATA 	Keypress: a
342.9623 	EXP 	window1: recordFrameIntervals = False
343.7825 	DATA 	Keypress: x
347.8734 	EXP 	window1: recordFrameIntervals = False
348.7936 	DATA 	Keypress: r
352.7677 	EXP 	window1: recordFrameIntervals = False
353.7715 	DATA 	Keypress: v
354.9206 	DATA 	Keypress: space
359.0134 	EXP 	window1: recordFrameIntervals = False
359.9837 	DATA 	Keypress: s
363.8408 	EXP 	window1: recordFrameIntervals = False
364.6124 	DATA 	Keypress: x
368.6699 	EXP 	window1: recordFrameIntervals = False
369.5901 	DATA 	Keypress: l
373.5642 	EXP 	window1: recordFrameIntervals = False
373.9844 	DATA 	Keypress: n
378.0576 	EXP 	window1: recordFrameIntervals = False
378.5603 	DATA 	Keypress: w
382.4341 	EXP 	window1: recordFrameIntervals = False
382.9200 	DATA 	Keypress: a
386.8440 	EXP 	window1: recordFrameIntervals = False
387.6139 	DATA 	Keypress: c
391.6882 	EXP 	window1: recordFrameIntervals = False
391.9570 	DATA 	Keypress: s
395.9293 	EXP 	window1: recordFrameIntervals = False
395.9297 	ERROR 	trialnum=78 ERROR,1 frames were longer than 20.8 ms apparently screen refreshes skipped, interframe durs were:[ 25.7] and was these frames: [6]
395.9300 	INFO 	flankers also=[ 16.5  25.7  16.2]
396.2983 	DATA 	Keypress: w
400.4395 	EXP 	window1: recordFrameIntervals = False
401.4264 	DATA 	Keypress: u
405.3020 	EXP 	window1: recordFrameIntervals = False
405.6876 	DATA 	Keypress: a
409.6450 	EXP 	window1: recordFrameIntervals = False
409.9973 	DATA 	Keypress: m
413.9213 	EXP 	window1: recordFrameIntervals = False
414.8749 	DATA 	Keypress: g
418.7487 	EXP 	window1: recordFrameIntervals = False
419.5520 	DATA 	Keypress: d
423.6096 	EXP 	window1: recordFrameIntervals = False
423.9953 	DATA 	Keypress: w
428.2199 	EXP 	window1: recordFrameIntervals = False
428.6559 	DATA 	Keypress: s
432.8637 	EXP 	window1: recordFrameIntervals = False
433.2327 	DATA 	Keypress: p
437.2720 	EXP 	window1: recordFrameIntervals = False
437.6742 	DATA 	Keypress: e
441.5983 	EXP 	window1: recordFrameIntervals = False
442.4015 	DATA 	Keypress: n
446.2436 	EXP 	window1: recordFrameIntervals = False
447.2640 	DATA 	Keypress: a
451.3384 	EXP 	window1: recordFrameIntervals = False
451.8911 	DATA 	Keypress: a
455.9152 	EXP 	window1: recordFrameIntervals = False
456.3845 	DATA 	Keypress: m
460.4254 	EXP 	window1: recordFrameIntervals = False
460.9781 	DATA 	Keypress: b
464.9355 	EXP 	window1: recordFrameIntervals = False
465.7221 	DATA 	Keypress: a
469.8965 	EXP 	window1: recordFrameIntervals = False
470.9170 	DATA 	Keypress: e
474.8577 	EXP 	window1: recordFrameIntervals = False
475.7613 	DATA 	Keypress: b
479.7505 	EXP 	window1: recordFrameIntervals = False
480.8210 	DATA 	Keypress: n
484.7950 	EXP 	window1: recordFrameIntervals = False
485.3320 	DATA 	Keypress: g
489.3568 	EXP 	window1: recordFrameIntervals = False
490.1602 	DATA 	Keypress: y
494.1509 	EXP 	window1: recordFrameIntervals = False
494.9207 	DATA 	Keypress: w
499.0786 	EXP 	window1: recordFrameIntervals = False
499.8652 	DATA 	Keypress: b
503.7056 	EXP 	window1: recordFrameIntervals = False
504.5090 	DATA 	Keypress: e
508.5665 	EXP 	window1: recordFrameIntervals = False
509.3198 	DATA 	Keypress: m
513.5276 	EXP 	window1: recordFrameIntervals = False
514.0468 	DATA 	Keypress: p
518.1380 	EXP 	window1: recordFrameIntervals = False
519.0414 	DATA 	Keypress: w
522.9637 	EXP 	window1: recordFrameIntervals = False
523.7001 	DATA 	Keypress: a
527.7745 	EXP 	window1: recordFrameIntervals = False
528.1769 	DATA 	Keypress: m
532.1693 	EXP 	window1: recordFrameIntervals = False
532.9059 	DATA 	Keypress: s
536.9969 	EXP 	window1: recordFrameIntervals = False
537.8337 	DATA 	Keypress: c
541.9580 	EXP 	window1: recordFrameIntervals = False
542.5451 	DATA 	Keypress: a
546.5515 	EXP 	window1: recordFrameIntervals = False
547.2714 	DATA 	Keypress: c
551.4960 	EXP 	window1: recordFrameIntervals = False
552.2658 	DATA 	Keypress: f
556.2065 	EXP 	window1: recordFrameIntervals = False
557.0432 	DATA 	Keypress: n
561.1175 	EXP 	window1: recordFrameIntervals = False
561.9543 	DATA 	Keypress: j
565.8598 	EXP 	window1: recordFrameIntervals = False
565.8602 	ERROR 	trialnum=114 ERROR,2 frames were longer than 20.8 ms apparently screen refreshes skipped, interframe durs were:[  25.8  150.9] and was these frames: [ 8 23]
565.8606 	INFO 	flankers also=[  16.5   25.8   16.1   16.6  150.9    2.6]
566.5462 	DATA 	Keypress: j
570.7039 	EXP 	window1: recordFrameIntervals = False
572.5446 	DATA 	Keypress: p
576.7525 	EXP 	window1: recordFrameIntervals = False
577.6393 	DATA 	Keypress: k
581.8640 	EXP 	window1: recordFrameIntervals = False
583.0013 	DATA 	Keypress: k
587.0255 	EXP 	window1: recordFrameIntervals = False
587.8455 	DATA 	Keypress: k
592.0367 	EXP 	window1: recordFrameIntervals = False
593.3412 	DATA 	Keypress: k
597.4154 	EXP 	window1: recordFrameIntervals = False
598.3189 	DATA 	Keypress: f
602.5604 	EXP 	window1: recordFrameIntervals = False
603.3468 	DATA 	Keypress: d
607.6032 	EXP 	window1: recordFrameIntervals = False
608.3908 	DATA 	Keypress: v
612.4642 	EXP 	window1: recordFrameIntervals = False
612.9667 	DATA 	Keypress: e
617.1429 	EXP 	window1: recordFrameIntervals = False
617.5121 	DATA 	Keypress: s
621.5528 	EXP 	window1: recordFrameIntervals = False
622.2892 	DATA 	Keypress: u
626.3469 	EXP 	window1: recordFrameIntervals = False
627.1670 	DATA 	Keypress: k
631.3916 	EXP 	window1: recordFrameIntervals = False
631.7605 	DATA 	Keypress: b
635.7846 	EXP 	window1: recordFrameIntervals = False
636.6381 	DATA 	Keypress: s
640.8459 	EXP 	window1: recordFrameIntervals = False
641.6827 	DATA 	Keypress: c
645.5231 	EXP 	window1: recordFrameIntervals = False
646.3264 	DATA 	Keypress: m
650.5844 	EXP 	window1: recordFrameIntervals = False
651.4047 	DATA 	Keypress: d
655.5941 	EXP 	window1: recordFrameIntervals = False
655.9463 	DATA 	Keypress: a
659.7367 	EXP 	window1: recordFrameIntervals = False
660.5901 	DATA 	Keypress: b
664.7998 	EXP 	window1: recordFrameIntervals = False
665.2187 	DATA 	Keypress: m
669.1093 	EXP 	window1: recordFrameIntervals = False
669.9126 	DATA 	Keypress: s
674.1372 	EXP 	window1: recordFrameIntervals = False
674.9081 	DATA 	Keypress: m
678.9647 	EXP 	window1: recordFrameIntervals = False
679.8683 	DATA 	Keypress: v
683.8589 	EXP 	window1: recordFrameIntervals = False
684.5786 	DATA 	Keypress: f
688.5862 	EXP 	window1: recordFrameIntervals = False
689.4062 	DATA 	Keypress: e
690.5149 	DATA 	Keypress: space
694.3975 	EXP 	window1: recordFrameIntervals = False
695.2011 	DATA 	Keypress: f
699.3586 	EXP 	window1: recordFrameIntervals = False
700.4642 	DATA 	Keypress: m
704.5553 	EXP 	window1: recordFrameIntervals = False
705.3921 	DATA 	Keypress: j
709.3661 	EXP 	window1: recordFrameIntervals = False
709.7351 	DATA 	Keypress: l
713.7927 	EXP 	window1: recordFrameIntervals = False
714.5624 	DATA 	Keypress: f
718.3529 	EXP 	window1: recordFrameIntervals = False
718.7886 	DATA 	Keypress: d
722.8128 	EXP 	window1: recordFrameIntervals = False
723.5494 	DATA 	Keypress: y
727.3564 	EXP 	window1: recordFrameIntervals = False
728.2265 	DATA 	Keypress: q
732.4161 	EXP 	window1: recordFrameIntervals = False
733.2695 	DATA 	Keypress: s
737.2101 	EXP 	window1: recordFrameIntervals = False
737.7462 	DATA 	Keypress: w
741.8053 	EXP 	window1: recordFrameIntervals = False
742.9262 	DATA 	Keypress: s
746.8333 	EXP 	window1: recordFrameIntervals = False
747.6365 	DATA 	Keypress: q
751.6106 	EXP 	window1: recordFrameIntervals = False
752.4475 	DATA 	Keypress: b
756.5550 	EXP 	window1: recordFrameIntervals = False
757.6424 	DATA 	Keypress: q
761.6999 	EXP 	window1: recordFrameIntervals = False
762.6702 	DATA 	Keypress: a
766.4940 	EXP 	window1: recordFrameIntervals = False
766.9131 	DATA 	Keypress: m
770.7702 	EXP 	window1: recordFrameIntervals = False
771.9746 	DATA 	Keypress: q
776.0470 	EXP 	window1: recordFrameIntervals = False
776.7678 	DATA 	Keypress: w
780.6239 	EXP 	window1: recordFrameIntervals = False
781.7630 	DATA 	Keypress: g
785.9208 	EXP 	window1: recordFrameIntervals = False
786.7742 	DATA 	Keypress: w
790.8151 	EXP 	window1: recordFrameIntervals = False
791.6518 	DATA 	Keypress: b
795.7596 	EXP 	window1: recordFrameIntervals = False
796.5296 	DATA 	Keypress: a
800.8041 	EXP 	window1: recordFrameIntervals = False
801.3735 	DATA 	Keypress: r
805.5814 	EXP 	window1: recordFrameIntervals = False
805.5819 	ERROR 	trialnum=163 ERROR,1 frames were longer than 20.8 ms apparently screen refreshes skipped, interframe durs were:[ 147.2] and was these frames: [71]
805.5822 	INFO 	flankers also=[  16.7  147.2    2.5]
806.5519 	DATA 	Keypress: p
810.5092 	EXP 	window1: recordFrameIntervals = False
811.4293 	DATA 	Keypress: r
815.4702 	EXP 	window1: recordFrameIntervals = False
816.0732 	DATA 	Keypress: s
819.9120 	EXP 	window1: recordFrameIntervals = False
820.9657 	DATA 	Keypress: g
824.9734 	EXP 	window1: recordFrameIntervals = False
825.9284 	DATA 	Keypress: p
829.7356 	EXP 	window1: recordFrameIntervals = False
830.1380 	DATA 	Keypress: c
834.0453 	EXP 	window1: recordFrameIntervals = False
835.0323 	DATA 	Keypress: n
838.8393 	EXP 	window1: recordFrameIntervals = False
839.6772 	DATA 	Keypress: s
843.7837 	EXP 	window1: recordFrameIntervals = False
844.7207 	DATA 	Keypress: s
848.6947 	EXP 	window1: recordFrameIntervals = False
849.4813 	DATA 	Keypress: c
853.4386 	EXP 	window1: recordFrameIntervals = False
854.2085 	DATA 	Keypress: a
858.2477 	EXP 	window1: recordFrameIntervals = False
858.9676 	DATA 	Keypress: f
863.2256 	EXP 	window1: recordFrameIntervals = False
864.4148 	DATA 	Keypress: g
868.5725 	EXP 	window1: recordFrameIntervals = False
869.3425 	DATA 	Keypress: c
873.5336 	EXP 	window1: recordFrameIntervals = False
874.2868 	DATA 	Keypress: c
878.3611 	EXP 	window1: recordFrameIntervals = False
878.8972 	DATA 	Keypress: y
882.8712 	EXP 	window1: recordFrameIntervals = False
883.3405 	DATA 	Keypress: s
887.5817 	EXP 	window1: recordFrameIntervals = False
888.3685 	DATA 	Keypress: c
892.3258 	EXP 	window1: recordFrameIntervals = False
892.6947 	DATA 	Keypress: a
896.8692 	EXP 	window1: recordFrameIntervals = False
897.6392 	DATA 	Keypress: x
901.4445 	EXP 	window1: recordFrameIntervals = False
901.7134 	DATA 	Keypress: q
905.6205 	EXP 	window1: recordFrameIntervals = False
906.4410 	DATA 	Keypress: p
910.7002 	EXP 	window1: recordFrameIntervals = False
911.4702 	DATA 	Keypress: y
915.5277 	EXP 	window1: recordFrameIntervals = False
915.9636 	DATA 	Keypress: q
919.9877 	EXP 	window1: recordFrameIntervals = False
920.3733 	DATA 	Keypress: w
924.4978 	EXP 	window1: recordFrameIntervals = False
925.2844 	DATA 	Keypress: c
929.1749 	EXP 	window1: recordFrameIntervals = False
929.9616 	DATA 	Keypress: c
934.1194 	EXP 	window1: recordFrameIntervals = False
934.5552 	DATA 	Keypress: w
938.4290 	EXP 	window1: recordFrameIntervals = False
939.3825 	DATA 	Keypress: g
943.2213 	EXP 	window1: recordFrameIntervals = False
943.2217 	ERROR 	trialnum=192 ERROR,1 frames were longer than 20.8 ms apparently screen refreshes skipped, interframe durs were:[ 41.6] and was these frames: [1]
943.2221 	INFO 	flankers also=[ 16.8  41.6   2.6]
944.0748 	DATA 	Keypress: a
948.2995 	EXP 	window1: recordFrameIntervals = False
949.4536 	DATA 	Keypress: y
953.3791 	EXP 	window1: recordFrameIntervals = False
954.0989 	DATA 	Keypress: a
957.9727 	EXP 	window1: recordFrameIntervals = False
957.9731 	ERROR 	trialnum=195 ERROR,1 frames were longer than 20.8 ms apparently screen refreshes skipped, interframe durs were:[ 83.9] and was these frames: [65]
957.9735 	INFO 	flankers also=[ 16.7  83.9   2.5]
959.0600 	DATA 	Keypress: e
962.9172 	EXP 	window1: recordFrameIntervals = False
963.6870 	DATA 	Keypress: r
967.8448 	EXP 	window1: recordFrameIntervals = False
968.7818 	DATA 	Keypress: m
972.8227 	EXP 	window1: recordFrameIntervals = False
973.4256 	DATA 	Keypress: p
977.3494 	EXP 	window1: recordFrameIntervals = False
978.3031 	DATA 	Keypress: y
982.2270 	EXP 	window1: recordFrameIntervals = False
982.9969 	DATA 	Keypress: d
987.2700 	EXP 	window1: recordFrameIntervals = False
988.2237 	DATA 	Keypress: j
992.2847 	DATA 	Keypress: c
992.3982 	EXP 	window1: recordFrameIntervals = False
992.7839 	DATA 	Keypress: c
996.5759 	EXP 	window1: recordFrameIntervals = False
997.2958 	DATA 	Keypress: s
1001.1861 	EXP 	window1: recordFrameIntervals = False
1002.0563 	DATA 	Keypress: b
1006.0804 	EXP 	window1: recordFrameIntervals = False
1006.4830 	DATA 	Keypress: s
1010.5906 	EXP 	window1: recordFrameIntervals = False
1011.7113 	DATA 	Keypress: b
1015.9191 	EXP 	window1: recordFrameIntervals = False
1016.4051 	DATA 	Keypress: a
1020.5462 	EXP 	window1: recordFrameIntervals = False
1021.5166 	DATA 	Keypress: b
1025.7411 	EXP 	window1: recordFrameIntervals = False
1026.5617 	DATA 	Keypress: x
1027.6054 	DATA 	Keypress: space
1031.7362 	EXP 	window1: recordFrameIntervals = False
1032.1220 	DATA 	Keypress: a
1035.9123 	EXP 	window1: recordFrameIntervals = False
1036.3146 	DATA 	Keypress: w
1040.3739 	EXP 	window1: recordFrameIntervals = False
1040.7261 	DATA 	Keypress: d
1044.6836 	EXP 	window1: recordFrameIntervals = False
1045.4702 	DATA 	Keypress: v
1049.5611 	EXP 	window1: recordFrameIntervals = False
1050.2976 	DATA 	Keypress: y
1054.6060 	EXP 	window1: recordFrameIntervals = False
1054.6066 	ERROR 	trialnum=215 ERROR,1 frames were longer than 20.8 ms apparently screen refreshes skipped, interframe durs were:[ 145.4] and was these frames: [113]
1054.6069 	INFO 	flankers also=[  16.8  145.4    2.5]
1055.0918 	DATA 	Keypress: c
1059.1493 	EXP 	window1: recordFrameIntervals = False
1059.7523 	DATA 	Keypress: y
1063.9269 	EXP 	window1: recordFrameIntervals = False
1064.7972 	DATA 	Keypress: s
1068.6539 	EXP 	window1: recordFrameIntervals = False
1069.1066 	DATA 	Keypress: s
1073.0455 	EXP 	window1: recordFrameIntervals = False
1073.0458 	ERROR 	trialnum=219 ERROR,1 frames were longer than 20.8 ms apparently screen refreshes skipped, interframe durs were:[ 24.7] and was these frames: [1]
1073.0461 	INFO 	flankers also=[ 16.7  24.7  17. ]
1073.4311 	DATA 	Keypress: d
1077.3254 	DATA 	Keypress: w
1077.4052 	EXP 	window1: recordFrameIntervals = False
1077.8075 	DATA 	Keypress: w
1081.9670 	EXP 	window1: recordFrameIntervals = False
1082.6534 	DATA 	Keypress: a
1086.8447 	EXP 	window1: recordFrameIntervals = False
1087.6147 	DATA 	Keypress: y
1091.2628 	DATA 	Keypress: s
1091.5552 	EXP 	window1: recordFrameIntervals = False
1091.9077 	DATA 	Keypress: s
1095.7312 	EXP 	window1: recordFrameIntervals = False
1096.5846 	DATA 	Keypress: f
1100.5587 	EXP 	window1: recordFrameIntervals = False
1101.3287 	DATA 	Keypress: y
1105.2692 	EXP 	window1: recordFrameIntervals = False
1105.6882 	DATA 	Keypress: a
1109.9631 	EXP 	window1: recordFrameIntervals = False
1111.0837 	DATA 	Keypress: a
1114.9393 	EXP 	window1: recordFrameIntervals = False
1114.9398 	ERROR 	trialnum=228 ERROR,1 frames were longer than 20.8 ms apparently screen refreshes skipped, interframe durs were:[ 42.3] and was these frames: [6]
1114.9402 	INFO 	flankers also=[ 16.9  42.3   2.2]
1115.3249 	DATA 	Keypress: a
1119.2656 	EXP 	window1: recordFrameIntervals = False
1119.9017 	DATA 	Keypress: e
1124.0446 	EXP 	window1: recordFrameIntervals = False
1124.4304 	DATA 	Keypress: s
1128.6716 	EXP 	window1: recordFrameIntervals = False
1129.4583 	DATA 	Keypress: a
1133.3989 	EXP 	window1: recordFrameIntervals = False
1133.7679 	DATA 	Keypress: n
1137.5583 	EXP 	window1: recordFrameIntervals = False
1138.4118 	DATA 	Keypress: y
1142.4191 	EXP 	window1: recordFrameIntervals = False
1142.8047 	DATA 	Keypress: w
1146.9626 	EXP 	window1: recordFrameIntervals = False
1147.8996 	DATA 	Keypress: b
1152.0240 	EXP 	window1: recordFrameIntervals = False
1152.8106 	DATA 	Keypress: b
1156.6159 	EXP 	window1: recordFrameIntervals = False
1156.6163 	ERROR 	trialnum=237 ERROR,1 frames were longer than 20.8 ms apparently screen refreshes skipped, interframe durs were:[ 24.7] and was these frames: [8]
1156.6165 	INFO 	flankers also=[ 16.9  24.7  17. ]
1157.4861 	DATA 	Keypress: u
1161.4935 	EXP 	window1: recordFrameIntervals = False
1161.9795 	DATA 	Keypress: s
1165.8383 	EXP 	window1: recordFrameIntervals = False
1166.3409 	DATA 	Keypress: x
1170.1813 	EXP 	window1: recordFrameIntervals = False
1170.5504 	DATA 	Keypress: k
1174.7248 	EXP 	window1: recordFrameIntervals = False
1175.4613 	DATA 	Keypress: w
1179.3686 	EXP 	window1: recordFrameIntervals = False
1179.8722 	DATA 	Keypress: q
1183.7116 	EXP 	window1: recordFrameIntervals = False
1184.5650 	DATA 	Keypress: s
1188.7061 	EXP 	window1: recordFrameIntervals = False
1189.8434 	DATA 	Keypress: j
1193.7674 	EXP 	window1: recordFrameIntervals = False
1194.3201 	DATA 	Keypress: f
1198.3260 	EXP 	window1: recordFrameIntervals = False
1198.8285 	DATA 	Keypress: e
1203.0365 	EXP 	window1: recordFrameIntervals = False
1203.4055 	DATA 	Keypress: r
1207.6318 	EXP 	window1: recordFrameIntervals = False
1208.0676 	DATA 	Keypress: s
1211.9415 	EXP 	window1: recordFrameIntervals = False
1212.7615 	DATA 	Keypress: y
1216.6185 	EXP 	window1: recordFrameIntervals = False
1216.6546 	DATA 	Keypress: w
1217.1756 	DATA 	Keypress: w
1220.8280 	EXP 	window1: recordFrameIntervals = False
1221.5478 	DATA 	Keypress: d
1225.4717 	EXP 	window1: recordFrameIntervals = False
1226.2248 	DATA 	Keypress: a
1230.0654 	EXP 	window1: recordFrameIntervals = False
1230.7351 	DATA 	Keypress: c
1234.8762 	EXP 	window1: recordFrameIntervals = False
1235.9133 	DATA 	Keypress: y
1239.7354 	EXP 	window1: recordFrameIntervals = False
1239.7358 	ERROR 	trialnum=255 ERROR,1 frames were longer than 20.8 ms apparently screen refreshes skipped, interframe durs were:[ 24.8] and was these frames: [6]
1239.7362 	INFO 	flankers also=[ 16.5  24.8  17.1]
1240.0877 	DATA 	Keypress: b
1244.3289 	EXP 	window1: recordFrameIntervals = False
1245.3160 	DATA 	Keypress: p
1249.1581 	EXP 	window1: recordFrameIntervals = False
1249.5104 	DATA 	Keypress: v
1253.6850 	EXP 	window1: recordFrameIntervals = False
1254.2043 	DATA 	Keypress: d
1258.2785 	EXP 	window1: recordFrameIntervals = False
1258.6810 	DATA 	Keypress: w
1262.8722 	EXP 	window1: recordFrameIntervals = False
1263.7925 	DATA 	Keypress: k
1267.9001 	EXP 	window1: recordFrameIntervals = False
1268.2523 	DATA 	Keypress: w
1272.0761 	EXP 	window1: recordFrameIntervals = False
1272.8796 	DATA 	Keypress: c
1277.0874 	EXP 	window1: recordFrameIntervals = False
1277.4731 	DATA 	Keypress: e
1281.3619 	EXP 	window1: recordFrameIntervals = False
1281.9815 	DATA 	Keypress: b
1286.3397 	EXP 	window1: recordFrameIntervals = False
1287.2601 	DATA 	Keypress: c
1291.3694 	EXP 	window1: recordFrameIntervals = False
1291.7393 	DATA 	Keypress: w
1295.8627 	EXP 	window1: recordFrameIntervals = False
1296.3321 	DATA 	Keypress: a
1300.1891 	EXP 	window1: recordFrameIntervals = False
1301.0926 	DATA 	Keypress: b
1305.0667 	EXP 	window1: recordFrameIntervals = False
1305.5024 	DATA 	Keypress: e
1309.5267 	EXP 	window1: recordFrameIntervals = False
1310.2965 	DATA 	Keypress: d
1314.1203 	EXP 	window1: recordFrameIntervals = False
1314.9073 	DATA 	Keypress: p
1319.1148 	EXP 	window1: recordFrameIntervals = False
1319.7176 	DATA 	Keypress: p
1323.8421 	EXP 	window1: recordFrameIntervals = False
1324.6455 	DATA 	Keypress: b
1328.8850 	EXP 	window1: recordFrameIntervals = False
1329.1537 	DATA 	Keypress: m
1333.2281 	EXP 	window1: recordFrameIntervals = False
1333.6138 	DATA 	Keypress: s
1337.4893 	EXP 	window1: recordFrameIntervals = False
1337.8583 	DATA 	Keypress: w
1341.7155 	EXP 	window1: recordFrameIntervals = False
1342.6022 	DATA 	Keypress: r
1346.7601 	EXP 	window1: recordFrameIntervals = False
1347.5801 	DATA 	Keypress: t
1351.3704 	EXP 	window1: recordFrameIntervals = False
1351.9231 	DATA 	Keypress: q
1352.4408 	INFO 	Finishing at 12:12 on 03 Mar 2019
1355.3090 	EXP 	window1: mouseVisible = True
