11.2218 	INFO 	Successfully set darwin thread to realtime
12.2363 	INFO 	#[ PsychoPy3 RuntimeInfoStart ]
  #[[ PsychoPy ]] #---------
    psychopyVersion: 3.0.3
    psychopyHaveExtRush: True
  #[[ Experiment ]] #---------
    experimentRunTime: 2019_03_03 11:48 (Year_Month_Day Hour:Min)
    experimentRunTime.epoch: 1551631687
    experimentScript: RSVP_visual_now.py
    experimentScript.digestSHA1: e304f1e8a6179bba471defc0ce1929a9a0f061bf
    experimentScript.directory: /Users/vsg/Documents/GitHub/spatio_temporal_information_processing/RSVP_visual_now
  #[[ System ]] #---------
    systemHaveInternetAccess: True
    systemHostName: VSG-lab1.local
    systemLocale: C
    systemMemFreeRAM: 1511.0703125
    systemMemTotalRAM: 4096.0
    systemPlatform: darwin 10.10.5 x86_64
    systemRavailable: R version 3.2.3 (2015-12-10) -- Wooden Christmas-Tree
    systemRebooted: Mar 1 11:12
    systemSec.OpenSSLVersion: OpenSSL 0.9.8zg 14 July 2015
    systemSec.pythonSSL: True
    systemTimeNumpySD1000000_sec: 0.0149
    systemUser: vsg
    systemUserID: 502
    systemUserProcCount: 85
    systemUserProcFlagged: mdworker Safari
    systemUsersCount: 1
  #[[ Window ]] #---------
    windowWinType: pyglet
    windowUnits: deg
    windowSize_pix: [1920 1200]
    windowScreen: 0
    windowRgb: [-0.7 -0.7 -0.7]
    windowRefreshTimeSD_ms: 0.579
    windowRefreshTimeMedian_ms: 16.702
    windowRefreshTimeAvg_ms: 16.728
    windowPos_pix: [0, 0]
    windowMonitor.name: testmonitor
    windowMonitor.getWidth_cm: 52.0
    windowMonitor.getDistance_cm: 65.0
    windowMonitor.currentCalibName: 2019_02_04 12:46
    windowIsFullScr: True
  #[[ Python ]] #---------
    pythonVersion: 2.7.13
  #[[ OpenGL ]] #---------
#[ PsychoPy3 RuntimeInfoEnd ]

12.2386 	WARNING 	Could not load the desired click sound file, instead using manually created inferior click
12.6964 	EXP 	Created sequence: random, trialTypes=280, nReps=14, seed=None
12.9530 	INFO 	total SOA (ISI + letterDur)=100.0 or 6 frames, comprising
ISIframes =3 or 50.0 ms and letterDurFrames =3 or 50.0ms
cueDurFrames =3.0 or 50.0 ms

12.9530 	INFO 	numtrials=280 and each trialDurFrames=156 or 2600.0 ms  task=T1
14.0813 	EXP 	Created text = TextStim(alignHoriz='center', alignVert='center', antialias=True, autoLog=True, bold=False, color=array([ 1.,  1.,  1.]), colorSpace='rgb', contrast=1.0, depth=-1.0, flipHoriz=False, flipVert=False, font='Arial', fontFiles=[], height=0.5, italic=False, languageStyle='LTR', name='text', opacity=1.0, ori=0, pos=array([ 0.,  0.]), rgb=array([ 1.,  1.,  1.]), text='', units='deg', win=Window(...), wrapWidth=30)
14.9706 	EXP 	text: text = "Welcome! Thank you for agreeing to participate in this study.\n\nYou will be presented with a Rapid Stream of letters. Your task is to identify one of the letters.\n\nThe letter you're supposed to identify is accompanied by a probe that can appear anywhere on the horizontal axis of the screen.\n\nThe probe is a circular disk that will be flashed for a very brief time.\n\nThis probe is embedded in another Rapid Stream of letters.\n\nYour task is identify the foveal letter that was present when the probe appeared.\n\nOnce you've identified the letter after the trial ends, type it out on the keyboard.\n\nOh! And one more thing! You will perform this task while fixating in the center, and detecting the probe with your peripheral vision.\n\nIf you're feeling uncomfortable, you can press ESC key any time to stop the experiment.\n\nPress any key when you are ready to begin the experiment.\n\n"
14.9706 	EXP 	text: autoDraw = True
15.9530 	DATA 	Keypress: space
15.9543 	EXP 	text: autoDraw = False
15.9543 	INFO 	Experiment will have 280 trials. Letters will be drawn with superposed noise of0.00%
15.9544 	INFO 	Starting main (non-staircase) part of experiment
19.5847 	EXP 	window1: recordFrameIntervals = False
20.6054 	DATA 	Keypress: s
21.8729 	DATA 	Keypress: escape
22.1584 	DATA 	Keypress: escape
22.3921 	DATA 	Keypress: escape
22.8766 	DATA 	Keypress: escape
23.0939 	DATA 	Keypress: escape
23.3457 	DATA 	Keypress: escape
23.5949 	DATA 	Keypress: escape
23.8286 	DATA 	Keypress: escape
24.0961 	DATA 	Keypress: escape
24.3469 	DATA 	Keypress: escape
24.5274 	EXP 	window1: recordFrameIntervals = False
24.6119 	DATA 	Keypress: escape
24.6278 	INFO 	Finishing at 11:48 on 03 Mar 2019
24.6278 	ERROR 	user aborted experiment on keypress with trials done=1 of 281
25.0107 	EXP 	window1: mouseVisible = True
